GraphGymModule(
  (model): DilatedGNNModel(
    (encoder): FeatureEncoder(
      (node_encoder): AtomEncoder(
        (atom_embedding_list): ModuleList(
          (0): Embedding(119, 300)
          (1): Embedding(4, 300)
          (2): Embedding(12, 300)
          (3): Embedding(12, 300)
          (4): Embedding(10, 300)
          (5): Embedding(6, 300)
          (6): Embedding(6, 300)
          (7): Embedding(2, 300)
          (8): Embedding(2, 300)
        )
      )
      (edge_encoder): BondEncoder(
        (bond_embedding_list): ModuleList(
          (0): Embedding(5, 300)
          (1): Embedding(6, 300)
          (2): Embedding(2, 300)
        )
      )
    )
    (mp): GNNDilatedEdgesFeatureStage(
      (classic_layers): ModuleList(
        (0): GeneralLayer(
          (layer): EGATConv(
            (model): GATConv(300, 300, heads=1)
          )
          (post_layer): Sequential(
            (0): BatchNorm1d(300, eps=1e-05, momentum=0.1, affine=True, track_running_stats=True)
            (1): Dropout(p=0.5, inplace=False)
            (2): ReLU()
          )
        )
      )
      (dilated_layers): ModuleList(
        (0): DilatedGeneralLayer(
          (layer): EGATConv(
            (model): GATConv(300, 300, heads=1)
          )
          (post_layer): Sequential(
            (0): BatchNorm1d(300, eps=1e-05, momentum=0.1, affine=True, track_running_stats=True)
            (1): Dropout(p=0.5, inplace=False)
            (2): ReLU()
          )
          (gem): GeM(p=3.0000, eps=1e-06)
        )
        (1): DilatedGeneralLayer(
          (layer): EGATConv(
            (model): GATConv(300, 300, heads=1)
          )
          (post_layer): Sequential(
            (0): BatchNorm1d(300, eps=1e-05, momentum=0.1, affine=True, track_running_stats=True)
            (1): Dropout(p=0.5, inplace=False)
            (2): ReLU()
          )
          (gem): GeM(p=3.0000, eps=1e-06)
        )
        (2): DilatedGeneralLayer(
          (layer): EGATConv(
            (model): GATConv(300, 300, heads=1)
          )
          (post_layer): Sequential(
            (0): BatchNorm1d(300, eps=1e-05, momentum=0.1, affine=True, track_running_stats=True)
            (1): Dropout(p=0.5, inplace=False)
            (2): ReLU()
          )
          (gem): GeM(p=3.0000, eps=1e-06)
        )
      )
      (act): ReLU()
    )
    (post_mp): GNNGraphHead(
      (layer_post_mp): MLP(
        (model): Sequential(
          (0): Linear(
            (model): Linear(600, 1, bias=True)
          )
        )
      )
    )
  )
)
accelerator: cuda
benchmark: False
bn:
  eps: 1e-05
  mom: 0.1
cfg_dest: config.yaml
custom_metrics: []
dataset:
  cache_load: False
  cache_save: False
  dir: ./datasets
  edge_dim: 300
  edge_encoder: True
  edge_encoder_bn: False
  edge_encoder_name: Bond
  edge_message_ratio: 0.8
  edge_negative_sampling_ratio: 1.0
  edge_train_mode: all
  encoder: True
  encoder_bn: True
  encoder_dim: 128
  encoder_name: db
  fast_loader: False
  format: OGB
  label_column: none
  label_table: none
  location: local
  name: ogbg-molhiv
  node_encoder: True
  node_encoder_bn: False
  node_encoder_name: Atom
  remove_feature: False
  resample_disjoint: False
  resample_negative: False
  shuffle_split: True
  split: [0.8, 0.1, 0.1]
  split_mode: random
  task: graph
  task_type: classification
  to_undirected: False
  transductive: False
  transform: none
  tu_simple: True
devices: 1
gnn:
  act: relu
  act_on_last_layer_mp: True
  agg: none
  att_final_linear: False
  att_final_linear_bn: False
  att_heads: 1
  batchnorm: True
  clear_feature: True
  dim_inner: 300
  dropout: 0.5
  head: graph
  keep_edge: 0.5
  l2norm: True
  layer_type: egatconv
  layers_k1: 1
  layers_k2: 3
  layers_mp: 5
  layers_post_mp: 1
  layers_pre_mp: 0
  msg_direction: single
  normalize_adj: False
  self_msg: concat
  skip_every: 1
  stage_type: dilated_stage
  use_edge_features: True
gpu_mem: False
mem:
  inplace: False
metric_agg: argmax
metric_best: auc
model:
  edge_decoding: dot
  graph_pooling: mean
  loss_fun: cross_entropy
  match_upper: True
  size_average: mean
  thresh: 0.5
  type: dilated_gnn
num_threads: 6
num_workers: 16
optim:
  base_lr: 0.001
  lr_decay: 0.1
  max_epoch: 100
  momentum: 0.9
  optimizer: adam
  scheduler: none
  steps: [30, 60, 90]
  weight_decay: 0.0
out_dir: results_experiments/ogbg_molhiv_baseline_grid_comparison/ogbg_molhiv_baseline-type=dilated_gnn-stage_type=dilated_stage-layer_type=egatconv-layers_k1=1-layers_k2=3-act_on_last_layer_mp=True
params: 782407
print: both
round: 4
run_dir: results_experiments/ogbg_molhiv_baseline_grid_comparison/ogbg_molhiv_baseline-type=dilated_gnn-stage_type=dilated_stage-layer_type=egatconv-layers_k1=1-layers_k2=3-act_on_last_layer_mp=True/7
seed: 8
share:
  dim_in: 9
  dim_out: 2
  num_splits: 3
tensorboard_agg: True
tensorboard_each_run: False
train:
  auto_resume: False
  batch_size: 32
  ckpt_clean: True
  ckpt_period: 100
  enable_ckpt: True
  epoch_resume: -1
  eval_period: 1
  iter_per_epoch: 32
  neighbor_sizes: [20, 15, 10, 5]
  node_per_graph: 32
  radius: extend
  sample_node: False
  sampler: full_batch
  skip_train_eval: False
  walk_length: 4
val:
  node_per_graph: 32
  radius: extend
  sample_node: False
  sampler: full_batch
view_emb: False
Num parameters: 782407
val: {'epoch': 0, 'loss': 0.6897, 'lr': 0.001, 'params': 782407, 'time_iter': 0.8393, 'accuracy': 0.9062, 'precision': 0.1429, 'recall': 1.0, 'f1': 0.25, 'auc': 0.9683}
val: {'epoch': 0, 'loss': 0.0972, 'lr': 0.001, 'params': 782407, 'time_iter': 2.4111, 'accuracy': 0.9803, 'precision': 0.0, 'recall': 0.0, 'f1': 0.0, 'auc': 0.6366}
train: {'epoch': 0, 'eta': 1663912.2791, 'loss': 0.1869, 'lr': 0.001, 'params': 782407, 'time_iter': 16.3335, 'accuracy': 0.9612, 'precision': 0.0208, 'recall': 0.0008, 'f1': 0.0016, 'auc': 0.5804}
val: {'epoch': 1, 'loss': 0.0957, 'lr': 0.001, 'params': 782407, 'time_iter': 2.6689, 'accuracy': 0.9803, 'precision': 0.0, 'recall': 0.0, 'f1': 0.0, 'auc': 0.6865}
train: {'epoch': 1, 'eta': 1610964.6219, 'loss': 0.152, 'lr': 0.001, 'params': 782407, 'time_iter': 15.6167, 'accuracy': 0.9626, 'precision': 0.0, 'recall': 0.0, 'f1': 0.0, 'auc': 0.6734}
val: {'epoch': 2, 'loss': 0.1009, 'lr': 0.001, 'params': 782407, 'time_iter': 2.4807, 'accuracy': 0.9803, 'precision': 0.0, 'recall': 0.0, 'f1': 0.0, 'auc': 0.5866}
train: {'epoch': 2, 'eta': 1584744.6983, 'loss': 0.1512, 'lr': 0.001, 'params': 782407, 'time_iter': 15.6811, 'accuracy': 0.9626, 'precision': 0.0, 'recall': 0.0, 'f1': 0.0, 'auc': 0.6705}
val: {'epoch': 3, 'loss': 0.1001, 'lr': 0.001, 'params': 782407, 'time_iter': 2.508, 'accuracy': 0.9803, 'precision': 0.0, 'recall': 0.0, 'f1': 0.0, 'auc': 0.5698}
train: {'epoch': 3, 'eta': 1561043.7581, 'loss': 0.1487, 'lr': 0.001, 'params': 782407, 'time_iter': 15.579, 'accuracy': 0.9626, 'precision': 0.0, 'recall': 0.0, 'f1': 0.0, 'auc': 0.677}
val: {'epoch': 4, 'loss': 0.0957, 'lr': 0.001, 'params': 782407, 'time_iter': 2.7602, 'accuracy': 0.9803, 'precision': 0.0, 'recall': 0.0, 'f1': 0.0, 'auc': 0.6513}
train: {'epoch': 4, 'eta': 1541813.2908, 'loss': 0.1472, 'lr': 0.001, 'params': 782407, 'time_iter': 15.6507, 'accuracy': 0.9626, 'precision': 0.0, 'recall': 0.0, 'f1': 0.0, 'auc': 0.6924}
val: {'epoch': 5, 'loss': 0.0955, 'lr': 0.001, 'params': 782407, 'time_iter': 2.578, 'accuracy': 0.9803, 'precision': 0.0, 'recall': 0.0, 'f1': 0.0, 'auc': 0.6445}
train: {'epoch': 5, 'eta': 1523360.2198, 'loss': 0.1458, 'lr': 0.001, 'params': 782407, 'time_iter': 15.6343, 'accuracy': 0.9626, 'precision': 0.0, 'recall': 0.0, 'f1': 0.0, 'auc': 0.6976}
val: {'epoch': 6, 'loss': 0.0964, 'lr': 0.001, 'params': 782407, 'time_iter': 2.5645, 'accuracy': 0.9803, 'precision': 0.0, 'recall': 0.0, 'f1': 0.0, 'auc': 0.639}
train: {'epoch': 6, 'eta': 1508423.5582, 'loss': 0.1456, 'lr': 0.001, 'params': 782407, 'time_iter': 15.8421, 'accuracy': 0.9626, 'precision': 0.0, 'recall': 0.0, 'f1': 0.0, 'auc': 0.7029}
val: {'epoch': 7, 'loss': 0.0918, 'lr': 0.001, 'params': 782407, 'time_iter': 2.5044, 'accuracy': 0.9805, 'precision': 1.0, 'recall': 0.0123, 'f1': 0.0244, 'auc': 0.7018}
train: {'epoch': 7, 'eta': 1494727.3913, 'loss': 0.143, 'lr': 0.001, 'params': 782407, 'time_iter': 15.9757, 'accuracy': 0.9626, 'precision': 0.0, 'recall': 0.0, 'f1': 0.0, 'auc': 0.7221}
val: {'epoch': 8, 'loss': 0.0954, 'lr': 0.001, 'params': 782407, 'time_iter': 2.7243, 'accuracy': 0.9818, 'precision': 1.0, 'recall': 0.0741, 'f1': 0.1379, 'auc': 0.6739}
train: {'epoch': 8, 'eta': 1479584.8945, 'loss': 0.142, 'lr': 0.001, 'params': 782407, 'time_iter': 15.8953, 'accuracy': 0.9628, 'precision': 1.0, 'recall': 0.0065, 'f1': 0.0129, 'auc': 0.7164}
val: {'epoch': 9, 'loss': 0.0926, 'lr': 0.001, 'params': 782407, 'time_iter': 2.604, 'accuracy': 0.981, 'precision': 0.6154, 'recall': 0.0988, 'f1': 0.1702, 'auc': 0.6883}
train: {'epoch': 9, 'eta': 1464184.3923, 'loss': 0.1409, 'lr': 0.001, 'params': 782407, 'time_iter': 15.8937, 'accuracy': 0.9634, 'precision': 0.7333, 'recall': 0.0357, 'f1': 0.0681, 'auc': 0.7216}
val: {'epoch': 10, 'loss': 0.0998, 'lr': 0.001, 'params': 782407, 'time_iter': 2.5217, 'accuracy': 0.9803, 'precision': 0.0, 'recall': 0.0, 'f1': 0.0, 'auc': 0.6915}
train: {'epoch': 10, 'eta': 1450210.536, 'loss': 0.1418, 'lr': 0.001, 'params': 782407, 'time_iter': 16.0859, 'accuracy': 0.9628, 'precision': 0.6, 'recall': 0.0195, 'f1': 0.0377, 'auc': 0.7217}
val: {'epoch': 11, 'loss': 0.0978, 'lr': 0.001, 'params': 782407, 'time_iter': 2.4644, 'accuracy': 0.9805, 'precision': 0.5556, 'recall': 0.0617, 'f1': 0.1111, 'auc': 0.7178}
train: {'epoch': 11, 'eta': 1433454.3562, 'loss': 0.1409, 'lr': 0.001, 'params': 782407, 'time_iter': 15.7741, 'accuracy': 0.9629, 'precision': 0.641, 'recall': 0.0203, 'f1': 0.0393, 'auc': 0.7258}
val: {'epoch': 12, 'loss': 0.0951, 'lr': 0.001, 'params': 782407, 'time_iter': 2.7016, 'accuracy': 0.9803, 'precision': 0.0, 'recall': 0.0, 'f1': 0.0, 'auc': 0.7291}
train: {'epoch': 12, 'eta': 1417033.8959, 'loss': 0.1403, 'lr': 0.001, 'params': 782407, 'time_iter': 15.8111, 'accuracy': 0.9633, 'precision': 0.6949, 'recall': 0.0333, 'f1': 0.0635, 'auc': 0.7282}
val: {'epoch': 13, 'loss': 0.0975, 'lr': 0.001, 'params': 782407, 'time_iter': 2.5494, 'accuracy': 0.9803, 'precision': 0.0, 'recall': 0.0, 'f1': 0.0, 'auc': 0.6951}
train: {'epoch': 13, 'eta': 1399652.219, 'loss': 0.1399, 'lr': 0.001, 'params': 782407, 'time_iter': 15.6557, 'accuracy': 0.9629, 'precision': 0.641, 'recall': 0.0203, 'f1': 0.0393, 'auc': 0.7329}
val: {'epoch': 14, 'loss': 0.0935, 'lr': 0.001, 'params': 782407, 'time_iter': 2.5139, 'accuracy': 0.9803, 'precision': 0.5, 'recall': 0.0741, 'f1': 0.129, 'auc': 0.7093}
train: {'epoch': 14, 'eta': 1386065.9435, 'loss': 0.1405, 'lr': 0.001, 'params': 782407, 'time_iter': 16.2775, 'accuracy': 0.9629, 'precision': 0.6182, 'recall': 0.0276, 'f1': 0.0528, 'auc': 0.7267}
val: {'epoch': 15, 'loss': 0.1003, 'lr': 0.001, 'params': 782407, 'time_iter': 2.425, 'accuracy': 0.9803, 'precision': 0.0, 'recall': 0.0, 'f1': 0.0, 'auc': 0.7151}
train: {'epoch': 15, 'eta': 1368798.2692, 'loss': 0.1401, 'lr': 0.001, 'params': 782407, 'time_iter': 15.6692, 'accuracy': 0.963, 'precision': 0.6481, 'recall': 0.0284, 'f1': 0.0544, 'auc': 0.7294}
val: {'epoch': 16, 'loss': 0.0988, 'lr': 0.001, 'params': 782407, 'time_iter': 2.6505, 'accuracy': 0.9805, 'precision': 0.6667, 'recall': 0.0247, 'f1': 0.0476, 'auc': 0.6629}
train: {'epoch': 16, 'eta': 1352151.3512, 'loss': 0.1407, 'lr': 0.001, 'params': 782407, 'time_iter': 15.766, 'accuracy': 0.963, 'precision': 0.6739, 'recall': 0.0252, 'f1': 0.0485, 'auc': 0.7267}
val: {'epoch': 17, 'loss': 0.0988, 'lr': 0.001, 'params': 782407, 'time_iter': 2.6016, 'accuracy': 0.981, 'precision': 0.6364, 'recall': 0.0864, 'f1': 0.1522, 'auc': 0.7219}
train: {'epoch': 17, 'eta': 1337042.233, 'loss': 0.1389, 'lr': 0.001, 'params': 782407, 'time_iter': 16.084, 'accuracy': 0.9634, 'precision': 0.7164, 'recall': 0.039, 'f1': 0.0739, 'auc': 0.7401}
val: {'epoch': 18, 'loss': 0.0977, 'lr': 0.001, 'params': 782407, 'time_iter': 2.5521, 'accuracy': 0.9803, 'precision': 0.0, 'recall': 0.0, 'f1': 0.0, 'auc': 0.7118}
train: {'epoch': 18, 'eta': 1319991.7682, 'loss': 0.1425, 'lr': 0.001, 'params': 782407, 'time_iter': 15.676, 'accuracy': 0.9635, 'precision': 0.6951, 'recall': 0.0463, 'f1': 0.0868, 'auc': 0.7093}
val: {'epoch': 19, 'loss': 0.103, 'lr': 0.001, 'params': 782407, 'time_iter': 2.4257, 'accuracy': 0.9808, 'precision': 0.75, 'recall': 0.037, 'f1': 0.0706, 'auc': 0.7033}
train: {'epoch': 19, 'eta': 1303638.1279, 'loss': 0.1418, 'lr': 0.001, 'params': 782407, 'time_iter': 15.823, 'accuracy': 0.9629, 'precision': 0.6444, 'recall': 0.0235, 'f1': 0.0454, 'auc': 0.7164}
val: {'epoch': 20, 'loss': 0.1042, 'lr': 0.001, 'params': 782407, 'time_iter': 2.6021, 'accuracy': 0.9808, 'precision': 0.75, 'recall': 0.037, 'f1': 0.0706, 'auc': 0.6991}
train: {'epoch': 20, 'eta': 1287473.4385, 'loss': 0.1411, 'lr': 0.001, 'params': 782407, 'time_iter': 15.87, 'accuracy': 0.9633, 'precision': 0.6625, 'recall': 0.043, 'f1': 0.0808, 'auc': 0.7217}
val: {'epoch': 21, 'loss': 0.1029, 'lr': 0.001, 'params': 782407, 'time_iter': 2.4981, 'accuracy': 0.9803, 'precision': 0.5, 'recall': 0.0494, 'f1': 0.0899, 'auc': 0.701}
train: {'epoch': 21, 'eta': 1272235.3261, 'loss': 0.1412, 'lr': 0.001, 'params': 782407, 'time_iter': 16.1281, 'accuracy': 0.9635, 'precision': 0.75, 'recall': 0.039, 'f1': 0.0741, 'auc': 0.7192}
val: {'epoch': 22, 'loss': 0.1002, 'lr': 0.001, 'params': 782407, 'time_iter': 2.4603, 'accuracy': 0.9805, 'precision': 0.5714, 'recall': 0.0494, 'f1': 0.0909, 'auc': 0.7247}
train: {'epoch': 22, 'eta': 1255510.7364, 'loss': 0.1402, 'lr': 0.001, 'params': 782407, 'time_iter': 15.7309, 'accuracy': 0.9636, 'precision': 0.7093, 'recall': 0.0495, 'f1': 0.0926, 'auc': 0.7208}
val: {'epoch': 23, 'loss': 0.105, 'lr': 0.001, 'params': 782407, 'time_iter': 2.6952, 'accuracy': 0.9798, 'precision': 0.0, 'recall': 0.0, 'f1': 0.0, 'auc': 0.763}
train: {'epoch': 23, 'eta': 1239598.7953, 'loss': 0.14, 'lr': 0.001, 'params': 782407, 'time_iter': 15.9665, 'accuracy': 0.9638, 'precision': 0.7204, 'recall': 0.0544, 'f1': 0.1011, 'auc': 0.7225}
val: {'epoch': 24, 'loss': 0.1033, 'lr': 0.001, 'params': 782407, 'time_iter': 2.5925, 'accuracy': 0.9798, 'precision': 0.0, 'recall': 0.0, 'f1': 0.0, 'auc': 0.7575}
train: {'epoch': 24, 'eta': 1223437.0479, 'loss': 0.1402, 'lr': 0.001, 'params': 782407, 'time_iter': 15.899, 'accuracy': 0.9631, 'precision': 0.5776, 'recall': 0.0544, 'f1': 0.0994, 'auc': 0.7275}
val: {'epoch': 25, 'loss': 0.1063, 'lr': 0.001, 'params': 782407, 'time_iter': 2.4904, 'accuracy': 0.9801, 'precision': 0.3333, 'recall': 0.0123, 'f1': 0.0238, 'auc': 0.7749}
train: {'epoch': 25, 'eta': 1206858.5808, 'loss': 0.1394, 'lr': 0.001, 'params': 782407, 'time_iter': 15.7619, 'accuracy': 0.9633, 'precision': 0.6226, 'recall': 0.0536, 'f1': 0.0987, 'auc': 0.7309}
val: {'epoch': 26, 'loss': 0.1005, 'lr': 0.001, 'params': 782407, 'time_iter': 2.4154, 'accuracy': 0.9796, 'precision': 0.2857, 'recall': 0.0247, 'f1': 0.0455, 'auc': 0.7643}
train: {'epoch': 26, 'eta': 1190431.7818, 'loss': 0.1379, 'lr': 0.001, 'params': 782407, 'time_iter': 15.8069, 'accuracy': 0.9637, 'precision': 0.6462, 'recall': 0.0682, 'f1': 0.1233, 'auc': 0.7421}
val: {'epoch': 27, 'loss': 0.1034, 'lr': 0.001, 'params': 782407, 'time_iter': 2.6654, 'accuracy': 0.9798, 'precision': 0.4167, 'recall': 0.0617, 'f1': 0.1075, 'auc': 0.7413}
train: {'epoch': 27, 'eta': 1173749.6648, 'loss': 0.138, 'lr': 0.001, 'params': 782407, 'time_iter': 15.706, 'accuracy': 0.9637, 'precision': 0.6457, 'recall': 0.0666, 'f1': 0.1207, 'auc': 0.7383}
val: {'epoch': 28, 'loss': 0.0965, 'lr': 0.001, 'params': 782407, 'time_iter': 2.5352, 'accuracy': 0.9803, 'precision': 0.5, 'recall': 0.0617, 'f1': 0.1099, 'auc': 0.764}
train: {'epoch': 28, 'eta': 1157857.8452, 'loss': 0.1391, 'lr': 0.001, 'params': 782407, 'time_iter': 16.0055, 'accuracy': 0.9636, 'precision': 0.6607, 'recall': 0.0601, 'f1': 0.1101, 'auc': 0.7319}
val: {'epoch': 29, 'loss': 0.0969, 'lr': 0.001, 'params': 782407, 'time_iter': 2.4719, 'accuracy': 0.9798, 'precision': 0.4167, 'recall': 0.0617, 'f1': 0.1075, 'auc': 0.765}
train: {'epoch': 29, 'eta': 1141844.8031, 'loss': 0.1392, 'lr': 0.001, 'params': 782407, 'time_iter': 15.971, 'accuracy': 0.9636, 'precision': 0.6452, 'recall': 0.0649, 'f1': 0.118, 'auc': 0.7278}
val: {'epoch': 30, 'loss': 0.1083, 'lr': 0.001, 'params': 782407, 'time_iter': 2.4235, 'accuracy': 0.9798, 'precision': 0.0, 'recall': 0.0, 'f1': 0.0, 'auc': 0.7024}
train: {'epoch': 30, 'eta': 1125315.7152, 'loss': 0.1407, 'lr': 0.001, 'params': 782407, 'time_iter': 15.7576, 'accuracy': 0.9634, 'precision': 0.6261, 'recall': 0.0584, 'f1': 0.1069, 'auc': 0.7202}
val: {'epoch': 31, 'loss': 0.1002, 'lr': 0.001, 'params': 782407, 'time_iter': 2.5568, 'accuracy': 0.9801, 'precision': 0.4545, 'recall': 0.0617, 'f1': 0.1087, 'auc': 0.7239}
train: {'epoch': 31, 'eta': 1108875.1711, 'loss': 0.1421, 'lr': 0.001, 'params': 782407, 'time_iter': 15.7891, 'accuracy': 0.9633, 'precision': 0.6512, 'recall': 0.0455, 'f1': 0.085, 'auc': 0.7199}
val: {'epoch': 32, 'loss': 0.1086, 'lr': 0.001, 'params': 782407, 'time_iter': 2.4951, 'accuracy': 0.9801, 'precision': 0.0, 'recall': 0.0, 'f1': 0.0, 'auc': 0.6911}
train: {'epoch': 32, 'eta': 1092880.4087, 'loss': 0.1422, 'lr': 0.001, 'params': 782407, 'time_iter': 15.9969, 'accuracy': 0.963, 'precision': 0.5974, 'recall': 0.0373, 'f1': 0.0703, 'auc': 0.7238}
val: {'epoch': 33, 'loss': 0.1003, 'lr': 0.001, 'params': 782407, 'time_iter': 2.4573, 'accuracy': 0.9793, 'precision': 0.25, 'recall': 0.0247, 'f1': 0.0449, 'auc': 0.7157}
train: {'epoch': 33, 'eta': 1076310.6975, 'loss': 0.1403, 'lr': 0.001, 'params': 782407, 'time_iter': 15.7227, 'accuracy': 0.9631, 'precision': 0.6, 'recall': 0.0438, 'f1': 0.0817, 'auc': 0.7257}
val: {'epoch': 34, 'loss': 0.1054, 'lr': 0.001, 'params': 782407, 'time_iter': 2.6666, 'accuracy': 0.9801, 'precision': 0.4, 'recall': 0.0247, 'f1': 0.0465, 'auc': 0.7265}
train: {'epoch': 34, 'eta': 1059197.0982, 'loss': 0.1389, 'lr': 0.001, 'params': 782407, 'time_iter': 15.4264, 'accuracy': 0.9638, 'precision': 0.6752, 'recall': 0.0641, 'f1': 0.1171, 'auc': 0.7385}
val: {'epoch': 35, 'loss': 0.1035, 'lr': 0.001, 'params': 782407, 'time_iter': 2.5489, 'accuracy': 0.9796, 'precision': 0.2, 'recall': 0.0123, 'f1': 0.0233, 'auc': 0.7369}
train: {'epoch': 35, 'eta': 1043118.625, 'loss': 0.1377, 'lr': 0.001, 'params': 782407, 'time_iter': 15.9546, 'accuracy': 0.9642, 'precision': 0.6923, 'recall': 0.0804, 'f1': 0.144, 'auc': 0.7377}
val: {'epoch': 36, 'loss': 0.1136, 'lr': 0.001, 'params': 782407, 'time_iter': 2.4552, 'accuracy': 0.9801, 'precision': 0.0, 'recall': 0.0, 'f1': 0.0, 'auc': 0.7184}
train: {'epoch': 36, 'eta': 1026737.0214, 'loss': 0.1374, 'lr': 0.001, 'params': 782407, 'time_iter': 15.7921, 'accuracy': 0.9641, 'precision': 0.6603, 'recall': 0.0836, 'f1': 0.1484, 'auc': 0.7445}
val: {'epoch': 37, 'loss': 0.1133, 'lr': 0.001, 'params': 782407, 'time_iter': 2.4402, 'accuracy': 0.9798, 'precision': 0.0, 'recall': 0.0, 'f1': 0.0, 'auc': 0.7042}
train: {'epoch': 37, 'eta': 1009974.3555, 'loss': 0.137, 'lr': 0.001, 'params': 782407, 'time_iter': 15.561, 'accuracy': 0.9641, 'precision': 0.6894, 'recall': 0.0739, 'f1': 0.1334, 'auc': 0.745}
val: {'epoch': 38, 'loss': 0.1054, 'lr': 0.001, 'params': 782407, 'time_iter': 2.6427, 'accuracy': 0.9801, 'precision': 0.4545, 'recall': 0.0617, 'f1': 0.1087, 'auc': 0.7191}
train: {'epoch': 38, 'eta': 993373.895, 'loss': 0.1378, 'lr': 0.001, 'params': 782407, 'time_iter': 15.6379, 'accuracy': 0.9635, 'precision': 0.6154, 'recall': 0.0649, 'f1': 0.1175, 'auc': 0.7429}
val: {'epoch': 39, 'loss': 0.1048, 'lr': 0.001, 'params': 782407, 'time_iter': 2.4801, 'accuracy': 0.981, 'precision': 0.6, 'recall': 0.1111, 'f1': 0.1875, 'auc': 0.7253}
train: {'epoch': 39, 'eta': 977543.007, 'loss': 0.1361, 'lr': 0.001, 'params': 782407, 'time_iter': 16.12, 'accuracy': 0.9643, 'precision': 0.6918, 'recall': 0.082, 'f1': 0.1466, 'auc': 0.7478}
val: {'epoch': 40, 'loss': 0.11, 'lr': 0.001, 'params': 782407, 'time_iter': 2.4801, 'accuracy': 0.9803, 'precision': 0.5, 'recall': 0.0494, 'f1': 0.0899, 'auc': 0.7295}
train: {'epoch': 40, 'eta': 961107.878, 'loss': 0.1363, 'lr': 0.001, 'params': 782407, 'time_iter': 15.7368, 'accuracy': 0.9641, 'precision': 0.6711, 'recall': 0.0812, 'f1': 0.1448, 'auc': 0.7503}
val: {'epoch': 41, 'loss': 0.1071, 'lr': 0.001, 'params': 782407, 'time_iter': 2.6529, 'accuracy': 0.9808, 'precision': 0.5833, 'recall': 0.0864, 'f1': 0.1505, 'auc': 0.7255}
train: {'epoch': 41, 'eta': 944567.2381, 'loss': 0.1359, 'lr': 0.001, 'params': 782407, 'time_iter': 15.6545, 'accuracy': 0.9638, 'precision': 0.6382, 'recall': 0.0787, 'f1': 0.1402, 'auc': 0.7539}
val: {'epoch': 42, 'loss': 0.108, 'lr': 0.001, 'params': 782407, 'time_iter': 2.5549, 'accuracy': 0.981, 'precision': 0.6364, 'recall': 0.0864, 'f1': 0.1522, 'auc': 0.7236}
train: {'epoch': 42, 'eta': 928220.3024, 'loss': 0.1356, 'lr': 0.001, 'params': 782407, 'time_iter': 15.7817, 'accuracy': 0.964, 'precision': 0.6541, 'recall': 0.0844, 'f1': 0.1495, 'auc': 0.7505}
val: {'epoch': 43, 'loss': 0.1118, 'lr': 0.001, 'params': 782407, 'time_iter': 2.5308, 'accuracy': 0.9803, 'precision': 0.5, 'recall': 0.0123, 'f1': 0.0241, 'auc': 0.7299}
train: {'epoch': 43, 'eta': 912258.5994, 'loss': 0.1353, 'lr': 0.001, 'params': 782407, 'time_iter': 16.0722, 'accuracy': 0.9647, 'precision': 0.7, 'recall': 0.1023, 'f1': 0.1785, 'auc': 0.7501}
val: {'epoch': 44, 'loss': 0.1077, 'lr': 0.001, 'params': 782407, 'time_iter': 2.4145, 'accuracy': 0.9815, 'precision': 0.6923, 'recall': 0.1111, 'f1': 0.1915, 'auc': 0.7322}
train: {'epoch': 44, 'eta': 895816.7418, 'loss': 0.1351, 'lr': 0.001, 'params': 782407, 'time_iter': 15.7107, 'accuracy': 0.9645, 'precision': 0.6923, 'recall': 0.095, 'f1': 0.167, 'auc': 0.748}
val: {'epoch': 45, 'loss': 0.1021, 'lr': 0.001, 'params': 782407, 'time_iter': 2.6232, 'accuracy': 0.9813, 'precision': 0.6429, 'recall': 0.1111, 'f1': 0.1895, 'auc': 0.7374}
train: {'epoch': 45, 'eta': 879307.5522, 'loss': 0.1348, 'lr': 0.001, 'params': 782407, 'time_iter': 15.6451, 'accuracy': 0.9644, 'precision': 0.6667, 'recall': 0.0974, 'f1': 0.17, 'auc': 0.7515}
val: {'epoch': 46, 'loss': 0.1093, 'lr': 0.001, 'params': 782407, 'time_iter': 2.5624, 'accuracy': 0.9813, 'precision': 0.625, 'recall': 0.1235, 'f1': 0.2062, 'auc': 0.7386}
train: {'epoch': 46, 'eta': 863307.8741, 'loss': 0.1346, 'lr': 0.001, 'params': 782407, 'time_iter': 16.0691, 'accuracy': 0.9639, 'precision': 0.6549, 'recall': 0.0755, 'f1': 0.1354, 'auc': 0.7615}
val: {'epoch': 47, 'loss': 0.1075, 'lr': 0.001, 'params': 782407, 'time_iter': 2.4632, 'accuracy': 0.9813, 'precision': 0.6667, 'recall': 0.0988, 'f1': 0.172, 'auc': 0.7509}
train: {'epoch': 47, 'eta': 846692.7978, 'loss': 0.1372, 'lr': 0.001, 'params': 782407, 'time_iter': 15.5371, 'accuracy': 0.9638, 'precision': 0.6376, 'recall': 0.0771, 'f1': 0.1376, 'auc': 0.7507}
val: {'epoch': 48, 'loss': 0.1111, 'lr': 0.001, 'params': 782407, 'time_iter': 2.4351, 'accuracy': 0.9805, 'precision': 1.0, 'recall': 0.0123, 'f1': 0.0244, 'auc': 0.7362}
train: {'epoch': 48, 'eta': 830379.713, 'loss': 0.1371, 'lr': 0.001, 'params': 782407, 'time_iter': 15.7952, 'accuracy': 0.9636, 'precision': 0.6184, 'recall': 0.0763, 'f1': 0.1358, 'auc': 0.7441}
val: {'epoch': 49, 'loss': 0.1167, 'lr': 0.001, 'params': 782407, 'time_iter': 2.675, 'accuracy': 0.9803, 'precision': 0.0, 'recall': 0.0, 'f1': 0.0, 'auc': 0.7198}
train: {'epoch': 49, 'eta': 813999.0677, 'loss': 0.137, 'lr': 0.001, 'params': 782407, 'time_iter': 15.7272, 'accuracy': 0.964, 'precision': 0.6386, 'recall': 0.086, 'f1': 0.1516, 'auc': 0.7458}
val: {'epoch': 50, 'loss': 0.1064, 'lr': 0.001, 'params': 782407, 'time_iter': 2.4681, 'accuracy': 0.9813, 'precision': 0.6429, 'recall': 0.1111, 'f1': 0.1895, 'auc': 0.7408}
train: {'epoch': 50, 'eta': 797666.1008, 'loss': 0.1373, 'lr': 0.001, 'params': 782407, 'time_iter': 15.7676, 'accuracy': 0.9639, 'precision': 0.649, 'recall': 0.0795, 'f1': 0.1417, 'auc': 0.7467}
val: {'epoch': 51, 'loss': 0.1144, 'lr': 0.001, 'params': 782407, 'time_iter': 2.4411, 'accuracy': 0.9803, 'precision': 0.0, 'recall': 0.0, 'f1': 0.0, 'auc': 0.7407}
train: {'epoch': 51, 'eta': 781086.672, 'loss': 0.1354, 'lr': 0.001, 'params': 782407, 'time_iter': 15.5037, 'accuracy': 0.9641, 'precision': 0.6689, 'recall': 0.082, 'f1': 0.1461, 'auc': 0.751}
val: {'epoch': 52, 'loss': 0.1205, 'lr': 0.001, 'params': 782407, 'time_iter': 2.6036, 'accuracy': 0.9803, 'precision': 0.0, 'recall': 0.0, 'f1': 0.0, 'auc': 0.7143}
train: {'epoch': 52, 'eta': 765019.4995, 'loss': 0.1349, 'lr': 0.001, 'params': 782407, 'time_iter': 16.0392, 'accuracy': 0.9649, 'precision': 0.6959, 'recall': 0.1096, 'f1': 0.1893, 'auc': 0.7504}
val: {'epoch': 53, 'loss': 0.1274, 'lr': 0.001, 'params': 782407, 'time_iter': 2.5502, 'accuracy': 0.9803, 'precision': 0.0, 'recall': 0.0, 'f1': 0.0, 'auc': 0.6919}
train: {'epoch': 53, 'eta': 749037.4727, 'loss': 0.135, 'lr': 0.001, 'params': 782407, 'time_iter': 16.1548, 'accuracy': 0.9644, 'precision': 0.6765, 'recall': 0.0933, 'f1': 0.1641, 'auc': 0.7461}
val: {'epoch': 54, 'loss': 0.1284, 'lr': 0.001, 'params': 782407, 'time_iter': 2.4978, 'accuracy': 0.9805, 'precision': 1.0, 'recall': 0.0123, 'f1': 0.0244, 'auc': 0.7106}
train: {'epoch': 54, 'eta': 732718.2206, 'loss': 0.1354, 'lr': 0.001, 'params': 782407, 'time_iter': 15.782, 'accuracy': 0.964, 'precision': 0.6256, 'recall': 0.099, 'f1': 0.171, 'auc': 0.7458}
val: {'epoch': 55, 'loss': 0.1316, 'lr': 0.001, 'params': 782407, 'time_iter': 2.3949, 'accuracy': 0.9803, 'precision': 0.0, 'recall': 0.0, 'f1': 0.0, 'auc': 0.6509}
train: {'epoch': 55, 'eta': 716498.979, 'loss': 0.1368, 'lr': 0.001, 'params': 782407, 'time_iter': 15.9021, 'accuracy': 0.9647, 'precision': 0.6823, 'recall': 0.1063, 'f1': 0.184, 'auc': 0.7351}
val: {'epoch': 56, 'loss': 0.1265, 'lr': 0.001, 'params': 782407, 'time_iter': 2.5935, 'accuracy': 0.9805, 'precision': 1.0, 'recall': 0.0123, 'f1': 0.0244, 'auc': 0.7192}
train: {'epoch': 56, 'eta': 700040.9545, 'loss': 0.1366, 'lr': 0.001, 'params': 782407, 'time_iter': 15.601, 'accuracy': 0.9641, 'precision': 0.6494, 'recall': 0.0917, 'f1': 0.1607, 'auc': 0.742}
val: {'epoch': 57, 'loss': 0.1274, 'lr': 0.001, 'params': 782407, 'time_iter': 2.5148, 'accuracy': 0.9805, 'precision': 1.0, 'recall': 0.0123, 'f1': 0.0244, 'auc': 0.7426}
train: {'epoch': 57, 'eta': 684061.2808, 'loss': 0.1363, 'lr': 0.001, 'params': 782407, 'time_iter': 16.2243, 'accuracy': 0.9648, 'precision': 0.7119, 'recall': 0.1023, 'f1': 0.1789, 'auc': 0.7398}
val: {'epoch': 58, 'loss': 0.1364, 'lr': 0.001, 'params': 782407, 'time_iter': 2.4625, 'accuracy': 0.9801, 'precision': 0.0, 'recall': 0.0, 'f1': 0.0, 'auc': 0.7361}
train: {'epoch': 58, 'eta': 667858.0027, 'loss': 0.1343, 'lr': 0.001, 'params': 782407, 'time_iter': 15.9455, 'accuracy': 0.9647, 'precision': 0.6714, 'recall': 0.1144, 'f1': 0.1956, 'auc': 0.7561}
val: {'epoch': 59, 'loss': 0.1215, 'lr': 0.001, 'params': 782407, 'time_iter': 2.6446, 'accuracy': 0.9803, 'precision': 0.0, 'recall': 0.0, 'f1': 0.0, 'auc': 0.7629}
train: {'epoch': 59, 'eta': 651691.6676, 'loss': 0.134, 'lr': 0.001, 'params': 782407, 'time_iter': 16.0093, 'accuracy': 0.9647, 'precision': 0.6845, 'recall': 0.1039, 'f1': 0.1804, 'auc': 0.7603}
val: {'epoch': 60, 'loss': 0.109, 'lr': 0.001, 'params': 782407, 'time_iter': 2.5708, 'accuracy': 0.9815, 'precision': 0.7273, 'recall': 0.0988, 'f1': 0.1739, 'auc': 0.7485}
train: {'epoch': 60, 'eta': 635583.9971, 'loss': 0.1342, 'lr': 0.001, 'params': 782407, 'time_iter': 16.1138, 'accuracy': 0.9647, 'precision': 0.6788, 'recall': 0.1063, 'f1': 0.1839, 'auc': 0.7559}
val: {'epoch': 61, 'loss': 0.1147, 'lr': 0.001, 'params': 782407, 'time_iter': 2.479, 'accuracy': 0.9803, 'precision': 0.0, 'recall': 0.0, 'f1': 0.0, 'auc': 0.7534}
train: {'epoch': 61, 'eta': 619253.052, 'loss': 0.1341, 'lr': 0.001, 'params': 782407, 'time_iter': 15.7839, 'accuracy': 0.965, 'precision': 0.6985, 'recall': 0.1128, 'f1': 0.1943, 'auc': 0.7585}
val: {'epoch': 62, 'loss': 0.1272, 'lr': 0.001, 'params': 782407, 'time_iter': 2.4635, 'accuracy': 0.9803, 'precision': 0.0, 'recall': 0.0, 'f1': 0.0, 'auc': 0.7243}
train: {'epoch': 62, 'eta': 603037.5259, 'loss': 0.1338, 'lr': 0.001, 'params': 782407, 'time_iter': 15.9702, 'accuracy': 0.9651, 'precision': 0.6927, 'recall': 0.1226, 'f1': 0.2083, 'auc': 0.7587}
val: {'epoch': 63, 'loss': 0.1294, 'lr': 0.001, 'params': 782407, 'time_iter': 2.6342, 'accuracy': 0.9803, 'precision': 0.0, 'recall': 0.0, 'f1': 0.0, 'auc': 0.7017}
train: {'epoch': 63, 'eta': 586722.5421, 'loss': 0.1329, 'lr': 0.001, 'params': 782407, 'time_iter': 15.8102, 'accuracy': 0.9653, 'precision': 0.7264, 'recall': 0.1185, 'f1': 0.2038, 'auc': 0.759}
val: {'epoch': 64, 'loss': 0.1422, 'lr': 0.001, 'params': 782407, 'time_iter': 2.505, 'accuracy': 0.9803, 'precision': 0.0, 'recall': 0.0, 'f1': 0.0, 'auc': 0.6574}
train: {'epoch': 64, 'eta': 570804.304, 'loss': 0.1329, 'lr': 0.001, 'params': 782407, 'time_iter': 16.5237, 'accuracy': 0.9647, 'precision': 0.6714, 'recall': 0.1144, 'f1': 0.1956, 'auc': 0.7638}
val: {'epoch': 65, 'loss': 0.1279, 'lr': 0.001, 'params': 782407, 'time_iter': 2.4899, 'accuracy': 0.9805, 'precision': 1.0, 'recall': 0.0123, 'f1': 0.0244, 'auc': 0.7658}
train: {'epoch': 65, 'eta': 554589.3787, 'loss': 0.1332, 'lr': 0.001, 'params': 782407, 'time_iter': 16.026, 'accuracy': 0.9649, 'precision': 0.6979, 'recall': 0.1088, 'f1': 0.1882, 'auc': 0.7603}
val: {'epoch': 66, 'loss': 0.1294, 'lr': 0.001, 'params': 782407, 'time_iter': 2.3925, 'accuracy': 0.9803, 'precision': 0.0, 'recall': 0.0, 'f1': 0.0, 'auc': 0.7107}
train: {'epoch': 66, 'eta': 538260.9696, 'loss': 0.1334, 'lr': 0.001, 'params': 782407, 'time_iter': 15.8183, 'accuracy': 0.9644, 'precision': 0.6393, 'recall': 0.1136, 'f1': 0.193, 'auc': 0.7596}
val: {'epoch': 67, 'loss': 0.1269, 'lr': 0.001, 'params': 782407, 'time_iter': 2.5767, 'accuracy': 0.9803, 'precision': 0.0, 'recall': 0.0, 'f1': 0.0, 'auc': 0.7463}
train: {'epoch': 67, 'eta': 521977.724, 'loss': 0.1325, 'lr': 0.001, 'params': 782407, 'time_iter': 15.9084, 'accuracy': 0.9653, 'precision': 0.7163, 'recall': 0.1209, 'f1': 0.2069, 'auc': 0.7631}
val: {'epoch': 68, 'loss': 0.1348, 'lr': 0.001, 'params': 782407, 'time_iter': 2.5288, 'accuracy': 0.9803, 'precision': 0.0, 'recall': 0.0, 'f1': 0.0, 'auc': 0.7126}
train: {'epoch': 68, 'eta': 505793.8113, 'loss': 0.1328, 'lr': 0.001, 'params': 782407, 'time_iter': 16.1287, 'accuracy': 0.9649, 'precision': 0.6881, 'recall': 0.1128, 'f1': 0.1939, 'auc': 0.765}
val: {'epoch': 69, 'loss': 0.1378, 'lr': 0.001, 'params': 782407, 'time_iter': 2.5327, 'accuracy': 0.9803, 'precision': 0.0, 'recall': 0.0, 'f1': 0.0, 'auc': 0.7079}
train: {'epoch': 69, 'eta': 489572.915, 'loss': 0.1326, 'lr': 0.001, 'params': 782407, 'time_iter': 16.0716, 'accuracy': 0.9648, 'precision': 0.6667, 'recall': 0.1185, 'f1': 0.2012, 'auc': 0.766}
val: {'epoch': 70, 'loss': 0.1227, 'lr': 0.001, 'params': 782407, 'time_iter': 2.4448, 'accuracy': 0.9803, 'precision': 0.0, 'recall': 0.0, 'f1': 0.0, 'auc': 0.7431}
train: {'epoch': 70, 'eta': 473078.9661, 'loss': 0.1332, 'lr': 0.001, 'params': 782407, 'time_iter': 15.4432, 'accuracy': 0.9649, 'precision': 0.695, 'recall': 0.1128, 'f1': 0.1941, 'auc': 0.7612}
val: {'epoch': 71, 'loss': 0.1275, 'lr': 0.001, 'params': 782407, 'time_iter': 2.5496, 'accuracy': 0.9803, 'precision': 0.0, 'recall': 0.0, 'f1': 0.0, 'auc': 0.7601}
train: {'epoch': 71, 'eta': 456723.3861, 'loss': 0.1314, 'lr': 0.001, 'params': 782407, 'time_iter': 15.7471, 'accuracy': 0.9655, 'precision': 0.7235, 'recall': 0.1274, 'f1': 0.2167, 'auc': 0.7679}
val: {'epoch': 72, 'loss': 0.1336, 'lr': 0.001, 'params': 782407, 'time_iter': 2.4939, 'accuracy': 0.9803, 'precision': 0.0, 'recall': 0.0, 'f1': 0.0, 'auc': 0.7574}
train: {'epoch': 72, 'eta': 440441.4031, 'loss': 0.1314, 'lr': 0.001, 'params': 782407, 'time_iter': 15.9295, 'accuracy': 0.9655, 'precision': 0.7195, 'recall': 0.1291, 'f1': 0.2189, 'auc': 0.7704}
val: {'epoch': 73, 'loss': 0.123, 'lr': 0.001, 'params': 782407, 'time_iter': 2.4802, 'accuracy': 0.9803, 'precision': 0.0, 'recall': 0.0, 'f1': 0.0, 'auc': 0.7682}
train: {'epoch': 73, 'eta': 424141.6407, 'loss': 0.1307, 'lr': 0.001, 'params': 782407, 'time_iter': 15.8885, 'accuracy': 0.9659, 'precision': 0.7403, 'recall': 0.1388, 'f1': 0.2338, 'auc': 0.7722}
val: {'epoch': 74, 'loss': 0.1434, 'lr': 0.001, 'params': 782407, 'time_iter': 2.6463, 'accuracy': 0.9803, 'precision': 0.0, 'recall': 0.0, 'f1': 0.0, 'auc': 0.7333}
train: {'epoch': 74, 'eta': 407778.5545, 'loss': 0.1296, 'lr': 0.001, 'params': 782407, 'time_iter': 15.7078, 'accuracy': 0.9659, 'precision': 0.7342, 'recall': 0.1412, 'f1': 0.2369, 'auc': 0.7778}
val: {'epoch': 75, 'loss': 0.1305, 'lr': 0.001, 'params': 782407, 'time_iter': 2.5408, 'accuracy': 0.9803, 'precision': 0.0, 'recall': 0.0, 'f1': 0.0, 'auc': 0.7498}
train: {'epoch': 75, 'eta': 391489.1263, 'loss': 0.1312, 'lr': 0.001, 'params': 782407, 'time_iter': 15.9183, 'accuracy': 0.9655, 'precision': 0.7449, 'recall': 0.1185, 'f1': 0.2045, 'auc': 0.774}
val: {'epoch': 76, 'loss': 0.1256, 'lr': 0.001, 'params': 782407, 'time_iter': 2.4937, 'accuracy': 0.9803, 'precision': 0.0, 'recall': 0.0, 'f1': 0.0, 'auc': 0.7251}
train: {'epoch': 76, 'eta': 375073.7171, 'loss': 0.1302, 'lr': 0.001, 'params': 782407, 'time_iter': 15.516, 'accuracy': 0.9657, 'precision': 0.7352, 'recall': 0.1307, 'f1': 0.2219, 'auc': 0.7779}
val: {'epoch': 77, 'loss': 0.1353, 'lr': 0.001, 'params': 782407, 'time_iter': 2.4684, 'accuracy': 0.9803, 'precision': 0.0, 'recall': 0.0, 'f1': 0.0, 'auc': 0.7053}
train: {'epoch': 77, 'eta': 358721.6824, 'loss': 0.1306, 'lr': 0.001, 'params': 782407, 'time_iter': 15.6947, 'accuracy': 0.9651, 'precision': 0.7107, 'recall': 0.1136, 'f1': 0.1959, 'auc': 0.7759}
val: {'epoch': 78, 'loss': 0.1287, 'lr': 0.001, 'params': 782407, 'time_iter': 2.6559, 'accuracy': 0.9803, 'precision': 0.0, 'recall': 0.0, 'f1': 0.0, 'auc': 0.7426}
train: {'epoch': 78, 'eta': 342484.5278, 'loss': 0.1318, 'lr': 0.001, 'params': 782407, 'time_iter': 16.096, 'accuracy': 0.9646, 'precision': 0.6619, 'recall': 0.1128, 'f1': 0.1928, 'auc': 0.7701}
val: {'epoch': 79, 'loss': 0.1274, 'lr': 0.001, 'params': 782407, 'time_iter': 2.5139, 'accuracy': 0.9803, 'precision': 0.0, 'recall': 0.0, 'f1': 0.0, 'auc': 0.7435}
train: {'epoch': 79, 'eta': 326206.9306, 'loss': 0.1317, 'lr': 0.001, 'params': 782407, 'time_iter': 15.9704, 'accuracy': 0.9652, 'precision': 0.7292, 'recall': 0.1136, 'f1': 0.1966, 'auc': 0.7708}
val: {'epoch': 80, 'loss': 0.1323, 'lr': 0.001, 'params': 782407, 'time_iter': 2.498, 'accuracy': 0.9803, 'precision': 0.0, 'recall': 0.0, 'f1': 0.0, 'auc': 0.7517}
train: {'epoch': 80, 'eta': 309926.3339, 'loss': 0.131, 'lr': 0.001, 'params': 782407, 'time_iter': 15.9739, 'accuracy': 0.9651, 'precision': 0.7322, 'recall': 0.1088, 'f1': 0.1894, 'auc': 0.7773}
val: {'epoch': 81, 'loss': 0.1351, 'lr': 0.001, 'params': 782407, 'time_iter': 2.4006, 'accuracy': 0.9803, 'precision': 0.0, 'recall': 0.0, 'f1': 0.0, 'auc': 0.7382}
train: {'epoch': 81, 'eta': 293619.2894, 'loss': 0.1296, 'lr': 0.001, 'params': 782407, 'time_iter': 15.8737, 'accuracy': 0.9658, 'precision': 0.7154, 'recall': 0.1429, 'f1': 0.2382, 'auc': 0.7774}
val: {'epoch': 82, 'loss': 0.1339, 'lr': 0.001, 'params': 782407, 'time_iter': 2.5883, 'accuracy': 0.9803, 'precision': 0.0, 'recall': 0.0, 'f1': 0.0, 'auc': 0.7354}
train: {'epoch': 82, 'eta': 277283.8317, 'loss': 0.13, 'lr': 0.001, 'params': 782407, 'time_iter': 15.742, 'accuracy': 0.9655, 'precision': 0.7143, 'recall': 0.1299, 'f1': 0.2198, 'auc': 0.7755}
val: {'epoch': 83, 'loss': 0.1417, 'lr': 0.001, 'params': 782407, 'time_iter': 2.5569, 'accuracy': 0.9803, 'precision': 0.0, 'recall': 0.0, 'f1': 0.0, 'auc': 0.7258}
train: {'epoch': 83, 'eta': 261022.5447, 'loss': 0.1299, 'lr': 0.001, 'params': 782407, 'time_iter': 16.1038, 'accuracy': 0.9657, 'precision': 0.7318, 'recall': 0.1307, 'f1': 0.2218, 'auc': 0.7798}
val: {'epoch': 84, 'loss': 0.1461, 'lr': 0.001, 'params': 782407, 'time_iter': 2.5047, 'accuracy': 0.9803, 'precision': 0.0, 'recall': 0.0, 'f1': 0.0, 'auc': 0.7084}
train: {'epoch': 84, 'eta': 244701.5311, 'loss': 0.1307, 'lr': 0.001, 'params': 782407, 'time_iter': 15.815, 'accuracy': 0.9651, 'precision': 0.7073, 'recall': 0.1177, 'f1': 0.2018, 'auc': 0.7768}
val: {'epoch': 85, 'loss': 0.1467, 'lr': 0.001, 'params': 782407, 'time_iter': 2.4245, 'accuracy': 0.9803, 'precision': 0.0, 'recall': 0.0, 'f1': 0.0, 'auc': 0.7033}
train: {'epoch': 85, 'eta': 228361.8909, 'loss': 0.1305, 'lr': 0.001, 'params': 782407, 'time_iter': 15.6972, 'accuracy': 0.9653, 'precision': 0.6996, 'recall': 0.1266, 'f1': 0.2144, 'auc': 0.7771}
val: {'epoch': 86, 'loss': 0.1473, 'lr': 0.001, 'params': 782407, 'time_iter': 2.597, 'accuracy': 0.9803, 'precision': 0.0, 'recall': 0.0, 'f1': 0.0, 'auc': 0.7451}
train: {'epoch': 86, 'eta': 212027.8238, 'loss': 0.1297, 'lr': 0.001, 'params': 782407, 'time_iter': 15.7055, 'accuracy': 0.9652, 'precision': 0.6982, 'recall': 0.1258, 'f1': 0.2132, 'auc': 0.7793}
val: {'epoch': 87, 'loss': 0.1348, 'lr': 0.001, 'params': 782407, 'time_iter': 2.4881, 'accuracy': 0.9805, 'precision': 1.0, 'recall': 0.0123, 'f1': 0.0244, 'auc': 0.7326}
train: {'epoch': 87, 'eta': 195752.9674, 'loss': 0.1283, 'lr': 0.001, 'params': 782407, 'time_iter': 16.0994, 'accuracy': 0.9653, 'precision': 0.6815, 'recall': 0.1372, 'f1': 0.2284, 'auc': 0.7865}
val: {'epoch': 88, 'loss': 0.1495, 'lr': 0.001, 'params': 782407, 'time_iter': 2.4869, 'accuracy': 0.9803, 'precision': 0.0, 'recall': 0.0, 'f1': 0.0, 'auc': 0.7192}
train: {'epoch': 88, 'eta': 179442.5937, 'loss': 0.1288, 'lr': 0.001, 'params': 782407, 'time_iter': 15.8717, 'accuracy': 0.9651, 'precision': 0.6763, 'recall': 0.1323, 'f1': 0.2213, 'auc': 0.783}
val: {'epoch': 89, 'loss': 0.1405, 'lr': 0.001, 'params': 782407, 'time_iter': 2.4049, 'accuracy': 0.9803, 'precision': 0.0, 'recall': 0.0, 'f1': 0.0, 'auc': 0.7647}
train: {'epoch': 89, 'eta': 163112.7305, 'loss': 0.129, 'lr': 0.001, 'params': 782407, 'time_iter': 15.7054, 'accuracy': 0.9646, 'precision': 0.6453, 'recall': 0.1226, 'f1': 0.206, 'auc': 0.7821}
val: {'epoch': 90, 'loss': 0.1316, 'lr': 0.001, 'params': 782407, 'time_iter': 2.5732, 'accuracy': 0.9803, 'precision': 0.0, 'recall': 0.0, 'f1': 0.0, 'auc': 0.7687}
train: {'epoch': 90, 'eta': 146815.8515, 'loss': 0.1293, 'lr': 0.001, 'params': 782407, 'time_iter': 15.993, 'accuracy': 0.9654, 'precision': 0.7072, 'recall': 0.1274, 'f1': 0.216, 'auc': 0.7771}
val: {'epoch': 91, 'loss': 0.142, 'lr': 0.001, 'params': 782407, 'time_iter': 2.4937, 'accuracy': 0.9803, 'precision': 0.0, 'recall': 0.0, 'f1': 0.0, 'auc': 0.7508}
train: {'epoch': 91, 'eta': 130539.5863, 'loss': 0.1291, 'lr': 0.001, 'params': 782407, 'time_iter': 16.2623, 'accuracy': 0.9655, 'precision': 0.6905, 'recall': 0.1412, 'f1': 0.2345, 'auc': 0.7811}
val: {'epoch': 92, 'loss': 0.1383, 'lr': 0.001, 'params': 782407, 'time_iter': 2.4925, 'accuracy': 0.9803, 'precision': 0.0, 'recall': 0.0, 'f1': 0.0, 'auc': 0.7217}
train: {'epoch': 92, 'eta': 114218.0903, 'loss': 0.1295, 'lr': 0.001, 'params': 782407, 'time_iter': 15.8053, 'accuracy': 0.9653, 'precision': 0.6816, 'recall': 0.1356, 'f1': 0.2261, 'auc': 0.779}
val: {'epoch': 93, 'loss': 0.1447, 'lr': 0.001, 'params': 782407, 'time_iter': 2.4108, 'accuracy': 0.9803, 'precision': 0.0, 'recall': 0.0, 'f1': 0.0, 'auc': 0.7089}
train: {'epoch': 93, 'eta': 97925.9275, 'loss': 0.1286, 'lr': 0.001, 'params': 782407, 'time_iter': 16.2332, 'accuracy': 0.9654, 'precision': 0.6895, 'recall': 0.1388, 'f1': 0.2311, 'auc': 0.7867}
val: {'epoch': 94, 'loss': 0.1443, 'lr': 0.001, 'params': 782407, 'time_iter': 2.5617, 'accuracy': 0.9803, 'precision': 0.0, 'recall': 0.0, 'f1': 0.0, 'auc': 0.7426}
train: {'epoch': 94, 'eta': 81605.421, 'loss': 0.1294, 'lr': 0.001, 'params': 782407, 'time_iter': 15.8699, 'accuracy': 0.9649, 'precision': 0.6791, 'recall': 0.1185, 'f1': 0.2018, 'auc': 0.781}
val: {'epoch': 95, 'loss': 0.131, 'lr': 0.001, 'params': 782407, 'time_iter': 2.4883, 'accuracy': 0.9803, 'precision': 0.0, 'recall': 0.0, 'f1': 0.0, 'auc': 0.7641}
train: {'epoch': 95, 'eta': 65294.7284, 'loss': 0.1285, 'lr': 0.001, 'params': 782407, 'time_iter': 16.1035, 'accuracy': 0.9656, 'precision': 0.7054, 'recall': 0.138, 'f1': 0.2308, 'auc': 0.7806}
val: {'epoch': 96, 'loss': 0.1269, 'lr': 0.001, 'params': 782407, 'time_iter': 2.4619, 'accuracy': 0.9803, 'precision': 0.0, 'recall': 0.0, 'f1': 0.0, 'auc': 0.7446}
train: {'epoch': 96, 'eta': 48976.3981, 'loss': 0.1276, 'lr': 0.001, 'params': 782407, 'time_iter': 16.0318, 'accuracy': 0.9653, 'precision': 0.6718, 'recall': 0.1412, 'f1': 0.2334, 'auc': 0.7916}
val: {'epoch': 97, 'loss': 0.1303, 'lr': 0.001, 'params': 782407, 'time_iter': 2.6868, 'accuracy': 0.9803, 'precision': 0.0, 'recall': 0.0, 'f1': 0.0, 'auc': 0.7449}
train: {'epoch': 97, 'eta': 32647.0376, 'loss': 0.128, 'lr': 0.001, 'params': 782407, 'time_iter': 15.6799, 'accuracy': 0.9655, 'precision': 0.6948, 'recall': 0.1404, 'f1': 0.2336, 'auc': 0.781}
val: {'epoch': 98, 'loss': 0.1201, 'lr': 0.001, 'params': 782407, 'time_iter': 2.5897, 'accuracy': 0.9808, 'precision': 0.75, 'recall': 0.037, 'f1': 0.0706, 'auc': 0.7655}
train: {'epoch': 98, 'eta': 16323.8034, 'loss': 0.1285, 'lr': 0.001, 'params': 782407, 'time_iter': 15.8909, 'accuracy': 0.9654, 'precision': 0.6917, 'recall': 0.1347, 'f1': 0.2255, 'auc': 0.7857}
val: {'epoch': 99, 'loss': 0.1325, 'lr': 0.001, 'params': 782407, 'time_iter': 2.4901, 'accuracy': 0.9803, 'precision': 0.0, 'recall': 0.0, 'f1': 0.0, 'auc': 0.7813}
train: {'epoch': 99, 'eta': 0.0, 'loss': 0.1299, 'lr': 0.001, 'params': 782407, 'time_iter': 15.9365, 'accuracy': 0.9649, 'precision': 0.6743, 'recall': 0.1193, 'f1': 0.2028, 'auc': 0.7757}
test: {'epoch': 99, 'loss': 0.2279, 'lr': 0.001, 'params': 782407, 'time_iter': 2.1994, 'accuracy': 0.9684, 'precision': 0.0, 'recall': 0.0, 'f1': 0.0, 'auc': 0.7423}
test: {'epoch': 99, 'loss': 0.2279, 'lr': 0.001, 'params': 782407, 'time_iter': 2.2701, 'accuracy': 0.9684, 'precision': 0.0, 'recall': 0.0, 'f1': 0.0, 'auc': 0.7423}
