GraphGymModule(
  (model): DilatedGNNModel(
    (encoder): FeatureEncoder(
      (node_encoder): AtomEncoder(
        (atom_embedding_list): ModuleList(
          (0): Embedding(119, 300)
          (1): Embedding(4, 300)
          (2): Embedding(12, 300)
          (3): Embedding(12, 300)
          (4): Embedding(10, 300)
          (5): Embedding(6, 300)
          (6): Embedding(6, 300)
          (7): Embedding(2, 300)
          (8): Embedding(2, 300)
        )
      )
      (edge_encoder): BondEncoder(
        (bond_embedding_list): ModuleList(
          (0): Embedding(5, 300)
          (1): Embedding(6, 300)
          (2): Embedding(2, 300)
        )
      )
    )
    (mp): GNNDilatedEdgesFeatureStage(
      (classic_layers): ModuleList(
        (0): GeneralLayer(
          (layer): EGINConv(
            (model): GINEConv(nn=Sequential(
              (0): Linear(300, 300, bias=True)
              (1): ReLU()
              (2): Linear(300, 300, bias=True)
            ))
          )
          (post_layer): Sequential(
            (0): BatchNorm1d(300, eps=1e-05, momentum=0.1, affine=True, track_running_stats=True)
            (1): Dropout(p=0.5, inplace=False)
            (2): ReLU()
          )
        )
      )
      (dilated_layers): ModuleList(
        (0): DilatedGeneralLayer(
          (layer): EGINConv(
            (model): GINEConv(nn=Sequential(
              (0): Linear(300, 300, bias=True)
              (1): ReLU()
              (2): Linear(300, 300, bias=True)
            ))
          )
          (post_layer): Sequential(
            (0): BatchNorm1d(300, eps=1e-05, momentum=0.1, affine=True, track_running_stats=True)
            (1): Dropout(p=0.5, inplace=False)
            (2): ReLU()
          )
          (gem): GeM(p=3.0000, eps=1e-06)
        )
        (1): DilatedGeneralLayer(
          (layer): EGINConv(
            (model): GINEConv(nn=Sequential(
              (0): Linear(300, 300, bias=True)
              (1): ReLU()
              (2): Linear(300, 300, bias=True)
            ))
          )
          (post_layer): Sequential(
            (0): BatchNorm1d(300, eps=1e-05, momentum=0.1, affine=True, track_running_stats=True)
            (1): Dropout(p=0.5, inplace=False)
            (2): ReLU()
          )
          (gem): GeM(p=3.0000, eps=1e-06)
        )
      )
      (act): ReLU()
    )
    (post_mp): GNNGraphHead(
      (layer_post_mp): MLP(
        (model): Sequential(
          (0): Linear(
            (model): Linear(600, 1, bias=True)
          )
        )
      )
    )
  )
)
accelerator: cuda
benchmark: False
bn:
  eps: 1e-05
  mom: 0.1
cfg_dest: config.yaml
custom_metrics: []
dataset:
  cache_load: False
  cache_save: False
  dir: ./datasets
  edge_dim: 300
  edge_encoder: True
  edge_encoder_bn: False
  edge_encoder_name: Bond
  edge_message_ratio: 0.8
  edge_negative_sampling_ratio: 1.0
  edge_train_mode: all
  encoder: True
  encoder_bn: True
  encoder_dim: 128
  encoder_name: db
  fast_loader: False
  format: OGB
  label_column: none
  label_table: none
  location: local
  name: ogbg-molhiv
  node_encoder: True
  node_encoder_bn: False
  node_encoder_name: Atom
  remove_feature: False
  resample_disjoint: False
  resample_negative: False
  shuffle_split: True
  split: [0.8, 0.1, 0.1]
  split_mode: random
  task: graph
  task_type: classification
  to_undirected: False
  transductive: False
  transform: none
  tu_simple: True
devices: 1
gnn:
  act: relu
  act_on_last_layer_mp: False
  agg: none
  att_final_linear: False
  att_final_linear_bn: False
  att_heads: 1
  batchnorm: True
  clear_feature: True
  dim_inner: 300
  dropout: 0.5
  head: graph
  keep_edge: 0.5
  l2norm: True
  layer_type: eginconv
  layers_k1: 1
  layers_k2: 2
  layers_mp: 5
  layers_post_mp: 1
  layers_pre_mp: 0
  msg_direction: single
  normalize_adj: False
  self_msg: concat
  skip_every: 1
  stage_type: dilated_stage
  use_edge_features: True
gpu_mem: False
mem:
  inplace: False
metric_agg: argmax
metric_best: auc
model:
  edge_decoding: dot
  graph_pooling: mean
  loss_fun: cross_entropy
  match_upper: True
  size_average: mean
  thresh: 0.5
  type: dilated_gnn
num_threads: 6
num_workers: 16
optim:
  base_lr: 0.001
  lr_decay: 0.1
  max_epoch: 100
  momentum: 0.9
  optimizer: adam
  scheduler: none
  steps: [30, 60, 90]
  weight_decay: 0.0
out_dir: results_experiments/ogbg_molhiv_baseline_grid_comparison/ogbg_molhiv_baseline-type=dilated_gnn-stage_type=dilated_stage-layer_type=eginconv-layers_k1=1-layers_k2=2-act_on_last_layer_mp=False
params: 870905
print: both
round: 4
run_dir: results_experiments/ogbg_molhiv_baseline_grid_comparison/ogbg_molhiv_baseline-type=dilated_gnn-stage_type=dilated_stage-layer_type=eginconv-layers_k1=1-layers_k2=2-act_on_last_layer_mp=False/5
seed: 6
share:
  dim_in: 9
  dim_out: 2
  num_splits: 3
tensorboard_agg: True
tensorboard_each_run: False
train:
  auto_resume: False
  batch_size: 32
  ckpt_clean: True
  ckpt_period: 100
  enable_ckpt: True
  epoch_resume: -1
  eval_period: 1
  iter_per_epoch: 32
  neighbor_sizes: [20, 15, 10, 5]
  node_per_graph: 32
  radius: extend
  sample_node: False
  sampler: full_batch
  skip_train_eval: False
  walk_length: 4
val:
  node_per_graph: 32
  radius: extend
  sample_node: False
  sampler: full_batch
view_emb: False
Num parameters: 870905
val: {'epoch': 0, 'loss': 0.6731, 'lr': 0.001, 'params': 870905, 'time_iter': 0.9625, 'accuracy': 0.9844, 'precision': 0.0, 'recall': 0.0, 'f1': 0.0, 'auc': 0.3175}
val: {'epoch': 0, 'loss': 0.0956, 'lr': 0.001, 'params': 870905, 'time_iter': 2.2911, 'accuracy': 0.9803, 'precision': 0.0, 'recall': 0.0, 'f1': 0.0, 'auc': 0.613}
train: {'epoch': 0, 'eta': 1424330.2468, 'loss': 0.1847, 'lr': 0.001, 'params': 870905, 'time_iter': 13.9817, 'accuracy': 0.9624, 'precision': 0.0, 'recall': 0.0, 'f1': 0.0, 'auc': 0.5733}
val: {'epoch': 1, 'loss': 0.0932, 'lr': 0.001, 'params': 870905, 'time_iter': 2.5734, 'accuracy': 0.9803, 'precision': 0.0, 'recall': 0.0, 'f1': 0.0, 'auc': 0.6542}
train: {'epoch': 1, 'eta': 1399677.3499, 'loss': 0.1518, 'lr': 0.001, 'params': 870905, 'time_iter': 13.7781, 'accuracy': 0.9626, 'precision': 0.0, 'recall': 0.0, 'f1': 0.0, 'auc': 0.6869}
val: {'epoch': 2, 'loss': 0.0873, 'lr': 0.001, 'params': 870905, 'time_iter': 2.3106, 'accuracy': 0.9803, 'precision': 0.0, 'recall': 0.0, 'f1': 0.0, 'auc': 0.7314}
train: {'epoch': 2, 'eta': 1406418.6583, 'loss': 0.1477, 'lr': 0.001, 'params': 870905, 'time_iter': 14.5118, 'accuracy': 0.9626, 'precision': 0.0, 'recall': 0.0, 'f1': 0.0, 'auc': 0.7082}
val: {'epoch': 3, 'loss': 0.0857, 'lr': 0.001, 'params': 870905, 'time_iter': 2.3759, 'accuracy': 0.9803, 'precision': 0.0, 'recall': 0.0, 'f1': 0.0, 'auc': 0.7418}
train: {'epoch': 3, 'eta': 1388828.0354, 'loss': 0.144, 'lr': 0.001, 'params': 870905, 'time_iter': 13.9654, 'accuracy': 0.9626, 'precision': 0.0, 'recall': 0.0, 'f1': 0.0, 'auc': 0.7337}
val: {'epoch': 4, 'loss': 0.0817, 'lr': 0.001, 'params': 870905, 'time_iter': 2.2929, 'accuracy': 0.9803, 'precision': 0.0, 'recall': 0.0, 'f1': 0.0, 'auc': 0.7578}
train: {'epoch': 4, 'eta': 1368618.8385, 'loss': 0.1407, 'lr': 0.001, 'params': 870905, 'time_iter': 13.7655, 'accuracy': 0.9625, 'precision': 0.0, 'recall': 0.0, 'f1': 0.0, 'auc': 0.748}
val: {'epoch': 5, 'loss': 0.0807, 'lr': 0.001, 'params': 870905, 'time_iter': 2.2717, 'accuracy': 0.9803, 'precision': 0.0, 'recall': 0.0, 'f1': 0.0, 'auc': 0.7655}
train: {'epoch': 5, 'eta': 1350233.7661, 'loss': 0.137, 'lr': 0.001, 'params': 870905, 'time_iter': 13.7537, 'accuracy': 0.9625, 'precision': 0.0, 'recall': 0.0, 'f1': 0.0, 'auc': 0.7662}
val: {'epoch': 6, 'loss': 0.081, 'lr': 0.001, 'params': 870905, 'time_iter': 2.5783, 'accuracy': 0.9808, 'precision': 1.0, 'recall': 0.0247, 'f1': 0.0482, 'auc': 0.7796}
train: {'epoch': 6, 'eta': 1334633.119, 'loss': 0.1356, 'lr': 0.001, 'params': 870905, 'time_iter': 13.8689, 'accuracy': 0.9626, 'precision': 0.5, 'recall': 0.0049, 'f1': 0.0096, 'auc': 0.7678}
val: {'epoch': 7, 'loss': 0.0754, 'lr': 0.001, 'params': 870905, 'time_iter': 2.242, 'accuracy': 0.981, 'precision': 0.8, 'recall': 0.0494, 'f1': 0.093, 'auc': 0.8017}
train: {'epoch': 7, 'eta': 1324387.3485, 'loss': 0.1338, 'lr': 0.001, 'params': 870905, 'time_iter': 14.2934, 'accuracy': 0.9627, 'precision': 0.5769, 'recall': 0.0122, 'f1': 0.0238, 'auc': 0.7778}
val: {'epoch': 8, 'loss': 0.0816, 'lr': 0.001, 'params': 870905, 'time_iter': 2.3381, 'accuracy': 0.982, 'precision': 0.8182, 'recall': 0.1111, 'f1': 0.1957, 'auc': 0.7751}
train: {'epoch': 8, 'eta': 1307746.3265, 'loss': 0.1309, 'lr': 0.001, 'params': 870905, 'time_iter': 13.774, 'accuracy': 0.9629, 'precision': 0.6078, 'recall': 0.0252, 'f1': 0.0483, 'auc': 0.792}
val: {'epoch': 9, 'loss': 0.0769, 'lr': 0.001, 'params': 870905, 'time_iter': 2.3005, 'accuracy': 0.981, 'precision': 0.6, 'recall': 0.1111, 'f1': 0.1875, 'auc': 0.7919}
train: {'epoch': 9, 'eta': 1292776.9518, 'loss': 0.1288, 'lr': 0.001, 'params': 870905, 'time_iter': 13.9012, 'accuracy': 0.9635, 'precision': 0.6786, 'recall': 0.0463, 'f1': 0.0866, 'auc': 0.7959}
val: {'epoch': 10, 'loss': 0.0779, 'lr': 0.001, 'params': 870905, 'time_iter': 2.32, 'accuracy': 0.9818, 'precision': 0.75, 'recall': 0.1111, 'f1': 0.1935, 'auc': 0.7771}
train: {'epoch': 10, 'eta': 1279023.5113, 'loss': 0.1269, 'lr': 0.001, 'params': 870905, 'time_iter': 14.0327, 'accuracy': 0.9636, 'precision': 0.6491, 'recall': 0.0601, 'f1': 0.11, 'auc': 0.8022}
val: {'epoch': 11, 'loss': 0.0807, 'lr': 0.001, 'params': 870905, 'time_iter': 2.4778, 'accuracy': 0.9808, 'precision': 0.55, 'recall': 0.1358, 'f1': 0.2178, 'auc': 0.7766}
train: {'epoch': 11, 'eta': 1264722.6943, 'loss': 0.1253, 'lr': 0.001, 'params': 870905, 'time_iter': 13.9753, 'accuracy': 0.9634, 'precision': 0.6015, 'recall': 0.0649, 'f1': 0.1172, 'auc': 0.8072}
val: {'epoch': 12, 'loss': 0.0795, 'lr': 0.001, 'params': 870905, 'time_iter': 2.3246, 'accuracy': 0.981, 'precision': 0.6154, 'recall': 0.0988, 'f1': 0.1702, 'auc': 0.7763}
train: {'epoch': 12, 'eta': 1250667.6594, 'loss': 0.1237, 'lr': 0.001, 'params': 870905, 'time_iter': 14.0128, 'accuracy': 0.964, 'precision': 0.6369, 'recall': 0.0925, 'f1': 0.1616, 'auc': 0.8162}
val: {'epoch': 13, 'loss': 0.083, 'lr': 0.001, 'params': 870905, 'time_iter': 2.5029, 'accuracy': 0.9818, 'precision': 0.75, 'recall': 0.1111, 'f1': 0.1935, 'auc': 0.771}
train: {'epoch': 13, 'eta': 1232639.3073, 'loss': 0.1224, 'lr': 0.001, 'params': 870905, 'time_iter': 13.3925, 'accuracy': 0.9643, 'precision': 0.6541, 'recall': 0.0982, 'f1': 0.1708, 'auc': 0.8199}
val: {'epoch': 14, 'loss': 0.0843, 'lr': 0.001, 'params': 870905, 'time_iter': 2.3245, 'accuracy': 0.9813, 'precision': 0.7, 'recall': 0.0864, 'f1': 0.1538, 'auc': 0.7252}
train: {'epoch': 14, 'eta': 1219203.6371, 'loss': 0.1211, 'lr': 0.001, 'params': 870905, 'time_iter': 14.083, 'accuracy': 0.9647, 'precision': 0.6592, 'recall': 0.1193, 'f1': 0.2021, 'auc': 0.8266}
val: {'epoch': 15, 'loss': 0.0751, 'lr': 0.001, 'params': 870905, 'time_iter': 2.3137, 'accuracy': 0.9827, 'precision': 0.6786, 'recall': 0.2346, 'f1': 0.3486, 'auc': 0.7798}
train: {'epoch': 15, 'eta': 1202575.6385, 'loss': 0.1193, 'lr': 0.001, 'params': 870905, 'time_iter': 13.5165, 'accuracy': 0.9649, 'precision': 0.6484, 'recall': 0.1347, 'f1': 0.2231, 'auc': 0.8297}
val: {'epoch': 16, 'loss': 0.0782, 'lr': 0.001, 'params': 870905, 'time_iter': 2.5366, 'accuracy': 0.982, 'precision': 0.6667, 'recall': 0.1728, 'f1': 0.2745, 'auc': 0.7876}
train: {'epoch': 16, 'eta': 1186720.668, 'loss': 0.1175, 'lr': 0.001, 'params': 870905, 'time_iter': 13.6067, 'accuracy': 0.9657, 'precision': 0.6868, 'recall': 0.1567, 'f1': 0.2551, 'auc': 0.833}
val: {'epoch': 17, 'loss': 0.0802, 'lr': 0.001, 'params': 870905, 'time_iter': 2.2824, 'accuracy': 0.9813, 'precision': 0.7, 'recall': 0.0864, 'f1': 0.1538, 'auc': 0.7683}
train: {'epoch': 17, 'eta': 1173052.1131, 'loss': 0.1174, 'lr': 0.001, 'params': 870905, 'time_iter': 14.0291, 'accuracy': 0.9657, 'precision': 0.6699, 'recall': 0.1664, 'f1': 0.2666, 'auc': 0.8339}
val: {'epoch': 18, 'loss': 0.0781, 'lr': 0.001, 'params': 870905, 'time_iter': 2.4348, 'accuracy': 0.9825, 'precision': 0.5882, 'recall': 0.3704, 'f1': 0.4545, 'auc': 0.7937}
train: {'epoch': 18, 'eta': 1157504.7702, 'loss': 0.1162, 'lr': 0.001, 'params': 870905, 'time_iter': 13.6193, 'accuracy': 0.9664, 'precision': 0.6933, 'recall': 0.1834, 'f1': 0.2901, 'auc': 0.8355}
val: {'epoch': 19, 'loss': 0.0793, 'lr': 0.001, 'params': 870905, 'time_iter': 2.2732, 'accuracy': 0.9823, 'precision': 0.6667, 'recall': 0.1975, 'f1': 0.3048, 'auc': 0.7619}
train: {'epoch': 19, 'eta': 1143424.4257, 'loss': 0.1146, 'lr': 0.001, 'params': 870905, 'time_iter': 13.9384, 'accuracy': 0.9668, 'precision': 0.6911, 'recall': 0.207, 'f1': 0.3186, 'auc': 0.8425}
val: {'epoch': 20, 'loss': 0.0828, 'lr': 0.001, 'params': 870905, 'time_iter': 2.3648, 'accuracy': 0.9801, 'precision': 0.4857, 'recall': 0.2099, 'f1': 0.2931, 'auc': 0.7609}
train: {'epoch': 20, 'eta': 1127904.5902, 'loss': 0.1139, 'lr': 0.001, 'params': 870905, 'time_iter': 13.573, 'accuracy': 0.9668, 'precision': 0.6986, 'recall': 0.2013, 'f1': 0.3125, 'auc': 0.8446}
val: {'epoch': 21, 'loss': 0.0855, 'lr': 0.001, 'params': 870905, 'time_iter': 2.5525, 'accuracy': 0.9791, 'precision': 0.439, 'recall': 0.2222, 'f1': 0.2951, 'auc': 0.7415}
train: {'epoch': 21, 'eta': 1113964.9187, 'loss': 0.1134, 'lr': 0.001, 'params': 870905, 'time_iter': 13.9674, 'accuracy': 0.9678, 'precision': 0.7289, 'recall': 0.2248, 'f1': 0.3437, 'auc': 0.8419}
val: {'epoch': 22, 'loss': 0.0811, 'lr': 0.001, 'params': 870905, 'time_iter': 2.3209, 'accuracy': 0.982, 'precision': 0.6296, 'recall': 0.2099, 'f1': 0.3148, 'auc': 0.772}
train: {'epoch': 22, 'eta': 1099365.0865, 'loss': 0.1125, 'lr': 0.001, 'params': 870905, 'time_iter': 13.7867, 'accuracy': 0.9673, 'precision': 0.7116, 'recall': 0.2143, 'f1': 0.3294, 'auc': 0.8496}
val: {'epoch': 23, 'loss': 0.0812, 'lr': 0.001, 'params': 870905, 'time_iter': 2.4334, 'accuracy': 0.9815, 'precision': 0.6667, 'recall': 0.1235, 'f1': 0.2083, 'auc': 0.771}
train: {'epoch': 23, 'eta': 1084887.4748, 'loss': 0.1117, 'lr': 0.001, 'params': 870905, 'time_iter': 13.8137, 'accuracy': 0.9681, 'precision': 0.7305, 'recall': 0.2354, 'f1': 0.356, 'auc': 0.8468}
val: {'epoch': 24, 'loss': 0.0772, 'lr': 0.001, 'params': 870905, 'time_iter': 2.1877, 'accuracy': 0.9825, 'precision': 0.6286, 'recall': 0.2716, 'f1': 0.3793, 'auc': 0.7936}
train: {'epoch': 24, 'eta': 1071234.3077, 'loss': 0.1113, 'lr': 0.001, 'params': 870905, 'time_iter': 14.0739, 'accuracy': 0.9678, 'precision': 0.719, 'recall': 0.2305, 'f1': 0.3491, 'auc': 0.8492}
val: {'epoch': 25, 'loss': 0.0785, 'lr': 0.001, 'params': 870905, 'time_iter': 2.4035, 'accuracy': 0.9813, 'precision': 0.5833, 'recall': 0.1728, 'f1': 0.2667, 'auc': 0.7837}
train: {'epoch': 25, 'eta': 1055653.422, 'loss': 0.1099, 'lr': 0.001, 'params': 870905, 'time_iter': 13.4375, 'accuracy': 0.9679, 'precision': 0.7092, 'recall': 0.2435, 'f1': 0.3625, 'auc': 0.857}
val: {'epoch': 26, 'loss': 0.0809, 'lr': 0.001, 'params': 870905, 'time_iter': 2.2376, 'accuracy': 0.9818, 'precision': 0.625, 'recall': 0.1852, 'f1': 0.2857, 'auc': 0.7739}
train: {'epoch': 26, 'eta': 1042255.5767, 'loss': 0.11, 'lr': 0.001, 'params': 870905, 'time_iter': 14.1754, 'accuracy': 0.968, 'precision': 0.7199, 'recall': 0.2378, 'f1': 0.3575, 'auc': 0.8562}
val: {'epoch': 27, 'loss': 0.0791, 'lr': 0.001, 'params': 870905, 'time_iter': 2.3216, 'accuracy': 0.9803, 'precision': 0.5, 'recall': 0.1358, 'f1': 0.2136, 'auc': 0.7897}
train: {'epoch': 27, 'eta': 1027715.2157, 'loss': 0.109, 'lr': 0.001, 'params': 870905, 'time_iter': 13.7757, 'accuracy': 0.9685, 'precision': 0.7168, 'recall': 0.263, 'f1': 0.3848, 'auc': 0.8575}
val: {'epoch': 28, 'loss': 0.094, 'lr': 0.001, 'params': 870905, 'time_iter': 2.5772, 'accuracy': 0.9798, 'precision': 0.45, 'recall': 0.1111, 'f1': 0.1782, 'auc': 0.7659}
train: {'epoch': 28, 'eta': 1012863.1529, 'loss': 0.1071, 'lr': 0.001, 'params': 870905, 'time_iter': 13.642, 'accuracy': 0.9689, 'precision': 0.7297, 'recall': 0.2695, 'f1': 0.3936, 'auc': 0.8604}
val: {'epoch': 29, 'loss': 0.0752, 'lr': 0.001, 'params': 870905, 'time_iter': 2.2501, 'accuracy': 0.9823, 'precision': 0.6667, 'recall': 0.1975, 'f1': 0.3048, 'auc': 0.7977}
train: {'epoch': 29, 'eta': 998054.0883, 'loss': 0.1073, 'lr': 0.001, 'params': 870905, 'time_iter': 13.6373, 'accuracy': 0.9687, 'precision': 0.7241, 'recall': 0.2662, 'f1': 0.3893, 'auc': 0.866}
val: {'epoch': 30, 'loss': 0.0857, 'lr': 0.001, 'params': 870905, 'time_iter': 2.451, 'accuracy': 0.982, 'precision': 0.8889, 'recall': 0.0988, 'f1': 0.1778, 'auc': 0.7803}
train: {'epoch': 30, 'eta': 983537.968, 'loss': 0.1061, 'lr': 0.001, 'params': 870905, 'time_iter': 13.7434, 'accuracy': 0.9688, 'precision': 0.7134, 'recall': 0.2768, 'f1': 0.3988, 'auc': 0.8706}
val: {'epoch': 31, 'loss': 0.0771, 'lr': 0.001, 'params': 870905, 'time_iter': 2.2548, 'accuracy': 0.9815, 'precision': 0.5758, 'recall': 0.2346, 'f1': 0.3333, 'auc': 0.7943}
train: {'epoch': 31, 'eta': 968761.5995, 'loss': 0.1061, 'lr': 0.001, 'params': 870905, 'time_iter': 13.6136, 'accuracy': 0.9689, 'precision': 0.7213, 'recall': 0.2752, 'f1': 0.3984, 'auc': 0.87}
val: {'epoch': 32, 'loss': 0.0799, 'lr': 0.001, 'params': 870905, 'time_iter': 2.2301, 'accuracy': 0.9796, 'precision': 0.4634, 'recall': 0.2346, 'f1': 0.3115, 'auc': 0.7947}
train: {'epoch': 32, 'eta': 954052.958, 'loss': 0.1048, 'lr': 0.001, 'params': 870905, 'time_iter': 13.6238, 'accuracy': 0.9695, 'precision': 0.7295, 'recall': 0.2955, 'f1': 0.4206, 'auc': 0.8735}
val: {'epoch': 33, 'loss': 0.0761, 'lr': 0.001, 'params': 870905, 'time_iter': 2.6942, 'accuracy': 0.9813, 'precision': 0.5625, 'recall': 0.2222, 'f1': 0.3186, 'auc': 0.7902}
train: {'epoch': 33, 'eta': 939756.1464, 'loss': 0.1045, 'lr': 0.001, 'params': 870905, 'time_iter': 13.8096, 'accuracy': 0.9702, 'precision': 0.7608, 'recall': 0.2995, 'f1': 0.4298, 'auc': 0.8705}
val: {'epoch': 34, 'loss': 0.0802, 'lr': 0.001, 'params': 870905, 'time_iter': 2.2939, 'accuracy': 0.9793, 'precision': 0.46, 'recall': 0.284, 'f1': 0.3511, 'auc': 0.7849}
train: {'epoch': 34, 'eta': 925489.7504, 'loss': 0.1036, 'lr': 0.001, 'params': 870905, 'time_iter': 13.823, 'accuracy': 0.9697, 'precision': 0.7458, 'recall': 0.2906, 'f1': 0.4182, 'auc': 0.8778}
val: {'epoch': 35, 'loss': 0.0805, 'lr': 0.001, 'params': 870905, 'time_iter': 2.4143, 'accuracy': 0.981, 'precision': 0.6, 'recall': 0.1111, 'f1': 0.1875, 'auc': 0.788}
train: {'epoch': 35, 'eta': 911302.2273, 'loss': 0.1019, 'lr': 0.001, 'params': 870905, 'time_iter': 13.8648, 'accuracy': 0.9705, 'precision': 0.7514, 'recall': 0.319, 'f1': 0.4479, 'auc': 0.8821}
val: {'epoch': 36, 'loss': 0.08, 'lr': 0.001, 'params': 870905, 'time_iter': 2.2319, 'accuracy': 0.9791, 'precision': 0.439, 'recall': 0.2222, 'f1': 0.2951, 'auc': 0.7895}
train: {'epoch': 36, 'eta': 896880.4241, 'loss': 0.1029, 'lr': 0.001, 'params': 870905, 'time_iter': 13.7335, 'accuracy': 0.9698, 'precision': 0.7337, 'recall': 0.3019, 'f1': 0.4278, 'auc': 0.8804}
val: {'epoch': 37, 'loss': 0.0756, 'lr': 0.001, 'params': 870905, 'time_iter': 2.2062, 'accuracy': 0.9801, 'precision': 0.4865, 'recall': 0.2222, 'f1': 0.3051, 'auc': 0.7915}
train: {'epoch': 37, 'eta': 882618.426, 'loss': 0.1022, 'lr': 0.001, 'params': 870905, 'time_iter': 13.8196, 'accuracy': 0.97, 'precision': 0.7273, 'recall': 0.3182, 'f1': 0.4427, 'auc': 0.8822}
val: {'epoch': 38, 'loss': 0.0773, 'lr': 0.001, 'params': 870905, 'time_iter': 2.5638, 'accuracy': 0.9813, 'precision': 0.5526, 'recall': 0.2593, 'f1': 0.3529, 'auc': 0.8046}
train: {'epoch': 38, 'eta': 868182.8525, 'loss': 0.1016, 'lr': 0.001, 'params': 870905, 'time_iter': 13.7104, 'accuracy': 0.9706, 'precision': 0.7548, 'recall': 0.3198, 'f1': 0.4493, 'auc': 0.8822}
val: {'epoch': 39, 'loss': 0.0802, 'lr': 0.001, 'params': 870905, 'time_iter': 2.207, 'accuracy': 0.9803, 'precision': 0.5, 'recall': 0.1605, 'f1': 0.243, 'auc': 0.7873}
train: {'epoch': 39, 'eta': 853581.7387, 'loss': 0.1019, 'lr': 0.001, 'params': 870905, 'time_iter': 13.5926, 'accuracy': 0.9706, 'precision': 0.7472, 'recall': 0.3239, 'f1': 0.4519, 'auc': 0.8844}
val: {'epoch': 40, 'loss': 0.0777, 'lr': 0.001, 'params': 870905, 'time_iter': 2.4537, 'accuracy': 0.9788, 'precision': 0.4118, 'recall': 0.1728, 'f1': 0.2435, 'auc': 0.7918}
train: {'epoch': 40, 'eta': 839209.0236, 'loss': 0.0996, 'lr': 0.001, 'params': 870905, 'time_iter': 13.7266, 'accuracy': 0.9714, 'precision': 0.7674, 'recall': 0.3401, 'f1': 0.4713, 'auc': 0.887}
val: {'epoch': 41, 'loss': 0.0776, 'lr': 0.001, 'params': 870905, 'time_iter': 2.3642, 'accuracy': 0.9825, 'precision': 0.6667, 'recall': 0.2222, 'f1': 0.3333, 'auc': 0.7853}
train: {'epoch': 41, 'eta': 824753.6593, 'loss': 0.0998, 'lr': 0.001, 'params': 870905, 'time_iter': 13.6601, 'accuracy': 0.9708, 'precision': 0.7441, 'recall': 0.3352, 'f1': 0.4622, 'auc': 0.892}
val: {'epoch': 42, 'loss': 0.082, 'lr': 0.001, 'params': 870905, 'time_iter': 2.3219, 'accuracy': 0.9808, 'precision': 0.55, 'recall': 0.1358, 'f1': 0.2178, 'auc': 0.7771}
train: {'epoch': 42, 'eta': 810970.5778, 'loss': 0.0982, 'lr': 0.001, 'params': 870905, 'time_iter': 14.1394, 'accuracy': 0.9711, 'precision': 0.7536, 'recall': 0.3401, 'f1': 0.4687, 'auc': 0.8956}
val: {'epoch': 43, 'loss': 0.0787, 'lr': 0.001, 'params': 870905, 'time_iter': 2.414, 'accuracy': 0.981, 'precision': 0.5714, 'recall': 0.1481, 'f1': 0.2353, 'auc': 0.7981}
train: {'epoch': 43, 'eta': 796851.5709, 'loss': 0.0981, 'lr': 0.001, 'params': 870905, 'time_iter': 13.9095, 'accuracy': 0.9714, 'precision': 0.7553, 'recall': 0.3482, 'f1': 0.4767, 'auc': 0.8956}
val: {'epoch': 44, 'loss': 0.0927, 'lr': 0.001, 'params': 870905, 'time_iter': 2.3192, 'accuracy': 0.9805, 'precision': 0.5294, 'recall': 0.1111, 'f1': 0.1837, 'auc': 0.7631}
train: {'epoch': 44, 'eta': 783118.9411, 'loss': 0.0965, 'lr': 0.001, 'params': 870905, 'time_iter': 14.2235, 'accuracy': 0.9719, 'precision': 0.7684, 'recall': 0.3555, 'f1': 0.4861, 'auc': 0.9022}
val: {'epoch': 45, 'loss': 0.0816, 'lr': 0.001, 'params': 870905, 'time_iter': 2.4563, 'accuracy': 0.9808, 'precision': 0.5278, 'recall': 0.2346, 'f1': 0.3248, 'auc': 0.7852}
train: {'epoch': 45, 'eta': 769026.2358, 'loss': 0.0961, 'lr': 0.001, 'params': 870905, 'time_iter': 13.958, 'accuracy': 0.9718, 'precision': 0.7635, 'recall': 0.3563, 'f1': 0.4859, 'auc': 0.9003}
val: {'epoch': 46, 'loss': 0.0835, 'lr': 0.001, 'params': 870905, 'time_iter': 2.1818, 'accuracy': 0.9803, 'precision': 0.5, 'recall': 0.0988, 'f1': 0.1649, 'auc': 0.7945}
train: {'epoch': 46, 'eta': 755620.4635, 'loss': 0.0964, 'lr': 0.001, 'params': 870905, 'time_iter': 14.5599, 'accuracy': 0.9716, 'precision': 0.7551, 'recall': 0.358, 'f1': 0.4857, 'auc': 0.901}
val: {'epoch': 47, 'loss': 0.0807, 'lr': 0.001, 'params': 870905, 'time_iter': 2.2908, 'accuracy': 0.9813, 'precision': 0.5714, 'recall': 0.1975, 'f1': 0.2936, 'auc': 0.783}
train: {'epoch': 47, 'eta': 741629.1845, 'loss': 0.0969, 'lr': 0.001, 'params': 870905, 'time_iter': 14.0935, 'accuracy': 0.9721, 'precision': 0.7716, 'recall': 0.362, 'f1': 0.4928, 'auc': 0.8995}
val: {'epoch': 48, 'loss': 0.0754, 'lr': 0.001, 'params': 870905, 'time_iter': 2.5139, 'accuracy': 0.9818, 'precision': 0.5833, 'recall': 0.2593, 'f1': 0.359, 'auc': 0.8096}
train: {'epoch': 48, 'eta': 727541.1862, 'loss': 0.0941, 'lr': 0.001, 'params': 870905, 'time_iter': 14.0227, 'accuracy': 0.9718, 'precision': 0.758, 'recall': 0.3636, 'f1': 0.4915, 'auc': 0.9087}
val: {'epoch': 49, 'loss': 0.086, 'lr': 0.001, 'params': 870905, 'time_iter': 2.29, 'accuracy': 0.9815, 'precision': 0.6316, 'recall': 0.1481, 'f1': 0.24, 'auc': 0.7711}
train: {'epoch': 49, 'eta': 713584.979, 'loss': 0.0934, 'lr': 0.001, 'params': 870905, 'time_iter': 14.1641, 'accuracy': 0.9728, 'precision': 0.7867, 'recall': 0.3742, 'f1': 0.5072, 'auc': 0.9109}
val: {'epoch': 50, 'loss': 0.0799, 'lr': 0.001, 'params': 870905, 'time_iter': 2.3885, 'accuracy': 0.981, 'precision': 0.5517, 'recall': 0.1975, 'f1': 0.2909, 'auc': 0.7809}
train: {'epoch': 50, 'eta': 699585.2652, 'loss': 0.0929, 'lr': 0.001, 'params': 870905, 'time_iter': 14.1446, 'accuracy': 0.9719, 'precision': 0.7521, 'recall': 0.3718, 'f1': 0.4976, 'auc': 0.9124}
val: {'epoch': 51, 'loss': 0.0809, 'lr': 0.001, 'params': 870905, 'time_iter': 2.3126, 'accuracy': 0.9796, 'precision': 0.4651, 'recall': 0.2469, 'f1': 0.3226, 'auc': 0.789}
train: {'epoch': 51, 'eta': 684914.3129, 'loss': 0.0932, 'lr': 0.001, 'params': 870905, 'time_iter': 13.4604, 'accuracy': 0.9726, 'precision': 0.7674, 'recall': 0.3856, 'f1': 0.5132, 'auc': 0.9111}
val: {'epoch': 52, 'loss': 0.0785, 'lr': 0.001, 'params': 870905, 'time_iter': 2.288, 'accuracy': 0.9813, 'precision': 0.5625, 'recall': 0.2222, 'f1': 0.3186, 'auc': 0.8144}
train: {'epoch': 52, 'eta': 670702.4592, 'loss': 0.0922, 'lr': 0.001, 'params': 870905, 'time_iter': 13.9296, 'accuracy': 0.9722, 'precision': 0.7624, 'recall': 0.375, 'f1': 0.5027, 'auc': 0.9143}
val: {'epoch': 53, 'loss': 0.0793, 'lr': 0.001, 'params': 870905, 'time_iter': 2.8305, 'accuracy': 0.9825, 'precision': 0.9091, 'recall': 0.1235, 'f1': 0.2174, 'auc': 0.8095}
train: {'epoch': 53, 'eta': 656655.2874, 'loss': 0.0917, 'lr': 0.001, 'params': 870905, 'time_iter': 14.1226, 'accuracy': 0.9725, 'precision': 0.765, 'recall': 0.3831, 'f1': 0.5105, 'auc': 0.9175}
val: {'epoch': 54, 'loss': 0.0829, 'lr': 0.001, 'params': 870905, 'time_iter': 2.1369, 'accuracy': 0.9798, 'precision': 0.475, 'recall': 0.2346, 'f1': 0.314, 'auc': 0.8017}
train: {'epoch': 54, 'eta': 642243.6712, 'loss': 0.0924, 'lr': 0.001, 'params': 870905, 'time_iter': 13.7107, 'accuracy': 0.9727, 'precision': 0.7774, 'recall': 0.3799, 'f1': 0.5104, 'auc': 0.9127}
val: {'epoch': 55, 'loss': 0.0775, 'lr': 0.001, 'params': 870905, 'time_iter': 2.4501, 'accuracy': 0.9832, 'precision': 0.6765, 'recall': 0.284, 'f1': 0.4, 'auc': 0.8089}
train: {'epoch': 55, 'eta': 628227.5285, 'loss': 0.0906, 'lr': 0.001, 'params': 870905, 'time_iter': 14.1864, 'accuracy': 0.9732, 'precision': 0.792, 'recall': 0.3864, 'f1': 0.5194, 'auc': 0.9184}
val: {'epoch': 56, 'loss': 0.0789, 'lr': 0.001, 'params': 870905, 'time_iter': 2.2302, 'accuracy': 0.983, 'precision': 0.6897, 'recall': 0.2469, 'f1': 0.3636, 'auc': 0.7957}
train: {'epoch': 56, 'eta': 614010.0034, 'loss': 0.0892, 'lr': 0.001, 'params': 870905, 'time_iter': 13.9533, 'accuracy': 0.9736, 'precision': 0.7774, 'recall': 0.414, 'f1': 0.5403, 'auc': 0.9195}
val: {'epoch': 57, 'loss': 0.0834, 'lr': 0.001, 'params': 870905, 'time_iter': 2.2871, 'accuracy': 0.9805, 'precision': 0.5161, 'recall': 0.1975, 'f1': 0.2857, 'auc': 0.7889}
train: {'epoch': 57, 'eta': 599683.0444, 'loss': 0.0879, 'lr': 0.001, 'params': 870905, 'time_iter': 13.8129, 'accuracy': 0.9729, 'precision': 0.7694, 'recall': 0.3953, 'f1': 0.5223, 'auc': 0.9262}
val: {'epoch': 58, 'loss': 0.0796, 'lr': 0.001, 'params': 870905, 'time_iter': 2.9622, 'accuracy': 0.9796, 'precision': 0.4571, 'recall': 0.1975, 'f1': 0.2759, 'auc': 0.8109}
train: {'epoch': 58, 'eta': 585751.5923, 'loss': 0.0881, 'lr': 0.001, 'params': 870905, 'time_iter': 14.3606, 'accuracy': 0.9739, 'precision': 0.7968, 'recall': 0.4075, 'f1': 0.5392, 'auc': 0.9228}
val: {'epoch': 59, 'loss': 0.0886, 'lr': 0.001, 'params': 870905, 'time_iter': 2.2432, 'accuracy': 0.9818, 'precision': 0.7143, 'recall': 0.1235, 'f1': 0.2105, 'auc': 0.7853}
train: {'epoch': 59, 'eta': 571787.5278, 'loss': 0.0879, 'lr': 0.001, 'params': 870905, 'time_iter': 14.3542, 'accuracy': 0.9728, 'precision': 0.7684, 'recall': 0.3904, 'f1': 0.5178, 'auc': 0.9267}
val: {'epoch': 60, 'loss': 0.1081, 'lr': 0.001, 'params': 870905, 'time_iter': 2.4175, 'accuracy': 0.9818, 'precision': 0.6875, 'recall': 0.1358, 'f1': 0.2268, 'auc': 0.7302}
train: {'epoch': 60, 'eta': 557501.4392, 'loss': 0.0878, 'lr': 0.001, 'params': 870905, 'time_iter': 13.9049, 'accuracy': 0.9736, 'precision': 0.7871, 'recall': 0.405, 'f1': 0.5348, 'auc': 0.9264}
val: {'epoch': 61, 'loss': 0.0802, 'lr': 0.001, 'params': 870905, 'time_iter': 2.2499, 'accuracy': 0.983, 'precision': 0.7391, 'recall': 0.2099, 'f1': 0.3269, 'auc': 0.8099}
train: {'epoch': 61, 'eta': 543440.4115, 'loss': 0.0856, 'lr': 0.001, 'params': 870905, 'time_iter': 14.2629, 'accuracy': 0.974, 'precision': 0.7869, 'recall': 0.4196, 'f1': 0.5474, 'auc': 0.9304}
val: {'epoch': 62, 'loss': 0.0876, 'lr': 0.001, 'params': 870905, 'time_iter': 2.3367, 'accuracy': 0.982, 'precision': 0.7692, 'recall': 0.1235, 'f1': 0.2128, 'auc': 0.7795}
train: {'epoch': 62, 'eta': 529041.9142, 'loss': 0.0872, 'lr': 0.001, 'params': 870905, 'time_iter': 13.7368, 'accuracy': 0.9732, 'precision': 0.7748, 'recall': 0.3994, 'f1': 0.527, 'auc': 0.928}
val: {'epoch': 63, 'loss': 0.0791, 'lr': 0.001, 'params': 870905, 'time_iter': 2.8142, 'accuracy': 0.9832, 'precision': 0.7, 'recall': 0.2593, 'f1': 0.3784, 'auc': 0.8315}
train: {'epoch': 63, 'eta': 514836.0091, 'loss': 0.0847, 'lr': 0.001, 'params': 870905, 'time_iter': 14.0553, 'accuracy': 0.9736, 'precision': 0.7817, 'recall': 0.4099, 'f1': 0.5378, 'auc': 0.9347}
val: {'epoch': 64, 'loss': 0.0786, 'lr': 0.001, 'params': 870905, 'time_iter': 2.2669, 'accuracy': 0.9798, 'precision': 0.475, 'recall': 0.2346, 'f1': 0.314, 'auc': 0.8116}
train: {'epoch': 64, 'eta': 500722.6885, 'loss': 0.0856, 'lr': 0.001, 'params': 870905, 'time_iter': 14.2367, 'accuracy': 0.9742, 'precision': 0.7857, 'recall': 0.4286, 'f1': 0.5546, 'auc': 0.9328}
val: {'epoch': 65, 'loss': 0.0783, 'lr': 0.001, 'params': 870905, 'time_iter': 2.4177, 'accuracy': 0.9827, 'precision': 0.6389, 'recall': 0.284, 'f1': 0.3932, 'auc': 0.8107}
train: {'epoch': 65, 'eta': 486525.8736, 'loss': 0.0856, 'lr': 0.001, 'params': 870905, 'time_iter': 14.1098, 'accuracy': 0.9739, 'precision': 0.7856, 'recall': 0.4164, 'f1': 0.5443, 'auc': 0.9311}
val: {'epoch': 66, 'loss': 0.0857, 'lr': 0.001, 'params': 870905, 'time_iter': 2.2419, 'accuracy': 0.9827, 'precision': 0.75, 'recall': 0.1852, 'f1': 0.297, 'auc': 0.8233}
train: {'epoch': 66, 'eta': 472544.4146, 'loss': 0.0837, 'lr': 0.001, 'params': 870905, 'time_iter': 14.5537, 'accuracy': 0.974, 'precision': 0.7831, 'recall': 0.4221, 'f1': 0.5485, 'auc': 0.9358}
val: {'epoch': 67, 'loss': 0.0894, 'lr': 0.001, 'params': 870905, 'time_iter': 2.3664, 'accuracy': 0.9825, 'precision': 0.6957, 'recall': 0.1975, 'f1': 0.3077, 'auc': 0.8131}
train: {'epoch': 67, 'eta': 458301.988, 'loss': 0.084, 'lr': 0.001, 'params': 870905, 'time_iter': 14.0752, 'accuracy': 0.9741, 'precision': 0.7882, 'recall': 0.4229, 'f1': 0.5504, 'auc': 0.9351}
val: {'epoch': 68, 'loss': 0.078, 'lr': 0.001, 'params': 870905, 'time_iter': 2.8539, 'accuracy': 0.982, 'precision': 0.5814, 'recall': 0.3086, 'f1': 0.4032, 'auc': 0.8276}
train: {'epoch': 68, 'eta': 443852.0846, 'loss': 0.0835, 'lr': 0.001, 'params': 870905, 'time_iter': 13.6415, 'accuracy': 0.9745, 'precision': 0.7885, 'recall': 0.4359, 'f1': 0.5614, 'auc': 0.9355}
val: {'epoch': 69, 'loss': 0.0867, 'lr': 0.001, 'params': 870905, 'time_iter': 2.2385, 'accuracy': 0.982, 'precision': 0.6667, 'recall': 0.1728, 'f1': 0.2745, 'auc': 0.7981}
train: {'epoch': 69, 'eta': 429451.1412, 'loss': 0.0812, 'lr': 0.001, 'params': 870905, 'time_iter': 13.7258, 'accuracy': 0.9741, 'precision': 0.7789, 'recall': 0.4318, 'f1': 0.5556, 'auc': 0.9442}
val: {'epoch': 70, 'loss': 0.0926, 'lr': 0.001, 'params': 870905, 'time_iter': 2.4584, 'accuracy': 0.983, 'precision': 0.7619, 'recall': 0.1975, 'f1': 0.3137, 'auc': 0.7922}
train: {'epoch': 70, 'eta': 414976.0585, 'loss': 0.0818, 'lr': 0.001, 'params': 870905, 'time_iter': 13.5308, 'accuracy': 0.9747, 'precision': 0.7947, 'recall': 0.4367, 'f1': 0.5636, 'auc': 0.9407}
val: {'epoch': 71, 'loss': 0.0894, 'lr': 0.001, 'params': 870905, 'time_iter': 2.2977, 'accuracy': 0.9805, 'precision': 0.5152, 'recall': 0.2099, 'f1': 0.2982, 'auc': 0.8003}
train: {'epoch': 71, 'eta': 400709.2157, 'loss': 0.0802, 'lr': 0.001, 'params': 870905, 'time_iter': 14.0129, 'accuracy': 0.9754, 'precision': 0.8143, 'recall': 0.4448, 'f1': 0.5753, 'auc': 0.9425}
val: {'epoch': 72, 'loss': 0.0835, 'lr': 0.001, 'params': 870905, 'time_iter': 2.3615, 'accuracy': 0.9791, 'precision': 0.4468, 'recall': 0.2593, 'f1': 0.3281, 'auc': 0.8071}
train: {'epoch': 72, 'eta': 386319.8634, 'loss': 0.0811, 'lr': 0.001, 'params': 870905, 'time_iter': 13.702, 'accuracy': 0.9751, 'precision': 0.791, 'recall': 0.4545, 'f1': 0.5773, 'auc': 0.9419}
val: {'epoch': 73, 'loss': 0.0928, 'lr': 0.001, 'params': 870905, 'time_iter': 3.1227, 'accuracy': 0.9801, 'precision': 0.4878, 'recall': 0.2469, 'f1': 0.3279, 'auc': 0.8014}
train: {'epoch': 73, 'eta': 371998.7436, 'loss': 0.0813, 'lr': 0.001, 'params': 870905, 'time_iter': 13.869, 'accuracy': 0.9744, 'precision': 0.7746, 'recall': 0.4464, 'f1': 0.5664, 'auc': 0.9412}
val: {'epoch': 74, 'loss': 0.0924, 'lr': 0.001, 'params': 870905, 'time_iter': 2.2639, 'accuracy': 0.982, 'precision': 0.6522, 'recall': 0.1852, 'f1': 0.2885, 'auc': 0.8002}
train: {'epoch': 74, 'eta': 357619.3176, 'loss': 0.0795, 'lr': 0.001, 'params': 870905, 'time_iter': 13.6951, 'accuracy': 0.9741, 'precision': 0.768, 'recall': 0.4407, 'f1': 0.5601, 'auc': 0.9472}
val: {'epoch': 75, 'loss': 0.0899, 'lr': 0.001, 'params': 870905, 'time_iter': 2.3908, 'accuracy': 0.9803, 'precision': 0.5, 'recall': 0.1852, 'f1': 0.2703, 'auc': 0.7763}
train: {'epoch': 75, 'eta': 343275.9082, 'loss': 0.0785, 'lr': 0.001, 'params': 870905, 'time_iter': 13.7827, 'accuracy': 0.9747, 'precision': 0.7817, 'recall': 0.4505, 'f1': 0.5716, 'auc': 0.9479}
val: {'epoch': 76, 'loss': 0.1008, 'lr': 0.001, 'params': 870905, 'time_iter': 2.3116, 'accuracy': 0.9798, 'precision': 0.4667, 'recall': 0.1728, 'f1': 0.2523, 'auc': 0.7711}
train: {'epoch': 76, 'eta': 328851.2859, 'loss': 0.0789, 'lr': 0.001, 'params': 870905, 'time_iter': 13.5049, 'accuracy': 0.9747, 'precision': 0.7811, 'recall': 0.4489, 'f1': 0.5701, 'auc': 0.9476}
val: {'epoch': 77, 'loss': 0.092, 'lr': 0.001, 'params': 870905, 'time_iter': 2.3301, 'accuracy': 0.981, 'precision': 0.5517, 'recall': 0.1975, 'f1': 0.2909, 'auc': 0.7982}
train: {'epoch': 77, 'eta': 314439.1735, 'loss': 0.0796, 'lr': 0.001, 'params': 870905, 'time_iter': 13.5013, 'accuracy': 0.974, 'precision': 0.7654, 'recall': 0.4424, 'f1': 0.5607, 'auc': 0.9477}
val: {'epoch': 78, 'loss': 0.0998, 'lr': 0.001, 'params': 870905, 'time_iter': 2.5915, 'accuracy': 0.9818, 'precision': 0.625, 'recall': 0.1852, 'f1': 0.2857, 'auc': 0.7862}
train: {'epoch': 78, 'eta': 300021.5601, 'loss': 0.0758, 'lr': 0.001, 'params': 870905, 'time_iter': 13.4332, 'accuracy': 0.9759, 'precision': 0.8003, 'recall': 0.4748, 'f1': 0.596, 'auc': 0.9514}
val: {'epoch': 79, 'loss': 0.1038, 'lr': 0.001, 'params': 870905, 'time_iter': 2.2178, 'accuracy': 0.981, 'precision': 0.5789, 'recall': 0.1358, 'f1': 0.22, 'auc': 0.7994}
train: {'epoch': 79, 'eta': 285818.6192, 'loss': 0.0776, 'lr': 0.001, 'params': 870905, 'time_iter': 14.2099, 'accuracy': 0.9755, 'precision': 0.7934, 'recall': 0.4675, 'f1': 0.5884, 'auc': 0.9485}
val: {'epoch': 80, 'loss': 0.1005, 'lr': 0.001, 'params': 870905, 'time_iter': 2.3962, 'accuracy': 0.9813, 'precision': 0.5625, 'recall': 0.2222, 'f1': 0.3186, 'auc': 0.7417}
train: {'epoch': 80, 'eta': 271446.5004, 'loss': 0.076, 'lr': 0.001, 'params': 870905, 'time_iter': 13.5518, 'accuracy': 0.9757, 'precision': 0.788, 'recall': 0.4797, 'f1': 0.5964, 'auc': 0.9504}
val: {'epoch': 81, 'loss': 0.1001, 'lr': 0.001, 'params': 870905, 'time_iter': 2.3362, 'accuracy': 0.9798, 'precision': 0.4688, 'recall': 0.1852, 'f1': 0.2655, 'auc': 0.7893}
train: {'epoch': 81, 'eta': 257154.725, 'loss': 0.0763, 'lr': 0.001, 'params': 870905, 'time_iter': 13.8614, 'accuracy': 0.9755, 'precision': 0.8046, 'recall': 0.4578, 'f1': 0.5835, 'auc': 0.9516}
val: {'epoch': 82, 'loss': 0.099, 'lr': 0.001, 'params': 870905, 'time_iter': 2.3715, 'accuracy': 0.9818, 'precision': 0.6071, 'recall': 0.2099, 'f1': 0.3119, 'auc': 0.789}
train: {'epoch': 82, 'eta': 242934.6173, 'loss': 0.0755, 'lr': 0.001, 'params': 870905, 'time_iter': 14.1982, 'accuracy': 0.9754, 'precision': 0.7883, 'recall': 0.4683, 'f1': 0.5876, 'auc': 0.9541}
val: {'epoch': 83, 'loss': 0.108, 'lr': 0.001, 'params': 870905, 'time_iter': 2.6783, 'accuracy': 0.9815, 'precision': 0.6316, 'recall': 0.1481, 'f1': 0.24, 'auc': 0.7542}
train: {'epoch': 83, 'eta': 228661.4091, 'loss': 0.0743, 'lr': 0.001, 'params': 870905, 'time_iter': 13.9746, 'accuracy': 0.9758, 'precision': 0.7995, 'recall': 0.4724, 'f1': 0.5939, 'auc': 0.9551}
val: {'epoch': 84, 'loss': 0.0906, 'lr': 0.001, 'params': 870905, 'time_iter': 2.2786, 'accuracy': 0.9813, 'precision': 0.5625, 'recall': 0.2222, 'f1': 0.3186, 'auc': 0.7889}
train: {'epoch': 84, 'eta': 214414.3753, 'loss': 0.074, 'lr': 0.001, 'params': 870905, 'time_iter': 14.1326, 'accuracy': 0.9753, 'precision': 0.7838, 'recall': 0.4708, 'f1': 0.5882, 'auc': 0.9562}
val: {'epoch': 85, 'loss': 0.0944, 'lr': 0.001, 'params': 870905, 'time_iter': 2.4809, 'accuracy': 0.9779, 'precision': 0.381, 'recall': 0.1975, 'f1': 0.2602, 'auc': 0.7936}
train: {'epoch': 85, 'eta': 200096.5722, 'loss': 0.0731, 'lr': 0.001, 'params': 870905, 'time_iter': 13.7511, 'accuracy': 0.9764, 'precision': 0.8104, 'recall': 0.4821, 'f1': 0.6046, 'auc': 0.9562}
val: {'epoch': 86, 'loss': 0.1003, 'lr': 0.001, 'params': 870905, 'time_iter': 2.9151, 'accuracy': 0.9825, 'precision': 0.7647, 'recall': 0.1605, 'f1': 0.2653, 'auc': 0.782}
train: {'epoch': 86, 'eta': 185777.4963, 'loss': 0.074, 'lr': 0.001, 'params': 870905, 'time_iter': 13.7177, 'accuracy': 0.9762, 'precision': 0.8041, 'recall': 0.483, 'f1': 0.6034, 'auc': 0.9559}
val: {'epoch': 87, 'loss': 0.0975, 'lr': 0.001, 'params': 870905, 'time_iter': 2.3294, 'accuracy': 0.9813, 'precision': 0.5833, 'recall': 0.1728, 'f1': 0.2667, 'auc': 0.8046}
train: {'epoch': 87, 'eta': 171461.4333, 'loss': 0.0729, 'lr': 0.001, 'params': 870905, 'time_iter': 13.7062, 'accuracy': 0.9761, 'precision': 0.7992, 'recall': 0.4846, 'f1': 0.6033, 'auc': 0.9593}
val: {'epoch': 88, 'loss': 0.0953, 'lr': 0.001, 'params': 870905, 'time_iter': 2.5239, 'accuracy': 0.9805, 'precision': 0.5116, 'recall': 0.2716, 'f1': 0.3548, 'auc': 0.8104}
train: {'epoch': 88, 'eta': 157185.4329, 'loss': 0.0735, 'lr': 0.001, 'params': 870905, 'time_iter': 13.9837, 'accuracy': 0.9753, 'precision': 0.7772, 'recall': 0.4756, 'f1': 0.5901, 'auc': 0.958}
val: {'epoch': 89, 'loss': 0.0993, 'lr': 0.001, 'params': 870905, 'time_iter': 2.289, 'accuracy': 0.981, 'precision': 0.5385, 'recall': 0.2593, 'f1': 0.35, 'auc': 0.7909}
train: {'epoch': 89, 'eta': 142921.3482, 'loss': 0.0716, 'lr': 0.001, 'params': 870905, 'time_iter': 14.1099, 'accuracy': 0.9765, 'precision': 0.8034, 'recall': 0.4943, 'f1': 0.6121, 'auc': 0.9589}
val: {'epoch': 90, 'loss': 0.1068, 'lr': 0.001, 'params': 870905, 'time_iter': 2.4683, 'accuracy': 0.9818, 'precision': 0.6667, 'recall': 0.1481, 'f1': 0.2424, 'auc': 0.7724}
train: {'epoch': 90, 'eta': 128662.8909, 'loss': 0.0706, 'lr': 0.001, 'params': 870905, 'time_iter': 14.2203, 'accuracy': 0.9765, 'precision': 0.7934, 'recall': 0.5049, 'f1': 0.6171, 'auc': 0.9615}
val: {'epoch': 91, 'loss': 0.0997, 'lr': 0.001, 'params': 870905, 'time_iter': 2.261, 'accuracy': 0.9818, 'precision': 0.65, 'recall': 0.1605, 'f1': 0.2574, 'auc': 0.8044}
train: {'epoch': 91, 'eta': 114389.2066, 'loss': 0.0704, 'lr': 0.001, 'params': 870905, 'time_iter': 14.141, 'accuracy': 0.9769, 'precision': 0.8073, 'recall': 0.5032, 'f1': 0.62, 'auc': 0.9622}
val: {'epoch': 92, 'loss': 0.1006, 'lr': 0.001, 'params': 870905, 'time_iter': 2.3291, 'accuracy': 0.9825, 'precision': 0.7647, 'recall': 0.1605, 'f1': 0.2653, 'auc': 0.7863}
train: {'epoch': 92, 'eta': 100073.9883, 'loss': 0.0711, 'lr': 0.001, 'params': 870905, 'time_iter': 13.6818, 'accuracy': 0.9766, 'precision': 0.8053, 'recall': 0.4935, 'f1': 0.612, 'auc': 0.9595}
val: {'epoch': 93, 'loss': 0.0952, 'lr': 0.001, 'params': 870905, 'time_iter': 2.5557, 'accuracy': 0.9823, 'precision': 0.6, 'recall': 0.2963, 'f1': 0.3967, 'auc': 0.7898}
train: {'epoch': 93, 'eta': 85749.2383, 'loss': 0.0713, 'lr': 0.001, 'params': 870905, 'time_iter': 13.46, 'accuracy': 0.976, 'precision': 0.7918, 'recall': 0.4878, 'f1': 0.6037, 'auc': 0.9621}
val: {'epoch': 94, 'loss': 0.1038, 'lr': 0.001, 'params': 870905, 'time_iter': 2.2263, 'accuracy': 0.9796, 'precision': 0.4545, 'recall': 0.1852, 'f1': 0.2632, 'auc': 0.7706}
train: {'epoch': 94, 'eta': 71468.1772, 'loss': 0.0694, 'lr': 0.001, 'params': 870905, 'time_iter': 14.0822, 'accuracy': 0.9778, 'precision': 0.8251, 'recall': 0.517, 'f1': 0.6357, 'auc': 0.9616}
val: {'epoch': 95, 'loss': 0.1002, 'lr': 0.001, 'params': 870905, 'time_iter': 2.4437, 'accuracy': 0.981, 'precision': 0.5517, 'recall': 0.1975, 'f1': 0.2909, 'auc': 0.7958}
train: {'epoch': 95, 'eta': 57186.865, 'loss': 0.0667, 'lr': 0.001, 'params': 870905, 'time_iter': 14.1782, 'accuracy': 0.9771, 'precision': 0.8015, 'recall': 0.5179, 'f1': 0.6292, 'auc': 0.9676}
val: {'epoch': 96, 'loss': 0.1054, 'lr': 0.001, 'params': 870905, 'time_iter': 2.2513, 'accuracy': 0.982, 'precision': 0.64, 'recall': 0.1975, 'f1': 0.3019, 'auc': 0.7905}
train: {'epoch': 96, 'eta': 42890.6436, 'loss': 0.0687, 'lr': 0.001, 'params': 870905, 'time_iter': 13.9093, 'accuracy': 0.9771, 'precision': 0.8023, 'recall': 0.517, 'f1': 0.6288, 'auc': 0.9648}
val: {'epoch': 97, 'loss': 0.1007, 'lr': 0.001, 'params': 870905, 'time_iter': 2.2315, 'accuracy': 0.982, 'precision': 0.64, 'recall': 0.1975, 'f1': 0.3019, 'auc': 0.8023}
train: {'epoch': 97, 'eta': 28584.8621, 'loss': 0.0685, 'lr': 0.001, 'params': 870905, 'time_iter': 13.4701, 'accuracy': 0.9762, 'precision': 0.7877, 'recall': 0.5, 'f1': 0.6117, 'auc': 0.9664}
val: {'epoch': 98, 'loss': 0.0989, 'lr': 0.001, 'params': 870905, 'time_iter': 2.718, 'accuracy': 0.982, 'precision': 0.5897, 'recall': 0.284, 'f1': 0.3833, 'auc': 0.8112}
train: {'epoch': 98, 'eta': 14291.3123, 'loss': 0.0668, 'lr': 0.001, 'params': 870905, 'time_iter': 13.782, 'accuracy': 0.9772, 'precision': 0.7968, 'recall': 0.5252, 'f1': 0.6331, 'auc': 0.9672}
val: {'epoch': 99, 'loss': 0.0946, 'lr': 0.001, 'params': 870905, 'time_iter': 2.3485, 'accuracy': 0.9832, 'precision': 0.7143, 'recall': 0.2469, 'f1': 0.367, 'auc': 0.8138}
train: {'epoch': 99, 'eta': 0.0, 'loss': 0.0662, 'lr': 0.001, 'params': 870905, 'time_iter': 13.9395, 'accuracy': 0.9779, 'precision': 0.8121, 'recall': 0.5333, 'f1': 0.6438, 'auc': 0.9677}
test: {'epoch': 99, 'loss': 0.179, 'lr': 0.001, 'params': 870905, 'time_iter': 1.9943, 'accuracy': 0.9699, 'precision': 0.5833, 'recall': 0.1615, 'f1': 0.253, 'auc': 0.7752}
test: {'epoch': 63, 'loss': 0.1464, 'lr': 0.001, 'params': 870905, 'time_iter': 2.1059, 'accuracy': 0.9703, 'precision': 0.5909, 'recall': 0.2, 'f1': 0.2989, 'auc': 0.7646}
