GraphGymModule(
  (model): DilatedGNNModel(
    (encoder): FeatureEncoder(
      (node_encoder): AtomEncoder(
        (atom_embedding_list): ModuleList(
          (0): Embedding(119, 300)
          (1): Embedding(4, 300)
          (2): Embedding(12, 300)
          (3): Embedding(12, 300)
          (4): Embedding(10, 300)
          (5): Embedding(6, 300)
          (6): Embedding(6, 300)
          (7): Embedding(2, 300)
          (8): Embedding(2, 300)
        )
      )
      (edge_encoder): BondEncoder(
        (bond_embedding_list): ModuleList(
          (0): Embedding(5, 300)
          (1): Embedding(6, 300)
          (2): Embedding(2, 300)
        )
      )
    )
    (mp): GNNDilatedStage(
      (classic_layers): ModuleList(
        (0): GeneralLayer(
          (layer): EGATConv(
            (model): GATConv(300, 300, heads=1)
          )
          (post_layer): Sequential(
            (0): BatchNorm1d(300, eps=1e-05, momentum=0.1, affine=True, track_running_stats=True)
            (1): Dropout(p=0.5, inplace=False)
            (2): ReLU()
          )
        )
        (1): GeneralLayer(
          (layer): EGATConv(
            (model): GATConv(300, 300, heads=1)
          )
          (post_layer): Sequential(
            (0): BatchNorm1d(300, eps=1e-05, momentum=0.1, affine=True, track_running_stats=True)
            (1): Dropout(p=0.5, inplace=False)
            (2): ReLU()
          )
        )
      )
      (dilated_layers): ModuleList(
        (0): DilatedGeneralLayer(
          (layer): EGATConv(
            (model): GATConv(300, 300, heads=1)
          )
          (post_layer): Sequential(
            (0): BatchNorm1d(300, eps=1e-05, momentum=0.1, affine=True, track_running_stats=True)
            (1): Dropout(p=0.5, inplace=False)
            (2): ReLU()
          )
          (gem): GeM(p=3.0000, eps=1e-06)
        )
      )
      (act): ReLU()
    )
    (post_mp): GNNGraphHead(
      (layer_post_mp): MLP(
        (model): Sequential(
          (0): Linear(
            (model): Linear(300, 1, bias=True)
          )
        )
      )
    )
  )
)
accelerator: cuda
benchmark: False
bn:
  eps: 1e-05
  mom: 0.1
cfg_dest: config.yaml
custom_metrics: []
dataset:
  cache_load: False
  cache_save: False
  dir: ./datasets
  edge_dim: 300
  edge_encoder: True
  edge_encoder_bn: False
  edge_encoder_name: Bond
  edge_message_ratio: 0.8
  edge_negative_sampling_ratio: 1.0
  edge_train_mode: all
  encoder: True
  encoder_bn: True
  encoder_dim: 128
  encoder_name: db
  fast_loader: False
  format: OGB
  label_column: none
  label_table: none
  location: local
  name: ogbg-molhiv
  node_encoder: True
  node_encoder_bn: False
  node_encoder_name: Atom
  remove_feature: False
  resample_disjoint: False
  resample_negative: False
  shuffle_split: True
  split: [0.8, 0.1, 0.1]
  split_mode: random
  task: graph
  task_type: classification
  to_undirected: False
  transductive: False
  transform: none
  tu_simple: True
devices: 1
gnn:
  act: relu
  act_on_last_layer_mp: False
  agg: none
  att_final_linear: False
  att_final_linear_bn: False
  att_heads: 1
  batchnorm: True
  clear_feature: True
  dilated_path_join: none
  dim_inner: 300
  dropout: 0.5
  head: graph
  keep_edge: 0.5
  l2norm: True
  layer_type: egatconv
  layers_k1: 2
  layers_k2: 1
  layers_mp: 5
  layers_post_mp: 1
  layers_pre_mp: 0
  learn_alpha_residual_connection: False
  msg_direction: single
  normalize_adj: False
  self_msg: concat
  skip_every: 1
  stage_type: stack
  use_edge_features: True
gpu_mem: False
mem:
  inplace: False
metric_agg: argmax
metric_best: auc
model:
  edge_decoding: dot
  graph_pooling: mean
  loss_fun: cross_entropy
  match_upper: True
  size_average: mean
  thresh: 0.5
  type: dilated_gnn
num_threads: 6
num_workers: 16
optim:
  base_lr: 0.001
  lr_decay: 0.1
  max_epoch: 100
  momentum: 0.9
  optimizer: adam
  scheduler: none
  steps: [30, 60, 90]
  weight_decay: 0.0
out_dir: results_experiments/ogbg_molhiv_baseline_grid_design/ogbg_molhiv_baseline-type=dilated_gnn-layer_type=egatconv-layers_k1=2-layers_k2=1-dilated_path_join=none-learn_alpha_residual_connection=False
params: 600602
print: both
round: 4
run_dir: results_experiments/ogbg_molhiv_baseline_grid_design/ogbg_molhiv_baseline-type=dilated_gnn-layer_type=egatconv-layers_k1=2-layers_k2=1-dilated_path_join=none-learn_alpha_residual_connection=False/6
seed: 7
share:
  dim_in: 9
  dim_out: 2
  num_splits: 3
tensorboard_agg: True
tensorboard_each_run: False
train:
  auto_resume: False
  batch_size: 32
  ckpt_clean: True
  ckpt_period: 100
  enable_ckpt: True
  epoch_resume: -1
  eval_period: 1
  iter_per_epoch: 32
  neighbor_sizes: [20, 15, 10, 5]
  node_per_graph: 32
  radius: extend
  sample_node: False
  sampler: full_batch
  skip_train_eval: False
  walk_length: 4
val:
  node_per_graph: 32
  radius: extend
  sample_node: False
  sampler: full_batch
view_emb: False
Num parameters: 600602
val: {'epoch': 0, 'loss': 0.6617, 'lr': 0.001, 'params': 600602, 'time_iter': 0.7268, 'accuracy': 0.9844, 'precision': 0.0, 'recall': 0.0, 'f1': 0.0, 'auc': 0.2063}
val: {'epoch': 0, 'loss': 0.0963, 'lr': 0.001, 'params': 600602, 'time_iter': 1.5815, 'accuracy': 0.9803, 'precision': 0.0, 'recall': 0.0, 'f1': 0.0, 'auc': 0.6541}
train: {'epoch': 0, 'eta': 1315220.3878, 'loss': 0.1835, 'lr': 0.001, 'params': 600602, 'time_iter': 12.9106, 'accuracy': 0.9626, 'precision': 0.0, 'recall': 0.0, 'f1': 0.0, 'auc': 0.5914}
val: {'epoch': 1, 'loss': 0.0934, 'lr': 0.001, 'params': 600602, 'time_iter': 1.5917, 'accuracy': 0.9803, 'precision': 0.0, 'recall': 0.0, 'f1': 0.0, 'auc': 0.7026}
train: {'epoch': 1, 'eta': 1298757.6469, 'loss': 0.1489, 'lr': 0.001, 'params': 600602, 'time_iter': 12.8476, 'accuracy': 0.9626, 'precision': 0.0, 'recall': 0.0, 'f1': 0.0, 'auc': 0.7029}
val: {'epoch': 2, 'loss': 0.0891, 'lr': 0.001, 'params': 600602, 'time_iter': 1.6753, 'accuracy': 0.9801, 'precision': 0.0, 'recall': 0.0, 'f1': 0.0, 'auc': 0.7492}
train: {'epoch': 2, 'eta': 1283390.3212, 'loss': 0.1435, 'lr': 0.001, 'params': 600602, 'time_iter': 12.8156, 'accuracy': 0.9625, 'precision': 0.0, 'recall': 0.0, 'f1': 0.0, 'auc': 0.7306}
val: {'epoch': 3, 'loss': 0.0938, 'lr': 0.001, 'params': 600602, 'time_iter': 1.6254, 'accuracy': 0.9803, 'precision': 0.0, 'recall': 0.0, 'f1': 0.0, 'auc': 0.7375}
train: {'epoch': 3, 'eta': 1272898.2173, 'loss': 0.1423, 'lr': 0.001, 'params': 600602, 'time_iter': 12.9688, 'accuracy': 0.9625, 'precision': 0.0, 'recall': 0.0, 'f1': 0.0, 'auc': 0.7337}
val: {'epoch': 4, 'loss': 0.0881, 'lr': 0.001, 'params': 600602, 'time_iter': 1.5958, 'accuracy': 0.9803, 'precision': 0.0, 'recall': 0.0, 'f1': 0.0, 'auc': 0.7459}
train: {'epoch': 4, 'eta': 1258570.4208, 'loss': 0.1393, 'lr': 0.001, 'params': 600602, 'time_iter': 12.831, 'accuracy': 0.9624, 'precision': 0.25, 'recall': 0.0024, 'f1': 0.0048, 'auc': 0.7469}
val: {'epoch': 5, 'loss': 0.0937, 'lr': 0.001, 'params': 600602, 'time_iter': 1.5844, 'accuracy': 0.9803, 'precision': 0.0, 'recall': 0.0, 'f1': 0.0, 'auc': 0.7703}
train: {'epoch': 5, 'eta': 1244283.344, 'loss': 0.1399, 'lr': 0.001, 'params': 600602, 'time_iter': 12.8103, 'accuracy': 0.9622, 'precision': 0.2963, 'recall': 0.0065, 'f1': 0.0127, 'auc': 0.7432}
val: {'epoch': 6, 'loss': 0.086, 'lr': 0.001, 'params': 600602, 'time_iter': 1.6228, 'accuracy': 0.981, 'precision': 0.6667, 'recall': 0.0741, 'f1': 0.1333, 'auc': 0.7818}
train: {'epoch': 6, 'eta': 1230104.4829, 'loss': 0.1372, 'lr': 0.001, 'params': 600602, 'time_iter': 12.7951, 'accuracy': 0.9624, 'precision': 0.4531, 'recall': 0.0235, 'f1': 0.0448, 'auc': 0.7539}
val: {'epoch': 7, 'loss': 0.0878, 'lr': 0.001, 'params': 600602, 'time_iter': 1.565, 'accuracy': 0.9813, 'precision': 0.7, 'recall': 0.0864, 'f1': 0.1538, 'auc': 0.7678}
train: {'epoch': 7, 'eta': 1218812.9665, 'loss': 0.1358, 'lr': 0.001, 'params': 600602, 'time_iter': 13.0177, 'accuracy': 0.9626, 'precision': 0.5, 'recall': 0.0341, 'f1': 0.0638, 'auc': 0.7616}
val: {'epoch': 8, 'loss': 0.1057, 'lr': 0.001, 'params': 600602, 'time_iter': 1.6396, 'accuracy': 0.9793, 'precision': 0.0, 'recall': 0.0, 'f1': 0.0, 'auc': 0.7296}
train: {'epoch': 8, 'eta': 1205553.9118, 'loss': 0.1351, 'lr': 0.001, 'params': 600602, 'time_iter': 12.8735, 'accuracy': 0.9625, 'precision': 0.4943, 'recall': 0.0349, 'f1': 0.0652, 'auc': 0.7649}
val: {'epoch': 9, 'loss': 0.1029, 'lr': 0.001, 'params': 600602, 'time_iter': 1.8111, 'accuracy': 0.9793, 'precision': 0.0, 'recall': 0.0, 'f1': 0.0, 'auc': 0.7624}
train: {'epoch': 9, 'eta': 1192747.8832, 'loss': 0.1384, 'lr': 0.001, 'params': 600602, 'time_iter': 12.9222, 'accuracy': 0.9624, 'precision': 0.4423, 'recall': 0.0187, 'f1': 0.0358, 'auc': 0.7497}
val: {'epoch': 10, 'loss': 0.0913, 'lr': 0.001, 'params': 600602, 'time_iter': 1.5853, 'accuracy': 0.9801, 'precision': 0.0, 'recall': 0.0, 'f1': 0.0, 'auc': 0.7665}
train: {'epoch': 10, 'eta': 1181402.7808, 'loss': 0.1362, 'lr': 0.001, 'params': 600602, 'time_iter': 13.1084, 'accuracy': 0.9627, 'precision': 0.5312, 'recall': 0.0276, 'f1': 0.0525, 'auc': 0.7532}
val: {'epoch': 11, 'loss': 0.1035, 'lr': 0.001, 'params': 600602, 'time_iter': 1.5648, 'accuracy': 0.9793, 'precision': 0.0, 'recall': 0.0, 'f1': 0.0, 'auc': 0.7486}
train: {'epoch': 11, 'eta': 1169275.8605, 'loss': 0.1352, 'lr': 0.001, 'params': 600602, 'time_iter': 13.0521, 'accuracy': 0.9627, 'precision': 0.5244, 'recall': 0.0349, 'f1': 0.0654, 'auc': 0.759}
val: {'epoch': 12, 'loss': 0.0979, 'lr': 0.001, 'params': 600602, 'time_iter': 1.7995, 'accuracy': 0.9801, 'precision': 0.0, 'recall': 0.0, 'f1': 0.0, 'auc': 0.7477}
train: {'epoch': 12, 'eta': 1155957.1882, 'loss': 0.1347, 'lr': 0.001, 'params': 600602, 'time_iter': 12.9082, 'accuracy': 0.9625, 'precision': 0.4906, 'recall': 0.0422, 'f1': 0.0777, 'auc': 0.7646}
val: {'epoch': 13, 'loss': 0.1026, 'lr': 0.001, 'params': 600602, 'time_iter': 1.5419, 'accuracy': 0.9803, 'precision': 0.0, 'recall': 0.0, 'f1': 0.0, 'auc': 0.7692}
train: {'epoch': 13, 'eta': 1143928.1721, 'loss': 0.134, 'lr': 0.001, 'params': 600602, 'time_iter': 13.1114, 'accuracy': 0.9626, 'precision': 0.5143, 'recall': 0.0438, 'f1': 0.0808, 'auc': 0.7648}
val: {'epoch': 14, 'loss': 0.0979, 'lr': 0.001, 'params': 600602, 'time_iter': 1.5894, 'accuracy': 0.9803, 'precision': 0.5, 'recall': 0.0123, 'f1': 0.0241, 'auc': 0.7556}
train: {'epoch': 14, 'eta': 1130732.9866, 'loss': 0.1328, 'lr': 0.001, 'params': 600602, 'time_iter': 12.9448, 'accuracy': 0.9633, 'precision': 0.5969, 'recall': 0.0625, 'f1': 0.1132, 'auc': 0.772}
val: {'epoch': 15, 'loss': 0.1046, 'lr': 0.001, 'params': 600602, 'time_iter': 1.7463, 'accuracy': 0.9801, 'precision': 0.0, 'recall': 0.0, 'f1': 0.0, 'auc': 0.7468}
train: {'epoch': 15, 'eta': 1117123.256, 'loss': 0.132, 'lr': 0.001, 'params': 600602, 'time_iter': 12.871, 'accuracy': 0.9635, 'precision': 0.604, 'recall': 0.0731, 'f1': 0.1303, 'auc': 0.7727}
val: {'epoch': 16, 'loss': 0.1064, 'lr': 0.001, 'params': 600602, 'time_iter': 1.5867, 'accuracy': 0.9798, 'precision': 0.0, 'recall': 0.0, 'f1': 0.0, 'auc': 0.7305}
train: {'epoch': 16, 'eta': 1104884.6416, 'loss': 0.1313, 'lr': 0.001, 'params': 600602, 'time_iter': 13.1354, 'accuracy': 0.9633, 'precision': 0.5903, 'recall': 0.069, 'f1': 0.1235, 'auc': 0.7715}
val: {'epoch': 17, 'loss': 0.1023, 'lr': 0.001, 'params': 600602, 'time_iter': 1.5879, 'accuracy': 0.9803, 'precision': 0.5, 'recall': 0.0123, 'f1': 0.0241, 'auc': 0.761}
train: {'epoch': 17, 'eta': 1091359.4208, 'loss': 0.1298, 'lr': 0.001, 'params': 600602, 'time_iter': 12.8912, 'accuracy': 0.963, 'precision': 0.551, 'recall': 0.0657, 'f1': 0.1175, 'auc': 0.7819}
val: {'epoch': 18, 'loss': 0.1056, 'lr': 0.001, 'params': 600602, 'time_iter': 1.6766, 'accuracy': 0.9801, 'precision': 0.0, 'recall': 0.0, 'f1': 0.0, 'auc': 0.7469}
train: {'epoch': 18, 'eta': 1077447.1643, 'loss': 0.1304, 'lr': 0.001, 'params': 600602, 'time_iter': 12.7967, 'accuracy': 0.9633, 'precision': 0.5774, 'recall': 0.0787, 'f1': 0.1386, 'auc': 0.7797}
val: {'epoch': 19, 'loss': 0.1082, 'lr': 0.001, 'params': 600602, 'time_iter': 1.5909, 'accuracy': 0.9798, 'precision': 0.25, 'recall': 0.0123, 'f1': 0.0235, 'auc': 0.7393}
train: {'epoch': 19, 'eta': 1064403.075, 'loss': 0.1295, 'lr': 0.001, 'params': 600602, 'time_iter': 12.9896, 'accuracy': 0.9632, 'precision': 0.5515, 'recall': 0.0869, 'f1': 0.1501, 'auc': 0.7834}
val: {'epoch': 20, 'loss': 0.1093, 'lr': 0.001, 'params': 600602, 'time_iter': 1.6151, 'accuracy': 0.9803, 'precision': 0.0, 'recall': 0.0, 'f1': 0.0, 'auc': 0.7144}
train: {'epoch': 20, 'eta': 1050775.2375, 'loss': 0.1294, 'lr': 0.001, 'params': 600602, 'time_iter': 12.8467, 'accuracy': 0.9639, 'precision': 0.6183, 'recall': 0.0933, 'f1': 0.1622, 'auc': 0.7799}
val: {'epoch': 21, 'loss': 0.1202, 'lr': 0.001, 'params': 600602, 'time_iter': 1.6279, 'accuracy': 0.9803, 'precision': 0.0, 'recall': 0.0, 'f1': 0.0, 'auc': 0.6898}
train: {'epoch': 21, 'eta': 1037267.9126, 'loss': 0.1286, 'lr': 0.001, 'params': 600602, 'time_iter': 12.8695, 'accuracy': 0.9638, 'precision': 0.604, 'recall': 0.099, 'f1': 0.1702, 'auc': 0.7847}
val: {'epoch': 22, 'loss': 0.1157, 'lr': 0.001, 'params': 600602, 'time_iter': 1.5906, 'accuracy': 0.9803, 'precision': 0.0, 'recall': 0.0, 'f1': 0.0, 'auc': 0.6609}
train: {'epoch': 22, 'eta': 1023623.4993, 'loss': 0.1274, 'lr': 0.001, 'params': 600602, 'time_iter': 12.8231, 'accuracy': 0.9643, 'precision': 0.6385, 'recall': 0.1104, 'f1': 0.1882, 'auc': 0.7895}
val: {'epoch': 23, 'loss': 0.1207, 'lr': 0.001, 'params': 600602, 'time_iter': 1.5683, 'accuracy': 0.9801, 'precision': 0.0, 'recall': 0.0, 'f1': 0.0, 'auc': 0.6569}
train: {'epoch': 23, 'eta': 1009865.7662, 'loss': 0.128, 'lr': 0.001, 'params': 600602, 'time_iter': 12.7768, 'accuracy': 0.964, 'precision': 0.6169, 'recall': 0.1006, 'f1': 0.1731, 'auc': 0.7889}
val: {'epoch': 24, 'loss': 0.1231, 'lr': 0.001, 'params': 600602, 'time_iter': 1.6217, 'accuracy': 0.9801, 'precision': 0.0, 'recall': 0.0, 'f1': 0.0, 'auc': 0.7127}
train: {'epoch': 24, 'eta': 996278.6885, 'loss': 0.1292, 'lr': 0.001, 'params': 600602, 'time_iter': 12.8162, 'accuracy': 0.9641, 'precision': 0.6157, 'recall': 0.108, 'f1': 0.1837, 'auc': 0.7838}
val: {'epoch': 25, 'loss': 0.1081, 'lr': 0.001, 'params': 600602, 'time_iter': 1.8406, 'accuracy': 0.9808, 'precision': 1.0, 'recall': 0.0247, 'f1': 0.0482, 'auc': 0.7536}
train: {'epoch': 25, 'eta': 982823.5534, 'loss': 0.1276, 'lr': 0.001, 'params': 600602, 'time_iter': 12.8508, 'accuracy': 0.9635, 'precision': 0.5701, 'recall': 0.1023, 'f1': 0.1734, 'auc': 0.7945}
val: {'epoch': 26, 'loss': 0.1155, 'lr': 0.001, 'params': 600602, 'time_iter': 1.6195, 'accuracy': 0.9803, 'precision': 0.0, 'recall': 0.0, 'f1': 0.0, 'auc': 0.7071}
train: {'epoch': 26, 'eta': 969315.1155, 'loss': 0.1275, 'lr': 0.001, 'params': 600602, 'time_iter': 12.8255, 'accuracy': 0.9643, 'precision': 0.6167, 'recall': 0.1201, 'f1': 0.2011, 'auc': 0.7878}
val: {'epoch': 27, 'loss': 0.108, 'lr': 0.001, 'params': 600602, 'time_iter': 1.5794, 'accuracy': 0.9805, 'precision': 1.0, 'recall': 0.0123, 'f1': 0.0244, 'auc': 0.7452}
train: {'epoch': 27, 'eta': 956048.6174, 'loss': 0.127, 'lr': 0.001, 'params': 600602, 'time_iter': 12.9085, 'accuracy': 0.9646, 'precision': 0.6375, 'recall': 0.1242, 'f1': 0.2079, 'auc': 0.7883}
val: {'epoch': 28, 'loss': 0.1186, 'lr': 0.001, 'params': 600602, 'time_iter': 1.7661, 'accuracy': 0.9803, 'precision': 0.5, 'recall': 0.0123, 'f1': 0.0241, 'auc': 0.7285}
train: {'epoch': 28, 'eta': 942693.6255, 'loss': 0.1258, 'lr': 0.001, 'params': 600602, 'time_iter': 12.8738, 'accuracy': 0.9646, 'precision': 0.632, 'recall': 0.1282, 'f1': 0.2132, 'auc': 0.796}
val: {'epoch': 29, 'loss': 0.1137, 'lr': 0.001, 'params': 600602, 'time_iter': 1.5914, 'accuracy': 0.9803, 'precision': 0.0, 'recall': 0.0, 'f1': 0.0, 'auc': 0.7546}
train: {'epoch': 29, 'eta': 929547.2868, 'loss': 0.1257, 'lr': 0.001, 'params': 600602, 'time_iter': 12.9578, 'accuracy': 0.9649, 'precision': 0.6512, 'recall': 0.1364, 'f1': 0.2255, 'auc': 0.7955}
val: {'epoch': 30, 'loss': 0.1201, 'lr': 0.001, 'params': 600602, 'time_iter': 1.5744, 'accuracy': 0.9801, 'precision': 0.4, 'recall': 0.0247, 'f1': 0.0465, 'auc': 0.7329}
train: {'epoch': 30, 'eta': 916263.6674, 'loss': 0.1247, 'lr': 0.001, 'params': 600602, 'time_iter': 12.9031, 'accuracy': 0.965, 'precision': 0.6577, 'recall': 0.1388, 'f1': 0.2292, 'auc': 0.7999}
val: {'epoch': 31, 'loss': 0.1236, 'lr': 0.001, 'params': 600602, 'time_iter': 1.6973, 'accuracy': 0.9803, 'precision': 0.0, 'recall': 0.0, 'f1': 0.0, 'auc': 0.6725}
train: {'epoch': 31, 'eta': 902598.3924, 'loss': 0.1253, 'lr': 0.001, 'params': 600602, 'time_iter': 12.7284, 'accuracy': 0.9645, 'precision': 0.6296, 'recall': 0.1242, 'f1': 0.2075, 'auc': 0.797}
val: {'epoch': 32, 'loss': 0.1195, 'lr': 0.001, 'params': 600602, 'time_iter': 1.6006, 'accuracy': 0.9803, 'precision': 0.0, 'recall': 0.0, 'f1': 0.0, 'auc': 0.7503}
train: {'epoch': 32, 'eta': 889257.4288, 'loss': 0.1239, 'lr': 0.001, 'params': 600602, 'time_iter': 12.8671, 'accuracy': 0.965, 'precision': 0.6406, 'recall': 0.1461, 'f1': 0.2379, 'auc': 0.8027}
val: {'epoch': 33, 'loss': 0.1158, 'lr': 0.001, 'params': 600602, 'time_iter': 1.6129, 'accuracy': 0.9805, 'precision': 1.0, 'recall': 0.0123, 'f1': 0.0244, 'auc': 0.7398}
train: {'epoch': 33, 'eta': 876197.8884, 'loss': 0.1244, 'lr': 0.001, 'params': 600602, 'time_iter': 13.0051, 'accuracy': 0.9649, 'precision': 0.6439, 'recall': 0.138, 'f1': 0.2273, 'auc': 0.7977}
val: {'epoch': 34, 'loss': 0.1234, 'lr': 0.001, 'params': 600602, 'time_iter': 1.5884, 'accuracy': 0.9798, 'precision': 0.0, 'recall': 0.0, 'f1': 0.0, 'auc': 0.713}
train: {'epoch': 34, 'eta': 862894.17, 'loss': 0.1234, 'lr': 0.001, 'params': 600602, 'time_iter': 12.8869, 'accuracy': 0.9649, 'precision': 0.6429, 'recall': 0.1388, 'f1': 0.2283, 'auc': 0.8099}
val: {'epoch': 35, 'loss': 0.1282, 'lr': 0.001, 'params': 600602, 'time_iter': 1.5989, 'accuracy': 0.9803, 'precision': 0.0, 'recall': 0.0, 'f1': 0.0, 'auc': 0.6823}
train: {'epoch': 35, 'eta': 849611.4515, 'loss': 0.1239, 'lr': 0.001, 'params': 600602, 'time_iter': 12.8971, 'accuracy': 0.9652, 'precision': 0.6503, 'recall': 0.151, 'f1': 0.2451, 'auc': 0.8014}
val: {'epoch': 36, 'loss': 0.1284, 'lr': 0.001, 'params': 600602, 'time_iter': 1.6131, 'accuracy': 0.9803, 'precision': 0.0, 'recall': 0.0, 'f1': 0.0, 'auc': 0.6911}
train: {'epoch': 36, 'eta': 836142.3332, 'loss': 0.1232, 'lr': 0.001, 'params': 600602, 'time_iter': 12.7904, 'accuracy': 0.965, 'precision': 0.6408, 'recall': 0.1477, 'f1': 0.2401, 'auc': 0.8079}
val: {'epoch': 37, 'loss': 0.1332, 'lr': 0.001, 'params': 600602, 'time_iter': 1.62, 'accuracy': 0.9803, 'precision': 0.0, 'recall': 0.0, 'f1': 0.0, 'auc': 0.7457}
train: {'epoch': 37, 'eta': 822447.3364, 'loss': 0.1227, 'lr': 0.001, 'params': 600602, 'time_iter': 12.6462, 'accuracy': 0.9648, 'precision': 0.6259, 'recall': 0.1494, 'f1': 0.2412, 'auc': 0.8053}
val: {'epoch': 38, 'loss': 0.1322, 'lr': 0.001, 'params': 600602, 'time_iter': 1.825, 'accuracy': 0.9801, 'precision': 0.0, 'recall': 0.0, 'f1': 0.0, 'auc': 0.7094}
train: {'epoch': 38, 'eta': 809101.992, 'loss': 0.1221, 'lr': 0.001, 'params': 600602, 'time_iter': 12.8417, 'accuracy': 0.9653, 'precision': 0.6508, 'recall': 0.1558, 'f1': 0.2515, 'auc': 0.813}
val: {'epoch': 39, 'loss': 0.1281, 'lr': 0.001, 'params': 600602, 'time_iter': 1.608, 'accuracy': 0.9803, 'precision': 0.0, 'recall': 0.0, 'f1': 0.0, 'auc': 0.7449}
train: {'epoch': 39, 'eta': 796352.9418, 'loss': 0.1229, 'lr': 0.001, 'params': 600602, 'time_iter': 13.2238, 'accuracy': 0.9653, 'precision': 0.6679, 'recall': 0.1437, 'f1': 0.2365, 'auc': 0.8122}
val: {'epoch': 40, 'loss': 0.1392, 'lr': 0.001, 'params': 600602, 'time_iter': 1.608, 'accuracy': 0.9803, 'precision': 0.0, 'recall': 0.0, 'f1': 0.0, 'auc': 0.731}
train: {'epoch': 40, 'eta': 783207.3356, 'loss': 0.1223, 'lr': 0.001, 'params': 600602, 'time_iter': 12.9842, 'accuracy': 0.965, 'precision': 0.6323, 'recall': 0.1591, 'f1': 0.2542, 'auc': 0.8102}
val: {'epoch': 41, 'loss': 0.1306, 'lr': 0.001, 'params': 600602, 'time_iter': 1.786, 'accuracy': 0.9798, 'precision': 0.0, 'recall': 0.0, 'f1': 0.0, 'auc': 0.7109}
train: {'epoch': 41, 'eta': 770018.8378, 'loss': 0.1222, 'lr': 0.001, 'params': 600602, 'time_iter': 12.9612, 'accuracy': 0.9655, 'precision': 0.669, 'recall': 0.1542, 'f1': 0.2507, 'auc': 0.8105}
val: {'epoch': 42, 'loss': 0.1385, 'lr': 0.001, 'params': 600602, 'time_iter': 1.5909, 'accuracy': 0.9803, 'precision': 0.0, 'recall': 0.0, 'f1': 0.0, 'auc': 0.6676}
train: {'epoch': 42, 'eta': 756789.7943, 'loss': 0.1212, 'lr': 0.001, 'params': 600602, 'time_iter': 12.9366, 'accuracy': 0.9657, 'precision': 0.6635, 'recall': 0.1696, 'f1': 0.2702, 'auc': 0.8117}
val: {'epoch': 43, 'loss': 0.1286, 'lr': 0.001, 'params': 600602, 'time_iter': 1.6091, 'accuracy': 0.9801, 'precision': 0.0, 'recall': 0.0, 'f1': 0.0, 'auc': 0.7387}
train: {'epoch': 43, 'eta': 743508.7095, 'loss': 0.1227, 'lr': 0.001, 'params': 600602, 'time_iter': 12.8997, 'accuracy': 0.9653, 'precision': 0.654, 'recall': 0.1534, 'f1': 0.2485, 'auc': 0.8088}
val: {'epoch': 44, 'loss': 0.1274, 'lr': 0.001, 'params': 600602, 'time_iter': 1.7499, 'accuracy': 0.9803, 'precision': 0.0, 'recall': 0.0, 'f1': 0.0, 'auc': 0.7515}
train: {'epoch': 44, 'eta': 730150.0983, 'loss': 0.1211, 'lr': 0.001, 'params': 600602, 'time_iter': 12.8378, 'accuracy': 0.9654, 'precision': 0.6447, 'recall': 0.1664, 'f1': 0.2645, 'auc': 0.815}
val: {'epoch': 45, 'loss': 0.1309, 'lr': 0.001, 'params': 600602, 'time_iter': 1.5872, 'accuracy': 0.9803, 'precision': 0.0, 'recall': 0.0, 'f1': 0.0, 'auc': 0.7547}
train: {'epoch': 45, 'eta': 716870.0605, 'loss': 0.1217, 'lr': 0.001, 'params': 600602, 'time_iter': 12.8975, 'accuracy': 0.9646, 'precision': 0.609, 'recall': 0.1542, 'f1': 0.2461, 'auc': 0.8125}
val: {'epoch': 46, 'loss': 0.127, 'lr': 0.001, 'params': 600602, 'time_iter': 1.6067, 'accuracy': 0.9803, 'precision': 0.0, 'recall': 0.0, 'f1': 0.0, 'auc': 0.7585}
train: {'epoch': 46, 'eta': 703745.5744, 'loss': 0.1207, 'lr': 0.001, 'params': 600602, 'time_iter': 13.0313, 'accuracy': 0.9658, 'precision': 0.6688, 'recall': 0.1737, 'f1': 0.2758, 'auc': 0.8146}
val: {'epoch': 47, 'loss': 0.1277, 'lr': 0.001, 'params': 600602, 'time_iter': 1.7231, 'accuracy': 0.9803, 'precision': 0.0, 'recall': 0.0, 'f1': 0.0, 'auc': 0.7383}
train: {'epoch': 47, 'eta': 690384.7129, 'loss': 0.1201, 'lr': 0.001, 'params': 600602, 'time_iter': 12.8299, 'accuracy': 0.9654, 'precision': 0.638, 'recall': 0.1745, 'f1': 0.2741, 'auc': 0.8144}
val: {'epoch': 48, 'loss': 0.1359, 'lr': 0.001, 'params': 600602, 'time_iter': 1.5966, 'accuracy': 0.9803, 'precision': 0.0, 'recall': 0.0, 'f1': 0.0, 'auc': 0.749}
train: {'epoch': 48, 'eta': 677027.873, 'loss': 0.1203, 'lr': 0.001, 'params': 600602, 'time_iter': 12.8276, 'accuracy': 0.9657, 'precision': 0.6656, 'recall': 0.1664, 'f1': 0.2662, 'auc': 0.8174}
val: {'epoch': 49, 'loss': 0.1363, 'lr': 0.001, 'params': 600602, 'time_iter': 1.6041, 'accuracy': 0.9803, 'precision': 0.0, 'recall': 0.0, 'f1': 0.0, 'auc': 0.7111}
train: {'epoch': 49, 'eta': 663677.5334, 'loss': 0.1202, 'lr': 0.001, 'params': 600602, 'time_iter': 12.8278, 'accuracy': 0.9654, 'precision': 0.648, 'recall': 0.1688, 'f1': 0.2679, 'auc': 0.8213}
val: {'epoch': 50, 'loss': 0.139, 'lr': 0.001, 'params': 600602, 'time_iter': 1.7131, 'accuracy': 0.9803, 'precision': 0.0, 'recall': 0.0, 'f1': 0.0, 'auc': 0.6862}
train: {'epoch': 50, 'eta': 650157.5116, 'loss': 0.1201, 'lr': 0.001, 'params': 600602, 'time_iter': 12.6502, 'accuracy': 0.9657, 'precision': 0.6656, 'recall': 0.1696, 'f1': 0.2704, 'auc': 0.8202}
val: {'epoch': 51, 'loss': 0.133, 'lr': 0.001, 'params': 600602, 'time_iter': 1.6205, 'accuracy': 0.9803, 'precision': 0.0, 'recall': 0.0, 'f1': 0.0, 'auc': 0.6629}
train: {'epoch': 51, 'eta': 636820.3673, 'loss': 0.1203, 'lr': 0.001, 'params': 600602, 'time_iter': 12.8223, 'accuracy': 0.9657, 'precision': 0.6711, 'recall': 0.1656, 'f1': 0.2656, 'auc': 0.8203}
val: {'epoch': 52, 'loss': 0.1268, 'lr': 0.001, 'params': 600602, 'time_iter': 1.6026, 'accuracy': 0.9803, 'precision': 0.0, 'recall': 0.0, 'f1': 0.0, 'auc': 0.7774}
train: {'epoch': 52, 'eta': 623446.6779, 'loss': 0.1197, 'lr': 0.001, 'params': 600602, 'time_iter': 12.7764, 'accuracy': 0.9656, 'precision': 0.6562, 'recall': 0.1688, 'f1': 0.2686, 'auc': 0.8221}
val: {'epoch': 53, 'loss': 0.1283, 'lr': 0.001, 'params': 600602, 'time_iter': 1.6146, 'accuracy': 0.9803, 'precision': 0.0, 'recall': 0.0, 'f1': 0.0, 'auc': 0.7304}
train: {'epoch': 53, 'eta': 610100.232, 'loss': 0.1186, 'lr': 0.001, 'params': 600602, 'time_iter': 12.7979, 'accuracy': 0.9659, 'precision': 0.6657, 'recall': 0.1778, 'f1': 0.2806, 'auc': 0.8231}
val: {'epoch': 54, 'loss': 0.1377, 'lr': 0.001, 'params': 600602, 'time_iter': 1.6005, 'accuracy': 0.9803, 'precision': 0.0, 'recall': 0.0, 'f1': 0.0, 'auc': 0.7166}
train: {'epoch': 54, 'eta': 596733.5119, 'loss': 0.1179, 'lr': 0.001, 'params': 600602, 'time_iter': 12.7661, 'accuracy': 0.9661, 'precision': 0.6705, 'recall': 0.1883, 'f1': 0.294, 'auc': 0.829}
val: {'epoch': 55, 'loss': 0.1369, 'lr': 0.001, 'params': 600602, 'time_iter': 1.6212, 'accuracy': 0.9803, 'precision': 0.0, 'recall': 0.0, 'f1': 0.0, 'auc': 0.7296}
train: {'epoch': 55, 'eta': 583425.6171, 'loss': 0.1179, 'lr': 0.001, 'params': 600602, 'time_iter': 12.8287, 'accuracy': 0.9664, 'precision': 0.6822, 'recall': 0.1899, 'f1': 0.2971, 'auc': 0.8259}
val: {'epoch': 56, 'loss': 0.1458, 'lr': 0.001, 'params': 600602, 'time_iter': 1.5898, 'accuracy': 0.9803, 'precision': 0.0, 'recall': 0.0, 'f1': 0.0, 'auc': 0.6739}
train: {'epoch': 56, 'eta': 570094.9619, 'loss': 0.1177, 'lr': 0.001, 'params': 600602, 'time_iter': 12.7945, 'accuracy': 0.9665, 'precision': 0.6859, 'recall': 0.1932, 'f1': 0.3015, 'auc': 0.8256}
val: {'epoch': 57, 'loss': 0.1312, 'lr': 0.001, 'params': 600602, 'time_iter': 1.8458, 'accuracy': 0.9803, 'precision': 0.0, 'recall': 0.0, 'f1': 0.0, 'auc': 0.7319}
train: {'epoch': 57, 'eta': 556838.5888, 'loss': 0.1186, 'lr': 0.001, 'params': 600602, 'time_iter': 12.8866, 'accuracy': 0.966, 'precision': 0.6749, 'recall': 0.1769, 'f1': 0.2804, 'auc': 0.8277}
val: {'epoch': 58, 'loss': 0.1443, 'lr': 0.001, 'params': 600602, 'time_iter': 1.5611, 'accuracy': 0.9801, 'precision': 0.0, 'recall': 0.0, 'f1': 0.0, 'auc': 0.6507}
train: {'epoch': 58, 'eta': 543565.8511, 'loss': 0.1175, 'lr': 0.001, 'params': 600602, 'time_iter': 12.8639, 'accuracy': 0.9665, 'precision': 0.6914, 'recall': 0.1891, 'f1': 0.297, 'auc': 0.8286}
val: {'epoch': 59, 'loss': 0.1389, 'lr': 0.001, 'params': 600602, 'time_iter': 1.5444, 'accuracy': 0.9803, 'precision': 0.0, 'recall': 0.0, 'f1': 0.0, 'auc': 0.6765}
train: {'epoch': 59, 'eta': 530293.3222, 'loss': 0.1186, 'lr': 0.001, 'params': 600602, 'time_iter': 12.8625, 'accuracy': 0.9661, 'precision': 0.6777, 'recall': 0.1826, 'f1': 0.2877, 'auc': 0.8285}
val: {'epoch': 60, 'loss': 0.1409, 'lr': 0.001, 'params': 600602, 'time_iter': 1.7744, 'accuracy': 0.9803, 'precision': 0.0, 'recall': 0.0, 'f1': 0.0, 'auc': 0.7064}
train: {'epoch': 60, 'eta': 516971.5253, 'loss': 0.1186, 'lr': 0.001, 'params': 600602, 'time_iter': 12.7857, 'accuracy': 0.9663, 'precision': 0.6892, 'recall': 0.1818, 'f1': 0.2877, 'auc': 0.822}
val: {'epoch': 61, 'loss': 0.1347, 'lr': 0.001, 'params': 600602, 'time_iter': 1.5839, 'accuracy': 0.9801, 'precision': 0.0, 'recall': 0.0, 'f1': 0.0, 'auc': 0.6662}
train: {'epoch': 61, 'eta': 503904.2672, 'loss': 0.1186, 'lr': 0.001, 'params': 600602, 'time_iter': 13.1809, 'accuracy': 0.9666, 'precision': 0.6962, 'recall': 0.1916, 'f1': 0.3004, 'auc': 0.824}
val: {'epoch': 62, 'loss': 0.1328, 'lr': 0.001, 'params': 600602, 'time_iter': 1.5859, 'accuracy': 0.9801, 'precision': 0.0, 'recall': 0.0, 'f1': 0.0, 'auc': 0.7157}
train: {'epoch': 62, 'eta': 490705.8824, 'loss': 0.1171, 'lr': 0.001, 'params': 600602, 'time_iter': 12.9899, 'accuracy': 0.9664, 'precision': 0.6778, 'recall': 0.1981, 'f1': 0.3065, 'auc': 0.8329}
val: {'epoch': 63, 'loss': 0.1373, 'lr': 0.001, 'params': 600602, 'time_iter': 1.6919, 'accuracy': 0.9803, 'precision': 0.0, 'recall': 0.0, 'f1': 0.0, 'auc': 0.7122}
train: {'epoch': 63, 'eta': 477426.4905, 'loss': 0.1171, 'lr': 0.001, 'params': 600602, 'time_iter': 12.8591, 'accuracy': 0.966, 'precision': 0.6602, 'recall': 0.1924, 'f1': 0.2979, 'auc': 0.8284}
val: {'epoch': 64, 'loss': 0.1348, 'lr': 0.001, 'params': 600602, 'time_iter': 1.5663, 'accuracy': 0.9803, 'precision': 0.0, 'recall': 0.0, 'f1': 0.0, 'auc': 0.7275}
train: {'epoch': 64, 'eta': 464294.121, 'loss': 0.1169, 'lr': 0.001, 'params': 600602, 'time_iter': 13.1218, 'accuracy': 0.9667, 'precision': 0.6891, 'recall': 0.1997, 'f1': 0.3096, 'auc': 0.83}
val: {'epoch': 65, 'loss': 0.1453, 'lr': 0.001, 'params': 600602, 'time_iter': 1.5741, 'accuracy': 0.9803, 'precision': 0.0, 'recall': 0.0, 'f1': 0.0, 'auc': 0.7044}
train: {'epoch': 65, 'eta': 450982.8409, 'loss': 0.1158, 'lr': 0.001, 'params': 600602, 'time_iter': 12.8054, 'accuracy': 0.967, 'precision': 0.6995, 'recall': 0.2078, 'f1': 0.3204, 'auc': 0.8318}
val: {'epoch': 66, 'loss': 0.1396, 'lr': 0.001, 'params': 600602, 'time_iter': 1.6658, 'accuracy': 0.9803, 'precision': 0.0, 'recall': 0.0, 'f1': 0.0, 'auc': 0.7462}
train: {'epoch': 66, 'eta': 437727.4861, 'loss': 0.1176, 'lr': 0.001, 'params': 600602, 'time_iter': 12.9078, 'accuracy': 0.966, 'precision': 0.6584, 'recall': 0.194, 'f1': 0.2997, 'auc': 0.8275}
val: {'epoch': 67, 'loss': 0.135, 'lr': 0.001, 'params': 600602, 'time_iter': 1.5993, 'accuracy': 0.9803, 'precision': 0.0, 'recall': 0.0, 'f1': 0.0, 'auc': 0.7112}
train: {'epoch': 67, 'eta': 424532.287, 'loss': 0.1154, 'lr': 0.001, 'params': 600602, 'time_iter': 13.0337, 'accuracy': 0.9665, 'precision': 0.6795, 'recall': 0.2013, 'f1': 0.3106, 'auc': 0.8379}
val: {'epoch': 68, 'loss': 0.1367, 'lr': 0.001, 'params': 600602, 'time_iter': 1.5935, 'accuracy': 0.9803, 'precision': 0.0, 'recall': 0.0, 'f1': 0.0, 'auc': 0.7363}
train: {'epoch': 68, 'eta': 411278.9163, 'loss': 0.1163, 'lr': 0.001, 'params': 600602, 'time_iter': 12.9214, 'accuracy': 0.9664, 'precision': 0.6808, 'recall': 0.1956, 'f1': 0.3039, 'auc': 0.8336}
val: {'epoch': 69, 'loss': 0.1442, 'lr': 0.001, 'params': 600602, 'time_iter': 1.5755, 'accuracy': 0.9803, 'precision': 0.0, 'recall': 0.0, 'f1': 0.0, 'auc': 0.6801}
train: {'epoch': 69, 'eta': 398021.4122, 'loss': 0.1156, 'lr': 0.001, 'params': 600602, 'time_iter': 12.9148, 'accuracy': 0.9666, 'precision': 0.6642, 'recall': 0.2183, 'f1': 0.3286, 'auc': 0.8349}
val: {'epoch': 70, 'loss': 0.1384, 'lr': 0.001, 'params': 600602, 'time_iter': 1.5872, 'accuracy': 0.9803, 'precision': 0.0, 'recall': 0.0, 'f1': 0.0, 'auc': 0.7396}
train: {'epoch': 70, 'eta': 384754.5925, 'loss': 0.116, 'lr': 0.001, 'params': 600602, 'time_iter': 12.8948, 'accuracy': 0.9667, 'precision': 0.6799, 'recall': 0.2086, 'f1': 0.3193, 'auc': 0.8378}
val: {'epoch': 71, 'loss': 0.1457, 'lr': 0.001, 'params': 600602, 'time_iter': 1.6093, 'accuracy': 0.9803, 'precision': 0.0, 'recall': 0.0, 'f1': 0.0, 'auc': 0.6645}
train: {'epoch': 71, 'eta': 371508.8375, 'loss': 0.1154, 'lr': 0.001, 'params': 600602, 'time_iter': 12.9476, 'accuracy': 0.9667, 'precision': 0.6845, 'recall': 0.2078, 'f1': 0.3188, 'auc': 0.8384}
val: {'epoch': 72, 'loss': 0.1378, 'lr': 0.001, 'params': 600602, 'time_iter': 1.6002, 'accuracy': 0.9803, 'precision': 0.0, 'recall': 0.0, 'f1': 0.0, 'auc': 0.7509}
train: {'epoch': 72, 'eta': 358237.6614, 'loss': 0.1152, 'lr': 0.001, 'params': 600602, 'time_iter': 12.8863, 'accuracy': 0.9669, 'precision': 0.6877, 'recall': 0.2127, 'f1': 0.3249, 'auc': 0.8365}
val: {'epoch': 73, 'loss': 0.146, 'lr': 0.001, 'params': 600602, 'time_iter': 1.7794, 'accuracy': 0.9801, 'precision': 0.0, 'recall': 0.0, 'f1': 0.0, 'auc': 0.6718}
train: {'epoch': 73, 'eta': 344929.0084, 'loss': 0.1152, 'lr': 0.001, 'params': 600602, 'time_iter': 12.7819, 'accuracy': 0.9669, 'precision': 0.6857, 'recall': 0.2143, 'f1': 0.3265, 'auc': 0.8394}
val: {'epoch': 74, 'loss': 0.1411, 'lr': 0.001, 'params': 600602, 'time_iter': 1.5882, 'accuracy': 0.9803, 'precision': 0.0, 'recall': 0.0, 'f1': 0.0, 'auc': 0.7046}
train: {'epoch': 74, 'eta': 331745.6915, 'loss': 0.115, 'lr': 0.001, 'params': 600602, 'time_iter': 13.1351, 'accuracy': 0.9667, 'precision': 0.6816, 'recall': 0.2102, 'f1': 0.3213, 'auc': 0.8406}
val: {'epoch': 75, 'loss': 0.1421, 'lr': 0.001, 'params': 600602, 'time_iter': 1.6081, 'accuracy': 0.9803, 'precision': 0.0, 'recall': 0.0, 'f1': 0.0, 'auc': 0.7175}
train: {'epoch': 75, 'eta': 318399.8823, 'loss': 0.1157, 'lr': 0.001, 'params': 600602, 'time_iter': 12.662, 'accuracy': 0.9673, 'precision': 0.6952, 'recall': 0.224, 'f1': 0.3389, 'auc': 0.8333}
val: {'epoch': 76, 'loss': 0.1526, 'lr': 0.001, 'params': 600602, 'time_iter': 1.7645, 'accuracy': 0.9786, 'precision': 0.0, 'recall': 0.0, 'f1': 0.0, 'auc': 0.6877}
train: {'epoch': 76, 'eta': 305134.8997, 'loss': 0.1144, 'lr': 0.001, 'params': 600602, 'time_iter': 12.8982, 'accuracy': 0.9673, 'precision': 0.6967, 'recall': 0.2256, 'f1': 0.3409, 'auc': 0.8421}
val: {'epoch': 77, 'loss': 0.1382, 'lr': 0.001, 'params': 600602, 'time_iter': 1.5948, 'accuracy': 0.9803, 'precision': 0.0, 'recall': 0.0, 'f1': 0.0, 'auc': 0.7047}
train: {'epoch': 77, 'eta': 291982.229, 'loss': 0.1135, 'lr': 0.001, 'params': 600602, 'time_iter': 13.2859, 'accuracy': 0.9678, 'precision': 0.7212, 'recall': 0.2289, 'f1': 0.3475, 'auc': 0.8481}
val: {'epoch': 78, 'loss': 0.1455, 'lr': 0.001, 'params': 600602, 'time_iter': 1.5928, 'accuracy': 0.9803, 'precision': 0.0, 'recall': 0.0, 'f1': 0.0, 'auc': 0.7417}
train: {'epoch': 78, 'eta': 278719.3902, 'loss': 0.1137, 'lr': 0.001, 'params': 600602, 'time_iter': 12.9311, 'accuracy': 0.9671, 'precision': 0.6864, 'recall': 0.2256, 'f1': 0.3396, 'auc': 0.8436}
val: {'epoch': 79, 'loss': 0.1398, 'lr': 0.001, 'params': 600602, 'time_iter': 1.6943, 'accuracy': 0.9803, 'precision': 0.0, 'recall': 0.0, 'f1': 0.0, 'auc': 0.7409}
train: {'epoch': 79, 'eta': 265407.14, 'loss': 0.1144, 'lr': 0.001, 'params': 600602, 'time_iter': 12.7432, 'accuracy': 0.9677, 'precision': 0.7246, 'recall': 0.22, 'f1': 0.3375, 'auc': 0.8388}
val: {'epoch': 80, 'loss': 0.1521, 'lr': 0.001, 'params': 600602, 'time_iter': 1.5683, 'accuracy': 0.9803, 'precision': 0.0, 'recall': 0.0, 'f1': 0.0, 'auc': 0.6218}
train: {'epoch': 80, 'eta': 252149.1036, 'loss': 0.114, 'lr': 0.001, 'params': 600602, 'time_iter': 12.9474, 'accuracy': 0.9674, 'precision': 0.7079, 'recall': 0.2183, 'f1': 0.3337, 'auc': 0.8426}
val: {'epoch': 81, 'loss': 0.1423, 'lr': 0.001, 'params': 600602, 'time_iter': 1.5439, 'accuracy': 0.9803, 'precision': 0.0, 'recall': 0.0, 'f1': 0.0, 'auc': 0.7023}
train: {'epoch': 81, 'eta': 238881.0536, 'loss': 0.1136, 'lr': 0.001, 'params': 600602, 'time_iter': 12.9101, 'accuracy': 0.9677, 'precision': 0.7036, 'recall': 0.237, 'f1': 0.3546, 'auc': 0.8386}
val: {'epoch': 82, 'loss': 0.1497, 'lr': 0.001, 'params': 600602, 'time_iter': 1.7256, 'accuracy': 0.9803, 'precision': 0.0, 'recall': 0.0, 'f1': 0.0, 'auc': 0.6998}
train: {'epoch': 82, 'eta': 225586.344, 'loss': 0.1132, 'lr': 0.001, 'params': 600602, 'time_iter': 12.7855, 'accuracy': 0.9678, 'precision': 0.7146, 'recall': 0.2338, 'f1': 0.3523, 'auc': 0.8449}
val: {'epoch': 83, 'loss': 0.1501, 'lr': 0.001, 'params': 600602, 'time_iter': 1.6188, 'accuracy': 0.9798, 'precision': 0.0, 'recall': 0.0, 'f1': 0.0, 'auc': 0.659}
train: {'epoch': 83, 'eta': 212365.4836, 'loss': 0.1141, 'lr': 0.001, 'params': 600602, 'time_iter': 13.1454, 'accuracy': 0.9673, 'precision': 0.7028, 'recall': 0.2208, 'f1': 0.336, 'auc': 0.8432}
val: {'epoch': 84, 'loss': 0.1458, 'lr': 0.001, 'params': 600602, 'time_iter': 1.5896, 'accuracy': 0.9803, 'precision': 0.0, 'recall': 0.0, 'f1': 0.0, 'auc': 0.7179}
train: {'epoch': 84, 'eta': 199118.4592, 'loss': 0.1141, 'lr': 0.001, 'params': 600602, 'time_iter': 13.041, 'accuracy': 0.9673, 'precision': 0.7053, 'recall': 0.2175, 'f1': 0.3325, 'auc': 0.8409}
val: {'epoch': 85, 'loss': 0.1505, 'lr': 0.001, 'params': 600602, 'time_iter': 1.7233, 'accuracy': 0.9803, 'precision': 0.0, 'recall': 0.0, 'f1': 0.0, 'auc': 0.6604}
train: {'epoch': 85, 'eta': 185839.3252, 'loss': 0.114, 'lr': 0.001, 'params': 600602, 'time_iter': 12.8732, 'accuracy': 0.9678, 'precision': 0.7228, 'recall': 0.2265, 'f1': 0.3449, 'auc': 0.8402}
val: {'epoch': 86, 'loss': 0.1444, 'lr': 0.001, 'params': 600602, 'time_iter': 1.6103, 'accuracy': 0.9803, 'precision': 0.0, 'recall': 0.0, 'f1': 0.0, 'auc': 0.6947}
train: {'epoch': 86, 'eta': 172582.2768, 'loss': 0.1136, 'lr': 0.001, 'params': 600602, 'time_iter': 13.0119, 'accuracy': 0.9671, 'precision': 0.6795, 'recall': 0.2289, 'f1': 0.3424, 'auc': 0.8457}
val: {'epoch': 87, 'loss': 0.1489, 'lr': 0.001, 'params': 600602, 'time_iter': 1.5902, 'accuracy': 0.9801, 'precision': 0.0, 'recall': 0.0, 'f1': 0.0, 'auc': 0.6742}
train: {'epoch': 87, 'eta': 159279.105, 'loss': 0.1119, 'lr': 0.001, 'params': 600602, 'time_iter': 12.7046, 'accuracy': 0.9672, 'precision': 0.6949, 'recall': 0.22, 'f1': 0.3342, 'auc': 0.8557}
val: {'epoch': 88, 'loss': 0.1363, 'lr': 0.001, 'params': 600602, 'time_iter': 1.5944, 'accuracy': 0.9793, 'precision': 0.0, 'recall': 0.0, 'f1': 0.0, 'auc': 0.7486}
train: {'epoch': 88, 'eta': 145992.6505, 'loss': 0.1133, 'lr': 0.001, 'params': 600602, 'time_iter': 12.7954, 'accuracy': 0.967, 'precision': 0.687, 'recall': 0.2192, 'f1': 0.3323, 'auc': 0.8493}
val: {'epoch': 89, 'loss': 0.1442, 'lr': 0.001, 'params': 600602, 'time_iter': 1.6224, 'accuracy': 0.9803, 'precision': 0.0, 'recall': 0.0, 'f1': 0.0, 'auc': 0.701}
train: {'epoch': 89, 'eta': 132721.4705, 'loss': 0.1128, 'lr': 0.001, 'params': 600602, 'time_iter': 12.9057, 'accuracy': 0.9673, 'precision': 0.6923, 'recall': 0.2265, 'f1': 0.3413, 'auc': 0.8493}
val: {'epoch': 90, 'loss': 0.1416, 'lr': 0.001, 'params': 600602, 'time_iter': 1.5688, 'accuracy': 0.9803, 'precision': 0.0, 'recall': 0.0, 'f1': 0.0, 'auc': 0.7341}
train: {'epoch': 90, 'eta': 119450.1456, 'loss': 0.1134, 'lr': 0.001, 'params': 600602, 'time_iter': 12.9062, 'accuracy': 0.9668, 'precision': 0.6777, 'recall': 0.2151, 'f1': 0.3266, 'auc': 0.8491}
val: {'epoch': 91, 'loss': 0.1542, 'lr': 0.001, 'params': 600602, 'time_iter': 1.5866, 'accuracy': 0.9803, 'precision': 0.0, 'recall': 0.0, 'f1': 0.0, 'auc': 0.6993}
train: {'epoch': 91, 'eta': 106182.7029, 'loss': 0.1121, 'lr': 0.001, 'params': 600602, 'time_iter': 12.9518, 'accuracy': 0.9679, 'precision': 0.7122, 'recall': 0.2411, 'f1': 0.3602, 'auc': 0.846}
val: {'epoch': 92, 'loss': 0.1449, 'lr': 0.001, 'params': 600602, 'time_iter': 1.8008, 'accuracy': 0.9803, 'precision': 0.0, 'recall': 0.0, 'f1': 0.0, 'auc': 0.7216}
train: {'epoch': 92, 'eta': 92910.819, 'loss': 0.1122, 'lr': 0.001, 'params': 600602, 'time_iter': 12.9111, 'accuracy': 0.968, 'precision': 0.7236, 'recall': 0.2338, 'f1': 0.3534, 'auc': 0.8462}
val: {'epoch': 93, 'loss': 0.1438, 'lr': 0.001, 'params': 600602, 'time_iter': 1.5486, 'accuracy': 0.9801, 'precision': 0.0, 'recall': 0.0, 'f1': 0.0, 'auc': 0.7303}
train: {'epoch': 93, 'eta': 79630.0046, 'loss': 0.1127, 'lr': 0.001, 'params': 600602, 'time_iter': 12.7795, 'accuracy': 0.9675, 'precision': 0.7053, 'recall': 0.2273, 'f1': 0.3438, 'auc': 0.8491}
val: {'epoch': 94, 'loss': 0.1455, 'lr': 0.001, 'params': 600602, 'time_iter': 1.5567, 'accuracy': 0.9803, 'precision': 0.0, 'recall': 0.0, 'f1': 0.0, 'auc': 0.7006}
train: {'epoch': 94, 'eta': 66356.6626, 'loss': 0.1116, 'lr': 0.001, 'params': 600602, 'time_iter': 12.8667, 'accuracy': 0.968, 'precision': 0.7188, 'recall': 0.2386, 'f1': 0.3583, 'auc': 0.8514}
val: {'epoch': 95, 'loss': 0.1414, 'lr': 0.001, 'params': 600602, 'time_iter': 1.7527, 'accuracy': 0.9803, 'precision': 0.0, 'recall': 0.0, 'f1': 0.0, 'auc': 0.7125}
train: {'epoch': 95, 'eta': 53086.7448, 'loss': 0.1116, 'lr': 0.001, 'params': 600602, 'time_iter': 12.9303, 'accuracy': 0.9678, 'precision': 0.7168, 'recall': 0.2321, 'f1': 0.3507, 'auc': 0.8536}
val: {'epoch': 96, 'loss': 0.1521, 'lr': 0.001, 'params': 600602, 'time_iter': 1.568, 'accuracy': 0.9803, 'precision': 0.0, 'recall': 0.0, 'f1': 0.0, 'auc': 0.7172}
train: {'epoch': 96, 'eta': 39819.2038, 'loss': 0.1109, 'lr': 0.001, 'params': 600602, 'time_iter': 13.0279, 'accuracy': 0.9682, 'precision': 0.7279, 'recall': 0.2411, 'f1': 0.3622, 'auc': 0.8565}
val: {'epoch': 97, 'loss': 0.1451, 'lr': 0.001, 'params': 600602, 'time_iter': 1.5947, 'accuracy': 0.9803, 'precision': 0.0, 'recall': 0.0, 'f1': 0.0, 'auc': 0.6776}
train: {'epoch': 97, 'eta': 26542.9414, 'loss': 0.1119, 'lr': 0.001, 'params': 600602, 'time_iter': 12.7469, 'accuracy': 0.9676, 'precision': 0.6897, 'recall': 0.2435, 'f1': 0.3599, 'auc': 0.8535}
val: {'epoch': 98, 'loss': 0.1438, 'lr': 0.001, 'params': 600602, 'time_iter': 1.7634, 'accuracy': 0.9803, 'precision': 0.0, 'recall': 0.0, 'f1': 0.0, 'auc': 0.6806}
train: {'epoch': 98, 'eta': 13271.9549, 'loss': 0.1117, 'lr': 0.001, 'params': 600602, 'time_iter': 12.944, 'accuracy': 0.9681, 'precision': 0.716, 'recall': 0.2476, 'f1': 0.3679, 'auc': 0.8491}
val: {'epoch': 99, 'loss': 0.1491, 'lr': 0.001, 'params': 600602, 'time_iter': 1.5761, 'accuracy': 0.9803, 'precision': 0.0, 'recall': 0.0, 'f1': 0.0, 'auc': 0.6888}
train: {'epoch': 99, 'eta': 0.0, 'loss': 0.1108, 'lr': 0.001, 'params': 600602, 'time_iter': 12.9509, 'accuracy': 0.9676, 'precision': 0.6974, 'recall': 0.2394, 'f1': 0.3565, 'auc': 0.8595}
test: {'epoch': 99, 'loss': 0.2488, 'lr': 0.001, 'params': 600602, 'time_iter': 1.4716, 'accuracy': 0.9684, 'precision': 0.0, 'recall': 0.0, 'f1': 0.0, 'auc': 0.6008}
test: {'epoch': 6, 'loss': 0.1469, 'lr': 0.001, 'params': 600602, 'time_iter': 1.4295, 'accuracy': 0.9681, 'precision': 0.3333, 'recall': 0.0077, 'f1': 0.015, 'auc': 0.7452}
