GraphGymModule(
  (model): DilatedGNNModel(
    (encoder): FeatureEncoder(
      (node_encoder): AtomEncoder(
        (atom_embedding_list): ModuleList(
          (0): Embedding(119, 300)
          (1): Embedding(4, 300)
          (2): Embedding(12, 300)
          (3): Embedding(12, 300)
          (4): Embedding(10, 300)
          (5): Embedding(6, 300)
          (6): Embedding(6, 300)
          (7): Embedding(2, 300)
          (8): Embedding(2, 300)
        )
      )
      (edge_encoder): BondEncoder(
        (bond_embedding_list): ModuleList(
          (0): Embedding(5, 300)
          (1): Embedding(6, 300)
          (2): Embedding(2, 300)
        )
      )
    )
    (mp): GNNDilatedEdgesFeatureStage(
      (classic_layers): ModuleList(
        (0): GeneralLayer(
          (layer): EGINConv(
            (model): GINEConv(nn=Sequential(
              (0): Linear(300, 300, bias=True)
              (1): ReLU()
              (2): Linear(300, 300, bias=True)
            ))
          )
          (post_layer): Sequential(
            (0): BatchNorm1d(300, eps=1e-05, momentum=0.1, affine=True, track_running_stats=True)
            (1): Dropout(p=0.5, inplace=False)
            (2): ReLU()
          )
        )
        (1): GeneralLayer(
          (layer): EGINConv(
            (model): GINEConv(nn=Sequential(
              (0): Linear(300, 300, bias=True)
              (1): ReLU()
              (2): Linear(300, 300, bias=True)
            ))
          )
          (post_layer): Sequential(
            (0): BatchNorm1d(300, eps=1e-05, momentum=0.1, affine=True, track_running_stats=True)
            (1): Dropout(p=0.5, inplace=False)
            (2): ReLU()
          )
        )
      )
      (dilated_layers): ModuleList(
        (0): DilatedGeneralLayer(
          (layer): EGINConv(
            (model): GINEConv(nn=Sequential(
              (0): Linear(300, 300, bias=True)
              (1): ReLU()
              (2): Linear(300, 300, bias=True)
            ))
          )
          (post_layer): Sequential(
            (0): BatchNorm1d(300, eps=1e-05, momentum=0.1, affine=True, track_running_stats=True)
            (1): Dropout(p=0.5, inplace=False)
            (2): ReLU()
          )
          (gem): GeM(p=3.0000, eps=1e-06)
        )
        (1): DilatedGeneralLayer(
          (layer): EGINConv(
            (model): GINEConv(nn=Sequential(
              (0): Linear(300, 300, bias=True)
              (1): ReLU()
              (2): Linear(300, 300, bias=True)
            ))
          )
          (post_layer): Sequential(
            (0): BatchNorm1d(300, eps=1e-05, momentum=0.1, affine=True, track_running_stats=True)
            (1): Dropout(p=0.5, inplace=False)
            (2): ReLU()
          )
          (gem): GeM(p=3.0000, eps=1e-06)
        )
      )
      (act): ReLU()
    )
    (post_mp): GNNGraphHead(
      (layer_post_mp): MLP(
        (model): Sequential(
          (0): Linear(
            (model): Linear(600, 1, bias=True)
          )
        )
      )
    )
  )
)
accelerator: cuda
benchmark: False
bn:
  eps: 1e-05
  mom: 0.1
cfg_dest: config.yaml
custom_metrics: []
dataset:
  cache_load: False
  cache_save: False
  dir: ./datasets
  edge_dim: 300
  edge_encoder: True
  edge_encoder_bn: False
  edge_encoder_name: Bond
  edge_message_ratio: 0.8
  edge_negative_sampling_ratio: 1.0
  edge_train_mode: all
  encoder: True
  encoder_bn: True
  encoder_dim: 128
  encoder_name: db
  fast_loader: False
  format: OGB
  label_column: none
  label_table: none
  location: local
  name: ogbg-molhiv
  node_encoder: True
  node_encoder_bn: False
  node_encoder_name: Atom
  remove_feature: False
  resample_disjoint: False
  resample_negative: False
  shuffle_split: True
  split: [0.8, 0.1, 0.1]
  split_mode: random
  task: graph
  task_type: classification
  to_undirected: False
  transductive: False
  transform: none
  tu_simple: True
devices: 1
gnn:
  act: relu
  act_on_last_layer_mp: True
  agg: none
  att_final_linear: False
  att_final_linear_bn: False
  att_heads: 1
  batchnorm: True
  clear_feature: True
  dim_inner: 300
  dropout: 0.5
  head: graph
  keep_edge: 0.5
  l2norm: True
  layer_type: eginconv
  layers_k1: 2
  layers_k2: 2
  layers_mp: 5
  layers_post_mp: 1
  layers_pre_mp: 0
  msg_direction: single
  normalize_adj: False
  self_msg: concat
  skip_every: 1
  stage_type: dilated_stage
  use_edge_features: True
gpu_mem: False
mem:
  inplace: False
metric_agg: argmax
metric_best: auc
model:
  edge_decoding: dot
  graph_pooling: mean
  loss_fun: cross_entropy
  match_upper: True
  size_average: mean
  thresh: 0.5
  type: dilated_gnn
num_threads: 6
num_workers: 16
optim:
  base_lr: 0.001
  lr_decay: 0.1
  max_epoch: 100
  momentum: 0.9
  optimizer: adam
  scheduler: none
  steps: [30, 60, 90]
  weight_decay: 0.0
out_dir: results_experiments/ogbg_molhiv_baseline_grid_comparison/ogbg_molhiv_baseline-type=dilated_gnn-stage_type=dilated_stage-layer_type=eginconv-layers_k1=2-layers_k2=2-act_on_last_layer_mp=True
params: 1142405
print: both
round: 4
run_dir: results_experiments/ogbg_molhiv_baseline_grid_comparison/ogbg_molhiv_baseline-type=dilated_gnn-stage_type=dilated_stage-layer_type=eginconv-layers_k1=2-layers_k2=2-act_on_last_layer_mp=True/4
seed: 5
share:
  dim_in: 9
  dim_out: 2
  num_splits: 3
tensorboard_agg: True
tensorboard_each_run: False
train:
  auto_resume: False
  batch_size: 32
  ckpt_clean: True
  ckpt_period: 100
  enable_ckpt: True
  epoch_resume: -1
  eval_period: 1
  iter_per_epoch: 32
  neighbor_sizes: [20, 15, 10, 5]
  node_per_graph: 32
  radius: extend
  sample_node: False
  sampler: full_batch
  skip_train_eval: False
  walk_length: 4
val:
  node_per_graph: 32
  radius: extend
  sample_node: False
  sampler: full_batch
view_emb: False
Num parameters: 1142405
val: {'epoch': 0, 'loss': 0.7009, 'lr': 0.001, 'params': 1142405, 'time_iter': 1.1515, 'accuracy': 0.0156, 'precision': 0.0156, 'recall': 1.0, 'f1': 0.0308, 'auc': 0.127}
val: {'epoch': 0, 'loss': 0.0978, 'lr': 0.001, 'params': 1142405, 'time_iter': 3.2537, 'accuracy': 0.9803, 'precision': 0.0, 'recall': 0.0, 'f1': 0.0, 'auc': 0.6481}
train: {'epoch': 0, 'eta': 1546856.5804, 'loss': 0.1828, 'lr': 0.001, 'params': 1142405, 'time_iter': 15.1845, 'accuracy': 0.9612, 'precision': 0.0217, 'recall': 0.0008, 'f1': 0.0016, 'auc': 0.5866}
val: {'epoch': 1, 'loss': 0.0929, 'lr': 0.001, 'params': 1142405, 'time_iter': 2.689, 'accuracy': 0.9803, 'precision': 0.0, 'recall': 0.0, 'f1': 0.0, 'auc': 0.665}
train: {'epoch': 1, 'eta': 1495429.3017, 'loss': 0.1524, 'lr': 0.001, 'params': 1142405, 'time_iter': 14.4744, 'accuracy': 0.9626, 'precision': 0.0, 'recall': 0.0, 'f1': 0.0, 'auc': 0.6475}
val: {'epoch': 2, 'loss': 0.0888, 'lr': 0.001, 'params': 1142405, 'time_iter': 2.8496, 'accuracy': 0.9803, 'precision': 0.0, 'recall': 0.0, 'f1': 0.0, 'auc': 0.7265}
train: {'epoch': 2, 'eta': 1474699.7663, 'loss': 0.151, 'lr': 0.001, 'params': 1142405, 'time_iter': 14.665, 'accuracy': 0.9626, 'precision': 0.0, 'recall': 0.0, 'f1': 0.0, 'auc': 0.6578}
val: {'epoch': 3, 'loss': 0.0878, 'lr': 0.001, 'params': 1142405, 'time_iter': 2.6034, 'accuracy': 0.9803, 'precision': 0.0, 'recall': 0.0, 'f1': 0.0, 'auc': 0.7181}
train: {'epoch': 3, 'eta': 1462485.9274, 'loss': 0.1469, 'lr': 0.001, 'params': 1142405, 'time_iter': 14.8957, 'accuracy': 0.9626, 'precision': 0.0, 'recall': 0.0, 'f1': 0.0, 'auc': 0.694}
val: {'epoch': 4, 'loss': 0.0907, 'lr': 0.001, 'params': 1142405, 'time_iter': 2.8334, 'accuracy': 0.9803, 'precision': 0.0, 'recall': 0.0, 'f1': 0.0, 'auc': 0.7221}
train: {'epoch': 4, 'eta': 1443283.6933, 'loss': 0.1442, 'lr': 0.001, 'params': 1142405, 'time_iter': 14.6019, 'accuracy': 0.9626, 'precision': 1.0, 'recall': 0.0008, 'f1': 0.0016, 'auc': 0.71}
val: {'epoch': 5, 'loss': 0.0915, 'lr': 0.001, 'params': 1142405, 'time_iter': 3.1878, 'accuracy': 0.9803, 'precision': 0.0, 'recall': 0.0, 'f1': 0.0, 'auc': 0.7006}
train: {'epoch': 5, 'eta': 1427616.8507, 'loss': 0.1429, 'lr': 0.001, 'params': 1142405, 'time_iter': 14.7349, 'accuracy': 0.9628, 'precision': 0.75, 'recall': 0.0097, 'f1': 0.0192, 'auc': 0.7182}
val: {'epoch': 6, 'loss': 0.0902, 'lr': 0.001, 'params': 1142405, 'time_iter': 2.6134, 'accuracy': 0.981, 'precision': 0.8, 'recall': 0.0494, 'f1': 0.093, 'auc': 0.7105}
train: {'epoch': 6, 'eta': 1425633.2739, 'loss': 0.141, 'lr': 0.001, 'params': 1142405, 'time_iter': 15.7252, 'accuracy': 0.963, 'precision': 0.75, 'recall': 0.0195, 'f1': 0.038, 'auc': 0.7324}
val: {'epoch': 7, 'loss': 0.0875, 'lr': 0.001, 'params': 1142405, 'time_iter': 2.9036, 'accuracy': 0.981, 'precision': 0.6364, 'recall': 0.0864, 'f1': 0.1522, 'auc': 0.7468}
train: {'epoch': 7, 'eta': 1410460.2631, 'loss': 0.1406, 'lr': 0.001, 'params': 1142405, 'time_iter': 14.9106, 'accuracy': 0.9632, 'precision': 0.8, 'recall': 0.0227, 'f1': 0.0442, 'auc': 0.7338}
val: {'epoch': 8, 'loss': 0.0884, 'lr': 0.001, 'params': 1142405, 'time_iter': 2.5862, 'accuracy': 0.9801, 'precision': 0.4706, 'recall': 0.0988, 'f1': 0.1633, 'auc': 0.7636}
train: {'epoch': 8, 'eta': 1401143.3969, 'loss': 0.1396, 'lr': 0.001, 'params': 1142405, 'time_iter': 15.4771, 'accuracy': 0.9634, 'precision': 0.7647, 'recall': 0.0317, 'f1': 0.0608, 'auc': 0.7394}
val: {'epoch': 9, 'loss': 0.0863, 'lr': 0.001, 'params': 1142405, 'time_iter': 2.7486, 'accuracy': 0.9815, 'precision': 0.6923, 'recall': 0.1111, 'f1': 0.1915, 'auc': 0.7501}
train: {'epoch': 9, 'eta': 1388029.3011, 'loss': 0.1367, 'lr': 0.001, 'params': 1142405, 'time_iter': 15.2098, 'accuracy': 0.9636, 'precision': 0.6966, 'recall': 0.0503, 'f1': 0.0939, 'auc': 0.7549}
val: {'epoch': 10, 'loss': 0.0874, 'lr': 0.001, 'params': 1142405, 'time_iter': 3.073, 'accuracy': 0.9805, 'precision': 0.5263, 'recall': 0.1235, 'f1': 0.2, 'auc': 0.7475}
train: {'epoch': 10, 'eta': 1374041.6644, 'loss': 0.1353, 'lr': 0.001, 'params': 1142405, 'time_iter': 15.1602, 'accuracy': 0.9638, 'precision': 0.6786, 'recall': 0.0617, 'f1': 0.1131, 'auc': 0.7621}
val: {'epoch': 11, 'loss': 0.0808, 'lr': 0.001, 'params': 1142405, 'time_iter': 2.6939, 'accuracy': 0.9808, 'precision': 0.5625, 'recall': 0.1111, 'f1': 0.1856, 'auc': 0.767}
train: {'epoch': 11, 'eta': 1357909.1399, 'loss': 0.1339, 'lr': 0.001, 'params': 1142405, 'time_iter': 14.9116, 'accuracy': 0.9638, 'precision': 0.6449, 'recall': 0.0722, 'f1': 0.1299, 'auc': 0.7685}
val: {'epoch': 12, 'loss': 0.082, 'lr': 0.001, 'params': 1142405, 'time_iter': 2.8196, 'accuracy': 0.9818, 'precision': 0.75, 'recall': 0.1111, 'f1': 0.1935, 'auc': 0.7717}
train: {'epoch': 12, 'eta': 1342158.9642, 'loss': 0.131, 'lr': 0.001, 'params': 1142405, 'time_iter': 14.9495, 'accuracy': 0.9644, 'precision': 0.6923, 'recall': 0.0877, 'f1': 0.1556, 'auc': 0.7839}
val: {'epoch': 13, 'loss': 0.0791, 'lr': 0.001, 'params': 1142405, 'time_iter': 2.648, 'accuracy': 0.982, 'precision': 0.7059, 'recall': 0.1481, 'f1': 0.2449, 'auc': 0.7751}
train: {'epoch': 13, 'eta': 1323879.8659, 'loss': 0.1289, 'lr': 0.001, 'params': 1142405, 'time_iter': 14.5411, 'accuracy': 0.9645, 'precision': 0.676, 'recall': 0.0982, 'f1': 0.1715, 'auc': 0.7876}
val: {'epoch': 14, 'loss': 0.0782, 'lr': 0.001, 'params': 1142405, 'time_iter': 2.6872, 'accuracy': 0.981, 'precision': 0.5882, 'recall': 0.1235, 'f1': 0.2041, 'auc': 0.8009}
train: {'epoch': 14, 'eta': 1305336.4903, 'loss': 0.1278, 'lr': 0.001, 'params': 1142405, 'time_iter': 14.42, 'accuracy': 0.9646, 'precision': 0.665, 'recall': 0.108, 'f1': 0.1858, 'auc': 0.7959}
val: {'epoch': 15, 'loss': 0.0839, 'lr': 0.001, 'params': 1142405, 'time_iter': 2.768, 'accuracy': 0.9813, 'precision': 0.6667, 'recall': 0.0988, 'f1': 0.172, 'auc': 0.7695}
train: {'epoch': 15, 'eta': 1287651.2366, 'loss': 0.1267, 'lr': 0.001, 'params': 1142405, 'time_iter': 14.4931, 'accuracy': 0.9646, 'precision': 0.665, 'recall': 0.1112, 'f1': 0.1905, 'auc': 0.8002}
val: {'epoch': 16, 'loss': 0.079, 'lr': 0.001, 'params': 1142405, 'time_iter': 2.7267, 'accuracy': 0.9813, 'precision': 0.5714, 'recall': 0.1975, 'f1': 0.2936, 'auc': 0.7687}
train: {'epoch': 16, 'eta': 1274573.3261, 'loss': 0.1248, 'lr': 0.001, 'params': 1142405, 'time_iter': 15.3453, 'accuracy': 0.9647, 'precision': 0.6562, 'recall': 0.1193, 'f1': 0.2019, 'auc': 0.806}
val: {'epoch': 17, 'loss': 0.081, 'lr': 0.001, 'params': 1142405, 'time_iter': 2.8235, 'accuracy': 0.981, 'precision': 0.5652, 'recall': 0.1605, 'f1': 0.25, 'auc': 0.7684}
train: {'epoch': 17, 'eta': 1257393.6497, 'loss': 0.1237, 'lr': 0.001, 'params': 1142405, 'time_iter': 14.5346, 'accuracy': 0.9654, 'precision': 0.678, 'recall': 0.1453, 'f1': 0.2393, 'auc': 0.8048}
val: {'epoch': 18, 'loss': 0.0813, 'lr': 0.001, 'params': 1142405, 'time_iter': 2.9746, 'accuracy': 0.9801, 'precision': 0.4667, 'recall': 0.0864, 'f1': 0.1458, 'auc': 0.7814}
train: {'epoch': 18, 'eta': 1239163.9578, 'loss': 0.1223, 'lr': 0.001, 'params': 1142405, 'time_iter': 14.2418, 'accuracy': 0.9653, 'precision': 0.6596, 'recall': 0.151, 'f1': 0.2457, 'auc': 0.816}
val: {'epoch': 19, 'loss': 0.0809, 'lr': 0.001, 'params': 1142405, 'time_iter': 2.6761, 'accuracy': 0.9808, 'precision': 0.5625, 'recall': 0.1111, 'f1': 0.1856, 'auc': 0.7848}
train: {'epoch': 19, 'eta': 1221910.7316, 'loss': 0.1211, 'lr': 0.001, 'params': 1142405, 'time_iter': 14.3922, 'accuracy': 0.9657, 'precision': 0.6859, 'recall': 0.1542, 'f1': 0.2518, 'auc': 0.8146}
val: {'epoch': 20, 'loss': 0.08, 'lr': 0.001, 'params': 1142405, 'time_iter': 2.8703, 'accuracy': 0.9803, 'precision': 0.5, 'recall': 0.1605, 'f1': 0.243, 'auc': 0.8151}
train: {'epoch': 20, 'eta': 1206622.282, 'loss': 0.121, 'lr': 0.001, 'params': 1142405, 'time_iter': 14.8397, 'accuracy': 0.9658, 'precision': 0.6971, 'recall': 0.155, 'f1': 0.2537, 'auc': 0.816}
val: {'epoch': 21, 'loss': 0.0815, 'lr': 0.001, 'params': 1142405, 'time_iter': 2.6435, 'accuracy': 0.9808, 'precision': 0.55, 'recall': 0.1358, 'f1': 0.2178, 'auc': 0.7899}
train: {'epoch': 21, 'eta': 1190725.6178, 'loss': 0.1199, 'lr': 0.001, 'params': 1142405, 'time_iter': 14.6725, 'accuracy': 0.966, 'precision': 0.6976, 'recall': 0.1648, 'f1': 0.2666, 'auc': 0.8179}
val: {'epoch': 22, 'loss': 0.0829, 'lr': 0.001, 'params': 1142405, 'time_iter': 2.8007, 'accuracy': 0.9818, 'precision': 0.625, 'recall': 0.1852, 'f1': 0.2857, 'auc': 0.7914}
train: {'epoch': 22, 'eta': 1174751.6049, 'loss': 0.1185, 'lr': 0.001, 'params': 1142405, 'time_iter': 14.6299, 'accuracy': 0.9665, 'precision': 0.7057, 'recall': 0.181, 'f1': 0.2881, 'auc': 0.8252}
val: {'epoch': 23, 'loss': 0.0844, 'lr': 0.001, 'params': 1142405, 'time_iter': 2.8094, 'accuracy': 0.982, 'precision': 0.6667, 'recall': 0.1728, 'f1': 0.2745, 'auc': 0.7568}
train: {'epoch': 23, 'eta': 1158362.689, 'loss': 0.119, 'lr': 0.001, 'params': 1142405, 'time_iter': 14.479, 'accuracy': 0.9665, 'precision': 0.6997, 'recall': 0.1834, 'f1': 0.2907, 'auc': 0.8227}
val: {'epoch': 24, 'loss': 0.0808, 'lr': 0.001, 'params': 1142405, 'time_iter': 2.6358, 'accuracy': 0.9805, 'precision': 0.5143, 'recall': 0.2222, 'f1': 0.3103, 'auc': 0.7892}
train: {'epoch': 24, 'eta': 1143533.533, 'loss': 0.1181, 'lr': 0.001, 'params': 1142405, 'time_iter': 14.9457, 'accuracy': 0.9663, 'precision': 0.6914, 'recall': 0.1818, 'f1': 0.2879, 'auc': 0.8309}
val: {'epoch': 25, 'loss': 0.0812, 'lr': 0.001, 'params': 1142405, 'time_iter': 2.7472, 'accuracy': 0.9813, 'precision': 0.625, 'recall': 0.1235, 'f1': 0.2062, 'auc': 0.794}
train: {'epoch': 25, 'eta': 1127537.6067, 'loss': 0.1168, 'lr': 0.001, 'params': 1142405, 'time_iter': 14.5617, 'accuracy': 0.9667, 'precision': 0.6943, 'recall': 0.1972, 'f1': 0.3072, 'auc': 0.831}
val: {'epoch': 26, 'loss': 0.0763, 'lr': 0.001, 'params': 1142405, 'time_iter': 3.0193, 'accuracy': 0.9813, 'precision': 0.5556, 'recall': 0.2469, 'f1': 0.3419, 'auc': 0.8207}
train: {'epoch': 26, 'eta': 1112567.6417, 'loss': 0.1151, 'lr': 0.001, 'params': 1142405, 'time_iter': 14.9036, 'accuracy': 0.9673, 'precision': 0.7171, 'recall': 0.2078, 'f1': 0.3222, 'auc': 0.8406}
val: {'epoch': 27, 'loss': 0.0797, 'lr': 0.001, 'params': 1142405, 'time_iter': 2.6855, 'accuracy': 0.9827, 'precision': 0.7273, 'recall': 0.1975, 'f1': 0.3107, 'auc': 0.8196}
train: {'epoch': 27, 'eta': 1097316.1558, 'loss': 0.117, 'lr': 0.001, 'params': 1142405, 'time_iter': 14.807, 'accuracy': 0.9669, 'precision': 0.7097, 'recall': 0.1964, 'f1': 0.3077, 'auc': 0.8317}
val: {'epoch': 28, 'loss': 0.0787, 'lr': 0.001, 'params': 1142405, 'time_iter': 2.8469, 'accuracy': 0.9801, 'precision': 0.4878, 'recall': 0.2469, 'f1': 0.3279, 'auc': 0.7934}
train: {'epoch': 28, 'eta': 1083111.6233, 'loss': 0.1147, 'lr': 0.001, 'params': 1142405, 'time_iter': 15.2222, 'accuracy': 0.9671, 'precision': 0.7024, 'recall': 0.2127, 'f1': 0.3265, 'auc': 0.8423}
val: {'epoch': 29, 'loss': 0.0807, 'lr': 0.001, 'params': 1142405, 'time_iter': 2.6225, 'accuracy': 0.9827, 'precision': 0.7273, 'recall': 0.1975, 'f1': 0.3107, 'auc': 0.796}
train: {'epoch': 29, 'eta': 1068266.8997, 'loss': 0.1151, 'lr': 0.001, 'params': 1142405, 'time_iter': 14.9961, 'accuracy': 0.9678, 'precision': 0.7268, 'recall': 0.2224, 'f1': 0.3406, 'auc': 0.8399}
val: {'epoch': 30, 'loss': 0.0804, 'lr': 0.001, 'params': 1142405, 'time_iter': 2.7815, 'accuracy': 0.9813, 'precision': 0.5714, 'recall': 0.1975, 'f1': 0.2936, 'auc': 0.7858}
train: {'epoch': 30, 'eta': 1053352.0466, 'loss': 0.1132, 'lr': 0.001, 'params': 1142405, 'time_iter': 14.982, 'accuracy': 0.9684, 'precision': 0.7393, 'recall': 0.2394, 'f1': 0.3617, 'auc': 0.8426}
val: {'epoch': 31, 'loss': 0.0801, 'lr': 0.001, 'params': 1142405, 'time_iter': 2.9413, 'accuracy': 0.9818, 'precision': 0.6, 'recall': 0.2222, 'f1': 0.3243, 'auc': 0.8085}
train: {'epoch': 31, 'eta': 1038208.5598, 'loss': 0.114, 'lr': 0.001, 'params': 1142405, 'time_iter': 14.8918, 'accuracy': 0.9675, 'precision': 0.706, 'recall': 0.2281, 'f1': 0.3448, 'auc': 0.8392}
val: {'epoch': 32, 'loss': 0.079, 'lr': 0.001, 'params': 1142405, 'time_iter': 2.6592, 'accuracy': 0.9823, 'precision': 0.6176, 'recall': 0.2593, 'f1': 0.3652, 'auc': 0.8052}
train: {'epoch': 32, 'eta': 1023785.1746, 'loss': 0.1127, 'lr': 0.001, 'params': 1142405, 'time_iter': 15.2417, 'accuracy': 0.9687, 'precision': 0.7433, 'recall': 0.2492, 'f1': 0.3733, 'auc': 0.8445}
val: {'epoch': 33, 'loss': 0.0754, 'lr': 0.001, 'params': 1142405, 'time_iter': 2.9329, 'accuracy': 0.9832, 'precision': 0.7, 'recall': 0.2593, 'f1': 0.3784, 'auc': 0.8189}
train: {'epoch': 33, 'eta': 1008285.1655, 'loss': 0.1122, 'lr': 0.001, 'params': 1142405, 'time_iter': 14.7398, 'accuracy': 0.9681, 'precision': 0.7286, 'recall': 0.2354, 'f1': 0.3558, 'auc': 0.8477}
val: {'epoch': 34, 'loss': 0.0774, 'lr': 0.001, 'params': 1142405, 'time_iter': 3.0862, 'accuracy': 0.982, 'precision': 0.6, 'recall': 0.2593, 'f1': 0.3621, 'auc': 0.8116}
train: {'epoch': 34, 'eta': 992602.6674, 'loss': 0.1118, 'lr': 0.001, 'params': 1142405, 'time_iter': 14.6343, 'accuracy': 0.9681, 'precision': 0.7244, 'recall': 0.2411, 'f1': 0.3618, 'auc': 0.85}
val: {'epoch': 35, 'loss': 0.0797, 'lr': 0.001, 'params': 1142405, 'time_iter': 2.7528, 'accuracy': 0.9827, 'precision': 0.6471, 'recall': 0.2716, 'f1': 0.3826, 'auc': 0.8049}
train: {'epoch': 35, 'eta': 977444.1646, 'loss': 0.1103, 'lr': 0.001, 'params': 1142405, 'time_iter': 14.9018, 'accuracy': 0.9688, 'precision': 0.7297, 'recall': 0.263, 'f1': 0.3866, 'auc': 0.8531}
val: {'epoch': 36, 'loss': 0.0794, 'lr': 0.001, 'params': 1142405, 'time_iter': 2.7582, 'accuracy': 0.981, 'precision': 0.5405, 'recall': 0.2469, 'f1': 0.339, 'auc': 0.8002}
train: {'epoch': 36, 'eta': 961960.7773, 'loss': 0.1101, 'lr': 0.001, 'params': 1142405, 'time_iter': 14.7218, 'accuracy': 0.9691, 'precision': 0.7535, 'recall': 0.2606, 'f1': 0.3872, 'auc': 0.8551}
val: {'epoch': 37, 'loss': 0.0769, 'lr': 0.001, 'params': 1142405, 'time_iter': 2.4881, 'accuracy': 0.9805, 'precision': 0.5152, 'recall': 0.2099, 'f1': 0.2982, 'auc': 0.8088}
train: {'epoch': 37, 'eta': 946425.6885, 'loss': 0.1091, 'lr': 0.001, 'params': 1142405, 'time_iter': 14.6805, 'accuracy': 0.9689, 'precision': 0.7297, 'recall': 0.2695, 'f1': 0.3936, 'auc': 0.857}
val: {'epoch': 38, 'loss': 0.0821, 'lr': 0.001, 'params': 1142405, 'time_iter': 2.8019, 'accuracy': 0.9808, 'precision': 0.5208, 'recall': 0.3086, 'f1': 0.3876, 'auc': 0.7726}
train: {'epoch': 38, 'eta': 930629.9743, 'loss': 0.1086, 'lr': 0.001, 'params': 1142405, 'time_iter': 14.5049, 'accuracy': 0.9691, 'precision': 0.7364, 'recall': 0.2744, 'f1': 0.3998, 'auc': 0.8603}
val: {'epoch': 39, 'loss': 0.0779, 'lr': 0.001, 'params': 1142405, 'time_iter': 3.0275, 'accuracy': 0.982, 'precision': 0.5946, 'recall': 0.2716, 'f1': 0.3729, 'auc': 0.792}
train: {'epoch': 39, 'eta': 914630.8757, 'loss': 0.1084, 'lr': 0.001, 'params': 1142405, 'time_iter': 14.345, 'accuracy': 0.9689, 'precision': 0.7348, 'recall': 0.2654, 'f1': 0.39, 'auc': 0.8637}
val: {'epoch': 40, 'loss': 0.0784, 'lr': 0.001, 'params': 1142405, 'time_iter': 2.8075, 'accuracy': 0.9837, 'precision': 0.8182, 'recall': 0.2222, 'f1': 0.3495, 'auc': 0.8248}
train: {'epoch': 40, 'eta': 899545.4659, 'loss': 0.1077, 'lr': 0.001, 'params': 1142405, 'time_iter': 14.9212, 'accuracy': 0.9691, 'precision': 0.7244, 'recall': 0.2817, 'f1': 0.4056, 'auc': 0.8605}
val: {'epoch': 41, 'loss': 0.08, 'lr': 0.001, 'params': 1142405, 'time_iter': 3.2996, 'accuracy': 0.982, 'precision': 0.6207, 'recall': 0.2222, 'f1': 0.3273, 'auc': 0.8261}
train: {'epoch': 41, 'eta': 884260.5704, 'loss': 0.1062, 'lr': 0.001, 'params': 1142405, 'time_iter': 14.7898, 'accuracy': 0.9696, 'precision': 0.7447, 'recall': 0.2865, 'f1': 0.4138, 'auc': 0.868}
val: {'epoch': 42, 'loss': 0.0803, 'lr': 0.001, 'params': 1142405, 'time_iter': 2.6843, 'accuracy': 0.982, 'precision': 0.6, 'recall': 0.2593, 'f1': 0.3621, 'auc': 0.8045}
train: {'epoch': 42, 'eta': 869024.6853, 'loss': 0.1065, 'lr': 0.001, 'params': 1142405, 'time_iter': 14.8235, 'accuracy': 0.9693, 'precision': 0.7307, 'recall': 0.2841, 'f1': 0.4091, 'auc': 0.8668}
val: {'epoch': 43, 'loss': 0.074, 'lr': 0.001, 'params': 1142405, 'time_iter': 2.8144, 'accuracy': 0.9818, 'precision': 0.6, 'recall': 0.2222, 'f1': 0.3243, 'auc': 0.8383}
train: {'epoch': 43, 'eta': 853600.6956, 'loss': 0.107, 'lr': 0.001, 'params': 1142405, 'time_iter': 14.6805, 'accuracy': 0.9696, 'precision': 0.7583, 'recall': 0.2776, 'f1': 0.4064, 'auc': 0.864}
val: {'epoch': 44, 'loss': 0.0791, 'lr': 0.001, 'params': 1142405, 'time_iter': 2.8262, 'accuracy': 0.9813, 'precision': 0.5526, 'recall': 0.2593, 'f1': 0.3529, 'auc': 0.8261}
train: {'epoch': 44, 'eta': 837950.1, 'loss': 0.1052, 'lr': 0.001, 'params': 1142405, 'time_iter': 14.4891, 'accuracy': 0.9702, 'precision': 0.7699, 'recall': 0.2906, 'f1': 0.4219, 'auc': 0.8705}
val: {'epoch': 45, 'loss': 0.0772, 'lr': 0.001, 'params': 1142405, 'time_iter': 2.5863, 'accuracy': 0.981, 'precision': 0.5429, 'recall': 0.2346, 'f1': 0.3276, 'auc': 0.8378}
train: {'epoch': 45, 'eta': 822550.0327, 'loss': 0.1057, 'lr': 0.001, 'params': 1142405, 'time_iter': 14.6698, 'accuracy': 0.9699, 'precision': 0.7455, 'recall': 0.2995, 'f1': 0.4273, 'auc': 0.8668}
val: {'epoch': 46, 'loss': 0.0767, 'lr': 0.001, 'params': 1142405, 'time_iter': 2.9231, 'accuracy': 0.9825, 'precision': 0.6452, 'recall': 0.2469, 'f1': 0.3571, 'auc': 0.83}
train: {'epoch': 46, 'eta': 806796.1345, 'loss': 0.105, 'lr': 0.001, 'params': 1142405, 'time_iter': 14.3537, 'accuracy': 0.9701, 'precision': 0.7546, 'recall': 0.2995, 'f1': 0.4288, 'auc': 0.8708}
val: {'epoch': 47, 'loss': 0.0763, 'lr': 0.001, 'params': 1142405, 'time_iter': 3.1181, 'accuracy': 0.983, 'precision': 0.7619, 'recall': 0.1975, 'f1': 0.3137, 'auc': 0.815}
train: {'epoch': 47, 'eta': 791054.0116, 'loss': 0.1043, 'lr': 0.001, 'params': 1142405, 'time_iter': 14.3275, 'accuracy': 0.9703, 'precision': 0.7673, 'recall': 0.2971, 'f1': 0.4283, 'auc': 0.8729}
val: {'epoch': 48, 'loss': 0.0798, 'lr': 0.001, 'params': 1142405, 'time_iter': 2.6766, 'accuracy': 0.982, 'precision': 0.64, 'recall': 0.1975, 'f1': 0.3019, 'auc': 0.8134}
train: {'epoch': 48, 'eta': 775529.0248, 'loss': 0.1024, 'lr': 0.001, 'params': 1142405, 'time_iter': 14.4921, 'accuracy': 0.9708, 'precision': 0.7836, 'recall': 0.3028, 'f1': 0.4368, 'auc': 0.8785}
val: {'epoch': 49, 'loss': 0.0795, 'lr': 0.001, 'params': 1142405, 'time_iter': 2.8633, 'accuracy': 0.9825, 'precision': 0.7143, 'recall': 0.1852, 'f1': 0.2941, 'auc': 0.8066}
train: {'epoch': 49, 'eta': 759928.1403, 'loss': 0.1036, 'lr': 0.001, 'params': 1142405, 'time_iter': 14.3946, 'accuracy': 0.9707, 'precision': 0.7642, 'recall': 0.3157, 'f1': 0.4469, 'auc': 0.8731}
val: {'epoch': 50, 'loss': 0.0793, 'lr': 0.001, 'params': 1142405, 'time_iter': 2.6161, 'accuracy': 0.9825, 'precision': 0.6452, 'recall': 0.2469, 'f1': 0.3571, 'auc': 0.8164}
train: {'epoch': 50, 'eta': 744358.0178, 'loss': 0.1028, 'lr': 0.001, 'params': 1142405, 'time_iter': 14.3944, 'accuracy': 0.9705, 'precision': 0.7678, 'recall': 0.306, 'f1': 0.4376, 'auc': 0.8798}
val: {'epoch': 51, 'loss': 0.0815, 'lr': 0.001, 'params': 1142405, 'time_iter': 2.7438, 'accuracy': 0.9813, 'precision': 0.5667, 'recall': 0.2099, 'f1': 0.3063, 'auc': 0.8145}
train: {'epoch': 51, 'eta': 728936.0498, 'loss': 0.1031, 'lr': 0.001, 'params': 1142405, 'time_iter': 14.5197, 'accuracy': 0.9708, 'precision': 0.7596, 'recall': 0.3206, 'f1': 0.4509, 'auc': 0.8768}
val: {'epoch': 52, 'loss': 0.078, 'lr': 0.001, 'params': 1142405, 'time_iter': 2.7529, 'accuracy': 0.9801, 'precision': 0.4884, 'recall': 0.2593, 'f1': 0.3387, 'auc': 0.8292}
train: {'epoch': 52, 'eta': 713500.4371, 'loss': 0.1015, 'lr': 0.001, 'params': 1142405, 'time_iter': 14.4848, 'accuracy': 0.9709, 'precision': 0.7785, 'recall': 0.3109, 'f1': 0.4443, 'auc': 0.8825}
val: {'epoch': 53, 'loss': 0.0803, 'lr': 0.001, 'params': 1142405, 'time_iter': 2.5608, 'accuracy': 0.9813, 'precision': 0.55, 'recall': 0.2716, 'f1': 0.3636, 'auc': 0.793}
train: {'epoch': 53, 'eta': 698335.0289, 'loss': 0.1026, 'lr': 0.001, 'params': 1142405, 'time_iter': 14.7707, 'accuracy': 0.9709, 'precision': 0.7756, 'recall': 0.3141, 'f1': 0.4471, 'auc': 0.8771}
val: {'epoch': 54, 'loss': 0.0801, 'lr': 0.001, 'params': 1142405, 'time_iter': 2.8088, 'accuracy': 0.9818, 'precision': 0.5938, 'recall': 0.2346, 'f1': 0.3363, 'auc': 0.815}
train: {'epoch': 54, 'eta': 683119.7289, 'loss': 0.101, 'lr': 0.001, 'params': 1142405, 'time_iter': 14.7128, 'accuracy': 0.9717, 'precision': 0.7863, 'recall': 0.3344, 'f1': 0.4692, 'auc': 0.8823}
val: {'epoch': 55, 'loss': 0.0865, 'lr': 0.001, 'params': 1142405, 'time_iter': 3.0073, 'accuracy': 0.9784, 'precision': 0.413, 'recall': 0.2346, 'f1': 0.2992, 'auc': 0.8135}
train: {'epoch': 55, 'eta': 667736.2214, 'loss': 0.1002, 'lr': 0.001, 'params': 1142405, 'time_iter': 14.5014, 'accuracy': 0.9715, 'precision': 0.7743, 'recall': 0.3369, 'f1': 0.4695, 'auc': 0.885}
val: {'epoch': 56, 'loss': 0.0763, 'lr': 0.001, 'params': 1142405, 'time_iter': 2.5847, 'accuracy': 0.983, 'precision': 0.7037, 'recall': 0.2346, 'f1': 0.3519, 'auc': 0.8201}
train: {'epoch': 56, 'eta': 652585.7669, 'loss': 0.1004, 'lr': 0.001, 'params': 1142405, 'time_iter': 14.7808, 'accuracy': 0.9714, 'precision': 0.7736, 'recall': 0.3328, 'f1': 0.4654, 'auc': 0.8842}
val: {'epoch': 57, 'loss': 0.0769, 'lr': 0.001, 'params': 1142405, 'time_iter': 2.7911, 'accuracy': 0.9832, 'precision': 0.8, 'recall': 0.1975, 'f1': 0.3168, 'auc': 0.8257}
train: {'epoch': 57, 'eta': 637211.994, 'loss': 0.0989, 'lr': 0.001, 'params': 1142405, 'time_iter': 14.4838, 'accuracy': 0.9711, 'precision': 0.7646, 'recall': 0.3295, 'f1': 0.4606, 'auc': 0.8902}
val: {'epoch': 58, 'loss': 0.0755, 'lr': 0.001, 'params': 1142405, 'time_iter': 2.6131, 'accuracy': 0.9825, 'precision': 0.6667, 'recall': 0.2222, 'f1': 0.3333, 'auc': 0.8193}
train: {'epoch': 58, 'eta': 622065.3213, 'loss': 0.0987, 'lr': 0.001, 'params': 1142405, 'time_iter': 14.7792, 'accuracy': 0.9712, 'precision': 0.7655, 'recall': 0.3312, 'f1': 0.4623, 'auc': 0.8916}
val: {'epoch': 59, 'loss': 0.0815, 'lr': 0.001, 'params': 1142405, 'time_iter': 2.8389, 'accuracy': 0.981, 'precision': 0.56, 'recall': 0.1728, 'f1': 0.2642, 'auc': 0.7925}
train: {'epoch': 59, 'eta': 606774.2226, 'loss': 0.0986, 'lr': 0.001, 'params': 1142405, 'time_iter': 14.5716, 'accuracy': 0.9718, 'precision': 0.7832, 'recall': 0.3401, 'f1': 0.4743, 'auc': 0.8896}
val: {'epoch': 60, 'loss': 0.0798, 'lr': 0.001, 'params': 1142405, 'time_iter': 2.9456, 'accuracy': 0.9805, 'precision': 0.5116, 'recall': 0.2716, 'f1': 0.3548, 'auc': 0.8189}
train: {'epoch': 60, 'eta': 591444.3674, 'loss': 0.0975, 'lr': 0.001, 'params': 1142405, 'time_iter': 14.4979, 'accuracy': 0.9714, 'precision': 0.7797, 'recall': 0.3304, 'f1': 0.4641, 'auc': 0.8972}
val: {'epoch': 61, 'loss': 0.0901, 'lr': 0.001, 'params': 1142405, 'time_iter': 2.6844, 'accuracy': 0.9791, 'precision': 0.4242, 'recall': 0.1728, 'f1': 0.2456, 'auc': 0.792}
train: {'epoch': 61, 'eta': 576516.6562, 'loss': 0.0975, 'lr': 0.001, 'params': 1142405, 'time_iter': 15.1145, 'accuracy': 0.9713, 'precision': 0.759, 'recall': 0.3425, 'f1': 0.472, 'auc': 0.8964}
val: {'epoch': 62, 'loss': 0.0808, 'lr': 0.001, 'params': 1142405, 'time_iter': 2.7881, 'accuracy': 0.9827, 'precision': 0.6667, 'recall': 0.2469, 'f1': 0.3604, 'auc': 0.8098}
train: {'epoch': 62, 'eta': 561432.4469, 'loss': 0.0977, 'lr': 0.001, 'params': 1142405, 'time_iter': 14.8883, 'accuracy': 0.9717, 'precision': 0.7907, 'recall': 0.3312, 'f1': 0.4668, 'auc': 0.8978}
val: {'epoch': 63, 'loss': 0.0806, 'lr': 0.001, 'params': 1142405, 'time_iter': 3.0611, 'accuracy': 0.9827, 'precision': 0.7778, 'recall': 0.1728, 'f1': 0.2828, 'auc': 0.8142}
train: {'epoch': 63, 'eta': 546368.8174, 'loss': 0.0967, 'lr': 0.001, 'params': 1142405, 'time_iter': 14.9366, 'accuracy': 0.9714, 'precision': 0.7599, 'recall': 0.3442, 'f1': 0.4737, 'auc': 0.8972}
val: {'epoch': 64, 'loss': 0.0784, 'lr': 0.001, 'params': 1142405, 'time_iter': 2.6989, 'accuracy': 0.9832, 'precision': 0.6875, 'recall': 0.2716, 'f1': 0.3894, 'auc': 0.7945}
train: {'epoch': 64, 'eta': 531637.0071, 'loss': 0.0957, 'lr': 0.001, 'params': 1142405, 'time_iter': 15.5525, 'accuracy': 0.9723, 'precision': 0.7917, 'recall': 0.3547, 'f1': 0.4899, 'auc': 0.899}
val: {'epoch': 65, 'loss': 0.0832, 'lr': 0.001, 'params': 1142405, 'time_iter': 2.7909, 'accuracy': 0.9832, 'precision': 0.7, 'recall': 0.2593, 'f1': 0.3784, 'auc': 0.7791}
train: {'epoch': 65, 'eta': 516518.1576, 'loss': 0.0977, 'lr': 0.001, 'params': 1142405, 'time_iter': 14.8951, 'accuracy': 0.9714, 'precision': 0.7734, 'recall': 0.3352, 'f1': 0.4677, 'auc': 0.8967}
val: {'epoch': 66, 'loss': 0.0816, 'lr': 0.001, 'params': 1142405, 'time_iter': 2.6294, 'accuracy': 0.9825, 'precision': 0.6667, 'recall': 0.2222, 'f1': 0.3333, 'auc': 0.8121}
train: {'epoch': 66, 'eta': 501298.4817, 'loss': 0.0955, 'lr': 0.001, 'params': 1142405, 'time_iter': 14.7084, 'accuracy': 0.9718, 'precision': 0.7778, 'recall': 0.3466, 'f1': 0.4795, 'auc': 0.9002}
val: {'epoch': 67, 'loss': 0.0833, 'lr': 0.001, 'params': 1142405, 'time_iter': 2.7651, 'accuracy': 0.983, 'precision': 0.7619, 'recall': 0.1975, 'f1': 0.3137, 'auc': 0.8152}
train: {'epoch': 67, 'eta': 485888.4637, 'loss': 0.0947, 'lr': 0.001, 'params': 1142405, 'time_iter': 14.3102, 'accuracy': 0.9729, 'precision': 0.8014, 'recall': 0.3669, 'f1': 0.5033, 'auc': 0.9018}
val: {'epoch': 68, 'loss': 0.0786, 'lr': 0.001, 'params': 1142405, 'time_iter': 2.8511, 'accuracy': 0.9813, 'precision': 0.5667, 'recall': 0.2099, 'f1': 0.3063, 'auc': 0.8301}
train: {'epoch': 68, 'eta': 470517.6952, 'loss': 0.0945, 'lr': 0.001, 'params': 1142405, 'time_iter': 14.3521, 'accuracy': 0.9721, 'precision': 0.777, 'recall': 0.3563, 'f1': 0.4886, 'auc': 0.9045}
val: {'epoch': 69, 'loss': 0.0832, 'lr': 0.001, 'params': 1142405, 'time_iter': 2.715, 'accuracy': 0.9825, 'precision': 0.7647, 'recall': 0.1605, 'f1': 0.2653, 'auc': 0.8108}
train: {'epoch': 69, 'eta': 455359.4598, 'loss': 0.0943, 'lr': 0.001, 'params': 1142405, 'time_iter': 14.795, 'accuracy': 0.9724, 'precision': 0.7872, 'recall': 0.3604, 'f1': 0.4944, 'auc': 0.9047}
val: {'epoch': 70, 'loss': 0.0816, 'lr': 0.001, 'params': 1142405, 'time_iter': 2.6604, 'accuracy': 0.9827, 'precision': 0.7778, 'recall': 0.1728, 'f1': 0.2828, 'auc': 0.8137}
train: {'epoch': 70, 'eta': 440077.0535, 'loss': 0.0936, 'lr': 0.001, 'params': 1142405, 'time_iter': 14.504, 'accuracy': 0.9722, 'precision': 0.7776, 'recall': 0.3604, 'f1': 0.4925, 'auc': 0.9043}
val: {'epoch': 71, 'loss': 0.0886, 'lr': 0.001, 'params': 1142405, 'time_iter': 2.8725, 'accuracy': 0.9815, 'precision': 0.6087, 'recall': 0.1728, 'f1': 0.2692, 'auc': 0.781}
train: {'epoch': 71, 'eta': 424725.0031, 'loss': 0.0926, 'lr': 0.001, 'params': 1142405, 'time_iter': 14.3051, 'accuracy': 0.9728, 'precision': 0.7884, 'recall': 0.375, 'f1': 0.5083, 'auc': 0.9081}
val: {'epoch': 72, 'loss': 0.0901, 'lr': 0.001, 'params': 1142405, 'time_iter': 2.6558, 'accuracy': 0.9823, 'precision': 0.7, 'recall': 0.1728, 'f1': 0.2772, 'auc': 0.7822}
train: {'epoch': 72, 'eta': 409489.1065, 'loss': 0.0926, 'lr': 0.001, 'params': 1142405, 'time_iter': 14.5648, 'accuracy': 0.9721, 'precision': 0.773, 'recall': 0.362, 'f1': 0.4931, 'auc': 0.9115}
val: {'epoch': 73, 'loss': 0.0831, 'lr': 0.001, 'params': 1142405, 'time_iter': 2.6989, 'accuracy': 0.9825, 'precision': 0.7143, 'recall': 0.1852, 'f1': 0.2941, 'auc': 0.7923}
train: {'epoch': 73, 'eta': 394283.918, 'loss': 0.0924, 'lr': 0.001, 'params': 1142405, 'time_iter': 14.6312, 'accuracy': 0.9724, 'precision': 0.792, 'recall': 0.3555, 'f1': 0.4908, 'auc': 0.9126}
val: {'epoch': 74, 'loss': 0.0841, 'lr': 0.001, 'params': 1142405, 'time_iter': 3.0439, 'accuracy': 0.9832, 'precision': 0.7727, 'recall': 0.2099, 'f1': 0.3301, 'auc': 0.7862}
train: {'epoch': 74, 'eta': 379057.9557, 'loss': 0.091, 'lr': 0.001, 'params': 1142405, 'time_iter': 14.559, 'accuracy': 0.9732, 'precision': 0.7983, 'recall': 0.3791, 'f1': 0.514, 'auc': 0.9155}
val: {'epoch': 75, 'loss': 0.0854, 'lr': 0.001, 'params': 1142405, 'time_iter': 2.6556, 'accuracy': 0.9837, 'precision': 0.8182, 'recall': 0.2222, 'f1': 0.3495, 'auc': 0.7999}
train: {'epoch': 75, 'eta': 363883.5463, 'loss': 0.0911, 'lr': 0.001, 'params': 1142405, 'time_iter': 14.6978, 'accuracy': 0.9734, 'precision': 0.8017, 'recall': 0.3839, 'f1': 0.5192, 'auc': 0.9121}
val: {'epoch': 76, 'loss': 0.0856, 'lr': 0.001, 'params': 1142405, 'time_iter': 2.9025, 'accuracy': 0.982, 'precision': 0.6207, 'recall': 0.2222, 'f1': 0.3273, 'auc': 0.8048}
train: {'epoch': 76, 'eta': 348713.4293, 'loss': 0.0921, 'lr': 0.001, 'params': 1142405, 'time_iter': 14.7075, 'accuracy': 0.9719, 'precision': 0.762, 'recall': 0.3612, 'f1': 0.4901, 'auc': 0.9119}
val: {'epoch': 77, 'loss': 0.0858, 'lr': 0.001, 'params': 1142405, 'time_iter': 2.7179, 'accuracy': 0.9832, 'precision': 0.75, 'recall': 0.2222, 'f1': 0.3429, 'auc': 0.8082}
train: {'epoch': 77, 'eta': 333635.5985, 'loss': 0.0896, 'lr': 0.001, 'params': 1142405, 'time_iter': 15.0223, 'accuracy': 0.9731, 'precision': 0.7881, 'recall': 0.3864, 'f1': 0.5185, 'auc': 0.9181}
val: {'epoch': 78, 'loss': 0.0821, 'lr': 0.001, 'params': 1142405, 'time_iter': 2.7048, 'accuracy': 0.9823, 'precision': 0.6429, 'recall': 0.2222, 'f1': 0.3303, 'auc': 0.8113}
train: {'epoch': 78, 'eta': 318504.2041, 'loss': 0.0903, 'lr': 0.001, 'params': 1142405, 'time_iter': 14.8616, 'accuracy': 0.9729, 'precision': 0.7895, 'recall': 0.3774, 'f1': 0.5107, 'auc': 0.9167}
val: {'epoch': 79, 'loss': 0.0845, 'lr': 0.001, 'params': 1142405, 'time_iter': 2.875, 'accuracy': 0.9835, 'precision': 0.76, 'recall': 0.2346, 'f1': 0.3585, 'auc': 0.801}
train: {'epoch': 79, 'eta': 303295.7513, 'loss': 0.0898, 'lr': 0.001, 'params': 1142405, 'time_iter': 14.5778, 'accuracy': 0.9727, 'precision': 0.7778, 'recall': 0.3807, 'f1': 0.5112, 'auc': 0.9186}
val: {'epoch': 80, 'loss': 0.0854, 'lr': 0.001, 'params': 1142405, 'time_iter': 2.5862, 'accuracy': 0.982, 'precision': 0.6842, 'recall': 0.1605, 'f1': 0.26, 'auc': 0.8171}
train: {'epoch': 80, 'eta': 288058.8501, 'loss': 0.0895, 'lr': 0.001, 'params': 1142405, 'time_iter': 14.4386, 'accuracy': 0.9729, 'precision': 0.7767, 'recall': 0.3896, 'f1': 0.5189, 'auc': 0.9175}
val: {'epoch': 81, 'loss': 0.0827, 'lr': 0.001, 'params': 1142405, 'time_iter': 2.8248, 'accuracy': 0.9842, 'precision': 0.8636, 'recall': 0.2346, 'f1': 0.3689, 'auc': 0.8126}
train: {'epoch': 81, 'eta': 272902.6395, 'loss': 0.0884, 'lr': 0.001, 'params': 1142405, 'time_iter': 14.7549, 'accuracy': 0.9734, 'precision': 0.7941, 'recall': 0.3912, 'f1': 0.5242, 'auc': 0.9194}
val: {'epoch': 82, 'loss': 0.0927, 'lr': 0.001, 'params': 1142405, 'time_iter': 2.9524, 'accuracy': 0.9823, 'precision': 1.0, 'recall': 0.0988, 'f1': 0.1798, 'auc': 0.7634}
train: {'epoch': 82, 'eta': 257806.2602, 'loss': 0.0863, 'lr': 0.001, 'params': 1142405, 'time_iter': 15.0418, 'accuracy': 0.9739, 'precision': 0.7934, 'recall': 0.4083, 'f1': 0.5391, 'auc': 0.9273}
val: {'epoch': 83, 'loss': 0.0789, 'lr': 0.001, 'params': 1142405, 'time_iter': 2.6738, 'accuracy': 0.9827, 'precision': 0.6471, 'recall': 0.2716, 'f1': 0.3826, 'auc': 0.8225}
train: {'epoch': 83, 'eta': 242696.7052, 'loss': 0.0905, 'lr': 0.001, 'params': 1142405, 'time_iter': 15.0209, 'accuracy': 0.9723, 'precision': 0.7632, 'recall': 0.3766, 'f1': 0.5043, 'auc': 0.916}
val: {'epoch': 84, 'loss': 0.0845, 'lr': 0.001, 'params': 1142405, 'time_iter': 2.7866, 'accuracy': 0.9835, 'precision': 0.7826, 'recall': 0.2222, 'f1': 0.3462, 'auc': 0.8207}
train: {'epoch': 84, 'eta': 227619.8045, 'loss': 0.0872, 'lr': 0.001, 'params': 1142405, 'time_iter': 15.2457, 'accuracy': 0.9736, 'precision': 0.7958, 'recall': 0.3953, 'f1': 0.5282, 'auc': 0.9235}
val: {'epoch': 85, 'loss': 0.0869, 'lr': 0.001, 'params': 1142405, 'time_iter': 2.6118, 'accuracy': 0.9827, 'precision': 0.6786, 'recall': 0.2346, 'f1': 0.3486, 'auc': 0.7842}
train: {'epoch': 85, 'eta': 212444.8367, 'loss': 0.0866, 'lr': 0.001, 'params': 1142405, 'time_iter': 14.7451, 'accuracy': 0.9743, 'precision': 0.7994, 'recall': 0.4205, 'f1': 0.5511, 'auc': 0.922}
val: {'epoch': 86, 'loss': 0.0847, 'lr': 0.001, 'params': 1142405, 'time_iter': 2.9563, 'accuracy': 0.9837, 'precision': 0.8889, 'recall': 0.1975, 'f1': 0.3232, 'auc': 0.8155}
train: {'epoch': 86, 'eta': 197223.1137, 'loss': 0.0858, 'lr': 0.001, 'params': 1142405, 'time_iter': 14.4407, 'accuracy': 0.9742, 'precision': 0.8028, 'recall': 0.4131, 'f1': 0.5456, 'auc': 0.9278}
val: {'epoch': 87, 'loss': 0.0782, 'lr': 0.001, 'params': 1142405, 'time_iter': 2.9025, 'accuracy': 0.9832, 'precision': 0.7, 'recall': 0.2593, 'f1': 0.3784, 'auc': 0.8276}
train: {'epoch': 87, 'eta': 182017.5956, 'loss': 0.0867, 'lr': 0.001, 'params': 1142405, 'time_iter': 14.4975, 'accuracy': 0.9735, 'precision': 0.7872, 'recall': 0.3994, 'f1': 0.5299, 'auc': 0.9274}
val: {'epoch': 88, 'loss': 0.087, 'lr': 0.001, 'params': 1142405, 'time_iter': 2.6347, 'accuracy': 0.9832, 'precision': 0.875, 'recall': 0.1728, 'f1': 0.2887, 'auc': 0.7996}
train: {'epoch': 88, 'eta': 166831.944, 'loss': 0.0855, 'lr': 0.001, 'params': 1142405, 'time_iter': 14.6029, 'accuracy': 0.9738, 'precision': 0.7834, 'recall': 0.414, 'f1': 0.5417, 'auc': 0.9261}
val: {'epoch': 89, 'loss': 0.0908, 'lr': 0.001, 'params': 1142405, 'time_iter': 2.8229, 'accuracy': 0.9832, 'precision': 0.75, 'recall': 0.2222, 'f1': 0.3429, 'auc': 0.784}
train: {'epoch': 89, 'eta': 151666.447, 'loss': 0.0866, 'lr': 0.001, 'params': 1142405, 'time_iter': 14.7482, 'accuracy': 0.973, 'precision': 0.7734, 'recall': 0.3961, 'f1': 0.5239, 'auc': 0.9271}
val: {'epoch': 90, 'loss': 0.0791, 'lr': 0.001, 'params': 1142405, 'time_iter': 3.222, 'accuracy': 0.9847, 'precision': 0.9091, 'recall': 0.2469, 'f1': 0.3883, 'auc': 0.8167}
train: {'epoch': 90, 'eta': 136467.8354, 'loss': 0.0864, 'lr': 0.001, 'params': 1142405, 'time_iter': 14.4251, 'accuracy': 0.9734, 'precision': 0.7771, 'recall': 0.4075, 'f1': 0.5346, 'auc': 0.9289}
val: {'epoch': 91, 'loss': 0.0913, 'lr': 0.001, 'params': 1142405, 'time_iter': 2.6745, 'accuracy': 0.983, 'precision': 0.7895, 'recall': 0.1852, 'f1': 0.3, 'auc': 0.7741}
train: {'epoch': 91, 'eta': 121311.7813, 'loss': 0.0832, 'lr': 0.001, 'params': 1142405, 'time_iter': 14.8144, 'accuracy': 0.9746, 'precision': 0.8006, 'recall': 0.4269, 'f1': 0.5569, 'auc': 0.9327}
val: {'epoch': 92, 'loss': 0.0905, 'lr': 0.001, 'params': 1142405, 'time_iter': 2.8876, 'accuracy': 0.9827, 'precision': 0.7273, 'recall': 0.1975, 'f1': 0.3107, 'auc': 0.7814}
train: {'epoch': 92, 'eta': 106125.3465, 'loss': 0.0838, 'lr': 0.001, 'params': 1142405, 'time_iter': 14.4466, 'accuracy': 0.9747, 'precision': 0.8132, 'recall': 0.4205, 'f1': 0.5543, 'auc': 0.9332}
val: {'epoch': 93, 'loss': 0.0874, 'lr': 0.001, 'params': 1142405, 'time_iter': 2.6115, 'accuracy': 0.9827, 'precision': 0.6786, 'recall': 0.2346, 'f1': 0.3486, 'auc': 0.8009}
train: {'epoch': 93, 'eta': 90954.5268, 'loss': 0.0838, 'lr': 0.001, 'params': 1142405, 'time_iter': 14.5804, 'accuracy': 0.9739, 'precision': 0.791, 'recall': 0.4115, 'f1': 0.5414, 'auc': 0.933}
val: {'epoch': 94, 'loss': 0.0839, 'lr': 0.001, 'params': 1142405, 'time_iter': 2.7228, 'accuracy': 0.9837, 'precision': 0.7333, 'recall': 0.2716, 'f1': 0.3964, 'auc': 0.7869}
train: {'epoch': 94, 'eta': 75769.5575, 'loss': 0.0823, 'lr': 0.001, 'params': 1142405, 'time_iter': 14.254, 'accuracy': 0.974, 'precision': 0.7941, 'recall': 0.4131, 'f1': 0.5435, 'auc': 0.9376}
val: {'epoch': 95, 'loss': 0.0911, 'lr': 0.001, 'params': 1142405, 'time_iter': 2.9396, 'accuracy': 0.9847, 'precision': 1.0, 'recall': 0.2222, 'f1': 0.3636, 'auc': 0.7852}
train: {'epoch': 95, 'eta': 60602.315, 'loss': 0.0838, 'lr': 0.001, 'params': 1142405, 'time_iter': 14.4159, 'accuracy': 0.9741, 'precision': 0.7891, 'recall': 0.4221, 'f1': 0.55, 'auc': 0.9323}
val: {'epoch': 96, 'loss': 0.0967, 'lr': 0.001, 'params': 1142405, 'time_iter': 2.6554, 'accuracy': 0.982, 'precision': 0.6842, 'recall': 0.1605, 'f1': 0.26, 'auc': 0.7762}
train: {'epoch': 96, 'eta': 45448.8135, 'loss': 0.0814, 'lr': 0.001, 'params': 1142405, 'time_iter': 14.6318, 'accuracy': 0.9747, 'precision': 0.8024, 'recall': 0.4286, 'f1': 0.5587, 'auc': 0.9387}
val: {'epoch': 97, 'loss': 0.0926, 'lr': 0.001, 'params': 1142405, 'time_iter': 2.764, 'accuracy': 0.984, 'precision': 0.8261, 'recall': 0.2346, 'f1': 0.3654, 'auc': 0.774}
train: {'epoch': 97, 'eta': 30293.6905, 'loss': 0.0829, 'lr': 0.001, 'params': 1142405, 'time_iter': 14.4599, 'accuracy': 0.9743, 'precision': 0.7912, 'recall': 0.4245, 'f1': 0.5526, 'auc': 0.9378}
val: {'epoch': 98, 'loss': 0.0893, 'lr': 0.001, 'params': 1142405, 'time_iter': 3.1876, 'accuracy': 0.9842, 'precision': 0.8636, 'recall': 0.2346, 'f1': 0.3689, 'auc': 0.8044}
train: {'epoch': 98, 'eta': 15149.7407, 'loss': 0.0831, 'lr': 0.001, 'params': 1142405, 'time_iter': 14.9985, 'accuracy': 0.9746, 'precision': 0.8062, 'recall': 0.4221, 'f1': 0.5541, 'auc': 0.9349}
val: {'epoch': 99, 'loss': 0.0917, 'lr': 0.001, 'params': 1142405, 'time_iter': 2.6482, 'accuracy': 0.9835, 'precision': 0.8421, 'recall': 0.1975, 'f1': 0.32, 'auc': 0.804}
train: {'epoch': 99, 'eta': 0.0, 'loss': 0.0821, 'lr': 0.001, 'params': 1142405, 'time_iter': 14.757, 'accuracy': 0.974, 'precision': 0.7835, 'recall': 0.4229, 'f1': 0.5493, 'auc': 0.9361}
test: {'epoch': 99, 'loss': 0.1824, 'lr': 0.001, 'params': 1142405, 'time_iter': 2.3856, 'accuracy': 0.9686, 'precision': 0.5556, 'recall': 0.0385, 'f1': 0.0719, 'auc': 0.7196}
test: {'epoch': 43, 'loss': 0.1313, 'lr': 0.001, 'params': 1142405, 'time_iter': 2.4545, 'accuracy': 0.9669, 'precision': 0.3636, 'recall': 0.0615, 'f1': 0.1053, 'auc': 0.7709}
