GraphGymModule(
  (model): DilatedGNNModel(
    (encoder): FeatureEncoder(
      (node_encoder): AtomEncoder(
        (atom_embedding_list): ModuleList(
          (0): Embedding(119, 300)
          (1): Embedding(4, 300)
          (2): Embedding(12, 300)
          (3): Embedding(12, 300)
          (4): Embedding(10, 300)
          (5): Embedding(6, 300)
          (6): Embedding(6, 300)
          (7): Embedding(2, 300)
          (8): Embedding(2, 300)
        )
      )
      (edge_encoder): BondEncoder(
        (bond_embedding_list): ModuleList(
          (0): Embedding(5, 300)
          (1): Embedding(6, 300)
          (2): Embedding(2, 300)
        )
      )
    )
    (mp): GNNDilatedEdgesFeatureStage(
      (classic_layers): ModuleList(
        (0): GeneralLayer(
          (layer): EGINConv(
            (model): GINEConv(nn=Sequential(
              (0): Linear(300, 300, bias=True)
              (1): ReLU()
              (2): Linear(300, 300, bias=True)
            ))
          )
          (post_layer): Sequential(
            (0): BatchNorm1d(300, eps=1e-05, momentum=0.1, affine=True, track_running_stats=True)
            (1): Dropout(p=0.5, inplace=False)
            (2): ReLU()
          )
        )
      )
      (dilated_layers): ModuleList(
        (0): DilatedGeneralLayer(
          (layer): EGINConv(
            (model): GINEConv(nn=Sequential(
              (0): Linear(300, 300, bias=True)
              (1): ReLU()
              (2): Linear(300, 300, bias=True)
            ))
          )
          (post_layer): Sequential(
            (0): BatchNorm1d(300, eps=1e-05, momentum=0.1, affine=True, track_running_stats=True)
            (1): Dropout(p=0.5, inplace=False)
            (2): ReLU()
          )
          (gem): GeM(p=3.0000, eps=1e-06)
        )
      )
      (act): ReLU()
    )
    (post_mp): GNNGraphHead(
      (layer_post_mp): MLP(
        (model): Sequential(
          (0): Linear(
            (model): Linear(600, 1, bias=True)
          )
        )
      )
    )
  )
)
accelerator: cuda
benchmark: False
bn:
  eps: 1e-05
  mom: 0.1
cfg_dest: config.yaml
custom_metrics: []
dataset:
  cache_load: False
  cache_save: False
  dir: ./datasets
  edge_dim: 300
  edge_encoder: True
  edge_encoder_bn: False
  edge_encoder_name: Bond
  edge_message_ratio: 0.8
  edge_negative_sampling_ratio: 1.0
  edge_train_mode: all
  encoder: True
  encoder_bn: True
  encoder_dim: 128
  encoder_name: db
  fast_loader: False
  format: OGB
  label_column: none
  label_table: none
  location: local
  name: ogbg-molhiv
  node_encoder: True
  node_encoder_bn: False
  node_encoder_name: Atom
  remove_feature: False
  resample_disjoint: False
  resample_negative: False
  shuffle_split: True
  split: [0.8, 0.1, 0.1]
  split_mode: random
  task: graph
  task_type: classification
  to_undirected: False
  transductive: False
  transform: none
  tu_simple: True
devices: 1
gnn:
  act: relu
  act_on_last_layer_mp: False
  agg: none
  att_final_linear: False
  att_final_linear_bn: False
  att_heads: 1
  batchnorm: True
  clear_feature: True
  dim_inner: 300
  dropout: 0.5
  head: graph
  keep_edge: 0.5
  l2norm: True
  layer_type: eginconv
  layers_k1: 1
  layers_k2: 1
  layers_mp: 5
  layers_post_mp: 1
  layers_pre_mp: 0
  msg_direction: single
  normalize_adj: False
  self_msg: concat
  skip_every: 1
  stage_type: dilated_stage
  use_edge_features: True
gpu_mem: False
mem:
  inplace: False
metric_agg: argmax
metric_best: auc
model:
  edge_decoding: dot
  graph_pooling: mean
  loss_fun: cross_entropy
  match_upper: True
  size_average: mean
  thresh: 0.5
  type: dilated_gnn
num_threads: 6
num_workers: 16
optim:
  base_lr: 0.001
  lr_decay: 0.1
  max_epoch: 100
  momentum: 0.9
  optimizer: adam
  scheduler: none
  steps: [30, 60, 90]
  weight_decay: 0.0
out_dir: results_experiments/ogbg_molhiv_baseline_grid_comparison/ogbg_molhiv_baseline-type=dilated_gnn-stage_type=dilated_stage-layer_type=eginconv-layers_k1=1-layers_k2=1-act_on_last_layer_mp=False
params: 599403
print: both
round: 4
run_dir: results_experiments/ogbg_molhiv_baseline_grid_comparison/ogbg_molhiv_baseline-type=dilated_gnn-stage_type=dilated_stage-layer_type=eginconv-layers_k1=1-layers_k2=1-act_on_last_layer_mp=False/9
seed: 10
share:
  dim_in: 9
  dim_out: 2
  num_splits: 3
tensorboard_agg: True
tensorboard_each_run: False
train:
  auto_resume: False
  batch_size: 32
  ckpt_clean: True
  ckpt_period: 100
  enable_ckpt: True
  epoch_resume: -1
  eval_period: 1
  iter_per_epoch: 32
  neighbor_sizes: [20, 15, 10, 5]
  node_per_graph: 32
  radius: extend
  sample_node: False
  sampler: full_batch
  skip_train_eval: False
  walk_length: 4
val:
  node_per_graph: 32
  radius: extend
  sample_node: False
  sampler: full_batch
view_emb: False
Num parameters: 599403
val: {'epoch': 0, 'loss': 0.7058, 'lr': 0.001, 'params': 599403, 'time_iter': 0.8439, 'accuracy': 0.0156, 'precision': 0.0156, 'recall': 1.0, 'f1': 0.0308, 'auc': 0.8095}
val: {'epoch': 0, 'loss': 0.0966, 'lr': 0.001, 'params': 599403, 'time_iter': 1.3381, 'accuracy': 0.9803, 'precision': 0.0, 'recall': 0.0, 'f1': 0.0, 'auc': 0.6588}
train: {'epoch': 0, 'eta': 989237.4412, 'loss': 0.1864, 'lr': 0.001, 'params': 599403, 'time_iter': 9.7107, 'accuracy': 0.9603, 'precision': 0.0, 'recall': 0.0, 'f1': 0.0, 'auc': 0.5599}
val: {'epoch': 1, 'loss': 0.0904, 'lr': 0.001, 'params': 599403, 'time_iter': 1.4224, 'accuracy': 0.9803, 'precision': 0.0, 'recall': 0.0, 'f1': 0.0, 'auc': 0.689}
train: {'epoch': 1, 'eta': 977254.5505, 'loss': 0.154, 'lr': 0.001, 'params': 599403, 'time_iter': 9.6712, 'accuracy': 0.9626, 'precision': 0.0, 'recall': 0.0, 'f1': 0.0, 'auc': 0.6542}
val: {'epoch': 2, 'loss': 0.0901, 'lr': 0.001, 'params': 599403, 'time_iter': 1.385, 'accuracy': 0.9803, 'precision': 0.0, 'recall': 0.0, 'f1': 0.0, 'auc': 0.7}
train: {'epoch': 2, 'eta': 964356.1507, 'loss': 0.1509, 'lr': 0.001, 'params': 599403, 'time_iter': 9.603, 'accuracy': 0.9626, 'precision': 0.5, 'recall': 0.0008, 'f1': 0.0016, 'auc': 0.6892}
val: {'epoch': 3, 'loss': 0.0883, 'lr': 0.001, 'params': 599403, 'time_iter': 1.7602, 'accuracy': 0.9803, 'precision': 0.0, 'recall': 0.0, 'f1': 0.0, 'auc': 0.7709}
train: {'epoch': 3, 'eta': 961236.7205, 'loss': 0.1483, 'lr': 0.001, 'params': 599403, 'time_iter': 9.9379, 'accuracy': 0.9625, 'precision': 0.0, 'recall': 0.0, 'f1': 0.0, 'auc': 0.7121}
val: {'epoch': 4, 'loss': 0.0862, 'lr': 0.001, 'params': 599403, 'time_iter': 1.4352, 'accuracy': 0.9805, 'precision': 1.0, 'recall': 0.0123, 'f1': 0.0244, 'auc': 0.7581}
train: {'epoch': 4, 'eta': 953129.1954, 'loss': 0.1451, 'lr': 0.001, 'params': 599403, 'time_iter': 9.8281, 'accuracy': 0.9625, 'precision': 0.0, 'recall': 0.0, 'f1': 0.0, 'auc': 0.7257}
val: {'epoch': 5, 'loss': 0.0877, 'lr': 0.001, 'params': 599403, 'time_iter': 1.4187, 'accuracy': 0.9801, 'precision': 0.3333, 'recall': 0.0123, 'f1': 0.0238, 'auc': 0.7549}
train: {'epoch': 5, 'eta': 942303.3301, 'loss': 0.1422, 'lr': 0.001, 'params': 599403, 'time_iter': 9.701, 'accuracy': 0.9624, 'precision': 0.1667, 'recall': 0.0008, 'f1': 0.0016, 'auc': 0.7405}
val: {'epoch': 6, 'loss': 0.0871, 'lr': 0.001, 'params': 599403, 'time_iter': 1.3472, 'accuracy': 0.9801, 'precision': 0.0, 'recall': 0.0, 'f1': 0.0, 'auc': 0.7637}
train: {'epoch': 6, 'eta': 929481.9201, 'loss': 0.1389, 'lr': 0.001, 'params': 599403, 'time_iter': 9.5374, 'accuracy': 0.9623, 'precision': 0.3704, 'recall': 0.0081, 'f1': 0.0159, 'auc': 0.7551}
val: {'epoch': 7, 'loss': 0.0829, 'lr': 0.001, 'params': 599403, 'time_iter': 1.3929, 'accuracy': 0.9808, 'precision': 0.6, 'recall': 0.0741, 'f1': 0.1319, 'auc': 0.7715}
train: {'epoch': 7, 'eta': 921519.388, 'loss': 0.1372, 'lr': 0.001, 'params': 599403, 'time_iter': 9.8845, 'accuracy': 0.9624, 'precision': 0.4, 'recall': 0.0065, 'f1': 0.0128, 'auc': 0.76}
val: {'epoch': 8, 'loss': 0.081, 'lr': 0.001, 'params': 599403, 'time_iter': 1.3851, 'accuracy': 0.9815, 'precision': 0.7778, 'recall': 0.0864, 'f1': 0.1556, 'auc': 0.7792}
train: {'epoch': 8, 'eta': 910602.3837, 'loss': 0.1345, 'lr': 0.001, 'params': 599403, 'time_iter': 9.6477, 'accuracy': 0.9622, 'precision': 0.383, 'recall': 0.0146, 'f1': 0.0281, 'auc': 0.78}
val: {'epoch': 9, 'loss': 0.0824, 'lr': 0.001, 'params': 599403, 'time_iter': 1.3995, 'accuracy': 0.9808, 'precision': 0.6, 'recall': 0.0741, 'f1': 0.1319, 'auc': 0.7664}
train: {'epoch': 9, 'eta': 900558.4755, 'loss': 0.1334, 'lr': 0.001, 'params': 599403, 'time_iter': 9.7206, 'accuracy': 0.9629, 'precision': 0.589, 'recall': 0.0349, 'f1': 0.0659, 'auc': 0.777}
val: {'epoch': 10, 'loss': 0.0792, 'lr': 0.001, 'params': 599403, 'time_iter': 1.5779, 'accuracy': 0.9818, 'precision': 0.6667, 'recall': 0.1481, 'f1': 0.2424, 'auc': 0.7805}
train: {'epoch': 10, 'eta': 888869.0649, 'loss': 0.1317, 'lr': 0.001, 'params': 599403, 'time_iter': 9.522, 'accuracy': 0.9633, 'precision': 0.6463, 'recall': 0.043, 'f1': 0.0807, 'auc': 0.7802}
val: {'epoch': 11, 'loss': 0.0844, 'lr': 0.001, 'params': 599403, 'time_iter': 1.4715, 'accuracy': 0.9818, 'precision': 0.8, 'recall': 0.0988, 'f1': 0.1758, 'auc': 0.7676}
train: {'epoch': 11, 'eta': 881016.7694, 'loss': 0.1301, 'lr': 0.001, 'params': 599403, 'time_iter': 9.9888, 'accuracy': 0.963, 'precision': 0.58, 'recall': 0.0471, 'f1': 0.0871, 'auc': 0.7879}
val: {'epoch': 12, 'loss': 0.0916, 'lr': 0.001, 'params': 599403, 'time_iter': 1.4398, 'accuracy': 0.981, 'precision': 1.0, 'recall': 0.037, 'f1': 0.0714, 'auc': 0.7714}
train: {'epoch': 12, 'eta': 872498.5492, 'loss': 0.1293, 'lr': 0.001, 'params': 599403, 'time_iter': 9.9463, 'accuracy': 0.9631, 'precision': 0.5738, 'recall': 0.0568, 'f1': 0.1034, 'auc': 0.7901}
val: {'epoch': 13, 'loss': 0.0884, 'lr': 0.001, 'params': 599403, 'time_iter': 1.4391, 'accuracy': 0.9803, 'precision': 0.5, 'recall': 0.0494, 'f1': 0.0899, 'auc': 0.7625}
train: {'epoch': 13, 'eta': 861313.5064, 'loss': 0.1277, 'lr': 0.001, 'params': 599403, 'time_iter': 9.5631, 'accuracy': 0.9631, 'precision': 0.557, 'recall': 0.0714, 'f1': 0.1266, 'auc': 0.7964}
val: {'epoch': 14, 'loss': 0.08, 'lr': 0.001, 'params': 599403, 'time_iter': 1.4689, 'accuracy': 0.9818, 'precision': 0.7143, 'recall': 0.1235, 'f1': 0.2105, 'auc': 0.7832}
train: {'epoch': 14, 'eta': 850807.7231, 'loss': 0.1267, 'lr': 0.001, 'params': 599403, 'time_iter': 9.6489, 'accuracy': 0.9635, 'precision': 0.5987, 'recall': 0.0763, 'f1': 0.1353, 'auc': 0.7995}
val: {'epoch': 15, 'loss': 0.0932, 'lr': 0.001, 'params': 599403, 'time_iter': 1.3704, 'accuracy': 0.9805, 'precision': 1.0, 'recall': 0.0123, 'f1': 0.0244, 'auc': 0.7901}
train: {'epoch': 15, 'eta': 840904.7772, 'loss': 0.1251, 'lr': 0.001, 'params': 599403, 'time_iter': 9.7471, 'accuracy': 0.9632, 'precision': 0.5587, 'recall': 0.0812, 'f1': 0.1417, 'auc': 0.8052}
val: {'epoch': 16, 'loss': 0.0796, 'lr': 0.001, 'params': 599403, 'time_iter': 1.3499, 'accuracy': 0.981, 'precision': 0.6364, 'recall': 0.0864, 'f1': 0.1522, 'auc': 0.7846}
train: {'epoch': 16, 'eta': 830690.7348, 'loss': 0.1244, 'lr': 0.001, 'params': 599403, 'time_iter': 9.6882, 'accuracy': 0.9635, 'precision': 0.5917, 'recall': 0.0812, 'f1': 0.1428, 'auc': 0.8086}
val: {'epoch': 17, 'loss': 0.0795, 'lr': 0.001, 'params': 599403, 'time_iter': 1.8641, 'accuracy': 0.981, 'precision': 0.6154, 'recall': 0.0988, 'f1': 0.1702, 'auc': 0.7857}
train: {'epoch': 17, 'eta': 821613.0496, 'loss': 0.1238, 'lr': 0.001, 'params': 599403, 'time_iter': 9.9248, 'accuracy': 0.9643, 'precision': 0.6559, 'recall': 0.099, 'f1': 0.1721, 'auc': 0.8064}
val: {'epoch': 18, 'loss': 0.0874, 'lr': 0.001, 'params': 599403, 'time_iter': 1.3418, 'accuracy': 0.981, 'precision': 0.6364, 'recall': 0.0864, 'f1': 0.1522, 'auc': 0.7876}
train: {'epoch': 18, 'eta': 811676.7201, 'loss': 0.1235, 'lr': 0.001, 'params': 599403, 'time_iter': 9.7563, 'accuracy': 0.9643, 'precision': 0.6404, 'recall': 0.1055, 'f1': 0.1812, 'auc': 0.8118}
val: {'epoch': 19, 'loss': 0.0873, 'lr': 0.001, 'params': 599403, 'time_iter': 1.3734, 'accuracy': 0.9801, 'precision': 0.4286, 'recall': 0.037, 'f1': 0.0682, 'auc': 0.7833}
train: {'epoch': 19, 'eta': 801999.0277, 'loss': 0.1216, 'lr': 0.001, 'params': 599403, 'time_iter': 9.8216, 'accuracy': 0.9645, 'precision': 0.657, 'recall': 0.1104, 'f1': 0.189, 'auc': 0.8151}
val: {'epoch': 20, 'loss': 0.0871, 'lr': 0.001, 'params': 599403, 'time_iter': 1.4818, 'accuracy': 0.9803, 'precision': 0.5, 'recall': 0.037, 'f1': 0.069, 'auc': 0.773}
train: {'epoch': 20, 'eta': 791981.1304, 'loss': 0.1206, 'lr': 0.001, 'params': 599403, 'time_iter': 9.7443, 'accuracy': 0.9647, 'precision': 0.6522, 'recall': 0.1218, 'f1': 0.2052, 'auc': 0.8227}
val: {'epoch': 21, 'loss': 0.0759, 'lr': 0.001, 'params': 599403, 'time_iter': 1.3574, 'accuracy': 0.981, 'precision': 0.5714, 'recall': 0.1481, 'f1': 0.2353, 'auc': 0.7714}
train: {'epoch': 21, 'eta': 781993.4379, 'loss': 0.12, 'lr': 0.001, 'params': 599403, 'time_iter': 9.7528, 'accuracy': 0.9651, 'precision': 0.6615, 'recall': 0.138, 'f1': 0.2283, 'auc': 0.8237}
val: {'epoch': 22, 'loss': 0.0793, 'lr': 0.001, 'params': 599403, 'time_iter': 1.4486, 'accuracy': 0.9798, 'precision': 0.45, 'recall': 0.1111, 'f1': 0.1782, 'auc': 0.7864}
train: {'epoch': 22, 'eta': 771149.6644, 'loss': 0.1187, 'lr': 0.001, 'params': 599403, 'time_iter': 9.5055, 'accuracy': 0.9655, 'precision': 0.6905, 'recall': 0.1412, 'f1': 0.2345, 'auc': 0.8264}
val: {'epoch': 23, 'loss': 0.077, 'lr': 0.001, 'params': 599403, 'time_iter': 1.3572, 'accuracy': 0.981, 'precision': 0.6667, 'recall': 0.0741, 'f1': 0.1333, 'auc': 0.7897}
train: {'epoch': 23, 'eta': 760602.5078, 'loss': 0.1183, 'lr': 0.001, 'params': 599403, 'time_iter': 9.5693, 'accuracy': 0.9648, 'precision': 0.6341, 'recall': 0.142, 'f1': 0.2321, 'auc': 0.8333}
val: {'epoch': 24, 'loss': 0.0866, 'lr': 0.001, 'params': 599403, 'time_iter': 1.2877, 'accuracy': 0.9805, 'precision': 0.5714, 'recall': 0.0494, 'f1': 0.0909, 'auc': 0.7806}
train: {'epoch': 24, 'eta': 751602.5919, 'loss': 0.1177, 'lr': 0.001, 'params': 599403, 'time_iter': 10.0524, 'accuracy': 0.9656, 'precision': 0.6854, 'recall': 0.1485, 'f1': 0.2442, 'auc': 0.8348}
val: {'epoch': 25, 'loss': 0.0825, 'lr': 0.001, 'params': 599403, 'time_iter': 1.3932, 'accuracy': 0.9803, 'precision': 0.5, 'recall': 0.0864, 'f1': 0.1474, 'auc': 0.7917}
train: {'epoch': 25, 'eta': 740736.2335, 'loss': 0.1168, 'lr': 0.001, 'params': 599403, 'time_iter': 9.4504, 'accuracy': 0.9657, 'precision': 0.6689, 'recall': 0.1656, 'f1': 0.2655, 'auc': 0.838}
val: {'epoch': 26, 'loss': 0.0816, 'lr': 0.001, 'params': 599403, 'time_iter': 1.4145, 'accuracy': 0.9823, 'precision': 0.7222, 'recall': 0.1605, 'f1': 0.2626, 'auc': 0.7902}
train: {'epoch': 26, 'eta': 730719.8562, 'loss': 0.1169, 'lr': 0.001, 'params': 599403, 'time_iter': 9.7255, 'accuracy': 0.9658, 'precision': 0.6824, 'recall': 0.164, 'f1': 0.2644, 'auc': 0.8341}
val: {'epoch': 27, 'loss': 0.0818, 'lr': 0.001, 'params': 599403, 'time_iter': 1.8441, 'accuracy': 0.9808, 'precision': 0.525, 'recall': 0.2593, 'f1': 0.3471, 'auc': 0.765}
train: {'epoch': 27, 'eta': 720683.998, 'loss': 0.1157, 'lr': 0.001, 'params': 599403, 'time_iter': 9.7179, 'accuracy': 0.9659, 'precision': 0.6881, 'recall': 0.1648, 'f1': 0.2659, 'auc': 0.8363}
val: {'epoch': 28, 'loss': 0.0768, 'lr': 0.001, 'params': 599403, 'time_iter': 1.3805, 'accuracy': 0.9818, 'precision': 0.5938, 'recall': 0.2346, 'f1': 0.3363, 'auc': 0.7906}
train: {'epoch': 28, 'eta': 711209.6456, 'loss': 0.1159, 'lr': 0.001, 'params': 599403, 'time_iter': 9.9398, 'accuracy': 0.9661, 'precision': 0.6946, 'recall': 0.168, 'f1': 0.2706, 'auc': 0.8407}
val: {'epoch': 29, 'loss': 0.0796, 'lr': 0.001, 'params': 599403, 'time_iter': 1.4348, 'accuracy': 0.9801, 'precision': 0.4783, 'recall': 0.1358, 'f1': 0.2115, 'auc': 0.7977}
train: {'epoch': 29, 'eta': 701221.0857, 'loss': 0.115, 'lr': 0.001, 'params': 599403, 'time_iter': 9.7466, 'accuracy': 0.9666, 'precision': 0.6939, 'recall': 0.1932, 'f1': 0.3022, 'auc': 0.8397}
val: {'epoch': 30, 'loss': 0.0763, 'lr': 0.001, 'params': 599403, 'time_iter': 1.3588, 'accuracy': 0.982, 'precision': 0.6522, 'recall': 0.1852, 'f1': 0.2885, 'auc': 0.7886}
train: {'epoch': 30, 'eta': 691582.6006, 'loss': 0.1138, 'lr': 0.001, 'params': 599403, 'time_iter': 9.9006, 'accuracy': 0.9667, 'precision': 0.6934, 'recall': 0.1964, 'f1': 0.3061, 'auc': 0.8434}
val: {'epoch': 31, 'loss': 0.0812, 'lr': 0.001, 'params': 599403, 'time_iter': 1.4012, 'accuracy': 0.9827, 'precision': 0.6923, 'recall': 0.2222, 'f1': 0.3364, 'auc': 0.7741}
train: {'epoch': 31, 'eta': 681269.7502, 'loss': 0.1144, 'lr': 0.001, 'params': 599403, 'time_iter': 9.6079, 'accuracy': 0.9661, 'precision': 0.6799, 'recall': 0.181, 'f1': 0.2859, 'auc': 0.8389}
val: {'epoch': 32, 'loss': 0.082, 'lr': 0.001, 'params': 599403, 'time_iter': 1.4969, 'accuracy': 0.9805, 'precision': 0.5385, 'recall': 0.0864, 'f1': 0.1489, 'auc': 0.7946}
train: {'epoch': 32, 'eta': 671061.6294, 'loss': 0.1129, 'lr': 0.001, 'params': 599403, 'time_iter': 9.6456, 'accuracy': 0.9666, 'precision': 0.6812, 'recall': 0.2029, 'f1': 0.3127, 'auc': 0.8457}
val: {'epoch': 33, 'loss': 0.0764, 'lr': 0.001, 'params': 599403, 'time_iter': 1.4048, 'accuracy': 0.9818, 'precision': 0.625, 'recall': 0.1852, 'f1': 0.2857, 'auc': 0.801}
train: {'epoch': 33, 'eta': 661126.9301, 'loss': 0.1133, 'lr': 0.001, 'params': 599403, 'time_iter': 9.7742, 'accuracy': 0.9665, 'precision': 0.6857, 'recall': 0.1948, 'f1': 0.3034, 'auc': 0.846}
val: {'epoch': 34, 'loss': 0.0824, 'lr': 0.001, 'params': 599403, 'time_iter': 1.9073, 'accuracy': 0.9808, 'precision': 0.625, 'recall': 0.0617, 'f1': 0.1124, 'auc': 0.7934}
train: {'epoch': 34, 'eta': 650806.859, 'loss': 0.1122, 'lr': 0.001, 'params': 599403, 'time_iter': 9.5762, 'accuracy': 0.9668, 'precision': 0.7003, 'recall': 0.1972, 'f1': 0.3078, 'auc': 0.8504}
val: {'epoch': 35, 'loss': 0.0785, 'lr': 0.001, 'params': 599403, 'time_iter': 1.4215, 'accuracy': 0.9815, 'precision': 0.6471, 'recall': 0.1358, 'f1': 0.2245, 'auc': 0.8035}
train: {'epoch': 35, 'eta': 640772.3208, 'loss': 0.1125, 'lr': 0.001, 'params': 599403, 'time_iter': 9.7181, 'accuracy': 0.9663, 'precision': 0.6732, 'recall': 0.194, 'f1': 0.3012, 'auc': 0.8504}
val: {'epoch': 36, 'loss': 0.0808, 'lr': 0.001, 'params': 599403, 'time_iter': 1.4429, 'accuracy': 0.9825, 'precision': 0.68, 'recall': 0.2099, 'f1': 0.3208, 'auc': 0.7777}
train: {'epoch': 36, 'eta': 630785.3513, 'loss': 0.1114, 'lr': 0.001, 'params': 599403, 'time_iter': 9.7442, 'accuracy': 0.9669, 'precision': 0.6907, 'recall': 0.2102, 'f1': 0.3223, 'auc': 0.8573}
val: {'epoch': 37, 'loss': 0.0823, 'lr': 0.001, 'params': 599403, 'time_iter': 1.5649, 'accuracy': 0.9796, 'precision': 0.4118, 'recall': 0.0864, 'f1': 0.1429, 'auc': 0.7866}
train: {'epoch': 37, 'eta': 620490.0458, 'loss': 0.1109, 'lr': 0.001, 'params': 599403, 'time_iter': 9.5618, 'accuracy': 0.9676, 'precision': 0.7268, 'recall': 0.2159, 'f1': 0.3329, 'auc': 0.8563}
val: {'epoch': 38, 'loss': 0.0788, 'lr': 0.001, 'params': 599403, 'time_iter': 1.3419, 'accuracy': 0.9813, 'precision': 0.7, 'recall': 0.0864, 'f1': 0.1538, 'auc': 0.8027}
train: {'epoch': 38, 'eta': 610648.8358, 'loss': 0.11, 'lr': 0.001, 'params': 599403, 'time_iter': 9.8294, 'accuracy': 0.967, 'precision': 0.6981, 'recall': 0.2102, 'f1': 0.3231, 'auc': 0.8591}
val: {'epoch': 39, 'loss': 0.0774, 'lr': 0.001, 'params': 599403, 'time_iter': 1.4177, 'accuracy': 0.9815, 'precision': 0.5806, 'recall': 0.2222, 'f1': 0.3214, 'auc': 0.7796}
train: {'epoch': 39, 'eta': 600820.7917, 'loss': 0.1105, 'lr': 0.001, 'params': 599403, 'time_iter': 9.8468, 'accuracy': 0.9675, 'precision': 0.7128, 'recall': 0.2216, 'f1': 0.3381, 'auc': 0.8589}
val: {'epoch': 40, 'loss': 0.0807, 'lr': 0.001, 'params': 599403, 'time_iter': 1.3697, 'accuracy': 0.9808, 'precision': 0.5625, 'recall': 0.1111, 'f1': 0.1856, 'auc': 0.8014}
train: {'epoch': 40, 'eta': 590935.5742, 'loss': 0.1097, 'lr': 0.001, 'params': 599403, 'time_iter': 9.8182, 'accuracy': 0.9674, 'precision': 0.7076, 'recall': 0.22, 'f1': 0.3356, 'auc': 0.8609}
val: {'epoch': 41, 'loss': 0.0822, 'lr': 0.001, 'params': 599403, 'time_iter': 1.4066, 'accuracy': 0.982, 'precision': 0.6667, 'recall': 0.1728, 'f1': 0.2745, 'auc': 0.7871}
train: {'epoch': 41, 'eta': 581083.8079, 'loss': 0.1092, 'lr': 0.001, 'params': 599403, 'time_iter': 9.8491, 'accuracy': 0.9679, 'precision': 0.716, 'recall': 0.2354, 'f1': 0.3543, 'auc': 0.8632}
val: {'epoch': 42, 'loss': 0.0815, 'lr': 0.001, 'params': 599403, 'time_iter': 1.4097, 'accuracy': 0.9808, 'precision': 0.5455, 'recall': 0.1481, 'f1': 0.233, 'auc': 0.7776}
train: {'epoch': 42, 'eta': 571588.4592, 'loss': 0.1091, 'lr': 0.001, 'params': 599403, 'time_iter': 10.12, 'accuracy': 0.9679, 'precision': 0.7143, 'recall': 0.2394, 'f1': 0.3587, 'auc': 0.8613}
val: {'epoch': 43, 'loss': 0.0787, 'lr': 0.001, 'params': 599403, 'time_iter': 1.3782, 'accuracy': 0.9815, 'precision': 0.6471, 'recall': 0.1358, 'f1': 0.2245, 'auc': 0.7951}
train: {'epoch': 43, 'eta': 561473.5691, 'loss': 0.1086, 'lr': 0.001, 'params': 599403, 'time_iter': 9.6788, 'accuracy': 0.9671, 'precision': 0.6841, 'recall': 0.2232, 'f1': 0.3366, 'auc': 0.8642}
val: {'epoch': 44, 'loss': 0.0847, 'lr': 0.001, 'params': 599403, 'time_iter': 1.6983, 'accuracy': 0.9805, 'precision': 0.5294, 'recall': 0.1111, 'f1': 0.1837, 'auc': 0.7897}
train: {'epoch': 44, 'eta': 551504.5224, 'loss': 0.1081, 'lr': 0.001, 'params': 599403, 'time_iter': 9.7893, 'accuracy': 0.9675, 'precision': 0.6927, 'recall': 0.2378, 'f1': 0.3541, 'auc': 0.865}
val: {'epoch': 45, 'loss': 0.08, 'lr': 0.001, 'params': 599403, 'time_iter': 1.3417, 'accuracy': 0.9815, 'precision': 0.7273, 'recall': 0.0988, 'f1': 0.1739, 'auc': 0.7979}
train: {'epoch': 45, 'eta': 541212.2967, 'loss': 0.1078, 'lr': 0.001, 'params': 599403, 'time_iter': 9.5255, 'accuracy': 0.9681, 'precision': 0.7071, 'recall': 0.2508, 'f1': 0.3703, 'auc': 0.8647}
val: {'epoch': 46, 'loss': 0.082, 'lr': 0.001, 'params': 599403, 'time_iter': 1.3947, 'accuracy': 0.982, 'precision': 0.6296, 'recall': 0.2099, 'f1': 0.3148, 'auc': 0.7814}
train: {'epoch': 46, 'eta': 531003.6529, 'loss': 0.1067, 'lr': 0.001, 'params': 599403, 'time_iter': 9.5795, 'accuracy': 0.9684, 'precision': 0.7218, 'recall': 0.2549, 'f1': 0.3767, 'auc': 0.8696}
val: {'epoch': 47, 'loss': 0.0796, 'lr': 0.001, 'params': 599403, 'time_iter': 1.7753, 'accuracy': 0.982, 'precision': 0.7059, 'recall': 0.1481, 'f1': 0.2449, 'auc': 0.7964}
train: {'epoch': 47, 'eta': 520904.5761, 'loss': 0.1066, 'lr': 0.001, 'params': 599403, 'time_iter': 9.6647, 'accuracy': 0.9679, 'precision': 0.698, 'recall': 0.2532, 'f1': 0.3716, 'auc': 0.8732}
val: {'epoch': 48, 'loss': 0.076, 'lr': 0.001, 'params': 599403, 'time_iter': 1.3853, 'accuracy': 0.9813, 'precision': 0.5909, 'recall': 0.1605, 'f1': 0.2524, 'auc': 0.7979}
train: {'epoch': 48, 'eta': 510865.6216, 'loss': 0.1069, 'lr': 0.001, 'params': 599403, 'time_iter': 9.7149, 'accuracy': 0.9686, 'precision': 0.7287, 'recall': 0.2573, 'f1': 0.3803, 'auc': 0.8717}
val: {'epoch': 49, 'loss': 0.0779, 'lr': 0.001, 'params': 599403, 'time_iter': 1.3542, 'accuracy': 0.981, 'precision': 0.5556, 'recall': 0.1852, 'f1': 0.2778, 'auc': 0.7966}
train: {'epoch': 49, 'eta': 500684.3251, 'loss': 0.1061, 'lr': 0.001, 'params': 599403, 'time_iter': 9.575, 'accuracy': 0.9689, 'precision': 0.7307, 'recall': 0.2687, 'f1': 0.3929, 'auc': 0.8714}
val: {'epoch': 50, 'loss': 0.0816, 'lr': 0.001, 'params': 599403, 'time_iter': 1.3598, 'accuracy': 0.9808, 'precision': 0.55, 'recall': 0.1358, 'f1': 0.2178, 'auc': 0.7919}
train: {'epoch': 50, 'eta': 490486.8434, 'loss': 0.1056, 'lr': 0.001, 'params': 599403, 'time_iter': 9.5456, 'accuracy': 0.9688, 'precision': 0.7223, 'recall': 0.2703, 'f1': 0.3934, 'auc': 0.8733}
val: {'epoch': 51, 'loss': 0.0782, 'lr': 0.001, 'params': 599403, 'time_iter': 1.3497, 'accuracy': 0.9827, 'precision': 0.6042, 'recall': 0.358, 'f1': 0.4496, 'auc': 0.7995}
train: {'epoch': 51, 'eta': 480416.602, 'loss': 0.106, 'lr': 0.001, 'params': 599403, 'time_iter': 9.6643, 'accuracy': 0.969, 'precision': 0.7199, 'recall': 0.2817, 'f1': 0.4049, 'auc': 0.872}
val: {'epoch': 52, 'loss': 0.079, 'lr': 0.001, 'params': 599403, 'time_iter': 1.3763, 'accuracy': 0.982, 'precision': 0.6129, 'recall': 0.2346, 'f1': 0.3393, 'auc': 0.7924}
train: {'epoch': 52, 'eta': 470638.4682, 'loss': 0.1056, 'lr': 0.001, 'params': 599403, 'time_iter': 9.9793, 'accuracy': 0.9685, 'precision': 0.7061, 'recall': 0.2711, 'f1': 0.3918, 'auc': 0.876}
val: {'epoch': 53, 'loss': 0.0842, 'lr': 0.001, 'params': 599403, 'time_iter': 1.422, 'accuracy': 0.982, 'precision': 0.8182, 'recall': 0.1111, 'f1': 0.1957, 'auc': 0.7868}
train: {'epoch': 53, 'eta': 460642.1108, 'loss': 0.1048, 'lr': 0.001, 'params': 599403, 'time_iter': 9.751, 'accuracy': 0.9688, 'precision': 0.7105, 'recall': 0.2808, 'f1': 0.4026, 'auc': 0.8726}
val: {'epoch': 54, 'loss': 0.0809, 'lr': 0.001, 'params': 599403, 'time_iter': 2.201, 'accuracy': 0.982, 'precision': 0.7059, 'recall': 0.1481, 'f1': 0.2449, 'auc': 0.7988}
train: {'epoch': 54, 'eta': 450675.749, 'loss': 0.1052, 'lr': 0.001, 'params': 599403, 'time_iter': 9.7883, 'accuracy': 0.9692, 'precision': 0.7417, 'recall': 0.2727, 'f1': 0.3988, 'auc': 0.8749}
val: {'epoch': 55, 'loss': 0.0795, 'lr': 0.001, 'params': 599403, 'time_iter': 1.4136, 'accuracy': 0.9808, 'precision': 0.5625, 'recall': 0.1111, 'f1': 0.1856, 'auc': 0.8012}
train: {'epoch': 55, 'eta': 440789.468, 'loss': 0.1037, 'lr': 0.001, 'params': 599403, 'time_iter': 9.892, 'accuracy': 0.9691, 'precision': 0.7219, 'recall': 0.2865, 'f1': 0.4102, 'auc': 0.8798}
val: {'epoch': 56, 'loss': 0.0811, 'lr': 0.001, 'params': 599403, 'time_iter': 1.4405, 'accuracy': 0.9818, 'precision': 0.7143, 'recall': 0.1235, 'f1': 0.2105, 'auc': 0.7893}
train: {'epoch': 56, 'eta': 430669.8631, 'loss': 0.104, 'lr': 0.001, 'params': 599403, 'time_iter': 9.6046, 'accuracy': 0.9694, 'precision': 0.7251, 'recall': 0.2955, 'f1': 0.4198, 'auc': 0.8779}
val: {'epoch': 57, 'loss': 0.0782, 'lr': 0.001, 'params': 599403, 'time_iter': 1.3844, 'accuracy': 0.983, 'precision': 0.6571, 'recall': 0.284, 'f1': 0.3966, 'auc': 0.7896}
train: {'epoch': 57, 'eta': 420689.587, 'loss': 0.1029, 'lr': 0.001, 'params': 599403, 'time_iter': 9.7807, 'accuracy': 0.9694, 'precision': 0.7435, 'recall': 0.2776, 'f1': 0.4043, 'auc': 0.8806}
val: {'epoch': 58, 'loss': 0.0821, 'lr': 0.001, 'params': 599403, 'time_iter': 1.3318, 'accuracy': 0.9825, 'precision': 0.68, 'recall': 0.2099, 'f1': 0.3208, 'auc': 0.7902}
train: {'epoch': 58, 'eta': 410683.6899, 'loss': 0.1026, 'lr': 0.001, 'params': 599403, 'time_iter': 9.7488, 'accuracy': 0.9693, 'precision': 0.7356, 'recall': 0.28, 'f1': 0.4056, 'auc': 0.8831}
val: {'epoch': 59, 'loss': 0.0783, 'lr': 0.001, 'params': 599403, 'time_iter': 1.3647, 'accuracy': 0.9832, 'precision': 0.7, 'recall': 0.2593, 'f1': 0.3784, 'auc': 0.8016}
train: {'epoch': 59, 'eta': 400480.1848, 'loss': 0.1036, 'lr': 0.001, 'params': 599403, 'time_iter': 9.462, 'accuracy': 0.9695, 'precision': 0.7416, 'recall': 0.2865, 'f1': 0.4133, 'auc': 0.8784}
val: {'epoch': 60, 'loss': 0.0789, 'lr': 0.001, 'params': 599403, 'time_iter': 1.3453, 'accuracy': 0.9827, 'precision': 0.6923, 'recall': 0.2222, 'f1': 0.3364, 'auc': 0.8025}
train: {'epoch': 60, 'eta': 390589.0038, 'loss': 0.1016, 'lr': 0.001, 'params': 599403, 'time_iter': 9.9135, 'accuracy': 0.9698, 'precision': 0.7459, 'recall': 0.2955, 'f1': 0.4233, 'auc': 0.8874}
val: {'epoch': 61, 'loss': 0.0801, 'lr': 0.001, 'params': 599403, 'time_iter': 1.9296, 'accuracy': 0.9827, 'precision': 0.6562, 'recall': 0.2593, 'f1': 0.3717, 'auc': 0.7974}
train: {'epoch': 61, 'eta': 380539.334, 'loss': 0.1017, 'lr': 0.001, 'params': 599403, 'time_iter': 9.678, 'accuracy': 0.9695, 'precision': 0.737, 'recall': 0.2865, 'f1': 0.4126, 'auc': 0.8854}
val: {'epoch': 62, 'loss': 0.0824, 'lr': 0.001, 'params': 599403, 'time_iter': 1.4525, 'accuracy': 0.9823, 'precision': 0.6333, 'recall': 0.2346, 'f1': 0.3423, 'auc': 0.7914}
train: {'epoch': 62, 'eta': 370483.7629, 'loss': 0.1015, 'lr': 0.001, 'params': 599403, 'time_iter': 9.6635, 'accuracy': 0.9697, 'precision': 0.7349, 'recall': 0.2971, 'f1': 0.4231, 'auc': 0.8865}
val: {'epoch': 63, 'loss': 0.0835, 'lr': 0.001, 'params': 599403, 'time_iter': 1.3807, 'accuracy': 0.9815, 'precision': 0.7273, 'recall': 0.0988, 'f1': 0.1739, 'auc': 0.802}
train: {'epoch': 63, 'eta': 360575.0896, 'loss': 0.1018, 'lr': 0.001, 'params': 599403, 'time_iter': 9.9113, 'accuracy': 0.9694, 'precision': 0.7193, 'recall': 0.2995, 'f1': 0.4229, 'auc': 0.8864}
val: {'epoch': 64, 'loss': 0.0802, 'lr': 0.001, 'params': 599403, 'time_iter': 1.5735, 'accuracy': 0.9818, 'precision': 0.6364, 'recall': 0.1728, 'f1': 0.2718, 'auc': 0.7992}
train: {'epoch': 64, 'eta': 350554.5436, 'loss': 0.101, 'lr': 0.001, 'params': 599403, 'time_iter': 9.7254, 'accuracy': 0.9702, 'precision': 0.7461, 'recall': 0.3101, 'f1': 0.4381, 'auc': 0.8876}
val: {'epoch': 65, 'loss': 0.085, 'lr': 0.001, 'params': 599403, 'time_iter': 1.3246, 'accuracy': 0.981, 'precision': 0.6364, 'recall': 0.0864, 'f1': 0.1522, 'auc': 0.7969}
train: {'epoch': 65, 'eta': 340523.0198, 'loss': 0.101, 'lr': 0.001, 'params': 599403, 'time_iter': 9.704, 'accuracy': 0.9701, 'precision': 0.7485, 'recall': 0.3019, 'f1': 0.4303, 'auc': 0.8865}
val: {'epoch': 66, 'loss': 0.0821, 'lr': 0.001, 'params': 599403, 'time_iter': 1.5281, 'accuracy': 0.9805, 'precision': 0.52, 'recall': 0.1605, 'f1': 0.2453, 'auc': 0.7862}
train: {'epoch': 66, 'eta': 330445.0761, 'loss': 0.0999, 'lr': 0.001, 'params': 599403, 'time_iter': 9.6097, 'accuracy': 0.9704, 'precision': 0.7529, 'recall': 0.3117, 'f1': 0.4409, 'auc': 0.8931}
val: {'epoch': 67, 'loss': 0.0795, 'lr': 0.001, 'params': 599403, 'time_iter': 1.4256, 'accuracy': 0.9813, 'precision': 0.6, 'recall': 0.1481, 'f1': 0.2376, 'auc': 0.7928}
train: {'epoch': 67, 'eta': 320525.4671, 'loss': 0.1009, 'lr': 0.001, 'params': 599403, 'time_iter': 9.9251, 'accuracy': 0.9698, 'precision': 0.7357, 'recall': 0.3028, 'f1': 0.429, 'auc': 0.8892}
val: {'epoch': 68, 'loss': 0.0818, 'lr': 0.001, 'params': 599403, 'time_iter': 1.9031, 'accuracy': 0.982, 'precision': 0.6842, 'recall': 0.1605, 'f1': 0.26, 'auc': 0.796}
train: {'epoch': 68, 'eta': 310526.0075, 'loss': 0.0993, 'lr': 0.001, 'params': 599403, 'time_iter': 9.7708, 'accuracy': 0.97, 'precision': 0.7365, 'recall': 0.3109, 'f1': 0.4372, 'auc': 0.8962}
val: {'epoch': 69, 'loss': 0.0831, 'lr': 0.001, 'params': 599403, 'time_iter': 1.4433, 'accuracy': 0.9818, 'precision': 0.6364, 'recall': 0.1728, 'f1': 0.2718, 'auc': 0.7794}
train: {'epoch': 69, 'eta': 300511.1296, 'loss': 0.0991, 'lr': 0.001, 'params': 599403, 'time_iter': 9.7394, 'accuracy': 0.9709, 'precision': 0.763, 'recall': 0.3214, 'f1': 0.4523, 'auc': 0.8948}
val: {'epoch': 70, 'loss': 0.0816, 'lr': 0.001, 'params': 599403, 'time_iter': 1.4279, 'accuracy': 0.9815, 'precision': 0.6471, 'recall': 0.1358, 'f1': 0.2245, 'auc': 0.7927}
train: {'epoch': 70, 'eta': 290436.5207, 'loss': 0.0995, 'lr': 0.001, 'params': 599403, 'time_iter': 9.5978, 'accuracy': 0.9707, 'precision': 0.745, 'recall': 0.3295, 'f1': 0.4569, 'auc': 0.8945}
val: {'epoch': 71, 'loss': 0.0844, 'lr': 0.001, 'params': 599403, 'time_iter': 1.3465, 'accuracy': 0.9815, 'precision': 0.6923, 'recall': 0.1111, 'f1': 0.1915, 'auc': 0.7911}
train: {'epoch': 71, 'eta': 280364.7132, 'loss': 0.0987, 'lr': 0.001, 'params': 599403, 'time_iter': 9.591, 'accuracy': 0.9708, 'precision': 0.7495, 'recall': 0.3304, 'f1': 0.4586, 'auc': 0.8971}
val: {'epoch': 72, 'loss': 0.0834, 'lr': 0.001, 'params': 599403, 'time_iter': 1.3398, 'accuracy': 0.9815, 'precision': 0.6923, 'recall': 0.1111, 'f1': 0.1915, 'auc': 0.8102}
train: {'epoch': 72, 'eta': 270356.0382, 'loss': 0.0978, 'lr': 0.001, 'params': 599403, 'time_iter': 9.7423, 'accuracy': 0.9706, 'precision': 0.7387, 'recall': 0.3328, 'f1': 0.4589, 'auc': 0.8978}
val: {'epoch': 73, 'loss': 0.0861, 'lr': 0.001, 'params': 599403, 'time_iter': 1.3866, 'accuracy': 0.9818, 'precision': 0.75, 'recall': 0.1111, 'f1': 0.1935, 'auc': 0.8023}
train: {'epoch': 73, 'eta': 260325.4303, 'loss': 0.0978, 'lr': 0.001, 'params': 599403, 'time_iter': 9.6828, 'accuracy': 0.9706, 'precision': 0.7509, 'recall': 0.3231, 'f1': 0.4518, 'auc': 0.8989}
val: {'epoch': 74, 'loss': 0.0841, 'lr': 0.001, 'params': 599403, 'time_iter': 1.3582, 'accuracy': 0.9791, 'precision': 0.4, 'recall': 0.1235, 'f1': 0.1887, 'auc': 0.7972}
train: {'epoch': 74, 'eta': 250261.6384, 'loss': 0.0988, 'lr': 0.001, 'params': 599403, 'time_iter': 9.5808, 'accuracy': 0.9707, 'precision': 0.7477, 'recall': 0.3295, 'f1': 0.4575, 'auc': 0.8945}
val: {'epoch': 75, 'loss': 0.0901, 'lr': 0.001, 'params': 599403, 'time_iter': 1.4246, 'accuracy': 0.9813, 'precision': 0.6667, 'recall': 0.0988, 'f1': 0.172, 'auc': 0.789}
train: {'epoch': 75, 'eta': 240230.8208, 'loss': 0.0971, 'lr': 0.001, 'params': 599403, 'time_iter': 9.6657, 'accuracy': 0.9704, 'precision': 0.7349, 'recall': 0.3263, 'f1': 0.4519, 'auc': 0.9004}
val: {'epoch': 76, 'loss': 0.0866, 'lr': 0.001, 'params': 599403, 'time_iter': 1.3743, 'accuracy': 0.9813, 'precision': 0.5833, 'recall': 0.1728, 'f1': 0.2667, 'auc': 0.7835}
train: {'epoch': 76, 'eta': 230246.4825, 'loss': 0.0976, 'lr': 0.001, 'params': 599403, 'time_iter': 9.8098, 'accuracy': 0.9702, 'precision': 0.7351, 'recall': 0.3198, 'f1': 0.4457, 'auc': 0.8986}
val: {'epoch': 77, 'loss': 0.0841, 'lr': 0.001, 'params': 599403, 'time_iter': 1.3485, 'accuracy': 0.9835, 'precision': 0.7241, 'recall': 0.2593, 'f1': 0.3818, 'auc': 0.7852}
train: {'epoch': 77, 'eta': 220265.9759, 'loss': 0.0964, 'lr': 0.001, 'params': 599403, 'time_iter': 9.8327, 'accuracy': 0.9704, 'precision': 0.7407, 'recall': 0.3222, 'f1': 0.4491, 'auc': 0.9019}
val: {'epoch': 78, 'loss': 0.0879, 'lr': 0.001, 'params': 599403, 'time_iter': 1.513, 'accuracy': 0.9803, 'precision': 0.5, 'recall': 0.1235, 'f1': 0.198, 'auc': 0.7791}
train: {'epoch': 78, 'eta': 210285.3967, 'loss': 0.0974, 'lr': 0.001, 'params': 599403, 'time_iter': 9.8451, 'accuracy': 0.9704, 'precision': 0.7345, 'recall': 0.3279, 'f1': 0.4534, 'auc': 0.8994}
val: {'epoch': 79, 'loss': 0.0837, 'lr': 0.001, 'params': 599403, 'time_iter': 1.3904, 'accuracy': 0.9818, 'precision': 0.65, 'recall': 0.1605, 'f1': 0.2574, 'auc': 0.7924}
train: {'epoch': 79, 'eta': 200374.1417, 'loss': 0.0969, 'lr': 0.001, 'params': 599403, 'time_iter': 10.1292, 'accuracy': 0.9701, 'precision': 0.7196, 'recall': 0.3312, 'f1': 0.4536, 'auc': 0.9012}
val: {'epoch': 80, 'loss': 0.0848, 'lr': 0.001, 'params': 599403, 'time_iter': 1.3957, 'accuracy': 0.9803, 'precision': 0.5, 'recall': 0.1605, 'f1': 0.243, 'auc': 0.7911}
train: {'epoch': 80, 'eta': 190340.9048, 'loss': 0.0954, 'lr': 0.001, 'params': 599403, 'time_iter': 9.6762, 'accuracy': 0.9714, 'precision': 0.7589, 'recall': 0.3474, 'f1': 0.4766, 'auc': 0.9036}
val: {'epoch': 81, 'loss': 0.0869, 'lr': 0.001, 'params': 599403, 'time_iter': 1.4133, 'accuracy': 0.9808, 'precision': 0.5625, 'recall': 0.1111, 'f1': 0.1856, 'auc': 0.7915}
train: {'epoch': 81, 'eta': 180349.1297, 'loss': 0.0961, 'lr': 0.001, 'params': 599403, 'time_iter': 9.8515, 'accuracy': 0.9708, 'precision': 0.7403, 'recall': 0.3401, 'f1': 0.4661, 'auc': 0.9032}
val: {'epoch': 82, 'loss': 0.0878, 'lr': 0.001, 'params': 599403, 'time_iter': 1.6032, 'accuracy': 0.9805, 'precision': 0.5263, 'recall': 0.1235, 'f1': 0.2, 'auc': 0.7968}
train: {'epoch': 82, 'eta': 170363.4645, 'loss': 0.0942, 'lr': 0.001, 'params': 599403, 'time_iter': 9.8971, 'accuracy': 0.9711, 'precision': 0.7423, 'recall': 0.3506, 'f1': 0.4763, 'auc': 0.912}
val: {'epoch': 83, 'loss': 0.0867, 'lr': 0.001, 'params': 599403, 'time_iter': 1.4839, 'accuracy': 0.9805, 'precision': 0.5172, 'recall': 0.1852, 'f1': 0.2727, 'auc': 0.7831}
train: {'epoch': 83, 'eta': 160347.4472, 'loss': 0.0956, 'lr': 0.001, 'params': 599403, 'time_iter': 9.7663, 'accuracy': 0.9708, 'precision': 0.7455, 'recall': 0.3352, 'f1': 0.4625, 'auc': 0.9045}
val: {'epoch': 84, 'loss': 0.0828, 'lr': 0.001, 'params': 599403, 'time_iter': 1.3519, 'accuracy': 0.982, 'precision': 0.6129, 'recall': 0.2346, 'f1': 0.3393, 'auc': 0.7868}
train: {'epoch': 84, 'eta': 150330.2235, 'loss': 0.0948, 'lr': 0.001, 'params': 599403, 'time_iter': 9.764, 'accuracy': 0.9714, 'precision': 0.7594, 'recall': 0.3458, 'f1': 0.4752, 'auc': 0.9071}
val: {'epoch': 85, 'loss': 0.0804, 'lr': 0.001, 'params': 599403, 'time_iter': 1.8874, 'accuracy': 0.9805, 'precision': 0.5161, 'recall': 0.1975, 'f1': 0.2857, 'auc': 0.793}
train: {'epoch': 85, 'eta': 140280.6532, 'loss': 0.0947, 'lr': 0.001, 'params': 599403, 'time_iter': 9.5751, 'accuracy': 0.9712, 'precision': 0.7491, 'recall': 0.3466, 'f1': 0.4739, 'auc': 0.9085}
val: {'epoch': 86, 'loss': 0.0898, 'lr': 0.001, 'params': 599403, 'time_iter': 1.3198, 'accuracy': 0.9815, 'precision': 0.6471, 'recall': 0.1358, 'f1': 0.2245, 'auc': 0.7955}
train: {'epoch': 86, 'eta': 130243.3304, 'loss': 0.0934, 'lr': 0.001, 'params': 599403, 'time_iter': 9.6253, 'accuracy': 0.9717, 'precision': 0.7484, 'recall': 0.3693, 'f1': 0.4946, 'auc': 0.9105}
val: {'epoch': 87, 'loss': 0.0873, 'lr': 0.001, 'params': 599403, 'time_iter': 1.3626, 'accuracy': 0.9798, 'precision': 0.4667, 'recall': 0.1728, 'f1': 0.2523, 'auc': 0.7784}
train: {'epoch': 87, 'eta': 120215.3491, 'loss': 0.0945, 'lr': 0.001, 'params': 599403, 'time_iter': 9.6703, 'accuracy': 0.9712, 'precision': 0.7444, 'recall': 0.3523, 'f1': 0.4782, 'auc': 0.9113}
val: {'epoch': 88, 'loss': 0.0828, 'lr': 0.001, 'params': 599403, 'time_iter': 1.4552, 'accuracy': 0.9805, 'precision': 0.5172, 'recall': 0.1852, 'f1': 0.2727, 'auc': 0.7997}
train: {'epoch': 88, 'eta': 110194.5042, 'loss': 0.0941, 'lr': 0.001, 'params': 599403, 'time_iter': 9.7128, 'accuracy': 0.9716, 'precision': 0.7596, 'recall': 0.3539, 'f1': 0.4828, 'auc': 0.9085}
val: {'epoch': 89, 'loss': 0.0836, 'lr': 0.001, 'params': 599403, 'time_iter': 1.4138, 'accuracy': 0.9815, 'precision': 0.6471, 'recall': 0.1358, 'f1': 0.2245, 'auc': 0.8}
train: {'epoch': 89, 'eta': 100172.6703, 'loss': 0.0928, 'lr': 0.001, 'params': 599403, 'time_iter': 9.699, 'accuracy': 0.9718, 'precision': 0.7568, 'recall': 0.3636, 'f1': 0.4912, 'auc': 0.9124}
val: {'epoch': 90, 'loss': 0.0843, 'lr': 0.001, 'params': 599403, 'time_iter': 1.4068, 'accuracy': 0.982, 'precision': 0.6842, 'recall': 0.1605, 'f1': 0.26, 'auc': 0.7999}
train: {'epoch': 90, 'eta': 90155.9124, 'loss': 0.0929, 'lr': 0.001, 'params': 599403, 'time_iter': 9.74, 'accuracy': 0.9716, 'precision': 0.7551, 'recall': 0.358, 'f1': 0.4857, 'auc': 0.9144}
val: {'epoch': 91, 'loss': 0.0957, 'lr': 0.001, 'params': 599403, 'time_iter': 1.3817, 'accuracy': 0.9779, 'precision': 0.3333, 'recall': 0.1235, 'f1': 0.1802, 'auc': 0.7787}
train: {'epoch': 91, 'eta': 80149.4885, 'loss': 0.0927, 'lr': 0.001, 'params': 599403, 'time_iter': 9.8568, 'accuracy': 0.9716, 'precision': 0.7492, 'recall': 0.3612, 'f1': 0.4874, 'auc': 0.9157}
val: {'epoch': 92, 'loss': 0.0869, 'lr': 0.001, 'params': 599403, 'time_iter': 1.3311, 'accuracy': 0.9818, 'precision': 0.7143, 'recall': 0.1235, 'f1': 0.2105, 'auc': 0.7998}
train: {'epoch': 92, 'eta': 70142.3627, 'loss': 0.0927, 'lr': 0.001, 'params': 599403, 'time_iter': 9.8856, 'accuracy': 0.972, 'precision': 0.7533, 'recall': 0.3742, 'f1': 0.5, 'auc': 0.912}
val: {'epoch': 93, 'loss': 0.0878, 'lr': 0.001, 'params': 599403, 'time_iter': 1.4651, 'accuracy': 0.9805, 'precision': 0.5238, 'recall': 0.1358, 'f1': 0.2157, 'auc': 0.7916}
train: {'epoch': 93, 'eta': 60117.4136, 'loss': 0.0931, 'lr': 0.001, 'params': 599403, 'time_iter': 9.6677, 'accuracy': 0.9707, 'precision': 0.7192, 'recall': 0.3555, 'f1': 0.4758, 'auc': 0.9114}
val: {'epoch': 94, 'loss': 0.0857, 'lr': 0.001, 'params': 599403, 'time_iter': 1.4056, 'accuracy': 0.9803, 'precision': 0.5, 'recall': 0.1852, 'f1': 0.2703, 'auc': 0.784}
train: {'epoch': 94, 'eta': 50094.7991, 'loss': 0.0929, 'lr': 0.001, 'params': 599403, 'time_iter': 9.681, 'accuracy': 0.9717, 'precision': 0.7542, 'recall': 0.3612, 'f1': 0.4885, 'auc': 0.9125}
val: {'epoch': 95, 'loss': 0.0844, 'lr': 0.001, 'params': 599403, 'time_iter': 1.9718, 'accuracy': 0.982, 'precision': 0.6296, 'recall': 0.2099, 'f1': 0.3148, 'auc': 0.7989}
train: {'epoch': 95, 'eta': 40082.7069, 'loss': 0.0917, 'lr': 0.001, 'params': 599403, 'time_iter': 9.8968, 'accuracy': 0.9715, 'precision': 0.7398, 'recall': 0.3693, 'f1': 0.4927, 'auc': 0.9186}
val: {'epoch': 96, 'loss': 0.0863, 'lr': 0.001, 'params': 599403, 'time_iter': 1.3763, 'accuracy': 0.9798, 'precision': 0.4375, 'recall': 0.0864, 'f1': 0.1443, 'auc': 0.8046}
train: {'epoch': 96, 'eta': 30071.8954, 'loss': 0.0913, 'lr': 0.001, 'params': 599403, 'time_iter': 10.0483, 'accuracy': 0.9715, 'precision': 0.7426, 'recall': 0.3653, 'f1': 0.4897, 'auc': 0.9198}
val: {'epoch': 97, 'loss': 0.0861, 'lr': 0.001, 'params': 599403, 'time_iter': 1.3177, 'accuracy': 0.981, 'precision': 0.5429, 'recall': 0.2346, 'f1': 0.3276, 'auc': 0.7937}
train: {'epoch': 97, 'eta': 20050.9382, 'loss': 0.0909, 'lr': 0.001, 'params': 599403, 'time_iter': 9.8847, 'accuracy': 0.9722, 'precision': 0.7565, 'recall': 0.3782, 'f1': 0.5043, 'auc': 0.9169}
val: {'epoch': 98, 'loss': 0.0895, 'lr': 0.001, 'params': 599403, 'time_iter': 1.3915, 'accuracy': 0.9815, 'precision': 0.6667, 'recall': 0.1235, 'f1': 0.2083, 'auc': 0.8011}
train: {'epoch': 98, 'eta': 10024.7755, 'loss': 0.0918, 'lr': 0.001, 'params': 599403, 'time_iter': 9.6762, 'accuracy': 0.9712, 'precision': 0.7395, 'recall': 0.3571, 'f1': 0.4817, 'auc': 0.9171}
val: {'epoch': 99, 'loss': 0.091, 'lr': 0.001, 'params': 599403, 'time_iter': 1.442, 'accuracy': 0.9803, 'precision': 0.5, 'recall': 0.1358, 'f1': 0.2136, 'auc': 0.7931}
train: {'epoch': 99, 'eta': 0.0, 'loss': 0.0907, 'lr': 0.001, 'params': 599403, 'time_iter': 9.9112, 'accuracy': 0.9718, 'precision': 0.748, 'recall': 0.3734, 'f1': 0.4981, 'auc': 0.9221}
test: {'epoch': 99, 'loss': 0.1543, 'lr': 0.001, 'params': 599403, 'time_iter': 1.3145, 'accuracy': 0.9645, 'precision': 0.2333, 'recall': 0.0538, 'f1': 0.0875, 'auc': 0.7808}
test: {'epoch': 72, 'loss': 0.1611, 'lr': 0.001, 'params': 599403, 'time_iter': 1.3448, 'accuracy': 0.966, 'precision': 0.0, 'recall': 0.0, 'f1': 0.0, 'auc': 0.748}
Results aggregated across runs saved in results_experiments/ogbg_molhiv_baseline_grid_comparison/ogbg_molhiv_baseline-type=dilated_gnn-stage_type=dilated_stage-layer_type=eginconv-layers_k1=1-layers_k2=1-act_on_last_layer_mp=False/agg
