GraphGymModule(
  (model): DilatedGNNModel(
    (encoder): FeatureEncoder(
      (node_encoder): AtomEncoder(
        (atom_embedding_list): ModuleList(
          (0): Embedding(119, 300)
          (1): Embedding(4, 300)
          (2): Embedding(12, 300)
          (3): Embedding(12, 300)
          (4): Embedding(10, 300)
          (5): Embedding(6, 300)
          (6): Embedding(6, 300)
          (7): Embedding(2, 300)
          (8): Embedding(2, 300)
        )
      )
      (edge_encoder): BondEncoder(
        (bond_embedding_list): ModuleList(
          (0): Embedding(5, 300)
          (1): Embedding(6, 300)
          (2): Embedding(2, 300)
        )
      )
    )
    (mp): GNNDilatedStage(
      (classic_layers): ModuleList(
        (0): GeneralLayer(
          (layer): EGINConv(
            (model): GINEConv(nn=Sequential(
              (0): Linear(300, 300, bias=True)
              (1): ReLU()
              (2): Linear(300, 300, bias=True)
            ))
          )
          (post_layer): Sequential(
            (0): BatchNorm1d(300, eps=1e-05, momentum=0.1, affine=True, track_running_stats=True)
            (1): Dropout(p=0.5, inplace=False)
            (2): ReLU()
          )
        )
        (1): GeneralLayer(
          (layer): EGINConv(
            (model): GINEConv(nn=Sequential(
              (0): Linear(300, 300, bias=True)
              (1): ReLU()
              (2): Linear(300, 300, bias=True)
            ))
          )
          (post_layer): Sequential(
            (0): BatchNorm1d(300, eps=1e-05, momentum=0.1, affine=True, track_running_stats=True)
            (1): Dropout(p=0.5, inplace=False)
            (2): ReLU()
          )
        )
      )
      (dilated_layers): ModuleList(
        (0): DilatedGeneralLayer(
          (layer): EGINConv(
            (model): GINEConv(nn=Sequential(
              (0): Linear(300, 300, bias=True)
              (1): ReLU()
              (2): Linear(300, 300, bias=True)
            ))
          )
          (post_layer): Sequential(
            (0): BatchNorm1d(300, eps=1e-05, momentum=0.1, affine=True, track_running_stats=True)
            (1): Dropout(p=0.5, inplace=False)
            (2): ReLU()
          )
          (gem): GeM(p=3.0000, eps=1e-06)
        )
      )
      (act): ReLU()
    )
    (post_mp): GNNGraphHead(
      (layer_post_mp): MLP(
        (model): Sequential(
          (0): Linear(
            (model): Linear(300, 1, bias=True)
          )
        )
      )
    )
  )
)
accelerator: cuda
benchmark: False
bn:
  eps: 1e-05
  mom: 0.1
cfg_dest: config.yaml
custom_metrics: []
dataset:
  cache_load: False
  cache_save: False
  dir: ./datasets
  edge_dim: 300
  edge_encoder: True
  edge_encoder_bn: False
  edge_encoder_name: Bond
  edge_message_ratio: 0.8
  edge_negative_sampling_ratio: 1.0
  edge_train_mode: all
  encoder: True
  encoder_bn: True
  encoder_dim: 128
  encoder_name: db
  fast_loader: False
  format: OGB
  label_column: none
  label_table: none
  location: local
  name: ogbg-molhiv
  node_encoder: True
  node_encoder_bn: False
  node_encoder_name: Atom
  remove_feature: False
  resample_disjoint: False
  resample_negative: False
  shuffle_split: True
  split: [0.8, 0.1, 0.1]
  split_mode: random
  task: graph
  task_type: classification
  to_undirected: False
  transductive: False
  transform: none
  tu_simple: True
devices: 1
gnn:
  act: relu
  act_on_last_layer_mp: False
  agg: none
  att_final_linear: False
  att_final_linear_bn: False
  att_heads: 1
  batchnorm: True
  clear_feature: True
  dilated_path_join: none
  dim_inner: 300
  dropout: 0.5
  head: graph
  keep_edge: 0.5
  l2norm: True
  layer_type: eginconv
  layers_k1: 2
  layers_k2: 1
  layers_mp: 5
  layers_post_mp: 1
  layers_pre_mp: 0
  learn_alpha_residual_connection: True
  msg_direction: single
  normalize_adj: False
  self_msg: concat
  skip_every: 1
  stage_type: stack
  use_edge_features: True
gpu_mem: False
mem:
  inplace: False
metric_agg: argmax
metric_best: auc
model:
  edge_decoding: dot
  graph_pooling: mean
  loss_fun: cross_entropy
  match_upper: True
  size_average: mean
  thresh: 0.5
  type: dilated_gnn
num_threads: 6
num_workers: 16
optim:
  base_lr: 0.001
  lr_decay: 0.1
  max_epoch: 100
  momentum: 0.9
  optimizer: adam
  scheduler: none
  steps: [30, 60, 90]
  weight_decay: 0.0
out_dir: results_experiments/ogbg_molhiv_baseline_grid_design/ogbg_molhiv_baseline-type=dilated_gnn-layer_type=eginconv-layers_k1=2-layers_k2=1-dilated_path_join=none-learn_alpha_residual_connection=True
print: both
round: 4
run_dir: results_experiments/ogbg_molhiv_baseline_grid_design/ogbg_molhiv_baseline-type=dilated_gnn-layer_type=eginconv-layers_k1=2-layers_k2=1-dilated_path_join=none-learn_alpha_residual_connection=True/0
seed: 1
share:
  dim_in: 9
  dim_out: 2
  num_splits: 3
tensorboard_agg: True
tensorboard_each_run: False
train:
  auto_resume: False
  batch_size: 32
  ckpt_clean: True
  ckpt_period: 100
  enable_ckpt: True
  epoch_resume: -1
  eval_period: 1
  iter_per_epoch: 32
  neighbor_sizes: [20, 15, 10, 5]
  node_per_graph: 32
  radius: extend
  sample_node: False
  sampler: full_batch
  skip_train_eval: False
  walk_length: 4
val:
  node_per_graph: 32
  radius: extend
  sample_node: False
  sampler: full_batch
view_emb: False
Num parameters: 870603
val: {'epoch': 0, 'loss': 0.7224, 'lr': 0.001, 'params': 870603, 'time_iter': 1.4796, 'accuracy': 0.0156, 'precision': 0.0156, 'recall': 1.0, 'f1': 0.0308, 'auc': 0.0}
val: {'epoch': 0, 'loss': 0.096, 'lr': 0.001, 'params': 870603, 'time_iter': 1.4566, 'accuracy': 0.9803, 'precision': 0.0, 'recall': 0.0, 'f1': 0.0, 'auc': 0.5515}
train: {'epoch': 0, 'eta': 1053744.2798, 'loss': 0.2129, 'lr': 0.001, 'params': 870603, 'time_iter': 10.3439, 'accuracy': 0.9598, 'precision': 0.0755, 'recall': 0.0065, 'f1': 0.012, 'auc': 0.5131}
val: {'epoch': 1, 'loss': 0.0949, 'lr': 0.001, 'params': 870603, 'time_iter': 1.478, 'accuracy': 0.9803, 'precision': 0.0, 'recall': 0.0, 'f1': 0.0, 'auc': 0.6043}
train: {'epoch': 1, 'eta': 1046417.103, 'loss': 0.1569, 'lr': 0.001, 'params': 870603, 'time_iter': 10.4097, 'accuracy': 0.9626, 'precision': 0.0, 'recall': 0.0, 'f1': 0.0, 'auc': 0.6012}
val: {'epoch': 2, 'loss': 0.0959, 'lr': 0.001, 'params': 870603, 'time_iter': 1.5888, 'accuracy': 0.9803, 'precision': 0.0, 'recall': 0.0, 'f1': 0.0, 'auc': 0.6141}
train: {'epoch': 2, 'eta': 1033109.3347, 'loss': 0.1532, 'lr': 0.001, 'params': 870603, 'time_iter': 10.2977, 'accuracy': 0.9626, 'precision': 0.0, 'recall': 0.0, 'f1': 0.0, 'auc': 0.6571}
val: {'epoch': 3, 'loss': 0.0934, 'lr': 0.001, 'params': 870603, 'time_iter': 1.4816, 'accuracy': 0.9803, 'precision': 0.0, 'recall': 0.0, 'f1': 0.0, 'auc': 0.6462}
train: {'epoch': 3, 'eta': 1026050.8342, 'loss': 0.1512, 'lr': 0.001, 'params': 870603, 'time_iter': 10.4959, 'accuracy': 0.9626, 'precision': 0.0, 'recall': 0.0, 'f1': 0.0, 'auc': 0.6815}
val: {'epoch': 4, 'loss': 0.0941, 'lr': 0.001, 'params': 870603, 'time_iter': 1.4977, 'accuracy': 0.9803, 'precision': 0.0, 'recall': 0.0, 'f1': 0.0, 'auc': 0.6408}
train: {'epoch': 4, 'eta': 1013460.4229, 'loss': 0.15, 'lr': 0.001, 'params': 870603, 'time_iter': 10.2895, 'accuracy': 0.9626, 'precision': 0.0, 'recall': 0.0, 'f1': 0.0, 'auc': 0.6939}
val: {'epoch': 5, 'loss': 0.0952, 'lr': 0.001, 'params': 870603, 'time_iter': 1.5202, 'accuracy': 0.9803, 'precision': 0.0, 'recall': 0.0, 'f1': 0.0, 'auc': 0.6225}
train: {'epoch': 5, 'eta': 1003836.0689, 'loss': 0.1485, 'lr': 0.001, 'params': 870603, 'time_iter': 10.4321, 'accuracy': 0.9626, 'precision': 0.0, 'recall': 0.0, 'f1': 0.0, 'auc': 0.7122}
val: {'epoch': 6, 'loss': 0.095, 'lr': 0.001, 'params': 870603, 'time_iter': 1.7134, 'accuracy': 0.9803, 'precision': 0.0, 'recall': 0.0, 'f1': 0.0, 'auc': 0.6636}
train: {'epoch': 6, 'eta': 992466.205, 'loss': 0.1479, 'lr': 0.001, 'params': 870603, 'time_iter': 10.3276, 'accuracy': 0.9626, 'precision': 0.0, 'recall': 0.0, 'f1': 0.0, 'auc': 0.7135}
val: {'epoch': 7, 'loss': 0.094, 'lr': 0.001, 'params': 870603, 'time_iter': 1.4689, 'accuracy': 0.9803, 'precision': 0.0, 'recall': 0.0, 'f1': 0.0, 'auc': 0.6447}
train: {'epoch': 7, 'eta': 986607.8521, 'loss': 0.1473, 'lr': 0.001, 'params': 870603, 'time_iter': 10.7777, 'accuracy': 0.9626, 'precision': 0.0, 'recall': 0.0, 'f1': 0.0, 'auc': 0.7163}
val: {'epoch': 8, 'loss': 0.0913, 'lr': 0.001, 'params': 870603, 'time_iter': 1.5066, 'accuracy': 0.9803, 'precision': 0.0, 'recall': 0.0, 'f1': 0.0, 'auc': 0.6951}
train: {'epoch': 8, 'eta': 975773.8746, 'loss': 0.1464, 'lr': 0.001, 'params': 870603, 'time_iter': 10.4112, 'accuracy': 0.9626, 'precision': 0.0, 'recall': 0.0, 'f1': 0.0, 'auc': 0.7195}
val: {'epoch': 9, 'loss': 0.0912, 'lr': 0.001, 'params': 870603, 'time_iter': 1.5688, 'accuracy': 0.9803, 'precision': 0.0, 'recall': 0.0, 'f1': 0.0, 'auc': 0.6885}
train: {'epoch': 9, 'eta': 965292.7613, 'loss': 0.1443, 'lr': 0.001, 'params': 870603, 'time_iter': 10.4467, 'accuracy': 0.9626, 'precision': 0.0, 'recall': 0.0, 'f1': 0.0, 'auc': 0.735}
val: {'epoch': 10, 'loss': 0.0896, 'lr': 0.001, 'params': 870603, 'time_iter': 1.4972, 'accuracy': 0.9803, 'precision': 0.0, 'recall': 0.0, 'f1': 0.0, 'auc': 0.7083}
train: {'epoch': 10, 'eta': 955000.4003, 'loss': 0.1439, 'lr': 0.001, 'params': 870603, 'time_iter': 10.4752, 'accuracy': 0.9626, 'precision': 0.0, 'recall': 0.0, 'f1': 0.0, 'auc': 0.7367}
val: {'epoch': 11, 'loss': 0.0909, 'lr': 0.001, 'params': 870603, 'time_iter': 1.4977, 'accuracy': 0.9803, 'precision': 0.0, 'recall': 0.0, 'f1': 0.0, 'auc': 0.7249}
train: {'epoch': 11, 'eta': 943304.8112, 'loss': 0.1419, 'lr': 0.001, 'params': 870603, 'time_iter': 10.3, 'accuracy': 0.9625, 'precision': 0.3333, 'recall': 0.0008, 'f1': 0.0016, 'auc': 0.7465}
val: {'epoch': 12, 'loss': 0.0889, 'lr': 0.001, 'params': 870603, 'time_iter': 1.503, 'accuracy': 0.9805, 'precision': 1.0, 'recall': 0.0123, 'f1': 0.0244, 'auc': 0.7148}
train: {'epoch': 12, 'eta': 931763.8982, 'loss': 0.1397, 'lr': 0.001, 'params': 870603, 'time_iter': 10.298, 'accuracy': 0.9625, 'precision': 0.375, 'recall': 0.0024, 'f1': 0.0048, 'auc': 0.7569}
val: {'epoch': 13, 'loss': 0.0912, 'lr': 0.001, 'params': 870603, 'time_iter': 1.7215, 'accuracy': 0.9808, 'precision': 1.0, 'recall': 0.0247, 'f1': 0.0482, 'auc': 0.7131}
train: {'epoch': 13, 'eta': 920671.5269, 'loss': 0.1392, 'lr': 0.001, 'params': 870603, 'time_iter': 10.3476, 'accuracy': 0.9626, 'precision': 0.5, 'recall': 0.0032, 'f1': 0.0065, 'auc': 0.7554}
val: {'epoch': 14, 'loss': 0.0912, 'lr': 0.001, 'params': 870603, 'time_iter': 1.5023, 'accuracy': 0.9803, 'precision': 0.5, 'recall': 0.0123, 'f1': 0.0241, 'auc': 0.7229}
train: {'epoch': 14, 'eta': 911122.549, 'loss': 0.1382, 'lr': 0.001, 'params': 870603, 'time_iter': 10.6021, 'accuracy': 0.9626, 'precision': 0.5455, 'recall': 0.0097, 'f1': 0.0191, 'auc': 0.7623}
val: {'epoch': 15, 'loss': 0.0814, 'lr': 0.001, 'params': 870603, 'time_iter': 1.4918, 'accuracy': 0.9815, 'precision': 0.7778, 'recall': 0.0864, 'f1': 0.1556, 'auc': 0.7601}
train: {'epoch': 15, 'eta': 899545.6141, 'loss': 0.1371, 'lr': 0.001, 'params': 870603, 'time_iter': 10.2582, 'accuracy': 0.9627, 'precision': 0.6667, 'recall': 0.0097, 'f1': 0.0192, 'auc': 0.7655}
val: {'epoch': 16, 'loss': 0.0895, 'lr': 0.001, 'params': 870603, 'time_iter': 1.5357, 'accuracy': 0.981, 'precision': 1.0, 'recall': 0.037, 'f1': 0.0714, 'auc': 0.7202}
train: {'epoch': 16, 'eta': 889176.3271, 'loss': 0.1347, 'lr': 0.001, 'params': 870603, 'time_iter': 10.4747, 'accuracy': 0.9629, 'precision': 0.7143, 'recall': 0.0162, 'f1': 0.0317, 'auc': 0.7835}
val: {'epoch': 17, 'loss': 0.0885, 'lr': 0.001, 'params': 870603, 'time_iter': 1.5217, 'accuracy': 0.9803, 'precision': 0.0, 'recall': 0.0, 'f1': 0.0, 'auc': 0.7305}
train: {'epoch': 17, 'eta': 879053.5285, 'loss': 0.1338, 'lr': 0.001, 'params': 870603, 'time_iter': 10.5369, 'accuracy': 0.9629, 'precision': 0.62, 'recall': 0.0252, 'f1': 0.0484, 'auc': 0.7863}
val: {'epoch': 18, 'loss': 0.1055, 'lr': 0.001, 'params': 870603, 'time_iter': 1.5271, 'accuracy': 0.9803, 'precision': 0.0, 'recall': 0.0, 'f1': 0.0, 'auc': 0.6147}
train: {'epoch': 18, 'eta': 867496.4504, 'loss': 0.1327, 'lr': 0.001, 'params': 870603, 'time_iter': 10.2273, 'accuracy': 0.9631, 'precision': 0.7179, 'recall': 0.0227, 'f1': 0.0441, 'auc': 0.7908}
val: {'epoch': 19, 'loss': 0.0833, 'lr': 0.001, 'params': 870603, 'time_iter': 1.5216, 'accuracy': 0.9813, 'precision': 0.7, 'recall': 0.0864, 'f1': 0.1538, 'auc': 0.7437}
train: {'epoch': 19, 'eta': 857125.6647, 'loss': 0.1313, 'lr': 0.001, 'params': 870603, 'time_iter': 10.4904, 'accuracy': 0.9632, 'precision': 0.6667, 'recall': 0.0325, 'f1': 0.0619, 'auc': 0.7938}
val: {'epoch': 20, 'loss': 0.0873, 'lr': 0.001, 'params': 870603, 'time_iter': 1.5333, 'accuracy': 0.9818, 'precision': 1.0, 'recall': 0.0741, 'f1': 0.1379, 'auc': 0.746}
train: {'epoch': 20, 'eta': 847131.845, 'loss': 0.1307, 'lr': 0.001, 'params': 870603, 'time_iter': 10.5982, 'accuracy': 0.9633, 'precision': 0.6471, 'recall': 0.0446, 'f1': 0.0835, 'auc': 0.7957}
val: {'epoch': 21, 'loss': 0.0868, 'lr': 0.001, 'params': 870603, 'time_iter': 1.4901, 'accuracy': 0.9813, 'precision': 1.0, 'recall': 0.0494, 'f1': 0.0941, 'auc': 0.7834}
train: {'epoch': 21, 'eta': 836476.718, 'loss': 0.1289, 'lr': 0.001, 'params': 870603, 'time_iter': 10.4396, 'accuracy': 0.9634, 'precision': 0.6667, 'recall': 0.0455, 'f1': 0.0851, 'auc': 0.8039}
val: {'epoch': 22, 'loss': 0.0887, 'lr': 0.001, 'params': 870603, 'time_iter': 1.515, 'accuracy': 0.9813, 'precision': 1.0, 'recall': 0.0494, 'f1': 0.0941, 'auc': 0.7702}
train: {'epoch': 22, 'eta': 824988.1738, 'loss': 0.1279, 'lr': 0.001, 'params': 870603, 'time_iter': 10.1999, 'accuracy': 0.9633, 'precision': 0.6117, 'recall': 0.0511, 'f1': 0.0944, 'auc': 0.8074}
val: {'epoch': 23, 'loss': 0.0866, 'lr': 0.001, 'params': 870603, 'time_iter': 1.6802, 'accuracy': 0.9823, 'precision': 1.0, 'recall': 0.0988, 'f1': 0.1798, 'auc': 0.7537}
train: {'epoch': 23, 'eta': 814013.527, 'loss': 0.127, 'lr': 0.001, 'params': 870603, 'time_iter': 10.3322, 'accuracy': 0.9636, 'precision': 0.6667, 'recall': 0.0536, 'f1': 0.0992, 'auc': 0.8096}
val: {'epoch': 24, 'loss': 0.0941, 'lr': 0.001, 'params': 870603, 'time_iter': 1.5115, 'accuracy': 0.981, 'precision': 1.0, 'recall': 0.037, 'f1': 0.0714, 'auc': 0.7557}
train: {'epoch': 24, 'eta': 803739.0338, 'loss': 0.1259, 'lr': 0.001, 'params': 870603, 'time_iter': 10.5502, 'accuracy': 0.9633, 'precision': 0.5983, 'recall': 0.0568, 'f1': 0.1038, 'auc': 0.8192}
val: {'epoch': 25, 'loss': 0.0918, 'lr': 0.001, 'params': 870603, 'time_iter': 1.5132, 'accuracy': 0.9808, 'precision': 1.0, 'recall': 0.0247, 'f1': 0.0482, 'auc': 0.7331}
train: {'epoch': 25, 'eta': 792701.724, 'loss': 0.1252, 'lr': 0.001, 'params': 870603, 'time_iter': 10.305, 'accuracy': 0.9636, 'precision': 0.6545, 'recall': 0.0584, 'f1': 0.1073, 'auc': 0.8178}
val: {'epoch': 26, 'loss': 0.0955, 'lr': 0.001, 'params': 870603, 'time_iter': 1.5206, 'accuracy': 0.9803, 'precision': 0.0, 'recall': 0.0, 'f1': 0.0, 'auc': 0.7554}
train: {'epoch': 26, 'eta': 781953.6773, 'loss': 0.1244, 'lr': 0.001, 'params': 870603, 'time_iter': 10.3974, 'accuracy': 0.9635, 'precision': 0.6131, 'recall': 0.0682, 'f1': 0.1227, 'auc': 0.8215}
val: {'epoch': 27, 'loss': 0.0878, 'lr': 0.001, 'params': 870603, 'time_iter': 1.4956, 'accuracy': 0.9813, 'precision': 1.0, 'recall': 0.0494, 'f1': 0.0941, 'auc': 0.7695}
train: {'epoch': 27, 'eta': 771484.8644, 'loss': 0.1233, 'lr': 0.001, 'params': 870603, 'time_iter': 10.5016, 'accuracy': 0.964, 'precision': 0.688, 'recall': 0.0698, 'f1': 0.1268, 'auc': 0.8244}
val: {'epoch': 28, 'loss': 0.0904, 'lr': 0.001, 'params': 870603, 'time_iter': 1.5118, 'accuracy': 0.9818, 'precision': 0.8, 'recall': 0.0988, 'f1': 0.1758, 'auc': 0.7464}
train: {'epoch': 28, 'eta': 760601.4084, 'loss': 0.1224, 'lr': 0.001, 'params': 870603, 'time_iter': 10.3462, 'accuracy': 0.9643, 'precision': 0.709, 'recall': 0.0771, 'f1': 0.1391, 'auc': 0.8254}
val: {'epoch': 29, 'loss': 0.0867, 'lr': 0.001, 'params': 870603, 'time_iter': 1.5096, 'accuracy': 0.9815, 'precision': 0.8571, 'recall': 0.0741, 'f1': 0.1364, 'auc': 0.7796}
train: {'epoch': 29, 'eta': 749484.3663, 'loss': 0.1213, 'lr': 0.001, 'params': 870603, 'time_iter': 10.2424, 'accuracy': 0.9639, 'precision': 0.6319, 'recall': 0.0836, 'f1': 0.1477, 'auc': 0.8316}
val: {'epoch': 30, 'loss': 0.0888, 'lr': 0.001, 'params': 870603, 'time_iter': 1.6837, 'accuracy': 0.9808, 'precision': 0.6667, 'recall': 0.0494, 'f1': 0.092, 'auc': 0.7755}
train: {'epoch': 30, 'eta': 738401.6936, 'loss': 0.1218, 'lr': 0.001, 'params': 870603, 'time_iter': 10.2411, 'accuracy': 0.9641, 'precision': 0.6509, 'recall': 0.0893, 'f1': 0.157, 'auc': 0.8292}
val: {'epoch': 31, 'loss': 0.0882, 'lr': 0.001, 'params': 870603, 'time_iter': 1.5233, 'accuracy': 0.9805, 'precision': 0.5714, 'recall': 0.0494, 'f1': 0.0909, 'auc': 0.7698}
train: {'epoch': 31, 'eta': 727483.1252, 'loss': 0.1207, 'lr': 0.001, 'params': 870603, 'time_iter': 10.3006, 'accuracy': 0.964, 'precision': 0.6554, 'recall': 0.0787, 'f1': 0.1406, 'auc': 0.8317}
val: {'epoch': 32, 'loss': 0.0902, 'lr': 0.001, 'params': 870603, 'time_iter': 1.5256, 'accuracy': 0.9818, 'precision': 0.75, 'recall': 0.1111, 'f1': 0.1935, 'auc': 0.7707}
train: {'epoch': 32, 'eta': 716620.7, 'loss': 0.1193, 'lr': 0.001, 'params': 870603, 'time_iter': 10.3182, 'accuracy': 0.9647, 'precision': 0.6994, 'recall': 0.0982, 'f1': 0.1722, 'auc': 0.8386}
val: {'epoch': 33, 'loss': 0.0918, 'lr': 0.001, 'params': 870603, 'time_iter': 1.5261, 'accuracy': 0.981, 'precision': 0.6364, 'recall': 0.0864, 'f1': 0.1522, 'auc': 0.7734}
train: {'epoch': 33, 'eta': 705765.5496, 'loss': 0.1184, 'lr': 0.001, 'params': 870603, 'time_iter': 10.3146, 'accuracy': 0.9648, 'precision': 0.7119, 'recall': 0.1023, 'f1': 0.1789, 'auc': 0.8415}
val: {'epoch': 34, 'loss': 0.0886, 'lr': 0.001, 'params': 870603, 'time_iter': 1.5081, 'accuracy': 0.9808, 'precision': 0.6, 'recall': 0.0741, 'f1': 0.1319, 'auc': 0.795}
train: {'epoch': 34, 'eta': 695315.4216, 'loss': 0.1174, 'lr': 0.001, 'params': 870603, 'time_iter': 10.5194, 'accuracy': 0.9658, 'precision': 0.7536, 'recall': 0.1291, 'f1': 0.2204, 'auc': 0.8425}
val: {'epoch': 35, 'loss': 0.093, 'lr': 0.001, 'params': 870603, 'time_iter': 1.4965, 'accuracy': 0.9805, 'precision': 0.5556, 'recall': 0.0617, 'f1': 0.1111, 'auc': 0.7695}
train: {'epoch': 35, 'eta': 684634.7645, 'loss': 0.1165, 'lr': 0.001, 'params': 870603, 'time_iter': 10.4047, 'accuracy': 0.9654, 'precision': 0.7117, 'recall': 0.1282, 'f1': 0.2173, 'auc': 0.8442}
val: {'epoch': 36, 'loss': 0.09, 'lr': 0.001, 'params': 870603, 'time_iter': 1.4922, 'accuracy': 0.9805, 'precision': 0.5333, 'recall': 0.0988, 'f1': 0.1667, 'auc': 0.7827}
train: {'epoch': 36, 'eta': 673808.0813, 'loss': 0.1169, 'lr': 0.001, 'params': 870603, 'time_iter': 10.3222, 'accuracy': 0.9655, 'precision': 0.7149, 'recall': 0.1323, 'f1': 0.2233, 'auc': 0.8393}
val: {'epoch': 37, 'loss': 0.0939, 'lr': 0.001, 'params': 870603, 'time_iter': 1.7313, 'accuracy': 0.982, 'precision': 0.8889, 'recall': 0.0988, 'f1': 0.1778, 'auc': 0.7863}
train: {'epoch': 37, 'eta': 663139.5593, 'loss': 0.1162, 'lr': 0.001, 'params': 870603, 'time_iter': 10.4099, 'accuracy': 0.9646, 'precision': 0.6387, 'recall': 0.1234, 'f1': 0.2068, 'auc': 0.8468}
val: {'epoch': 38, 'loss': 0.0927, 'lr': 0.001, 'params': 870603, 'time_iter': 1.5191, 'accuracy': 0.9813, 'precision': 0.7, 'recall': 0.0864, 'f1': 0.1538, 'auc': 0.7719}
train: {'epoch': 38, 'eta': 652394.6295, 'loss': 0.1151, 'lr': 0.001, 'params': 870603, 'time_iter': 10.3638, 'accuracy': 0.9653, 'precision': 0.696, 'recall': 0.1282, 'f1': 0.2166, 'auc': 0.8521}
val: {'epoch': 39, 'loss': 0.0849, 'lr': 0.001, 'params': 870603, 'time_iter': 1.498, 'accuracy': 0.9803, 'precision': 0.5, 'recall': 0.0494, 'f1': 0.0899, 'auc': 0.7756}
train: {'epoch': 39, 'eta': 641763.4249, 'loss': 0.1145, 'lr': 0.001, 'params': 870603, 'time_iter': 10.4349, 'accuracy': 0.9663, 'precision': 0.7204, 'recall': 0.1631, 'f1': 0.266, 'auc': 0.8496}
val: {'epoch': 40, 'loss': 0.0964, 'lr': 0.001, 'params': 870603, 'time_iter': 1.613, 'accuracy': 0.9796, 'precision': 0.3846, 'recall': 0.0617, 'f1': 0.1064, 'auc': 0.7457}
train: {'epoch': 40, 'eta': 631192.9987, 'loss': 0.1135, 'lr': 0.001, 'params': 870603, 'time_iter': 10.4795, 'accuracy': 0.9661, 'precision': 0.7208, 'recall': 0.155, 'f1': 0.2552, 'auc': 0.8558}
val: {'epoch': 41, 'loss': 0.0872, 'lr': 0.001, 'params': 870603, 'time_iter': 1.5077, 'accuracy': 0.981, 'precision': 0.7143, 'recall': 0.0617, 'f1': 0.1136, 'auc': 0.7903}
train: {'epoch': 41, 'eta': 620420.4226, 'loss': 0.113, 'lr': 0.001, 'params': 870603, 'time_iter': 10.3443, 'accuracy': 0.9657, 'precision': 0.7016, 'recall': 0.1469, 'f1': 0.243, 'auc': 0.8557}
val: {'epoch': 42, 'loss': 0.0914, 'lr': 0.001, 'params': 870603, 'time_iter': 1.485, 'accuracy': 0.9808, 'precision': 0.6667, 'recall': 0.0494, 'f1': 0.092, 'auc': 0.7647}
train: {'epoch': 42, 'eta': 609903.4108, 'loss': 0.113, 'lr': 0.001, 'params': 870603, 'time_iter': 10.5273, 'accuracy': 0.9666, 'precision': 0.7233, 'recall': 0.1761, 'f1': 0.2833, 'auc': 0.8579}
val: {'epoch': 43, 'loss': 0.0885, 'lr': 0.001, 'params': 870603, 'time_iter': 1.489, 'accuracy': 0.982, 'precision': 0.7333, 'recall': 0.1358, 'f1': 0.2292, 'auc': 0.7812}
train: {'epoch': 43, 'eta': 599475.1483, 'loss': 0.1115, 'lr': 0.001, 'params': 870603, 'time_iter': 10.606, 'accuracy': 0.9671, 'precision': 0.7467, 'recall': 0.1818, 'f1': 0.2924, 'auc': 0.8586}
val: {'epoch': 44, 'loss': 0.0943, 'lr': 0.001, 'params': 870603, 'time_iter': 1.7527, 'accuracy': 0.9805, 'precision': 0.6, 'recall': 0.037, 'f1': 0.0698, 'auc': 0.7904}
train: {'epoch': 44, 'eta': 588597.4771, 'loss': 0.1112, 'lr': 0.001, 'params': 870603, 'time_iter': 10.2659, 'accuracy': 0.9667, 'precision': 0.717, 'recall': 0.181, 'f1': 0.289, 'auc': 0.8584}
val: {'epoch': 45, 'loss': 0.0916, 'lr': 0.001, 'params': 870603, 'time_iter': 1.5119, 'accuracy': 0.9818, 'precision': 0.7143, 'recall': 0.1235, 'f1': 0.2105, 'auc': 0.7646}
train: {'epoch': 45, 'eta': 577751.5323, 'loss': 0.1107, 'lr': 0.001, 'params': 870603, 'time_iter': 10.2808, 'accuracy': 0.9669, 'precision': 0.7219, 'recall': 0.1875, 'f1': 0.2977, 'auc': 0.8627}
val: {'epoch': 46, 'loss': 0.09, 'lr': 0.001, 'params': 870603, 'time_iter': 1.4917, 'accuracy': 0.9815, 'precision': 0.6923, 'recall': 0.1111, 'f1': 0.1915, 'auc': 0.7437}
train: {'epoch': 46, 'eta': 567072.6191, 'loss': 0.1104, 'lr': 0.001, 'params': 870603, 'time_iter': 10.415, 'accuracy': 0.9671, 'precision': 0.7246, 'recall': 0.1964, 'f1': 0.3091, 'auc': 0.8628}
val: {'epoch': 47, 'loss': 0.0867, 'lr': 0.001, 'params': 870603, 'time_iter': 1.6203, 'accuracy': 0.9827, 'precision': 0.8125, 'recall': 0.1605, 'f1': 0.268, 'auc': 0.7711}
train: {'epoch': 47, 'eta': 556414.3467, 'loss': 0.1093, 'lr': 0.001, 'params': 870603, 'time_iter': 10.4349, 'accuracy': 0.9673, 'precision': 0.7372, 'recall': 0.1981, 'f1': 0.3122, 'auc': 0.8668}
val: {'epoch': 48, 'loss': 0.0914, 'lr': 0.001, 'params': 870603, 'time_iter': 1.4691, 'accuracy': 0.982, 'precision': 0.8182, 'recall': 0.1111, 'f1': 0.1957, 'auc': 0.7898}
train: {'epoch': 48, 'eta': 545947.5673, 'loss': 0.1096, 'lr': 0.001, 'params': 870603, 'time_iter': 10.6167, 'accuracy': 0.9667, 'precision': 0.7024, 'recall': 0.1916, 'f1': 0.301, 'auc': 0.8709}
val: {'epoch': 49, 'loss': 0.0969, 'lr': 0.001, 'params': 870603, 'time_iter': 1.4943, 'accuracy': 0.981, 'precision': 0.7143, 'recall': 0.0617, 'f1': 0.1136, 'auc': 0.7846}
train: {'epoch': 49, 'eta': 535356.9776, 'loss': 0.1088, 'lr': 0.001, 'params': 870603, 'time_iter': 10.5142, 'accuracy': 0.9669, 'precision': 0.7072, 'recall': 0.1981, 'f1': 0.3094, 'auc': 0.8687}
val: {'epoch': 50, 'loss': 0.0942, 'lr': 0.001, 'params': 870603, 'time_iter': 1.5097, 'accuracy': 0.9798, 'precision': 0.4375, 'recall': 0.0864, 'f1': 0.1443, 'auc': 0.7809}
train: {'epoch': 50, 'eta': 524609.8102, 'loss': 0.1081, 'lr': 0.001, 'params': 870603, 'time_iter': 10.3649, 'accuracy': 0.968, 'precision': 0.7318, 'recall': 0.2281, 'f1': 0.3478, 'auc': 0.8685}
val: {'epoch': 51, 'loss': 0.0995, 'lr': 0.001, 'params': 870603, 'time_iter': 1.5128, 'accuracy': 0.9808, 'precision': 0.6667, 'recall': 0.0494, 'f1': 0.092, 'auc': 0.755}
train: {'epoch': 51, 'eta': 513965.2354, 'loss': 0.1079, 'lr': 0.001, 'params': 870603, 'time_iter': 10.4696, 'accuracy': 0.9678, 'precision': 0.7403, 'recall': 0.2175, 'f1': 0.3363, 'auc': 0.8746}
val: {'epoch': 52, 'loss': 0.0895, 'lr': 0.001, 'params': 870603, 'time_iter': 1.4952, 'accuracy': 0.9813, 'precision': 0.7, 'recall': 0.0864, 'f1': 0.1538, 'auc': 0.787}
train: {'epoch': 52, 'eta': 503089.5775, 'loss': 0.1068, 'lr': 0.001, 'params': 870603, 'time_iter': 10.2217, 'accuracy': 0.9683, 'precision': 0.7405, 'recall': 0.2362, 'f1': 0.3582, 'auc': 0.8729}
val: {'epoch': 53, 'loss': 0.1079, 'lr': 0.001, 'params': 870603, 'time_iter': 1.4992, 'accuracy': 0.9803, 'precision': 0.5, 'recall': 0.0247, 'f1': 0.0471, 'auc': 0.7863}
train: {'epoch': 53, 'eta': 492575.8869, 'loss': 0.1059, 'lr': 0.001, 'params': 870603, 'time_iter': 10.6195, 'accuracy': 0.9686, 'precision': 0.7604, 'recall': 0.237, 'f1': 0.3614, 'auc': 0.8765}
val: {'epoch': 54, 'loss': 0.0893, 'lr': 0.001, 'params': 870603, 'time_iter': 1.645, 'accuracy': 0.9825, 'precision': 1.0, 'recall': 0.1111, 'f1': 0.2, 'auc': 0.7936}
train: {'epoch': 54, 'eta': 481896.4916, 'loss': 0.1069, 'lr': 0.001, 'params': 870603, 'time_iter': 10.4406, 'accuracy': 0.9686, 'precision': 0.7494, 'recall': 0.2427, 'f1': 0.3666, 'auc': 0.8746}
val: {'epoch': 55, 'loss': 0.096, 'lr': 0.001, 'params': 870603, 'time_iter': 1.5106, 'accuracy': 0.9798, 'precision': 0.3333, 'recall': 0.0247, 'f1': 0.046, 'auc': 0.7898}
train: {'epoch': 55, 'eta': 471240.2889, 'loss': 0.1054, 'lr': 0.001, 'params': 870603, 'time_iter': 10.4721, 'accuracy': 0.9679, 'precision': 0.7167, 'recall': 0.2362, 'f1': 0.3553, 'auc': 0.8799}
val: {'epoch': 56, 'loss': 0.0927, 'lr': 0.001, 'params': 870603, 'time_iter': 1.5255, 'accuracy': 0.9825, 'precision': 1.0, 'recall': 0.1111, 'f1': 0.2, 'auc': 0.7879}
train: {'epoch': 56, 'eta': 460626.9958, 'loss': 0.105, 'lr': 0.001, 'params': 870603, 'time_iter': 10.5328, 'accuracy': 0.9688, 'precision': 0.7406, 'recall': 0.2549, 'f1': 0.3792, 'auc': 0.8804}
val: {'epoch': 57, 'loss': 0.0911, 'lr': 0.001, 'params': 870603, 'time_iter': 1.5378, 'accuracy': 0.9818, 'precision': 0.875, 'recall': 0.0864, 'f1': 0.1573, 'auc': 0.7913}
train: {'epoch': 57, 'eta': 450013.2667, 'loss': 0.1045, 'lr': 0.001, 'params': 870603, 'time_iter': 10.5426, 'accuracy': 0.9696, 'precision': 0.7572, 'recall': 0.276, 'f1': 0.4045, 'auc': 0.8815}
val: {'epoch': 58, 'loss': 0.0952, 'lr': 0.001, 'params': 870603, 'time_iter': 1.5186, 'accuracy': 0.981, 'precision': 0.6364, 'recall': 0.0864, 'f1': 0.1522, 'auc': 0.793}
train: {'epoch': 58, 'eta': 439268.1509, 'loss': 0.1043, 'lr': 0.001, 'params': 870603, 'time_iter': 10.37, 'accuracy': 0.9686, 'precision': 0.7313, 'recall': 0.2541, 'f1': 0.3771, 'auc': 0.8845}
val: {'epoch': 59, 'loss': 0.1033, 'lr': 0.001, 'params': 870603, 'time_iter': 1.5069, 'accuracy': 0.9803, 'precision': 0.5, 'recall': 0.0617, 'f1': 0.1099, 'auc': 0.7511}
train: {'epoch': 59, 'eta': 428491.7207, 'loss': 0.1029, 'lr': 0.001, 'params': 870603, 'time_iter': 10.3207, 'accuracy': 0.9691, 'precision': 0.746, 'recall': 0.2646, 'f1': 0.3907, 'auc': 0.8835}
val: {'epoch': 60, 'loss': 0.1059, 'lr': 0.001, 'params': 870603, 'time_iter': 1.5043, 'accuracy': 0.9805, 'precision': 0.6, 'recall': 0.037, 'f1': 0.0698, 'auc': 0.7804}
train: {'epoch': 60, 'eta': 417823.8366, 'loss': 0.1029, 'lr': 0.001, 'params': 870603, 'time_iter': 10.4779, 'accuracy': 0.9692, 'precision': 0.7613, 'recall': 0.2589, 'f1': 0.3864, 'auc': 0.8875}
val: {'epoch': 61, 'loss': 0.0948, 'lr': 0.001, 'params': 870603, 'time_iter': 1.6679, 'accuracy': 0.9827, 'precision': 0.8125, 'recall': 0.1605, 'f1': 0.268, 'auc': 0.8029}
train: {'epoch': 61, 'eta': 407032.9085, 'loss': 0.1018, 'lr': 0.001, 'params': 870603, 'time_iter': 10.2886, 'accuracy': 0.9697, 'precision': 0.7612, 'recall': 0.2768, 'f1': 0.406, 'auc': 0.8877}
val: {'epoch': 62, 'loss': 0.0966, 'lr': 0.001, 'params': 870603, 'time_iter': 1.5067, 'accuracy': 0.9815, 'precision': 0.7273, 'recall': 0.0988, 'f1': 0.1739, 'auc': 0.8022}
train: {'epoch': 62, 'eta': 396528.0345, 'loss': 0.1016, 'lr': 0.001, 'params': 870603, 'time_iter': 10.7512, 'accuracy': 0.9696, 'precision': 0.7442, 'recall': 0.2857, 'f1': 0.4129, 'auc': 0.8911}
val: {'epoch': 63, 'loss': 0.092, 'lr': 0.001, 'params': 870603, 'time_iter': 1.5199, 'accuracy': 0.9827, 'precision': 0.8571, 'recall': 0.1481, 'f1': 0.2526, 'auc': 0.7983}
train: {'epoch': 63, 'eta': 385723.8198, 'loss': 0.1015, 'lr': 0.001, 'params': 870603, 'time_iter': 10.2642, 'accuracy': 0.9703, 'precision': 0.7645, 'recall': 0.3003, 'f1': 0.4312, 'auc': 0.889}
val: {'epoch': 64, 'loss': 0.0995, 'lr': 0.001, 'params': 870603, 'time_iter': 1.5783, 'accuracy': 0.9815, 'precision': 0.7273, 'recall': 0.0988, 'f1': 0.1739, 'auc': 0.7919}
train: {'epoch': 64, 'eta': 375052.6463, 'loss': 0.1011, 'lr': 0.001, 'params': 870603, 'time_iter': 10.4909, 'accuracy': 0.9701, 'precision': 0.7672, 'recall': 0.289, 'f1': 0.4198, 'auc': 0.8905}
val: {'epoch': 65, 'loss': 0.1024, 'lr': 0.001, 'params': 870603, 'time_iter': 1.5204, 'accuracy': 0.9796, 'precision': 0.2, 'recall': 0.0123, 'f1': 0.0233, 'auc': 0.7621}
train: {'epoch': 65, 'eta': 364296.1706, 'loss': 0.1011, 'lr': 0.001, 'params': 870603, 'time_iter': 10.337, 'accuracy': 0.9695, 'precision': 0.7511, 'recall': 0.2768, 'f1': 0.4045, 'auc': 0.8925}
val: {'epoch': 66, 'loss': 0.0982, 'lr': 0.001, 'params': 870603, 'time_iter': 1.4966, 'accuracy': 0.9801, 'precision': 0.4444, 'recall': 0.0494, 'f1': 0.0889, 'auc': 0.7999}
train: {'epoch': 66, 'eta': 353589.4625, 'loss': 0.0995, 'lr': 0.001, 'params': 870603, 'time_iter': 10.4282, 'accuracy': 0.9696, 'precision': 0.7505, 'recall': 0.2808, 'f1': 0.4087, 'auc': 0.8972}
val: {'epoch': 67, 'loss': 0.1022, 'lr': 0.001, 'params': 870603, 'time_iter': 1.4899, 'accuracy': 0.981, 'precision': 0.6364, 'recall': 0.0864, 'f1': 0.1522, 'auc': 0.7785}
train: {'epoch': 67, 'eta': 342930.0433, 'loss': 0.0998, 'lr': 0.001, 'params': 870603, 'time_iter': 10.5273, 'accuracy': 0.9695, 'precision': 0.7426, 'recall': 0.2833, 'f1': 0.4101, 'auc': 0.8965}
val: {'epoch': 68, 'loss': 0.0996, 'lr': 0.001, 'params': 870603, 'time_iter': 1.7351, 'accuracy': 0.9808, 'precision': 0.5714, 'recall': 0.0988, 'f1': 0.1684, 'auc': 0.744}
train: {'epoch': 68, 'eta': 332231.9575, 'loss': 0.099, 'lr': 0.001, 'params': 870603, 'time_iter': 10.4545, 'accuracy': 0.97, 'precision': 0.7557, 'recall': 0.2938, 'f1': 0.4231, 'auc': 0.8987}
val: {'epoch': 69, 'loss': 0.1086, 'lr': 0.001, 'params': 870603, 'time_iter': 1.5256, 'accuracy': 0.9808, 'precision': 0.625, 'recall': 0.0617, 'f1': 0.1124, 'auc': 0.7795}
train: {'epoch': 69, 'eta': 321524.6986, 'loss': 0.0991, 'lr': 0.001, 'params': 870603, 'time_iter': 10.4376, 'accuracy': 0.9707, 'precision': 0.7796, 'recall': 0.3044, 'f1': 0.4378, 'auc': 0.8976}
val: {'epoch': 70, 'loss': 0.1025, 'lr': 0.001, 'params': 870603, 'time_iter': 1.5211, 'accuracy': 0.9818, 'precision': 0.7143, 'recall': 0.1235, 'f1': 0.2105, 'auc': 0.7999}
train: {'epoch': 70, 'eta': 310844.9424, 'loss': 0.0986, 'lr': 0.001, 'params': 870603, 'time_iter': 10.5052, 'accuracy': 0.9709, 'precision': 0.7714, 'recall': 0.3149, 'f1': 0.4473, 'auc': 0.8997}
val: {'epoch': 71, 'loss': 0.0924, 'lr': 0.001, 'params': 870603, 'time_iter': 1.677, 'accuracy': 0.9825, 'precision': 0.8, 'recall': 0.1481, 'f1': 0.25, 'auc': 0.812}
train: {'epoch': 71, 'eta': 300140.3321, 'loss': 0.0984, 'lr': 0.001, 'params': 870603, 'time_iter': 10.4521, 'accuracy': 0.9701, 'precision': 0.7407, 'recall': 0.3084, 'f1': 0.4355, 'auc': 0.9027}
val: {'epoch': 72, 'loss': 0.1057, 'lr': 0.001, 'params': 870603, 'time_iter': 1.5107, 'accuracy': 0.9813, 'precision': 1.0, 'recall': 0.0494, 'f1': 0.0941, 'auc': 0.7958}
train: {'epoch': 72, 'eta': 289393.884, 'loss': 0.0966, 'lr': 0.001, 'params': 870603, 'time_iter': 10.3459, 'accuracy': 0.9705, 'precision': 0.7549, 'recall': 0.3149, 'f1': 0.4444, 'auc': 0.9075}
val: {'epoch': 73, 'loss': 0.1014, 'lr': 0.001, 'params': 870603, 'time_iter': 1.5215, 'accuracy': 0.9803, 'precision': 0.5, 'recall': 0.037, 'f1': 0.069, 'auc': 0.7862}
train: {'epoch': 73, 'eta': 278672.9468, 'loss': 0.0988, 'lr': 0.001, 'params': 870603, 'time_iter': 10.4089, 'accuracy': 0.9707, 'precision': 0.7622, 'recall': 0.3174, 'f1': 0.4481, 'auc': 0.8978}
val: {'epoch': 74, 'loss': 0.1003, 'lr': 0.001, 'params': 870603, 'time_iter': 1.4969, 'accuracy': 0.9808, 'precision': 0.5833, 'recall': 0.0864, 'f1': 0.1505, 'auc': 0.7983}
train: {'epoch': 74, 'eta': 267953.4172, 'loss': 0.0966, 'lr': 0.001, 'params': 870603, 'time_iter': 10.4122, 'accuracy': 0.9711, 'precision': 0.7681, 'recall': 0.3279, 'f1': 0.4596, 'auc': 0.9014}
val: {'epoch': 75, 'loss': 0.0928, 'lr': 0.001, 'params': 870603, 'time_iter': 1.7786, 'accuracy': 0.9818, 'precision': 0.7143, 'recall': 0.1235, 'f1': 0.2105, 'auc': 0.8235}
train: {'epoch': 75, 'eta': 257226.3491, 'loss': 0.0961, 'lr': 0.001, 'params': 870603, 'time_iter': 10.3886, 'accuracy': 0.9709, 'precision': 0.7442, 'recall': 0.3377, 'f1': 0.4645, 'auc': 0.909}
val: {'epoch': 76, 'loss': 0.0958, 'lr': 0.001, 'params': 870603, 'time_iter': 1.4936, 'accuracy': 0.981, 'precision': 0.6667, 'recall': 0.0741, 'f1': 0.1333, 'auc': 0.8183}
train: {'epoch': 76, 'eta': 246479.3476, 'loss': 0.0947, 'lr': 0.001, 'params': 870603, 'time_iter': 10.3206, 'accuracy': 0.9715, 'precision': 0.7678, 'recall': 0.3409, 'f1': 0.4722, 'auc': 0.909}
val: {'epoch': 77, 'loss': 0.0986, 'lr': 0.001, 'params': 870603, 'time_iter': 1.4951, 'accuracy': 0.9823, 'precision': 0.8333, 'recall': 0.1235, 'f1': 0.2151, 'auc': 0.7872}
train: {'epoch': 77, 'eta': 235680.1103, 'loss': 0.0959, 'lr': 0.001, 'params': 870603, 'time_iter': 10.1294, 'accuracy': 0.9715, 'precision': 0.7774, 'recall': 0.3344, 'f1': 0.4677, 'auc': 0.9086}
val: {'epoch': 78, 'loss': 0.1134, 'lr': 0.001, 'params': 870603, 'time_iter': 1.6569, 'accuracy': 0.9803, 'precision': 0.5, 'recall': 0.037, 'f1': 0.069, 'auc': 0.7881}
train: {'epoch': 78, 'eta': 224916.5974, 'loss': 0.0956, 'lr': 0.001, 'params': 870603, 'time_iter': 10.2252, 'accuracy': 0.9712, 'precision': 0.763, 'recall': 0.3344, 'f1': 0.465, 'auc': 0.9073}
val: {'epoch': 79, 'loss': 0.0992, 'lr': 0.001, 'params': 870603, 'time_iter': 1.4983, 'accuracy': 0.9827, 'precision': 0.8571, 'recall': 0.1481, 'f1': 0.2526, 'auc': 0.8062}
train: {'epoch': 79, 'eta': 214250.8751, 'loss': 0.096, 'lr': 0.001, 'params': 870603, 'time_iter': 10.5818, 'accuracy': 0.9704, 'precision': 0.7466, 'recall': 0.3157, 'f1': 0.4438, 'auc': 0.9067}
val: {'epoch': 80, 'loss': 0.1065, 'lr': 0.001, 'params': 870603, 'time_iter': 1.4985, 'accuracy': 0.9815, 'precision': 0.8571, 'recall': 0.0741, 'f1': 0.1364, 'auc': 0.7866}
train: {'epoch': 80, 'eta': 203568.236, 'loss': 0.0949, 'lr': 0.001, 'params': 870603, 'time_iter': 10.5345, 'accuracy': 0.9715, 'precision': 0.7673, 'recall': 0.3425, 'f1': 0.4736, 'auc': 0.9096}
val: {'epoch': 81, 'loss': 0.1087, 'lr': 0.001, 'params': 870603, 'time_iter': 1.5035, 'accuracy': 0.9813, 'precision': 0.75, 'recall': 0.0741, 'f1': 0.1348, 'auc': 0.8073}
train: {'epoch': 81, 'eta': 192867.9327, 'loss': 0.0949, 'lr': 0.001, 'params': 870603, 'time_iter': 10.4733, 'accuracy': 0.9712, 'precision': 0.7568, 'recall': 0.3385, 'f1': 0.4678, 'auc': 0.908}
val: {'epoch': 82, 'loss': 0.1043, 'lr': 0.001, 'params': 870603, 'time_iter': 1.5073, 'accuracy': 0.9803, 'precision': 0.5, 'recall': 0.0741, 'f1': 0.129, 'auc': 0.7908}
train: {'epoch': 82, 'eta': 182205.9669, 'loss': 0.0938, 'lr': 0.001, 'params': 870603, 'time_iter': 10.664, 'accuracy': 0.9719, 'precision': 0.7772, 'recall': 0.3482, 'f1': 0.4809, 'auc': 0.9136}
val: {'epoch': 83, 'loss': 0.113, 'lr': 0.001, 'params': 870603, 'time_iter': 1.5082, 'accuracy': 0.9808, 'precision': 0.625, 'recall': 0.0617, 'f1': 0.1124, 'auc': 0.7881}
train: {'epoch': 83, 'eta': 171504.7556, 'loss': 0.0942, 'lr': 0.001, 'params': 870603, 'time_iter': 10.5016, 'accuracy': 0.9712, 'precision': 0.7664, 'recall': 0.3328, 'f1': 0.4641, 'auc': 0.909}
val: {'epoch': 84, 'loss': 0.1069, 'lr': 0.001, 'params': 870603, 'time_iter': 1.4819, 'accuracy': 0.9813, 'precision': 0.6429, 'recall': 0.1111, 'f1': 0.1895, 'auc': 0.8081}
train: {'epoch': 84, 'eta': 160806.0886, 'loss': 0.0926, 'lr': 0.001, 'params': 870603, 'time_iter': 10.5292, 'accuracy': 0.9722, 'precision': 0.7724, 'recall': 0.3636, 'f1': 0.4945, 'auc': 0.9147}
val: {'epoch': 85, 'loss': 0.1107, 'lr': 0.001, 'params': 870603, 'time_iter': 1.7131, 'accuracy': 0.9815, 'precision': 0.7273, 'recall': 0.0988, 'f1': 0.1739, 'auc': 0.7702}
train: {'epoch': 85, 'eta': 150090.2055, 'loss': 0.0923, 'lr': 0.001, 'params': 870603, 'time_iter': 10.4453, 'accuracy': 0.9722, 'precision': 0.7757, 'recall': 0.362, 'f1': 0.4936, 'auc': 0.9171}
val: {'epoch': 86, 'loss': 0.1072, 'lr': 0.001, 'params': 870603, 'time_iter': 1.484, 'accuracy': 0.9818, 'precision': 0.7143, 'recall': 0.1235, 'f1': 0.2105, 'auc': 0.7901}
train: {'epoch': 86, 'eta': 139391.5482, 'loss': 0.093, 'lr': 0.001, 'params': 870603, 'time_iter': 10.5621, 'accuracy': 0.9715, 'precision': 0.7712, 'recall': 0.3393, 'f1': 0.4713, 'auc': 0.9156}
val: {'epoch': 87, 'loss': 0.1035, 'lr': 0.001, 'params': 870603, 'time_iter': 1.4754, 'accuracy': 0.9813, 'precision': 0.6429, 'recall': 0.1111, 'f1': 0.1895, 'auc': 0.8005}
train: {'epoch': 87, 'eta': 128676.1942, 'loss': 0.0915, 'lr': 0.001, 'params': 870603, 'time_iter': 10.4706, 'accuracy': 0.9721, 'precision': 0.7683, 'recall': 0.3661, 'f1': 0.4959, 'auc': 0.9183}
val: {'epoch': 88, 'loss': 0.1026, 'lr': 0.001, 'params': 870603, 'time_iter': 1.553, 'accuracy': 0.9813, 'precision': 0.6667, 'recall': 0.0988, 'f1': 0.172, 'auc': 0.7918}
train: {'epoch': 88, 'eta': 117936.6323, 'loss': 0.0919, 'lr': 0.001, 'params': 870603, 'time_iter': 10.2907, 'accuracy': 0.9724, 'precision': 0.7897, 'recall': 0.3596, 'f1': 0.4941, 'auc': 0.9171}
val: {'epoch': 89, 'loss': 0.116, 'lr': 0.001, 'params': 870603, 'time_iter': 1.4795, 'accuracy': 0.9827, 'precision': 0.8571, 'recall': 0.1481, 'f1': 0.2526, 'auc': 0.7885}
train: {'epoch': 89, 'eta': 107211.1609, 'loss': 0.0922, 'lr': 0.001, 'params': 870603, 'time_iter': 10.3847, 'accuracy': 0.9721, 'precision': 0.7844, 'recall': 0.3515, 'f1': 0.4854, 'auc': 0.9175}
val: {'epoch': 90, 'loss': 0.11, 'lr': 0.001, 'params': 870603, 'time_iter': 1.5003, 'accuracy': 0.9798, 'precision': 0.4, 'recall': 0.0494, 'f1': 0.0879, 'auc': 0.788}
train: {'epoch': 90, 'eta': 96488.6398, 'loss': 0.0914, 'lr': 0.001, 'params': 870603, 'time_iter': 10.4052, 'accuracy': 0.9715, 'precision': 0.764, 'recall': 0.3442, 'f1': 0.4745, 'auc': 0.9196}
val: {'epoch': 91, 'loss': 0.1069, 'lr': 0.001, 'params': 870603, 'time_iter': 1.5089, 'accuracy': 0.9815, 'precision': 0.7273, 'recall': 0.0988, 'f1': 0.1739, 'auc': 0.7955}
train: {'epoch': 91, 'eta': 85764.1671, 'loss': 0.0899, 'lr': 0.001, 'params': 870603, 'time_iter': 10.3796, 'accuracy': 0.9719, 'precision': 0.7713, 'recall': 0.3531, 'f1': 0.4844, 'auc': 0.9222}
val: {'epoch': 92, 'loss': 0.1062, 'lr': 0.001, 'params': 870603, 'time_iter': 1.7809, 'accuracy': 0.982, 'precision': 0.8182, 'recall': 0.1111, 'f1': 0.1957, 'auc': 0.7887}
train: {'epoch': 92, 'eta': 75047.7974, 'loss': 0.0893, 'lr': 0.001, 'params': 870603, 'time_iter': 10.472, 'accuracy': 0.972, 'precision': 0.7644, 'recall': 0.3661, 'f1': 0.4951, 'auc': 0.923}
val: {'epoch': 93, 'loss': 0.1064, 'lr': 0.001, 'params': 870603, 'time_iter': 1.5099, 'accuracy': 0.9813, 'precision': 0.7, 'recall': 0.0864, 'f1': 0.1538, 'auc': 0.7876}
train: {'epoch': 93, 'eta': 64331.4109, 'loss': 0.0899, 'lr': 0.001, 'params': 870603, 'time_iter': 10.4909, 'accuracy': 0.9728, 'precision': 0.7767, 'recall': 0.3839, 'f1': 0.5139, 'auc': 0.9216}
val: {'epoch': 94, 'loss': 0.1117, 'lr': 0.001, 'params': 870603, 'time_iter': 1.502, 'accuracy': 0.9813, 'precision': 0.6667, 'recall': 0.0988, 'f1': 0.172, 'auc': 0.8017}
train: {'epoch': 94, 'eta': 53612.0475, 'loss': 0.0898, 'lr': 0.001, 'params': 870603, 'time_iter': 10.4666, 'accuracy': 0.9727, 'precision': 0.7886, 'recall': 0.3693, 'f1': 0.503, 'auc': 0.9206}
val: {'epoch': 95, 'loss': 0.1149, 'lr': 0.001, 'params': 870603, 'time_iter': 1.6425, 'accuracy': 0.9808, 'precision': 0.6, 'recall': 0.0741, 'f1': 0.1319, 'auc': 0.7895}
train: {'epoch': 95, 'eta': 42892.3546, 'loss': 0.0897, 'lr': 0.001, 'params': 870603, 'time_iter': 10.4836, 'accuracy': 0.9725, 'precision': 0.7711, 'recall': 0.3774, 'f1': 0.5068, 'auc': 0.9254}
val: {'epoch': 96, 'loss': 0.1119, 'lr': 0.001, 'params': 870603, 'time_iter': 1.5063, 'accuracy': 0.9798, 'precision': 0.4167, 'recall': 0.0617, 'f1': 0.1075, 'auc': 0.799}
train: {'epoch': 96, 'eta': 32174.0721, 'loss': 0.0878, 'lr': 0.001, 'params': 870603, 'time_iter': 10.5719, 'accuracy': 0.9726, 'precision': 0.7692, 'recall': 0.3815, 'f1': 0.51, 'auc': 0.9287}
val: {'epoch': 97, 'loss': 0.1196, 'lr': 0.001, 'params': 870603, 'time_iter': 1.499, 'accuracy': 0.9805, 'precision': 0.5556, 'recall': 0.0617, 'f1': 0.1111, 'auc': 0.7829}
train: {'epoch': 97, 'eta': 21447.4579, 'loss': 0.0875, 'lr': 0.001, 'params': 870603, 'time_iter': 10.3308, 'accuracy': 0.9731, 'precision': 0.7744, 'recall': 0.3985, 'f1': 0.5263, 'auc': 0.9287}
val: {'epoch': 98, 'loss': 0.1224, 'lr': 0.001, 'params': 870603, 'time_iter': 1.5192, 'accuracy': 0.981, 'precision': 0.6667, 'recall': 0.0741, 'f1': 0.1333, 'auc': 0.7796}
train: {'epoch': 98, 'eta': 10724.663, 'loss': 0.0878, 'lr': 0.001, 'params': 870603, 'time_iter': 10.5114, 'accuracy': 0.9734, 'precision': 0.796, 'recall': 0.3896, 'f1': 0.5232, 'auc': 0.9274}
val: {'epoch': 99, 'loss': 0.1028, 'lr': 0.001, 'params': 870603, 'time_iter': 1.4825, 'accuracy': 0.9808, 'precision': 0.5833, 'recall': 0.0864, 'f1': 0.1505, 'auc': 0.8009}
train: {'epoch': 99, 'eta': 0.0, 'loss': 0.0872, 'lr': 0.001, 'params': 870603, 'time_iter': 10.5086, 'accuracy': 0.9724, 'precision': 0.7673, 'recall': 0.3774, 'f1': 0.506, 'auc': 0.9309}
test: {'epoch': 99, 'loss': 0.1839, 'lr': 0.001, 'params': 870603, 'time_iter': 1.3882, 'accuracy': 0.9679, 'precision': 0.0, 'recall': 0.0, 'f1': 0.0, 'auc': 0.767}
test: {'epoch': 75, 'loss': 0.1652, 'lr': 0.001, 'params': 870603, 'time_iter': 1.3796, 'accuracy': 0.9674, 'precision': 0.0, 'recall': 0.0, 'f1': 0.0, 'auc': 0.7826}
