GraphGymModule(
  (model): DilatedGNNModel(
    (encoder): FeatureEncoder(
      (node_encoder): AtomEncoder(
        (atom_embedding_list): ModuleList(
          (0): Embedding(119, 300)
          (1): Embedding(4, 300)
          (2): Embedding(12, 300)
          (3): Embedding(12, 300)
          (4): Embedding(10, 300)
          (5): Embedding(6, 300)
          (6): Embedding(6, 300)
          (7): Embedding(2, 300)
          (8): Embedding(2, 300)
        )
      )
      (edge_encoder): BondEncoder(
        (bond_embedding_list): ModuleList(
          (0): Embedding(5, 300)
          (1): Embedding(6, 300)
          (2): Embedding(2, 300)
        )
      )
    )
    (mp): GNNDilatedStage(
      (classic_layers): ModuleList(
        (0): GeneralLayer(
          (layer): EGINConv(
            (model): GINEConv(nn=Sequential(
              (0): Linear(300, 300, bias=True)
              (1): ReLU()
              (2): Linear(300, 300, bias=True)
            ))
          )
          (post_layer): Sequential(
            (0): BatchNorm1d(300, eps=1e-05, momentum=0.1, affine=True, track_running_stats=True)
            (1): Dropout(p=0.5, inplace=False)
            (2): ReLU()
          )
        )
        (1): GeneralLayer(
          (layer): EGINConv(
            (model): GINEConv(nn=Sequential(
              (0): Linear(300, 300, bias=True)
              (1): ReLU()
              (2): Linear(300, 300, bias=True)
            ))
          )
          (post_layer): Sequential(
            (0): BatchNorm1d(300, eps=1e-05, momentum=0.1, affine=True, track_running_stats=True)
            (1): Dropout(p=0.5, inplace=False)
            (2): ReLU()
          )
        )
      )
      (dilated_layers): ModuleList(
        (0): DilatedGeneralLayer(
          (layer): EGINConv(
            (model): GINEConv(nn=Sequential(
              (0): Linear(300, 300, bias=True)
              (1): ReLU()
              (2): Linear(300, 300, bias=True)
            ))
          )
          (post_layer): Sequential(
            (0): BatchNorm1d(300, eps=1e-05, momentum=0.1, affine=True, track_running_stats=True)
            (1): Dropout(p=0.5, inplace=False)
            (2): ReLU()
          )
          (gem): GeM(p=3.0000, eps=1e-06)
        )
        (1): DilatedGeneralLayer(
          (layer): EGINConv(
            (model): GINEConv(nn=Sequential(
              (0): Linear(300, 300, bias=True)
              (1): ReLU()
              (2): Linear(300, 300, bias=True)
            ))
          )
          (post_layer): Sequential(
            (0): BatchNorm1d(300, eps=1e-05, momentum=0.1, affine=True, track_running_stats=True)
            (1): Dropout(p=0.5, inplace=False)
            (2): ReLU()
          )
          (gem): GeM(p=3.0000, eps=1e-06)
        )
      )
      (act): ReLU()
    )
    (post_mp): GNNGraphHead(
      (layer_post_mp): MLP(
        (model): Sequential(
          (0): Linear(
            (model): Linear(300, 1, bias=True)
          )
        )
      )
    )
  )
)
accelerator: cuda
benchmark: False
bn:
  eps: 1e-05
  mom: 0.1
cfg_dest: config.yaml
custom_metrics: []
dataset:
  cache_load: False
  cache_save: False
  dir: ./datasets
  edge_dim: 300
  edge_encoder: True
  edge_encoder_bn: False
  edge_encoder_name: Bond
  edge_message_ratio: 0.8
  edge_negative_sampling_ratio: 1.0
  edge_train_mode: all
  encoder: True
  encoder_bn: True
  encoder_dim: 128
  encoder_name: db
  fast_loader: False
  format: OGB
  label_column: none
  label_table: none
  location: local
  name: ogbg-molhiv
  node_encoder: True
  node_encoder_bn: False
  node_encoder_name: Atom
  remove_feature: False
  resample_disjoint: False
  resample_negative: False
  shuffle_split: True
  split: [0.8, 0.1, 0.1]
  split_mode: random
  task: graph
  task_type: classification
  to_undirected: False
  transductive: False
  transform: none
  tu_simple: True
devices: 1
gnn:
  act: relu
  act_on_last_layer_mp: False
  agg: none
  att_final_linear: False
  att_final_linear_bn: False
  att_heads: 1
  batchnorm: True
  clear_feature: True
  dilated_path_join: add
  dim_inner: 300
  dropout: 0.5
  head: graph
  keep_edge: 0.5
  l2norm: True
  layer_type: eginconv
  layers_k1: 2
  layers_k2: 2
  layers_mp: 5
  layers_post_mp: 1
  layers_pre_mp: 0
  learn_alpha_residual_connection: False
  msg_direction: single
  normalize_adj: False
  self_msg: concat
  skip_every: 1
  stage_type: stack
  use_edge_features: True
gpu_mem: False
mem:
  inplace: False
metric_agg: argmax
metric_best: auc
model:
  edge_decoding: dot
  graph_pooling: mean
  loss_fun: cross_entropy
  match_upper: True
  size_average: mean
  thresh: 0.5
  type: dilated_gnn
num_threads: 6
num_workers: 16
optim:
  base_lr: 0.001
  lr_decay: 0.1
  max_epoch: 100
  momentum: 0.9
  optimizer: adam
  scheduler: none
  steps: [30, 60, 90]
  weight_decay: 0.0
out_dir: results_experiments/ogbg_molhiv_baseline_grid_design/ogbg_molhiv_baseline-type=dilated_gnn-layer_type=eginconv-layers_k1=2-layers_k2=2-dilated_path_join=add-learn_alpha_residual_connection=False
params: 1142103
print: both
round: 4
run_dir: results_experiments/ogbg_molhiv_baseline_grid_design/ogbg_molhiv_baseline-type=dilated_gnn-layer_type=eginconv-layers_k1=2-layers_k2=2-dilated_path_join=add-learn_alpha_residual_connection=False/7
seed: 8
share:
  dim_in: 9
  dim_out: 2
  num_splits: 3
tensorboard_agg: True
tensorboard_each_run: False
train:
  auto_resume: False
  batch_size: 32
  ckpt_clean: True
  ckpt_period: 100
  enable_ckpt: True
  epoch_resume: -1
  eval_period: 1
  iter_per_epoch: 32
  neighbor_sizes: [20, 15, 10, 5]
  node_per_graph: 32
  radius: extend
  sample_node: False
  sampler: full_batch
  skip_train_eval: False
  walk_length: 4
val:
  node_per_graph: 32
  radius: extend
  sample_node: False
  sampler: full_batch
view_emb: False
Num parameters: 1142103
val: {'epoch': 0, 'loss': 0.73, 'lr': 0.001, 'params': 1142103, 'time_iter': 0.9514, 'accuracy': 0.0156, 'precision': 0.0156, 'recall': 1.0, 'f1': 0.0308, 'auc': 0.4286}
val: {'epoch': 0, 'loss': 0.0911, 'lr': 0.001, 'params': 1142103, 'time_iter': 2.5697, 'accuracy': 0.9803, 'precision': 0.0, 'recall': 0.0, 'f1': 0.0, 'auc': 0.6916}
train: {'epoch': 0, 'eta': 1322840.2707, 'loss': 0.1681, 'lr': 0.001, 'params': 1142103, 'time_iter': 12.9854, 'accuracy': 0.9616, 'precision': 0.0769, 'recall': 0.0024, 'f1': 0.0047, 'auc': 0.6038}
val: {'epoch': 1, 'loss': 0.0944, 'lr': 0.001, 'params': 1142103, 'time_iter': 2.3962, 'accuracy': 0.9803, 'precision': 0.0, 'recall': 0.0, 'f1': 0.0, 'auc': 0.6526}
train: {'epoch': 1, 'eta': 1314034.1635, 'loss': 0.1502, 'lr': 0.001, 'params': 1142103, 'time_iter': 13.0758, 'accuracy': 0.9626, 'precision': 0.0, 'recall': 0.0, 'f1': 0.0, 'auc': 0.6775}
val: {'epoch': 2, 'loss': 0.0916, 'lr': 0.001, 'params': 1142103, 'time_iter': 2.419, 'accuracy': 0.9813, 'precision': 0.7, 'recall': 0.0864, 'f1': 0.1538, 'auc': 0.7267}
train: {'epoch': 2, 'eta': 1292888.4334, 'loss': 0.1453, 'lr': 0.001, 'params': 1142103, 'time_iter': 12.7981, 'accuracy': 0.9626, 'precision': 0.6667, 'recall': 0.0049, 'f1': 0.0097, 'auc': 0.7073}
val: {'epoch': 3, 'loss': 0.0884, 'lr': 0.001, 'params': 1142103, 'time_iter': 2.5345, 'accuracy': 0.981, 'precision': 0.5789, 'recall': 0.1358, 'f1': 0.22, 'auc': 0.7368}
train: {'epoch': 3, 'eta': 1280396.442, 'loss': 0.1425, 'lr': 0.001, 'params': 1142103, 'time_iter': 12.987, 'accuracy': 0.9633, 'precision': 0.7049, 'recall': 0.0349, 'f1': 0.0665, 'auc': 0.7225}
val: {'epoch': 4, 'loss': 0.1018, 'lr': 0.001, 'params': 1142103, 'time_iter': 2.3967, 'accuracy': 0.9754, 'precision': 0.2917, 'recall': 0.1728, 'f1': 0.2171, 'auc': 0.7414}
train: {'epoch': 4, 'eta': 1269127.5619, 'loss': 0.1406, 'lr': 0.001, 'params': 1142103, 'time_iter': 13.0674, 'accuracy': 0.9637, 'precision': 0.6863, 'recall': 0.0568, 'f1': 0.1049, 'auc': 0.7334}
val: {'epoch': 5, 'loss': 0.0832, 'lr': 0.001, 'params': 1142103, 'time_iter': 2.4238, 'accuracy': 0.9796, 'precision': 0.4595, 'recall': 0.2099, 'f1': 0.2881, 'auc': 0.7815}
train: {'epoch': 5, 'eta': 1253658.0721, 'loss': 0.1375, 'lr': 0.001, 'params': 1142103, 'time_iter': 12.8518, 'accuracy': 0.964, 'precision': 0.6935, 'recall': 0.0698, 'f1': 0.1268, 'auc': 0.7517}
val: {'epoch': 6, 'loss': 0.0828, 'lr': 0.001, 'params': 1142103, 'time_iter': 2.5925, 'accuracy': 0.9813, 'precision': 0.6429, 'recall': 0.1111, 'f1': 0.1895, 'auc': 0.7627}
train: {'epoch': 6, 'eta': 1241185.7024, 'loss': 0.136, 'lr': 0.001, 'params': 1142103, 'time_iter': 13.0242, 'accuracy': 0.9639, 'precision': 0.6369, 'recall': 0.0812, 'f1': 0.144, 'auc': 0.7522}
val: {'epoch': 7, 'loss': 0.1125, 'lr': 0.001, 'params': 1142103, 'time_iter': 2.4138, 'accuracy': 0.9669, 'precision': 0.191, 'recall': 0.2099, 'f1': 0.2, 'auc': 0.7397}
train: {'epoch': 7, 'eta': 1229319.9451, 'loss': 0.1342, 'lr': 0.001, 'params': 1142103, 'time_iter': 13.0951, 'accuracy': 0.9639, 'precision': 0.6447, 'recall': 0.0795, 'f1': 0.1416, 'auc': 0.7597}
val: {'epoch': 8, 'loss': 0.0837, 'lr': 0.001, 'params': 1142103, 'time_iter': 2.4962, 'accuracy': 0.9803, 'precision': 0.5, 'recall': 0.1235, 'f1': 0.198, 'auc': 0.7742}
train: {'epoch': 8, 'eta': 1215574.6528, 'loss': 0.1323, 'lr': 0.001, 'params': 1142103, 'time_iter': 12.9488, 'accuracy': 0.9641, 'precision': 0.63, 'recall': 0.1023, 'f1': 0.176, 'auc': 0.7726}
val: {'epoch': 9, 'loss': 0.0897, 'lr': 0.001, 'params': 1142103, 'time_iter': 2.6266, 'accuracy': 0.9793, 'precision': 0.4, 'recall': 0.0988, 'f1': 0.1584, 'auc': 0.7377}
train: {'epoch': 9, 'eta': 1201229.4197, 'loss': 0.1302, 'lr': 0.001, 'params': 1142103, 'time_iter': 12.8749, 'accuracy': 0.9648, 'precision': 0.6884, 'recall': 0.1112, 'f1': 0.1915, 'auc': 0.7822}
val: {'epoch': 10, 'loss': 0.1097, 'lr': 0.001, 'params': 1142103, 'time_iter': 2.4683, 'accuracy': 0.9686, 'precision': 0.2551, 'recall': 0.3086, 'f1': 0.2793, 'auc': 0.7418}
train: {'epoch': 10, 'eta': 1190083.0954, 'loss': 0.1295, 'lr': 0.001, 'params': 1142103, 'time_iter': 13.2352, 'accuracy': 0.965, 'precision': 0.6849, 'recall': 0.1218, 'f1': 0.2068, 'auc': 0.7862}
val: {'epoch': 11, 'loss': 0.0825, 'lr': 0.001, 'params': 1142103, 'time_iter': 2.5316, 'accuracy': 0.9796, 'precision': 0.44, 'recall': 0.1358, 'f1': 0.2075, 'auc': 0.7816}
train: {'epoch': 11, 'eta': 1175703.0054, 'loss': 0.128, 'lr': 0.001, 'params': 1142103, 'time_iter': 12.8612, 'accuracy': 0.9653, 'precision': 0.6829, 'recall': 0.1364, 'f1': 0.2273, 'auc': 0.7925}
val: {'epoch': 12, 'loss': 0.1069, 'lr': 0.001, 'params': 1142103, 'time_iter': 2.7, 'accuracy': 0.9725, 'precision': 0.3298, 'recall': 0.3827, 'f1': 0.3543, 'auc': 0.7447}
train: {'epoch': 12, 'eta': 1160761.9233, 'loss': 0.128, 'lr': 0.001, 'params': 1142103, 'time_iter': 12.7542, 'accuracy': 0.9648, 'precision': 0.6492, 'recall': 0.1307, 'f1': 0.2176, 'auc': 0.7892}
val: {'epoch': 13, 'loss': 0.083, 'lr': 0.001, 'params': 1142103, 'time_iter': 2.4209, 'accuracy': 0.981, 'precision': 0.5882, 'recall': 0.1235, 'f1': 0.2041, 'auc': 0.7672}
train: {'epoch': 13, 'eta': 1147547.754, 'loss': 0.1257, 'lr': 0.001, 'params': 1142103, 'time_iter': 12.9863, 'accuracy': 0.9653, 'precision': 0.6562, 'recall': 0.1534, 'f1': 0.2487, 'auc': 0.7992}
val: {'epoch': 14, 'loss': 0.0788, 'lr': 0.001, 'params': 1142103, 'time_iter': 2.5462, 'accuracy': 0.9805, 'precision': 0.5161, 'recall': 0.1975, 'f1': 0.2857, 'auc': 0.8081}
train: {'epoch': 14, 'eta': 1133797.8992, 'loss': 0.1242, 'lr': 0.001, 'params': 1142103, 'time_iter': 12.8978, 'accuracy': 0.9655, 'precision': 0.6644, 'recall': 0.1591, 'f1': 0.2567, 'auc': 0.8002}
val: {'epoch': 15, 'loss': 0.0823, 'lr': 0.001, 'params': 1142103, 'time_iter': 2.4041, 'accuracy': 0.9808, 'precision': 0.5714, 'recall': 0.0988, 'f1': 0.1684, 'auc': 0.7822}
train: {'epoch': 15, 'eta': 1121447.1607, 'loss': 0.1233, 'lr': 0.001, 'params': 1142103, 'time_iter': 13.1458, 'accuracy': 0.9654, 'precision': 0.6498, 'recall': 0.1672, 'f1': 0.266, 'auc': 0.8076}
val: {'epoch': 16, 'loss': 0.0803, 'lr': 0.001, 'params': 1142103, 'time_iter': 2.4195, 'accuracy': 0.9815, 'precision': 0.551, 'recall': 0.3333, 'f1': 0.4154, 'auc': 0.8038}
train: {'epoch': 16, 'eta': 1107080.0973, 'loss': 0.1231, 'lr': 0.001, 'params': 1142103, 'time_iter': 12.772, 'accuracy': 0.9657, 'precision': 0.6711, 'recall': 0.1623, 'f1': 0.2614, 'auc': 0.8043}
val: {'epoch': 17, 'loss': 0.0779, 'lr': 0.001, 'params': 1142103, 'time_iter': 2.5538, 'accuracy': 0.9832, 'precision': 0.75, 'recall': 0.2222, 'f1': 0.3429, 'auc': 0.7915}
train: {'epoch': 17, 'eta': 1094523.1547, 'loss': 0.1226, 'lr': 0.001, 'params': 1142103, 'time_iter': 13.1291, 'accuracy': 0.9654, 'precision': 0.6527, 'recall': 0.1648, 'f1': 0.2631, 'auc': 0.8122}
val: {'epoch': 18, 'loss': 0.0793, 'lr': 0.001, 'params': 1142103, 'time_iter': 2.4269, 'accuracy': 0.9813, 'precision': 0.5769, 'recall': 0.1852, 'f1': 0.2804, 'auc': 0.7949}
train: {'epoch': 18, 'eta': 1081613.6843, 'loss': 0.1211, 'lr': 0.001, 'params': 1142103, 'time_iter': 13.0716, 'accuracy': 0.9658, 'precision': 0.6578, 'recall': 0.181, 'f1': 0.2839, 'auc': 0.8115}
val: {'epoch': 19, 'loss': 0.0757, 'lr': 0.001, 'params': 1142103, 'time_iter': 2.4688, 'accuracy': 0.9825, 'precision': 0.68, 'recall': 0.2099, 'f1': 0.3208, 'auc': 0.8064}
train: {'epoch': 19, 'eta': 1068160.9396, 'loss': 0.1197, 'lr': 0.001, 'params': 1142103, 'time_iter': 12.9528, 'accuracy': 0.966, 'precision': 0.6638, 'recall': 0.1875, 'f1': 0.2924, 'auc': 0.8189}
val: {'epoch': 20, 'loss': 0.0813, 'lr': 0.001, 'params': 1142103, 'time_iter': 2.5785, 'accuracy': 0.9808, 'precision': 0.5333, 'recall': 0.1975, 'f1': 0.2883, 'auc': 0.7961}
train: {'epoch': 20, 'eta': 1055607.0784, 'loss': 0.1194, 'lr': 0.001, 'params': 1142103, 'time_iter': 13.1819, 'accuracy': 0.966, 'precision': 0.6619, 'recall': 0.1891, 'f1': 0.2942, 'auc': 0.8165}
val: {'epoch': 21, 'loss': 0.0797, 'lr': 0.001, 'params': 1142103, 'time_iter': 2.4615, 'accuracy': 0.9793, 'precision': 0.4444, 'recall': 0.1975, 'f1': 0.2735, 'auc': 0.8156}
train: {'epoch': 21, 'eta': 1042456.843, 'loss': 0.1187, 'lr': 0.001, 'params': 1142103, 'time_iter': 13.0436, 'accuracy': 0.9664, 'precision': 0.6751, 'recall': 0.1956, 'f1': 0.3033, 'auc': 0.8223}
val: {'epoch': 22, 'loss': 0.0754, 'lr': 0.001, 'params': 1142103, 'time_iter': 2.5181, 'accuracy': 0.9803, 'precision': 0.5, 'recall': 0.1728, 'f1': 0.2569, 'auc': 0.8269}
train: {'epoch': 22, 'eta': 1029258.3314, 'loss': 0.1174, 'lr': 0.001, 'params': 1142103, 'time_iter': 13.0365, 'accuracy': 0.9667, 'precision': 0.6875, 'recall': 0.2054, 'f1': 0.3162, 'auc': 0.8271}
val: {'epoch': 23, 'loss': 0.0765, 'lr': 0.001, 'params': 1142103, 'time_iter': 2.5929, 'accuracy': 0.9805, 'precision': 0.5128, 'recall': 0.2469, 'f1': 0.3333, 'auc': 0.8029}
train: {'epoch': 23, 'eta': 1015385.2281, 'loss': 0.1172, 'lr': 0.001, 'params': 1142103, 'time_iter': 12.835, 'accuracy': 0.9674, 'precision': 0.7135, 'recall': 0.2143, 'f1': 0.3296, 'auc': 0.8229}
val: {'epoch': 24, 'loss': 0.0788, 'lr': 0.001, 'params': 1142103, 'time_iter': 2.4464, 'accuracy': 0.9818, 'precision': 0.5833, 'recall': 0.2593, 'f1': 0.359, 'auc': 0.806}
train: {'epoch': 24, 'eta': 1002171.6813, 'loss': 0.1167, 'lr': 0.001, 'params': 1142103, 'time_iter': 13.0314, 'accuracy': 0.9671, 'precision': 0.6902, 'recall': 0.2224, 'f1': 0.3364, 'auc': 0.8283}
val: {'epoch': 25, 'loss': 0.0875, 'lr': 0.001, 'params': 1142103, 'time_iter': 2.5307, 'accuracy': 0.9767, 'precision': 0.3881, 'recall': 0.321, 'f1': 0.3514, 'auc': 0.8062}
train: {'epoch': 25, 'eta': 988481.4771, 'loss': 0.1153, 'lr': 0.001, 'params': 1142103, 'time_iter': 12.8737, 'accuracy': 0.9675, 'precision': 0.7139, 'recall': 0.2208, 'f1': 0.3373, 'auc': 0.832}
val: {'epoch': 26, 'loss': 0.0789, 'lr': 0.001, 'params': 1142103, 'time_iter': 2.6462, 'accuracy': 0.981, 'precision': 0.5556, 'recall': 0.1852, 'f1': 0.2778, 'auc': 0.7903}
train: {'epoch': 26, 'eta': 974628.0875, 'loss': 0.1144, 'lr': 0.001, 'params': 1142103, 'time_iter': 12.8033, 'accuracy': 0.9679, 'precision': 0.7153, 'recall': 0.2386, 'f1': 0.3579, 'auc': 0.8347}
val: {'epoch': 27, 'loss': 0.0775, 'lr': 0.001, 'params': 1142103, 'time_iter': 2.4301, 'accuracy': 0.9818, 'precision': 0.6364, 'recall': 0.1728, 'f1': 0.2718, 'auc': 0.8084}
train: {'epoch': 27, 'eta': 961484.4667, 'loss': 0.1151, 'lr': 0.001, 'params': 1142103, 'time_iter': 13.0532, 'accuracy': 0.9674, 'precision': 0.698, 'recall': 0.2289, 'f1': 0.3447, 'auc': 0.8354}
val: {'epoch': 28, 'loss': 0.0741, 'lr': 0.001, 'params': 1142103, 'time_iter': 2.4688, 'accuracy': 0.982, 'precision': 0.6061, 'recall': 0.2469, 'f1': 0.3509, 'auc': 0.8379}
train: {'epoch': 28, 'eta': 948057.7729, 'loss': 0.1146, 'lr': 0.001, 'params': 1142103, 'time_iter': 12.9487, 'accuracy': 0.9676, 'precision': 0.7072, 'recall': 0.2313, 'f1': 0.3486, 'auc': 0.835}
val: {'epoch': 29, 'loss': 0.0786, 'lr': 0.001, 'params': 1142103, 'time_iter': 2.6136, 'accuracy': 0.9813, 'precision': 0.5588, 'recall': 0.2346, 'f1': 0.3304, 'auc': 0.8066}
train: {'epoch': 29, 'eta': 934714.2146, 'loss': 0.1132, 'lr': 0.001, 'params': 1142103, 'time_iter': 12.9805, 'accuracy': 0.9682, 'precision': 0.7187, 'recall': 0.2468, 'f1': 0.3674, 'auc': 0.84}
val: {'epoch': 30, 'loss': 0.0753, 'lr': 0.001, 'params': 1142103, 'time_iter': 2.4009, 'accuracy': 0.9801, 'precision': 0.4878, 'recall': 0.2469, 'f1': 0.3279, 'auc': 0.8359}
train: {'epoch': 30, 'eta': 921724.4494, 'loss': 0.1135, 'lr': 0.001, 'params': 1142103, 'time_iter': 13.1354, 'accuracy': 0.9679, 'precision': 0.7034, 'recall': 0.2484, 'f1': 0.3671, 'auc': 0.8395}
val: {'epoch': 31, 'loss': 0.0782, 'lr': 0.001, 'params': 1142103, 'time_iter': 2.4841, 'accuracy': 0.982, 'precision': 0.6129, 'recall': 0.2346, 'f1': 0.3393, 'auc': 0.8222}
train: {'epoch': 31, 'eta': 908278.3631, 'loss': 0.1124, 'lr': 0.001, 'params': 1142103, 'time_iter': 12.9417, 'accuracy': 0.9684, 'precision': 0.7188, 'recall': 0.2573, 'f1': 0.379, 'auc': 0.8429}
val: {'epoch': 32, 'loss': 0.0788, 'lr': 0.001, 'params': 1142103, 'time_iter': 2.6014, 'accuracy': 0.9808, 'precision': 0.5385, 'recall': 0.1728, 'f1': 0.2617, 'auc': 0.8038}
train: {'epoch': 32, 'eta': 894759.6509, 'loss': 0.112, 'lr': 0.001, 'params': 1142103, 'time_iter': 12.9032, 'accuracy': 0.9688, 'precision': 0.7362, 'recall': 0.2606, 'f1': 0.3849, 'auc': 0.8456}
val: {'epoch': 33, 'loss': 0.0833, 'lr': 0.001, 'params': 1142103, 'time_iter': 2.4342, 'accuracy': 0.9808, 'precision': 0.5227, 'recall': 0.284, 'f1': 0.368, 'auc': 0.7907}
train: {'epoch': 33, 'eta': 882193.2079, 'loss': 0.1103, 'lr': 0.001, 'params': 1142103, 'time_iter': 13.3728, 'accuracy': 0.9691, 'precision': 0.7512, 'recall': 0.2622, 'f1': 0.3887, 'auc': 0.8516}
val: {'epoch': 34, 'loss': 0.0915, 'lr': 0.001, 'params': 1142103, 'time_iter': 2.5311, 'accuracy': 0.9716, 'precision': 0.3085, 'recall': 0.358, 'f1': 0.3314, 'auc': 0.8378}
train: {'epoch': 34, 'eta': 868873.5388, 'loss': 0.1116, 'lr': 0.001, 'params': 1142103, 'time_iter': 13.0144, 'accuracy': 0.9683, 'precision': 0.7196, 'recall': 0.25, 'f1': 0.3711, 'auc': 0.8485}
val: {'epoch': 35, 'loss': 0.0791, 'lr': 0.001, 'params': 1142103, 'time_iter': 2.6235, 'accuracy': 0.9815, 'precision': 0.5714, 'recall': 0.2469, 'f1': 0.3448, 'auc': 0.8215}
train: {'epoch': 35, 'eta': 855568.8775, 'loss': 0.1098, 'lr': 0.001, 'params': 1142103, 'time_iter': 13.0248, 'accuracy': 0.9693, 'precision': 0.7467, 'recall': 0.2727, 'f1': 0.3995, 'auc': 0.8523}
val: {'epoch': 36, 'loss': 0.0799, 'lr': 0.001, 'params': 1142103, 'time_iter': 2.4384, 'accuracy': 0.9801, 'precision': 0.4889, 'recall': 0.2716, 'f1': 0.3492, 'auc': 0.8189}
train: {'epoch': 36, 'eta': 842596.3942, 'loss': 0.1102, 'lr': 0.001, 'params': 1142103, 'time_iter': 13.2174, 'accuracy': 0.9693, 'precision': 0.7403, 'recall': 0.2776, 'f1': 0.4038, 'auc': 0.8494}
val: {'epoch': 37, 'loss': 0.082, 'lr': 0.001, 'params': 1142103, 'time_iter': 2.4975, 'accuracy': 0.9805, 'precision': 0.5135, 'recall': 0.2346, 'f1': 0.322, 'auc': 0.802}
train: {'epoch': 37, 'eta': 829506.5884, 'loss': 0.1082, 'lr': 0.001, 'params': 1142103, 'time_iter': 13.1672, 'accuracy': 0.9693, 'precision': 0.7376, 'recall': 0.2784, 'f1': 0.4042, 'auc': 0.8626}
val: {'epoch': 38, 'loss': 0.0792, 'lr': 0.001, 'params': 1142103, 'time_iter': 2.4554, 'accuracy': 0.981, 'precision': 0.5882, 'recall': 0.1235, 'f1': 0.2041, 'auc': 0.801}
train: {'epoch': 38, 'eta': 816212.0644, 'loss': 0.1089, 'lr': 0.001, 'params': 1142103, 'time_iter': 13.0547, 'accuracy': 0.9694, 'precision': 0.743, 'recall': 0.2792, 'f1': 0.4059, 'auc': 0.8555}
val: {'epoch': 39, 'loss': 0.0762, 'lr': 0.001, 'params': 1142103, 'time_iter': 2.4908, 'accuracy': 0.9803, 'precision': 0.5, 'recall': 0.284, 'f1': 0.3622, 'auc': 0.8278}
train: {'epoch': 39, 'eta': 802536.0986, 'loss': 0.1091, 'lr': 0.001, 'params': 1142103, 'time_iter': 12.812, 'accuracy': 0.9692, 'precision': 0.7309, 'recall': 0.28, 'f1': 0.4049, 'auc': 0.859}
val: {'epoch': 40, 'loss': 0.0806, 'lr': 0.001, 'params': 1142103, 'time_iter': 2.6411, 'accuracy': 0.9796, 'precision': 0.4634, 'recall': 0.2346, 'f1': 0.3115, 'auc': 0.8089}
train: {'epoch': 40, 'eta': 789031.714, 'loss': 0.1086, 'lr': 0.001, 'params': 1142103, 'time_iter': 12.9117, 'accuracy': 0.9693, 'precision': 0.7407, 'recall': 0.276, 'f1': 0.4021, 'auc': 0.8571}
val: {'epoch': 41, 'loss': 0.076, 'lr': 0.001, 'params': 1142103, 'time_iter': 2.4089, 'accuracy': 0.9813, 'precision': 0.5625, 'recall': 0.2222, 'f1': 0.3186, 'auc': 0.8233}
train: {'epoch': 41, 'eta': 775682.3882, 'loss': 0.1073, 'lr': 0.001, 'params': 1142103, 'time_iter': 13.0135, 'accuracy': 0.9693, 'precision': 0.7408, 'recall': 0.2784, 'f1': 0.4047, 'auc': 0.8598}
val: {'epoch': 42, 'loss': 0.0807, 'lr': 0.001, 'params': 1142103, 'time_iter': 2.4392, 'accuracy': 0.9801, 'precision': 0.4857, 'recall': 0.2099, 'f1': 0.2931, 'auc': 0.7983}
train: {'epoch': 42, 'eta': 762073.2717, 'loss': 0.1058, 'lr': 0.001, 'params': 1142103, 'time_iter': 12.8244, 'accuracy': 0.9701, 'precision': 0.7515, 'recall': 0.3019, 'f1': 0.4308, 'auc': 0.87}
val: {'epoch': 43, 'loss': 0.0805, 'lr': 0.001, 'params': 1142103, 'time_iter': 2.3531, 'accuracy': 0.9803, 'precision': 0.5, 'recall': 0.2346, 'f1': 0.3193, 'auc': 0.8035}
train: {'epoch': 43, 'eta': 748483.4186, 'loss': 0.1062, 'lr': 0.001, 'params': 1142103, 'time_iter': 12.8248, 'accuracy': 0.9699, 'precision': 0.7547, 'recall': 0.2922, 'f1': 0.4213, 'auc': 0.8678}
val: {'epoch': 44, 'loss': 0.0817, 'lr': 0.001, 'params': 1142103, 'time_iter': 2.1945, 'accuracy': 0.9791, 'precision': 0.4468, 'recall': 0.2593, 'f1': 0.3281, 'auc': 0.8218}
train: {'epoch': 44, 'eta': 733764.1565, 'loss': 0.1066, 'lr': 0.001, 'params': 1142103, 'time_iter': 11.9129, 'accuracy': 0.9701, 'precision': 0.7551, 'recall': 0.2979, 'f1': 0.4272, 'auc': 0.8674}
val: {'epoch': 45, 'loss': 0.0813, 'lr': 0.001, 'params': 1142103, 'time_iter': 2.2444, 'accuracy': 0.9815, 'precision': 0.5714, 'recall': 0.2469, 'f1': 0.3448, 'auc': 0.806}
train: {'epoch': 45, 'eta': 718946.8734, 'loss': 0.105, 'lr': 0.001, 'params': 1142103, 'time_iter': 11.7432, 'accuracy': 0.9695, 'precision': 0.7265, 'recall': 0.2955, 'f1': 0.4201, 'auc': 0.8718}
val: {'epoch': 46, 'loss': 0.08, 'lr': 0.001, 'params': 1142103, 'time_iter': 2.3984, 'accuracy': 0.9808, 'precision': 0.5333, 'recall': 0.1975, 'f1': 0.2883, 'auc': 0.8342}
train: {'epoch': 46, 'eta': 704357.5816, 'loss': 0.1044, 'lr': 0.001, 'params': 1142103, 'time_iter': 11.8394, 'accuracy': 0.97, 'precision': 0.7552, 'recall': 0.2955, 'f1': 0.4247, 'auc': 0.876}
val: {'epoch': 47, 'loss': 0.0839, 'lr': 0.001, 'params': 1142103, 'time_iter': 2.1999, 'accuracy': 0.9808, 'precision': 0.5357, 'recall': 0.1852, 'f1': 0.2752, 'auc': 0.7511}
train: {'epoch': 47, 'eta': 690154.724, 'loss': 0.1049, 'lr': 0.001, 'params': 1142103, 'time_iter': 12.0961, 'accuracy': 0.9698, 'precision': 0.7429, 'recall': 0.2979, 'f1': 0.4253, 'auc': 0.868}
val: {'epoch': 48, 'loss': 0.0819, 'lr': 0.001, 'params': 1142103, 'time_iter': 2.2787, 'accuracy': 0.9803, 'precision': 0.5, 'recall': 0.2099, 'f1': 0.2957, 'auc': 0.8202}
train: {'epoch': 48, 'eta': 675805.5703, 'loss': 0.1037, 'lr': 0.001, 'params': 1142103, 'time_iter': 11.8926, 'accuracy': 0.9705, 'precision': 0.7615, 'recall': 0.3084, 'f1': 0.4391, 'auc': 0.8738}
val: {'epoch': 49, 'loss': 0.0769, 'lr': 0.001, 'params': 1142103, 'time_iter': 2.4154, 'accuracy': 0.9818, 'precision': 0.6071, 'recall': 0.2099, 'f1': 0.3119, 'auc': 0.8094}
train: {'epoch': 49, 'eta': 661758.3125, 'loss': 0.1042, 'lr': 0.001, 'params': 1142103, 'time_iter': 12.1039, 'accuracy': 0.9701, 'precision': 0.7446, 'recall': 0.3052, 'f1': 0.4329, 'auc': 0.8734}
val: {'epoch': 50, 'loss': 0.084, 'lr': 0.001, 'params': 1142103, 'time_iter': 2.2285, 'accuracy': 0.981, 'precision': 0.5517, 'recall': 0.1975, 'f1': 0.2909, 'auc': 0.7716}
train: {'epoch': 50, 'eta': 647774.6895, 'loss': 0.1027, 'lr': 0.001, 'params': 1142103, 'time_iter': 12.1051, 'accuracy': 0.9707, 'precision': 0.7543, 'recall': 0.3214, 'f1': 0.4508, 'auc': 0.8776}
val: {'epoch': 51, 'loss': 0.0818, 'lr': 0.001, 'params': 1142103, 'time_iter': 2.3315, 'accuracy': 0.9803, 'precision': 0.5, 'recall': 0.2222, 'f1': 0.3077, 'auc': 0.7964}
train: {'epoch': 51, 'eta': 633805.0334, 'loss': 0.1023, 'lr': 0.001, 'params': 1142103, 'time_iter': 12.058, 'accuracy': 0.9706, 'precision': 0.7672, 'recall': 0.3076, 'f1': 0.4392, 'auc': 0.8806}
val: {'epoch': 52, 'loss': 0.0822, 'lr': 0.001, 'params': 1142103, 'time_iter': 2.4153, 'accuracy': 0.9813, 'precision': 0.5667, 'recall': 0.2099, 'f1': 0.3063, 'auc': 0.8004}
train: {'epoch': 52, 'eta': 619773.3555, 'loss': 0.1039, 'lr': 0.001, 'params': 1142103, 'time_iter': 11.9254, 'accuracy': 0.9702, 'precision': 0.7451, 'recall': 0.3084, 'f1': 0.4363, 'auc': 0.8732}
val: {'epoch': 53, 'loss': 0.0821, 'lr': 0.001, 'params': 1142103, 'time_iter': 2.2347, 'accuracy': 0.9805, 'precision': 0.5116, 'recall': 0.2716, 'f1': 0.3548, 'auc': 0.8039}
train: {'epoch': 53, 'eta': 605960.67, 'loss': 0.1028, 'lr': 0.001, 'params': 1142103, 'time_iter': 12.1009, 'accuracy': 0.9706, 'precision': 0.7514, 'recall': 0.3214, 'f1': 0.4503, 'auc': 0.8791}
val: {'epoch': 54, 'loss': 0.0809, 'lr': 0.001, 'params': 1142103, 'time_iter': 2.3022, 'accuracy': 0.9823, 'precision': 0.625, 'recall': 0.2469, 'f1': 0.354, 'auc': 0.7921}
train: {'epoch': 54, 'eta': 592253.6696, 'loss': 0.1015, 'lr': 0.001, 'params': 1142103, 'time_iter': 12.1676, 'accuracy': 0.9708, 'precision': 0.7616, 'recall': 0.319, 'f1': 0.4497, 'auc': 0.8838}
val: {'epoch': 55, 'loss': 0.0813, 'lr': 0.001, 'params': 1142103, 'time_iter': 2.2152, 'accuracy': 0.982, 'precision': 0.6296, 'recall': 0.2099, 'f1': 0.3148, 'auc': 0.7596}
train: {'epoch': 55, 'eta': 578371.0493, 'loss': 0.1014, 'lr': 0.001, 'params': 1142103, 'time_iter': 11.898, 'accuracy': 0.9707, 'precision': 0.7505, 'recall': 0.3247, 'f1': 0.4533, 'auc': 0.8828}
val: {'epoch': 56, 'loss': 0.0867, 'lr': 0.001, 'params': 1142103, 'time_iter': 2.2301, 'accuracy': 0.9803, 'precision': 0.5, 'recall': 0.2222, 'f1': 0.3077, 'auc': 0.7978}
train: {'epoch': 56, 'eta': 564607.6549, 'loss': 0.1017, 'lr': 0.001, 'params': 1142103, 'time_iter': 11.9774, 'accuracy': 0.9702, 'precision': 0.7355, 'recall': 0.3182, 'f1': 0.4442, 'auc': 0.8881}
val: {'epoch': 57, 'loss': 0.0788, 'lr': 0.001, 'params': 1142103, 'time_iter': 2.3813, 'accuracy': 0.9813, 'precision': 0.5556, 'recall': 0.2469, 'f1': 0.3419, 'auc': 0.8107}
train: {'epoch': 57, 'eta': 550968.2389, 'loss': 0.1003, 'lr': 0.001, 'params': 1142103, 'time_iter': 12.0773, 'accuracy': 0.9705, 'precision': 0.7448, 'recall': 0.3222, 'f1': 0.4499, 'auc': 0.8874}
val: {'epoch': 58, 'loss': 0.0919, 'lr': 0.001, 'params': 1142103, 'time_iter': 2.2183, 'accuracy': 0.9825, 'precision': 0.6667, 'recall': 0.2222, 'f1': 0.3333, 'auc': 0.7652}
train: {'epoch': 58, 'eta': 537331.0928, 'loss': 0.0995, 'lr': 0.001, 'params': 1142103, 'time_iter': 12.023, 'accuracy': 0.9712, 'precision': 0.7689, 'recall': 0.3295, 'f1': 0.4614, 'auc': 0.8853}
val: {'epoch': 59, 'loss': 0.0837, 'lr': 0.001, 'params': 1142103, 'time_iter': 2.2319, 'accuracy': 0.9815, 'precision': 0.5862, 'recall': 0.2099, 'f1': 0.3091, 'auc': 0.7807}
train: {'epoch': 59, 'eta': 523536.3976, 'loss': 0.0995, 'lr': 0.001, 'params': 1142103, 'time_iter': 11.7318, 'accuracy': 0.9711, 'precision': 0.7612, 'recall': 0.3312, 'f1': 0.4615, 'auc': 0.886}
val: {'epoch': 60, 'loss': 0.0792, 'lr': 0.001, 'params': 1142103, 'time_iter': 2.4056, 'accuracy': 0.9818, 'precision': 0.5682, 'recall': 0.3086, 'f1': 0.4, 'auc': 0.8186}
train: {'epoch': 60, 'eta': 509949.5489, 'loss': 0.0992, 'lr': 0.001, 'params': 1142103, 'time_iter': 11.9619, 'accuracy': 0.9714, 'precision': 0.775, 'recall': 0.3328, 'f1': 0.4656, 'auc': 0.8892}
val: {'epoch': 61, 'loss': 0.0867, 'lr': 0.001, 'params': 1142103, 'time_iter': 2.2595, 'accuracy': 0.9803, 'precision': 0.5, 'recall': 0.2716, 'f1': 0.352, 'auc': 0.8114}
train: {'epoch': 61, 'eta': 496501.5723, 'loss': 0.0988, 'lr': 0.001, 'params': 1142103, 'time_iter': 12.1167, 'accuracy': 0.9716, 'precision': 0.778, 'recall': 0.3385, 'f1': 0.4717, 'auc': 0.8922}
val: {'epoch': 62, 'loss': 0.0796, 'lr': 0.001, 'params': 1142103, 'time_iter': 2.2724, 'accuracy': 0.9825, 'precision': 0.6286, 'recall': 0.2716, 'f1': 0.3793, 'auc': 0.8038}
train: {'epoch': 62, 'eta': 483084.1125, 'loss': 0.0994, 'lr': 0.001, 'params': 1142103, 'time_iter': 12.1158, 'accuracy': 0.9714, 'precision': 0.7636, 'recall': 0.3409, 'f1': 0.4714, 'auc': 0.89}
val: {'epoch': 63, 'loss': 0.079, 'lr': 0.001, 'params': 1142103, 'time_iter': 2.4183, 'accuracy': 0.9832, 'precision': 0.7, 'recall': 0.2593, 'f1': 0.3784, 'auc': 0.8229}
train: {'epoch': 63, 'eta': 469562.5813, 'loss': 0.0975, 'lr': 0.001, 'params': 1142103, 'time_iter': 11.8846, 'accuracy': 0.9722, 'precision': 0.7829, 'recall': 0.3571, 'f1': 0.4905, 'auc': 0.8918}
val: {'epoch': 64, 'loss': 0.0869, 'lr': 0.001, 'params': 1142103, 'time_iter': 2.2279, 'accuracy': 0.9818, 'precision': 0.5938, 'recall': 0.2346, 'f1': 0.3363, 'auc': 0.8088}
train: {'epoch': 64, 'eta': 456231.1693, 'loss': 0.0976, 'lr': 0.001, 'params': 1142103, 'time_iter': 12.156, 'accuracy': 0.9715, 'precision': 0.7698, 'recall': 0.3393, 'f1': 0.471, 'auc': 0.8954}
val: {'epoch': 65, 'loss': 0.0778, 'lr': 0.001, 'params': 1142103, 'time_iter': 2.2949, 'accuracy': 0.9818, 'precision': 0.5789, 'recall': 0.2716, 'f1': 0.3697, 'auc': 0.8249}
train: {'epoch': 65, 'eta': 442766.7613, 'loss': 0.0971, 'lr': 0.001, 'params': 1142103, 'time_iter': 11.8581, 'accuracy': 0.9716, 'precision': 0.7638, 'recall': 0.349, 'f1': 0.4791, 'auc': 0.8958}
val: {'epoch': 66, 'loss': 0.083, 'lr': 0.001, 'params': 1142103, 'time_iter': 2.4328, 'accuracy': 0.9827, 'precision': 0.7273, 'recall': 0.1975, 'f1': 0.3107, 'auc': 0.7965}
train: {'epoch': 66, 'eta': 429467.128, 'loss': 0.0962, 'lr': 0.001, 'params': 1142103, 'time_iter': 12.1088, 'accuracy': 0.9719, 'precision': 0.7683, 'recall': 0.358, 'f1': 0.4884, 'auc': 0.8984}
val: {'epoch': 67, 'loss': 0.077, 'lr': 0.001, 'params': 1142103, 'time_iter': 2.2044, 'accuracy': 0.982, 'precision': 0.6207, 'recall': 0.2222, 'f1': 0.3273, 'auc': 0.8112}
train: {'epoch': 67, 'eta': 416233.8777, 'loss': 0.096, 'lr': 0.001, 'params': 1142103, 'time_iter': 12.1949, 'accuracy': 0.9714, 'precision': 0.7603, 'recall': 0.345, 'f1': 0.4746, 'auc': 0.9015}
val: {'epoch': 68, 'loss': 0.0802, 'lr': 0.001, 'params': 1142103, 'time_iter': 2.2942, 'accuracy': 0.9823, 'precision': 0.6, 'recall': 0.2963, 'f1': 0.3967, 'auc': 0.8052}
train: {'epoch': 68, 'eta': 402808.981, 'loss': 0.0957, 'lr': 0.001, 'params': 1142103, 'time_iter': 11.7375, 'accuracy': 0.9715, 'precision': 0.7601, 'recall': 0.3498, 'f1': 0.4792, 'auc': 0.8994}
val: {'epoch': 69, 'loss': 0.0884, 'lr': 0.001, 'params': 1142103, 'time_iter': 2.234, 'accuracy': 0.9798, 'precision': 0.4737, 'recall': 0.2222, 'f1': 0.3025, 'auc': 0.7839}
train: {'epoch': 69, 'eta': 389498.0869, 'loss': 0.0949, 'lr': 0.001, 'params': 1142103, 'time_iter': 11.9087, 'accuracy': 0.9717, 'precision': 0.7658, 'recall': 0.3531, 'f1': 0.4833, 'auc': 0.9009}
val: {'epoch': 70, 'loss': 0.0803, 'lr': 0.001, 'params': 1142103, 'time_iter': 2.2198, 'accuracy': 0.983, 'precision': 0.7037, 'recall': 0.2346, 'f1': 0.3519, 'auc': 0.8064}
train: {'epoch': 70, 'eta': 376281.8344, 'loss': 0.0947, 'lr': 0.001, 'params': 1142103, 'time_iter': 12.063, 'accuracy': 0.9724, 'precision': 0.7828, 'recall': 0.3628, 'f1': 0.4958, 'auc': 0.9018}
val: {'epoch': 71, 'loss': 0.0963, 'lr': 0.001, 'params': 1142103, 'time_iter': 2.364, 'accuracy': 0.9818, 'precision': 0.625, 'recall': 0.1852, 'f1': 0.2857, 'auc': 0.7366}
train: {'epoch': 71, 'eta': 363087.4188, 'loss': 0.0942, 'lr': 0.001, 'params': 1142103, 'time_iter': 12.0618, 'accuracy': 0.9728, 'precision': 0.7897, 'recall': 0.3718, 'f1': 0.5055, 'auc': 0.9063}
val: {'epoch': 72, 'loss': 0.0835, 'lr': 0.001, 'params': 1142103, 'time_iter': 2.2302, 'accuracy': 0.9823, 'precision': 0.625, 'recall': 0.2469, 'f1': 0.354, 'auc': 0.7904}
train: {'epoch': 72, 'eta': 349912.717, 'loss': 0.0916, 'lr': 0.001, 'params': 1142103, 'time_iter': 12.0573, 'accuracy': 0.9731, 'precision': 0.7932, 'recall': 0.3799, 'f1': 0.5137, 'auc': 0.9111}
val: {'epoch': 73, 'loss': 0.0839, 'lr': 0.001, 'params': 1142103, 'time_iter': 2.2741, 'accuracy': 0.982, 'precision': 0.6129, 'recall': 0.2346, 'f1': 0.3393, 'auc': 0.7747}
train: {'epoch': 73, 'eta': 336770.5605, 'loss': 0.0931, 'lr': 0.001, 'params': 1142103, 'time_iter': 12.0899, 'accuracy': 0.9727, 'precision': 0.7879, 'recall': 0.3709, 'f1': 0.5044, 'auc': 0.91}
val: {'epoch': 74, 'loss': 0.0862, 'lr': 0.001, 'params': 1142103, 'time_iter': 2.3815, 'accuracy': 0.982, 'precision': 0.6129, 'recall': 0.2346, 'f1': 0.3393, 'auc': 0.7904}
train: {'epoch': 74, 'eta': 323590.9611, 'loss': 0.0934, 'lr': 0.001, 'params': 1142103, 'time_iter': 11.9262, 'accuracy': 0.9729, 'precision': 0.7809, 'recall': 0.3847, 'f1': 0.5155, 'auc': 0.9056}
val: {'epoch': 75, 'loss': 0.0961, 'lr': 0.001, 'params': 1142103, 'time_iter': 2.1892, 'accuracy': 0.9776, 'precision': 0.4, 'recall': 0.2716, 'f1': 0.3235, 'auc': 0.7406}
train: {'epoch': 75, 'eta': 310511.266, 'loss': 0.0922, 'lr': 0.001, 'params': 1142103, 'time_iter': 12.1601, 'accuracy': 0.9727, 'precision': 0.7778, 'recall': 0.3807, 'f1': 0.5112, 'auc': 0.9085}
val: {'epoch': 76, 'loss': 0.0795, 'lr': 0.001, 'params': 1142103, 'time_iter': 2.2761, 'accuracy': 0.9827, 'precision': 0.6316, 'recall': 0.2963, 'f1': 0.4034, 'auc': 0.8071}
train: {'epoch': 76, 'eta': 297315.5387, 'loss': 0.0924, 'lr': 0.001, 'params': 1142103, 'time_iter': 11.7347, 'accuracy': 0.9724, 'precision': 0.7818, 'recall': 0.3636, 'f1': 0.4964, 'auc': 0.9112}
val: {'epoch': 77, 'loss': 0.0859, 'lr': 0.001, 'params': 1142103, 'time_iter': 2.4178, 'accuracy': 0.9803, 'precision': 0.5, 'recall': 0.2593, 'f1': 0.3415, 'auc': 0.8199}
train: {'epoch': 77, 'eta': 284170.8875, 'loss': 0.0912, 'lr': 0.001, 'params': 1142103, 'time_iter': 11.8117, 'accuracy': 0.9729, 'precision': 0.7811, 'recall': 0.3823, 'f1': 0.5134, 'auc': 0.9103}
val: {'epoch': 78, 'loss': 0.085, 'lr': 0.001, 'params': 1142103, 'time_iter': 2.2282, 'accuracy': 0.983, 'precision': 0.6486, 'recall': 0.2963, 'f1': 0.4068, 'auc': 0.8027}
train: {'epoch': 78, 'eta': 271184.4527, 'loss': 0.092, 'lr': 0.001, 'params': 1142103, 'time_iter': 12.2985, 'accuracy': 0.9726, 'precision': 0.773, 'recall': 0.3815, 'f1': 0.5109, 'auc': 0.9097}
val: {'epoch': 79, 'loss': 0.0856, 'lr': 0.001, 'params': 1142103, 'time_iter': 2.3048, 'accuracy': 0.9837, 'precision': 0.7333, 'recall': 0.2716, 'f1': 0.3964, 'auc': 0.7792}
train: {'epoch': 79, 'eta': 258090.1049, 'loss': 0.0901, 'lr': 0.001, 'params': 1142103, 'time_iter': 11.8468, 'accuracy': 0.9728, 'precision': 0.7701, 'recall': 0.3888, 'f1': 0.5167, 'auc': 0.9156}
val: {'epoch': 80, 'loss': 0.086, 'lr': 0.001, 'params': 1142103, 'time_iter': 2.2157, 'accuracy': 0.9808, 'precision': 0.5227, 'recall': 0.284, 'f1': 0.368, 'auc': 0.8078}
train: {'epoch': 80, 'eta': 245023.9815, 'loss': 0.0895, 'lr': 0.001, 'params': 1142103, 'time_iter': 11.8712, 'accuracy': 0.9736, 'precision': 0.7938, 'recall': 0.3969, 'f1': 0.5292, 'auc': 0.9185}
val: {'epoch': 81, 'loss': 0.0871, 'lr': 0.001, 'params': 1142103, 'time_iter': 2.2277, 'accuracy': 0.9813, 'precision': 0.5526, 'recall': 0.2593, 'f1': 0.3529, 'auc': 0.7987}
train: {'epoch': 81, 'eta': 231963.3964, 'loss': 0.09, 'lr': 0.001, 'params': 1142103, 'time_iter': 11.8039, 'accuracy': 0.9726, 'precision': 0.7684, 'recall': 0.3823, 'f1': 0.5106, 'auc': 0.9189}
val: {'epoch': 82, 'loss': 0.0901, 'lr': 0.001, 'params': 1142103, 'time_iter': 2.3679, 'accuracy': 0.9825, 'precision': 0.6364, 'recall': 0.2593, 'f1': 0.3684, 'auc': 0.797}
train: {'epoch': 82, 'eta': 218948.2003, 'loss': 0.0912, 'lr': 0.001, 'params': 1142103, 'time_iter': 11.9147, 'accuracy': 0.9729, 'precision': 0.7915, 'recall': 0.3758, 'f1': 0.5096, 'auc': 0.9154}
val: {'epoch': 83, 'loss': 0.089, 'lr': 0.001, 'params': 1142103, 'time_iter': 2.2038, 'accuracy': 0.982, 'precision': 0.6296, 'recall': 0.2099, 'f1': 0.3148, 'auc': 0.7955}
train: {'epoch': 83, 'eta': 205993.4035, 'loss': 0.0886, 'lr': 0.001, 'params': 1142103, 'time_iter': 12.1312, 'accuracy': 0.974, 'precision': 0.8029, 'recall': 0.4034, 'f1': 0.537, 'auc': 0.9193}
val: {'epoch': 84, 'loss': 0.0813, 'lr': 0.001, 'params': 1142103, 'time_iter': 2.2633, 'accuracy': 0.982, 'precision': 0.6129, 'recall': 0.2346, 'f1': 0.3393, 'auc': 0.8294}
train: {'epoch': 84, 'eta': 193043.1244, 'loss': 0.0886, 'lr': 0.001, 'params': 1142103, 'time_iter': 12.0949, 'accuracy': 0.9739, 'precision': 0.8033, 'recall': 0.401, 'f1': 0.5349, 'auc': 0.9227}
val: {'epoch': 85, 'loss': 0.0949, 'lr': 0.001, 'params': 1142103, 'time_iter': 2.4049, 'accuracy': 0.982, 'precision': 0.6129, 'recall': 0.2346, 'f1': 0.3393, 'auc': 0.7677}
train: {'epoch': 85, 'eta': 180057.8844, 'loss': 0.0867, 'lr': 0.001, 'params': 1142103, 'time_iter': 11.8162, 'accuracy': 0.9738, 'precision': 0.7867, 'recall': 0.4131, 'f1': 0.5418, 'auc': 0.9223}
val: {'epoch': 86, 'loss': 0.0935, 'lr': 0.001, 'params': 1142103, 'time_iter': 2.2396, 'accuracy': 0.9827, 'precision': 0.6923, 'recall': 0.2222, 'f1': 0.3364, 'auc': 0.765}
train: {'epoch': 86, 'eta': 167158.6468, 'loss': 0.0868, 'lr': 0.001, 'params': 1142103, 'time_iter': 12.2519, 'accuracy': 0.974, 'precision': 0.7932, 'recall': 0.414, 'f1': 0.544, 'auc': 0.9229}
val: {'epoch': 87, 'loss': 0.0928, 'lr': 0.001, 'params': 1142103, 'time_iter': 2.3275, 'accuracy': 0.983, 'precision': 0.7391, 'recall': 0.2099, 'f1': 0.3269, 'auc': 0.7621}
train: {'epoch': 87, 'eta': 154204.0081, 'loss': 0.0869, 'lr': 0.001, 'params': 1142103, 'time_iter': 11.8098, 'accuracy': 0.9737, 'precision': 0.7945, 'recall': 0.4018, 'f1': 0.5337, 'auc': 0.924}
val: {'epoch': 88, 'loss': 0.0961, 'lr': 0.001, 'params': 1142103, 'time_iter': 2.3793, 'accuracy': 0.9837, 'precision': 0.85, 'recall': 0.2099, 'f1': 0.3366, 'auc': 0.7545}
train: {'epoch': 88, 'eta': 141295.1576, 'loss': 0.0873, 'lr': 0.001, 'params': 1142103, 'time_iter': 12.0281, 'accuracy': 0.9729, 'precision': 0.7656, 'recall': 0.3977, 'f1': 0.5235, 'auc': 0.9263}
val: {'epoch': 89, 'loss': 0.0929, 'lr': 0.001, 'params': 1142103, 'time_iter': 2.2568, 'accuracy': 0.9827, 'precision': 0.6786, 'recall': 0.2346, 'f1': 0.3486, 'auc': 0.7876}
train: {'epoch': 89, 'eta': 128419.1827, 'loss': 0.086, 'lr': 0.001, 'params': 1142103, 'time_iter': 12.2122, 'accuracy': 0.9744, 'precision': 0.8047, 'recall': 0.418, 'f1': 0.5502, 'auc': 0.9252}
val: {'epoch': 90, 'loss': 0.0989, 'lr': 0.001, 'params': 1142103, 'time_iter': 2.3092, 'accuracy': 0.9818, 'precision': 0.6364, 'recall': 0.1728, 'f1': 0.2718, 'auc': 0.735}
train: {'epoch': 90, 'eta': 115530.0264, 'loss': 0.0849, 'lr': 0.001, 'params': 1142103, 'time_iter': 12.0158, 'accuracy': 0.9737, 'precision': 0.7875, 'recall': 0.4091, 'f1': 0.5385, 'auc': 0.9294}
val: {'epoch': 91, 'loss': 0.0903, 'lr': 0.001, 'params': 1142103, 'time_iter': 2.4605, 'accuracy': 0.981, 'precision': 0.5455, 'recall': 0.2222, 'f1': 0.3158, 'auc': 0.7898}
train: {'epoch': 91, 'eta': 102638.4014, 'loss': 0.0874, 'lr': 0.001, 'params': 1142103, 'time_iter': 11.8607, 'accuracy': 0.9738, 'precision': 0.8013, 'recall': 0.3994, 'f1': 0.533, 'auc': 0.9243}
val: {'epoch': 92, 'loss': 0.0933, 'lr': 0.001, 'params': 1142103, 'time_iter': 2.235, 'accuracy': 0.9825, 'precision': 0.6364, 'recall': 0.2593, 'f1': 0.3684, 'auc': 0.767}
train: {'epoch': 92, 'eta': 89770.6191, 'loss': 0.0851, 'lr': 0.001, 'params': 1142103, 'time_iter': 11.9778, 'accuracy': 0.9747, 'precision': 0.8077, 'recall': 0.4261, 'f1': 0.5579, 'auc': 0.9276}
val: {'epoch': 93, 'loss': 0.0979, 'lr': 0.001, 'params': 1142103, 'time_iter': 2.3474, 'accuracy': 0.9813, 'precision': 0.6, 'recall': 0.1481, 'f1': 0.2376, 'auc': 0.7672}
train: {'epoch': 93, 'eta': 76911.8206, 'loss': 0.0835, 'lr': 0.001, 'params': 1142103, 'time_iter': 11.9388, 'accuracy': 0.9741, 'precision': 0.7917, 'recall': 0.4196, 'f1': 0.5485, 'auc': 0.934}
val: {'epoch': 94, 'loss': 0.0988, 'lr': 0.001, 'params': 1142103, 'time_iter': 2.2074, 'accuracy': 0.9823, 'precision': 0.6667, 'recall': 0.1975, 'f1': 0.3048, 'auc': 0.732}
train: {'epoch': 94, 'eta': 64072.1611, 'loss': 0.0851, 'lr': 0.001, 'params': 1142103, 'time_iter': 12.0692, 'accuracy': 0.9743, 'precision': 0.7972, 'recall': 0.4213, 'f1': 0.5512, 'auc': 0.9291}
val: {'epoch': 95, 'loss': 0.0898, 'lr': 0.001, 'params': 1142103, 'time_iter': 2.2344, 'accuracy': 0.984, 'precision': 0.8, 'recall': 0.2469, 'f1': 0.3774, 'auc': 0.8122}
train: {'epoch': 95, 'eta': 51232.5506, 'loss': 0.0844, 'lr': 0.001, 'params': 1142103, 'time_iter': 11.866, 'accuracy': 0.974, 'precision': 0.7829, 'recall': 0.4245, 'f1': 0.5505, 'auc': 0.9313}
val: {'epoch': 96, 'loss': 0.0936, 'lr': 0.001, 'params': 1142103, 'time_iter': 2.4577, 'accuracy': 0.983, 'precision': 0.6897, 'recall': 0.2469, 'f1': 0.3636, 'auc': 0.7649}
train: {'epoch': 96, 'eta': 38408.0874, 'loss': 0.0835, 'lr': 0.001, 'params': 1142103, 'time_iter': 11.9342, 'accuracy': 0.9743, 'precision': 0.7907, 'recall': 0.4261, 'f1': 0.5538, 'auc': 0.933}
val: {'epoch': 97, 'loss': 0.0988, 'lr': 0.001, 'params': 1142103, 'time_iter': 2.2042, 'accuracy': 0.981, 'precision': 0.5455, 'recall': 0.2222, 'f1': 0.3158, 'auc': 0.7745}
train: {'epoch': 97, 'eta': 25595.6491, 'loss': 0.0846, 'lr': 0.001, 'params': 1142103, 'time_iter': 11.978, 'accuracy': 0.974, 'precision': 0.7984, 'recall': 0.4083, 'f1': 0.5403, 'auc': 0.9316}
val: {'epoch': 98, 'loss': 0.1002, 'lr': 0.001, 'params': 1142103, 'time_iter': 2.3396, 'accuracy': 0.9808, 'precision': 0.5417, 'recall': 0.1605, 'f1': 0.2476, 'auc': 0.7697}
train: {'epoch': 98, 'eta': 12792.9336, 'loss': 0.0833, 'lr': 0.001, 'params': 1142103, 'time_iter': 11.9666, 'accuracy': 0.9746, 'precision': 0.7932, 'recall': 0.4359, 'f1': 0.5626, 'auc': 0.9345}
val: {'epoch': 99, 'loss': 0.0938, 'lr': 0.001, 'params': 1142103, 'time_iter': 2.4478, 'accuracy': 0.9823, 'precision': 0.6818, 'recall': 0.1852, 'f1': 0.2913, 'auc': 0.802}
train: {'epoch': 99, 'eta': 0.0, 'loss': 0.0829, 'lr': 0.001, 'params': 1142103, 'time_iter': 11.884, 'accuracy': 0.9746, 'precision': 0.7985, 'recall': 0.431, 'f1': 0.5598, 'auc': 0.9339}
test: {'epoch': 99, 'loss': 0.1652, 'lr': 0.001, 'params': 1142103, 'time_iter': 2.2039, 'accuracy': 0.9694, 'precision': 0.5455, 'recall': 0.1846, 'f1': 0.2759, 'auc': 0.7552}
test: {'epoch': 28, 'loss': 0.1189, 'lr': 0.001, 'params': 1142103, 'time_iter': 1.9945, 'accuracy': 0.9711, 'precision': 0.617, 'recall': 0.2231, 'f1': 0.3277, 'auc': 0.7596}
