GraphGymModule(
  (model): DilatedGNNModel(
    (encoder): FeatureEncoder(
      (node_encoder): AtomEncoder(
        (atom_embedding_list): ModuleList(
          (0): Embedding(119, 300)
          (1): Embedding(4, 300)
          (2): Embedding(12, 300)
          (3): Embedding(12, 300)
          (4): Embedding(10, 300)
          (5): Embedding(6, 300)
          (6): Embedding(6, 300)
          (7): Embedding(2, 300)
          (8): Embedding(2, 300)
        )
      )
      (edge_encoder): BondEncoder(
        (bond_embedding_list): ModuleList(
          (0): Embedding(5, 300)
          (1): Embedding(6, 300)
          (2): Embedding(2, 300)
        )
      )
    )
    (mp): GNNDilatedStage(
      (classic_layers): ModuleList(
        (0): GeneralLayer(
          (layer): EGATConv(
            (model): GATConv(300, 300, heads=1)
          )
          (post_layer): Sequential(
            (0): BatchNorm1d(300, eps=1e-05, momentum=0.1, affine=True, track_running_stats=True)
            (1): Dropout(p=0.5, inplace=False)
            (2): ReLU()
          )
        )
        (1): GeneralLayer(
          (layer): EGATConv(
            (model): GATConv(300, 300, heads=1)
          )
          (post_layer): Sequential(
            (0): BatchNorm1d(300, eps=1e-05, momentum=0.1, affine=True, track_running_stats=True)
            (1): Dropout(p=0.5, inplace=False)
            (2): ReLU()
          )
        )
      )
      (dilated_layers): ModuleList(
        (0): DilatedGeneralLayer(
          (layer): EGATConv(
            (model): GATConv(300, 300, heads=1)
          )
          (post_layer): Sequential(
            (0): BatchNorm1d(300, eps=1e-05, momentum=0.1, affine=True, track_running_stats=True)
            (1): Dropout(p=0.5, inplace=False)
            (2): ReLU()
          )
          (gem): GeM(p=3.0000, eps=1e-06)
        )
      )
      (act): ReLU()
    )
    (post_mp): GNNGraphHead(
      (layer_post_mp): MLP(
        (model): Sequential(
          (0): Linear(
            (model): Linear(300, 1, bias=True)
          )
        )
      )
    )
  )
)
accelerator: cuda
benchmark: False
bn:
  eps: 1e-05
  mom: 0.1
cfg_dest: config.yaml
custom_metrics: []
dataset:
  cache_load: False
  cache_save: False
  dir: ./datasets
  edge_dim: 300
  edge_encoder: True
  edge_encoder_bn: False
  edge_encoder_name: Bond
  edge_message_ratio: 0.8
  edge_negative_sampling_ratio: 1.0
  edge_train_mode: all
  encoder: True
  encoder_bn: True
  encoder_dim: 128
  encoder_name: db
  fast_loader: False
  format: OGB
  label_column: none
  label_table: none
  location: local
  name: ogbg-molhiv
  node_encoder: True
  node_encoder_bn: False
  node_encoder_name: Atom
  remove_feature: False
  resample_disjoint: False
  resample_negative: False
  shuffle_split: True
  split: [0.8, 0.1, 0.1]
  split_mode: random
  task: graph
  task_type: classification
  to_undirected: False
  transductive: False
  transform: none
  tu_simple: True
devices: 1
gnn:
  act: relu
  act_on_last_layer_mp: False
  agg: none
  att_final_linear: False
  att_final_linear_bn: False
  att_heads: 1
  batchnorm: True
  clear_feature: True
  dilated_path_join: none
  dim_inner: 300
  dropout: 0.5
  head: graph
  keep_edge: 0.5
  l2norm: True
  layer_type: egatconv
  layers_k1: 2
  layers_k2: 1
  layers_mp: 5
  layers_post_mp: 1
  layers_pre_mp: 0
  learn_alpha_residual_connection: True
  msg_direction: single
  normalize_adj: False
  self_msg: concat
  skip_every: 1
  stage_type: stack
  use_edge_features: True
gpu_mem: False
mem:
  inplace: False
metric_agg: argmax
metric_best: auc
model:
  edge_decoding: dot
  graph_pooling: mean
  loss_fun: cross_entropy
  match_upper: True
  size_average: mean
  thresh: 0.5
  type: dilated_gnn
num_threads: 6
num_workers: 16
optim:
  base_lr: 0.001
  lr_decay: 0.1
  max_epoch: 100
  momentum: 0.9
  optimizer: adam
  scheduler: none
  steps: [30, 60, 90]
  weight_decay: 0.0
out_dir: results_experiments/ogbg_molhiv_baseline_grid_design/ogbg_molhiv_baseline-type=dilated_gnn-layer_type=egatconv-layers_k1=2-layers_k2=1-dilated_path_join=none-learn_alpha_residual_connection=True
params: 600603
print: both
round: 4
run_dir: results_experiments/ogbg_molhiv_baseline_grid_design/ogbg_molhiv_baseline-type=dilated_gnn-layer_type=egatconv-layers_k1=2-layers_k2=1-dilated_path_join=none-learn_alpha_residual_connection=True/6
seed: 7
share:
  dim_in: 9
  dim_out: 2
  num_splits: 3
tensorboard_agg: True
tensorboard_each_run: False
train:
  auto_resume: False
  batch_size: 32
  ckpt_clean: True
  ckpt_period: 100
  enable_ckpt: True
  epoch_resume: -1
  eval_period: 1
  iter_per_epoch: 32
  neighbor_sizes: [20, 15, 10, 5]
  node_per_graph: 32
  radius: extend
  sample_node: False
  sampler: full_batch
  skip_train_eval: False
  walk_length: 4
val:
  node_per_graph: 32
  radius: extend
  sample_node: False
  sampler: full_batch
view_emb: False
Num parameters: 600603
val: {'epoch': 0, 'loss': 0.6654, 'lr': 0.001, 'params': 600603, 'time_iter': 0.7198, 'accuracy': 0.9844, 'precision': 0.0, 'recall': 0.0, 'f1': 0.0, 'auc': 0.2063}
val: {'epoch': 0, 'loss': 0.0964, 'lr': 0.001, 'params': 600603, 'time_iter': 1.7068, 'accuracy': 0.9803, 'precision': 0.0, 'recall': 0.0, 'f1': 0.0, 'auc': 0.6576}
train: {'epoch': 0, 'eta': 1320182.8349, 'loss': 0.2093, 'lr': 0.001, 'params': 600603, 'time_iter': 12.9594, 'accuracy': 0.9626, 'precision': 0.0, 'recall': 0.0, 'f1': 0.0, 'auc': 0.5369}
val: {'epoch': 1, 'loss': 0.0957, 'lr': 0.001, 'params': 600603, 'time_iter': 1.8691, 'accuracy': 0.9803, 'precision': 0.0, 'recall': 0.0, 'f1': 0.0, 'auc': 0.6746}
train: {'epoch': 1, 'eta': 1308631.8838, 'loss': 0.1544, 'lr': 0.001, 'params': 600603, 'time_iter': 12.9947, 'accuracy': 0.9626, 'precision': 0.0, 'recall': 0.0, 'f1': 0.0, 'auc': 0.6647}
val: {'epoch': 2, 'loss': 0.0992, 'lr': 0.001, 'params': 600603, 'time_iter': 1.5876, 'accuracy': 0.9803, 'precision': 0.0, 'recall': 0.0, 'f1': 0.0, 'auc': 0.6245}
train: {'epoch': 2, 'eta': 1307511.9016, 'loss': 0.1507, 'lr': 0.001, 'params': 600603, 'time_iter': 13.3447, 'accuracy': 0.9626, 'precision': 0.0, 'recall': 0.0, 'f1': 0.0, 'auc': 0.6918}
val: {'epoch': 3, 'loss': 0.0975, 'lr': 0.001, 'params': 600603, 'time_iter': 1.5988, 'accuracy': 0.9803, 'precision': 0.0, 'recall': 0.0, 'f1': 0.0, 'auc': 0.6249}
train: {'epoch': 3, 'eta': 1294106.1422, 'loss': 0.1488, 'lr': 0.001, 'params': 600603, 'time_iter': 13.1026, 'accuracy': 0.9626, 'precision': 0.0, 'recall': 0.0, 'f1': 0.0, 'auc': 0.7022}
val: {'epoch': 4, 'loss': 0.0964, 'lr': 0.001, 'params': 600603, 'time_iter': 1.8302, 'accuracy': 0.9803, 'precision': 0.0, 'recall': 0.0, 'f1': 0.0, 'auc': 0.6666}
train: {'epoch': 4, 'eta': 1280475.1581, 'loss': 0.1465, 'lr': 0.001, 'params': 600603, 'time_iter': 13.0927, 'accuracy': 0.9626, 'precision': 0.0, 'recall': 0.0, 'f1': 0.0, 'auc': 0.7122}
val: {'epoch': 5, 'loss': 0.1006, 'lr': 0.001, 'params': 600603, 'time_iter': 1.6087, 'accuracy': 0.9803, 'precision': 0.0, 'recall': 0.0, 'f1': 0.0, 'auc': 0.6865}
train: {'epoch': 5, 'eta': 1271681.2733, 'loss': 0.1459, 'lr': 0.001, 'params': 600603, 'time_iter': 13.3894, 'accuracy': 0.9626, 'precision': 0.0, 'recall': 0.0, 'f1': 0.0, 'auc': 0.7158}
val: {'epoch': 6, 'loss': 0.0994, 'lr': 0.001, 'params': 600603, 'time_iter': 1.6331, 'accuracy': 0.9803, 'precision': 0.0, 'recall': 0.0, 'f1': 0.0, 'auc': 0.7028}
train: {'epoch': 6, 'eta': 1256294.6163, 'loss': 0.1445, 'lr': 0.001, 'params': 600603, 'time_iter': 13.0113, 'accuracy': 0.9625, 'precision': 0.0, 'recall': 0.0, 'f1': 0.0, 'auc': 0.7238}
val: {'epoch': 7, 'loss': 0.0956, 'lr': 0.001, 'params': 600603, 'time_iter': 1.7909, 'accuracy': 0.9798, 'precision': 0.0, 'recall': 0.0, 'f1': 0.0, 'auc': 0.7197}
train: {'epoch': 7, 'eta': 1242344.1143, 'loss': 0.1429, 'lr': 0.001, 'params': 600603, 'time_iter': 13.0905, 'accuracy': 0.9624, 'precision': 0.0, 'recall': 0.0, 'f1': 0.0, 'auc': 0.7348}
val: {'epoch': 8, 'loss': 0.1015, 'lr': 0.001, 'params': 600603, 'time_iter': 1.621, 'accuracy': 0.9801, 'precision': 0.0, 'recall': 0.0, 'f1': 0.0, 'auc': 0.7021}
train: {'epoch': 8, 'eta': 1228370.1384, 'loss': 0.1433, 'lr': 0.001, 'params': 600603, 'time_iter': 13.078, 'accuracy': 0.9624, 'precision': 0.1429, 'recall': 0.0008, 'f1': 0.0016, 'auc': 0.7315}
val: {'epoch': 9, 'loss': 0.1023, 'lr': 0.001, 'params': 600603, 'time_iter': 1.666, 'accuracy': 0.9803, 'precision': 0.0, 'recall': 0.0, 'f1': 0.0, 'auc': 0.7015}
train: {'epoch': 9, 'eta': 1211681.6299, 'loss': 0.1408, 'lr': 0.001, 'params': 600603, 'time_iter': 12.7737, 'accuracy': 0.9625, 'precision': 0.2, 'recall': 0.0008, 'f1': 0.0016, 'auc': 0.7484}
val: {'epoch': 10, 'loss': 0.1024, 'lr': 0.001, 'params': 600603, 'time_iter': 1.8597, 'accuracy': 0.9803, 'precision': 0.0, 'recall': 0.0, 'f1': 0.0, 'auc': 0.6779}
train: {'epoch': 10, 'eta': 1197925.3797, 'loss': 0.1417, 'lr': 0.001, 'params': 600603, 'time_iter': 13.0485, 'accuracy': 0.9624, 'precision': 0.2, 'recall': 0.0016, 'f1': 0.0032, 'auc': 0.7371}
val: {'epoch': 11, 'loss': 0.1031, 'lr': 0.001, 'params': 600603, 'time_iter': 1.6475, 'accuracy': 0.9798, 'precision': 0.0, 'recall': 0.0, 'f1': 0.0, 'auc': 0.6999}
train: {'epoch': 11, 'eta': 1186313.2613, 'loss': 0.1415, 'lr': 0.001, 'params': 600603, 'time_iter': 13.3254, 'accuracy': 0.9623, 'precision': 0.1538, 'recall': 0.0016, 'f1': 0.0032, 'auc': 0.7411}
val: {'epoch': 12, 'loss': 0.1036, 'lr': 0.001, 'params': 600603, 'time_iter': 1.67, 'accuracy': 0.9801, 'precision': 0.0, 'recall': 0.0, 'f1': 0.0, 'auc': 0.7736}
train: {'epoch': 12, 'eta': 1172720.2092, 'loss': 0.1389, 'lr': 0.001, 'params': 600603, 'time_iter': 13.0846, 'accuracy': 0.9624, 'precision': 0.4138, 'recall': 0.0097, 'f1': 0.019, 'auc': 0.7533}
val: {'epoch': 13, 'loss': 0.1037, 'lr': 0.001, 'params': 600603, 'time_iter': 1.7339, 'accuracy': 0.9805, 'precision': 1.0, 'recall': 0.0123, 'f1': 0.0244, 'auc': 0.6865}
train: {'epoch': 13, 'eta': 1159595.458, 'loss': 0.1397, 'lr': 0.001, 'params': 600603, 'time_iter': 13.1558, 'accuracy': 0.9624, 'precision': 0.3529, 'recall': 0.0049, 'f1': 0.0096, 'auc': 0.7453}
val: {'epoch': 14, 'loss': 0.0983, 'lr': 0.001, 'params': 600603, 'time_iter': 1.6802, 'accuracy': 0.9801, 'precision': 0.3333, 'recall': 0.0123, 'f1': 0.0238, 'auc': 0.7201}
train: {'epoch': 14, 'eta': 1144612.236, 'loss': 0.1421, 'lr': 0.001, 'params': 600603, 'time_iter': 12.8465, 'accuracy': 0.9624, 'precision': 0.35, 'recall': 0.0057, 'f1': 0.0112, 'auc': 0.7391}
val: {'epoch': 15, 'loss': 0.1048, 'lr': 0.001, 'params': 600603, 'time_iter': 1.6692, 'accuracy': 0.9803, 'precision': 0.0, 'recall': 0.0, 'f1': 0.0, 'auc': 0.7405}
train: {'epoch': 15, 'eta': 1131061.2231, 'loss': 0.1388, 'lr': 0.001, 'params': 600603, 'time_iter': 13.0708, 'accuracy': 0.9623, 'precision': 0.3684, 'recall': 0.0114, 'f1': 0.022, 'auc': 0.754}
val: {'epoch': 16, 'loss': 0.1138, 'lr': 0.001, 'params': 600603, 'time_iter': 1.7025, 'accuracy': 0.9803, 'precision': 0.0, 'recall': 0.0, 'f1': 0.0, 'auc': 0.7109}
train: {'epoch': 16, 'eta': 1116971.9506, 'loss': 0.1371, 'lr': 0.001, 'params': 600603, 'time_iter': 12.9613, 'accuracy': 0.9623, 'precision': 0.4186, 'recall': 0.0146, 'f1': 0.0282, 'auc': 0.7577}
val: {'epoch': 17, 'loss': 0.112, 'lr': 0.001, 'params': 600603, 'time_iter': 1.6491, 'accuracy': 0.9803, 'precision': 0.0, 'recall': 0.0, 'f1': 0.0, 'auc': 0.7533}
train: {'epoch': 17, 'eta': 1103893.6808, 'loss': 0.1355, 'lr': 0.001, 'params': 600603, 'time_iter': 13.1591, 'accuracy': 0.9624, 'precision': 0.44, 'recall': 0.0179, 'f1': 0.0343, 'auc': 0.7633}
val: {'epoch': 18, 'loss': 0.1116, 'lr': 0.001, 'params': 600603, 'time_iter': 1.6334, 'accuracy': 0.9803, 'precision': 0.0, 'recall': 0.0, 'f1': 0.0, 'auc': 0.7411}
train: {'epoch': 18, 'eta': 1090777.6671, 'loss': 0.1357, 'lr': 0.001, 'params': 600603, 'time_iter': 13.1616, 'accuracy': 0.9624, 'precision': 0.4643, 'recall': 0.0211, 'f1': 0.0404, 'auc': 0.7617}
val: {'epoch': 19, 'loss': 0.112, 'lr': 0.001, 'params': 600603, 'time_iter': 1.6396, 'accuracy': 0.9803, 'precision': 0.0, 'recall': 0.0, 'f1': 0.0, 'auc': 0.7062}
train: {'epoch': 19, 'eta': 1077050.6006, 'loss': 0.1343, 'lr': 0.001, 'params': 600603, 'time_iter': 13.0235, 'accuracy': 0.9625, 'precision': 0.4906, 'recall': 0.0211, 'f1': 0.0405, 'auc': 0.772}
val: {'epoch': 20, 'loss': 0.1115, 'lr': 0.001, 'params': 600603, 'time_iter': 1.661, 'accuracy': 0.9803, 'precision': 0.0, 'recall': 0.0, 'f1': 0.0, 'auc': 0.7254}
train: {'epoch': 20, 'eta': 1064130.4257, 'loss': 0.1349, 'lr': 0.001, 'params': 600603, 'time_iter': 13.224, 'accuracy': 0.9624, 'precision': 0.4737, 'recall': 0.0292, 'f1': 0.055, 'auc': 0.7671}
val: {'epoch': 21, 'loss': 0.1107, 'lr': 0.001, 'params': 600603, 'time_iter': 1.6105, 'accuracy': 0.9803, 'precision': 0.0, 'recall': 0.0, 'f1': 0.0, 'auc': 0.7269}
train: {'epoch': 21, 'eta': 1050986.04, 'loss': 0.1348, 'lr': 0.001, 'params': 600603, 'time_iter': 13.1796, 'accuracy': 0.9621, 'precision': 0.4079, 'recall': 0.0252, 'f1': 0.0474, 'auc': 0.7704}
val: {'epoch': 22, 'loss': 0.1191, 'lr': 0.001, 'params': 600603, 'time_iter': 1.6379, 'accuracy': 0.9803, 'precision': 0.0, 'recall': 0.0, 'f1': 0.0, 'auc': 0.6828}
train: {'epoch': 22, 'eta': 1037267.5247, 'loss': 0.1366, 'lr': 0.001, 'params': 600603, 'time_iter': 13.0235, 'accuracy': 0.9622, 'precision': 0.4225, 'recall': 0.0244, 'f1': 0.046, 'auc': 0.7628}
val: {'epoch': 23, 'loss': 0.1177, 'lr': 0.001, 'params': 600603, 'time_iter': 1.8874, 'accuracy': 0.9803, 'precision': 0.0, 'recall': 0.0, 'f1': 0.0, 'auc': 0.7262}
train: {'epoch': 23, 'eta': 1024101.5236, 'loss': 0.1362, 'lr': 0.001, 'params': 600603, 'time_iter': 13.185, 'accuracy': 0.9623, 'precision': 0.4265, 'recall': 0.0235, 'f1': 0.0446, 'auc': 0.7646}
val: {'epoch': 24, 'loss': 0.1197, 'lr': 0.001, 'params': 600603, 'time_iter': 1.658, 'accuracy': 0.9801, 'precision': 0.0, 'recall': 0.0, 'f1': 0.0, 'auc': 0.71}
train: {'epoch': 24, 'eta': 1010773.1724, 'loss': 0.1358, 'lr': 0.001, 'params': 600603, 'time_iter': 13.1428, 'accuracy': 0.9622, 'precision': 0.4318, 'recall': 0.0308, 'f1': 0.0576, 'auc': 0.7642}
val: {'epoch': 25, 'loss': 0.1218, 'lr': 0.001, 'params': 600603, 'time_iter': 1.6312, 'accuracy': 0.9803, 'precision': 0.0, 'recall': 0.0, 'f1': 0.0, 'auc': 0.7486}
train: {'epoch': 25, 'eta': 997578.165, 'loss': 0.1347, 'lr': 0.001, 'params': 600603, 'time_iter': 13.1934, 'accuracy': 0.9621, 'precision': 0.4111, 'recall': 0.03, 'f1': 0.056, 'auc': 0.7671}
val: {'epoch': 26, 'loss': 0.1197, 'lr': 0.001, 'params': 600603, 'time_iter': 1.8791, 'accuracy': 0.9803, 'precision': 0.0, 'recall': 0.0, 'f1': 0.0, 'auc': 0.7348}
train: {'epoch': 26, 'eta': 983685.5244, 'loss': 0.1347, 'lr': 0.001, 'params': 600603, 'time_iter': 12.9528, 'accuracy': 0.9623, 'precision': 0.4554, 'recall': 0.0373, 'f1': 0.069, 'auc': 0.7696}
val: {'epoch': 27, 'loss': 0.1205, 'lr': 0.001, 'params': 600603, 'time_iter': 1.6239, 'accuracy': 0.9803, 'precision': 0.0, 'recall': 0.0, 'f1': 0.0, 'auc': 0.7405}
train: {'epoch': 27, 'eta': 970959.6793, 'loss': 0.1333, 'lr': 0.001, 'params': 600603, 'time_iter': 13.3786, 'accuracy': 0.9624, 'precision': 0.4811, 'recall': 0.0414, 'f1': 0.0762, 'auc': 0.7766}
val: {'epoch': 28, 'loss': 0.1306, 'lr': 0.001, 'params': 600603, 'time_iter': 1.608, 'accuracy': 0.9803, 'precision': 0.0, 'recall': 0.0, 'f1': 0.0, 'auc': 0.68}
train: {'epoch': 28, 'eta': 957609.8423, 'loss': 0.1322, 'lr': 0.001, 'params': 600603, 'time_iter': 13.1594, 'accuracy': 0.9624, 'precision': 0.4803, 'recall': 0.0495, 'f1': 0.0898, 'auc': 0.7791}
val: {'epoch': 29, 'loss': 0.1235, 'lr': 0.001, 'params': 600603, 'time_iter': 1.7458, 'accuracy': 0.9803, 'precision': 0.0, 'recall': 0.0, 'f1': 0.0, 'auc': 0.738}
train: {'epoch': 29, 'eta': 943750.3958, 'loss': 0.1349, 'lr': 0.001, 'params': 600603, 'time_iter': 12.9524, 'accuracy': 0.9619, 'precision': 0.396, 'recall': 0.0325, 'f1': 0.06, 'auc': 0.7705}
val: {'epoch': 30, 'loss': 0.1267, 'lr': 0.001, 'params': 600603, 'time_iter': 1.6163, 'accuracy': 0.9803, 'precision': 0.0, 'recall': 0.0, 'f1': 0.0, 'auc': 0.6879}
train: {'epoch': 30, 'eta': 930425.2886, 'loss': 0.1324, 'lr': 0.001, 'params': 600603, 'time_iter': 13.1708, 'accuracy': 0.9625, 'precision': 0.4959, 'recall': 0.0495, 'f1': 0.09, 'auc': 0.7753}
val: {'epoch': 31, 'loss': 0.1293, 'lr': 0.001, 'params': 600603, 'time_iter': 1.6425, 'accuracy': 0.9803, 'precision': 0.0, 'recall': 0.0, 'f1': 0.0, 'auc': 0.7212}
train: {'epoch': 31, 'eta': 916905.704, 'loss': 0.131, 'lr': 0.001, 'params': 600603, 'time_iter': 13.0883, 'accuracy': 0.9627, 'precision': 0.5185, 'recall': 0.0568, 'f1': 0.1024, 'auc': 0.7771}
val: {'epoch': 32, 'loss': 0.1315, 'lr': 0.001, 'params': 600603, 'time_iter': 1.6753, 'accuracy': 0.9803, 'precision': 0.0, 'recall': 0.0, 'f1': 0.0, 'auc': 0.6875}
train: {'epoch': 32, 'eta': 902897.989, 'loss': 0.1334, 'lr': 0.001, 'params': 600603, 'time_iter': 12.8532, 'accuracy': 0.9628, 'precision': 0.536, 'recall': 0.0544, 'f1': 0.0987, 'auc': 0.7658}
val: {'epoch': 33, 'loss': 0.1314, 'lr': 0.001, 'params': 600603, 'time_iter': 1.6357, 'accuracy': 0.9803, 'precision': 0.0, 'recall': 0.0, 'f1': 0.0, 'auc': 0.6745}
train: {'epoch': 33, 'eta': 889466.5887, 'loss': 0.1315, 'lr': 0.001, 'params': 600603, 'time_iter': 13.1187, 'accuracy': 0.9623, 'precision': 0.4722, 'recall': 0.0552, 'f1': 0.0988, 'auc': 0.7804}
val: {'epoch': 34, 'loss': 0.1341, 'lr': 0.001, 'params': 600603, 'time_iter': 1.5923, 'accuracy': 0.9803, 'precision': 0.0, 'recall': 0.0, 'f1': 0.0, 'auc': 0.6451}
train: {'epoch': 34, 'eta': 876108.8756, 'loss': 0.1312, 'lr': 0.001, 'params': 600603, 'time_iter': 13.1593, 'accuracy': 0.9626, 'precision': 0.5111, 'recall': 0.056, 'f1': 0.101, 'auc': 0.7829}
val: {'epoch': 35, 'loss': 0.1288, 'lr': 0.001, 'params': 600603, 'time_iter': 1.6684, 'accuracy': 0.9803, 'precision': 0.0, 'recall': 0.0, 'f1': 0.0, 'auc': 0.7019}
train: {'epoch': 35, 'eta': 862603.0681, 'loss': 0.1316, 'lr': 0.001, 'params': 600603, 'time_iter': 13.0839, 'accuracy': 0.9628, 'precision': 0.527, 'recall': 0.0633, 'f1': 0.113, 'auc': 0.7727}
val: {'epoch': 36, 'loss': 0.1285, 'lr': 0.001, 'params': 600603, 'time_iter': 1.611, 'accuracy': 0.9803, 'precision': 0.0, 'recall': 0.0, 'f1': 0.0, 'auc': 0.7462}
train: {'epoch': 36, 'eta': 848831.1911, 'loss': 0.1293, 'lr': 0.001, 'params': 600603, 'time_iter': 12.9307, 'accuracy': 0.9631, 'precision': 0.5613, 'recall': 0.0706, 'f1': 0.1255, 'auc': 0.7914}
val: {'epoch': 37, 'loss': 0.1374, 'lr': 0.001, 'params': 600603, 'time_iter': 1.6286, 'accuracy': 0.9803, 'precision': 0.0, 'recall': 0.0, 'f1': 0.0, 'auc': 0.675}
train: {'epoch': 37, 'eta': 835122.2996, 'loss': 0.1313, 'lr': 0.001, 'params': 600603, 'time_iter': 12.9536, 'accuracy': 0.9628, 'precision': 0.5263, 'recall': 0.0568, 'f1': 0.1026, 'auc': 0.7834}
val: {'epoch': 38, 'loss': 0.1297, 'lr': 0.001, 'params': 600603, 'time_iter': 1.5945, 'accuracy': 0.9803, 'precision': 0.0, 'recall': 0.0, 'f1': 0.0, 'auc': 0.7181}
train: {'epoch': 38, 'eta': 821273.3562, 'loss': 0.1298, 'lr': 0.001, 'params': 600603, 'time_iter': 12.8545, 'accuracy': 0.9629, 'precision': 0.538, 'recall': 0.069, 'f1': 0.1223, 'auc': 0.7848}
val: {'epoch': 39, 'loss': 0.1369, 'lr': 0.001, 'params': 600603, 'time_iter': 1.8856, 'accuracy': 0.9803, 'precision': 0.0, 'recall': 0.0, 'f1': 0.0, 'auc': 0.6954}
train: {'epoch': 39, 'eta': 807841.7063, 'loss': 0.1291, 'lr': 0.001, 'params': 600603, 'time_iter': 13.1047, 'accuracy': 0.9629, 'precision': 0.5404, 'recall': 0.0706, 'f1': 0.1249, 'auc': 0.79}
val: {'epoch': 40, 'loss': 0.1403, 'lr': 0.001, 'params': 600603, 'time_iter': 1.6062, 'accuracy': 0.9803, 'precision': 0.0, 'recall': 0.0, 'f1': 0.0, 'auc': 0.6526}
train: {'epoch': 40, 'eta': 794410.6414, 'loss': 0.1283, 'lr': 0.001, 'params': 600603, 'time_iter': 13.1068, 'accuracy': 0.9633, 'precision': 0.5714, 'recall': 0.0812, 'f1': 0.1421, 'auc': 0.7929}
val: {'epoch': 41, 'loss': 0.1382, 'lr': 0.001, 'params': 600603, 'time_iter': 1.5905, 'accuracy': 0.9803, 'precision': 0.0, 'recall': 0.0, 'f1': 0.0, 'auc': 0.6904}
train: {'epoch': 41, 'eta': 780830.1045, 'loss': 0.1272, 'lr': 0.001, 'params': 600603, 'time_iter': 13.0035, 'accuracy': 0.9638, 'precision': 0.6094, 'recall': 0.095, 'f1': 0.1643, 'auc': 0.7963}
val: {'epoch': 42, 'loss': 0.1451, 'lr': 0.001, 'params': 600603, 'time_iter': 1.7737, 'accuracy': 0.9803, 'precision': 0.0, 'recall': 0.0, 'f1': 0.0, 'auc': 0.6491}
train: {'epoch': 42, 'eta': 767360.4537, 'loss': 0.1281, 'lr': 0.001, 'params': 600603, 'time_iter': 13.078, 'accuracy': 0.9635, 'precision': 0.5765, 'recall': 0.0917, 'f1': 0.1583, 'auc': 0.7928}
val: {'epoch': 43, 'loss': 0.1392, 'lr': 0.001, 'params': 600603, 'time_iter': 1.6343, 'accuracy': 0.9803, 'precision': 0.0, 'recall': 0.0, 'f1': 0.0, 'auc': 0.694}
train: {'epoch': 43, 'eta': 754104.6039, 'loss': 0.1283, 'lr': 0.001, 'params': 600603, 'time_iter': 13.2408, 'accuracy': 0.9637, 'precision': 0.5902, 'recall': 0.0982, 'f1': 0.1684, 'auc': 0.7926}
val: {'epoch': 44, 'loss': 0.1384, 'lr': 0.001, 'params': 600603, 'time_iter': 1.5904, 'accuracy': 0.9803, 'precision': 0.0, 'recall': 0.0, 'f1': 0.0, 'auc': 0.6881}
train: {'epoch': 44, 'eta': 740678.8515, 'loss': 0.1267, 'lr': 0.001, 'params': 600603, 'time_iter': 13.1188, 'accuracy': 0.9639, 'precision': 0.6138, 'recall': 0.0942, 'f1': 0.1633, 'auc': 0.7978}
val: {'epoch': 45, 'loss': 0.1393, 'lr': 0.001, 'params': 600603, 'time_iter': 1.7718, 'accuracy': 0.9803, 'precision': 0.0, 'recall': 0.0, 'f1': 0.0, 'auc': 0.7028}
train: {'epoch': 45, 'eta': 727169.5025, 'loss': 0.1277, 'lr': 0.001, 'params': 600603, 'time_iter': 13.0522, 'accuracy': 0.963, 'precision': 0.5392, 'recall': 0.0893, 'f1': 0.1532, 'auc': 0.7948}
val: {'epoch': 46, 'loss': 0.1402, 'lr': 0.001, 'params': 600603, 'time_iter': 1.6044, 'accuracy': 0.9803, 'precision': 0.0, 'recall': 0.0, 'f1': 0.0, 'auc': 0.6631}
train: {'epoch': 46, 'eta': 714002.6278, 'loss': 0.1271, 'lr': 0.001, 'params': 600603, 'time_iter': 13.3445, 'accuracy': 0.964, 'precision': 0.6181, 'recall': 0.0998, 'f1': 0.1719, 'auc': 0.795}
val: {'epoch': 47, 'loss': 0.1451, 'lr': 0.001, 'params': 600603, 'time_iter': 1.6717, 'accuracy': 0.9803, 'precision': 0.0, 'recall': 0.0, 'f1': 0.0, 'auc': 0.6555}
train: {'epoch': 47, 'eta': 700481.0357, 'loss': 0.1257, 'lr': 0.001, 'params': 600603, 'time_iter': 13.0474, 'accuracy': 0.9643, 'precision': 0.6408, 'recall': 0.1071, 'f1': 0.1836, 'auc': 0.7988}
val: {'epoch': 48, 'loss': 0.1445, 'lr': 0.001, 'params': 600603, 'time_iter': 1.7385, 'accuracy': 0.9803, 'precision': 0.0, 'recall': 0.0, 'f1': 0.0, 'auc': 0.6608}
train: {'epoch': 48, 'eta': 686899.956, 'loss': 0.1254, 'lr': 0.001, 'params': 600603, 'time_iter': 12.9882, 'accuracy': 0.9639, 'precision': 0.6089, 'recall': 0.0998, 'f1': 0.1715, 'auc': 0.8067}
val: {'epoch': 49, 'loss': 0.1386, 'lr': 0.001, 'params': 600603, 'time_iter': 1.628, 'accuracy': 0.9803, 'precision': 0.0, 'recall': 0.0, 'f1': 0.0, 'auc': 0.6763}
train: {'epoch': 49, 'eta': 673501.6475, 'loss': 0.1266, 'lr': 0.001, 'params': 600603, 'time_iter': 13.1574, 'accuracy': 0.9643, 'precision': 0.645, 'recall': 0.1047, 'f1': 0.1802, 'auc': 0.7983}
val: {'epoch': 50, 'loss': 0.1483, 'lr': 0.001, 'params': 600603, 'time_iter': 1.6643, 'accuracy': 0.9803, 'precision': 0.0, 'recall': 0.0, 'f1': 0.0, 'auc': 0.6541}
train: {'epoch': 50, 'eta': 659948.4997, 'loss': 0.1251, 'lr': 0.001, 'params': 600603, 'time_iter': 13.0063, 'accuracy': 0.9641, 'precision': 0.6083, 'recall': 0.1185, 'f1': 0.1984, 'auc': 0.8044}
val: {'epoch': 51, 'loss': 0.1386, 'lr': 0.001, 'params': 600603, 'time_iter': 1.7327, 'accuracy': 0.9803, 'precision': 0.0, 'recall': 0.0, 'f1': 0.0, 'auc': 0.6779}
train: {'epoch': 51, 'eta': 646394.2461, 'loss': 0.1251, 'lr': 0.001, 'params': 600603, 'time_iter': 12.9983, 'accuracy': 0.9643, 'precision': 0.6223, 'recall': 0.1177, 'f1': 0.198, 'auc': 0.8043}
val: {'epoch': 52, 'loss': 0.145, 'lr': 0.001, 'params': 600603, 'time_iter': 1.6442, 'accuracy': 0.9803, 'precision': 0.0, 'recall': 0.0, 'f1': 0.0, 'auc': 0.7059}
train: {'epoch': 52, 'eta': 632899.8237, 'loss': 0.1246, 'lr': 0.001, 'params': 600603, 'time_iter': 13.0565, 'accuracy': 0.9641, 'precision': 0.6171, 'recall': 0.1112, 'f1': 0.1884, 'auc': 0.8075}
val: {'epoch': 53, 'loss': 0.1496, 'lr': 0.001, 'params': 600603, 'time_iter': 1.5699, 'accuracy': 0.9803, 'precision': 0.0, 'recall': 0.0, 'f1': 0.0, 'auc': 0.6556}
train: {'epoch': 53, 'eta': 619381.4317, 'loss': 0.1244, 'lr': 0.001, 'params': 600603, 'time_iter': 13.0266, 'accuracy': 0.9648, 'precision': 0.6516, 'recall': 0.1291, 'f1': 0.2154, 'auc': 0.8044}
val: {'epoch': 54, 'loss': 0.1482, 'lr': 0.001, 'params': 600603, 'time_iter': 1.6407, 'accuracy': 0.9803, 'precision': 0.0, 'recall': 0.0, 'f1': 0.0, 'auc': 0.6908}
train: {'epoch': 54, 'eta': 605756.643, 'loss': 0.1245, 'lr': 0.001, 'params': 600603, 'time_iter': 12.8953, 'accuracy': 0.9645, 'precision': 0.6345, 'recall': 0.1226, 'f1': 0.2054, 'auc': 0.8042}
val: {'epoch': 55, 'loss': 0.1559, 'lr': 0.001, 'params': 600603, 'time_iter': 1.6655, 'accuracy': 0.9803, 'precision': 0.0, 'recall': 0.0, 'f1': 0.0, 'auc': 0.6814}
train: {'epoch': 55, 'eta': 592397.5487, 'loss': 0.1234, 'lr': 0.001, 'params': 600603, 'time_iter': 13.2082, 'accuracy': 0.9646, 'precision': 0.6284, 'recall': 0.1331, 'f1': 0.2197, 'auc': 0.8124}
val: {'epoch': 56, 'loss': 0.1556, 'lr': 0.001, 'params': 600603, 'time_iter': 1.6383, 'accuracy': 0.9803, 'precision': 0.0, 'recall': 0.0, 'f1': 0.0, 'auc': 0.6686}
train: {'epoch': 56, 'eta': 578859.8883, 'loss': 0.1246, 'lr': 0.001, 'params': 600603, 'time_iter': 12.9887, 'accuracy': 0.9644, 'precision': 0.6304, 'recall': 0.1177, 'f1': 0.1984, 'auc': 0.8058}
val: {'epoch': 57, 'loss': 0.148, 'lr': 0.001, 'params': 600603, 'time_iter': 1.5735, 'accuracy': 0.9803, 'precision': 0.0, 'recall': 0.0, 'f1': 0.0, 'auc': 0.6658}
train: {'epoch': 57, 'eta': 565319.453, 'loss': 0.1268, 'lr': 0.001, 'params': 600603, 'time_iter': 12.977, 'accuracy': 0.9635, 'precision': 0.5591, 'recall': 0.1153, 'f1': 0.1911, 'auc': 0.8003}
val: {'epoch': 58, 'loss': 0.1551, 'lr': 0.001, 'params': 600603, 'time_iter': 1.6231, 'accuracy': 0.9803, 'precision': 0.0, 'recall': 0.0, 'f1': 0.0, 'auc': 0.6836}
train: {'epoch': 58, 'eta': 551802.578, 'loss': 0.1236, 'lr': 0.001, 'params': 600603, 'time_iter': 13.0011, 'accuracy': 0.9648, 'precision': 0.6431, 'recall': 0.1331, 'f1': 0.2206, 'auc': 0.8115}
val: {'epoch': 59, 'loss': 0.1536, 'lr': 0.001, 'params': 600603, 'time_iter': 1.6506, 'accuracy': 0.9803, 'precision': 0.0, 'recall': 0.0, 'f1': 0.0, 'auc': 0.6598}
train: {'epoch': 59, 'eta': 538174.24, 'loss': 0.1231, 'lr': 0.001, 'params': 600603, 'time_iter': 12.8319, 'accuracy': 0.9645, 'precision': 0.6226, 'recall': 0.1339, 'f1': 0.2204, 'auc': 0.8113}
val: {'epoch': 60, 'loss': 0.1594, 'lr': 0.001, 'params': 600603, 'time_iter': 1.6488, 'accuracy': 0.9803, 'precision': 0.0, 'recall': 0.0, 'f1': 0.0, 'auc': 0.7007}
train: {'epoch': 60, 'eta': 524682.7508, 'loss': 0.124, 'lr': 0.001, 'params': 600603, 'time_iter': 13.0187, 'accuracy': 0.9648, 'precision': 0.6445, 'recall': 0.1339, 'f1': 0.2218, 'auc': 0.8074}
val: {'epoch': 61, 'loss': 0.1577, 'lr': 0.001, 'params': 600603, 'time_iter': 1.8048, 'accuracy': 0.9803, 'precision': 0.0, 'recall': 0.0, 'f1': 0.0, 'auc': 0.602}
train: {'epoch': 61, 'eta': 511156.8634, 'loss': 0.1251, 'lr': 0.001, 'params': 600603, 'time_iter': 12.9593, 'accuracy': 0.9647, 'precision': 0.6513, 'recall': 0.1258, 'f1': 0.2109, 'auc': 0.806}
val: {'epoch': 62, 'loss': 0.1559, 'lr': 0.001, 'params': 600603, 'time_iter': 1.5956, 'accuracy': 0.9803, 'precision': 0.0, 'recall': 0.0, 'f1': 0.0, 'auc': 0.7151}
train: {'epoch': 62, 'eta': 497599.774, 'loss': 0.1211, 'lr': 0.001, 'params': 600603, 'time_iter': 12.8977, 'accuracy': 0.965, 'precision': 0.6576, 'recall': 0.1372, 'f1': 0.227, 'auc': 0.8159}
val: {'epoch': 63, 'loss': 0.152, 'lr': 0.001, 'params': 600603, 'time_iter': 1.6044, 'accuracy': 0.9803, 'precision': 0.0, 'recall': 0.0, 'f1': 0.0, 'auc': 0.6873}
train: {'epoch': 63, 'eta': 484062.9044, 'loss': 0.1199, 'lr': 0.001, 'params': 600603, 'time_iter': 12.9172, 'accuracy': 0.9655, 'precision': 0.6678, 'recall': 0.155, 'f1': 0.2516, 'auc': 0.8216}
val: {'epoch': 64, 'loss': 0.1537, 'lr': 0.001, 'params': 600603, 'time_iter': 1.7888, 'accuracy': 0.9803, 'precision': 0.0, 'recall': 0.0, 'f1': 0.0, 'auc': 0.6539}
train: {'epoch': 64, 'eta': 470554.3195, 'loss': 0.1193, 'lr': 0.001, 'params': 600603, 'time_iter': 12.9546, 'accuracy': 0.9651, 'precision': 0.6391, 'recall': 0.1567, 'f1': 0.2516, 'auc': 0.8196}
val: {'epoch': 65, 'loss': 0.158, 'lr': 0.001, 'params': 600603, 'time_iter': 1.6288, 'accuracy': 0.9803, 'precision': 0.0, 'recall': 0.0, 'f1': 0.0, 'auc': 0.6793}
train: {'epoch': 65, 'eta': 457240.6535, 'loss': 0.1197, 'lr': 0.001, 'params': 600603, 'time_iter': 13.3122, 'accuracy': 0.9653, 'precision': 0.6431, 'recall': 0.1623, 'f1': 0.2592, 'auc': 0.8239}
val: {'epoch': 66, 'loss': 0.1569, 'lr': 0.001, 'params': 600603, 'time_iter': 1.6255, 'accuracy': 0.9803, 'precision': 0.0, 'recall': 0.0, 'f1': 0.0, 'auc': 0.6289}
train: {'epoch': 66, 'eta': 443738.2042, 'loss': 0.121, 'lr': 0.001, 'params': 600603, 'time_iter': 12.9623, 'accuracy': 0.9652, 'precision': 0.6475, 'recall': 0.155, 'f1': 0.2502, 'auc': 0.816}
val: {'epoch': 67, 'loss': 0.1583, 'lr': 0.001, 'params': 600603, 'time_iter': 1.7359, 'accuracy': 0.9803, 'precision': 0.0, 'recall': 0.0, 'f1': 0.0, 'auc': 0.6233}
train: {'epoch': 67, 'eta': 430293.8717, 'loss': 0.1203, 'lr': 0.001, 'params': 600603, 'time_iter': 13.0724, 'accuracy': 0.9652, 'precision': 0.6419, 'recall': 0.1615, 'f1': 0.2581, 'auc': 0.8221}
val: {'epoch': 68, 'loss': 0.156, 'lr': 0.001, 'params': 600603, 'time_iter': 1.6086, 'accuracy': 0.9803, 'precision': 0.0, 'recall': 0.0, 'f1': 0.0, 'auc': 0.661}
train: {'epoch': 68, 'eta': 416837.8035, 'loss': 0.1234, 'lr': 0.001, 'params': 600603, 'time_iter': 13.0474, 'accuracy': 0.965, 'precision': 0.6386, 'recall': 0.1477, 'f1': 0.2399, 'auc': 0.8114}
val: {'epoch': 69, 'loss': 0.1651, 'lr': 0.001, 'params': 600603, 'time_iter': 1.6233, 'accuracy': 0.9803, 'precision': 0.0, 'recall': 0.0, 'f1': 0.0, 'auc': 0.6019}
train: {'epoch': 69, 'eta': 403320.5743, 'loss': 0.1203, 'lr': 0.001, 'params': 600603, 'time_iter': 12.9068, 'accuracy': 0.9655, 'precision': 0.6612, 'recall': 0.1631, 'f1': 0.2617, 'auc': 0.8226}
val: {'epoch': 70, 'loss': 0.154, 'lr': 0.001, 'params': 600603, 'time_iter': 1.6995, 'accuracy': 0.9803, 'precision': 0.0, 'recall': 0.0, 'f1': 0.0, 'auc': 0.6933}
train: {'epoch': 70, 'eta': 389845.3072, 'loss': 0.1209, 'lr': 0.001, 'params': 600603, 'time_iter': 12.9908, 'accuracy': 0.9643, 'precision': 0.5967, 'recall': 0.1477, 'f1': 0.2368, 'auc': 0.8257}
val: {'epoch': 71, 'loss': 0.1584, 'lr': 0.001, 'params': 600603, 'time_iter': 1.6259, 'accuracy': 0.9803, 'precision': 0.0, 'recall': 0.0, 'f1': 0.0, 'auc': 0.705}
train: {'epoch': 71, 'eta': 376482.4068, 'loss': 0.1196, 'lr': 0.001, 'params': 600603, 'time_iter': 13.2641, 'accuracy': 0.9655, 'precision': 0.6509, 'recall': 0.168, 'f1': 0.2671, 'auc': 0.8232}
val: {'epoch': 72, 'loss': 0.1548, 'lr': 0.001, 'params': 600603, 'time_iter': 1.6156, 'accuracy': 0.9803, 'precision': 0.0, 'recall': 0.0, 'f1': 0.0, 'auc': 0.6657}
train: {'epoch': 72, 'eta': 363032.358, 'loss': 0.1196, 'lr': 0.001, 'params': 600603, 'time_iter': 13.0557, 'accuracy': 0.9657, 'precision': 0.6768, 'recall': 0.1631, 'f1': 0.2629, 'auc': 0.8246}
val: {'epoch': 73, 'loss': 0.161, 'lr': 0.001, 'params': 600603, 'time_iter': 1.7185, 'accuracy': 0.9803, 'precision': 0.0, 'recall': 0.0, 'f1': 0.0, 'auc': 0.6164}
train: {'epoch': 73, 'eta': 349541.9185, 'loss': 0.1211, 'lr': 0.001, 'params': 600603, 'time_iter': 12.9428, 'accuracy': 0.965, 'precision': 0.6364, 'recall': 0.1534, 'f1': 0.2472, 'auc': 0.8223}
val: {'epoch': 74, 'loss': 0.1529, 'lr': 0.001, 'params': 600603, 'time_iter': 1.5936, 'accuracy': 0.9803, 'precision': 0.0, 'recall': 0.0, 'f1': 0.0, 'auc': 0.6058}
train: {'epoch': 74, 'eta': 336112.6853, 'loss': 0.12, 'lr': 0.001, 'params': 600603, 'time_iter': 13.1079, 'accuracy': 0.9655, 'precision': 0.6601, 'recall': 0.1623, 'f1': 0.2606, 'auc': 0.8212}
val: {'epoch': 75, 'loss': 0.1592, 'lr': 0.001, 'params': 600603, 'time_iter': 1.646, 'accuracy': 0.9803, 'precision': 0.0, 'recall': 0.0, 'f1': 0.0, 'auc': 0.6432}
train: {'epoch': 75, 'eta': 322681.4547, 'loss': 0.1185, 'lr': 0.001, 'params': 600603, 'time_iter': 13.1065, 'accuracy': 0.9657, 'precision': 0.6635, 'recall': 0.1696, 'f1': 0.2702, 'auc': 0.8262}
val: {'epoch': 76, 'loss': 0.1678, 'lr': 0.001, 'params': 600603, 'time_iter': 1.6423, 'accuracy': 0.9803, 'precision': 0.0, 'recall': 0.0, 'f1': 0.0, 'auc': 0.6557}
train: {'epoch': 76, 'eta': 309140.0252, 'loss': 0.1193, 'lr': 0.001, 'params': 600603, 'time_iter': 12.7526, 'accuracy': 0.9655, 'precision': 0.6512, 'recall': 0.1713, 'f1': 0.2712, 'auc': 0.8264}
val: {'epoch': 77, 'loss': 0.1553, 'lr': 0.001, 'params': 600603, 'time_iter': 1.5987, 'accuracy': 0.9803, 'precision': 0.0, 'recall': 0.0, 'f1': 0.0, 'auc': 0.6624}
train: {'epoch': 77, 'eta': 295662.2366, 'loss': 0.1188, 'lr': 0.001, 'params': 600603, 'time_iter': 12.9349, 'accuracy': 0.9662, 'precision': 0.6899, 'recall': 0.1769, 'f1': 0.2817, 'auc': 0.8253}
val: {'epoch': 78, 'loss': 0.1665, 'lr': 0.001, 'params': 600603, 'time_iter': 1.6029, 'accuracy': 0.9803, 'precision': 0.0, 'recall': 0.0, 'f1': 0.0, 'auc': 0.6204}
train: {'epoch': 78, 'eta': 282193.2962, 'loss': 0.1179, 'lr': 0.001, 'params': 600603, 'time_iter': 12.9517, 'accuracy': 0.9664, 'precision': 0.7029, 'recall': 0.1786, 'f1': 0.2848, 'auc': 0.8266}
val: {'epoch': 79, 'loss': 0.1635, 'lr': 0.001, 'params': 600603, 'time_iter': 1.6179, 'accuracy': 0.9803, 'precision': 0.0, 'recall': 0.0, 'f1': 0.0, 'auc': 0.6077}
train: {'epoch': 79, 'eta': 268753.2245, 'loss': 0.1184, 'lr': 0.001, 'params': 600603, 'time_iter': 13.0501, 'accuracy': 0.9657, 'precision': 0.6646, 'recall': 0.1705, 'f1': 0.2713, 'auc': 0.827}
val: {'epoch': 80, 'loss': 0.1694, 'lr': 0.001, 'params': 600603, 'time_iter': 1.6079, 'accuracy': 0.9803, 'precision': 0.0, 'recall': 0.0, 'f1': 0.0, 'auc': 0.632}
train: {'epoch': 80, 'eta': 255257.6815, 'loss': 0.117, 'lr': 0.001, 'params': 600603, 'time_iter': 12.8191, 'accuracy': 0.966, 'precision': 0.6647, 'recall': 0.1834, 'f1': 0.2875, 'auc': 0.8287}
val: {'epoch': 81, 'loss': 0.1623, 'lr': 0.001, 'params': 600603, 'time_iter': 1.5868, 'accuracy': 0.9803, 'precision': 0.0, 'recall': 0.0, 'f1': 0.0, 'auc': 0.6345}
train: {'epoch': 81, 'eta': 241819.0104, 'loss': 0.1186, 'lr': 0.001, 'params': 600603, 'time_iter': 13.038, 'accuracy': 0.9657, 'precision': 0.6586, 'recall': 0.1769, 'f1': 0.279, 'auc': 0.8254}
val: {'epoch': 82, 'loss': 0.1657, 'lr': 0.001, 'params': 600603, 'time_iter': 1.579, 'accuracy': 0.9803, 'precision': 0.0, 'recall': 0.0, 'f1': 0.0, 'auc': 0.5789}
train: {'epoch': 82, 'eta': 228372.2502, 'loss': 0.1176, 'lr': 0.001, 'params': 600603, 'time_iter': 12.9971, 'accuracy': 0.9657, 'precision': 0.6486, 'recall': 0.1843, 'f1': 0.287, 'auc': 0.8285}
val: {'epoch': 83, 'loss': 0.1634, 'lr': 0.001, 'params': 600603, 'time_iter': 1.8442, 'accuracy': 0.9803, 'precision': 0.0, 'recall': 0.0, 'f1': 0.0, 'auc': 0.6461}
train: {'epoch': 83, 'eta': 214972.0337, 'loss': 0.1175, 'lr': 0.001, 'params': 600603, 'time_iter': 13.2257, 'accuracy': 0.9662, 'precision': 0.6685, 'recall': 0.1948, 'f1': 0.3017, 'auc': 0.8294}
val: {'epoch': 84, 'loss': 0.167, 'lr': 0.001, 'params': 600603, 'time_iter': 1.65, 'accuracy': 0.9803, 'precision': 0.0, 'recall': 0.0, 'f1': 0.0, 'auc': 0.5945}
train: {'epoch': 84, 'eta': 201550.4232, 'loss': 0.1199, 'lr': 0.001, 'params': 600603, 'time_iter': 13.135, 'accuracy': 0.9656, 'precision': 0.6593, 'recall': 0.1696, 'f1': 0.2699, 'auc': 0.8202}
val: {'epoch': 85, 'loss': 0.1641, 'lr': 0.001, 'params': 600603, 'time_iter': 1.6055, 'accuracy': 0.9803, 'precision': 0.0, 'recall': 0.0, 'f1': 0.0, 'auc': 0.6036}
train: {'epoch': 85, 'eta': 188114.7984, 'loss': 0.1223, 'lr': 0.001, 'params': 600603, 'time_iter': 13.0644, 'accuracy': 0.9649, 'precision': 0.6431, 'recall': 0.1404, 'f1': 0.2305, 'auc': 0.8165}
val: {'epoch': 86, 'loss': 0.1648, 'lr': 0.001, 'params': 600603, 'time_iter': 1.8006, 'accuracy': 0.9803, 'precision': 0.0, 'recall': 0.0, 'f1': 0.0, 'auc': 0.6489}
train: {'epoch': 86, 'eta': 174659.5971, 'loss': 0.1217, 'lr': 0.001, 'params': 600603, 'time_iter': 12.9382, 'accuracy': 0.9653, 'precision': 0.6415, 'recall': 0.1656, 'f1': 0.2632, 'auc': 0.8164}
val: {'epoch': 87, 'loss': 0.1642, 'lr': 0.001, 'params': 600603, 'time_iter': 1.5966, 'accuracy': 0.9803, 'precision': 0.0, 'recall': 0.0, 'f1': 0.0, 'auc': 0.671}
train: {'epoch': 87, 'eta': 161242.2903, 'loss': 0.116, 'lr': 0.001, 'params': 600603, 'time_iter': 13.1853, 'accuracy': 0.9663, 'precision': 0.6733, 'recall': 0.1924, 'f1': 0.2992, 'auc': 0.8393}
val: {'epoch': 88, 'loss': 0.1678, 'lr': 0.001, 'params': 600603, 'time_iter': 1.5812, 'accuracy': 0.9803, 'precision': 0.0, 'recall': 0.0, 'f1': 0.0, 'auc': 0.6353}
train: {'epoch': 88, 'eta': 147786.4597, 'loss': 0.1151, 'lr': 0.001, 'params': 600603, 'time_iter': 12.909, 'accuracy': 0.9667, 'precision': 0.7033, 'recall': 0.1924, 'f1': 0.3021, 'auc': 0.8399}
val: {'epoch': 89, 'loss': 0.1644, 'lr': 0.001, 'params': 600603, 'time_iter': 1.7802, 'accuracy': 0.9803, 'precision': 0.0, 'recall': 0.0, 'f1': 0.0, 'auc': 0.6756}
train: {'epoch': 89, 'eta': 134357.3795, 'loss': 0.1152, 'lr': 0.001, 'params': 600603, 'time_iter': 13.1094, 'accuracy': 0.9668, 'precision': 0.6894, 'recall': 0.2054, 'f1': 0.3164, 'auc': 0.8361}
val: {'epoch': 90, 'loss': 0.1663, 'lr': 0.001, 'params': 600603, 'time_iter': 1.5844, 'accuracy': 0.9803, 'precision': 0.0, 'recall': 0.0, 'f1': 0.0, 'auc': 0.6543}
train: {'epoch': 90, 'eta': 120937.5874, 'loss': 0.1151, 'lr': 0.001, 'params': 600603, 'time_iter': 13.2138, 'accuracy': 0.9667, 'precision': 0.6887, 'recall': 0.2029, 'f1': 0.3135, 'auc': 0.8407}
val: {'epoch': 91, 'loss': 0.1698, 'lr': 0.001, 'params': 600603, 'time_iter': 1.645, 'accuracy': 0.9803, 'precision': 0.0, 'recall': 0.0, 'f1': 0.0, 'auc': 0.6685}
train: {'epoch': 91, 'eta': 107508.4512, 'loss': 0.1144, 'lr': 0.001, 'params': 600603, 'time_iter': 13.1524, 'accuracy': 0.9671, 'precision': 0.6945, 'recall': 0.2159, 'f1': 0.3294, 'auc': 0.8364}
val: {'epoch': 92, 'loss': 0.1749, 'lr': 0.001, 'params': 600603, 'time_iter': 1.742, 'accuracy': 0.9803, 'precision': 0.0, 'recall': 0.0, 'f1': 0.0, 'auc': 0.6219}
train: {'epoch': 92, 'eta': 94064.3776, 'loss': 0.1151, 'lr': 0.001, 'params': 600603, 'time_iter': 12.9886, 'accuracy': 0.9664, 'precision': 0.6749, 'recall': 0.2005, 'f1': 0.3091, 'auc': 0.8395}
val: {'epoch': 93, 'loss': 0.1654, 'lr': 0.001, 'params': 600603, 'time_iter': 1.628, 'accuracy': 0.9803, 'precision': 0.0, 'recall': 0.0, 'f1': 0.0, 'auc': 0.6507}
train: {'epoch': 93, 'eta': 80624.7974, 'loss': 0.1149, 'lr': 0.001, 'params': 600603, 'time_iter': 13.0315, 'accuracy': 0.9667, 'precision': 0.6807, 'recall': 0.2094, 'f1': 0.3203, 'auc': 0.8433}
val: {'epoch': 94, 'loss': 0.1639, 'lr': 0.001, 'params': 600603, 'time_iter': 1.6456, 'accuracy': 0.9803, 'precision': 0.0, 'recall': 0.0, 'f1': 0.0, 'auc': 0.6455}
train: {'epoch': 94, 'eta': 67185.7302, 'loss': 0.1143, 'lr': 0.001, 'params': 600603, 'time_iter': 13.0292, 'accuracy': 0.9669, 'precision': 0.6961, 'recall': 0.2045, 'f1': 0.3162, 'auc': 0.8452}
val: {'epoch': 95, 'loss': 0.1644, 'lr': 0.001, 'params': 600603, 'time_iter': 1.662, 'accuracy': 0.9803, 'precision': 0.0, 'recall': 0.0, 'f1': 0.0, 'auc': 0.6778}
train: {'epoch': 95, 'eta': 53738.7142, 'loss': 0.1132, 'lr': 0.001, 'params': 600603, 'time_iter': 12.8282, 'accuracy': 0.9669, 'precision': 0.6905, 'recall': 0.2119, 'f1': 0.3242, 'auc': 0.8431}
val: {'epoch': 96, 'loss': 0.1736, 'lr': 0.001, 'params': 600603, 'time_iter': 1.6027, 'accuracy': 0.9803, 'precision': 0.0, 'recall': 0.0, 'f1': 0.0, 'auc': 0.6468}
train: {'epoch': 96, 'eta': 40311.3898, 'loss': 0.1128, 'lr': 0.001, 'params': 600603, 'time_iter': 13.2871, 'accuracy': 0.9671, 'precision': 0.6955, 'recall': 0.2151, 'f1': 0.3286, 'auc': 0.8478}
val: {'epoch': 97, 'loss': 0.1644, 'lr': 0.001, 'params': 600603, 'time_iter': 1.6339, 'accuracy': 0.9803, 'precision': 0.0, 'recall': 0.0, 'f1': 0.0, 'auc': 0.6513}
train: {'epoch': 97, 'eta': 26877.2077, 'loss': 0.1121, 'lr': 0.001, 'params': 600603, 'time_iter': 13.1988, 'accuracy': 0.9677, 'precision': 0.7195, 'recall': 0.2248, 'f1': 0.3426, 'auc': 0.8537}
val: {'epoch': 98, 'loss': 0.1707, 'lr': 0.001, 'params': 600603, 'time_iter': 1.6463, 'accuracy': 0.9803, 'precision': 0.0, 'recall': 0.0, 'f1': 0.0, 'auc': 0.6268}
train: {'epoch': 98, 'eta': 13439.0302, 'loss': 0.114, 'lr': 0.001, 'params': 600603, 'time_iter': 13.1009, 'accuracy': 0.9672, 'precision': 0.7032, 'recall': 0.2135, 'f1': 0.3275, 'auc': 0.8406}
val: {'epoch': 99, 'loss': 0.1674, 'lr': 0.001, 'params': 600603, 'time_iter': 1.601, 'accuracy': 0.9803, 'precision': 0.0, 'recall': 0.0, 'f1': 0.0, 'auc': 0.6293}
train: {'epoch': 99, 'eta': 0.0, 'loss': 0.1138, 'lr': 0.001, 'params': 600603, 'time_iter': 13.0414, 'accuracy': 0.9671, 'precision': 0.6974, 'recall': 0.2151, 'f1': 0.3288, 'auc': 0.8419}
test: {'epoch': 99, 'loss': 0.2771, 'lr': 0.001, 'params': 600603, 'time_iter': 1.4514, 'accuracy': 0.9684, 'precision': 0.0, 'recall': 0.0, 'f1': 0.0, 'auc': 0.5637}
test: {'epoch': 12, 'loss': 0.1821, 'lr': 0.001, 'params': 600603, 'time_iter': 1.4677, 'accuracy': 0.9684, 'precision': 0.0, 'recall': 0.0, 'f1': 0.0, 'auc': 0.6805}
