GraphGymModule(
  (model): DilatedGNNModel(
    (encoder): FeatureEncoder(
      (node_encoder): AtomEncoder(
        (atom_embedding_list): ModuleList(
          (0): Embedding(119, 300)
          (1): Embedding(4, 300)
          (2): Embedding(12, 300)
          (3): Embedding(12, 300)
          (4): Embedding(10, 300)
          (5): Embedding(6, 300)
          (6): Embedding(6, 300)
          (7): Embedding(2, 300)
          (8): Embedding(2, 300)
        )
      )
      (edge_encoder): BondEncoder(
        (bond_embedding_list): ModuleList(
          (0): Embedding(5, 300)
          (1): Embedding(6, 300)
          (2): Embedding(2, 300)
        )
      )
    )
    (mp): GNNDilatedStage(
      (classic_layers): ModuleList(
        (0): GeneralLayer(
          (layer): EGINConv(
            (model): GINEConv(nn=Sequential(
              (0): Linear(300, 300, bias=True)
              (1): ReLU()
              (2): Linear(300, 300, bias=True)
            ))
          )
          (post_layer): Sequential(
            (0): BatchNorm1d(300, eps=1e-05, momentum=0.1, affine=True, track_running_stats=True)
            (1): Dropout(p=0.5, inplace=False)
            (2): ReLU()
          )
        )
      )
      (dilated_layers): ModuleList(
        (0): DilatedGeneralLayer(
          (layer): EGINConv(
            (model): GINEConv(nn=Sequential(
              (0): Linear(300, 300, bias=True)
              (1): ReLU()
              (2): Linear(300, 300, bias=True)
            ))
          )
          (post_layer): Sequential(
            (0): BatchNorm1d(300, eps=1e-05, momentum=0.1, affine=True, track_running_stats=True)
            (1): Dropout(p=0.5, inplace=False)
            (2): ReLU()
          )
          (gem): GeM(p=3.0000, eps=1e-06)
        )
        (1): DilatedGeneralLayer(
          (layer): EGINConv(
            (model): GINEConv(nn=Sequential(
              (0): Linear(300, 300, bias=True)
              (1): ReLU()
              (2): Linear(300, 300, bias=True)
            ))
          )
          (post_layer): Sequential(
            (0): BatchNorm1d(300, eps=1e-05, momentum=0.1, affine=True, track_running_stats=True)
            (1): Dropout(p=0.5, inplace=False)
            (2): ReLU()
          )
          (gem): GeM(p=3.0000, eps=1e-06)
        )
      )
      (act): ReLU()
    )
    (post_mp): GNNGraphHead(
      (layer_post_mp): MLP(
        (model): Sequential(
          (0): Linear(
            (model): Linear(300, 1, bias=True)
          )
        )
      )
    )
  )
)
accelerator: cuda
benchmark: False
bn:
  eps: 1e-05
  mom: 0.1
cfg_dest: config.yaml
custom_metrics: []
dataset:
  cache_load: False
  cache_save: False
  dir: ./datasets
  edge_dim: 300
  edge_encoder: True
  edge_encoder_bn: False
  edge_encoder_name: Bond
  edge_message_ratio: 0.8
  edge_negative_sampling_ratio: 1.0
  edge_train_mode: all
  encoder: True
  encoder_bn: True
  encoder_dim: 128
  encoder_name: db
  fast_loader: False
  format: OGB
  label_column: none
  label_table: none
  location: local
  name: ogbg-molhiv
  node_encoder: True
  node_encoder_bn: False
  node_encoder_name: Atom
  remove_feature: False
  resample_disjoint: False
  resample_negative: False
  shuffle_split: True
  split: [0.8, 0.1, 0.1]
  split_mode: random
  task: graph
  task_type: classification
  to_undirected: False
  transductive: False
  transform: none
  tu_simple: True
devices: 1
gnn:
  act: relu
  act_on_last_layer_mp: False
  agg: none
  att_final_linear: False
  att_final_linear_bn: False
  att_heads: 1
  batchnorm: True
  clear_feature: True
  dilated_path_join: none
  dim_inner: 300
  dropout: 0.5
  head: graph
  keep_edge: 0.5
  l2norm: True
  layer_type: eginconv
  layers_k1: 1
  layers_k2: 2
  layers_mp: 5
  layers_post_mp: 1
  layers_pre_mp: 0
  learn_alpha_residual_connection: True
  msg_direction: single
  normalize_adj: False
  self_msg: concat
  skip_every: 1
  stage_type: stack
  use_edge_features: True
gpu_mem: False
mem:
  inplace: False
metric_agg: argmax
metric_best: auc
model:
  edge_decoding: dot
  graph_pooling: mean
  loss_fun: cross_entropy
  match_upper: True
  size_average: mean
  thresh: 0.5
  type: dilated_gnn
num_threads: 6
num_workers: 16
optim:
  base_lr: 0.001
  lr_decay: 0.1
  max_epoch: 100
  momentum: 0.9
  optimizer: adam
  scheduler: none
  steps: [30, 60, 90]
  weight_decay: 0.0
out_dir: results_experiments/ogbg_molhiv_baseline_grid_design/ogbg_molhiv_baseline-type=dilated_gnn-layer_type=eginconv-layers_k1=1-layers_k2=2-dilated_path_join=none-learn_alpha_residual_connection=True
params: 870605
print: both
round: 4
run_dir: results_experiments/ogbg_molhiv_baseline_grid_design/ogbg_molhiv_baseline-type=dilated_gnn-layer_type=eginconv-layers_k1=1-layers_k2=2-dilated_path_join=none-learn_alpha_residual_connection=True/6
seed: 7
share:
  dim_in: 9
  dim_out: 2
  num_splits: 3
tensorboard_agg: True
tensorboard_each_run: False
train:
  auto_resume: False
  batch_size: 32
  ckpt_clean: True
  ckpt_period: 100
  enable_ckpt: True
  epoch_resume: -1
  eval_period: 1
  iter_per_epoch: 32
  neighbor_sizes: [20, 15, 10, 5]
  node_per_graph: 32
  radius: extend
  sample_node: False
  sampler: full_batch
  skip_train_eval: False
  walk_length: 4
val:
  node_per_graph: 32
  radius: extend
  sample_node: False
  sampler: full_batch
view_emb: False
Num parameters: 870605
val: {'epoch': 0, 'loss': 0.7109, 'lr': 0.001, 'params': 870605, 'time_iter': 1.0847, 'accuracy': 0.0156, 'precision': 0.0156, 'recall': 1.0, 'f1': 0.0308, 'auc': 0.4921}
val: {'epoch': 0, 'loss': 0.0996, 'lr': 0.001, 'params': 870605, 'time_iter': 3.1739, 'accuracy': 0.9803, 'precision': 0.0, 'recall': 0.0, 'f1': 0.0, 'auc': 0.5229}
train: {'epoch': 0, 'eta': 1780928.832, 'loss': 0.2115, 'lr': 0.001, 'params': 870605, 'time_iter': 17.4822, 'accuracy': 0.9598, 'precision': 0.0208, 'recall': 0.0016, 'f1': 0.003, 'auc': 0.5261}
val: {'epoch': 1, 'loss': 0.0988, 'lr': 0.001, 'params': 870605, 'time_iter': 3.2118, 'accuracy': 0.9803, 'precision': 0.0, 'recall': 0.0, 'f1': 0.0, 'auc': 0.6007}
train: {'epoch': 1, 'eta': 1764869.7636, 'loss': 0.1577, 'lr': 0.001, 'params': 870605, 'time_iter': 17.5205, 'accuracy': 0.9626, 'precision': 0.0, 'recall': 0.0, 'f1': 0.0, 'auc': 0.6006}
val: {'epoch': 2, 'loss': 0.0932, 'lr': 0.001, 'params': 870605, 'time_iter': 4.4658, 'accuracy': 0.9803, 'precision': 0.0, 'recall': 0.0, 'f1': 0.0, 'auc': 0.6943}
train: {'epoch': 2, 'eta': 1749979.1641, 'loss': 0.1525, 'lr': 0.001, 'params': 870605, 'time_iter': 17.5951, 'accuracy': 0.9626, 'precision': 0.0, 'recall': 0.0, 'f1': 0.0, 'auc': 0.6747}
val: {'epoch': 3, 'loss': 0.0861, 'lr': 0.001, 'params': 870605, 'time_iter': 3.4093, 'accuracy': 0.9803, 'precision': 0.0, 'recall': 0.0, 'f1': 0.0, 'auc': 0.7511}
train: {'epoch': 3, 'eta': 1713779.5332, 'loss': 0.146, 'lr': 0.001, 'params': 870605, 'time_iter': 16.7973, 'accuracy': 0.9626, 'precision': 0.0, 'recall': 0.0, 'f1': 0.0, 'auc': 0.7183}
val: {'epoch': 4, 'loss': 0.0844, 'lr': 0.001, 'params': 870605, 'time_iter': 3.3281, 'accuracy': 0.9803, 'precision': 0.0, 'recall': 0.0, 'f1': 0.0, 'auc': 0.7471}
train: {'epoch': 4, 'eta': 1690882.953, 'loss': 0.1425, 'lr': 0.001, 'params': 870605, 'time_iter': 17.0907, 'accuracy': 0.9626, 'precision': 0.0, 'recall': 0.0, 'f1': 0.0, 'auc': 0.7362}
val: {'epoch': 5, 'loss': 0.0817, 'lr': 0.001, 'params': 870605, 'time_iter': 3.1094, 'accuracy': 0.9803, 'precision': 0.0, 'recall': 0.0, 'f1': 0.0, 'auc': 0.7759}
train: {'epoch': 5, 'eta': 1673810.3159, 'loss': 0.14, 'lr': 0.001, 'params': 870605, 'time_iter': 17.3422, 'accuracy': 0.9626, 'precision': 0.0, 'recall': 0.0, 'f1': 0.0, 'auc': 0.7523}
val: {'epoch': 6, 'loss': 0.0841, 'lr': 0.001, 'params': 870605, 'time_iter': 3.3148, 'accuracy': 0.9808, 'precision': 0.625, 'recall': 0.0617, 'f1': 0.1124, 'auc': 0.7621}
train: {'epoch': 6, 'eta': 1655295.7646, 'loss': 0.1377, 'lr': 0.001, 'params': 870605, 'time_iter': 17.2529, 'accuracy': 0.9626, 'precision': 0.6667, 'recall': 0.0016, 'f1': 0.0032, 'auc': 0.7668}
val: {'epoch': 7, 'loss': 0.0832, 'lr': 0.001, 'params': 870605, 'time_iter': 3.2636, 'accuracy': 0.9803, 'precision': 0.5, 'recall': 0.0123, 'f1': 0.0241, 'auc': 0.7704}
train: {'epoch': 7, 'eta': 1635317.7261, 'loss': 0.135, 'lr': 0.001, 'params': 870605, 'time_iter': 17.1131, 'accuracy': 0.9625, 'precision': 0.4, 'recall': 0.0049, 'f1': 0.0096, 'auc': 0.7817}
val: {'epoch': 8, 'loss': 0.0998, 'lr': 0.001, 'params': 870605, 'time_iter': 3.2765, 'accuracy': 0.981, 'precision': 1.0, 'recall': 0.037, 'f1': 0.0714, 'auc': 0.6971}
train: {'epoch': 8, 'eta': 1614834.2626, 'loss': 0.1324, 'lr': 0.001, 'params': 870605, 'time_iter': 17.0139, 'accuracy': 0.9626, 'precision': 0.56, 'recall': 0.0114, 'f1': 0.0223, 'auc': 0.7863}
val: {'epoch': 9, 'loss': 0.0934, 'lr': 0.001, 'params': 870605, 'time_iter': 3.3842, 'accuracy': 0.9793, 'precision': 0.4333, 'recall': 0.1605, 'f1': 0.2342, 'auc': 0.7496}
train: {'epoch': 9, 'eta': 1597746.8201, 'loss': 0.1319, 'lr': 0.001, 'params': 870605, 'time_iter': 17.3164, 'accuracy': 0.9628, 'precision': 0.5909, 'recall': 0.0211, 'f1': 0.0408, 'auc': 0.7882}
val: {'epoch': 10, 'loss': 0.0807, 'lr': 0.001, 'params': 870605, 'time_iter': 3.4929, 'accuracy': 0.9818, 'precision': 0.75, 'recall': 0.1111, 'f1': 0.1935, 'auc': 0.7757}
train: {'epoch': 10, 'eta': 1585022.2805, 'loss': 0.1293, 'lr': 0.001, 'params': 870605, 'time_iter': 17.8564, 'accuracy': 0.9629, 'precision': 0.6275, 'recall': 0.026, 'f1': 0.0499, 'auc': 0.7929}
val: {'epoch': 11, 'loss': 0.0829, 'lr': 0.001, 'params': 870605, 'time_iter': 3.3112, 'accuracy': 0.9818, 'precision': 0.6071, 'recall': 0.2099, 'f1': 0.3119, 'auc': 0.7798}
train: {'epoch': 11, 'eta': 1565503.3639, 'loss': 0.1288, 'lr': 0.001, 'params': 870605, 'time_iter': 17.0808, 'accuracy': 0.9629, 'precision': 0.5698, 'recall': 0.0398, 'f1': 0.0744, 'auc': 0.7942}
val: {'epoch': 12, 'loss': 0.079, 'lr': 0.001, 'params': 870605, 'time_iter': 3.1529, 'accuracy': 0.9818, 'precision': 0.65, 'recall': 0.1605, 'f1': 0.2574, 'auc': 0.7848}
train: {'epoch': 12, 'eta': 1545274.8471, 'loss': 0.1267, 'lr': 0.001, 'params': 870605, 'time_iter': 16.9343, 'accuracy': 0.9634, 'precision': 0.6216, 'recall': 0.056, 'f1': 0.1028, 'auc': 0.8049}
val: {'epoch': 13, 'loss': 0.0833, 'lr': 0.001, 'params': 870605, 'time_iter': 3.1321, 'accuracy': 0.9796, 'precision': 0.4348, 'recall': 0.1235, 'f1': 0.1923, 'auc': 0.7755}
train: {'epoch': 13, 'eta': 1527873.3686, 'loss': 0.125, 'lr': 0.001, 'params': 870605, 'time_iter': 17.3182, 'accuracy': 0.9635, 'precision': 0.624, 'recall': 0.0633, 'f1': 0.115, 'auc': 0.8102}
val: {'epoch': 14, 'loss': 0.0788, 'lr': 0.001, 'params': 870605, 'time_iter': 3.0681, 'accuracy': 0.9818, 'precision': 0.6875, 'recall': 0.1358, 'f1': 0.2268, 'auc': 0.7919}
train: {'epoch': 14, 'eta': 1510074.7883, 'loss': 0.1233, 'lr': 0.001, 'params': 870605, 'time_iter': 17.2597, 'accuracy': 0.9636, 'precision': 0.6216, 'recall': 0.0747, 'f1': 0.1333, 'auc': 0.8185}
val: {'epoch': 15, 'loss': 0.0816, 'lr': 0.001, 'params': 870605, 'time_iter': 3.3607, 'accuracy': 0.9825, 'precision': 0.7143, 'recall': 0.1852, 'f1': 0.2941, 'auc': 0.777}
train: {'epoch': 15, 'eta': 1491856.8398, 'loss': 0.1227, 'lr': 0.001, 'params': 870605, 'time_iter': 17.1812, 'accuracy': 0.9643, 'precision': 0.6492, 'recall': 0.1006, 'f1': 0.1743, 'auc': 0.8179}
val: {'epoch': 16, 'loss': 0.0824, 'lr': 0.001, 'params': 870605, 'time_iter': 3.1258, 'accuracy': 0.981, 'precision': 0.6, 'recall': 0.1111, 'f1': 0.1875, 'auc': 0.7917}
train: {'epoch': 16, 'eta': 1473740.6518, 'loss': 0.1213, 'lr': 0.001, 'params': 870605, 'time_iter': 17.1888, 'accuracy': 0.9646, 'precision': 0.665, 'recall': 0.1096, 'f1': 0.1882, 'auc': 0.8182}
val: {'epoch': 17, 'loss': 0.081, 'lr': 0.001, 'params': 870605, 'time_iter': 2.969, 'accuracy': 0.9801, 'precision': 0.4762, 'recall': 0.1235, 'f1': 0.1961, 'auc': 0.7901}
train: {'epoch': 17, 'eta': 1454486.487, 'loss': 0.1217, 'lr': 0.001, 'params': 870605, 'time_iter': 16.9359, 'accuracy': 0.964, 'precision': 0.5951, 'recall': 0.1193, 'f1': 0.1988, 'auc': 0.8189}
val: {'epoch': 18, 'loss': 0.0847, 'lr': 0.001, 'params': 870605, 'time_iter': 3.2313, 'accuracy': 0.9813, 'precision': 0.6, 'recall': 0.1481, 'f1': 0.2376, 'auc': 0.7878}
train: {'epoch': 18, 'eta': 1435867.8499, 'loss': 0.1195, 'lr': 0.001, 'params': 870605, 'time_iter': 17.0369, 'accuracy': 0.965, 'precision': 0.6725, 'recall': 0.125, 'f1': 0.2108, 'auc': 0.8256}
val: {'epoch': 19, 'loss': 0.0784, 'lr': 0.001, 'params': 870605, 'time_iter': 3.3211, 'accuracy': 0.9818, 'precision': 0.65, 'recall': 0.1605, 'f1': 0.2574, 'auc': 0.7968}
train: {'epoch': 19, 'eta': 1421894.2873, 'loss': 0.1188, 'lr': 0.001, 'params': 870605, 'time_iter': 18.139, 'accuracy': 0.9653, 'precision': 0.6608, 'recall': 0.1518, 'f1': 0.2469, 'auc': 0.8264}
val: {'epoch': 20, 'loss': 0.0819, 'lr': 0.001, 'params': 870605, 'time_iter': 3.2265, 'accuracy': 0.982, 'precision': 0.7059, 'recall': 0.1481, 'f1': 0.2449, 'auc': 0.8091}
train: {'epoch': 20, 'eta': 1404255.1667, 'loss': 0.1178, 'lr': 0.001, 'params': 870605, 'time_iter': 17.3075, 'accuracy': 0.966, 'precision': 0.7055, 'recall': 0.1575, 'f1': 0.2575, 'auc': 0.8301}
val: {'epoch': 21, 'loss': 0.0814, 'lr': 0.001, 'params': 870605, 'time_iter': 3.2002, 'accuracy': 0.9796, 'precision': 0.4516, 'recall': 0.1728, 'f1': 0.25, 'auc': 0.7917}
train: {'epoch': 21, 'eta': 1388720.7354, 'loss': 0.1176, 'lr': 0.001, 'params': 870605, 'time_iter': 17.8887, 'accuracy': 0.9655, 'precision': 0.669, 'recall': 0.1575, 'f1': 0.2549, 'auc': 0.8318}
val: {'epoch': 22, 'loss': 0.0783, 'lr': 0.001, 'params': 870605, 'time_iter': 3.1461, 'accuracy': 0.9825, 'precision': 0.8462, 'recall': 0.1358, 'f1': 0.234, 'auc': 0.7965}
train: {'epoch': 22, 'eta': 1370844.8088, 'loss': 0.1157, 'lr': 0.001, 'params': 870605, 'time_iter': 17.2815, 'accuracy': 0.9665, 'precision': 0.6901, 'recall': 0.1916, 'f1': 0.2999, 'auc': 0.8356}
val: {'epoch': 23, 'loss': 0.0807, 'lr': 0.001, 'params': 870605, 'time_iter': 3.2302, 'accuracy': 0.9825, 'precision': 0.7368, 'recall': 0.1728, 'f1': 0.28, 'auc': 0.791}
train: {'epoch': 23, 'eta': 1351737.0636, 'loss': 0.1159, 'lr': 0.001, 'params': 870605, 'time_iter': 16.9011, 'accuracy': 0.9671, 'precision': 0.7337, 'recall': 0.1924, 'f1': 0.3048, 'auc': 0.8361}
val: {'epoch': 24, 'loss': 0.0823, 'lr': 0.001, 'params': 870605, 'time_iter': 3.3336, 'accuracy': 0.9813, 'precision': 0.6429, 'recall': 0.1111, 'f1': 0.1895, 'auc': 0.8008}
train: {'epoch': 24, 'eta': 1334844.0651, 'loss': 0.1153, 'lr': 0.001, 'params': 870605, 'time_iter': 17.574, 'accuracy': 0.9665, 'precision': 0.6901, 'recall': 0.1916, 'f1': 0.2999, 'auc': 0.8355}
val: {'epoch': 25, 'loss': 0.0852, 'lr': 0.001, 'params': 870605, 'time_iter': 3.1597, 'accuracy': 0.9825, 'precision': 0.6364, 'recall': 0.2593, 'f1': 0.3684, 'auc': 0.7931}
train: {'epoch': 25, 'eta': 1316917.7457, 'loss': 0.1125, 'lr': 0.001, 'params': 870605, 'time_iter': 17.2525, 'accuracy': 0.9678, 'precision': 0.7403, 'recall': 0.2175, 'f1': 0.3363, 'auc': 0.8484}
val: {'epoch': 26, 'loss': 0.0796, 'lr': 0.001, 'params': 870605, 'time_iter': 3.6355, 'accuracy': 0.983, 'precision': 0.7619, 'recall': 0.1975, 'f1': 0.3137, 'auc': 0.8008}
train: {'epoch': 26, 'eta': 1298877.6182, 'loss': 0.1127, 'lr': 0.001, 'params': 870605, 'time_iter': 17.207, 'accuracy': 0.9674, 'precision': 0.7135, 'recall': 0.2183, 'f1': 0.3344, 'auc': 0.8457}
val: {'epoch': 27, 'loss': 0.0806, 'lr': 0.001, 'params': 870605, 'time_iter': 3.2119, 'accuracy': 0.9827, 'precision': 0.6471, 'recall': 0.2716, 'f1': 0.3826, 'auc': 0.8131}
train: {'epoch': 27, 'eta': 1281849.0469, 'loss': 0.1117, 'lr': 0.001, 'params': 870605, 'time_iter': 17.5802, 'accuracy': 0.9675, 'precision': 0.7213, 'recall': 0.2143, 'f1': 0.3304, 'auc': 0.8524}
val: {'epoch': 28, 'loss': 0.0828, 'lr': 0.001, 'params': 870605, 'time_iter': 3.1912, 'accuracy': 0.9827, 'precision': 0.6562, 'recall': 0.2593, 'f1': 0.3717, 'auc': 0.7739}
train: {'epoch': 28, 'eta': 1262809.9114, 'loss': 0.1115, 'lr': 0.001, 'params': 870605, 'time_iter': 16.8112, 'accuracy': 0.9675, 'precision': 0.7193, 'recall': 0.2183, 'f1': 0.335, 'auc': 0.849}
val: {'epoch': 29, 'loss': 0.083, 'lr': 0.001, 'params': 870605, 'time_iter': 3.5177, 'accuracy': 0.983, 'precision': 0.6897, 'recall': 0.2469, 'f1': 0.3636, 'auc': 0.8099}
train: {'epoch': 29, 'eta': 1244478.0955, 'loss': 0.1099, 'lr': 0.001, 'params': 870605, 'time_iter': 17.0575, 'accuracy': 0.9681, 'precision': 0.716, 'recall': 0.2435, 'f1': 0.3634, 'auc': 0.8544}
val: {'epoch': 30, 'loss': 0.0821, 'lr': 0.001, 'params': 870605, 'time_iter': 3.1671, 'accuracy': 0.982, 'precision': 0.8889, 'recall': 0.0988, 'f1': 0.1778, 'auc': 0.8126}
train: {'epoch': 30, 'eta': 1226820.2359, 'loss': 0.1091, 'lr': 0.001, 'params': 870605, 'time_iter': 17.3298, 'accuracy': 0.9687, 'precision': 0.7199, 'recall': 0.267, 'f1': 0.3896, 'auc': 0.8572}
val: {'epoch': 31, 'loss': 0.0869, 'lr': 0.001, 'params': 870605, 'time_iter': 3.2588, 'accuracy': 0.9793, 'precision': 0.4444, 'recall': 0.1975, 'f1': 0.2735, 'auc': 0.7874}
train: {'epoch': 31, 'eta': 1208895.3955, 'loss': 0.1089, 'lr': 0.001, 'params': 870605, 'time_iter': 17.2127, 'accuracy': 0.9678, 'precision': 0.7035, 'recall': 0.2427, 'f1': 0.3609, 'auc': 0.8641}
val: {'epoch': 32, 'loss': 0.0834, 'lr': 0.001, 'params': 870605, 'time_iter': 3.3159, 'accuracy': 0.9823, 'precision': 0.6429, 'recall': 0.2222, 'f1': 0.3303, 'auc': 0.803}
train: {'epoch': 32, 'eta': 1191114.6992, 'loss': 0.1079, 'lr': 0.001, 'params': 870605, 'time_iter': 17.2755, 'accuracy': 0.9674, 'precision': 0.6851, 'recall': 0.2419, 'f1': 0.3575, 'auc': 0.867}
val: {'epoch': 33, 'loss': 0.0822, 'lr': 0.001, 'params': 870605, 'time_iter': 2.9378, 'accuracy': 0.9813, 'precision': 0.5588, 'recall': 0.2346, 'f1': 0.3304, 'auc': 0.7979}
train: {'epoch': 33, 'eta': 1172676.8321, 'loss': 0.1072, 'lr': 0.001, 'params': 870605, 'time_iter': 16.9464, 'accuracy': 0.9689, 'precision': 0.7244, 'recall': 0.2752, 'f1': 0.3988, 'auc': 0.8628}
val: {'epoch': 34, 'loss': 0.0865, 'lr': 0.001, 'params': 870605, 'time_iter': 3.5646, 'accuracy': 0.983, 'precision': 0.7895, 'recall': 0.1852, 'f1': 0.3, 'auc': 0.7874}
train: {'epoch': 34, 'eta': 1154908.8996, 'loss': 0.1079, 'lr': 0.001, 'params': 870605, 'time_iter': 17.267, 'accuracy': 0.9685, 'precision': 0.71, 'recall': 0.2662, 'f1': 0.3872, 'auc': 0.8663}
val: {'epoch': 35, 'loss': 0.0827, 'lr': 0.001, 'params': 870605, 'time_iter': 3.0195, 'accuracy': 0.9813, 'precision': 0.5714, 'recall': 0.1975, 'f1': 0.2936, 'auc': 0.8156}
train: {'epoch': 35, 'eta': 1137992.2793, 'loss': 0.1057, 'lr': 0.001, 'params': 870605, 'time_iter': 17.7324, 'accuracy': 0.9695, 'precision': 0.7473, 'recall': 0.2808, 'f1': 0.4083, 'auc': 0.8699}
val: {'epoch': 36, 'loss': 0.0865, 'lr': 0.001, 'params': 870605, 'time_iter': 3.1927, 'accuracy': 0.981, 'precision': 0.6154, 'recall': 0.0988, 'f1': 0.1702, 'auc': 0.8064}
train: {'epoch': 36, 'eta': 1120287.7225, 'loss': 0.1062, 'lr': 0.001, 'params': 870605, 'time_iter': 17.3237, 'accuracy': 0.9683, 'precision': 0.7065, 'recall': 0.2638, 'f1': 0.3842, 'auc': 0.8689}
val: {'epoch': 37, 'loss': 0.0913, 'lr': 0.001, 'params': 870605, 'time_iter': 3.3214, 'accuracy': 0.9801, 'precision': 0.4615, 'recall': 0.0741, 'f1': 0.1277, 'auc': 0.8017}
train: {'epoch': 37, 'eta': 1102857.0433, 'loss': 0.1055, 'lr': 0.001, 'params': 870605, 'time_iter': 17.4907, 'accuracy': 0.9693, 'precision': 0.7388, 'recall': 0.28, 'f1': 0.4061, 'auc': 0.8705}
val: {'epoch': 38, 'loss': 0.0807, 'lr': 0.001, 'params': 870605, 'time_iter': 3.43, 'accuracy': 0.9818, 'precision': 0.75, 'recall': 0.1111, 'f1': 0.1935, 'auc': 0.8239}
train: {'epoch': 38, 'eta': 1086429.925, 'loss': 0.1049, 'lr': 0.001, 'params': 870605, 'time_iter': 18.1323, 'accuracy': 0.9692, 'precision': 0.728, 'recall': 0.2825, 'f1': 0.407, 'auc': 0.8749}
val: {'epoch': 39, 'loss': 0.0815, 'lr': 0.001, 'params': 870605, 'time_iter': 3.4545, 'accuracy': 0.982, 'precision': 0.7692, 'recall': 0.1235, 'f1': 0.2128, 'auc': 0.8241}
train: {'epoch': 39, 'eta': 1068201.6957, 'loss': 0.1036, 'lr': 0.001, 'params': 870605, 'time_iter': 17.0376, 'accuracy': 0.9701, 'precision': 0.7515, 'recall': 0.3019, 'f1': 0.4308, 'auc': 0.8756}
val: {'epoch': 40, 'loss': 0.079, 'lr': 0.001, 'params': 870605, 'time_iter': 3.0101, 'accuracy': 0.9827, 'precision': 0.7778, 'recall': 0.1728, 'f1': 0.2828, 'auc': 0.8136}
train: {'epoch': 40, 'eta': 1050443.2966, 'loss': 0.1033, 'lr': 0.001, 'params': 870605, 'time_iter': 17.332, 'accuracy': 0.9695, 'precision': 0.7319, 'recall': 0.2946, 'f1': 0.4201, 'auc': 0.8774}
val: {'epoch': 41, 'loss': 0.0798, 'lr': 0.001, 'params': 870605, 'time_iter': 2.9976, 'accuracy': 0.9837, 'precision': 0.85, 'recall': 0.2099, 'f1': 0.3366, 'auc': 0.8281}
train: {'epoch': 41, 'eta': 1032413.9279, 'loss': 0.1031, 'lr': 0.001, 'params': 870605, 'time_iter': 17.1438, 'accuracy': 0.9694, 'precision': 0.7219, 'recall': 0.2971, 'f1': 0.4209, 'auc': 0.8788}
val: {'epoch': 42, 'loss': 0.0799, 'lr': 0.001, 'params': 870605, 'time_iter': 3.3741, 'accuracy': 0.9825, 'precision': 0.6452, 'recall': 0.2469, 'f1': 0.3571, 'auc': 0.8088}
train: {'epoch': 42, 'eta': 1014144.2994, 'loss': 0.1013, 'lr': 0.001, 'params': 870605, 'time_iter': 16.9545, 'accuracy': 0.9704, 'precision': 0.752, 'recall': 0.3125, 'f1': 0.4415, 'auc': 0.8878}
val: {'epoch': 43, 'loss': 0.0805, 'lr': 0.001, 'params': 870605, 'time_iter': 3.1402, 'accuracy': 0.9823, 'precision': 0.6538, 'recall': 0.2099, 'f1': 0.3178, 'auc': 0.8273}
train: {'epoch': 43, 'eta': 996421.9028, 'loss': 0.1024, 'lr': 0.001, 'params': 870605, 'time_iter': 17.3437, 'accuracy': 0.9698, 'precision': 0.7306, 'recall': 0.306, 'f1': 0.4314, 'auc': 0.8823}
val: {'epoch': 44, 'loss': 0.0787, 'lr': 0.001, 'params': 870605, 'time_iter': 3.0271, 'accuracy': 0.9825, 'precision': 0.7368, 'recall': 0.1728, 'f1': 0.28, 'auc': 0.8356}
train: {'epoch': 44, 'eta': 978390.317, 'loss': 0.1015, 'lr': 0.001, 'params': 870605, 'time_iter': 17.1023, 'accuracy': 0.9697, 'precision': 0.7278, 'recall': 0.306, 'f1': 0.4309, 'auc': 0.885}
val: {'epoch': 45, 'loss': 0.0839, 'lr': 0.001, 'params': 870605, 'time_iter': 4.1528, 'accuracy': 0.9823, 'precision': 0.6429, 'recall': 0.2222, 'f1': 0.3303, 'auc': 0.8137}
train: {'epoch': 45, 'eta': 961549.8917, 'loss': 0.1016, 'lr': 0.001, 'params': 870605, 'time_iter': 18.0728, 'accuracy': 0.97, 'precision': 0.7421, 'recall': 0.3036, 'f1': 0.4309, 'auc': 0.8835}
val: {'epoch': 46, 'loss': 0.0806, 'lr': 0.001, 'params': 870605, 'time_iter': 3.1448, 'accuracy': 0.9818, 'precision': 0.625, 'recall': 0.1852, 'f1': 0.2857, 'auc': 0.8084}
train: {'epoch': 46, 'eta': 945071.2257, 'loss': 0.1009, 'lr': 0.001, 'params': 870605, 'time_iter': 18.449, 'accuracy': 0.9701, 'precision': 0.7196, 'recall': 0.3312, 'f1': 0.4536, 'auc': 0.8853}
val: {'epoch': 47, 'loss': 0.0856, 'lr': 0.001, 'params': 870605, 'time_iter': 3.3441, 'accuracy': 0.9815, 'precision': 0.5862, 'recall': 0.2099, 'f1': 0.3091, 'auc': 0.8085}
train: {'epoch': 47, 'eta': 926758.2661, 'loss': 0.0976, 'lr': 0.001, 'params': 870605, 'time_iter': 16.8971, 'accuracy': 0.9712, 'precision': 0.7591, 'recall': 0.3401, 'f1': 0.4697, 'auc': 0.8963}
val: {'epoch': 48, 'loss': 0.0918, 'lr': 0.001, 'params': 870605, 'time_iter': 3.2473, 'accuracy': 0.9808, 'precision': 0.6, 'recall': 0.0741, 'f1': 0.1319, 'auc': 0.7967}
train: {'epoch': 48, 'eta': 909370.2191, 'loss': 0.0988, 'lr': 0.001, 'params': 870605, 'time_iter': 17.7254, 'accuracy': 0.9707, 'precision': 0.7495, 'recall': 0.3279, 'f1': 0.4562, 'auc': 0.8934}
val: {'epoch': 49, 'loss': 0.0836, 'lr': 0.001, 'params': 870605, 'time_iter': 3.2472, 'accuracy': 0.9825, 'precision': 0.6667, 'recall': 0.2222, 'f1': 0.3333, 'auc': 0.8251}
train: {'epoch': 49, 'eta': 891839.0692, 'loss': 0.0983, 'lr': 0.001, 'params': 870605, 'time_iter': 17.6195, 'accuracy': 0.9704, 'precision': 0.7389, 'recall': 0.3239, 'f1': 0.4503, 'auc': 0.8942}
val: {'epoch': 50, 'loss': 0.0872, 'lr': 0.001, 'params': 870605, 'time_iter': 3.2896, 'accuracy': 0.9803, 'precision': 0.5, 'recall': 0.1728, 'f1': 0.2569, 'auc': 0.8209}
train: {'epoch': 50, 'eta': 874250.6982, 'loss': 0.0982, 'lr': 0.001, 'params': 870605, 'time_iter': 17.5854, 'accuracy': 0.9705, 'precision': 0.7387, 'recall': 0.3304, 'f1': 0.4565, 'auc': 0.8964}
val: {'epoch': 51, 'loss': 0.0774, 'lr': 0.001, 'params': 870605, 'time_iter': 3.1438, 'accuracy': 0.9847, 'precision': 0.8462, 'recall': 0.2716, 'f1': 0.4112, 'auc': 0.8402}
train: {'epoch': 51, 'eta': 856838.0336, 'loss': 0.0976, 'lr': 0.001, 'params': 870605, 'time_iter': 17.7909, 'accuracy': 0.9716, 'precision': 0.7731, 'recall': 0.3401, 'f1': 0.4724, 'auc': 0.8967}
val: {'epoch': 52, 'loss': 0.0901, 'lr': 0.001, 'params': 870605, 'time_iter': 3.2211, 'accuracy': 0.982, 'precision': 0.7333, 'recall': 0.1358, 'f1': 0.2292, 'auc': 0.8089}
train: {'epoch': 52, 'eta': 839052.4584, 'loss': 0.0967, 'lr': 0.001, 'params': 870605, 'time_iter': 17.4192, 'accuracy': 0.9717, 'precision': 0.759, 'recall': 0.358, 'f1': 0.4865, 'auc': 0.8985}
val: {'epoch': 53, 'loss': 0.0818, 'lr': 0.001, 'params': 870605, 'time_iter': 3.4966, 'accuracy': 0.983, 'precision': 0.7391, 'recall': 0.2099, 'f1': 0.3269, 'auc': 0.8213}
train: {'epoch': 53, 'eta': 820972.1014, 'loss': 0.0966, 'lr': 0.001, 'params': 870605, 'time_iter': 17.0887, 'accuracy': 0.9714, 'precision': 0.7483, 'recall': 0.3547, 'f1': 0.4813, 'auc': 0.8983}
val: {'epoch': 54, 'loss': 0.0871, 'lr': 0.001, 'params': 870605, 'time_iter': 3.1541, 'accuracy': 0.9823, 'precision': 0.9, 'recall': 0.1111, 'f1': 0.1978, 'auc': 0.8155}
train: {'epoch': 54, 'eta': 803322.7076, 'loss': 0.0955, 'lr': 0.001, 'params': 870605, 'time_iter': 17.5792, 'accuracy': 0.9716, 'precision': 0.7578, 'recall': 0.3555, 'f1': 0.484, 'auc': 0.906}
val: {'epoch': 55, 'loss': 0.0877, 'lr': 0.001, 'params': 870605, 'time_iter': 3.3805, 'accuracy': 0.9793, 'precision': 0.4333, 'recall': 0.1605, 'f1': 0.2342, 'auc': 0.8228}
train: {'epoch': 55, 'eta': 785232.4915, 'loss': 0.0959, 'lr': 0.001, 'params': 870605, 'time_iter': 17.0534, 'accuracy': 0.9712, 'precision': 0.7465, 'recall': 0.349, 'f1': 0.4757, 'auc': 0.903}
val: {'epoch': 56, 'loss': 0.0802, 'lr': 0.001, 'params': 870605, 'time_iter': 4.0515, 'accuracy': 0.9825, 'precision': 0.7368, 'recall': 0.1728, 'f1': 0.28, 'auc': 0.8406}
train: {'epoch': 56, 'eta': 767435.089, 'loss': 0.0948, 'lr': 0.001, 'params': 870605, 'time_iter': 17.4061, 'accuracy': 0.9715, 'precision': 0.7475, 'recall': 0.3604, 'f1': 0.4863, 'auc': 0.9053}
val: {'epoch': 57, 'loss': 0.0857, 'lr': 0.001, 'params': 870605, 'time_iter': 3.0173, 'accuracy': 0.9823, 'precision': 0.7857, 'recall': 0.1358, 'f1': 0.2316, 'auc': 0.8246}
train: {'epoch': 57, 'eta': 749271.904, 'loss': 0.0939, 'lr': 0.001, 'params': 870605, 'time_iter': 16.9205, 'accuracy': 0.9723, 'precision': 0.7585, 'recall': 0.3799, 'f1': 0.5062, 'auc': 0.9079}
val: {'epoch': 58, 'loss': 0.0819, 'lr': 0.001, 'params': 870605, 'time_iter': 3.4762, 'accuracy': 0.9832, 'precision': 0.875, 'recall': 0.1728, 'f1': 0.2887, 'auc': 0.8191}
train: {'epoch': 58, 'eta': 731432.9294, 'loss': 0.0937, 'lr': 0.001, 'params': 870605, 'time_iter': 17.3382, 'accuracy': 0.9717, 'precision': 0.7542, 'recall': 0.3636, 'f1': 0.4907, 'auc': 0.9084}
val: {'epoch': 59, 'loss': 0.0852, 'lr': 0.001, 'params': 870605, 'time_iter': 3.3452, 'accuracy': 0.9823, 'precision': 0.8333, 'recall': 0.1235, 'f1': 0.2151, 'auc': 0.8235}
train: {'epoch': 59, 'eta': 713627.2111, 'loss': 0.0934, 'lr': 0.001, 'params': 870605, 'time_iter': 17.3868, 'accuracy': 0.9723, 'precision': 0.7667, 'recall': 0.3734, 'f1': 0.5022, 'auc': 0.9096}
val: {'epoch': 60, 'loss': 0.0846, 'lr': 0.001, 'params': 870605, 'time_iter': 3.013, 'accuracy': 0.982, 'precision': 0.64, 'recall': 0.1975, 'f1': 0.3019, 'auc': 0.8314}
train: {'epoch': 60, 'eta': 695649.6471, 'loss': 0.0932, 'lr': 0.001, 'params': 870605, 'time_iter': 17.1298, 'accuracy': 0.9718, 'precision': 0.7484, 'recall': 0.3718, 'f1': 0.4967, 'auc': 0.9109}
val: {'epoch': 61, 'loss': 0.0833, 'lr': 0.001, 'params': 870605, 'time_iter': 3.19, 'accuracy': 0.9847, 'precision': 0.875, 'recall': 0.2593, 'f1': 0.4, 'auc': 0.8291}
train: {'epoch': 61, 'eta': 677940.5683, 'loss': 0.0941, 'lr': 0.001, 'params': 870605, 'time_iter': 17.5376, 'accuracy': 0.9724, 'precision': 0.7714, 'recall': 0.3726, 'f1': 0.5025, 'auc': 0.9064}
val: {'epoch': 62, 'loss': 0.0901, 'lr': 0.001, 'params': 870605, 'time_iter': 3.1339, 'accuracy': 0.9818, 'precision': 0.5789, 'recall': 0.2716, 'f1': 0.3697, 'auc': 0.7996}
train: {'epoch': 62, 'eta': 660038.7313, 'loss': 0.0907, 'lr': 0.001, 'params': 870605, 'time_iter': 17.2363, 'accuracy': 0.9728, 'precision': 0.7735, 'recall': 0.388, 'f1': 0.5168, 'auc': 0.9143}
val: {'epoch': 63, 'loss': 0.0822, 'lr': 0.001, 'params': 870605, 'time_iter': 3.4, 'accuracy': 0.9827, 'precision': 0.6786, 'recall': 0.2346, 'f1': 0.3486, 'auc': 0.8418}
train: {'epoch': 63, 'eta': 641892.4641, 'loss': 0.0924, 'lr': 0.001, 'params': 870605, 'time_iter': 16.8051, 'accuracy': 0.972, 'precision': 0.7476, 'recall': 0.3799, 'f1': 0.5038, 'auc': 0.9119}
val: {'epoch': 64, 'loss': 0.0838, 'lr': 0.001, 'params': 870605, 'time_iter': 3.7716, 'accuracy': 0.982, 'precision': 0.6667, 'recall': 0.1728, 'f1': 0.2745, 'auc': 0.8481}
train: {'epoch': 64, 'eta': 624137.3217, 'loss': 0.091, 'lr': 0.001, 'params': 870605, 'time_iter': 17.4636, 'accuracy': 0.9724, 'precision': 0.752, 'recall': 0.3912, 'f1': 0.5147, 'auc': 0.915}
val: {'epoch': 65, 'loss': 0.087, 'lr': 0.001, 'params': 870605, 'time_iter': 3.2141, 'accuracy': 0.9832, 'precision': 0.7727, 'recall': 0.2099, 'f1': 0.3301, 'auc': 0.8281}
train: {'epoch': 65, 'eta': 606825.3109, 'loss': 0.0914, 'lr': 0.001, 'params': 870605, 'time_iter': 18.3118, 'accuracy': 0.9727, 'precision': 0.7716, 'recall': 0.3839, 'f1': 0.5127, 'auc': 0.918}
val: {'epoch': 66, 'loss': 0.0839, 'lr': 0.001, 'params': 870605, 'time_iter': 3.0946, 'accuracy': 0.9813, 'precision': 0.5455, 'recall': 0.2963, 'f1': 0.384, 'auc': 0.8292}
train: {'epoch': 66, 'eta': 588873.0289, 'loss': 0.0894, 'lr': 0.001, 'params': 870605, 'time_iter': 17.1387, 'accuracy': 0.973, 'precision': 0.7718, 'recall': 0.3953, 'f1': 0.5228, 'auc': 0.9199}
val: {'epoch': 67, 'loss': 0.0871, 'lr': 0.001, 'params': 870605, 'time_iter': 3.6375, 'accuracy': 0.9827, 'precision': 0.6786, 'recall': 0.2346, 'f1': 0.3486, 'auc': 0.8244}
train: {'epoch': 67, 'eta': 570813.7898, 'loss': 0.0903, 'lr': 0.001, 'params': 870605, 'time_iter': 16.8986, 'accuracy': 0.9734, 'precision': 0.7869, 'recall': 0.3985, 'f1': 0.5291, 'auc': 0.9212}
val: {'epoch': 68, 'loss': 0.0812, 'lr': 0.001, 'params': 870605, 'time_iter': 3.0613, 'accuracy': 0.9825, 'precision': 0.6286, 'recall': 0.2716, 'f1': 0.3793, 'auc': 0.8505}
train: {'epoch': 68, 'eta': 553000.752, 'loss': 0.0882, 'lr': 0.001, 'params': 870605, 'time_iter': 17.3891, 'accuracy': 0.9737, 'precision': 0.7927, 'recall': 0.4034, 'f1': 0.5347, 'auc': 0.9238}
val: {'epoch': 69, 'loss': 0.0877, 'lr': 0.001, 'params': 870605, 'time_iter': 3.3403, 'accuracy': 0.9823, 'precision': 0.6818, 'recall': 0.1852, 'f1': 0.2913, 'auc': 0.8271}
train: {'epoch': 69, 'eta': 535052.6274, 'loss': 0.0874, 'lr': 0.001, 'params': 870605, 'time_iter': 17.0879, 'accuracy': 0.9739, 'precision': 0.7808, 'recall': 0.4221, 'f1': 0.5479, 'auc': 0.9257}
val: {'epoch': 70, 'loss': 0.0847, 'lr': 0.001, 'params': 870605, 'time_iter': 3.1471, 'accuracy': 0.982, 'precision': 0.6, 'recall': 0.2593, 'f1': 0.3621, 'auc': 0.8216}
train: {'epoch': 70, 'eta': 517180.7728, 'loss': 0.087, 'lr': 0.001, 'params': 870605, 'time_iter': 17.245, 'accuracy': 0.9736, 'precision': 0.7783, 'recall': 0.4131, 'f1': 0.5398, 'auc': 0.9275}
val: {'epoch': 71, 'loss': 0.086, 'lr': 0.001, 'params': 870605, 'time_iter': 3.1147, 'accuracy': 0.9823, 'precision': 0.6538, 'recall': 0.2099, 'f1': 0.3178, 'auc': 0.8349}
train: {'epoch': 71, 'eta': 499291.8235, 'loss': 0.0869, 'lr': 0.001, 'params': 870605, 'time_iter': 17.1934, 'accuracy': 0.9734, 'precision': 0.7771, 'recall': 0.4075, 'f1': 0.5346, 'auc': 0.9285}
val: {'epoch': 72, 'loss': 0.0938, 'lr': 0.001, 'params': 870605, 'time_iter': 3.5475, 'accuracy': 0.9818, 'precision': 0.6875, 'recall': 0.1358, 'f1': 0.2268, 'auc': 0.8293}
train: {'epoch': 72, 'eta': 481458.0319, 'loss': 0.0868, 'lr': 0.001, 'params': 870605, 'time_iter': 17.3242, 'accuracy': 0.9733, 'precision': 0.7674, 'recall': 0.4123, 'f1': 0.5364, 'auc': 0.9268}
val: {'epoch': 73, 'loss': 0.0821, 'lr': 0.001, 'params': 870605, 'time_iter': 3.2433, 'accuracy': 0.983, 'precision': 0.7037, 'recall': 0.2346, 'f1': 0.3519, 'auc': 0.8273}
train: {'epoch': 73, 'eta': 463618.9469, 'loss': 0.0856, 'lr': 0.001, 'params': 870605, 'time_iter': 17.309, 'accuracy': 0.9733, 'precision': 0.7813, 'recall': 0.4002, 'f1': 0.5293, 'auc': 0.9323}
val: {'epoch': 74, 'loss': 0.0844, 'lr': 0.001, 'params': 870605, 'time_iter': 3.5269, 'accuracy': 0.983, 'precision': 0.8235, 'recall': 0.1728, 'f1': 0.2857, 'auc': 0.8319}
train: {'epoch': 74, 'eta': 445853.2995, 'loss': 0.0871, 'lr': 0.001, 'params': 870605, 'time_iter': 17.5209, 'accuracy': 0.9733, 'precision': 0.7682, 'recall': 0.4115, 'f1': 0.5359, 'auc': 0.9269}
val: {'epoch': 75, 'loss': 0.094, 'lr': 0.001, 'params': 870605, 'time_iter': 3.9959, 'accuracy': 0.9827, 'precision': 0.7778, 'recall': 0.1728, 'f1': 0.2828, 'auc': 0.8203}
train: {'epoch': 75, 'eta': 428159.0835, 'loss': 0.0855, 'lr': 0.001, 'params': 870605, 'time_iter': 17.7621, 'accuracy': 0.9736, 'precision': 0.7766, 'recall': 0.4148, 'f1': 0.5407, 'auc': 0.9335}
val: {'epoch': 76, 'loss': 0.0996, 'lr': 0.001, 'params': 870605, 'time_iter': 3.2055, 'accuracy': 0.9823, 'precision': 0.7222, 'recall': 0.1605, 'f1': 0.2626, 'auc': 0.7952}
train: {'epoch': 76, 'eta': 410258.8527, 'loss': 0.0848, 'lr': 0.001, 'params': 870605, 'time_iter': 17.1411, 'accuracy': 0.9735, 'precision': 0.7707, 'recall': 0.4148, 'f1': 0.5393, 'auc': 0.9317}
val: {'epoch': 77, 'loss': 0.084, 'lr': 0.001, 'params': 870605, 'time_iter': 3.255, 'accuracy': 0.9835, 'precision': 0.8095, 'recall': 0.2099, 'f1': 0.3333, 'auc': 0.8415}
train: {'epoch': 77, 'eta': 392339.2123, 'loss': 0.0831, 'lr': 0.001, 'params': 870605, 'time_iter': 17.0511, 'accuracy': 0.9741, 'precision': 0.7799, 'recall': 0.4286, 'f1': 0.5532, 'auc': 0.9381}
val: {'epoch': 78, 'loss': 0.0893, 'lr': 0.001, 'params': 870605, 'time_iter': 3.0787, 'accuracy': 0.9837, 'precision': 0.9375, 'recall': 0.1852, 'f1': 0.3093, 'auc': 0.8359}
train: {'epoch': 78, 'eta': 374625.0463, 'loss': 0.0828, 'lr': 0.001, 'params': 870605, 'time_iter': 17.7676, 'accuracy': 0.974, 'precision': 0.7818, 'recall': 0.4245, 'f1': 0.5502, 'auc': 0.9364}
val: {'epoch': 79, 'loss': 0.0909, 'lr': 0.001, 'params': 870605, 'time_iter': 3.3527, 'accuracy': 0.9823, 'precision': 0.5952, 'recall': 0.3086, 'f1': 0.4065, 'auc': 0.8005}
train: {'epoch': 79, 'eta': 356660.7103, 'loss': 0.0825, 'lr': 0.001, 'params': 870605, 'time_iter': 16.8504, 'accuracy': 0.9744, 'precision': 0.7854, 'recall': 0.4367, 'f1': 0.5613, 'auc': 0.9365}
val: {'epoch': 80, 'loss': 0.0881, 'lr': 0.001, 'params': 870605, 'time_iter': 3.7605, 'accuracy': 0.9835, 'precision': 0.8095, 'recall': 0.2099, 'f1': 0.3333, 'auc': 0.8339}
train: {'epoch': 80, 'eta': 338793.7433, 'loss': 0.0835, 'lr': 0.001, 'params': 870605, 'time_iter': 17.1899, 'accuracy': 0.9746, 'precision': 0.7825, 'recall': 0.444, 'f1': 0.5665, 'auc': 0.936}
val: {'epoch': 81, 'loss': 0.0866, 'lr': 0.001, 'params': 870605, 'time_iter': 3.1028, 'accuracy': 0.983, 'precision': 0.7391, 'recall': 0.2099, 'f1': 0.3269, 'auc': 0.84}
train: {'epoch': 81, 'eta': 320962.1404, 'loss': 0.0837, 'lr': 0.001, 'params': 870605, 'time_iter': 17.3272, 'accuracy': 0.9739, 'precision': 0.7776, 'recall': 0.4229, 'f1': 0.5478, 'auc': 0.9357}
val: {'epoch': 82, 'loss': 0.0891, 'lr': 0.001, 'params': 870605, 'time_iter': 3.2564, 'accuracy': 0.982, 'precision': 0.6667, 'recall': 0.1728, 'f1': 0.2745, 'auc': 0.8298}
train: {'epoch': 82, 'eta': 303095.2818, 'loss': 0.0818, 'lr': 0.001, 'params': 870605, 'time_iter': 17.1596, 'accuracy': 0.9749, 'precision': 0.7965, 'recall': 0.4416, 'f1': 0.5681, 'auc': 0.9399}
val: {'epoch': 83, 'loss': 0.0863, 'lr': 0.001, 'params': 870605, 'time_iter': 3.7647, 'accuracy': 0.9827, 'precision': 0.7273, 'recall': 0.1975, 'f1': 0.3107, 'auc': 0.8393}
train: {'epoch': 83, 'eta': 285180.3994, 'loss': 0.0816, 'lr': 0.001, 'params': 870605, 'time_iter': 16.8892, 'accuracy': 0.9743, 'precision': 0.7778, 'recall': 0.4375, 'f1': 0.56, 'auc': 0.9409}
val: {'epoch': 84, 'loss': 0.0867, 'lr': 0.001, 'params': 870605, 'time_iter': 3.0398, 'accuracy': 0.981, 'precision': 0.5455, 'recall': 0.2222, 'f1': 0.3158, 'auc': 0.8284}
train: {'epoch': 84, 'eta': 267400.8559, 'loss': 0.0811, 'lr': 0.001, 'params': 870605, 'time_iter': 17.565, 'accuracy': 0.9747, 'precision': 0.7927, 'recall': 0.4407, 'f1': 0.5665, 'auc': 0.9418}
val: {'epoch': 85, 'loss': 0.0946, 'lr': 0.001, 'params': 870605, 'time_iter': 3.1269, 'accuracy': 0.982, 'precision': 0.6522, 'recall': 0.1852, 'f1': 0.2885, 'auc': 0.82}
train: {'epoch': 85, 'eta': 249499.0459, 'loss': 0.0815, 'lr': 0.001, 'params': 870605, 'time_iter': 16.8761, 'accuracy': 0.9751, 'precision': 0.8047, 'recall': 0.4416, 'f1': 0.5702, 'auc': 0.9394}
val: {'epoch': 86, 'loss': 0.095, 'lr': 0.001, 'params': 870605, 'time_iter': 3.072, 'accuracy': 0.9796, 'precision': 0.4595, 'recall': 0.2099, 'f1': 0.2881, 'auc': 0.8247}
train: {'epoch': 86, 'eta': 231702.5554, 'loss': 0.0801, 'lr': 0.001, 'params': 870605, 'time_iter': 17.4809, 'accuracy': 0.9751, 'precision': 0.7963, 'recall': 0.4505, 'f1': 0.5754, 'auc': 0.9442}
val: {'epoch': 87, 'loss': 0.0969, 'lr': 0.001, 'params': 870605, 'time_iter': 3.3061, 'accuracy': 0.9842, 'precision': 0.8333, 'recall': 0.2469, 'f1': 0.381, 'auc': 0.8244}
train: {'epoch': 87, 'eta': 213858.7571, 'loss': 0.0805, 'lr': 0.001, 'params': 870605, 'time_iter': 17.1747, 'accuracy': 0.9754, 'precision': 0.8046, 'recall': 0.4545, 'f1': 0.5809, 'auc': 0.9403}
val: {'epoch': 88, 'loss': 0.0895, 'lr': 0.001, 'params': 870605, 'time_iter': 3.9439, 'accuracy': 0.983, 'precision': 0.7391, 'recall': 0.2099, 'f1': 0.3269, 'auc': 0.8355}
train: {'epoch': 88, 'eta': 196041.5332, 'loss': 0.0803, 'lr': 0.001, 'params': 870605, 'time_iter': 17.3534, 'accuracy': 0.9742, 'precision': 0.7704, 'recall': 0.444, 'f1': 0.5633, 'auc': 0.9447}
val: {'epoch': 89, 'loss': 0.099, 'lr': 0.001, 'params': 870605, 'time_iter': 3.3195, 'accuracy': 0.9825, 'precision': 0.7647, 'recall': 0.1605, 'f1': 0.2653, 'auc': 0.8284}
train: {'epoch': 89, 'eta': 178230.383, 'loss': 0.0794, 'lr': 0.001, 'params': 870605, 'time_iter': 17.4142, 'accuracy': 0.9758, 'precision': 0.8042, 'recall': 0.4667, 'f1': 0.5907, 'auc': 0.9424}
val: {'epoch': 90, 'loss': 0.099, 'lr': 0.001, 'params': 870605, 'time_iter': 3.1173, 'accuracy': 0.9832, 'precision': 0.8333, 'recall': 0.1852, 'f1': 0.303, 'auc': 0.7839}
train: {'epoch': 90, 'eta': 160362.4397, 'loss': 0.0787, 'lr': 0.001, 'params': 870605, 'time_iter': 16.8795, 'accuracy': 0.9747, 'precision': 0.7703, 'recall': 0.4627, 'f1': 0.5781, 'auc': 0.9461}
val: {'epoch': 91, 'loss': 0.1014, 'lr': 0.001, 'params': 870605, 'time_iter': 3.6011, 'accuracy': 0.9823, 'precision': 0.8333, 'recall': 0.1235, 'f1': 0.2151, 'auc': 0.8117}
train: {'epoch': 91, 'eta': 142542.5063, 'loss': 0.0785, 'lr': 0.001, 'params': 870605, 'time_iter': 17.2948, 'accuracy': 0.9757, 'precision': 0.8003, 'recall': 0.4683, 'f1': 0.5909, 'auc': 0.9465}
val: {'epoch': 92, 'loss': 0.0974, 'lr': 0.001, 'params': 870605, 'time_iter': 3.1363, 'accuracy': 0.982, 'precision': 0.7692, 'recall': 0.1235, 'f1': 0.2128, 'auc': 0.8221}
train: {'epoch': 92, 'eta': 124759.9715, 'loss': 0.0763, 'lr': 0.001, 'params': 870605, 'time_iter': 17.7711, 'accuracy': 0.9752, 'precision': 0.7881, 'recall': 0.4619, 'f1': 0.5824, 'auc': 0.9517}
val: {'epoch': 93, 'loss': 0.0899, 'lr': 0.001, 'params': 870605, 'time_iter': 3.2288, 'accuracy': 0.9837, 'precision': 0.6591, 'recall': 0.358, 'f1': 0.464, 'auc': 0.8243}
train: {'epoch': 93, 'eta': 106928.9421, 'loss': 0.0767, 'lr': 0.001, 'params': 870605, 'time_iter': 17.1961, 'accuracy': 0.9751, 'precision': 0.7937, 'recall': 0.4529, 'f1': 0.5767, 'auc': 0.951}
val: {'epoch': 94, 'loss': 0.1006, 'lr': 0.001, 'params': 870605, 'time_iter': 3.1893, 'accuracy': 0.9837, 'precision': 1.0, 'recall': 0.1728, 'f1': 0.2947, 'auc': 0.8019}
train: {'epoch': 94, 'eta': 89087.7727, 'loss': 0.0767, 'lr': 0.001, 'params': 870605, 'time_iter': 16.9559, 'accuracy': 0.9757, 'precision': 0.7992, 'recall': 0.4683, 'f1': 0.5906, 'auc': 0.9492}
val: {'epoch': 95, 'loss': 0.1027, 'lr': 0.001, 'params': 870605, 'time_iter': 3.093, 'accuracy': 0.983, 'precision': 0.7895, 'recall': 0.1852, 'f1': 0.3, 'auc': 0.8208}
train: {'epoch': 95, 'eta': 71254.7726, 'loss': 0.0768, 'lr': 0.001, 'params': 870605, 'time_iter': 16.9552, 'accuracy': 0.9749, 'precision': 0.7832, 'recall': 0.4545, 'f1': 0.5752, 'auc': 0.9504}
val: {'epoch': 96, 'loss': 0.0957, 'lr': 0.001, 'params': 870605, 'time_iter': 3.4172, 'accuracy': 0.983, 'precision': 0.7895, 'recall': 0.1852, 'f1': 0.3, 'auc': 0.8242}
train: {'epoch': 96, 'eta': 53440.3589, 'loss': 0.0743, 'lr': 0.001, 'params': 870605, 'time_iter': 17.289, 'accuracy': 0.976, 'precision': 0.8055, 'recall': 0.474, 'f1': 0.5968, 'auc': 0.9549}
val: {'epoch': 97, 'loss': 0.0997, 'lr': 0.001, 'params': 870605, 'time_iter': 3.1351, 'accuracy': 0.9827, 'precision': 0.75, 'recall': 0.1852, 'f1': 0.297, 'auc': 0.8173}
train: {'epoch': 97, 'eta': 35637.2695, 'loss': 0.076, 'lr': 0.001, 'params': 870605, 'time_iter': 17.8049, 'accuracy': 0.9757, 'precision': 0.8014, 'recall': 0.4683, 'f1': 0.5912, 'auc': 0.9516}
val: {'epoch': 98, 'loss': 0.0963, 'lr': 0.001, 'params': 870605, 'time_iter': 3.5735, 'accuracy': 0.9813, 'precision': 0.5769, 'recall': 0.1852, 'f1': 0.2804, 'auc': 0.8224}
train: {'epoch': 98, 'eta': 17816.6309, 'loss': 0.074, 'lr': 0.001, 'params': 870605, 'time_iter': 17.1237, 'accuracy': 0.9763, 'precision': 0.7974, 'recall': 0.4919, 'f1': 0.6084, 'auc': 0.9553}
val: {'epoch': 99, 'loss': 0.097, 'lr': 0.001, 'params': 870605, 'time_iter': 3.7713, 'accuracy': 0.9825, 'precision': 0.6667, 'recall': 0.2222, 'f1': 0.3333, 'auc': 0.8272}
train: {'epoch': 99, 'eta': 0.0, 'loss': 0.0735, 'lr': 0.001, 'params': 870605, 'time_iter': 17.6658, 'accuracy': 0.9756, 'precision': 0.794, 'recall': 0.4692, 'f1': 0.5898, 'auc': 0.9559}
test: {'epoch': 99, 'loss': 0.1897, 'lr': 0.001, 'params': 870605, 'time_iter': 3.187, 'accuracy': 0.9686, 'precision': 0.5135, 'recall': 0.1462, 'f1': 0.2275, 'auc': 0.7623}
test: {'epoch': 68, 'loss': 0.1606, 'lr': 0.001, 'params': 870605, 'time_iter': 3.2192, 'accuracy': 0.9696, 'precision': 0.5581, 'recall': 0.1846, 'f1': 0.2775, 'auc': 0.7727}
