GraphGymModule(
  (model): DilatedGNNModel(
    (encoder): FeatureEncoder(
      (node_encoder): AtomEncoder(
        (atom_embedding_list): ModuleList(
          (0): Embedding(119, 300)
          (1): Embedding(4, 300)
          (2): Embedding(12, 300)
          (3): Embedding(12, 300)
          (4): Embedding(10, 300)
          (5): Embedding(6, 300)
          (6): Embedding(6, 300)
          (7): Embedding(2, 300)
          (8): Embedding(2, 300)
        )
      )
      (edge_encoder): BondEncoder(
        (bond_embedding_list): ModuleList(
          (0): Embedding(5, 300)
          (1): Embedding(6, 300)
          (2): Embedding(2, 300)
        )
      )
    )
    (mp): GNNDilatedStage(
      (classic_layers): ModuleList(
        (0): GeneralLayer(
          (layer): EGINConv(
            (model): GINEConv(nn=Sequential(
              (0): Linear(300, 300, bias=True)
              (1): ReLU()
              (2): Linear(300, 300, bias=True)
            ))
          )
          (post_layer): Sequential(
            (0): BatchNorm1d(300, eps=1e-05, momentum=0.1, affine=True, track_running_stats=True)
            (1): Dropout(p=0.5, inplace=False)
            (2): ReLU()
          )
        )
      )
      (dilated_layers): ModuleList(
        (0): DilatedGeneralLayer(
          (layer): EGINConv(
            (model): GINEConv(nn=Sequential(
              (0): Linear(300, 300, bias=True)
              (1): ReLU()
              (2): Linear(300, 300, bias=True)
            ))
          )
          (post_layer): Sequential(
            (0): BatchNorm1d(300, eps=1e-05, momentum=0.1, affine=True, track_running_stats=True)
            (1): Dropout(p=0.5, inplace=False)
            (2): ReLU()
          )
          (gem): GeM(p=3.0000, eps=1e-06)
        )
      )
      (act): ReLU()
    )
    (post_mp): GNNGraphHead(
      (layer_post_mp): MLP(
        (model): Sequential(
          (0): Linear(
            (model): Linear(600, 1, bias=True)
          )
        )
      )
    )
  )
)
accelerator: cuda
benchmark: False
bn:
  eps: 1e-05
  mom: 0.1
cfg_dest: config.yaml
custom_metrics: []
dataset:
  cache_load: False
  cache_save: False
  dir: ./datasets
  edge_dim: 300
  edge_encoder: True
  edge_encoder_bn: False
  edge_encoder_name: Bond
  edge_message_ratio: 0.8
  edge_negative_sampling_ratio: 1.0
  edge_train_mode: all
  encoder: True
  encoder_bn: True
  encoder_dim: 128
  encoder_name: db
  fast_loader: False
  format: OGB
  label_column: none
  label_table: none
  location: local
  name: ogbg-molhiv
  node_encoder: True
  node_encoder_bn: False
  node_encoder_name: Atom
  remove_feature: False
  resample_disjoint: False
  resample_negative: False
  shuffle_split: True
  split: [0.8, 0.1, 0.1]
  split_mode: random
  task: graph
  task_type: classification
  to_undirected: False
  transductive: False
  transform: none
  tu_simple: True
devices: 1
gnn:
  act: relu
  act_on_last_layer_mp: False
  agg: none
  att_final_linear: False
  att_final_linear_bn: False
  att_heads: 1
  batchnorm: True
  clear_feature: True
  dilated_path_join: concat
  dim_inner: 300
  dropout: 0.5
  head: graph
  keep_edge: 0.5
  l2norm: True
  layer_type: eginconv
  layers_k1: 1
  layers_k2: 1
  layers_mp: 5
  layers_post_mp: 1
  layers_pre_mp: 0
  learn_alpha_residual_connection: False
  msg_direction: single
  normalize_adj: False
  self_msg: concat
  skip_every: 1
  stage_type: stack
  use_edge_features: True
gpu_mem: False
mem:
  inplace: False
metric_agg: argmax
metric_best: auc
model:
  edge_decoding: dot
  graph_pooling: mean
  loss_fun: cross_entropy
  match_upper: True
  size_average: mean
  thresh: 0.5
  type: dilated_gnn
num_threads: 6
num_workers: 16
optim:
  base_lr: 0.001
  lr_decay: 0.1
  max_epoch: 100
  momentum: 0.9
  optimizer: adam
  scheduler: none
  steps: [30, 60, 90]
  weight_decay: 0.0
out_dir: results_experiments/ogbg_molhiv_baseline_grid_design/ogbg_molhiv_baseline-type=dilated_gnn-layer_type=eginconv-layers_k1=1-layers_k2=1-dilated_path_join=concat-learn_alpha_residual_connection=False
params: 599402
print: both
round: 4
run_dir: results_experiments/ogbg_molhiv_baseline_grid_design/ogbg_molhiv_baseline-type=dilated_gnn-layer_type=eginconv-layers_k1=1-layers_k2=1-dilated_path_join=concat-learn_alpha_residual_connection=False/6
seed: 7
share:
  dim_in: 9
  dim_out: 2
  num_splits: 3
tensorboard_agg: True
tensorboard_each_run: False
train:
  auto_resume: False
  batch_size: 32
  ckpt_clean: True
  ckpt_period: 100
  enable_ckpt: True
  epoch_resume: -1
  eval_period: 1
  iter_per_epoch: 32
  neighbor_sizes: [20, 15, 10, 5]
  node_per_graph: 32
  radius: extend
  sample_node: False
  sampler: full_batch
  skip_train_eval: False
  walk_length: 4
val:
  node_per_graph: 32
  radius: extend
  sample_node: False
  sampler: full_batch
view_emb: False
Num parameters: 599402
val: {'epoch': 0, 'loss': 0.6756, 'lr': 0.001, 'params': 599402, 'time_iter': 0.7884, 'accuracy': 0.9844, 'precision': 0.0, 'recall': 0.0, 'f1': 0.0, 'auc': 0.7778}
val: {'epoch': 0, 'loss': 0.0985, 'lr': 0.001, 'params': 599402, 'time_iter': 1.2413, 'accuracy': 0.9803, 'precision': 0.0, 'recall': 0.0, 'f1': 0.0, 'auc': 0.6098}
train: {'epoch': 0, 'eta': 1015283.1903, 'loss': 0.1751, 'lr': 0.001, 'params': 599402, 'time_iter': 9.9664, 'accuracy': 0.9622, 'precision': 0.0, 'recall': 0.0, 'f1': 0.0, 'auc': 0.5622}
val: {'epoch': 1, 'loss': 0.0971, 'lr': 0.001, 'params': 599402, 'time_iter': 1.2498, 'accuracy': 0.9803, 'precision': 0.0, 'recall': 0.0, 'f1': 0.0, 'auc': 0.6521}
train: {'epoch': 1, 'eta': 988618.0501, 'loss': 0.1557, 'lr': 0.001, 'params': 599402, 'time_iter': 9.6409, 'accuracy': 0.9626, 'precision': 0.0, 'recall': 0.0, 'f1': 0.0, 'auc': 0.6332}
val: {'epoch': 2, 'loss': 0.0926, 'lr': 0.001, 'params': 599402, 'time_iter': 1.8659, 'accuracy': 0.9803, 'precision': 0.0, 'recall': 0.0, 'f1': 0.0, 'auc': 0.6682}
train: {'epoch': 2, 'eta': 966662.7733, 'loss': 0.1537, 'lr': 0.001, 'params': 599402, 'time_iter': 9.4469, 'accuracy': 0.9625, 'precision': 0.0, 'recall': 0.0, 'f1': 0.0, 'auc': 0.6661}
val: {'epoch': 3, 'loss': 0.0912, 'lr': 0.001, 'params': 599402, 'time_iter': 1.2212, 'accuracy': 0.9803, 'precision': 0.0, 'recall': 0.0, 'f1': 0.0, 'auc': 0.7108}
train: {'epoch': 3, 'eta': 952023.8591, 'loss': 0.1502, 'lr': 0.001, 'params': 599402, 'time_iter': 9.4955, 'accuracy': 0.9625, 'precision': 0.3333, 'recall': 0.0008, 'f1': 0.0016, 'auc': 0.6955}
val: {'epoch': 4, 'loss': 0.1009, 'lr': 0.001, 'params': 599402, 'time_iter': 1.2719, 'accuracy': 0.9793, 'precision': 0.0, 'recall': 0.0, 'f1': 0.0, 'auc': 0.6647}
train: {'epoch': 4, 'eta': 939772.994, 'loss': 0.1468, 'lr': 0.001, 'params': 599402, 'time_iter': 9.5181, 'accuracy': 0.9624, 'precision': 0.0, 'recall': 0.0, 'f1': 0.0, 'auc': 0.7181}
val: {'epoch': 5, 'loss': 0.0883, 'lr': 0.001, 'params': 599402, 'time_iter': 1.37, 'accuracy': 0.9803, 'precision': 0.5, 'recall': 0.0123, 'f1': 0.0241, 'auc': 0.7605}
train: {'epoch': 5, 'eta': 928361.3626, 'loss': 0.1431, 'lr': 0.001, 'params': 599402, 'time_iter': 9.5193, 'accuracy': 0.9626, 'precision': 0.5, 'recall': 0.0008, 'f1': 0.0016, 'auc': 0.733}
val: {'epoch': 6, 'loss': 0.0833, 'lr': 0.001, 'params': 599402, 'time_iter': 1.2447, 'accuracy': 0.9818, 'precision': 0.8, 'recall': 0.0988, 'f1': 0.1758, 'auc': 0.7766}
train: {'epoch': 6, 'eta': 919257.4827, 'loss': 0.1405, 'lr': 0.001, 'params': 599402, 'time_iter': 9.6543, 'accuracy': 0.9626, 'precision': 0.5714, 'recall': 0.0065, 'f1': 0.0128, 'auc': 0.7467}
val: {'epoch': 7, 'loss': 0.0865, 'lr': 0.001, 'params': 599402, 'time_iter': 1.2815, 'accuracy': 0.9813, 'precision': 1.0, 'recall': 0.0494, 'f1': 0.0941, 'auc': 0.7642}
train: {'epoch': 7, 'eta': 906474.1424, 'loss': 0.1374, 'lr': 0.001, 'params': 599402, 'time_iter': 9.3609, 'accuracy': 0.9624, 'precision': 0.4412, 'recall': 0.0122, 'f1': 0.0237, 'auc': 0.7588}
val: {'epoch': 8, 'loss': 0.0797, 'lr': 0.001, 'params': 599402, 'time_iter': 1.3194, 'accuracy': 0.9813, 'precision': 0.6429, 'recall': 0.1111, 'f1': 0.1895, 'auc': 0.7998}
train: {'epoch': 8, 'eta': 896665.0304, 'loss': 0.1356, 'lr': 0.001, 'params': 599402, 'time_iter': 9.5795, 'accuracy': 0.9629, 'precision': 0.6087, 'recall': 0.0227, 'f1': 0.0438, 'auc': 0.7672}
val: {'epoch': 9, 'loss': 0.0824, 'lr': 0.001, 'params': 599402, 'time_iter': 1.2185, 'accuracy': 0.9808, 'precision': 0.5417, 'recall': 0.1605, 'f1': 0.2476, 'auc': 0.7661}
train: {'epoch': 9, 'eta': 887772.4144, 'loss': 0.1332, 'lr': 0.001, 'params': 599402, 'time_iter': 9.6795, 'accuracy': 0.9626, 'precision': 0.5185, 'recall': 0.0341, 'f1': 0.064, 'auc': 0.777}
val: {'epoch': 10, 'loss': 0.0861, 'lr': 0.001, 'params': 599402, 'time_iter': 1.263, 'accuracy': 0.9801, 'precision': 0.4737, 'recall': 0.1111, 'f1': 0.18, 'auc': 0.7608}
train: {'epoch': 10, 'eta': 877741.5697, 'loss': 0.1307, 'lr': 0.001, 'params': 599402, 'time_iter': 9.5661, 'accuracy': 0.963, 'precision': 0.5784, 'recall': 0.0479, 'f1': 0.0885, 'auc': 0.7896}
val: {'epoch': 11, 'loss': 0.0787, 'lr': 0.001, 'params': 599402, 'time_iter': 1.2695, 'accuracy': 0.9801, 'precision': 0.4737, 'recall': 0.1111, 'f1': 0.18, 'auc': 0.7664}
train: {'epoch': 11, 'eta': 866400.4546, 'loss': 0.1307, 'lr': 0.001, 'params': 599402, 'time_iter': 9.3883, 'accuracy': 0.9628, 'precision': 0.5357, 'recall': 0.0487, 'f1': 0.0893, 'auc': 0.7891}
val: {'epoch': 12, 'loss': 0.0776, 'lr': 0.001, 'params': 599402, 'time_iter': 1.4848, 'accuracy': 0.9803, 'precision': 0.5, 'recall': 0.0247, 'f1': 0.0471, 'auc': 0.7875}
train: {'epoch': 12, 'eta': 855759.1687, 'loss': 0.1282, 'lr': 0.001, 'params': 599402, 'time_iter': 9.4524, 'accuracy': 0.9634, 'precision': 0.5971, 'recall': 0.0674, 'f1': 0.1211, 'auc': 0.7966}
val: {'epoch': 13, 'loss': 0.0874, 'lr': 0.001, 'params': 599402, 'time_iter': 1.2581, 'accuracy': 0.9801, 'precision': 0.4444, 'recall': 0.0494, 'f1': 0.0889, 'auc': 0.792}
train: {'epoch': 13, 'eta': 846708.381, 'loss': 0.1264, 'lr': 0.001, 'params': 599402, 'time_iter': 9.6834, 'accuracy': 0.9637, 'precision': 0.6173, 'recall': 0.0812, 'f1': 0.1435, 'auc': 0.798}
val: {'epoch': 14, 'loss': 0.0799, 'lr': 0.001, 'params': 599402, 'time_iter': 1.2583, 'accuracy': 0.9788, 'precision': 0.4167, 'recall': 0.1852, 'f1': 0.2564, 'auc': 0.7945}
train: {'epoch': 14, 'eta': 836692.1521, 'loss': 0.125, 'lr': 0.001, 'params': 599402, 'time_iter': 9.5387, 'accuracy': 0.964, 'precision': 0.6395, 'recall': 0.0893, 'f1': 0.1567, 'auc': 0.8055}
val: {'epoch': 15, 'loss': 0.0814, 'lr': 0.001, 'params': 599402, 'time_iter': 1.3258, 'accuracy': 0.9801, 'precision': 0.4783, 'recall': 0.1358, 'f1': 0.2115, 'auc': 0.779}
train: {'epoch': 15, 'eta': 826698.3164, 'loss': 0.1239, 'lr': 0.001, 'params': 599402, 'time_iter': 9.5382, 'accuracy': 0.9642, 'precision': 0.6368, 'recall': 0.1039, 'f1': 0.1786, 'auc': 0.8117}
val: {'epoch': 16, 'loss': 0.0772, 'lr': 0.001, 'params': 599402, 'time_iter': 1.2477, 'accuracy': 0.9813, 'precision': 0.6429, 'recall': 0.1111, 'f1': 0.1895, 'auc': 0.7989}
train: {'epoch': 16, 'eta': 816924.2722, 'loss': 0.1219, 'lr': 0.001, 'params': 599402, 'time_iter': 9.5777, 'accuracy': 0.9644, 'precision': 0.6415, 'recall': 0.1104, 'f1': 0.1884, 'auc': 0.8221}
val: {'epoch': 17, 'loss': 0.0754, 'lr': 0.001, 'params': 599402, 'time_iter': 1.2957, 'accuracy': 0.9827, 'precision': 0.8125, 'recall': 0.1605, 'f1': 0.268, 'auc': 0.8172}
train: {'epoch': 17, 'eta': 806774.5874, 'loss': 0.1208, 'lr': 0.001, 'params': 599402, 'time_iter': 9.4995, 'accuracy': 0.9653, 'precision': 0.6606, 'recall': 0.1485, 'f1': 0.2425, 'auc': 0.8198}
val: {'epoch': 18, 'loss': 0.082, 'lr': 0.001, 'params': 599402, 'time_iter': 1.2271, 'accuracy': 0.9791, 'precision': 0.4, 'recall': 0.1235, 'f1': 0.1887, 'auc': 0.7725}
train: {'epoch': 18, 'eta': 797116.5871, 'loss': 0.1207, 'lr': 0.001, 'params': 599402, 'time_iter': 9.6026, 'accuracy': 0.9646, 'precision': 0.6349, 'recall': 0.1299, 'f1': 0.2156, 'auc': 0.8195}
val: {'epoch': 19, 'loss': 0.0758, 'lr': 0.001, 'params': 599402, 'time_iter': 2.0705, 'accuracy': 0.981, 'precision': 0.5484, 'recall': 0.2099, 'f1': 0.3036, 'auc': 0.8037}
train: {'epoch': 19, 'eta': 787451.8546, 'loss': 0.1191, 'lr': 0.001, 'params': 599402, 'time_iter': 9.6064, 'accuracy': 0.9651, 'precision': 0.6554, 'recall': 0.142, 'f1': 0.2335, 'auc': 0.8263}
val: {'epoch': 20, 'loss': 0.0766, 'lr': 0.001, 'params': 599402, 'time_iter': 1.2298, 'accuracy': 0.981, 'precision': 0.5556, 'recall': 0.1852, 'f1': 0.2778, 'auc': 0.799}
train: {'epoch': 20, 'eta': 776868.9207, 'loss': 0.1181, 'lr': 0.001, 'params': 599402, 'time_iter': 9.3746, 'accuracy': 0.9658, 'precision': 0.6957, 'recall': 0.1558, 'f1': 0.2546, 'auc': 0.8272}
val: {'epoch': 21, 'loss': 0.0767, 'lr': 0.001, 'params': 599402, 'time_iter': 1.2659, 'accuracy': 0.9813, 'precision': 0.6, 'recall': 0.1481, 'f1': 0.2376, 'auc': 0.8052}
train: {'epoch': 21, 'eta': 766594.2266, 'loss': 0.1182, 'lr': 0.001, 'params': 599402, 'time_iter': 9.4358, 'accuracy': 0.965, 'precision': 0.6355, 'recall': 0.1542, 'f1': 0.2482, 'auc': 0.8315}
val: {'epoch': 22, 'loss': 0.0749, 'lr': 0.001, 'params': 599402, 'time_iter': 1.3613, 'accuracy': 0.983, 'precision': 0.6486, 'recall': 0.2963, 'f1': 0.4068, 'auc': 0.8031}
train: {'epoch': 22, 'eta': 756360.604, 'loss': 0.1172, 'lr': 0.001, 'params': 599402, 'time_iter': 9.4334, 'accuracy': 0.9657, 'precision': 0.6744, 'recall': 0.1648, 'f1': 0.2648, 'auc': 0.8332}
val: {'epoch': 23, 'loss': 0.0798, 'lr': 0.001, 'params': 599402, 'time_iter': 1.2688, 'accuracy': 0.9793, 'precision': 0.4333, 'recall': 0.1605, 'f1': 0.2342, 'auc': 0.7943}
train: {'epoch': 23, 'eta': 746250.7488, 'loss': 0.1159, 'lr': 0.001, 'params': 599402, 'time_iter': 9.458, 'accuracy': 0.9667, 'precision': 0.7175, 'recall': 0.1834, 'f1': 0.2922, 'auc': 0.8362}
val: {'epoch': 24, 'loss': 0.0744, 'lr': 0.001, 'params': 599402, 'time_iter': 1.2503, 'accuracy': 0.9837, 'precision': 0.7188, 'recall': 0.284, 'f1': 0.4071, 'auc': 0.7929}
train: {'epoch': 24, 'eta': 736276.9265, 'loss': 0.1153, 'lr': 0.001, 'params': 599402, 'time_iter': 9.4922, 'accuracy': 0.9661, 'precision': 0.6903, 'recall': 0.1737, 'f1': 0.2776, 'auc': 0.8424}
val: {'epoch': 25, 'loss': 0.0734, 'lr': 0.001, 'params': 599402, 'time_iter': 1.2767, 'accuracy': 0.9827, 'precision': 0.6471, 'recall': 0.2716, 'f1': 0.3826, 'auc': 0.8092}
train: {'epoch': 25, 'eta': 726096.8213, 'loss': 0.1148, 'lr': 0.001, 'params': 599402, 'time_iter': 9.4164, 'accuracy': 0.9659, 'precision': 0.6562, 'recall': 0.1875, 'f1': 0.2917, 'auc': 0.8394}
val: {'epoch': 26, 'loss': 0.0776, 'lr': 0.001, 'params': 599402, 'time_iter': 1.7813, 'accuracy': 0.9803, 'precision': 0.5, 'recall': 0.1235, 'f1': 0.198, 'auc': 0.8004}
train: {'epoch': 26, 'eta': 716128.3988, 'loss': 0.1143, 'lr': 0.001, 'params': 599402, 'time_iter': 9.4794, 'accuracy': 0.9661, 'precision': 0.6657, 'recall': 0.1924, 'f1': 0.2985, 'auc': 0.8437}
val: {'epoch': 27, 'loss': 0.0754, 'lr': 0.001, 'params': 599402, 'time_iter': 1.246, 'accuracy': 0.983, 'precision': 0.641, 'recall': 0.3086, 'f1': 0.4167, 'auc': 0.7892}
train: {'epoch': 27, 'eta': 706098.8669, 'loss': 0.1138, 'lr': 0.001, 'params': 599402, 'time_iter': 9.4505, 'accuracy': 0.9662, 'precision': 0.6806, 'recall': 0.1851, 'f1': 0.291, 'auc': 0.8476}
val: {'epoch': 28, 'loss': 0.0836, 'lr': 0.001, 'params': 599402, 'time_iter': 1.2453, 'accuracy': 0.9776, 'precision': 0.4068, 'recall': 0.2963, 'f1': 0.3429, 'auc': 0.7966}
train: {'epoch': 28, 'eta': 695600.3711, 'loss': 0.1133, 'lr': 0.001, 'params': 599402, 'time_iter': 9.256, 'accuracy': 0.9676, 'precision': 0.7224, 'recall': 0.2175, 'f1': 0.3344, 'auc': 0.8456}
val: {'epoch': 29, 'loss': 0.0729, 'lr': 0.001, 'params': 599402, 'time_iter': 1.4112, 'accuracy': 0.9818, 'precision': 0.6154, 'recall': 0.1975, 'f1': 0.2991, 'auc': 0.8095}
train: {'epoch': 29, 'eta': 685501.2429, 'loss': 0.1121, 'lr': 0.001, 'params': 599402, 'time_iter': 9.3953, 'accuracy': 0.9668, 'precision': 0.687, 'recall': 0.2102, 'f1': 0.3219, 'auc': 0.8517}
val: {'epoch': 30, 'loss': 0.0804, 'lr': 0.001, 'params': 599402, 'time_iter': 1.2338, 'accuracy': 0.9793, 'precision': 0.4565, 'recall': 0.2593, 'f1': 0.3307, 'auc': 0.7825}
train: {'epoch': 30, 'eta': 675650.8493, 'loss': 0.1119, 'lr': 0.001, 'params': 599402, 'time_iter': 9.4918, 'accuracy': 0.9672, 'precision': 0.6974, 'recall': 0.2208, 'f1': 0.3354, 'auc': 0.8491}
val: {'epoch': 31, 'loss': 0.0799, 'lr': 0.001, 'params': 599402, 'time_iter': 1.2517, 'accuracy': 0.9803, 'precision': 0.5, 'recall': 0.2716, 'f1': 0.352, 'auc': 0.8038}
train: {'epoch': 31, 'eta': 665972.8322, 'loss': 0.1113, 'lr': 0.001, 'params': 599402, 'time_iter': 9.5682, 'accuracy': 0.9676, 'precision': 0.72, 'recall': 0.2192, 'f1': 0.336, 'auc': 0.8547}
val: {'epoch': 32, 'loss': 0.0792, 'lr': 0.001, 'params': 599402, 'time_iter': 1.3324, 'accuracy': 0.9818, 'precision': 0.56, 'recall': 0.3457, 'f1': 0.4275, 'auc': 0.7967}
train: {'epoch': 32, 'eta': 656082.9332, 'loss': 0.1115, 'lr': 0.001, 'params': 599402, 'time_iter': 9.4717, 'accuracy': 0.968, 'precision': 0.7432, 'recall': 0.2232, 'f1': 0.3433, 'auc': 0.8516}
val: {'epoch': 33, 'loss': 0.0753, 'lr': 0.001, 'params': 599402, 'time_iter': 1.2554, 'accuracy': 0.9835, 'precision': 0.6512, 'recall': 0.3457, 'f1': 0.4516, 'auc': 0.7946}
train: {'epoch': 33, 'eta': 646270.9044, 'loss': 0.1104, 'lr': 0.001, 'params': 599402, 'time_iter': 9.5064, 'accuracy': 0.9678, 'precision': 0.7139, 'recall': 0.233, 'f1': 0.3513, 'auc': 0.8517}
val: {'epoch': 34, 'loss': 0.0803, 'lr': 0.001, 'params': 599402, 'time_iter': 1.2808, 'accuracy': 0.9798, 'precision': 0.4688, 'recall': 0.1852, 'f1': 0.2655, 'auc': 0.7931}
train: {'epoch': 34, 'eta': 636073.2086, 'loss': 0.1099, 'lr': 0.001, 'params': 599402, 'time_iter': 9.3037, 'accuracy': 0.9684, 'precision': 0.7324, 'recall': 0.2443, 'f1': 0.3664, 'auc': 0.8545}
val: {'epoch': 35, 'loss': 0.0807, 'lr': 0.001, 'params': 599402, 'time_iter': 1.2948, 'accuracy': 0.9803, 'precision': 0.5, 'recall': 0.0617, 'f1': 0.1099, 'auc': 0.8103}
train: {'epoch': 35, 'eta': 626258.8271, 'loss': 0.1092, 'lr': 0.001, 'params': 599402, 'time_iter': 9.4943, 'accuracy': 0.9677, 'precision': 0.7033, 'recall': 0.2386, 'f1': 0.3564, 'auc': 0.8588}
val: {'epoch': 36, 'loss': 0.0859, 'lr': 0.001, 'params': 599402, 'time_iter': 1.5114, 'accuracy': 0.9805, 'precision': 0.5128, 'recall': 0.2469, 'f1': 0.3333, 'auc': 0.7335}
train: {'epoch': 36, 'eta': 616499.108, 'loss': 0.1089, 'lr': 0.001, 'params': 599402, 'time_iter': 9.5241, 'accuracy': 0.968, 'precision': 0.7153, 'recall': 0.2427, 'f1': 0.3624, 'auc': 0.8619}
val: {'epoch': 37, 'loss': 0.0799, 'lr': 0.001, 'params': 599402, 'time_iter': 1.2756, 'accuracy': 0.982, 'precision': 0.6667, 'recall': 0.1728, 'f1': 0.2745, 'auc': 0.7897}
train: {'epoch': 37, 'eta': 607158.7087, 'loss': 0.1088, 'lr': 0.001, 'params': 599402, 'time_iter': 9.7751, 'accuracy': 0.9678, 'precision': 0.6927, 'recall': 0.2524, 'f1': 0.37, 'auc': 0.8634}
val: {'epoch': 38, 'loss': 0.0796, 'lr': 0.001, 'params': 599402, 'time_iter': 1.2161, 'accuracy': 0.981, 'precision': 0.5882, 'recall': 0.1235, 'f1': 0.2041, 'auc': 0.802}
train: {'epoch': 38, 'eta': 597292.2154, 'loss': 0.1081, 'lr': 0.001, 'params': 599402, 'time_iter': 9.4712, 'accuracy': 0.9681, 'precision': 0.698, 'recall': 0.2589, 'f1': 0.3777, 'auc': 0.862}
val: {'epoch': 39, 'loss': 0.0765, 'lr': 0.001, 'params': 599402, 'time_iter': 1.2903, 'accuracy': 0.9818, 'precision': 0.5882, 'recall': 0.2469, 'f1': 0.3478, 'auc': 0.8012}
train: {'epoch': 39, 'eta': 587461.2258, 'loss': 0.1071, 'lr': 0.001, 'params': 599402, 'time_iter': 9.4902, 'accuracy': 0.9693, 'precision': 0.7483, 'recall': 0.2703, 'f1': 0.3971, 'auc': 0.8631}
val: {'epoch': 40, 'loss': 0.0808, 'lr': 0.001, 'params': 599402, 'time_iter': 1.2256, 'accuracy': 0.9815, 'precision': 0.5714, 'recall': 0.2469, 'f1': 0.3448, 'auc': 0.7734}
train: {'epoch': 40, 'eta': 577649.9331, 'loss': 0.1071, 'lr': 0.001, 'params': 599402, 'time_iter': 9.5014, 'accuracy': 0.9685, 'precision': 0.7207, 'recall': 0.2597, 'f1': 0.3819, 'auc': 0.8671}
val: {'epoch': 41, 'loss': 0.0856, 'lr': 0.001, 'params': 599402, 'time_iter': 1.2801, 'accuracy': 0.9803, 'precision': 0.5, 'recall': 0.2469, 'f1': 0.3306, 'auc': 0.7769}
train: {'epoch': 41, 'eta': 567635.2489, 'loss': 0.1058, 'lr': 0.001, 'params': 599402, 'time_iter': 9.3571, 'accuracy': 0.9688, 'precision': 0.7361, 'recall': 0.2581, 'f1': 0.3822, 'auc': 0.8695}
val: {'epoch': 42, 'loss': 0.079, 'lr': 0.001, 'params': 599402, 'time_iter': 1.2723, 'accuracy': 0.9798, 'precision': 0.4667, 'recall': 0.1728, 'f1': 0.2523, 'auc': 0.7868}
train: {'epoch': 42, 'eta': 557867.3594, 'loss': 0.1055, 'lr': 0.001, 'params': 599402, 'time_iter': 9.5249, 'accuracy': 0.9691, 'precision': 0.7292, 'recall': 0.2776, 'f1': 0.4021, 'auc': 0.8732}
val: {'epoch': 43, 'loss': 0.0793, 'lr': 0.001, 'params': 599402, 'time_iter': 1.7988, 'accuracy': 0.982, 'precision': 0.7059, 'recall': 0.1481, 'f1': 0.2449, 'auc': 0.8005}
train: {'epoch': 43, 'eta': 547952.4545, 'loss': 0.1049, 'lr': 0.001, 'params': 599402, 'time_iter': 9.4138, 'accuracy': 0.9691, 'precision': 0.7269, 'recall': 0.2808, 'f1': 0.4052, 'auc': 0.8737}
val: {'epoch': 44, 'loss': 0.0776, 'lr': 0.001, 'params': 599402, 'time_iter': 1.2688, 'accuracy': 0.9832, 'precision': 0.7143, 'recall': 0.2469, 'f1': 0.367, 'auc': 0.7751}
train: {'epoch': 44, 'eta': 538543.1694, 'loss': 0.1048, 'lr': 0.001, 'params': 599402, 'time_iter': 9.8077, 'accuracy': 0.9696, 'precision': 0.7422, 'recall': 0.2898, 'f1': 0.4168, 'auc': 0.8734}
val: {'epoch': 45, 'loss': 0.0753, 'lr': 0.001, 'params': 599402, 'time_iter': 1.2336, 'accuracy': 0.9837, 'precision': 0.75, 'recall': 0.2593, 'f1': 0.3853, 'auc': 0.8055}
train: {'epoch': 45, 'eta': 528788.8338, 'loss': 0.1048, 'lr': 0.001, 'params': 599402, 'time_iter': 9.5467, 'accuracy': 0.9691, 'precision': 0.7189, 'recall': 0.2865, 'f1': 0.4098, 'auc': 0.8756}
val: {'epoch': 46, 'loss': 0.0796, 'lr': 0.001, 'params': 599402, 'time_iter': 1.2647, 'accuracy': 0.981, 'precision': 0.5385, 'recall': 0.2593, 'f1': 0.35, 'auc': 0.7899}
train: {'epoch': 46, 'eta': 518802.9822, 'loss': 0.1042, 'lr': 0.001, 'params': 599402, 'time_iter': 9.3497, 'accuracy': 0.9699, 'precision': 0.7548, 'recall': 0.2898, 'f1': 0.4188, 'auc': 0.8741}
val: {'epoch': 47, 'loss': 0.0808, 'lr': 0.001, 'params': 599402, 'time_iter': 1.2724, 'accuracy': 0.9827, 'precision': 0.6087, 'recall': 0.3457, 'f1': 0.4409, 'auc': 0.785}
train: {'epoch': 47, 'eta': 509269.6561, 'loss': 0.1026, 'lr': 0.001, 'params': 599402, 'time_iter': 9.742, 'accuracy': 0.9693, 'precision': 0.7293, 'recall': 0.2865, 'f1': 0.4114, 'auc': 0.8816}
val: {'epoch': 48, 'loss': 0.0778, 'lr': 0.001, 'params': 599402, 'time_iter': 1.2486, 'accuracy': 0.9827, 'precision': 0.6471, 'recall': 0.2716, 'f1': 0.3826, 'auc': 0.7812}
train: {'epoch': 48, 'eta': 499609.474, 'loss': 0.1039, 'lr': 0.001, 'params': 599402, 'time_iter': 9.6423, 'accuracy': 0.9701, 'precision': 0.7436, 'recall': 0.306, 'f1': 0.4336, 'auc': 0.8758}
val: {'epoch': 49, 'loss': 0.0739, 'lr': 0.001, 'params': 599402, 'time_iter': 1.2761, 'accuracy': 0.984, 'precision': 0.7419, 'recall': 0.284, 'f1': 0.4107, 'auc': 0.8021}
train: {'epoch': 49, 'eta': 489809.8314, 'loss': 0.1023, 'lr': 0.001, 'params': 599402, 'time_iter': 9.5169, 'accuracy': 0.9696, 'precision': 0.7275, 'recall': 0.3011, 'f1': 0.4259, 'auc': 0.8827}
val: {'epoch': 50, 'loss': 0.0818, 'lr': 0.001, 'params': 599402, 'time_iter': 1.7257, 'accuracy': 0.9823, 'precision': 0.7857, 'recall': 0.1358, 'f1': 0.2316, 'auc': 0.7905}
train: {'epoch': 50, 'eta': 480046.7169, 'loss': 0.1031, 'lr': 0.001, 'params': 599402, 'time_iter': 9.5536, 'accuracy': 0.97, 'precision': 0.7393, 'recall': 0.3084, 'f1': 0.4353, 'auc': 0.8768}
val: {'epoch': 51, 'loss': 0.0778, 'lr': 0.001, 'params': 599402, 'time_iter': 1.2202, 'accuracy': 0.982, 'precision': 0.6296, 'recall': 0.2099, 'f1': 0.3148, 'auc': 0.8052}
train: {'epoch': 51, 'eta': 470139.8966, 'loss': 0.1021, 'lr': 0.001, 'params': 599402, 'time_iter': 9.405, 'accuracy': 0.9702, 'precision': 0.7515, 'recall': 0.3068, 'f1': 0.4357, 'auc': 0.884}
val: {'epoch': 52, 'loss': 0.078, 'lr': 0.001, 'params': 599402, 'time_iter': 1.282, 'accuracy': 0.9815, 'precision': 0.5641, 'recall': 0.2716, 'f1': 0.3667, 'auc': 0.8011}
train: {'epoch': 52, 'eta': 460218.6142, 'loss': 0.1012, 'lr': 0.001, 'params': 599402, 'time_iter': 9.3797, 'accuracy': 0.9704, 'precision': 0.758, 'recall': 0.3076, 'f1': 0.4376, 'auc': 0.8861}
val: {'epoch': 53, 'loss': 0.0778, 'lr': 0.001, 'params': 599402, 'time_iter': 1.4368, 'accuracy': 0.9818, 'precision': 0.5682, 'recall': 0.3086, 'f1': 0.4, 'auc': 0.8015}
train: {'epoch': 53, 'eta': 450351.7996, 'loss': 0.1018, 'lr': 0.001, 'params': 599402, 'time_iter': 9.4304, 'accuracy': 0.9704, 'precision': 0.7466, 'recall': 0.3157, 'f1': 0.4438, 'auc': 0.8826}
val: {'epoch': 54, 'loss': 0.0814, 'lr': 0.001, 'params': 599402, 'time_iter': 1.2996, 'accuracy': 0.982, 'precision': 0.5897, 'recall': 0.284, 'f1': 0.3833, 'auc': 0.8002}
train: {'epoch': 54, 'eta': 440606.564, 'loss': 0.1014, 'lr': 0.001, 'params': 599402, 'time_iter': 9.5678, 'accuracy': 0.97, 'precision': 0.7346, 'recall': 0.3101, 'f1': 0.4361, 'auc': 0.8854}
val: {'epoch': 55, 'loss': 0.0817, 'lr': 0.001, 'params': 599402, 'time_iter': 1.2422, 'accuracy': 0.9815, 'precision': 0.5676, 'recall': 0.2593, 'f1': 0.3559, 'auc': 0.7977}
train: {'epoch': 55, 'eta': 430663.6219, 'loss': 0.0995, 'lr': 0.001, 'params': 599402, 'time_iter': 9.3277, 'accuracy': 0.9707, 'precision': 0.7523, 'recall': 0.3255, 'f1': 0.4544, 'auc': 0.8897}
val: {'epoch': 56, 'loss': 0.0753, 'lr': 0.001, 'params': 599402, 'time_iter': 1.238, 'accuracy': 0.9823, 'precision': 0.6111, 'recall': 0.2716, 'f1': 0.3761, 'auc': 0.8138}
train: {'epoch': 56, 'eta': 420801.1983, 'loss': 0.0994, 'lr': 0.001, 'params': 599402, 'time_iter': 9.4158, 'accuracy': 0.97, 'precision': 0.7365, 'recall': 0.3109, 'f1': 0.4372, 'auc': 0.8911}
val: {'epoch': 57, 'loss': 0.0811, 'lr': 0.001, 'params': 599402, 'time_iter': 1.2389, 'accuracy': 0.9813, 'precision': 0.54, 'recall': 0.3333, 'f1': 0.4122, 'auc': 0.7912}
train: {'epoch': 57, 'eta': 411106.9153, 'loss': 0.0992, 'lr': 0.001, 'params': 599402, 'time_iter': 9.6335, 'accuracy': 0.971, 'precision': 0.7643, 'recall': 0.3263, 'f1': 0.4573, 'auc': 0.8938}
val: {'epoch': 58, 'loss': 0.0815, 'lr': 0.001, 'params': 599402, 'time_iter': 1.2565, 'accuracy': 0.9823, 'precision': 0.75, 'recall': 0.1481, 'f1': 0.2474, 'auc': 0.8031}
train: {'epoch': 58, 'eta': 401356.8567, 'loss': 0.0983, 'lr': 0.001, 'params': 599402, 'time_iter': 9.5658, 'accuracy': 0.9704, 'precision': 0.7284, 'recall': 0.3352, 'f1': 0.4591, 'auc': 0.8934}
val: {'epoch': 59, 'loss': 0.0783, 'lr': 0.001, 'params': 599402, 'time_iter': 1.3081, 'accuracy': 0.9818, 'precision': 0.5682, 'recall': 0.3086, 'f1': 0.4, 'auc': 0.8108}
train: {'epoch': 59, 'eta': 391481.9622, 'loss': 0.0986, 'lr': 0.001, 'params': 599402, 'time_iter': 9.3884, 'accuracy': 0.9709, 'precision': 0.757, 'recall': 0.3287, 'f1': 0.4584, 'auc': 0.8953}
val: {'epoch': 60, 'loss': 0.0824, 'lr': 0.001, 'params': 599402, 'time_iter': 1.4582, 'accuracy': 0.9815, 'precision': 0.5926, 'recall': 0.1975, 'f1': 0.2963, 'auc': 0.7866}
train: {'epoch': 60, 'eta': 381564.7147, 'loss': 0.0992, 'lr': 0.001, 'params': 599402, 'time_iter': 9.3133, 'accuracy': 0.9706, 'precision': 0.7349, 'recall': 0.3352, 'f1': 0.4604, 'auc': 0.8914}
val: {'epoch': 61, 'loss': 0.0793, 'lr': 0.001, 'params': 599402, 'time_iter': 1.2132, 'accuracy': 0.9827, 'precision': 0.6471, 'recall': 0.2716, 'f1': 0.3826, 'auc': 0.8049}
train: {'epoch': 61, 'eta': 371860.3227, 'loss': 0.098, 'lr': 0.001, 'params': 599402, 'time_iter': 9.6337, 'accuracy': 0.9708, 'precision': 0.7473, 'recall': 0.3336, 'f1': 0.4613, 'auc': 0.8949}
val: {'epoch': 62, 'loss': 0.0856, 'lr': 0.001, 'params': 599402, 'time_iter': 1.2739, 'accuracy': 0.9825, 'precision': 0.7143, 'recall': 0.1852, 'f1': 0.2941, 'auc': 0.793}
train: {'epoch': 62, 'eta': 361949.2162, 'loss': 0.0968, 'lr': 0.001, 'params': 599402, 'time_iter': 9.3027, 'accuracy': 0.9709, 'precision': 0.7391, 'recall': 0.345, 'f1': 0.4704, 'auc': 0.9007}
val: {'epoch': 63, 'loss': 0.0815, 'lr': 0.001, 'params': 599402, 'time_iter': 1.2706, 'accuracy': 0.9801, 'precision': 0.4889, 'recall': 0.2716, 'f1': 0.3492, 'auc': 0.8055}
train: {'epoch': 63, 'eta': 352118.2094, 'loss': 0.0964, 'lr': 0.001, 'params': 599402, 'time_iter': 9.4228, 'accuracy': 0.971, 'precision': 0.7418, 'recall': 0.3474, 'f1': 0.4732, 'auc': 0.9036}
val: {'epoch': 64, 'loss': 0.0803, 'lr': 0.001, 'params': 599402, 'time_iter': 1.2492, 'accuracy': 0.9808, 'precision': 0.5357, 'recall': 0.1852, 'f1': 0.2752, 'auc': 0.8084}
train: {'epoch': 64, 'eta': 342443.0426, 'loss': 0.0955, 'lr': 0.001, 'params': 599402, 'time_iter': 9.6965, 'accuracy': 0.9719, 'precision': 0.7696, 'recall': 0.358, 'f1': 0.4886, 'auc': 0.9028}
val: {'epoch': 65, 'loss': 0.0756, 'lr': 0.001, 'params': 599402, 'time_iter': 1.2335, 'accuracy': 0.9815, 'precision': 0.5926, 'recall': 0.1975, 'f1': 0.2963, 'auc': 0.8005}
train: {'epoch': 65, 'eta': 332585.9243, 'loss': 0.0951, 'lr': 0.001, 'params': 599402, 'time_iter': 9.3706, 'accuracy': 0.9712, 'precision': 0.7402, 'recall': 0.3539, 'f1': 0.4789, 'auc': 0.9065}
val: {'epoch': 66, 'loss': 0.0821, 'lr': 0.001, 'params': 599402, 'time_iter': 1.2363, 'accuracy': 0.9813, 'precision': 0.5833, 'recall': 0.1728, 'f1': 0.2667, 'auc': 0.7914}
train: {'epoch': 66, 'eta': 322773.3069, 'loss': 0.0965, 'lr': 0.001, 'params': 599402, 'time_iter': 9.4457, 'accuracy': 0.9713, 'precision': 0.7513, 'recall': 0.3506, 'f1': 0.4781, 'auc': 0.9041}
val: {'epoch': 67, 'loss': 0.0818, 'lr': 0.001, 'params': 599402, 'time_iter': 1.5861, 'accuracy': 0.9808, 'precision': 0.525, 'recall': 0.2593, 'f1': 0.3471, 'auc': 0.7964}
train: {'epoch': 67, 'eta': 312977.1516, 'loss': 0.0955, 'lr': 0.001, 'params': 599402, 'time_iter': 9.4741, 'accuracy': 0.9711, 'precision': 0.7439, 'recall': 0.349, 'f1': 0.4751, 'auc': 0.9069}
val: {'epoch': 68, 'loss': 0.0802, 'lr': 0.001, 'params': 599402, 'time_iter': 1.2342, 'accuracy': 0.9805, 'precision': 0.5161, 'recall': 0.1975, 'f1': 0.2857, 'auc': 0.7996}
train: {'epoch': 68, 'eta': 303361.6131, 'loss': 0.0943, 'lr': 0.001, 'params': 599402, 'time_iter': 9.8618, 'accuracy': 0.9717, 'precision': 0.7467, 'recall': 0.3709, 'f1': 0.4957, 'auc': 0.9068}
val: {'epoch': 69, 'loss': 0.0861, 'lr': 0.001, 'params': 599402, 'time_iter': 1.2785, 'accuracy': 0.9796, 'precision': 0.4545, 'recall': 0.1852, 'f1': 0.2632, 'auc': 0.8066}
train: {'epoch': 69, 'eta': 293564.1919, 'loss': 0.0945, 'lr': 0.001, 'params': 599402, 'time_iter': 9.4838, 'accuracy': 0.9713, 'precision': 0.7449, 'recall': 0.3555, 'f1': 0.4813, 'auc': 0.9059}
val: {'epoch': 70, 'loss': 0.0783, 'lr': 0.001, 'params': 599402, 'time_iter': 1.246, 'accuracy': 0.9808, 'precision': 0.5417, 'recall': 0.1605, 'f1': 0.2476, 'auc': 0.8198}
train: {'epoch': 70, 'eta': 283808.6499, 'loss': 0.0949, 'lr': 0.001, 'params': 599402, 'time_iter': 9.5809, 'accuracy': 0.9716, 'precision': 0.7538, 'recall': 0.3604, 'f1': 0.4876, 'auc': 0.9053}
val: {'epoch': 71, 'loss': 0.0871, 'lr': 0.001, 'params': 599402, 'time_iter': 1.2627, 'accuracy': 0.9796, 'precision': 0.4615, 'recall': 0.2222, 'f1': 0.3, 'auc': 0.7996}
train: {'epoch': 71, 'eta': 274160.5759, 'loss': 0.0927, 'lr': 0.001, 'params': 599402, 'time_iter': 9.8566, 'accuracy': 0.9723, 'precision': 0.7708, 'recall': 0.3685, 'f1': 0.4986, 'auc': 0.9141}
val: {'epoch': 72, 'loss': 0.0841, 'lr': 0.001, 'params': 599402, 'time_iter': 1.2837, 'accuracy': 0.9815, 'precision': 0.5862, 'recall': 0.2099, 'f1': 0.3091, 'auc': 0.8079}
train: {'epoch': 72, 'eta': 264392.8131, 'loss': 0.0941, 'lr': 0.001, 'params': 599402, 'time_iter': 9.5777, 'accuracy': 0.9722, 'precision': 0.7557, 'recall': 0.3791, 'f1': 0.5049, 'auc': 0.9073}
val: {'epoch': 73, 'loss': 0.0859, 'lr': 0.001, 'params': 599402, 'time_iter': 1.2508, 'accuracy': 0.9803, 'precision': 0.5, 'recall': 0.2099, 'f1': 0.2957, 'auc': 0.8087}
train: {'epoch': 73, 'eta': 254599.4351, 'loss': 0.0922, 'lr': 0.001, 'params': 599402, 'time_iter': 9.5134, 'accuracy': 0.9716, 'precision': 0.7479, 'recall': 0.3636, 'f1': 0.4894, 'auc': 0.9145}
val: {'epoch': 74, 'loss': 0.0851, 'lr': 0.001, 'params': 599402, 'time_iter': 1.7548, 'accuracy': 0.9815, 'precision': 0.5862, 'recall': 0.2099, 'f1': 0.3091, 'auc': 0.7941}
train: {'epoch': 74, 'eta': 244761.0846, 'loss': 0.093, 'lr': 0.001, 'params': 599402, 'time_iter': 9.382, 'accuracy': 0.9713, 'precision': 0.738, 'recall': 0.3612, 'f1': 0.485, 'auc': 0.9133}
val: {'epoch': 75, 'loss': 0.0842, 'lr': 0.001, 'params': 599402, 'time_iter': 1.2438, 'accuracy': 0.9825, 'precision': 0.6154, 'recall': 0.2963, 'f1': 0.4, 'auc': 0.8082}
train: {'epoch': 75, 'eta': 234922.6378, 'loss': 0.0925, 'lr': 0.001, 'params': 599402, 'time_iter': 9.3668, 'accuracy': 0.9722, 'precision': 0.7469, 'recall': 0.388, 'f1': 0.5107, 'auc': 0.9134}
val: {'epoch': 76, 'loss': 0.0827, 'lr': 0.001, 'params': 599402, 'time_iter': 1.2622, 'accuracy': 0.9805, 'precision': 0.5122, 'recall': 0.2593, 'f1': 0.3443, 'auc': 0.8054}
train: {'epoch': 76, 'eta': 225109.3371, 'loss': 0.0922, 'lr': 0.001, 'params': 599402, 'time_iter': 9.4317, 'accuracy': 0.972, 'precision': 0.7541, 'recall': 0.3758, 'f1': 0.5016, 'auc': 0.9149}
val: {'epoch': 77, 'loss': 0.0823, 'lr': 0.001, 'params': 599402, 'time_iter': 1.3023, 'accuracy': 0.9813, 'precision': 0.5455, 'recall': 0.2963, 'f1': 0.384, 'auc': 0.819}
train: {'epoch': 77, 'eta': 215341.9729, 'loss': 0.092, 'lr': 0.001, 'params': 599402, 'time_iter': 9.5804, 'accuracy': 0.972, 'precision': 0.7557, 'recall': 0.3742, 'f1': 0.5005, 'auc': 0.9159}
val: {'epoch': 78, 'loss': 0.0859, 'lr': 0.001, 'params': 599402, 'time_iter': 1.2644, 'accuracy': 0.9798, 'precision': 0.4667, 'recall': 0.1728, 'f1': 0.2523, 'auc': 0.8197}
train: {'epoch': 78, 'eta': 205519.5535, 'loss': 0.0913, 'lr': 0.001, 'params': 599402, 'time_iter': 9.3876, 'accuracy': 0.9723, 'precision': 0.7585, 'recall': 0.3823, 'f1': 0.5084, 'auc': 0.9156}
val: {'epoch': 79, 'loss': 0.087, 'lr': 0.001, 'params': 599402, 'time_iter': 1.2411, 'accuracy': 0.9786, 'precision': 0.4286, 'recall': 0.2593, 'f1': 0.3231, 'auc': 0.8135}
train: {'epoch': 79, 'eta': 195695.4124, 'loss': 0.0901, 'lr': 0.001, 'params': 599402, 'time_iter': 9.3651, 'accuracy': 0.9728, 'precision': 0.7832, 'recall': 0.3782, 'f1': 0.5101, 'auc': 0.9188}
val: {'epoch': 80, 'loss': 0.0829, 'lr': 0.001, 'params': 599402, 'time_iter': 1.2994, 'accuracy': 0.9805, 'precision': 0.5106, 'recall': 0.2963, 'f1': 0.375, 'auc': 0.8124}
train: {'epoch': 80, 'eta': 185931.7984, 'loss': 0.0905, 'lr': 0.001, 'params': 599402, 'time_iter': 9.5967, 'accuracy': 0.9724, 'precision': 0.7583, 'recall': 0.3872, 'f1': 0.5126, 'auc': 0.9189}
val: {'epoch': 81, 'loss': 0.0853, 'lr': 0.001, 'params': 599402, 'time_iter': 1.7655, 'accuracy': 0.9808, 'precision': 0.5217, 'recall': 0.2963, 'f1': 0.378, 'auc': 0.7959}
train: {'epoch': 81, 'eta': 176124.1955, 'loss': 0.0907, 'lr': 0.001, 'params': 599402, 'time_iter': 9.4139, 'accuracy': 0.9727, 'precision': 0.7729, 'recall': 0.3839, 'f1': 0.513, 'auc': 0.917}
val: {'epoch': 82, 'loss': 0.0871, 'lr': 0.001, 'params': 599402, 'time_iter': 1.2787, 'accuracy': 0.981, 'precision': 0.5385, 'recall': 0.2593, 'f1': 0.35, 'auc': 0.816}
train: {'epoch': 82, 'eta': 166333.1252, 'loss': 0.09, 'lr': 0.001, 'params': 599402, 'time_iter': 9.4786, 'accuracy': 0.9722, 'precision': 0.7581, 'recall': 0.3791, 'f1': 0.5054, 'auc': 0.9204}
val: {'epoch': 83, 'loss': 0.087, 'lr': 0.001, 'params': 599402, 'time_iter': 1.2295, 'accuracy': 0.9825, 'precision': 0.68, 'recall': 0.2099, 'f1': 0.3208, 'auc': 0.796}
train: {'epoch': 83, 'eta': 156536.4274, 'loss': 0.0888, 'lr': 0.001, 'params': 599402, 'time_iter': 9.4453, 'accuracy': 0.9731, 'precision': 0.7703, 'recall': 0.4002, 'f1': 0.5267, 'auc': 0.9232}
val: {'epoch': 84, 'loss': 0.0851, 'lr': 0.001, 'params': 599402, 'time_iter': 1.3909, 'accuracy': 0.9796, 'precision': 0.4595, 'recall': 0.2099, 'f1': 0.2881, 'auc': 0.8161}
train: {'epoch': 84, 'eta': 146737.0069, 'loss': 0.0898, 'lr': 0.001, 'params': 599402, 'time_iter': 9.4203, 'accuracy': 0.9728, 'precision': 0.7772, 'recall': 0.3823, 'f1': 0.5125, 'auc': 0.9211}
val: {'epoch': 85, 'loss': 0.0914, 'lr': 0.001, 'params': 599402, 'time_iter': 1.2169, 'accuracy': 0.9823, 'precision': 0.6818, 'recall': 0.1852, 'f1': 0.2913, 'auc': 0.816}
train: {'epoch': 85, 'eta': 136996.6768, 'loss': 0.0895, 'lr': 0.001, 'params': 599402, 'time_iter': 9.7583, 'accuracy': 0.972, 'precision': 0.75, 'recall': 0.3774, 'f1': 0.5022, 'auc': 0.9229}
val: {'epoch': 86, 'loss': 0.0909, 'lr': 0.001, 'params': 599402, 'time_iter': 1.2777, 'accuracy': 0.9805, 'precision': 0.5263, 'recall': 0.1235, 'f1': 0.2, 'auc': 0.821}
train: {'epoch': 86, 'eta': 127201.6489, 'loss': 0.0875, 'lr': 0.001, 'params': 599402, 'time_iter': 9.4476, 'accuracy': 0.9727, 'precision': 0.7558, 'recall': 0.3994, 'f1': 0.5226, 'auc': 0.9281}
val: {'epoch': 87, 'loss': 0.0844, 'lr': 0.001, 'params': 599402, 'time_iter': 1.2573, 'accuracy': 0.9801, 'precision': 0.4894, 'recall': 0.284, 'f1': 0.3594, 'auc': 0.8088}
train: {'epoch': 87, 'eta': 117412.2783, 'loss': 0.089, 'lr': 0.001, 'params': 599402, 'time_iter': 9.476, 'accuracy': 0.9725, 'precision': 0.7563, 'recall': 0.3904, 'f1': 0.515, 'auc': 0.9244}
val: {'epoch': 88, 'loss': 0.0847, 'lr': 0.001, 'params': 599402, 'time_iter': 1.2641, 'accuracy': 0.9815, 'precision': 0.5676, 'recall': 0.2593, 'f1': 0.3559, 'auc': 0.8153}
train: {'epoch': 88, 'eta': 107632.7557, 'loss': 0.0871, 'lr': 0.001, 'params': 599402, 'time_iter': 9.5466, 'accuracy': 0.9734, 'precision': 0.773, 'recall': 0.4091, 'f1': 0.535, 'auc': 0.9269}
val: {'epoch': 89, 'loss': 0.0895, 'lr': 0.001, 'params': 599402, 'time_iter': 1.2547, 'accuracy': 0.9796, 'precision': 0.4516, 'recall': 0.1728, 'f1': 0.25, 'auc': 0.8171}
train: {'epoch': 89, 'eta': 97843.9904, 'loss': 0.0875, 'lr': 0.001, 'params': 599402, 'time_iter': 9.4743, 'accuracy': 0.9733, 'precision': 0.7715, 'recall': 0.4083, 'f1': 0.534, 'auc': 0.9284}
val: {'epoch': 90, 'loss': 0.084, 'lr': 0.001, 'params': 599402, 'time_iter': 1.2534, 'accuracy': 0.9808, 'precision': 0.5278, 'recall': 0.2346, 'f1': 0.3248, 'auc': 0.8217}
train: {'epoch': 90, 'eta': 88049.8587, 'loss': 0.0881, 'lr': 0.001, 'params': 599402, 'time_iter': 9.413, 'accuracy': 0.9733, 'precision': 0.7695, 'recall': 0.4091, 'f1': 0.5342, 'auc': 0.9249}
val: {'epoch': 91, 'loss': 0.088, 'lr': 0.001, 'params': 599402, 'time_iter': 1.5401, 'accuracy': 0.9784, 'precision': 0.3889, 'recall': 0.1728, 'f1': 0.2393, 'auc': 0.8122}
train: {'epoch': 91, 'eta': 78271.6388, 'loss': 0.0873, 'lr': 0.001, 'params': 599402, 'time_iter': 9.5646, 'accuracy': 0.9722, 'precision': 0.7424, 'recall': 0.3953, 'f1': 0.5159, 'auc': 0.9274}
val: {'epoch': 92, 'loss': 0.0876, 'lr': 0.001, 'params': 599402, 'time_iter': 1.2184, 'accuracy': 0.9805, 'precision': 0.5172, 'recall': 0.1852, 'f1': 0.2727, 'auc': 0.8155}
train: {'epoch': 92, 'eta': 68482.0266, 'loss': 0.0859, 'lr': 0.001, 'params': 599402, 'time_iter': 9.4352, 'accuracy': 0.9732, 'precision': 0.7689, 'recall': 0.405, 'f1': 0.5306, 'auc': 0.9319}
val: {'epoch': 93, 'loss': 0.0869, 'lr': 0.001, 'params': 599402, 'time_iter': 1.2472, 'accuracy': 0.981, 'precision': 0.5429, 'recall': 0.2346, 'f1': 0.3276, 'auc': 0.8212}
train: {'epoch': 93, 'eta': 58705.0768, 'loss': 0.0866, 'lr': 0.001, 'params': 599402, 'time_iter': 9.6018, 'accuracy': 0.9731, 'precision': 0.7693, 'recall': 0.4034, 'f1': 0.5293, 'auc': 0.9279}
val: {'epoch': 94, 'loss': 0.0878, 'lr': 0.001, 'params': 599402, 'time_iter': 1.2444, 'accuracy': 0.9815, 'precision': 0.561, 'recall': 0.284, 'f1': 0.377, 'auc': 0.836}
train: {'epoch': 94, 'eta': 48931.8335, 'loss': 0.0873, 'lr': 0.001, 'params': 599402, 'time_iter': 9.7104, 'accuracy': 0.9733, 'precision': 0.7703, 'recall': 0.4083, 'f1': 0.5337, 'auc': 0.9284}
val: {'epoch': 95, 'loss': 0.0881, 'lr': 0.001, 'params': 599402, 'time_iter': 1.245, 'accuracy': 0.9825, 'precision': 0.68, 'recall': 0.2099, 'f1': 0.3208, 'auc': 0.8198}
train: {'epoch': 95, 'eta': 39146.386, 'loss': 0.0854, 'lr': 0.001, 'params': 599402, 'time_iter': 9.532, 'accuracy': 0.9734, 'precision': 0.766, 'recall': 0.4172, 'f1': 0.5402, 'auc': 0.9323}
val: {'epoch': 96, 'loss': 0.0825, 'lr': 0.001, 'params': 599402, 'time_iter': 1.2558, 'accuracy': 0.9827, 'precision': 0.625, 'recall': 0.3086, 'f1': 0.4132, 'auc': 0.8275}
train: {'epoch': 96, 'eta': 29356.609, 'loss': 0.0867, 'lr': 0.001, 'params': 599402, 'time_iter': 9.4108, 'accuracy': 0.9736, 'precision': 0.7705, 'recall': 0.4196, 'f1': 0.5434, 'auc': 0.9288}
val: {'epoch': 97, 'loss': 0.0865, 'lr': 0.001, 'params': 599402, 'time_iter': 1.2439, 'accuracy': 0.9803, 'precision': 0.5, 'recall': 0.321, 'f1': 0.391, 'auc': 0.8082}
train: {'epoch': 97, 'eta': 19568.2636, 'loss': 0.0851, 'lr': 0.001, 'params': 599402, 'time_iter': 9.376, 'accuracy': 0.9738, 'precision': 0.7761, 'recall': 0.4221, 'f1': 0.5468, 'auc': 0.9335}
val: {'epoch': 98, 'loss': 0.0902, 'lr': 0.001, 'params': 599402, 'time_iter': 1.5102, 'accuracy': 0.9818, 'precision': 0.625, 'recall': 0.1852, 'f1': 0.2857, 'auc': 0.8048}
train: {'epoch': 98, 'eta': 9785.0927, 'loss': 0.0855, 'lr': 0.001, 'params': 599402, 'time_iter': 9.6008, 'accuracy': 0.9733, 'precision': 0.7599, 'recall': 0.4213, 'f1': 0.542, 'auc': 0.9326}
val: {'epoch': 99, 'loss': 0.0882, 'lr': 0.001, 'params': 599402, 'time_iter': 1.2615, 'accuracy': 0.9796, 'precision': 0.4595, 'recall': 0.2099, 'f1': 0.2881, 'auc': 0.8114}
train: {'epoch': 99, 'eta': 0.0, 'loss': 0.0845, 'lr': 0.001, 'params': 599402, 'time_iter': 9.6321, 'accuracy': 0.9735, 'precision': 0.7632, 'recall': 0.4237, 'f1': 0.5449, 'auc': 0.9352}
test: {'epoch': 99, 'loss': 0.1543, 'lr': 0.001, 'params': 599402, 'time_iter': 1.1876, 'accuracy': 0.9657, 'precision': 0.3721, 'recall': 0.1231, 'f1': 0.185, 'auc': 0.7562}
test: {'epoch': 94, 'loss': 0.1608, 'lr': 0.001, 'params': 599402, 'time_iter': 1.1326, 'accuracy': 0.9643, 'precision': 0.2069, 'recall': 0.0462, 'f1': 0.0755, 'auc': 0.7584}
