GraphGymModule(
  (model): DilatedGNNModel(
    (encoder): FeatureEncoder(
      (node_encoder): AtomEncoder(
        (atom_embedding_list): ModuleList(
          (0): Embedding(119, 300)
          (1): Embedding(4, 300)
          (2): Embedding(12, 300)
          (3): Embedding(12, 300)
          (4): Embedding(10, 300)
          (5): Embedding(6, 300)
          (6): Embedding(6, 300)
          (7): Embedding(2, 300)
          (8): Embedding(2, 300)
        )
      )
      (edge_encoder): BondEncoder(
        (bond_embedding_list): ModuleList(
          (0): Embedding(5, 300)
          (1): Embedding(6, 300)
          (2): Embedding(2, 300)
        )
      )
    )
    (mp): GNNDilatedStage(
      (classic_layers): ModuleList(
        (0): GeneralLayer(
          (layer): EGATConv(
            (model): GATConv(300, 300, heads=1)
          )
          (post_layer): Sequential(
            (0): BatchNorm1d(300, eps=1e-05, momentum=0.1, affine=True, track_running_stats=True)
            (1): Dropout(p=0.5, inplace=False)
            (2): ReLU()
          )
        )
      )
      (dilated_layers): ModuleList(
        (0): DilatedGeneralLayer(
          (layer): EGATConv(
            (model): GATConv(300, 300, heads=1)
          )
          (post_layer): Sequential(
            (0): BatchNorm1d(300, eps=1e-05, momentum=0.1, affine=True, track_running_stats=True)
            (1): Dropout(p=0.5, inplace=False)
            (2): ReLU()
          )
          (gem): GeM(p=3.0000, eps=1e-06)
        )
        (1): DilatedGeneralLayer(
          (layer): EGATConv(
            (model): GATConv(300, 300, heads=1)
          )
          (post_layer): Sequential(
            (0): BatchNorm1d(300, eps=1e-05, momentum=0.1, affine=True, track_running_stats=True)
            (1): Dropout(p=0.5, inplace=False)
            (2): ReLU()
          )
          (gem): GeM(p=3.0000, eps=1e-06)
        )
        (2): DilatedGeneralLayer(
          (layer): EGATConv(
            (model): GATConv(300, 300, heads=1)
          )
          (post_layer): Sequential(
            (0): BatchNorm1d(300, eps=1e-05, momentum=0.1, affine=True, track_running_stats=True)
            (1): Dropout(p=0.5, inplace=False)
            (2): ReLU()
          )
          (gem): GeM(p=3.0000, eps=1e-06)
        )
      )
      (act): ReLU()
    )
    (post_mp): GNNGraphHead(
      (layer_post_mp): MLP(
        (model): Sequential(
          (0): Linear(
            (model): Linear(300, 1, bias=True)
          )
        )
      )
    )
  )
)
accelerator: cuda
benchmark: False
bn:
  eps: 1e-05
  mom: 0.1
cfg_dest: config.yaml
custom_metrics: []
dataset:
  cache_load: False
  cache_save: False
  dir: ./datasets
  edge_dim: 300
  edge_encoder: True
  edge_encoder_bn: False
  edge_encoder_name: Bond
  edge_message_ratio: 0.8
  edge_negative_sampling_ratio: 1.0
  edge_train_mode: all
  encoder: True
  encoder_bn: True
  encoder_dim: 128
  encoder_name: db
  fast_loader: False
  format: OGB
  label_column: none
  label_table: none
  location: local
  name: ogbg-molhiv
  node_encoder: True
  node_encoder_bn: False
  node_encoder_name: Atom
  remove_feature: False
  resample_disjoint: False
  resample_negative: False
  shuffle_split: True
  split: [0.8, 0.1, 0.1]
  split_mode: random
  task: graph
  task_type: classification
  to_undirected: False
  transductive: False
  transform: none
  tu_simple: True
devices: 1
gnn:
  act: relu
  act_on_last_layer_mp: False
  agg: none
  att_final_linear: False
  att_final_linear_bn: False
  att_heads: 1
  batchnorm: True
  clear_feature: True
  dilated_path_join: add
  dim_inner: 300
  dropout: 0.5
  head: graph
  keep_edge: 0.5
  l2norm: True
  layer_type: egatconv
  layers_k1: 1
  layers_k2: 3
  layers_mp: 5
  layers_post_mp: 1
  layers_pre_mp: 0
  learn_alpha_residual_connection: False
  msg_direction: single
  normalize_adj: False
  self_msg: concat
  skip_every: 1
  stage_type: stack
  use_edge_features: True
gpu_mem: False
mem:
  inplace: False
metric_agg: argmax
metric_best: auc
model:
  edge_decoding: dot
  graph_pooling: mean
  loss_fun: cross_entropy
  match_upper: True
  size_average: mean
  thresh: 0.5
  type: dilated_gnn
num_threads: 6
num_workers: 16
optim:
  base_lr: 0.001
  lr_decay: 0.1
  max_epoch: 100
  momentum: 0.9
  optimizer: adam
  scheduler: none
  steps: [30, 60, 90]
  weight_decay: 0.0
out_dir: results_experiments/ogbg_molhiv_baseline_grid_design/ogbg_molhiv_baseline-type=dilated_gnn-layer_type=egatconv-layers_k1=1-layers_k2=3-dilated_path_join=add-learn_alpha_residual_connection=False
print: both
round: 4
run_dir: results_experiments/ogbg_molhiv_baseline_grid_design/ogbg_molhiv_baseline-type=dilated_gnn-layer_type=egatconv-layers_k1=1-layers_k2=3-dilated_path_join=add-learn_alpha_residual_connection=False/0
seed: 1
share:
  dim_in: 9
  dim_out: 2
  num_splits: 3
tensorboard_agg: True
tensorboard_each_run: False
train:
  auto_resume: False
  batch_size: 32
  ckpt_clean: True
  ckpt_period: 100
  enable_ckpt: True
  epoch_resume: -1
  eval_period: 1
  iter_per_epoch: 32
  neighbor_sizes: [20, 15, 10, 5]
  node_per_graph: 32
  radius: extend
  sample_node: False
  sampler: full_batch
  skip_train_eval: False
  walk_length: 4
val:
  node_per_graph: 32
  radius: extend
  sample_node: False
  sampler: full_batch
view_emb: False
Num parameters: 782104
val: {'epoch': 0, 'loss': 0.7373, 'lr': 0.001, 'params': 782104, 'time_iter': 2.3484, 'accuracy': 0.0156, 'precision': 0.0156, 'recall': 1.0, 'f1': 0.0308, 'auc': 0.2857}
val: {'epoch': 0, 'loss': 0.1012, 'lr': 0.001, 'params': 782104, 'time_iter': 3.5367, 'accuracy': 0.9803, 'precision': 0.0, 'recall': 0.0, 'f1': 0.0, 'auc': 0.5831}
train: {'epoch': 0, 'eta': 2389438.6325, 'loss': 0.1779, 'lr': 0.001, 'params': 782104, 'time_iter': 23.4555, 'accuracy': 0.9591, 'precision': 0.04, 'recall': 0.0041, 'f1': 0.0074, 'auc': 0.6047}
val: {'epoch': 1, 'loss': 0.1024, 'lr': 0.001, 'params': 782104, 'time_iter': 3.5706, 'accuracy': 0.9803, 'precision': 0.0, 'recall': 0.0, 'f1': 0.0, 'auc': 0.6331}
train: {'epoch': 1, 'eta': 2364263.8904, 'loss': 0.149, 'lr': 0.001, 'params': 782104, 'time_iter': 23.4349, 'accuracy': 0.9626, 'precision': 0.0, 'recall': 0.0, 'f1': 0.0, 'auc': 0.6769}
val: {'epoch': 2, 'loss': 0.0984, 'lr': 0.001, 'params': 782104, 'time_iter': 3.2177, 'accuracy': 0.9803, 'precision': 0.0, 'recall': 0.0, 'f1': 0.0, 'auc': 0.6487}
train: {'epoch': 2, 'eta': 2325336.8043, 'loss': 0.1461, 'lr': 0.001, 'params': 782104, 'time_iter': 23.0003, 'accuracy': 0.9626, 'precision': 0.0, 'recall': 0.0, 'f1': 0.0, 'auc': 0.7014}
val: {'epoch': 3, 'loss': 0.0989, 'lr': 0.001, 'params': 782104, 'time_iter': 3.1638, 'accuracy': 0.9803, 'precision': 0.0, 'recall': 0.0, 'f1': 0.0, 'auc': 0.7013}
train: {'epoch': 3, 'eta': 2292998.2607, 'loss': 0.1456, 'lr': 0.001, 'params': 782104, 'time_iter': 22.9582, 'accuracy': 0.9626, 'precision': 0.0, 'recall': 0.0, 'f1': 0.0, 'auc': 0.7121}
val: {'epoch': 4, 'loss': 0.093, 'lr': 0.001, 'params': 782104, 'time_iter': 3.0489, 'accuracy': 0.9808, 'precision': 0.6667, 'recall': 0.0494, 'f1': 0.092, 'auc': 0.7309}
train: {'epoch': 4, 'eta': 2261692.6452, 'loss': 0.1433, 'lr': 0.001, 'params': 782104, 'time_iter': 22.8327, 'accuracy': 0.9626, 'precision': 1.0, 'recall': 0.0008, 'f1': 0.0016, 'auc': 0.7254}
val: {'epoch': 5, 'loss': 0.1041, 'lr': 0.001, 'params': 782104, 'time_iter': 3.437, 'accuracy': 0.9803, 'precision': 0.0, 'recall': 0.0, 'f1': 0.0, 'auc': 0.6469}
train: {'epoch': 5, 'eta': 2221626.6181, 'loss': 0.1444, 'lr': 0.001, 'params': 782104, 'time_iter': 22.1278, 'accuracy': 0.9626, 'precision': 0.0, 'recall': 0.0, 'f1': 0.0, 'auc': 0.7254}
val: {'epoch': 6, 'loss': 0.0883, 'lr': 0.001, 'params': 782104, 'time_iter': 3.4856, 'accuracy': 0.9803, 'precision': 0.0, 'recall': 0.0, 'f1': 0.0, 'auc': 0.7874}
train: {'epoch': 6, 'eta': 2213004.1363, 'loss': 0.1437, 'lr': 0.001, 'params': 782104, 'time_iter': 24.0663, 'accuracy': 0.9625, 'precision': 0.0, 'recall': 0.0, 'f1': 0.0, 'auc': 0.7254}
val: {'epoch': 7, 'loss': 0.0977, 'lr': 0.001, 'params': 782104, 'time_iter': 3.3847, 'accuracy': 0.9808, 'precision': 1.0, 'recall': 0.0247, 'f1': 0.0482, 'auc': 0.6904}
train: {'epoch': 7, 'eta': 2192209.7822, 'loss': 0.1419, 'lr': 0.001, 'params': 782104, 'time_iter': 23.3788, 'accuracy': 0.9628, 'precision': 0.8, 'recall': 0.0097, 'f1': 0.0192, 'auc': 0.7381}
val: {'epoch': 8, 'loss': 0.1039, 'lr': 0.001, 'params': 782104, 'time_iter': 3.0963, 'accuracy': 0.9808, 'precision': 1.0, 'recall': 0.0247, 'f1': 0.0482, 'auc': 0.7166}
train: {'epoch': 8, 'eta': 2171839.4355, 'loss': 0.1397, 'lr': 0.001, 'params': 782104, 'time_iter': 23.4892, 'accuracy': 0.9628, 'precision': 0.625, 'recall': 0.0162, 'f1': 0.0316, 'auc': 0.7483}
val: {'epoch': 9, 'loss': 0.0987, 'lr': 0.001, 'params': 782104, 'time_iter': 3.2764, 'accuracy': 0.9803, 'precision': 0.5, 'recall': 0.0247, 'f1': 0.0471, 'auc': 0.7207}
train: {'epoch': 9, 'eta': 2155503.7978, 'loss': 0.141, 'lr': 0.001, 'params': 782104, 'time_iter': 24.0069, 'accuracy': 0.9629, 'precision': 0.6562, 'recall': 0.017, 'f1': 0.0332, 'auc': 0.7378}
val: {'epoch': 10, 'loss': 0.105, 'lr': 0.001, 'params': 782104, 'time_iter': 3.0949, 'accuracy': 0.981, 'precision': 1.0, 'recall': 0.037, 'f1': 0.0714, 'auc': 0.6608}
train: {'epoch': 10, 'eta': 2134829.9359, 'loss': 0.1388, 'lr': 0.001, 'params': 782104, 'time_iter': 23.6686, 'accuracy': 0.9628, 'precision': 0.6286, 'recall': 0.0179, 'f1': 0.0347, 'auc': 0.754}
val: {'epoch': 11, 'loss': 0.1093, 'lr': 0.001, 'params': 782104, 'time_iter': 3.7813, 'accuracy': 0.9803, 'precision': 0.0, 'recall': 0.0, 'f1': 0.0, 'auc': 0.677}
train: {'epoch': 11, 'eta': 2104386.7963, 'loss': 0.1399, 'lr': 0.001, 'params': 782104, 'time_iter': 22.4552, 'accuracy': 0.9628, 'precision': 0.5763, 'recall': 0.0276, 'f1': 0.0527, 'auc': 0.7465}
val: {'epoch': 12, 'loss': 0.1056, 'lr': 0.001, 'params': 782104, 'time_iter': 3.4039, 'accuracy': 0.9803, 'precision': 0.0, 'recall': 0.0, 'f1': 0.0, 'auc': 0.6909}
train: {'epoch': 12, 'eta': 2075783.9643, 'loss': 0.1421, 'lr': 0.001, 'params': 782104, 'time_iter': 22.5586, 'accuracy': 0.9626, 'precision': 0.5, 'recall': 0.0146, 'f1': 0.0284, 'auc': 0.7361}
val: {'epoch': 13, 'loss': 0.1077, 'lr': 0.001, 'params': 782104, 'time_iter': 3.5081, 'accuracy': 0.9803, 'precision': 0.0, 'recall': 0.0, 'f1': 0.0, 'auc': 0.688}
train: {'epoch': 13, 'eta': 2052847.3964, 'loss': 0.1427, 'lr': 0.001, 'params': 782104, 'time_iter': 23.3332, 'accuracy': 0.9628, 'precision': 0.6061, 'recall': 0.0162, 'f1': 0.0316, 'auc': 0.7258}
val: {'epoch': 14, 'loss': 0.1121, 'lr': 0.001, 'params': 782104, 'time_iter': 3.3712, 'accuracy': 0.9805, 'precision': 1.0, 'recall': 0.0123, 'f1': 0.0244, 'auc': 0.6866}
train: {'epoch': 14, 'eta': 2027022.4275, 'loss': 0.1386, 'lr': 0.001, 'params': 782104, 'time_iter': 22.8624, 'accuracy': 0.963, 'precision': 0.6596, 'recall': 0.0252, 'f1': 0.0485, 'auc': 0.7477}
val: {'epoch': 15, 'loss': 0.1171, 'lr': 0.001, 'params': 782104, 'time_iter': 2.8882, 'accuracy': 0.9803, 'precision': 0.0, 'recall': 0.0, 'f1': 0.0, 'auc': 0.6972}
train: {'epoch': 15, 'eta': 2001337.6089, 'loss': 0.1412, 'lr': 0.001, 'params': 782104, 'time_iter': 22.8351, 'accuracy': 0.9626, 'precision': 0.5484, 'recall': 0.0138, 'f1': 0.0269, 'auc': 0.7329}
val: {'epoch': 16, 'loss': 0.1138, 'lr': 0.001, 'params': 782104, 'time_iter': 3.7267, 'accuracy': 0.9801, 'precision': 0.0, 'recall': 0.0, 'f1': 0.0, 'auc': 0.7149}
train: {'epoch': 16, 'eta': 1979922.2975, 'loss': 0.14, 'lr': 0.001, 'params': 782104, 'time_iter': 23.6337, 'accuracy': 0.9632, 'precision': 0.75, 'recall': 0.0244, 'f1': 0.0472, 'auc': 0.7362}
val: {'epoch': 17, 'loss': 0.1124, 'lr': 0.001, 'params': 782104, 'time_iter': 3.3238, 'accuracy': 0.9801, 'precision': 0.0, 'recall': 0.0, 'f1': 0.0, 'auc': 0.752}
train: {'epoch': 17, 'eta': 1955365.2531, 'loss': 0.14, 'lr': 0.001, 'params': 782104, 'time_iter': 23.0323, 'accuracy': 0.9627, 'precision': 0.5417, 'recall': 0.0317, 'f1': 0.0598, 'auc': 0.7391}
val: {'epoch': 18, 'loss': 0.1183, 'lr': 0.001, 'params': 782104, 'time_iter': 2.9322, 'accuracy': 0.9803, 'precision': 0.0, 'recall': 0.0, 'f1': 0.0, 'auc': 0.7181}
train: {'epoch': 18, 'eta': 1931462.5636, 'loss': 0.1374, 'lr': 0.001, 'params': 782104, 'time_iter': 23.1609, 'accuracy': 0.9633, 'precision': 0.619, 'recall': 0.0528, 'f1': 0.0972, 'auc': 0.7493}
val: {'epoch': 19, 'loss': 0.111, 'lr': 0.001, 'params': 782104, 'time_iter': 3.2508, 'accuracy': 0.9813, 'precision': 1.0, 'recall': 0.0494, 'f1': 0.0941, 'auc': 0.7443}
train: {'epoch': 19, 'eta': 1908475.3914, 'loss': 0.1378, 'lr': 0.001, 'params': 782104, 'time_iter': 23.3817, 'accuracy': 0.9634, 'precision': 0.6283, 'recall': 0.0576, 'f1': 0.1056, 'auc': 0.7391}
val: {'epoch': 20, 'loss': 0.1142, 'lr': 0.001, 'params': 782104, 'time_iter': 2.9077, 'accuracy': 0.9808, 'precision': 0.75, 'recall': 0.037, 'f1': 0.0706, 'auc': 0.7506}
train: {'epoch': 20, 'eta': 1883455.6662, 'loss': 0.1361, 'lr': 0.001, 'params': 782104, 'time_iter': 22.883, 'accuracy': 0.963, 'precision': 0.5593, 'recall': 0.0536, 'f1': 0.0978, 'auc': 0.7487}
val: {'epoch': 21, 'loss': 0.1232, 'lr': 0.001, 'params': 782104, 'time_iter': 3.3789, 'accuracy': 0.9803, 'precision': 0.0, 'recall': 0.0, 'f1': 0.0, 'auc': 0.6391}
train: {'epoch': 21, 'eta': 1858503.7476, 'loss': 0.1386, 'lr': 0.001, 'params': 782104, 'time_iter': 22.8649, 'accuracy': 0.9632, 'precision': 0.6, 'recall': 0.0487, 'f1': 0.0901, 'auc': 0.7427}
val: {'epoch': 22, 'loss': 0.1198, 'lr': 0.001, 'params': 782104, 'time_iter': 3.3165, 'accuracy': 0.9803, 'precision': 0.0, 'recall': 0.0, 'f1': 0.0, 'auc': 0.6809}
train: {'epoch': 22, 'eta': 1836525.2672, 'loss': 0.1386, 'lr': 0.001, 'params': 782104, 'time_iter': 23.692, 'accuracy': 0.9636, 'precision': 0.6636, 'recall': 0.0593, 'f1': 0.1088, 'auc': 0.7382}
val: {'epoch': 23, 'loss': 0.1155, 'lr': 0.001, 'params': 782104, 'time_iter': 3.1956, 'accuracy': 0.9803, 'precision': 0.0, 'recall': 0.0, 'f1': 0.0, 'auc': 0.7232}
train: {'epoch': 23, 'eta': 1814643.3606, 'loss': 0.1457, 'lr': 0.001, 'params': 782104, 'time_iter': 23.7831, 'accuracy': 0.9626, 'precision': 0.5079, 'recall': 0.026, 'f1': 0.0494, 'auc': 0.6947}
val: {'epoch': 24, 'loss': 0.1189, 'lr': 0.001, 'params': 782104, 'time_iter': 2.9308, 'accuracy': 0.9815, 'precision': 0.8571, 'recall': 0.0741, 'f1': 0.1364, 'auc': 0.7225}
train: {'epoch': 24, 'eta': 1791513.7635, 'loss': 0.136, 'lr': 0.001, 'params': 782104, 'time_iter': 23.446, 'accuracy': 0.9634, 'precision': 0.6015, 'recall': 0.0649, 'f1': 0.1172, 'auc': 0.7544}
val: {'epoch': 25, 'loss': 0.1219, 'lr': 0.001, 'params': 782104, 'time_iter': 2.6273, 'accuracy': 0.9803, 'precision': 0.0, 'recall': 0.0, 'f1': 0.0, 'auc': 0.712}
train: {'epoch': 25, 'eta': 1766842.0845, 'loss': 0.1374, 'lr': 0.001, 'params': 782104, 'time_iter': 22.9457, 'accuracy': 0.9636, 'precision': 0.6232, 'recall': 0.0698, 'f1': 0.1255, 'auc': 0.7457}
val: {'epoch': 26, 'loss': 0.1163, 'lr': 0.001, 'params': 782104, 'time_iter': 3.2764, 'accuracy': 0.9803, 'precision': 0.0, 'recall': 0.0, 'f1': 0.0, 'auc': 0.7275}
train: {'epoch': 26, 'eta': 1741019.2633, 'loss': 0.1364, 'lr': 0.001, 'params': 782104, 'time_iter': 22.5037, 'accuracy': 0.9633, 'precision': 0.6033, 'recall': 0.0593, 'f1': 0.1079, 'auc': 0.7536}
val: {'epoch': 27, 'loss': 0.1227, 'lr': 0.001, 'params': 782104, 'time_iter': 3.3501, 'accuracy': 0.9801, 'precision': 0.0, 'recall': 0.0, 'f1': 0.0, 'auc': 0.7449}
train: {'epoch': 27, 'eta': 1720095.7183, 'loss': 0.1358, 'lr': 0.001, 'params': 782104, 'time_iter': 24.2833, 'accuracy': 0.964, 'precision': 0.6797, 'recall': 0.0706, 'f1': 0.1279, 'auc': 0.7509}
val: {'epoch': 28, 'loss': 0.1175, 'lr': 0.001, 'params': 782104, 'time_iter': 3.5349, 'accuracy': 0.9801, 'precision': 0.0, 'recall': 0.0, 'f1': 0.0, 'auc': 0.7237}
train: {'epoch': 28, 'eta': 1693318.7814, 'loss': 0.1349, 'lr': 0.001, 'params': 782104, 'time_iter': 22.0711, 'accuracy': 0.9638, 'precision': 0.6408, 'recall': 0.0739, 'f1': 0.1325, 'auc': 0.7575}
val: {'epoch': 29, 'loss': 0.1269, 'lr': 0.001, 'params': 782104, 'time_iter': 2.9693, 'accuracy': 0.9801, 'precision': 0.0, 'recall': 0.0, 'f1': 0.0, 'auc': 0.6914}
train: {'epoch': 29, 'eta': 1667362.6216, 'loss': 0.1356, 'lr': 0.001, 'params': 782104, 'time_iter': 22.3, 'accuracy': 0.9636, 'precision': 0.6214, 'recall': 0.0706, 'f1': 0.1268, 'auc': 0.7541}
val: {'epoch': 30, 'loss': 0.1196, 'lr': 0.001, 'params': 782104, 'time_iter': 3.123, 'accuracy': 0.9801, 'precision': 0.0, 'recall': 0.0, 'f1': 0.0, 'auc': 0.746}
train: {'epoch': 30, 'eta': 1639851.3611, 'loss': 0.136, 'lr': 0.001, 'params': 782104, 'time_iter': 21.5363, 'accuracy': 0.9638, 'precision': 0.6389, 'recall': 0.0747, 'f1': 0.1337, 'auc': 0.7518}
val: {'epoch': 31, 'loss': 0.1235, 'lr': 0.001, 'params': 782104, 'time_iter': 4.0297, 'accuracy': 0.9803, 'precision': 0.0, 'recall': 0.0, 'f1': 0.0, 'auc': 0.7186}
train: {'epoch': 31, 'eta': 1617715.5197, 'loss': 0.1346, 'lr': 0.001, 'params': 782104, 'time_iter': 23.8417, 'accuracy': 0.9647, 'precision': 0.7006, 'recall': 0.1006, 'f1': 0.176, 'auc': 0.7576}
val: {'epoch': 32, 'loss': 0.1329, 'lr': 0.001, 'params': 782104, 'time_iter': 3.3059, 'accuracy': 0.9801, 'precision': 0.0, 'recall': 0.0, 'f1': 0.0, 'auc': 0.7435}
train: {'epoch': 32, 'eta': 1596077.4583, 'loss': 0.1345, 'lr': 0.001, 'params': 782104, 'time_iter': 24.1495, 'accuracy': 0.9642, 'precision': 0.6627, 'recall': 0.0909, 'f1': 0.1599, 'auc': 0.7581}
val: {'epoch': 33, 'loss': 0.1199, 'lr': 0.001, 'params': 782104, 'time_iter': 3.0871, 'accuracy': 0.9803, 'precision': 0.0, 'recall': 0.0, 'f1': 0.0, 'auc': 0.7014}
train: {'epoch': 33, 'eta': 1570393.3811, 'loss': 0.1339, 'lr': 0.001, 'params': 782104, 'time_iter': 22.2185, 'accuracy': 0.9649, 'precision': 0.6939, 'recall': 0.1104, 'f1': 0.1905, 'auc': 0.7584}
val: {'epoch': 34, 'loss': 0.1252, 'lr': 0.001, 'params': 782104, 'time_iter': 3.304, 'accuracy': 0.9801, 'precision': 0.0, 'recall': 0.0, 'f1': 0.0, 'auc': 0.6378}
train: {'epoch': 34, 'eta': 1547743.586, 'loss': 0.1336, 'lr': 0.001, 'params': 782104, 'time_iter': 23.7219, 'accuracy': 0.9644, 'precision': 0.6724, 'recall': 0.095, 'f1': 0.1664, 'auc': 0.7634}
val: {'epoch': 35, 'loss': 0.1215, 'lr': 0.001, 'params': 782104, 'time_iter': 3.1859, 'accuracy': 0.9803, 'precision': 0.0, 'recall': 0.0, 'f1': 0.0, 'auc': 0.7233}
train: {'epoch': 35, 'eta': 1524419.2469, 'loss': 0.1345, 'lr': 0.001, 'params': 782104, 'time_iter': 23.4066, 'accuracy': 0.9645, 'precision': 0.676, 'recall': 0.0982, 'f1': 0.1715, 'auc': 0.7563}
val: {'epoch': 36, 'loss': 0.1236, 'lr': 0.001, 'params': 782104, 'time_iter': 3.0753, 'accuracy': 0.9803, 'precision': 0.0, 'recall': 0.0, 'f1': 0.0, 'auc': 0.6964}
train: {'epoch': 36, 'eta': 1500658.1809, 'loss': 0.1327, 'lr': 0.001, 'params': 782104, 'time_iter': 23.1809, 'accuracy': 0.9648, 'precision': 0.6931, 'recall': 0.1063, 'f1': 0.1844, 'auc': 0.7637}
val: {'epoch': 37, 'loss': 0.1209, 'lr': 0.001, 'params': 782104, 'time_iter': 4.974, 'accuracy': 0.9813, 'precision': 1.0, 'recall': 0.0494, 'f1': 0.0941, 'auc': 0.7292}
train: {'epoch': 37, 'eta': 1476071.2975, 'loss': 0.133, 'lr': 0.001, 'params': 782104, 'time_iter': 22.6919, 'accuracy': 0.9643, 'precision': 0.6524, 'recall': 0.099, 'f1': 0.172, 'auc': 0.764}
val: {'epoch': 38, 'loss': 0.1286, 'lr': 0.001, 'params': 782104, 'time_iter': 3.4741, 'accuracy': 0.9803, 'precision': 0.0, 'recall': 0.0, 'f1': 0.0, 'auc': 0.7305}
train: {'epoch': 38, 'eta': 1453694.469, 'loss': 0.1355, 'lr': 0.001, 'params': 782104, 'time_iter': 24.0256, 'accuracy': 0.9644, 'precision': 0.7273, 'recall': 0.0779, 'f1': 0.1408, 'auc': 0.7584}
val: {'epoch': 39, 'loss': 0.1371, 'lr': 0.001, 'params': 782104, 'time_iter': 3.4101, 'accuracy': 0.9803, 'precision': 0.0, 'recall': 0.0, 'f1': 0.0, 'auc': 0.7127}
train: {'epoch': 39, 'eta': 1429859.6248, 'loss': 0.1359, 'lr': 0.001, 'params': 782104, 'time_iter': 23.157, 'accuracy': 0.964, 'precision': 0.6797, 'recall': 0.0706, 'f1': 0.1279, 'auc': 0.7509}
val: {'epoch': 40, 'loss': 0.1413, 'lr': 0.001, 'params': 782104, 'time_iter': 3.1885, 'accuracy': 0.9803, 'precision': 0.0, 'recall': 0.0, 'f1': 0.0, 'auc': 0.7093}
train: {'epoch': 40, 'eta': 1406402.85, 'loss': 0.1346, 'lr': 0.001, 'params': 782104, 'time_iter': 23.4121, 'accuracy': 0.9647, 'precision': 0.7368, 'recall': 0.0909, 'f1': 0.1618, 'auc': 0.7592}
val: {'epoch': 41, 'loss': 0.1282, 'lr': 0.001, 'params': 782104, 'time_iter': 3.2308, 'accuracy': 0.9803, 'precision': 0.0, 'recall': 0.0, 'f1': 0.0, 'auc': 0.7233}
train: {'epoch': 41, 'eta': 1383342.8006, 'loss': 0.1342, 'lr': 0.001, 'params': 782104, 'time_iter': 23.7125, 'accuracy': 0.9643, 'precision': 0.6556, 'recall': 0.0958, 'f1': 0.1671, 'auc': 0.7558}
val: {'epoch': 42, 'loss': 0.1409, 'lr': 0.001, 'params': 782104, 'time_iter': 3.1978, 'accuracy': 0.9803, 'precision': 0.0, 'recall': 0.0, 'f1': 0.0, 'auc': 0.697}
train: {'epoch': 42, 'eta': 1360566.2973, 'loss': 0.1323, 'lr': 0.001, 'params': 782104, 'time_iter': 23.9661, 'accuracy': 0.9653, 'precision': 0.7306, 'recall': 0.1144, 'f1': 0.1979, 'auc': 0.7631}
val: {'epoch': 43, 'loss': 0.1361, 'lr': 0.001, 'params': 782104, 'time_iter': 3.0954, 'accuracy': 0.9803, 'precision': 0.0, 'recall': 0.0, 'f1': 0.0, 'auc': 0.7122}
train: {'epoch': 43, 'eta': 1336084.2663, 'loss': 0.1343, 'lr': 0.001, 'params': 782104, 'time_iter': 22.7292, 'accuracy': 0.9647, 'precision': 0.6818, 'recall': 0.1096, 'f1': 0.1888, 'auc': 0.7491}
val: {'epoch': 44, 'loss': 0.1319, 'lr': 0.001, 'params': 782104, 'time_iter': 3.0843, 'accuracy': 0.9803, 'precision': 0.0, 'recall': 0.0, 'f1': 0.0, 'auc': 0.7166}
train: {'epoch': 44, 'eta': 1312070.8419, 'loss': 0.1331, 'lr': 0.001, 'params': 782104, 'time_iter': 23.0632, 'accuracy': 0.9647, 'precision': 0.6898, 'recall': 0.1047, 'f1': 0.1818, 'auc': 0.7628}
val: {'epoch': 45, 'loss': 0.1472, 'lr': 0.001, 'params': 782104, 'time_iter': 3.3815, 'accuracy': 0.9803, 'precision': 0.0, 'recall': 0.0, 'f1': 0.0, 'auc': 0.6486}
train: {'epoch': 45, 'eta': 1286922.8154, 'loss': 0.1337, 'lr': 0.001, 'params': 782104, 'time_iter': 22.1138, 'accuracy': 0.964, 'precision': 0.6742, 'recall': 0.0722, 'f1': 0.1305, 'auc': 0.7615}
val: {'epoch': 46, 'loss': 0.1513, 'lr': 0.001, 'params': 782104, 'time_iter': 3.346, 'accuracy': 0.9803, 'precision': 0.0, 'recall': 0.0, 'f1': 0.0, 'auc': 0.6815}
train: {'epoch': 46, 'eta': 1263013.7849, 'loss': 0.1323, 'lr': 0.001, 'params': 782104, 'time_iter': 23.0938, 'accuracy': 0.9644, 'precision': 0.6938, 'recall': 0.0901, 'f1': 0.1595, 'auc': 0.7634}
val: {'epoch': 47, 'loss': 0.1562, 'lr': 0.001, 'params': 782104, 'time_iter': 3.4546, 'accuracy': 0.9803, 'precision': 0.0, 'recall': 0.0, 'f1': 0.0, 'auc': 0.6668}
train: {'epoch': 47, 'eta': 1238533.2565, 'loss': 0.1321, 'lr': 0.001, 'params': 782104, 'time_iter': 22.5757, 'accuracy': 0.9647, 'precision': 0.6961, 'recall': 0.1023, 'f1': 0.1783, 'auc': 0.7667}
val: {'epoch': 48, 'loss': 0.1477, 'lr': 0.001, 'params': 782104, 'time_iter': 3.1871, 'accuracy': 0.9803, 'precision': 0.0, 'recall': 0.0, 'f1': 0.0, 'auc': 0.6466}
train: {'epoch': 48, 'eta': 1215063.9639, 'loss': 0.1319, 'lr': 0.001, 'params': 782104, 'time_iter': 23.4722, 'accuracy': 0.9648, 'precision': 0.6973, 'recall': 0.1047, 'f1': 0.1821, 'auc': 0.7657}
val: {'epoch': 49, 'loss': 0.1532, 'lr': 0.001, 'params': 782104, 'time_iter': 3.426, 'accuracy': 0.9803, 'precision': 0.0, 'recall': 0.0, 'f1': 0.0, 'auc': 0.6731}
train: {'epoch': 49, 'eta': 1190539.8047, 'loss': 0.1316, 'lr': 0.001, 'params': 782104, 'time_iter': 22.4737, 'accuracy': 0.9648, 'precision': 0.7102, 'recall': 0.1015, 'f1': 0.1776, 'auc': 0.7664}
val: {'epoch': 50, 'loss': 0.1445, 'lr': 0.001, 'params': 782104, 'time_iter': 3.3265, 'accuracy': 0.9803, 'precision': 0.0, 'recall': 0.0, 'f1': 0.0, 'auc': 0.7373}
train: {'epoch': 50, 'eta': 1166999.1305, 'loss': 0.133, 'lr': 0.001, 'params': 782104, 'time_iter': 23.413, 'accuracy': 0.965, 'precision': 0.7365, 'recall': 0.0998, 'f1': 0.1758, 'auc': 0.7621}
val: {'epoch': 51, 'loss': 0.145, 'lr': 0.001, 'params': 782104, 'time_iter': 3.204, 'accuracy': 0.9803, 'precision': 0.0, 'recall': 0.0, 'f1': 0.0, 'auc': 0.6719}
train: {'epoch': 51, 'eta': 1143732.8868, 'loss': 0.1323, 'lr': 0.001, 'params': 782104, 'time_iter': 23.7242, 'accuracy': 0.9646, 'precision': 0.6753, 'recall': 0.1063, 'f1': 0.1837, 'auc': 0.7645}
val: {'epoch': 52, 'loss': 0.1426, 'lr': 0.001, 'params': 782104, 'time_iter': 3.0363, 'accuracy': 0.9803, 'precision': 0.0, 'recall': 0.0, 'f1': 0.0, 'auc': 0.696}
train: {'epoch': 52, 'eta': 1120056.1239, 'loss': 0.133, 'lr': 0.001, 'params': 782104, 'time_iter': 23.3217, 'accuracy': 0.9646, 'precision': 0.6848, 'recall': 0.1023, 'f1': 0.178, 'auc': 0.7609}
val: {'epoch': 53, 'loss': 0.1461, 'lr': 0.001, 'params': 782104, 'time_iter': 3.1573, 'accuracy': 0.9803, 'precision': 0.0, 'recall': 0.0, 'f1': 0.0, 'auc': 0.717}
train: {'epoch': 53, 'eta': 1096231.5636, 'loss': 0.1313, 'lr': 0.001, 'params': 782104, 'time_iter': 23.1667, 'accuracy': 0.9651, 'precision': 0.6872, 'recall': 0.1266, 'f1': 0.2138, 'auc': 0.7644}
val: {'epoch': 54, 'loss': 0.1552, 'lr': 0.001, 'params': 782104, 'time_iter': 3.5743, 'accuracy': 0.9803, 'precision': 0.0, 'recall': 0.0, 'f1': 0.0, 'auc': 0.6737}
train: {'epoch': 54, 'eta': 1072826.9822, 'loss': 0.1308, 'lr': 0.001, 'params': 782104, 'time_iter': 23.6661, 'accuracy': 0.965, 'precision': 0.6957, 'recall': 0.1169, 'f1': 0.2001, 'auc': 0.7745}
val: {'epoch': 55, 'loss': 0.1478, 'lr': 0.001, 'params': 782104, 'time_iter': 3.8712, 'accuracy': 0.9803, 'precision': 0.0, 'recall': 0.0, 'f1': 0.0, 'auc': 0.7219}
train: {'epoch': 55, 'eta': 1049824.7326, 'loss': 0.13, 'lr': 0.001, 'params': 782104, 'time_iter': 24.2056, 'accuracy': 0.9651, 'precision': 0.7033, 'recall': 0.1193, 'f1': 0.204, 'auc': 0.7742}
val: {'epoch': 56, 'loss': 0.1371, 'lr': 0.001, 'params': 782104, 'time_iter': 3.2451, 'accuracy': 0.9803, 'precision': 0.0, 'recall': 0.0, 'f1': 0.0, 'auc': 0.6701}
train: {'epoch': 56, 'eta': 1025724.5491, 'loss': 0.1315, 'lr': 0.001, 'params': 782104, 'time_iter': 22.8774, 'accuracy': 0.9647, 'precision': 0.6698, 'recall': 0.1153, 'f1': 0.1967, 'auc': 0.7674}
val: {'epoch': 57, 'loss': 0.1403, 'lr': 0.001, 'params': 782104, 'time_iter': 3.4744, 'accuracy': 0.9803, 'precision': 0.0, 'recall': 0.0, 'f1': 0.0, 'auc': 0.7152}
train: {'epoch': 57, 'eta': 1001173.1876, 'loss': 0.1305, 'lr': 0.001, 'params': 782104, 'time_iter': 22.246, 'accuracy': 0.9651, 'precision': 0.6828, 'recall': 0.1258, 'f1': 0.2125, 'auc': 0.7725}
val: {'epoch': 58, 'loss': 0.1491, 'lr': 0.001, 'params': 782104, 'time_iter': 2.7339, 'accuracy': 0.9803, 'precision': 0.0, 'recall': 0.0, 'f1': 0.0, 'auc': 0.6787}
train: {'epoch': 58, 'eta': 977326.2452, 'loss': 0.1302, 'lr': 0.001, 'params': 782104, 'time_iter': 23.1524, 'accuracy': 0.9655, 'precision': 0.7579, 'recall': 0.1169, 'f1': 0.2025, 'auc': 0.7733}
val: {'epoch': 59, 'loss': 0.1439, 'lr': 0.001, 'params': 782104, 'time_iter': 3.3003, 'accuracy': 0.9808, 'precision': 1.0, 'recall': 0.0247, 'f1': 0.0482, 'auc': 0.6688}
train: {'epoch': 59, 'eta': 953597.6086, 'loss': 0.128, 'lr': 0.001, 'params': 782104, 'time_iter': 23.3237, 'accuracy': 0.9653, 'precision': 0.6926, 'recall': 0.1299, 'f1': 0.2187, 'auc': 0.7861}
val: {'epoch': 60, 'loss': 0.1436, 'lr': 0.001, 'params': 782104, 'time_iter': 3.4365, 'accuracy': 0.9803, 'precision': 0.0, 'recall': 0.0, 'f1': 0.0, 'auc': 0.7348}
train: {'epoch': 60, 'eta': 929611.08, 'loss': 0.1277, 'lr': 0.001, 'params': 782104, 'time_iter': 22.9452, 'accuracy': 0.966, 'precision': 0.7291, 'recall': 0.1485, 'f1': 0.2468, 'auc': 0.7866}
val: {'epoch': 61, 'loss': 0.1509, 'lr': 0.001, 'params': 782104, 'time_iter': 3.1362, 'accuracy': 0.9803, 'precision': 0.0, 'recall': 0.0, 'f1': 0.0, 'auc': 0.6902}
train: {'epoch': 61, 'eta': 905215.2498, 'loss': 0.1264, 'lr': 0.001, 'params': 782104, 'time_iter': 22.277, 'accuracy': 0.9658, 'precision': 0.7154, 'recall': 0.1429, 'f1': 0.2382, 'auc': 0.7874}
val: {'epoch': 62, 'loss': 0.1557, 'lr': 0.001, 'params': 782104, 'time_iter': 3.0129, 'accuracy': 0.9803, 'precision': 0.0, 'recall': 0.0, 'f1': 0.0, 'auc': 0.7054}
train: {'epoch': 62, 'eta': 881137.0119, 'loss': 0.1288, 'lr': 0.001, 'params': 782104, 'time_iter': 22.7252, 'accuracy': 0.9654, 'precision': 0.7039, 'recall': 0.1331, 'f1': 0.2239, 'auc': 0.7788}
val: {'epoch': 63, 'loss': 0.1532, 'lr': 0.001, 'params': 782104, 'time_iter': 3.1882, 'accuracy': 0.9803, 'precision': 0.0, 'recall': 0.0, 'f1': 0.0, 'auc': 0.7256}
train: {'epoch': 63, 'eta': 857535.5124, 'loss': 0.127, 'lr': 0.001, 'params': 782104, 'time_iter': 23.5114, 'accuracy': 0.9654, 'precision': 0.6911, 'recall': 0.138, 'f1': 0.23, 'auc': 0.7884}
val: {'epoch': 64, 'loss': 0.1616, 'lr': 0.001, 'params': 782104, 'time_iter': 3.4001, 'accuracy': 0.9803, 'precision': 0.0, 'recall': 0.0, 'f1': 0.0, 'auc': 0.7056}
train: {'epoch': 64, 'eta': 833468.1353, 'loss': 0.1268, 'lr': 0.001, 'params': 782104, 'time_iter': 22.7034, 'accuracy': 0.9654, 'precision': 0.7031, 'recall': 0.1307, 'f1': 0.2204, 'auc': 0.7897}
val: {'epoch': 65, 'loss': 0.1492, 'lr': 0.001, 'params': 782104, 'time_iter': 3.269, 'accuracy': 0.9803, 'precision': 0.0, 'recall': 0.0, 'f1': 0.0, 'auc': 0.7022}
train: {'epoch': 65, 'eta': 809487.5461, 'loss': 0.1317, 'lr': 0.001, 'params': 782104, 'time_iter': 22.8268, 'accuracy': 0.9641, 'precision': 0.6349, 'recall': 0.0974, 'f1': 0.1689, 'auc': 0.7739}
val: {'epoch': 66, 'loss': 0.1515, 'lr': 0.001, 'params': 782104, 'time_iter': 3.3323, 'accuracy': 0.9803, 'precision': 0.0, 'recall': 0.0, 'f1': 0.0, 'auc': 0.7205}
train: {'epoch': 66, 'eta': 785463.1818, 'loss': 0.1285, 'lr': 0.001, 'params': 782104, 'time_iter': 22.7115, 'accuracy': 0.9649, 'precision': 0.7097, 'recall': 0.1071, 'f1': 0.1862, 'auc': 0.7874}
val: {'epoch': 67, 'loss': 0.1543, 'lr': 0.001, 'params': 782104, 'time_iter': 3.0988, 'accuracy': 0.9803, 'precision': 0.0, 'recall': 0.0, 'f1': 0.0, 'auc': 0.7035}
train: {'epoch': 67, 'eta': 761229.0847, 'loss': 0.1267, 'lr': 0.001, 'params': 782104, 'time_iter': 22.2386, 'accuracy': 0.9654, 'precision': 0.6901, 'recall': 0.1356, 'f1': 0.2266, 'auc': 0.7922}
val: {'epoch': 68, 'loss': 0.152, 'lr': 0.001, 'params': 782104, 'time_iter': 3.0211, 'accuracy': 0.9803, 'precision': 0.0, 'recall': 0.0, 'f1': 0.0, 'auc': 0.7096}
train: {'epoch': 68, 'eta': 737593.7137, 'loss': 0.1279, 'lr': 0.001, 'params': 782104, 'time_iter': 23.449, 'accuracy': 0.9657, 'precision': 0.6958, 'recall': 0.1485, 'f1': 0.2448, 'auc': 0.7856}
val: {'epoch': 69, 'loss': 0.1544, 'lr': 0.001, 'params': 782104, 'time_iter': 2.7946, 'accuracy': 0.9803, 'precision': 0.0, 'recall': 0.0, 'f1': 0.0, 'auc': 0.6781}
train: {'epoch': 69, 'eta': 713803.9086, 'loss': 0.1263, 'lr': 0.001, 'params': 782104, 'time_iter': 23.1308, 'accuracy': 0.9664, 'precision': 0.748, 'recall': 0.1542, 'f1': 0.2557, 'auc': 0.784}
val: {'epoch': 70, 'loss': 0.1601, 'lr': 0.001, 'params': 782104, 'time_iter': 3.6032, 'accuracy': 0.9803, 'precision': 0.0, 'recall': 0.0, 'f1': 0.0, 'auc': 0.6863}
train: {'epoch': 70, 'eta': 689534.0577, 'loss': 0.1259, 'lr': 0.001, 'params': 782104, 'time_iter': 21.9894, 'accuracy': 0.9662, 'precision': 0.7222, 'recall': 0.1583, 'f1': 0.2597, 'auc': 0.7882}
val: {'epoch': 71, 'loss': 0.1575, 'lr': 0.001, 'params': 782104, 'time_iter': 3.2953, 'accuracy': 0.9803, 'precision': 0.0, 'recall': 0.0, 'f1': 0.0, 'auc': 0.7102}
train: {'epoch': 71, 'eta': 665961.2566, 'loss': 0.1257, 'lr': 0.001, 'params': 782104, 'time_iter': 23.6173, 'accuracy': 0.9665, 'precision': 0.7312, 'recall': 0.1656, 'f1': 0.27, 'auc': 0.7875}
val: {'epoch': 72, 'loss': 0.1647, 'lr': 0.001, 'params': 782104, 'time_iter': 3.1543, 'accuracy': 0.9803, 'precision': 0.0, 'recall': 0.0, 'f1': 0.0, 'auc': 0.6858}
train: {'epoch': 72, 'eta': 642324.5097, 'loss': 0.1247, 'lr': 0.001, 'params': 782104, 'time_iter': 23.5018, 'accuracy': 0.966, 'precision': 0.707, 'recall': 0.1567, 'f1': 0.2565, 'auc': 0.7941}
val: {'epoch': 73, 'loss': 0.1569, 'lr': 0.001, 'params': 782104, 'time_iter': 3.0822, 'accuracy': 0.9803, 'precision': 0.0, 'recall': 0.0, 'f1': 0.0, 'auc': 0.695}
train: {'epoch': 73, 'eta': 618649.4058, 'loss': 0.126, 'lr': 0.001, 'params': 782104, 'time_iter': 23.4366, 'accuracy': 0.966, 'precision': 0.7132, 'recall': 0.1534, 'f1': 0.2525, 'auc': 0.7875}
val: {'epoch': 74, 'loss': 0.1609, 'lr': 0.001, 'params': 782104, 'time_iter': 2.9893, 'accuracy': 0.9803, 'precision': 0.0, 'recall': 0.0, 'f1': 0.0, 'auc': 0.6936}
train: {'epoch': 74, 'eta': 594416.0134, 'loss': 0.1252, 'lr': 0.001, 'params': 782104, 'time_iter': 21.8432, 'accuracy': 0.9653, 'precision': 0.6705, 'recall': 0.1437, 'f1': 0.2366, 'auc': 0.7975}
val: {'epoch': 75, 'loss': 0.1567, 'lr': 0.001, 'params': 782104, 'time_iter': 2.835, 'accuracy': 0.9803, 'precision': 0.0, 'recall': 0.0, 'f1': 0.0, 'auc': 0.6997}
train: {'epoch': 75, 'eta': 570299.2823, 'loss': 0.1223, 'lr': 0.001, 'params': 782104, 'time_iter': 22.0599, 'accuracy': 0.9661, 'precision': 0.7077, 'recall': 0.1631, 'f1': 0.2652, 'auc': 0.8062}
val: {'epoch': 76, 'loss': 0.1553, 'lr': 0.001, 'params': 782104, 'time_iter': 3.3733, 'accuracy': 0.9803, 'precision': 0.0, 'recall': 0.0, 'f1': 0.0, 'auc': 0.653}
train: {'epoch': 76, 'eta': 546343.0338, 'loss': 0.123, 'lr': 0.001, 'params': 782104, 'time_iter': 22.4623, 'accuracy': 0.9657, 'precision': 0.6689, 'recall': 0.164, 'f1': 0.2634, 'auc': 0.8064}
val: {'epoch': 77, 'loss': 0.1621, 'lr': 0.001, 'params': 782104, 'time_iter': 3.1566, 'accuracy': 0.9803, 'precision': 0.0, 'recall': 0.0, 'f1': 0.0, 'auc': 0.6885}
train: {'epoch': 77, 'eta': 522802.1769, 'loss': 0.1223, 'lr': 0.001, 'params': 782104, 'time_iter': 23.8191, 'accuracy': 0.9659, 'precision': 0.6787, 'recall': 0.168, 'f1': 0.2694, 'auc': 0.8053}
val: {'epoch': 78, 'loss': 0.1584, 'lr': 0.001, 'params': 782104, 'time_iter': 3.3228, 'accuracy': 0.9803, 'precision': 0.0, 'recall': 0.0, 'f1': 0.0, 'auc': 0.7292}
train: {'epoch': 78, 'eta': 499037.6927, 'loss': 0.1264, 'lr': 0.001, 'params': 782104, 'time_iter': 23.0913, 'accuracy': 0.9654, 'precision': 0.6729, 'recall': 0.1469, 'f1': 0.2412, 'auc': 0.7913}
val: {'epoch': 79, 'loss': 0.1552, 'lr': 0.001, 'params': 782104, 'time_iter': 3.2447, 'accuracy': 0.9803, 'precision': 0.0, 'recall': 0.0, 'f1': 0.0, 'auc': 0.6872}
train: {'epoch': 79, 'eta': 475375.2345, 'loss': 0.1224, 'lr': 0.001, 'params': 782104, 'time_iter': 23.4875, 'accuracy': 0.9659, 'precision': 0.6741, 'recall': 0.1729, 'f1': 0.2752, 'auc': 0.8044}
val: {'epoch': 80, 'loss': 0.1644, 'lr': 0.001, 'params': 782104, 'time_iter': 2.9841, 'accuracy': 0.9803, 'precision': 0.0, 'recall': 0.0, 'f1': 0.0, 'auc': 0.728}
train: {'epoch': 80, 'eta': 451745.7305, 'loss': 0.1211, 'lr': 0.001, 'params': 782104, 'time_iter': 23.6758, 'accuracy': 0.9662, 'precision': 0.7, 'recall': 0.1705, 'f1': 0.2742, 'auc': 0.8119}
val: {'epoch': 81, 'loss': 0.166, 'lr': 0.001, 'params': 782104, 'time_iter': 3.3881, 'accuracy': 0.9803, 'precision': 0.0, 'recall': 0.0, 'f1': 0.0, 'auc': 0.7242}
train: {'epoch': 81, 'eta': 428024.6744, 'loss': 0.1233, 'lr': 0.001, 'params': 782104, 'time_iter': 23.3497, 'accuracy': 0.9662, 'precision': 0.7017, 'recall': 0.168, 'f1': 0.2711, 'auc': 0.8009}
val: {'epoch': 82, 'loss': 0.1628, 'lr': 0.001, 'params': 782104, 'time_iter': 3.409, 'accuracy': 0.9803, 'precision': 0.0, 'recall': 0.0, 'f1': 0.0, 'auc': 0.6873}
train: {'epoch': 82, 'eta': 404351.0517, 'loss': 0.1208, 'lr': 0.001, 'params': 782104, 'time_iter': 23.6097, 'accuracy': 0.9668, 'precision': 0.7318, 'recall': 0.1794, 'f1': 0.2881, 'auc': 0.8122}
val: {'epoch': 83, 'loss': 0.1621, 'lr': 0.001, 'params': 782104, 'time_iter': 2.9783, 'accuracy': 0.9803, 'precision': 0.0, 'recall': 0.0, 'f1': 0.0, 'auc': 0.7197}
train: {'epoch': 83, 'eta': 380528.6269, 'loss': 0.1269, 'lr': 0.001, 'params': 782104, 'time_iter': 22.9259, 'accuracy': 0.9656, 'precision': 0.6897, 'recall': 0.1461, 'f1': 0.2411, 'auc': 0.7911}
val: {'epoch': 84, 'loss': 0.1589, 'lr': 0.001, 'params': 782104, 'time_iter': 3.425, 'accuracy': 0.9803, 'precision': 0.0, 'recall': 0.0, 'f1': 0.0, 'auc': 0.6909}
train: {'epoch': 84, 'eta': 356852.421, 'loss': 0.124, 'lr': 0.001, 'params': 782104, 'time_iter': 23.7011, 'accuracy': 0.966, 'precision': 0.7029, 'recall': 0.1575, 'f1': 0.2573, 'auc': 0.7977}
val: {'epoch': 85, 'loss': 0.1613, 'lr': 0.001, 'params': 782104, 'time_iter': 3.2821, 'accuracy': 0.9803, 'precision': 0.0, 'recall': 0.0, 'f1': 0.0, 'auc': 0.716}
train: {'epoch': 85, 'eta': 332858.0182, 'loss': 0.1268, 'lr': 0.001, 'params': 782104, 'time_iter': 21.9004, 'accuracy': 0.9659, 'precision': 0.7148, 'recall': 0.1485, 'f1': 0.246, 'auc': 0.7889}
val: {'epoch': 86, 'loss': 0.1548, 'lr': 0.001, 'params': 782104, 'time_iter': 3.0417, 'accuracy': 0.9803, 'precision': 0.0, 'recall': 0.0, 'f1': 0.0, 'auc': 0.7016}
train: {'epoch': 86, 'eta': 309105.3223, 'loss': 0.1268, 'lr': 0.001, 'params': 782104, 'time_iter': 23.2543, 'accuracy': 0.9657, 'precision': 0.7008, 'recall': 0.1445, 'f1': 0.2396, 'auc': 0.7916}
val: {'epoch': 87, 'loss': 0.1626, 'lr': 0.001, 'params': 782104, 'time_iter': 3.3905, 'accuracy': 0.9803, 'precision': 0.0, 'recall': 0.0, 'f1': 0.0, 'auc': 0.7308}
train: {'epoch': 87, 'eta': 285326.3333, 'loss': 0.1267, 'lr': 0.001, 'params': 782104, 'time_iter': 23.0954, 'accuracy': 0.9653, 'precision': 0.6692, 'recall': 0.1429, 'f1': 0.2355, 'auc': 0.7928}
val: {'epoch': 88, 'loss': 0.1574, 'lr': 0.001, 'params': 782104, 'time_iter': 3.5107, 'accuracy': 0.9803, 'precision': 0.0, 'recall': 0.0, 'f1': 0.0, 'auc': 0.7439}
train: {'epoch': 88, 'eta': 261697.6717, 'loss': 0.1251, 'lr': 0.001, 'params': 782104, 'time_iter': 24.275, 'accuracy': 0.9659, 'precision': 0.6978, 'recall': 0.1575, 'f1': 0.257, 'auc': 0.7972}
val: {'epoch': 89, 'loss': 0.1526, 'lr': 0.001, 'params': 782104, 'time_iter': 3.2527, 'accuracy': 0.9803, 'precision': 0.0, 'recall': 0.0, 'f1': 0.0, 'auc': 0.7145}
train: {'epoch': 89, 'eta': 237790.2932, 'loss': 0.1237, 'lr': 0.001, 'params': 782104, 'time_iter': 22.0997, 'accuracy': 0.9657, 'precision': 0.6914, 'recall': 0.151, 'f1': 0.2478, 'auc': 0.8042}
val: {'epoch': 90, 'loss': 0.1578, 'lr': 0.001, 'params': 782104, 'time_iter': 3.3424, 'accuracy': 0.9803, 'precision': 0.0, 'recall': 0.0, 'f1': 0.0, 'auc': 0.7058}
train: {'epoch': 90, 'eta': 213938.1279, 'loss': 0.124, 'lr': 0.001, 'params': 782104, 'time_iter': 22.3902, 'accuracy': 0.9664, 'precision': 0.7178, 'recall': 0.1672, 'f1': 0.2712, 'auc': 0.7946}
val: {'epoch': 91, 'loss': 0.1662, 'lr': 0.001, 'params': 782104, 'time_iter': 2.9599, 'accuracy': 0.9803, 'precision': 0.0, 'recall': 0.0, 'f1': 0.0, 'auc': 0.6977}
train: {'epoch': 91, 'eta': 190249.8231, 'loss': 0.1235, 'lr': 0.001, 'params': 782104, 'time_iter': 24.0241, 'accuracy': 0.9659, 'precision': 0.6881, 'recall': 0.1648, 'f1': 0.2659, 'auc': 0.8004}
val: {'epoch': 92, 'loss': 0.1547, 'lr': 0.001, 'params': 782104, 'time_iter': 3.0484, 'accuracy': 0.9803, 'precision': 0.0, 'recall': 0.0, 'f1': 0.0, 'auc': 0.6858}
train: {'epoch': 92, 'eta': 166422.3345, 'loss': 0.1223, 'lr': 0.001, 'params': 782104, 'time_iter': 22.5137, 'accuracy': 0.9663, 'precision': 0.7089, 'recall': 0.168, 'f1': 0.2717, 'auc': 0.8085}
val: {'epoch': 93, 'loss': 0.1567, 'lr': 0.001, 'params': 782104, 'time_iter': 2.875, 'accuracy': 0.9803, 'precision': 0.0, 'recall': 0.0, 'f1': 0.0, 'auc': 0.6871}
train: {'epoch': 93, 'eta': 142718.1018, 'loss': 0.1239, 'lr': 0.001, 'params': 782104, 'time_iter': 24.1762, 'accuracy': 0.9664, 'precision': 0.726, 'recall': 0.1656, 'f1': 0.2697, 'auc': 0.8033}
val: {'epoch': 94, 'loss': 0.1695, 'lr': 0.001, 'params': 782104, 'time_iter': 3.0862, 'accuracy': 0.9803, 'precision': 0.0, 'recall': 0.0, 'f1': 0.0, 'auc': 0.6771}
train: {'epoch': 94, 'eta': 118938.5124, 'loss': 0.1235, 'lr': 0.001, 'params': 782104, 'time_iter': 23.2408, 'accuracy': 0.9661, 'precision': 0.7057, 'recall': 0.1615, 'f1': 0.2629, 'auc': 0.8055}
val: {'epoch': 95, 'loss': 0.1642, 'lr': 0.001, 'params': 782104, 'time_iter': 3.7211, 'accuracy': 0.9803, 'precision': 0.0, 'recall': 0.0, 'f1': 0.0, 'auc': 0.6495}
train: {'epoch': 95, 'eta': 95142.6794, 'loss': 0.1213, 'lr': 0.001, 'params': 782104, 'time_iter': 22.9277, 'accuracy': 0.9663, 'precision': 0.6938, 'recall': 0.1802, 'f1': 0.2861, 'auc': 0.8111}
val: {'epoch': 96, 'loss': 0.1626, 'lr': 0.001, 'params': 782104, 'time_iter': 3.0776, 'accuracy': 0.9803, 'precision': 0.0, 'recall': 0.0, 'f1': 0.0, 'auc': 0.6599}
train: {'epoch': 96, 'eta': 71346.6003, 'loss': 0.1206, 'lr': 0.001, 'params': 782104, 'time_iter': 22.7882, 'accuracy': 0.967, 'precision': 0.7331, 'recall': 0.1851, 'f1': 0.2955, 'auc': 0.8129}
val: {'epoch': 97, 'loss': 0.1626, 'lr': 0.001, 'params': 782104, 'time_iter': 2.8752, 'accuracy': 0.9803, 'precision': 0.0, 'recall': 0.0, 'f1': 0.0, 'auc': 0.6837}
train: {'epoch': 97, 'eta': 47578.3004, 'loss': 0.1196, 'lr': 0.001, 'params': 782104, 'time_iter': 23.7739, 'accuracy': 0.9673, 'precision': 0.7386, 'recall': 0.1972, 'f1': 0.3113, 'auc': 0.8173}
val: {'epoch': 98, 'loss': 0.1671, 'lr': 0.001, 'params': 782104, 'time_iter': 2.8959, 'accuracy': 0.9803, 'precision': 0.0, 'recall': 0.0, 'f1': 0.0, 'auc': 0.652}
train: {'epoch': 98, 'eta': 23794.205, 'loss': 0.1186, 'lr': 0.001, 'params': 782104, 'time_iter': 23.605, 'accuracy': 0.9674, 'precision': 0.7227, 'recall': 0.2094, 'f1': 0.3247, 'auc': 0.8208}
val: {'epoch': 99, 'loss': 0.162, 'lr': 0.001, 'params': 782104, 'time_iter': 3.0174, 'accuracy': 0.9803, 'precision': 0.0, 'recall': 0.0, 'f1': 0.0, 'auc': 0.651}
train: {'epoch': 99, 'eta': 0.0, 'loss': 0.1205, 'lr': 0.001, 'params': 782104, 'time_iter': 23.7968, 'accuracy': 0.9665, 'precision': 0.6949, 'recall': 0.1867, 'f1': 0.2943, 'auc': 0.8153}
test: {'epoch': 99, 'loss': 0.2689, 'lr': 0.001, 'params': 782104, 'time_iter': 2.9274, 'accuracy': 0.9684, 'precision': 0.0, 'recall': 0.0, 'f1': 0.0, 'auc': 0.627}
test: {'epoch': 6, 'loss': 0.1476, 'lr': 0.001, 'params': 782104, 'time_iter': 3.232, 'accuracy': 0.9684, 'precision': 0.0, 'recall': 0.0, 'f1': 0.0, 'auc': 0.7448}
