GraphGymModule(
  (model): DilatedGNNModel(
    (encoder): FeatureEncoder(
      (node_encoder): AtomEncoder(
        (atom_embedding_list): ModuleList(
          (0): Embedding(119, 300)
          (1): Embedding(4, 300)
          (2): Embedding(12, 300)
          (3): Embedding(12, 300)
          (4): Embedding(10, 300)
          (5): Embedding(6, 300)
          (6): Embedding(6, 300)
          (7): Embedding(2, 300)
          (8): Embedding(2, 300)
        )
      )
      (edge_encoder): BondEncoder(
        (bond_embedding_list): ModuleList(
          (0): Embedding(5, 300)
          (1): Embedding(6, 300)
          (2): Embedding(2, 300)
        )
      )
    )
    (mp): GNNDilatedStage(
      (classic_layers): ModuleList(
        (0): GeneralLayer(
          (layer): EGATConv(
            (model): GATConv(300, 300, heads=1)
          )
          (post_layer): Sequential(
            (0): BatchNorm1d(300, eps=1e-05, momentum=0.1, affine=True, track_running_stats=True)
            (1): Dropout(p=0.5, inplace=False)
            (2): ReLU()
          )
        )
      )
      (dilated_layers): ModuleList(
        (0): DilatedGeneralLayer(
          (layer): EGATConv(
            (model): GATConv(300, 300, heads=1)
          )
          (post_layer): Sequential(
            (0): BatchNorm1d(300, eps=1e-05, momentum=0.1, affine=True, track_running_stats=True)
            (1): Dropout(p=0.5, inplace=False)
            (2): ReLU()
          )
          (gem): GeM(p=3.0000, eps=1e-06)
        )
        (1): DilatedGeneralLayer(
          (layer): EGATConv(
            (model): GATConv(300, 300, heads=1)
          )
          (post_layer): Sequential(
            (0): BatchNorm1d(300, eps=1e-05, momentum=0.1, affine=True, track_running_stats=True)
            (1): Dropout(p=0.5, inplace=False)
            (2): ReLU()
          )
          (gem): GeM(p=3.0000, eps=1e-06)
        )
        (2): DilatedGeneralLayer(
          (layer): EGATConv(
            (model): GATConv(300, 300, heads=1)
          )
          (post_layer): Sequential(
            (0): BatchNorm1d(300, eps=1e-05, momentum=0.1, affine=True, track_running_stats=True)
            (1): Dropout(p=0.5, inplace=False)
            (2): ReLU()
          )
          (gem): GeM(p=3.0000, eps=1e-06)
        )
      )
      (act): ReLU()
    )
    (post_mp): GNNGraphHead(
      (layer_post_mp): MLP(
        (model): Sequential(
          (0): Linear(
            (model): Linear(300, 1, bias=True)
          )
        )
      )
    )
  )
)
accelerator: cuda
benchmark: False
bn:
  eps: 1e-05
  mom: 0.1
cfg_dest: config.yaml
custom_metrics: []
dataset:
  cache_load: False
  cache_save: False
  dir: ./datasets
  edge_dim: 300
  edge_encoder: True
  edge_encoder_bn: False
  edge_encoder_name: Bond
  edge_message_ratio: 0.8
  edge_negative_sampling_ratio: 1.0
  edge_train_mode: all
  encoder: True
  encoder_bn: True
  encoder_dim: 128
  encoder_name: db
  fast_loader: False
  format: OGB
  label_column: none
  label_table: none
  location: local
  name: ogbg-molhiv
  node_encoder: True
  node_encoder_bn: False
  node_encoder_name: Atom
  remove_feature: False
  resample_disjoint: False
  resample_negative: False
  shuffle_split: True
  split: [0.8, 0.1, 0.1]
  split_mode: random
  task: graph
  task_type: classification
  to_undirected: False
  transductive: False
  transform: none
  tu_simple: True
devices: 1
gnn:
  act: relu
  act_on_last_layer_mp: False
  agg: none
  att_final_linear: False
  att_final_linear_bn: False
  att_heads: 1
  batchnorm: True
  clear_feature: True
  dilated_path_join: add
  dim_inner: 300
  dropout: 0.5
  head: graph
  keep_edge: 0.5
  l2norm: True
  layer_type: egatconv
  layers_k1: 1
  layers_k2: 3
  layers_mp: 5
  layers_post_mp: 1
  layers_pre_mp: 0
  learn_alpha_residual_connection: False
  msg_direction: single
  normalize_adj: False
  self_msg: concat
  skip_every: 1
  stage_type: stack
  use_edge_features: True
gpu_mem: False
mem:
  inplace: False
metric_agg: argmax
metric_best: auc
model:
  edge_decoding: dot
  graph_pooling: mean
  loss_fun: cross_entropy
  match_upper: True
  size_average: mean
  thresh: 0.5
  type: dilated_gnn
num_threads: 6
num_workers: 16
optim:
  base_lr: 0.001
  lr_decay: 0.1
  max_epoch: 100
  momentum: 0.9
  optimizer: adam
  scheduler: none
  steps: [30, 60, 90]
  weight_decay: 0.0
out_dir: results_experiments/ogbg_molhiv_baseline_grid_design/ogbg_molhiv_baseline-type=dilated_gnn-layer_type=egatconv-layers_k1=1-layers_k2=3-dilated_path_join=add-learn_alpha_residual_connection=False
params: 782104
print: both
round: 4
run_dir: results_experiments/ogbg_molhiv_baseline_grid_design/ogbg_molhiv_baseline-type=dilated_gnn-layer_type=egatconv-layers_k1=1-layers_k2=3-dilated_path_join=add-learn_alpha_residual_connection=False/6
seed: 7
share:
  dim_in: 9
  dim_out: 2
  num_splits: 3
tensorboard_agg: True
tensorboard_each_run: False
train:
  auto_resume: False
  batch_size: 32
  ckpt_clean: True
  ckpt_period: 100
  enable_ckpt: True
  epoch_resume: -1
  eval_period: 1
  iter_per_epoch: 32
  neighbor_sizes: [20, 15, 10, 5]
  node_per_graph: 32
  radius: extend
  sample_node: False
  sampler: full_batch
  skip_train_eval: False
  walk_length: 4
val:
  node_per_graph: 32
  radius: extend
  sample_node: False
  sampler: full_batch
view_emb: False
Num parameters: 782104
val: {'epoch': 0, 'loss': 0.6596, 'lr': 0.001, 'params': 782104, 'time_iter': 1.2325, 'accuracy': 0.9844, 'precision': 0.0, 'recall': 0.0, 'f1': 0.0, 'auc': 0.4921}
val: {'epoch': 0, 'loss': 0.0971, 'lr': 0.001, 'params': 782104, 'time_iter': 3.6398, 'accuracy': 0.9803, 'precision': 0.0, 'recall': 0.0, 'f1': 0.0, 'auc': 0.6309}
train: {'epoch': 0, 'eta': 2362983.4309, 'loss': 0.176, 'lr': 0.001, 'params': 782104, 'time_iter': 23.1958, 'accuracy': 0.9623, 'precision': 0.0, 'recall': 0.0, 'f1': 0.0, 'auc': 0.5926}
val: {'epoch': 1, 'loss': 0.0967, 'lr': 0.001, 'params': 782104, 'time_iter': 3.4868, 'accuracy': 0.9803, 'precision': 0.0, 'recall': 0.0, 'f1': 0.0, 'auc': 0.6543}
train: {'epoch': 1, 'eta': 2296828.8813, 'loss': 0.1524, 'lr': 0.001, 'params': 782104, 'time_iter': 22.3572, 'accuracy': 0.9626, 'precision': 0.0, 'recall': 0.0, 'f1': 0.0, 'auc': 0.6673}
val: {'epoch': 2, 'loss': 0.101, 'lr': 0.001, 'params': 782104, 'time_iter': 3.2642, 'accuracy': 0.9803, 'precision': 0.0, 'recall': 0.0, 'f1': 0.0, 'auc': 0.618}
train: {'epoch': 2, 'eta': 2306678.2387, 'loss': 0.1499, 'lr': 0.001, 'params': 782104, 'time_iter': 23.777, 'accuracy': 0.9626, 'precision': 0.0, 'recall': 0.0, 'f1': 0.0, 'auc': 0.6568}
val: {'epoch': 3, 'loss': 0.0961, 'lr': 0.001, 'params': 782104, 'time_iter': 3.3368, 'accuracy': 0.9803, 'precision': 0.0, 'recall': 0.0, 'f1': 0.0, 'auc': 0.7043}
train: {'epoch': 3, 'eta': 2274402.4542, 'loss': 0.1456, 'lr': 0.001, 'params': 782104, 'time_iter': 22.766, 'accuracy': 0.9626, 'precision': 0.0, 'recall': 0.0, 'f1': 0.0, 'auc': 0.6993}
val: {'epoch': 4, 'loss': 0.0982, 'lr': 0.001, 'params': 782104, 'time_iter': 3.3473, 'accuracy': 0.9803, 'precision': 0.0, 'recall': 0.0, 'f1': 0.0, 'auc': 0.6705}
train: {'epoch': 4, 'eta': 2260697.6026, 'loss': 0.1432, 'lr': 0.001, 'params': 782104, 'time_iter': 23.5348, 'accuracy': 0.9626, 'precision': 0.0, 'recall': 0.0, 'f1': 0.0, 'auc': 0.7127}
val: {'epoch': 5, 'loss': 0.1037, 'lr': 0.001, 'params': 782104, 'time_iter': 2.9088, 'accuracy': 0.9803, 'precision': 0.0, 'recall': 0.0, 'f1': 0.0, 'auc': 0.6687}
train: {'epoch': 5, 'eta': 2241174.2301, 'loss': 0.1434, 'lr': 0.001, 'params': 782104, 'time_iter': 23.3912, 'accuracy': 0.9626, 'precision': 1.0, 'recall': 0.0008, 'f1': 0.0016, 'auc': 0.7056}
val: {'epoch': 6, 'loss': 0.1032, 'lr': 0.001, 'params': 782104, 'time_iter': 3.0627, 'accuracy': 0.9803, 'precision': 0.0, 'recall': 0.0, 'f1': 0.0, 'auc': 0.649}
train: {'epoch': 6, 'eta': 2208159.9764, 'loss': 0.1414, 'lr': 0.001, 'params': 782104, 'time_iter': 22.4994, 'accuracy': 0.9626, 'precision': 0.0, 'recall': 0.0, 'f1': 0.0, 'auc': 0.7259}
val: {'epoch': 7, 'loss': 0.1056, 'lr': 0.001, 'params': 782104, 'time_iter': 4.3171, 'accuracy': 0.9803, 'precision': 0.0, 'recall': 0.0, 'f1': 0.0, 'auc': 0.6474}
train: {'epoch': 7, 'eta': 2182557.8948, 'loss': 0.1402, 'lr': 0.001, 'params': 782104, 'time_iter': 22.9174, 'accuracy': 0.9626, 'precision': 0.6667, 'recall': 0.0032, 'f1': 0.0065, 'auc': 0.7328}
val: {'epoch': 8, 'loss': 0.1005, 'lr': 0.001, 'params': 782104, 'time_iter': 3.1427, 'accuracy': 0.9805, 'precision': 1.0, 'recall': 0.0123, 'f1': 0.0244, 'auc': 0.6703}
train: {'epoch': 8, 'eta': 2177949.5638, 'loss': 0.1396, 'lr': 0.001, 'params': 782104, 'time_iter': 24.8921, 'accuracy': 0.9625, 'precision': 0.4444, 'recall': 0.0097, 'f1': 0.0191, 'auc': 0.7322}
val: {'epoch': 9, 'loss': 0.1059, 'lr': 0.001, 'params': 782104, 'time_iter': 3.2227, 'accuracy': 0.981, 'precision': 1.0, 'recall': 0.037, 'f1': 0.0714, 'auc': 0.6921}
train: {'epoch': 9, 'eta': 2142467.9894, 'loss': 0.1382, 'lr': 0.001, 'params': 782104, 'time_iter': 22.012, 'accuracy': 0.9632, 'precision': 0.6329, 'recall': 0.0406, 'f1': 0.0763, 'auc': 0.7386}
val: {'epoch': 10, 'loss': 0.1045, 'lr': 0.001, 'params': 782104, 'time_iter': 3.3903, 'accuracy': 0.9808, 'precision': 1.0, 'recall': 0.0247, 'f1': 0.0482, 'auc': 0.7158}
train: {'epoch': 10, 'eta': 2122114.9159, 'loss': 0.1368, 'lr': 0.001, 'params': 782104, 'time_iter': 23.5489, 'accuracy': 0.9634, 'precision': 0.6517, 'recall': 0.0471, 'f1': 0.0878, 'auc': 0.7473}
val: {'epoch': 11, 'loss': 0.105, 'lr': 0.001, 'params': 782104, 'time_iter': 3.096, 'accuracy': 0.9803, 'precision': 0.5, 'recall': 0.0494, 'f1': 0.0899, 'auc': 0.6685}
train: {'epoch': 11, 'eta': 2097673.1432, 'loss': 0.1367, 'lr': 0.001, 'params': 782104, 'time_iter': 23.0928, 'accuracy': 0.9636, 'precision': 0.6771, 'recall': 0.0528, 'f1': 0.0979, 'auc': 0.7459}
val: {'epoch': 12, 'loss': 0.1131, 'lr': 0.001, 'params': 782104, 'time_iter': 3.6622, 'accuracy': 0.981, 'precision': 1.0, 'recall': 0.037, 'f1': 0.0714, 'auc': 0.7128}
train: {'epoch': 12, 'eta': 2070206.6341, 'loss': 0.1359, 'lr': 0.001, 'params': 782104, 'time_iter': 22.6384, 'accuracy': 0.9633, 'precision': 0.5852, 'recall': 0.0641, 'f1': 0.1156, 'auc': 0.7511}
val: {'epoch': 13, 'loss': 0.1, 'lr': 0.001, 'params': 782104, 'time_iter': 3.7014, 'accuracy': 0.9805, 'precision': 0.5455, 'recall': 0.0741, 'f1': 0.1304, 'auc': 0.7344}
train: {'epoch': 13, 'eta': 2043935.2674, 'loss': 0.1349, 'lr': 0.001, 'params': 782104, 'time_iter': 22.7332, 'accuracy': 0.9634, 'precision': 0.5918, 'recall': 0.0706, 'f1': 0.1262, 'auc': 0.7551}
val: {'epoch': 14, 'loss': 0.1166, 'lr': 0.001, 'params': 782104, 'time_iter': 3.5093, 'accuracy': 0.981, 'precision': 1.0, 'recall': 0.037, 'f1': 0.0714, 'auc': 0.7111}
train: {'epoch': 14, 'eta': 2020532.7127, 'loss': 0.1345, 'lr': 0.001, 'params': 782104, 'time_iter': 23.1593, 'accuracy': 0.964, 'precision': 0.6644, 'recall': 0.0787, 'f1': 0.1408, 'auc': 0.7589}
val: {'epoch': 15, 'loss': 0.1135, 'lr': 0.001, 'params': 782104, 'time_iter': 3.1244, 'accuracy': 0.9801, 'precision': 0.4286, 'recall': 0.037, 'f1': 0.0682, 'auc': 0.7372}
train: {'epoch': 15, 'eta': 2002837.6666, 'loss': 0.1344, 'lr': 0.001, 'params': 782104, 'time_iter': 24.2257, 'accuracy': 0.9636, 'precision': 0.6087, 'recall': 0.0795, 'f1': 0.1407, 'auc': 0.7568}
val: {'epoch': 16, 'loss': 0.1147, 'lr': 0.001, 'params': 782104, 'time_iter': 3.1626, 'accuracy': 0.9803, 'precision': 0.0, 'recall': 0.0, 'f1': 0.0, 'auc': 0.7378}
train: {'epoch': 16, 'eta': 1973764.9445, 'loss': 0.1331, 'lr': 0.001, 'params': 782104, 'time_iter': 22.1304, 'accuracy': 0.9642, 'precision': 0.6536, 'recall': 0.095, 'f1': 0.1658, 'auc': 0.7593}
val: {'epoch': 17, 'loss': 0.1162, 'lr': 0.001, 'params': 782104, 'time_iter': 3.0401, 'accuracy': 0.9805, 'precision': 1.0, 'recall': 0.0123, 'f1': 0.0244, 'auc': 0.7317}
train: {'epoch': 17, 'eta': 1947962.2328, 'loss': 0.1332, 'lr': 0.001, 'params': 782104, 'time_iter': 22.6787, 'accuracy': 0.9643, 'precision': 0.6439, 'recall': 0.1071, 'f1': 0.1837, 'auc': 0.7601}
val: {'epoch': 18, 'loss': 0.1189, 'lr': 0.001, 'params': 782104, 'time_iter': 3.2014, 'accuracy': 0.9805, 'precision': 0.6667, 'recall': 0.0247, 'f1': 0.0476, 'auc': 0.7302}
train: {'epoch': 18, 'eta': 1921160.4726, 'loss': 0.1325, 'lr': 0.001, 'params': 782104, 'time_iter': 22.3918, 'accuracy': 0.9642, 'precision': 0.6455, 'recall': 0.099, 'f1': 0.1717, 'auc': 0.7671}
val: {'epoch': 19, 'loss': 0.1214, 'lr': 0.001, 'params': 782104, 'time_iter': 3.5353, 'accuracy': 0.9803, 'precision': 0.0, 'recall': 0.0, 'f1': 0.0, 'auc': 0.7207}
train: {'epoch': 19, 'eta': 1899074.6278, 'loss': 0.132, 'lr': 0.001, 'params': 782104, 'time_iter': 23.4461, 'accuracy': 0.9645, 'precision': 0.6552, 'recall': 0.108, 'f1': 0.1854, 'auc': 0.7703}
val: {'epoch': 20, 'loss': 0.1204, 'lr': 0.001, 'params': 782104, 'time_iter': 3.1866, 'accuracy': 0.9805, 'precision': 0.6667, 'recall': 0.0247, 'f1': 0.0476, 'auc': 0.7255}
train: {'epoch': 20, 'eta': 1874655.3062, 'loss': 0.1322, 'lr': 0.001, 'params': 782104, 'time_iter': 22.8935, 'accuracy': 0.9642, 'precision': 0.6268, 'recall': 0.1063, 'f1': 0.1818, 'auc': 0.7697}
val: {'epoch': 21, 'loss': 0.1226, 'lr': 0.001, 'params': 782104, 'time_iter': 3.2768, 'accuracy': 0.9803, 'precision': 0.0, 'recall': 0.0, 'f1': 0.0, 'auc': 0.7285}
train: {'epoch': 21, 'eta': 1851239.3558, 'loss': 0.1313, 'lr': 0.001, 'params': 782104, 'time_iter': 23.1471, 'accuracy': 0.9642, 'precision': 0.625, 'recall': 0.1096, 'f1': 0.1865, 'auc': 0.7749}
val: {'epoch': 22, 'loss': 0.1285, 'lr': 0.001, 'params': 782104, 'time_iter': 2.9273, 'accuracy': 0.9803, 'precision': 0.0, 'recall': 0.0, 'f1': 0.0, 'auc': 0.7016}
train: {'epoch': 22, 'eta': 1828780.645, 'loss': 0.133, 'lr': 0.001, 'params': 782104, 'time_iter': 23.4351, 'accuracy': 0.9643, 'precision': 0.645, 'recall': 0.1047, 'f1': 0.1802, 'auc': 0.7698}
val: {'epoch': 23, 'loss': 0.1252, 'lr': 0.001, 'params': 782104, 'time_iter': 4.1883, 'accuracy': 0.9803, 'precision': 0.0, 'recall': 0.0, 'f1': 0.0, 'auc': 0.6992}
train: {'epoch': 23, 'eta': 1805395.4027, 'loss': 0.1349, 'lr': 0.001, 'params': 782104, 'time_iter': 23.1931, 'accuracy': 0.9634, 'precision': 0.5824, 'recall': 0.0804, 'f1': 0.1412, 'auc': 0.758}
val: {'epoch': 24, 'loss': 0.1364, 'lr': 0.001, 'params': 782104, 'time_iter': 3.2454, 'accuracy': 0.9803, 'precision': 0.0, 'recall': 0.0, 'f1': 0.0, 'auc': 0.6864}
train: {'epoch': 24, 'eta': 1779642.8945, 'loss': 0.1351, 'lr': 0.001, 'params': 782104, 'time_iter': 22.4387, 'accuracy': 0.9634, 'precision': 0.5957, 'recall': 0.0682, 'f1': 0.1224, 'auc': 0.7615}
val: {'epoch': 25, 'loss': 0.1397, 'lr': 0.001, 'params': 782104, 'time_iter': 3.3068, 'accuracy': 0.9803, 'precision': 0.0, 'recall': 0.0, 'f1': 0.0, 'auc': 0.7106}
train: {'epoch': 25, 'eta': 1758281.0996, 'loss': 0.1324, 'lr': 0.001, 'params': 782104, 'time_iter': 23.868, 'accuracy': 0.964, 'precision': 0.6173, 'recall': 0.0982, 'f1': 0.1695, 'auc': 0.771}
val: {'epoch': 26, 'loss': 0.1366, 'lr': 0.001, 'params': 782104, 'time_iter': 3.2242, 'accuracy': 0.9801, 'precision': 0.0, 'recall': 0.0, 'f1': 0.0, 'auc': 0.6822}
train: {'epoch': 26, 'eta': 1735246.4039, 'loss': 0.1307, 'lr': 0.001, 'params': 782104, 'time_iter': 23.3518, 'accuracy': 0.9644, 'precision': 0.6517, 'recall': 0.1063, 'f1': 0.1828, 'auc': 0.7793}
val: {'epoch': 27, 'loss': 0.1342, 'lr': 0.001, 'params': 782104, 'time_iter': 2.8612, 'accuracy': 0.9801, 'precision': 0.0, 'recall': 0.0, 'f1': 0.0, 'auc': 0.6829}
train: {'epoch': 27, 'eta': 1712418.8666, 'loss': 0.1298, 'lr': 0.001, 'params': 782104, 'time_iter': 23.457, 'accuracy': 0.9651, 'precision': 0.6941, 'recall': 0.1234, 'f1': 0.2095, 'auc': 0.7786}
val: {'epoch': 28, 'loss': 0.143, 'lr': 0.001, 'params': 782104, 'time_iter': 3.688, 'accuracy': 0.9803, 'precision': 0.0, 'recall': 0.0, 'f1': 0.0, 'auc': 0.6533}
train: {'epoch': 28, 'eta': 1688183.3132, 'loss': 0.1305, 'lr': 0.001, 'params': 782104, 'time_iter': 22.9339, 'accuracy': 0.9647, 'precision': 0.6432, 'recall': 0.1258, 'f1': 0.2105, 'auc': 0.7762}
val: {'epoch': 29, 'loss': 0.1357, 'lr': 0.001, 'params': 782104, 'time_iter': 3.3294, 'accuracy': 0.9803, 'precision': 0.0, 'recall': 0.0, 'f1': 0.0, 'auc': 0.6372}
train: {'epoch': 29, 'eta': 1665224.3123, 'loss': 0.1301, 'lr': 0.001, 'params': 782104, 'time_iter': 23.4479, 'accuracy': 0.9651, 'precision': 0.6766, 'recall': 0.1291, 'f1': 0.2168, 'auc': 0.7762}
val: {'epoch': 30, 'loss': 0.1457, 'lr': 0.001, 'params': 782104, 'time_iter': 3.5657, 'accuracy': 0.9803, 'precision': 0.0, 'recall': 0.0, 'f1': 0.0, 'auc': 0.6476}
train: {'epoch': 30, 'eta': 1641800.1787, 'loss': 0.1287, 'lr': 0.001, 'params': 782104, 'time_iter': 23.2778, 'accuracy': 0.9649, 'precision': 0.6597, 'recall': 0.1274, 'f1': 0.2136, 'auc': 0.7825}
val: {'epoch': 31, 'loss': 0.142, 'lr': 0.001, 'params': 782104, 'time_iter': 3.1769, 'accuracy': 0.9803, 'precision': 0.0, 'recall': 0.0, 'f1': 0.0, 'auc': 0.6601}
train: {'epoch': 31, 'eta': 1616463.2642, 'loss': 0.1281, 'lr': 0.001, 'params': 782104, 'time_iter': 22.4181, 'accuracy': 0.9654, 'precision': 0.6979, 'recall': 0.1331, 'f1': 0.2236, 'auc': 0.7862}
val: {'epoch': 32, 'loss': 0.1417, 'lr': 0.001, 'params': 782104, 'time_iter': 2.9585, 'accuracy': 0.9803, 'precision': 0.0, 'recall': 0.0, 'f1': 0.0, 'auc': 0.683}
train: {'epoch': 32, 'eta': 1592882.4544, 'loss': 0.1276, 'lr': 0.001, 'params': 782104, 'time_iter': 23.1929, 'accuracy': 0.9653, 'precision': 0.6595, 'recall': 0.1494, 'f1': 0.2435, 'auc': 0.7851}
val: {'epoch': 33, 'loss': 0.146, 'lr': 0.001, 'params': 782104, 'time_iter': 3.9832, 'accuracy': 0.9803, 'precision': 0.0, 'recall': 0.0, 'f1': 0.0, 'auc': 0.6861}
train: {'epoch': 33, 'eta': 1569891.1859, 'loss': 0.1268, 'lr': 0.001, 'params': 782104, 'time_iter': 23.4964, 'accuracy': 0.9656, 'precision': 0.6908, 'recall': 0.1469, 'f1': 0.2423, 'auc': 0.792}
val: {'epoch': 34, 'loss': 0.1408, 'lr': 0.001, 'params': 782104, 'time_iter': 3.3296, 'accuracy': 0.9803, 'precision': 0.0, 'recall': 0.0, 'f1': 0.0, 'auc': 0.5987}
train: {'epoch': 34, 'eta': 1547024.3086, 'loss': 0.1323, 'lr': 0.001, 'params': 782104, 'time_iter': 23.597, 'accuracy': 0.9647, 'precision': 0.6765, 'recall': 0.112, 'f1': 0.1922, 'auc': 0.7607}
val: {'epoch': 35, 'loss': 0.1384, 'lr': 0.001, 'params': 782104, 'time_iter': 3.3457, 'accuracy': 0.9803, 'precision': 0.0, 'recall': 0.0, 'f1': 0.0, 'auc': 0.6716}
train: {'epoch': 35, 'eta': 1522705.0995, 'loss': 0.1323, 'lr': 0.001, 'params': 782104, 'time_iter': 22.846, 'accuracy': 0.9644, 'precision': 0.6485, 'recall': 0.1063, 'f1': 0.1827, 'auc': 0.766}
val: {'epoch': 36, 'loss': 0.142, 'lr': 0.001, 'params': 782104, 'time_iter': 3.374, 'accuracy': 0.9803, 'precision': 0.0, 'recall': 0.0, 'f1': 0.0, 'auc': 0.5871}
train: {'epoch': 36, 'eta': 1496638.3865, 'loss': 0.1311, 'lr': 0.001, 'params': 782104, 'time_iter': 21.8236, 'accuracy': 0.9654, 'precision': 0.7313, 'recall': 0.1193, 'f1': 0.2052, 'auc': 0.7688}
val: {'epoch': 37, 'loss': 0.146, 'lr': 0.001, 'params': 782104, 'time_iter': 3.1095, 'accuracy': 0.9803, 'precision': 0.0, 'recall': 0.0, 'f1': 0.0, 'auc': 0.6249}
train: {'epoch': 37, 'eta': 1473300.1986, 'loss': 0.1308, 'lr': 0.001, 'params': 782104, 'time_iter': 23.3356, 'accuracy': 0.965, 'precision': 0.6946, 'recall': 0.1144, 'f1': 0.1965, 'auc': 0.7758}
val: {'epoch': 38, 'loss': 0.1473, 'lr': 0.001, 'params': 782104, 'time_iter': 2.9819, 'accuracy': 0.9803, 'precision': 0.0, 'recall': 0.0, 'f1': 0.0, 'auc': 0.6514}
train: {'epoch': 38, 'eta': 1449086.2543, 'loss': 0.1283, 'lr': 0.001, 'params': 782104, 'time_iter': 22.813, 'accuracy': 0.9656, 'precision': 0.7149, 'recall': 0.1364, 'f1': 0.229, 'auc': 0.7833}
val: {'epoch': 39, 'loss': 0.1493, 'lr': 0.001, 'params': 782104, 'time_iter': 3.1251, 'accuracy': 0.9803, 'precision': 0.0, 'recall': 0.0, 'f1': 0.0, 'auc': 0.6044}
train: {'epoch': 39, 'eta': 1424960.6939, 'loss': 0.1267, 'lr': 0.001, 'params': 782104, 'time_iter': 22.8463, 'accuracy': 0.9655, 'precision': 0.6832, 'recall': 0.1453, 'f1': 0.2396, 'auc': 0.792}
val: {'epoch': 40, 'loss': 0.1445, 'lr': 0.001, 'params': 782104, 'time_iter': 3.4268, 'accuracy': 0.9803, 'precision': 0.0, 'recall': 0.0, 'f1': 0.0, 'auc': 0.6629}
train: {'epoch': 40, 'eta': 1401660.0826, 'loss': 0.1325, 'lr': 0.001, 'params': 782104, 'time_iter': 23.3831, 'accuracy': 0.965, 'precision': 0.701, 'recall': 0.1161, 'f1': 0.1992, 'auc': 0.7646}
val: {'epoch': 41, 'loss': 0.1357, 'lr': 0.001, 'params': 782104, 'time_iter': 3.272, 'accuracy': 0.9803, 'precision': 0.0, 'recall': 0.0, 'f1': 0.0, 'auc': 0.6357}
train: {'epoch': 41, 'eta': 1377950.1115, 'loss': 0.1336, 'lr': 0.001, 'params': 782104, 'time_iter': 23.1205, 'accuracy': 0.9648, 'precision': 0.6911, 'recall': 0.1071, 'f1': 0.1855, 'auc': 0.7623}
val: {'epoch': 42, 'loss': 0.1483, 'lr': 0.001, 'params': 782104, 'time_iter': 3.2601, 'accuracy': 0.9803, 'precision': 0.0, 'recall': 0.0, 'f1': 0.0, 'auc': 0.6118}
train: {'epoch': 42, 'eta': 1354418.1379, 'loss': 0.1322, 'lr': 0.001, 'params': 782104, 'time_iter': 23.2537, 'accuracy': 0.9654, 'precision': 0.711, 'recall': 0.1258, 'f1': 0.2138, 'auc': 0.7732}
val: {'epoch': 43, 'loss': 0.1435, 'lr': 0.001, 'params': 782104, 'time_iter': 3.1901, 'accuracy': 0.9803, 'precision': 0.0, 'recall': 0.0, 'f1': 0.0, 'auc': 0.682}
train: {'epoch': 43, 'eta': 1330655.8247, 'loss': 0.1297, 'lr': 0.001, 'params': 782104, 'time_iter': 23.0916, 'accuracy': 0.9656, 'precision': 0.7327, 'recall': 0.1291, 'f1': 0.2195, 'auc': 0.781}
val: {'epoch': 44, 'loss': 0.146, 'lr': 0.001, 'params': 782104, 'time_iter': 3.3463, 'accuracy': 0.9803, 'precision': 0.0, 'recall': 0.0, 'f1': 0.0, 'auc': 0.6704}
train: {'epoch': 44, 'eta': 1305657.7406, 'loss': 0.1303, 'lr': 0.001, 'params': 782104, 'time_iter': 22.109, 'accuracy': 0.9653, 'precision': 0.7123, 'recall': 0.1226, 'f1': 0.2091, 'auc': 0.7739}
val: {'epoch': 45, 'loss': 0.1456, 'lr': 0.001, 'params': 782104, 'time_iter': 3.2123, 'accuracy': 0.9803, 'precision': 0.0, 'recall': 0.0, 'f1': 0.0, 'auc': 0.6588}
train: {'epoch': 45, 'eta': 1282403.8061, 'loss': 0.1295, 'lr': 0.001, 'params': 782104, 'time_iter': 23.4719, 'accuracy': 0.9656, 'precision': 0.7371, 'recall': 0.1274, 'f1': 0.2173, 'auc': 0.781}
val: {'epoch': 46, 'loss': 0.1522, 'lr': 0.001, 'params': 782104, 'time_iter': 3.4489, 'accuracy': 0.9803, 'precision': 0.0, 'recall': 0.0, 'f1': 0.0, 'auc': 0.6017}
train: {'epoch': 46, 'eta': 1256828.2051, 'loss': 0.1288, 'lr': 0.001, 'params': 782104, 'time_iter': 21.5041, 'accuracy': 0.9654, 'precision': 0.6966, 'recall': 0.1323, 'f1': 0.2224, 'auc': 0.7831}
val: {'epoch': 47, 'loss': 0.1505, 'lr': 0.001, 'params': 782104, 'time_iter': 3.1797, 'accuracy': 0.9803, 'precision': 0.0, 'recall': 0.0, 'f1': 0.0, 'auc': 0.6062}
train: {'epoch': 47, 'eta': 1233260.7393, 'loss': 0.1287, 'lr': 0.001, 'params': 782104, 'time_iter': 23.1766, 'accuracy': 0.9654, 'precision': 0.6914, 'recall': 0.1364, 'f1': 0.2278, 'auc': 0.7855}
val: {'epoch': 48, 'loss': 0.1515, 'lr': 0.001, 'params': 782104, 'time_iter': 3.0781, 'accuracy': 0.9803, 'precision': 0.0, 'recall': 0.0, 'f1': 0.0, 'auc': 0.6201}
train: {'epoch': 48, 'eta': 1209289.2234, 'loss': 0.1278, 'lr': 0.001, 'params': 782104, 'time_iter': 22.8101, 'accuracy': 0.9658, 'precision': 0.7265, 'recall': 0.138, 'f1': 0.2319, 'auc': 0.7891}
val: {'epoch': 49, 'loss': 0.1448, 'lr': 0.001, 'params': 782104, 'time_iter': 3.3292, 'accuracy': 0.9803, 'precision': 0.0, 'recall': 0.0, 'f1': 0.0, 'auc': 0.592}
train: {'epoch': 49, 'eta': 1185938.052, 'loss': 0.1285, 'lr': 0.001, 'params': 782104, 'time_iter': 23.3935, 'accuracy': 0.9659, 'precision': 0.7137, 'recall': 0.1477, 'f1': 0.2448, 'auc': 0.7871}
val: {'epoch': 50, 'loss': 0.1513, 'lr': 0.001, 'params': 782104, 'time_iter': 3.1354, 'accuracy': 0.9803, 'precision': 0.0, 'recall': 0.0, 'f1': 0.0, 'auc': 0.6318}
train: {'epoch': 50, 'eta': 1163895.9051, 'loss': 0.1272, 'lr': 0.001, 'params': 782104, 'time_iter': 24.7462, 'accuracy': 0.9657, 'precision': 0.6992, 'recall': 0.1453, 'f1': 0.2406, 'auc': 0.7927}
val: {'epoch': 51, 'loss': 0.1564, 'lr': 0.001, 'params': 782104, 'time_iter': 3.4392, 'accuracy': 0.9803, 'precision': 0.0, 'recall': 0.0, 'f1': 0.0, 'auc': 0.5522}
train: {'epoch': 51, 'eta': 1140414.158, 'loss': 0.1289, 'lr': 0.001, 'params': 782104, 'time_iter': 23.3691, 'accuracy': 0.9656, 'precision': 0.7265, 'recall': 0.1315, 'f1': 0.2227, 'auc': 0.783}
val: {'epoch': 52, 'loss': 0.157, 'lr': 0.001, 'params': 782104, 'time_iter': 3.3443, 'accuracy': 0.9803, 'precision': 0.0, 'recall': 0.0, 'f1': 0.0, 'auc': 0.6492}
train: {'epoch': 52, 'eta': 1116106.1219, 'loss': 0.1278, 'lr': 0.001, 'params': 782104, 'time_iter': 22.487, 'accuracy': 0.9658, 'precision': 0.725, 'recall': 0.1412, 'f1': 0.2364, 'auc': 0.7803}
val: {'epoch': 53, 'loss': 0.1466, 'lr': 0.001, 'params': 782104, 'time_iter': 2.9409, 'accuracy': 0.9803, 'precision': 0.0, 'recall': 0.0, 'f1': 0.0, 'auc': 0.6052}
train: {'epoch': 53, 'eta': 1092950.2487, 'loss': 0.1275, 'lr': 0.001, 'params': 782104, 'time_iter': 23.752, 'accuracy': 0.9654, 'precision': 0.6917, 'recall': 0.1347, 'f1': 0.2255, 'auc': 0.7866}
val: {'epoch': 54, 'loss': 0.1547, 'lr': 0.001, 'params': 782104, 'time_iter': 3.4096, 'accuracy': 0.9803, 'precision': 0.0, 'recall': 0.0, 'f1': 0.0, 'auc': 0.6174}
train: {'epoch': 54, 'eta': 1069069.9309, 'loss': 0.1268, 'lr': 0.001, 'params': 782104, 'time_iter': 22.947, 'accuracy': 0.9658, 'precision': 0.7143, 'recall': 0.1461, 'f1': 0.2426, 'auc': 0.7915}
val: {'epoch': 55, 'loss': 0.1525, 'lr': 0.001, 'params': 782104, 'time_iter': 3.4649, 'accuracy': 0.9803, 'precision': 0.0, 'recall': 0.0, 'f1': 0.0, 'auc': 0.6051}
train: {'epoch': 55, 'eta': 1046074.1494, 'loss': 0.1258, 'lr': 0.001, 'params': 782104, 'time_iter': 24.0292, 'accuracy': 0.9657, 'precision': 0.6929, 'recall': 0.1502, 'f1': 0.2468, 'auc': 0.7929}
val: {'epoch': 56, 'loss': 0.1544, 'lr': 0.001, 'params': 782104, 'time_iter': 3.1355, 'accuracy': 0.9803, 'precision': 0.0, 'recall': 0.0, 'f1': 0.0, 'auc': 0.6157}
train: {'epoch': 56, 'eta': 1022844.7163, 'loss': 0.1256, 'lr': 0.001, 'params': 782104, 'time_iter': 23.8064, 'accuracy': 0.9655, 'precision': 0.6873, 'recall': 0.1445, 'f1': 0.2388, 'auc': 0.7991}
val: {'epoch': 57, 'loss': 0.1607, 'lr': 0.001, 'params': 782104, 'time_iter': 3.4563, 'accuracy': 0.9803, 'precision': 0.0, 'recall': 0.0, 'f1': 0.0, 'auc': 0.632}
train: {'epoch': 57, 'eta': 998827.589, 'loss': 0.1258, 'lr': 0.001, 'params': 782104, 'time_iter': 22.808, 'accuracy': 0.966, 'precision': 0.7386, 'recall': 0.1445, 'f1': 0.2417, 'auc': 0.7929}
val: {'epoch': 58, 'loss': 0.1604, 'lr': 0.001, 'params': 782104, 'time_iter': 3.022, 'accuracy': 0.9803, 'precision': 0.0, 'recall': 0.0, 'f1': 0.0, 'auc': 0.605}
train: {'epoch': 58, 'eta': 974073.1783, 'loss': 0.1257, 'lr': 0.001, 'params': 782104, 'time_iter': 21.7509, 'accuracy': 0.9663, 'precision': 0.7236, 'recall': 0.1615, 'f1': 0.2641, 'auc': 0.7944}
val: {'epoch': 59, 'loss': 0.1581, 'lr': 0.001, 'params': 782104, 'time_iter': 3.8852, 'accuracy': 0.9803, 'precision': 0.0, 'recall': 0.0, 'f1': 0.0, 'auc': 0.5649}
train: {'epoch': 59, 'eta': 949838.8263, 'loss': 0.1244, 'lr': 0.001, 'params': 782104, 'time_iter': 22.3938, 'accuracy': 0.9661, 'precision': 0.7235, 'recall': 0.155, 'f1': 0.2553, 'auc': 0.7981}
val: {'epoch': 60, 'loss': 0.1575, 'lr': 0.001, 'params': 782104, 'time_iter': 3.1299, 'accuracy': 0.9803, 'precision': 0.0, 'recall': 0.0, 'f1': 0.0, 'auc': 0.5817}
train: {'epoch': 60, 'eta': 925965.559, 'loss': 0.1265, 'lr': 0.001, 'params': 782104, 'time_iter': 22.8833, 'accuracy': 0.9657, 'precision': 0.694, 'recall': 0.151, 'f1': 0.248, 'auc': 0.7933}
val: {'epoch': 61, 'loss': 0.1547, 'lr': 0.001, 'params': 782104, 'time_iter': 3.173, 'accuracy': 0.9803, 'precision': 0.0, 'recall': 0.0, 'f1': 0.0, 'auc': 0.6019}
train: {'epoch': 61, 'eta': 902553.1955, 'loss': 0.1284, 'lr': 0.001, 'params': 782104, 'time_iter': 23.5974, 'accuracy': 0.9659, 'precision': 0.72, 'recall': 0.1461, 'f1': 0.2429, 'auc': 0.7839}
val: {'epoch': 62, 'loss': 0.158, 'lr': 0.001, 'params': 782104, 'time_iter': 3.0806, 'accuracy': 0.9803, 'precision': 0.0, 'recall': 0.0, 'f1': 0.0, 'auc': 0.5979}
train: {'epoch': 62, 'eta': 878294.0639, 'loss': 0.128, 'lr': 0.001, 'params': 782104, 'time_iter': 22.2419, 'accuracy': 0.9658, 'precision': 0.7172, 'recall': 0.142, 'f1': 0.2371, 'auc': 0.7861}
val: {'epoch': 63, 'loss': 0.1545, 'lr': 0.001, 'params': 782104, 'time_iter': 3.0636, 'accuracy': 0.9803, 'precision': 0.0, 'recall': 0.0, 'f1': 0.0, 'auc': 0.598}
train: {'epoch': 63, 'eta': 854668.7305, 'loss': 0.1266, 'lr': 0.001, 'params': 782104, 'time_iter': 23.2628, 'accuracy': 0.9656, 'precision': 0.6877, 'recall': 0.1502, 'f1': 0.2465, 'auc': 0.7897}
val: {'epoch': 64, 'loss': 0.1611, 'lr': 0.001, 'params': 782104, 'time_iter': 3.9331, 'accuracy': 0.9803, 'precision': 0.0, 'recall': 0.0, 'f1': 0.0, 'auc': 0.5802}
train: {'epoch': 64, 'eta': 830869.3752, 'loss': 0.1242, 'lr': 0.001, 'params': 782104, 'time_iter': 22.966, 'accuracy': 0.9663, 'precision': 0.7403, 'recall': 0.155, 'f1': 0.2564, 'auc': 0.8067}
val: {'epoch': 65, 'loss': 0.1623, 'lr': 0.001, 'params': 782104, 'time_iter': 3.1672, 'accuracy': 0.9803, 'precision': 0.0, 'recall': 0.0, 'f1': 0.0, 'auc': 0.5672}
train: {'epoch': 65, 'eta': 807051.421, 'loss': 0.1246, 'lr': 0.001, 'params': 782104, 'time_iter': 22.9214, 'accuracy': 0.9662, 'precision': 0.7174, 'recall': 0.1607, 'f1': 0.2626, 'auc': 0.8028}
val: {'epoch': 66, 'loss': 0.1555, 'lr': 0.001, 'params': 782104, 'time_iter': 3.3706, 'accuracy': 0.9803, 'precision': 0.0, 'recall': 0.0, 'f1': 0.0, 'auc': 0.5861}
train: {'epoch': 66, 'eta': 783220.3449, 'loss': 0.1246, 'lr': 0.001, 'params': 782104, 'time_iter': 22.8818, 'accuracy': 0.9662, 'precision': 0.7093, 'recall': 0.1664, 'f1': 0.2696, 'auc': 0.7984}
val: {'epoch': 67, 'loss': 0.1578, 'lr': 0.001, 'params': 782104, 'time_iter': 3.0959, 'accuracy': 0.9803, 'precision': 0.0, 'recall': 0.0, 'f1': 0.0, 'auc': 0.5605}
train: {'epoch': 67, 'eta': 759666.8702, 'loss': 0.126, 'lr': 0.001, 'params': 782104, 'time_iter': 23.4378, 'accuracy': 0.9658, 'precision': 0.705, 'recall': 0.1494, 'f1': 0.2465, 'auc': 0.7956}
val: {'epoch': 68, 'loss': 0.1574, 'lr': 0.001, 'params': 782104, 'time_iter': 3.327, 'accuracy': 0.9803, 'precision': 0.0, 'recall': 0.0, 'f1': 0.0, 'auc': 0.6073}
train: {'epoch': 68, 'eta': 736191.3138, 'loss': 0.1254, 'lr': 0.001, 'params': 782104, 'time_iter': 23.6417, 'accuracy': 0.9659, 'precision': 0.7094, 'recall': 0.1526, 'f1': 0.2512, 'auc': 0.798}
val: {'epoch': 69, 'loss': 0.1586, 'lr': 0.001, 'params': 782104, 'time_iter': 3.3583, 'accuracy': 0.9803, 'precision': 0.0, 'recall': 0.0, 'f1': 0.0, 'auc': 0.5795}
train: {'epoch': 69, 'eta': 712056.7362, 'loss': 0.1234, 'lr': 0.001, 'params': 782104, 'time_iter': 22.2025, 'accuracy': 0.9664, 'precision': 0.7177, 'recall': 0.1713, 'f1': 0.2765, 'auc': 0.8065}
val: {'epoch': 70, 'loss': 0.1564, 'lr': 0.001, 'params': 782104, 'time_iter': 3.5323, 'accuracy': 0.9803, 'precision': 0.0, 'recall': 0.0, 'f1': 0.0, 'auc': 0.6028}
train: {'epoch': 70, 'eta': 687601.1923, 'loss': 0.1221, 'lr': 0.001, 'params': 782104, 'time_iter': 21.3525, 'accuracy': 0.9664, 'precision': 0.7105, 'recall': 0.1753, 'f1': 0.2812, 'auc': 0.8106}
val: {'epoch': 71, 'loss': 0.1592, 'lr': 0.001, 'params': 782104, 'time_iter': 3.2503, 'accuracy': 0.9803, 'precision': 0.0, 'recall': 0.0, 'f1': 0.0, 'auc': 0.6029}
train: {'epoch': 71, 'eta': 664295.0589, 'loss': 0.1226, 'lr': 0.001, 'params': 782104, 'time_iter': 24.0524, 'accuracy': 0.9665, 'precision': 0.707, 'recall': 0.1802, 'f1': 0.2872, 'auc': 0.8095}
val: {'epoch': 72, 'loss': 0.1592, 'lr': 0.001, 'params': 782104, 'time_iter': 3.1551, 'accuracy': 0.9803, 'precision': 0.0, 'recall': 0.0, 'f1': 0.0, 'auc': 0.6057}
train: {'epoch': 72, 'eta': 640576.9282, 'loss': 0.1218, 'lr': 0.001, 'params': 782104, 'time_iter': 23.0738, 'accuracy': 0.9667, 'precision': 0.7354, 'recall': 0.1737, 'f1': 0.281, 'auc': 0.8089}
val: {'epoch': 73, 'loss': 0.1626, 'lr': 0.001, 'params': 782104, 'time_iter': 2.9486, 'accuracy': 0.9803, 'precision': 0.0, 'recall': 0.0, 'f1': 0.0, 'auc': 0.5309}
train: {'epoch': 73, 'eta': 616748.117, 'loss': 0.1237, 'lr': 0.001, 'params': 782104, 'time_iter': 22.7695, 'accuracy': 0.9661, 'precision': 0.7063, 'recall': 0.164, 'f1': 0.2661, 'auc': 0.8038}
val: {'epoch': 74, 'loss': 0.1582, 'lr': 0.001, 'params': 782104, 'time_iter': 3.4158, 'accuracy': 0.9803, 'precision': 0.0, 'recall': 0.0, 'f1': 0.0, 'auc': 0.5898}
train: {'epoch': 74, 'eta': 593076.0589, 'loss': 0.1237, 'lr': 0.001, 'params': 782104, 'time_iter': 23.1955, 'accuracy': 0.9659, 'precision': 0.6858, 'recall': 0.1648, 'f1': 0.2657, 'auc': 0.8012}
val: {'epoch': 75, 'loss': 0.1617, 'lr': 0.001, 'params': 782104, 'time_iter': 3.1295, 'accuracy': 0.9803, 'precision': 0.0, 'recall': 0.0, 'f1': 0.0, 'auc': 0.6246}
train: {'epoch': 75, 'eta': 569096.2481, 'loss': 0.1235, 'lr': 0.001, 'params': 782104, 'time_iter': 22.2643, 'accuracy': 0.9665, 'precision': 0.7134, 'recall': 0.1778, 'f1': 0.2846, 'auc': 0.8065}
val: {'epoch': 76, 'loss': 0.1634, 'lr': 0.001, 'params': 782104, 'time_iter': 2.9006, 'accuracy': 0.9803, 'precision': 0.0, 'recall': 0.0, 'f1': 0.0, 'auc': 0.6377}
train: {'epoch': 76, 'eta': 545431.3684, 'loss': 0.1229, 'lr': 0.001, 'params': 782104, 'time_iter': 23.1985, 'accuracy': 0.9662, 'precision': 0.7023, 'recall': 0.1705, 'f1': 0.2743, 'auc': 0.8079}
val: {'epoch': 77, 'loss': 0.1636, 'lr': 0.001, 'params': 782104, 'time_iter': 3.1294, 'accuracy': 0.9803, 'precision': 0.0, 'recall': 0.0, 'f1': 0.0, 'auc': 0.6157}
train: {'epoch': 77, 'eta': 522003.8735, 'loss': 0.1227, 'lr': 0.001, 'params': 782104, 'time_iter': 24.0346, 'accuracy': 0.9667, 'precision': 0.7352, 'recall': 0.1713, 'f1': 0.2778, 'auc': 0.8098}
val: {'epoch': 78, 'loss': 0.1598, 'lr': 0.001, 'params': 782104, 'time_iter': 2.9204, 'accuracy': 0.9803, 'precision': 0.0, 'recall': 0.0, 'f1': 0.0, 'auc': 0.6436}
train: {'epoch': 78, 'eta': 498073.7617, 'loss': 0.121, 'lr': 0.001, 'params': 782104, 'time_iter': 22.3178, 'accuracy': 0.9671, 'precision': 0.7284, 'recall': 0.1916, 'f1': 0.3033, 'auc': 0.8126}
val: {'epoch': 79, 'loss': 0.1569, 'lr': 0.001, 'params': 782104, 'time_iter': 3.5277, 'accuracy': 0.9803, 'precision': 0.0, 'recall': 0.0, 'f1': 0.0, 'auc': 0.6371}
train: {'epoch': 79, 'eta': 474341.8725, 'loss': 0.1231, 'lr': 0.001, 'params': 782104, 'time_iter': 22.9946, 'accuracy': 0.9662, 'precision': 0.6885, 'recall': 0.1794, 'f1': 0.2846, 'auc': 0.8116}
val: {'epoch': 80, 'loss': 0.1572, 'lr': 0.001, 'params': 782104, 'time_iter': 3.3696, 'accuracy': 0.9803, 'precision': 0.0, 'recall': 0.0, 'f1': 0.0, 'auc': 0.6447}
train: {'epoch': 80, 'eta': 451027.3348, 'loss': 0.1217, 'lr': 0.001, 'params': 782104, 'time_iter': 24.7165, 'accuracy': 0.9664, 'precision': 0.6954, 'recall': 0.1834, 'f1': 0.2903, 'auc': 0.8148}
val: {'epoch': 81, 'loss': 0.1629, 'lr': 0.001, 'params': 782104, 'time_iter': 3.2431, 'accuracy': 0.9803, 'precision': 0.0, 'recall': 0.0, 'f1': 0.0, 'auc': 0.6479}
train: {'epoch': 81, 'eta': 427508.2636, 'loss': 0.1209, 'lr': 0.001, 'params': 782104, 'time_iter': 24.0397, 'accuracy': 0.9668, 'precision': 0.7192, 'recall': 0.1851, 'f1': 0.2944, 'auc': 0.8142}
val: {'epoch': 82, 'loss': 0.1602, 'lr': 0.001, 'params': 782104, 'time_iter': 3.1375, 'accuracy': 0.9803, 'precision': 0.0, 'recall': 0.0, 'f1': 0.0, 'auc': 0.6499}
train: {'epoch': 82, 'eta': 403330.8227, 'loss': 0.1211, 'lr': 0.001, 'params': 782104, 'time_iter': 21.0552, 'accuracy': 0.9669, 'precision': 0.713, 'recall': 0.1956, 'f1': 0.307, 'auc': 0.8142}
val: {'epoch': 83, 'loss': 0.1625, 'lr': 0.001, 'params': 782104, 'time_iter': 2.8017, 'accuracy': 0.9803, 'precision': 0.0, 'recall': 0.0, 'f1': 0.0, 'auc': 0.6658}
train: {'epoch': 83, 'eta': 379615.6738, 'loss': 0.12, 'lr': 0.001, 'params': 782104, 'time_iter': 23.1087, 'accuracy': 0.967, 'precision': 0.7086, 'recall': 0.2013, 'f1': 0.3135, 'auc': 0.814}
val: {'epoch': 84, 'loss': 0.1619, 'lr': 0.001, 'params': 782104, 'time_iter': 3.5139, 'accuracy': 0.9803, 'precision': 0.0, 'recall': 0.0, 'f1': 0.0, 'auc': 0.6375}
train: {'epoch': 84, 'eta': 355992.3381, 'loss': 0.1212, 'lr': 0.001, 'params': 782104, 'time_iter': 23.6226, 'accuracy': 0.9671, 'precision': 0.7232, 'recall': 0.1972, 'f1': 0.3099, 'auc': 0.8071}
val: {'epoch': 85, 'loss': 0.1598, 'lr': 0.001, 'params': 782104, 'time_iter': 3.5188, 'accuracy': 0.9803, 'precision': 0.0, 'recall': 0.0, 'f1': 0.0, 'auc': 0.616}
train: {'epoch': 85, 'eta': 332553.0843, 'loss': 0.1197, 'lr': 0.001, 'params': 782104, 'time_iter': 24.8165, 'accuracy': 0.9676, 'precision': 0.747, 'recall': 0.2037, 'f1': 0.3202, 'auc': 0.8177}
val: {'epoch': 86, 'loss': 0.1647, 'lr': 0.001, 'params': 782104, 'time_iter': 3.127, 'accuracy': 0.9803, 'precision': 0.0, 'recall': 0.0, 'f1': 0.0, 'auc': 0.5857}
train: {'epoch': 86, 'eta': 308899.1987, 'loss': 0.1197, 'lr': 0.001, 'params': 782104, 'time_iter': 23.7341, 'accuracy': 0.9673, 'precision': 0.7294, 'recall': 0.2013, 'f1': 0.3155, 'auc': 0.8142}
val: {'epoch': 87, 'loss': 0.1568, 'lr': 0.001, 'params': 782104, 'time_iter': 2.9264, 'accuracy': 0.9803, 'precision': 0.0, 'recall': 0.0, 'f1': 0.0, 'auc': 0.619}
train: {'epoch': 87, 'eta': 285125.1429, 'loss': 0.1224, 'lr': 0.001, 'params': 782104, 'time_iter': 23.0022, 'accuracy': 0.9667, 'precision': 0.7243, 'recall': 0.1769, 'f1': 0.2844, 'auc': 0.8056}
val: {'epoch': 88, 'loss': 0.1617, 'lr': 0.001, 'params': 782104, 'time_iter': 3.4417, 'accuracy': 0.9803, 'precision': 0.0, 'recall': 0.0, 'f1': 0.0, 'auc': 0.614}
train: {'epoch': 88, 'eta': 261332.2749, 'loss': 0.1205, 'lr': 0.001, 'params': 782104, 'time_iter': 22.8357, 'accuracy': 0.9672, 'precision': 0.7436, 'recall': 0.1883, 'f1': 0.3005, 'auc': 0.8166}
val: {'epoch': 89, 'loss': 0.1564, 'lr': 0.001, 'params': 782104, 'time_iter': 3.4125, 'accuracy': 0.9803, 'precision': 0.0, 'recall': 0.0, 'f1': 0.0, 'auc': 0.6263}
train: {'epoch': 89, 'eta': 237577.7299, 'loss': 0.1199, 'lr': 0.001, 'params': 782104, 'time_iter': 23.1136, 'accuracy': 0.9674, 'precision': 0.7431, 'recall': 0.1972, 'f1': 0.3117, 'auc': 0.8174}
val: {'epoch': 90, 'loss': 0.1576, 'lr': 0.001, 'params': 782104, 'time_iter': 3.4749, 'accuracy': 0.9803, 'precision': 0.0, 'recall': 0.0, 'f1': 0.0, 'auc': 0.5877}
train: {'epoch': 90, 'eta': 213875.1498, 'loss': 0.1188, 'lr': 0.001, 'params': 782104, 'time_iter': 23.6305, 'accuracy': 0.9675, 'precision': 0.7341, 'recall': 0.2062, 'f1': 0.3219, 'auc': 0.8162}
val: {'epoch': 91, 'loss': 0.1502, 'lr': 0.001, 'params': 782104, 'time_iter': 3.5927, 'accuracy': 0.9803, 'precision': 0.0, 'recall': 0.0, 'f1': 0.0, 'auc': 0.5634}
train: {'epoch': 91, 'eta': 190217.7053, 'loss': 0.1181, 'lr': 0.001, 'params': 782104, 'time_iter': 24.284, 'accuracy': 0.9678, 'precision': 0.7443, 'recall': 0.2127, 'f1': 0.3308, 'auc': 0.8225}
val: {'epoch': 92, 'loss': 0.1691, 'lr': 0.001, 'params': 782104, 'time_iter': 3.379, 'accuracy': 0.9803, 'precision': 0.0, 'recall': 0.0, 'f1': 0.0, 'auc': 0.5586}
train: {'epoch': 92, 'eta': 166445.7191, 'loss': 0.118, 'lr': 0.001, 'params': 782104, 'time_iter': 23.1746, 'accuracy': 0.9675, 'precision': 0.7425, 'recall': 0.2013, 'f1': 0.3167, 'auc': 0.8231}
val: {'epoch': 93, 'loss': 0.1558, 'lr': 0.001, 'params': 782104, 'time_iter': 3.2892, 'accuracy': 0.9803, 'precision': 0.0, 'recall': 0.0, 'f1': 0.0, 'auc': 0.533}
train: {'epoch': 93, 'eta': 142621.0469, 'loss': 0.119, 'lr': 0.001, 'params': 782104, 'time_iter': 22.3966, 'accuracy': 0.9672, 'precision': 0.7147, 'recall': 0.2054, 'f1': 0.319, 'auc': 0.8163}
val: {'epoch': 94, 'loss': 0.1604, 'lr': 0.001, 'params': 782104, 'time_iter': 3.3399, 'accuracy': 0.9803, 'precision': 0.0, 'recall': 0.0, 'f1': 0.0, 'auc': 0.4943}
train: {'epoch': 94, 'eta': 118843.9716, 'loss': 0.1187, 'lr': 0.001, 'params': 782104, 'time_iter': 22.9728, 'accuracy': 0.9676, 'precision': 0.747, 'recall': 0.2037, 'f1': 0.3202, 'auc': 0.8239}
val: {'epoch': 95, 'loss': 0.1661, 'lr': 0.001, 'params': 782104, 'time_iter': 3.4471, 'accuracy': 0.9803, 'precision': 0.0, 'recall': 0.0, 'f1': 0.0, 'auc': 0.5399}
train: {'epoch': 95, 'eta': 95088.4765, 'loss': 0.1199, 'lr': 0.001, 'params': 782104, 'time_iter': 23.4091, 'accuracy': 0.9674, 'precision': 0.75, 'recall': 0.1948, 'f1': 0.3093, 'auc': 0.8194}
val: {'epoch': 96, 'loss': 0.1625, 'lr': 0.001, 'params': 782104, 'time_iter': 3.3771, 'accuracy': 0.9803, 'precision': 0.0, 'recall': 0.0, 'f1': 0.0, 'auc': 0.5896}
train: {'epoch': 96, 'eta': 71351.114, 'loss': 0.1209, 'lr': 0.001, 'params': 782104, 'time_iter': 24.1943, 'accuracy': 0.9675, 'precision': 0.7531, 'recall': 0.1981, 'f1': 0.3136, 'auc': 0.812}
val: {'epoch': 97, 'loss': 0.1658, 'lr': 0.001, 'params': 782104, 'time_iter': 3.1267, 'accuracy': 0.9803, 'precision': 0.0, 'recall': 0.0, 'f1': 0.0, 'auc': 0.5813}
train: {'epoch': 97, 'eta': 47549.4943, 'loss': 0.1205, 'lr': 0.001, 'params': 782104, 'time_iter': 22.2603, 'accuracy': 0.9675, 'precision': 0.7492, 'recall': 0.1989, 'f1': 0.3143, 'auc': 0.8145}
val: {'epoch': 98, 'loss': 0.1627, 'lr': 0.001, 'params': 782104, 'time_iter': 3.2196, 'accuracy': 0.9803, 'precision': 0.0, 'recall': 0.0, 'f1': 0.0, 'auc': 0.6343}
train: {'epoch': 98, 'eta': 23774.9303, 'loss': 0.1217, 'lr': 0.001, 'params': 782104, 'time_iter': 23.1223, 'accuracy': 0.9667, 'precision': 0.7152, 'recall': 0.1834, 'f1': 0.292, 'auc': 0.815}
val: {'epoch': 99, 'loss': 0.1585, 'lr': 0.001, 'params': 782104, 'time_iter': 3.0509, 'accuracy': 0.9803, 'precision': 0.0, 'recall': 0.0, 'f1': 0.0, 'auc': 0.541}
train: {'epoch': 99, 'eta': 0.0, 'loss': 0.1207, 'lr': 0.001, 'params': 782104, 'time_iter': 22.9594, 'accuracy': 0.9672, 'precision': 0.7429, 'recall': 0.1899, 'f1': 0.3025, 'auc': 0.8168}
test: {'epoch': 99, 'loss': 0.2588, 'lr': 0.001, 'params': 782104, 'time_iter': 2.5428, 'accuracy': 0.9684, 'precision': 0.0, 'recall': 0.0, 'f1': 0.0, 'auc': 0.4603}
test: {'epoch': 16, 'loss': 0.1858, 'lr': 0.001, 'params': 782104, 'time_iter': 2.7567, 'accuracy': 0.9684, 'precision': 0.0, 'recall': 0.0, 'f1': 0.0, 'auc': 0.6978}
