GraphGymModule(
  (model): DilatedGNNModel(
    (encoder): FeatureEncoder(
      (node_encoder): AtomEncoder(
        (atom_embedding_list): ModuleList(
          (0): Embedding(119, 300)
          (1): Embedding(4, 300)
          (2): Embedding(12, 300)
          (3): Embedding(12, 300)
          (4): Embedding(10, 300)
          (5): Embedding(6, 300)
          (6): Embedding(6, 300)
          (7): Embedding(2, 300)
          (8): Embedding(2, 300)
        )
      )
      (edge_encoder): BondEncoder(
        (bond_embedding_list): ModuleList(
          (0): Embedding(5, 300)
          (1): Embedding(6, 300)
          (2): Embedding(2, 300)
        )
      )
    )
    (mp): GNNDilatedEdgesFeatureStage(
      (classic_layers): ModuleList(
        (0): GeneralLayer(
          (layer): EGATConv(
            (model): GATConv(300, 300, heads=1)
          )
          (post_layer): Sequential(
            (0): BatchNorm1d(300, eps=1e-05, momentum=0.1, affine=True, track_running_stats=True)
            (1): Dropout(p=0.5, inplace=False)
            (2): ReLU()
          )
        )
      )
      (dilated_layers): ModuleList(
        (0): DilatedGeneralLayer(
          (layer): EGATConv(
            (model): GATConv(300, 300, heads=1)
          )
          (post_layer): Sequential(
            (0): BatchNorm1d(300, eps=1e-05, momentum=0.1, affine=True, track_running_stats=True)
            (1): Dropout(p=0.5, inplace=False)
            (2): ReLU()
          )
          (gem): GeM(p=3.0000, eps=1e-06)
        )
        (1): DilatedGeneralLayer(
          (layer): EGATConv(
            (model): GATConv(300, 300, heads=1)
          )
          (post_layer): Sequential(
            (0): BatchNorm1d(300, eps=1e-05, momentum=0.1, affine=True, track_running_stats=True)
            (1): Dropout(p=0.5, inplace=False)
            (2): ReLU()
          )
          (gem): GeM(p=3.0000, eps=1e-06)
        )
      )
      (act): ReLU()
    )
    (post_mp): GNNGraphHead(
      (layer_post_mp): MLP(
        (model): Sequential(
          (0): Linear(
            (model): Linear(600, 1, bias=True)
          )
        )
      )
    )
  )
)
accelerator: cuda
benchmark: False
bn:
  eps: 1e-05
  mom: 0.1
cfg_dest: config.yaml
custom_metrics: []
dataset:
  cache_load: False
  cache_save: False
  dir: ./datasets
  edge_dim: 300
  edge_encoder: True
  edge_encoder_bn: False
  edge_encoder_name: Bond
  edge_message_ratio: 0.8
  edge_negative_sampling_ratio: 1.0
  edge_train_mode: all
  encoder: True
  encoder_bn: True
  encoder_dim: 128
  encoder_name: db
  fast_loader: False
  format: OGB
  label_column: none
  label_table: none
  location: local
  name: ogbg-molhiv
  node_encoder: True
  node_encoder_bn: False
  node_encoder_name: Atom
  remove_feature: False
  resample_disjoint: False
  resample_negative: False
  shuffle_split: True
  split: [0.8, 0.1, 0.1]
  split_mode: random
  task: graph
  task_type: classification
  to_undirected: False
  transductive: False
  transform: none
  tu_simple: True
devices: 1
gnn:
  act: relu
  act_on_last_layer_mp: True
  agg: none
  att_final_linear: False
  att_final_linear_bn: False
  att_heads: 1
  batchnorm: True
  clear_feature: True
  dim_inner: 300
  dropout: 0.5
  head: graph
  keep_edge: 0.5
  l2norm: True
  layer_type: egatconv
  layers_k1: 1
  layers_k2: 2
  layers_mp: 5
  layers_post_mp: 1
  layers_pre_mp: 0
  msg_direction: single
  normalize_adj: False
  self_msg: concat
  skip_every: 1
  stage_type: dilated_stage
  use_edge_features: True
gpu_mem: False
mem:
  inplace: False
metric_agg: argmax
metric_best: auc
model:
  edge_decoding: dot
  graph_pooling: mean
  loss_fun: cross_entropy
  match_upper: True
  size_average: mean
  thresh: 0.5
  type: dilated_gnn
num_threads: 6
num_workers: 16
optim:
  base_lr: 0.001
  lr_decay: 0.1
  max_epoch: 100
  momentum: 0.9
  optimizer: adam
  scheduler: none
  steps: [30, 60, 90]
  weight_decay: 0.0
out_dir: results_experiments/ogbg_molhiv_baseline_grid_comparison/ogbg_molhiv_baseline-type=dilated_gnn-stage_type=dilated_stage-layer_type=egatconv-layers_k1=1-layers_k2=2-act_on_last_layer_mp=True
print: both
round: 4
run_dir: results_experiments/ogbg_molhiv_baseline_grid_comparison/ogbg_molhiv_baseline-type=dilated_gnn-stage_type=dilated_stage-layer_type=egatconv-layers_k1=1-layers_k2=2-act_on_last_layer_mp=True/0
seed: 1
share:
  dim_in: 9
  dim_out: 2
  num_splits: 3
tensorboard_agg: True
tensorboard_each_run: False
train:
  auto_resume: False
  batch_size: 32
  ckpt_clean: True
  ckpt_period: 100
  enable_ckpt: True
  epoch_resume: -1
  eval_period: 1
  iter_per_epoch: 32
  neighbor_sizes: [20, 15, 10, 5]
  node_per_graph: 32
  radius: extend
  sample_node: False
  sampler: full_batch
  skip_train_eval: False
  walk_length: 4
val:
  node_per_graph: 32
  radius: extend
  sample_node: False
  sampler: full_batch
view_emb: False
Num parameters: 600905
val: {'epoch': 0, 'loss': 0.6989, 'lr': 0.001, 'params': 600905, 'time_iter': 1.9215, 'accuracy': 0.0625, 'precision': 0.0164, 'recall': 1.0, 'f1': 0.0323, 'auc': 0.5714}
val: {'epoch': 0, 'loss': 0.0993, 'lr': 0.001, 'params': 600905, 'time_iter': 2.1441, 'accuracy': 0.9803, 'precision': 0.0, 'recall': 0.0, 'f1': 0.0, 'auc': 0.6515}
train: {'epoch': 0, 'eta': 2044325.0276, 'loss': 0.188, 'lr': 0.001, 'params': 600905, 'time_iter': 20.0678, 'accuracy': 0.9623, 'precision': 0.1111, 'recall': 0.0008, 'f1': 0.0016, 'auc': 0.537}
val: {'epoch': 1, 'loss': 0.0951, 'lr': 0.001, 'params': 600905, 'time_iter': 2.0257, 'accuracy': 0.9803, 'precision': 0.0, 'recall': 0.0, 'f1': 0.0, 'auc': 0.6641}
train: {'epoch': 1, 'eta': 2024411.9841, 'loss': 0.1552, 'lr': 0.001, 'params': 600905, 'time_iter': 20.0824, 'accuracy': 0.9626, 'precision': 0.0, 'recall': 0.0, 'f1': 0.0, 'auc': 0.6373}
val: {'epoch': 2, 'loss': 0.0969, 'lr': 0.001, 'params': 600905, 'time_iter': 2.0895, 'accuracy': 0.9803, 'precision': 0.0, 'recall': 0.0, 'f1': 0.0, 'auc': 0.6657}
train: {'epoch': 2, 'eta': 2008171.9478, 'loss': 0.1509, 'lr': 0.001, 'params': 600905, 'time_iter': 20.2079, 'accuracy': 0.9626, 'precision': 0.0, 'recall': 0.0, 'f1': 0.0, 'auc': 0.6889}
val: {'epoch': 3, 'loss': 0.1018, 'lr': 0.001, 'params': 600905, 'time_iter': 2.1111, 'accuracy': 0.9803, 'precision': 0.0, 'recall': 0.0, 'f1': 0.0, 'auc': 0.6383}
train: {'epoch': 3, 'eta': 1984370.754, 'loss': 0.1505, 'lr': 0.001, 'params': 600905, 'time_iter': 19.9939, 'accuracy': 0.9626, 'precision': 0.0, 'recall': 0.0, 'f1': 0.0, 'auc': 0.6908}
val: {'epoch': 4, 'loss': 0.0995, 'lr': 0.001, 'params': 600905, 'time_iter': 2.2132, 'accuracy': 0.9803, 'precision': 0.0, 'recall': 0.0, 'f1': 0.0, 'auc': 0.6312}
train: {'epoch': 4, 'eta': 1965509.1093, 'loss': 0.1492, 'lr': 0.001, 'params': 600905, 'time_iter': 20.1805, 'accuracy': 0.9626, 'precision': 0.0, 'recall': 0.0, 'f1': 0.0, 'auc': 0.7033}
val: {'epoch': 5, 'loss': 0.0991, 'lr': 0.001, 'params': 600905, 'time_iter': 2.072, 'accuracy': 0.9803, 'precision': 0.0, 'recall': 0.0, 'f1': 0.0, 'auc': 0.6234}
train: {'epoch': 5, 'eta': 1946985.0278, 'loss': 0.1484, 'lr': 0.001, 'params': 600905, 'time_iter': 20.2408, 'accuracy': 0.9626, 'precision': 0.0, 'recall': 0.0, 'f1': 0.0, 'auc': 0.7024}
val: {'epoch': 6, 'loss': 0.1004, 'lr': 0.001, 'params': 600905, 'time_iter': 2.051, 'accuracy': 0.9803, 'precision': 0.0, 'recall': 0.0, 'f1': 0.0, 'auc': 0.6803}
train: {'epoch': 6, 'eta': 1924488.5058, 'loss': 0.1478, 'lr': 0.001, 'params': 600905, 'time_iter': 19.9984, 'accuracy': 0.9626, 'precision': 0.0, 'recall': 0.0, 'f1': 0.0, 'auc': 0.705}
val: {'epoch': 7, 'loss': 0.1035, 'lr': 0.001, 'params': 600905, 'time_iter': 2.1441, 'accuracy': 0.9803, 'precision': 0.0, 'recall': 0.0, 'f1': 0.0, 'auc': 0.6079}
train: {'epoch': 7, 'eta': 1899743.0279, 'loss': 0.1498, 'lr': 0.001, 'params': 600905, 'time_iter': 19.7678, 'accuracy': 0.9626, 'precision': 0.0, 'recall': 0.0, 'f1': 0.0, 'auc': 0.6867}
val: {'epoch': 8, 'loss': 0.1019, 'lr': 0.001, 'params': 600905, 'time_iter': 2.0981, 'accuracy': 0.9803, 'precision': 0.0, 'recall': 0.0, 'f1': 0.0, 'auc': 0.6526}
train: {'epoch': 8, 'eta': 1879265.1693, 'loss': 0.1477, 'lr': 0.001, 'params': 600905, 'time_iter': 20.0839, 'accuracy': 0.9626, 'precision': 0.0, 'recall': 0.0, 'f1': 0.0, 'auc': 0.7008}
val: {'epoch': 9, 'loss': 0.0997, 'lr': 0.001, 'params': 600905, 'time_iter': 2.1335, 'accuracy': 0.9803, 'precision': 0.0, 'recall': 0.0, 'f1': 0.0, 'auc': 0.6685}
train: {'epoch': 9, 'eta': 1861104.917, 'loss': 0.1473, 'lr': 0.001, 'params': 600905, 'time_iter': 20.3382, 'accuracy': 0.9626, 'precision': 0.0, 'recall': 0.0, 'f1': 0.0, 'auc': 0.7026}
val: {'epoch': 10, 'loss': 0.103, 'lr': 0.001, 'params': 600905, 'time_iter': 2.0917, 'accuracy': 0.9803, 'precision': 0.0, 'recall': 0.0, 'f1': 0.0, 'auc': 0.633}
train: {'epoch': 10, 'eta': 1840249.7603, 'loss': 0.146, 'lr': 0.001, 'params': 600905, 'time_iter': 20.075, 'accuracy': 0.9625, 'precision': 0.0, 'recall': 0.0, 'f1': 0.0, 'auc': 0.715}
val: {'epoch': 11, 'loss': 0.1043, 'lr': 0.001, 'params': 600905, 'time_iter': 2.2278, 'accuracy': 0.9803, 'precision': 0.0, 'recall': 0.0, 'f1': 0.0, 'auc': 0.6724}
train: {'epoch': 11, 'eta': 1820508.1811, 'loss': 0.1448, 'lr': 0.001, 'params': 600905, 'time_iter': 20.2182, 'accuracy': 0.9625, 'precision': 0.25, 'recall': 0.0008, 'f1': 0.0016, 'auc': 0.7212}
val: {'epoch': 12, 'loss': 0.1007, 'lr': 0.001, 'params': 600905, 'time_iter': 2.1086, 'accuracy': 0.9803, 'precision': 0.0, 'recall': 0.0, 'f1': 0.0, 'auc': 0.6038}
train: {'epoch': 12, 'eta': 1801729.55, 'loss': 0.1446, 'lr': 0.001, 'params': 600905, 'time_iter': 20.3818, 'accuracy': 0.9625, 'precision': 0.3333, 'recall': 0.0024, 'f1': 0.0048, 'auc': 0.7231}
val: {'epoch': 13, 'loss': 0.1088, 'lr': 0.001, 'params': 600905, 'time_iter': 2.0354, 'accuracy': 0.9803, 'precision': 0.0, 'recall': 0.0, 'f1': 0.0, 'auc': 0.6202}
train: {'epoch': 13, 'eta': 1781276.4692, 'loss': 0.1467, 'lr': 0.001, 'params': 600905, 'time_iter': 20.1665, 'accuracy': 0.9626, 'precision': 0.0, 'recall': 0.0, 'f1': 0.0, 'auc': 0.6972}
val: {'epoch': 14, 'loss': 0.1053, 'lr': 0.001, 'params': 600905, 'time_iter': 2.0575, 'accuracy': 0.9808, 'precision': 1.0, 'recall': 0.0247, 'f1': 0.0482, 'auc': 0.6246}
train: {'epoch': 14, 'eta': 1762155.5878, 'loss': 0.1465, 'lr': 0.001, 'params': 600905, 'time_iter': 20.4017, 'accuracy': 0.9625, 'precision': 0.25, 'recall': 0.0008, 'f1': 0.0016, 'auc': 0.709}
val: {'epoch': 15, 'loss': 0.1047, 'lr': 0.001, 'params': 600905, 'time_iter': 2.1152, 'accuracy': 0.9803, 'precision': 0.0, 'recall': 0.0, 'f1': 0.0, 'auc': 0.6349}
train: {'epoch': 15, 'eta': 1741446.6543, 'loss': 0.1449, 'lr': 0.001, 'params': 600905, 'time_iter': 20.1511, 'accuracy': 0.9625, 'precision': 0.4, 'recall': 0.0016, 'f1': 0.0032, 'auc': 0.7173}
val: {'epoch': 16, 'loss': 0.1056, 'lr': 0.001, 'params': 600905, 'time_iter': 2.162, 'accuracy': 0.9801, 'precision': 0.0, 'recall': 0.0, 'f1': 0.0, 'auc': 0.6537}
train: {'epoch': 16, 'eta': 1720392.1182, 'loss': 0.1424, 'lr': 0.001, 'params': 600905, 'time_iter': 20.0829, 'accuracy': 0.9625, 'precision': 0.2, 'recall': 0.0008, 'f1': 0.0016, 'auc': 0.7285}
val: {'epoch': 17, 'loss': 0.1066, 'lr': 0.001, 'params': 600905, 'time_iter': 2.0888, 'accuracy': 0.9803, 'precision': 0.0, 'recall': 0.0, 'f1': 0.0, 'auc': 0.6446}
train: {'epoch': 17, 'eta': 1700112.5448, 'loss': 0.1414, 'lr': 0.001, 'params': 600905, 'time_iter': 20.239, 'accuracy': 0.9624, 'precision': 0.2857, 'recall': 0.0032, 'f1': 0.0064, 'auc': 0.7354}
val: {'epoch': 18, 'loss': 0.1079, 'lr': 0.001, 'params': 600905, 'time_iter': 2.1527, 'accuracy': 0.9803, 'precision': 0.0, 'recall': 0.0, 'f1': 0.0, 'auc': 0.6528}
train: {'epoch': 18, 'eta': 1681002.827, 'loss': 0.1422, 'lr': 0.001, 'params': 600905, 'time_iter': 20.5188, 'accuracy': 0.9623, 'precision': 0.2727, 'recall': 0.0049, 'f1': 0.0096, 'auc': 0.7232}
val: {'epoch': 19, 'loss': 0.1151, 'lr': 0.001, 'params': 600905, 'time_iter': 2.0127, 'accuracy': 0.9803, 'precision': 0.0, 'recall': 0.0, 'f1': 0.0, 'auc': 0.6139}
train: {'epoch': 19, 'eta': 1659992.5973, 'loss': 0.1423, 'lr': 0.001, 'params': 600905, 'time_iter': 20.1058, 'accuracy': 0.9624, 'precision': 0.3684, 'recall': 0.0057, 'f1': 0.0112, 'auc': 0.7214}
val: {'epoch': 20, 'loss': 0.1162, 'lr': 0.001, 'params': 600905, 'time_iter': 2.0859, 'accuracy': 0.9803, 'precision': 0.0, 'recall': 0.0, 'f1': 0.0, 'auc': 0.6507}
train: {'epoch': 20, 'eta': 1638979.8991, 'loss': 0.1417, 'lr': 0.001, 'params': 600905, 'time_iter': 20.0972, 'accuracy': 0.9627, 'precision': 0.6111, 'recall': 0.0089, 'f1': 0.0176, 'auc': 0.7317}
val: {'epoch': 21, 'loss': 0.116, 'lr': 0.001, 'params': 600905, 'time_iter': 2.1205, 'accuracy': 0.9803, 'precision': 0.0, 'recall': 0.0, 'f1': 0.0, 'auc': 0.6605}
train: {'epoch': 21, 'eta': 1619187.7143, 'loss': 0.1407, 'lr': 0.001, 'params': 600905, 'time_iter': 20.4235, 'accuracy': 0.9626, 'precision': 0.5385, 'recall': 0.0114, 'f1': 0.0223, 'auc': 0.7316}
val: {'epoch': 22, 'loss': 0.1205, 'lr': 0.001, 'params': 600905, 'time_iter': 2.0919, 'accuracy': 0.9803, 'precision': 0.0, 'recall': 0.0, 'f1': 0.0, 'auc': 0.6597}
train: {'epoch': 22, 'eta': 1597598.6547, 'loss': 0.1398, 'lr': 0.001, 'params': 600905, 'time_iter': 19.9328, 'accuracy': 0.9625, 'precision': 0.4571, 'recall': 0.013, 'f1': 0.0253, 'auc': 0.7404}
val: {'epoch': 23, 'loss': 0.1212, 'lr': 0.001, 'params': 600905, 'time_iter': 2.2178, 'accuracy': 0.9803, 'precision': 0.0, 'recall': 0.0, 'f1': 0.0, 'auc': 0.6584}
train: {'epoch': 23, 'eta': 1576798.1572, 'loss': 0.1384, 'lr': 0.001, 'params': 600905, 'time_iter': 20.1472, 'accuracy': 0.9628, 'precision': 0.5769, 'recall': 0.0244, 'f1': 0.0467, 'auc': 0.7468}
val: {'epoch': 24, 'loss': 0.1147, 'lr': 0.001, 'params': 600905, 'time_iter': 2.073, 'accuracy': 0.9805, 'precision': 1.0, 'recall': 0.0123, 'f1': 0.0244, 'auc': 0.6678}
train: {'epoch': 24, 'eta': 1557094.3262, 'loss': 0.1359, 'lr': 0.001, 'params': 600905, 'time_iter': 20.5007, 'accuracy': 0.9628, 'precision': 0.5652, 'recall': 0.0317, 'f1': 0.06, 'auc': 0.7603}
val: {'epoch': 25, 'loss': 0.1286, 'lr': 0.001, 'params': 600905, 'time_iter': 2.0418, 'accuracy': 0.9803, 'precision': 0.0, 'recall': 0.0, 'f1': 0.0, 'auc': 0.6387}
train: {'epoch': 25, 'eta': 1537241.7666, 'loss': 0.1368, 'lr': 0.001, 'params': 600905, 'time_iter': 20.4864, 'accuracy': 0.963, 'precision': 0.5972, 'recall': 0.0349, 'f1': 0.066, 'auc': 0.7529}
val: {'epoch': 26, 'loss': 0.1213, 'lr': 0.001, 'params': 600905, 'time_iter': 2.1981, 'accuracy': 0.9803, 'precision': 0.0, 'recall': 0.0, 'f1': 0.0, 'auc': 0.6689}
train: {'epoch': 26, 'eta': 1516701.2962, 'loss': 0.1356, 'lr': 0.001, 'params': 600905, 'time_iter': 20.2719, 'accuracy': 0.9634, 'precision': 0.6628, 'recall': 0.0463, 'f1': 0.0865, 'auc': 0.755}
val: {'epoch': 27, 'loss': 0.128, 'lr': 0.001, 'params': 600905, 'time_iter': 2.1763, 'accuracy': 0.9803, 'precision': 0.0, 'recall': 0.0, 'f1': 0.0, 'auc': 0.674}
train: {'epoch': 27, 'eta': 1496571.4685, 'loss': 0.1355, 'lr': 0.001, 'params': 600905, 'time_iter': 20.4357, 'accuracy': 0.9634, 'precision': 0.6588, 'recall': 0.0455, 'f1': 0.085, 'auc': 0.7533}
val: {'epoch': 28, 'loss': 0.1354, 'lr': 0.001, 'params': 600905, 'time_iter': 2.1726, 'accuracy': 0.9803, 'precision': 0.0, 'recall': 0.0, 'f1': 0.0, 'auc': 0.6564}
train: {'epoch': 28, 'eta': 1476556.1776, 'loss': 0.1348, 'lr': 0.001, 'params': 600905, 'time_iter': 20.5057, 'accuracy': 0.9638, 'precision': 0.699, 'recall': 0.0584, 'f1': 0.1079, 'auc': 0.7545}
val: {'epoch': 29, 'loss': 0.1289, 'lr': 0.001, 'params': 600905, 'time_iter': 2.088, 'accuracy': 0.9803, 'precision': 0.0, 'recall': 0.0, 'f1': 0.0, 'auc': 0.695}
train: {'epoch': 29, 'eta': 1455763.9583, 'loss': 0.1337, 'lr': 0.001, 'params': 600905, 'time_iter': 20.2123, 'accuracy': 0.9637, 'precision': 0.6667, 'recall': 0.0601, 'f1': 0.1102, 'auc': 0.7587}
val: {'epoch': 30, 'loss': 0.1311, 'lr': 0.001, 'params': 600905, 'time_iter': 2.0884, 'accuracy': 0.9803, 'precision': 0.0, 'recall': 0.0, 'f1': 0.0, 'auc': 0.6705}
train: {'epoch': 30, 'eta': 1433910.684, 'loss': 0.1326, 'lr': 0.001, 'params': 600905, 'time_iter': 19.7492, 'accuracy': 0.9643, 'precision': 0.7176, 'recall': 0.0763, 'f1': 0.1379, 'auc': 0.7682}
val: {'epoch': 31, 'loss': 0.1319, 'lr': 0.001, 'params': 600905, 'time_iter': 2.1547, 'accuracy': 0.9803, 'precision': 0.0, 'recall': 0.0, 'f1': 0.0, 'auc': 0.6807}
train: {'epoch': 31, 'eta': 1414158.5583, 'loss': 0.1331, 'lr': 0.001, 'params': 600905, 'time_iter': 20.6663, 'accuracy': 0.9637, 'precision': 0.6789, 'recall': 0.0601, 'f1': 0.1104, 'auc': 0.7621}
val: {'epoch': 32, 'loss': 0.139, 'lr': 0.001, 'params': 600905, 'time_iter': 2.0313, 'accuracy': 0.9803, 'precision': 0.0, 'recall': 0.0, 'f1': 0.0, 'auc': 0.6875}
train: {'epoch': 32, 'eta': 1393907.8224, 'loss': 0.1316, 'lr': 0.001, 'params': 600905, 'time_iter': 20.4716, 'accuracy': 0.9635, 'precision': 0.629, 'recall': 0.0633, 'f1': 0.115, 'auc': 0.7704}
val: {'epoch': 33, 'loss': 0.1371, 'lr': 0.001, 'params': 600905, 'time_iter': 2.1171, 'accuracy': 0.9803, 'precision': 0.0, 'recall': 0.0, 'f1': 0.0, 'auc': 0.6674}
train: {'epoch': 33, 'eta': 1372787.6528, 'loss': 0.1324, 'lr': 0.001, 'params': 600905, 'time_iter': 20.0603, 'accuracy': 0.9637, 'precision': 0.656, 'recall': 0.0666, 'f1': 0.1209, 'auc': 0.7672}
val: {'epoch': 34, 'loss': 0.1326, 'lr': 0.001, 'params': 600905, 'time_iter': 2.0917, 'accuracy': 0.9803, 'precision': 0.0, 'recall': 0.0, 'f1': 0.0, 'auc': 0.7176}
train: {'epoch': 34, 'eta': 1352323.3466, 'loss': 0.1369, 'lr': 0.001, 'params': 600905, 'time_iter': 20.3892, 'accuracy': 0.9627, 'precision': 0.5234, 'recall': 0.0455, 'f1': 0.0836, 'auc': 0.7489}
val: {'epoch': 35, 'loss': 0.1411, 'lr': 0.001, 'params': 600905, 'time_iter': 2.25, 'accuracy': 0.9803, 'precision': 0.0, 'recall': 0.0, 'f1': 0.0, 'auc': 0.6876}
train: {'epoch': 35, 'eta': 1331264.4635, 'loss': 0.1334, 'lr': 0.001, 'params': 600905, 'time_iter': 20.0798, 'accuracy': 0.9637, 'precision': 0.6434, 'recall': 0.0674, 'f1': 0.122, 'auc': 0.7629}
val: {'epoch': 36, 'loss': 0.1411, 'lr': 0.001, 'params': 600905, 'time_iter': 2.125, 'accuracy': 0.9803, 'precision': 0.0, 'recall': 0.0, 'f1': 0.0, 'auc': 0.6837}
train: {'epoch': 36, 'eta': 1310116.413, 'loss': 0.1314, 'lr': 0.001, 'params': 600905, 'time_iter': 20.0167, 'accuracy': 0.9639, 'precision': 0.6531, 'recall': 0.0779, 'f1': 0.1392, 'auc': 0.7731}
val: {'epoch': 37, 'loss': 0.1428, 'lr': 0.001, 'params': 600905, 'time_iter': 2.0681, 'accuracy': 0.9803, 'precision': 0.0, 'recall': 0.0, 'f1': 0.0, 'auc': 0.6615}
train: {'epoch': 37, 'eta': 1289292.6484, 'loss': 0.1298, 'lr': 0.001, 'params': 600905, 'time_iter': 20.1926, 'accuracy': 0.9642, 'precision': 0.6626, 'recall': 0.0877, 'f1': 0.1548, 'auc': 0.7773}
val: {'epoch': 38, 'loss': 0.1482, 'lr': 0.001, 'params': 600905, 'time_iter': 2.1103, 'accuracy': 0.9803, 'precision': 0.0, 'recall': 0.0, 'f1': 0.0, 'auc': 0.6311}
train: {'epoch': 38, 'eta': 1268597.6663, 'loss': 0.1319, 'lr': 0.001, 'params': 600905, 'time_iter': 20.2712, 'accuracy': 0.9642, 'precision': 0.6608, 'recall': 0.0917, 'f1': 0.1611, 'auc': 0.7691}
val: {'epoch': 39, 'loss': 0.1443, 'lr': 0.001, 'params': 600905, 'time_iter': 2.0982, 'accuracy': 0.9803, 'precision': 0.0, 'recall': 0.0, 'f1': 0.0, 'auc': 0.6664}
train: {'epoch': 39, 'eta': 1247937.8229, 'loss': 0.1325, 'lr': 0.001, 'params': 600905, 'time_iter': 20.2992, 'accuracy': 0.964, 'precision': 0.6424, 'recall': 0.086, 'f1': 0.1518, 'auc': 0.7696}
val: {'epoch': 40, 'loss': 0.1442, 'lr': 0.001, 'params': 600905, 'time_iter': 2.2611, 'accuracy': 0.9801, 'precision': 0.3333, 'recall': 0.0123, 'f1': 0.0238, 'auc': 0.6506}
train: {'epoch': 40, 'eta': 1226625.4238, 'loss': 0.1323, 'lr': 0.001, 'params': 600905, 'time_iter': 19.8661, 'accuracy': 0.9642, 'precision': 0.6587, 'recall': 0.0893, 'f1': 0.1573, 'auc': 0.769}
val: {'epoch': 41, 'loss': 0.1496, 'lr': 0.001, 'params': 600905, 'time_iter': 2.0282, 'accuracy': 0.9803, 'precision': 0.0, 'recall': 0.0, 'f1': 0.0, 'auc': 0.656}
train: {'epoch': 41, 'eta': 1206395.8777, 'loss': 0.1306, 'lr': 0.001, 'params': 600905, 'time_iter': 20.5989, 'accuracy': 0.9643, 'precision': 0.6578, 'recall': 0.0998, 'f1': 0.1734, 'auc': 0.7778}
val: {'epoch': 42, 'loss': 0.1456, 'lr': 0.001, 'params': 600905, 'time_iter': 2.2326, 'accuracy': 0.9803, 'precision': 0.0, 'recall': 0.0, 'f1': 0.0, 'auc': 0.6807}
train: {'epoch': 42, 'eta': 1184772.2039, 'loss': 0.1288, 'lr': 0.001, 'params': 600905, 'time_iter': 19.6098, 'accuracy': 0.9645, 'precision': 0.657, 'recall': 0.1104, 'f1': 0.189, 'auc': 0.7851}
val: {'epoch': 43, 'loss': 0.1542, 'lr': 0.001, 'params': 600905, 'time_iter': 2.112, 'accuracy': 0.9803, 'precision': 0.0, 'recall': 0.0, 'f1': 0.0, 'auc': 0.6307}
train: {'epoch': 43, 'eta': 1164495.9912, 'loss': 0.1288, 'lr': 0.001, 'params': 600905, 'time_iter': 20.5885, 'accuracy': 0.9648, 'precision': 0.6812, 'recall': 0.1144, 'f1': 0.196, 'auc': 0.7818}
val: {'epoch': 44, 'loss': 0.1537, 'lr': 0.001, 'params': 600905, 'time_iter': 2.3172, 'accuracy': 0.9803, 'precision': 0.0, 'recall': 0.0, 'f1': 0.0, 'auc': 0.6336}
train: {'epoch': 44, 'eta': 1143537.1083, 'loss': 0.1309, 'lr': 0.001, 'params': 600905, 'time_iter': 20.0779, 'accuracy': 0.9643, 'precision': 0.6528, 'recall': 0.1023, 'f1': 0.1768, 'auc': 0.7666}
val: {'epoch': 45, 'loss': 0.1475, 'lr': 0.001, 'params': 600905, 'time_iter': 2.1197, 'accuracy': 0.9803, 'precision': 0.0, 'recall': 0.0, 'f1': 0.0, 'auc': 0.6362}
train: {'epoch': 45, 'eta': 1122835.3815, 'loss': 0.1318, 'lr': 0.001, 'params': 600905, 'time_iter': 20.28, 'accuracy': 0.9638, 'precision': 0.6053, 'recall': 0.0933, 'f1': 0.1617, 'auc': 0.7731}
val: {'epoch': 46, 'loss': 0.1558, 'lr': 0.001, 'params': 600905, 'time_iter': 2.1091, 'accuracy': 0.9803, 'precision': 0.0, 'recall': 0.0, 'f1': 0.0, 'auc': 0.641}
train: {'epoch': 46, 'eta': 1102036.3067, 'loss': 0.129, 'lr': 0.001, 'params': 600905, 'time_iter': 20.2022, 'accuracy': 0.9648, 'precision': 0.7095, 'recall': 0.1031, 'f1': 0.18, 'auc': 0.7861}
val: {'epoch': 47, 'loss': 0.1546, 'lr': 0.001, 'params': 600905, 'time_iter': 2.1677, 'accuracy': 0.9803, 'precision': 0.0, 'recall': 0.0, 'f1': 0.0, 'auc': 0.6595}
train: {'epoch': 47, 'eta': 1080957.4638, 'loss': 0.1293, 'lr': 0.001, 'params': 600905, 'time_iter': 19.9508, 'accuracy': 0.9656, 'precision': 0.7336, 'recall': 0.1274, 'f1': 0.2172, 'auc': 0.7743}
val: {'epoch': 48, 'loss': 0.1526, 'lr': 0.001, 'params': 600905, 'time_iter': 2.0725, 'accuracy': 0.9803, 'precision': 0.0, 'recall': 0.0, 'f1': 0.0, 'auc': 0.6625}
train: {'epoch': 48, 'eta': 1060165.5495, 'loss': 0.1272, 'lr': 0.001, 'params': 600905, 'time_iter': 20.1978, 'accuracy': 0.9653, 'precision': 0.6996, 'recall': 0.1266, 'f1': 0.2144, 'auc': 0.7944}
val: {'epoch': 49, 'loss': 0.1567, 'lr': 0.001, 'params': 600905, 'time_iter': 2.1598, 'accuracy': 0.9803, 'precision': 0.0, 'recall': 0.0, 'f1': 0.0, 'auc': 0.6369}
train: {'epoch': 49, 'eta': 1039311.7399, 'loss': 0.1276, 'lr': 0.001, 'params': 600905, 'time_iter': 20.1373, 'accuracy': 0.9652, 'precision': 0.7048, 'recall': 0.1201, 'f1': 0.2053, 'auc': 0.7912}
val: {'epoch': 50, 'loss': 0.1547, 'lr': 0.001, 'params': 600905, 'time_iter': 2.1483, 'accuracy': 0.9803, 'precision': 0.0, 'recall': 0.0, 'f1': 0.0, 'auc': 0.6429}
train: {'epoch': 50, 'eta': 1018561.2353, 'loss': 0.1284, 'lr': 0.001, 'params': 600905, 'time_iter': 20.2366, 'accuracy': 0.965, 'precision': 0.7026, 'recall': 0.1112, 'f1': 0.192, 'auc': 0.787}
val: {'epoch': 51, 'loss': 0.1566, 'lr': 0.001, 'params': 600905, 'time_iter': 2.039, 'accuracy': 0.9805, 'precision': 1.0, 'recall': 0.0123, 'f1': 0.0244, 'auc': 0.6611}
train: {'epoch': 51, 'eta': 997576.3504, 'loss': 0.1278, 'lr': 0.001, 'params': 600905, 'time_iter': 19.9928, 'accuracy': 0.9654, 'precision': 0.7327, 'recall': 0.1201, 'f1': 0.2064, 'auc': 0.7917}
val: {'epoch': 52, 'loss': 0.1554, 'lr': 0.001, 'params': 600905, 'time_iter': 2.1749, 'accuracy': 0.9805, 'precision': 1.0, 'recall': 0.0123, 'f1': 0.0244, 'auc': 0.6546}
train: {'epoch': 52, 'eta': 976748.0999, 'loss': 0.1263, 'lr': 0.001, 'params': 600905, 'time_iter': 20.1474, 'accuracy': 0.9657, 'precision': 0.7397, 'recall': 0.1315, 'f1': 0.2233, 'auc': 0.7963}
val: {'epoch': 53, 'loss': 0.152, 'lr': 0.001, 'params': 600905, 'time_iter': 2.1289, 'accuracy': 0.9803, 'precision': 0.0, 'recall': 0.0, 'f1': 0.0, 'auc': 0.6464}
train: {'epoch': 53, 'eta': 956202.4258, 'loss': 0.1269, 'lr': 0.001, 'params': 600905, 'time_iter': 20.4656, 'accuracy': 0.9648, 'precision': 0.6712, 'recall': 0.1193, 'f1': 0.2026, 'auc': 0.7979}
val: {'epoch': 54, 'loss': 0.1595, 'lr': 0.001, 'params': 600905, 'time_iter': 2.2107, 'accuracy': 0.9803, 'precision': 0.0, 'recall': 0.0, 'f1': 0.0, 'auc': 0.6682}
train: {'epoch': 54, 'eta': 935098.0405, 'loss': 0.1301, 'lr': 0.001, 'params': 600905, 'time_iter': 19.8242, 'accuracy': 0.9639, 'precision': 0.6257, 'recall': 0.0869, 'f1': 0.1525, 'auc': 0.7867}
val: {'epoch': 55, 'loss': 0.1567, 'lr': 0.001, 'params': 600905, 'time_iter': 1.996, 'accuracy': 0.9803, 'precision': 0.0, 'recall': 0.0, 'f1': 0.0, 'auc': 0.6502}
train: {'epoch': 55, 'eta': 914325.7304, 'loss': 0.1292, 'lr': 0.001, 'params': 600905, 'time_iter': 20.2038, 'accuracy': 0.9644, 'precision': 0.6456, 'recall': 0.108, 'f1': 0.185, 'auc': 0.7891}
val: {'epoch': 56, 'loss': 0.1616, 'lr': 0.001, 'params': 600905, 'time_iter': 2.2314, 'accuracy': 0.9803, 'precision': 0.0, 'recall': 0.0, 'f1': 0.0, 'auc': 0.6509}
train: {'epoch': 56, 'eta': 893682.8757, 'loss': 0.1268, 'lr': 0.001, 'params': 600905, 'time_iter': 20.3713, 'accuracy': 0.9656, 'precision': 0.7371, 'recall': 0.1274, 'f1': 0.2173, 'auc': 0.7947}
val: {'epoch': 57, 'loss': 0.1615, 'lr': 0.001, 'params': 600905, 'time_iter': 2.0699, 'accuracy': 0.9803, 'precision': 0.0, 'recall': 0.0, 'f1': 0.0, 'auc': 0.6845}
train: {'epoch': 57, 'eta': 873019.1214, 'loss': 0.1259, 'lr': 0.001, 'params': 600905, 'time_iter': 20.3581, 'accuracy': 0.9654, 'precision': 0.6975, 'recall': 0.1347, 'f1': 0.2259, 'auc': 0.798}
val: {'epoch': 58, 'loss': 0.155, 'lr': 0.001, 'params': 600905, 'time_iter': 2.1317, 'accuracy': 0.9805, 'precision': 1.0, 'recall': 0.0123, 'f1': 0.0244, 'auc': 0.6503}
train: {'epoch': 58, 'eta': 852199.7928, 'loss': 0.1248, 'lr': 0.001, 'params': 600905, 'time_iter': 20.154, 'accuracy': 0.9657, 'precision': 0.716, 'recall': 0.1412, 'f1': 0.2359, 'auc': 0.803}
val: {'epoch': 59, 'loss': 0.1587, 'lr': 0.001, 'params': 600905, 'time_iter': 2.1673, 'accuracy': 0.9801, 'precision': 0.0, 'recall': 0.0, 'f1': 0.0, 'auc': 0.6664}
train: {'epoch': 59, 'eta': 831364.0029, 'loss': 0.1265, 'lr': 0.001, 'params': 600905, 'time_iter': 20.1261, 'accuracy': 0.9652, 'precision': 0.6851, 'recall': 0.1307, 'f1': 0.2195, 'auc': 0.7933}
val: {'epoch': 60, 'loss': 0.1567, 'lr': 0.001, 'params': 600905, 'time_iter': 2.0387, 'accuracy': 0.9801, 'precision': 0.3333, 'recall': 0.0123, 'f1': 0.0238, 'auc': 0.6564}
train: {'epoch': 60, 'eta': 810680.7807, 'loss': 0.1282, 'lr': 0.001, 'params': 600905, 'time_iter': 20.3517, 'accuracy': 0.9648, 'precision': 0.6638, 'recall': 0.1234, 'f1': 0.2081, 'auc': 0.7874}
val: {'epoch': 61, 'loss': 0.1649, 'lr': 0.001, 'params': 600905, 'time_iter': 2.2546, 'accuracy': 0.9803, 'precision': 0.0, 'recall': 0.0, 'f1': 0.0, 'auc': 0.6583}
train: {'epoch': 61, 'eta': 790147.8826, 'loss': 0.1263, 'lr': 0.001, 'params': 600905, 'time_iter': 20.6033, 'accuracy': 0.9656, 'precision': 0.7174, 'recall': 0.1339, 'f1': 0.2257, 'auc': 0.7947}
val: {'epoch': 62, 'loss': 0.1639, 'lr': 0.001, 'params': 600905, 'time_iter': 2.0776, 'accuracy': 0.9801, 'precision': 0.3333, 'recall': 0.0123, 'f1': 0.0238, 'auc': 0.6462}
train: {'epoch': 62, 'eta': 769388.5375, 'loss': 0.1268, 'lr': 0.001, 'params': 600905, 'time_iter': 20.2636, 'accuracy': 0.9651, 'precision': 0.6722, 'recall': 0.1315, 'f1': 0.22, 'auc': 0.7917}
val: {'epoch': 63, 'loss': 0.1638, 'lr': 0.001, 'params': 600905, 'time_iter': 2.2262, 'accuracy': 0.9801, 'precision': 0.3333, 'recall': 0.0123, 'f1': 0.0238, 'auc': 0.6888}
train: {'epoch': 63, 'eta': 748632.0467, 'loss': 0.1256, 'lr': 0.001, 'params': 600905, 'time_iter': 20.2735, 'accuracy': 0.9652, 'precision': 0.6719, 'recall': 0.1396, 'f1': 0.2312, 'auc': 0.7988}
val: {'epoch': 64, 'loss': 0.1633, 'lr': 0.001, 'params': 600905, 'time_iter': 2.0415, 'accuracy': 0.9801, 'precision': 0.3333, 'recall': 0.0123, 'f1': 0.0238, 'auc': 0.6541}
train: {'epoch': 64, 'eta': 727804.8487, 'loss': 0.1267, 'lr': 0.001, 'params': 600905, 'time_iter': 20.1518, 'accuracy': 0.9653, 'precision': 0.6878, 'recall': 0.1323, 'f1': 0.2219, 'auc': 0.7929}
val: {'epoch': 65, 'loss': 0.1649, 'lr': 0.001, 'params': 600905, 'time_iter': 2.0494, 'accuracy': 0.9801, 'precision': 0.3333, 'recall': 0.0123, 'f1': 0.0238, 'auc': 0.6546}
train: {'epoch': 65, 'eta': 707120.889, 'loss': 0.126, 'lr': 0.001, 'params': 600905, 'time_iter': 20.4168, 'accuracy': 0.9654, 'precision': 0.688, 'recall': 0.1396, 'f1': 0.2321, 'auc': 0.7945}
val: {'epoch': 66, 'loss': 0.1561, 'lr': 0.001, 'params': 600905, 'time_iter': 2.1881, 'accuracy': 0.9803, 'precision': 0.5, 'recall': 0.0123, 'f1': 0.0241, 'auc': 0.6652}
train: {'epoch': 66, 'eta': 686448.4596, 'loss': 0.1259, 'lr': 0.001, 'params': 600905, 'time_iter': 20.4587, 'accuracy': 0.9654, 'precision': 0.6923, 'recall': 0.1388, 'f1': 0.2312, 'auc': 0.7963}
val: {'epoch': 67, 'loss': 0.1623, 'lr': 0.001, 'params': 600905, 'time_iter': 2.0868, 'accuracy': 0.9801, 'precision': 0.3333, 'recall': 0.0123, 'f1': 0.0238, 'auc': 0.6676}
train: {'epoch': 67, 'eta': 665685.4775, 'loss': 0.1274, 'lr': 0.001, 'params': 600905, 'time_iter': 20.2947, 'accuracy': 0.965, 'precision': 0.6783, 'recall': 0.1266, 'f1': 0.2134, 'auc': 0.7923}
val: {'epoch': 68, 'loss': 0.1627, 'lr': 0.001, 'params': 600905, 'time_iter': 2.1826, 'accuracy': 0.9798, 'precision': 0.0, 'recall': 0.0, 'f1': 0.0, 'auc': 0.6286}
train: {'epoch': 68, 'eta': 644940.6329, 'loss': 0.1248, 'lr': 0.001, 'params': 600905, 'time_iter': 20.3415, 'accuracy': 0.9653, 'precision': 0.6692, 'recall': 0.1429, 'f1': 0.2355, 'auc': 0.8052}
val: {'epoch': 69, 'loss': 0.1636, 'lr': 0.001, 'params': 600905, 'time_iter': 2.0258, 'accuracy': 0.9801, 'precision': 0.3333, 'recall': 0.0123, 'f1': 0.0238, 'auc': 0.6395}
train: {'epoch': 69, 'eta': 624143.38, 'loss': 0.1244, 'lr': 0.001, 'params': 600905, 'time_iter': 20.2347, 'accuracy': 0.966, 'precision': 0.7198, 'recall': 0.1502, 'f1': 0.2485, 'auc': 0.8035}
val: {'epoch': 70, 'loss': 0.168, 'lr': 0.001, 'params': 600905, 'time_iter': 2.1033, 'accuracy': 0.9803, 'precision': 0.0, 'recall': 0.0, 'f1': 0.0, 'auc': 0.6262}
train: {'epoch': 70, 'eta': 603310.0664, 'loss': 0.1247, 'lr': 0.001, 'params': 600905, 'time_iter': 20.1506, 'accuracy': 0.9654, 'precision': 0.6908, 'recall': 0.1396, 'f1': 0.2323, 'auc': 0.8017}
val: {'epoch': 71, 'loss': 0.1611, 'lr': 0.001, 'params': 600905, 'time_iter': 2.2152, 'accuracy': 0.9801, 'precision': 0.3333, 'recall': 0.0123, 'f1': 0.0238, 'auc': 0.655}
train: {'epoch': 71, 'eta': 582490.6786, 'loss': 0.1248, 'lr': 0.001, 'params': 600905, 'time_iter': 20.1785, 'accuracy': 0.9656, 'precision': 0.702, 'recall': 0.1396, 'f1': 0.2329, 'auc': 0.8013}
val: {'epoch': 72, 'loss': 0.1655, 'lr': 0.001, 'params': 600905, 'time_iter': 2.1172, 'accuracy': 0.9803, 'precision': 0.0, 'recall': 0.0, 'f1': 0.0, 'auc': 0.6314}
train: {'epoch': 72, 'eta': 561721.1269, 'loss': 0.1241, 'lr': 0.001, 'params': 600905, 'time_iter': 20.3055, 'accuracy': 0.9662, 'precision': 0.7239, 'recall': 0.1575, 'f1': 0.2587, 'auc': 0.8038}
val: {'epoch': 73, 'loss': 0.1695, 'lr': 0.001, 'params': 600905, 'time_iter': 2.2024, 'accuracy': 0.9801, 'precision': 0.3333, 'recall': 0.0123, 'f1': 0.0238, 'auc': 0.639}
train: {'epoch': 73, 'eta': 540964.9892, 'loss': 0.1225, 'lr': 0.001, 'params': 600905, 'time_iter': 20.3519, 'accuracy': 0.9661, 'precision': 0.7201, 'recall': 0.1567, 'f1': 0.2573, 'auc': 0.8097}
val: {'epoch': 74, 'loss': 0.1692, 'lr': 0.001, 'params': 600905, 'time_iter': 2.0397, 'accuracy': 0.9801, 'precision': 0.3333, 'recall': 0.0123, 'f1': 0.0238, 'auc': 0.6557}
train: {'epoch': 74, 'eta': 520124.3004, 'loss': 0.1232, 'lr': 0.001, 'params': 600905, 'time_iter': 20.1198, 'accuracy': 0.9665, 'precision': 0.7365, 'recall': 0.1656, 'f1': 0.2704, 'auc': 0.8017}
val: {'epoch': 75, 'loss': 0.1656, 'lr': 0.001, 'params': 600905, 'time_iter': 2.2948, 'accuracy': 0.9803, 'precision': 0.0, 'recall': 0.0, 'f1': 0.0, 'auc': 0.6697}
train: {'epoch': 75, 'eta': 499303.995, 'loss': 0.1226, 'lr': 0.001, 'params': 600905, 'time_iter': 20.1714, 'accuracy': 0.9663, 'precision': 0.7067, 'recall': 0.1721, 'f1': 0.2768, 'auc': 0.8057}
val: {'epoch': 76, 'loss': 0.174, 'lr': 0.001, 'params': 600905, 'time_iter': 2.0121, 'accuracy': 0.9803, 'precision': 0.0, 'recall': 0.0, 'f1': 0.0, 'auc': 0.6125}
train: {'epoch': 76, 'eta': 478537.4725, 'loss': 0.1232, 'lr': 0.001, 'params': 600905, 'time_iter': 20.341, 'accuracy': 0.9662, 'precision': 0.7222, 'recall': 0.1583, 'f1': 0.2597, 'auc': 0.8093}
val: {'epoch': 77, 'loss': 0.1714, 'lr': 0.001, 'params': 600905, 'time_iter': 2.0658, 'accuracy': 0.9805, 'precision': 1.0, 'recall': 0.0123, 'f1': 0.0244, 'auc': 0.644}
train: {'epoch': 77, 'eta': 457736.956, 'loss': 0.123, 'lr': 0.001, 'params': 600905, 'time_iter': 20.2384, 'accuracy': 0.9667, 'precision': 0.7387, 'recall': 0.1721, 'f1': 0.2791, 'auc': 0.8047}
val: {'epoch': 78, 'loss': 0.1704, 'lr': 0.001, 'params': 600905, 'time_iter': 2.1362, 'accuracy': 0.9801, 'precision': 0.3333, 'recall': 0.0123, 'f1': 0.0238, 'auc': 0.6637}
train: {'epoch': 78, 'eta': 436839.6774, 'loss': 0.1216, 'lr': 0.001, 'params': 600905, 'time_iter': 19.887, 'accuracy': 0.9665, 'precision': 0.7157, 'recall': 0.1737, 'f1': 0.2796, 'auc': 0.811}
val: {'epoch': 79, 'loss': 0.1684, 'lr': 0.001, 'params': 600905, 'time_iter': 2.1302, 'accuracy': 0.9805, 'precision': 1.0, 'recall': 0.0123, 'f1': 0.0244, 'auc': 0.6414}
train: {'epoch': 79, 'eta': 416115.0769, 'loss': 0.1235, 'lr': 0.001, 'params': 600905, 'time_iter': 20.5161, 'accuracy': 0.9666, 'precision': 0.7245, 'recall': 0.1729, 'f1': 0.2792, 'auc': 0.8032}
val: {'epoch': 80, 'loss': 0.1706, 'lr': 0.001, 'params': 600905, 'time_iter': 2.1748, 'accuracy': 0.9801, 'precision': 0.3333, 'recall': 0.0123, 'f1': 0.0238, 'auc': 0.6525}
train: {'epoch': 80, 'eta': 395308.3066, 'loss': 0.1239, 'lr': 0.001, 'params': 600905, 'time_iter': 20.2152, 'accuracy': 0.9662, 'precision': 0.7336, 'recall': 0.1542, 'f1': 0.2549, 'auc': 0.8032}
val: {'epoch': 81, 'loss': 0.1696, 'lr': 0.001, 'params': 600905, 'time_iter': 2.1714, 'accuracy': 0.9803, 'precision': 0.0, 'recall': 0.0, 'f1': 0.0, 'auc': 0.6418}
train: {'epoch': 81, 'eta': 374494.8029, 'loss': 0.1276, 'lr': 0.001, 'params': 600905, 'time_iter': 20.1848, 'accuracy': 0.9649, 'precision': 0.6742, 'recall': 0.1209, 'f1': 0.2051, 'auc': 0.794}
val: {'epoch': 82, 'loss': 0.1674, 'lr': 0.001, 'params': 600905, 'time_iter': 2.2408, 'accuracy': 0.9803, 'precision': 0.5, 'recall': 0.0123, 'f1': 0.0241, 'auc': 0.6535}
train: {'epoch': 82, 'eta': 353605.8578, 'loss': 0.1276, 'lr': 0.001, 'params': 600905, 'time_iter': 19.8219, 'accuracy': 0.9648, 'precision': 0.6652, 'recall': 0.1209, 'f1': 0.2047, 'auc': 0.7895}
val: {'epoch': 83, 'loss': 0.1682, 'lr': 0.001, 'params': 600905, 'time_iter': 2.0843, 'accuracy': 0.9805, 'precision': 1.0, 'recall': 0.0123, 'f1': 0.0244, 'auc': 0.6611}
train: {'epoch': 83, 'eta': 332753.6513, 'loss': 0.1265, 'lr': 0.001, 'params': 600905, 'time_iter': 19.9495, 'accuracy': 0.9658, 'precision': 0.7345, 'recall': 0.1347, 'f1': 0.2277, 'auc': 0.7938}
val: {'epoch': 84, 'loss': 0.1685, 'lr': 0.001, 'params': 600905, 'time_iter': 2.0776, 'accuracy': 0.9798, 'precision': 0.25, 'recall': 0.0123, 'f1': 0.0235, 'auc': 0.6381}
train: {'epoch': 84, 'eta': 311972.852, 'loss': 0.1267, 'lr': 0.001, 'params': 600905, 'time_iter': 20.3008, 'accuracy': 0.9655, 'precision': 0.7012, 'recall': 0.1372, 'f1': 0.2295, 'auc': 0.7914}
val: {'epoch': 85, 'loss': 0.1684, 'lr': 0.001, 'params': 600905, 'time_iter': 2.2081, 'accuracy': 0.9801, 'precision': 0.0, 'recall': 0.0, 'f1': 0.0, 'auc': 0.6441}
train: {'epoch': 85, 'eta': 291179.5265, 'loss': 0.128, 'lr': 0.001, 'params': 600905, 'time_iter': 20.2411, 'accuracy': 0.9653, 'precision': 0.697, 'recall': 0.1307, 'f1': 0.2201, 'auc': 0.7862}
val: {'epoch': 86, 'loss': 0.166, 'lr': 0.001, 'params': 600905, 'time_iter': 2.1198, 'accuracy': 0.9798, 'precision': 0.25, 'recall': 0.0123, 'f1': 0.0235, 'auc': 0.6416}
train: {'epoch': 86, 'eta': 270381.8549, 'loss': 0.1284, 'lr': 0.001, 'params': 600905, 'time_iter': 20.218, 'accuracy': 0.9651, 'precision': 0.6766, 'recall': 0.1291, 'f1': 0.2168, 'auc': 0.7838}
val: {'epoch': 87, 'loss': 0.1684, 'lr': 0.001, 'params': 600905, 'time_iter': 2.1991, 'accuracy': 0.9803, 'precision': 0.0, 'recall': 0.0, 'f1': 0.0, 'auc': 0.6497}
train: {'epoch': 87, 'eta': 249546.7575, 'loss': 0.1278, 'lr': 0.001, 'params': 600905, 'time_iter': 19.9524, 'accuracy': 0.9647, 'precision': 0.655, 'recall': 0.1218, 'f1': 0.2053, 'auc': 0.7865}
val: {'epoch': 88, 'loss': 0.1689, 'lr': 0.001, 'params': 600905, 'time_iter': 2.0782, 'accuracy': 0.9803, 'precision': 0.0, 'recall': 0.0, 'f1': 0.0, 'auc': 0.6478}
train: {'epoch': 88, 'eta': 228758.0363, 'loss': 0.1269, 'lr': 0.001, 'params': 600905, 'time_iter': 20.2633, 'accuracy': 0.9653, 'precision': 0.6875, 'recall': 0.1339, 'f1': 0.2242, 'auc': 0.7888}
val: {'epoch': 89, 'loss': 0.1663, 'lr': 0.001, 'params': 600905, 'time_iter': 2.255, 'accuracy': 0.9803, 'precision': 0.0, 'recall': 0.0, 'f1': 0.0, 'auc': 0.6368}
train: {'epoch': 89, 'eta': 207950.7157, 'loss': 0.1268, 'lr': 0.001, 'params': 600905, 'time_iter': 20.1127, 'accuracy': 0.9653, 'precision': 0.6827, 'recall': 0.138, 'f1': 0.2296, 'auc': 0.7927}
val: {'epoch': 90, 'loss': 0.1712, 'lr': 0.001, 'params': 600905, 'time_iter': 2.0751, 'accuracy': 0.9803, 'precision': 0.0, 'recall': 0.0, 'f1': 0.0, 'auc': 0.6652}
train: {'epoch': 90, 'eta': 187195.2043, 'loss': 0.1266, 'lr': 0.001, 'params': 600905, 'time_iter': 20.5977, 'accuracy': 0.9653, 'precision': 0.6872, 'recall': 0.1356, 'f1': 0.2264, 'auc': 0.7941}
val: {'epoch': 91, 'loss': 0.1703, 'lr': 0.001, 'params': 600905, 'time_iter': 2.0501, 'accuracy': 0.9803, 'precision': 0.0, 'recall': 0.0, 'f1': 0.0, 'auc': 0.6546}
train: {'epoch': 91, 'eta': 166403.3358, 'loss': 0.1262, 'lr': 0.001, 'params': 600905, 'time_iter': 20.2982, 'accuracy': 0.9656, 'precision': 0.7049, 'recall': 0.1396, 'f1': 0.2331, 'auc': 0.7964}
val: {'epoch': 92, 'loss': 0.1695, 'lr': 0.001, 'params': 600905, 'time_iter': 2.1804, 'accuracy': 0.9803, 'precision': 0.0, 'recall': 0.0, 'f1': 0.0, 'auc': 0.6698}
train: {'epoch': 92, 'eta': 145586.706, 'loss': 0.1262, 'lr': 0.001, 'params': 600905, 'time_iter': 20.0049, 'accuracy': 0.9656, 'precision': 0.6891, 'recall': 0.1494, 'f1': 0.2455, 'auc': 0.7879}
val: {'epoch': 93, 'loss': 0.1776, 'lr': 0.001, 'params': 600905, 'time_iter': 2.0173, 'accuracy': 0.9803, 'precision': 0.0, 'recall': 0.0, 'f1': 0.0, 'auc': 0.6503}
train: {'epoch': 93, 'eta': 124785.0379, 'loss': 0.1244, 'lr': 0.001, 'params': 600905, 'time_iter': 20.1576, 'accuracy': 0.9661, 'precision': 0.7252, 'recall': 0.1542, 'f1': 0.2544, 'auc': 0.8008}
val: {'epoch': 94, 'loss': 0.1699, 'lr': 0.001, 'params': 600905, 'time_iter': 2.1696, 'accuracy': 0.9803, 'precision': 0.0, 'recall': 0.0, 'f1': 0.0, 'auc': 0.6698}
train: {'epoch': 94, 'eta': 103996.2628, 'loss': 0.1242, 'lr': 0.001, 'params': 600905, 'time_iter': 20.3726, 'accuracy': 0.9661, 'precision': 0.7208, 'recall': 0.155, 'f1': 0.2552, 'auc': 0.7966}
val: {'epoch': 95, 'loss': 0.1817, 'lr': 0.001, 'params': 600905, 'time_iter': 2.0843, 'accuracy': 0.9803, 'precision': 0.0, 'recall': 0.0, 'f1': 0.0, 'auc': 0.6072}
train: {'epoch': 95, 'eta': 83198.6533, 'loss': 0.1306, 'lr': 0.001, 'params': 600905, 'time_iter': 20.2514, 'accuracy': 0.9648, 'precision': 0.6637, 'recall': 0.1218, 'f1': 0.2058, 'auc': 0.7794}
val: {'epoch': 96, 'loss': 0.1744, 'lr': 0.001, 'params': 600905, 'time_iter': 2.2809, 'accuracy': 0.9803, 'precision': 0.0, 'recall': 0.0, 'f1': 0.0, 'auc': 0.6602}
train: {'epoch': 96, 'eta': 62393.4496, 'loss': 0.1272, 'lr': 0.001, 'params': 600905, 'time_iter': 20.0394, 'accuracy': 0.9654, 'precision': 0.6822, 'recall': 0.1429, 'f1': 0.2362, 'auc': 0.7879}
val: {'epoch': 97, 'loss': 0.1773, 'lr': 0.001, 'params': 600905, 'time_iter': 2.0828, 'accuracy': 0.9803, 'precision': 0.0, 'recall': 0.0, 'f1': 0.0, 'auc': 0.6259}
train: {'epoch': 97, 'eta': 41584.6967, 'loss': 0.1256, 'lr': 0.001, 'params': 600905, 'time_iter': 19.6909, 'accuracy': 0.9656, 'precision': 0.68, 'recall': 0.1518, 'f1': 0.2482, 'auc': 0.796}
val: {'epoch': 98, 'loss': 0.1803, 'lr': 0.001, 'params': 600905, 'time_iter': 2.1559, 'accuracy': 0.9803, 'precision': 0.0, 'recall': 0.0, 'f1': 0.0, 'auc': 0.6612}
train: {'epoch': 98, 'eta': 20792.3041, 'loss': 0.1239, 'lr': 0.001, 'params': 600905, 'time_iter': 20.2021, 'accuracy': 0.9662, 'precision': 0.6951, 'recall': 0.1721, 'f1': 0.2759, 'auc': 0.8033}
val: {'epoch': 99, 'loss': 0.1827, 'lr': 0.001, 'params': 600905, 'time_iter': 2.2515, 'accuracy': 0.9803, 'precision': 0.0, 'recall': 0.0, 'f1': 0.0, 'auc': 0.6408}
train: {'epoch': 99, 'eta': 0.0, 'loss': 0.1233, 'lr': 0.001, 'params': 600905, 'time_iter': 20.2405, 'accuracy': 0.9664, 'precision': 0.7266, 'recall': 0.164, 'f1': 0.2675, 'auc': 0.8045}
test: {'epoch': 99, 'loss': 0.2961, 'lr': 0.001, 'params': 600905, 'time_iter': 1.9932, 'accuracy': 0.9684, 'precision': 0.0, 'recall': 0.0, 'f1': 0.0, 'auc': 0.5647}
test: {'epoch': 34, 'loss': 0.2117, 'lr': 0.001, 'params': 600905, 'time_iter': 1.9965, 'accuracy': 0.9684, 'precision': 0.0, 'recall': 0.0, 'f1': 0.0, 'auc': 0.6817}
