GraphGymModule(
  (model): DilatedGNNModel(
    (encoder): FeatureEncoder(
      (node_encoder): AtomEncoder(
        (atom_embedding_list): ModuleList(
          (0): Embedding(119, 300)
          (1): Embedding(4, 300)
          (2): Embedding(12, 300)
          (3): Embedding(12, 300)
          (4): Embedding(10, 300)
          (5): Embedding(6, 300)
          (6): Embedding(6, 300)
          (7): Embedding(2, 300)
          (8): Embedding(2, 300)
        )
      )
      (edge_encoder): BondEncoder(
        (bond_embedding_list): ModuleList(
          (0): Embedding(5, 300)
          (1): Embedding(6, 300)
          (2): Embedding(2, 300)
        )
      )
    )
    (mp): GNNDilatedStage(
      (classic_layers): ModuleList(
        (0): GeneralLayer(
          (layer): EGATConv(
            (model): GATConv(300, 300, heads=1)
          )
          (post_layer): Sequential(
            (0): BatchNorm1d(300, eps=1e-05, momentum=0.1, affine=True, track_running_stats=True)
            (1): Dropout(p=0.5, inplace=False)
            (2): ReLU()
          )
        )
        (1): GeneralLayer(
          (layer): EGATConv(
            (model): GATConv(300, 300, heads=1)
          )
          (post_layer): Sequential(
            (0): BatchNorm1d(300, eps=1e-05, momentum=0.1, affine=True, track_running_stats=True)
            (1): Dropout(p=0.5, inplace=False)
            (2): ReLU()
          )
        )
      )
      (dilated_layers): ModuleList(
        (0): DilatedGeneralLayer(
          (layer): EGATConv(
            (model): GATConv(300, 300, heads=1)
          )
          (post_layer): Sequential(
            (0): BatchNorm1d(300, eps=1e-05, momentum=0.1, affine=True, track_running_stats=True)
            (1): Dropout(p=0.5, inplace=False)
            (2): ReLU()
          )
          (gem): GeM(p=3.0000, eps=1e-06)
        )
        (1): DilatedGeneralLayer(
          (layer): EGATConv(
            (model): GATConv(300, 300, heads=1)
          )
          (post_layer): Sequential(
            (0): BatchNorm1d(300, eps=1e-05, momentum=0.1, affine=True, track_running_stats=True)
            (1): Dropout(p=0.5, inplace=False)
            (2): ReLU()
          )
          (gem): GeM(p=3.0000, eps=1e-06)
        )
      )
      (act): ReLU()
    )
    (post_mp): GNNGraphHead(
      (layer_post_mp): MLP(
        (model): Sequential(
          (0): Linear(
            (model): Linear(300, 1, bias=True)
          )
        )
      )
    )
  )
)
accelerator: cuda
benchmark: False
bn:
  eps: 1e-05
  mom: 0.1
cfg_dest: config.yaml
custom_metrics: []
dataset:
  cache_load: False
  cache_save: False
  dir: ./datasets
  edge_dim: 300
  edge_encoder: True
  edge_encoder_bn: False
  edge_encoder_name: Bond
  edge_message_ratio: 0.8
  edge_negative_sampling_ratio: 1.0
  edge_train_mode: all
  encoder: True
  encoder_bn: True
  encoder_dim: 128
  encoder_name: db
  fast_loader: False
  format: OGB
  label_column: none
  label_table: none
  location: local
  name: ogbg-molhiv
  node_encoder: True
  node_encoder_bn: False
  node_encoder_name: Atom
  remove_feature: False
  resample_disjoint: False
  resample_negative: False
  shuffle_split: True
  split: [0.8, 0.1, 0.1]
  split_mode: random
  task: graph
  task_type: classification
  to_undirected: False
  transductive: False
  transform: none
  tu_simple: True
devices: 1
gnn:
  act: relu
  act_on_last_layer_mp: False
  agg: none
  att_final_linear: False
  att_final_linear_bn: False
  att_heads: 1
  batchnorm: True
  clear_feature: True
  dilated_path_join: none
  dim_inner: 300
  dropout: 0.5
  head: graph
  keep_edge: 0.5
  l2norm: True
  layer_type: egatconv
  layers_k1: 2
  layers_k2: 2
  layers_mp: 5
  layers_post_mp: 1
  layers_pre_mp: 0
  learn_alpha_residual_connection: False
  msg_direction: single
  normalize_adj: False
  self_msg: concat
  skip_every: 1
  stage_type: stack
  use_edge_features: True
gpu_mem: False
mem:
  inplace: False
metric_agg: argmax
metric_best: auc
model:
  edge_decoding: dot
  graph_pooling: mean
  loss_fun: cross_entropy
  match_upper: True
  size_average: mean
  thresh: 0.5
  type: dilated_gnn
num_threads: 6
num_workers: 16
optim:
  base_lr: 0.001
  lr_decay: 0.1
  max_epoch: 100
  momentum: 0.9
  optimizer: adam
  scheduler: none
  steps: [30, 60, 90]
  weight_decay: 0.0
out_dir: results_experiments/ogbg_molhiv_baseline_grid_design/ogbg_molhiv_baseline-type=dilated_gnn-layer_type=egatconv-layers_k1=2-layers_k2=2-dilated_path_join=none-learn_alpha_residual_connection=False
params: 782103
print: both
round: 4
run_dir: results_experiments/ogbg_molhiv_baseline_grid_design/ogbg_molhiv_baseline-type=dilated_gnn-layer_type=egatconv-layers_k1=2-layers_k2=2-dilated_path_join=none-learn_alpha_residual_connection=False/9
seed: 10
share:
  dim_in: 9
  dim_out: 2
  num_splits: 3
tensorboard_agg: True
tensorboard_each_run: False
train:
  auto_resume: False
  batch_size: 32
  ckpt_clean: True
  ckpt_period: 100
  enable_ckpt: True
  epoch_resume: -1
  eval_period: 1
  iter_per_epoch: 32
  neighbor_sizes: [20, 15, 10, 5]
  node_per_graph: 32
  radius: extend
  sample_node: False
  sampler: full_batch
  skip_train_eval: False
  walk_length: 4
val:
  node_per_graph: 32
  radius: extend
  sample_node: False
  sampler: full_batch
view_emb: False
Num parameters: 782103
val: {'epoch': 0, 'loss': 0.7103, 'lr': 0.001, 'params': 782103, 'time_iter': 0.8682, 'accuracy': 0.0156, 'precision': 0.0156, 'recall': 1.0, 'f1': 0.0308, 'auc': 0.1746}
val: {'epoch': 0, 'loss': 0.0967, 'lr': 0.001, 'params': 782103, 'time_iter': 2.4809, 'accuracy': 0.9803, 'precision': 0.0, 'recall': 0.0, 'f1': 0.0, 'auc': 0.7225}
train: {'epoch': 0, 'eta': 1608750.9225, 'loss': 0.1846, 'lr': 0.001, 'params': 782103, 'time_iter': 15.792, 'accuracy': 0.9626, 'precision': 0.0, 'recall': 0.0, 'f1': 0.0, 'auc': 0.5961}
val: {'epoch': 1, 'loss': 0.0953, 'lr': 0.001, 'params': 782103, 'time_iter': 2.6565, 'accuracy': 0.9803, 'precision': 0.0, 'recall': 0.0, 'f1': 0.0, 'auc': 0.6876}
train: {'epoch': 1, 'eta': 1599793.6438, 'loss': 0.1497, 'lr': 0.001, 'params': 782103, 'time_iter': 15.9367, 'accuracy': 0.9626, 'precision': 0.0, 'recall': 0.0, 'f1': 0.0, 'auc': 0.6755}
val: {'epoch': 2, 'loss': 0.0925, 'lr': 0.001, 'params': 782103, 'time_iter': 2.9241, 'accuracy': 0.9805, 'precision': 0.6667, 'recall': 0.0247, 'f1': 0.0476, 'auc': 0.7199}
train: {'epoch': 2, 'eta': 1582760.6467, 'loss': 0.1485, 'lr': 0.001, 'params': 782103, 'time_iter': 15.8431, 'accuracy': 0.9626, 'precision': 0.0, 'recall': 0.0, 'f1': 0.0, 'auc': 0.6721}
val: {'epoch': 3, 'loss': 0.0979, 'lr': 0.001, 'params': 782103, 'time_iter': 2.8496, 'accuracy': 0.9803, 'precision': 0.0, 'recall': 0.0, 'f1': 0.0, 'auc': 0.696}
train: {'epoch': 3, 'eta': 1562441.2236, 'loss': 0.1469, 'lr': 0.001, 'params': 782103, 'time_iter': 15.6952, 'accuracy': 0.9626, 'precision': 0.6667, 'recall': 0.0016, 'f1': 0.0032, 'auc': 0.6981}
val: {'epoch': 4, 'loss': 0.0949, 'lr': 0.001, 'params': 782103, 'time_iter': 2.3621, 'accuracy': 0.9805, 'precision': 0.6667, 'recall': 0.0247, 'f1': 0.0476, 'auc': 0.712}
train: {'epoch': 4, 'eta': 1555062.6059, 'loss': 0.1465, 'lr': 0.001, 'params': 782103, 'time_iter': 16.2718, 'accuracy': 0.9626, 'precision': 0.5882, 'recall': 0.0081, 'f1': 0.016, 'auc': 0.6915}
val: {'epoch': 5, 'loss': 0.099, 'lr': 0.001, 'params': 782103, 'time_iter': 2.9711, 'accuracy': 0.9801, 'precision': 0.0, 'recall': 0.0, 'f1': 0.0, 'auc': 0.6852}
train: {'epoch': 5, 'eta': 1538315.022, 'loss': 0.147, 'lr': 0.001, 'params': 782103, 'time_iter': 15.8843, 'accuracy': 0.9627, 'precision': 0.7, 'recall': 0.0057, 'f1': 0.0113, 'auc': 0.6864}
val: {'epoch': 6, 'loss': 0.0963, 'lr': 0.001, 'params': 782103, 'time_iter': 2.5518, 'accuracy': 0.9801, 'precision': 0.3333, 'recall': 0.0123, 'f1': 0.0238, 'auc': 0.7205}
train: {'epoch': 6, 'eta': 1530176.5727, 'loss': 0.1456, 'lr': 0.001, 'params': 782103, 'time_iter': 16.5056, 'accuracy': 0.9626, 'precision': 0.5, 'recall': 0.0114, 'f1': 0.0222, 'auc': 0.6935}
val: {'epoch': 7, 'loss': 0.0925, 'lr': 0.001, 'params': 782103, 'time_iter': 2.9135, 'accuracy': 0.9805, 'precision': 0.5556, 'recall': 0.0617, 'f1': 0.1111, 'auc': 0.716}
train: {'epoch': 7, 'eta': 1516765.5443, 'loss': 0.1448, 'lr': 0.001, 'params': 782103, 'time_iter': 16.2469, 'accuracy': 0.963, 'precision': 0.6207, 'recall': 0.0292, 'f1': 0.0558, 'auc': 0.696}
val: {'epoch': 8, 'loss': 0.0963, 'lr': 0.001, 'params': 782103, 'time_iter': 2.4616, 'accuracy': 0.9815, 'precision': 1.0, 'recall': 0.0617, 'f1': 0.1163, 'auc': 0.7001}
train: {'epoch': 8, 'eta': 1503544.3145, 'loss': 0.1445, 'lr': 0.001, 'params': 782103, 'time_iter': 16.3358, 'accuracy': 0.9629, 'precision': 0.6038, 'recall': 0.026, 'f1': 0.0498, 'auc': 0.6969}
val: {'epoch': 9, 'loss': 0.0976, 'lr': 0.001, 'params': 782103, 'time_iter': 2.932, 'accuracy': 0.9813, 'precision': 1.0, 'recall': 0.0494, 'f1': 0.0941, 'auc': 0.7165}
train: {'epoch': 9, 'eta': 1490261.8228, 'loss': 0.1458, 'lr': 0.001, 'params': 782103, 'time_iter': 16.4067, 'accuracy': 0.9629, 'precision': 0.6444, 'recall': 0.0235, 'f1': 0.0454, 'auc': 0.6872}
val: {'epoch': 10, 'loss': 0.0955, 'lr': 0.001, 'params': 782103, 'time_iter': 2.8748, 'accuracy': 0.9815, 'precision': 1.0, 'recall': 0.0617, 'f1': 0.1163, 'auc': 0.7015}
train: {'epoch': 10, 'eta': 1478074.7431, 'loss': 0.1436, 'lr': 0.001, 'params': 782103, 'time_iter': 16.6169, 'accuracy': 0.9639, 'precision': 0.7473, 'recall': 0.0552, 'f1': 0.1028, 'auc': 0.7006}
val: {'epoch': 11, 'loss': 0.095, 'lr': 0.001, 'params': 782103, 'time_iter': 2.8046, 'accuracy': 0.9818, 'precision': 1.0, 'recall': 0.0741, 'f1': 0.1379, 'auc': 0.7034}
train: {'epoch': 11, 'eta': 1460607.2223, 'loss': 0.1434, 'lr': 0.001, 'params': 782103, 'time_iter': 16.0256, 'accuracy': 0.9637, 'precision': 0.7294, 'recall': 0.0503, 'f1': 0.0942, 'auc': 0.7037}
val: {'epoch': 12, 'loss': 0.0993, 'lr': 0.001, 'params': 782103, 'time_iter': 2.6495, 'accuracy': 0.9818, 'precision': 0.8, 'recall': 0.0988, 'f1': 0.1758, 'auc': 0.6915}
train: {'epoch': 12, 'eta': 1442920.8205, 'loss': 0.1439, 'lr': 0.001, 'params': 782103, 'time_iter': 15.972, 'accuracy': 0.9632, 'precision': 0.6364, 'recall': 0.0398, 'f1': 0.0749, 'auc': 0.7043}
val: {'epoch': 13, 'loss': 0.1034, 'lr': 0.001, 'params': 782103, 'time_iter': 3.0705, 'accuracy': 0.9803, 'precision': 0.0, 'recall': 0.0, 'f1': 0.0, 'auc': 0.704}
train: {'epoch': 13, 'eta': 1425742.6451, 'loss': 0.1434, 'lr': 0.001, 'params': 782103, 'time_iter': 16.0241, 'accuracy': 0.9631, 'precision': 0.6552, 'recall': 0.0308, 'f1': 0.0589, 'auc': 0.7109}
val: {'epoch': 14, 'loss': 0.1029, 'lr': 0.001, 'params': 782103, 'time_iter': 2.6112, 'accuracy': 0.9801, 'precision': 0.3333, 'recall': 0.0123, 'f1': 0.0238, 'auc': 0.7155}
train: {'epoch': 14, 'eta': 1413724.6028, 'loss': 0.1452, 'lr': 0.001, 'params': 782103, 'time_iter': 16.8933, 'accuracy': 0.9625, 'precision': 0.4545, 'recall': 0.0081, 'f1': 0.0159, 'auc': 0.7159}
val: {'epoch': 15, 'loss': 0.1064, 'lr': 0.001, 'params': 782103, 'time_iter': 2.9276, 'accuracy': 0.9801, 'precision': 0.0, 'recall': 0.0, 'f1': 0.0, 'auc': 0.7014}
train: {'epoch': 15, 'eta': 1396157.729, 'loss': 0.1431, 'lr': 0.001, 'params': 782103, 'time_iter': 15.9903, 'accuracy': 0.9627, 'precision': 0.5926, 'recall': 0.013, 'f1': 0.0254, 'auc': 0.7237}
val: {'epoch': 16, 'loss': 0.1018, 'lr': 0.001, 'params': 782103, 'time_iter': 2.6721, 'accuracy': 0.9803, 'precision': 0.0, 'recall': 0.0, 'f1': 0.0, 'auc': 0.7216}
train: {'epoch': 16, 'eta': 1377655.1761, 'loss': 0.1431, 'lr': 0.001, 'params': 782103, 'time_iter': 15.778, 'accuracy': 0.9629, 'precision': 0.7391, 'recall': 0.0138, 'f1': 0.0271, 'auc': 0.7194}
val: {'epoch': 17, 'loss': 0.1064, 'lr': 0.001, 'params': 782103, 'time_iter': 2.7331, 'accuracy': 0.9801, 'precision': 0.3333, 'recall': 0.0123, 'f1': 0.0238, 'auc': 0.7225}
train: {'epoch': 17, 'eta': 1360829.4416, 'loss': 0.1431, 'lr': 0.001, 'params': 782103, 'time_iter': 16.0819, 'accuracy': 0.9631, 'precision': 0.7045, 'recall': 0.0252, 'f1': 0.0486, 'auc': 0.7165}
val: {'epoch': 18, 'loss': 0.0988, 'lr': 0.001, 'params': 782103, 'time_iter': 2.5607, 'accuracy': 0.9803, 'precision': 0.0, 'recall': 0.0, 'f1': 0.0, 'auc': 0.7643}
train: {'epoch': 18, 'eta': 1346121.9715, 'loss': 0.1436, 'lr': 0.001, 'params': 782103, 'time_iter': 16.5582, 'accuracy': 0.9631, 'precision': 0.6957, 'recall': 0.026, 'f1': 0.0501, 'auc': 0.7156}
val: {'epoch': 19, 'loss': 0.1097, 'lr': 0.001, 'params': 782103, 'time_iter': 2.9607, 'accuracy': 0.9801, 'precision': 0.0, 'recall': 0.0, 'f1': 0.0, 'auc': 0.7279}
train: {'epoch': 19, 'eta': 1330671.199, 'loss': 0.1455, 'lr': 0.001, 'params': 782103, 'time_iter': 16.4342, 'accuracy': 0.9631, 'precision': 0.6735, 'recall': 0.0268, 'f1': 0.0515, 'auc': 0.7032}
val: {'epoch': 20, 'loss': 0.0959, 'lr': 0.001, 'params': 782103, 'time_iter': 2.7873, 'accuracy': 0.9815, 'precision': 1.0, 'recall': 0.0617, 'f1': 0.1163, 'auc': 0.7443}
train: {'epoch': 20, 'eta': 1315284.4311, 'loss': 0.1439, 'lr': 0.001, 'params': 782103, 'time_iter': 16.4867, 'accuracy': 0.9637, 'precision': 0.6403, 'recall': 0.0722, 'f1': 0.1298, 'auc': 0.7013}
val: {'epoch': 21, 'loss': 0.1054, 'lr': 0.001, 'params': 782103, 'time_iter': 2.8771, 'accuracy': 0.9805, 'precision': 1.0, 'recall': 0.0123, 'f1': 0.0244, 'auc': 0.7274}
train: {'epoch': 21, 'eta': 1297588.4095, 'loss': 0.1433, 'lr': 0.001, 'params': 782103, 'time_iter': 15.893, 'accuracy': 0.9636, 'precision': 0.6542, 'recall': 0.0568, 'f1': 0.1046, 'auc': 0.7104}
val: {'epoch': 22, 'loss': 0.0969, 'lr': 0.001, 'params': 782103, 'time_iter': 2.8894, 'accuracy': 0.9815, 'precision': 1.0, 'recall': 0.0617, 'f1': 0.1163, 'auc': 0.7097}
train: {'epoch': 22, 'eta': 1283307.4604, 'loss': 0.1433, 'lr': 0.001, 'params': 782103, 'time_iter': 16.8505, 'accuracy': 0.9636, 'precision': 0.6349, 'recall': 0.0649, 'f1': 0.1178, 'auc': 0.708}
val: {'epoch': 23, 'loss': 0.0996, 'lr': 0.001, 'params': 782103, 'time_iter': 2.8767, 'accuracy': 0.981, 'precision': 1.0, 'recall': 0.037, 'f1': 0.0714, 'auc': 0.7249}
train: {'epoch': 23, 'eta': 1268361.0534, 'loss': 0.1419, 'lr': 0.001, 'params': 782103, 'time_iter': 16.7245, 'accuracy': 0.9639, 'precision': 0.6692, 'recall': 0.0722, 'f1': 0.1304, 'auc': 0.7104}
val: {'epoch': 24, 'loss': 0.1009, 'lr': 0.001, 'params': 782103, 'time_iter': 2.6068, 'accuracy': 0.9805, 'precision': 1.0, 'recall': 0.0123, 'f1': 0.0244, 'auc': 0.7384}
train: {'epoch': 24, 'eta': 1250148.4623, 'loss': 0.1426, 'lr': 0.001, 'params': 782103, 'time_iter': 15.7251, 'accuracy': 0.9635, 'precision': 0.6333, 'recall': 0.0617, 'f1': 0.1124, 'auc': 0.7101}
val: {'epoch': 25, 'loss': 0.104, 'lr': 0.001, 'params': 782103, 'time_iter': 2.5671, 'accuracy': 0.9808, 'precision': 0.75, 'recall': 0.037, 'f1': 0.0706, 'auc': 0.7109}
train: {'epoch': 25, 'eta': 1231995.0273, 'loss': 0.1412, 'lr': 0.001, 'params': 782103, 'time_iter': 15.6919, 'accuracy': 0.9637, 'precision': 0.656, 'recall': 0.0666, 'f1': 0.1209, 'auc': 0.7182}
val: {'epoch': 26, 'loss': 0.1001, 'lr': 0.001, 'params': 782103, 'time_iter': 2.5979, 'accuracy': 0.9808, 'precision': 0.75, 'recall': 0.037, 'f1': 0.0706, 'auc': 0.7}
train: {'epoch': 26, 'eta': 1214846.46, 'loss': 0.1442, 'lr': 0.001, 'params': 782103, 'time_iter': 15.9997, 'accuracy': 0.9637, 'precision': 0.6759, 'recall': 0.0593, 'f1': 0.109, 'auc': 0.6973}
val: {'epoch': 27, 'loss': 0.11, 'lr': 0.001, 'params': 782103, 'time_iter': 2.7407, 'accuracy': 0.9803, 'precision': 0.0, 'recall': 0.0, 'f1': 0.0, 'auc': 0.6801}
train: {'epoch': 27, 'eta': 1197831.7165, 'loss': 0.1457, 'lr': 0.001, 'params': 782103, 'time_iter': 16.0318, 'accuracy': 0.963, 'precision': 0.6119, 'recall': 0.0333, 'f1': 0.0631, 'auc': 0.6938}
val: {'epoch': 28, 'loss': 0.1037, 'lr': 0.001, 'params': 782103, 'time_iter': 2.5127, 'accuracy': 0.9805, 'precision': 0.6667, 'recall': 0.0247, 'f1': 0.0476, 'auc': 0.7127}
train: {'epoch': 28, 'eta': 1181585.3052, 'loss': 0.1435, 'lr': 0.001, 'params': 782103, 'time_iter': 16.3226, 'accuracy': 0.9636, 'precision': 0.6932, 'recall': 0.0495, 'f1': 0.0924, 'auc': 0.7029}
val: {'epoch': 29, 'loss': 0.1029, 'lr': 0.001, 'params': 782103, 'time_iter': 2.7163, 'accuracy': 0.9801, 'precision': 0.0, 'recall': 0.0, 'f1': 0.0, 'auc': 0.7043}
train: {'epoch': 29, 'eta': 1164308.9829, 'loss': 0.1431, 'lr': 0.001, 'params': 782103, 'time_iter': 15.9089, 'accuracy': 0.9635, 'precision': 0.6442, 'recall': 0.0544, 'f1': 0.1003, 'auc': 0.7083}
val: {'epoch': 30, 'loss': 0.1053, 'lr': 0.001, 'params': 782103, 'time_iter': 2.5151, 'accuracy': 0.9801, 'precision': 0.3333, 'recall': 0.0123, 'f1': 0.0238, 'auc': 0.7254}
train: {'epoch': 30, 'eta': 1146122.6581, 'loss': 0.1428, 'lr': 0.001, 'params': 782103, 'time_iter': 15.486, 'accuracy': 0.9636, 'precision': 0.6636, 'recall': 0.0576, 'f1': 0.106, 'auc': 0.7072}
val: {'epoch': 31, 'loss': 0.0985, 'lr': 0.001, 'params': 782103, 'time_iter': 2.4653, 'accuracy': 0.9801, 'precision': 0.0, 'recall': 0.0, 'f1': 0.0, 'auc': 0.731}
train: {'epoch': 31, 'eta': 1130562.8665, 'loss': 0.1417, 'lr': 0.001, 'params': 782103, 'time_iter': 16.6228, 'accuracy': 0.9636, 'precision': 0.6486, 'recall': 0.0584, 'f1': 0.1072, 'auc': 0.7141}
val: {'epoch': 32, 'loss': 0.1066, 'lr': 0.001, 'params': 782103, 'time_iter': 2.4482, 'accuracy': 0.9801, 'precision': 0.0, 'recall': 0.0, 'f1': 0.0, 'auc': 0.7242}
train: {'epoch': 32, 'eta': 1113824.8878, 'loss': 0.1421, 'lr': 0.001, 'params': 782103, 'time_iter': 16.1037, 'accuracy': 0.9638, 'precision': 0.7, 'recall': 0.0568, 'f1': 0.1051, 'auc': 0.7095}
val: {'epoch': 33, 'loss': 0.1043, 'lr': 0.001, 'params': 782103, 'time_iter': 2.6169, 'accuracy': 0.9803, 'precision': 0.5, 'recall': 0.0123, 'f1': 0.0241, 'auc': 0.735}
train: {'epoch': 33, 'eta': 1098032.62, 'loss': 0.1402, 'lr': 0.001, 'params': 782103, 'time_iter': 16.5723, 'accuracy': 0.9642, 'precision': 0.7132, 'recall': 0.0747, 'f1': 0.1352, 'auc': 0.725}
val: {'epoch': 34, 'loss': 0.1103, 'lr': 0.001, 'params': 782103, 'time_iter': 2.6634, 'accuracy': 0.9803, 'precision': 0.0, 'recall': 0.0, 'f1': 0.0, 'auc': 0.7043}
train: {'epoch': 34, 'eta': 1081667.1095, 'loss': 0.1408, 'lr': 0.001, 'params': 782103, 'time_iter': 16.31, 'accuracy': 0.964, 'precision': 0.6739, 'recall': 0.0755, 'f1': 0.1358, 'auc': 0.7187}
val: {'epoch': 35, 'loss': 0.104, 'lr': 0.001, 'params': 782103, 'time_iter': 2.5182, 'accuracy': 0.9803, 'precision': 0.0, 'recall': 0.0, 'f1': 0.0, 'auc': 0.7119}
train: {'epoch': 35, 'eta': 1065055.7172, 'loss': 0.1429, 'lr': 0.001, 'params': 782103, 'time_iter': 16.1882, 'accuracy': 0.9635, 'precision': 0.6667, 'recall': 0.0519, 'f1': 0.0964, 'auc': 0.7041}
val: {'epoch': 36, 'loss': 0.1079, 'lr': 0.001, 'params': 782103, 'time_iter': 2.5981, 'accuracy': 0.9801, 'precision': 0.0, 'recall': 0.0, 'f1': 0.0, 'auc': 0.7089}
train: {'epoch': 36, 'eta': 1047545.3158, 'loss': 0.142, 'lr': 0.001, 'params': 782103, 'time_iter': 15.6766, 'accuracy': 0.9642, 'precision': 0.7099, 'recall': 0.0755, 'f1': 0.1365, 'auc': 0.7056}
val: {'epoch': 37, 'loss': 0.1104, 'lr': 0.001, 'params': 782103, 'time_iter': 2.4027, 'accuracy': 0.9803, 'precision': 0.0, 'recall': 0.0, 'f1': 0.0, 'auc': 0.7087}
train: {'epoch': 37, 'eta': 1030912.0068, 'loss': 0.1423, 'lr': 0.001, 'params': 782103, 'time_iter': 16.1558, 'accuracy': 0.964, 'precision': 0.6899, 'recall': 0.0722, 'f1': 0.1308, 'auc': 0.7055}
val: {'epoch': 38, 'loss': 0.1131, 'lr': 0.001, 'params': 782103, 'time_iter': 2.5445, 'accuracy': 0.9801, 'precision': 0.0, 'recall': 0.0, 'f1': 0.0, 'auc': 0.727}
train: {'epoch': 38, 'eta': 1014344.8773, 'loss': 0.1411, 'lr': 0.001, 'params': 782103, 'time_iter': 16.1966, 'accuracy': 0.9645, 'precision': 0.7266, 'recall': 0.082, 'f1': 0.1473, 'auc': 0.7113}
val: {'epoch': 39, 'loss': 0.1121, 'lr': 0.001, 'params': 782103, 'time_iter': 2.522, 'accuracy': 0.9793, 'precision': 0.0, 'recall': 0.0, 'f1': 0.0, 'auc': 0.7163}
train: {'epoch': 39, 'eta': 998001.1812, 'loss': 0.1402, 'lr': 0.001, 'params': 782103, 'time_iter': 16.3446, 'accuracy': 0.9646, 'precision': 0.7297, 'recall': 0.0877, 'f1': 0.1565, 'auc': 0.7121}
val: {'epoch': 40, 'loss': 0.117, 'lr': 0.001, 'params': 782103, 'time_iter': 2.6822, 'accuracy': 0.9803, 'precision': 0.0, 'recall': 0.0, 'f1': 0.0, 'auc': 0.6934}
train: {'epoch': 40, 'eta': 981579.9424, 'loss': 0.141, 'lr': 0.001, 'params': 782103, 'time_iter': 16.3078, 'accuracy': 0.9638, 'precision': 0.6419, 'recall': 0.0771, 'f1': 0.1377, 'auc': 0.7132}
val: {'epoch': 41, 'loss': 0.1142, 'lr': 0.001, 'params': 782103, 'time_iter': 2.6163, 'accuracy': 0.9798, 'precision': 0.0, 'recall': 0.0, 'f1': 0.0, 'auc': 0.6971}
train: {'epoch': 41, 'eta': 965047.4536, 'loss': 0.1429, 'lr': 0.001, 'params': 782103, 'time_iter': 16.2416, 'accuracy': 0.9637, 'precision': 0.6532, 'recall': 0.0657, 'f1': 0.1195, 'auc': 0.7062}
val: {'epoch': 42, 'loss': 0.111, 'lr': 0.001, 'params': 782103, 'time_iter': 2.5686, 'accuracy': 0.9803, 'precision': 0.5, 'recall': 0.0123, 'f1': 0.0241, 'auc': 0.7077}
train: {'epoch': 42, 'eta': 948742.2484, 'loss': 0.1406, 'lr': 0.001, 'params': 782103, 'time_iter': 16.4144, 'accuracy': 0.9638, 'precision': 0.6266, 'recall': 0.0804, 'f1': 0.1424, 'auc': 0.7175}
val: {'epoch': 43, 'loss': 0.1037, 'lr': 0.001, 'params': 782103, 'time_iter': 2.5574, 'accuracy': 0.981, 'precision': 0.8, 'recall': 0.0494, 'f1': 0.093, 'auc': 0.7099}
train: {'epoch': 43, 'eta': 931860.9701, 'loss': 0.1409, 'lr': 0.001, 'params': 782103, 'time_iter': 15.9948, 'accuracy': 0.9646, 'precision': 0.6977, 'recall': 0.0974, 'f1': 0.1709, 'auc': 0.7075}
val: {'epoch': 44, 'loss': 0.1121, 'lr': 0.001, 'params': 782103, 'time_iter': 2.7529, 'accuracy': 0.9805, 'precision': 0.6667, 'recall': 0.0247, 'f1': 0.0476, 'auc': 0.7058}
train: {'epoch': 44, 'eta': 915291.6667, 'loss': 0.1418, 'lr': 0.001, 'params': 782103, 'time_iter': 16.2279, 'accuracy': 0.9641, 'precision': 0.6786, 'recall': 0.0771, 'f1': 0.1385, 'auc': 0.7036}
val: {'epoch': 45, 'loss': 0.1101, 'lr': 0.001, 'params': 782103, 'time_iter': 2.6159, 'accuracy': 0.9801, 'precision': 0.3333, 'recall': 0.0123, 'f1': 0.0238, 'auc': 0.7109}
train: {'epoch': 45, 'eta': 899003.0207, 'loss': 0.1402, 'lr': 0.001, 'params': 782103, 'time_iter': 16.4649, 'accuracy': 0.9646, 'precision': 0.7143, 'recall': 0.0893, 'f1': 0.1587, 'auc': 0.7206}
val: {'epoch': 46, 'loss': 0.1145, 'lr': 0.001, 'params': 782103, 'time_iter': 2.6985, 'accuracy': 0.9801, 'precision': 0.4, 'recall': 0.0247, 'f1': 0.0465, 'auc': 0.7009}
train: {'epoch': 46, 'eta': 882410.8097, 'loss': 0.1411, 'lr': 0.001, 'params': 782103, 'time_iter': 16.2273, 'accuracy': 0.9643, 'precision': 0.7029, 'recall': 0.0787, 'f1': 0.1416, 'auc': 0.7116}
val: {'epoch': 47, 'loss': 0.1097, 'lr': 0.001, 'params': 782103, 'time_iter': 2.4121, 'accuracy': 0.9803, 'precision': 0.0, 'recall': 0.0, 'f1': 0.0, 'auc': 0.7027}
train: {'epoch': 47, 'eta': 865876.9189, 'loss': 0.1423, 'lr': 0.001, 'params': 782103, 'time_iter': 16.2835, 'accuracy': 0.9636, 'precision': 0.6341, 'recall': 0.0633, 'f1': 0.1151, 'auc': 0.7123}
val: {'epoch': 48, 'loss': 0.1079, 'lr': 0.001, 'params': 782103, 'time_iter': 2.6387, 'accuracy': 0.981, 'precision': 1.0, 'recall': 0.037, 'f1': 0.0714, 'auc': 0.6903}
train: {'epoch': 48, 'eta': 848899.7085, 'loss': 0.1414, 'lr': 0.001, 'params': 782103, 'time_iter': 15.8781, 'accuracy': 0.9638, 'precision': 0.6723, 'recall': 0.0649, 'f1': 0.1184, 'auc': 0.7186}
val: {'epoch': 49, 'loss': 0.111, 'lr': 0.001, 'params': 782103, 'time_iter': 2.6047, 'accuracy': 0.9803, 'precision': 0.0, 'recall': 0.0, 'f1': 0.0, 'auc': 0.6395}
train: {'epoch': 49, 'eta': 832372.204, 'loss': 0.1424, 'lr': 0.001, 'params': 782103, 'time_iter': 16.2903, 'accuracy': 0.9637, 'precision': 0.6697, 'recall': 0.0593, 'f1': 0.1089, 'auc': 0.7137}
val: {'epoch': 50, 'loss': 0.1171, 'lr': 0.001, 'params': 782103, 'time_iter': 2.6743, 'accuracy': 0.9803, 'precision': 0.0, 'recall': 0.0, 'f1': 0.0, 'auc': 0.6514}
train: {'epoch': 50, 'eta': 815914.4962, 'loss': 0.1406, 'lr': 0.001, 'params': 782103, 'time_iter': 16.3702, 'accuracy': 0.9642, 'precision': 0.6779, 'recall': 0.082, 'f1': 0.1463, 'auc': 0.7147}
val: {'epoch': 51, 'loss': 0.111, 'lr': 0.001, 'params': 782103, 'time_iter': 2.3867, 'accuracy': 0.9803, 'precision': 0.0, 'recall': 0.0, 'f1': 0.0, 'auc': 0.6932}
train: {'epoch': 51, 'eta': 798802.6714, 'loss': 0.1417, 'lr': 0.001, 'params': 782103, 'time_iter': 15.6972, 'accuracy': 0.9633, 'precision': 0.594, 'recall': 0.0641, 'f1': 0.1158, 'auc': 0.7079}
val: {'epoch': 52, 'loss': 0.1154, 'lr': 0.001, 'params': 782103, 'time_iter': 2.859, 'accuracy': 0.9803, 'precision': 0.0, 'recall': 0.0, 'f1': 0.0, 'auc': 0.6604}
train: {'epoch': 52, 'eta': 781913.1895, 'loss': 0.1426, 'lr': 0.001, 'params': 782103, 'time_iter': 15.9012, 'accuracy': 0.9636, 'precision': 0.641, 'recall': 0.0609, 'f1': 0.1112, 'auc': 0.705}
val: {'epoch': 53, 'loss': 0.111, 'lr': 0.001, 'params': 782103, 'time_iter': 2.5426, 'accuracy': 0.9808, 'precision': 1.0, 'recall': 0.0247, 'f1': 0.0482, 'auc': 0.6757}
train: {'epoch': 53, 'eta': 764950.6908, 'loss': 0.1406, 'lr': 0.001, 'params': 782103, 'time_iter': 15.7956, 'accuracy': 0.9635, 'precision': 0.6212, 'recall': 0.0666, 'f1': 0.1202, 'auc': 0.7215}
val: {'epoch': 54, 'loss': 0.1169, 'lr': 0.001, 'params': 782103, 'time_iter': 3.0414, 'accuracy': 0.9805, 'precision': 1.0, 'recall': 0.0123, 'f1': 0.0244, 'auc': 0.6541}
train: {'epoch': 54, 'eta': 748009.3931, 'loss': 0.1405, 'lr': 0.001, 'params': 782103, 'time_iter': 15.7902, 'accuracy': 0.9638, 'precision': 0.6333, 'recall': 0.0771, 'f1': 0.1375, 'auc': 0.7272}
val: {'epoch': 55, 'loss': 0.1163, 'lr': 0.001, 'params': 782103, 'time_iter': 2.4699, 'accuracy': 0.9803, 'precision': 0.0, 'recall': 0.0, 'f1': 0.0, 'auc': 0.6981}
train: {'epoch': 55, 'eta': 731474.2964, 'loss': 0.1405, 'lr': 0.001, 'params': 782103, 'time_iter': 16.262, 'accuracy': 0.9634, 'precision': 0.5906, 'recall': 0.0714, 'f1': 0.1274, 'auc': 0.7179}
val: {'epoch': 56, 'loss': 0.1194, 'lr': 0.001, 'params': 782103, 'time_iter': 2.6125, 'accuracy': 0.9803, 'precision': 0.0, 'recall': 0.0, 'f1': 0.0, 'auc': 0.7202}
train: {'epoch': 56, 'eta': 715046.3668, 'loss': 0.1394, 'lr': 0.001, 'params': 782103, 'time_iter': 16.409, 'accuracy': 0.964, 'precision': 0.6467, 'recall': 0.0877, 'f1': 0.1544, 'auc': 0.7176}
val: {'epoch': 57, 'loss': 0.1166, 'lr': 0.001, 'params': 782103, 'time_iter': 2.6756, 'accuracy': 0.9803, 'precision': 0.5, 'recall': 0.0247, 'f1': 0.0471, 'auc': 0.6932}
train: {'epoch': 57, 'eta': 698524.6704, 'loss': 0.1409, 'lr': 0.001, 'params': 782103, 'time_iter': 16.3043, 'accuracy': 0.9633, 'precision': 0.5923, 'recall': 0.0625, 'f1': 0.1131, 'auc': 0.7147}
val: {'epoch': 58, 'loss': 0.1179, 'lr': 0.001, 'params': 782103, 'time_iter': 2.9416, 'accuracy': 0.9805, 'precision': 1.0, 'recall': 0.0123, 'f1': 0.0244, 'auc': 0.7162}
train: {'epoch': 58, 'eta': 682008.974, 'loss': 0.1395, 'lr': 0.001, 'params': 782103, 'time_iter': 16.3248, 'accuracy': 0.9643, 'precision': 0.6839, 'recall': 0.086, 'f1': 0.1528, 'auc': 0.717}
val: {'epoch': 59, 'loss': 0.1203, 'lr': 0.001, 'params': 782103, 'time_iter': 2.3252, 'accuracy': 0.9805, 'precision': 1.0, 'recall': 0.0123, 'f1': 0.0244, 'auc': 0.6827}
train: {'epoch': 59, 'eta': 665858.3529, 'loss': 0.1393, 'lr': 0.001, 'params': 782103, 'time_iter': 16.8707, 'accuracy': 0.9638, 'precision': 0.6207, 'recall': 0.0877, 'f1': 0.1536, 'auc': 0.7314}
val: {'epoch': 60, 'loss': 0.1209, 'lr': 0.001, 'params': 782103, 'time_iter': 3.106, 'accuracy': 0.9805, 'precision': 0.6667, 'recall': 0.0247, 'f1': 0.0476, 'auc': 0.6689}
train: {'epoch': 60, 'eta': 649361.1769, 'loss': 0.1397, 'lr': 0.001, 'params': 782103, 'time_iter': 16.4042, 'accuracy': 0.9638, 'precision': 0.637, 'recall': 0.0755, 'f1': 0.135, 'auc': 0.7251}
val: {'epoch': 61, 'loss': 0.1253, 'lr': 0.001, 'params': 782103, 'time_iter': 2.4406, 'accuracy': 0.9801, 'precision': 0.0, 'recall': 0.0, 'f1': 0.0, 'auc': 0.6773}
train: {'epoch': 61, 'eta': 632775.7203, 'loss': 0.1393, 'lr': 0.001, 'params': 782103, 'time_iter': 16.2838, 'accuracy': 0.9646, 'precision': 0.6875, 'recall': 0.0982, 'f1': 0.1719, 'auc': 0.7232}
val: {'epoch': 62, 'loss': 0.1269, 'lr': 0.001, 'params': 782103, 'time_iter': 2.8577, 'accuracy': 0.9801, 'precision': 0.3333, 'recall': 0.0123, 'f1': 0.0238, 'auc': 0.6789}
train: {'epoch': 62, 'eta': 615770.7522, 'loss': 0.1388, 'lr': 0.001, 'params': 782103, 'time_iter': 15.5986, 'accuracy': 0.9641, 'precision': 0.6543, 'recall': 0.086, 'f1': 0.1521, 'auc': 0.7276}
val: {'epoch': 63, 'loss': 0.1256, 'lr': 0.001, 'params': 782103, 'time_iter': 2.5727, 'accuracy': 0.9803, 'precision': 0.0, 'recall': 0.0, 'f1': 0.0, 'auc': 0.6715}
train: {'epoch': 63, 'eta': 599281.5493, 'loss': 0.1384, 'lr': 0.001, 'params': 782103, 'time_iter': 16.4382, 'accuracy': 0.964, 'precision': 0.642, 'recall': 0.0844, 'f1': 0.1492, 'auc': 0.735}
val: {'epoch': 64, 'loss': 0.127, 'lr': 0.001, 'params': 782103, 'time_iter': 2.9601, 'accuracy': 0.9798, 'precision': 0.0, 'recall': 0.0, 'f1': 0.0, 'auc': 0.6996}
train: {'epoch': 64, 'eta': 582720.8132, 'loss': 0.1382, 'lr': 0.001, 'params': 782103, 'time_iter': 16.3327, 'accuracy': 0.9643, 'precision': 0.6647, 'recall': 0.0933, 'f1': 0.1637, 'auc': 0.7363}
val: {'epoch': 65, 'loss': 0.1221, 'lr': 0.001, 'params': 782103, 'time_iter': 2.5873, 'accuracy': 0.9805, 'precision': 0.6667, 'recall': 0.0247, 'f1': 0.0476, 'auc': 0.7135}
train: {'epoch': 65, 'eta': 566042.5005, 'loss': 0.1371, 'lr': 0.001, 'params': 782103, 'time_iter': 16.125, 'accuracy': 0.9645, 'precision': 0.6928, 'recall': 0.0933, 'f1': 0.1645, 'auc': 0.7388}
val: {'epoch': 66, 'loss': 0.1218, 'lr': 0.001, 'params': 782103, 'time_iter': 2.9765, 'accuracy': 0.9803, 'precision': 0.5, 'recall': 0.0123, 'f1': 0.0241, 'auc': 0.6504}
train: {'epoch': 66, 'eta': 549465.7639, 'loss': 0.1374, 'lr': 0.001, 'params': 782103, 'time_iter': 16.3203, 'accuracy': 0.964, 'precision': 0.6237, 'recall': 0.0942, 'f1': 0.1636, 'auc': 0.7367}
val: {'epoch': 67, 'loss': 0.1219, 'lr': 0.001, 'params': 782103, 'time_iter': 2.8203, 'accuracy': 0.9801, 'precision': 0.0, 'recall': 0.0, 'f1': 0.0, 'auc': 0.6911}
train: {'epoch': 67, 'eta': 532796.3741, 'loss': 0.1367, 'lr': 0.001, 'params': 782103, 'time_iter': 16.1422, 'accuracy': 0.9643, 'precision': 0.6611, 'recall': 0.0966, 'f1': 0.1686, 'auc': 0.7341}
val: {'epoch': 68, 'loss': 0.1205, 'lr': 0.001, 'params': 782103, 'time_iter': 3.2017, 'accuracy': 0.9813, 'precision': 0.8333, 'recall': 0.0617, 'f1': 0.1149, 'auc': 0.7135}
train: {'epoch': 68, 'eta': 515922.6066, 'loss': 0.1357, 'lr': 0.001, 'params': 782103, 'time_iter': 15.6964, 'accuracy': 0.965, 'precision': 0.705, 'recall': 0.1144, 'f1': 0.1969, 'auc': 0.7436}
val: {'epoch': 69, 'loss': 0.1229, 'lr': 0.001, 'params': 782103, 'time_iter': 2.5849, 'accuracy': 0.9801, 'precision': 0.0, 'recall': 0.0, 'f1': 0.0, 'auc': 0.7057}
train: {'epoch': 69, 'eta': 499152.1876, 'loss': 0.1372, 'lr': 0.001, 'params': 782103, 'time_iter': 15.8839, 'accuracy': 0.9638, 'precision': 0.6221, 'recall': 0.0869, 'f1': 0.1524, 'auc': 0.7427}
val: {'epoch': 70, 'loss': 0.1255, 'lr': 0.001, 'params': 782103, 'time_iter': 3.1526, 'accuracy': 0.9801, 'precision': 0.3333, 'recall': 0.0123, 'f1': 0.0238, 'auc': 0.6831}
train: {'epoch': 70, 'eta': 482544.5461, 'loss': 0.137, 'lr': 0.001, 'params': 782103, 'time_iter': 16.2427, 'accuracy': 0.9645, 'precision': 0.6901, 'recall': 0.0958, 'f1': 0.1682, 'auc': 0.7402}
val: {'epoch': 71, 'loss': 0.129, 'lr': 0.001, 'params': 782103, 'time_iter': 2.6652, 'accuracy': 0.9798, 'precision': 0.0, 'recall': 0.0, 'f1': 0.0, 'auc': 0.6655}
train: {'epoch': 71, 'eta': 465779.7792, 'loss': 0.1365, 'lr': 0.001, 'params': 782103, 'time_iter': 15.8574, 'accuracy': 0.9642, 'precision': 0.6484, 'recall': 0.0958, 'f1': 0.1669, 'auc': 0.7402}
val: {'epoch': 72, 'loss': 0.125, 'lr': 0.001, 'params': 782103, 'time_iter': 2.7901, 'accuracy': 0.9798, 'precision': 0.25, 'recall': 0.0123, 'f1': 0.0235, 'auc': 0.6891}
train: {'epoch': 72, 'eta': 449010.6959, 'loss': 0.1361, 'lr': 0.001, 'params': 782103, 'time_iter': 15.8138, 'accuracy': 0.9645, 'precision': 0.6776, 'recall': 0.1006, 'f1': 0.1753, 'auc': 0.748}
val: {'epoch': 73, 'loss': 0.1317, 'lr': 0.001, 'params': 782103, 'time_iter': 2.9339, 'accuracy': 0.9803, 'precision': 0.0, 'recall': 0.0, 'f1': 0.0, 'auc': 0.7026}
train: {'epoch': 73, 'eta': 432310.6014, 'loss': 0.137, 'lr': 0.001, 'params': 782103, 'time_iter': 15.9675, 'accuracy': 0.9645, 'precision': 0.6703, 'recall': 0.1006, 'f1': 0.175, 'auc': 0.74}
val: {'epoch': 74, 'loss': 0.1191, 'lr': 0.001, 'params': 782103, 'time_iter': 2.8836, 'accuracy': 0.9803, 'precision': 0.0, 'recall': 0.0, 'f1': 0.0, 'auc': 0.7276}
train: {'epoch': 74, 'eta': 415802.2452, 'loss': 0.1375, 'lr': 0.001, 'params': 782103, 'time_iter': 16.5056, 'accuracy': 0.964, 'precision': 0.6296, 'recall': 0.0966, 'f1': 0.1675, 'auc': 0.7311}
val: {'epoch': 75, 'loss': 0.134, 'lr': 0.001, 'params': 782103, 'time_iter': 2.6281, 'accuracy': 0.9803, 'precision': 0.5, 'recall': 0.0123, 'f1': 0.0241, 'auc': 0.6857}
train: {'epoch': 75, 'eta': 399308.0477, 'loss': 0.1381, 'lr': 0.001, 'params': 782103, 'time_iter': 16.5877, 'accuracy': 0.9639, 'precision': 0.651, 'recall': 0.0787, 'f1': 0.1405, 'auc': 0.7367}
val: {'epoch': 76, 'loss': 0.1358, 'lr': 0.001, 'params': 782103, 'time_iter': 2.4004, 'accuracy': 0.9801, 'precision': 0.0, 'recall': 0.0, 'f1': 0.0, 'auc': 0.6827}
train: {'epoch': 76, 'eta': 382741.8504, 'loss': 0.1383, 'lr': 0.001, 'params': 782103, 'time_iter': 16.402, 'accuracy': 0.964, 'precision': 0.66, 'recall': 0.0804, 'f1': 0.1433, 'auc': 0.7302}
val: {'epoch': 77, 'loss': 0.1283, 'lr': 0.001, 'params': 782103, 'time_iter': 2.4437, 'accuracy': 0.9803, 'precision': 0.0, 'recall': 0.0, 'f1': 0.0, 'auc': 0.7188}
train: {'epoch': 77, 'eta': 365987.2496, 'loss': 0.1368, 'lr': 0.001, 'params': 782103, 'time_iter': 15.7804, 'accuracy': 0.9641, 'precision': 0.6461, 'recall': 0.0933, 'f1': 0.1631, 'auc': 0.7367}
val: {'epoch': 78, 'loss': 0.1245, 'lr': 0.001, 'params': 782103, 'time_iter': 2.7268, 'accuracy': 0.981, 'precision': 1.0, 'recall': 0.037, 'f1': 0.0714, 'auc': 0.6804}
train: {'epoch': 78, 'eta': 349405.3968, 'loss': 0.1365, 'lr': 0.001, 'params': 782103, 'time_iter': 16.3641, 'accuracy': 0.9642, 'precision': 0.6436, 'recall': 0.0982, 'f1': 0.1704, 'auc': 0.743}
val: {'epoch': 79, 'loss': 0.1237, 'lr': 0.001, 'params': 782103, 'time_iter': 2.6221, 'accuracy': 0.9803, 'precision': 0.5, 'recall': 0.0123, 'f1': 0.0241, 'auc': 0.6948}
train: {'epoch': 79, 'eta': 332721.7637, 'loss': 0.1396, 'lr': 0.001, 'params': 782103, 'time_iter': 15.9934, 'accuracy': 0.9639, 'precision': 0.6257, 'recall': 0.0869, 'f1': 0.1525, 'auc': 0.716}
val: {'epoch': 80, 'loss': 0.1256, 'lr': 0.001, 'params': 782103, 'time_iter': 3.2248, 'accuracy': 0.9801, 'precision': 0.0, 'recall': 0.0, 'f1': 0.0, 'auc': 0.6996}
train: {'epoch': 80, 'eta': 316079.6673, 'loss': 0.1391, 'lr': 0.001, 'params': 782103, 'time_iter': 16.1423, 'accuracy': 0.964, 'precision': 0.6407, 'recall': 0.0869, 'f1': 0.153, 'auc': 0.716}
val: {'epoch': 81, 'loss': 0.1257, 'lr': 0.001, 'params': 782103, 'time_iter': 2.4837, 'accuracy': 0.981, 'precision': 0.8, 'recall': 0.0494, 'f1': 0.093, 'auc': 0.7105}
train: {'epoch': 81, 'eta': 299489.81, 'loss': 0.1379, 'lr': 0.001, 'params': 782103, 'time_iter': 16.3702, 'accuracy': 0.9644, 'precision': 0.6614, 'recall': 0.1015, 'f1': 0.1759, 'auc': 0.7283}
val: {'epoch': 82, 'loss': 0.1259, 'lr': 0.001, 'params': 782103, 'time_iter': 2.6958, 'accuracy': 0.9801, 'precision': 0.0, 'recall': 0.0, 'f1': 0.0, 'auc': 0.6533}
train: {'epoch': 82, 'eta': 282876.336, 'loss': 0.1378, 'lr': 0.001, 'params': 782103, 'time_iter': 16.2873, 'accuracy': 0.9648, 'precision': 0.673, 'recall': 0.1153, 'f1': 0.1968, 'auc': 0.7283}
val: {'epoch': 83, 'loss': 0.1284, 'lr': 0.001, 'params': 782103, 'time_iter': 2.5973, 'accuracy': 0.981, 'precision': 0.7143, 'recall': 0.0617, 'f1': 0.1136, 'auc': 0.7217}
train: {'epoch': 83, 'eta': 266210.6714, 'loss': 0.1372, 'lr': 0.001, 'params': 782103, 'time_iter': 16.0388, 'accuracy': 0.9649, 'precision': 0.7081, 'recall': 0.1063, 'f1': 0.1849, 'auc': 0.7305}
val: {'epoch': 84, 'loss': 0.1341, 'lr': 0.001, 'params': 782103, 'time_iter': 2.5406, 'accuracy': 0.9803, 'precision': 0.0, 'recall': 0.0, 'f1': 0.0, 'auc': 0.6822}
train: {'epoch': 84, 'eta': 249530.9526, 'loss': 0.1361, 'lr': 0.001, 'params': 782103, 'time_iter': 15.9404, 'accuracy': 0.9653, 'precision': 0.7027, 'recall': 0.1266, 'f1': 0.2146, 'auc': 0.7307}
val: {'epoch': 85, 'loss': 0.1315, 'lr': 0.001, 'params': 782103, 'time_iter': 2.9188, 'accuracy': 0.9815, 'precision': 1.0, 'recall': 0.0617, 'f1': 0.1163, 'auc': 0.7068}
train: {'epoch': 85, 'eta': 232900.0859, 'loss': 0.1369, 'lr': 0.001, 'params': 782103, 'time_iter': 16.1936, 'accuracy': 0.9646, 'precision': 0.6684, 'recall': 0.1063, 'f1': 0.1835, 'auc': 0.7358}
val: {'epoch': 86, 'loss': 0.1304, 'lr': 0.001, 'params': 782103, 'time_iter': 2.5443, 'accuracy': 0.9808, 'precision': 1.0, 'recall': 0.0247, 'f1': 0.0482, 'auc': 0.705}
train: {'epoch': 86, 'eta': 216248.501, 'loss': 0.1366, 'lr': 0.001, 'params': 782103, 'time_iter': 16.0637, 'accuracy': 0.9651, 'precision': 0.7014, 'recall': 0.1201, 'f1': 0.2051, 'auc': 0.7352}
val: {'epoch': 87, 'loss': 0.1298, 'lr': 0.001, 'params': 782103, 'time_iter': 2.8283, 'accuracy': 0.9801, 'precision': 0.0, 'recall': 0.0, 'f1': 0.0, 'auc': 0.7444}
train: {'epoch': 87, 'eta': 199649.577, 'loss': 0.1369, 'lr': 0.001, 'params': 782103, 'time_iter': 16.4192, 'accuracy': 0.9645, 'precision': 0.6583, 'recall': 0.1063, 'f1': 0.1831, 'auc': 0.7315}
val: {'epoch': 88, 'loss': 0.1409, 'lr': 0.001, 'params': 782103, 'time_iter': 2.7163, 'accuracy': 0.9803, 'precision': 0.0, 'recall': 0.0, 'f1': 0.0, 'auc': 0.7204}
train: {'epoch': 88, 'eta': 183066.076, 'loss': 0.1385, 'lr': 0.001, 'params': 782103, 'time_iter': 16.5929, 'accuracy': 0.9638, 'precision': 0.6389, 'recall': 0.0747, 'f1': 0.1337, 'auc': 0.7311}
val: {'epoch': 89, 'loss': 0.1304, 'lr': 0.001, 'params': 782103, 'time_iter': 2.7786, 'accuracy': 0.9808, 'precision': 1.0, 'recall': 0.0247, 'f1': 0.0482, 'auc': 0.6868}
train: {'epoch': 89, 'eta': 166434.6152, 'loss': 0.138, 'lr': 0.001, 'params': 782103, 'time_iter': 16.2688, 'accuracy': 0.964, 'precision': 0.6416, 'recall': 0.0901, 'f1': 0.158, 'auc': 0.7378}
val: {'epoch': 90, 'loss': 0.128, 'lr': 0.001, 'params': 782103, 'time_iter': 2.5479, 'accuracy': 0.9808, 'precision': 0.75, 'recall': 0.037, 'f1': 0.0706, 'auc': 0.743}
train: {'epoch': 90, 'eta': 149786.5854, 'loss': 0.1375, 'lr': 0.001, 'params': 782103, 'time_iter': 16.1295, 'accuracy': 0.9645, 'precision': 0.6886, 'recall': 0.0933, 'f1': 0.1644, 'auc': 0.7392}
val: {'epoch': 91, 'loss': 0.1223, 'lr': 0.001, 'params': 782103, 'time_iter': 2.7427, 'accuracy': 0.9808, 'precision': 1.0, 'recall': 0.0247, 'f1': 0.0482, 'auc': 0.7222}
train: {'epoch': 91, 'eta': 133171.0962, 'loss': 0.1376, 'lr': 0.001, 'params': 782103, 'time_iter': 16.4809, 'accuracy': 0.964, 'precision': 0.6348, 'recall': 0.0917, 'f1': 0.1603, 'auc': 0.7391}
val: {'epoch': 92, 'loss': 0.1368, 'lr': 0.001, 'params': 782103, 'time_iter': 2.7237, 'accuracy': 0.9801, 'precision': 0.0, 'recall': 0.0, 'f1': 0.0, 'auc': 0.7158}
train: {'epoch': 92, 'eta': 116530.0228, 'loss': 0.1366, 'lr': 0.001, 'params': 782103, 'time_iter': 16.2459, 'accuracy': 0.9644, 'precision': 0.6786, 'recall': 0.0925, 'f1': 0.1629, 'auc': 0.7423}
val: {'epoch': 93, 'loss': 0.1282, 'lr': 0.001, 'params': 782103, 'time_iter': 2.7896, 'accuracy': 0.9803, 'precision': 0.0, 'recall': 0.0, 'f1': 0.0, 'auc': 0.7263}
train: {'epoch': 93, 'eta': 99883.4003, 'loss': 0.1373, 'lr': 0.001, 'params': 782103, 'time_iter': 16.186, 'accuracy': 0.9644, 'precision': 0.6685, 'recall': 0.0966, 'f1': 0.1688, 'auc': 0.7358}
val: {'epoch': 94, 'loss': 0.1316, 'lr': 0.001, 'params': 782103, 'time_iter': 2.704, 'accuracy': 0.9803, 'precision': 0.0, 'recall': 0.0, 'f1': 0.0, 'auc': 0.6751}
train: {'epoch': 94, 'eta': 83242.1584, 'loss': 0.1373, 'lr': 0.001, 'params': 782103, 'time_iter': 16.2887, 'accuracy': 0.9639, 'precision': 0.6294, 'recall': 0.0869, 'f1': 0.1526, 'auc': 0.7353}
val: {'epoch': 95, 'loss': 0.1302, 'lr': 0.001, 'params': 782103, 'time_iter': 2.8005, 'accuracy': 0.9803, 'precision': 0.5, 'recall': 0.0123, 'f1': 0.0241, 'auc': 0.6845}
train: {'epoch': 95, 'eta': 66596.8578, 'loss': 0.1374, 'lr': 0.001, 'params': 782103, 'time_iter': 16.2523, 'accuracy': 0.964, 'precision': 0.6556, 'recall': 0.0804, 'f1': 0.1432, 'auc': 0.7327}
val: {'epoch': 96, 'loss': 0.1375, 'lr': 0.001, 'params': 782103, 'time_iter': 2.5604, 'accuracy': 0.9803, 'precision': 0.0, 'recall': 0.0, 'f1': 0.0, 'auc': 0.6775}
train: {'epoch': 96, 'eta': 49946.1679, 'loss': 0.1379, 'lr': 0.001, 'params': 782103, 'time_iter': 16.1336, 'accuracy': 0.9633, 'precision': 0.5828, 'recall': 0.0714, 'f1': 0.1273, 'auc': 0.7342}
val: {'epoch': 97, 'loss': 0.1299, 'lr': 0.001, 'params': 782103, 'time_iter': 2.679, 'accuracy': 0.9808, 'precision': 1.0, 'recall': 0.0247, 'f1': 0.0482, 'auc': 0.6976}
train: {'epoch': 97, 'eta': 33287.4507, 'loss': 0.1373, 'lr': 0.001, 'params': 782103, 'time_iter': 15.7036, 'accuracy': 0.9642, 'precision': 0.641, 'recall': 0.1015, 'f1': 0.1752, 'auc': 0.7407}
val: {'epoch': 98, 'loss': 0.1294, 'lr': 0.001, 'params': 782103, 'time_iter': 2.4882, 'accuracy': 0.9803, 'precision': 0.0, 'recall': 0.0, 'f1': 0.0, 'auc': 0.673}
train: {'epoch': 98, 'eta': 16643.7832, 'loss': 0.1376, 'lr': 0.001, 'params': 782103, 'time_iter': 16.1802, 'accuracy': 0.964, 'precision': 0.65, 'recall': 0.0844, 'f1': 0.1494, 'auc': 0.7418}
val: {'epoch': 99, 'loss': 0.1403, 'lr': 0.001, 'params': 782103, 'time_iter': 2.8701, 'accuracy': 0.9808, 'precision': 1.0, 'recall': 0.0247, 'f1': 0.0482, 'auc': 0.65}
train: {'epoch': 99, 'eta': 0.0, 'loss': 0.136, 'lr': 0.001, 'params': 782103, 'time_iter': 16.6814, 'accuracy': 0.9645, 'precision': 0.7019, 'recall': 0.0917, 'f1': 0.1622, 'auc': 0.749}
test: {'epoch': 99, 'loss': 0.2113, 'lr': 0.001, 'params': 782103, 'time_iter': 2.3884, 'accuracy': 0.9686, 'precision': 1.0, 'recall': 0.0077, 'f1': 0.0153, 'auc': 0.6782}
test: {'epoch': 18, 'loss': 0.1523, 'lr': 0.001, 'params': 782103, 'time_iter': 2.8421, 'accuracy': 0.9681, 'precision': 0.4, 'recall': 0.0154, 'f1': 0.0296, 'auc': 0.6754}
Results aggregated across runs saved in results_experiments/ogbg_molhiv_baseline_grid_design/ogbg_molhiv_baseline-type=dilated_gnn-layer_type=egatconv-layers_k1=2-layers_k2=2-dilated_path_join=none-learn_alpha_residual_connection=False/agg
