GraphGymModule(
  (model): DilatedGNNModel(
    (encoder): FeatureEncoder(
      (node_encoder): AtomEncoder(
        (atom_embedding_list): ModuleList(
          (0): Embedding(119, 300)
          (1): Embedding(4, 300)
          (2): Embedding(12, 300)
          (3): Embedding(12, 300)
          (4): Embedding(10, 300)
          (5): Embedding(6, 300)
          (6): Embedding(6, 300)
          (7): Embedding(2, 300)
          (8): Embedding(2, 300)
        )
      )
      (edge_encoder): BondEncoder(
        (bond_embedding_list): ModuleList(
          (0): Embedding(5, 300)
          (1): Embedding(6, 300)
          (2): Embedding(2, 300)
        )
      )
    )
    (mp): GNNDilatedStage(
      (classic_layers): ModuleList(
        (0): GeneralLayer(
          (layer): EGATConv(
            (model): GATConv(300, 300, heads=1)
          )
          (post_layer): Sequential(
            (0): BatchNorm1d(300, eps=1e-05, momentum=0.1, affine=True, track_running_stats=True)
            (1): Dropout(p=0.5, inplace=False)
            (2): ReLU()
          )
        )
        (1): GeneralLayer(
          (layer): EGATConv(
            (model): GATConv(300, 300, heads=1)
          )
          (post_layer): Sequential(
            (0): BatchNorm1d(300, eps=1e-05, momentum=0.1, affine=True, track_running_stats=True)
            (1): Dropout(p=0.5, inplace=False)
            (2): ReLU()
          )
        )
        (2): GeneralLayer(
          (layer): EGATConv(
            (model): GATConv(300, 300, heads=1)
          )
          (post_layer): Sequential(
            (0): BatchNorm1d(300, eps=1e-05, momentum=0.1, affine=True, track_running_stats=True)
            (1): Dropout(p=0.5, inplace=False)
            (2): ReLU()
          )
        )
      )
      (dilated_layers): ModuleList(
        (0): DilatedGeneralLayer(
          (layer): EGATConv(
            (model): GATConv(300, 300, heads=1)
          )
          (post_layer): Sequential(
            (0): BatchNorm1d(300, eps=1e-05, momentum=0.1, affine=True, track_running_stats=True)
            (1): Dropout(p=0.5, inplace=False)
            (2): ReLU()
          )
          (gem): GeM(p=3.0000, eps=1e-06)
        )
        (1): DilatedGeneralLayer(
          (layer): EGATConv(
            (model): GATConv(300, 300, heads=1)
          )
          (post_layer): Sequential(
            (0): BatchNorm1d(300, eps=1e-05, momentum=0.1, affine=True, track_running_stats=True)
            (1): Dropout(p=0.5, inplace=False)
            (2): ReLU()
          )
          (gem): GeM(p=3.0000, eps=1e-06)
        )
        (2): DilatedGeneralLayer(
          (layer): EGATConv(
            (model): GATConv(300, 300, heads=1)
          )
          (post_layer): Sequential(
            (0): BatchNorm1d(300, eps=1e-05, momentum=0.1, affine=True, track_running_stats=True)
            (1): Dropout(p=0.5, inplace=False)
            (2): ReLU()
          )
          (gem): GeM(p=3.0000, eps=1e-06)
        )
      )
      (act): ReLU()
    )
    (post_mp): GNNGraphHead(
      (layer_post_mp): MLP(
        (model): Sequential(
          (0): Linear(
            (model): Linear(300, 1, bias=True)
          )
        )
      )
    )
  )
)
accelerator: cuda
benchmark: False
bn:
  eps: 1e-05
  mom: 0.1
cfg_dest: config.yaml
custom_metrics: []
dataset:
  cache_load: False
  cache_save: False
  dir: ./datasets
  edge_dim: 300
  edge_encoder: True
  edge_encoder_bn: False
  edge_encoder_name: Bond
  edge_message_ratio: 0.8
  edge_negative_sampling_ratio: 1.0
  edge_train_mode: all
  encoder: True
  encoder_bn: True
  encoder_dim: 128
  encoder_name: db
  fast_loader: False
  format: OGB
  label_column: none
  label_table: none
  location: local
  name: ogbg-molhiv
  node_encoder: True
  node_encoder_bn: False
  node_encoder_name: Atom
  remove_feature: False
  resample_disjoint: False
  resample_negative: False
  shuffle_split: True
  split: [0.8, 0.1, 0.1]
  split_mode: random
  task: graph
  task_type: classification
  to_undirected: False
  transductive: False
  transform: none
  tu_simple: True
devices: 1
gnn:
  act: relu
  act_on_last_layer_mp: False
  agg: none
  att_final_linear: False
  att_final_linear_bn: False
  att_heads: 1
  batchnorm: True
  clear_feature: True
  dilated_path_join: add
  dim_inner: 300
  dropout: 0.5
  head: graph
  keep_edge: 0.5
  l2norm: True
  layer_type: egatconv
  layers_k1: 3
  layers_k2: 3
  layers_mp: 5
  layers_post_mp: 1
  layers_pre_mp: 0
  learn_alpha_residual_connection: False
  msg_direction: single
  normalize_adj: False
  self_msg: concat
  skip_every: 1
  stage_type: stack
  use_edge_features: True
gpu_mem: False
mem:
  inplace: False
metric_agg: argmax
metric_best: auc
model:
  edge_decoding: dot
  graph_pooling: mean
  loss_fun: cross_entropy
  match_upper: True
  size_average: mean
  thresh: 0.5
  type: dilated_gnn
num_threads: 6
num_workers: 16
optim:
  base_lr: 0.001
  lr_decay: 0.1
  max_epoch: 100
  momentum: 0.9
  optimizer: adam
  scheduler: none
  steps: [30, 60, 90]
  weight_decay: 0.0
out_dir: results_experiments/ogbg_molhiv_baseline_grid_design/ogbg_molhiv_baseline-type=dilated_gnn-layer_type=egatconv-layers_k1=3-layers_k2=3-dilated_path_join=add-learn_alpha_residual_connection=False
params: 1145104
print: both
round: 4
run_dir: results_experiments/ogbg_molhiv_baseline_grid_design/ogbg_molhiv_baseline-type=dilated_gnn-layer_type=egatconv-layers_k1=3-layers_k2=3-dilated_path_join=add-learn_alpha_residual_connection=False/8
seed: 9
share:
  dim_in: 9
  dim_out: 2
  num_splits: 3
tensorboard_agg: True
tensorboard_each_run: False
train:
  auto_resume: False
  batch_size: 32
  ckpt_clean: True
  ckpt_period: 100
  enable_ckpt: True
  epoch_resume: -1
  eval_period: 1
  iter_per_epoch: 32
  neighbor_sizes: [20, 15, 10, 5]
  node_per_graph: 32
  radius: extend
  sample_node: False
  sampler: full_batch
  skip_train_eval: False
  walk_length: 4
val:
  node_per_graph: 32
  radius: extend
  sample_node: False
  sampler: full_batch
view_emb: False
Num parameters: 1145104
val: {'epoch': 0, 'loss': 0.6728, 'lr': 0.001, 'params': 1145104, 'time_iter': 0.9723, 'accuracy': 0.9844, 'precision': 0.0, 'recall': 0.0, 'f1': 0.0, 'auc': 0.0635}
val: {'epoch': 0, 'loss': 0.0953, 'lr': 0.001, 'params': 1145104, 'time_iter': 2.8764, 'accuracy': 0.9803, 'precision': 0.0, 'recall': 0.0, 'f1': 0.0, 'auc': 0.663}
train: {'epoch': 0, 'eta': 2068711.6294, 'loss': 0.1777, 'lr': 0.001, 'params': 1145104, 'time_iter': 20.3072, 'accuracy': 0.9618, 'precision': 0.069, 'recall': 0.0016, 'f1': 0.0032, 'auc': 0.5927}
val: {'epoch': 1, 'loss': 0.0957, 'lr': 0.001, 'params': 1145104, 'time_iter': 2.8154, 'accuracy': 0.9803, 'precision': 0.0, 'recall': 0.0, 'f1': 0.0, 'auc': 0.738}
train: {'epoch': 1, 'eta': 2020827.2387, 'loss': 0.1484, 'lr': 0.001, 'params': 1145104, 'time_iter': 19.7719, 'accuracy': 0.9626, 'precision': 0.0, 'recall': 0.0, 'f1': 0.0, 'auc': 0.6832}
val: {'epoch': 2, 'loss': 0.1009, 'lr': 0.001, 'params': 1145104, 'time_iter': 3.0528, 'accuracy': 0.9803, 'precision': 0.0, 'recall': 0.0, 'f1': 0.0, 'auc': 0.6947}
train: {'epoch': 2, 'eta': 2000915.8445, 'loss': 0.1448, 'lr': 0.001, 'params': 1145104, 'time_iter': 20.0609, 'accuracy': 0.9625, 'precision': 0.0, 'recall': 0.0, 'f1': 0.0, 'auc': 0.7008}
val: {'epoch': 3, 'loss': 0.0995, 'lr': 0.001, 'params': 1145104, 'time_iter': 2.9693, 'accuracy': 0.9805, 'precision': 0.6667, 'recall': 0.0247, 'f1': 0.0476, 'auc': 0.6296}
train: {'epoch': 3, 'eta': 1980000.3956, 'loss': 0.1447, 'lr': 0.001, 'params': 1145104, 'time_iter': 20.035, 'accuracy': 0.9626, 'precision': 0.5, 'recall': 0.0016, 'f1': 0.0032, 'auc': 0.6998}
val: {'epoch': 4, 'loss': 0.1063, 'lr': 0.001, 'params': 1145104, 'time_iter': 2.9767, 'accuracy': 0.9803, 'precision': 0.0, 'recall': 0.0, 'f1': 0.0, 'auc': 0.6452}
train: {'epoch': 4, 'eta': 1973400.3579, 'loss': 0.1486, 'lr': 0.001, 'params': 1145104, 'time_iter': 20.7611, 'accuracy': 0.9625, 'precision': 0.2, 'recall': 0.0008, 'f1': 0.0016, 'auc': 0.6811}
val: {'epoch': 5, 'loss': 0.1003, 'lr': 0.001, 'params': 1145104, 'time_iter': 3.0439, 'accuracy': 0.9803, 'precision': 0.0, 'recall': 0.0, 'f1': 0.0, 'auc': 0.6606}
train: {'epoch': 5, 'eta': 1957496.6288, 'loss': 0.1482, 'lr': 0.001, 'params': 1145104, 'time_iter': 20.4892, 'accuracy': 0.9626, 'precision': 0.5, 'recall': 0.0008, 'f1': 0.0016, 'auc': 0.681}
val: {'epoch': 6, 'loss': 0.1029, 'lr': 0.001, 'params': 1145104, 'time_iter': 2.9896, 'accuracy': 0.9803, 'precision': 0.0, 'recall': 0.0, 'f1': 0.0, 'auc': 0.615}
train: {'epoch': 6, 'eta': 1939418.4032, 'loss': 0.1501, 'lr': 0.001, 'params': 1145104, 'time_iter': 20.4384, 'accuracy': 0.9626, 'precision': 0.6667, 'recall': 0.0016, 'f1': 0.0032, 'auc': 0.6678}
val: {'epoch': 7, 'loss': 0.0979, 'lr': 0.001, 'params': 1145104, 'time_iter': 2.9652, 'accuracy': 0.9813, 'precision': 0.8333, 'recall': 0.0617, 'f1': 0.1149, 'auc': 0.6677}
train: {'epoch': 7, 'eta': 1923280.0696, 'loss': 0.1471, 'lr': 0.001, 'params': 1145104, 'time_iter': 20.6647, 'accuracy': 0.963, 'precision': 0.7586, 'recall': 0.0179, 'f1': 0.0349, 'auc': 0.6807}
val: {'epoch': 8, 'loss': 0.101, 'lr': 0.001, 'params': 1145104, 'time_iter': 3.0011, 'accuracy': 0.9803, 'precision': 0.0, 'recall': 0.0, 'f1': 0.0, 'auc': 0.7106}
train: {'epoch': 8, 'eta': 1908885.2953, 'loss': 0.1451, 'lr': 0.001, 'params': 1145104, 'time_iter': 20.9418, 'accuracy': 0.9627, 'precision': 0.7143, 'recall': 0.0081, 'f1': 0.0161, 'auc': 0.6941}
val: {'epoch': 9, 'loss': 0.103, 'lr': 0.001, 'params': 1145104, 'time_iter': 2.9842, 'accuracy': 0.9813, 'precision': 0.8333, 'recall': 0.0617, 'f1': 0.1149, 'auc': 0.6657}
train: {'epoch': 9, 'eta': 1889109.0483, 'loss': 0.1443, 'lr': 0.001, 'params': 1145104, 'time_iter': 20.5152, 'accuracy': 0.9628, 'precision': 0.5957, 'recall': 0.0227, 'f1': 0.0438, 'auc': 0.7106}
val: {'epoch': 10, 'loss': 0.1053, 'lr': 0.001, 'params': 1145104, 'time_iter': 2.8086, 'accuracy': 0.9805, 'precision': 0.5714, 'recall': 0.0494, 'f1': 0.0909, 'auc': 0.6477}
train: {'epoch': 10, 'eta': 1870650.2312, 'loss': 0.1457, 'lr': 0.001, 'params': 1145104, 'time_iter': 20.7026, 'accuracy': 0.9627, 'precision': 0.5938, 'recall': 0.0154, 'f1': 0.0301, 'auc': 0.696}
val: {'epoch': 11, 'loss': 0.1107, 'lr': 0.001, 'params': 1145104, 'time_iter': 3.1169, 'accuracy': 0.9815, 'precision': 0.7778, 'recall': 0.0864, 'f1': 0.1556, 'auc': 0.6402}
train: {'epoch': 11, 'eta': 1852058.5412, 'loss': 0.1437, 'lr': 0.001, 'params': 1145104, 'time_iter': 20.7478, 'accuracy': 0.9633, 'precision': 0.6885, 'recall': 0.0341, 'f1': 0.065, 'auc': 0.7044}
val: {'epoch': 12, 'loss': 0.1066, 'lr': 0.001, 'params': 1145104, 'time_iter': 2.9247, 'accuracy': 0.9808, 'precision': 1.0, 'recall': 0.0247, 'f1': 0.0482, 'auc': 0.6927}
train: {'epoch': 12, 'eta': 1835997.062, 'loss': 0.1429, 'lr': 0.001, 'params': 1145104, 'time_iter': 21.1768, 'accuracy': 0.9633, 'precision': 0.7451, 'recall': 0.0308, 'f1': 0.0592, 'auc': 0.7087}
val: {'epoch': 13, 'loss': 0.1035, 'lr': 0.001, 'params': 1145104, 'time_iter': 3.0785, 'accuracy': 0.9805, 'precision': 1.0, 'recall': 0.0123, 'f1': 0.0244, 'auc': 0.688}
train: {'epoch': 13, 'eta': 1817616.4979, 'loss': 0.1442, 'lr': 0.001, 'params': 1145104, 'time_iter': 20.9394, 'accuracy': 0.9633, 'precision': 0.7273, 'recall': 0.0325, 'f1': 0.0622, 'auc': 0.698}
val: {'epoch': 14, 'loss': 0.1085, 'lr': 0.001, 'params': 1145104, 'time_iter': 2.9208, 'accuracy': 0.9803, 'precision': 0.0, 'recall': 0.0, 'f1': 0.0, 'auc': 0.6625}
train: {'epoch': 14, 'eta': 1799161.8078, 'loss': 0.1446, 'lr': 0.001, 'params': 1145104, 'time_iter': 20.9991, 'accuracy': 0.9631, 'precision': 0.6269, 'recall': 0.0341, 'f1': 0.0647, 'auc': 0.7028}
val: {'epoch': 15, 'loss': 0.1112, 'lr': 0.001, 'params': 1145104, 'time_iter': 2.967, 'accuracy': 0.9808, 'precision': 1.0, 'recall': 0.0247, 'f1': 0.0482, 'auc': 0.5484}
train: {'epoch': 15, 'eta': 1776469.3641, 'loss': 0.1446, 'lr': 0.001, 'params': 1145104, 'time_iter': 20.2876, 'accuracy': 0.9628, 'precision': 0.5645, 'recall': 0.0284, 'f1': 0.0541, 'auc': 0.6951}
val: {'epoch': 16, 'loss': 0.1127, 'lr': 0.001, 'params': 1145104, 'time_iter': 3.0177, 'accuracy': 0.9803, 'precision': 0.0, 'recall': 0.0, 'f1': 0.0, 'auc': 0.7085}
train: {'epoch': 16, 'eta': 1754606.2713, 'loss': 0.1467, 'lr': 0.001, 'params': 1145104, 'time_iter': 20.4102, 'accuracy': 0.9629, 'precision': 0.7037, 'recall': 0.0154, 'f1': 0.0302, 'auc': 0.6868}
val: {'epoch': 17, 'loss': 0.1063, 'lr': 0.001, 'params': 1145104, 'time_iter': 2.8929, 'accuracy': 0.9803, 'precision': 0.0, 'recall': 0.0, 'f1': 0.0, 'auc': 0.6837}
train: {'epoch': 17, 'eta': 1729334.0703, 'loss': 0.1455, 'lr': 0.001, 'params': 1145104, 'time_iter': 19.6625, 'accuracy': 0.9628, 'precision': 0.6129, 'recall': 0.0154, 'f1': 0.0301, 'auc': 0.6944}
val: {'epoch': 18, 'loss': 0.1091, 'lr': 0.001, 'params': 1145104, 'time_iter': 3.1305, 'accuracy': 0.9805, 'precision': 1.0, 'recall': 0.0123, 'f1': 0.0244, 'auc': 0.706}
train: {'epoch': 18, 'eta': 1705219.0267, 'loss': 0.1445, 'lr': 0.001, 'params': 1145104, 'time_iter': 19.8054, 'accuracy': 0.9631, 'precision': 0.6607, 'recall': 0.03, 'f1': 0.0575, 'auc': 0.6945}
val: {'epoch': 19, 'loss': 0.1114, 'lr': 0.001, 'params': 1145104, 'time_iter': 3.2143, 'accuracy': 0.9803, 'precision': 0.0, 'recall': 0.0, 'f1': 0.0, 'auc': 0.7474}
train: {'epoch': 19, 'eta': 1682054.4874, 'loss': 0.1436, 'lr': 0.001, 'params': 1145104, 'time_iter': 19.9456, 'accuracy': 0.963, 'precision': 0.6212, 'recall': 0.0333, 'f1': 0.0632, 'auc': 0.7058}
val: {'epoch': 20, 'loss': 0.1056, 'lr': 0.001, 'params': 1145104, 'time_iter': 2.8807, 'accuracy': 0.9803, 'precision': 0.0, 'recall': 0.0, 'f1': 0.0, 'auc': 0.6885}
train: {'epoch': 20, 'eta': 1660704.8992, 'loss': 0.1465, 'lr': 0.001, 'params': 1145104, 'time_iter': 20.3494, 'accuracy': 0.9632, 'precision': 0.6964, 'recall': 0.0317, 'f1': 0.0606, 'auc': 0.6709}
val: {'epoch': 21, 'loss': 0.1133, 'lr': 0.001, 'params': 1145104, 'time_iter': 3.0327, 'accuracy': 0.9803, 'precision': 0.0, 'recall': 0.0, 'f1': 0.0, 'auc': 0.5784}
train: {'epoch': 21, 'eta': 1638824.5834, 'loss': 0.1436, 'lr': 0.001, 'params': 1145104, 'time_iter': 20.1938, 'accuracy': 0.9637, 'precision': 0.7065, 'recall': 0.0528, 'f1': 0.0982, 'auc': 0.6974}
val: {'epoch': 22, 'loss': 0.1096, 'lr': 0.001, 'params': 1145104, 'time_iter': 3.014, 'accuracy': 0.9803, 'precision': 0.0, 'recall': 0.0, 'f1': 0.0, 'auc': 0.7325}
train: {'epoch': 22, 'eta': 1617239.376, 'loss': 0.1435, 'lr': 0.001, 'params': 1145104, 'time_iter': 20.2516, 'accuracy': 0.9639, 'precision': 0.6903, 'recall': 0.0633, 'f1': 0.116, 'auc': 0.6941}
val: {'epoch': 23, 'loss': 0.1111, 'lr': 0.001, 'params': 1145104, 'time_iter': 2.8956, 'accuracy': 0.9805, 'precision': 1.0, 'recall': 0.0123, 'f1': 0.0244, 'auc': 0.695}
train: {'epoch': 23, 'eta': 1596895.2722, 'loss': 0.142, 'lr': 0.001, 'params': 1145104, 'time_iter': 20.6134, 'accuracy': 0.9641, 'precision': 0.6646, 'recall': 0.0852, 'f1': 0.1511, 'auc': 0.7083}
val: {'epoch': 24, 'loss': 0.1147, 'lr': 0.001, 'params': 1145104, 'time_iter': 3.0134, 'accuracy': 0.9803, 'precision': 0.0, 'recall': 0.0, 'f1': 0.0, 'auc': 0.7048}
train: {'epoch': 24, 'eta': 1573717.6968, 'loss': 0.1423, 'lr': 0.001, 'params': 1145104, 'time_iter': 19.718, 'accuracy': 0.9637, 'precision': 0.6391, 'recall': 0.069, 'f1': 0.1245, 'auc': 0.7119}
val: {'epoch': 25, 'loss': 0.1169, 'lr': 0.001, 'params': 1145104, 'time_iter': 3.1046, 'accuracy': 0.9803, 'precision': 0.0, 'recall': 0.0, 'f1': 0.0, 'auc': 0.6745}
train: {'epoch': 25, 'eta': 1552393.9648, 'loss': 0.1411, 'lr': 0.001, 'params': 1145104, 'time_iter': 20.2752, 'accuracy': 0.9642, 'precision': 0.671, 'recall': 0.0844, 'f1': 0.15, 'auc': 0.7135}
val: {'epoch': 26, 'loss': 0.118, 'lr': 0.001, 'params': 1145104, 'time_iter': 2.9371, 'accuracy': 0.9803, 'precision': 0.0, 'recall': 0.0, 'f1': 0.0, 'auc': 0.7149}
train: {'epoch': 26, 'eta': 1529668.8227, 'loss': 0.1412, 'lr': 0.001, 'params': 1145104, 'time_iter': 19.7592, 'accuracy': 0.9639, 'precision': 0.6744, 'recall': 0.0706, 'f1': 0.1278, 'auc': 0.7174}
val: {'epoch': 27, 'loss': 0.1179, 'lr': 0.001, 'params': 1145104, 'time_iter': 3.4489, 'accuracy': 0.9803, 'precision': 0.0, 'recall': 0.0, 'f1': 0.0, 'auc': 0.6973}
train: {'epoch': 27, 'eta': 1507547.608, 'loss': 0.1397, 'lr': 0.001, 'params': 1145104, 'time_iter': 19.9228, 'accuracy': 0.9643, 'precision': 0.6747, 'recall': 0.0909, 'f1': 0.1602, 'auc': 0.7212}
val: {'epoch': 28, 'loss': 0.1153, 'lr': 0.001, 'params': 1145104, 'time_iter': 2.9971, 'accuracy': 0.9803, 'precision': 0.0, 'recall': 0.0, 'f1': 0.0, 'auc': 0.7137}
train: {'epoch': 28, 'eta': 1485658.9565, 'loss': 0.1404, 'lr': 0.001, 'params': 1145104, 'time_iter': 19.9708, 'accuracy': 0.9643, 'precision': 0.7209, 'recall': 0.0755, 'f1': 0.1367, 'auc': 0.7196}
val: {'epoch': 29, 'loss': 0.1204, 'lr': 0.001, 'params': 1145104, 'time_iter': 2.99, 'accuracy': 0.9803, 'precision': 0.0, 'recall': 0.0, 'f1': 0.0, 'auc': 0.6825}
train: {'epoch': 29, 'eta': 1465018.5388, 'loss': 0.1399, 'lr': 0.001, 'params': 1145104, 'time_iter': 20.4535, 'accuracy': 0.9643, 'precision': 0.6883, 'recall': 0.086, 'f1': 0.153, 'auc': 0.7281}
val: {'epoch': 30, 'loss': 0.118, 'lr': 0.001, 'params': 1145104, 'time_iter': 2.9711, 'accuracy': 0.9803, 'precision': 0.0, 'recall': 0.0, 'f1': 0.0, 'auc': 0.6878}
train: {'epoch': 30, 'eta': 1444783.3358, 'loss': 0.1402, 'lr': 0.001, 'params': 1145104, 'time_iter': 20.6419, 'accuracy': 0.9648, 'precision': 0.7622, 'recall': 0.0885, 'f1': 0.1585, 'auc': 0.7243}
val: {'epoch': 31, 'loss': 0.1146, 'lr': 0.001, 'params': 1145104, 'time_iter': 3.0373, 'accuracy': 0.9805, 'precision': 1.0, 'recall': 0.0123, 'f1': 0.0244, 'auc': 0.6246}
train: {'epoch': 31, 'eta': 1423580.6068, 'loss': 0.1394, 'lr': 0.001, 'params': 1145104, 'time_iter': 20.2281, 'accuracy': 0.9644, 'precision': 0.6974, 'recall': 0.086, 'f1': 0.1532, 'auc': 0.7309}
val: {'epoch': 32, 'loss': 0.1247, 'lr': 0.001, 'params': 1145104, 'time_iter': 2.9883, 'accuracy': 0.9803, 'precision': 0.0, 'recall': 0.0, 'f1': 0.0, 'auc': 0.6421}
train: {'epoch': 32, 'eta': 1402972.4147, 'loss': 0.1392, 'lr': 0.001, 'params': 1145104, 'time_iter': 20.5014, 'accuracy': 0.9648, 'precision': 0.7219, 'recall': 0.099, 'f1': 0.1742, 'auc': 0.7282}
val: {'epoch': 33, 'loss': 0.1223, 'lr': 0.001, 'params': 1145104, 'time_iter': 3.1608, 'accuracy': 0.9803, 'precision': 0.0, 'recall': 0.0, 'f1': 0.0, 'auc': 0.6821}
train: {'epoch': 33, 'eta': 1382392.9196, 'loss': 0.1394, 'lr': 0.001, 'params': 1145104, 'time_iter': 20.5302, 'accuracy': 0.965, 'precision': 0.7356, 'recall': 0.1039, 'f1': 0.1821, 'auc': 0.724}
val: {'epoch': 34, 'loss': 0.1257, 'lr': 0.001, 'params': 1145104, 'time_iter': 2.8723, 'accuracy': 0.9803, 'precision': 0.0, 'recall': 0.0, 'f1': 0.0, 'auc': 0.6814}
train: {'epoch': 34, 'eta': 1362458.0526, 'loss': 0.1376, 'lr': 0.001, 'params': 1145104, 'time_iter': 20.8838, 'accuracy': 0.9652, 'precision': 0.7418, 'recall': 0.1096, 'f1': 0.1909, 'auc': 0.7287}
val: {'epoch': 35, 'loss': 0.1185, 'lr': 0.001, 'params': 1145104, 'time_iter': 2.8591, 'accuracy': 0.9803, 'precision': 0.0, 'recall': 0.0, 'f1': 0.0, 'auc': 0.695}
train: {'epoch': 35, 'eta': 1343235.0676, 'loss': 0.1399, 'lr': 0.001, 'params': 1145104, 'time_iter': 21.3202, 'accuracy': 0.9649, 'precision': 0.7378, 'recall': 0.0982, 'f1': 0.1734, 'auc': 0.7181}
val: {'epoch': 36, 'loss': 0.117, 'lr': 0.001, 'params': 1145104, 'time_iter': 3.6245, 'accuracy': 0.9803, 'precision': 0.0, 'recall': 0.0, 'f1': 0.0, 'auc': 0.7034}
train: {'epoch': 36, 'eta': 1323039.1389, 'loss': 0.1392, 'lr': 0.001, 'params': 1145104, 'time_iter': 20.8486, 'accuracy': 0.9648, 'precision': 0.7033, 'recall': 0.1039, 'f1': 0.181, 'auc': 0.7223}
val: {'epoch': 37, 'loss': 0.1248, 'lr': 0.001, 'params': 1145104, 'time_iter': 3.0424, 'accuracy': 0.9803, 'precision': 0.0, 'recall': 0.0, 'f1': 0.0, 'auc': 0.6103}
train: {'epoch': 37, 'eta': 1302324.5935, 'loss': 0.1403, 'lr': 0.001, 'params': 1145104, 'time_iter': 20.5792, 'accuracy': 0.9645, 'precision': 0.6946, 'recall': 0.0942, 'f1': 0.1658, 'auc': 0.7153}
val: {'epoch': 38, 'loss': 0.1186, 'lr': 0.001, 'params': 1145104, 'time_iter': 2.9502, 'accuracy': 0.9803, 'precision': 0.0, 'recall': 0.0, 'f1': 0.0, 'auc': 0.6566}
train: {'epoch': 38, 'eta': 1281362.7382, 'loss': 0.1389, 'lr': 0.001, 'params': 1145104, 'time_iter': 20.4402, 'accuracy': 0.965, 'precision': 0.7232, 'recall': 0.1039, 'f1': 0.1817, 'auc': 0.7215}
val: {'epoch': 39, 'loss': 0.115, 'lr': 0.001, 'params': 1145104, 'time_iter': 2.9245, 'accuracy': 0.9803, 'precision': 0.0, 'recall': 0.0, 'f1': 0.0, 'auc': 0.6494}
train: {'epoch': 39, 'eta': 1260084.928, 'loss': 0.1388, 'lr': 0.001, 'params': 1145104, 'time_iter': 20.2378, 'accuracy': 0.9648, 'precision': 0.7202, 'recall': 0.0982, 'f1': 0.1729, 'auc': 0.7198}
val: {'epoch': 40, 'loss': 0.1183, 'lr': 0.001, 'params': 1145104, 'time_iter': 2.9025, 'accuracy': 0.9803, 'precision': 0.0, 'recall': 0.0, 'f1': 0.0, 'auc': 0.6265}
train: {'epoch': 40, 'eta': 1238871.4625, 'loss': 0.1389, 'lr': 0.001, 'params': 1145104, 'time_iter': 20.2663, 'accuracy': 0.9646, 'precision': 0.6851, 'recall': 0.1006, 'f1': 0.1755, 'auc': 0.7206}
val: {'epoch': 41, 'loss': 0.116, 'lr': 0.001, 'params': 1145104, 'time_iter': 2.9537, 'accuracy': 0.9803, 'precision': 0.0, 'recall': 0.0, 'f1': 0.0, 'auc': 0.6992}
train: {'epoch': 41, 'eta': 1217616.3773, 'loss': 0.1369, 'lr': 0.001, 'params': 1145104, 'time_iter': 20.225, 'accuracy': 0.9648, 'precision': 0.6812, 'recall': 0.1144, 'f1': 0.196, 'auc': 0.7375}
val: {'epoch': 42, 'loss': 0.117, 'lr': 0.001, 'params': 1145104, 'time_iter': 2.9287, 'accuracy': 0.9803, 'precision': 0.0, 'recall': 0.0, 'f1': 0.0, 'auc': 0.6899}
train: {'epoch': 42, 'eta': 1196840.1358, 'loss': 0.1372, 'lr': 0.001, 'params': 1145104, 'time_iter': 20.5609, 'accuracy': 0.9647, 'precision': 0.6716, 'recall': 0.1096, 'f1': 0.1884, 'auc': 0.7367}
val: {'epoch': 43, 'loss': 0.1249, 'lr': 0.001, 'params': 1145104, 'time_iter': 2.945, 'accuracy': 0.9803, 'precision': 0.0, 'recall': 0.0, 'f1': 0.0, 'auc': 0.6964}
train: {'epoch': 43, 'eta': 1176169.4623, 'loss': 0.1374, 'lr': 0.001, 'params': 1145104, 'time_iter': 20.6548, 'accuracy': 0.9647, 'precision': 0.6983, 'recall': 0.1015, 'f1': 0.1772, 'auc': 0.7354}
val: {'epoch': 44, 'loss': 0.1351, 'lr': 0.001, 'params': 1145104, 'time_iter': 3.0807, 'accuracy': 0.9803, 'precision': 0.0, 'recall': 0.0, 'f1': 0.0, 'auc': 0.6561}
train: {'epoch': 44, 'eta': 1154901.7813, 'loss': 0.1377, 'lr': 0.001, 'params': 1145104, 'time_iter': 20.2007, 'accuracy': 0.9647, 'precision': 0.6821, 'recall': 0.108, 'f1': 0.1864, 'auc': 0.7347}
val: {'epoch': 45, 'loss': 0.1219, 'lr': 0.001, 'params': 1145104, 'time_iter': 3.0348, 'accuracy': 0.9803, 'precision': 0.0, 'recall': 0.0, 'f1': 0.0, 'auc': 0.7179}
train: {'epoch': 45, 'eta': 1133611.0457, 'loss': 0.1405, 'lr': 0.001, 'params': 1145104, 'time_iter': 20.1643, 'accuracy': 0.9649, 'precision': 0.7235, 'recall': 0.0998, 'f1': 0.1755, 'auc': 0.7086}
val: {'epoch': 46, 'loss': 0.1197, 'lr': 0.001, 'params': 1145104, 'time_iter': 3.0018, 'accuracy': 0.9803, 'precision': 0.0, 'recall': 0.0, 'f1': 0.0, 'auc': 0.694}
train: {'epoch': 46, 'eta': 1113826.2933, 'loss': 0.1385, 'lr': 0.001, 'params': 1145104, 'time_iter': 21.4423, 'accuracy': 0.9646, 'precision': 0.6774, 'recall': 0.1023, 'f1': 0.1777, 'auc': 0.7216}
val: {'epoch': 47, 'loss': 0.1166, 'lr': 0.001, 'params': 1145104, 'time_iter': 3.0048, 'accuracy': 0.9803, 'precision': 0.0, 'recall': 0.0, 'f1': 0.0, 'auc': 0.7143}
train: {'epoch': 47, 'eta': 1093443.943, 'loss': 0.1395, 'lr': 0.001, 'params': 1145104, 'time_iter': 20.9914, 'accuracy': 0.9648, 'precision': 0.7168, 'recall': 0.1006, 'f1': 0.1765, 'auc': 0.7128}
val: {'epoch': 48, 'loss': 0.1215, 'lr': 0.001, 'params': 1145104, 'time_iter': 2.9513, 'accuracy': 0.9803, 'precision': 0.0, 'recall': 0.0, 'f1': 0.0, 'auc': 0.7167}
train: {'epoch': 48, 'eta': 1073167.6397, 'loss': 0.1387, 'lr': 0.001, 'params': 1145104, 'time_iter': 21.1368, 'accuracy': 0.9648, 'precision': 0.7193, 'recall': 0.0998, 'f1': 0.1753, 'auc': 0.7269}
val: {'epoch': 49, 'loss': 0.1158, 'lr': 0.001, 'params': 1145104, 'time_iter': 2.8784, 'accuracy': 0.9803, 'precision': 0.0, 'recall': 0.0, 'f1': 0.0, 'auc': 0.7041}
train: {'epoch': 49, 'eta': 1052833.9173, 'loss': 0.1388, 'lr': 0.001, 'params': 1145104, 'time_iter': 21.1383, 'accuracy': 0.9644, 'precision': 0.6974, 'recall': 0.086, 'f1': 0.1532, 'auc': 0.728}
val: {'epoch': 50, 'loss': 0.1243, 'lr': 0.001, 'params': 1145104, 'time_iter': 3.1429, 'accuracy': 0.9803, 'precision': 0.0, 'recall': 0.0, 'f1': 0.0, 'auc': 0.6969}
train: {'epoch': 50, 'eta': 1032443.0596, 'loss': 0.1374, 'lr': 0.001, 'params': 1145104, 'time_iter': 21.1367, 'accuracy': 0.9652, 'precision': 0.7366, 'recall': 0.1112, 'f1': 0.1932, 'auc': 0.7339}
val: {'epoch': 51, 'loss': 0.1233, 'lr': 0.001, 'params': 1145104, 'time_iter': 3.4977, 'accuracy': 0.9803, 'precision': 0.0, 'recall': 0.0, 'f1': 0.0, 'auc': 0.6754}
train: {'epoch': 51, 'eta': 1011960.381, 'loss': 0.1377, 'lr': 0.001, 'params': 1145104, 'time_iter': 21.0951, 'accuracy': 0.9651, 'precision': 0.7211, 'recall': 0.1112, 'f1': 0.1927, 'auc': 0.7278}
val: {'epoch': 52, 'loss': 0.1245, 'lr': 0.001, 'params': 1145104, 'time_iter': 2.7809, 'accuracy': 0.9803, 'precision': 0.0, 'recall': 0.0, 'f1': 0.0, 'auc': 0.6997}
train: {'epoch': 52, 'eta': 991291.0441, 'loss': 0.1383, 'lr': 0.001, 'params': 1145104, 'time_iter': 20.9411, 'accuracy': 0.9648, 'precision': 0.6984, 'recall': 0.1071, 'f1': 0.1858, 'auc': 0.7181}
val: {'epoch': 53, 'loss': 0.1248, 'lr': 0.001, 'params': 1145104, 'time_iter': 3.1893, 'accuracy': 0.9803, 'precision': 0.0, 'recall': 0.0, 'f1': 0.0, 'auc': 0.665}
train: {'epoch': 53, 'eta': 970881.6543, 'loss': 0.1379, 'lr': 0.001, 'params': 1145104, 'time_iter': 21.2748, 'accuracy': 0.9649, 'precision': 0.7175, 'recall': 0.1031, 'f1': 0.1803, 'auc': 0.7185}
val: {'epoch': 54, 'loss': 0.1242, 'lr': 0.001, 'params': 1145104, 'time_iter': 3.0647, 'accuracy': 0.9803, 'precision': 0.0, 'recall': 0.0, 'f1': 0.0, 'auc': 0.7136}
train: {'epoch': 54, 'eta': 950355.6488, 'loss': 0.1389, 'lr': 0.001, 'params': 1145104, 'time_iter': 21.2003, 'accuracy': 0.9655, 'precision': 0.7709, 'recall': 0.112, 'f1': 0.1956, 'auc': 0.7135}
val: {'epoch': 55, 'loss': 0.1214, 'lr': 0.001, 'params': 1145104, 'time_iter': 3.0498, 'accuracy': 0.9803, 'precision': 0.0, 'recall': 0.0, 'f1': 0.0, 'auc': 0.6824}
train: {'epoch': 55, 'eta': 929978.9316, 'loss': 0.1384, 'lr': 0.001, 'params': 1145104, 'time_iter': 21.4419, 'accuracy': 0.9647, 'precision': 0.6806, 'recall': 0.1055, 'f1': 0.1827, 'auc': 0.7155}
val: {'epoch': 56, 'loss': 0.1194, 'lr': 0.001, 'params': 1145104, 'time_iter': 3.594, 'accuracy': 0.9803, 'precision': 0.0, 'recall': 0.0, 'f1': 0.0, 'auc': 0.6982}
train: {'epoch': 56, 'eta': 909651.7197, 'loss': 0.1379, 'lr': 0.001, 'params': 1145104, 'time_iter': 21.582, 'accuracy': 0.965, 'precision': 0.6942, 'recall': 0.1161, 'f1': 0.1989, 'auc': 0.7249}
val: {'epoch': 57, 'loss': 0.1201, 'lr': 0.001, 'params': 1145104, 'time_iter': 2.956, 'accuracy': 0.9803, 'precision': 0.0, 'recall': 0.0, 'f1': 0.0, 'auc': 0.7128}
train: {'epoch': 57, 'eta': 888831.403, 'loss': 0.1384, 'lr': 0.001, 'params': 1145104, 'time_iter': 21.0072, 'accuracy': 0.9649, 'precision': 0.7053, 'recall': 0.1088, 'f1': 0.1885, 'auc': 0.7186}
val: {'epoch': 58, 'loss': 0.1253, 'lr': 0.001, 'params': 1145104, 'time_iter': 3.1966, 'accuracy': 0.9803, 'precision': 0.0, 'recall': 0.0, 'f1': 0.0, 'auc': 0.7148}
train: {'epoch': 58, 'eta': 868198.0473, 'loss': 0.1373, 'lr': 0.001, 'params': 1145104, 'time_iter': 21.3064, 'accuracy': 0.9651, 'precision': 0.7073, 'recall': 0.1177, 'f1': 0.2018, 'auc': 0.7252}
val: {'epoch': 59, 'loss': 0.1257, 'lr': 0.001, 'params': 1145104, 'time_iter': 3.0439, 'accuracy': 0.9803, 'precision': 0.0, 'recall': 0.0, 'f1': 0.0, 'auc': 0.7169}
train: {'epoch': 59, 'eta': 847295.1455, 'loss': 0.1379, 'lr': 0.001, 'params': 1145104, 'time_iter': 20.9762, 'accuracy': 0.9648, 'precision': 0.6884, 'recall': 0.1112, 'f1': 0.1915, 'auc': 0.7239}
val: {'epoch': 60, 'loss': 0.1248, 'lr': 0.001, 'params': 1145104, 'time_iter': 3.1612, 'accuracy': 0.9803, 'precision': 0.0, 'recall': 0.0, 'f1': 0.0, 'auc': 0.711}
train: {'epoch': 60, 'eta': 826514.7505, 'loss': 0.137, 'lr': 0.001, 'params': 1145104, 'time_iter': 21.1964, 'accuracy': 0.965, 'precision': 0.703, 'recall': 0.1153, 'f1': 0.198, 'auc': 0.7297}
val: {'epoch': 61, 'loss': 0.1276, 'lr': 0.001, 'params': 1145104, 'time_iter': 3.0193, 'accuracy': 0.9803, 'precision': 0.0, 'recall': 0.0, 'f1': 0.0, 'auc': 0.6969}
train: {'epoch': 61, 'eta': 805641.7736, 'loss': 0.1366, 'lr': 0.001, 'params': 1145104, 'time_iter': 21.1023, 'accuracy': 0.9655, 'precision': 0.7376, 'recall': 0.1209, 'f1': 0.2078, 'auc': 0.7283}
val: {'epoch': 62, 'loss': 0.1319, 'lr': 0.001, 'params': 1145104, 'time_iter': 2.8341, 'accuracy': 0.9803, 'precision': 0.0, 'recall': 0.0, 'f1': 0.0, 'auc': 0.7322}
train: {'epoch': 62, 'eta': 784307.1735, 'loss': 0.1384, 'lr': 0.001, 'params': 1145104, 'time_iter': 20.3827, 'accuracy': 0.9648, 'precision': 0.6714, 'recall': 0.1161, 'f1': 0.1979, 'auc': 0.7204}
val: {'epoch': 63, 'loss': 0.1257, 'lr': 0.001, 'params': 1145104, 'time_iter': 3.1353, 'accuracy': 0.9803, 'precision': 0.0, 'recall': 0.0, 'f1': 0.0, 'auc': 0.6955}
train: {'epoch': 63, 'eta': 762993.4346, 'loss': 0.1376, 'lr': 0.001, 'params': 1145104, 'time_iter': 20.3993, 'accuracy': 0.9653, 'precision': 0.7078, 'recall': 0.1258, 'f1': 0.2136, 'auc': 0.7201}
val: {'epoch': 64, 'loss': 0.1356, 'lr': 0.001, 'params': 1145104, 'time_iter': 2.9716, 'accuracy': 0.9803, 'precision': 0.0, 'recall': 0.0, 'f1': 0.0, 'auc': 0.674}
train: {'epoch': 64, 'eta': 741636.3225, 'loss': 0.1374, 'lr': 0.001, 'params': 1145104, 'time_iter': 20.303, 'accuracy': 0.9653, 'precision': 0.7296, 'recall': 0.1161, 'f1': 0.2003, 'auc': 0.7263}
val: {'epoch': 65, 'loss': 0.1296, 'lr': 0.001, 'params': 1145104, 'time_iter': 2.9253, 'accuracy': 0.9803, 'precision': 0.0, 'recall': 0.0, 'f1': 0.0, 'auc': 0.6929}
train: {'epoch': 65, 'eta': 720374.4016, 'loss': 0.137, 'lr': 0.001, 'params': 1145104, 'time_iter': 20.456, 'accuracy': 0.9649, 'precision': 0.6919, 'recall': 0.1112, 'f1': 0.1916, 'auc': 0.7302}
val: {'epoch': 66, 'loss': 0.1253, 'lr': 0.001, 'params': 1145104, 'time_iter': 3.0872, 'accuracy': 0.9803, 'precision': 0.0, 'recall': 0.0, 'f1': 0.0, 'auc': 0.6968}
train: {'epoch': 66, 'eta': 699211.3849, 'loss': 0.1376, 'lr': 0.001, 'params': 1145104, 'time_iter': 20.6386, 'accuracy': 0.965, 'precision': 0.6927, 'recall': 0.1153, 'f1': 0.1976, 'auc': 0.7321}
val: {'epoch': 67, 'loss': 0.129, 'lr': 0.001, 'params': 1145104, 'time_iter': 3.1919, 'accuracy': 0.9803, 'precision': 0.0, 'recall': 0.0, 'f1': 0.0, 'auc': 0.7219}
train: {'epoch': 67, 'eta': 677839.9353, 'loss': 0.1372, 'lr': 0.001, 'params': 1145104, 'time_iter': 20.2127, 'accuracy': 0.9657, 'precision': 0.75, 'recall': 0.1266, 'f1': 0.2167, 'auc': 0.731}
val: {'epoch': 68, 'loss': 0.1303, 'lr': 0.001, 'params': 1145104, 'time_iter': 3.1725, 'accuracy': 0.9803, 'precision': 0.0, 'recall': 0.0, 'f1': 0.0, 'auc': 0.7537}
train: {'epoch': 68, 'eta': 656578.5634, 'loss': 0.1379, 'lr': 0.001, 'params': 1145104, 'time_iter': 20.4149, 'accuracy': 0.9647, 'precision': 0.68, 'recall': 0.1104, 'f1': 0.1899, 'auc': 0.7325}
val: {'epoch': 69, 'loss': 0.1303, 'lr': 0.001, 'params': 1145104, 'time_iter': 2.9492, 'accuracy': 0.9803, 'precision': 0.0, 'recall': 0.0, 'f1': 0.0, 'auc': 0.7497}
train: {'epoch': 69, 'eta': 635169.2439, 'loss': 0.1378, 'lr': 0.001, 'params': 1145104, 'time_iter': 20.0629, 'accuracy': 0.9647, 'precision': 0.6915, 'recall': 0.1055, 'f1': 0.1831, 'auc': 0.7336}
val: {'epoch': 70, 'loss': 0.132, 'lr': 0.001, 'params': 1145104, 'time_iter': 2.9218, 'accuracy': 0.9803, 'precision': 0.0, 'recall': 0.0, 'f1': 0.0, 'auc': 0.7069}
train: {'epoch': 70, 'eta': 613788.9507, 'loss': 0.1399, 'lr': 0.001, 'params': 1145104, 'time_iter': 20.0808, 'accuracy': 0.9643, 'precision': 0.6832, 'recall': 0.0893, 'f1': 0.1579, 'auc': 0.7283}
val: {'epoch': 71, 'loss': 0.1302, 'lr': 0.001, 'params': 1145104, 'time_iter': 3.2207, 'accuracy': 0.9803, 'precision': 0.0, 'recall': 0.0, 'f1': 0.0, 'auc': 0.7494}
train: {'epoch': 71, 'eta': 592523.6704, 'loss': 0.1372, 'lr': 0.001, 'params': 1145104, 'time_iter': 20.3184, 'accuracy': 0.9645, 'precision': 0.6886, 'recall': 0.0933, 'f1': 0.1644, 'auc': 0.7358}
val: {'epoch': 72, 'loss': 0.1273, 'lr': 0.001, 'params': 1145104, 'time_iter': 2.9714, 'accuracy': 0.9803, 'precision': 0.0, 'recall': 0.0, 'f1': 0.0, 'auc': 0.6943}
train: {'epoch': 72, 'eta': 571208.8638, 'loss': 0.1372, 'lr': 0.001, 'params': 1145104, 'time_iter': 20.1625, 'accuracy': 0.9649, 'precision': 0.701, 'recall': 0.1104, 'f1': 0.1907, 'auc': 0.742}
val: {'epoch': 73, 'loss': 0.1339, 'lr': 0.001, 'params': 1145104, 'time_iter': 2.9742, 'accuracy': 0.9803, 'precision': 0.0, 'recall': 0.0, 'f1': 0.0, 'auc': 0.6553}
train: {'epoch': 73, 'eta': 550213.0714, 'loss': 0.1365, 'lr': 0.001, 'params': 1145104, 'time_iter': 21.0025, 'accuracy': 0.9653, 'precision': 0.732, 'recall': 0.1153, 'f1': 0.1992, 'auc': 0.7412}
val: {'epoch': 74, 'loss': 0.1287, 'lr': 0.001, 'params': 1145104, 'time_iter': 3.1251, 'accuracy': 0.9803, 'precision': 0.0, 'recall': 0.0, 'f1': 0.0, 'auc': 0.7081}
train: {'epoch': 74, 'eta': 529207.8864, 'loss': 0.1372, 'lr': 0.001, 'params': 1145104, 'time_iter': 21.0229, 'accuracy': 0.9646, 'precision': 0.6602, 'recall': 0.1104, 'f1': 0.1892, 'auc': 0.734}
val: {'epoch': 75, 'loss': 0.1373, 'lr': 0.001, 'params': 1145104, 'time_iter': 3.0008, 'accuracy': 0.9803, 'precision': 0.0, 'recall': 0.0, 'f1': 0.0, 'auc': 0.6945}
train: {'epoch': 75, 'eta': 508096.3994, 'loss': 0.1359, 'lr': 0.001, 'params': 1145104, 'time_iter': 20.7466, 'accuracy': 0.9654, 'precision': 0.713, 'recall': 0.1291, 'f1': 0.2186, 'auc': 0.7362}
val: {'epoch': 76, 'loss': 0.1309, 'lr': 0.001, 'params': 1145104, 'time_iter': 3.0574, 'accuracy': 0.9803, 'precision': 0.0, 'recall': 0.0, 'f1': 0.0, 'auc': 0.6819}
train: {'epoch': 76, 'eta': 486887.2946, 'loss': 0.136, 'lr': 0.001, 'params': 1145104, 'time_iter': 20.449, 'accuracy': 0.9653, 'precision': 0.7027, 'recall': 0.1266, 'f1': 0.2146, 'auc': 0.7415}
val: {'epoch': 77, 'loss': 0.1241, 'lr': 0.001, 'params': 1145104, 'time_iter': 3.1572, 'accuracy': 0.9803, 'precision': 0.0, 'recall': 0.0, 'f1': 0.0, 'auc': 0.7629}
train: {'epoch': 77, 'eta': 465891.0735, 'loss': 0.1368, 'lr': 0.001, 'params': 1145104, 'time_iter': 21.1678, 'accuracy': 0.9648, 'precision': 0.7102, 'recall': 0.1015, 'f1': 0.1776, 'auc': 0.7401}
val: {'epoch': 78, 'loss': 0.1344, 'lr': 0.001, 'params': 1145104, 'time_iter': 2.852, 'accuracy': 0.9803, 'precision': 0.0, 'recall': 0.0, 'f1': 0.0, 'auc': 0.7479}
train: {'epoch': 78, 'eta': 444822.2994, 'loss': 0.1368, 'lr': 0.001, 'params': 1145104, 'time_iter': 20.9752, 'accuracy': 0.9643, 'precision': 0.6686, 'recall': 0.095, 'f1': 0.1663, 'auc': 0.7431}
val: {'epoch': 79, 'loss': 0.1387, 'lr': 0.001, 'params': 1145104, 'time_iter': 3.2599, 'accuracy': 0.9803, 'precision': 0.0, 'recall': 0.0, 'f1': 0.0, 'auc': 0.6856}
train: {'epoch': 79, 'eta': 423849.094, 'loss': 0.1361, 'lr': 0.001, 'params': 1145104, 'time_iter': 21.3967, 'accuracy': 0.965, 'precision': 0.6971, 'recall': 0.1177, 'f1': 0.2014, 'auc': 0.7446}
val: {'epoch': 80, 'loss': 0.1343, 'lr': 0.001, 'params': 1145104, 'time_iter': 3.1129, 'accuracy': 0.9803, 'precision': 0.0, 'recall': 0.0, 'f1': 0.0, 'auc': 0.6918}
train: {'epoch': 80, 'eta': 402815.0895, 'loss': 0.1375, 'lr': 0.001, 'params': 1145104, 'time_iter': 21.2517, 'accuracy': 0.9648, 'precision': 0.6652, 'recall': 0.1209, 'f1': 0.2047, 'auc': 0.7384}
val: {'epoch': 81, 'loss': 0.1314, 'lr': 0.001, 'params': 1145104, 'time_iter': 3.0067, 'accuracy': 0.9803, 'precision': 0.0, 'recall': 0.0, 'f1': 0.0, 'auc': 0.6306}
train: {'epoch': 81, 'eta': 381817.0718, 'loss': 0.1378, 'lr': 0.001, 'params': 1145104, 'time_iter': 21.501, 'accuracy': 0.9654, 'precision': 0.7072, 'recall': 0.1274, 'f1': 0.216, 'auc': 0.7272}
val: {'epoch': 82, 'loss': 0.1317, 'lr': 0.001, 'params': 1145104, 'time_iter': 3.3888, 'accuracy': 0.9803, 'precision': 0.0, 'recall': 0.0, 'f1': 0.0, 'auc': 0.629}
train: {'epoch': 82, 'eta': 360701.7879, 'loss': 0.1366, 'lr': 0.001, 'params': 1145104, 'time_iter': 21.0734, 'accuracy': 0.9653, 'precision': 0.7032, 'recall': 0.125, 'f1': 0.2123, 'auc': 0.7369}
val: {'epoch': 83, 'loss': 0.14, 'lr': 0.001, 'params': 1145104, 'time_iter': 2.9544, 'accuracy': 0.9803, 'precision': 0.0, 'recall': 0.0, 'f1': 0.0, 'auc': 0.627}
train: {'epoch': 83, 'eta': 339641.3264, 'loss': 0.1363, 'lr': 0.001, 'params': 1145104, 'time_iter': 21.4223, 'accuracy': 0.9655, 'precision': 0.71, 'recall': 0.1331, 'f1': 0.2242, 'auc': 0.7359}
val: {'epoch': 84, 'loss': 0.136, 'lr': 0.001, 'params': 1145104, 'time_iter': 2.951, 'accuracy': 0.9803, 'precision': 0.0, 'recall': 0.0, 'f1': 0.0, 'auc': 0.6416}
train: {'epoch': 84, 'eta': 318525.3626, 'loss': 0.1371, 'lr': 0.001, 'params': 1145104, 'time_iter': 21.244, 'accuracy': 0.965, 'precision': 0.677, 'recall': 0.1242, 'f1': 0.2099, 'auc': 0.7312}
val: {'epoch': 85, 'loss': 0.1293, 'lr': 0.001, 'params': 1145104, 'time_iter': 2.9359, 'accuracy': 0.9803, 'precision': 0.0, 'recall': 0.0, 'f1': 0.0, 'auc': 0.6532}
train: {'epoch': 85, 'eta': 297450.896, 'loss': 0.1376, 'lr': 0.001, 'params': 1145104, 'time_iter': 21.595, 'accuracy': 0.9652, 'precision': 0.7005, 'recall': 0.1234, 'f1': 0.2098, 'auc': 0.7285}
val: {'epoch': 86, 'loss': 0.1291, 'lr': 0.001, 'params': 1145104, 'time_iter': 2.9255, 'accuracy': 0.9803, 'precision': 0.0, 'recall': 0.0, 'f1': 0.0, 'auc': 0.6369}
train: {'epoch': 86, 'eta': 276339.6707, 'loss': 0.1375, 'lr': 0.001, 'params': 1145104, 'time_iter': 21.5274, 'accuracy': 0.9652, 'precision': 0.7075, 'recall': 0.1218, 'f1': 0.2078, 'auc': 0.7289}
val: {'epoch': 87, 'loss': 0.1282, 'lr': 0.001, 'params': 1145104, 'time_iter': 2.9979, 'accuracy': 0.9803, 'precision': 0.0, 'recall': 0.0, 'f1': 0.0, 'auc': 0.6843}
train: {'epoch': 87, 'eta': 255173.4652, 'loss': 0.1375, 'lr': 0.001, 'params': 1145104, 'time_iter': 21.3042, 'accuracy': 0.9654, 'precision': 0.7018, 'recall': 0.1299, 'f1': 0.2192, 'auc': 0.719}
val: {'epoch': 88, 'loss': 0.1264, 'lr': 0.001, 'params': 1145104, 'time_iter': 2.9437, 'accuracy': 0.9803, 'precision': 0.0, 'recall': 0.0, 'f1': 0.0, 'auc': 0.694}
train: {'epoch': 88, 'eta': 233974.3431, 'loss': 0.1387, 'lr': 0.001, 'params': 1145104, 'time_iter': 21.1789, 'accuracy': 0.9644, 'precision': 0.6459, 'recall': 0.1096, 'f1': 0.1874, 'auc': 0.7224}
val: {'epoch': 89, 'loss': 0.133, 'lr': 0.001, 'params': 1145104, 'time_iter': 2.8774, 'accuracy': 0.9803, 'precision': 0.0, 'recall': 0.0, 'f1': 0.0, 'auc': 0.6809}
train: {'epoch': 89, 'eta': 212805.4726, 'loss': 0.1365, 'lr': 0.001, 'params': 1145104, 'time_iter': 21.5589, 'accuracy': 0.9651, 'precision': 0.6967, 'recall': 0.1193, 'f1': 0.2037, 'auc': 0.7397}
val: {'epoch': 90, 'loss': 0.1229, 'lr': 0.001, 'params': 1145104, 'time_iter': 3.6055, 'accuracy': 0.9803, 'precision': 0.0, 'recall': 0.0, 'f1': 0.0, 'auc': 0.6862}
train: {'epoch': 90, 'eta': 191582.2415, 'loss': 0.1363, 'lr': 0.001, 'params': 1145104, 'time_iter': 21.244, 'accuracy': 0.9654, 'precision': 0.713, 'recall': 0.125, 'f1': 0.2127, 'auc': 0.7388}
val: {'epoch': 91, 'loss': 0.1253, 'lr': 0.001, 'params': 1145104, 'time_iter': 3.1135, 'accuracy': 0.9803, 'precision': 0.0, 'recall': 0.0, 'f1': 0.0, 'auc': 0.6715}
train: {'epoch': 91, 'eta': 170337.8856, 'loss': 0.137, 'lr': 0.001, 'params': 1145104, 'time_iter': 21.1626, 'accuracy': 0.9656, 'precision': 0.7181, 'recall': 0.1323, 'f1': 0.2234, 'auc': 0.7311}
val: {'epoch': 92, 'loss': 0.1299, 'lr': 0.001, 'params': 1145104, 'time_iter': 3.3059, 'accuracy': 0.9803, 'precision': 0.0, 'recall': 0.0, 'f1': 0.0, 'auc': 0.6564}
train: {'epoch': 92, 'eta': 149093.2706, 'loss': 0.1354, 'lr': 0.001, 'params': 1145104, 'time_iter': 21.307, 'accuracy': 0.9659, 'precision': 0.7273, 'recall': 0.1429, 'f1': 0.2388, 'auc': 0.741}
val: {'epoch': 93, 'loss': 0.1264, 'lr': 0.001, 'params': 1145104, 'time_iter': 2.9612, 'accuracy': 0.9803, 'precision': 0.0, 'recall': 0.0, 'f1': 0.0, 'auc': 0.6543}
train: {'epoch': 93, 'eta': 127838.5762, 'loss': 0.1352, 'lr': 0.001, 'params': 1145104, 'time_iter': 21.3739, 'accuracy': 0.9653, 'precision': 0.7078, 'recall': 0.1258, 'f1': 0.2136, 'auc': 0.7456}
val: {'epoch': 94, 'loss': 0.1188, 'lr': 0.001, 'params': 1145104, 'time_iter': 2.9664, 'accuracy': 0.9803, 'precision': 0.0, 'recall': 0.0, 'f1': 0.0, 'auc': 0.6643}
train: {'epoch': 94, 'eta': 106562.0586, 'loss': 0.1365, 'lr': 0.001, 'params': 1145104, 'time_iter': 21.2583, 'accuracy': 0.9656, 'precision': 0.7155, 'recall': 0.1347, 'f1': 0.2268, 'auc': 0.7362}
val: {'epoch': 95, 'loss': 0.1265, 'lr': 0.001, 'params': 1145104, 'time_iter': 3.0496, 'accuracy': 0.9803, 'precision': 0.0, 'recall': 0.0, 'f1': 0.0, 'auc': 0.6939}
train: {'epoch': 95, 'eta': 85270.4078, 'loss': 0.1349, 'lr': 0.001, 'params': 1145104, 'time_iter': 21.196, 'accuracy': 0.9657, 'precision': 0.7173, 'recall': 0.138, 'f1': 0.2314, 'auc': 0.7473}
val: {'epoch': 96, 'loss': 0.1301, 'lr': 0.001, 'params': 1145104, 'time_iter': 2.9101, 'accuracy': 0.9803, 'precision': 0.0, 'recall': 0.0, 'f1': 0.0, 'auc': 0.6603}
train: {'epoch': 96, 'eta': 63968.9194, 'loss': 0.1347, 'lr': 0.001, 'params': 1145104, 'time_iter': 21.2231, 'accuracy': 0.9653, 'precision': 0.6926, 'recall': 0.1299, 'f1': 0.2187, 'auc': 0.7487}
val: {'epoch': 97, 'loss': 0.1336, 'lr': 0.001, 'params': 1145104, 'time_iter': 2.9782, 'accuracy': 0.9803, 'precision': 0.0, 'recall': 0.0, 'f1': 0.0, 'auc': 0.6751}
train: {'epoch': 97, 'eta': 42654.8482, 'loss': 0.1348, 'lr': 0.001, 'params': 1145104, 'time_iter': 21.1459, 'accuracy': 0.9654, 'precision': 0.7035, 'recall': 0.1291, 'f1': 0.2181, 'auc': 0.7469}
val: {'epoch': 98, 'loss': 0.1324, 'lr': 0.001, 'params': 1145104, 'time_iter': 2.8353, 'accuracy': 0.9803, 'precision': 0.0, 'recall': 0.0, 'f1': 0.0, 'auc': 0.6932}
train: {'epoch': 98, 'eta': 21332.5614, 'loss': 0.1367, 'lr': 0.001, 'params': 1145104, 'time_iter': 21.2206, 'accuracy': 0.9653, 'precision': 0.7192, 'recall': 0.1185, 'f1': 0.2035, 'auc': 0.7386}
val: {'epoch': 99, 'loss': 0.1216, 'lr': 0.001, 'params': 1145104, 'time_iter': 2.8526, 'accuracy': 0.9803, 'precision': 0.0, 'recall': 0.0, 'f1': 0.0, 'auc': 0.6869}
train: {'epoch': 99, 'eta': 0.0, 'loss': 0.1362, 'lr': 0.001, 'params': 1145104, 'time_iter': 21.1942, 'accuracy': 0.9655, 'precision': 0.713, 'recall': 0.1331, 'f1': 0.2244, 'auc': 0.74}
test: {'epoch': 99, 'loss': 0.1937, 'lr': 0.001, 'params': 1145104, 'time_iter': 2.5936, 'accuracy': 0.9684, 'precision': 0.0, 'recall': 0.0, 'f1': 0.0, 'auc': 0.6725}
test: {'epoch': 77, 'loss': 0.2049, 'lr': 0.001, 'params': 1145104, 'time_iter': 2.6818, 'accuracy': 0.9684, 'precision': 0.0, 'recall': 0.0, 'f1': 0.0, 'auc': 0.7018}
