GraphGymModule(
  (model): DilatedGNNModel(
    (encoder): FeatureEncoder(
      (node_encoder): AtomEncoder(
        (atom_embedding_list): ModuleList(
          (0): Embedding(119, 300)
          (1): Embedding(4, 300)
          (2): Embedding(12, 300)
          (3): Embedding(12, 300)
          (4): Embedding(10, 300)
          (5): Embedding(6, 300)
          (6): Embedding(6, 300)
          (7): Embedding(2, 300)
          (8): Embedding(2, 300)
        )
      )
      (edge_encoder): BondEncoder(
        (bond_embedding_list): ModuleList(
          (0): Embedding(5, 300)
          (1): Embedding(6, 300)
          (2): Embedding(2, 300)
        )
      )
    )
    (mp): GNNDilatedStage(
      (classic_layers): ModuleList(
        (0): GeneralLayer(
          (layer): EGINConv(
            (model): GINEConv(nn=Sequential(
              (0): Linear(300, 300, bias=True)
              (1): ReLU()
              (2): Linear(300, 300, bias=True)
            ))
          )
          (post_layer): Sequential(
            (0): BatchNorm1d(300, eps=1e-05, momentum=0.1, affine=True, track_running_stats=True)
            (1): Dropout(p=0.5, inplace=False)
            (2): ReLU()
          )
        )
        (1): GeneralLayer(
          (layer): EGINConv(
            (model): GINEConv(nn=Sequential(
              (0): Linear(300, 300, bias=True)
              (1): ReLU()
              (2): Linear(300, 300, bias=True)
            ))
          )
          (post_layer): Sequential(
            (0): BatchNorm1d(300, eps=1e-05, momentum=0.1, affine=True, track_running_stats=True)
            (1): Dropout(p=0.5, inplace=False)
            (2): ReLU()
          )
        )
        (2): GeneralLayer(
          (layer): EGINConv(
            (model): GINEConv(nn=Sequential(
              (0): Linear(300, 300, bias=True)
              (1): ReLU()
              (2): Linear(300, 300, bias=True)
            ))
          )
          (post_layer): Sequential(
            (0): BatchNorm1d(300, eps=1e-05, momentum=0.1, affine=True, track_running_stats=True)
            (1): Dropout(p=0.5, inplace=False)
            (2): ReLU()
          )
        )
      )
      (dilated_layers): ModuleList(
        (0): DilatedGeneralLayer(
          (layer): EGINConv(
            (model): GINEConv(nn=Sequential(
              (0): Linear(300, 300, bias=True)
              (1): ReLU()
              (2): Linear(300, 300, bias=True)
            ))
          )
          (post_layer): Sequential(
            (0): BatchNorm1d(300, eps=1e-05, momentum=0.1, affine=True, track_running_stats=True)
            (1): Dropout(p=0.5, inplace=False)
            (2): ReLU()
          )
          (gem): GeM(p=3.0000, eps=1e-06)
        )
        (1): DilatedGeneralLayer(
          (layer): EGINConv(
            (model): GINEConv(nn=Sequential(
              (0): Linear(300, 300, bias=True)
              (1): ReLU()
              (2): Linear(300, 300, bias=True)
            ))
          )
          (post_layer): Sequential(
            (0): BatchNorm1d(300, eps=1e-05, momentum=0.1, affine=True, track_running_stats=True)
            (1): Dropout(p=0.5, inplace=False)
            (2): ReLU()
          )
          (gem): GeM(p=3.0000, eps=1e-06)
        )
      )
      (act): ReLU()
    )
    (post_mp): GNNGraphHead(
      (layer_post_mp): MLP(
        (model): Sequential(
          (0): Linear(
            (model): Linear(600, 1, bias=True)
          )
        )
      )
    )
  )
)
accelerator: cuda
benchmark: False
bn:
  eps: 1e-05
  mom: 0.1
cfg_dest: config.yaml
custom_metrics: []
dataset:
  cache_load: False
  cache_save: False
  dir: ./datasets
  edge_dim: 300
  edge_encoder: True
  edge_encoder_bn: False
  edge_encoder_name: Bond
  edge_message_ratio: 0.8
  edge_negative_sampling_ratio: 1.0
  edge_train_mode: all
  encoder: True
  encoder_bn: True
  encoder_dim: 128
  encoder_name: db
  fast_loader: False
  format: OGB
  label_column: none
  label_table: none
  location: local
  name: ogbg-molhiv
  node_encoder: True
  node_encoder_bn: False
  node_encoder_name: Atom
  remove_feature: False
  resample_disjoint: False
  resample_negative: False
  shuffle_split: True
  split: [0.8, 0.1, 0.1]
  split_mode: random
  task: graph
  task_type: classification
  to_undirected: False
  transductive: False
  transform: none
  tu_simple: True
devices: 1
gnn:
  act: relu
  act_on_last_layer_mp: False
  agg: none
  att_final_linear: False
  att_final_linear_bn: False
  att_heads: 1
  batchnorm: True
  clear_feature: True
  dilated_path_join: concat
  dim_inner: 300
  dropout: 0.5
  head: graph
  keep_edge: 0.5
  l2norm: True
  layer_type: eginconv
  layers_k1: 3
  layers_k2: 2
  layers_mp: 5
  layers_post_mp: 1
  layers_pre_mp: 0
  learn_alpha_residual_connection: True
  msg_direction: single
  normalize_adj: False
  self_msg: concat
  skip_every: 1
  stage_type: stack
  use_edge_features: True
gpu_mem: False
mem:
  inplace: False
metric_agg: argmax
metric_best: auc
model:
  edge_decoding: dot
  graph_pooling: mean
  loss_fun: cross_entropy
  match_upper: True
  size_average: mean
  thresh: 0.5
  type: dilated_gnn
num_threads: 6
num_workers: 16
optim:
  base_lr: 0.001
  lr_decay: 0.1
  max_epoch: 100
  momentum: 0.9
  optimizer: adam
  scheduler: none
  steps: [30, 60, 90]
  weight_decay: 0.0
out_dir: results_experiments/ogbg_molhiv_baseline_grid_design/ogbg_molhiv_baseline-type=dilated_gnn-layer_type=eginconv-layers_k1=3-layers_k2=2-dilated_path_join=concat-learn_alpha_residual_connection=True
params: 1413905
print: both
round: 4
run_dir: results_experiments/ogbg_molhiv_baseline_grid_design/ogbg_molhiv_baseline-type=dilated_gnn-layer_type=eginconv-layers_k1=3-layers_k2=2-dilated_path_join=concat-learn_alpha_residual_connection=True/9
seed: 10
share:
  dim_in: 9
  dim_out: 2
  num_splits: 3
tensorboard_agg: True
tensorboard_each_run: False
train:
  auto_resume: False
  batch_size: 32
  ckpt_clean: True
  ckpt_period: 100
  enable_ckpt: True
  epoch_resume: -1
  eval_period: 1
  iter_per_epoch: 32
  neighbor_sizes: [20, 15, 10, 5]
  node_per_graph: 32
  radius: extend
  sample_node: False
  sampler: full_batch
  skip_train_eval: False
  walk_length: 4
val:
  node_per_graph: 32
  radius: extend
  sample_node: False
  sampler: full_batch
view_emb: False
Num parameters: 1413905
val: {'epoch': 0, 'loss': 0.6708, 'lr': 0.001, 'params': 1413905, 'time_iter': 1.4579, 'accuracy': 0.9844, 'precision': 0.0, 'recall': 0.0, 'f1': 0.0, 'auc': 0.6825}
val: {'epoch': 0, 'loss': 0.0916, 'lr': 0.001, 'params': 1413905, 'time_iter': 2.7745, 'accuracy': 0.9803, 'precision': 0.0, 'recall': 0.0, 'f1': 0.0, 'auc': 0.6456}
train: {'epoch': 0, 'eta': 1528455.6897, 'loss': 0.1778, 'lr': 0.001, 'params': 1413905, 'time_iter': 15.0038, 'accuracy': 0.9625, 'precision': 0.3333, 'recall': 0.0008, 'f1': 0.0016, 'auc': 0.5987}
val: {'epoch': 1, 'loss': 0.0911, 'lr': 0.001, 'params': 1413905, 'time_iter': 3.0777, 'accuracy': 0.9803, 'precision': 0.0, 'recall': 0.0, 'f1': 0.0, 'auc': 0.6537}
train: {'epoch': 1, 'eta': 1528684.9683, 'loss': 0.1503, 'lr': 0.001, 'params': 1413905, 'time_iter': 15.3146, 'accuracy': 0.9626, 'precision': 0.0, 'recall': 0.0, 'f1': 0.0, 'auc': 0.6601}
val: {'epoch': 2, 'loss': 0.0901, 'lr': 0.001, 'params': 1413905, 'time_iter': 3.0271, 'accuracy': 0.9803, 'precision': 0.0, 'recall': 0.0, 'f1': 0.0, 'auc': 0.6876}
train: {'epoch': 2, 'eta': 1490306.3648, 'loss': 0.1498, 'lr': 0.001, 'params': 1413905, 'time_iter': 14.4745, 'accuracy': 0.9626, 'precision': 0.0, 'recall': 0.0, 'f1': 0.0, 'auc': 0.6663}
val: {'epoch': 3, 'loss': 0.091, 'lr': 0.001, 'params': 1413905, 'time_iter': 2.9355, 'accuracy': 0.9803, 'precision': 0.0, 'recall': 0.0, 'f1': 0.0, 'auc': 0.6855}
train: {'epoch': 3, 'eta': 1466752.7155, 'loss': 0.1487, 'lr': 0.001, 'params': 1413905, 'time_iter': 14.5994, 'accuracy': 0.9626, 'precision': 0.0, 'recall': 0.0, 'f1': 0.0, 'auc': 0.6755}
val: {'epoch': 4, 'loss': 0.0893, 'lr': 0.001, 'params': 1413905, 'time_iter': 2.6901, 'accuracy': 0.9813, 'precision': 1.0, 'recall': 0.0494, 'f1': 0.0941, 'auc': 0.703}
train: {'epoch': 4, 'eta': 1443943.9202, 'loss': 0.1477, 'lr': 0.001, 'params': 1413905, 'time_iter': 14.4629, 'accuracy': 0.9626, 'precision': 0.0, 'recall': 0.0, 'f1': 0.0, 'auc': 0.6915}
val: {'epoch': 5, 'loss': 0.0932, 'lr': 0.001, 'params': 1413905, 'time_iter': 2.6379, 'accuracy': 0.981, 'precision': 1.0, 'recall': 0.037, 'f1': 0.0714, 'auc': 0.6974}
train: {'epoch': 5, 'eta': 1429106.3565, 'loss': 0.1469, 'lr': 0.001, 'params': 1413905, 'time_iter': 14.7935, 'accuracy': 0.9627, 'precision': 0.8, 'recall': 0.0065, 'f1': 0.0129, 'auc': 0.6918}
val: {'epoch': 6, 'loss': 0.092, 'lr': 0.001, 'params': 1413905, 'time_iter': 3.185, 'accuracy': 0.9803, 'precision': 0.5, 'recall': 0.0494, 'f1': 0.0899, 'auc': 0.7001}
train: {'epoch': 6, 'eta': 1421476.5488, 'loss': 0.1459, 'lr': 0.001, 'params': 1413905, 'time_iter': 15.3288, 'accuracy': 0.9626, 'precision': 0.5333, 'recall': 0.013, 'f1': 0.0254, 'auc': 0.6936}
val: {'epoch': 7, 'loss': 0.0919, 'lr': 0.001, 'params': 1413905, 'time_iter': 2.9723, 'accuracy': 0.981, 'precision': 1.0, 'recall': 0.037, 'f1': 0.0714, 'auc': 0.6036}
train: {'epoch': 7, 'eta': 1408004.3082, 'loss': 0.1476, 'lr': 0.001, 'params': 1413905, 'time_iter': 15.0071, 'accuracy': 0.9628, 'precision': 0.6522, 'recall': 0.0122, 'f1': 0.0239, 'auc': 0.677}
val: {'epoch': 8, 'loss': 0.0924, 'lr': 0.001, 'params': 1413905, 'time_iter': 2.8505, 'accuracy': 0.9801, 'precision': 0.4286, 'recall': 0.037, 'f1': 0.0682, 'auc': 0.6807}
train: {'epoch': 8, 'eta': 1396761.6006, 'loss': 0.1473, 'lr': 0.001, 'params': 1413905, 'time_iter': 15.2635, 'accuracy': 0.963, 'precision': 0.75, 'recall': 0.017, 'f1': 0.0333, 'auc': 0.6782}
val: {'epoch': 9, 'loss': 0.094, 'lr': 0.001, 'params': 1413905, 'time_iter': 2.6681, 'accuracy': 0.9798, 'precision': 0.4, 'recall': 0.0494, 'f1': 0.0879, 'auc': 0.6591}
train: {'epoch': 9, 'eta': 1382953.4371, 'loss': 0.1459, 'lr': 0.001, 'params': 1413905, 'time_iter': 15.0828, 'accuracy': 0.9632, 'precision': 0.6667, 'recall': 0.0357, 'f1': 0.0678, 'auc': 0.6942}
val: {'epoch': 10, 'loss': 0.0922, 'lr': 0.001, 'params': 1413905, 'time_iter': 2.7151, 'accuracy': 0.9796, 'precision': 0.3846, 'recall': 0.0617, 'f1': 0.1064, 'auc': 0.675}
train: {'epoch': 10, 'eta': 1368026.7772, 'loss': 0.1455, 'lr': 0.001, 'params': 1413905, 'time_iter': 14.9859, 'accuracy': 0.9632, 'precision': 0.6667, 'recall': 0.0325, 'f1': 0.0619, 'auc': 0.697}
val: {'epoch': 11, 'loss': 0.0965, 'lr': 0.001, 'params': 1413905, 'time_iter': 3.1038, 'accuracy': 0.9791, 'precision': 0.3913, 'recall': 0.1111, 'f1': 0.1731, 'auc': 0.6595}
train: {'epoch': 11, 'eta': 1351722.2285, 'loss': 0.1439, 'lr': 0.001, 'params': 1413905, 'time_iter': 14.8142, 'accuracy': 0.9635, 'precision': 0.7123, 'recall': 0.0422, 'f1': 0.0797, 'auc': 0.7093}
val: {'epoch': 12, 'loss': 0.0966, 'lr': 0.001, 'params': 1413905, 'time_iter': 2.6735, 'accuracy': 0.9798, 'precision': 0.4, 'recall': 0.0494, 'f1': 0.0879, 'auc': 0.6642}
train: {'epoch': 12, 'eta': 1337203.4247, 'loss': 0.1441, 'lr': 0.001, 'params': 1413905, 'time_iter': 15.0498, 'accuracy': 0.9632, 'precision': 0.6087, 'recall': 0.0455, 'f1': 0.0846, 'auc': 0.7095}
val: {'epoch': 13, 'loss': 0.0982, 'lr': 0.001, 'params': 1413905, 'time_iter': 3.1773, 'accuracy': 0.9796, 'precision': 0.4211, 'recall': 0.0988, 'f1': 0.16, 'auc': 0.685}
train: {'epoch': 13, 'eta': 1324854.4402, 'loss': 0.1436, 'lr': 0.001, 'params': 1413905, 'time_iter': 15.4149, 'accuracy': 0.9634, 'precision': 0.6627, 'recall': 0.0446, 'f1': 0.0837, 'auc': 0.709}
val: {'epoch': 14, 'loss': 0.0927, 'lr': 0.001, 'params': 1413905, 'time_iter': 2.5638, 'accuracy': 0.9796, 'precision': 0.4, 'recall': 0.0741, 'f1': 0.125, 'auc': 0.7027}
train: {'epoch': 14, 'eta': 1307737.6871, 'loss': 0.1424, 'lr': 0.001, 'params': 1413905, 'time_iter': 14.6776, 'accuracy': 0.9636, 'precision': 0.6667, 'recall': 0.0552, 'f1': 0.1019, 'auc': 0.7169}
val: {'epoch': 15, 'loss': 0.0908, 'lr': 0.001, 'params': 1413905, 'time_iter': 2.7514, 'accuracy': 0.9798, 'precision': 0.4375, 'recall': 0.0864, 'f1': 0.1443, 'auc': 0.7056}
train: {'epoch': 15, 'eta': 1287446.3948, 'loss': 0.1418, 'lr': 0.001, 'params': 1413905, 'time_iter': 14.0434, 'accuracy': 0.9633, 'precision': 0.6275, 'recall': 0.0519, 'f1': 0.096, 'auc': 0.7179}
val: {'epoch': 16, 'loss': 0.0921, 'lr': 0.001, 'params': 1413905, 'time_iter': 3.1859, 'accuracy': 0.9784, 'precision': 0.3182, 'recall': 0.0864, 'f1': 0.1359, 'auc': 0.6984}
train: {'epoch': 16, 'eta': 1269973.0716, 'loss': 0.1403, 'lr': 0.001, 'params': 1413905, 'time_iter': 14.4675, 'accuracy': 0.9635, 'precision': 0.6212, 'recall': 0.0666, 'f1': 0.1202, 'auc': 0.7265}
val: {'epoch': 17, 'loss': 0.0937, 'lr': 0.001, 'params': 1413905, 'time_iter': 2.6277, 'accuracy': 0.9798, 'precision': 0.45, 'recall': 0.1111, 'f1': 0.1782, 'auc': 0.7063}
train: {'epoch': 17, 'eta': 1254071.7718, 'loss': 0.14, 'lr': 0.001, 'params': 1413905, 'time_iter': 14.7416, 'accuracy': 0.9639, 'precision': 0.6693, 'recall': 0.069, 'f1': 0.1251, 'auc': 0.7301}
val: {'epoch': 18, 'loss': 0.0935, 'lr': 0.001, 'params': 1413905, 'time_iter': 2.8053, 'accuracy': 0.9803, 'precision': 0.5, 'recall': 0.0741, 'f1': 0.129, 'auc': 0.7241}
train: {'epoch': 18, 'eta': 1239334.5556, 'loss': 0.1389, 'lr': 0.001, 'params': 1413905, 'time_iter': 14.9894, 'accuracy': 0.964, 'precision': 0.6929, 'recall': 0.0714, 'f1': 0.1295, 'auc': 0.7389}
val: {'epoch': 19, 'loss': 0.0965, 'lr': 0.001, 'params': 1413905, 'time_iter': 2.5216, 'accuracy': 0.9776, 'precision': 0.28, 'recall': 0.0864, 'f1': 0.1321, 'auc': 0.7301}
train: {'epoch': 19, 'eta': 1222668.0356, 'loss': 0.1378, 'lr': 0.001, 'params': 1413905, 'time_iter': 14.5373, 'accuracy': 0.964, 'precision': 0.6738, 'recall': 0.0771, 'f1': 0.1384, 'auc': 0.746}
val: {'epoch': 20, 'loss': 0.0903, 'lr': 0.001, 'params': 1413905, 'time_iter': 2.5339, 'accuracy': 0.9805, 'precision': 0.5455, 'recall': 0.0741, 'f1': 0.1304, 'auc': 0.7529}
train: {'epoch': 20, 'eta': 1203783.6536, 'loss': 0.1379, 'lr': 0.001, 'params': 1413905, 'time_iter': 13.9224, 'accuracy': 0.9642, 'precision': 0.6803, 'recall': 0.0812, 'f1': 0.145, 'auc': 0.7465}
val: {'epoch': 21, 'loss': 0.0947, 'lr': 0.001, 'params': 1413905, 'time_iter': 3.2815, 'accuracy': 0.9788, 'precision': 0.3846, 'recall': 0.1235, 'f1': 0.1869, 'auc': 0.731}
train: {'epoch': 21, 'eta': 1190317.1082, 'loss': 0.1369, 'lr': 0.001, 'params': 1413905, 'time_iter': 15.2938, 'accuracy': 0.9642, 'precision': 0.7007, 'recall': 0.0779, 'f1': 0.1402, 'auc': 0.754}
val: {'epoch': 22, 'loss': 0.091, 'lr': 0.001, 'params': 1413905, 'time_iter': 2.5499, 'accuracy': 0.9798, 'precision': 0.4286, 'recall': 0.0741, 'f1': 0.1263, 'auc': 0.7269}
train: {'epoch': 22, 'eta': 1178085.7457, 'loss': 0.1362, 'lr': 0.001, 'params': 1413905, 'time_iter': 15.7097, 'accuracy': 0.9642, 'precision': 0.6797, 'recall': 0.0844, 'f1': 0.1502, 'auc': 0.7591}
val: {'epoch': 23, 'loss': 0.0922, 'lr': 0.001, 'params': 1413905, 'time_iter': 2.7207, 'accuracy': 0.9793, 'precision': 0.375, 'recall': 0.0741, 'f1': 0.1237, 'auc': 0.756}
train: {'epoch': 23, 'eta': 1162727.3643, 'loss': 0.1356, 'lr': 0.001, 'params': 1413905, 'time_iter': 14.8507, 'accuracy': 0.9642, 'precision': 0.6732, 'recall': 0.0836, 'f1': 0.1487, 'auc': 0.7612}
val: {'epoch': 24, 'loss': 0.0933, 'lr': 0.001, 'params': 1413905, 'time_iter': 2.6036, 'accuracy': 0.9784, 'precision': 0.3333, 'recall': 0.0988, 'f1': 0.1524, 'auc': 0.7409}
train: {'epoch': 24, 'eta': 1146810.8186, 'loss': 0.1355, 'lr': 0.001, 'params': 1413905, 'time_iter': 14.6678, 'accuracy': 0.9644, 'precision': 0.6848, 'recall': 0.0917, 'f1': 0.1618, 'auc': 0.7617}
val: {'epoch': 25, 'loss': 0.0935, 'lr': 0.001, 'params': 1413905, 'time_iter': 2.7296, 'accuracy': 0.9784, 'precision': 0.3571, 'recall': 0.1235, 'f1': 0.1835, 'auc': 0.7462}
train: {'epoch': 25, 'eta': 1131177.9737, 'loss': 0.1347, 'lr': 0.001, 'params': 1413905, 'time_iter': 14.7431, 'accuracy': 0.9641, 'precision': 0.6457, 'recall': 0.0917, 'f1': 0.1606, 'auc': 0.766}
val: {'epoch': 26, 'loss': 0.0905, 'lr': 0.001, 'params': 1413905, 'time_iter': 2.8357, 'accuracy': 0.9796, 'precision': 0.4, 'recall': 0.0741, 'f1': 0.125, 'auc': 0.7372}
train: {'epoch': 26, 'eta': 1115393.8546, 'loss': 0.134, 'lr': 0.001, 'params': 1413905, 'time_iter': 14.6764, 'accuracy': 0.9647, 'precision': 0.7041, 'recall': 0.0966, 'f1': 0.1699, 'auc': 0.7706}
val: {'epoch': 27, 'loss': 0.0917, 'lr': 0.001, 'params': 1413905, 'time_iter': 2.6612, 'accuracy': 0.9784, 'precision': 0.3571, 'recall': 0.1235, 'f1': 0.1835, 'auc': 0.7627}
train: {'epoch': 27, 'eta': 1100463.0215, 'loss': 0.1334, 'lr': 0.001, 'params': 1413905, 'time_iter': 14.9805, 'accuracy': 0.9649, 'precision': 0.7225, 'recall': 0.1015, 'f1': 0.1779, 'auc': 0.7706}
val: {'epoch': 28, 'loss': 0.0911, 'lr': 0.001, 'params': 1413905, 'time_iter': 2.8389, 'accuracy': 0.9786, 'precision': 0.36, 'recall': 0.1111, 'f1': 0.1698, 'auc': 0.7589}
train: {'epoch': 28, 'eta': 1084811.767, 'loss': 0.1332, 'lr': 0.001, 'params': 1413905, 'time_iter': 14.7078, 'accuracy': 0.9647, 'precision': 0.6898, 'recall': 0.1047, 'f1': 0.1818, 'auc': 0.7745}
val: {'epoch': 29, 'loss': 0.0936, 'lr': 0.001, 'params': 1413905, 'time_iter': 2.8054, 'accuracy': 0.9781, 'precision': 0.3448, 'recall': 0.1235, 'f1': 0.1818, 'auc': 0.7235}
train: {'epoch': 29, 'eta': 1068806.808, 'loss': 0.1332, 'lr': 0.001, 'params': 1413905, 'time_iter': 14.5461, 'accuracy': 0.9649, 'precision': 0.7241, 'recall': 0.1023, 'f1': 0.1792, 'auc': 0.7746}
val: {'epoch': 30, 'loss': 0.0904, 'lr': 0.001, 'params': 1413905, 'time_iter': 2.6508, 'accuracy': 0.9798, 'precision': 0.4375, 'recall': 0.0864, 'f1': 0.1443, 'auc': 0.76}
train: {'epoch': 30, 'eta': 1054047.6409, 'loss': 0.1322, 'lr': 0.001, 'params': 1413905, 'time_iter': 15.0608, 'accuracy': 0.9652, 'precision': 0.72, 'recall': 0.1169, 'f1': 0.2011, 'auc': 0.7753}
val: {'epoch': 31, 'loss': 0.0908, 'lr': 0.001, 'params': 1413905, 'time_iter': 2.7538, 'accuracy': 0.9808, 'precision': 0.75, 'recall': 0.037, 'f1': 0.0706, 'auc': 0.7534}
train: {'epoch': 31, 'eta': 1039050.2124, 'loss': 0.1324, 'lr': 0.001, 'params': 1413905, 'time_iter': 14.973, 'accuracy': 0.9654, 'precision': 0.7277, 'recall': 0.1193, 'f1': 0.205, 'auc': 0.7767}
val: {'epoch': 32, 'loss': 0.0942, 'lr': 0.001, 'params': 1413905, 'time_iter': 2.4857, 'accuracy': 0.9791, 'precision': 0.3529, 'recall': 0.0741, 'f1': 0.1224, 'auc': 0.7523}
train: {'epoch': 32, 'eta': 1024110.3871, 'loss': 0.1316, 'lr': 0.001, 'params': 1413905, 'time_iter': 15.0124, 'accuracy': 0.9651, 'precision': 0.7293, 'recall': 0.1071, 'f1': 0.1868, 'auc': 0.7841}
val: {'epoch': 33, 'loss': 0.0916, 'lr': 0.001, 'params': 1413905, 'time_iter': 2.6203, 'accuracy': 0.9796, 'precision': 0.4, 'recall': 0.0741, 'f1': 0.125, 'auc': 0.7574}
train: {'epoch': 33, 'eta': 1008635.2085, 'loss': 0.1315, 'lr': 0.001, 'params': 1413905, 'time_iter': 14.7594, 'accuracy': 0.9652, 'precision': 0.7186, 'recall': 0.1161, 'f1': 0.1999, 'auc': 0.7826}
val: {'epoch': 34, 'loss': 0.0918, 'lr': 0.001, 'params': 1413905, 'time_iter': 2.5237, 'accuracy': 0.9788, 'precision': 0.35, 'recall': 0.0864, 'f1': 0.1386, 'auc': 0.7232}
train: {'epoch': 34, 'eta': 993274.3112, 'loss': 0.131, 'lr': 0.001, 'params': 1413905, 'time_iter': 14.8106, 'accuracy': 0.9653, 'precision': 0.7333, 'recall': 0.1161, 'f1': 0.2004, 'auc': 0.7862}
val: {'epoch': 35, 'loss': 0.0906, 'lr': 0.001, 'params': 1413905, 'time_iter': 2.6378, 'accuracy': 0.9791, 'precision': 0.3684, 'recall': 0.0864, 'f1': 0.14, 'auc': 0.7546}
train: {'epoch': 35, 'eta': 977795.5311, 'loss': 0.1306, 'lr': 0.001, 'params': 1413905, 'time_iter': 14.7424, 'accuracy': 0.9654, 'precision': 0.7398, 'recall': 0.1177, 'f1': 0.2031, 'auc': 0.7885}
val: {'epoch': 36, 'loss': 0.0945, 'lr': 0.001, 'params': 1413905, 'time_iter': 2.9954, 'accuracy': 0.9791, 'precision': 0.3684, 'recall': 0.0864, 'f1': 0.14, 'auc': 0.734}
train: {'epoch': 36, 'eta': 962026.9918, 'loss': 0.1303, 'lr': 0.001, 'params': 1413905, 'time_iter': 14.5675, 'accuracy': 0.9655, 'precision': 0.7389, 'recall': 0.1218, 'f1': 0.2091, 'auc': 0.7852}
val: {'epoch': 37, 'loss': 0.0895, 'lr': 0.001, 'params': 1413905, 'time_iter': 2.5492, 'accuracy': 0.9808, 'precision': 0.5833, 'recall': 0.0864, 'f1': 0.1505, 'auc': 0.7555}
train: {'epoch': 37, 'eta': 945773.1973, 'loss': 0.1291, 'lr': 0.001, 'params': 1413905, 'time_iter': 14.2541, 'accuracy': 0.9655, 'precision': 0.7308, 'recall': 0.1234, 'f1': 0.2111, 'auc': 0.7939}
val: {'epoch': 38, 'loss': 0.0917, 'lr': 0.001, 'params': 1413905, 'time_iter': 2.8958, 'accuracy': 0.9788, 'precision': 0.35, 'recall': 0.0864, 'f1': 0.1386, 'auc': 0.7807}
train: {'epoch': 38, 'eta': 929219.8517, 'loss': 0.1288, 'lr': 0.001, 'params': 1413905, 'time_iter': 14.0174, 'accuracy': 0.9652, 'precision': 0.7062, 'recall': 0.1209, 'f1': 0.2065, 'auc': 0.794}
val: {'epoch': 39, 'loss': 0.0925, 'lr': 0.001, 'params': 1413905, 'time_iter': 2.4531, 'accuracy': 0.9781, 'precision': 0.3043, 'recall': 0.0864, 'f1': 0.1346, 'auc': 0.7648}
train: {'epoch': 39, 'eta': 913822.4938, 'loss': 0.1285, 'lr': 0.001, 'params': 1413905, 'time_iter': 14.6974, 'accuracy': 0.9657, 'precision': 0.7289, 'recall': 0.1331, 'f1': 0.2251, 'auc': 0.7935}
val: {'epoch': 40, 'loss': 0.0885, 'lr': 0.001, 'params': 1413905, 'time_iter': 2.5224, 'accuracy': 0.9801, 'precision': 0.4667, 'recall': 0.0864, 'f1': 0.1458, 'auc': 0.7748}
train: {'epoch': 40, 'eta': 897841.263, 'loss': 0.1285, 'lr': 0.001, 'params': 1413905, 'time_iter': 14.2941, 'accuracy': 0.9653, 'precision': 0.7286, 'recall': 0.1177, 'f1': 0.2027, 'auc': 0.7947}
val: {'epoch': 41, 'loss': 0.0958, 'lr': 0.001, 'params': 1413905, 'time_iter': 2.6332, 'accuracy': 0.9801, 'precision': 0.4667, 'recall': 0.0864, 'f1': 0.1458, 'auc': 0.751}
train: {'epoch': 41, 'eta': 881776.0654, 'loss': 0.1285, 'lr': 0.001, 'params': 1413905, 'time_iter': 14.1923, 'accuracy': 0.9657, 'precision': 0.7488, 'recall': 0.1282, 'f1': 0.219, 'auc': 0.7978}
val: {'epoch': 42, 'loss': 0.0926, 'lr': 0.001, 'params': 1413905, 'time_iter': 2.6131, 'accuracy': 0.9796, 'precision': 0.4118, 'recall': 0.0864, 'f1': 0.1429, 'auc': 0.7569}
train: {'epoch': 42, 'eta': 866369.8134, 'loss': 0.1282, 'lr': 0.001, 'params': 1413905, 'time_iter': 14.6256, 'accuracy': 0.9657, 'precision': 0.7465, 'recall': 0.1291, 'f1': 0.2201, 'auc': 0.7975}
val: {'epoch': 43, 'loss': 0.0956, 'lr': 0.001, 'params': 1413905, 'time_iter': 2.8835, 'accuracy': 0.9798, 'precision': 0.45, 'recall': 0.1111, 'f1': 0.1782, 'auc': 0.7304}
train: {'epoch': 43, 'eta': 851121.7767, 'loss': 0.1274, 'lr': 0.001, 'params': 1413905, 'time_iter': 14.734, 'accuracy': 0.9657, 'precision': 0.7442, 'recall': 0.1299, 'f1': 0.2211, 'auc': 0.799}
val: {'epoch': 44, 'loss': 0.0932, 'lr': 0.001, 'params': 1413905, 'time_iter': 2.6324, 'accuracy': 0.9796, 'precision': 0.4211, 'recall': 0.0988, 'f1': 0.16, 'auc': 0.7285}
train: {'epoch': 44, 'eta': 836877.6563, 'loss': 0.1267, 'lr': 0.001, 'params': 1413905, 'time_iter': 15.5292, 'accuracy': 0.9656, 'precision': 0.7155, 'recall': 0.1347, 'f1': 0.2268, 'auc': 0.8025}
val: {'epoch': 45, 'loss': 0.1017, 'lr': 0.001, 'params': 1413905, 'time_iter': 2.5244, 'accuracy': 0.9781, 'precision': 0.3448, 'recall': 0.1235, 'f1': 0.1818, 'auc': 0.701}
train: {'epoch': 45, 'eta': 821780.5003, 'loss': 0.127, 'lr': 0.001, 'params': 1413905, 'time_iter': 14.8855, 'accuracy': 0.966, 'precision': 0.7615, 'recall': 0.1347, 'f1': 0.229, 'auc': 0.7987}
val: {'epoch': 46, 'loss': 0.0922, 'lr': 0.001, 'params': 1413905, 'time_iter': 2.7427, 'accuracy': 0.9791, 'precision': 0.3913, 'recall': 0.1111, 'f1': 0.1731, 'auc': 0.7743}
train: {'epoch': 46, 'eta': 806154.2469, 'loss': 0.1275, 'lr': 0.001, 'params': 1413905, 'time_iter': 14.4376, 'accuracy': 0.9653, 'precision': 0.7027, 'recall': 0.1266, 'f1': 0.2146, 'auc': 0.801}
val: {'epoch': 47, 'loss': 0.0954, 'lr': 0.001, 'params': 1413905, 'time_iter': 3.0629, 'accuracy': 0.9798, 'precision': 0.4444, 'recall': 0.0988, 'f1': 0.1616, 'auc': 0.7509}
train: {'epoch': 47, 'eta': 791860.4352, 'loss': 0.1262, 'lr': 0.001, 'params': 1413905, 'time_iter': 15.6041, 'accuracy': 0.9657, 'precision': 0.7249, 'recall': 0.1347, 'f1': 0.2272, 'auc': 0.8055}
val: {'epoch': 48, 'loss': 0.0934, 'lr': 0.001, 'params': 1413905, 'time_iter': 2.6683, 'accuracy': 0.9798, 'precision': 0.4444, 'recall': 0.0988, 'f1': 0.1616, 'auc': 0.7401}
train: {'epoch': 48, 'eta': 776009.8618, 'loss': 0.1251, 'lr': 0.001, 'params': 1413905, 'time_iter': 14.2177, 'accuracy': 0.9657, 'precision': 0.7222, 'recall': 0.1372, 'f1': 0.2306, 'auc': 0.812}
val: {'epoch': 49, 'loss': 0.0953, 'lr': 0.001, 'params': 1413905, 'time_iter': 2.9828, 'accuracy': 0.9796, 'precision': 0.4348, 'recall': 0.1235, 'f1': 0.1923, 'auc': 0.7369}
train: {'epoch': 49, 'eta': 761751.8207, 'loss': 0.1244, 'lr': 0.001, 'params': 1413905, 'time_iter': 15.7179, 'accuracy': 0.9661, 'precision': 0.7522, 'recall': 0.1404, 'f1': 0.2367, 'auc': 0.8144}
val: {'epoch': 50, 'loss': 0.0942, 'lr': 0.001, 'params': 1413905, 'time_iter': 2.7759, 'accuracy': 0.9801, 'precision': 0.4762, 'recall': 0.1235, 'f1': 0.1961, 'auc': 0.7574}
train: {'epoch': 50, 'eta': 747216.2953, 'loss': 0.1234, 'lr': 0.001, 'params': 1413905, 'time_iter': 15.5132, 'accuracy': 0.9657, 'precision': 0.7073, 'recall': 0.1412, 'f1': 0.2355, 'auc': 0.8198}
val: {'epoch': 51, 'loss': 0.098, 'lr': 0.001, 'params': 1413905, 'time_iter': 3.4928, 'accuracy': 0.9813, 'precision': 0.6429, 'recall': 0.1111, 'f1': 0.1895, 'auc': 0.7533}
train: {'epoch': 51, 'eta': 732461.0783, 'loss': 0.1233, 'lr': 0.001, 'params': 1413905, 'time_iter': 15.3397, 'accuracy': 0.9657, 'precision': 0.7063, 'recall': 0.1445, 'f1': 0.2399, 'auc': 0.8183}
val: {'epoch': 52, 'loss': 0.0938, 'lr': 0.001, 'params': 1413905, 'time_iter': 2.7664, 'accuracy': 0.9793, 'precision': 0.4091, 'recall': 0.1111, 'f1': 0.1748, 'auc': 0.7559}
train: {'epoch': 52, 'eta': 717413.2446, 'loss': 0.1229, 'lr': 0.001, 'params': 1413905, 'time_iter': 15.0616, 'accuracy': 0.9661, 'precision': 0.7438, 'recall': 0.1461, 'f1': 0.2442, 'auc': 0.8183}
val: {'epoch': 53, 'loss': 0.0933, 'lr': 0.001, 'params': 1413905, 'time_iter': 2.8649, 'accuracy': 0.9805, 'precision': 0.5294, 'recall': 0.1111, 'f1': 0.1837, 'auc': 0.7553}
train: {'epoch': 53, 'eta': 702162.9407, 'loss': 0.1237, 'lr': 0.001, 'params': 1413905, 'time_iter': 14.8497, 'accuracy': 0.9657, 'precision': 0.6977, 'recall': 0.1461, 'f1': 0.2416, 'auc': 0.8139}
val: {'epoch': 54, 'loss': 0.0943, 'lr': 0.001, 'params': 1413905, 'time_iter': 2.672, 'accuracy': 0.9793, 'precision': 0.4167, 'recall': 0.1235, 'f1': 0.1905, 'auc': 0.7578}
train: {'epoch': 54, 'eta': 687109.8121, 'loss': 0.1218, 'lr': 0.001, 'params': 1413905, 'time_iter': 15.0852, 'accuracy': 0.9664, 'precision': 0.747, 'recall': 0.1534, 'f1': 0.2545, 'auc': 0.823}
val: {'epoch': 55, 'loss': 0.0964, 'lr': 0.001, 'params': 1413905, 'time_iter': 2.5499, 'accuracy': 0.981, 'precision': 0.5882, 'recall': 0.1235, 'f1': 0.2041, 'auc': 0.7324}
train: {'epoch': 55, 'eta': 671745.7594, 'loss': 0.122, 'lr': 0.001, 'params': 1413905, 'time_iter': 14.7213, 'accuracy': 0.9658, 'precision': 0.7, 'recall': 0.1534, 'f1': 0.2517, 'auc': 0.8198}
val: {'epoch': 56, 'loss': 0.0939, 'lr': 0.001, 'params': 1413905, 'time_iter': 2.7206, 'accuracy': 0.9786, 'precision': 0.3871, 'recall': 0.1481, 'f1': 0.2143, 'auc': 0.7638}
train: {'epoch': 56, 'eta': 656499.9297, 'loss': 0.1243, 'lr': 0.001, 'params': 1413905, 'time_iter': 14.8639, 'accuracy': 0.966, 'precision': 0.7347, 'recall': 0.1461, 'f1': 0.2437, 'auc': 0.8107}
val: {'epoch': 57, 'loss': 0.0972, 'lr': 0.001, 'params': 1413905, 'time_iter': 2.6084, 'accuracy': 0.9803, 'precision': 0.5, 'recall': 0.1481, 'f1': 0.2286, 'auc': 0.7032}
train: {'epoch': 57, 'eta': 641740.8367, 'loss': 0.1205, 'lr': 0.001, 'params': 1413905, 'time_iter': 15.5194, 'accuracy': 0.9659, 'precision': 0.7041, 'recall': 0.1526, 'f1': 0.2508, 'auc': 0.8279}
val: {'epoch': 58, 'loss': 0.0906, 'lr': 0.001, 'params': 1413905, 'time_iter': 2.8512, 'accuracy': 0.9808, 'precision': 0.5625, 'recall': 0.1111, 'f1': 0.1856, 'auc': 0.7452}
train: {'epoch': 58, 'eta': 626965.0393, 'loss': 0.1205, 'lr': 0.001, 'params': 1413905, 'time_iter': 15.5534, 'accuracy': 0.9658, 'precision': 0.7061, 'recall': 0.1502, 'f1': 0.2477, 'auc': 0.8279}
val: {'epoch': 59, 'loss': 0.0958, 'lr': 0.001, 'params': 1413905, 'time_iter': 2.6217, 'accuracy': 0.9781, 'precision': 0.3448, 'recall': 0.1235, 'f1': 0.1818, 'auc': 0.7574}
train: {'epoch': 59, 'eta': 611959.1346, 'loss': 0.1192, 'lr': 0.001, 'params': 1413905, 'time_iter': 15.2777, 'accuracy': 0.9661, 'precision': 0.7071, 'recall': 0.1607, 'f1': 0.2619, 'auc': 0.8275}
val: {'epoch': 60, 'loss': 0.093, 'lr': 0.001, 'params': 1413905, 'time_iter': 2.6155, 'accuracy': 0.9788, 'precision': 0.3846, 'recall': 0.1235, 'f1': 0.1869, 'auc': 0.7682}
train: {'epoch': 60, 'eta': 597496.5871, 'loss': 0.1189, 'lr': 0.001, 'params': 1413905, 'time_iter': 16.1392, 'accuracy': 0.9664, 'precision': 0.7114, 'recall': 0.1721, 'f1': 0.2771, 'auc': 0.8318}
val: {'epoch': 61, 'loss': 0.0923, 'lr': 0.001, 'params': 1413905, 'time_iter': 2.8124, 'accuracy': 0.9803, 'precision': 0.5, 'recall': 0.1481, 'f1': 0.2286, 'auc': 0.7644}
train: {'epoch': 61, 'eta': 582427.6902, 'loss': 0.1188, 'lr': 0.001, 'params': 1413905, 'time_iter': 15.2875, 'accuracy': 0.9664, 'precision': 0.7316, 'recall': 0.1615, 'f1': 0.2646, 'auc': 0.8303}
val: {'epoch': 62, 'loss': 0.0939, 'lr': 0.001, 'params': 1413905, 'time_iter': 2.5573, 'accuracy': 0.9798, 'precision': 0.45, 'recall': 0.1111, 'f1': 0.1782, 'auc': 0.7537}
train: {'epoch': 62, 'eta': 567178.1051, 'loss': 0.1184, 'lr': 0.001, 'params': 1413905, 'time_iter': 15.0233, 'accuracy': 0.9667, 'precision': 0.7322, 'recall': 0.1753, 'f1': 0.2829, 'auc': 0.8326}
val: {'epoch': 63, 'loss': 0.0904, 'lr': 0.001, 'params': 1413905, 'time_iter': 2.8103, 'accuracy': 0.9803, 'precision': 0.5, 'recall': 0.1481, 'f1': 0.2286, 'auc': 0.7624}
train: {'epoch': 63, 'eta': 552180.9395, 'loss': 0.1172, 'lr': 0.001, 'params': 1413905, 'time_iter': 15.4707, 'accuracy': 0.9671, 'precision': 0.7419, 'recall': 0.1867, 'f1': 0.2983, 'auc': 0.8324}
val: {'epoch': 64, 'loss': 0.0954, 'lr': 0.001, 'params': 1413905, 'time_iter': 2.8259, 'accuracy': 0.9776, 'precision': 0.3429, 'recall': 0.1481, 'f1': 0.2069, 'auc': 0.7445}
train: {'epoch': 64, 'eta': 536854.7529, 'loss': 0.1178, 'lr': 0.001, 'params': 1413905, 'time_iter': 14.9281, 'accuracy': 0.9661, 'precision': 0.6997, 'recall': 0.1664, 'f1': 0.2689, 'auc': 0.8344}
val: {'epoch': 65, 'loss': 0.0924, 'lr': 0.001, 'params': 1413905, 'time_iter': 2.7795, 'accuracy': 0.9805, 'precision': 0.5333, 'recall': 0.0988, 'f1': 0.1667, 'auc': 0.7537}
train: {'epoch': 65, 'eta': 521431.5367, 'loss': 0.1165, 'lr': 0.001, 'params': 1413905, 'time_iter': 14.747, 'accuracy': 0.9666, 'precision': 0.7219, 'recall': 0.1769, 'f1': 0.2842, 'auc': 0.8364}
val: {'epoch': 66, 'loss': 0.0964, 'lr': 0.001, 'params': 1413905, 'time_iter': 3.1641, 'accuracy': 0.9801, 'precision': 0.4783, 'recall': 0.1358, 'f1': 0.2115, 'auc': 0.746}
train: {'epoch': 66, 'eta': 505999.995, 'loss': 0.1159, 'lr': 0.001, 'params': 1413905, 'time_iter': 14.7159, 'accuracy': 0.9667, 'precision': 0.7199, 'recall': 0.1794, 'f1': 0.2872, 'auc': 0.8404}
val: {'epoch': 67, 'loss': 0.0989, 'lr': 0.001, 'params': 1413905, 'time_iter': 2.7599, 'accuracy': 0.9803, 'precision': 0.5, 'recall': 0.1605, 'f1': 0.243, 'auc': 0.7674}
train: {'epoch': 67, 'eta': 490729.5672, 'loss': 0.1156, 'lr': 0.001, 'params': 1413905, 'time_iter': 15.0311, 'accuracy': 0.9667, 'precision': 0.7161, 'recall': 0.1843, 'f1': 0.2931, 'auc': 0.8412}
val: {'epoch': 68, 'loss': 0.0952, 'lr': 0.001, 'params': 1413905, 'time_iter': 2.7221, 'accuracy': 0.9798, 'precision': 0.4643, 'recall': 0.1605, 'f1': 0.2385, 'auc': 0.7872}
train: {'epoch': 68, 'eta': 475560.6319, 'loss': 0.1154, 'lr': 0.001, 'params': 1413905, 'time_iter': 15.263, 'accuracy': 0.9674, 'precision': 0.7409, 'recall': 0.1972, 'f1': 0.3115, 'auc': 0.8444}
val: {'epoch': 69, 'loss': 0.0955, 'lr': 0.001, 'params': 1413905, 'time_iter': 2.5612, 'accuracy': 0.9805, 'precision': 0.5217, 'recall': 0.1481, 'f1': 0.2308, 'auc': 0.7636}
train: {'epoch': 69, 'eta': 460387.0036, 'loss': 0.1146, 'lr': 0.001, 'params': 1413905, 'time_iter': 15.2871, 'accuracy': 0.9672, 'precision': 0.7368, 'recall': 0.1932, 'f1': 0.3061, 'auc': 0.8439}
val: {'epoch': 70, 'loss': 0.0933, 'lr': 0.001, 'params': 1413905, 'time_iter': 2.8022, 'accuracy': 0.9803, 'precision': 0.5, 'recall': 0.1481, 'f1': 0.2286, 'auc': 0.7355}
train: {'epoch': 70, 'eta': 445041.3341, 'loss': 0.1149, 'lr': 0.001, 'params': 1413905, 'time_iter': 14.9151, 'accuracy': 0.9672, 'precision': 0.7325, 'recall': 0.1956, 'f1': 0.3088, 'auc': 0.844}
val: {'epoch': 71, 'loss': 0.0916, 'lr': 0.001, 'params': 1413905, 'time_iter': 3.2964, 'accuracy': 0.9801, 'precision': 0.48, 'recall': 0.1481, 'f1': 0.2264, 'auc': 0.7852}
train: {'epoch': 71, 'eta': 429838.2915, 'loss': 0.1146, 'lr': 0.001, 'params': 1413905, 'time_iter': 15.2716, 'accuracy': 0.9669, 'precision': 0.7173, 'recall': 0.1916, 'f1': 0.3024, 'auc': 0.842}
val: {'epoch': 72, 'loss': 0.0941, 'lr': 0.001, 'params': 1413905, 'time_iter': 2.5327, 'accuracy': 0.9793, 'precision': 0.4333, 'recall': 0.1605, 'f1': 0.2342, 'auc': 0.7631}
train: {'epoch': 72, 'eta': 414631.308, 'loss': 0.1146, 'lr': 0.001, 'params': 1413905, 'time_iter': 15.2981, 'accuracy': 0.9673, 'precision': 0.7422, 'recall': 0.194, 'f1': 0.3076, 'auc': 0.8447}
val: {'epoch': 73, 'loss': 0.0949, 'lr': 0.001, 'params': 1413905, 'time_iter': 2.6961, 'accuracy': 0.982, 'precision': 0.7333, 'recall': 0.1358, 'f1': 0.2292, 'auc': 0.7616}
train: {'epoch': 73, 'eta': 399431.4236, 'loss': 0.1142, 'lr': 0.001, 'params': 1413905, 'time_iter': 15.3577, 'accuracy': 0.968, 'precision': 0.7672, 'recall': 0.2086, 'f1': 0.328, 'auc': 0.843}
val: {'epoch': 74, 'loss': 0.0936, 'lr': 0.001, 'params': 1413905, 'time_iter': 2.5155, 'accuracy': 0.9803, 'precision': 0.5, 'recall': 0.1235, 'f1': 0.198, 'auc': 0.7482}
train: {'epoch': 74, 'eta': 384180.8955, 'loss': 0.1138, 'lr': 0.001, 'params': 1413905, 'time_iter': 15.257, 'accuracy': 0.9669, 'precision': 0.7076, 'recall': 0.1964, 'f1': 0.3075, 'auc': 0.849}
val: {'epoch': 75, 'loss': 0.0923, 'lr': 0.001, 'params': 1413905, 'time_iter': 2.6487, 'accuracy': 0.9786, 'precision': 0.3939, 'recall': 0.1605, 'f1': 0.2281, 'auc': 0.7747}
train: {'epoch': 75, 'eta': 368735.5673, 'loss': 0.1117, 'lr': 0.001, 'params': 1413905, 'time_iter': 14.6938, 'accuracy': 0.9678, 'precision': 0.7444, 'recall': 0.2151, 'f1': 0.3338, 'auc': 0.852}
val: {'epoch': 76, 'loss': 0.0932, 'lr': 0.001, 'params': 1413905, 'time_iter': 2.8995, 'accuracy': 0.9791, 'precision': 0.381, 'recall': 0.0988, 'f1': 0.1569, 'auc': 0.7837}
train: {'epoch': 76, 'eta': 353406.2259, 'loss': 0.1123, 'lr': 0.001, 'params': 1413905, 'time_iter': 15.0437, 'accuracy': 0.9682, 'precision': 0.752, 'recall': 0.224, 'f1': 0.3452, 'auc': 0.854}
val: {'epoch': 77, 'loss': 0.0915, 'lr': 0.001, 'params': 1413905, 'time_iter': 2.7564, 'accuracy': 0.9801, 'precision': 0.4815, 'recall': 0.1605, 'f1': 0.2407, 'auc': 0.7834}
train: {'epoch': 77, 'eta': 338034.3146, 'loss': 0.1121, 'lr': 0.001, 'params': 1413905, 'time_iter': 14.9103, 'accuracy': 0.9675, 'precision': 0.7263, 'recall': 0.211, 'f1': 0.327, 'auc': 0.8511}
val: {'epoch': 78, 'loss': 0.1022, 'lr': 0.001, 'params': 1413905, 'time_iter': 2.9485, 'accuracy': 0.9759, 'precision': 0.25, 'recall': 0.1111, 'f1': 0.1538, 'auc': 0.7385}
train: {'epoch': 78, 'eta': 322759.3831, 'loss': 0.1119, 'lr': 0.001, 'params': 1413905, 'time_iter': 15.2622, 'accuracy': 0.968, 'precision': 0.7542, 'recall': 0.2167, 'f1': 0.3367, 'auc': 0.8512}
val: {'epoch': 79, 'loss': 0.0951, 'lr': 0.001, 'params': 1413905, 'time_iter': 2.5604, 'accuracy': 0.9801, 'precision': 0.4706, 'recall': 0.0988, 'f1': 0.1633, 'auc': 0.7724}
train: {'epoch': 79, 'eta': 307424.2464, 'loss': 0.1109, 'lr': 0.001, 'params': 1413905, 'time_iter': 15.0699, 'accuracy': 0.9684, 'precision': 0.7487, 'recall': 0.2346, 'f1': 0.3572, 'auc': 0.8568}
val: {'epoch': 80, 'loss': 0.0977, 'lr': 0.001, 'params': 1413905, 'time_iter': 2.9338, 'accuracy': 0.9823, 'precision': 0.7857, 'recall': 0.1358, 'f1': 0.2316, 'auc': 0.7801}
train: {'epoch': 80, 'eta': 292007.0085, 'loss': 0.1108, 'lr': 0.001, 'params': 1413905, 'time_iter': 14.7473, 'accuracy': 0.9681, 'precision': 0.7326, 'recall': 0.2313, 'f1': 0.3516, 'auc': 0.8562}
val: {'epoch': 81, 'loss': 0.0937, 'lr': 0.001, 'params': 1413905, 'time_iter': 3.2335, 'accuracy': 0.982, 'precision': 0.7692, 'recall': 0.1235, 'f1': 0.2128, 'auc': 0.7842}
train: {'epoch': 81, 'eta': 276621.3393, 'loss': 0.1109, 'lr': 0.001, 'params': 1413905, 'time_iter': 14.8609, 'accuracy': 0.9684, 'precision': 0.7462, 'recall': 0.2362, 'f1': 0.3588, 'auc': 0.8555}
val: {'epoch': 82, 'loss': 0.0963, 'lr': 0.001, 'params': 1413905, 'time_iter': 2.6501, 'accuracy': 0.9823, 'precision': 0.75, 'recall': 0.1481, 'f1': 0.2474, 'auc': 0.7819}
train: {'epoch': 82, 'eta': 261167.1828, 'loss': 0.1091, 'lr': 0.001, 'params': 1413905, 'time_iter': 14.5253, 'accuracy': 0.9693, 'precision': 0.774, 'recall': 0.2557, 'f1': 0.3844, 'auc': 0.8612}
val: {'epoch': 83, 'loss': 0.098, 'lr': 0.001, 'params': 1413905, 'time_iter': 2.7231, 'accuracy': 0.9813, 'precision': 0.6111, 'recall': 0.1358, 'f1': 0.2222, 'auc': 0.7587}
train: {'epoch': 83, 'eta': 245788.5049, 'loss': 0.1105, 'lr': 0.001, 'params': 1413905, 'time_iter': 14.8487, 'accuracy': 0.9682, 'precision': 0.7268, 'recall': 0.2419, 'f1': 0.363, 'auc': 0.8585}
val: {'epoch': 84, 'loss': 0.0964, 'lr': 0.001, 'params': 1413905, 'time_iter': 2.4945, 'accuracy': 0.981, 'precision': 0.6, 'recall': 0.1111, 'f1': 0.1875, 'auc': 0.7838}
train: {'epoch': 84, 'eta': 230382.9145, 'loss': 0.1095, 'lr': 0.001, 'params': 1413905, 'time_iter': 14.6876, 'accuracy': 0.9686, 'precision': 0.7438, 'recall': 0.2451, 'f1': 0.3687, 'auc': 0.8618}
val: {'epoch': 85, 'loss': 0.0933, 'lr': 0.001, 'params': 1413905, 'time_iter': 2.5475, 'accuracy': 0.982, 'precision': 0.8182, 'recall': 0.1111, 'f1': 0.1957, 'auc': 0.7797}
train: {'epoch': 85, 'eta': 214980.196, 'loss': 0.109, 'lr': 0.001, 'params': 1413905, 'time_iter': 14.6642, 'accuracy': 0.969, 'precision': 0.7512, 'recall': 0.2573, 'f1': 0.3833, 'auc': 0.8586}
val: {'epoch': 86, 'loss': 0.0904, 'lr': 0.001, 'params': 1413905, 'time_iter': 2.954, 'accuracy': 0.9805, 'precision': 0.5263, 'recall': 0.1235, 'f1': 0.2, 'auc': 0.7734}
train: {'epoch': 86, 'eta': 199571.5183, 'loss': 0.1089, 'lr': 0.001, 'params': 1413905, 'time_iter': 14.5786, 'accuracy': 0.9688, 'precision': 0.7543, 'recall': 0.2492, 'f1': 0.3746, 'auc': 0.8624}
val: {'epoch': 87, 'loss': 0.0923, 'lr': 0.001, 'params': 1413905, 'time_iter': 2.6158, 'accuracy': 0.9805, 'precision': 0.5263, 'recall': 0.1235, 'f1': 0.2, 'auc': 0.792}
train: {'epoch': 87, 'eta': 184203.5255, 'loss': 0.1077, 'lr': 0.001, 'params': 1413905, 'time_iter': 14.8026, 'accuracy': 0.9688, 'precision': 0.7347, 'recall': 0.263, 'f1': 0.3873, 'auc': 0.8662}
val: {'epoch': 88, 'loss': 0.0948, 'lr': 0.001, 'params': 1413905, 'time_iter': 2.5709, 'accuracy': 0.9815, 'precision': 0.6316, 'recall': 0.1481, 'f1': 0.24, 'auc': 0.7853}
train: {'epoch': 88, 'eta': 168813.8839, 'loss': 0.1075, 'lr': 0.001, 'params': 1413905, 'time_iter': 14.6083, 'accuracy': 0.9696, 'precision': 0.7829, 'recall': 0.2606, 'f1': 0.391, 'auc': 0.8669}
val: {'epoch': 89, 'loss': 0.0939, 'lr': 0.001, 'params': 1413905, 'time_iter': 2.6634, 'accuracy': 0.9781, 'precision': 0.3636, 'recall': 0.1481, 'f1': 0.2105, 'auc': 0.7845}
train: {'epoch': 89, 'eta': 153451.4216, 'loss': 0.1074, 'lr': 0.001, 'params': 1413905, 'time_iter': 14.7765, 'accuracy': 0.9687, 'precision': 0.7238, 'recall': 0.2638, 'f1': 0.3867, 'auc': 0.866}
val: {'epoch': 90, 'loss': 0.0948, 'lr': 0.001, 'params': 1413905, 'time_iter': 2.7596, 'accuracy': 0.981, 'precision': 0.5789, 'recall': 0.1358, 'f1': 0.22, 'auc': 0.7553}
train: {'epoch': 90, 'eta': 138119.9731, 'loss': 0.1068, 'lr': 0.001, 'params': 1413905, 'time_iter': 15.0472, 'accuracy': 0.9694, 'precision': 0.7617, 'recall': 0.2646, 'f1': 0.3928, 'auc': 0.8695}
val: {'epoch': 91, 'loss': 0.0977, 'lr': 0.001, 'params': 1413905, 'time_iter': 2.9232, 'accuracy': 0.9798, 'precision': 0.4545, 'recall': 0.1235, 'f1': 0.1942, 'auc': 0.7495}
train: {'epoch': 91, 'eta': 122805.6105, 'loss': 0.1079, 'lr': 0.001, 'params': 1413905, 'time_iter': 15.2751, 'accuracy': 0.9692, 'precision': 0.7523, 'recall': 0.2662, 'f1': 0.3933, 'auc': 0.8655}
val: {'epoch': 92, 'loss': 0.0969, 'lr': 0.001, 'params': 1413905, 'time_iter': 2.7095, 'accuracy': 0.9825, 'precision': 0.8462, 'recall': 0.1358, 'f1': 0.234, 'auc': 0.7864}
train: {'epoch': 92, 'eta': 107512.3473, 'loss': 0.1068, 'lr': 0.001, 'params': 1413905, 'time_iter': 15.6597, 'accuracy': 0.9695, 'precision': 0.7585, 'recall': 0.2703, 'f1': 0.3986, 'auc': 0.8679}
val: {'epoch': 93, 'loss': 0.0953, 'lr': 0.001, 'params': 1413905, 'time_iter': 2.6574, 'accuracy': 0.9798, 'precision': 0.4643, 'recall': 0.1605, 'f1': 0.2385, 'auc': 0.762}
train: {'epoch': 93, 'eta': 92176.2983, 'loss': 0.1061, 'lr': 0.001, 'params': 1413905, 'time_iter': 15.2741, 'accuracy': 0.97, 'precision': 0.7829, 'recall': 0.2752, 'f1': 0.4072, 'auc': 0.8694}
val: {'epoch': 94, 'loss': 0.0933, 'lr': 0.001, 'params': 1413905, 'time_iter': 2.5594, 'accuracy': 0.9818, 'precision': 0.6667, 'recall': 0.1481, 'f1': 0.2424, 'auc': 0.7903}
train: {'epoch': 94, 'eta': 76831.3488, 'loss': 0.1053, 'lr': 0.001, 'params': 1413905, 'time_iter': 15.2578, 'accuracy': 0.9698, 'precision': 0.7609, 'recall': 0.2841, 'f1': 0.4137, 'auc': 0.8747}
val: {'epoch': 95, 'loss': 0.0894, 'lr': 0.001, 'params': 1413905, 'time_iter': 2.7016, 'accuracy': 0.9832, 'precision': 1.0, 'recall': 0.1481, 'f1': 0.2581, 'auc': 0.7979}
train: {'epoch': 95, 'eta': 61444.34, 'loss': 0.106, 'lr': 0.001, 'params': 1413905, 'time_iter': 14.4495, 'accuracy': 0.9694, 'precision': 0.7473, 'recall': 0.276, 'f1': 0.4031, 'auc': 0.8707}
val: {'epoch': 96, 'loss': 0.0915, 'lr': 0.001, 'params': 1413905, 'time_iter': 3.1997, 'accuracy': 0.982, 'precision': 0.7692, 'recall': 0.1235, 'f1': 0.2128, 'auc': 0.7876}
train: {'epoch': 96, 'eta': 46087.6796, 'loss': 0.1053, 'lr': 0.001, 'params': 1413905, 'time_iter': 15.0672, 'accuracy': 0.9692, 'precision': 0.745, 'recall': 0.2703, 'f1': 0.3967, 'auc': 0.8726}
val: {'epoch': 97, 'loss': 0.093, 'lr': 0.001, 'params': 1413905, 'time_iter': 2.6762, 'accuracy': 0.9825, 'precision': 0.8462, 'recall': 0.1358, 'f1': 0.234, 'auc': 0.7957}
train: {'epoch': 97, 'eta': 30734.6901, 'loss': 0.1053, 'lr': 0.001, 'params': 1413905, 'time_iter': 15.3853, 'accuracy': 0.9696, 'precision': 0.7583, 'recall': 0.2776, 'f1': 0.4064, 'auc': 0.8732}
val: {'epoch': 98, 'loss': 0.0902, 'lr': 0.001, 'params': 1413905, 'time_iter': 2.6663, 'accuracy': 0.982, 'precision': 0.6842, 'recall': 0.1605, 'f1': 0.26, 'auc': 0.8023}
train: {'epoch': 98, 'eta': 15365.0956, 'loss': 0.1051, 'lr': 0.001, 'params': 1413905, 'time_iter': 14.7178, 'accuracy': 0.9699, 'precision': 0.766, 'recall': 0.2817, 'f1': 0.4119, 'auc': 0.8763}
val: {'epoch': 99, 'loss': 0.095, 'lr': 0.001, 'params': 1413905, 'time_iter': 2.8739, 'accuracy': 0.9805, 'precision': 0.5217, 'recall': 0.1481, 'f1': 0.2308, 'auc': 0.7704}
train: {'epoch': 99, 'eta': 0.0, 'loss': 0.1033, 'lr': 0.001, 'params': 1413905, 'time_iter': 15.0715, 'accuracy': 0.9705, 'precision': 0.7702, 'recall': 0.3019, 'f1': 0.4338, 'auc': 0.8778}
test: {'epoch': 99, 'loss': 0.151, 'lr': 0.001, 'params': 1413905, 'time_iter': 2.3879, 'accuracy': 0.9686, 'precision': 0.52, 'recall': 0.1, 'f1': 0.1677, 'auc': 0.7624}
test: {'epoch': 98, 'loss': 0.1529, 'lr': 0.001, 'params': 1413905, 'time_iter': 2.5857, 'accuracy': 0.9699, 'precision': 0.6154, 'recall': 0.1231, 'f1': 0.2051, 'auc': 0.7529}
Results aggregated across runs saved in results_experiments/ogbg_molhiv_baseline_grid_design/ogbg_molhiv_baseline-type=dilated_gnn-layer_type=eginconv-layers_k1=3-layers_k2=2-dilated_path_join=concat-learn_alpha_residual_connection=True/agg
