GraphGymModule(
  (model): DilatedGNNModel(
    (encoder): FeatureEncoder(
      (node_encoder): AtomEncoder(
        (atom_embedding_list): ModuleList(
          (0): Embedding(119, 300)
          (1): Embedding(4, 300)
          (2): Embedding(12, 300)
          (3): Embedding(12, 300)
          (4): Embedding(10, 300)
          (5): Embedding(6, 300)
          (6): Embedding(6, 300)
          (7): Embedding(2, 300)
          (8): Embedding(2, 300)
        )
      )
      (edge_encoder): BondEncoder(
        (bond_embedding_list): ModuleList(
          (0): Embedding(5, 300)
          (1): Embedding(6, 300)
          (2): Embedding(2, 300)
        )
      )
    )
    (mp): GNNDilatedEdgesFeatureStage(
      (classic_layers): ModuleList(
        (0): GeneralLayer(
          (layer): EGINConv(
            (model): GINEConv(nn=Sequential(
              (0): Linear(300, 300, bias=True)
              (1): ReLU()
              (2): Linear(300, 300, bias=True)
            ))
          )
          (post_layer): Sequential(
            (0): BatchNorm1d(300, eps=1e-05, momentum=0.1, affine=True, track_running_stats=True)
            (1): Dropout(p=0.5, inplace=False)
            (2): ReLU()
          )
        )
        (1): GeneralLayer(
          (layer): EGINConv(
            (model): GINEConv(nn=Sequential(
              (0): Linear(300, 300, bias=True)
              (1): ReLU()
              (2): Linear(300, 300, bias=True)
            ))
          )
          (post_layer): Sequential(
            (0): BatchNorm1d(300, eps=1e-05, momentum=0.1, affine=True, track_running_stats=True)
            (1): Dropout(p=0.5, inplace=False)
            (2): ReLU()
          )
        )
      )
      (dilated_layers): ModuleList(
        (0): DilatedGeneralLayer(
          (layer): EGINConv(
            (model): GINEConv(nn=Sequential(
              (0): Linear(300, 300, bias=True)
              (1): ReLU()
              (2): Linear(300, 300, bias=True)
            ))
          )
          (post_layer): Sequential(
            (0): BatchNorm1d(300, eps=1e-05, momentum=0.1, affine=True, track_running_stats=True)
            (1): Dropout(p=0.5, inplace=False)
            (2): ReLU()
          )
          (gem): GeM(p=3.0000, eps=1e-06)
        )
      )
      (act): ReLU()
    )
    (post_mp): GNNGraphHead(
      (layer_post_mp): MLP(
        (model): Sequential(
          (0): Linear(
            (model): Linear(600, 1, bias=True)
          )
        )
      )
    )
  )
)
accelerator: cuda
benchmark: False
bn:
  eps: 1e-05
  mom: 0.1
cfg_dest: config.yaml
custom_metrics: []
dataset:
  cache_load: False
  cache_save: False
  dir: ./datasets
  edge_dim: 300
  edge_encoder: True
  edge_encoder_bn: False
  edge_encoder_name: Bond
  edge_message_ratio: 0.8
  edge_negative_sampling_ratio: 1.0
  edge_train_mode: all
  encoder: True
  encoder_bn: True
  encoder_dim: 128
  encoder_name: db
  fast_loader: False
  format: OGB
  label_column: none
  label_table: none
  location: local
  name: ogbg-molhiv
  node_encoder: True
  node_encoder_bn: False
  node_encoder_name: Atom
  remove_feature: False
  resample_disjoint: False
  resample_negative: False
  shuffle_split: True
  split: [0.8, 0.1, 0.1]
  split_mode: random
  task: graph
  task_type: classification
  to_undirected: False
  transductive: False
  transform: none
  tu_simple: True
devices: 1
gnn:
  act: relu
  act_on_last_layer_mp: False
  agg: none
  att_final_linear: False
  att_final_linear_bn: False
  att_heads: 1
  batchnorm: True
  clear_feature: True
  dim_inner: 300
  dropout: 0.5
  head: graph
  keep_edge: 0.5
  l2norm: True
  layer_type: eginconv
  layers_k1: 2
  layers_k2: 1
  layers_mp: 5
  layers_post_mp: 1
  layers_pre_mp: 0
  msg_direction: single
  normalize_adj: False
  self_msg: concat
  skip_every: 1
  stage_type: dilated_stage
  use_edge_features: True
gpu_mem: False
mem:
  inplace: False
metric_agg: argmax
metric_best: auc
model:
  edge_decoding: dot
  graph_pooling: mean
  loss_fun: cross_entropy
  match_upper: True
  size_average: mean
  thresh: 0.5
  type: dilated_gnn
num_threads: 6
num_workers: 16
optim:
  base_lr: 0.001
  lr_decay: 0.1
  max_epoch: 100
  momentum: 0.9
  optimizer: adam
  scheduler: none
  steps: [30, 60, 90]
  weight_decay: 0.0
out_dir: results_experiments/ogbg_molhiv_baseline_grid_comparison/ogbg_molhiv_baseline-type=dilated_gnn-stage_type=dilated_stage-layer_type=eginconv-layers_k1=2-layers_k2=1-act_on_last_layer_mp=False
params: 870903
print: both
round: 4
run_dir: results_experiments/ogbg_molhiv_baseline_grid_comparison/ogbg_molhiv_baseline-type=dilated_gnn-stage_type=dilated_stage-layer_type=eginconv-layers_k1=2-layers_k2=1-act_on_last_layer_mp=False/9
seed: 10
share:
  dim_in: 9
  dim_out: 2
  num_splits: 3
tensorboard_agg: True
tensorboard_each_run: False
train:
  auto_resume: False
  batch_size: 32
  ckpt_clean: True
  ckpt_period: 100
  enable_ckpt: True
  epoch_resume: -1
  eval_period: 1
  iter_per_epoch: 32
  neighbor_sizes: [20, 15, 10, 5]
  node_per_graph: 32
  radius: extend
  sample_node: False
  sampler: full_batch
  skip_train_eval: False
  walk_length: 4
val:
  node_per_graph: 32
  radius: extend
  sample_node: False
  sampler: full_batch
view_emb: False
Num parameters: 870903
val: {'epoch': 0, 'loss': 0.6858, 'lr': 0.001, 'params': 870903, 'time_iter': 0.9885, 'accuracy': 0.9844, 'precision': 0.0, 'recall': 0.0, 'f1': 0.0, 'auc': 0.9524}
val: {'epoch': 0, 'loss': 0.0984, 'lr': 0.001, 'params': 870903, 'time_iter': 1.747, 'accuracy': 0.9803, 'precision': 0.0, 'recall': 0.0, 'f1': 0.0, 'auc': 0.56}
train: {'epoch': 0, 'eta': 1187644.7939, 'loss': 0.1862, 'lr': 0.001, 'params': 870903, 'time_iter': 11.6583, 'accuracy': 0.9619, 'precision': 0.0435, 'recall': 0.0008, 'f1': 0.0016, 'auc': 0.5434}
val: {'epoch': 1, 'loss': 0.0952, 'lr': 0.001, 'params': 870903, 'time_iter': 1.8654, 'accuracy': 0.9803, 'precision': 0.0, 'recall': 0.0, 'f1': 0.0, 'auc': 0.6295}
train: {'epoch': 1, 'eta': 1191490.2419, 'loss': 0.1537, 'lr': 0.001, 'params': 870903, 'time_iter': 11.9725, 'accuracy': 0.9626, 'precision': 0.0, 'recall': 0.0, 'f1': 0.0, 'auc': 0.6629}
val: {'epoch': 2, 'loss': 0.0895, 'lr': 0.001, 'params': 870903, 'time_iter': 1.8312, 'accuracy': 0.9803, 'precision': 0.0, 'recall': 0.0, 'f1': 0.0, 'auc': 0.6863}
train: {'epoch': 2, 'eta': 1176015.4013, 'loss': 0.151, 'lr': 0.001, 'params': 870903, 'time_iter': 11.7157, 'accuracy': 0.9626, 'precision': 0.0, 'recall': 0.0, 'f1': 0.0, 'auc': 0.68}
val: {'epoch': 3, 'loss': 0.0861, 'lr': 0.001, 'params': 870903, 'time_iter': 2.2044, 'accuracy': 0.9803, 'precision': 0.0, 'recall': 0.0, 'f1': 0.0, 'auc': 0.7204}
train: {'epoch': 3, 'eta': 1163842.6982, 'loss': 0.1466, 'lr': 0.001, 'params': 870903, 'time_iter': 11.7802, 'accuracy': 0.9626, 'precision': 0.0, 'recall': 0.0, 'f1': 0.0, 'auc': 0.7128}
val: {'epoch': 4, 'loss': 0.0896, 'lr': 0.001, 'params': 870903, 'time_iter': 1.728, 'accuracy': 0.9793, 'precision': 0.0, 'recall': 0.0, 'f1': 0.0, 'auc': 0.729}
train: {'epoch': 4, 'eta': 1157277.3773, 'loss': 0.1426, 'lr': 0.001, 'params': 870903, 'time_iter': 12.066, 'accuracy': 0.9625, 'precision': 0.25, 'recall': 0.0008, 'f1': 0.0016, 'auc': 0.737}
val: {'epoch': 5, 'loss': 0.087, 'lr': 0.001, 'params': 870903, 'time_iter': 1.8061, 'accuracy': 0.9818, 'precision': 0.75, 'recall': 0.1111, 'f1': 0.1935, 'auc': 0.7301}
train: {'epoch': 5, 'eta': 1139438.2457, 'loss': 0.1397, 'lr': 0.001, 'params': 870903, 'time_iter': 11.4876, 'accuracy': 0.9625, 'precision': 0.25, 'recall': 0.0008, 'f1': 0.0016, 'auc': 0.7504}
val: {'epoch': 6, 'loss': 0.09, 'lr': 0.001, 'params': 870903, 'time_iter': 1.8715, 'accuracy': 0.9803, 'precision': 0.5, 'recall': 0.0123, 'f1': 0.0241, 'auc': 0.7383}
train: {'epoch': 6, 'eta': 1132112.4626, 'loss': 0.1377, 'lr': 0.001, 'params': 870903, 'time_iter': 12.1309, 'accuracy': 0.9625, 'precision': 0.4583, 'recall': 0.0089, 'f1': 0.0175, 'auc': 0.7631}
val: {'epoch': 7, 'loss': 0.0885, 'lr': 0.001, 'params': 870903, 'time_iter': 1.8229, 'accuracy': 0.9803, 'precision': 0.5, 'recall': 0.0988, 'f1': 0.1649, 'auc': 0.7425}
train: {'epoch': 7, 'eta': 1120069.4508, 'loss': 0.1355, 'lr': 0.001, 'params': 870903, 'time_iter': 11.8412, 'accuracy': 0.9626, 'precision': 0.5135, 'recall': 0.0154, 'f1': 0.0299, 'auc': 0.7712}
val: {'epoch': 8, 'loss': 0.0905, 'lr': 0.001, 'params': 870903, 'time_iter': 1.7027, 'accuracy': 0.9803, 'precision': 0.5, 'recall': 0.0864, 'f1': 0.1474, 'auc': 0.7598}
train: {'epoch': 8, 'eta': 1104765.1254, 'loss': 0.1341, 'lr': 0.001, 'params': 870903, 'time_iter': 11.5307, 'accuracy': 0.9622, 'precision': 0.3878, 'recall': 0.0154, 'f1': 0.0297, 'auc': 0.7791}
val: {'epoch': 9, 'loss': 0.0866, 'lr': 0.001, 'params': 870903, 'time_iter': 1.8154, 'accuracy': 0.9796, 'precision': 0.4286, 'recall': 0.1111, 'f1': 0.1765, 'auc': 0.7635}
train: {'epoch': 9, 'eta': 1091804.5234, 'loss': 0.1336, 'lr': 0.001, 'params': 870903, 'time_iter': 11.7096, 'accuracy': 0.9626, 'precision': 0.5254, 'recall': 0.0252, 'f1': 0.048, 'auc': 0.7841}
val: {'epoch': 10, 'loss': 0.0808, 'lr': 0.001, 'params': 870903, 'time_iter': 2.2352, 'accuracy': 0.9813, 'precision': 0.75, 'recall': 0.0741, 'f1': 0.1348, 'auc': 0.7835}
train: {'epoch': 10, 'eta': 1079330.489, 'loss': 0.1313, 'lr': 0.001, 'params': 870903, 'time_iter': 11.7481, 'accuracy': 0.963, 'precision': 0.5949, 'recall': 0.0381, 'f1': 0.0717, 'auc': 0.787}
val: {'epoch': 11, 'loss': 0.0939, 'lr': 0.001, 'params': 870903, 'time_iter': 1.81, 'accuracy': 0.9781, 'precision': 0.32, 'recall': 0.0988, 'f1': 0.1509, 'auc': 0.7352}
train: {'epoch': 11, 'eta': 1067973.2524, 'loss': 0.1304, 'lr': 0.001, 'params': 870903, 'time_iter': 11.8876, 'accuracy': 0.9626, 'precision': 0.5109, 'recall': 0.0381, 'f1': 0.071, 'auc': 0.7939}
val: {'epoch': 12, 'loss': 0.0799, 'lr': 0.001, 'params': 870903, 'time_iter': 1.7528, 'accuracy': 0.9808, 'precision': 0.5625, 'recall': 0.1111, 'f1': 0.1856, 'auc': 0.7817}
train: {'epoch': 12, 'eta': 1052397.9253, 'loss': 0.1292, 'lr': 0.001, 'params': 870903, 'time_iter': 11.2946, 'accuracy': 0.9626, 'precision': 0.5143, 'recall': 0.0438, 'f1': 0.0808, 'auc': 0.7995}
val: {'epoch': 13, 'loss': 0.0775, 'lr': 0.001, 'params': 870903, 'time_iter': 1.823, 'accuracy': 0.9808, 'precision': 0.5556, 'recall': 0.1235, 'f1': 0.202, 'auc': 0.7933}
train: {'epoch': 13, 'eta': 1039808.7984, 'loss': 0.1285, 'lr': 0.001, 'params': 870903, 'time_iter': 11.6777, 'accuracy': 0.9636, 'precision': 0.6204, 'recall': 0.069, 'f1': 0.1242, 'auc': 0.7955}
val: {'epoch': 14, 'loss': 0.0796, 'lr': 0.001, 'params': 870903, 'time_iter': 1.7329, 'accuracy': 0.9803, 'precision': 0.5, 'recall': 0.1111, 'f1': 0.1818, 'auc': 0.7782}
train: {'epoch': 14, 'eta': 1026081.0524, 'loss': 0.1264, 'lr': 0.001, 'params': 870903, 'time_iter': 11.4693, 'accuracy': 0.9634, 'precision': 0.586, 'recall': 0.0747, 'f1': 0.1325, 'auc': 0.801}
val: {'epoch': 15, 'loss': 0.0819, 'lr': 0.001, 'params': 870903, 'time_iter': 1.818, 'accuracy': 0.9793, 'precision': 0.4091, 'recall': 0.1111, 'f1': 0.1748, 'auc': 0.7767}
train: {'epoch': 15, 'eta': 1016301.1827, 'loss': 0.1258, 'lr': 0.001, 'params': 870903, 'time_iter': 12.1555, 'accuracy': 0.9635, 'precision': 0.6013, 'recall': 0.0771, 'f1': 0.1367, 'auc': 0.8073}
val: {'epoch': 16, 'loss': 0.0802, 'lr': 0.001, 'params': 870903, 'time_iter': 1.6912, 'accuracy': 0.9803, 'precision': 0.5, 'recall': 0.1481, 'f1': 0.2286, 'auc': 0.7712}
train: {'epoch': 16, 'eta': 1004772.1806, 'loss': 0.1244, 'lr': 0.001, 'params': 870903, 'time_iter': 11.8713, 'accuracy': 0.9635, 'precision': 0.5879, 'recall': 0.0869, 'f1': 0.1513, 'auc': 0.8104}
val: {'epoch': 17, 'loss': 0.0832, 'lr': 0.001, 'params': 870903, 'time_iter': 2.0777, 'accuracy': 0.9786, 'precision': 0.2941, 'recall': 0.0617, 'f1': 0.102, 'auc': 0.7734}
train: {'epoch': 17, 'eta': 993097.1316, 'loss': 0.1246, 'lr': 0.001, 'params': 870903, 'time_iter': 11.8564, 'accuracy': 0.9638, 'precision': 0.605, 'recall': 0.0982, 'f1': 0.169, 'auc': 0.8059}
val: {'epoch': 18, 'loss': 0.0809, 'lr': 0.001, 'params': 870903, 'time_iter': 1.7563, 'accuracy': 0.9781, 'precision': 0.3714, 'recall': 0.1605, 'f1': 0.2241, 'auc': 0.7846}
train: {'epoch': 18, 'eta': 982959.0546, 'loss': 0.123, 'lr': 0.001, 'params': 870903, 'time_iter': 12.2193, 'accuracy': 0.964, 'precision': 0.614, 'recall': 0.1071, 'f1': 0.1824, 'auc': 0.8164}
val: {'epoch': 19, 'loss': 0.075, 'lr': 0.001, 'params': 870903, 'time_iter': 1.7849, 'accuracy': 0.9815, 'precision': 0.619, 'recall': 0.1605, 'f1': 0.2549, 'auc': 0.7862}
train: {'epoch': 19, 'eta': 971838.7451, 'loss': 0.1231, 'lr': 0.001, 'params': 870903, 'time_iter': 12.0399, 'accuracy': 0.964, 'precision': 0.6063, 'recall': 0.1088, 'f1': 0.1844, 'auc': 0.8152}
val: {'epoch': 20, 'loss': 0.0761, 'lr': 0.001, 'params': 870903, 'time_iter': 1.9956, 'accuracy': 0.9823, 'precision': 0.6538, 'recall': 0.2099, 'f1': 0.3178, 'auc': 0.7924}
train: {'epoch': 20, 'eta': 960899.9033, 'loss': 0.1214, 'lr': 0.001, 'params': 870903, 'time_iter': 12.118, 'accuracy': 0.9644, 'precision': 0.6292, 'recall': 0.1226, 'f1': 0.2052, 'auc': 0.8197}
val: {'epoch': 21, 'loss': 0.078, 'lr': 0.001, 'params': 870903, 'time_iter': 1.7737, 'accuracy': 0.981, 'precision': 0.6154, 'recall': 0.0988, 'f1': 0.1702, 'auc': 0.791}
train: {'epoch': 21, 'eta': 949689.4851, 'loss': 0.121, 'lr': 0.001, 'params': 870903, 'time_iter': 12.0817, 'accuracy': 0.965, 'precision': 0.6507, 'recall': 0.1437, 'f1': 0.2354, 'auc': 0.8158}
val: {'epoch': 22, 'loss': 0.0741, 'lr': 0.001, 'params': 870903, 'time_iter': 1.7833, 'accuracy': 0.982, 'precision': 0.5946, 'recall': 0.2716, 'f1': 0.3729, 'auc': 0.778}
train: {'epoch': 22, 'eta': 937865.946, 'loss': 0.12, 'lr': 0.001, 'params': 870903, 'time_iter': 11.9345, 'accuracy': 0.9652, 'precision': 0.6667, 'recall': 0.1429, 'f1': 0.2353, 'auc': 0.8155}
val: {'epoch': 23, 'loss': 0.0755, 'lr': 0.001, 'params': 870903, 'time_iter': 1.6918, 'accuracy': 0.981, 'precision': 0.5652, 'recall': 0.1605, 'f1': 0.25, 'auc': 0.7693}
train: {'epoch': 23, 'eta': 926177.5283, 'loss': 0.1199, 'lr': 0.001, 'params': 870903, 'time_iter': 11.9877, 'accuracy': 0.9652, 'precision': 0.6438, 'recall': 0.1599, 'f1': 0.2562, 'auc': 0.8233}
val: {'epoch': 24, 'loss': 0.0839, 'lr': 0.001, 'params': 870903, 'time_iter': 1.6984, 'accuracy': 0.9803, 'precision': 0.5, 'recall': 0.0123, 'f1': 0.0241, 'auc': 0.7597}
train: {'epoch': 24, 'eta': 915577.8832, 'loss': 0.1188, 'lr': 0.001, 'params': 870903, 'time_iter': 12.3572, 'accuracy': 0.9659, 'precision': 0.6907, 'recall': 0.1631, 'f1': 0.264, 'auc': 0.8232}
val: {'epoch': 25, 'loss': 0.0784, 'lr': 0.001, 'params': 870903, 'time_iter': 1.7748, 'accuracy': 0.982, 'precision': 0.7059, 'recall': 0.1481, 'f1': 0.2449, 'auc': 0.7651}
train: {'epoch': 25, 'eta': 903089.2869, 'loss': 0.1193, 'lr': 0.001, 'params': 870903, 'time_iter': 11.7677, 'accuracy': 0.966, 'precision': 0.6955, 'recall': 0.1631, 'f1': 0.2643, 'auc': 0.8211}
val: {'epoch': 26, 'loss': 0.0763, 'lr': 0.001, 'params': 870903, 'time_iter': 1.7088, 'accuracy': 0.982, 'precision': 0.6061, 'recall': 0.2469, 'f1': 0.3509, 'auc': 0.7929}
train: {'epoch': 26, 'eta': 890499.3842, 'loss': 0.1175, 'lr': 0.001, 'params': 870903, 'time_iter': 11.7212, 'accuracy': 0.9658, 'precision': 0.6656, 'recall': 0.1761, 'f1': 0.2786, 'auc': 0.8283}
val: {'epoch': 27, 'loss': 0.075, 'lr': 0.001, 'params': 870903, 'time_iter': 2.0882, 'accuracy': 0.9805, 'precision': 0.5294, 'recall': 0.1111, 'f1': 0.1837, 'auc': 0.7849}
train: {'epoch': 27, 'eta': 882484.1431, 'loss': 0.117, 'lr': 0.001, 'params': 870903, 'time_iter': 13.4359, 'accuracy': 0.9663, 'precision': 0.6793, 'recall': 0.1891, 'f1': 0.2959, 'auc': 0.8298}
val: {'epoch': 28, 'loss': 0.0792, 'lr': 0.001, 'params': 870903, 'time_iter': 1.7794, 'accuracy': 0.9818, 'precision': 0.8, 'recall': 0.0988, 'f1': 0.1758, 'auc': 0.7876}
train: {'epoch': 28, 'eta': 870465.9484, 'loss': 0.117, 'lr': 0.001, 'params': 870903, 'time_iter': 12.006, 'accuracy': 0.9664, 'precision': 0.7013, 'recall': 0.181, 'f1': 0.2877, 'auc': 0.8326}
val: {'epoch': 29, 'loss': 0.0833, 'lr': 0.001, 'params': 870903, 'time_iter': 1.7593, 'accuracy': 0.9788, 'precision': 0.4286, 'recall': 0.2222, 'f1': 0.2927, 'auc': 0.7906}
train: {'epoch': 29, 'eta': 858492.6571, 'loss': 0.1168, 'lr': 0.001, 'params': 870903, 'time_iter': 12.034, 'accuracy': 0.9662, 'precision': 0.6667, 'recall': 0.1948, 'f1': 0.3015, 'auc': 0.8285}
val: {'epoch': 30, 'loss': 0.0801, 'lr': 0.001, 'params': 870903, 'time_iter': 1.944, 'accuracy': 0.9815, 'precision': 0.7273, 'recall': 0.0988, 'f1': 0.1739, 'auc': 0.7957}
train: {'epoch': 30, 'eta': 847218.0611, 'loss': 0.1159, 'lr': 0.001, 'params': 870903, 'time_iter': 12.3506, 'accuracy': 0.9664, 'precision': 0.6896, 'recall': 0.1875, 'f1': 0.2948, 'auc': 0.8376}
val: {'epoch': 31, 'loss': 0.0811, 'lr': 0.001, 'params': 870903, 'time_iter': 1.7605, 'accuracy': 0.9815, 'precision': 0.8571, 'recall': 0.0741, 'f1': 0.1364, 'auc': 0.7957}
train: {'epoch': 31, 'eta': 835505.8371, 'loss': 0.115, 'lr': 0.001, 'params': 870903, 'time_iter': 12.1915, 'accuracy': 0.9672, 'precision': 0.7096, 'recall': 0.2102, 'f1': 0.3244, 'auc': 0.8352}
val: {'epoch': 32, 'loss': 0.0738, 'lr': 0.001, 'params': 870903, 'time_iter': 1.7811, 'accuracy': 0.983, 'precision': 0.7391, 'recall': 0.2099, 'f1': 0.3269, 'auc': 0.8121}
train: {'epoch': 32, 'eta': 822927.8457, 'loss': 0.1146, 'lr': 0.001, 'params': 870903, 'time_iter': 11.8012, 'accuracy': 0.9662, 'precision': 0.6649, 'recall': 0.1981, 'f1': 0.3052, 'auc': 0.8373}
val: {'epoch': 33, 'loss': 0.0727, 'lr': 0.001, 'params': 870903, 'time_iter': 1.7428, 'accuracy': 0.9825, 'precision': 0.68, 'recall': 0.2099, 'f1': 0.3208, 'auc': 0.8086}
train: {'epoch': 33, 'eta': 810780.9527, 'loss': 0.1147, 'lr': 0.001, 'params': 870903, 'time_iter': 12.0042, 'accuracy': 0.9668, 'precision': 0.6986, 'recall': 0.2013, 'f1': 0.3125, 'auc': 0.8386}
val: {'epoch': 34, 'loss': 0.0772, 'lr': 0.001, 'params': 870903, 'time_iter': 2.2612, 'accuracy': 0.9823, 'precision': 0.7222, 'recall': 0.1605, 'f1': 0.2626, 'auc': 0.8035}
train: {'epoch': 34, 'eta': 798345.3435, 'loss': 0.1141, 'lr': 0.001, 'params': 870903, 'time_iter': 11.8593, 'accuracy': 0.9671, 'precision': 0.7044, 'recall': 0.207, 'f1': 0.3199, 'auc': 0.8417}
val: {'epoch': 35, 'loss': 0.0816, 'lr': 0.001, 'params': 870903, 'time_iter': 1.7579, 'accuracy': 0.9805, 'precision': 0.5333, 'recall': 0.0988, 'f1': 0.1667, 'auc': 0.7876}
train: {'epoch': 35, 'eta': 786691.8693, 'loss': 0.1132, 'lr': 0.001, 'params': 870903, 'time_iter': 12.2798, 'accuracy': 0.9669, 'precision': 0.6757, 'recall': 0.2232, 'f1': 0.3356, 'auc': 0.8444}
val: {'epoch': 36, 'loss': 0.0738, 'lr': 0.001, 'params': 870903, 'time_iter': 1.7358, 'accuracy': 0.983, 'precision': 0.6341, 'recall': 0.321, 'f1': 0.4262, 'auc': 0.8005}
train: {'epoch': 36, 'eta': 774442.1036, 'loss': 0.1134, 'lr': 0.001, 'params': 870903, 'time_iter': 11.9698, 'accuracy': 0.9667, 'precision': 0.6798, 'recall': 0.2102, 'f1': 0.3211, 'auc': 0.8424}
val: {'epoch': 37, 'loss': 0.0733, 'lr': 0.001, 'params': 870903, 'time_iter': 1.9746, 'accuracy': 0.9825, 'precision': 0.9091, 'recall': 0.1235, 'f1': 0.2174, 'auc': 0.8098}
train: {'epoch': 37, 'eta': 762537.2002, 'loss': 0.113, 'lr': 0.001, 'params': 870903, 'time_iter': 12.1773, 'accuracy': 0.9678, 'precision': 0.7161, 'recall': 0.2313, 'f1': 0.3497, 'auc': 0.8406}
val: {'epoch': 38, 'loss': 0.0783, 'lr': 0.001, 'params': 870903, 'time_iter': 1.7801, 'accuracy': 0.9815, 'precision': 0.7273, 'recall': 0.0988, 'f1': 0.1739, 'auc': 0.8053}
train: {'epoch': 38, 'eta': 749803.238, 'loss': 0.1119, 'lr': 0.001, 'params': 870903, 'time_iter': 11.6821, 'accuracy': 0.9679, 'precision': 0.7234, 'recall': 0.2313, 'f1': 0.3506, 'auc': 0.8458}
val: {'epoch': 39, 'loss': 0.0776, 'lr': 0.001, 'params': 870903, 'time_iter': 1.811, 'accuracy': 0.9825, 'precision': 0.6957, 'recall': 0.1975, 'f1': 0.3077, 'auc': 0.8076}
train: {'epoch': 39, 'eta': 737952.6139, 'loss': 0.1096, 'lr': 0.001, 'params': 870903, 'time_iter': 12.2313, 'accuracy': 0.9676, 'precision': 0.7002, 'recall': 0.237, 'f1': 0.3542, 'auc': 0.8547}
val: {'epoch': 40, 'loss': 0.0749, 'lr': 0.001, 'params': 870903, 'time_iter': 1.792, 'accuracy': 0.9825, 'precision': 0.6957, 'recall': 0.1975, 'f1': 0.3077, 'auc': 0.8062}
train: {'epoch': 40, 'eta': 725638.0433, 'loss': 0.1112, 'lr': 0.001, 'params': 870903, 'time_iter': 11.9422, 'accuracy': 0.9673, 'precision': 0.6841, 'recall': 0.2338, 'f1': 0.3485, 'auc': 0.8495}
val: {'epoch': 41, 'loss': 0.0766, 'lr': 0.001, 'params': 870903, 'time_iter': 2.3024, 'accuracy': 0.9835, 'precision': 0.9333, 'recall': 0.1728, 'f1': 0.2917, 'auc': 0.7876}
train: {'epoch': 41, 'eta': 713574.4393, 'loss': 0.1105, 'lr': 0.001, 'params': 870903, 'time_iter': 12.118, 'accuracy': 0.9678, 'precision': 0.7041, 'recall': 0.2394, 'f1': 0.3574, 'auc': 0.8529}
val: {'epoch': 42, 'loss': 0.0773, 'lr': 0.001, 'params': 870903, 'time_iter': 1.7386, 'accuracy': 0.9823, 'precision': 0.75, 'recall': 0.1481, 'f1': 0.2474, 'auc': 0.7711}
train: {'epoch': 42, 'eta': 701579.2582, 'loss': 0.11, 'lr': 0.001, 'params': 870903, 'time_iter': 12.182, 'accuracy': 0.9683, 'precision': 0.7288, 'recall': 0.2443, 'f1': 0.366, 'auc': 0.8509}
val: {'epoch': 43, 'loss': 0.0808, 'lr': 0.001, 'params': 870903, 'time_iter': 1.7623, 'accuracy': 0.9815, 'precision': 0.6923, 'recall': 0.1111, 'f1': 0.1915, 'auc': 0.8044}
train: {'epoch': 43, 'eta': 689094.2482, 'loss': 0.1095, 'lr': 0.001, 'params': 870903, 'time_iter': 11.8267, 'accuracy': 0.9685, 'precision': 0.7277, 'recall': 0.2516, 'f1': 0.3739, 'auc': 0.8552}
val: {'epoch': 44, 'loss': 0.0763, 'lr': 0.001, 'params': 870903, 'time_iter': 1.9796, 'accuracy': 0.9827, 'precision': 0.75, 'recall': 0.1852, 'f1': 0.297, 'auc': 0.8152}
train: {'epoch': 44, 'eta': 676628.2152, 'loss': 0.1094, 'lr': 0.001, 'params': 870903, 'time_iter': 11.8306, 'accuracy': 0.9686, 'precision': 0.725, 'recall': 0.2589, 'f1': 0.3816, 'auc': 0.8543}
val: {'epoch': 45, 'loss': 0.0742, 'lr': 0.001, 'params': 870903, 'time_iter': 1.6742, 'accuracy': 0.9847, 'precision': 0.8, 'recall': 0.2963, 'f1': 0.4324, 'auc': 0.7977}
train: {'epoch': 45, 'eta': 663615.2582, 'loss': 0.1073, 'lr': 0.001, 'params': 870903, 'time_iter': 11.3673, 'accuracy': 0.9687, 'precision': 0.7209, 'recall': 0.2662, 'f1': 0.3889, 'auc': 0.8619}
val: {'epoch': 46, 'loss': 0.0771, 'lr': 0.001, 'params': 870903, 'time_iter': 1.7556, 'accuracy': 0.9827, 'precision': 0.8571, 'recall': 0.1481, 'f1': 0.2526, 'auc': 0.804}
train: {'epoch': 46, 'eta': 650590.568, 'loss': 0.1073, 'lr': 0.001, 'params': 870903, 'time_iter': 11.309, 'accuracy': 0.9688, 'precision': 0.7143, 'recall': 0.276, 'f1': 0.3981, 'auc': 0.864}
val: {'epoch': 47, 'loss': 0.0781, 'lr': 0.001, 'params': 870903, 'time_iter': 1.8983, 'accuracy': 0.9823, 'precision': 0.7857, 'recall': 0.1358, 'f1': 0.2316, 'auc': 0.8269}
train: {'epoch': 47, 'eta': 637583.3637, 'loss': 0.1075, 'lr': 0.001, 'params': 870903, 'time_iter': 11.2728, 'accuracy': 0.969, 'precision': 0.729, 'recall': 0.2752, 'f1': 0.3995, 'auc': 0.8587}
val: {'epoch': 48, 'loss': 0.0737, 'lr': 0.001, 'params': 870903, 'time_iter': 1.7276, 'accuracy': 0.9832, 'precision': 0.6765, 'recall': 0.284, 'f1': 0.4, 'auc': 0.7907}
train: {'epoch': 48, 'eta': 625339.1048, 'loss': 0.1066, 'lr': 0.001, 'params': 870903, 'time_iter': 11.9315, 'accuracy': 0.9685, 'precision': 0.701, 'recall': 0.276, 'f1': 0.396, 'auc': 0.8672}
val: {'epoch': 49, 'loss': 0.0737, 'lr': 0.001, 'params': 870903, 'time_iter': 1.7455, 'accuracy': 0.984, 'precision': 0.7419, 'recall': 0.284, 'f1': 0.4107, 'auc': 0.8242}
train: {'epoch': 49, 'eta': 612199.4034, 'loss': 0.107, 'lr': 0.001, 'params': 870903, 'time_iter': 11.0626, 'accuracy': 0.9688, 'precision': 0.7285, 'recall': 0.2679, 'f1': 0.3917, 'auc': 0.8654}
val: {'epoch': 50, 'loss': 0.077, 'lr': 0.001, 'params': 870903, 'time_iter': 1.7545, 'accuracy': 0.9832, 'precision': 0.7727, 'recall': 0.2099, 'f1': 0.3301, 'auc': 0.8162}
train: {'epoch': 50, 'eta': 599755.0171, 'loss': 0.1064, 'lr': 0.001, 'params': 870903, 'time_iter': 11.6962, 'accuracy': 0.9695, 'precision': 0.7323, 'recall': 0.293, 'f1': 0.4186, 'auc': 0.8643}
val: {'epoch': 51, 'loss': 0.0757, 'lr': 0.001, 'params': 870903, 'time_iter': 2.0353, 'accuracy': 0.983, 'precision': 0.6486, 'recall': 0.2963, 'f1': 0.4068, 'auc': 0.8174}
train: {'epoch': 51, 'eta': 587169.8595, 'loss': 0.1067, 'lr': 0.001, 'params': 870903, 'time_iter': 11.5315, 'accuracy': 0.9696, 'precision': 0.7427, 'recall': 0.2881, 'f1': 0.4152, 'auc': 0.8632}
val: {'epoch': 52, 'loss': 0.074, 'lr': 0.001, 'params': 870903, 'time_iter': 1.737, 'accuracy': 0.9827, 'precision': 0.6923, 'recall': 0.2222, 'f1': 0.3364, 'auc': 0.8344}
train: {'epoch': 52, 'eta': 575250.1409, 'loss': 0.1061, 'lr': 0.001, 'params': 870903, 'time_iter': 12.231, 'accuracy': 0.9692, 'precision': 0.735, 'recall': 0.2792, 'f1': 0.4047, 'auc': 0.8652}
val: {'epoch': 53, 'loss': 0.0743, 'lr': 0.001, 'params': 870903, 'time_iter': 1.8177, 'accuracy': 0.9825, 'precision': 0.6286, 'recall': 0.2716, 'f1': 0.3793, 'auc': 0.8113}
train: {'epoch': 53, 'eta': 562829.2071, 'loss': 0.1059, 'lr': 0.001, 'params': 870903, 'time_iter': 11.6873, 'accuracy': 0.9694, 'precision': 0.743, 'recall': 0.2792, 'f1': 0.4059, 'auc': 0.8679}
val: {'epoch': 54, 'loss': 0.0761, 'lr': 0.001, 'params': 870903, 'time_iter': 1.9792, 'accuracy': 0.9827, 'precision': 0.8571, 'recall': 0.1481, 'f1': 0.2526, 'auc': 0.8232}
train: {'epoch': 54, 'eta': 550669.9685, 'loss': 0.1044, 'lr': 0.001, 'params': 870903, 'time_iter': 11.9811, 'accuracy': 0.9695, 'precision': 0.7332, 'recall': 0.2922, 'f1': 0.4179, 'auc': 0.8733}
val: {'epoch': 55, 'loss': 0.0786, 'lr': 0.001, 'params': 870903, 'time_iter': 1.7068, 'accuracy': 0.982, 'precision': 0.5946, 'recall': 0.2716, 'f1': 0.3729, 'auc': 0.8122}
train: {'epoch': 55, 'eta': 538663.7568, 'loss': 0.1042, 'lr': 0.001, 'params': 870903, 'time_iter': 12.1778, 'accuracy': 0.9699, 'precision': 0.744, 'recall': 0.2995, 'f1': 0.4271, 'auc': 0.8718}
val: {'epoch': 56, 'loss': 0.0769, 'lr': 0.001, 'params': 870903, 'time_iter': 1.8051, 'accuracy': 0.983, 'precision': 0.72, 'recall': 0.2222, 'f1': 0.3396, 'auc': 0.8064}
train: {'epoch': 56, 'eta': 526529.8474, 'loss': 0.1055, 'lr': 0.001, 'params': 870903, 'time_iter': 12.037, 'accuracy': 0.9695, 'precision': 0.7446, 'recall': 0.2817, 'f1': 0.4087, 'auc': 0.8711}
val: {'epoch': 57, 'loss': 0.0773, 'lr': 0.001, 'params': 870903, 'time_iter': 1.8282, 'accuracy': 0.982, 'precision': 0.7333, 'recall': 0.1358, 'f1': 0.2292, 'auc': 0.8149}
train: {'epoch': 57, 'eta': 514009.0091, 'loss': 0.1035, 'lr': 0.001, 'params': 870903, 'time_iter': 11.5294, 'accuracy': 0.9704, 'precision': 0.758, 'recall': 0.3076, 'f1': 0.4376, 'auc': 0.8725}
val: {'epoch': 58, 'loss': 0.0844, 'lr': 0.001, 'params': 870903, 'time_iter': 2.2641, 'accuracy': 0.9813, 'precision': 0.75, 'recall': 0.0741, 'f1': 0.1348, 'auc': 0.8251}
train: {'epoch': 58, 'eta': 501602.9737, 'loss': 0.103, 'lr': 0.001, 'params': 870903, 'time_iter': 11.6588, 'accuracy': 0.9697, 'precision': 0.7428, 'recall': 0.293, 'f1': 0.4203, 'auc': 0.8793}
val: {'epoch': 59, 'loss': 0.0791, 'lr': 0.001, 'params': 870903, 'time_iter': 1.7615, 'accuracy': 0.9813, 'precision': 0.5909, 'recall': 0.1605, 'f1': 0.2524, 'auc': 0.8131}
train: {'epoch': 59, 'eta': 489040.0427, 'loss': 0.102, 'lr': 0.001, 'params': 870903, 'time_iter': 11.4103, 'accuracy': 0.9702, 'precision': 0.7525, 'recall': 0.3036, 'f1': 0.4326, 'auc': 0.8792}
val: {'epoch': 60, 'loss': 0.0857, 'lr': 0.001, 'params': 870903, 'time_iter': 1.7694, 'accuracy': 0.9815, 'precision': 0.7778, 'recall': 0.0864, 'f1': 0.1556, 'auc': 0.8121}
train: {'epoch': 60, 'eta': 476526.8145, 'loss': 0.1022, 'lr': 0.001, 'params': 870903, 'time_iter': 11.4448, 'accuracy': 0.9704, 'precision': 0.7403, 'recall': 0.3239, 'f1': 0.4506, 'auc': 0.8812}
val: {'epoch': 61, 'loss': 0.0767, 'lr': 0.001, 'params': 870903, 'time_iter': 2.0932, 'accuracy': 0.9827, 'precision': 0.6786, 'recall': 0.2346, 'f1': 0.3486, 'auc': 0.8203}
train: {'epoch': 61, 'eta': 463942.1591, 'loss': 0.1025, 'lr': 0.001, 'params': 870903, 'time_iter': 11.2939, 'accuracy': 0.9702, 'precision': 0.751, 'recall': 0.306, 'f1': 0.4348, 'auc': 0.8778}
val: {'epoch': 62, 'loss': 0.0735, 'lr': 0.001, 'params': 870903, 'time_iter': 1.7199, 'accuracy': 0.9835, 'precision': 0.6757, 'recall': 0.3086, 'f1': 0.4237, 'auc': 0.8283}
train: {'epoch': 62, 'eta': 451404.2992, 'loss': 0.1027, 'lr': 0.001, 'params': 870903, 'time_iter': 11.3208, 'accuracy': 0.9697, 'precision': 0.7241, 'recall': 0.3068, 'f1': 0.431, 'auc': 0.8811}
val: {'epoch': 63, 'loss': 0.0795, 'lr': 0.001, 'params': 870903, 'time_iter': 1.7651, 'accuracy': 0.9823, 'precision': 0.6538, 'recall': 0.2099, 'f1': 0.3178, 'auc': 0.8126}
train: {'epoch': 63, 'eta': 438897.2434, 'loss': 0.101, 'lr': 0.001, 'params': 870903, 'time_iter': 11.326, 'accuracy': 0.9702, 'precision': 0.7428, 'recall': 0.3141, 'f1': 0.4415, 'auc': 0.885}
val: {'epoch': 64, 'loss': 0.079, 'lr': 0.001, 'params': 870903, 'time_iter': 1.8304, 'accuracy': 0.9823, 'precision': 0.8333, 'recall': 0.1235, 'f1': 0.2151, 'auc': 0.8244}
train: {'epoch': 64, 'eta': 426882.2994, 'loss': 0.1014, 'lr': 0.001, 'params': 870903, 'time_iter': 12.1668, 'accuracy': 0.9704, 'precision': 0.7363, 'recall': 0.3263, 'f1': 0.4522, 'auc': 0.8838}
val: {'epoch': 65, 'loss': 0.0739, 'lr': 0.001, 'params': 870903, 'time_iter': 2.5283, 'accuracy': 0.9832, 'precision': 0.75, 'recall': 0.2222, 'f1': 0.3429, 'auc': 0.8257}
train: {'epoch': 65, 'eta': 414617.5784, 'loss': 0.1006, 'lr': 0.001, 'params': 870903, 'time_iter': 11.7245, 'accuracy': 0.971, 'precision': 0.7608, 'recall': 0.3279, 'f1': 0.4583, 'auc': 0.888}
val: {'epoch': 66, 'loss': 0.0773, 'lr': 0.001, 'params': 870903, 'time_iter': 1.7768, 'accuracy': 0.9835, 'precision': 0.8421, 'recall': 0.1975, 'f1': 0.32, 'auc': 0.8199}
train: {'epoch': 66, 'eta': 402103.5961, 'loss': 0.1007, 'lr': 0.001, 'params': 870903, 'time_iter': 11.2209, 'accuracy': 0.9705, 'precision': 0.7439, 'recall': 0.3231, 'f1': 0.4505, 'auc': 0.8864}
val: {'epoch': 67, 'loss': 0.0781, 'lr': 0.001, 'params': 870903, 'time_iter': 1.7206, 'accuracy': 0.9825, 'precision': 0.8462, 'recall': 0.1358, 'f1': 0.234, 'auc': 0.8255}
train: {'epoch': 67, 'eta': 389549.8005, 'loss': 0.1009, 'lr': 0.001, 'params': 870903, 'time_iter': 11.0799, 'accuracy': 0.9702, 'precision': 0.7356, 'recall': 0.3206, 'f1': 0.4466, 'auc': 0.8879}
val: {'epoch': 68, 'loss': 0.0807, 'lr': 0.001, 'params': 870903, 'time_iter': 1.8947, 'accuracy': 0.983, 'precision': 0.8235, 'recall': 0.1728, 'f1': 0.2857, 'auc': 0.8005}
train: {'epoch': 68, 'eta': 377161.9058, 'loss': 0.0992, 'lr': 0.001, 'params': 870903, 'time_iter': 11.3665, 'accuracy': 0.9714, 'precision': 0.7704, 'recall': 0.3377, 'f1': 0.4695, 'auc': 0.8906}
val: {'epoch': 69, 'loss': 0.0785, 'lr': 0.001, 'params': 870903, 'time_iter': 1.7131, 'accuracy': 0.9827, 'precision': 0.8125, 'recall': 0.1605, 'f1': 0.268, 'auc': 0.8294}
train: {'epoch': 69, 'eta': 364996.8255, 'loss': 0.099, 'lr': 0.001, 'params': 870903, 'time_iter': 11.8269, 'accuracy': 0.9709, 'precision': 0.758, 'recall': 0.3255, 'f1': 0.4554, 'auc': 0.8901}
val: {'epoch': 70, 'loss': 0.0764, 'lr': 0.001, 'params': 870903, 'time_iter': 1.7626, 'accuracy': 0.9827, 'precision': 0.7778, 'recall': 0.1728, 'f1': 0.2828, 'auc': 0.8251}
train: {'epoch': 70, 'eta': 352965.2597, 'loss': 0.0987, 'lr': 0.001, 'params': 870903, 'time_iter': 12.1449, 'accuracy': 0.9711, 'precision': 0.7448, 'recall': 0.3458, 'f1': 0.4723, 'auc': 0.8891}
val: {'epoch': 71, 'loss': 0.0797, 'lr': 0.001, 'params': 870903, 'time_iter': 1.8624, 'accuracy': 0.9832, 'precision': 0.75, 'recall': 0.2222, 'f1': 0.3429, 'auc': 0.8117}
train: {'epoch': 71, 'eta': 340859.0244, 'loss': 0.0981, 'lr': 0.001, 'params': 870903, 'time_iter': 11.9906, 'accuracy': 0.9711, 'precision': 0.7431, 'recall': 0.3474, 'f1': 0.4735, 'auc': 0.8937}
val: {'epoch': 72, 'loss': 0.0803, 'lr': 0.001, 'params': 870903, 'time_iter': 1.754, 'accuracy': 0.9823, 'precision': 0.7, 'recall': 0.1728, 'f1': 0.2772, 'auc': 0.8196}
train: {'epoch': 72, 'eta': 328838.0177, 'loss': 0.0975, 'lr': 0.001, 'params': 870903, 'time_iter': 12.2312, 'accuracy': 0.9718, 'precision': 0.7635, 'recall': 0.3563, 'f1': 0.4859, 'auc': 0.8937}
val: {'epoch': 73, 'loss': 0.0825, 'lr': 0.001, 'params': 870903, 'time_iter': 1.7581, 'accuracy': 0.9818, 'precision': 0.6364, 'recall': 0.1728, 'f1': 0.2718, 'auc': 0.8238}
train: {'epoch': 73, 'eta': 316748.8373, 'loss': 0.0983, 'lr': 0.001, 'params': 870903, 'time_iter': 12.0849, 'accuracy': 0.9711, 'precision': 0.7522, 'recall': 0.3401, 'f1': 0.4684, 'auc': 0.8916}
val: {'epoch': 74, 'loss': 0.0805, 'lr': 0.001, 'params': 870903, 'time_iter': 1.8251, 'accuracy': 0.9823, 'precision': 0.7, 'recall': 0.1728, 'f1': 0.2772, 'auc': 0.8306}
train: {'epoch': 74, 'eta': 304638.6356, 'loss': 0.097, 'lr': 0.001, 'params': 870903, 'time_iter': 12.0505, 'accuracy': 0.972, 'precision': 0.7782, 'recall': 0.3531, 'f1': 0.4858, 'auc': 0.8981}
val: {'epoch': 75, 'loss': 0.0794, 'lr': 0.001, 'params': 870903, 'time_iter': 1.9218, 'accuracy': 0.983, 'precision': 0.7895, 'recall': 0.1852, 'f1': 0.3, 'auc': 0.8362}
train: {'epoch': 75, 'eta': 292557.7273, 'loss': 0.0974, 'lr': 0.001, 'params': 870903, 'time_iter': 12.1641, 'accuracy': 0.9711, 'precision': 0.7518, 'recall': 0.3417, 'f1': 0.4699, 'auc': 0.8956}
val: {'epoch': 76, 'loss': 0.0949, 'lr': 0.001, 'params': 870903, 'time_iter': 1.7639, 'accuracy': 0.9818, 'precision': 0.875, 'recall': 0.0864, 'f1': 0.1573, 'auc': 0.8088}
train: {'epoch': 76, 'eta': 280444.4722, 'loss': 0.0978, 'lr': 0.001, 'params': 870903, 'time_iter': 12.0957, 'accuracy': 0.9711, 'precision': 0.7582, 'recall': 0.336, 'f1': 0.4657, 'auc': 0.8956}
val: {'epoch': 77, 'loss': 0.0862, 'lr': 0.001, 'params': 870903, 'time_iter': 1.7816, 'accuracy': 0.9823, 'precision': 0.8333, 'recall': 0.1235, 'f1': 0.2151, 'auc': 0.8295}
train: {'epoch': 77, 'eta': 268308.8715, 'loss': 0.0966, 'lr': 0.001, 'params': 870903, 'time_iter': 12.0482, 'accuracy': 0.9711, 'precision': 0.7456, 'recall': 0.345, 'f1': 0.4717, 'auc': 0.9011}
val: {'epoch': 78, 'loss': 0.0804, 'lr': 0.001, 'params': 870903, 'time_iter': 1.8631, 'accuracy': 0.9803, 'precision': 0.5, 'recall': 0.358, 'f1': 0.4173, 'auc': 0.8221}
train: {'epoch': 78, 'eta': 256161.3793, 'loss': 0.0953, 'lr': 0.001, 'params': 870903, 'time_iter': 12.029, 'accuracy': 0.9719, 'precision': 0.7633, 'recall': 0.3612, 'f1': 0.4904, 'auc': 0.9049}
val: {'epoch': 79, 'loss': 0.0805, 'lr': 0.001, 'params': 870903, 'time_iter': 1.7715, 'accuracy': 0.9844, 'precision': 0.84, 'recall': 0.2593, 'f1': 0.3962, 'auc': 0.8134}
train: {'epoch': 79, 'eta': 243945.6411, 'loss': 0.0947, 'lr': 0.001, 'params': 870903, 'time_iter': 11.7861, 'accuracy': 0.9719, 'precision': 0.7675, 'recall': 0.3563, 'f1': 0.4867, 'auc': 0.9054}
val: {'epoch': 80, 'loss': 0.0813, 'lr': 0.001, 'params': 870903, 'time_iter': 1.7652, 'accuracy': 0.9823, 'precision': 0.7222, 'recall': 0.1605, 'f1': 0.2626, 'auc': 0.8263}
train: {'epoch': 80, 'eta': 231766.2377, 'loss': 0.0951, 'lr': 0.001, 'params': 870903, 'time_iter': 11.9276, 'accuracy': 0.9721, 'precision': 0.7741, 'recall': 0.3588, 'f1': 0.4903, 'auc': 0.9041}
val: {'epoch': 81, 'loss': 0.0835, 'lr': 0.001, 'params': 870903, 'time_iter': 1.7707, 'accuracy': 0.9832, 'precision': 0.8333, 'recall': 0.1852, 'f1': 0.303, 'auc': 0.8373}
train: {'epoch': 81, 'eta': 219544.7466, 'loss': 0.0956, 'lr': 0.001, 'params': 870903, 'time_iter': 11.7514, 'accuracy': 0.9721, 'precision': 0.7657, 'recall': 0.3661, 'f1': 0.4953, 'auc': 0.9029}
val: {'epoch': 82, 'loss': 0.0873, 'lr': 0.001, 'params': 870903, 'time_iter': 2.6075, 'accuracy': 0.9808, 'precision': 0.625, 'recall': 0.0617, 'f1': 0.1124, 'auc': 0.8307}
train: {'epoch': 82, 'eta': 207396.69, 'loss': 0.0944, 'lr': 0.001, 'params': 870903, 'time_iter': 12.0851, 'accuracy': 0.9724, 'precision': 0.7842, 'recall': 0.3628, 'f1': 0.4961, 'auc': 0.9058}
val: {'epoch': 83, 'loss': 0.084, 'lr': 0.001, 'params': 870903, 'time_iter': 1.7317, 'accuracy': 0.9823, 'precision': 0.6333, 'recall': 0.2346, 'f1': 0.3423, 'auc': 0.8143}
train: {'epoch': 83, 'eta': 195204.6536, 'loss': 0.0938, 'lr': 0.001, 'params': 870903, 'time_iter': 11.8956, 'accuracy': 0.9728, 'precision': 0.7857, 'recall': 0.375, 'f1': 0.5077, 'auc': 0.9053}
val: {'epoch': 84, 'loss': 0.0941, 'lr': 0.001, 'params': 870903, 'time_iter': 1.7263, 'accuracy': 0.9815, 'precision': 0.7273, 'recall': 0.0988, 'f1': 0.1739, 'auc': 0.8157}
train: {'epoch': 84, 'eta': 183062.2503, 'loss': 0.094, 'lr': 0.001, 'params': 870903, 'time_iter': 12.1752, 'accuracy': 0.9714, 'precision': 0.7522, 'recall': 0.3523, 'f1': 0.4798, 'auc': 0.9081}
val: {'epoch': 85, 'loss': 0.0844, 'lr': 0.001, 'params': 870903, 'time_iter': 2.1365, 'accuracy': 0.983, 'precision': 0.7619, 'recall': 0.1975, 'f1': 0.3137, 'auc': 0.8261}
train: {'epoch': 85, 'eta': 170839.038, 'loss': 0.0923, 'lr': 0.001, 'params': 870903, 'time_iter': 11.7464, 'accuracy': 0.9723, 'precision': 0.7729, 'recall': 0.3701, 'f1': 0.5005, 'auc': 0.914}
val: {'epoch': 86, 'loss': 0.0862, 'lr': 0.001, 'params': 870903, 'time_iter': 1.8553, 'accuracy': 0.9823, 'precision': 0.9, 'recall': 0.1111, 'f1': 0.1978, 'auc': 0.8212}
train: {'epoch': 86, 'eta': 158637.9307, 'loss': 0.0947, 'lr': 0.001, 'params': 870903, 'time_iter': 11.8698, 'accuracy': 0.9718, 'precision': 0.7529, 'recall': 0.3661, 'f1': 0.4926, 'auc': 0.9039}
val: {'epoch': 87, 'loss': 0.0947, 'lr': 0.001, 'params': 870903, 'time_iter': 1.8366, 'accuracy': 0.9808, 'precision': 0.625, 'recall': 0.0617, 'f1': 0.1124, 'auc': 0.8169}
train: {'epoch': 87, 'eta': 146421.8144, 'loss': 0.0931, 'lr': 0.001, 'params': 870903, 'time_iter': 11.7649, 'accuracy': 0.972, 'precision': 0.7671, 'recall': 0.3636, 'f1': 0.4934, 'auc': 0.91}
val: {'epoch': 88, 'loss': 0.0814, 'lr': 0.001, 'params': 870903, 'time_iter': 1.8585, 'accuracy': 0.9823, 'precision': 0.6333, 'recall': 0.2346, 'f1': 0.3423, 'auc': 0.8257}
train: {'epoch': 88, 'eta': 134239.0026, 'loss': 0.092, 'lr': 0.001, 'params': 870903, 'time_iter': 12.0074, 'accuracy': 0.9719, 'precision': 0.7589, 'recall': 0.3653, 'f1': 0.4932, 'auc': 0.9162}
val: {'epoch': 89, 'loss': 0.0823, 'lr': 0.001, 'params': 870903, 'time_iter': 1.7018, 'accuracy': 0.9837, 'precision': 0.8889, 'recall': 0.1975, 'f1': 0.3232, 'auc': 0.8405}
train: {'epoch': 89, 'eta': 122058.04, 'loss': 0.092, 'lr': 0.001, 'params': 870903, 'time_iter': 12.0571, 'accuracy': 0.9724, 'precision': 0.7673, 'recall': 0.3774, 'f1': 0.506, 'auc': 0.9158}
val: {'epoch': 90, 'loss': 0.0856, 'lr': 0.001, 'params': 870903, 'time_iter': 1.7251, 'accuracy': 0.9827, 'precision': 0.7778, 'recall': 0.1728, 'f1': 0.2828, 'auc': 0.833}
train: {'epoch': 90, 'eta': 109856.5393, 'loss': 0.0911, 'lr': 0.001, 'params': 870903, 'time_iter': 11.9041, 'accuracy': 0.9725, 'precision': 0.7667, 'recall': 0.3815, 'f1': 0.5095, 'auc': 0.9152}
val: {'epoch': 91, 'loss': 0.0823, 'lr': 0.001, 'params': 870903, 'time_iter': 1.7798, 'accuracy': 0.9835, 'precision': 0.8095, 'recall': 0.2099, 'f1': 0.3333, 'auc': 0.8364}
train: {'epoch': 91, 'eta': 97657.227, 'loss': 0.0918, 'lr': 0.001, 'params': 870903, 'time_iter': 11.9402, 'accuracy': 0.9723, 'precision': 0.7667, 'recall': 0.3734, 'f1': 0.5022, 'auc': 0.913}
val: {'epoch': 92, 'loss': 0.0846, 'lr': 0.001, 'params': 870903, 'time_iter': 2.2558, 'accuracy': 0.9837, 'precision': 0.8889, 'recall': 0.1975, 'f1': 0.3232, 'auc': 0.8157}
train: {'epoch': 92, 'eta': 85471.2054, 'loss': 0.0917, 'lr': 0.001, 'params': 870903, 'time_iter': 12.136, 'accuracy': 0.972, 'precision': 0.7605, 'recall': 0.3685, 'f1': 0.4964, 'auc': 0.915}
val: {'epoch': 93, 'loss': 0.0827, 'lr': 0.001, 'params': 870903, 'time_iter': 1.7817, 'accuracy': 0.984, 'precision': 0.8, 'recall': 0.2469, 'f1': 0.3774, 'auc': 0.8249}
train: {'epoch': 93, 'eta': 73292.0247, 'loss': 0.0901, 'lr': 0.001, 'params': 870903, 'time_iter': 12.3379, 'accuracy': 0.9724, 'precision': 0.7625, 'recall': 0.3831, 'f1': 0.51, 'auc': 0.9208}
val: {'epoch': 94, 'loss': 0.0933, 'lr': 0.001, 'params': 870903, 'time_iter': 1.6839, 'accuracy': 0.9818, 'precision': 0.75, 'recall': 0.1111, 'f1': 0.1935, 'auc': 0.8224}
train: {'epoch': 94, 'eta': 61082.1895, 'loss': 0.0901, 'lr': 0.001, 'params': 870903, 'time_iter': 11.9727, 'accuracy': 0.9725, 'precision': 0.7676, 'recall': 0.3807, 'f1': 0.509, 'auc': 0.918}
val: {'epoch': 95, 'loss': 0.0871, 'lr': 0.001, 'params': 870903, 'time_iter': 1.8699, 'accuracy': 0.9827, 'precision': 0.7778, 'recall': 0.1728, 'f1': 0.2828, 'auc': 0.8272}
train: {'epoch': 95, 'eta': 48888.2155, 'loss': 0.0907, 'lr': 0.001, 'params': 870903, 'time_iter': 12.3961, 'accuracy': 0.9723, 'precision': 0.7671, 'recall': 0.3742, 'f1': 0.503, 'auc': 0.9183}
val: {'epoch': 96, 'loss': 0.0941, 'lr': 0.001, 'params': 870903, 'time_iter': 1.8021, 'accuracy': 0.9825, 'precision': 0.8462, 'recall': 0.1358, 'f1': 0.234, 'auc': 0.8196}
train: {'epoch': 96, 'eta': 36675.5682, 'loss': 0.0894, 'lr': 0.001, 'params': 870903, 'time_iter': 12.1732, 'accuracy': 0.9729, 'precision': 0.768, 'recall': 0.3977, 'f1': 0.5241, 'auc': 0.9218}
val: {'epoch': 97, 'loss': 0.0866, 'lr': 0.001, 'params': 870903, 'time_iter': 1.7783, 'accuracy': 0.9832, 'precision': 0.7, 'recall': 0.2593, 'f1': 0.3784, 'auc': 0.828}
train: {'epoch': 97, 'eta': 24449.846, 'loss': 0.0889, 'lr': 0.001, 'params': 870903, 'time_iter': 11.8553, 'accuracy': 0.973, 'precision': 0.7833, 'recall': 0.3872, 'f1': 0.5182, 'auc': 0.9225}
val: {'epoch': 98, 'loss': 0.0879, 'lr': 0.001, 'params': 870903, 'time_iter': 1.7448, 'accuracy': 0.9835, 'precision': 0.7826, 'recall': 0.2222, 'f1': 0.3462, 'auc': 0.8224}
train: {'epoch': 98, 'eta': 12226.0459, 'loss': 0.0891, 'lr': 0.001, 'params': 870903, 'time_iter': 11.9884, 'accuracy': 0.9727, 'precision': 0.763, 'recall': 0.3945, 'f1': 0.5201, 'auc': 0.9219}
val: {'epoch': 99, 'loss': 0.0868, 'lr': 0.001, 'params': 870903, 'time_iter': 2.267, 'accuracy': 0.9832, 'precision': 0.8333, 'recall': 0.1852, 'f1': 0.303, 'auc': 0.8166}
train: {'epoch': 99, 'eta': 0.0, 'loss': 0.0908, 'lr': 0.001, 'params': 870903, 'time_iter': 12.0254, 'accuracy': 0.9728, 'precision': 0.7696, 'recall': 0.3904, 'f1': 0.518, 'auc': 0.9175}
test: {'epoch': 99, 'loss': 0.1759, 'lr': 0.001, 'params': 870903, 'time_iter': 2.0083, 'accuracy': 0.9681, 'precision': 0.4667, 'recall': 0.0538, 'f1': 0.0966, 'auc': 0.7503}
test: {'epoch': 89, 'loss': 0.1729, 'lr': 0.001, 'params': 870903, 'time_iter': 1.9215, 'accuracy': 0.9664, 'precision': 0.1, 'recall': 0.0077, 'f1': 0.0143, 'auc': 0.756}
Results aggregated across runs saved in results_experiments/ogbg_molhiv_baseline_grid_comparison/ogbg_molhiv_baseline-type=dilated_gnn-stage_type=dilated_stage-layer_type=eginconv-layers_k1=2-layers_k2=1-act_on_last_layer_mp=False/agg
