GraphGymModule(
  (model): DilatedGNNModel(
    (encoder): FeatureEncoder(
      (node_encoder): AtomEncoder(
        (atom_embedding_list): ModuleList(
          (0): Embedding(119, 300)
          (1): Embedding(4, 300)
          (2): Embedding(12, 300)
          (3): Embedding(12, 300)
          (4): Embedding(10, 300)
          (5): Embedding(6, 300)
          (6): Embedding(6, 300)
          (7): Embedding(2, 300)
          (8): Embedding(2, 300)
        )
      )
      (edge_encoder): BondEncoder(
        (bond_embedding_list): ModuleList(
          (0): Embedding(5, 300)
          (1): Embedding(6, 300)
          (2): Embedding(2, 300)
        )
      )
    )
    (mp): GNNDilatedEdgesFeatureStage(
      (classic_layers): ModuleList(
        (0): GeneralLayer(
          (layer): EGATConv(
            (model): GATConv(300, 300, heads=1)
          )
          (post_layer): Sequential(
            (0): BatchNorm1d(300, eps=1e-05, momentum=0.1, affine=True, track_running_stats=True)
            (1): Dropout(p=0.5, inplace=False)
            (2): ReLU()
          )
        )
        (1): GeneralLayer(
          (layer): EGATConv(
            (model): GATConv(300, 300, heads=1)
          )
          (post_layer): Sequential(
            (0): BatchNorm1d(300, eps=1e-05, momentum=0.1, affine=True, track_running_stats=True)
            (1): Dropout(p=0.5, inplace=False)
            (2): ReLU()
          )
        )
      )
      (dilated_layers): ModuleList(
        (0): DilatedGeneralLayer(
          (layer): EGATConv(
            (model): GATConv(300, 300, heads=1)
          )
          (post_layer): Sequential(
            (0): BatchNorm1d(300, eps=1e-05, momentum=0.1, affine=True, track_running_stats=True)
            (1): Dropout(p=0.5, inplace=False)
            (2): ReLU()
          )
          (gem): GeM(p=3.0000, eps=1e-06)
        )
      )
      (act): ReLU()
    )
    (post_mp): GNNGraphHead(
      (layer_post_mp): MLP(
        (model): Sequential(
          (0): Linear(
            (model): Linear(600, 1, bias=True)
          )
        )
      )
    )
  )
)
accelerator: cuda
benchmark: False
bn:
  eps: 1e-05
  mom: 0.1
cfg_dest: config.yaml
custom_metrics: []
dataset:
  cache_load: False
  cache_save: False
  dir: ./datasets
  edge_dim: 300
  edge_encoder: True
  edge_encoder_bn: False
  edge_encoder_name: Bond
  edge_message_ratio: 0.8
  edge_negative_sampling_ratio: 1.0
  edge_train_mode: all
  encoder: True
  encoder_bn: True
  encoder_dim: 128
  encoder_name: db
  fast_loader: False
  format: OGB
  label_column: none
  label_table: none
  location: local
  name: ogbg-molhiv
  node_encoder: True
  node_encoder_bn: False
  node_encoder_name: Atom
  remove_feature: False
  resample_disjoint: False
  resample_negative: False
  shuffle_split: True
  split: [0.8, 0.1, 0.1]
  split_mode: random
  task: graph
  task_type: classification
  to_undirected: False
  transductive: False
  transform: none
  tu_simple: True
devices: 1
gnn:
  act: relu
  act_on_last_layer_mp: False
  agg: none
  att_final_linear: False
  att_final_linear_bn: False
  att_heads: 1
  batchnorm: True
  clear_feature: True
  dim_inner: 300
  dropout: 0.5
  head: graph
  keep_edge: 0.5
  l2norm: True
  layer_type: egatconv
  layers_k1: 2
  layers_k2: 1
  layers_mp: 5
  layers_post_mp: 1
  layers_pre_mp: 0
  msg_direction: single
  normalize_adj: False
  self_msg: concat
  skip_every: 1
  stage_type: dilated_stage
  use_edge_features: True
gpu_mem: False
mem:
  inplace: False
metric_agg: argmax
metric_best: auc
model:
  edge_decoding: dot
  graph_pooling: mean
  loss_fun: cross_entropy
  match_upper: True
  size_average: mean
  thresh: 0.5
  type: dilated_gnn
num_threads: 6
num_workers: 16
optim:
  base_lr: 0.001
  lr_decay: 0.1
  max_epoch: 100
  momentum: 0.9
  optimizer: adam
  scheduler: none
  steps: [30, 60, 90]
  weight_decay: 0.0
out_dir: results_experiments/ogbg_molhiv_baseline_grid_comparison/ogbg_molhiv_baseline-type=dilated_gnn-stage_type=dilated_stage-layer_type=egatconv-layers_k1=2-layers_k2=1-act_on_last_layer_mp=False
params: 600903
print: both
round: 4
run_dir: results_experiments/ogbg_molhiv_baseline_grid_comparison/ogbg_molhiv_baseline-type=dilated_gnn-stage_type=dilated_stage-layer_type=egatconv-layers_k1=2-layers_k2=1-act_on_last_layer_mp=False/7
seed: 8
share:
  dim_in: 9
  dim_out: 2
  num_splits: 3
tensorboard_agg: True
tensorboard_each_run: False
train:
  auto_resume: False
  batch_size: 32
  ckpt_clean: True
  ckpt_period: 100
  enable_ckpt: True
  epoch_resume: -1
  eval_period: 1
  iter_per_epoch: 32
  neighbor_sizes: [20, 15, 10, 5]
  node_per_graph: 32
  radius: extend
  sample_node: False
  sampler: full_batch
  skip_train_eval: False
  walk_length: 4
val:
  node_per_graph: 32
  radius: extend
  sample_node: False
  sampler: full_batch
view_emb: False
Num parameters: 600903
val: {'epoch': 0, 'loss': 0.7394, 'lr': 0.001, 'params': 600903, 'time_iter': 0.7074, 'accuracy': 0.0156, 'precision': 0.0156, 'recall': 1.0, 'f1': 0.0308, 'auc': 0.6667}
val: {'epoch': 0, 'loss': 0.1, 'lr': 0.001, 'params': 600903, 'time_iter': 1.6192, 'accuracy': 0.9803, 'precision': 0.0, 'recall': 0.0, 'f1': 0.0, 'auc': 0.6029}
train: {'epoch': 0, 'eta': 1420214.2126, 'loss': 0.1901, 'lr': 0.001, 'params': 600903, 'time_iter': 13.9413, 'accuracy': 0.9597, 'precision': 0.0561, 'recall': 0.0049, 'f1': 0.009, 'auc': 0.5406}
val: {'epoch': 1, 'loss': 0.1017, 'lr': 0.001, 'params': 600903, 'time_iter': 1.9053, 'accuracy': 0.9803, 'precision': 0.0, 'recall': 0.0, 'f1': 0.0, 'auc': 0.5814}
train: {'epoch': 1, 'eta': 1378238.4795, 'loss': 0.1554, 'lr': 0.001, 'params': 600903, 'time_iter': 13.3933, 'accuracy': 0.9626, 'precision': 0.0, 'recall': 0.0, 'f1': 0.0, 'auc': 0.6362}
val: {'epoch': 2, 'loss': 0.1029, 'lr': 0.001, 'params': 600903, 'time_iter': 1.623, 'accuracy': 0.9803, 'precision': 0.0, 'recall': 0.0, 'f1': 0.0, 'auc': 0.6724}
train: {'epoch': 2, 'eta': 1362610.5552, 'loss': 0.1517, 'lr': 0.001, 'params': 600903, 'time_iter': 13.6203, 'accuracy': 0.9626, 'precision': 0.0, 'recall': 0.0, 'f1': 0.0, 'auc': 0.6715}
val: {'epoch': 3, 'loss': 0.0971, 'lr': 0.001, 'params': 600903, 'time_iter': 1.6816, 'accuracy': 0.9803, 'precision': 0.0, 'recall': 0.0, 'f1': 0.0, 'auc': 0.7202}
train: {'epoch': 3, 'eta': 1339246.0306, 'loss': 0.1506, 'lr': 0.001, 'params': 600903, 'time_iter': 13.2744, 'accuracy': 0.9626, 'precision': 0.0, 'recall': 0.0, 'f1': 0.0, 'auc': 0.6756}
val: {'epoch': 4, 'loss': 0.0993, 'lr': 0.001, 'params': 600903, 'time_iter': 1.7155, 'accuracy': 0.9803, 'precision': 0.0, 'recall': 0.0, 'f1': 0.0, 'auc': 0.7461}
train: {'epoch': 4, 'eta': 1325959.5616, 'loss': 0.1484, 'lr': 0.001, 'params': 600903, 'time_iter': 13.5913, 'accuracy': 0.9626, 'precision': 0.0, 'recall': 0.0, 'f1': 0.0, 'auc': 0.6906}
val: {'epoch': 5, 'loss': 0.0991, 'lr': 0.001, 'params': 600903, 'time_iter': 1.5998, 'accuracy': 0.9803, 'precision': 0.0, 'recall': 0.0, 'f1': 0.0, 'auc': 0.7503}
train: {'epoch': 5, 'eta': 1314863.7467, 'loss': 0.1483, 'lr': 0.001, 'params': 600903, 'time_iter': 13.7416, 'accuracy': 0.9626, 'precision': 0.0, 'recall': 0.0, 'f1': 0.0, 'auc': 0.6893}
val: {'epoch': 6, 'loss': 0.0958, 'lr': 0.001, 'params': 600903, 'time_iter': 1.5847, 'accuracy': 0.9803, 'precision': 0.0, 'recall': 0.0, 'f1': 0.0, 'auc': 0.7424}
train: {'epoch': 6, 'eta': 1299856.1015, 'loss': 0.1459, 'lr': 0.001, 'params': 600903, 'time_iter': 13.5191, 'accuracy': 0.9626, 'precision': 0.5, 'recall': 0.0008, 'f1': 0.0016, 'auc': 0.7092}
val: {'epoch': 7, 'loss': 0.0981, 'lr': 0.001, 'params': 600903, 'time_iter': 1.7369, 'accuracy': 0.9803, 'precision': 0.0, 'recall': 0.0, 'f1': 0.0, 'auc': 0.6996}
train: {'epoch': 7, 'eta': 1283776.0184, 'loss': 0.145, 'lr': 0.001, 'params': 600903, 'time_iter': 13.4053, 'accuracy': 0.9624, 'precision': 0.0, 'recall': 0.0, 'f1': 0.0, 'auc': 0.7181}
val: {'epoch': 8, 'loss': 0.101, 'lr': 0.001, 'params': 600903, 'time_iter': 1.6242, 'accuracy': 0.9803, 'precision': 0.0, 'recall': 0.0, 'f1': 0.0, 'auc': 0.706}
train: {'epoch': 8, 'eta': 1269794.5184, 'loss': 0.1441, 'lr': 0.001, 'params': 600903, 'time_iter': 13.5582, 'accuracy': 0.9624, 'precision': 0.25, 'recall': 0.0016, 'f1': 0.0032, 'auc': 0.7293}
val: {'epoch': 9, 'loss': 0.098, 'lr': 0.001, 'params': 600903, 'time_iter': 1.5727, 'accuracy': 0.9805, 'precision': 1.0, 'recall': 0.0123, 'f1': 0.0244, 'auc': 0.6959}
train: {'epoch': 9, 'eta': 1255379.0214, 'loss': 0.1445, 'lr': 0.001, 'params': 600903, 'time_iter': 13.5107, 'accuracy': 0.9624, 'precision': 0.1429, 'recall': 0.0008, 'f1': 0.0016, 'auc': 0.7262}
val: {'epoch': 10, 'loss': 0.1072, 'lr': 0.001, 'params': 600903, 'time_iter': 1.6632, 'accuracy': 0.9803, 'precision': 0.0, 'recall': 0.0, 'f1': 0.0, 'auc': 0.6708}
train: {'epoch': 10, 'eta': 1241312.0455, 'loss': 0.1428, 'lr': 0.001, 'params': 600903, 'time_iter': 13.5413, 'accuracy': 0.9626, 'precision': 0.5, 'recall': 0.0041, 'f1': 0.0081, 'auc': 0.7402}
val: {'epoch': 11, 'loss': 0.1049, 'lr': 0.001, 'params': 600903, 'time_iter': 1.6391, 'accuracy': 0.9803, 'precision': 0.0, 'recall': 0.0, 'f1': 0.0, 'auc': 0.7636}
train: {'epoch': 11, 'eta': 1228889.6053, 'loss': 0.1427, 'lr': 0.001, 'params': 600903, 'time_iter': 13.7563, 'accuracy': 0.9624, 'precision': 0.3529, 'recall': 0.0049, 'f1': 0.0096, 'auc': 0.7373}
val: {'epoch': 12, 'loss': 0.0958, 'lr': 0.001, 'params': 600903, 'time_iter': 1.6145, 'accuracy': 0.9803, 'precision': 0.0, 'recall': 0.0, 'f1': 0.0, 'auc': 0.7385}
train: {'epoch': 12, 'eta': 1213980.6718, 'loss': 0.1434, 'lr': 0.001, 'params': 600903, 'time_iter': 13.434, 'accuracy': 0.9623, 'precision': 0.1429, 'recall': 0.0016, 'f1': 0.0032, 'auc': 0.7299}
val: {'epoch': 13, 'loss': 0.0935, 'lr': 0.001, 'params': 600903, 'time_iter': 1.7272, 'accuracy': 0.9803, 'precision': 0.0, 'recall': 0.0, 'f1': 0.0, 'auc': 0.7695}
train: {'epoch': 13, 'eta': 1200078.4076, 'loss': 0.1423, 'lr': 0.001, 'params': 600903, 'time_iter': 13.5687, 'accuracy': 0.9626, 'precision': 0.5385, 'recall': 0.0057, 'f1': 0.0112, 'auc': 0.7421}
val: {'epoch': 14, 'loss': 0.0973, 'lr': 0.001, 'params': 600903, 'time_iter': 1.595, 'accuracy': 0.9803, 'precision': 0.0, 'recall': 0.0, 'f1': 0.0, 'auc': 0.7732}
train: {'epoch': 14, 'eta': 1185788.4675, 'loss': 0.142, 'lr': 0.001, 'params': 600903, 'time_iter': 13.5036, 'accuracy': 0.9626, 'precision': 0.5, 'recall': 0.013, 'f1': 0.0253, 'auc': 0.741}
val: {'epoch': 15, 'loss': 0.1067, 'lr': 0.001, 'params': 600903, 'time_iter': 1.5784, 'accuracy': 0.9803, 'precision': 0.0, 'recall': 0.0, 'f1': 0.0, 'auc': 0.7333}
train: {'epoch': 15, 'eta': 1172065.7709, 'loss': 0.1421, 'lr': 0.001, 'params': 600903, 'time_iter': 13.5995, 'accuracy': 0.9623, 'precision': 0.3462, 'recall': 0.0073, 'f1': 0.0143, 'auc': 0.7419}
val: {'epoch': 16, 'loss': 0.1057, 'lr': 0.001, 'params': 600903, 'time_iter': 1.696, 'accuracy': 0.9803, 'precision': 0.0, 'recall': 0.0, 'f1': 0.0, 'auc': 0.7325}
train: {'epoch': 16, 'eta': 1158534.995, 'loss': 0.1417, 'lr': 0.001, 'params': 600903, 'time_iter': 13.644, 'accuracy': 0.9624, 'precision': 0.4468, 'recall': 0.017, 'f1': 0.0328, 'auc': 0.7437}
val: {'epoch': 17, 'loss': 0.101, 'lr': 0.001, 'params': 600903, 'time_iter': 1.5962, 'accuracy': 0.9805, 'precision': 0.6667, 'recall': 0.0247, 'f1': 0.0476, 'auc': 0.7471}
train: {'epoch': 17, 'eta': 1145670.3348, 'loss': 0.1412, 'lr': 0.001, 'params': 600903, 'time_iter': 13.7982, 'accuracy': 0.9623, 'precision': 0.434, 'recall': 0.0187, 'f1': 0.0358, 'auc': 0.7393}
val: {'epoch': 18, 'loss': 0.0977, 'lr': 0.001, 'params': 600903, 'time_iter': 1.5965, 'accuracy': 0.981, 'precision': 1.0, 'recall': 0.037, 'f1': 0.0714, 'auc': 0.773}
train: {'epoch': 18, 'eta': 1131893.0875, 'loss': 0.1411, 'lr': 0.001, 'params': 600903, 'time_iter': 13.6221, 'accuracy': 0.9624, 'precision': 0.4531, 'recall': 0.0235, 'f1': 0.0448, 'auc': 0.7391}
val: {'epoch': 19, 'loss': 0.1132, 'lr': 0.001, 'params': 600903, 'time_iter': 1.7557, 'accuracy': 0.9803, 'precision': 0.0, 'recall': 0.0, 'f1': 0.0, 'auc': 0.6701}
train: {'epoch': 19, 'eta': 1117442.3117, 'loss': 0.1433, 'lr': 0.001, 'params': 600903, 'time_iter': 13.4643, 'accuracy': 0.9621, 'precision': 0.3095, 'recall': 0.0106, 'f1': 0.0204, 'auc': 0.7364}
val: {'epoch': 20, 'loss': 0.1125, 'lr': 0.001, 'params': 600903, 'time_iter': 1.6326, 'accuracy': 0.9803, 'precision': 0.0, 'recall': 0.0, 'f1': 0.0, 'auc': 0.725}
train: {'epoch': 20, 'eta': 1103238.9438, 'loss': 0.1491, 'lr': 0.001, 'params': 600903, 'time_iter': 13.5136, 'accuracy': 0.9624, 'precision': 0.0, 'recall': 0.0, 'f1': 0.0, 'auc': 0.6929}
val: {'epoch': 21, 'loss': 0.1026, 'lr': 0.001, 'params': 600903, 'time_iter': 1.6144, 'accuracy': 0.9796, 'precision': 0.0, 'recall': 0.0, 'f1': 0.0, 'auc': 0.7465}
train: {'epoch': 21, 'eta': 1089221.331, 'loss': 0.1456, 'lr': 0.001, 'params': 600903, 'time_iter': 13.5571, 'accuracy': 0.9623, 'precision': 0.25, 'recall': 0.0032, 'f1': 0.0064, 'auc': 0.7249}
val: {'epoch': 22, 'loss': 0.1028, 'lr': 0.001, 'params': 600903, 'time_iter': 1.5905, 'accuracy': 0.9803, 'precision': 0.0, 'recall': 0.0, 'f1': 0.0, 'auc': 0.7014}
train: {'epoch': 22, 'eta': 1074191.0751, 'loss': 0.1448, 'lr': 0.001, 'params': 600903, 'time_iter': 13.2614, 'accuracy': 0.9623, 'precision': 0.3333, 'recall': 0.0057, 'f1': 0.0112, 'auc': 0.7244}
val: {'epoch': 23, 'loss': 0.1102, 'lr': 0.001, 'params': 600903, 'time_iter': 1.5943, 'accuracy': 0.9803, 'precision': 0.0, 'recall': 0.0, 'f1': 0.0, 'auc': 0.7108}
train: {'epoch': 23, 'eta': 1059900.0368, 'loss': 0.1451, 'lr': 0.001, 'params': 600903, 'time_iter': 13.4529, 'accuracy': 0.9625, 'precision': 0.4667, 'recall': 0.0057, 'f1': 0.0112, 'auc': 0.7238}
val: {'epoch': 24, 'loss': 0.1193, 'lr': 0.001, 'params': 600903, 'time_iter': 1.5521, 'accuracy': 0.9803, 'precision': 0.0, 'recall': 0.0, 'f1': 0.0, 'auc': 0.6591}
train: {'epoch': 24, 'eta': 1045435.2941, 'loss': 0.1434, 'lr': 0.001, 'params': 600903, 'time_iter': 13.385, 'accuracy': 0.9625, 'precision': 0.4118, 'recall': 0.0057, 'f1': 0.0112, 'auc': 0.7357}
val: {'epoch': 25, 'loss': 0.1142, 'lr': 0.001, 'params': 600903, 'time_iter': 1.6842, 'accuracy': 0.9801, 'precision': 0.0, 'recall': 0.0, 'f1': 0.0, 'auc': 0.731}
train: {'epoch': 25, 'eta': 1031710.2741, 'loss': 0.1425, 'lr': 0.001, 'params': 600903, 'time_iter': 13.6194, 'accuracy': 0.962, 'precision': 0.2258, 'recall': 0.0057, 'f1': 0.0111, 'auc': 0.7378}
val: {'epoch': 26, 'loss': 0.1052, 'lr': 0.001, 'params': 600903, 'time_iter': 1.8448, 'accuracy': 0.9803, 'precision': 0.0, 'recall': 0.0, 'f1': 0.0, 'auc': 0.749}
train: {'epoch': 26, 'eta': 1018033.5895, 'loss': 0.1446, 'lr': 0.001, 'params': 600903, 'time_iter': 13.6445, 'accuracy': 0.9621, 'precision': 0.1739, 'recall': 0.0032, 'f1': 0.0064, 'auc': 0.7275}
val: {'epoch': 27, 'loss': 0.1124, 'lr': 0.001, 'params': 600903, 'time_iter': 1.5925, 'accuracy': 0.9801, 'precision': 0.0, 'recall': 0.0, 'f1': 0.0, 'auc': 0.7249}
train: {'epoch': 27, 'eta': 1003980.4456, 'loss': 0.1425, 'lr': 0.001, 'params': 600903, 'time_iter': 13.512, 'accuracy': 0.9623, 'precision': 0.3158, 'recall': 0.0049, 'f1': 0.0096, 'auc': 0.7418}
val: {'epoch': 28, 'loss': 0.1046, 'lr': 0.001, 'params': 600903, 'time_iter': 1.5922, 'accuracy': 0.9803, 'precision': 0.5, 'recall': 0.0123, 'f1': 0.0241, 'auc': 0.7423}
train: {'epoch': 28, 'eta': 990207.4655, 'loss': 0.1425, 'lr': 0.001, 'params': 600903, 'time_iter': 13.6191, 'accuracy': 0.9622, 'precision': 0.3878, 'recall': 0.0154, 'f1': 0.0297, 'auc': 0.7326}
val: {'epoch': 29, 'loss': 0.1105, 'lr': 0.001, 'params': 600903, 'time_iter': 1.8434, 'accuracy': 0.9803, 'precision': 0.0, 'recall': 0.0, 'f1': 0.0, 'auc': 0.7379}
train: {'epoch': 29, 'eta': 976061.7032, 'loss': 0.1406, 'lr': 0.001, 'params': 600903, 'time_iter': 13.4706, 'accuracy': 0.9623, 'precision': 0.4328, 'recall': 0.0235, 'f1': 0.0446, 'auc': 0.7447}
val: {'epoch': 30, 'loss': 0.1058, 'lr': 0.001, 'params': 600903, 'time_iter': 1.6236, 'accuracy': 0.9803, 'precision': 0.5, 'recall': 0.0123, 'f1': 0.0241, 'auc': 0.7252}
train: {'epoch': 30, 'eta': 962569.165, 'loss': 0.1398, 'lr': 0.001, 'params': 600903, 'time_iter': 13.7478, 'accuracy': 0.9624, 'precision': 0.4605, 'recall': 0.0284, 'f1': 0.0535, 'auc': 0.7496}
val: {'epoch': 31, 'loss': 0.1037, 'lr': 0.001, 'params': 600903, 'time_iter': 1.5764, 'accuracy': 0.9808, 'precision': 0.75, 'recall': 0.037, 'f1': 0.0706, 'auc': 0.7257}
train: {'epoch': 31, 'eta': 948686.0663, 'loss': 0.1391, 'lr': 0.001, 'params': 600903, 'time_iter': 13.5878, 'accuracy': 0.962, 'precision': 0.3953, 'recall': 0.0276, 'f1': 0.0516, 'auc': 0.7545}
val: {'epoch': 32, 'loss': 0.1085, 'lr': 0.001, 'params': 600903, 'time_iter': 2.4141, 'accuracy': 0.9803, 'precision': 0.0, 'recall': 0.0, 'f1': 0.0, 'auc': 0.7388}
train: {'epoch': 32, 'eta': 935247.9513, 'loss': 0.1401, 'lr': 0.001, 'params': 600903, 'time_iter': 13.8037, 'accuracy': 0.9621, 'precision': 0.407, 'recall': 0.0284, 'f1': 0.0531, 'auc': 0.7438}
val: {'epoch': 33, 'loss': 0.1132, 'lr': 0.001, 'params': 600903, 'time_iter': 1.5893, 'accuracy': 0.9803, 'precision': 0.5, 'recall': 0.0123, 'f1': 0.0241, 'auc': 0.7194}
train: {'epoch': 33, 'eta': 922093.733, 'loss': 0.1389, 'lr': 0.001, 'params': 600903, 'time_iter': 13.9684, 'accuracy': 0.9624, 'precision': 0.4667, 'recall': 0.0341, 'f1': 0.0635, 'auc': 0.7496}
val: {'epoch': 34, 'loss': 0.1023, 'lr': 0.001, 'params': 600903, 'time_iter': 1.6453, 'accuracy': 0.9801, 'precision': 0.0, 'recall': 0.0, 'f1': 0.0, 'auc': 0.7539}
train: {'epoch': 34, 'eta': 907753.5166, 'loss': 0.1395, 'lr': 0.001, 'params': 600903, 'time_iter': 13.3842, 'accuracy': 0.9619, 'precision': 0.382, 'recall': 0.0276, 'f1': 0.0515, 'auc': 0.7549}
val: {'epoch': 35, 'loss': 0.1057, 'lr': 0.001, 'params': 600903, 'time_iter': 1.8193, 'accuracy': 0.9808, 'precision': 1.0, 'recall': 0.0247, 'f1': 0.0482, 'auc': 0.7722}
train: {'epoch': 35, 'eta': 893243.8245, 'loss': 0.1392, 'lr': 0.001, 'params': 600903, 'time_iter': 13.2743, 'accuracy': 0.9626, 'precision': 0.5057, 'recall': 0.0357, 'f1': 0.0667, 'auc': 0.7504}
val: {'epoch': 36, 'loss': 0.1141, 'lr': 0.001, 'params': 600903, 'time_iter': 1.6043, 'accuracy': 0.9805, 'precision': 1.0, 'recall': 0.0123, 'f1': 0.0244, 'auc': 0.7198}
train: {'epoch': 36, 'eta': 880387.594, 'loss': 0.1397, 'lr': 0.001, 'params': 600903, 'time_iter': 14.1918, 'accuracy': 0.9622, 'precision': 0.427, 'recall': 0.0308, 'f1': 0.0575, 'auc': 0.7492}
val: {'epoch': 37, 'loss': 0.1109, 'lr': 0.001, 'params': 600903, 'time_iter': 1.5762, 'accuracy': 0.9803, 'precision': 0.0, 'recall': 0.0, 'f1': 0.0, 'auc': 0.7204}
train: {'epoch': 37, 'eta': 866158.8134, 'loss': 0.1457, 'lr': 0.001, 'params': 600903, 'time_iter': 13.4291, 'accuracy': 0.9615, 'precision': 0.2727, 'recall': 0.017, 'f1': 0.0321, 'auc': 0.7237}
val: {'epoch': 38, 'loss': 0.114, 'lr': 0.001, 'params': 600903, 'time_iter': 1.8216, 'accuracy': 0.9803, 'precision': 0.0, 'recall': 0.0, 'f1': 0.0, 'auc': 0.7058}
train: {'epoch': 38, 'eta': 852019.6299, 'loss': 0.1425, 'lr': 0.001, 'params': 600903, 'time_iter': 13.4717, 'accuracy': 0.9625, 'precision': 0.4681, 'recall': 0.0179, 'f1': 0.0344, 'auc': 0.7345}
val: {'epoch': 39, 'loss': 0.1221, 'lr': 0.001, 'params': 600903, 'time_iter': 1.603, 'accuracy': 0.9803, 'precision': 0.0, 'recall': 0.0, 'f1': 0.0, 'auc': 0.7072}
train: {'epoch': 39, 'eta': 838275.8731, 'loss': 0.1415, 'lr': 0.001, 'params': 600903, 'time_iter': 13.7189, 'accuracy': 0.9616, 'precision': 0.2794, 'recall': 0.0154, 'f1': 0.0292, 'auc': 0.7349}
val: {'epoch': 40, 'loss': 0.1241, 'lr': 0.001, 'params': 600903, 'time_iter': 1.5506, 'accuracy': 0.9803, 'precision': 0.0, 'recall': 0.0, 'f1': 0.0, 'auc': 0.654}
train: {'epoch': 40, 'eta': 823939.2, 'loss': 0.1401, 'lr': 0.001, 'params': 600903, 'time_iter': 13.3307, 'accuracy': 0.9619, 'precision': 0.3115, 'recall': 0.0154, 'f1': 0.0294, 'auc': 0.7444}
val: {'epoch': 41, 'loss': 0.1154, 'lr': 0.001, 'params': 600903, 'time_iter': 1.8913, 'accuracy': 0.9803, 'precision': 0.0, 'recall': 0.0, 'f1': 0.0, 'auc': 0.7036}
train: {'epoch': 41, 'eta': 809251.932, 'loss': 0.1394, 'lr': 0.001, 'params': 600903, 'time_iter': 13.0633, 'accuracy': 0.9621, 'precision': 0.4111, 'recall': 0.03, 'f1': 0.056, 'auc': 0.7491}
val: {'epoch': 42, 'loss': 0.1168, 'lr': 0.001, 'params': 600903, 'time_iter': 1.5777, 'accuracy': 0.9803, 'precision': 0.0, 'recall': 0.0, 'f1': 0.0, 'auc': 0.7397}
train: {'epoch': 42, 'eta': 795438.2697, 'loss': 0.1393, 'lr': 0.001, 'params': 600903, 'time_iter': 13.6613, 'accuracy': 0.9619, 'precision': 0.3614, 'recall': 0.0244, 'f1': 0.0456, 'auc': 0.7551}
val: {'epoch': 43, 'loss': 0.1321, 'lr': 0.001, 'params': 600903, 'time_iter': 1.6087, 'accuracy': 0.9803, 'precision': 0.0, 'recall': 0.0, 'f1': 0.0, 'auc': 0.7308}
train: {'epoch': 43, 'eta': 781384.4313, 'loss': 0.1379, 'lr': 0.001, 'params': 600903, 'time_iter': 13.4863, 'accuracy': 0.9626, 'precision': 0.5054, 'recall': 0.0381, 'f1': 0.0709, 'auc': 0.7626}
val: {'epoch': 44, 'loss': 0.1204, 'lr': 0.001, 'params': 600903, 'time_iter': 1.7212, 'accuracy': 0.9803, 'precision': 0.0, 'recall': 0.0, 'f1': 0.0, 'auc': 0.7052}
train: {'epoch': 44, 'eta': 767328.5199, 'loss': 0.1378, 'lr': 0.001, 'params': 600903, 'time_iter': 13.4785, 'accuracy': 0.9625, 'precision': 0.4898, 'recall': 0.039, 'f1': 0.0722, 'auc': 0.7647}
val: {'epoch': 45, 'loss': 0.123, 'lr': 0.001, 'params': 600903, 'time_iter': 1.5915, 'accuracy': 0.9803, 'precision': 0.0, 'recall': 0.0, 'f1': 0.0, 'auc': 0.7476}
train: {'epoch': 45, 'eta': 753660.9258, 'loss': 0.1372, 'lr': 0.001, 'params': 600903, 'time_iter': 13.7932, 'accuracy': 0.9625, 'precision': 0.4835, 'recall': 0.0357, 'f1': 0.0665, 'auc': 0.7685}
val: {'epoch': 46, 'loss': 0.1261, 'lr': 0.001, 'params': 600903, 'time_iter': 1.6009, 'accuracy': 0.9803, 'precision': 0.0, 'recall': 0.0, 'f1': 0.0, 'auc': 0.7279}
train: {'epoch': 46, 'eta': 739471.9092, 'loss': 0.1388, 'lr': 0.001, 'params': 600903, 'time_iter': 13.3631, 'accuracy': 0.9625, 'precision': 0.4894, 'recall': 0.0373, 'f1': 0.0694, 'auc': 0.7547}
val: {'epoch': 47, 'loss': 0.1268, 'lr': 0.001, 'params': 600903, 'time_iter': 1.839, 'accuracy': 0.9803, 'precision': 0.0, 'recall': 0.0, 'f1': 0.0, 'auc': 0.7372}
train: {'epoch': 47, 'eta': 725355.252, 'loss': 0.137, 'lr': 0.001, 'params': 600903, 'time_iter': 13.4116, 'accuracy': 0.9625, 'precision': 0.4948, 'recall': 0.039, 'f1': 0.0722, 'auc': 0.7683}
val: {'epoch': 48, 'loss': 0.1266, 'lr': 0.001, 'params': 600903, 'time_iter': 1.5847, 'accuracy': 0.9803, 'precision': 0.0, 'recall': 0.0, 'f1': 0.0, 'auc': 0.7306}
train: {'epoch': 48, 'eta': 712163.7716, 'loss': 0.138, 'lr': 0.001, 'params': 600903, 'time_iter': 14.2634, 'accuracy': 0.9624, 'precision': 0.4773, 'recall': 0.0341, 'f1': 0.0636, 'auc': 0.7652}
val: {'epoch': 49, 'loss': 0.1372, 'lr': 0.001, 'params': 600903, 'time_iter': 1.5677, 'accuracy': 0.9803, 'precision': 0.0, 'recall': 0.0, 'f1': 0.0, 'auc': 0.6433}
train: {'epoch': 49, 'eta': 698030.9308, 'loss': 0.1383, 'lr': 0.001, 'params': 600903, 'time_iter': 13.4064, 'accuracy': 0.9622, 'precision': 0.3968, 'recall': 0.0203, 'f1': 0.0386, 'auc': 0.7548}
val: {'epoch': 50, 'loss': 0.124, 'lr': 0.001, 'params': 600903, 'time_iter': 1.8196, 'accuracy': 0.9803, 'precision': 0.0, 'recall': 0.0, 'f1': 0.0, 'auc': 0.7231}
train: {'epoch': 50, 'eta': 684160.851, 'loss': 0.1383, 'lr': 0.001, 'params': 600903, 'time_iter': 13.6587, 'accuracy': 0.9625, 'precision': 0.4795, 'recall': 0.0284, 'f1': 0.0536, 'auc': 0.7579}
val: {'epoch': 51, 'loss': 0.1349, 'lr': 0.001, 'params': 600903, 'time_iter': 1.6404, 'accuracy': 0.9803, 'precision': 0.0, 'recall': 0.0, 'f1': 0.0, 'auc': 0.6662}
train: {'epoch': 51, 'eta': 670317.1648, 'loss': 0.1374, 'lr': 0.001, 'params': 600903, 'time_iter': 13.694, 'accuracy': 0.962, 'precision': 0.4128, 'recall': 0.0365, 'f1': 0.0671, 'auc': 0.7604}
val: {'epoch': 52, 'loss': 0.1239, 'lr': 0.001, 'params': 600903, 'time_iter': 1.5758, 'accuracy': 0.9803, 'precision': 0.0, 'recall': 0.0, 'f1': 0.0, 'auc': 0.7136}
train: {'epoch': 52, 'eta': 656309.5995, 'loss': 0.1369, 'lr': 0.001, 'params': 600903, 'time_iter': 13.5247, 'accuracy': 0.9623, 'precision': 0.4636, 'recall': 0.0414, 'f1': 0.076, 'auc': 0.7641}
val: {'epoch': 53, 'loss': 0.1383, 'lr': 0.001, 'params': 600903, 'time_iter': 1.825, 'accuracy': 0.9803, 'precision': 0.0, 'recall': 0.0, 'f1': 0.0, 'auc': 0.6647}
train: {'epoch': 53, 'eta': 642328.2227, 'loss': 0.1366, 'lr': 0.001, 'params': 600903, 'time_iter': 13.5507, 'accuracy': 0.9623, 'precision': 0.4565, 'recall': 0.0341, 'f1': 0.0634, 'auc': 0.7634}
val: {'epoch': 54, 'loss': 0.1349, 'lr': 0.001, 'params': 600903, 'time_iter': 1.6228, 'accuracy': 0.9803, 'precision': 0.0, 'recall': 0.0, 'f1': 0.0, 'auc': 0.6389}
train: {'epoch': 54, 'eta': 628578.0464, 'loss': 0.1355, 'lr': 0.001, 'params': 600903, 'time_iter': 13.8237, 'accuracy': 0.9622, 'precision': 0.458, 'recall': 0.0487, 'f1': 0.088, 'auc': 0.7742}
val: {'epoch': 55, 'loss': 0.1317, 'lr': 0.001, 'params': 600903, 'time_iter': 1.5992, 'accuracy': 0.9803, 'precision': 0.0, 'recall': 0.0, 'f1': 0.0, 'auc': 0.6896}
train: {'epoch': 55, 'eta': 614427.7605, 'loss': 0.134, 'lr': 0.001, 'params': 600903, 'time_iter': 13.3498, 'accuracy': 0.9626, 'precision': 0.5042, 'recall': 0.0487, 'f1': 0.0888, 'auc': 0.7792}
val: {'epoch': 56, 'loss': 0.1339, 'lr': 0.001, 'params': 600903, 'time_iter': 1.9201, 'accuracy': 0.9803, 'precision': 0.0, 'recall': 0.0, 'f1': 0.0, 'auc': 0.7085}
train: {'epoch': 56, 'eta': 600408.5311, 'loss': 0.1347, 'lr': 0.001, 'params': 600903, 'time_iter': 13.4999, 'accuracy': 0.9621, 'precision': 0.447, 'recall': 0.0479, 'f1': 0.0865, 'auc': 0.7741}
val: {'epoch': 57, 'loss': 0.1343, 'lr': 0.001, 'params': 600903, 'time_iter': 1.5873, 'accuracy': 0.9803, 'precision': 0.0, 'recall': 0.0, 'f1': 0.0, 'auc': 0.6465}
train: {'epoch': 57, 'eta': 586502.659, 'loss': 0.1383, 'lr': 0.001, 'params': 600903, 'time_iter': 13.6461, 'accuracy': 0.9626, 'precision': 0.5, 'recall': 0.0438, 'f1': 0.0806, 'auc': 0.7551}
val: {'epoch': 58, 'loss': 0.1217, 'lr': 0.001, 'params': 600903, 'time_iter': 1.6428, 'accuracy': 0.9803, 'precision': 0.0, 'recall': 0.0, 'f1': 0.0, 'auc': 0.7048}
train: {'epoch': 58, 'eta': 572551.8427, 'loss': 0.1361, 'lr': 0.001, 'params': 600903, 'time_iter': 13.5897, 'accuracy': 0.9629, 'precision': 0.5417, 'recall': 0.0528, 'f1': 0.0962, 'auc': 0.7662}
val: {'epoch': 59, 'loss': 0.1346, 'lr': 0.001, 'params': 600903, 'time_iter': 2.0136, 'accuracy': 0.9803, 'precision': 0.0, 'recall': 0.0, 'f1': 0.0, 'auc': 0.6879}
train: {'epoch': 59, 'eta': 558649.2124, 'loss': 0.1355, 'lr': 0.001, 'params': 600903, 'time_iter': 13.6616, 'accuracy': 0.9624, 'precision': 0.4803, 'recall': 0.0495, 'f1': 0.0898, 'auc': 0.7709}
val: {'epoch': 60, 'loss': 0.1284, 'lr': 0.001, 'params': 600903, 'time_iter': 1.5864, 'accuracy': 0.9803, 'precision': 0.0, 'recall': 0.0, 'f1': 0.0, 'auc': 0.688}
train: {'epoch': 60, 'eta': 544567.799, 'loss': 0.1372, 'lr': 0.001, 'params': 600903, 'time_iter': 13.3975, 'accuracy': 0.9624, 'precision': 0.4811, 'recall': 0.0414, 'f1': 0.0762, 'auc': 0.7683}
val: {'epoch': 61, 'loss': 0.1245, 'lr': 0.001, 'params': 600903, 'time_iter': 1.606, 'accuracy': 0.9803, 'precision': 0.0, 'recall': 0.0, 'f1': 0.0, 'auc': 0.7074}
train: {'epoch': 61, 'eta': 530605.7518, 'loss': 0.1392, 'lr': 0.001, 'params': 600903, 'time_iter': 13.5717, 'accuracy': 0.9623, 'precision': 0.4167, 'recall': 0.0203, 'f1': 0.0387, 'auc': 0.7628}
val: {'epoch': 62, 'loss': 0.1229, 'lr': 0.001, 'params': 600903, 'time_iter': 2.3095, 'accuracy': 0.9803, 'precision': 0.0, 'recall': 0.0, 'f1': 0.0, 'auc': 0.749}
train: {'epoch': 62, 'eta': 516645.1911, 'loss': 0.137, 'lr': 0.001, 'params': 600903, 'time_iter': 13.5743, 'accuracy': 0.9621, 'precision': 0.4205, 'recall': 0.03, 'f1': 0.0561, 'auc': 0.77}
val: {'epoch': 63, 'loss': 0.1324, 'lr': 0.001, 'params': 600903, 'time_iter': 1.6107, 'accuracy': 0.9803, 'precision': 0.0, 'recall': 0.0, 'f1': 0.0, 'auc': 0.7245}
train: {'epoch': 63, 'eta': 502987.7087, 'loss': 0.135, 'lr': 0.001, 'params': 600903, 'time_iter': 14.0984, 'accuracy': 0.9622, 'precision': 0.4286, 'recall': 0.0292, 'f1': 0.0547, 'auc': 0.7802}
val: {'epoch': 64, 'loss': 0.132, 'lr': 0.001, 'params': 600903, 'time_iter': 1.5904, 'accuracy': 0.9803, 'precision': 0.0, 'recall': 0.0, 'f1': 0.0, 'auc': 0.7161}
train: {'epoch': 64, 'eta': 489101.4773, 'loss': 0.1355, 'lr': 0.001, 'params': 600903, 'time_iter': 13.7327, 'accuracy': 0.9624, 'precision': 0.4719, 'recall': 0.0341, 'f1': 0.0636, 'auc': 0.7816}
val: {'epoch': 65, 'loss': 0.1338, 'lr': 0.001, 'params': 600903, 'time_iter': 2.2022, 'accuracy': 0.9801, 'precision': 0.0, 'recall': 0.0, 'f1': 0.0, 'auc': 0.72}
train: {'epoch': 65, 'eta': 475240.6778, 'loss': 0.1358, 'lr': 0.001, 'params': 600903, 'time_iter': 13.7947, 'accuracy': 0.9624, 'precision': 0.4615, 'recall': 0.0244, 'f1': 0.0463, 'auc': 0.7767}
val: {'epoch': 66, 'loss': 0.1329, 'lr': 0.001, 'params': 600903, 'time_iter': 1.6164, 'accuracy': 0.9803, 'precision': 0.0, 'recall': 0.0, 'f1': 0.0, 'auc': 0.6824}
train: {'epoch': 66, 'eta': 461540.0283, 'loss': 0.1355, 'lr': 0.001, 'params': 600903, 'time_iter': 14.1303, 'accuracy': 0.9623, 'precision': 0.4167, 'recall': 0.0203, 'f1': 0.0387, 'auc': 0.7752}
val: {'epoch': 67, 'loss': 0.1307, 'lr': 0.001, 'params': 600903, 'time_iter': 1.5413, 'accuracy': 0.9803, 'precision': 0.0, 'recall': 0.0, 'f1': 0.0, 'auc': 0.7182}
train: {'epoch': 67, 'eta': 447588.4258, 'loss': 0.1413, 'lr': 0.001, 'params': 600903, 'time_iter': 13.6631, 'accuracy': 0.9623, 'precision': 0.3953, 'recall': 0.0138, 'f1': 0.0267, 'auc': 0.7482}
val: {'epoch': 68, 'loss': 0.1403, 'lr': 0.001, 'params': 600903, 'time_iter': 1.7535, 'accuracy': 0.9803, 'precision': 0.0, 'recall': 0.0, 'f1': 0.0, 'auc': 0.759}
train: {'epoch': 68, 'eta': 433494.8727, 'loss': 0.1371, 'lr': 0.001, 'params': 600903, 'time_iter': 13.3628, 'accuracy': 0.9624, 'precision': 0.4531, 'recall': 0.0235, 'f1': 0.0448, 'auc': 0.7723}
val: {'epoch': 69, 'loss': 0.1439, 'lr': 0.001, 'params': 600903, 'time_iter': 1.6248, 'accuracy': 0.9803, 'precision': 0.0, 'recall': 0.0, 'f1': 0.0, 'auc': 0.6597}
train: {'epoch': 69, 'eta': 419580.8043, 'loss': 0.1374, 'lr': 0.001, 'params': 600903, 'time_iter': 13.7475, 'accuracy': 0.9616, 'precision': 0.3086, 'recall': 0.0203, 'f1': 0.0381, 'auc': 0.7634}
val: {'epoch': 70, 'loss': 0.1444, 'lr': 0.001, 'params': 600903, 'time_iter': 1.6043, 'accuracy': 0.9803, 'precision': 0.0, 'recall': 0.0, 'f1': 0.0, 'auc': 0.6544}
train: {'epoch': 70, 'eta': 405548.2244, 'loss': 0.1412, 'lr': 0.001, 'params': 600903, 'time_iter': 13.4811, 'accuracy': 0.962, 'precision': 0.3448, 'recall': 0.0162, 'f1': 0.031, 'auc': 0.7493}
val: {'epoch': 71, 'loss': 0.142, 'lr': 0.001, 'params': 600903, 'time_iter': 1.6909, 'accuracy': 0.9803, 'precision': 0.0, 'recall': 0.0, 'f1': 0.0, 'auc': 0.7054}
train: {'epoch': 71, 'eta': 391588.8556, 'loss': 0.1402, 'lr': 0.001, 'params': 600903, 'time_iter': 13.6529, 'accuracy': 0.9623, 'precision': 0.4478, 'recall': 0.0244, 'f1': 0.0462, 'auc': 0.7508}
val: {'epoch': 72, 'loss': 0.1377, 'lr': 0.001, 'params': 600903, 'time_iter': 1.6176, 'accuracy': 0.9803, 'precision': 0.0, 'recall': 0.0, 'f1': 0.0, 'auc': 0.6688}
train: {'epoch': 72, 'eta': 377702.5196, 'loss': 0.1415, 'lr': 0.001, 'params': 600903, 'time_iter': 13.8512, 'accuracy': 0.9621, 'precision': 0.4125, 'recall': 0.0268, 'f1': 0.0503, 'auc': 0.7425}
val: {'epoch': 73, 'loss': 0.1421, 'lr': 0.001, 'params': 600903, 'time_iter': 1.6205, 'accuracy': 0.9801, 'precision': 0.0, 'recall': 0.0, 'f1': 0.0, 'auc': 0.6167}
train: {'epoch': 73, 'eta': 363733.0324, 'loss': 0.142, 'lr': 0.001, 'params': 600903, 'time_iter': 13.6487, 'accuracy': 0.9621, 'precision': 0.2581, 'recall': 0.0065, 'f1': 0.0127, 'auc': 0.7416}
val: {'epoch': 74, 'loss': 0.1478, 'lr': 0.001, 'params': 600903, 'time_iter': 1.7627, 'accuracy': 0.9803, 'precision': 0.0, 'recall': 0.0, 'f1': 0.0, 'auc': 0.5817}
train: {'epoch': 74, 'eta': 349708.6375, 'loss': 0.1406, 'lr': 0.001, 'params': 600903, 'time_iter': 13.4944, 'accuracy': 0.9623, 'precision': 0.3913, 'recall': 0.0146, 'f1': 0.0282, 'auc': 0.7481}
val: {'epoch': 75, 'loss': 0.1328, 'lr': 0.001, 'params': 600903, 'time_iter': 1.5931, 'accuracy': 0.9803, 'precision': 0.0, 'recall': 0.0, 'f1': 0.0, 'auc': 0.7276}
train: {'epoch': 75, 'eta': 335680.184, 'loss': 0.1389, 'lr': 0.001, 'params': 600903, 'time_iter': 13.4707, 'accuracy': 0.9624, 'precision': 0.4528, 'recall': 0.0195, 'f1': 0.0374, 'auc': 0.7483}
val: {'epoch': 76, 'loss': 0.152, 'lr': 0.001, 'params': 600903, 'time_iter': 1.6604, 'accuracy': 0.9803, 'precision': 0.0, 'recall': 0.0, 'f1': 0.0, 'auc': 0.6379}
train: {'epoch': 76, 'eta': 321706.2989, 'loss': 0.139, 'lr': 0.001, 'params': 600903, 'time_iter': 13.6341, 'accuracy': 0.9623, 'precision': 0.4211, 'recall': 0.0195, 'f1': 0.0372, 'auc': 0.7491}
val: {'epoch': 77, 'loss': 0.1446, 'lr': 0.001, 'params': 600903, 'time_iter': 1.7809, 'accuracy': 0.9803, 'precision': 0.0, 'recall': 0.0, 'f1': 0.0, 'auc': 0.6085}
train: {'epoch': 77, 'eta': 307731.0626, 'loss': 0.138, 'lr': 0.001, 'params': 600903, 'time_iter': 13.6344, 'accuracy': 0.9624, 'precision': 0.4655, 'recall': 0.0219, 'f1': 0.0419, 'auc': 0.7574}
val: {'epoch': 78, 'loss': 0.134, 'lr': 0.001, 'params': 600903, 'time_iter': 1.6459, 'accuracy': 0.9803, 'precision': 0.0, 'recall': 0.0, 'f1': 0.0, 'auc': 0.7241}
train: {'epoch': 78, 'eta': 293629.7541, 'loss': 0.1392, 'lr': 0.001, 'params': 600903, 'time_iter': 13.1785, 'accuracy': 0.9627, 'precision': 0.5333, 'recall': 0.026, 'f1': 0.0495, 'auc': 0.7527}
val: {'epoch': 79, 'loss': 0.1298, 'lr': 0.001, 'params': 600903, 'time_iter': 1.5769, 'accuracy': 0.9803, 'precision': 0.0, 'recall': 0.0, 'f1': 0.0, 'auc': 0.7452}
train: {'epoch': 79, 'eta': 279638.0137, 'loss': 0.1378, 'lr': 0.001, 'params': 600903, 'time_iter': 13.5519, 'accuracy': 0.9628, 'precision': 0.5443, 'recall': 0.0349, 'f1': 0.0656, 'auc': 0.7563}
val: {'epoch': 80, 'loss': 0.1332, 'lr': 0.001, 'params': 600903, 'time_iter': 1.8167, 'accuracy': 0.9803, 'precision': 0.0, 'recall': 0.0, 'f1': 0.0, 'auc': 0.7105}
train: {'epoch': 80, 'eta': 265634.9203, 'loss': 0.1351, 'lr': 0.001, 'params': 600903, 'time_iter': 13.5001, 'accuracy': 0.9625, 'precision': 0.4839, 'recall': 0.0365, 'f1': 0.0679, 'auc': 0.7721}
val: {'epoch': 81, 'loss': 0.1393, 'lr': 0.001, 'params': 600903, 'time_iter': 1.5733, 'accuracy': 0.9801, 'precision': 0.0, 'recall': 0.0, 'f1': 0.0, 'auc': 0.7083}
train: {'epoch': 81, 'eta': 251725.7975, 'loss': 0.1336, 'lr': 0.001, 'params': 600903, 'time_iter': 13.904, 'accuracy': 0.9626, 'precision': 0.5165, 'recall': 0.0381, 'f1': 0.0711, 'auc': 0.7817}
val: {'epoch': 82, 'loss': 0.133, 'lr': 0.001, 'params': 600903, 'time_iter': 1.5663, 'accuracy': 0.9798, 'precision': 0.0, 'recall': 0.0, 'f1': 0.0, 'auc': 0.7585}
train: {'epoch': 82, 'eta': 237731.9318, 'loss': 0.1342, 'lr': 0.001, 'params': 600903, 'time_iter': 13.5475, 'accuracy': 0.9627, 'precision': 0.5269, 'recall': 0.0398, 'f1': 0.074, 'auc': 0.7777}
val: {'epoch': 83, 'loss': 0.1353, 'lr': 0.001, 'params': 600903, 'time_iter': 1.6372, 'accuracy': 0.9801, 'precision': 0.0, 'recall': 0.0, 'f1': 0.0, 'auc': 0.7184}
train: {'epoch': 83, 'eta': 223764.5121, 'loss': 0.1345, 'lr': 0.001, 'params': 600903, 'time_iter': 13.6759, 'accuracy': 0.9626, 'precision': 0.5111, 'recall': 0.0373, 'f1': 0.0696, 'auc': 0.7739}
val: {'epoch': 84, 'loss': 0.1457, 'lr': 0.001, 'params': 600903, 'time_iter': 1.5718, 'accuracy': 0.9801, 'precision': 0.0, 'recall': 0.0, 'f1': 0.0, 'auc': 0.6581}
train: {'epoch': 84, 'eta': 209804.036, 'loss': 0.1335, 'lr': 0.001, 'params': 600903, 'time_iter': 13.7277, 'accuracy': 0.9624, 'precision': 0.4719, 'recall': 0.0341, 'f1': 0.0636, 'auc': 0.7799}
val: {'epoch': 85, 'loss': 0.1378, 'lr': 0.001, 'params': 600903, 'time_iter': 1.6235, 'accuracy': 0.9801, 'precision': 0.0, 'recall': 0.0, 'f1': 0.0, 'auc': 0.7375}
train: {'epoch': 85, 'eta': 195885.3092, 'loss': 0.1334, 'lr': 0.001, 'params': 600903, 'time_iter': 13.9999, 'accuracy': 0.9625, 'precision': 0.4944, 'recall': 0.0357, 'f1': 0.0666, 'auc': 0.7831}
val: {'epoch': 86, 'loss': 0.1504, 'lr': 0.001, 'params': 600903, 'time_iter': 1.6125, 'accuracy': 0.9803, 'precision': 0.0, 'recall': 0.0, 'f1': 0.0, 'auc': 0.7084}
train: {'epoch': 86, 'eta': 181872.2673, 'loss': 0.1326, 'lr': 0.001, 'params': 600903, 'time_iter': 13.4594, 'accuracy': 0.9628, 'precision': 0.5368, 'recall': 0.0414, 'f1': 0.0769, 'auc': 0.7833}
val: {'epoch': 87, 'loss': 0.1572, 'lr': 0.001, 'params': 600903, 'time_iter': 1.6094, 'accuracy': 0.9803, 'precision': 0.0, 'recall': 0.0, 'f1': 0.0, 'auc': 0.6893}
train: {'epoch': 87, 'eta': 167880.9963, 'loss': 0.1359, 'lr': 0.001, 'params': 600903, 'time_iter': 13.5881, 'accuracy': 0.9625, 'precision': 0.4872, 'recall': 0.0308, 'f1': 0.058, 'auc': 0.7669}
val: {'epoch': 88, 'loss': 0.1504, 'lr': 0.001, 'params': 600903, 'time_iter': 1.6731, 'accuracy': 0.9803, 'precision': 0.0, 'recall': 0.0, 'f1': 0.0, 'auc': 0.7223}
train: {'epoch': 88, 'eta': 153872.4007, 'loss': 0.1348, 'lr': 0.001, 'params': 600903, 'time_iter': 13.4502, 'accuracy': 0.9626, 'precision': 0.5172, 'recall': 0.0365, 'f1': 0.0682, 'auc': 0.7762}
val: {'epoch': 89, 'loss': 0.1506, 'lr': 0.001, 'params': 600903, 'time_iter': 1.6149, 'accuracy': 0.9803, 'precision': 0.0, 'recall': 0.0, 'f1': 0.0, 'auc': 0.7281}
train: {'epoch': 89, 'eta': 139901.5715, 'loss': 0.1345, 'lr': 0.001, 'params': 600903, 'time_iter': 13.7478, 'accuracy': 0.962, 'precision': 0.4078, 'recall': 0.0341, 'f1': 0.0629, 'auc': 0.7789}
val: {'epoch': 90, 'loss': 0.1665, 'lr': 0.001, 'params': 600903, 'time_iter': 1.6226, 'accuracy': 0.9803, 'precision': 0.0, 'recall': 0.0, 'f1': 0.0, 'auc': 0.7019}
train: {'epoch': 90, 'eta': 125915.9123, 'loss': 0.136, 'lr': 0.001, 'params': 600903, 'time_iter': 13.6401, 'accuracy': 0.9624, 'precision': 0.4771, 'recall': 0.0422, 'f1': 0.0776, 'auc': 0.7688}
val: {'epoch': 91, 'loss': 0.156, 'lr': 0.001, 'params': 600903, 'time_iter': 1.5971, 'accuracy': 0.9798, 'precision': 0.0, 'recall': 0.0, 'f1': 0.0, 'auc': 0.7066}
train: {'epoch': 91, 'eta': 111910.6736, 'loss': 0.1401, 'lr': 0.001, 'params': 600903, 'time_iter': 13.4334, 'accuracy': 0.9623, 'precision': 0.413, 'recall': 0.0154, 'f1': 0.0297, 'auc': 0.7516}
val: {'epoch': 92, 'loss': 0.1619, 'lr': 0.001, 'params': 600903, 'time_iter': 1.5926, 'accuracy': 0.9801, 'precision': 0.0, 'recall': 0.0, 'f1': 0.0, 'auc': 0.6626}
train: {'epoch': 92, 'eta': 97940.8662, 'loss': 0.1367, 'lr': 0.001, 'params': 600903, 'time_iter': 13.8403, 'accuracy': 0.9625, 'precision': 0.4762, 'recall': 0.0244, 'f1': 0.0463, 'auc': 0.7667}
val: {'epoch': 93, 'loss': 0.1624, 'lr': 0.001, 'params': 600903, 'time_iter': 1.8183, 'accuracy': 0.9798, 'precision': 0.0, 'recall': 0.0, 'f1': 0.0, 'auc': 0.6487}
train: {'epoch': 93, 'eta': 83948.1843, 'loss': 0.1371, 'lr': 0.001, 'params': 600903, 'time_iter': 13.58, 'accuracy': 0.9623, 'precision': 0.4458, 'recall': 0.03, 'f1': 0.0563, 'auc': 0.7698}
val: {'epoch': 94, 'loss': 0.1613, 'lr': 0.001, 'params': 600903, 'time_iter': 1.572, 'accuracy': 0.9798, 'precision': 0.0, 'recall': 0.0, 'f1': 0.0, 'auc': 0.6814}
train: {'epoch': 94, 'eta': 69934.6354, 'loss': 0.1351, 'lr': 0.001, 'params': 600903, 'time_iter': 13.1874, 'accuracy': 0.9629, 'precision': 0.5821, 'recall': 0.0317, 'f1': 0.06, 'auc': 0.7772}
val: {'epoch': 95, 'loss': 0.1567, 'lr': 0.001, 'params': 600903, 'time_iter': 1.6086, 'accuracy': 0.9803, 'precision': 0.0, 'recall': 0.0, 'f1': 0.0, 'auc': 0.7018}
train: {'epoch': 95, 'eta': 55955.6419, 'loss': 0.1355, 'lr': 0.001, 'params': 600903, 'time_iter': 13.7778, 'accuracy': 0.9626, 'precision': 0.51, 'recall': 0.0414, 'f1': 0.0766, 'auc': 0.7726}
val: {'epoch': 96, 'loss': 0.1598, 'lr': 0.001, 'params': 600903, 'time_iter': 1.9027, 'accuracy': 0.9803, 'precision': 0.0, 'recall': 0.0, 'f1': 0.0, 'auc': 0.7038}
train: {'epoch': 96, 'eta': 41974.4979, 'loss': 0.1393, 'lr': 0.001, 'params': 600903, 'time_iter': 13.8387, 'accuracy': 0.962, 'precision': 0.3836, 'recall': 0.0227, 'f1': 0.0429, 'auc': 0.7512}
val: {'epoch': 97, 'loss': 0.1549, 'lr': 0.001, 'params': 600903, 'time_iter': 1.5915, 'accuracy': 0.9803, 'precision': 0.0, 'recall': 0.0, 'f1': 0.0, 'auc': 0.7129}
train: {'epoch': 97, 'eta': 27979.3528, 'loss': 0.1377, 'lr': 0.001, 'params': 600903, 'time_iter': 13.4236, 'accuracy': 0.9621, 'precision': 0.3913, 'recall': 0.0219, 'f1': 0.0415, 'auc': 0.7608}
val: {'epoch': 98, 'loss': 0.149, 'lr': 0.001, 'params': 600903, 'time_iter': 1.6218, 'accuracy': 0.9801, 'precision': 0.0, 'recall': 0.0, 'f1': 0.0, 'auc': 0.7306}
train: {'epoch': 98, 'eta': 13987.8556, 'loss': 0.1363, 'lr': 0.001, 'params': 600903, 'time_iter': 13.4202, 'accuracy': 0.9625, 'precision': 0.4853, 'recall': 0.0268, 'f1': 0.0508, 'auc': 0.7652}
val: {'epoch': 99, 'loss': 0.1422, 'lr': 0.001, 'params': 600903, 'time_iter': 1.851, 'accuracy': 0.9801, 'precision': 0.0, 'recall': 0.0, 'f1': 0.0, 'auc': 0.7422}
train: {'epoch': 99, 'eta': 0.0, 'loss': 0.1347, 'lr': 0.001, 'params': 600903, 'time_iter': 13.7033, 'accuracy': 0.9627, 'precision': 0.5342, 'recall': 0.0317, 'f1': 0.0598, 'auc': 0.7695}
test: {'epoch': 99, 'loss': 0.2381, 'lr': 0.001, 'params': 600903, 'time_iter': 1.7204, 'accuracy': 0.9684, 'precision': 0.0, 'recall': 0.0, 'f1': 0.0, 'auc': 0.6907}
test: {'epoch': 14, 'loss': 0.157, 'lr': 0.001, 'params': 600903, 'time_iter': 1.4501, 'accuracy': 0.9684, 'precision': 0.5, 'recall': 0.0077, 'f1': 0.0152, 'auc': 0.7369}
