GraphGymModule(
  (model): DilatedGNNModel(
    (encoder): FeatureEncoder(
      (node_encoder): AtomEncoder(
        (atom_embedding_list): ModuleList(
          (0): Embedding(119, 300)
          (1): Embedding(4, 300)
          (2): Embedding(12, 300)
          (3): Embedding(12, 300)
          (4): Embedding(10, 300)
          (5): Embedding(6, 300)
          (6): Embedding(6, 300)
          (7): Embedding(2, 300)
          (8): Embedding(2, 300)
        )
      )
      (edge_encoder): BondEncoder(
        (bond_embedding_list): ModuleList(
          (0): Embedding(5, 300)
          (1): Embedding(6, 300)
          (2): Embedding(2, 300)
        )
      )
    )
    (mp): GNNDilatedStage(
      (classic_layers): ModuleList(
        (0): GeneralLayer(
          (layer): EGATConv(
            (model): GATConv(300, 300, heads=1)
          )
          (post_layer): Sequential(
            (0): BatchNorm1d(300, eps=1e-05, momentum=0.1, affine=True, track_running_stats=True)
            (1): Dropout(p=0.5, inplace=False)
            (2): ReLU()
          )
        )
      )
      (dilated_layers): ModuleList(
        (0): DilatedGeneralLayer(
          (layer): EGATConv(
            (model): GATConv(300, 300, heads=1)
          )
          (post_layer): Sequential(
            (0): BatchNorm1d(300, eps=1e-05, momentum=0.1, affine=True, track_running_stats=True)
            (1): Dropout(p=0.5, inplace=False)
            (2): ReLU()
          )
          (gem): GeM(p=3.0000, eps=1e-06)
        )
      )
      (act): ReLU()
    )
    (post_mp): GNNGraphHead(
      (layer_post_mp): MLP(
        (model): Sequential(
          (0): Linear(
            (model): Linear(300, 1, bias=True)
          )
        )
      )
    )
  )
)
accelerator: cuda
benchmark: False
bn:
  eps: 1e-05
  mom: 0.1
cfg_dest: config.yaml
custom_metrics: []
dataset:
  cache_load: False
  cache_save: False
  dir: ./datasets
  edge_dim: 300
  edge_encoder: True
  edge_encoder_bn: False
  edge_encoder_name: Bond
  edge_message_ratio: 0.8
  edge_negative_sampling_ratio: 1.0
  edge_train_mode: all
  encoder: True
  encoder_bn: True
  encoder_dim: 128
  encoder_name: db
  fast_loader: False
  format: OGB
  label_column: none
  label_table: none
  location: local
  name: ogbg-molhiv
  node_encoder: True
  node_encoder_bn: False
  node_encoder_name: Atom
  remove_feature: False
  resample_disjoint: False
  resample_negative: False
  shuffle_split: True
  split: [0.8, 0.1, 0.1]
  split_mode: random
  task: graph
  task_type: classification
  to_undirected: False
  transductive: False
  transform: none
  tu_simple: True
devices: 1
gnn:
  act: relu
  act_on_last_layer_mp: False
  agg: none
  att_final_linear: False
  att_final_linear_bn: False
  att_heads: 1
  batchnorm: True
  clear_feature: True
  dilated_path_join: add
  dim_inner: 300
  dropout: 0.5
  head: graph
  keep_edge: 0.5
  l2norm: True
  layer_type: egatconv
  layers_k1: 1
  layers_k2: 1
  layers_mp: 5
  layers_post_mp: 1
  layers_pre_mp: 0
  learn_alpha_residual_connection: True
  msg_direction: single
  normalize_adj: False
  self_msg: concat
  skip_every: 1
  stage_type: stack
  use_edge_features: True
gpu_mem: False
mem:
  inplace: False
metric_agg: argmax
metric_best: auc
model:
  edge_decoding: dot
  graph_pooling: mean
  loss_fun: cross_entropy
  match_upper: True
  size_average: mean
  thresh: 0.5
  type: dilated_gnn
num_threads: 6
num_workers: 16
optim:
  base_lr: 0.001
  lr_decay: 0.1
  max_epoch: 100
  momentum: 0.9
  optimizer: adam
  scheduler: none
  steps: [30, 60, 90]
  weight_decay: 0.0
out_dir: results_experiments/ogbg_molhiv_baseline_grid_design/ogbg_molhiv_baseline-type=dilated_gnn-layer_type=egatconv-layers_k1=1-layers_k2=1-dilated_path_join=add-learn_alpha_residual_connection=True
params: 419103
print: both
round: 4
run_dir: results_experiments/ogbg_molhiv_baseline_grid_design/ogbg_molhiv_baseline-type=dilated_gnn-layer_type=egatconv-layers_k1=1-layers_k2=1-dilated_path_join=add-learn_alpha_residual_connection=True/7
seed: 8
share:
  dim_in: 9
  dim_out: 2
  num_splits: 3
tensorboard_agg: True
tensorboard_each_run: False
train:
  auto_resume: False
  batch_size: 32
  ckpt_clean: True
  ckpt_period: 100
  enable_ckpt: True
  epoch_resume: -1
  eval_period: 1
  iter_per_epoch: 32
  neighbor_sizes: [20, 15, 10, 5]
  node_per_graph: 32
  radius: extend
  sample_node: False
  sampler: full_batch
  skip_train_eval: False
  walk_length: 4
val:
  node_per_graph: 32
  radius: extend
  sample_node: False
  sampler: full_batch
view_emb: False
Num parameters: 419103
val: {'epoch': 0, 'loss': 0.6966, 'lr': 0.001, 'params': 419103, 'time_iter': 0.8952, 'accuracy': 0.1875, 'precision': 0.0189, 'recall': 1.0, 'f1': 0.037, 'auc': 0.6032}
val: {'epoch': 0, 'loss': 0.0955, 'lr': 0.001, 'params': 419103, 'time_iter': 1.9131, 'accuracy': 0.9803, 'precision': 0.0, 'recall': 0.0, 'f1': 0.0, 'auc': 0.6805}
train: {'epoch': 0, 'eta': 1488599.9067, 'loss': 0.1826, 'lr': 0.001, 'params': 419103, 'time_iter': 14.6126, 'accuracy': 0.9626, 'precision': 0.0, 'recall': 0.0, 'f1': 0.0, 'auc': 0.5696}
val: {'epoch': 1, 'loss': 0.0926, 'lr': 0.001, 'params': 419103, 'time_iter': 2.0914, 'accuracy': 0.9803, 'precision': 0.0, 'recall': 0.0, 'f1': 0.0, 'auc': 0.663}
train: {'epoch': 1, 'eta': 1484263.4018, 'loss': 0.1507, 'lr': 0.001, 'params': 419103, 'time_iter': 14.8248, 'accuracy': 0.9626, 'precision': 0.0, 'recall': 0.0, 'f1': 0.0, 'auc': 0.6883}
val: {'epoch': 2, 'loss': 0.0956, 'lr': 0.001, 'params': 419103, 'time_iter': 1.7718, 'accuracy': 0.9803, 'precision': 0.0, 'recall': 0.0, 'f1': 0.0, 'auc': 0.6663}
train: {'epoch': 2, 'eta': 1483483.7155, 'loss': 0.1504, 'lr': 0.001, 'params': 419103, 'time_iter': 15.1505, 'accuracy': 0.9625, 'precision': 0.0, 'recall': 0.0, 'f1': 0.0, 'auc': 0.6862}
val: {'epoch': 3, 'loss': 0.0907, 'lr': 0.001, 'params': 419103, 'time_iter': 1.9219, 'accuracy': 0.9803, 'precision': 0.0, 'recall': 0.0, 'f1': 0.0, 'auc': 0.7204}
train: {'epoch': 3, 'eta': 1473693.6792, 'loss': 0.149, 'lr': 0.001, 'params': 419103, 'time_iter': 15.0855, 'accuracy': 0.9625, 'precision': 0.2, 'recall': 0.0008, 'f1': 0.0016, 'auc': 0.6984}
val: {'epoch': 4, 'loss': 0.0923, 'lr': 0.001, 'params': 419103, 'time_iter': 1.8644, 'accuracy': 0.9803, 'precision': 0.0, 'recall': 0.0, 'f1': 0.0, 'auc': 0.7123}
train: {'epoch': 4, 'eta': 1462118.1787, 'loss': 0.1479, 'lr': 0.001, 'params': 419103, 'time_iter': 15.1115, 'accuracy': 0.9624, 'precision': 0.0, 'recall': 0.0, 'f1': 0.0, 'auc': 0.7023}
val: {'epoch': 5, 'loss': 0.0888, 'lr': 0.001, 'params': 419103, 'time_iter': 1.7367, 'accuracy': 0.9805, 'precision': 1.0, 'recall': 0.0123, 'f1': 0.0244, 'auc': 0.7342}
train: {'epoch': 5, 'eta': 1450140.1972, 'loss': 0.1478, 'lr': 0.001, 'params': 419103, 'time_iter': 15.1687, 'accuracy': 0.9624, 'precision': 0.0, 'recall': 0.0, 'f1': 0.0, 'auc': 0.7001}
val: {'epoch': 6, 'loss': 0.094, 'lr': 0.001, 'params': 419103, 'time_iter': 2.0572, 'accuracy': 0.9803, 'precision': 0.0, 'recall': 0.0, 'f1': 0.0, 'auc': 0.7134}
train: {'epoch': 6, 'eta': 1430136.9964, 'loss': 0.1477, 'lr': 0.001, 'params': 419103, 'time_iter': 14.6575, 'accuracy': 0.9623, 'precision': 0.1875, 'recall': 0.0024, 'f1': 0.0048, 'auc': 0.705}
val: {'epoch': 7, 'loss': 0.098, 'lr': 0.001, 'params': 419103, 'time_iter': 1.9311, 'accuracy': 0.9803, 'precision': 0.0, 'recall': 0.0, 'f1': 0.0, 'auc': 0.7035}
train: {'epoch': 7, 'eta': 1412880.2415, 'loss': 0.1475, 'lr': 0.001, 'params': 419103, 'time_iter': 14.7856, 'accuracy': 0.9623, 'precision': 0.1667, 'recall': 0.0016, 'f1': 0.0032, 'auc': 0.7084}
val: {'epoch': 8, 'loss': 0.098, 'lr': 0.001, 'params': 419103, 'time_iter': 2.2947, 'accuracy': 0.9803, 'precision': 0.0, 'recall': 0.0, 'f1': 0.0, 'auc': 0.6926}
train: {'epoch': 8, 'eta': 1396115.3153, 'loss': 0.1475, 'lr': 0.001, 'params': 419103, 'time_iter': 14.7893, 'accuracy': 0.9624, 'precision': 0.25, 'recall': 0.0016, 'f1': 0.0032, 'auc': 0.7104}
val: {'epoch': 9, 'loss': 0.0964, 'lr': 0.001, 'params': 419103, 'time_iter': 1.8996, 'accuracy': 0.9801, 'precision': 0.0, 'recall': 0.0, 'f1': 0.0, 'auc': 0.7137}
train: {'epoch': 9, 'eta': 1384820.2284, 'loss': 0.1458, 'lr': 0.001, 'params': 419103, 'time_iter': 15.3465, 'accuracy': 0.9624, 'precision': 0.125, 'recall': 0.0008, 'f1': 0.0016, 'auc': 0.7217}
val: {'epoch': 10, 'loss': 0.0946, 'lr': 0.001, 'params': 419103, 'time_iter': 1.8838, 'accuracy': 0.9803, 'precision': 0.0, 'recall': 0.0, 'f1': 0.0, 'auc': 0.7302}
train: {'epoch': 10, 'eta': 1368447.8504, 'loss': 0.1454, 'lr': 0.001, 'params': 419103, 'time_iter': 14.8349, 'accuracy': 0.9623, 'precision': 0.2632, 'recall': 0.0041, 'f1': 0.008, 'auc': 0.7241}
val: {'epoch': 11, 'loss': 0.0951, 'lr': 0.001, 'params': 419103, 'time_iter': 1.9813, 'accuracy': 0.9803, 'precision': 0.0, 'recall': 0.0, 'f1': 0.0, 'auc': 0.7072}
train: {'epoch': 11, 'eta': 1352485.6925, 'loss': 0.1446, 'lr': 0.001, 'params': 419103, 'time_iter': 14.8648, 'accuracy': 0.9621, 'precision': 0.15, 'recall': 0.0024, 'f1': 0.0048, 'auc': 0.7263}
val: {'epoch': 12, 'loss': 0.0953, 'lr': 0.001, 'params': 419103, 'time_iter': 1.9198, 'accuracy': 0.9803, 'precision': 0.0, 'recall': 0.0, 'f1': 0.0, 'auc': 0.7349}
train: {'epoch': 12, 'eta': 1341025.9367, 'loss': 0.1447, 'lr': 0.001, 'params': 419103, 'time_iter': 15.5037, 'accuracy': 0.9622, 'precision': 0.2903, 'recall': 0.0073, 'f1': 0.0143, 'auc': 0.7264}
val: {'epoch': 13, 'loss': 0.0921, 'lr': 0.001, 'params': 419103, 'time_iter': 1.9206, 'accuracy': 0.9803, 'precision': 0.5, 'recall': 0.0123, 'f1': 0.0241, 'auc': 0.7249}
train: {'epoch': 13, 'eta': 1325467.0699, 'loss': 0.1447, 'lr': 0.001, 'params': 419103, 'time_iter': 14.9568, 'accuracy': 0.9621, 'precision': 0.2222, 'recall': 0.0049, 'f1': 0.0095, 'auc': 0.7234}
val: {'epoch': 14, 'loss': 0.0985, 'lr': 0.001, 'params': 419103, 'time_iter': 1.8536, 'accuracy': 0.9803, 'precision': 0.0, 'recall': 0.0, 'f1': 0.0, 'auc': 0.7248}
train: {'epoch': 14, 'eta': 1310495.3039, 'loss': 0.1445, 'lr': 0.001, 'params': 419103, 'time_iter': 15.0536, 'accuracy': 0.9622, 'precision': 0.2692, 'recall': 0.0057, 'f1': 0.0111, 'auc': 0.7278}
val: {'epoch': 15, 'loss': 0.0931, 'lr': 0.001, 'params': 419103, 'time_iter': 1.895, 'accuracy': 0.9803, 'precision': 0.0, 'recall': 0.0, 'f1': 0.0, 'auc': 0.726}
train: {'epoch': 15, 'eta': 1297194.6833, 'loss': 0.1461, 'lr': 0.001, 'params': 419103, 'time_iter': 15.375, 'accuracy': 0.9621, 'precision': 0.2083, 'recall': 0.0041, 'f1': 0.008, 'auc': 0.724}
val: {'epoch': 16, 'loss': 0.0948, 'lr': 0.001, 'params': 419103, 'time_iter': 1.9907, 'accuracy': 0.9803, 'precision': 0.5, 'recall': 0.0123, 'f1': 0.0241, 'auc': 0.7315}
train: {'epoch': 16, 'eta': 1282195.7416, 'loss': 0.1456, 'lr': 0.001, 'params': 419103, 'time_iter': 15.0959, 'accuracy': 0.9623, 'precision': 0.0909, 'recall': 0.0008, 'f1': 0.0016, 'auc': 0.7311}
val: {'epoch': 17, 'loss': 0.096, 'lr': 0.001, 'params': 419103, 'time_iter': 1.9152, 'accuracy': 0.9803, 'precision': 0.5, 'recall': 0.0123, 'f1': 0.0241, 'auc': 0.7286}
train: {'epoch': 17, 'eta': 1267175.6704, 'loss': 0.1452, 'lr': 0.001, 'params': 419103, 'time_iter': 15.1041, 'accuracy': 0.9621, 'precision': 0.0556, 'recall': 0.0008, 'f1': 0.0016, 'auc': 0.7257}
val: {'epoch': 18, 'loss': 0.0945, 'lr': 0.001, 'params': 419103, 'time_iter': 2.4975, 'accuracy': 0.9803, 'precision': 0.0, 'recall': 0.0, 'f1': 0.0, 'auc': 0.727}
train: {'epoch': 18, 'eta': 1251512.6946, 'loss': 0.1438, 'lr': 0.001, 'params': 419103, 'time_iter': 14.9701, 'accuracy': 0.9624, 'precision': 0.3333, 'recall': 0.0049, 'f1': 0.0096, 'auc': 0.7315}
val: {'epoch': 19, 'loss': 0.0922, 'lr': 0.001, 'params': 419103, 'time_iter': 1.8537, 'accuracy': 0.9803, 'precision': 0.5, 'recall': 0.0123, 'f1': 0.0241, 'auc': 0.7325}
train: {'epoch': 19, 'eta': 1234573.6968, 'loss': 0.1431, 'lr': 0.001, 'params': 419103, 'time_iter': 14.6538, 'accuracy': 0.9621, 'precision': 0.15, 'recall': 0.0024, 'f1': 0.0048, 'auc': 0.7401}
val: {'epoch': 20, 'loss': 0.1004, 'lr': 0.001, 'params': 419103, 'time_iter': 1.987, 'accuracy': 0.9805, 'precision': 0.6667, 'recall': 0.0247, 'f1': 0.0476, 'auc': 0.6912}
train: {'epoch': 20, 'eta': 1218078.3506, 'loss': 0.1449, 'lr': 0.001, 'params': 419103, 'time_iter': 14.7226, 'accuracy': 0.9622, 'precision': 0.2174, 'recall': 0.0041, 'f1': 0.008, 'auc': 0.724}
val: {'epoch': 21, 'loss': 0.0932, 'lr': 0.001, 'params': 419103, 'time_iter': 2.5196, 'accuracy': 0.9805, 'precision': 0.6667, 'recall': 0.0247, 'f1': 0.0476, 'auc': 0.7427}
train: {'epoch': 21, 'eta': 1203092.6175, 'loss': 0.1428, 'lr': 0.001, 'params': 419103, 'time_iter': 15.1029, 'accuracy': 0.9622, 'precision': 0.3, 'recall': 0.0073, 'f1': 0.0143, 'auc': 0.7351}
val: {'epoch': 22, 'loss': 0.0951, 'lr': 0.001, 'params': 419103, 'time_iter': 1.901, 'accuracy': 0.9803, 'precision': 0.5, 'recall': 0.0123, 'f1': 0.0241, 'auc': 0.7396}
train: {'epoch': 22, 'eta': 1188774.8694, 'loss': 0.1423, 'lr': 0.001, 'params': 419103, 'time_iter': 15.3108, 'accuracy': 0.9622, 'precision': 0.25, 'recall': 0.0049, 'f1': 0.0096, 'auc': 0.7414}
val: {'epoch': 23, 'loss': 0.0974, 'lr': 0.001, 'params': 419103, 'time_iter': 1.8653, 'accuracy': 0.9801, 'precision': 0.0, 'recall': 0.0, 'f1': 0.0, 'auc': 0.736}
train: {'epoch': 23, 'eta': 1172058.0224, 'loss': 0.1431, 'lr': 0.001, 'params': 419103, 'time_iter': 14.6113, 'accuracy': 0.9622, 'precision': 0.1579, 'recall': 0.0024, 'f1': 0.0048, 'auc': 0.7408}
val: {'epoch': 24, 'loss': 0.0932, 'lr': 0.001, 'params': 419103, 'time_iter': 1.9793, 'accuracy': 0.9801, 'precision': 0.3333, 'recall': 0.0123, 'f1': 0.0238, 'auc': 0.751}
train: {'epoch': 24, 'eta': 1156087.1815, 'loss': 0.1428, 'lr': 0.001, 'params': 419103, 'time_iter': 14.8093, 'accuracy': 0.9624, 'precision': 0.375, 'recall': 0.0049, 'f1': 0.0096, 'auc': 0.7403}
val: {'epoch': 25, 'loss': 0.0997, 'lr': 0.001, 'params': 419103, 'time_iter': 1.8982, 'accuracy': 0.9801, 'precision': 0.3333, 'recall': 0.0123, 'f1': 0.0238, 'auc': 0.7186}
train: {'epoch': 25, 'eta': 1141015.433, 'loss': 0.1438, 'lr': 0.001, 'params': 419103, 'time_iter': 15.0971, 'accuracy': 0.9623, 'precision': 0.2308, 'recall': 0.0024, 'f1': 0.0048, 'auc': 0.7378}
val: {'epoch': 26, 'loss': 0.0966, 'lr': 0.001, 'params': 419103, 'time_iter': 1.9579, 'accuracy': 0.9801, 'precision': 0.3333, 'recall': 0.0123, 'f1': 0.0238, 'auc': 0.7345}
train: {'epoch': 26, 'eta': 1124936.1733, 'loss': 0.1417, 'lr': 0.001, 'params': 419103, 'time_iter': 14.7473, 'accuracy': 0.9622, 'precision': 0.3333, 'recall': 0.0089, 'f1': 0.0174, 'auc': 0.747}
val: {'epoch': 27, 'loss': 0.0991, 'lr': 0.001, 'params': 419103, 'time_iter': 2.0481, 'accuracy': 0.9803, 'precision': 0.5, 'recall': 0.0123, 'f1': 0.0241, 'auc': 0.7373}
train: {'epoch': 27, 'eta': 1109170.0436, 'loss': 0.1416, 'lr': 0.001, 'params': 419103, 'time_iter': 14.8412, 'accuracy': 0.9622, 'precision': 0.2105, 'recall': 0.0032, 'f1': 0.0064, 'auc': 0.7484}
val: {'epoch': 28, 'loss': 0.0991, 'lr': 0.001, 'params': 419103, 'time_iter': 1.9137, 'accuracy': 0.9801, 'precision': 0.3333, 'recall': 0.0123, 'f1': 0.0238, 'auc': 0.7498}
train: {'epoch': 28, 'eta': 1093783.9033, 'loss': 0.1413, 'lr': 0.001, 'params': 419103, 'time_iter': 14.9785, 'accuracy': 0.9623, 'precision': 0.3333, 'recall': 0.0073, 'f1': 0.0143, 'auc': 0.7474}
val: {'epoch': 29, 'loss': 0.0983, 'lr': 0.001, 'params': 419103, 'time_iter': 1.839, 'accuracy': 0.9801, 'precision': 0.3333, 'recall': 0.0123, 'f1': 0.0238, 'auc': 0.7424}
train: {'epoch': 29, 'eta': 1078115.1924, 'loss': 0.1405, 'lr': 0.001, 'params': 419103, 'time_iter': 14.8616, 'accuracy': 0.9625, 'precision': 0.4667, 'recall': 0.0114, 'f1': 0.0222, 'auc': 0.755}
val: {'epoch': 30, 'loss': 0.0923, 'lr': 0.001, 'params': 419103, 'time_iter': 1.8437, 'accuracy': 0.9798, 'precision': 0.25, 'recall': 0.0123, 'f1': 0.0235, 'auc': 0.7545}
train: {'epoch': 30, 'eta': 1062505.5312, 'loss': 0.1416, 'lr': 0.001, 'params': 419103, 'time_iter': 14.8768, 'accuracy': 0.9623, 'precision': 0.3333, 'recall': 0.0073, 'f1': 0.0143, 'auc': 0.7486}
val: {'epoch': 31, 'loss': 0.094, 'lr': 0.001, 'params': 419103, 'time_iter': 2.3535, 'accuracy': 0.9796, 'precision': 0.2, 'recall': 0.0123, 'f1': 0.0233, 'auc': 0.7438}
train: {'epoch': 31, 'eta': 1046967.1049, 'loss': 0.1397, 'lr': 0.001, 'params': 419103, 'time_iter': 14.9007, 'accuracy': 0.9623, 'precision': 0.3793, 'recall': 0.0089, 'f1': 0.0174, 'auc': 0.7581}
val: {'epoch': 32, 'loss': 0.095, 'lr': 0.001, 'params': 419103, 'time_iter': 1.9522, 'accuracy': 0.9798, 'precision': 0.25, 'recall': 0.0123, 'f1': 0.0235, 'auc': 0.7535}
train: {'epoch': 32, 'eta': 1030952.3116, 'loss': 0.1405, 'lr': 0.001, 'params': 419103, 'time_iter': 14.6667, 'accuracy': 0.9622, 'precision': 0.3421, 'recall': 0.0106, 'f1': 0.0205, 'auc': 0.7567}
val: {'epoch': 33, 'loss': 0.1082, 'lr': 0.001, 'params': 419103, 'time_iter': 1.8251, 'accuracy': 0.9803, 'precision': 0.5, 'recall': 0.0123, 'f1': 0.0241, 'auc': 0.7244}
train: {'epoch': 33, 'eta': 1015480.7415, 'loss': 0.1408, 'lr': 0.001, 'params': 419103, 'time_iter': 14.9115, 'accuracy': 0.9622, 'precision': 0.383, 'recall': 0.0146, 'f1': 0.0281, 'auc': 0.7537}
val: {'epoch': 34, 'loss': 0.0993, 'lr': 0.001, 'params': 419103, 'time_iter': 2.0391, 'accuracy': 0.9803, 'precision': 0.0, 'recall': 0.0, 'f1': 0.0, 'auc': 0.7306}
train: {'epoch': 34, 'eta': 999501.6299, 'loss': 0.1458, 'lr': 0.001, 'params': 419103, 'time_iter': 14.6421, 'accuracy': 0.9626, 'precision': 0.5789, 'recall': 0.0089, 'f1': 0.0176, 'auc': 0.7159}
val: {'epoch': 35, 'loss': 0.0997, 'lr': 0.001, 'params': 419103, 'time_iter': 1.7673, 'accuracy': 0.9801, 'precision': 0.0, 'recall': 0.0, 'f1': 0.0, 'auc': 0.7384}
train: {'epoch': 35, 'eta': 984438.9497, 'loss': 0.146, 'lr': 0.001, 'params': 419103, 'time_iter': 15.1154, 'accuracy': 0.9624, 'precision': 0.25, 'recall': 0.0016, 'f1': 0.0032, 'auc': 0.7263}
val: {'epoch': 36, 'loss': 0.1002, 'lr': 0.001, 'params': 419103, 'time_iter': 1.8151, 'accuracy': 0.9798, 'precision': 0.0, 'recall': 0.0, 'f1': 0.0, 'auc': 0.7386}
train: {'epoch': 36, 'eta': 968689.7053, 'loss': 0.1446, 'lr': 0.001, 'params': 419103, 'time_iter': 14.7387, 'accuracy': 0.9622, 'precision': 0.125, 'recall': 0.0016, 'f1': 0.0032, 'auc': 0.7359}
val: {'epoch': 37, 'loss': 0.1005, 'lr': 0.001, 'params': 419103, 'time_iter': 1.8746, 'accuracy': 0.9801, 'precision': 0.0, 'recall': 0.0, 'f1': 0.0, 'auc': 0.7386}
train: {'epoch': 37, 'eta': 953335.6854, 'loss': 0.143, 'lr': 0.001, 'params': 419103, 'time_iter': 14.9558, 'accuracy': 0.9622, 'precision': 0.25, 'recall': 0.0049, 'f1': 0.0096, 'auc': 0.7402}
val: {'epoch': 38, 'loss': 0.0992, 'lr': 0.001, 'params': 419103, 'time_iter': 1.9276, 'accuracy': 0.9798, 'precision': 0.25, 'recall': 0.0123, 'f1': 0.0235, 'auc': 0.7331}
train: {'epoch': 38, 'eta': 938117.2522, 'loss': 0.142, 'lr': 0.001, 'params': 419103, 'time_iter': 15.0412, 'accuracy': 0.9622, 'precision': 0.303, 'recall': 0.0081, 'f1': 0.0158, 'auc': 0.7481}
val: {'epoch': 39, 'loss': 0.098, 'lr': 0.001, 'params': 419103, 'time_iter': 1.7472, 'accuracy': 0.9803, 'precision': 0.5, 'recall': 0.0123, 'f1': 0.0241, 'auc': 0.7512}
train: {'epoch': 39, 'eta': 922749.5453, 'loss': 0.1408, 'lr': 0.001, 'params': 419103, 'time_iter': 14.9528, 'accuracy': 0.9623, 'precision': 0.2857, 'recall': 0.0049, 'f1': 0.0096, 'auc': 0.7566}
val: {'epoch': 40, 'loss': 0.0972, 'lr': 0.001, 'params': 419103, 'time_iter': 1.8705, 'accuracy': 0.9798, 'precision': 0.25, 'recall': 0.0123, 'f1': 0.0235, 'auc': 0.7544}
train: {'epoch': 40, 'eta': 907441.5784, 'loss': 0.1407, 'lr': 0.001, 'params': 419103, 'time_iter': 14.9938, 'accuracy': 0.9622, 'precision': 0.25, 'recall': 0.0049, 'f1': 0.0096, 'auc': 0.7565}
val: {'epoch': 41, 'loss': 0.0994, 'lr': 0.001, 'params': 419103, 'time_iter': 2.5695, 'accuracy': 0.9796, 'precision': 0.0, 'recall': 0.0, 'f1': 0.0, 'auc': 0.7687}
train: {'epoch': 41, 'eta': 892598.5348, 'loss': 0.1413, 'lr': 0.001, 'params': 419103, 'time_iter': 15.325, 'accuracy': 0.9621, 'precision': 0.2647, 'recall': 0.0073, 'f1': 0.0142, 'auc': 0.7531}
val: {'epoch': 42, 'loss': 0.1032, 'lr': 0.001, 'params': 419103, 'time_iter': 1.8629, 'accuracy': 0.9801, 'precision': 0.0, 'recall': 0.0, 'f1': 0.0, 'auc': 0.7502}
train: {'epoch': 42, 'eta': 876701.9974, 'loss': 0.1412, 'lr': 0.001, 'params': 419103, 'time_iter': 14.5843, 'accuracy': 0.9623, 'precision': 0.3824, 'recall': 0.0106, 'f1': 0.0205, 'auc': 0.7535}
val: {'epoch': 43, 'loss': 0.0964, 'lr': 0.001, 'params': 419103, 'time_iter': 1.8997, 'accuracy': 0.9801, 'precision': 0.4286, 'recall': 0.037, 'f1': 0.0682, 'auc': 0.7493}
train: {'epoch': 43, 'eta': 861320.3235, 'loss': 0.1421, 'lr': 0.001, 'params': 419103, 'time_iter': 14.9466, 'accuracy': 0.9623, 'precision': 0.3793, 'recall': 0.0089, 'f1': 0.0174, 'auc': 0.7443}
val: {'epoch': 44, 'loss': 0.1041, 'lr': 0.001, 'params': 419103, 'time_iter': 1.9753, 'accuracy': 0.9803, 'precision': 0.0, 'recall': 0.0, 'f1': 0.0, 'auc': 0.7486}
train: {'epoch': 44, 'eta': 846255.5115, 'loss': 0.1439, 'lr': 0.001, 'params': 419103, 'time_iter': 15.1984, 'accuracy': 0.9624, 'precision': 0.4062, 'recall': 0.0106, 'f1': 0.0206, 'auc': 0.7349}
val: {'epoch': 45, 'loss': 0.0958, 'lr': 0.001, 'params': 419103, 'time_iter': 2.0575, 'accuracy': 0.9801, 'precision': 0.3333, 'recall': 0.0123, 'f1': 0.0238, 'auc': 0.7484}
train: {'epoch': 45, 'eta': 831486.0853, 'loss': 0.1431, 'lr': 0.001, 'params': 419103, 'time_iter': 15.4636, 'accuracy': 0.962, 'precision': 0.1304, 'recall': 0.0024, 'f1': 0.0048, 'auc': 0.7412}
val: {'epoch': 46, 'loss': 0.0993, 'lr': 0.001, 'params': 419103, 'time_iter': 1.9923, 'accuracy': 0.9803, 'precision': 0.0, 'recall': 0.0, 'f1': 0.0, 'auc': 0.7514}
train: {'epoch': 46, 'eta': 816500.9889, 'loss': 0.1431, 'lr': 0.001, 'params': 419103, 'time_iter': 15.3197, 'accuracy': 0.9621, 'precision': 0.34, 'recall': 0.0138, 'f1': 0.0265, 'auc': 0.7399}
val: {'epoch': 47, 'loss': 0.0943, 'lr': 0.001, 'params': 419103, 'time_iter': 1.8113, 'accuracy': 0.9801, 'precision': 0.0, 'recall': 0.0, 'f1': 0.0, 'auc': 0.7666}
train: {'epoch': 47, 'eta': 800892.8274, 'loss': 0.1424, 'lr': 0.001, 'params': 419103, 'time_iter': 14.7899, 'accuracy': 0.9623, 'precision': 0.3636, 'recall': 0.0097, 'f1': 0.019, 'auc': 0.7449}
val: {'epoch': 48, 'loss': 0.098, 'lr': 0.001, 'params': 419103, 'time_iter': 1.9608, 'accuracy': 0.9801, 'precision': 0.0, 'recall': 0.0, 'f1': 0.0, 'auc': 0.7748}
train: {'epoch': 48, 'eta': 785882.4645, 'loss': 0.1417, 'lr': 0.001, 'params': 419103, 'time_iter': 15.3332, 'accuracy': 0.9623, 'precision': 0.3333, 'recall': 0.0065, 'f1': 0.0127, 'auc': 0.7491}
val: {'epoch': 49, 'loss': 0.0928, 'lr': 0.001, 'params': 419103, 'time_iter': 1.7751, 'accuracy': 0.9803, 'precision': 0.5, 'recall': 0.0247, 'f1': 0.0471, 'auc': 0.7616}
train: {'epoch': 49, 'eta': 770658.7004, 'loss': 0.1431, 'lr': 0.001, 'params': 419103, 'time_iter': 15.1556, 'accuracy': 0.9624, 'precision': 0.4286, 'recall': 0.0122, 'f1': 0.0237, 'auc': 0.7413}
val: {'epoch': 50, 'loss': 0.0933, 'lr': 0.001, 'params': 419103, 'time_iter': 1.8187, 'accuracy': 0.9803, 'precision': 0.5, 'recall': 0.0247, 'f1': 0.0471, 'auc': 0.7661}
train: {'epoch': 50, 'eta': 755266.7737, 'loss': 0.1434, 'lr': 0.001, 'params': 419103, 'time_iter': 15.0003, 'accuracy': 0.9623, 'precision': 0.4054, 'recall': 0.0122, 'f1': 0.0236, 'auc': 0.7332}
val: {'epoch': 51, 'loss': 0.1029, 'lr': 0.001, 'params': 419103, 'time_iter': 2.8609, 'accuracy': 0.9808, 'precision': 1.0, 'recall': 0.0247, 'f1': 0.0482, 'auc': 0.7494}
train: {'epoch': 51, 'eta': 740000.3488, 'loss': 0.143, 'lr': 0.001, 'params': 419103, 'time_iter': 15.1342, 'accuracy': 0.9622, 'precision': 0.3333, 'recall': 0.0089, 'f1': 0.0174, 'auc': 0.74}
val: {'epoch': 52, 'loss': 0.0987, 'lr': 0.001, 'params': 419103, 'time_iter': 1.9634, 'accuracy': 0.9805, 'precision': 0.6667, 'recall': 0.0247, 'f1': 0.0476, 'auc': 0.7513}
train: {'epoch': 52, 'eta': 724391.1153, 'loss': 0.1427, 'lr': 0.001, 'params': 419103, 'time_iter': 14.7712, 'accuracy': 0.9623, 'precision': 0.3667, 'recall': 0.0089, 'f1': 0.0174, 'auc': 0.745}
val: {'epoch': 53, 'loss': 0.1049, 'lr': 0.001, 'params': 419103, 'time_iter': 1.8426, 'accuracy': 0.9798, 'precision': 0.25, 'recall': 0.0123, 'f1': 0.0235, 'auc': 0.7566}
train: {'epoch': 53, 'eta': 708999.3072, 'loss': 0.1416, 'lr': 0.001, 'params': 419103, 'time_iter': 15.0019, 'accuracy': 0.9623, 'precision': 0.4048, 'recall': 0.0138, 'f1': 0.0267, 'auc': 0.7485}
val: {'epoch': 54, 'loss': 0.1047, 'lr': 0.001, 'params': 419103, 'time_iter': 2.0982, 'accuracy': 0.9798, 'precision': 0.0, 'recall': 0.0, 'f1': 0.0, 'auc': 0.7472}
train: {'epoch': 54, 'eta': 693706.9654, 'loss': 0.1413, 'lr': 0.001, 'params': 419103, 'time_iter': 15.122, 'accuracy': 0.9623, 'precision': 0.4, 'recall': 0.0146, 'f1': 0.0282, 'auc': 0.751}
val: {'epoch': 55, 'loss': 0.1032, 'lr': 0.001, 'params': 419103, 'time_iter': 1.7668, 'accuracy': 0.9798, 'precision': 0.0, 'recall': 0.0, 'f1': 0.0, 'auc': 0.735}
train: {'epoch': 55, 'eta': 678419.6077, 'loss': 0.1433, 'lr': 0.001, 'params': 419103, 'time_iter': 15.14, 'accuracy': 0.9625, 'precision': 0.4545, 'recall': 0.0122, 'f1': 0.0237, 'auc': 0.7331}
val: {'epoch': 56, 'loss': 0.1008, 'lr': 0.001, 'params': 419103, 'time_iter': 1.9447, 'accuracy': 0.9798, 'precision': 0.25, 'recall': 0.0123, 'f1': 0.0235, 'auc': 0.7456}
train: {'epoch': 56, 'eta': 663104.3417, 'loss': 0.1418, 'lr': 0.001, 'params': 419103, 'time_iter': 15.1172, 'accuracy': 0.9626, 'precision': 0.5, 'recall': 0.0097, 'f1': 0.0191, 'auc': 0.7465}
val: {'epoch': 57, 'loss': 0.0997, 'lr': 0.001, 'params': 419103, 'time_iter': 1.821, 'accuracy': 0.9801, 'precision': 0.0, 'recall': 0.0, 'f1': 0.0, 'auc': 0.7698}
train: {'epoch': 57, 'eta': 647931.8498, 'loss': 0.1408, 'lr': 0.001, 'params': 419103, 'time_iter': 15.32, 'accuracy': 0.9625, 'precision': 0.4694, 'recall': 0.0187, 'f1': 0.0359, 'auc': 0.7515}
val: {'epoch': 58, 'loss': 0.099, 'lr': 0.001, 'params': 419103, 'time_iter': 1.819, 'accuracy': 0.9801, 'precision': 0.0, 'recall': 0.0, 'f1': 0.0, 'auc': 0.771}
train: {'epoch': 58, 'eta': 632591.1769, 'loss': 0.1423, 'lr': 0.001, 'params': 419103, 'time_iter': 15.1128, 'accuracy': 0.9622, 'precision': 0.4068, 'recall': 0.0195, 'f1': 0.0372, 'auc': 0.7389}
val: {'epoch': 59, 'loss': 0.1025, 'lr': 0.001, 'params': 419103, 'time_iter': 1.7368, 'accuracy': 0.9803, 'precision': 0.0, 'recall': 0.0, 'f1': 0.0, 'auc': 0.7602}
train: {'epoch': 59, 'eta': 616986.1099, 'loss': 0.1436, 'lr': 0.001, 'params': 419103, 'time_iter': 14.7376, 'accuracy': 0.9621, 'precision': 0.3409, 'recall': 0.0122, 'f1': 0.0235, 'auc': 0.7333}
val: {'epoch': 60, 'loss': 0.0984, 'lr': 0.001, 'params': 419103, 'time_iter': 1.7766, 'accuracy': 0.9796, 'precision': 0.0, 'recall': 0.0, 'f1': 0.0, 'auc': 0.7622}
train: {'epoch': 60, 'eta': 601516.1704, 'loss': 0.1434, 'lr': 0.001, 'params': 419103, 'time_iter': 14.9211, 'accuracy': 0.9623, 'precision': 0.3714, 'recall': 0.0106, 'f1': 0.0205, 'auc': 0.7349}
val: {'epoch': 61, 'loss': 0.1002, 'lr': 0.001, 'params': 419103, 'time_iter': 2.2472, 'accuracy': 0.9798, 'precision': 0.0, 'recall': 0.0, 'f1': 0.0, 'auc': 0.7555}
train: {'epoch': 61, 'eta': 586310.5021, 'loss': 0.1441, 'lr': 0.001, 'params': 419103, 'time_iter': 15.3342, 'accuracy': 0.9623, 'precision': 0.2222, 'recall': 0.0032, 'f1': 0.0064, 'auc': 0.7309}
val: {'epoch': 62, 'loss': 0.1011, 'lr': 0.001, 'params': 419103, 'time_iter': 1.944, 'accuracy': 0.9793, 'precision': 0.0, 'recall': 0.0, 'f1': 0.0, 'auc': 0.7468}
train: {'epoch': 62, 'eta': 571063.8948, 'loss': 0.144, 'lr': 0.001, 'params': 419103, 'time_iter': 15.2966, 'accuracy': 0.9623, 'precision': 0.3667, 'recall': 0.0089, 'f1': 0.0174, 'auc': 0.7349}
val: {'epoch': 63, 'loss': 0.0989, 'lr': 0.001, 'params': 419103, 'time_iter': 1.8188, 'accuracy': 0.9798, 'precision': 0.0, 'recall': 0.0, 'f1': 0.0, 'auc': 0.7568}
train: {'epoch': 63, 'eta': 555792.2328, 'loss': 0.1435, 'lr': 0.001, 'params': 419103, 'time_iter': 15.2799, 'accuracy': 0.9621, 'precision': 0.2083, 'recall': 0.0041, 'f1': 0.008, 'auc': 0.7374}
val: {'epoch': 64, 'loss': 0.0993, 'lr': 0.001, 'params': 419103, 'time_iter': 1.9759, 'accuracy': 0.9798, 'precision': 0.0, 'recall': 0.0, 'f1': 0.0, 'auc': 0.7539}
train: {'epoch': 64, 'eta': 540394.4977, 'loss': 0.1432, 'lr': 0.001, 'params': 419103, 'time_iter': 15.0775, 'accuracy': 0.9621, 'precision': 0.2778, 'recall': 0.0081, 'f1': 0.0158, 'auc': 0.739}
val: {'epoch': 65, 'loss': 0.0969, 'lr': 0.001, 'params': 419103, 'time_iter': 1.8048, 'accuracy': 0.9796, 'precision': 0.0, 'recall': 0.0, 'f1': 0.0, 'auc': 0.7557}
train: {'epoch': 65, 'eta': 525084.1838, 'loss': 0.1431, 'lr': 0.001, 'params': 419103, 'time_iter': 15.2491, 'accuracy': 0.962, 'precision': 0.2424, 'recall': 0.0065, 'f1': 0.0126, 'auc': 0.7404}
val: {'epoch': 66, 'loss': 0.0994, 'lr': 0.001, 'params': 419103, 'time_iter': 1.8901, 'accuracy': 0.9793, 'precision': 0.0, 'recall': 0.0, 'f1': 0.0, 'auc': 0.7177}
train: {'epoch': 66, 'eta': 509648.754, 'loss': 0.1426, 'lr': 0.001, 'params': 419103, 'time_iter': 15.0246, 'accuracy': 0.962, 'precision': 0.1724, 'recall': 0.0041, 'f1': 0.0079, 'auc': 0.7417}
val: {'epoch': 67, 'loss': 0.0976, 'lr': 0.001, 'params': 419103, 'time_iter': 1.8518, 'accuracy': 0.9803, 'precision': 0.0, 'recall': 0.0, 'f1': 0.0, 'auc': 0.7777}
train: {'epoch': 67, 'eta': 494110.2048, 'loss': 0.1465, 'lr': 0.001, 'params': 419103, 'time_iter': 14.8132, 'accuracy': 0.9622, 'precision': 0.35, 'recall': 0.0114, 'f1': 0.022, 'auc': 0.7145}
val: {'epoch': 68, 'loss': 0.1013, 'lr': 0.001, 'params': 419103, 'time_iter': 2.4446, 'accuracy': 0.9798, 'precision': 0.0, 'recall': 0.0, 'f1': 0.0, 'auc': 0.764}
train: {'epoch': 68, 'eta': 478626.5081, 'loss': 0.1456, 'lr': 0.001, 'params': 419103, 'time_iter': 14.9133, 'accuracy': 0.9622, 'precision': 0.3143, 'recall': 0.0089, 'f1': 0.0174, 'auc': 0.722}
val: {'epoch': 69, 'loss': 0.0993, 'lr': 0.001, 'params': 419103, 'time_iter': 1.9132, 'accuracy': 0.9808, 'precision': 0.625, 'recall': 0.0617, 'f1': 0.1124, 'auc': 0.7644}
train: {'epoch': 69, 'eta': 463104.6228, 'loss': 0.1438, 'lr': 0.001, 'params': 419103, 'time_iter': 14.8178, 'accuracy': 0.9622, 'precision': 0.3659, 'recall': 0.0122, 'f1': 0.0236, 'auc': 0.7291}
val: {'epoch': 70, 'loss': 0.1041, 'lr': 0.001, 'params': 419103, 'time_iter': 1.8778, 'accuracy': 0.9798, 'precision': 0.0, 'recall': 0.0, 'f1': 0.0, 'auc': 0.7336}
train: {'epoch': 70, 'eta': 447648.0206, 'loss': 0.1441, 'lr': 0.001, 'params': 419103, 'time_iter': 14.9547, 'accuracy': 0.962, 'precision': 0.3043, 'recall': 0.0114, 'f1': 0.0219, 'auc': 0.7299}
val: {'epoch': 71, 'loss': 0.0972, 'lr': 0.001, 'params': 419103, 'time_iter': 2.008, 'accuracy': 0.9803, 'precision': 0.5, 'recall': 0.0123, 'f1': 0.0241, 'auc': 0.7738}
train: {'epoch': 71, 'eta': 432074.6297, 'loss': 0.1428, 'lr': 0.001, 'params': 419103, 'time_iter': 14.6581, 'accuracy': 0.9622, 'precision': 0.3488, 'recall': 0.0122, 'f1': 0.0235, 'auc': 0.7383}
val: {'epoch': 72, 'loss': 0.1024, 'lr': 0.001, 'params': 419103, 'time_iter': 1.7582, 'accuracy': 0.9803, 'precision': 0.0, 'recall': 0.0, 'f1': 0.0, 'auc': 0.7644}
train: {'epoch': 72, 'eta': 416766.2985, 'loss': 0.1424, 'lr': 0.001, 'params': 419103, 'time_iter': 15.3193, 'accuracy': 0.9622, 'precision': 0.3725, 'recall': 0.0154, 'f1': 0.0296, 'auc': 0.7443}
val: {'epoch': 73, 'loss': 0.0981, 'lr': 0.001, 'params': 419103, 'time_iter': 1.9467, 'accuracy': 0.9801, 'precision': 0.4, 'recall': 0.0247, 'f1': 0.0465, 'auc': 0.7873}
train: {'epoch': 73, 'eta': 401251.8054, 'loss': 0.1421, 'lr': 0.001, 'params': 419103, 'time_iter': 14.7831, 'accuracy': 0.9619, 'precision': 0.2105, 'recall': 0.0065, 'f1': 0.0126, 'auc': 0.7501}
val: {'epoch': 74, 'loss': 0.1004, 'lr': 0.001, 'params': 419103, 'time_iter': 1.8603, 'accuracy': 0.9803, 'precision': 0.5, 'recall': 0.0247, 'f1': 0.0471, 'auc': 0.7752}
train: {'epoch': 74, 'eta': 385775.2453, 'loss': 0.1438, 'lr': 0.001, 'params': 419103, 'time_iter': 14.8701, 'accuracy': 0.9622, 'precision': 0.3143, 'recall': 0.0089, 'f1': 0.0174, 'auc': 0.738}
val: {'epoch': 75, 'loss': 0.0962, 'lr': 0.001, 'params': 419103, 'time_iter': 1.8716, 'accuracy': 0.9801, 'precision': 0.4, 'recall': 0.0247, 'f1': 0.0465, 'auc': 0.7687}
train: {'epoch': 75, 'eta': 370232.9953, 'loss': 0.1433, 'lr': 0.001, 'params': 419103, 'time_iter': 14.6538, 'accuracy': 0.9623, 'precision': 0.3824, 'recall': 0.0106, 'f1': 0.0205, 'auc': 0.739}
val: {'epoch': 76, 'loss': 0.0975, 'lr': 0.001, 'params': 419103, 'time_iter': 1.9916, 'accuracy': 0.9805, 'precision': 0.6667, 'recall': 0.0247, 'f1': 0.0476, 'auc': 0.7695}
train: {'epoch': 76, 'eta': 354685.7105, 'loss': 0.1446, 'lr': 0.001, 'params': 419103, 'time_iter': 14.5982, 'accuracy': 0.962, 'precision': 0.3111, 'recall': 0.0114, 'f1': 0.0219, 'auc': 0.73}
val: {'epoch': 77, 'loss': 0.0985, 'lr': 0.001, 'params': 419103, 'time_iter': 1.8714, 'accuracy': 0.9801, 'precision': 0.0, 'recall': 0.0, 'f1': 0.0, 'auc': 0.7573}
train: {'epoch': 77, 'eta': 339249.0021, 'loss': 0.1447, 'lr': 0.001, 'params': 419103, 'time_iter': 14.9328, 'accuracy': 0.962, 'precision': 0.3269, 'recall': 0.0138, 'f1': 0.0265, 'auc': 0.7283}
val: {'epoch': 78, 'loss': 0.1018, 'lr': 0.001, 'params': 419103, 'time_iter': 1.8321, 'accuracy': 0.9798, 'precision': 0.0, 'recall': 0.0, 'f1': 0.0, 'auc': 0.7632}
train: {'epoch': 78, 'eta': 323765.63, 'loss': 0.1436, 'lr': 0.001, 'params': 419103, 'time_iter': 14.7556, 'accuracy': 0.9623, 'precision': 0.4, 'recall': 0.0162, 'f1': 0.0312, 'auc': 0.7403}
val: {'epoch': 79, 'loss': 0.0986, 'lr': 0.001, 'params': 419103, 'time_iter': 1.9137, 'accuracy': 0.9803, 'precision': 0.5, 'recall': 0.0494, 'f1': 0.0899, 'auc': 0.756}
train: {'epoch': 79, 'eta': 308343.7722, 'loss': 0.1436, 'lr': 0.001, 'params': 419103, 'time_iter': 14.9656, 'accuracy': 0.9622, 'precision': 0.3673, 'recall': 0.0146, 'f1': 0.0281, 'auc': 0.7374}
val: {'epoch': 80, 'loss': 0.1021, 'lr': 0.001, 'params': 419103, 'time_iter': 2.0081, 'accuracy': 0.9803, 'precision': 0.0, 'recall': 0.0, 'f1': 0.0, 'auc': 0.7619}
train: {'epoch': 80, 'eta': 292902.3405, 'loss': 0.1434, 'lr': 0.001, 'params': 419103, 'time_iter': 14.8823, 'accuracy': 0.962, 'precision': 0.3607, 'recall': 0.0179, 'f1': 0.034, 'auc': 0.7365}
val: {'epoch': 81, 'loss': 0.0995, 'lr': 0.001, 'params': 419103, 'time_iter': 2.1808, 'accuracy': 0.9801, 'precision': 0.3333, 'recall': 0.0123, 'f1': 0.0238, 'auc': 0.7548}
train: {'epoch': 81, 'eta': 277450.3982, 'loss': 0.1439, 'lr': 0.001, 'params': 419103, 'time_iter': 14.8219, 'accuracy': 0.9621, 'precision': 0.3171, 'recall': 0.0106, 'f1': 0.0204, 'auc': 0.7341}
val: {'epoch': 82, 'loss': 0.1001, 'lr': 0.001, 'params': 419103, 'time_iter': 1.807, 'accuracy': 0.9803, 'precision': 0.5, 'recall': 0.0494, 'f1': 0.0899, 'auc': 0.7567}
train: {'epoch': 82, 'eta': 262166.2006, 'loss': 0.1432, 'lr': 0.001, 'params': 419103, 'time_iter': 15.595, 'accuracy': 0.9621, 'precision': 0.3469, 'recall': 0.0138, 'f1': 0.0265, 'auc': 0.7377}
val: {'epoch': 83, 'loss': 0.0974, 'lr': 0.001, 'params': 419103, 'time_iter': 1.938, 'accuracy': 0.9808, 'precision': 0.6667, 'recall': 0.0494, 'f1': 0.092, 'auc': 0.7659}
train: {'epoch': 83, 'eta': 246690.1025, 'loss': 0.1428, 'lr': 0.001, 'params': 419103, 'time_iter': 14.7086, 'accuracy': 0.9624, 'precision': 0.4615, 'recall': 0.0195, 'f1': 0.0374, 'auc': 0.7432}
val: {'epoch': 84, 'loss': 0.1006, 'lr': 0.001, 'params': 419103, 'time_iter': 1.8989, 'accuracy': 0.9801, 'precision': 0.0, 'recall': 0.0, 'f1': 0.0, 'auc': 0.7502}
train: {'epoch': 84, 'eta': 231256.4722, 'loss': 0.1428, 'lr': 0.001, 'params': 419103, 'time_iter': 14.8983, 'accuracy': 0.9623, 'precision': 0.4211, 'recall': 0.0195, 'f1': 0.0372, 'auc': 0.738}
val: {'epoch': 85, 'loss': 0.1008, 'lr': 0.001, 'params': 419103, 'time_iter': 1.7645, 'accuracy': 0.9801, 'precision': 0.0, 'recall': 0.0, 'f1': 0.0, 'auc': 0.7673}
train: {'epoch': 85, 'eta': 215837.5798, 'loss': 0.1428, 'lr': 0.001, 'params': 419103, 'time_iter': 14.9719, 'accuracy': 0.9619, 'precision': 0.2885, 'recall': 0.0122, 'f1': 0.0234, 'auc': 0.7414}
val: {'epoch': 86, 'loss': 0.1003, 'lr': 0.001, 'params': 419103, 'time_iter': 2.0018, 'accuracy': 0.9798, 'precision': 0.0, 'recall': 0.0, 'f1': 0.0, 'auc': 0.7567}
train: {'epoch': 86, 'eta': 200407.1009, 'loss': 0.1432, 'lr': 0.001, 'params': 419103, 'time_iter': 14.8946, 'accuracy': 0.9619, 'precision': 0.2619, 'recall': 0.0089, 'f1': 0.0173, 'auc': 0.7387}
val: {'epoch': 87, 'loss': 0.0999, 'lr': 0.001, 'params': 419103, 'time_iter': 1.7164, 'accuracy': 0.9798, 'precision': 0.0, 'recall': 0.0, 'f1': 0.0, 'auc': 0.745}
train: {'epoch': 87, 'eta': 184976.4151, 'loss': 0.1444, 'lr': 0.001, 'params': 419103, 'time_iter': 14.8763, 'accuracy': 0.9622, 'precision': 0.3333, 'recall': 0.0106, 'f1': 0.0205, 'auc': 0.7323}
val: {'epoch': 88, 'loss': 0.1049, 'lr': 0.001, 'params': 419103, 'time_iter': 1.8494, 'accuracy': 0.9798, 'precision': 0.0, 'recall': 0.0, 'f1': 0.0, 'auc': 0.7448}
train: {'epoch': 88, 'eta': 169553.8693, 'loss': 0.1437, 'lr': 0.001, 'params': 419103, 'time_iter': 14.9186, 'accuracy': 0.9622, 'precision': 0.2273, 'recall': 0.0041, 'f1': 0.008, 'auc': 0.7374}
val: {'epoch': 89, 'loss': 0.1032, 'lr': 0.001, 'params': 419103, 'time_iter': 1.8577, 'accuracy': 0.9798, 'precision': 0.0, 'recall': 0.0, 'f1': 0.0, 'auc': 0.7702}
train: {'epoch': 89, 'eta': 154152.3556, 'loss': 0.1432, 'lr': 0.001, 'params': 419103, 'time_iter': 15.0887, 'accuracy': 0.9621, 'precision': 0.2812, 'recall': 0.0073, 'f1': 0.0142, 'auc': 0.7427}
val: {'epoch': 90, 'loss': 0.1021, 'lr': 0.001, 'params': 419103, 'time_iter': 1.904, 'accuracy': 0.9798, 'precision': 0.0, 'recall': 0.0, 'f1': 0.0, 'auc': 0.7468}
train: {'epoch': 90, 'eta': 138739.9998, 'loss': 0.1428, 'lr': 0.001, 'params': 419103, 'time_iter': 15.0091, 'accuracy': 0.962, 'precision': 0.275, 'recall': 0.0089, 'f1': 0.0173, 'auc': 0.7419}
val: {'epoch': 91, 'loss': 0.1006, 'lr': 0.001, 'params': 419103, 'time_iter': 1.8591, 'accuracy': 0.9798, 'precision': 0.0, 'recall': 0.0, 'f1': 0.0, 'auc': 0.7634}
train: {'epoch': 91, 'eta': 123308.5514, 'loss': 0.1433, 'lr': 0.001, 'params': 419103, 'time_iter': 14.8035, 'accuracy': 0.9619, 'precision': 0.2059, 'recall': 0.0057, 'f1': 0.0111, 'auc': 0.7407}
val: {'epoch': 92, 'loss': 0.1004, 'lr': 0.001, 'params': 419103, 'time_iter': 1.7885, 'accuracy': 0.9801, 'precision': 0.0, 'recall': 0.0, 'f1': 0.0, 'auc': 0.7778}
train: {'epoch': 92, 'eta': 107907.946, 'loss': 0.1429, 'lr': 0.001, 'params': 419103, 'time_iter': 15.1465, 'accuracy': 0.962, 'precision': 0.1724, 'recall': 0.0041, 'f1': 0.0079, 'auc': 0.7412}
val: {'epoch': 93, 'loss': 0.1016, 'lr': 0.001, 'params': 419103, 'time_iter': 1.8584, 'accuracy': 0.9798, 'precision': 0.0, 'recall': 0.0, 'f1': 0.0, 'auc': 0.7531}
train: {'epoch': 93, 'eta': 92490.2889, 'loss': 0.143, 'lr': 0.001, 'params': 419103, 'time_iter': 14.9469, 'accuracy': 0.962, 'precision': 0.2121, 'recall': 0.0057, 'f1': 0.0111, 'auc': 0.7403}
val: {'epoch': 94, 'loss': 0.0981, 'lr': 0.001, 'params': 419103, 'time_iter': 1.7599, 'accuracy': 0.9793, 'precision': 0.0, 'recall': 0.0, 'f1': 0.0, 'auc': 0.7683}
train: {'epoch': 94, 'eta': 77080.1237, 'loss': 0.144, 'lr': 0.001, 'params': 419103, 'time_iter': 15.0708, 'accuracy': 0.962, 'precision': 0.2258, 'recall': 0.0057, 'f1': 0.0111, 'auc': 0.7322}
val: {'epoch': 95, 'loss': 0.1027, 'lr': 0.001, 'params': 419103, 'time_iter': 1.8017, 'accuracy': 0.9791, 'precision': 0.0, 'recall': 0.0, 'f1': 0.0, 'auc': 0.7728}
train: {'epoch': 95, 'eta': 61670.9174, 'loss': 0.1429, 'lr': 0.001, 'params': 419103, 'time_iter': 15.1406, 'accuracy': 0.9622, 'precision': 0.3514, 'recall': 0.0106, 'f1': 0.0205, 'auc': 0.74}
val: {'epoch': 96, 'loss': 0.1015, 'lr': 0.001, 'params': 419103, 'time_iter': 1.9869, 'accuracy': 0.9796, 'precision': 0.0, 'recall': 0.0, 'f1': 0.0, 'auc': 0.7806}
train: {'epoch': 96, 'eta': 46255.9626, 'loss': 0.1427, 'lr': 0.001, 'params': 419103, 'time_iter': 15.0704, 'accuracy': 0.9619, 'precision': 0.2917, 'recall': 0.0114, 'f1': 0.0219, 'auc': 0.7389}
val: {'epoch': 97, 'loss': 0.0982, 'lr': 0.001, 'params': 419103, 'time_iter': 1.8564, 'accuracy': 0.9798, 'precision': 0.0, 'recall': 0.0, 'f1': 0.0, 'auc': 0.7735}
train: {'epoch': 97, 'eta': 30839.5656, 'loss': 0.1424, 'lr': 0.001, 'params': 419103, 'time_iter': 15.0916, 'accuracy': 0.9621, 'precision': 0.3171, 'recall': 0.0106, 'f1': 0.0204, 'auc': 0.7415}
val: {'epoch': 98, 'loss': 0.0999, 'lr': 0.001, 'params': 419103, 'time_iter': 2.7146, 'accuracy': 0.9798, 'precision': 0.0, 'recall': 0.0, 'f1': 0.0, 'auc': 0.7787}
train: {'epoch': 98, 'eta': 15420.8092, 'loss': 0.1423, 'lr': 0.001, 'params': 419103, 'time_iter': 15.084, 'accuracy': 0.9619, 'precision': 0.2727, 'recall': 0.0097, 'f1': 0.0188, 'auc': 0.7452}
val: {'epoch': 99, 'loss': 0.1003, 'lr': 0.001, 'params': 419103, 'time_iter': 1.8989, 'accuracy': 0.9793, 'precision': 0.0, 'recall': 0.0, 'f1': 0.0, 'auc': 0.7754}
train: {'epoch': 99, 'eta': 0.0, 'loss': 0.1415, 'lr': 0.001, 'params': 419103, 'time_iter': 16.037, 'accuracy': 0.9618, 'precision': 0.2273, 'recall': 0.0081, 'f1': 0.0157, 'auc': 0.7504}
test: {'epoch': 99, 'loss': 0.1683, 'lr': 0.001, 'params': 419103, 'time_iter': 1.6137, 'accuracy': 0.9684, 'precision': 0.0, 'recall': 0.0, 'f1': 0.0, 'auc': 0.694}
test: {'epoch': 73, 'loss': 0.1524, 'lr': 0.001, 'params': 419103, 'time_iter': 1.6714, 'accuracy': 0.9684, 'precision': 0.0, 'recall': 0.0, 'f1': 0.0, 'auc': 0.7476}
