GraphGymModule(
  (model): DilatedGNNModel(
    (encoder): FeatureEncoder(
      (node_encoder): AtomEncoder(
        (atom_embedding_list): ModuleList(
          (0): Embedding(119, 300)
          (1): Embedding(4, 300)
          (2): Embedding(12, 300)
          (3): Embedding(12, 300)
          (4): Embedding(10, 300)
          (5): Embedding(6, 300)
          (6): Embedding(6, 300)
          (7): Embedding(2, 300)
          (8): Embedding(2, 300)
        )
      )
      (edge_encoder): BondEncoder(
        (bond_embedding_list): ModuleList(
          (0): Embedding(5, 300)
          (1): Embedding(6, 300)
          (2): Embedding(2, 300)
        )
      )
    )
    (mp): GNNDilatedStage(
      (classic_layers): ModuleList(
        (0): GeneralLayer(
          (layer): EGINConv(
            (model): GINEConv(nn=Sequential(
              (0): Linear(300, 300, bias=True)
              (1): ReLU()
              (2): Linear(300, 300, bias=True)
            ))
          )
          (post_layer): Sequential(
            (0): BatchNorm1d(300, eps=1e-05, momentum=0.1, affine=True, track_running_stats=True)
            (1): Dropout(p=0.5, inplace=False)
            (2): ReLU()
          )
        )
      )
      (dilated_layers): ModuleList(
        (0): DilatedGeneralLayer(
          (layer): EGINConv(
            (model): GINEConv(nn=Sequential(
              (0): Linear(300, 300, bias=True)
              (1): ReLU()
              (2): Linear(300, 300, bias=True)
            ))
          )
          (post_layer): Sequential(
            (0): BatchNorm1d(300, eps=1e-05, momentum=0.1, affine=True, track_running_stats=True)
            (1): Dropout(p=0.5, inplace=False)
            (2): ReLU()
          )
          (gem): GeM(p=3.0000, eps=1e-06)
        )
        (1): DilatedGeneralLayer(
          (layer): EGINConv(
            (model): GINEConv(nn=Sequential(
              (0): Linear(300, 300, bias=True)
              (1): ReLU()
              (2): Linear(300, 300, bias=True)
            ))
          )
          (post_layer): Sequential(
            (0): BatchNorm1d(300, eps=1e-05, momentum=0.1, affine=True, track_running_stats=True)
            (1): Dropout(p=0.5, inplace=False)
            (2): ReLU()
          )
          (gem): GeM(p=3.0000, eps=1e-06)
        )
        (2): DilatedGeneralLayer(
          (layer): EGINConv(
            (model): GINEConv(nn=Sequential(
              (0): Linear(300, 300, bias=True)
              (1): ReLU()
              (2): Linear(300, 300, bias=True)
            ))
          )
          (post_layer): Sequential(
            (0): BatchNorm1d(300, eps=1e-05, momentum=0.1, affine=True, track_running_stats=True)
            (1): Dropout(p=0.5, inplace=False)
            (2): ReLU()
          )
          (gem): GeM(p=3.0000, eps=1e-06)
        )
      )
      (act): ReLU()
    )
    (post_mp): GNNGraphHead(
      (layer_post_mp): MLP(
        (model): Sequential(
          (0): Linear(
            (model): Linear(300, 1, bias=True)
          )
        )
      )
    )
  )
)
accelerator: cuda
benchmark: False
bn:
  eps: 1e-05
  mom: 0.1
cfg_dest: config.yaml
custom_metrics: []
dataset:
  cache_load: False
  cache_save: False
  dir: ./datasets
  edge_dim: 300
  edge_encoder: True
  edge_encoder_bn: False
  edge_encoder_name: Bond
  edge_message_ratio: 0.8
  edge_negative_sampling_ratio: 1.0
  edge_train_mode: all
  encoder: True
  encoder_bn: True
  encoder_dim: 128
  encoder_name: db
  fast_loader: False
  format: OGB
  label_column: none
  label_table: none
  location: local
  name: ogbg-molhiv
  node_encoder: True
  node_encoder_bn: False
  node_encoder_name: Atom
  remove_feature: False
  resample_disjoint: False
  resample_negative: False
  shuffle_split: True
  split: [0.8, 0.1, 0.1]
  split_mode: random
  task: graph
  task_type: classification
  to_undirected: False
  transductive: False
  transform: none
  tu_simple: True
devices: 1
gnn:
  act: relu
  act_on_last_layer_mp: False
  agg: none
  att_final_linear: False
  att_final_linear_bn: False
  att_heads: 1
  batchnorm: True
  clear_feature: True
  dilated_path_join: none
  dim_inner: 300
  dropout: 0.5
  head: graph
  keep_edge: 0.5
  l2norm: True
  layer_type: eginconv
  layers_k1: 1
  layers_k2: 3
  layers_mp: 5
  layers_post_mp: 1
  layers_pre_mp: 0
  learn_alpha_residual_connection: False
  msg_direction: single
  normalize_adj: False
  self_msg: concat
  skip_every: 1
  stage_type: stack
  use_edge_features: True
gpu_mem: False
mem:
  inplace: False
metric_agg: argmax
metric_best: auc
model:
  edge_decoding: dot
  graph_pooling: mean
  loss_fun: cross_entropy
  match_upper: True
  size_average: mean
  thresh: 0.5
  type: dilated_gnn
num_threads: 6
num_workers: 16
optim:
  base_lr: 0.001
  lr_decay: 0.1
  max_epoch: 100
  momentum: 0.9
  optimizer: adam
  scheduler: none
  steps: [30, 60, 90]
  weight_decay: 0.0
out_dir: results_experiments/ogbg_molhiv_baseline_grid_design/ogbg_molhiv_baseline-type=dilated_gnn-layer_type=eginconv-layers_k1=1-layers_k2=3-dilated_path_join=none-learn_alpha_residual_connection=False
params: 1142104
print: both
round: 4
run_dir: results_experiments/ogbg_molhiv_baseline_grid_design/ogbg_molhiv_baseline-type=dilated_gnn-layer_type=eginconv-layers_k1=1-layers_k2=3-dilated_path_join=none-learn_alpha_residual_connection=False/9
seed: 10
share:
  dim_in: 9
  dim_out: 2
  num_splits: 3
tensorboard_agg: True
tensorboard_each_run: False
train:
  auto_resume: False
  batch_size: 32
  ckpt_clean: True
  ckpt_period: 100
  enable_ckpt: True
  epoch_resume: -1
  eval_period: 1
  iter_per_epoch: 32
  neighbor_sizes: [20, 15, 10, 5]
  node_per_graph: 32
  radius: extend
  sample_node: False
  sampler: full_batch
  skip_train_eval: False
  walk_length: 4
val:
  node_per_graph: 32
  radius: extend
  sample_node: False
  sampler: full_batch
view_emb: False
Num parameters: 1142104
val: {'epoch': 0, 'loss': 0.652, 'lr': 0.001, 'params': 1142104, 'time_iter': 1.2029, 'accuracy': 0.9844, 'precision': 0.0, 'recall': 0.0, 'f1': 0.0, 'auc': 0.0317}
val: {'epoch': 0, 'loss': 0.0944, 'lr': 0.001, 'params': 1142104, 'time_iter': 4.4205, 'accuracy': 0.9803, 'precision': 0.0, 'recall': 0.0, 'f1': 0.0, 'auc': 0.6279}
train: {'epoch': 0, 'eta': 2359807.7485, 'loss': 0.1739, 'lr': 0.001, 'params': 1142104, 'time_iter': 23.1647, 'accuracy': 0.962, 'precision': 0.0952, 'recall': 0.0016, 'f1': 0.0032, 'auc': 0.5897}
val: {'epoch': 1, 'loss': 0.0939, 'lr': 0.001, 'params': 1142104, 'time_iter': 5.0861, 'accuracy': 0.9803, 'precision': 0.0, 'recall': 0.0, 'f1': 0.0, 'auc': 0.6379}
train: {'epoch': 1, 'eta': 2311128.1453, 'loss': 0.1528, 'lr': 0.001, 'params': 1142104, 'time_iter': 22.672, 'accuracy': 0.9626, 'precision': 0.0, 'recall': 0.0, 'f1': 0.0, 'auc': 0.6061}
val: {'epoch': 2, 'loss': 0.0923, 'lr': 0.001, 'params': 1142104, 'time_iter': 4.659, 'accuracy': 0.9803, 'precision': 0.0, 'recall': 0.0, 'f1': 0.0, 'auc': 0.6318}
train: {'epoch': 2, 'eta': 2302285.4804, 'loss': 0.1534, 'lr': 0.001, 'params': 1142104, 'time_iter': 23.3613, 'accuracy': 0.9626, 'precision': 0.0, 'recall': 0.0, 'f1': 0.0, 'auc': 0.5923}
val: {'epoch': 3, 'loss': 0.094, 'lr': 0.001, 'params': 1142104, 'time_iter': 4.6928, 'accuracy': 0.9803, 'precision': 0.0, 'recall': 0.0, 'f1': 0.0, 'auc': 0.657}
train: {'epoch': 3, 'eta': 2272406.6207, 'loss': 0.1525, 'lr': 0.001, 'params': 1142104, 'time_iter': 22.8172, 'accuracy': 0.9626, 'precision': 0.0, 'recall': 0.0, 'f1': 0.0, 'auc': 0.6028}
val: {'epoch': 4, 'loss': 0.0922, 'lr': 0.001, 'params': 1142104, 'time_iter': 4.0913, 'accuracy': 0.9803, 'precision': 0.0, 'recall': 0.0, 'f1': 0.0, 'auc': 0.631}
train: {'epoch': 4, 'eta': 2257129.1305, 'loss': 0.1519, 'lr': 0.001, 'params': 1142104, 'time_iter': 23.4331, 'accuracy': 0.9626, 'precision': 0.0, 'recall': 0.0, 'f1': 0.0, 'auc': 0.6096}
val: {'epoch': 5, 'loss': 0.0951, 'lr': 0.001, 'params': 1142104, 'time_iter': 4.2785, 'accuracy': 0.9803, 'precision': 0.0, 'recall': 0.0, 'f1': 0.0, 'auc': 0.6458}
train: {'epoch': 5, 'eta': 2229394.6797, 'loss': 0.1513, 'lr': 0.001, 'params': 1142104, 'time_iter': 22.8431, 'accuracy': 0.9626, 'precision': 0.0, 'recall': 0.0, 'f1': 0.0, 'auc': 0.6067}
val: {'epoch': 6, 'loss': 0.0931, 'lr': 0.001, 'params': 1142104, 'time_iter': 4.2524, 'accuracy': 0.9803, 'precision': 0.0, 'recall': 0.0, 'f1': 0.0, 'auc': 0.6319}
train: {'epoch': 6, 'eta': 2200452.4669, 'loss': 0.1511, 'lr': 0.001, 'params': 1142104, 'time_iter': 22.6663, 'accuracy': 0.9626, 'precision': 0.0, 'recall': 0.0, 'f1': 0.0, 'auc': 0.6052}
val: {'epoch': 7, 'loss': 0.0925, 'lr': 0.001, 'params': 1142104, 'time_iter': 4.2233, 'accuracy': 0.9803, 'precision': 0.0, 'recall': 0.0, 'f1': 0.0, 'auc': 0.6506}
train: {'epoch': 7, 'eta': 2184955.557, 'loss': 0.1515, 'lr': 0.001, 'params': 1142104, 'time_iter': 23.6838, 'accuracy': 0.9626, 'precision': 0.0, 'recall': 0.0, 'f1': 0.0, 'auc': 0.592}
val: {'epoch': 8, 'loss': 0.0938, 'lr': 0.001, 'params': 1142104, 'time_iter': 3.9282, 'accuracy': 0.9803, 'precision': 0.0, 'recall': 0.0, 'f1': 0.0, 'auc': 0.6349}
train: {'epoch': 8, 'eta': 2173474.4288, 'loss': 0.1509, 'lr': 0.001, 'params': 1142104, 'time_iter': 24.2594, 'accuracy': 0.9625, 'precision': 0.4, 'recall': 0.0016, 'f1': 0.0032, 'auc': 0.6053}
val: {'epoch': 9, 'loss': 0.0923, 'lr': 0.001, 'params': 1142104, 'time_iter': 4.2647, 'accuracy': 0.9796, 'precision': 0.3333, 'recall': 0.037, 'f1': 0.0667, 'auc': 0.6341}
train: {'epoch': 9, 'eta': 2146518.0989, 'loss': 0.1493, 'lr': 0.001, 'params': 1142104, 'time_iter': 22.8795, 'accuracy': 0.9629, 'precision': 0.6471, 'recall': 0.0179, 'f1': 0.0348, 'auc': 0.6324}
val: {'epoch': 10, 'loss': 0.0945, 'lr': 0.001, 'params': 1142104, 'time_iter': 4.2258, 'accuracy': 0.9796, 'precision': 0.2857, 'recall': 0.0247, 'f1': 0.0455, 'auc': 0.642}
train: {'epoch': 10, 'eta': 2125018.1004, 'loss': 0.1482, 'lr': 0.001, 'params': 1142104, 'time_iter': 23.4603, 'accuracy': 0.9633, 'precision': 0.6769, 'recall': 0.0357, 'f1': 0.0678, 'auc': 0.6512}
val: {'epoch': 11, 'loss': 0.0958, 'lr': 0.001, 'params': 1142104, 'time_iter': 4.131, 'accuracy': 0.9784, 'precision': 0.3182, 'recall': 0.0864, 'f1': 0.1359, 'auc': 0.6801}
train: {'epoch': 11, 'eta': 2102094.103, 'loss': 0.1476, 'lr': 0.001, 'params': 1142104, 'time_iter': 23.3299, 'accuracy': 0.9631, 'precision': 0.5977, 'recall': 0.0422, 'f1': 0.0788, 'auc': 0.6626}
val: {'epoch': 12, 'loss': 0.0978, 'lr': 0.001, 'params': 1142104, 'time_iter': 4.6875, 'accuracy': 0.9793, 'precision': 0.3571, 'recall': 0.0617, 'f1': 0.1053, 'auc': 0.6917}
train: {'epoch': 12, 'eta': 2079144.5886, 'loss': 0.1456, 'lr': 0.001, 'params': 1142104, 'time_iter': 23.3504, 'accuracy': 0.9636, 'precision': 0.6542, 'recall': 0.0568, 'f1': 0.1046, 'auc': 0.6896}
val: {'epoch': 13, 'loss': 0.095, 'lr': 0.001, 'params': 1142104, 'time_iter': 4.3703, 'accuracy': 0.9788, 'precision': 0.3636, 'recall': 0.0988, 'f1': 0.1553, 'auc': 0.6851}
train: {'epoch': 13, 'eta': 2052312.268, 'loss': 0.1447, 'lr': 0.001, 'params': 1142104, 'time_iter': 22.7605, 'accuracy': 0.9633, 'precision': 0.6034, 'recall': 0.0568, 'f1': 0.1039, 'auc': 0.6963}
val: {'epoch': 14, 'loss': 0.0995, 'lr': 0.001, 'params': 1142104, 'time_iter': 4.7695, 'accuracy': 0.9781, 'precision': 0.3043, 'recall': 0.0864, 'f1': 0.1346, 'auc': 0.6619}
train: {'epoch': 14, 'eta': 2026724.0659, 'loss': 0.1433, 'lr': 0.001, 'params': 1142104, 'time_iter': 22.8959, 'accuracy': 0.9636, 'precision': 0.6336, 'recall': 0.0674, 'f1': 0.1218, 'auc': 0.7066}
val: {'epoch': 15, 'loss': 0.0976, 'lr': 0.001, 'params': 1142104, 'time_iter': 4.2732, 'accuracy': 0.9793, 'precision': 0.3333, 'recall': 0.0494, 'f1': 0.086, 'auc': 0.6983}
train: {'epoch': 15, 'eta': 2001465.2403, 'loss': 0.1423, 'lr': 0.001, 'params': 1142104, 'time_iter': 22.9099, 'accuracy': 0.9636, 'precision': 0.6324, 'recall': 0.0698, 'f1': 0.1257, 'auc': 0.716}
val: {'epoch': 16, 'loss': 0.0962, 'lr': 0.001, 'params': 1142104, 'time_iter': 4.8673, 'accuracy': 0.9784, 'precision': 0.3182, 'recall': 0.0864, 'f1': 0.1359, 'auc': 0.725}
train: {'epoch': 16, 'eta': 1974934.9566, 'loss': 0.1413, 'lr': 0.001, 'params': 1142104, 'time_iter': 22.6174, 'accuracy': 0.9638, 'precision': 0.6408, 'recall': 0.0739, 'f1': 0.1325, 'auc': 0.7235}
val: {'epoch': 17, 'loss': 0.1036, 'lr': 0.001, 'params': 1142104, 'time_iter': 4.0565, 'accuracy': 0.9793, 'precision': 0.3889, 'recall': 0.0864, 'f1': 0.1414, 'auc': 0.6973}
train: {'epoch': 17, 'eta': 1950646.6542, 'loss': 0.1402, 'lr': 0.001, 'params': 1142104, 'time_iter': 23.0184, 'accuracy': 0.9637, 'precision': 0.6423, 'recall': 0.0714, 'f1': 0.1286, 'auc': 0.7353}
val: {'epoch': 18, 'loss': 0.094, 'lr': 0.001, 'params': 1142104, 'time_iter': 4.5621, 'accuracy': 0.9784, 'precision': 0.3333, 'recall': 0.0988, 'f1': 0.1524, 'auc': 0.7468}
train: {'epoch': 18, 'eta': 1928087.6779, 'loss': 0.1391, 'lr': 0.001, 'params': 1142104, 'time_iter': 23.3982, 'accuracy': 0.9643, 'precision': 0.6772, 'recall': 0.0869, 'f1': 0.154, 'auc': 0.7394}
val: {'epoch': 19, 'loss': 0.0959, 'lr': 0.001, 'params': 1142104, 'time_iter': 4.3398, 'accuracy': 0.9779, 'precision': 0.3077, 'recall': 0.0988, 'f1': 0.1495, 'auc': 0.7198}
train: {'epoch': 19, 'eta': 1902867.5221, 'loss': 0.1384, 'lr': 0.001, 'params': 1142104, 'time_iter': 22.7885, 'accuracy': 0.9641, 'precision': 0.6582, 'recall': 0.0844, 'f1': 0.1496, 'auc': 0.7445}
val: {'epoch': 20, 'loss': 0.0924, 'lr': 0.001, 'params': 1142104, 'time_iter': 4.462, 'accuracy': 0.9808, 'precision': 1.0, 'recall': 0.0247, 'f1': 0.0482, 'auc': 0.742}
train: {'epoch': 20, 'eta': 1877296.5609, 'loss': 0.1363, 'lr': 0.001, 'params': 1142104, 'time_iter': 22.6543, 'accuracy': 0.9643, 'precision': 0.663, 'recall': 0.0974, 'f1': 0.1699, 'auc': 0.7596}
val: {'epoch': 21, 'loss': 0.095, 'lr': 0.001, 'params': 1142104, 'time_iter': 5.0369, 'accuracy': 0.9793, 'precision': 0.3889, 'recall': 0.0864, 'f1': 0.1414, 'auc': 0.7308}
train: {'epoch': 21, 'eta': 1852777.8359, 'loss': 0.1353, 'lr': 0.001, 'params': 1142104, 'time_iter': 22.8865, 'accuracy': 0.9645, 'precision': 0.6879, 'recall': 0.0966, 'f1': 0.1694, 'auc': 0.7654}
val: {'epoch': 22, 'loss': 0.0949, 'lr': 0.001, 'params': 1142104, 'time_iter': 4.2071, 'accuracy': 0.981, 'precision': 0.6364, 'recall': 0.0864, 'f1': 0.1522, 'auc': 0.7471}
train: {'epoch': 22, 'eta': 1828017.0302, 'loss': 0.1341, 'lr': 0.001, 'params': 1142104, 'time_iter': 22.7917, 'accuracy': 0.9645, 'precision': 0.68, 'recall': 0.0966, 'f1': 0.1692, 'auc': 0.772}
val: {'epoch': 23, 'loss': 0.0996, 'lr': 0.001, 'params': 1142104, 'time_iter': 4.7767, 'accuracy': 0.981, 'precision': 0.6364, 'recall': 0.0864, 'f1': 0.1522, 'auc': 0.7012}
train: {'epoch': 23, 'eta': 1804363.5918, 'loss': 0.1332, 'lr': 0.001, 'params': 1142104, 'time_iter': 23.0981, 'accuracy': 0.9647, 'precision': 0.7195, 'recall': 0.0958, 'f1': 0.1691, 'auc': 0.7761}
val: {'epoch': 24, 'loss': 0.096, 'lr': 0.001, 'params': 1142104, 'time_iter': 4.67, 'accuracy': 0.9803, 'precision': 0.5, 'recall': 0.0617, 'f1': 0.1099, 'auc': 0.7337}
train: {'epoch': 24, 'eta': 1782471.9612, 'loss': 0.1324, 'lr': 0.001, 'params': 1142104, 'time_iter': 23.6718, 'accuracy': 0.9648, 'precision': 0.6816, 'recall': 0.1112, 'f1': 0.1912, 'auc': 0.7758}
val: {'epoch': 25, 'loss': 0.0934, 'lr': 0.001, 'params': 1142104, 'time_iter': 5.1953, 'accuracy': 0.9788, 'precision': 0.35, 'recall': 0.0864, 'f1': 0.1386, 'auc': 0.7778}
train: {'epoch': 25, 'eta': 1760310.3797, 'loss': 0.1314, 'lr': 0.001, 'params': 1142104, 'time_iter': 23.6444, 'accuracy': 0.9651, 'precision': 0.7202, 'recall': 0.1128, 'f1': 0.1951, 'auc': 0.7855}
val: {'epoch': 26, 'loss': 0.0889, 'lr': 0.001, 'params': 1142104, 'time_iter': 4.2471, 'accuracy': 0.9796, 'precision': 0.4118, 'recall': 0.0864, 'f1': 0.1429, 'auc': 0.7835}
train: {'epoch': 26, 'eta': 1736968.8262, 'loss': 0.1295, 'lr': 0.001, 'params': 1142104, 'time_iter': 23.278, 'accuracy': 0.9653, 'precision': 0.7163, 'recall': 0.1209, 'f1': 0.2069, 'auc': 0.7929}
val: {'epoch': 27, 'loss': 0.0851, 'lr': 0.001, 'params': 1142104, 'time_iter': 4.5558, 'accuracy': 0.9798, 'precision': 0.4375, 'recall': 0.0864, 'f1': 0.1443, 'auc': 0.7896}
train: {'epoch': 27, 'eta': 1711991.4577, 'loss': 0.1296, 'lr': 0.001, 'params': 1142104, 'time_iter': 22.6763, 'accuracy': 0.9655, 'precision': 0.7175, 'recall': 0.1299, 'f1': 0.2199, 'auc': 0.7891}
val: {'epoch': 28, 'loss': 0.0851, 'lr': 0.001, 'params': 1142104, 'time_iter': 4.2001, 'accuracy': 0.981, 'precision': 0.6364, 'recall': 0.0864, 'f1': 0.1522, 'auc': 0.7861}
train: {'epoch': 28, 'eta': 1687083.7775, 'loss': 0.1275, 'lr': 0.001, 'params': 1142104, 'time_iter': 22.659, 'accuracy': 0.9653, 'precision': 0.7059, 'recall': 0.1266, 'f1': 0.2147, 'auc': 0.8001}
val: {'epoch': 29, 'loss': 0.0964, 'lr': 0.001, 'params': 1142104, 'time_iter': 4.9079, 'accuracy': 0.9808, 'precision': 0.5833, 'recall': 0.0864, 'f1': 0.1505, 'auc': 0.7121}
train: {'epoch': 29, 'eta': 1661738.0456, 'loss': 0.1274, 'lr': 0.001, 'params': 1142104, 'time_iter': 22.4324, 'accuracy': 0.9653, 'precision': 0.7022, 'recall': 0.1282, 'f1': 0.2169, 'auc': 0.8002}
val: {'epoch': 30, 'loss': 0.0901, 'lr': 0.001, 'params': 1142104, 'time_iter': 4.082, 'accuracy': 0.9813, 'precision': 0.7, 'recall': 0.0864, 'f1': 0.1538, 'auc': 0.764}
train: {'epoch': 30, 'eta': 1637848.4016, 'loss': 0.1268, 'lr': 0.001, 'params': 1142104, 'time_iter': 23.0044, 'accuracy': 0.9655, 'precision': 0.7143, 'recall': 0.1299, 'f1': 0.2198, 'auc': 0.8044}
val: {'epoch': 31, 'loss': 0.0894, 'lr': 0.001, 'params': 1142104, 'time_iter': 4.3837, 'accuracy': 0.9801, 'precision': 0.4667, 'recall': 0.0864, 'f1': 0.1458, 'auc': 0.7987}
train: {'epoch': 31, 'eta': 1614240.5449, 'loss': 0.1259, 'lr': 0.001, 'params': 1142104, 'time_iter': 23.127, 'accuracy': 0.9657, 'precision': 0.7161, 'recall': 0.1372, 'f1': 0.2302, 'auc': 0.8073}
val: {'epoch': 32, 'loss': 0.0919, 'lr': 0.001, 'params': 1142104, 'time_iter': 4.2143, 'accuracy': 0.981, 'precision': 0.8, 'recall': 0.0494, 'f1': 0.093, 'auc': 0.7726}
train: {'epoch': 32, 'eta': 1590940.464, 'loss': 0.1251, 'lr': 0.001, 'params': 1142104, 'time_iter': 23.2798, 'accuracy': 0.9653, 'precision': 0.6842, 'recall': 0.1372, 'f1': 0.2285, 'auc': 0.8107}
val: {'epoch': 33, 'loss': 0.0883, 'lr': 0.001, 'params': 1142104, 'time_iter': 4.4086, 'accuracy': 0.9805, 'precision': 0.5333, 'recall': 0.0988, 'f1': 0.1667, 'auc': 0.7341}
train: {'epoch': 33, 'eta': 1566385.612, 'loss': 0.124, 'lr': 0.001, 'params': 1142104, 'time_iter': 22.6709, 'accuracy': 0.9658, 'precision': 0.7172, 'recall': 0.142, 'f1': 0.2371, 'auc': 0.8103}
val: {'epoch': 34, 'loss': 0.0871, 'lr': 0.001, 'params': 1142104, 'time_iter': 4.7955, 'accuracy': 0.9813, 'precision': 0.75, 'recall': 0.0741, 'f1': 0.1348, 'auc': 0.792}
train: {'epoch': 34, 'eta': 1543014.1627, 'loss': 0.1228, 'lr': 0.001, 'params': 1142104, 'time_iter': 23.2535, 'accuracy': 0.9654, 'precision': 0.6769, 'recall': 0.1429, 'f1': 0.2359, 'auc': 0.8173}
val: {'epoch': 35, 'loss': 0.0947, 'lr': 0.001, 'params': 1142104, 'time_iter': 4.2446, 'accuracy': 0.9808, 'precision': 0.5833, 'recall': 0.0864, 'f1': 0.1505, 'auc': 0.7443}
train: {'epoch': 35, 'eta': 1518999.8033, 'loss': 0.1222, 'lr': 0.001, 'params': 1142104, 'time_iter': 22.919, 'accuracy': 0.9657, 'precision': 0.7068, 'recall': 0.1429, 'f1': 0.2377, 'auc': 0.819}
val: {'epoch': 36, 'loss': 0.0874, 'lr': 0.001, 'params': 1142104, 'time_iter': 4.4008, 'accuracy': 0.9793, 'precision': 0.3889, 'recall': 0.0864, 'f1': 0.1414, 'auc': 0.7663}
train: {'epoch': 36, 'eta': 1494645.2099, 'loss': 0.1216, 'lr': 0.001, 'params': 1142104, 'time_iter': 22.7115, 'accuracy': 0.9656, 'precision': 0.6891, 'recall': 0.1494, 'f1': 0.2455, 'auc': 0.8182}
val: {'epoch': 37, 'loss': 0.0873, 'lr': 0.001, 'params': 1142104, 'time_iter': 4.7792, 'accuracy': 0.981, 'precision': 0.6364, 'recall': 0.0864, 'f1': 0.1522, 'auc': 0.7892}
train: {'epoch': 37, 'eta': 1471492.536, 'loss': 0.1199, 'lr': 0.001, 'params': 1142104, 'time_iter': 23.3965, 'accuracy': 0.9662, 'precision': 0.7123, 'recall': 0.1648, 'f1': 0.2676, 'auc': 0.8243}
val: {'epoch': 38, 'loss': 0.0874, 'lr': 0.001, 'params': 1142104, 'time_iter': 4.2769, 'accuracy': 0.9808, 'precision': 0.5833, 'recall': 0.0864, 'f1': 0.1505, 'auc': 0.745}
train: {'epoch': 38, 'eta': 1447960.6164, 'loss': 0.1193, 'lr': 0.001, 'params': 1142104, 'time_iter': 23.1903, 'accuracy': 0.9664, 'precision': 0.7224, 'recall': 0.1648, 'f1': 0.2683, 'auc': 0.8256}
val: {'epoch': 39, 'loss': 0.092, 'lr': 0.001, 'params': 1142104, 'time_iter': 4.4871, 'accuracy': 0.9808, 'precision': 0.6667, 'recall': 0.0494, 'f1': 0.092, 'auc': 0.7673}
train: {'epoch': 39, 'eta': 1424498.2966, 'loss': 0.1184, 'lr': 0.001, 'params': 1142104, 'time_iter': 23.2461, 'accuracy': 0.9664, 'precision': 0.7029, 'recall': 0.1786, 'f1': 0.2848, 'auc': 0.8286}
val: {'epoch': 40, 'loss': 0.0887, 'lr': 0.001, 'params': 1142104, 'time_iter': 4.4411, 'accuracy': 0.9818, 'precision': 0.7143, 'recall': 0.1235, 'f1': 0.2105, 'auc': 0.7532}
train: {'epoch': 40, 'eta': 1400205.8637, 'loss': 0.1166, 'lr': 0.001, 'params': 1142104, 'time_iter': 22.7006, 'accuracy': 0.9665, 'precision': 0.7134, 'recall': 0.1778, 'f1': 0.2846, 'auc': 0.8342}
val: {'epoch': 41, 'loss': 0.0896, 'lr': 0.001, 'params': 1142104, 'time_iter': 4.1517, 'accuracy': 0.982, 'precision': 0.8889, 'recall': 0.0988, 'f1': 0.1778, 'auc': 0.7629}
train: {'epoch': 41, 'eta': 1376638.2526, 'loss': 0.1162, 'lr': 0.001, 'params': 1142104, 'time_iter': 23.1794, 'accuracy': 0.9673, 'precision': 0.73, 'recall': 0.1997, 'f1': 0.3136, 'auc': 0.8349}
val: {'epoch': 42, 'loss': 0.0941, 'lr': 0.001, 'params': 1142104, 'time_iter': 4.385, 'accuracy': 0.9808, 'precision': 0.6, 'recall': 0.0741, 'f1': 0.1319, 'auc': 0.7687}
train: {'epoch': 42, 'eta': 1352290.8814, 'loss': 0.1155, 'lr': 0.001, 'params': 1142104, 'time_iter': 22.6174, 'accuracy': 0.9676, 'precision': 0.7463, 'recall': 0.2054, 'f1': 0.3221, 'auc': 0.8364}
val: {'epoch': 43, 'loss': 0.0965, 'lr': 0.001, 'params': 1142104, 'time_iter': 4.262, 'accuracy': 0.9803, 'precision': 0.5, 'recall': 0.0988, 'f1': 0.1649, 'auc': 0.778}
train: {'epoch': 43, 'eta': 1329236.6125, 'loss': 0.1148, 'lr': 0.001, 'params': 1142104, 'time_iter': 23.5675, 'accuracy': 0.9672, 'precision': 0.7092, 'recall': 0.2119, 'f1': 0.3263, 'auc': 0.8415}
val: {'epoch': 44, 'loss': 0.0861, 'lr': 0.001, 'params': 1142104, 'time_iter': 4.4514, 'accuracy': 0.9815, 'precision': 0.6471, 'recall': 0.1358, 'f1': 0.2245, 'auc': 0.7906}
train: {'epoch': 44, 'eta': 1305492.9189, 'loss': 0.1146, 'lr': 0.001, 'params': 1142104, 'time_iter': 23.0616, 'accuracy': 0.9671, 'precision': 0.7147, 'recall': 0.2013, 'f1': 0.3141, 'auc': 0.8431}
val: {'epoch': 45, 'loss': 0.093, 'lr': 0.001, 'params': 1142104, 'time_iter': 5.104, 'accuracy': 0.981, 'precision': 0.7143, 'recall': 0.0617, 'f1': 0.1136, 'auc': 0.7547}
train: {'epoch': 45, 'eta': 1280902.1327, 'loss': 0.1142, 'lr': 0.001, 'params': 1142104, 'time_iter': 22.3598, 'accuracy': 0.9679, 'precision': 0.7292, 'recall': 0.2273, 'f1': 0.3465, 'auc': 0.838}
val: {'epoch': 46, 'loss': 0.0938, 'lr': 0.001, 'params': 1142104, 'time_iter': 4.2073, 'accuracy': 0.9798, 'precision': 0.4444, 'recall': 0.0988, 'f1': 0.1616, 'auc': 0.762}
train: {'epoch': 46, 'eta': 1256820.0561, 'loss': 0.1135, 'lr': 0.001, 'params': 1142104, 'time_iter': 22.7402, 'accuracy': 0.9678, 'precision': 0.7302, 'recall': 0.224, 'f1': 0.3429, 'auc': 0.841}
val: {'epoch': 47, 'loss': 0.0917, 'lr': 0.001, 'params': 1142104, 'time_iter': 4.302, 'accuracy': 0.9798, 'precision': 0.45, 'recall': 0.1111, 'f1': 0.1782, 'auc': 0.7708}
train: {'epoch': 47, 'eta': 1232682.6605, 'loss': 0.1111, 'lr': 0.001, 'params': 1142104, 'time_iter': 22.6651, 'accuracy': 0.9687, 'precision': 0.7451, 'recall': 0.2492, 'f1': 0.3735, 'auc': 0.8432}
val: {'epoch': 48, 'loss': 0.0914, 'lr': 0.001, 'params': 1142104, 'time_iter': 4.3544, 'accuracy': 0.9813, 'precision': 0.7, 'recall': 0.0864, 'f1': 0.1538, 'auc': 0.7744}
train: {'epoch': 48, 'eta': 1209273.2429, 'loss': 0.1106, 'lr': 0.001, 'params': 1142104, 'time_iter': 23.3137, 'accuracy': 0.9685, 'precision': 0.729, 'recall': 0.2532, 'f1': 0.3759, 'auc': 0.8503}
val: {'epoch': 49, 'loss': 0.0904, 'lr': 0.001, 'params': 1142104, 'time_iter': 4.3158, 'accuracy': 0.9791, 'precision': 0.3684, 'recall': 0.0864, 'f1': 0.14, 'auc': 0.8045}
train: {'epoch': 49, 'eta': 1185223.8586, 'loss': 0.111, 'lr': 0.001, 'params': 1142104, 'time_iter': 22.7144, 'accuracy': 0.9683, 'precision': 0.7417, 'recall': 0.2354, 'f1': 0.3574, 'auc': 0.8512}
val: {'epoch': 50, 'loss': 0.098, 'lr': 0.001, 'params': 1142104, 'time_iter': 4.6286, 'accuracy': 0.9805, 'precision': 0.5294, 'recall': 0.1111, 'f1': 0.1837, 'auc': 0.694}
train: {'epoch': 50, 'eta': 1161154.9844, 'loss': 0.1093, 'lr': 0.001, 'params': 1142104, 'time_iter': 22.6678, 'accuracy': 0.9685, 'precision': 0.7184, 'recall': 0.263, 'f1': 0.385, 'auc': 0.8555}
val: {'epoch': 51, 'loss': 0.0907, 'lr': 0.001, 'params': 1142104, 'time_iter': 4.4841, 'accuracy': 0.9813, 'precision': 0.6667, 'recall': 0.0988, 'f1': 0.172, 'auc': 0.7713}
train: {'epoch': 51, 'eta': 1137089.2277, 'loss': 0.109, 'lr': 0.001, 'params': 1142104, 'time_iter': 22.641, 'accuracy': 0.9692, 'precision': 0.7511, 'recall': 0.267, 'f1': 0.394, 'auc': 0.8539}
val: {'epoch': 52, 'loss': 0.0839, 'lr': 0.001, 'params': 1142104, 'time_iter': 4.2443, 'accuracy': 0.982, 'precision': 0.6667, 'recall': 0.1728, 'f1': 0.2745, 'auc': 0.8076}
train: {'epoch': 52, 'eta': 1113514.734, 'loss': 0.108, 'lr': 0.001, 'params': 1142104, 'time_iter': 23.1476, 'accuracy': 0.969, 'precision': 0.7289, 'recall': 0.2727, 'f1': 0.3969, 'auc': 0.859}
val: {'epoch': 53, 'loss': 0.0977, 'lr': 0.001, 'params': 1142104, 'time_iter': 4.7856, 'accuracy': 0.9818, 'precision': 0.8, 'recall': 0.0988, 'f1': 0.1758, 'auc': 0.7554}
train: {'epoch': 53, 'eta': 1089450.2737, 'loss': 0.1085, 'lr': 0.001, 'params': 1142104, 'time_iter': 22.599, 'accuracy': 0.9692, 'precision': 0.7466, 'recall': 0.2679, 'f1': 0.3943, 'auc': 0.8561}
val: {'epoch': 54, 'loss': 0.087, 'lr': 0.001, 'params': 1142104, 'time_iter': 4.2709, 'accuracy': 0.9801, 'precision': 0.4737, 'recall': 0.1111, 'f1': 0.18, 'auc': 0.7822}
train: {'epoch': 54, 'eta': 1066392.4107, 'loss': 0.1081, 'lr': 0.001, 'params': 1142104, 'time_iter': 23.7596, 'accuracy': 0.9704, 'precision': 0.7775, 'recall': 0.2922, 'f1': 0.4248, 'auc': 0.8567}
val: {'epoch': 55, 'loss': 0.0908, 'lr': 0.001, 'params': 1142104, 'time_iter': 4.5776, 'accuracy': 0.9823, 'precision': 1.0, 'recall': 0.0988, 'f1': 0.1798, 'auc': 0.8036}
train: {'epoch': 55, 'eta': 1042869.2047, 'loss': 0.1067, 'lr': 0.001, 'params': 1142104, 'time_iter': 23.2455, 'accuracy': 0.9695, 'precision': 0.7511, 'recall': 0.2768, 'f1': 0.4045, 'auc': 0.8656}
val: {'epoch': 56, 'loss': 0.0966, 'lr': 0.001, 'params': 1142104, 'time_iter': 4.1987, 'accuracy': 0.9754, 'precision': 0.2368, 'recall': 0.1111, 'f1': 0.1513, 'auc': 0.7889}
train: {'epoch': 56, 'eta': 1019841.2809, 'loss': 0.1052, 'lr': 0.001, 'params': 1142104, 'time_iter': 23.9014, 'accuracy': 0.9701, 'precision': 0.7556, 'recall': 0.2987, 'f1': 0.4282, 'auc': 0.8682}
val: {'epoch': 57, 'loss': 0.0846, 'lr': 0.001, 'params': 1142104, 'time_iter': 4.3383, 'accuracy': 0.9808, 'precision': 0.5714, 'recall': 0.0988, 'f1': 0.1684, 'auc': 0.817}
train: {'epoch': 57, 'eta': 995506.4133, 'loss': 0.1064, 'lr': 0.001, 'params': 1142104, 'time_iter': 22.2199, 'accuracy': 0.9703, 'precision': 0.7635, 'recall': 0.2987, 'f1': 0.4294, 'auc': 0.861}
val: {'epoch': 58, 'loss': 0.0939, 'lr': 0.001, 'params': 1142104, 'time_iter': 4.1159, 'accuracy': 0.9796, 'precision': 0.4211, 'recall': 0.0988, 'f1': 0.16, 'auc': 0.8037}
train: {'epoch': 58, 'eta': 972476.1961, 'loss': 0.1042, 'lr': 0.001, 'params': 1142104, 'time_iter': 23.9747, 'accuracy': 0.9695, 'precision': 0.7357, 'recall': 0.2914, 'f1': 0.4174, 'auc': 0.8729}
val: {'epoch': 59, 'loss': 0.0917, 'lr': 0.001, 'params': 1142104, 'time_iter': 4.4833, 'accuracy': 0.9808, 'precision': 0.55, 'recall': 0.1358, 'f1': 0.2178, 'auc': 0.7997}
train: {'epoch': 59, 'eta': 948691.8627, 'loss': 0.1042, 'lr': 0.001, 'params': 1142104, 'time_iter': 22.9551, 'accuracy': 0.9705, 'precision': 0.7642, 'recall': 0.3052, 'f1': 0.4362, 'auc': 0.8674}
val: {'epoch': 60, 'loss': 0.0894, 'lr': 0.001, 'params': 1142104, 'time_iter': 4.9249, 'accuracy': 0.9813, 'precision': 0.625, 'recall': 0.1235, 'f1': 0.2062, 'auc': 0.8061}
train: {'epoch': 60, 'eta': 924766.4357, 'loss': 0.1044, 'lr': 0.001, 'params': 1142104, 'time_iter': 22.7325, 'accuracy': 0.9704, 'precision': 0.7726, 'recall': 0.2979, 'f1': 0.43, 'auc': 0.869}
val: {'epoch': 61, 'loss': 0.0958, 'lr': 0.001, 'params': 1142104, 'time_iter': 4.4003, 'accuracy': 0.9803, 'precision': 0.5, 'recall': 0.1111, 'f1': 0.1818, 'auc': 0.8021}
train: {'epoch': 61, 'eta': 900939.4384, 'loss': 0.1027, 'lr': 0.001, 'params': 1142104, 'time_iter': 22.8613, 'accuracy': 0.971, 'precision': 0.7658, 'recall': 0.3239, 'f1': 0.4552, 'auc': 0.8763}
val: {'epoch': 62, 'loss': 0.0959, 'lr': 0.001, 'params': 1142104, 'time_iter': 4.5241, 'accuracy': 0.9808, 'precision': 0.6, 'recall': 0.0741, 'f1': 0.1319, 'auc': 0.7885}
train: {'epoch': 62, 'eta': 877146.9129, 'loss': 0.1027, 'lr': 0.001, 'params': 1142104, 'time_iter': 22.9024, 'accuracy': 0.9702, 'precision': 0.751, 'recall': 0.306, 'f1': 0.4348, 'auc': 0.8761}
val: {'epoch': 63, 'loss': 0.097, 'lr': 0.001, 'params': 1142104, 'time_iter': 4.5365, 'accuracy': 0.9813, 'precision': 0.6429, 'recall': 0.1111, 'f1': 0.1895, 'auc': 0.7933}
train: {'epoch': 63, 'eta': 853736.7823, 'loss': 0.1013, 'lr': 0.001, 'params': 1142104, 'time_iter': 23.5509, 'accuracy': 0.9709, 'precision': 0.7604, 'recall': 0.3271, 'f1': 0.4574, 'auc': 0.8818}
val: {'epoch': 64, 'loss': 0.0891, 'lr': 0.001, 'params': 1142104, 'time_iter': 4.8125, 'accuracy': 0.9825, 'precision': 0.7647, 'recall': 0.1605, 'f1': 0.2653, 'auc': 0.7982}
train: {'epoch': 64, 'eta': 830419.2413, 'loss': 0.1018, 'lr': 0.001, 'params': 1142104, 'time_iter': 23.7637, 'accuracy': 0.9708, 'precision': 0.7605, 'recall': 0.3222, 'f1': 0.4527, 'auc': 0.8802}
val: {'epoch': 65, 'loss': 0.0903, 'lr': 0.001, 'params': 1142104, 'time_iter': 4.6426, 'accuracy': 0.9815, 'precision': 0.7273, 'recall': 0.0988, 'f1': 0.1739, 'auc': 0.8041}
train: {'epoch': 65, 'eta': 806609.7963, 'loss': 0.1016, 'lr': 0.001, 'params': 1142104, 'time_iter': 22.9007, 'accuracy': 0.9705, 'precision': 0.7391, 'recall': 0.3287, 'f1': 0.4551, 'auc': 0.879}
val: {'epoch': 66, 'loss': 0.0872, 'lr': 0.001, 'params': 1142104, 'time_iter': 4.3687, 'accuracy': 0.9808, 'precision': 0.5333, 'recall': 0.1975, 'f1': 0.2883, 'auc': 0.8192}
train: {'epoch': 66, 'eta': 782859.8624, 'loss': 0.1007, 'lr': 0.001, 'params': 1142104, 'time_iter': 23.0037, 'accuracy': 0.9709, 'precision': 0.762, 'recall': 0.3222, 'f1': 0.4529, 'auc': 0.8818}
val: {'epoch': 67, 'loss': 0.0907, 'lr': 0.001, 'params': 1142104, 'time_iter': 4.3884, 'accuracy': 0.9808, 'precision': 0.5556, 'recall': 0.1235, 'f1': 0.202, 'auc': 0.8085}
train: {'epoch': 67, 'eta': 758974.1367, 'loss': 0.0994, 'lr': 0.001, 'params': 1142104, 'time_iter': 22.7185, 'accuracy': 0.9716, 'precision': 0.7719, 'recall': 0.3433, 'f1': 0.4753, 'auc': 0.8852}
val: {'epoch': 68, 'loss': 0.092, 'lr': 0.001, 'params': 1142104, 'time_iter': 4.3454, 'accuracy': 0.9793, 'precision': 0.4091, 'recall': 0.1111, 'f1': 0.1748, 'auc': 0.8159}
train: {'epoch': 68, 'eta': 735146.1037, 'loss': 0.1001, 'lr': 0.001, 'params': 1142104, 'time_iter': 22.8114, 'accuracy': 0.9709, 'precision': 0.7442, 'recall': 0.3401, 'f1': 0.4669, 'auc': 0.8855}
val: {'epoch': 69, 'loss': 0.092, 'lr': 0.001, 'params': 1142104, 'time_iter': 4.342, 'accuracy': 0.9813, 'precision': 0.6111, 'recall': 0.1358, 'f1': 0.2222, 'auc': 0.8151}
train: {'epoch': 69, 'eta': 711640.1247, 'loss': 0.0981, 'lr': 0.001, 'params': 1142104, 'time_iter': 23.5186, 'accuracy': 0.9718, 'precision': 0.7754, 'recall': 0.3474, 'f1': 0.4798, 'auc': 0.8905}
val: {'epoch': 70, 'loss': 0.0964, 'lr': 0.001, 'params': 1142104, 'time_iter': 4.6107, 'accuracy': 0.9808, 'precision': 0.5625, 'recall': 0.1111, 'f1': 0.1856, 'auc': 0.8096}
train: {'epoch': 70, 'eta': 688082.6093, 'loss': 0.1001, 'lr': 0.001, 'params': 1142104, 'time_iter': 23.4426, 'accuracy': 0.9712, 'precision': 0.7664, 'recall': 0.3328, 'f1': 0.4641, 'auc': 0.8886}
val: {'epoch': 71, 'loss': 0.1035, 'lr': 0.001, 'params': 1142104, 'time_iter': 4.2316, 'accuracy': 0.9805, 'precision': 0.5263, 'recall': 0.1235, 'f1': 0.2, 'auc': 0.7603}
train: {'epoch': 71, 'eta': 664690.7119, 'loss': 0.0981, 'lr': 0.001, 'params': 1142104, 'time_iter': 23.8957, 'accuracy': 0.9712, 'precision': 0.7509, 'recall': 0.3474, 'f1': 0.475, 'auc': 0.8908}
val: {'epoch': 72, 'loss': 0.0937, 'lr': 0.001, 'params': 1142104, 'time_iter': 4.226, 'accuracy': 0.9779, 'precision': 0.3333, 'recall': 0.1235, 'f1': 0.1802, 'auc': 0.7623}
train: {'epoch': 72, 'eta': 640694.295, 'loss': 0.0971, 'lr': 0.001, 'params': 1142104, 'time_iter': 22.3934, 'accuracy': 0.9719, 'precision': 0.7651, 'recall': 0.3596, 'f1': 0.4892, 'auc': 0.8961}
val: {'epoch': 73, 'loss': 0.0953, 'lr': 0.001, 'params': 1142104, 'time_iter': 5.0445, 'accuracy': 0.9801, 'precision': 0.4615, 'recall': 0.0741, 'f1': 0.1277, 'auc': 0.7988}
train: {'epoch': 73, 'eta': 616956.5864, 'loss': 0.0975, 'lr': 0.001, 'params': 1142104, 'time_iter': 23.0377, 'accuracy': 0.9713, 'precision': 0.7599, 'recall': 0.3417, 'f1': 0.4714, 'auc': 0.8974}
val: {'epoch': 74, 'loss': 0.0943, 'lr': 0.001, 'params': 1142104, 'time_iter': 4.2352, 'accuracy': 0.982, 'precision': 0.64, 'recall': 0.1975, 'f1': 0.3019, 'auc': 0.8076}
train: {'epoch': 74, 'eta': 593066.1377, 'loss': 0.0958, 'lr': 0.001, 'params': 1142104, 'time_iter': 22.5899, 'accuracy': 0.9723, 'precision': 0.7845, 'recall': 0.3604, 'f1': 0.4939, 'auc': 0.9002}
val: {'epoch': 75, 'loss': 0.0908, 'lr': 0.001, 'params': 1142104, 'time_iter': 4.8505, 'accuracy': 0.982, 'precision': 0.6842, 'recall': 0.1605, 'f1': 0.26, 'auc': 0.795}
train: {'epoch': 75, 'eta': 569224.5431, 'loss': 0.0965, 'lr': 0.001, 'params': 1142104, 'time_iter': 22.688, 'accuracy': 0.972, 'precision': 0.7737, 'recall': 0.358, 'f1': 0.4895, 'auc': 0.8976}
val: {'epoch': 76, 'loss': 0.0917, 'lr': 0.001, 'params': 1142104, 'time_iter': 4.5399, 'accuracy': 0.9813, 'precision': 0.6111, 'recall': 0.1358, 'f1': 0.2222, 'auc': 0.8002}
train: {'epoch': 76, 'eta': 545692.3627, 'loss': 0.0961, 'lr': 0.001, 'params': 1142104, 'time_iter': 23.6528, 'accuracy': 0.9721, 'precision': 0.7679, 'recall': 0.3653, 'f1': 0.495, 'auc': 0.8983}
val: {'epoch': 77, 'loss': 0.0976, 'lr': 0.001, 'params': 1142104, 'time_iter': 4.3403, 'accuracy': 0.9818, 'precision': 0.6667, 'recall': 0.1481, 'f1': 0.2424, 'auc': 0.7923}
train: {'epoch': 77, 'eta': 522055.6758, 'loss': 0.0955, 'lr': 0.001, 'params': 1142104, 'time_iter': 23.364, 'accuracy': 0.9718, 'precision': 0.7691, 'recall': 0.3515, 'f1': 0.4825, 'auc': 0.9002}
val: {'epoch': 78, 'loss': 0.0902, 'lr': 0.001, 'params': 1142104, 'time_iter': 4.3593, 'accuracy': 0.9837, 'precision': 0.85, 'recall': 0.2099, 'f1': 0.3366, 'auc': 0.8148}
train: {'epoch': 78, 'eta': 498326.2173, 'loss': 0.0943, 'lr': 0.001, 'params': 1142104, 'time_iter': 23.0623, 'accuracy': 0.9723, 'precision': 0.7782, 'recall': 0.3644, 'f1': 0.4964, 'auc': 0.9066}
val: {'epoch': 79, 'loss': 0.091, 'lr': 0.001, 'params': 1142104, 'time_iter': 5.0001, 'accuracy': 0.9801, 'precision': 0.4783, 'recall': 0.1358, 'f1': 0.2115, 'auc': 0.7959}
train: {'epoch': 79, 'eta': 474514.4025, 'loss': 0.0943, 'lr': 0.001, 'params': 1142104, 'time_iter': 22.7423, 'accuracy': 0.9729, 'precision': 0.7917, 'recall': 0.3734, 'f1': 0.5074, 'auc': 0.9034}
val: {'epoch': 80, 'loss': 0.1023, 'lr': 0.001, 'params': 1142104, 'time_iter': 4.3172, 'accuracy': 0.9805, 'precision': 0.5294, 'recall': 0.1111, 'f1': 0.1837, 'auc': 0.7656}
train: {'epoch': 80, 'eta': 450752.4231, 'loss': 0.0934, 'lr': 0.001, 'params': 1142104, 'time_iter': 22.9068, 'accuracy': 0.972, 'precision': 0.7579, 'recall': 0.3709, 'f1': 0.4981, 'auc': 0.9077}
val: {'epoch': 81, 'loss': 0.0886, 'lr': 0.001, 'params': 1142104, 'time_iter': 4.3648, 'accuracy': 0.982, 'precision': 0.64, 'recall': 0.1975, 'f1': 0.3019, 'auc': 0.8291}
train: {'epoch': 81, 'eta': 426919.293, 'loss': 0.0939, 'lr': 0.001, 'params': 1142104, 'time_iter': 22.5712, 'accuracy': 0.9718, 'precision': 0.7607, 'recall': 0.3612, 'f1': 0.4898, 'auc': 0.9058}
val: {'epoch': 82, 'loss': 0.0967, 'lr': 0.001, 'params': 1142104, 'time_iter': 4.475, 'accuracy': 0.9813, 'precision': 0.6111, 'recall': 0.1358, 'f1': 0.2222, 'auc': 0.8053}
train: {'epoch': 82, 'eta': 403176.0587, 'loss': 0.0931, 'lr': 0.001, 'params': 1142104, 'time_iter': 22.9283, 'accuracy': 0.9729, 'precision': 0.7872, 'recall': 0.3782, 'f1': 0.511, 'auc': 0.9076}
val: {'epoch': 83, 'loss': 0.0985, 'lr': 0.001, 'params': 1142104, 'time_iter': 4.4233, 'accuracy': 0.982, 'precision': 0.7059, 'recall': 0.1481, 'f1': 0.2449, 'auc': 0.805}
train: {'epoch': 83, 'eta': 379398.6511, 'loss': 0.0935, 'lr': 0.001, 'params': 1142104, 'time_iter': 22.7358, 'accuracy': 0.9726, 'precision': 0.7785, 'recall': 0.3766, 'f1': 0.5077, 'auc': 0.9088}
val: {'epoch': 84, 'loss': 0.094, 'lr': 0.001, 'params': 1142104, 'time_iter': 4.3394, 'accuracy': 0.981, 'precision': 0.5652, 'recall': 0.1605, 'f1': 0.25, 'auc': 0.8023}
train: {'epoch': 84, 'eta': 355744.5291, 'loss': 0.0927, 'lr': 0.001, 'params': 1142104, 'time_iter': 23.3652, 'accuracy': 0.973, 'precision': 0.787, 'recall': 0.3839, 'f1': 0.5161, 'auc': 0.909}
val: {'epoch': 85, 'loss': 0.1014, 'lr': 0.001, 'params': 1142104, 'time_iter': 4.2315, 'accuracy': 0.9791, 'precision': 0.3913, 'recall': 0.1111, 'f1': 0.1731, 'auc': 0.7992}
train: {'epoch': 85, 'eta': 331973.5088, 'loss': 0.0917, 'lr': 0.001, 'params': 1142104, 'time_iter': 22.7213, 'accuracy': 0.9729, 'precision': 0.7869, 'recall': 0.3807, 'f1': 0.5131, 'auc': 0.9124}
val: {'epoch': 86, 'loss': 0.0946, 'lr': 0.001, 'params': 1142104, 'time_iter': 5.0267, 'accuracy': 0.9796, 'precision': 0.4, 'recall': 0.0741, 'f1': 0.125, 'auc': 0.8107}
train: {'epoch': 86, 'eta': 308269.0778, 'loss': 0.0917, 'lr': 0.001, 'params': 1142104, 'time_iter': 23.0959, 'accuracy': 0.9731, 'precision': 0.784, 'recall': 0.3888, 'f1': 0.5198, 'auc': 0.9131}
val: {'epoch': 87, 'loss': 0.0943, 'lr': 0.001, 'params': 1142104, 'time_iter': 4.2852, 'accuracy': 0.9801, 'precision': 0.4857, 'recall': 0.2099, 'f1': 0.2931, 'auc': 0.8087}
train: {'epoch': 87, 'eta': 284600.5145, 'loss': 0.0896, 'lr': 0.001, 'params': 1142104, 'time_iter': 23.3614, 'accuracy': 0.9732, 'precision': 0.7796, 'recall': 0.3961, 'f1': 0.5253, 'auc': 0.9178}
val: {'epoch': 88, 'loss': 0.0953, 'lr': 0.001, 'params': 1142104, 'time_iter': 4.3311, 'accuracy': 0.9825, 'precision': 0.7647, 'recall': 0.1605, 'f1': 0.2653, 'auc': 0.7884}
train: {'epoch': 88, 'eta': 260862.591, 'loss': 0.0892, 'lr': 0.001, 'params': 1142104, 'time_iter': 22.8815, 'accuracy': 0.9733, 'precision': 0.7769, 'recall': 0.4042, 'f1': 0.5318, 'auc': 0.9213}
val: {'epoch': 89, 'loss': 0.1012, 'lr': 0.001, 'params': 1142104, 'time_iter': 4.5189, 'accuracy': 0.9791, 'precision': 0.4242, 'recall': 0.1728, 'f1': 0.2456, 'auc': 0.7812}
train: {'epoch': 89, 'eta': 237141.4275, 'loss': 0.089, 'lr': 0.001, 'params': 1142104, 'time_iter': 22.9906, 'accuracy': 0.9731, 'precision': 0.7736, 'recall': 0.3994, 'f1': 0.5268, 'auc': 0.9179}
val: {'epoch': 90, 'loss': 0.0954, 'lr': 0.001, 'params': 1142104, 'time_iter': 4.5172, 'accuracy': 0.9793, 'precision': 0.4412, 'recall': 0.1852, 'f1': 0.2609, 'auc': 0.7867}
train: {'epoch': 90, 'eta': 213432.4072, 'loss': 0.0893, 'lr': 0.001, 'params': 1142104, 'time_iter': 23.0961, 'accuracy': 0.9734, 'precision': 0.785, 'recall': 0.4002, 'f1': 0.5301, 'auc': 0.9176}
val: {'epoch': 91, 'loss': 0.0937, 'lr': 0.001, 'params': 1142104, 'time_iter': 4.4302, 'accuracy': 0.9832, 'precision': 0.7727, 'recall': 0.2099, 'f1': 0.3301, 'auc': 0.8108}
train: {'epoch': 91, 'eta': 189743.3747, 'loss': 0.0884, 'lr': 0.001, 'params': 1142104, 'time_iter': 23.3334, 'accuracy': 0.9733, 'precision': 0.7833, 'recall': 0.3961, 'f1': 0.5261, 'auc': 0.922}
val: {'epoch': 92, 'loss': 0.0958, 'lr': 0.001, 'params': 1142104, 'time_iter': 4.7813, 'accuracy': 0.9825, 'precision': 0.7647, 'recall': 0.1605, 'f1': 0.2653, 'auc': 0.8095}
train: {'epoch': 92, 'eta': 165988.2871, 'loss': 0.087, 'lr': 0.001, 'params': 1142104, 'time_iter': 22.5696, 'accuracy': 0.9733, 'precision': 0.7733, 'recall': 0.4042, 'f1': 0.5309, 'auc': 0.925}
val: {'epoch': 93, 'loss': 0.0965, 'lr': 0.001, 'params': 1142104, 'time_iter': 4.0001, 'accuracy': 0.9796, 'precision': 0.4615, 'recall': 0.2222, 'f1': 0.3, 'auc': 0.8106}
train: {'epoch': 93, 'eta': 142260.1254, 'loss': 0.087, 'lr': 0.001, 'params': 1142104, 'time_iter': 22.8076, 'accuracy': 0.9736, 'precision': 0.7974, 'recall': 0.3961, 'f1': 0.5293, 'auc': 0.9258}
val: {'epoch': 94, 'loss': 0.0923, 'lr': 0.001, 'params': 1142104, 'time_iter': 4.5459, 'accuracy': 0.9793, 'precision': 0.4444, 'recall': 0.1975, 'f1': 0.2735, 'auc': 0.8064}
train: {'epoch': 94, 'eta': 118536.8779, 'loss': 0.0882, 'lr': 0.001, 'params': 1142104, 'time_iter': 22.7976, 'accuracy': 0.9736, 'precision': 0.7829, 'recall': 0.4099, 'f1': 0.5381, 'auc': 0.9225}
val: {'epoch': 95, 'loss': 0.0988, 'lr': 0.001, 'params': 1142104, 'time_iter': 4.33, 'accuracy': 0.9791, 'precision': 0.4138, 'recall': 0.1481, 'f1': 0.2182, 'auc': 0.817}
train: {'epoch': 95, 'eta': 94819.4602, 'loss': 0.0871, 'lr': 0.001, 'params': 1142104, 'time_iter': 22.805, 'accuracy': 0.9739, 'precision': 0.7931, 'recall': 0.4107, 'f1': 0.5412, 'auc': 0.9244}
val: {'epoch': 96, 'loss': 0.0911, 'lr': 0.001, 'params': 1142104, 'time_iter': 4.603, 'accuracy': 0.9818, 'precision': 0.65, 'recall': 0.1605, 'f1': 0.2574, 'auc': 0.82}
train: {'epoch': 96, 'eta': 71110.1926, 'loss': 0.0871, 'lr': 0.001, 'params': 1142104, 'time_iter': 22.8985, 'accuracy': 0.9746, 'precision': 0.8012, 'recall': 0.4286, 'f1': 0.5584, 'auc': 0.9229}
val: {'epoch': 97, 'loss': 0.0914, 'lr': 0.001, 'params': 1142104, 'time_iter': 4.0449, 'accuracy': 0.9818, 'precision': 0.5882, 'recall': 0.2469, 'f1': 0.3478, 'auc': 0.8263}
train: {'epoch': 97, 'eta': 47411.0501, 'loss': 0.087, 'lr': 0.001, 'params': 1142104, 'time_iter': 23.238, 'accuracy': 0.9742, 'precision': 0.8006, 'recall': 0.414, 'f1': 0.5457, 'auc': 0.9264}
val: {'epoch': 98, 'loss': 0.1004, 'lr': 0.001, 'params': 1142104, 'time_iter': 4.186, 'accuracy': 0.9776, 'precision': 0.4068, 'recall': 0.2963, 'f1': 0.3429, 'auc': 0.8101}
train: {'epoch': 98, 'eta': 23703.0002, 'loss': 0.0843, 'lr': 0.001, 'params': 1142104, 'time_iter': 22.7945, 'accuracy': 0.9743, 'precision': 0.7877, 'recall': 0.4278, 'f1': 0.5544, 'auc': 0.9315}
val: {'epoch': 99, 'loss': 0.093, 'lr': 0.001, 'params': 1142104, 'time_iter': 4.6561, 'accuracy': 0.982, 'precision': 0.6296, 'recall': 0.2099, 'f1': 0.3148, 'auc': 0.8249}
train: {'epoch': 99, 'eta': 0.0, 'loss': 0.085, 'lr': 0.001, 'params': 1142104, 'time_iter': 22.6667, 'accuracy': 0.974, 'precision': 0.7916, 'recall': 0.4131, 'f1': 0.5429, 'auc': 0.9318}
test: {'epoch': 99, 'loss': 0.186, 'lr': 0.001, 'params': 1142104, 'time_iter': 4.3626, 'accuracy': 0.9681, 'precision': 0.4848, 'recall': 0.1231, 'f1': 0.1963, 'auc': 0.7323}
test: {'epoch': 81, 'loss': 0.1842, 'lr': 0.001, 'params': 1142104, 'time_iter': 3.6864, 'accuracy': 0.9655, 'precision': 0.1667, 'recall': 0.0231, 'f1': 0.0405, 'auc': 0.6989}
Results aggregated across runs saved in results_experiments/ogbg_molhiv_baseline_grid_design/ogbg_molhiv_baseline-type=dilated_gnn-layer_type=eginconv-layers_k1=1-layers_k2=3-dilated_path_join=none-learn_alpha_residual_connection=False/agg
