GraphGymModule(
  (model): DilatedGNNModel(
    (encoder): FeatureEncoder(
      (node_encoder): AtomEncoder(
        (atom_embedding_list): ModuleList(
          (0): Embedding(119, 300)
          (1): Embedding(4, 300)
          (2): Embedding(12, 300)
          (3): Embedding(12, 300)
          (4): Embedding(10, 300)
          (5): Embedding(6, 300)
          (6): Embedding(6, 300)
          (7): Embedding(2, 300)
          (8): Embedding(2, 300)
        )
      )
      (edge_encoder): BondEncoder(
        (bond_embedding_list): ModuleList(
          (0): Embedding(5, 300)
          (1): Embedding(6, 300)
          (2): Embedding(2, 300)
        )
      )
    )
    (mp): GNNDilatedStage(
      (classic_layers): ModuleList(
        (0): GeneralLayer(
          (layer): EGINConv(
            (model): GINEConv(nn=Sequential(
              (0): Linear(300, 300, bias=True)
              (1): ReLU()
              (2): Linear(300, 300, bias=True)
            ))
          )
          (post_layer): Sequential(
            (0): BatchNorm1d(300, eps=1e-05, momentum=0.1, affine=True, track_running_stats=True)
            (1): Dropout(p=0.5, inplace=False)
            (2): ReLU()
          )
        )
        (1): GeneralLayer(
          (layer): EGINConv(
            (model): GINEConv(nn=Sequential(
              (0): Linear(300, 300, bias=True)
              (1): ReLU()
              (2): Linear(300, 300, bias=True)
            ))
          )
          (post_layer): Sequential(
            (0): BatchNorm1d(300, eps=1e-05, momentum=0.1, affine=True, track_running_stats=True)
            (1): Dropout(p=0.5, inplace=False)
            (2): ReLU()
          )
        )
      )
      (dilated_layers): ModuleList(
        (0): DilatedGeneralLayer(
          (layer): EGINConv(
            (model): GINEConv(nn=Sequential(
              (0): Linear(300, 300, bias=True)
              (1): ReLU()
              (2): Linear(300, 300, bias=True)
            ))
          )
          (post_layer): Sequential(
            (0): BatchNorm1d(300, eps=1e-05, momentum=0.1, affine=True, track_running_stats=True)
            (1): Dropout(p=0.5, inplace=False)
            (2): ReLU()
          )
          (gem): GeM(p=3.0000, eps=1e-06)
        )
        (1): DilatedGeneralLayer(
          (layer): EGINConv(
            (model): GINEConv(nn=Sequential(
              (0): Linear(300, 300, bias=True)
              (1): ReLU()
              (2): Linear(300, 300, bias=True)
            ))
          )
          (post_layer): Sequential(
            (0): BatchNorm1d(300, eps=1e-05, momentum=0.1, affine=True, track_running_stats=True)
            (1): Dropout(p=0.5, inplace=False)
            (2): ReLU()
          )
          (gem): GeM(p=3.0000, eps=1e-06)
        )
        (2): DilatedGeneralLayer(
          (layer): EGINConv(
            (model): GINEConv(nn=Sequential(
              (0): Linear(300, 300, bias=True)
              (1): ReLU()
              (2): Linear(300, 300, bias=True)
            ))
          )
          (post_layer): Sequential(
            (0): BatchNorm1d(300, eps=1e-05, momentum=0.1, affine=True, track_running_stats=True)
            (1): Dropout(p=0.5, inplace=False)
            (2): ReLU()
          )
          (gem): GeM(p=3.0000, eps=1e-06)
        )
      )
      (act): ReLU()
    )
    (post_mp): GNNGraphHead(
      (layer_post_mp): MLP(
        (model): Sequential(
          (0): Linear(
            (model): Linear(300, 1, bias=True)
          )
        )
      )
    )
  )
)
accelerator: cuda
benchmark: False
bn:
  eps: 1e-05
  mom: 0.1
cfg_dest: config.yaml
custom_metrics: []
dataset:
  cache_load: False
  cache_save: False
  dir: ./datasets
  edge_dim: 300
  edge_encoder: True
  edge_encoder_bn: False
  edge_encoder_name: Bond
  edge_message_ratio: 0.8
  edge_negative_sampling_ratio: 1.0
  edge_train_mode: all
  encoder: True
  encoder_bn: True
  encoder_dim: 128
  encoder_name: db
  fast_loader: False
  format: OGB
  label_column: none
  label_table: none
  location: local
  name: ogbg-molhiv
  node_encoder: True
  node_encoder_bn: False
  node_encoder_name: Atom
  remove_feature: False
  resample_disjoint: False
  resample_negative: False
  shuffle_split: True
  split: [0.8, 0.1, 0.1]
  split_mode: random
  task: graph
  task_type: classification
  to_undirected: False
  transductive: False
  transform: none
  tu_simple: True
devices: 1
gnn:
  act: relu
  act_on_last_layer_mp: False
  agg: none
  att_final_linear: False
  att_final_linear_bn: False
  att_heads: 1
  batchnorm: True
  clear_feature: True
  dilated_path_join: add
  dim_inner: 300
  dropout: 0.5
  head: graph
  keep_edge: 0.5
  l2norm: True
  layer_type: eginconv
  layers_k1: 2
  layers_k2: 3
  layers_mp: 5
  layers_post_mp: 1
  layers_pre_mp: 0
  learn_alpha_residual_connection: True
  msg_direction: single
  normalize_adj: False
  self_msg: concat
  skip_every: 1
  stage_type: stack
  use_edge_features: True
gpu_mem: False
mem:
  inplace: False
metric_agg: argmax
metric_best: auc
model:
  edge_decoding: dot
  graph_pooling: mean
  loss_fun: cross_entropy
  match_upper: True
  size_average: mean
  thresh: 0.5
  type: dilated_gnn
num_threads: 6
num_workers: 16
optim:
  base_lr: 0.001
  lr_decay: 0.1
  max_epoch: 100
  momentum: 0.9
  optimizer: adam
  scheduler: none
  steps: [30, 60, 90]
  weight_decay: 0.0
out_dir: results_experiments/ogbg_molhiv_baseline_grid_design/ogbg_molhiv_baseline-type=dilated_gnn-layer_type=eginconv-layers_k1=2-layers_k2=3-dilated_path_join=add-learn_alpha_residual_connection=True
params: 1413607
print: both
round: 4
run_dir: results_experiments/ogbg_molhiv_baseline_grid_design/ogbg_molhiv_baseline-type=dilated_gnn-layer_type=eginconv-layers_k1=2-layers_k2=3-dilated_path_join=add-learn_alpha_residual_connection=True/8
seed: 9
share:
  dim_in: 9
  dim_out: 2
  num_splits: 3
tensorboard_agg: True
tensorboard_each_run: False
train:
  auto_resume: False
  batch_size: 32
  ckpt_clean: True
  ckpt_period: 100
  enable_ckpt: True
  epoch_resume: -1
  eval_period: 1
  iter_per_epoch: 32
  neighbor_sizes: [20, 15, 10, 5]
  node_per_graph: 32
  radius: extend
  sample_node: False
  sampler: full_batch
  skip_train_eval: False
  walk_length: 4
val:
  node_per_graph: 32
  radius: extend
  sample_node: False
  sampler: full_batch
view_emb: False
Num parameters: 1413607
val: {'epoch': 0, 'loss': 0.6989, 'lr': 0.001, 'params': 1413607, 'time_iter': 0.8218, 'accuracy': 0.0312, 'precision': 0.0159, 'recall': 1.0, 'f1': 0.0312, 'auc': 0.2222}
val: {'epoch': 0, 'loss': 0.0911, 'lr': 0.001, 'params': 1413607, 'time_iter': 2.6227, 'accuracy': 0.9803, 'precision': 0.0, 'recall': 0.0, 'f1': 0.0, 'auc': 0.7025}
train: {'epoch': 0, 'eta': 1488528.0664, 'loss': 0.1764, 'lr': 0.001, 'params': 1413607, 'time_iter': 14.6119, 'accuracy': 0.9624, 'precision': 0.1429, 'recall': 0.0008, 'f1': 0.0016, 'auc': 0.6045}
val: {'epoch': 1, 'loss': 0.0902, 'lr': 0.001, 'params': 1413607, 'time_iter': 2.76, 'accuracy': 0.9803, 'precision': 0.0, 'recall': 0.0, 'f1': 0.0, 'auc': 0.7177}
train: {'epoch': 1, 'eta': 1476540.1037, 'loss': 0.1513, 'lr': 0.001, 'params': 1413607, 'time_iter': 14.6723, 'accuracy': 0.9626, 'precision': 0.0, 'recall': 0.0, 'f1': 0.0, 'auc': 0.6593}
val: {'epoch': 2, 'loss': 0.0918, 'lr': 0.001, 'params': 1413607, 'time_iter': 2.7091, 'accuracy': 0.9803, 'precision': 0.0, 'recall': 0.0, 'f1': 0.0, 'auc': 0.6854}
train: {'epoch': 2, 'eta': 1473154.3036, 'loss': 0.1481, 'lr': 0.001, 'params': 1413607, 'time_iter': 14.9932, 'accuracy': 0.9626, 'precision': 0.0, 'recall': 0.0, 'f1': 0.0, 'auc': 0.6794}
val: {'epoch': 3, 'loss': 0.0889, 'lr': 0.001, 'params': 1413607, 'time_iter': 2.7879, 'accuracy': 0.9805, 'precision': 0.6, 'recall': 0.037, 'f1': 0.0698, 'auc': 0.7302}
train: {'epoch': 3, 'eta': 1469748.1873, 'loss': 0.1459, 'lr': 0.001, 'params': 1413607, 'time_iter': 15.2362, 'accuracy': 0.9626, 'precision': 1.0, 'recall': 0.0008, 'f1': 0.0016, 'auc': 0.6939}
val: {'epoch': 4, 'loss': 0.0902, 'lr': 0.001, 'params': 1413607, 'time_iter': 2.733, 'accuracy': 0.9805, 'precision': 0.6667, 'recall': 0.0247, 'f1': 0.0476, 'auc': 0.7372}
train: {'epoch': 4, 'eta': 1458266.5647, 'loss': 0.1431, 'lr': 0.001, 'params': 1413607, 'time_iter': 15.0742, 'accuracy': 0.9628, 'precision': 0.8182, 'recall': 0.0073, 'f1': 0.0145, 'auc': 0.7196}
val: {'epoch': 5, 'loss': 0.0935, 'lr': 0.001, 'params': 1413607, 'time_iter': 2.848, 'accuracy': 0.9803, 'precision': 0.0, 'recall': 0.0, 'f1': 0.0, 'auc': 0.7298}
train: {'epoch': 5, 'eta': 1437718.0373, 'loss': 0.1418, 'lr': 0.001, 'params': 1413607, 'time_iter': 14.5951, 'accuracy': 0.9631, 'precision': 0.6977, 'recall': 0.0244, 'f1': 0.0471, 'auc': 0.7266}
val: {'epoch': 6, 'loss': 0.0878, 'lr': 0.001, 'params': 1413607, 'time_iter': 2.7772, 'accuracy': 0.9813, 'precision': 0.7, 'recall': 0.0864, 'f1': 0.1538, 'auc': 0.7272}
train: {'epoch': 6, 'eta': 1428512.6701, 'loss': 0.1415, 'lr': 0.001, 'params': 1413607, 'time_iter': 15.3093, 'accuracy': 0.9635, 'precision': 0.7679, 'recall': 0.0349, 'f1': 0.0668, 'auc': 0.7269}
val: {'epoch': 7, 'loss': 0.0903, 'lr': 0.001, 'params': 1413607, 'time_iter': 2.88, 'accuracy': 0.981, 'precision': 0.6154, 'recall': 0.0988, 'f1': 0.1702, 'auc': 0.7357}
train: {'epoch': 7, 'eta': 1417852.2815, 'loss': 0.1394, 'lr': 0.001, 'params': 1413607, 'time_iter': 15.3246, 'accuracy': 0.9637, 'precision': 0.7262, 'recall': 0.0495, 'f1': 0.0927, 'auc': 0.7386}
val: {'epoch': 8, 'loss': 0.0838, 'lr': 0.001, 'params': 1413607, 'time_iter': 2.7393, 'accuracy': 0.9801, 'precision': 0.4762, 'recall': 0.1235, 'f1': 0.1961, 'auc': 0.7693}
train: {'epoch': 8, 'eta': 1406276.9141, 'loss': 0.1376, 'lr': 0.001, 'params': 1413607, 'time_iter': 15.3458, 'accuracy': 0.9638, 'precision': 0.7143, 'recall': 0.0568, 'f1': 0.1053, 'auc': 0.7505}
val: {'epoch': 9, 'loss': 0.0909, 'lr': 0.001, 'params': 1413607, 'time_iter': 2.9454, 'accuracy': 0.9815, 'precision': 0.7273, 'recall': 0.0988, 'f1': 0.1739, 'auc': 0.753}
train: {'epoch': 9, 'eta': 1389343.7832, 'loss': 0.1368, 'lr': 0.001, 'params': 1413607, 'time_iter': 14.8583, 'accuracy': 0.9634, 'precision': 0.6321, 'recall': 0.0544, 'f1': 0.1001, 'auc': 0.7563}
val: {'epoch': 10, 'loss': 0.0967, 'lr': 0.001, 'params': 1413607, 'time_iter': 2.7845, 'accuracy': 0.9771, 'precision': 0.3243, 'recall': 0.1481, 'f1': 0.2034, 'auc': 0.7442}
train: {'epoch': 10, 'eta': 1371318.6057, 'loss': 0.1348, 'lr': 0.001, 'params': 1413607, 'time_iter': 14.6912, 'accuracy': 0.9638, 'precision': 0.6591, 'recall': 0.0706, 'f1': 0.1276, 'auc': 0.7645}
val: {'epoch': 11, 'loss': 0.0937, 'lr': 0.001, 'params': 1413607, 'time_iter': 2.9461, 'accuracy': 0.9813, 'precision': 0.6429, 'recall': 0.1111, 'f1': 0.1895, 'auc': 0.7582}
train: {'epoch': 11, 'eta': 1356490.6591, 'loss': 0.1334, 'lr': 0.001, 'params': 1413607, 'time_iter': 15.0507, 'accuracy': 0.964, 'precision': 0.6643, 'recall': 0.0755, 'f1': 0.1356, 'auc': 0.773}
val: {'epoch': 12, 'loss': 0.0883, 'lr': 0.001, 'params': 1413607, 'time_iter': 2.7315, 'accuracy': 0.9805, 'precision': 0.5217, 'recall': 0.1481, 'f1': 0.2308, 'auc': 0.7507}
train: {'epoch': 12, 'eta': 1340767.5406, 'loss': 0.1318, 'lr': 0.001, 'params': 1413607, 'time_iter': 14.9354, 'accuracy': 0.9643, 'precision': 0.6859, 'recall': 0.0869, 'f1': 0.1542, 'auc': 0.7795}
val: {'epoch': 13, 'loss': 0.0827, 'lr': 0.001, 'params': 1413607, 'time_iter': 2.6744, 'accuracy': 0.9805, 'precision': 0.5263, 'recall': 0.1235, 'f1': 0.2, 'auc': 0.7769}
train: {'epoch': 13, 'eta': 1327672.9271, 'loss': 0.1297, 'lr': 0.001, 'params': 1413607, 'time_iter': 15.3433, 'accuracy': 0.9645, 'precision': 0.6567, 'recall': 0.1071, 'f1': 0.1842, 'auc': 0.7839}
val: {'epoch': 14, 'loss': 0.0931, 'lr': 0.001, 'params': 1413607, 'time_iter': 2.7314, 'accuracy': 0.981, 'precision': 0.6, 'recall': 0.1111, 'f1': 0.1875, 'auc': 0.7722}
train: {'epoch': 14, 'eta': 1310587.5947, 'loss': 0.1287, 'lr': 0.001, 'params': 1413607, 'time_iter': 14.7205, 'accuracy': 0.9645, 'precision': 0.6649, 'recall': 0.1047, 'f1': 0.1809, 'auc': 0.7897}
val: {'epoch': 15, 'loss': 0.0856, 'lr': 0.001, 'params': 1413607, 'time_iter': 2.762, 'accuracy': 0.9801, 'precision': 0.4706, 'recall': 0.0988, 'f1': 0.1633, 'auc': 0.7864}
train: {'epoch': 15, 'eta': 1294738.2277, 'loss': 0.1283, 'lr': 0.001, 'params': 1413607, 'time_iter': 14.9044, 'accuracy': 0.9647, 'precision': 0.6533, 'recall': 0.1193, 'f1': 0.2018, 'auc': 0.792}
val: {'epoch': 16, 'loss': 0.0941, 'lr': 0.001, 'params': 1413607, 'time_iter': 2.7584, 'accuracy': 0.981, 'precision': 0.6154, 'recall': 0.0988, 'f1': 0.1702, 'auc': 0.7505}
train: {'epoch': 16, 'eta': 1277401.7652, 'loss': 0.1265, 'lr': 0.001, 'params': 1413607, 'time_iter': 14.5964, 'accuracy': 0.9647, 'precision': 0.6397, 'recall': 0.1282, 'f1': 0.2137, 'auc': 0.7993}
val: {'epoch': 17, 'loss': 0.0901, 'lr': 0.001, 'params': 1413607, 'time_iter': 2.7227, 'accuracy': 0.9779, 'precision': 0.3611, 'recall': 0.1605, 'f1': 0.2222, 'auc': 0.7665}
train: {'epoch': 17, 'eta': 1260547.1677, 'loss': 0.127, 'lr': 0.001, 'params': 1413607, 'time_iter': 14.6443, 'accuracy': 0.9651, 'precision': 0.6694, 'recall': 0.1347, 'f1': 0.2243, 'auc': 0.8002}
val: {'epoch': 18, 'loss': 0.0843, 'lr': 0.001, 'params': 1413607, 'time_iter': 2.8157, 'accuracy': 0.9796, 'precision': 0.4706, 'recall': 0.2963, 'f1': 0.3636, 'auc': 0.7892}
train: {'epoch': 18, 'eta': 1242985.3104, 'loss': 0.1247, 'lr': 0.001, 'params': 1413607, 'time_iter': 14.4402, 'accuracy': 0.9652, 'precision': 0.6762, 'recall': 0.1339, 'f1': 0.2236, 'auc': 0.805}
val: {'epoch': 19, 'loss': 0.0842, 'lr': 0.001, 'params': 1413607, 'time_iter': 2.7193, 'accuracy': 0.9788, 'precision': 0.4, 'recall': 0.1481, 'f1': 0.2162, 'auc': 0.776}
train: {'epoch': 19, 'eta': 1227605.6293, 'loss': 0.1234, 'lr': 0.001, 'params': 1413607, 'time_iter': 14.9047, 'accuracy': 0.9652, 'precision': 0.6654, 'recall': 0.1404, 'f1': 0.2319, 'auc': 0.8082}
val: {'epoch': 20, 'loss': 0.0876, 'lr': 0.001, 'params': 1413607, 'time_iter': 2.8105, 'accuracy': 0.9808, 'precision': 0.5714, 'recall': 0.0988, 'f1': 0.1684, 'auc': 0.7864}
train: {'epoch': 20, 'eta': 1213148.9902, 'loss': 0.1229, 'lr': 0.001, 'params': 1413607, 'time_iter': 15.1421, 'accuracy': 0.9654, 'precision': 0.6792, 'recall': 0.1461, 'f1': 0.2405, 'auc': 0.8109}
val: {'epoch': 21, 'loss': 0.0848, 'lr': 0.001, 'params': 1413607, 'time_iter': 2.7392, 'accuracy': 0.9808, 'precision': 0.5714, 'recall': 0.0988, 'f1': 0.1684, 'auc': 0.7939}
train: {'epoch': 21, 'eta': 1198611.8408, 'loss': 0.1228, 'lr': 0.001, 'params': 1413607, 'time_iter': 15.1481, 'accuracy': 0.9653, 'precision': 0.65, 'recall': 0.1583, 'f1': 0.2546, 'auc': 0.8068}
val: {'epoch': 22, 'loss': 0.0798, 'lr': 0.001, 'params': 1413607, 'time_iter': 2.8416, 'accuracy': 0.981, 'precision': 0.5429, 'recall': 0.2346, 'f1': 0.3276, 'auc': 0.8051}
train: {'epoch': 22, 'eta': 1183056.1359, 'loss': 0.1224, 'lr': 0.001, 'params': 1413607, 'time_iter': 14.8789, 'accuracy': 0.9658, 'precision': 0.6915, 'recall': 0.1583, 'f1': 0.2576, 'auc': 0.8132}
val: {'epoch': 23, 'loss': 0.0858, 'lr': 0.001, 'params': 1413607, 'time_iter': 2.7138, 'accuracy': 0.9805, 'precision': 0.5294, 'recall': 0.1111, 'f1': 0.1837, 'auc': 0.8153}
train: {'epoch': 23, 'eta': 1168201.7418, 'loss': 0.1214, 'lr': 0.001, 'params': 1413607, 'time_iter': 15.0879, 'accuracy': 0.9654, 'precision': 0.6599, 'recall': 0.1575, 'f1': 0.2543, 'auc': 0.814}
val: {'epoch': 24, 'loss': 0.085, 'lr': 0.001, 'params': 1413607, 'time_iter': 2.9058, 'accuracy': 0.9808, 'precision': 0.6, 'recall': 0.0741, 'f1': 0.1319, 'auc': 0.769}
train: {'epoch': 24, 'eta': 1153457.9332, 'loss': 0.121, 'lr': 0.001, 'params': 1413607, 'time_iter': 15.1411, 'accuracy': 0.9661, 'precision': 0.6859, 'recall': 0.1737, 'f1': 0.2772, 'auc': 0.812}
val: {'epoch': 25, 'loss': 0.0801, 'lr': 0.001, 'params': 1413607, 'time_iter': 2.7413, 'accuracy': 0.9805, 'precision': 0.5172, 'recall': 0.1852, 'f1': 0.2727, 'auc': 0.8188}
train: {'epoch': 25, 'eta': 1137596.0635, 'loss': 0.1203, 'lr': 0.001, 'params': 1413607, 'time_iter': 14.7813, 'accuracy': 0.9656, 'precision': 0.6603, 'recall': 0.1672, 'f1': 0.2668, 'auc': 0.8169}
val: {'epoch': 26, 'loss': 0.0814, 'lr': 0.001, 'params': 1413607, 'time_iter': 2.8933, 'accuracy': 0.9788, 'precision': 0.4, 'recall': 0.1481, 'f1': 0.2162, 'auc': 0.8074}
train: {'epoch': 26, 'eta': 1123776.0537, 'loss': 0.1201, 'lr': 0.001, 'params': 1413607, 'time_iter': 15.4978, 'accuracy': 0.9655, 'precision': 0.6559, 'recall': 0.1656, 'f1': 0.2644, 'auc': 0.8208}
val: {'epoch': 27, 'loss': 0.0811, 'lr': 0.001, 'params': 1413607, 'time_iter': 2.7593, 'accuracy': 0.9813, 'precision': 0.6667, 'recall': 0.0988, 'f1': 0.172, 'auc': 0.8073}
train: {'epoch': 27, 'eta': 1107786.581, 'loss': 0.1204, 'lr': 0.001, 'params': 1413607, 'time_iter': 14.7354, 'accuracy': 0.9659, 'precision': 0.6708, 'recall': 0.1737, 'f1': 0.276, 'auc': 0.8169}
val: {'epoch': 28, 'loss': 0.1051, 'lr': 0.001, 'params': 1413607, 'time_iter': 2.6909, 'accuracy': 0.9703, 'precision': 0.1273, 'recall': 0.0864, 'f1': 0.1029, 'auc': 0.7513}
train: {'epoch': 28, 'eta': 1091766.138, 'loss': 0.1196, 'lr': 0.001, 'params': 1413607, 'time_iter': 14.7004, 'accuracy': 0.9657, 'precision': 0.6677, 'recall': 0.1696, 'f1': 0.2706, 'auc': 0.8218}
val: {'epoch': 29, 'loss': 0.0794, 'lr': 0.001, 'params': 1413607, 'time_iter': 2.7466, 'accuracy': 0.9805, 'precision': 0.5333, 'recall': 0.0988, 'f1': 0.1667, 'auc': 0.8012}
train: {'epoch': 29, 'eta': 1075951.586, 'loss': 0.1209, 'lr': 0.001, 'params': 1413607, 'time_iter': 14.7614, 'accuracy': 0.9657, 'precision': 0.6493, 'recall': 0.1818, 'f1': 0.2841, 'auc': 0.8142}
val: {'epoch': 30, 'loss': 0.0846, 'lr': 0.001, 'params': 1413607, 'time_iter': 2.618, 'accuracy': 0.9776, 'precision': 0.3514, 'recall': 0.1605, 'f1': 0.2203, 'auc': 0.7979}
train: {'epoch': 30, 'eta': 1061165.6052, 'loss': 0.1186, 'lr': 0.001, 'params': 1413607, 'time_iter': 15.1929, 'accuracy': 0.9667, 'precision': 0.7104, 'recall': 0.1891, 'f1': 0.2987, 'auc': 0.8234}
val: {'epoch': 31, 'loss': 0.0821, 'lr': 0.001, 'params': 1413607, 'time_iter': 2.7929, 'accuracy': 0.9801, 'precision': 0.4545, 'recall': 0.0617, 'f1': 0.1087, 'auc': 0.8096}
train: {'epoch': 31, 'eta': 1047650.8518, 'loss': 0.1188, 'lr': 0.001, 'params': 1413607, 'time_iter': 15.7984, 'accuracy': 0.966, 'precision': 0.6727, 'recall': 0.1802, 'f1': 0.2843, 'auc': 0.8276}
val: {'epoch': 32, 'loss': 0.0842, 'lr': 0.001, 'params': 1413607, 'time_iter': 2.7292, 'accuracy': 0.9803, 'precision': 0.5, 'recall': 0.0617, 'f1': 0.1099, 'auc': 0.8252}
train: {'epoch': 32, 'eta': 1031958.9964, 'loss': 0.1191, 'lr': 0.001, 'params': 1413607, 'time_iter': 14.8359, 'accuracy': 0.9657, 'precision': 0.6604, 'recall': 0.1721, 'f1': 0.273, 'auc': 0.8247}
val: {'epoch': 33, 'loss': 0.0829, 'lr': 0.001, 'params': 1413607, 'time_iter': 2.7867, 'accuracy': 0.9796, 'precision': 0.4211, 'recall': 0.0988, 'f1': 0.16, 'auc': 0.8121}
train: {'epoch': 33, 'eta': 1015764.6578, 'loss': 0.1169, 'lr': 0.001, 'params': 1413607, 'time_iter': 14.5718, 'accuracy': 0.9663, 'precision': 0.6658, 'recall': 0.2005, 'f1': 0.3082, 'auc': 0.8366}
val: {'epoch': 34, 'loss': 0.079, 'lr': 0.001, 'params': 1413607, 'time_iter': 2.751, 'accuracy': 0.982, 'precision': 0.6522, 'recall': 0.1852, 'f1': 0.2885, 'auc': 0.8066}
train: {'epoch': 34, 'eta': 1000060.3209, 'loss': 0.1185, 'lr': 0.001, 'params': 1413607, 'time_iter': 14.7923, 'accuracy': 0.9657, 'precision': 0.6564, 'recall': 0.1737, 'f1': 0.2747, 'auc': 0.8268}
val: {'epoch': 35, 'loss': 0.0831, 'lr': 0.001, 'params': 1413607, 'time_iter': 2.7832, 'accuracy': 0.9813, 'precision': 0.625, 'recall': 0.1235, 'f1': 0.2062, 'auc': 0.8077}
train: {'epoch': 35, 'eta': 984170.6364, 'loss': 0.1178, 'lr': 0.001, 'params': 1413607, 'time_iter': 14.6763, 'accuracy': 0.9661, 'precision': 0.6705, 'recall': 0.1883, 'f1': 0.294, 'auc': 0.8287}
val: {'epoch': 36, 'loss': 0.0799, 'lr': 0.001, 'params': 1413607, 'time_iter': 2.7429, 'accuracy': 0.9808, 'precision': 0.5625, 'recall': 0.1111, 'f1': 0.1856, 'auc': 0.8059}
train: {'epoch': 36, 'eta': 969040.7819, 'loss': 0.1152, 'lr': 0.001, 'params': 1413607, 'time_iter': 15.0857, 'accuracy': 0.9665, 'precision': 0.6795, 'recall': 0.2013, 'f1': 0.3106, 'auc': 0.8371}
val: {'epoch': 37, 'loss': 0.0856, 'lr': 0.001, 'params': 1413607, 'time_iter': 2.8457, 'accuracy': 0.9801, 'precision': 0.4667, 'recall': 0.0864, 'f1': 0.1458, 'auc': 0.8068}
train: {'epoch': 37, 'eta': 953384.7057, 'loss': 0.1153, 'lr': 0.001, 'params': 1413607, 'time_iter': 14.7846, 'accuracy': 0.9678, 'precision': 0.7224, 'recall': 0.2281, 'f1': 0.3467, 'auc': 0.8324}
val: {'epoch': 38, 'loss': 0.0897, 'lr': 0.001, 'params': 1413607, 'time_iter': 2.6626, 'accuracy': 0.9805, 'precision': 0.5556, 'recall': 0.0617, 'f1': 0.1111, 'auc': 0.7892}
train: {'epoch': 38, 'eta': 938671.0958, 'loss': 0.1146, 'lr': 0.001, 'params': 1413607, 'time_iter': 15.3561, 'accuracy': 0.9673, 'precision': 0.6997, 'recall': 0.2232, 'f1': 0.3385, 'auc': 0.8388}
val: {'epoch': 39, 'loss': 0.0865, 'lr': 0.001, 'params': 1413607, 'time_iter': 2.9292, 'accuracy': 0.9808, 'precision': 0.6, 'recall': 0.0741, 'f1': 0.1319, 'auc': 0.8006}
train: {'epoch': 39, 'eta': 923023.7013, 'loss': 0.1133, 'lr': 0.001, 'params': 1413607, 'time_iter': 14.7864, 'accuracy': 0.9674, 'precision': 0.7059, 'recall': 0.224, 'f1': 0.3401, 'auc': 0.8418}
val: {'epoch': 40, 'loss': 0.0916, 'lr': 0.001, 'params': 1413607, 'time_iter': 2.7316, 'accuracy': 0.981, 'precision': 0.6667, 'recall': 0.0741, 'f1': 0.1333, 'auc': 0.8046}
train: {'epoch': 40, 'eta': 907462.4325, 'loss': 0.1153, 'lr': 0.001, 'params': 1413607, 'time_iter': 14.8303, 'accuracy': 0.9672, 'precision': 0.7, 'recall': 0.2159, 'f1': 0.33, 'auc': 0.8347}
val: {'epoch': 41, 'loss': 0.0821, 'lr': 0.001, 'params': 1413607, 'time_iter': 2.6655, 'accuracy': 0.9813, 'precision': 0.6667, 'recall': 0.0988, 'f1': 0.172, 'auc': 0.8121}
train: {'epoch': 41, 'eta': 892684.7382, 'loss': 0.1148, 'lr': 0.001, 'params': 1413607, 'time_iter': 15.3716, 'accuracy': 0.9667, 'precision': 0.6735, 'recall': 0.2127, 'f1': 0.3233, 'auc': 0.8419}
val: {'epoch': 42, 'loss': 0.0844, 'lr': 0.001, 'params': 1413607, 'time_iter': 2.7502, 'accuracy': 0.9808, 'precision': 0.5714, 'recall': 0.0988, 'f1': 0.1684, 'auc': 0.805}
train: {'epoch': 42, 'eta': 877425.3621, 'loss': 0.113, 'lr': 0.001, 'params': 1413607, 'time_iter': 15.0539, 'accuracy': 0.9676, 'precision': 0.7154, 'recall': 0.2224, 'f1': 0.3393, 'auc': 0.8439}
val: {'epoch': 43, 'loss': 0.0861, 'lr': 0.001, 'params': 1413607, 'time_iter': 2.6722, 'accuracy': 0.981, 'precision': 0.6, 'recall': 0.1111, 'f1': 0.1875, 'auc': 0.792}
train: {'epoch': 43, 'eta': 861737.7405, 'loss': 0.1127, 'lr': 0.001, 'params': 1413607, 'time_iter': 14.735, 'accuracy': 0.9676, 'precision': 0.7047, 'recall': 0.2305, 'f1': 0.3474, 'auc': 0.8462}
val: {'epoch': 44, 'loss': 0.0822, 'lr': 0.001, 'params': 1413607, 'time_iter': 2.7378, 'accuracy': 0.9801, 'precision': 0.4706, 'recall': 0.0988, 'f1': 0.1633, 'auc': 0.8179}
train: {'epoch': 44, 'eta': 846350.2607, 'loss': 0.1141, 'lr': 0.001, 'params': 1413607, 'time_iter': 14.955, 'accuracy': 0.9674, 'precision': 0.6942, 'recall': 0.2321, 'f1': 0.3479, 'auc': 0.8403}
val: {'epoch': 45, 'loss': 0.0907, 'lr': 0.001, 'params': 1413607, 'time_iter': 2.5866, 'accuracy': 0.9803, 'precision': 0.5, 'recall': 0.0494, 'f1': 0.0899, 'auc': 0.8049}
train: {'epoch': 45, 'eta': 830955.3124, 'loss': 0.1135, 'lr': 0.001, 'params': 1413607, 'time_iter': 14.9489, 'accuracy': 0.9678, 'precision': 0.7101, 'recall': 0.2346, 'f1': 0.3527, 'auc': 0.8385}
val: {'epoch': 46, 'loss': 0.0832, 'lr': 0.001, 'params': 1413607, 'time_iter': 2.7905, 'accuracy': 0.9805, 'precision': 0.5333, 'recall': 0.0988, 'f1': 0.1667, 'auc': 0.8158}
train: {'epoch': 46, 'eta': 815432.7236, 'loss': 0.1117, 'lr': 0.001, 'params': 1413607, 'time_iter': 14.8384, 'accuracy': 0.9676, 'precision': 0.7002, 'recall': 0.237, 'f1': 0.3542, 'auc': 0.8465}
val: {'epoch': 47, 'loss': 0.0988, 'lr': 0.001, 'params': 1413607, 'time_iter': 2.7233, 'accuracy': 0.9805, 'precision': 0.5714, 'recall': 0.0494, 'f1': 0.0909, 'auc': 0.7667}
train: {'epoch': 47, 'eta': 799940.7008, 'loss': 0.1113, 'lr': 0.001, 'params': 1413607, 'time_iter': 14.8564, 'accuracy': 0.9688, 'precision': 0.7394, 'recall': 0.2557, 'f1': 0.38, 'auc': 0.8469}
val: {'epoch': 48, 'loss': 0.0906, 'lr': 0.001, 'params': 1413607, 'time_iter': 2.7757, 'accuracy': 0.9808, 'precision': 0.5833, 'recall': 0.0864, 'f1': 0.1505, 'auc': 0.8096}
train: {'epoch': 48, 'eta': 784419.9173, 'loss': 0.1121, 'lr': 0.001, 'params': 1413607, 'time_iter': 14.8217, 'accuracy': 0.9675, 'precision': 0.6936, 'recall': 0.237, 'f1': 0.3533, 'auc': 0.8487}
val: {'epoch': 49, 'loss': 0.0907, 'lr': 0.001, 'params': 1413607, 'time_iter': 2.731, 'accuracy': 0.9805, 'precision': 0.5714, 'recall': 0.0494, 'f1': 0.0909, 'auc': 0.8069}
train: {'epoch': 49, 'eta': 769018.9235, 'loss': 0.1106, 'lr': 0.001, 'params': 1413607, 'time_iter': 14.9277, 'accuracy': 0.9682, 'precision': 0.7064, 'recall': 0.2597, 'f1': 0.3798, 'auc': 0.8512}
val: {'epoch': 50, 'loss': 0.0899, 'lr': 0.001, 'params': 1413607, 'time_iter': 2.7845, 'accuracy': 0.982, 'precision': 0.7059, 'recall': 0.1481, 'f1': 0.2449, 'auc': 0.7733}
train: {'epoch': 50, 'eta': 753625.278, 'loss': 0.1114, 'lr': 0.001, 'params': 1413607, 'time_iter': 14.9335, 'accuracy': 0.968, 'precision': 0.7014, 'recall': 0.2516, 'f1': 0.3704, 'auc': 0.8452}
val: {'epoch': 51, 'loss': 0.0849, 'lr': 0.001, 'params': 1413607, 'time_iter': 2.7523, 'accuracy': 0.9825, 'precision': 0.7368, 'recall': 0.1728, 'f1': 0.28, 'auc': 0.8244}
train: {'epoch': 51, 'eta': 738046.6798, 'loss': 0.1115, 'lr': 0.001, 'params': 1413607, 'time_iter': 14.7377, 'accuracy': 0.9678, 'precision': 0.6979, 'recall': 0.2476, 'f1': 0.3655, 'auc': 0.8486}
val: {'epoch': 52, 'loss': 0.0817, 'lr': 0.001, 'params': 1413607, 'time_iter': 2.7913, 'accuracy': 0.9803, 'precision': 0.5, 'recall': 0.0741, 'f1': 0.129, 'auc': 0.8158}
train: {'epoch': 52, 'eta': 722389.2913, 'loss': 0.11, 'lr': 0.001, 'params': 1413607, 'time_iter': 14.6342, 'accuracy': 0.9686, 'precision': 0.7309, 'recall': 0.2557, 'f1': 0.3788, 'auc': 0.8512}
val: {'epoch': 53, 'loss': 0.0836, 'lr': 0.001, 'params': 1413607, 'time_iter': 2.7036, 'accuracy': 0.9805, 'precision': 0.5152, 'recall': 0.2099, 'f1': 0.2982, 'auc': 0.793}
train: {'epoch': 53, 'eta': 707240.0107, 'loss': 0.1098, 'lr': 0.001, 'params': 1413607, 'time_iter': 15.1886, 'accuracy': 0.969, 'precision': 0.7431, 'recall': 0.263, 'f1': 0.3885, 'auc': 0.8515}
val: {'epoch': 54, 'loss': 0.0901, 'lr': 0.001, 'params': 1413607, 'time_iter': 2.7862, 'accuracy': 0.9791, 'precision': 0.3077, 'recall': 0.0494, 'f1': 0.0851, 'auc': 0.8079}
train: {'epoch': 54, 'eta': 691774.5025, 'loss': 0.1096, 'lr': 0.001, 'params': 1413607, 'time_iter': 14.8337, 'accuracy': 0.9677, 'precision': 0.684, 'recall': 0.2565, 'f1': 0.3731, 'auc': 0.856}
val: {'epoch': 55, 'loss': 0.0883, 'lr': 0.001, 'params': 1413607, 'time_iter': 2.7067, 'accuracy': 0.9818, 'precision': 0.6667, 'recall': 0.1481, 'f1': 0.2424, 'auc': 0.8144}
train: {'epoch': 55, 'eta': 676822.6988, 'loss': 0.1098, 'lr': 0.001, 'params': 1413607, 'time_iter': 15.4602, 'accuracy': 0.9683, 'precision': 0.7083, 'recall': 0.2622, 'f1': 0.3827, 'auc': 0.8565}
val: {'epoch': 56, 'loss': 0.0807, 'lr': 0.001, 'params': 1413607, 'time_iter': 2.8497, 'accuracy': 0.9791, 'precision': 0.4242, 'recall': 0.1728, 'f1': 0.2456, 'auc': 0.8298}
train: {'epoch': 56, 'eta': 661687.475, 'loss': 0.1096, 'lr': 0.001, 'params': 1413607, 'time_iter': 15.2672, 'accuracy': 0.9686, 'precision': 0.7287, 'recall': 0.2573, 'f1': 0.3803, 'auc': 0.8543}
val: {'epoch': 57, 'loss': 0.0869, 'lr': 0.001, 'params': 1413607, 'time_iter': 2.7207, 'accuracy': 0.9808, 'precision': 0.5625, 'recall': 0.1111, 'f1': 0.1856, 'auc': 0.8129}
train: {'epoch': 57, 'eta': 646249.5944, 'loss': 0.1089, 'lr': 0.001, 'params': 1413607, 'time_iter': 14.8876, 'accuracy': 0.9682, 'precision': 0.6994, 'recall': 0.2662, 'f1': 0.3857, 'auc': 0.8576}
val: {'epoch': 58, 'loss': 0.0885, 'lr': 0.001, 'params': 1413607, 'time_iter': 2.8187, 'accuracy': 0.9803, 'precision': 0.5, 'recall': 0.0741, 'f1': 0.129, 'auc': 0.7775}
train: {'epoch': 58, 'eta': 630921.3878, 'loss': 0.1085, 'lr': 0.001, 'params': 1413607, 'time_iter': 15.0353, 'accuracy': 0.9689, 'precision': 0.7253, 'recall': 0.2744, 'f1': 0.3981, 'auc': 0.8569}
val: {'epoch': 59, 'loss': 0.0869, 'lr': 0.001, 'params': 1413607, 'time_iter': 2.722, 'accuracy': 0.981, 'precision': 0.6667, 'recall': 0.0741, 'f1': 0.1333, 'auc': 0.8129}
train: {'epoch': 59, 'eta': 615731.6492, 'loss': 0.109, 'lr': 0.001, 'params': 1413607, 'time_iter': 15.2441, 'accuracy': 0.9688, 'precision': 0.7255, 'recall': 0.2703, 'f1': 0.3938, 'auc': 0.8577}
val: {'epoch': 60, 'loss': 0.0869, 'lr': 0.001, 'params': 1413607, 'time_iter': 2.8103, 'accuracy': 0.982, 'precision': 0.8182, 'recall': 0.1111, 'f1': 0.1957, 'auc': 0.789}
train: {'epoch': 60, 'eta': 600094.6635, 'loss': 0.1085, 'lr': 0.001, 'params': 1413607, 'time_iter': 14.589, 'accuracy': 0.9689, 'precision': 0.7277, 'recall': 0.2711, 'f1': 0.395, 'auc': 0.8582}
val: {'epoch': 61, 'loss': 0.0936, 'lr': 0.001, 'params': 1413607, 'time_iter': 2.7212, 'accuracy': 0.9823, 'precision': 0.9, 'recall': 0.1111, 'f1': 0.1978, 'auc': 0.7596}
train: {'epoch': 61, 'eta': 584952.2366, 'loss': 0.1077, 'lr': 0.001, 'params': 1413607, 'time_iter': 15.3413, 'accuracy': 0.9683, 'precision': 0.7095, 'recall': 0.2597, 'f1': 0.3803, 'auc': 0.8615}
val: {'epoch': 62, 'loss': 0.0827, 'lr': 0.001, 'params': 1413607, 'time_iter': 2.893, 'accuracy': 0.9815, 'precision': 0.6087, 'recall': 0.1728, 'f1': 0.2692, 'auc': 0.8178}
train: {'epoch': 62, 'eta': 569581.3772, 'loss': 0.1068, 'lr': 0.001, 'params': 1413607, 'time_iter': 14.9971, 'accuracy': 0.9691, 'precision': 0.7312, 'recall': 0.276, 'f1': 0.4007, 'auc': 0.8676}
val: {'epoch': 63, 'loss': 0.0916, 'lr': 0.001, 'params': 1413607, 'time_iter': 2.7363, 'accuracy': 0.9823, 'precision': 0.7222, 'recall': 0.1605, 'f1': 0.2626, 'auc': 0.7755}
train: {'epoch': 63, 'eta': 554082.2338, 'loss': 0.1067, 'lr': 0.001, 'params': 1413607, 'time_iter': 14.7787, 'accuracy': 0.9695, 'precision': 0.735, 'recall': 0.2881, 'f1': 0.414, 'auc': 0.8645}
val: {'epoch': 64, 'loss': 0.0848, 'lr': 0.001, 'params': 1413607, 'time_iter': 2.869, 'accuracy': 0.9813, 'precision': 0.6429, 'recall': 0.1111, 'f1': 0.1895, 'auc': 0.8148}
train: {'epoch': 64, 'eta': 538650.531, 'loss': 0.1079, 'lr': 0.001, 'params': 1413607, 'time_iter': 14.8843, 'accuracy': 0.9692, 'precision': 0.7401, 'recall': 0.2727, 'f1': 0.3986, 'auc': 0.8621}
val: {'epoch': 65, 'loss': 0.0844, 'lr': 0.001, 'params': 1413607, 'time_iter': 2.6858, 'accuracy': 0.983, 'precision': 0.8667, 'recall': 0.1605, 'f1': 0.2708, 'auc': 0.8137}
train: {'epoch': 65, 'eta': 523173.9688, 'loss': 0.1064, 'lr': 0.001, 'params': 1413607, 'time_iter': 14.793, 'accuracy': 0.9692, 'precision': 0.7309, 'recall': 0.28, 'f1': 0.4049, 'auc': 0.8669}
val: {'epoch': 66, 'loss': 0.0874, 'lr': 0.001, 'params': 1413607, 'time_iter': 2.6832, 'accuracy': 0.9818, 'precision': 0.75, 'recall': 0.1111, 'f1': 0.1935, 'auc': 0.8137}
train: {'epoch': 66, 'eta': 507772.5495, 'loss': 0.1056, 'lr': 0.001, 'params': 1413607, 'time_iter': 14.9263, 'accuracy': 0.9702, 'precision': 0.7652, 'recall': 0.2963, 'f1': 0.4272, 'auc': 0.8667}
val: {'epoch': 67, 'loss': 0.0835, 'lr': 0.001, 'params': 1413607, 'time_iter': 2.7676, 'accuracy': 0.9815, 'precision': 0.6667, 'recall': 0.1235, 'f1': 0.2083, 'auc': 0.7954}
train: {'epoch': 67, 'eta': 492334.0903, 'loss': 0.1068, 'lr': 0.001, 'params': 1413607, 'time_iter': 14.8472, 'accuracy': 0.9693, 'precision': 0.716, 'recall': 0.2987, 'f1': 0.4215, 'auc': 0.8647}
val: {'epoch': 68, 'loss': 0.0823, 'lr': 0.001, 'params': 1413607, 'time_iter': 2.623, 'accuracy': 0.981, 'precision': 0.5789, 'recall': 0.1358, 'f1': 0.22, 'auc': 0.8192}
train: {'epoch': 68, 'eta': 476849.6979, 'loss': 0.1053, 'lr': 0.001, 'params': 1413607, 'time_iter': 14.7378, 'accuracy': 0.9696, 'precision': 0.7283, 'recall': 0.3003, 'f1': 0.4253, 'auc': 0.8725}
val: {'epoch': 69, 'loss': 0.088, 'lr': 0.001, 'params': 1413607, 'time_iter': 2.7716, 'accuracy': 0.9823, 'precision': 0.7857, 'recall': 0.1358, 'f1': 0.2316, 'auc': 0.8162}
train: {'epoch': 69, 'eta': 461343.6358, 'loss': 0.1052, 'lr': 0.001, 'params': 1413607, 'time_iter': 14.668, 'accuracy': 0.9698, 'precision': 0.75, 'recall': 0.2922, 'f1': 0.4206, 'auc': 0.8733}
val: {'epoch': 70, 'loss': 0.0845, 'lr': 0.001, 'params': 1413607, 'time_iter': 2.6718, 'accuracy': 0.982, 'precision': 0.7333, 'recall': 0.1358, 'f1': 0.2292, 'auc': 0.8252}
train: {'epoch': 70, 'eta': 446018.8341, 'loss': 0.1042, 'lr': 0.001, 'params': 1413607, 'time_iter': 15.0716, 'accuracy': 0.97, 'precision': 0.749, 'recall': 0.3003, 'f1': 0.4287, 'auc': 0.8779}
val: {'epoch': 71, 'loss': 0.0846, 'lr': 0.001, 'params': 1413607, 'time_iter': 2.818, 'accuracy': 0.9825, 'precision': 0.8, 'recall': 0.1481, 'f1': 0.25, 'auc': 0.8317}
train: {'epoch': 71, 'eta': 430470.7278, 'loss': 0.1043, 'lr': 0.001, 'params': 1413607, 'time_iter': 14.5263, 'accuracy': 0.9698, 'precision': 0.7395, 'recall': 0.2995, 'f1': 0.4263, 'auc': 0.8736}
val: {'epoch': 72, 'loss': 0.0878, 'lr': 0.001, 'params': 1413607, 'time_iter': 2.7596, 'accuracy': 0.9823, 'precision': 0.9, 'recall': 0.1111, 'f1': 0.1978, 'auc': 0.8086}
train: {'epoch': 72, 'eta': 415122.6998, 'loss': 0.105, 'lr': 0.001, 'params': 1413607, 'time_iter': 15.0088, 'accuracy': 0.9699, 'precision': 0.735, 'recall': 0.3084, 'f1': 0.4345, 'auc': 0.8713}
val: {'epoch': 73, 'loss': 0.0904, 'lr': 0.001, 'params': 1413607, 'time_iter': 2.812, 'accuracy': 0.9823, 'precision': 0.7857, 'recall': 0.1358, 'f1': 0.2316, 'auc': 0.7883}
train: {'epoch': 73, 'eta': 399737.0544, 'loss': 0.1032, 'lr': 0.001, 'params': 1413607, 'time_iter': 14.9119, 'accuracy': 0.9698, 'precision': 0.7256, 'recall': 0.3133, 'f1': 0.4376, 'auc': 0.8785}
val: {'epoch': 74, 'loss': 0.0904, 'lr': 0.001, 'params': 1413607, 'time_iter': 2.744, 'accuracy': 0.981, 'precision': 0.6364, 'recall': 0.0864, 'f1': 0.1522, 'auc': 0.8167}
train: {'epoch': 74, 'eta': 384358.8728, 'loss': 0.1028, 'lr': 0.001, 'params': 1413607, 'time_iter': 14.9305, 'accuracy': 0.97, 'precision': 0.7338, 'recall': 0.3133, 'f1': 0.4391, 'auc': 0.8757}
val: {'epoch': 75, 'loss': 0.0859, 'lr': 0.001, 'params': 1413607, 'time_iter': 2.8072, 'accuracy': 0.9823, 'precision': 0.8333, 'recall': 0.1235, 'f1': 0.2151, 'auc': 0.798}
train: {'epoch': 75, 'eta': 368969.1007, 'loss': 0.1039, 'lr': 0.001, 'params': 1413607, 'time_iter': 14.8936, 'accuracy': 0.9698, 'precision': 0.7303, 'recall': 0.3076, 'f1': 0.4329, 'auc': 0.8759}
val: {'epoch': 76, 'loss': 0.0846, 'lr': 0.001, 'params': 1413607, 'time_iter': 2.7369, 'accuracy': 0.9832, 'precision': 0.7727, 'recall': 0.2099, 'f1': 0.3301, 'auc': 0.7976}
train: {'epoch': 76, 'eta': 353606.171, 'loss': 0.1039, 'lr': 0.001, 'params': 1413607, 'time_iter': 14.9755, 'accuracy': 0.9695, 'precision': 0.7264, 'recall': 0.2995, 'f1': 0.4241, 'auc': 0.8782}
val: {'epoch': 77, 'loss': 0.0936, 'lr': 0.001, 'params': 1413607, 'time_iter': 2.8217, 'accuracy': 0.9823, 'precision': 0.9, 'recall': 0.1111, 'f1': 0.1978, 'auc': 0.7609}
train: {'epoch': 77, 'eta': 338230.1102, 'loss': 0.1025, 'lr': 0.001, 'params': 1413607, 'time_iter': 14.9344, 'accuracy': 0.9701, 'precision': 0.7296, 'recall': 0.3198, 'f1': 0.4447, 'auc': 0.8826}
val: {'epoch': 78, 'loss': 0.0903, 'lr': 0.001, 'params': 1413607, 'time_iter': 2.7598, 'accuracy': 0.9823, 'precision': 0.9, 'recall': 0.1111, 'f1': 0.1978, 'auc': 0.7629}
train: {'epoch': 78, 'eta': 322878.0493, 'loss': 0.1038, 'lr': 0.001, 'params': 1413607, 'time_iter': 15.0214, 'accuracy': 0.9698, 'precision': 0.7292, 'recall': 0.306, 'f1': 0.4311, 'auc': 0.8757}
val: {'epoch': 79, 'loss': 0.0882, 'lr': 0.001, 'params': 1413607, 'time_iter': 2.8277, 'accuracy': 0.9825, 'precision': 0.8462, 'recall': 0.1358, 'f1': 0.234, 'auc': 0.7973}
train: {'epoch': 79, 'eta': 307395.8464, 'loss': 0.1037, 'lr': 0.001, 'params': 1413607, 'time_iter': 14.5257, 'accuracy': 0.97, 'precision': 0.744, 'recall': 0.3019, 'f1': 0.4296, 'auc': 0.8793}
val: {'epoch': 80, 'loss': 0.0959, 'lr': 0.001, 'params': 1413607, 'time_iter': 2.744, 'accuracy': 0.981, 'precision': 0.8, 'recall': 0.0494, 'f1': 0.093, 'auc': 0.7823}
train: {'epoch': 80, 'eta': 292047.7623, 'loss': 0.102, 'lr': 0.001, 'params': 1413607, 'time_iter': 15.0266, 'accuracy': 0.97, 'precision': 0.7319, 'recall': 0.3125, 'f1': 0.438, 'auc': 0.8832}
val: {'epoch': 81, 'loss': 0.0933, 'lr': 0.001, 'params': 1413607, 'time_iter': 2.8956, 'accuracy': 0.9803, 'precision': 0.5, 'recall': 0.0617, 'f1': 0.1099, 'auc': 0.7991}
train: {'epoch': 81, 'eta': 276655.9345, 'loss': 0.102, 'lr': 0.001, 'params': 1413607, 'time_iter': 14.8452, 'accuracy': 0.9696, 'precision': 0.726, 'recall': 0.3011, 'f1': 0.4257, 'auc': 0.8811}
val: {'epoch': 82, 'loss': 0.0946, 'lr': 0.001, 'params': 1413607, 'time_iter': 2.7132, 'accuracy': 0.9818, 'precision': 0.875, 'recall': 0.0864, 'f1': 0.1573, 'auc': 0.8099}
train: {'epoch': 82, 'eta': 261339.6884, 'loss': 0.101, 'lr': 0.001, 'params': 1413607, 'time_iter': 15.1906, 'accuracy': 0.9708, 'precision': 0.7437, 'recall': 0.3344, 'f1': 0.4614, 'auc': 0.8835}
val: {'epoch': 83, 'loss': 0.0875, 'lr': 0.001, 'params': 1413607, 'time_iter': 2.627, 'accuracy': 0.9823, 'precision': 0.75, 'recall': 0.1481, 'f1': 0.2474, 'auc': 0.8026}
train: {'epoch': 83, 'eta': 245946.876, 'loss': 0.1014, 'lr': 0.001, 'params': 1413607, 'time_iter': 14.8382, 'accuracy': 0.9706, 'precision': 0.7463, 'recall': 0.3271, 'f1': 0.4549, 'auc': 0.8819}
val: {'epoch': 84, 'loss': 0.0934, 'lr': 0.001, 'params': 1413607, 'time_iter': 2.7281, 'accuracy': 0.9823, 'precision': 1.0, 'recall': 0.0988, 'f1': 0.1798, 'auc': 0.806}
train: {'epoch': 84, 'eta': 230575.4382, 'loss': 0.1008, 'lr': 0.001, 'params': 1413607, 'time_iter': 14.9398, 'accuracy': 0.97, 'precision': 0.7286, 'recall': 0.3182, 'f1': 0.4429, 'auc': 0.8896}
val: {'epoch': 85, 'loss': 0.0991, 'lr': 0.001, 'params': 1413607, 'time_iter': 2.698, 'accuracy': 0.9823, 'precision': 1.0, 'recall': 0.0988, 'f1': 0.1798, 'auc': 0.75}
train: {'epoch': 85, 'eta': 215204.1673, 'loss': 0.101, 'lr': 0.001, 'params': 1413607, 'time_iter': 14.941, 'accuracy': 0.9698, 'precision': 0.7271, 'recall': 0.3093, 'f1': 0.4339, 'auc': 0.8832}
val: {'epoch': 86, 'loss': 0.0962, 'lr': 0.001, 'params': 1413607, 'time_iter': 2.7743, 'accuracy': 0.9813, 'precision': 0.625, 'recall': 0.1235, 'f1': 0.2062, 'auc': 0.7465}
train: {'epoch': 86, 'eta': 199862.104, 'loss': 0.0997, 'lr': 0.001, 'params': 1413607, 'time_iter': 15.1314, 'accuracy': 0.9712, 'precision': 0.7649, 'recall': 0.3328, 'f1': 0.4638, 'auc': 0.8903}
val: {'epoch': 87, 'loss': 0.0949, 'lr': 0.001, 'params': 1413607, 'time_iter': 2.7177, 'accuracy': 0.9827, 'precision': 0.9167, 'recall': 0.1358, 'f1': 0.2366, 'auc': 0.7979}
train: {'epoch': 87, 'eta': 184427.7243, 'loss': 0.102, 'lr': 0.001, 'params': 1413607, 'time_iter': 14.5105, 'accuracy': 0.971, 'precision': 0.7487, 'recall': 0.3409, 'f1': 0.4685, 'auc': 0.8789}
val: {'epoch': 88, 'loss': 0.0849, 'lr': 0.001, 'params': 1413607, 'time_iter': 2.7875, 'accuracy': 0.982, 'precision': 0.7059, 'recall': 0.1481, 'f1': 0.2449, 'auc': 0.7813}
train: {'epoch': 88, 'eta': 169041.3459, 'loss': 0.0999, 'lr': 0.001, 'params': 1413607, 'time_iter': 14.799, 'accuracy': 0.9702, 'precision': 0.7414, 'recall': 0.3141, 'f1': 0.4413, 'auc': 0.8874}
val: {'epoch': 89, 'loss': 0.0937, 'lr': 0.001, 'params': 1413607, 'time_iter': 2.709, 'accuracy': 0.982, 'precision': 0.8889, 'recall': 0.0988, 'f1': 0.1778, 'auc': 0.7725}
train: {'epoch': 89, 'eta': 153679.6032, 'loss': 0.0996, 'lr': 0.001, 'params': 1413607, 'time_iter': 14.9837, 'accuracy': 0.9705, 'precision': 0.7439, 'recall': 0.3231, 'f1': 0.4505, 'auc': 0.8905}
val: {'epoch': 90, 'loss': 0.0891, 'lr': 0.001, 'params': 1413607, 'time_iter': 2.7179, 'accuracy': 0.983, 'precision': 0.9231, 'recall': 0.1481, 'f1': 0.2553, 'auc': 0.7888}
train: {'epoch': 90, 'eta': 138310.2926, 'loss': 0.0995, 'lr': 0.001, 'params': 1413607, 'time_iter': 14.9216, 'accuracy': 0.9701, 'precision': 0.7301, 'recall': 0.3206, 'f1': 0.4456, 'auc': 0.8897}
val: {'epoch': 91, 'loss': 0.0934, 'lr': 0.001, 'params': 1413607, 'time_iter': 2.7288, 'accuracy': 0.9818, 'precision': 0.75, 'recall': 0.1111, 'f1': 0.1935, 'auc': 0.7896}
train: {'epoch': 91, 'eta': 122995.024, 'loss': 0.1001, 'lr': 0.001, 'params': 1413607, 'time_iter': 15.5219, 'accuracy': 0.9706, 'precision': 0.74, 'recall': 0.3304, 'f1': 0.4568, 'auc': 0.8861}
val: {'epoch': 92, 'loss': 0.088, 'lr': 0.001, 'params': 1413607, 'time_iter': 2.8085, 'accuracy': 0.9835, 'precision': 0.8421, 'recall': 0.1975, 'f1': 0.32, 'auc': 0.825}
train: {'epoch': 92, 'eta': 107586.4897, 'loss': 0.0993, 'lr': 0.001, 'params': 1413607, 'time_iter': 14.5001, 'accuracy': 0.9708, 'precision': 0.7411, 'recall': 0.3369, 'f1': 0.4632, 'auc': 0.8898}
val: {'epoch': 93, 'loss': 0.092, 'lr': 0.001, 'params': 1413607, 'time_iter': 2.7486, 'accuracy': 0.9827, 'precision': 1.0, 'recall': 0.1235, 'f1': 0.2198, 'auc': 0.8039}
train: {'epoch': 93, 'eta': 92221.0058, 'loss': 0.0994, 'lr': 0.001, 'params': 1413607, 'time_iter': 14.9975, 'accuracy': 0.9711, 'precision': 0.75, 'recall': 0.3409, 'f1': 0.4688, 'auc': 0.8889}
val: {'epoch': 94, 'loss': 0.1015, 'lr': 0.001, 'params': 1413607, 'time_iter': 2.8815, 'accuracy': 0.982, 'precision': 1.0, 'recall': 0.0864, 'f1': 0.1591, 'auc': 0.7649}
train: {'epoch': 94, 'eta': 76862.2886, 'loss': 0.0973, 'lr': 0.001, 'params': 1413607, 'time_iter': 15.1484, 'accuracy': 0.9709, 'precision': 0.7491, 'recall': 0.3344, 'f1': 0.4624, 'auc': 0.8954}
val: {'epoch': 95, 'loss': 0.0907, 'lr': 0.001, 'params': 1413607, 'time_iter': 2.7369, 'accuracy': 0.9818, 'precision': 0.8, 'recall': 0.0988, 'f1': 0.1758, 'auc': 0.8204}
train: {'epoch': 95, 'eta': 61482.3328, 'loss': 0.0982, 'lr': 0.001, 'params': 1413607, 'time_iter': 14.7643, 'accuracy': 0.9709, 'precision': 0.7565, 'recall': 0.3304, 'f1': 0.4599, 'auc': 0.8943}
val: {'epoch': 96, 'loss': 0.0948, 'lr': 0.001, 'params': 1413607, 'time_iter': 2.6899, 'accuracy': 0.9818, 'precision': 0.8, 'recall': 0.0988, 'f1': 0.1758, 'auc': 0.8089}
train: {'epoch': 96, 'eta': 46107.3102, 'loss': 0.0972, 'lr': 0.001, 'params': 1413607, 'time_iter': 14.7979, 'accuracy': 0.9711, 'precision': 0.7443, 'recall': 0.3474, 'f1': 0.4737, 'auc': 0.8978}
val: {'epoch': 97, 'loss': 0.0927, 'lr': 0.001, 'params': 1413607, 'time_iter': 2.7256, 'accuracy': 0.9818, 'precision': 0.8, 'recall': 0.0988, 'f1': 0.1758, 'auc': 0.8064}
train: {'epoch': 97, 'eta': 30734.4395, 'loss': 0.0964, 'lr': 0.001, 'params': 1413607, 'time_iter': 14.7566, 'accuracy': 0.972, 'precision': 0.7671, 'recall': 0.3636, 'f1': 0.4934, 'auc': 0.8974}
val: {'epoch': 98, 'loss': 0.0887, 'lr': 0.001, 'params': 1413607, 'time_iter': 2.6258, 'accuracy': 0.982, 'precision': 0.7059, 'recall': 0.1481, 'f1': 0.2449, 'auc': 0.8207}
train: {'epoch': 98, 'eta': 15367.535, 'loss': 0.0961, 'lr': 0.001, 'params': 1413607, 'time_iter': 14.9645, 'accuracy': 0.9713, 'precision': 0.7549, 'recall': 0.345, 'f1': 0.4735, 'auc': 0.8999}
val: {'epoch': 99, 'loss': 0.1017, 'lr': 0.001, 'params': 1413607, 'time_iter': 2.7683, 'accuracy': 0.981, 'precision': 0.6364, 'recall': 0.0864, 'f1': 0.1522, 'auc': 0.7607}
train: {'epoch': 99, 'eta': 0.0, 'loss': 0.0949, 'lr': 0.001, 'params': 1413607, 'time_iter': 14.7917, 'accuracy': 0.972, 'precision': 0.7733, 'recall': 0.3571, 'f1': 0.4886, 'auc': 0.9039}
test: {'epoch': 99, 'loss': 0.1926, 'lr': 0.001, 'params': 1413607, 'time_iter': 2.5877, 'accuracy': 0.9674, 'precision': 0.1667, 'recall': 0.0077, 'f1': 0.0147, 'auc': 0.6981}
test: {'epoch': 71, 'loss': 0.154, 'lr': 0.001, 'params': 1413607, 'time_iter': 2.4994, 'accuracy': 0.9686, 'precision': 0.5714, 'recall': 0.0308, 'f1': 0.0584, 'auc': 0.7595}
