GraphGymModule(
  (model): DilatedGNNModel(
    (encoder): FeatureEncoder(
      (node_encoder): AtomEncoder(
        (atom_embedding_list): ModuleList(
          (0): Embedding(119, 300)
          (1): Embedding(4, 300)
          (2): Embedding(12, 300)
          (3): Embedding(12, 300)
          (4): Embedding(10, 300)
          (5): Embedding(6, 300)
          (6): Embedding(6, 300)
          (7): Embedding(2, 300)
          (8): Embedding(2, 300)
        )
      )
      (edge_encoder): BondEncoder(
        (bond_embedding_list): ModuleList(
          (0): Embedding(5, 300)
          (1): Embedding(6, 300)
          (2): Embedding(2, 300)
        )
      )
    )
    (mp): GNNDilatedStage(
      (classic_layers): ModuleList(
        (0): GeneralLayer(
          (layer): EGINConv(
            (model): GINEConv(nn=Sequential(
              (0): Linear(300, 300, bias=True)
              (1): ReLU()
              (2): Linear(300, 300, bias=True)
            ))
          )
          (post_layer): Sequential(
            (0): BatchNorm1d(300, eps=1e-05, momentum=0.1, affine=True, track_running_stats=True)
            (1): Dropout(p=0.5, inplace=False)
            (2): ReLU()
          )
        )
      )
      (dilated_layers): ModuleList(
        (0): DilatedGeneralLayer(
          (layer): EGINConv(
            (model): GINEConv(nn=Sequential(
              (0): Linear(300, 300, bias=True)
              (1): ReLU()
              (2): Linear(300, 300, bias=True)
            ))
          )
          (post_layer): Sequential(
            (0): BatchNorm1d(300, eps=1e-05, momentum=0.1, affine=True, track_running_stats=True)
            (1): Dropout(p=0.5, inplace=False)
            (2): ReLU()
          )
          (gem): GeM(p=3.0000, eps=1e-06)
        )
      )
      (act): ReLU()
    )
    (post_mp): GNNGraphHead(
      (layer_post_mp): MLP(
        (model): Sequential(
          (0): Linear(
            (model): Linear(300, 1, bias=True)
          )
        )
      )
    )
  )
)
accelerator: cuda
benchmark: False
bn:
  eps: 1e-05
  mom: 0.1
cfg_dest: config.yaml
custom_metrics: []
dataset:
  cache_load: False
  cache_save: False
  dir: ./datasets
  edge_dim: 300
  edge_encoder: True
  edge_encoder_bn: False
  edge_encoder_name: Bond
  edge_message_ratio: 0.8
  edge_negative_sampling_ratio: 1.0
  edge_train_mode: all
  encoder: True
  encoder_bn: True
  encoder_dim: 128
  encoder_name: db
  fast_loader: False
  format: OGB
  label_column: none
  label_table: none
  location: local
  name: ogbg-molhiv
  node_encoder: True
  node_encoder_bn: False
  node_encoder_name: Atom
  remove_feature: False
  resample_disjoint: False
  resample_negative: False
  shuffle_split: True
  split: [0.8, 0.1, 0.1]
  split_mode: random
  task: graph
  task_type: classification
  to_undirected: False
  transductive: False
  transform: none
  tu_simple: True
devices: 1
gnn:
  act: relu
  act_on_last_layer_mp: False
  agg: none
  att_final_linear: False
  att_final_linear_bn: False
  att_heads: 1
  batchnorm: True
  clear_feature: True
  dilated_path_join: add
  dim_inner: 300
  dropout: 0.5
  head: graph
  keep_edge: 0.5
  l2norm: True
  layer_type: eginconv
  layers_k1: 1
  layers_k2: 1
  layers_mp: 5
  layers_post_mp: 1
  layers_pre_mp: 0
  learn_alpha_residual_connection: True
  msg_direction: single
  normalize_adj: False
  self_msg: concat
  skip_every: 1
  stage_type: stack
  use_edge_features: True
gpu_mem: False
mem:
  inplace: False
metric_agg: argmax
metric_best: auc
model:
  edge_decoding: dot
  graph_pooling: mean
  loss_fun: cross_entropy
  match_upper: True
  size_average: mean
  thresh: 0.5
  type: dilated_gnn
num_threads: 6
num_workers: 16
optim:
  base_lr: 0.001
  lr_decay: 0.1
  max_epoch: 100
  momentum: 0.9
  optimizer: adam
  scheduler: none
  steps: [30, 60, 90]
  weight_decay: 0.0
out_dir: results_experiments/ogbg_molhiv_baseline_grid_design/ogbg_molhiv_baseline-type=dilated_gnn-layer_type=eginconv-layers_k1=1-layers_k2=1-dilated_path_join=add-learn_alpha_residual_connection=True
params: 599103
print: both
round: 4
run_dir: results_experiments/ogbg_molhiv_baseline_grid_design/ogbg_molhiv_baseline-type=dilated_gnn-layer_type=eginconv-layers_k1=1-layers_k2=1-dilated_path_join=add-learn_alpha_residual_connection=True/1
seed: 2
share:
  dim_in: 9
  dim_out: 2
  num_splits: 3
tensorboard_agg: True
tensorboard_each_run: False
train:
  auto_resume: False
  batch_size: 32
  ckpt_clean: True
  ckpt_period: 100
  enable_ckpt: True
  epoch_resume: -1
  eval_period: 1
  iter_per_epoch: 32
  neighbor_sizes: [20, 15, 10, 5]
  node_per_graph: 32
  radius: extend
  sample_node: False
  sampler: full_batch
  skip_train_eval: False
  walk_length: 4
val:
  node_per_graph: 32
  radius: extend
  sample_node: False
  sampler: full_batch
view_emb: False
Num parameters: 599103
val: {'epoch': 0, 'loss': 0.6375, 'lr': 0.001, 'params': 599103, 'time_iter': 0.8985, 'accuracy': 0.9844, 'precision': 0.0, 'recall': 0.0, 'f1': 0.0, 'auc': 0.3333}
val: {'epoch': 0, 'loss': 0.0986, 'lr': 0.001, 'params': 599103, 'time_iter': 1.5369, 'accuracy': 0.9803, 'precision': 0.0, 'recall': 0.0, 'f1': 0.0, 'auc': 0.5456}
train: {'epoch': 0, 'eta': 1026126.5399, 'loss': 0.1843, 'lr': 0.001, 'params': 599103, 'time_iter': 10.0728, 'accuracy': 0.9623, 'precision': 0.0, 'recall': 0.0, 'f1': 0.0, 'auc': 0.5239}
val: {'epoch': 1, 'loss': 0.1, 'lr': 0.001, 'params': 599103, 'time_iter': 2.1862, 'accuracy': 0.9803, 'precision': 0.0, 'recall': 0.0, 'f1': 0.0, 'auc': 0.5873}
train: {'epoch': 1, 'eta': 1017918.8984, 'loss': 0.1558, 'lr': 0.001, 'params': 599103, 'time_iter': 10.1156, 'accuracy': 0.9626, 'precision': 0.0, 'recall': 0.0, 'f1': 0.0, 'auc': 0.6314}
val: {'epoch': 2, 'loss': 0.0932, 'lr': 0.001, 'params': 599103, 'time_iter': 1.3936, 'accuracy': 0.9803, 'precision': 0.0, 'recall': 0.0, 'f1': 0.0, 'auc': 0.6815}
train: {'epoch': 2, 'eta': 1004612.8001, 'loss': 0.1523, 'lr': 0.001, 'params': 599103, 'time_iter': 10.0065, 'accuracy': 0.9626, 'precision': 0.0, 'recall': 0.0, 'f1': 0.0, 'auc': 0.6703}
val: {'epoch': 3, 'loss': 0.0872, 'lr': 0.001, 'params': 599103, 'time_iter': 1.4072, 'accuracy': 0.9801, 'precision': 0.0, 'recall': 0.0, 'f1': 0.0, 'auc': 0.7223}
train: {'epoch': 3, 'eta': 991916.9169, 'loss': 0.1477, 'lr': 0.001, 'params': 599103, 'time_iter': 9.9702, 'accuracy': 0.9625, 'precision': 0.0, 'recall': 0.0, 'f1': 0.0, 'auc': 0.7125}
val: {'epoch': 4, 'loss': 0.0843, 'lr': 0.001, 'params': 599103, 'time_iter': 1.6032, 'accuracy': 0.9801, 'precision': 0.0, 'recall': 0.0, 'f1': 0.0, 'auc': 0.756}
train: {'epoch': 4, 'eta': 979956.4241, 'loss': 0.1434, 'lr': 0.001, 'params': 599103, 'time_iter': 9.958, 'accuracy': 0.9626, 'precision': 0.6667, 'recall': 0.0016, 'f1': 0.0032, 'auc': 0.7381}
val: {'epoch': 5, 'loss': 0.089, 'lr': 0.001, 'params': 599103, 'time_iter': 1.3724, 'accuracy': 0.9808, 'precision': 0.6667, 'recall': 0.0494, 'f1': 0.092, 'auc': 0.7203}
train: {'epoch': 5, 'eta': 971903.7307, 'loss': 0.1403, 'lr': 0.001, 'params': 599103, 'time_iter': 10.165, 'accuracy': 0.9626, 'precision': 0.5, 'recall': 0.0032, 'f1': 0.0065, 'auc': 0.7458}
val: {'epoch': 6, 'loss': 0.0805, 'lr': 0.001, 'params': 599103, 'time_iter': 1.4363, 'accuracy': 0.9803, 'precision': 0.5, 'recall': 0.0123, 'f1': 0.0241, 'auc': 0.7781}
train: {'epoch': 6, 'eta': 960178.2529, 'loss': 0.1383, 'lr': 0.001, 'params': 599103, 'time_iter': 9.9466, 'accuracy': 0.9625, 'precision': 0.4286, 'recall': 0.0049, 'f1': 0.0096, 'auc': 0.7531}
val: {'epoch': 7, 'loss': 0.0785, 'lr': 0.001, 'params': 599103, 'time_iter': 1.3617, 'accuracy': 0.9818, 'precision': 0.8, 'recall': 0.0988, 'f1': 0.1758, 'auc': 0.7809}
train: {'epoch': 7, 'eta': 949652.4885, 'loss': 0.1361, 'lr': 0.001, 'params': 599103, 'time_iter': 10.0165, 'accuracy': 0.9624, 'precision': 0.4118, 'recall': 0.0114, 'f1': 0.0221, 'auc': 0.7683}
val: {'epoch': 8, 'loss': 0.0842, 'lr': 0.001, 'params': 599103, 'time_iter': 2.1266, 'accuracy': 0.9808, 'precision': 0.55, 'recall': 0.1358, 'f1': 0.2178, 'auc': 0.7464}
train: {'epoch': 8, 'eta': 942780.8806, 'loss': 0.1346, 'lr': 0.001, 'params': 599103, 'time_iter': 10.3631, 'accuracy': 0.9624, 'precision': 0.4531, 'recall': 0.0235, 'f1': 0.0448, 'auc': 0.7699}
val: {'epoch': 9, 'loss': 0.0797, 'lr': 0.001, 'params': 599103, 'time_iter': 1.4183, 'accuracy': 0.9818, 'precision': 0.75, 'recall': 0.1111, 'f1': 0.1935, 'auc': 0.7834}
train: {'epoch': 9, 'eta': 930371.2626, 'loss': 0.1331, 'lr': 0.001, 'params': 599103, 'time_iter': 9.847, 'accuracy': 0.9627, 'precision': 0.5352, 'recall': 0.0308, 'f1': 0.0583, 'auc': 0.7803}
val: {'epoch': 10, 'loss': 0.0783, 'lr': 0.001, 'params': 599103, 'time_iter': 1.4663, 'accuracy': 0.9818, 'precision': 0.875, 'recall': 0.0864, 'f1': 0.1573, 'auc': 0.78}
train: {'epoch': 10, 'eta': 918868.696, 'loss': 0.1318, 'lr': 0.001, 'params': 599103, 'time_iter': 9.9062, 'accuracy': 0.9626, 'precision': 0.5091, 'recall': 0.0455, 'f1': 0.0835, 'auc': 0.7802}
val: {'epoch': 11, 'loss': 0.0775, 'lr': 0.001, 'params': 599103, 'time_iter': 1.7175, 'accuracy': 0.9808, 'precision': 0.5455, 'recall': 0.1481, 'f1': 0.233, 'auc': 0.759}
train: {'epoch': 11, 'eta': 909904.7165, 'loss': 0.1293, 'lr': 0.001, 'params': 599103, 'time_iter': 10.2137, 'accuracy': 0.963, 'precision': 0.5648, 'recall': 0.0495, 'f1': 0.091, 'auc': 0.7931}
val: {'epoch': 12, 'loss': 0.0797, 'lr': 0.001, 'params': 599103, 'time_iter': 1.4335, 'accuracy': 0.9808, 'precision': 0.75, 'recall': 0.037, 'f1': 0.0706, 'auc': 0.7855}
train: {'epoch': 12, 'eta': 901761.3872, 'loss': 0.1286, 'lr': 0.001, 'params': 599103, 'time_iter': 10.3674, 'accuracy': 0.9634, 'precision': 0.6, 'recall': 0.0657, 'f1': 0.1185, 'auc': 0.7961}
val: {'epoch': 13, 'loss': 0.0855, 'lr': 0.001, 'params': 599103, 'time_iter': 1.4559, 'accuracy': 0.9813, 'precision': 0.7, 'recall': 0.0864, 'f1': 0.1538, 'auc': 0.755}
train: {'epoch': 13, 'eta': 891439.4814, 'loss': 0.128, 'lr': 0.001, 'params': 599103, 'time_iter': 10.0798, 'accuracy': 0.9634, 'precision': 0.5944, 'recall': 0.069, 'f1': 0.1236, 'auc': 0.7937}
val: {'epoch': 14, 'loss': 0.0776, 'lr': 0.001, 'params': 599103, 'time_iter': 1.4764, 'accuracy': 0.9813, 'precision': 0.75, 'recall': 0.0741, 'f1': 0.1348, 'auc': 0.777}
train: {'epoch': 14, 'eta': 881671.5461, 'loss': 0.1262, 'lr': 0.001, 'params': 599103, 'time_iter': 10.1759, 'accuracy': 0.9636, 'precision': 0.6115, 'recall': 0.0779, 'f1': 0.1382, 'auc': 0.7985}
val: {'epoch': 15, 'loss': 0.0792, 'lr': 0.001, 'params': 599103, 'time_iter': 1.4617, 'accuracy': 0.9818, 'precision': 0.8, 'recall': 0.0988, 'f1': 0.1758, 'auc': 0.7865}
train: {'epoch': 15, 'eta': 871348.9237, 'loss': 0.1255, 'lr': 0.001, 'params': 599103, 'time_iter': 10.0895, 'accuracy': 0.964, 'precision': 0.6358, 'recall': 0.0893, 'f1': 0.1566, 'auc': 0.7995}
val: {'epoch': 16, 'loss': 0.0789, 'lr': 0.001, 'params': 599103, 'time_iter': 1.5069, 'accuracy': 0.9815, 'precision': 0.6667, 'recall': 0.1235, 'f1': 0.2083, 'auc': 0.7674}
train: {'epoch': 16, 'eta': 860287.5338, 'loss': 0.1243, 'lr': 0.001, 'params': 599103, 'time_iter': 9.9439, 'accuracy': 0.9642, 'precision': 0.6417, 'recall': 0.0974, 'f1': 0.1691, 'auc': 0.8067}
val: {'epoch': 17, 'loss': 0.0767, 'lr': 0.001, 'params': 599103, 'time_iter': 1.4355, 'accuracy': 0.9813, 'precision': 0.6667, 'recall': 0.0988, 'f1': 0.172, 'auc': 0.7943}
train: {'epoch': 17, 'eta': 849849.4899, 'loss': 0.1237, 'lr': 0.001, 'params': 599103, 'time_iter': 10.0572, 'accuracy': 0.964, 'precision': 0.6091, 'recall': 0.1088, 'f1': 0.1846, 'auc': 0.8103}
val: {'epoch': 18, 'loss': 0.0769, 'lr': 0.001, 'params': 599103, 'time_iter': 1.7771, 'accuracy': 0.9825, 'precision': 0.8462, 'recall': 0.1358, 'f1': 0.234, 'auc': 0.7918}
train: {'epoch': 18, 'eta': 841277.812, 'loss': 0.1237, 'lr': 0.001, 'params': 599103, 'time_iter': 10.4805, 'accuracy': 0.9644, 'precision': 0.6442, 'recall': 0.1088, 'f1': 0.1861, 'auc': 0.8075}
val: {'epoch': 19, 'loss': 0.0771, 'lr': 0.001, 'params': 599103, 'time_iter': 1.4308, 'accuracy': 0.982, 'precision': 0.6129, 'recall': 0.2346, 'f1': 0.3393, 'auc': 0.7628}
train: {'epoch': 19, 'eta': 834303.8651, 'loss': 0.1218, 'lr': 0.001, 'params': 599103, 'time_iter': 10.9224, 'accuracy': 0.9643, 'precision': 0.6229, 'recall': 0.1193, 'f1': 0.2003, 'auc': 0.8194}
val: {'epoch': 20, 'loss': 0.0762, 'lr': 0.001, 'params': 599103, 'time_iter': 1.426, 'accuracy': 0.9805, 'precision': 0.5152, 'recall': 0.2099, 'f1': 0.2982, 'auc': 0.78}
train: {'epoch': 20, 'eta': 823462.5709, 'loss': 0.1209, 'lr': 0.001, 'params': 599103, 'time_iter': 10.0283, 'accuracy': 0.965, 'precision': 0.6613, 'recall': 0.1331, 'f1': 0.2216, 'auc': 0.8201}
val: {'epoch': 21, 'loss': 0.0761, 'lr': 0.001, 'params': 599103, 'time_iter': 1.4266, 'accuracy': 0.9808, 'precision': 0.55, 'recall': 0.1358, 'f1': 0.2178, 'auc': 0.7956}
train: {'epoch': 21, 'eta': 813764.1556, 'loss': 0.1209, 'lr': 0.001, 'params': 599103, 'time_iter': 10.3286, 'accuracy': 0.9647, 'precision': 0.6259, 'recall': 0.1412, 'f1': 0.2305, 'auc': 0.8191}
val: {'epoch': 22, 'loss': 0.0786, 'lr': 0.001, 'params': 599103, 'time_iter': 1.4507, 'accuracy': 0.9823, 'precision': 0.8333, 'recall': 0.1235, 'f1': 0.2151, 'auc': 0.7775}
train: {'epoch': 22, 'eta': 804500.8034, 'loss': 0.1196, 'lr': 0.001, 'params': 599103, 'time_iter': 10.4783, 'accuracy': 0.965, 'precision': 0.6494, 'recall': 0.1429, 'f1': 0.2342, 'auc': 0.8242}
val: {'epoch': 23, 'loss': 0.0791, 'lr': 0.001, 'params': 599103, 'time_iter': 1.4193, 'accuracy': 0.9803, 'precision': 0.5, 'recall': 0.1358, 'f1': 0.2136, 'auc': 0.7565}
train: {'epoch': 23, 'eta': 794232.4512, 'loss': 0.1192, 'lr': 0.001, 'params': 599103, 'time_iter': 10.2088, 'accuracy': 0.9649, 'precision': 0.6534, 'recall': 0.1331, 'f1': 0.2212, 'auc': 0.8272}
val: {'epoch': 24, 'loss': 0.0785, 'lr': 0.001, 'params': 599103, 'time_iter': 1.4516, 'accuracy': 0.982, 'precision': 0.6296, 'recall': 0.2099, 'f1': 0.3148, 'auc': 0.7739}
train: {'epoch': 24, 'eta': 784403.1688, 'loss': 0.1182, 'lr': 0.001, 'params': 599103, 'time_iter': 10.3571, 'accuracy': 0.9653, 'precision': 0.6667, 'recall': 0.1445, 'f1': 0.2375, 'auc': 0.8246}
val: {'epoch': 25, 'loss': 0.0774, 'lr': 0.001, 'params': 599103, 'time_iter': 1.9701, 'accuracy': 0.9803, 'precision': 0.5, 'recall': 0.0247, 'f1': 0.0471, 'auc': 0.7915}
train: {'epoch': 25, 'eta': 774055.9541, 'loss': 0.1172, 'lr': 0.001, 'params': 599103, 'time_iter': 10.202, 'accuracy': 0.9659, 'precision': 0.692, 'recall': 0.1623, 'f1': 0.263, 'auc': 0.8302}
val: {'epoch': 26, 'loss': 0.0773, 'lr': 0.001, 'params': 599103, 'time_iter': 1.4413, 'accuracy': 0.9803, 'precision': 0.5, 'recall': 0.2222, 'f1': 0.3077, 'auc': 0.7822}
train: {'epoch': 26, 'eta': 763619.0308, 'loss': 0.1168, 'lr': 0.001, 'params': 599103, 'time_iter': 10.1738, 'accuracy': 0.9654, 'precision': 0.6565, 'recall': 0.1567, 'f1': 0.2529, 'auc': 0.8303}
val: {'epoch': 27, 'loss': 0.0758, 'lr': 0.001, 'params': 599103, 'time_iter': 1.4405, 'accuracy': 0.982, 'precision': 0.6842, 'recall': 0.1605, 'f1': 0.26, 'auc': 0.7967}
train: {'epoch': 27, 'eta': 753055.3608, 'loss': 0.1163, 'lr': 0.001, 'params': 599103, 'time_iter': 10.1268, 'accuracy': 0.9662, 'precision': 0.7027, 'recall': 0.1688, 'f1': 0.2723, 'auc': 0.8353}
val: {'epoch': 28, 'loss': 0.0819, 'lr': 0.001, 'params': 599103, 'time_iter': 1.6431, 'accuracy': 0.9818, 'precision': 0.8, 'recall': 0.0988, 'f1': 0.1758, 'auc': 0.7738}
train: {'epoch': 28, 'eta': 743056.3635, 'loss': 0.1155, 'lr': 0.001, 'params': 599103, 'time_iter': 10.347, 'accuracy': 0.9665, 'precision': 0.6838, 'recall': 0.1948, 'f1': 0.3032, 'auc': 0.8351}
val: {'epoch': 29, 'loss': 0.0783, 'lr': 0.001, 'params': 599103, 'time_iter': 1.4483, 'accuracy': 0.982, 'precision': 0.7692, 'recall': 0.1235, 'f1': 0.2128, 'auc': 0.7717}
train: {'epoch': 29, 'eta': 733190.9457, 'loss': 0.1155, 'lr': 0.001, 'params': 599103, 'time_iter': 10.4206, 'accuracy': 0.9667, 'precision': 0.6934, 'recall': 0.1964, 'f1': 0.3061, 'auc': 0.8376}
val: {'epoch': 30, 'loss': 0.079, 'lr': 0.001, 'params': 599103, 'time_iter': 1.4381, 'accuracy': 0.9823, 'precision': 0.8333, 'recall': 0.1235, 'f1': 0.2151, 'auc': 0.7692}
train: {'epoch': 30, 'eta': 722568.3191, 'loss': 0.115, 'lr': 0.001, 'params': 599103, 'time_iter': 10.1141, 'accuracy': 0.9665, 'precision': 0.6859, 'recall': 0.1932, 'f1': 0.3015, 'auc': 0.8371}
val: {'epoch': 31, 'loss': 0.0782, 'lr': 0.001, 'params': 599103, 'time_iter': 1.4335, 'accuracy': 0.9823, 'precision': 0.6429, 'recall': 0.2222, 'f1': 0.3303, 'auc': 0.7725}
train: {'epoch': 31, 'eta': 712070.7534, 'loss': 0.1143, 'lr': 0.001, 'params': 599103, 'time_iter': 10.1652, 'accuracy': 0.9661, 'precision': 0.6706, 'recall': 0.1867, 'f1': 0.2921, 'auc': 0.8428}
val: {'epoch': 32, 'loss': 0.0811, 'lr': 0.001, 'params': 599103, 'time_iter': 1.4112, 'accuracy': 0.981, 'precision': 0.5385, 'recall': 0.2593, 'f1': 0.35, 'auc': 0.7544}
train: {'epoch': 32, 'eta': 701715.7353, 'loss': 0.1128, 'lr': 0.001, 'params': 599103, 'time_iter': 10.2323, 'accuracy': 0.9667, 'precision': 0.6932, 'recall': 0.1981, 'f1': 0.3081, 'auc': 0.8485}
val: {'epoch': 33, 'loss': 0.0793, 'lr': 0.001, 'params': 599103, 'time_iter': 1.4163, 'accuracy': 0.982, 'precision': 0.64, 'recall': 0.1975, 'f1': 0.3019, 'auc': 0.7779}
train: {'epoch': 33, 'eta': 690889.3781, 'loss': 0.112, 'lr': 0.001, 'params': 599103, 'time_iter': 10.0015, 'accuracy': 0.9667, 'precision': 0.6858, 'recall': 0.2037, 'f1': 0.3141, 'auc': 0.8463}
val: {'epoch': 34, 'loss': 0.08, 'lr': 0.001, 'params': 599103, 'time_iter': 1.4634, 'accuracy': 0.9808, 'precision': 0.5263, 'recall': 0.2469, 'f1': 0.3361, 'auc': 0.7561}
train: {'epoch': 34, 'eta': 680037.3748, 'loss': 0.1136, 'lr': 0.001, 'params': 599103, 'time_iter': 9.9721, 'accuracy': 0.9674, 'precision': 0.7101, 'recall': 0.2167, 'f1': 0.3321, 'auc': 0.8449}
val: {'epoch': 35, 'loss': 0.0788, 'lr': 0.001, 'params': 599103, 'time_iter': 1.9676, 'accuracy': 0.9825, 'precision': 0.7143, 'recall': 0.1852, 'f1': 0.2941, 'auc': 0.7677}
train: {'epoch': 35, 'eta': 669167.0615, 'loss': 0.112, 'lr': 0.001, 'params': 599103, 'time_iter': 9.9441, 'accuracy': 0.9675, 'precision': 0.7045, 'recall': 0.2265, 'f1': 0.3428, 'auc': 0.8504}
val: {'epoch': 36, 'loss': 0.0808, 'lr': 0.001, 'params': 599103, 'time_iter': 1.3842, 'accuracy': 0.9815, 'precision': 0.5806, 'recall': 0.2222, 'f1': 0.3214, 'auc': 0.7665}
train: {'epoch': 36, 'eta': 658837.387, 'loss': 0.1098, 'lr': 0.001, 'params': 599103, 'time_iter': 10.233, 'accuracy': 0.9677, 'precision': 0.7079, 'recall': 0.2321, 'f1': 0.3496, 'auc': 0.8575}
val: {'epoch': 37, 'loss': 0.0806, 'lr': 0.001, 'params': 599103, 'time_iter': 1.3996, 'accuracy': 0.9808, 'precision': 0.5357, 'recall': 0.1852, 'f1': 0.2752, 'auc': 0.7677}
train: {'epoch': 37, 'eta': 648041.3231, 'loss': 0.1109, 'lr': 0.001, 'params': 599103, 'time_iter': 9.9615, 'accuracy': 0.9674, 'precision': 0.6973, 'recall': 0.2281, 'f1': 0.3437, 'auc': 0.8531}
val: {'epoch': 38, 'loss': 0.0799, 'lr': 0.001, 'params': 599103, 'time_iter': 1.4303, 'accuracy': 0.9813, 'precision': 0.5417, 'recall': 0.321, 'f1': 0.4031, 'auc': 0.7683}
train: {'epoch': 38, 'eta': 637791.1018, 'loss': 0.1108, 'lr': 0.001, 'params': 599103, 'time_iter': 10.2832, 'accuracy': 0.9672, 'precision': 0.6818, 'recall': 0.2313, 'f1': 0.3455, 'auc': 0.8494}
val: {'epoch': 39, 'loss': 0.0775, 'lr': 0.001, 'params': 599103, 'time_iter': 1.3761, 'accuracy': 0.9808, 'precision': 0.5278, 'recall': 0.2346, 'f1': 0.3248, 'auc': 0.788}
train: {'epoch': 39, 'eta': 627319.1533, 'loss': 0.1108, 'lr': 0.001, 'params': 599103, 'time_iter': 10.1503, 'accuracy': 0.9679, 'precision': 0.7189, 'recall': 0.2346, 'f1': 0.3537, 'auc': 0.8518}
val: {'epoch': 40, 'loss': 0.0791, 'lr': 0.001, 'params': 599103, 'time_iter': 1.4026, 'accuracy': 0.9835, 'precision': 0.76, 'recall': 0.2346, 'f1': 0.3585, 'auc': 0.7696}
train: {'epoch': 40, 'eta': 616614.0915, 'loss': 0.1088, 'lr': 0.001, 'params': 599103, 'time_iter': 9.992, 'accuracy': 0.9682, 'precision': 0.7183, 'recall': 0.2484, 'f1': 0.3691, 'auc': 0.8556}
val: {'epoch': 41, 'loss': 0.0786, 'lr': 0.001, 'params': 599103, 'time_iter': 1.3982, 'accuracy': 0.981, 'precision': 0.5429, 'recall': 0.2346, 'f1': 0.3276, 'auc': 0.7656}
train: {'epoch': 41, 'eta': 606048.1528, 'loss': 0.1092, 'lr': 0.001, 'params': 599103, 'time_iter': 10.0757, 'accuracy': 0.968, 'precision': 0.7261, 'recall': 0.2346, 'f1': 0.3546, 'auc': 0.8573}
val: {'epoch': 42, 'loss': 0.085, 'lr': 0.001, 'params': 599103, 'time_iter': 1.9875, 'accuracy': 0.9813, 'precision': 0.6667, 'recall': 0.0988, 'f1': 0.172, 'auc': 0.7869}
train: {'epoch': 42, 'eta': 595947.7117, 'loss': 0.1073, 'lr': 0.001, 'params': 599103, 'time_iter': 10.4102, 'accuracy': 0.9686, 'precision': 0.7203, 'recall': 0.2654, 'f1': 0.3879, 'auc': 0.8667}
val: {'epoch': 43, 'loss': 0.0813, 'lr': 0.001, 'params': 599103, 'time_iter': 1.4771, 'accuracy': 0.9823, 'precision': 0.6818, 'recall': 0.1852, 'f1': 0.2913, 'auc': 0.7763}
train: {'epoch': 43, 'eta': 586039.5376, 'loss': 0.1082, 'lr': 0.001, 'params': 599103, 'time_iter': 10.5783, 'accuracy': 0.9683, 'precision': 0.7189, 'recall': 0.2532, 'f1': 0.3745, 'auc': 0.8625}
val: {'epoch': 44, 'loss': 0.0779, 'lr': 0.001, 'params': 599103, 'time_iter': 1.4562, 'accuracy': 0.9825, 'precision': 0.68, 'recall': 0.2099, 'f1': 0.3208, 'auc': 0.7771}
train: {'epoch': 44, 'eta': 575522.7952, 'loss': 0.1086, 'lr': 0.001, 'params': 599103, 'time_iter': 10.1289, 'accuracy': 0.9678, 'precision': 0.6935, 'recall': 0.2516, 'f1': 0.3693, 'auc': 0.8648}
val: {'epoch': 45, 'loss': 0.0817, 'lr': 0.001, 'params': 599103, 'time_iter': 1.4531, 'accuracy': 0.9815, 'precision': 0.5676, 'recall': 0.2593, 'f1': 0.3559, 'auc': 0.7539}
train: {'epoch': 45, 'eta': 565231.5885, 'loss': 0.1063, 'lr': 0.001, 'params': 599103, 'time_iter': 10.3122, 'accuracy': 0.9694, 'precision': 0.7457, 'recall': 0.2784, 'f1': 0.4054, 'auc': 0.8706}
val: {'epoch': 46, 'loss': 0.0763, 'lr': 0.001, 'params': 599103, 'time_iter': 1.3771, 'accuracy': 0.9823, 'precision': 0.625, 'recall': 0.2469, 'f1': 0.354, 'auc': 0.802}
train: {'epoch': 46, 'eta': 554842.1351, 'loss': 0.107, 'lr': 0.001, 'params': 599103, 'time_iter': 10.2393, 'accuracy': 0.9684, 'precision': 0.7156, 'recall': 0.2573, 'f1': 0.3785, 'auc': 0.8663}
val: {'epoch': 47, 'loss': 0.0814, 'lr': 0.001, 'params': 599103, 'time_iter': 1.3851, 'accuracy': 0.9815, 'precision': 0.619, 'recall': 0.1605, 'f1': 0.2549, 'auc': 0.7708}
train: {'epoch': 47, 'eta': 544073.6224, 'loss': 0.1058, 'lr': 0.001, 'params': 599103, 'time_iter': 9.9047, 'accuracy': 0.9693, 'precision': 0.7392, 'recall': 0.2784, 'f1': 0.4045, 'auc': 0.8702}
val: {'epoch': 48, 'loss': 0.0815, 'lr': 0.001, 'params': 599103, 'time_iter': 1.4106, 'accuracy': 0.9796, 'precision': 0.4, 'recall': 0.0741, 'f1': 0.125, 'auc': 0.783}
train: {'epoch': 48, 'eta': 533651.7289, 'loss': 0.1052, 'lr': 0.001, 'params': 599103, 'time_iter': 10.2064, 'accuracy': 0.9686, 'precision': 0.7101, 'recall': 0.2744, 'f1': 0.3958, 'auc': 0.8716}
val: {'epoch': 49, 'loss': 0.083, 'lr': 0.001, 'params': 599103, 'time_iter': 1.7307, 'accuracy': 0.9801, 'precision': 0.4, 'recall': 0.0247, 'f1': 0.0465, 'auc': 0.7701}
train: {'epoch': 49, 'eta': 522921.5936, 'loss': 0.1051, 'lr': 0.001, 'params': 599103, 'time_iter': 9.91, 'accuracy': 0.9689, 'precision': 0.7263, 'recall': 0.2735, 'f1': 0.3974, 'auc': 0.8713}
val: {'epoch': 50, 'loss': 0.0818, 'lr': 0.001, 'params': 599103, 'time_iter': 1.4253, 'accuracy': 0.9815, 'precision': 0.6923, 'recall': 0.1111, 'f1': 0.1915, 'auc': 0.7938}
train: {'epoch': 50, 'eta': 512619.8293, 'loss': 0.1047, 'lr': 0.001, 'params': 599103, 'time_iter': 10.3222, 'accuracy': 0.9695, 'precision': 0.7342, 'recall': 0.2914, 'f1': 0.4172, 'auc': 0.8709}
val: {'epoch': 51, 'loss': 0.0791, 'lr': 0.001, 'params': 599103, 'time_iter': 1.3779, 'accuracy': 0.9832, 'precision': 0.75, 'recall': 0.2222, 'f1': 0.3429, 'auc': 0.7792}
train: {'epoch': 51, 'eta': 502190.0544, 'loss': 0.1055, 'lr': 0.001, 'params': 599103, 'time_iter': 10.2003, 'accuracy': 0.9691, 'precision': 0.7275, 'recall': 0.2817, 'f1': 0.4061, 'auc': 0.8753}
val: {'epoch': 52, 'loss': 0.0816, 'lr': 0.001, 'params': 599103, 'time_iter': 1.3972, 'accuracy': 0.9815, 'precision': 0.619, 'recall': 0.1605, 'f1': 0.2549, 'auc': 0.7873}
train: {'epoch': 52, 'eta': 491850.1998, 'loss': 0.1041, 'lr': 0.001, 'params': 599103, 'time_iter': 10.3016, 'accuracy': 0.969, 'precision': 0.7157, 'recall': 0.2841, 'f1': 0.4067, 'auc': 0.8775}
val: {'epoch': 53, 'loss': 0.0786, 'lr': 0.001, 'params': 599103, 'time_iter': 1.4327, 'accuracy': 0.9823, 'precision': 0.7, 'recall': 0.1728, 'f1': 0.2772, 'auc': 0.7979}
train: {'epoch': 53, 'eta': 481751.9677, 'loss': 0.1038, 'lr': 0.001, 'params': 599103, 'time_iter': 10.5883, 'accuracy': 0.9695, 'precision': 0.7396, 'recall': 0.2881, 'f1': 0.4147, 'auc': 0.8773}
val: {'epoch': 54, 'loss': 0.0789, 'lr': 0.001, 'params': 599103, 'time_iter': 1.3834, 'accuracy': 0.9837, 'precision': 0.6944, 'recall': 0.3086, 'f1': 0.4274, 'auc': 0.7837}
train: {'epoch': 54, 'eta': 471368.2549, 'loss': 0.1033, 'lr': 0.001, 'params': 599103, 'time_iter': 10.2836, 'accuracy': 0.9698, 'precision': 0.7542, 'recall': 0.289, 'f1': 0.4178, 'auc': 0.8797}
val: {'epoch': 55, 'loss': 0.0773, 'lr': 0.001, 'params': 599103, 'time_iter': 1.4201, 'accuracy': 0.983, 'precision': 0.7619, 'recall': 0.1975, 'f1': 0.3137, 'auc': 0.7926}
train: {'epoch': 55, 'eta': 460844.6585, 'loss': 0.1021, 'lr': 0.001, 'params': 599103, 'time_iter': 10.1193, 'accuracy': 0.9695, 'precision': 0.7232, 'recall': 0.3011, 'f1': 0.4252, 'auc': 0.8838}
val: {'epoch': 56, 'loss': 0.0772, 'lr': 0.001, 'params': 599103, 'time_iter': 1.6935, 'accuracy': 0.9832, 'precision': 0.7, 'recall': 0.2593, 'f1': 0.3784, 'auc': 0.7879}
train: {'epoch': 56, 'eta': 450502.5037, 'loss': 0.1024, 'lr': 0.001, 'params': 599103, 'time_iter': 10.3481, 'accuracy': 0.9696, 'precision': 0.7377, 'recall': 0.2922, 'f1': 0.4186, 'auc': 0.8846}
val: {'epoch': 57, 'loss': 0.0779, 'lr': 0.001, 'params': 599103, 'time_iter': 1.4586, 'accuracy': 0.9818, 'precision': 0.6364, 'recall': 0.1728, 'f1': 0.2718, 'auc': 0.7789}
train: {'epoch': 57, 'eta': 440300.0764, 'loss': 0.1021, 'lr': 0.001, 'params': 599103, 'time_iter': 10.5498, 'accuracy': 0.9699, 'precision': 0.7425, 'recall': 0.3019, 'f1': 0.4293, 'auc': 0.8856}
val: {'epoch': 58, 'loss': 0.0804, 'lr': 0.001, 'params': 599103, 'time_iter': 1.4368, 'accuracy': 0.983, 'precision': 0.6279, 'recall': 0.3333, 'f1': 0.4355, 'auc': 0.7834}
train: {'epoch': 58, 'eta': 429951.6303, 'loss': 0.101, 'lr': 0.001, 'params': 599103, 'time_iter': 10.3765, 'accuracy': 0.9697, 'precision': 0.7349, 'recall': 0.2971, 'f1': 0.4231, 'auc': 0.8872}
val: {'epoch': 59, 'loss': 0.0867, 'lr': 0.001, 'params': 599103, 'time_iter': 1.4698, 'accuracy': 0.982, 'precision': 1.0, 'recall': 0.0864, 'f1': 0.1591, 'auc': 0.7882}
train: {'epoch': 59, 'eta': 419446.9635, 'loss': 0.1014, 'lr': 0.001, 'params': 599103, 'time_iter': 10.1648, 'accuracy': 0.9706, 'precision': 0.7538, 'recall': 0.3206, 'f1': 0.4499, 'auc': 0.8853}
val: {'epoch': 60, 'loss': 0.0817, 'lr': 0.001, 'params': 599103, 'time_iter': 1.4099, 'accuracy': 0.9815, 'precision': 0.6667, 'recall': 0.1235, 'f1': 0.2083, 'auc': 0.7872}
train: {'epoch': 60, 'eta': 408948.4952, 'loss': 0.1023, 'lr': 0.001, 'params': 599103, 'time_iter': 10.172, 'accuracy': 0.9696, 'precision': 0.7262, 'recall': 0.3036, 'f1': 0.4282, 'auc': 0.8878}
val: {'epoch': 61, 'loss': 0.0768, 'lr': 0.001, 'params': 599103, 'time_iter': 1.4516, 'accuracy': 0.9844, 'precision': 0.7742, 'recall': 0.2963, 'f1': 0.4286, 'auc': 0.7904}
train: {'epoch': 61, 'eta': 398380.5305, 'loss': 0.1009, 'lr': 0.001, 'params': 599103, 'time_iter': 10.0602, 'accuracy': 0.9705, 'precision': 0.7636, 'recall': 0.3068, 'f1': 0.4378, 'auc': 0.8851}
val: {'epoch': 62, 'loss': 0.0827, 'lr': 0.001, 'params': 599103, 'time_iter': 1.439, 'accuracy': 0.983, 'precision': 0.641, 'recall': 0.3086, 'f1': 0.4167, 'auc': 0.7776}
train: {'epoch': 62, 'eta': 387934.2918, 'loss': 0.1002, 'lr': 0.001, 'params': 599103, 'time_iter': 10.2502, 'accuracy': 0.9695, 'precision': 0.7002, 'recall': 0.3222, 'f1': 0.4414, 'auc': 0.8929}
val: {'epoch': 63, 'loss': 0.0824, 'lr': 0.001, 'params': 599103, 'time_iter': 2.5248, 'accuracy': 0.984, 'precision': 0.7027, 'recall': 0.321, 'f1': 0.4407, 'auc': 0.7857}
train: {'epoch': 63, 'eta': 377561.6484, 'loss': 0.0998, 'lr': 0.001, 'params': 599103, 'time_iter': 10.3828, 'accuracy': 0.9705, 'precision': 0.7514, 'recall': 0.319, 'f1': 0.4479, 'auc': 0.8918}
val: {'epoch': 64, 'loss': 0.081, 'lr': 0.001, 'params': 599103, 'time_iter': 1.4315, 'accuracy': 0.9815, 'precision': 0.5532, 'recall': 0.321, 'f1': 0.4062, 'auc': 0.7784}
train: {'epoch': 64, 'eta': 366916.9451, 'loss': 0.0989, 'lr': 0.001, 'params': 599103, 'time_iter': 9.9091, 'accuracy': 0.9712, 'precision': 0.7619, 'recall': 0.3377, 'f1': 0.4679, 'auc': 0.8941}
val: {'epoch': 65, 'loss': 0.0877, 'lr': 0.001, 'params': 599103, 'time_iter': 1.4321, 'accuracy': 0.9818, 'precision': 0.6875, 'recall': 0.1358, 'f1': 0.2268, 'auc': 0.7733}
train: {'epoch': 65, 'eta': 356304.3536, 'loss': 0.0982, 'lr': 0.001, 'params': 599103, 'time_iter': 9.9441, 'accuracy': 0.9709, 'precision': 0.7655, 'recall': 0.3206, 'f1': 0.4519, 'auc': 0.8958}
val: {'epoch': 66, 'loss': 0.0814, 'lr': 0.001, 'params': 599103, 'time_iter': 1.4014, 'accuracy': 0.9796, 'precision': 0.4595, 'recall': 0.2099, 'f1': 0.2881, 'auc': 0.7884}
train: {'epoch': 66, 'eta': 345739.427, 'loss': 0.0991, 'lr': 0.001, 'params': 599103, 'time_iter': 10.0157, 'accuracy': 0.9708, 'precision': 0.7615, 'recall': 0.3214, 'f1': 0.4521, 'auc': 0.8924}
val: {'epoch': 67, 'loss': 0.0851, 'lr': 0.001, 'params': 599103, 'time_iter': 1.4277, 'accuracy': 0.9813, 'precision': 0.6, 'recall': 0.1481, 'f1': 0.2376, 'auc': 0.775}
train: {'epoch': 67, 'eta': 335248.5488, 'loss': 0.0987, 'lr': 0.001, 'params': 599103, 'time_iter': 10.1529, 'accuracy': 0.9709, 'precision': 0.7509, 'recall': 0.3352, 'f1': 0.4635, 'auc': 0.8952}
val: {'epoch': 68, 'loss': 0.0803, 'lr': 0.001, 'params': 599103, 'time_iter': 1.4816, 'accuracy': 0.9827, 'precision': 0.619, 'recall': 0.321, 'f1': 0.4228, 'auc': 0.7936}
train: {'epoch': 68, 'eta': 324871.2363, 'loss': 0.0968, 'lr': 0.001, 'params': 599103, 'time_iter': 10.3958, 'accuracy': 0.9706, 'precision': 0.7431, 'recall': 0.3287, 'f1': 0.4558, 'auc': 0.9014}
val: {'epoch': 69, 'loss': 0.0801, 'lr': 0.001, 'params': 599103, 'time_iter': 1.4886, 'accuracy': 0.9844, 'precision': 0.7429, 'recall': 0.321, 'f1': 0.4483, 'auc': 0.7908}
train: {'epoch': 69, 'eta': 314308.8845, 'loss': 0.0979, 'lr': 0.001, 'params': 599103, 'time_iter': 9.997, 'accuracy': 0.971, 'precision': 0.7514, 'recall': 0.3385, 'f1': 0.4667, 'auc': 0.8952}
val: {'epoch': 70, 'loss': 0.0804, 'lr': 0.001, 'params': 599103, 'time_iter': 1.4275, 'accuracy': 0.9808, 'precision': 0.5263, 'recall': 0.2469, 'f1': 0.3361, 'auc': 0.7871}
train: {'epoch': 70, 'eta': 303814.0085, 'loss': 0.0972, 'lr': 0.001, 'params': 599103, 'time_iter': 10.1391, 'accuracy': 0.971, 'precision': 0.757, 'recall': 0.3312, 'f1': 0.4608, 'auc': 0.9005}
val: {'epoch': 71, 'loss': 0.0803, 'lr': 0.001, 'params': 599103, 'time_iter': 1.4571, 'accuracy': 0.9827, 'precision': 0.6136, 'recall': 0.3333, 'f1': 0.432, 'auc': 0.7831}
train: {'epoch': 71, 'eta': 293369.7855, 'loss': 0.0965, 'lr': 0.001, 'params': 599103, 'time_iter': 10.2614, 'accuracy': 0.9714, 'precision': 0.7594, 'recall': 0.3458, 'f1': 0.4752, 'auc': 0.9026}
val: {'epoch': 72, 'loss': 0.0846, 'lr': 0.001, 'params': 599103, 'time_iter': 1.4087, 'accuracy': 0.9808, 'precision': 0.5208, 'recall': 0.3086, 'f1': 0.3876, 'auc': 0.7758}
train: {'epoch': 72, 'eta': 282961.0478, 'loss': 0.0959, 'lr': 0.001, 'params': 599103, 'time_iter': 10.3629, 'accuracy': 0.9716, 'precision': 0.7601, 'recall': 0.3523, 'f1': 0.4814, 'auc': 0.9049}
val: {'epoch': 73, 'loss': 0.086, 'lr': 0.001, 'params': 599103, 'time_iter': 1.6871, 'accuracy': 0.9803, 'precision': 0.5, 'recall': 0.1358, 'f1': 0.2136, 'auc': 0.7845}
train: {'epoch': 73, 'eta': 272577.8664, 'loss': 0.0955, 'lr': 0.001, 'params': 599103, 'time_iter': 10.4526, 'accuracy': 0.9719, 'precision': 0.7684, 'recall': 0.3555, 'f1': 0.4861, 'auc': 0.9015}
val: {'epoch': 74, 'loss': 0.0853, 'lr': 0.001, 'params': 599103, 'time_iter': 1.4125, 'accuracy': 0.9801, 'precision': 0.4865, 'recall': 0.2222, 'f1': 0.3051, 'auc': 0.7712}
train: {'epoch': 74, 'eta': 262151.5792, 'loss': 0.0955, 'lr': 0.001, 'params': 599103, 'time_iter': 10.3559, 'accuracy': 0.9714, 'precision': 0.7552, 'recall': 0.3506, 'f1': 0.4789, 'auc': 0.9068}
val: {'epoch': 75, 'loss': 0.0836, 'lr': 0.001, 'params': 599103, 'time_iter': 1.4399, 'accuracy': 0.9815, 'precision': 0.6471, 'recall': 0.1358, 'f1': 0.2245, 'auc': 0.7772}
train: {'epoch': 75, 'eta': 251713.4241, 'loss': 0.0947, 'lr': 0.001, 'params': 599103, 'time_iter': 10.338, 'accuracy': 0.9716, 'precision': 0.7606, 'recall': 0.3506, 'f1': 0.48, 'auc': 0.907}
val: {'epoch': 76, 'loss': 0.0854, 'lr': 0.001, 'params': 599103, 'time_iter': 1.4877, 'accuracy': 0.981, 'precision': 0.5714, 'recall': 0.1481, 'f1': 0.2353, 'auc': 0.77}
train: {'epoch': 76, 'eta': 241228.4381, 'loss': 0.0946, 'lr': 0.001, 'params': 599103, 'time_iter': 10.2025, 'accuracy': 0.9716, 'precision': 0.761, 'recall': 0.3515, 'f1': 0.4808, 'auc': 0.9051}
val: {'epoch': 77, 'loss': 0.0932, 'lr': 0.001, 'params': 599103, 'time_iter': 1.4517, 'accuracy': 0.9815, 'precision': 0.6667, 'recall': 0.1235, 'f1': 0.2083, 'auc': 0.7861}
train: {'epoch': 77, 'eta': 230791.0552, 'loss': 0.0945, 'lr': 0.001, 'params': 599103, 'time_iter': 10.3677, 'accuracy': 0.9716, 'precision': 0.7623, 'recall': 0.3515, 'f1': 0.4811, 'auc': 0.9085}
val: {'epoch': 78, 'loss': 0.0842, 'lr': 0.001, 'params': 599103, 'time_iter': 1.4501, 'accuracy': 0.981, 'precision': 0.5517, 'recall': 0.1975, 'f1': 0.2909, 'auc': 0.7889}
train: {'epoch': 78, 'eta': 220298.9302, 'loss': 0.0948, 'lr': 0.001, 'params': 599103, 'time_iter': 10.1889, 'accuracy': 0.9712, 'precision': 0.7554, 'recall': 0.3433, 'f1': 0.4721, 'auc': 0.9086}
val: {'epoch': 79, 'loss': 0.0907, 'lr': 0.001, 'params': 599103, 'time_iter': 1.4688, 'accuracy': 0.9808, 'precision': 0.5455, 'recall': 0.1481, 'f1': 0.233, 'auc': 0.7655}
train: {'epoch': 79, 'eta': 209817.2028, 'loss': 0.0934, 'lr': 0.001, 'params': 599103, 'time_iter': 10.2286, 'accuracy': 0.9718, 'precision': 0.7599, 'recall': 0.3596, 'f1': 0.4882, 'auc': 0.9131}
val: {'epoch': 80, 'loss': 0.088, 'lr': 0.001, 'params': 599103, 'time_iter': 1.9383, 'accuracy': 0.9781, 'precision': 0.4, 'recall': 0.2222, 'f1': 0.2857, 'auc': 0.7728}
train: {'epoch': 80, 'eta': 199333.2012, 'loss': 0.0935, 'lr': 0.001, 'params': 599103, 'time_iter': 10.2236, 'accuracy': 0.972, 'precision': 0.76, 'recall': 0.3701, 'f1': 0.4978, 'auc': 0.909}
val: {'epoch': 81, 'loss': 0.0852, 'lr': 0.001, 'params': 599103, 'time_iter': 1.4028, 'accuracy': 0.9823, 'precision': 0.75, 'recall': 0.1481, 'f1': 0.2474, 'auc': 0.779}
train: {'epoch': 81, 'eta': 188866.1802, 'loss': 0.0946, 'lr': 0.001, 'params': 599103, 'time_iter': 10.3027, 'accuracy': 0.9712, 'precision': 0.7314, 'recall': 0.3669, 'f1': 0.4886, 'auc': 0.9076}
val: {'epoch': 82, 'loss': 0.0909, 'lr': 0.001, 'params': 599103, 'time_iter': 1.3623, 'accuracy': 0.9823, 'precision': 0.7, 'recall': 0.1728, 'f1': 0.2772, 'auc': 0.7713}
train: {'epoch': 82, 'eta': 178373.7082, 'loss': 0.0912, 'lr': 0.001, 'params': 599103, 'time_iter': 10.1973, 'accuracy': 0.9721, 'precision': 0.7599, 'recall': 0.3726, 'f1': 0.5, 'auc': 0.9176}
val: {'epoch': 83, 'loss': 0.0905, 'lr': 0.001, 'params': 599103, 'time_iter': 1.5471, 'accuracy': 0.9818, 'precision': 0.6364, 'recall': 0.1728, 'f1': 0.2718, 'auc': 0.7886}
train: {'epoch': 83, 'eta': 167873.4651, 'loss': 0.0922, 'lr': 0.001, 'params': 599103, 'time_iter': 10.1577, 'accuracy': 0.9715, 'precision': 0.753, 'recall': 0.3563, 'f1': 0.4837, 'auc': 0.9145}
val: {'epoch': 84, 'loss': 0.0843, 'lr': 0.001, 'params': 599103, 'time_iter': 1.4589, 'accuracy': 0.9803, 'precision': 0.5, 'recall': 0.1975, 'f1': 0.2832, 'auc': 0.7831}
train: {'epoch': 84, 'eta': 157356.259, 'loss': 0.0915, 'lr': 0.001, 'params': 599103, 'time_iter': 10.0581, 'accuracy': 0.9723, 'precision': 0.7605, 'recall': 0.3815, 'f1': 0.5081, 'auc': 0.9169}
val: {'epoch': 85, 'loss': 0.0874, 'lr': 0.001, 'params': 599103, 'time_iter': 1.3622, 'accuracy': 0.981, 'precision': 0.5714, 'recall': 0.1481, 'f1': 0.2353, 'auc': 0.7919}
train: {'epoch': 85, 'eta': 146832.9129, 'loss': 0.0914, 'lr': 0.001, 'params': 599103, 'time_iter': 9.9982, 'accuracy': 0.9719, 'precision': 0.7537, 'recall': 0.3726, 'f1': 0.4986, 'auc': 0.917}
val: {'epoch': 86, 'loss': 0.0857, 'lr': 0.001, 'params': 599103, 'time_iter': 1.454, 'accuracy': 0.9818, 'precision': 0.6071, 'recall': 0.2099, 'f1': 0.3119, 'auc': 0.7849}
train: {'epoch': 86, 'eta': 136348.1563, 'loss': 0.091, 'lr': 0.001, 'params': 599103, 'time_iter': 10.214, 'accuracy': 0.9723, 'precision': 0.7663, 'recall': 0.3726, 'f1': 0.5014, 'auc': 0.9176}
val: {'epoch': 87, 'loss': 0.0915, 'lr': 0.001, 'params': 599103, 'time_iter': 1.4132, 'accuracy': 0.9818, 'precision': 0.65, 'recall': 0.1605, 'f1': 0.2574, 'auc': 0.7809}
train: {'epoch': 87, 'eta': 125846.5338, 'loss': 0.0907, 'lr': 0.001, 'params': 599103, 'time_iter': 10.0979, 'accuracy': 0.9724, 'precision': 0.7551, 'recall': 0.388, 'f1': 0.5126, 'auc': 0.9165}
val: {'epoch': 88, 'loss': 0.086, 'lr': 0.001, 'params': 599103, 'time_iter': 1.4074, 'accuracy': 0.9818, 'precision': 0.6364, 'recall': 0.1728, 'f1': 0.2718, 'auc': 0.7907}
train: {'epoch': 88, 'eta': 115342.2264, 'loss': 0.0897, 'lr': 0.001, 'params': 599103, 'time_iter': 10.0572, 'accuracy': 0.9725, 'precision': 0.7724, 'recall': 0.3774, 'f1': 0.5071, 'auc': 0.9243}
val: {'epoch': 89, 'loss': 0.0892, 'lr': 0.001, 'params': 599103, 'time_iter': 1.4766, 'accuracy': 0.9813, 'precision': 0.6111, 'recall': 0.1358, 'f1': 0.2222, 'auc': 0.786}
train: {'epoch': 89, 'eta': 104846.446, 'loss': 0.0912, 'lr': 0.001, 'params': 599103, 'time_iter': 10.1016, 'accuracy': 0.9723, 'precision': 0.7544, 'recall': 0.3839, 'f1': 0.5089, 'auc': 0.9192}
val: {'epoch': 90, 'loss': 0.0869, 'lr': 0.001, 'params': 599103, 'time_iter': 1.7307, 'accuracy': 0.981, 'precision': 0.56, 'recall': 0.1728, 'f1': 0.2642, 'auc': 0.7858}
train: {'epoch': 90, 'eta': 94354.9845, 'loss': 0.0898, 'lr': 0.001, 'params': 599103, 'time_iter': 10.1222, 'accuracy': 0.9725, 'precision': 0.7638, 'recall': 0.3831, 'f1': 0.5103, 'auc': 0.9222}
val: {'epoch': 91, 'loss': 0.0896, 'lr': 0.001, 'params': 599103, 'time_iter': 1.3692, 'accuracy': 0.9825, 'precision': 0.7143, 'recall': 0.1852, 'f1': 0.2941, 'auc': 0.7963}
train: {'epoch': 91, 'eta': 83865.3984, 'loss': 0.0907, 'lr': 0.001, 'params': 599103, 'time_iter': 10.1247, 'accuracy': 0.9732, 'precision': 0.7841, 'recall': 0.392, 'f1': 0.5227, 'auc': 0.9177}
val: {'epoch': 92, 'loss': 0.0894, 'lr': 0.001, 'params': 599103, 'time_iter': 1.4453, 'accuracy': 0.9813, 'precision': 0.5769, 'recall': 0.1852, 'f1': 0.2804, 'auc': 0.7934}
train: {'epoch': 92, 'eta': 73375.8546, 'loss': 0.0893, 'lr': 0.001, 'params': 599103, 'time_iter': 10.1055, 'accuracy': 0.9728, 'precision': 0.7752, 'recall': 0.3864, 'f1': 0.5157, 'auc': 0.9215}
val: {'epoch': 93, 'loss': 0.0909, 'lr': 0.001, 'params': 599103, 'time_iter': 1.4354, 'accuracy': 0.981, 'precision': 0.5556, 'recall': 0.1852, 'f1': 0.2778, 'auc': 0.7757}
train: {'epoch': 93, 'eta': 62889.3411, 'loss': 0.0891, 'lr': 0.001, 'params': 599103, 'time_iter': 10.1222, 'accuracy': 0.9731, 'precision': 0.767, 'recall': 0.4034, 'f1': 0.5287, 'auc': 0.923}
val: {'epoch': 94, 'loss': 0.0877, 'lr': 0.001, 'params': 599103, 'time_iter': 1.46, 'accuracy': 0.9835, 'precision': 0.7407, 'recall': 0.2469, 'f1': 0.3704, 'auc': 0.7946}
train: {'epoch': 94, 'eta': 52412.017, 'loss': 0.089, 'lr': 0.001, 'params': 599103, 'time_iter': 10.2643, 'accuracy': 0.9729, 'precision': 0.7644, 'recall': 0.3977, 'f1': 0.5232, 'auc': 0.9232}
val: {'epoch': 95, 'loss': 0.0838, 'lr': 0.001, 'params': 599103, 'time_iter': 1.4433, 'accuracy': 0.9815, 'precision': 0.6, 'recall': 0.1852, 'f1': 0.283, 'auc': 0.7885}
train: {'epoch': 95, 'eta': 41922.2201, 'loss': 0.0873, 'lr': 0.001, 'params': 599103, 'time_iter': 10.0145, 'accuracy': 0.9728, 'precision': 0.7617, 'recall': 0.3969, 'f1': 0.5219, 'auc': 0.9273}
val: {'epoch': 96, 'loss': 0.0867, 'lr': 0.001, 'params': 599103, 'time_iter': 1.3947, 'accuracy': 0.9827, 'precision': 0.6786, 'recall': 0.2346, 'f1': 0.3486, 'auc': 0.7756}
train: {'epoch': 96, 'eta': 31434.2173, 'loss': 0.0884, 'lr': 0.001, 'params': 599103, 'time_iter': 9.9512, 'accuracy': 0.9722, 'precision': 0.752, 'recall': 0.3839, 'f1': 0.5083, 'auc': 0.9256}
val: {'epoch': 97, 'loss': 0.0918, 'lr': 0.001, 'params': 599103, 'time_iter': 1.6561, 'accuracy': 0.9808, 'precision': 0.5417, 'recall': 0.1605, 'f1': 0.2476, 'auc': 0.7826}
train: {'epoch': 97, 'eta': 20953.2748, 'loss': 0.0866, 'lr': 0.001, 'params': 599103, 'time_iter': 10.0461, 'accuracy': 0.9731, 'precision': 0.7693, 'recall': 0.4034, 'f1': 0.5293, 'auc': 0.9299}
val: {'epoch': 98, 'loss': 0.0852, 'lr': 0.001, 'params': 599103, 'time_iter': 1.3947, 'accuracy': 0.9808, 'precision': 0.5357, 'recall': 0.1852, 'f1': 0.2752, 'auc': 0.7872}
train: {'epoch': 98, 'eta': 10481.0014, 'loss': 0.088, 'lr': 0.001, 'params': 599103, 'time_iter': 10.6012, 'accuracy': 0.9729, 'precision': 0.7707, 'recall': 0.3929, 'f1': 0.5204, 'auc': 0.9256}
val: {'epoch': 99, 'loss': 0.0899, 'lr': 0.001, 'params': 599103, 'time_iter': 1.414, 'accuracy': 0.9815, 'precision': 0.6, 'recall': 0.1852, 'f1': 0.283, 'auc': 0.7896}
train: {'epoch': 99, 'eta': 0.0, 'loss': 0.0869, 'lr': 0.001, 'params': 599103, 'time_iter': 10.1858, 'accuracy': 0.9729, 'precision': 0.7776, 'recall': 0.3888, 'f1': 0.5184, 'auc': 0.9296}
test: {'epoch': 99, 'loss': 0.1628, 'lr': 0.001, 'params': 599103, 'time_iter': 1.3885, 'accuracy': 0.9655, 'precision': 0.2, 'recall': 0.0308, 'f1': 0.0533, 'auc': 0.7597}
test: {'epoch': 46, 'loss': 0.1308, 'lr': 0.001, 'params': 599103, 'time_iter': 1.3515, 'accuracy': 0.9691, 'precision': 0.5306, 'recall': 0.2, 'f1': 0.2905, 'auc': 0.7709}
