GraphGymModule(
  (model): DilatedGNNModel(
    (encoder): FeatureEncoder(
      (node_encoder): AtomEncoder(
        (atom_embedding_list): ModuleList(
          (0): Embedding(119, 300)
          (1): Embedding(4, 300)
          (2): Embedding(12, 300)
          (3): Embedding(12, 300)
          (4): Embedding(10, 300)
          (5): Embedding(6, 300)
          (6): Embedding(6, 300)
          (7): Embedding(2, 300)
          (8): Embedding(2, 300)
        )
      )
      (edge_encoder): BondEncoder(
        (bond_embedding_list): ModuleList(
          (0): Embedding(5, 300)
          (1): Embedding(6, 300)
          (2): Embedding(2, 300)
        )
      )
    )
    (mp): GNNDilatedStage(
      (classic_layers): ModuleList(
        (0): GeneralLayer(
          (layer): EGINConv(
            (model): GINEConv(nn=Sequential(
              (0): Linear(300, 300, bias=True)
              (1): ReLU()
              (2): Linear(300, 300, bias=True)
            ))
          )
          (post_layer): Sequential(
            (0): BatchNorm1d(300, eps=1e-05, momentum=0.1, affine=True, track_running_stats=True)
            (1): Dropout(p=0.5, inplace=False)
            (2): ReLU()
          )
        )
        (1): GeneralLayer(
          (layer): EGINConv(
            (model): GINEConv(nn=Sequential(
              (0): Linear(300, 300, bias=True)
              (1): ReLU()
              (2): Linear(300, 300, bias=True)
            ))
          )
          (post_layer): Sequential(
            (0): BatchNorm1d(300, eps=1e-05, momentum=0.1, affine=True, track_running_stats=True)
            (1): Dropout(p=0.5, inplace=False)
            (2): ReLU()
          )
        )
        (2): GeneralLayer(
          (layer): EGINConv(
            (model): GINEConv(nn=Sequential(
              (0): Linear(300, 300, bias=True)
              (1): ReLU()
              (2): Linear(300, 300, bias=True)
            ))
          )
          (post_layer): Sequential(
            (0): BatchNorm1d(300, eps=1e-05, momentum=0.1, affine=True, track_running_stats=True)
            (1): Dropout(p=0.5, inplace=False)
            (2): ReLU()
          )
        )
      )
      (dilated_layers): ModuleList(
        (0): DilatedGeneralLayer(
          (layer): EGINConv(
            (model): GINEConv(nn=Sequential(
              (0): Linear(300, 300, bias=True)
              (1): ReLU()
              (2): Linear(300, 300, bias=True)
            ))
          )
          (post_layer): Sequential(
            (0): BatchNorm1d(300, eps=1e-05, momentum=0.1, affine=True, track_running_stats=True)
            (1): Dropout(p=0.5, inplace=False)
            (2): ReLU()
          )
          (gem): GeM(p=3.0000, eps=1e-06)
        )
      )
      (act): ReLU()
    )
    (post_mp): GNNGraphHead(
      (layer_post_mp): MLP(
        (model): Sequential(
          (0): Linear(
            (model): Linear(600, 1, bias=True)
          )
        )
      )
    )
  )
)
accelerator: cuda
benchmark: False
bn:
  eps: 1e-05
  mom: 0.1
cfg_dest: config.yaml
custom_metrics: []
dataset:
  cache_load: False
  cache_save: False
  dir: ./datasets
  edge_dim: 300
  edge_encoder: True
  edge_encoder_bn: False
  edge_encoder_name: Bond
  edge_message_ratio: 0.8
  edge_negative_sampling_ratio: 1.0
  edge_train_mode: all
  encoder: True
  encoder_bn: True
  encoder_dim: 128
  encoder_name: db
  fast_loader: False
  format: OGB
  label_column: none
  label_table: none
  location: local
  name: ogbg-molhiv
  node_encoder: True
  node_encoder_bn: False
  node_encoder_name: Atom
  remove_feature: False
  resample_disjoint: False
  resample_negative: False
  shuffle_split: True
  split: [0.8, 0.1, 0.1]
  split_mode: random
  task: graph
  task_type: classification
  to_undirected: False
  transductive: False
  transform: none
  tu_simple: True
devices: 1
gnn:
  act: relu
  act_on_last_layer_mp: False
  agg: none
  att_final_linear: False
  att_final_linear_bn: False
  att_heads: 1
  batchnorm: True
  clear_feature: True
  dilated_path_join: concat
  dim_inner: 300
  dropout: 0.5
  head: graph
  keep_edge: 0.5
  l2norm: True
  layer_type: eginconv
  layers_k1: 3
  layers_k2: 1
  layers_mp: 5
  layers_post_mp: 1
  layers_pre_mp: 0
  learn_alpha_residual_connection: True
  msg_direction: single
  normalize_adj: False
  self_msg: concat
  skip_every: 1
  stage_type: stack
  use_edge_features: True
gpu_mem: False
mem:
  inplace: False
metric_agg: argmax
metric_best: auc
model:
  edge_decoding: dot
  graph_pooling: mean
  loss_fun: cross_entropy
  match_upper: True
  size_average: mean
  thresh: 0.5
  type: dilated_gnn
num_threads: 6
num_workers: 16
optim:
  base_lr: 0.001
  lr_decay: 0.1
  max_epoch: 100
  momentum: 0.9
  optimizer: adam
  scheduler: none
  steps: [30, 60, 90]
  weight_decay: 0.0
out_dir: results_experiments/ogbg_molhiv_baseline_grid_design/ogbg_molhiv_baseline-type=dilated_gnn-layer_type=eginconv-layers_k1=3-layers_k2=1-dilated_path_join=concat-learn_alpha_residual_connection=True
params: 1142403
print: both
round: 4
run_dir: results_experiments/ogbg_molhiv_baseline_grid_design/ogbg_molhiv_baseline-type=dilated_gnn-layer_type=eginconv-layers_k1=3-layers_k2=1-dilated_path_join=concat-learn_alpha_residual_connection=True/6
seed: 7
share:
  dim_in: 9
  dim_out: 2
  num_splits: 3
tensorboard_agg: True
tensorboard_each_run: False
train:
  auto_resume: False
  batch_size: 32
  ckpt_clean: True
  ckpt_period: 100
  enable_ckpt: True
  epoch_resume: -1
  eval_period: 1
  iter_per_epoch: 32
  neighbor_sizes: [20, 15, 10, 5]
  node_per_graph: 32
  radius: extend
  sample_node: False
  sampler: full_batch
  skip_train_eval: False
  walk_length: 4
val:
  node_per_graph: 32
  radius: extend
  sample_node: False
  sampler: full_batch
view_emb: False
Num parameters: 1142403
val: {'epoch': 0, 'loss': 0.6769, 'lr': 0.001, 'params': 1142403, 'time_iter': 0.8362, 'accuracy': 0.9844, 'precision': 0.0, 'recall': 0.0, 'f1': 0.0, 'auc': 0.2698}
val: {'epoch': 0, 'loss': 0.0982, 'lr': 0.001, 'params': 1142403, 'time_iter': 1.9866, 'accuracy': 0.9803, 'precision': 0.0, 'recall': 0.0, 'f1': 0.0, 'auc': 0.5668}
train: {'epoch': 0, 'eta': 1259964.1703, 'loss': 0.1833, 'lr': 0.001, 'params': 1142403, 'time_iter': 12.3682, 'accuracy': 0.9625, 'precision': 0.0, 'recall': 0.0, 'f1': 0.0, 'auc': 0.5571}
val: {'epoch': 1, 'loss': 0.1001, 'lr': 0.001, 'params': 1142403, 'time_iter': 2.3465, 'accuracy': 0.9803, 'precision': 0.0, 'recall': 0.0, 'f1': 0.0, 'auc': 0.5757}
train: {'epoch': 1, 'eta': 1238336.7237, 'loss': 0.1566, 'lr': 0.001, 'params': 1142403, 'time_iter': 12.1917, 'accuracy': 0.9626, 'precision': 0.0, 'recall': 0.0, 'f1': 0.0, 'auc': 0.6291}
val: {'epoch': 2, 'loss': 0.0986, 'lr': 0.001, 'params': 1142403, 'time_iter': 1.8722, 'accuracy': 0.9803, 'precision': 0.0, 'recall': 0.0, 'f1': 0.0, 'auc': 0.566}
train: {'epoch': 2, 'eta': 1225028.5029, 'loss': 0.1549, 'lr': 0.001, 'params': 1142403, 'time_iter': 12.2598, 'accuracy': 0.9626, 'precision': 0.0, 'recall': 0.0, 'f1': 0.0, 'auc': 0.6507}
val: {'epoch': 3, 'loss': 0.0979, 'lr': 0.001, 'params': 1142403, 'time_iter': 1.9629, 'accuracy': 0.9803, 'precision': 0.0, 'recall': 0.0, 'f1': 0.0, 'auc': 0.6696}
train: {'epoch': 3, 'eta': 1212681.2752, 'loss': 0.153, 'lr': 0.001, 'params': 1142403, 'time_iter': 12.2847, 'accuracy': 0.9626, 'precision': 0.0, 'recall': 0.0, 'f1': 0.0, 'auc': 0.6718}
val: {'epoch': 4, 'loss': 0.0932, 'lr': 0.001, 'params': 1142403, 'time_iter': 1.9827, 'accuracy': 0.9803, 'precision': 0.0, 'recall': 0.0, 'f1': 0.0, 'auc': 0.6903}
train: {'epoch': 4, 'eta': 1196872.835, 'loss': 0.1507, 'lr': 0.001, 'params': 1142403, 'time_iter': 12.1136, 'accuracy': 0.9626, 'precision': 0.0, 'recall': 0.0, 'f1': 0.0, 'auc': 0.6928}
val: {'epoch': 5, 'loss': 0.1084, 'lr': 0.001, 'params': 1142403, 'time_iter': 2.3459, 'accuracy': 0.9781, 'precision': 0.0909, 'recall': 0.0123, 'f1': 0.0217, 'auc': 0.5888}
train: {'epoch': 5, 'eta': 1182239.6175, 'loss': 0.1482, 'lr': 0.001, 'params': 1142403, 'time_iter': 12.1174, 'accuracy': 0.9626, 'precision': 0.0, 'recall': 0.0, 'f1': 0.0, 'auc': 0.7118}
val: {'epoch': 6, 'loss': 0.0921, 'lr': 0.001, 'params': 1142403, 'time_iter': 2.0004, 'accuracy': 0.9805, 'precision': 1.0, 'recall': 0.0123, 'f1': 0.0244, 'auc': 0.6973}
train: {'epoch': 6, 'eta': 1168465.708, 'loss': 0.1467, 'lr': 0.001, 'params': 1142403, 'time_iter': 12.135, 'accuracy': 0.9626, 'precision': 0.0, 'recall': 0.0, 'f1': 0.0, 'auc': 0.7237}
val: {'epoch': 7, 'loss': 0.0892, 'lr': 0.001, 'params': 1142403, 'time_iter': 1.92, 'accuracy': 0.9805, 'precision': 1.0, 'recall': 0.0123, 'f1': 0.0244, 'auc': 0.7303}
train: {'epoch': 7, 'eta': 1156873.764, 'loss': 0.1441, 'lr': 0.001, 'params': 1142403, 'time_iter': 12.2922, 'accuracy': 0.9624, 'precision': 0.0, 'recall': 0.0, 'f1': 0.0, 'auc': 0.7405}
val: {'epoch': 8, 'loss': 0.0898, 'lr': 0.001, 'params': 1142403, 'time_iter': 2.1561, 'accuracy': 0.9803, 'precision': 0.0, 'recall': 0.0, 'f1': 0.0, 'auc': 0.74}
train: {'epoch': 8, 'eta': 1142166.4837, 'loss': 0.144, 'lr': 0.001, 'params': 1142403, 'time_iter': 12.0154, 'accuracy': 0.9624, 'precision': 0.0, 'recall': 0.0, 'f1': 0.0, 'auc': 0.7376}
val: {'epoch': 9, 'loss': 0.0942, 'lr': 0.001, 'params': 1142403, 'time_iter': 1.9418, 'accuracy': 0.9803, 'precision': 0.0, 'recall': 0.0, 'f1': 0.0, 'auc': 0.7258}
train: {'epoch': 9, 'eta': 1132402.1044, 'loss': 0.1427, 'lr': 0.001, 'params': 1142403, 'time_iter': 12.4985, 'accuracy': 0.9625, 'precision': 0.0, 'recall': 0.0, 'f1': 0.0, 'auc': 0.7479}
val: {'epoch': 10, 'loss': 0.0906, 'lr': 0.001, 'params': 1142403, 'time_iter': 1.9508, 'accuracy': 0.9805, 'precision': 1.0, 'recall': 0.0123, 'f1': 0.0244, 'auc': 0.7388}
train: {'epoch': 10, 'eta': 1115423.9969, 'loss': 0.1409, 'lr': 0.001, 'params': 1142403, 'time_iter': 11.6996, 'accuracy': 0.9625, 'precision': 0.3333, 'recall': 0.0008, 'f1': 0.0016, 'auc': 0.7553}
val: {'epoch': 11, 'loss': 0.0982, 'lr': 0.001, 'params': 1142403, 'time_iter': 2.1337, 'accuracy': 0.9803, 'precision': 0.5, 'recall': 0.0123, 'f1': 0.0241, 'auc': 0.7007}
train: {'epoch': 11, 'eta': 1103132.6584, 'loss': 0.139, 'lr': 0.001, 'params': 1142403, 'time_iter': 12.2116, 'accuracy': 0.9624, 'precision': 0.125, 'recall': 0.0008, 'f1': 0.0016, 'auc': 0.7636}
val: {'epoch': 12, 'loss': 0.0908, 'lr': 0.001, 'params': 1142403, 'time_iter': 1.994, 'accuracy': 0.981, 'precision': 0.7143, 'recall': 0.0617, 'f1': 0.1136, 'auc': 0.7525}
train: {'epoch': 12, 'eta': 1090786.2241, 'loss': 0.1373, 'lr': 0.001, 'params': 1142403, 'time_iter': 12.2098, 'accuracy': 0.9624, 'precision': 0.3913, 'recall': 0.0073, 'f1': 0.0143, 'auc': 0.7664}
val: {'epoch': 13, 'loss': 0.0876, 'lr': 0.001, 'params': 1142403, 'time_iter': 2.0134, 'accuracy': 0.9798, 'precision': 0.45, 'recall': 0.1111, 'f1': 0.1782, 'auc': 0.757}
train: {'epoch': 13, 'eta': 1078713.9337, 'loss': 0.1354, 'lr': 0.001, 'params': 1142403, 'time_iter': 12.2581, 'accuracy': 0.9624, 'precision': 0.4359, 'recall': 0.0138, 'f1': 0.0268, 'auc': 0.7783}
val: {'epoch': 14, 'loss': 0.0896, 'lr': 0.001, 'params': 1142403, 'time_iter': 1.9792, 'accuracy': 0.982, 'precision': 1.0, 'recall': 0.0864, 'f1': 0.1591, 'auc': 0.8086}
train: {'epoch': 14, 'eta': 1066579.4301, 'loss': 0.1341, 'lr': 0.001, 'params': 1142403, 'time_iter': 12.2598, 'accuracy': 0.9624, 'precision': 0.4545, 'recall': 0.0162, 'f1': 0.0313, 'auc': 0.7839}
val: {'epoch': 15, 'loss': 0.0895, 'lr': 0.001, 'params': 1142403, 'time_iter': 2.2108, 'accuracy': 0.9815, 'precision': 0.8571, 'recall': 0.0741, 'f1': 0.1364, 'auc': 0.7521}
train: {'epoch': 15, 'eta': 1053896.1035, 'loss': 0.1337, 'lr': 0.001, 'params': 1142403, 'time_iter': 12.1693, 'accuracy': 0.9627, 'precision': 0.5345, 'recall': 0.0252, 'f1': 0.0481, 'auc': 0.7832}
val: {'epoch': 16, 'loss': 0.0855, 'lr': 0.001, 'params': 1142403, 'time_iter': 1.9998, 'accuracy': 0.9813, 'precision': 0.6667, 'recall': 0.0988, 'f1': 0.172, 'auc': 0.7856}
train: {'epoch': 16, 'eta': 1042407.6046, 'loss': 0.1322, 'lr': 0.001, 'params': 1142403, 'time_iter': 12.4034, 'accuracy': 0.9625, 'precision': 0.4833, 'recall': 0.0235, 'f1': 0.0449, 'auc': 0.7912}
val: {'epoch': 17, 'loss': 0.0814, 'lr': 0.001, 'params': 1142403, 'time_iter': 2.0306, 'accuracy': 0.982, 'precision': 0.8889, 'recall': 0.0988, 'f1': 0.1778, 'auc': 0.8049}
train: {'epoch': 17, 'eta': 1028839.3055, 'loss': 0.1308, 'lr': 0.001, 'params': 1142403, 'time_iter': 11.9899, 'accuracy': 0.963, 'precision': 0.6, 'recall': 0.039, 'f1': 0.0732, 'auc': 0.7928}
val: {'epoch': 18, 'loss': 0.089, 'lr': 0.001, 'params': 1142403, 'time_iter': 2.2085, 'accuracy': 0.9805, 'precision': 0.5333, 'recall': 0.0988, 'f1': 0.1667, 'auc': 0.7781}
train: {'epoch': 18, 'eta': 1016357.2129, 'loss': 0.1292, 'lr': 0.001, 'params': 1142403, 'time_iter': 12.208, 'accuracy': 0.9632, 'precision': 0.5962, 'recall': 0.0503, 'f1': 0.0928, 'auc': 0.7973}
val: {'epoch': 19, 'loss': 0.0872, 'lr': 0.001, 'params': 1142403, 'time_iter': 2.0143, 'accuracy': 0.9818, 'precision': 1.0, 'recall': 0.0741, 'f1': 0.1379, 'auc': 0.8224}
train: {'epoch': 19, 'eta': 1004887.153, 'loss': 0.1278, 'lr': 0.001, 'params': 1142403, 'time_iter': 12.4558, 'accuracy': 0.9638, 'precision': 0.6567, 'recall': 0.0714, 'f1': 0.1288, 'auc': 0.8053}
val: {'epoch': 20, 'loss': 0.0915, 'lr': 0.001, 'params': 1142403, 'time_iter': 1.9485, 'accuracy': 0.9818, 'precision': 1.0, 'recall': 0.0741, 'f1': 0.1379, 'auc': 0.7993}
train: {'epoch': 20, 'eta': 992802.7052, 'loss': 0.1265, 'lr': 0.001, 'params': 1142403, 'time_iter': 12.3302, 'accuracy': 0.9639, 'precision': 0.6387, 'recall': 0.0804, 'f1': 0.1428, 'auc': 0.8037}
val: {'epoch': 21, 'loss': 0.0876, 'lr': 0.001, 'params': 1142403, 'time_iter': 2.0567, 'accuracy': 0.9818, 'precision': 0.8, 'recall': 0.0988, 'f1': 0.1758, 'auc': 0.7853}
train: {'epoch': 21, 'eta': 980302.1073, 'loss': 0.125, 'lr': 0.001, 'params': 1142403, 'time_iter': 12.2312, 'accuracy': 0.9646, 'precision': 0.7006, 'recall': 0.095, 'f1': 0.1673, 'auc': 0.8122}
val: {'epoch': 22, 'loss': 0.0932, 'lr': 0.001, 'params': 1142403, 'time_iter': 2.3145, 'accuracy': 0.9815, 'precision': 0.7778, 'recall': 0.0864, 'f1': 0.1556, 'auc': 0.7977}
train: {'epoch': 22, 'eta': 968728.271, 'loss': 0.1244, 'lr': 0.001, 'params': 1142403, 'time_iter': 12.5024, 'accuracy': 0.9647, 'precision': 0.7233, 'recall': 0.0933, 'f1': 0.1653, 'auc': 0.8129}
val: {'epoch': 23, 'loss': 0.0842, 'lr': 0.001, 'params': 1142403, 'time_iter': 2.0138, 'accuracy': 0.9815, 'precision': 0.6471, 'recall': 0.1358, 'f1': 0.2245, 'auc': 0.7998}
train: {'epoch': 23, 'eta': 956002.6733, 'loss': 0.1224, 'lr': 0.001, 'params': 1142403, 'time_iter': 12.1819, 'accuracy': 0.9652, 'precision': 0.7056, 'recall': 0.1226, 'f1': 0.2089, 'auc': 0.8203}
val: {'epoch': 24, 'loss': 0.0828, 'lr': 0.001, 'params': 1142403, 'time_iter': 1.9965, 'accuracy': 0.9815, 'precision': 0.6667, 'recall': 0.1235, 'f1': 0.2083, 'auc': 0.7875}
train: {'epoch': 24, 'eta': 942661.7664, 'loss': 0.1227, 'lr': 0.001, 'params': 1142403, 'time_iter': 11.9777, 'accuracy': 0.9645, 'precision': 0.6498, 'recall': 0.1144, 'f1': 0.1946, 'auc': 0.8199}
val: {'epoch': 25, 'loss': 0.0875, 'lr': 0.001, 'params': 1142403, 'time_iter': 2.1787, 'accuracy': 0.981, 'precision': 0.6364, 'recall': 0.0864, 'f1': 0.1522, 'auc': 0.7978}
train: {'epoch': 25, 'eta': 931290.4274, 'loss': 0.121, 'lr': 0.001, 'params': 1142403, 'time_iter': 12.6235, 'accuracy': 0.9656, 'precision': 0.7162, 'recall': 0.1331, 'f1': 0.2245, 'auc': 0.8228}
val: {'epoch': 26, 'loss': 0.0891, 'lr': 0.001, 'params': 1142403, 'time_iter': 1.9615, 'accuracy': 0.9818, 'precision': 0.8, 'recall': 0.0988, 'f1': 0.1758, 'auc': 0.8153}
train: {'epoch': 26, 'eta': 919489.2782, 'loss': 0.1205, 'lr': 0.001, 'params': 1142403, 'time_iter': 12.5121, 'accuracy': 0.9655, 'precision': 0.7082, 'recall': 0.1339, 'f1': 0.2253, 'auc': 0.824}
val: {'epoch': 27, 'loss': 0.0776, 'lr': 0.001, 'params': 1142403, 'time_iter': 2.0617, 'accuracy': 0.9815, 'precision': 0.5926, 'recall': 0.1975, 'f1': 0.2963, 'auc': 0.8223}
train: {'epoch': 27, 'eta': 907687.9192, 'loss': 0.1193, 'lr': 0.001, 'params': 1142403, 'time_iter': 12.541, 'accuracy': 0.9654, 'precision': 0.6783, 'recall': 0.142, 'f1': 0.2349, 'auc': 0.8323}
val: {'epoch': 28, 'loss': 0.0802, 'lr': 0.001, 'params': 1142403, 'time_iter': 2.172, 'accuracy': 0.9827, 'precision': 0.8125, 'recall': 0.1605, 'f1': 0.268, 'auc': 0.8286}
train: {'epoch': 28, 'eta': 894881.2796, 'loss': 0.1192, 'lr': 0.001, 'params': 1142403, 'time_iter': 12.1722, 'accuracy': 0.966, 'precision': 0.709, 'recall': 0.1542, 'f1': 0.2533, 'auc': 0.834}
val: {'epoch': 29, 'loss': 0.0796, 'lr': 0.001, 'params': 1142403, 'time_iter': 2.0292, 'accuracy': 0.9818, 'precision': 0.6667, 'recall': 0.1481, 'f1': 0.2424, 'auc': 0.8068}
train: {'epoch': 29, 'eta': 882551.9274, 'loss': 0.1184, 'lr': 0.001, 'params': 1142403, 'time_iter': 12.3631, 'accuracy': 0.9662, 'precision': 0.7174, 'recall': 0.1607, 'f1': 0.2626, 'auc': 0.8302}
val: {'epoch': 30, 'loss': 0.0814, 'lr': 0.001, 'params': 1142403, 'time_iter': 1.9005, 'accuracy': 0.982, 'precision': 0.7059, 'recall': 0.1481, 'f1': 0.2449, 'auc': 0.7981}
train: {'epoch': 30, 'eta': 869361.054, 'loss': 0.1169, 'lr': 0.001, 'params': 1142403, 'time_iter': 11.998, 'accuracy': 0.9664, 'precision': 0.7222, 'recall': 0.1688, 'f1': 0.2737, 'auc': 0.835}
val: {'epoch': 31, 'loss': 0.0755, 'lr': 0.001, 'params': 1142403, 'time_iter': 1.975, 'accuracy': 0.9827, 'precision': 0.7273, 'recall': 0.1975, 'f1': 0.3107, 'auc': 0.815}
train: {'epoch': 31, 'eta': 855480.6662, 'loss': 0.117, 'lr': 0.001, 'params': 1142403, 'time_iter': 11.6585, 'accuracy': 0.9664, 'precision': 0.7153, 'recall': 0.1713, 'f1': 0.2764, 'auc': 0.8329}
val: {'epoch': 32, 'loss': 0.0782, 'lr': 0.001, 'params': 1142403, 'time_iter': 2.3531, 'accuracy': 0.9835, 'precision': 0.9333, 'recall': 0.1728, 'f1': 0.2917, 'auc': 0.8135}
train: {'epoch': 32, 'eta': 842379.1543, 'loss': 0.1159, 'lr': 0.001, 'params': 1142403, 'time_iter': 11.9767, 'accuracy': 0.9664, 'precision': 0.7038, 'recall': 0.1794, 'f1': 0.2859, 'auc': 0.8408}
val: {'epoch': 33, 'loss': 0.0775, 'lr': 0.001, 'params': 1142403, 'time_iter': 1.9807, 'accuracy': 0.9847, 'precision': 0.8214, 'recall': 0.284, 'f1': 0.422, 'auc': 0.8289}
train: {'epoch': 33, 'eta': 829238.2289, 'loss': 0.1155, 'lr': 0.001, 'params': 1142403, 'time_iter': 11.9341, 'accuracy': 0.9671, 'precision': 0.7315, 'recall': 0.1924, 'f1': 0.3046, 'auc': 0.837}
val: {'epoch': 34, 'loss': 0.0808, 'lr': 0.001, 'params': 1142403, 'time_iter': 1.9736, 'accuracy': 0.9815, 'precision': 0.5806, 'recall': 0.2222, 'f1': 0.3214, 'auc': 0.7944}
train: {'epoch': 34, 'eta': 816930.278, 'loss': 0.1149, 'lr': 0.001, 'params': 1142403, 'time_iter': 12.3442, 'accuracy': 0.9671, 'precision': 0.7278, 'recall': 0.1932, 'f1': 0.3053, 'auc': 0.8425}
val: {'epoch': 35, 'loss': 0.0859, 'lr': 0.001, 'params': 1142403, 'time_iter': 2.0339, 'accuracy': 0.9825, 'precision': 0.7647, 'recall': 0.1605, 'f1': 0.2653, 'auc': 0.7783}
train: {'epoch': 35, 'eta': 804380.8974, 'loss': 0.1141, 'lr': 0.001, 'params': 1142403, 'time_iter': 12.2242, 'accuracy': 0.967, 'precision': 0.713, 'recall': 0.1997, 'f1': 0.312, 'auc': 0.8465}
val: {'epoch': 36, 'loss': 0.0802, 'lr': 0.001, 'params': 1142403, 'time_iter': 2.0011, 'accuracy': 0.9832, 'precision': 0.875, 'recall': 0.1728, 'f1': 0.2887, 'auc': 0.8189}
train: {'epoch': 36, 'eta': 791336.9911, 'loss': 0.1132, 'lr': 0.001, 'params': 1142403, 'time_iter': 11.9429, 'accuracy': 0.9669, 'precision': 0.7105, 'recall': 0.1972, 'f1': 0.3088, 'auc': 0.8505}
val: {'epoch': 37, 'loss': 0.0847, 'lr': 0.001, 'params': 1142403, 'time_iter': 2.0039, 'accuracy': 0.9832, 'precision': 0.875, 'recall': 0.1728, 'f1': 0.2887, 'auc': 0.8242}
train: {'epoch': 37, 'eta': 778956.5834, 'loss': 0.1124, 'lr': 0.001, 'params': 1142403, 'time_iter': 12.3144, 'accuracy': 0.9678, 'precision': 0.7537, 'recall': 0.2086, 'f1': 0.3268, 'auc': 0.8504}
val: {'epoch': 38, 'loss': 0.0844, 'lr': 0.001, 'params': 1142403, 'time_iter': 1.9733, 'accuracy': 0.9818, 'precision': 0.5938, 'recall': 0.2346, 'f1': 0.3363, 'auc': 0.7783}
train: {'epoch': 38, 'eta': 766216.9465, 'loss': 0.1117, 'lr': 0.001, 'params': 1142403, 'time_iter': 12.1005, 'accuracy': 0.968, 'precision': 0.7392, 'recall': 0.2232, 'f1': 0.3429, 'auc': 0.851}
val: {'epoch': 39, 'loss': 0.0829, 'lr': 0.001, 'params': 1142403, 'time_iter': 2.5248, 'accuracy': 0.9835, 'precision': 0.8421, 'recall': 0.1975, 'f1': 0.32, 'auc': 0.8108}
train: {'epoch': 39, 'eta': 753729.8349, 'loss': 0.1108, 'lr': 0.001, 'params': 1142403, 'time_iter': 12.2548, 'accuracy': 0.9682, 'precision': 0.7404, 'recall': 0.2338, 'f1': 0.3553, 'auc': 0.8543}
val: {'epoch': 40, 'loss': 0.0835, 'lr': 0.001, 'params': 1142403, 'time_iter': 1.997, 'accuracy': 0.9832, 'precision': 0.875, 'recall': 0.1728, 'f1': 0.2887, 'auc': 0.8146}
train: {'epoch': 40, 'eta': 741017.4413, 'loss': 0.1111, 'lr': 0.001, 'params': 1142403, 'time_iter': 12.1067, 'accuracy': 0.9683, 'precision': 0.7423, 'recall': 0.2338, 'f1': 0.3556, 'auc': 0.8511}
val: {'epoch': 41, 'loss': 0.0884, 'lr': 0.001, 'params': 1142403, 'time_iter': 1.9072, 'accuracy': 0.9823, 'precision': 0.8333, 'recall': 0.1235, 'f1': 0.2151, 'auc': 0.7915}
train: {'epoch': 41, 'eta': 728563.1762, 'loss': 0.1104, 'lr': 0.001, 'params': 1142403, 'time_iter': 12.2798, 'accuracy': 0.9682, 'precision': 0.7404, 'recall': 0.2338, 'f1': 0.3553, 'auc': 0.8617}
val: {'epoch': 42, 'loss': 0.0814, 'lr': 0.001, 'params': 1142403, 'time_iter': 2.0843, 'accuracy': 0.9827, 'precision': 0.8125, 'recall': 0.1605, 'f1': 0.268, 'auc': 0.8135}
train: {'epoch': 42, 'eta': 716370.1025, 'loss': 0.1093, 'lr': 0.001, 'params': 1142403, 'time_iter': 12.4775, 'accuracy': 0.9687, 'precision': 0.7596, 'recall': 0.2411, 'f1': 0.366, 'auc': 0.8587}
val: {'epoch': 43, 'loss': 0.0841, 'lr': 0.001, 'params': 1142403, 'time_iter': 1.9884, 'accuracy': 0.9832, 'precision': 0.7727, 'recall': 0.2099, 'f1': 0.3301, 'auc': 0.8123}
train: {'epoch': 43, 'eta': 703985.7605, 'loss': 0.11, 'lr': 0.001, 'params': 1142403, 'time_iter': 12.3539, 'accuracy': 0.9681, 'precision': 0.7408, 'recall': 0.2297, 'f1': 0.3507, 'auc': 0.8615}
val: {'epoch': 44, 'loss': 0.0877, 'lr': 0.001, 'params': 1142403, 'time_iter': 1.9174, 'accuracy': 0.983, 'precision': 0.8235, 'recall': 0.1728, 'f1': 0.2857, 'auc': 0.815}
train: {'epoch': 44, 'eta': 691369.5506, 'loss': 0.109, 'lr': 0.001, 'params': 1142403, 'time_iter': 12.1811, 'accuracy': 0.969, 'precision': 0.7669, 'recall': 0.2484, 'f1': 0.3752, 'auc': 0.8629}
val: {'epoch': 45, 'loss': 0.0828, 'lr': 0.001, 'params': 1142403, 'time_iter': 2.08, 'accuracy': 0.9837, 'precision': 0.8889, 'recall': 0.1975, 'f1': 0.3232, 'auc': 0.7854}
train: {'epoch': 45, 'eta': 678763.9301, 'loss': 0.1092, 'lr': 0.001, 'params': 1142403, 'time_iter': 12.1869, 'accuracy': 0.9676, 'precision': 0.7052, 'recall': 0.233, 'f1': 0.3502, 'auc': 0.8639}
val: {'epoch': 46, 'loss': 0.0849, 'lr': 0.001, 'params': 1142403, 'time_iter': 1.9513, 'accuracy': 0.9823, 'precision': 0.7, 'recall': 0.1728, 'f1': 0.2772, 'auc': 0.8129}
train: {'epoch': 46, 'eta': 665962.6251, 'loss': 0.1075, 'lr': 0.001, 'params': 1142403, 'time_iter': 12.0159, 'accuracy': 0.9688, 'precision': 0.7582, 'recall': 0.2443, 'f1': 0.3696, 'auc': 0.867}
val: {'epoch': 47, 'loss': 0.0885, 'lr': 0.001, 'params': 1142403, 'time_iter': 1.9001, 'accuracy': 0.9827, 'precision': 0.8125, 'recall': 0.1605, 'f1': 0.268, 'auc': 0.8065}
train: {'epoch': 47, 'eta': 653416.336, 'loss': 0.107, 'lr': 0.001, 'params': 1142403, 'time_iter': 12.2283, 'accuracy': 0.9686, 'precision': 0.7304, 'recall': 0.2573, 'f1': 0.3806, 'auc': 0.8713}
val: {'epoch': 48, 'loss': 0.0832, 'lr': 0.001, 'params': 1142403, 'time_iter': 1.9586, 'accuracy': 0.982, 'precision': 0.64, 'recall': 0.1975, 'f1': 0.3019, 'auc': 0.8351}
train: {'epoch': 48, 'eta': 641049.9987, 'loss': 0.1069, 'lr': 0.001, 'params': 1142403, 'time_iter': 12.3977, 'accuracy': 0.969, 'precision': 0.7393, 'recall': 0.267, 'f1': 0.3924, 'auc': 0.8712}
val: {'epoch': 49, 'loss': 0.086, 'lr': 0.001, 'params': 1142403, 'time_iter': 2.196, 'accuracy': 0.9832, 'precision': 0.7727, 'recall': 0.2099, 'f1': 0.3301, 'auc': 0.7842}
train: {'epoch': 49, 'eta': 627841.1982, 'loss': 0.1059, 'lr': 0.001, 'params': 1142403, 'time_iter': 11.5942, 'accuracy': 0.9695, 'precision': 0.7578, 'recall': 0.2744, 'f1': 0.4029, 'auc': 0.8701}
val: {'epoch': 50, 'loss': 0.0923, 'lr': 0.001, 'params': 1142403, 'time_iter': 1.9468, 'accuracy': 0.9808, 'precision': 0.5714, 'recall': 0.0988, 'f1': 0.1684, 'auc': 0.8026}
train: {'epoch': 50, 'eta': 615712.9586, 'loss': 0.1058, 'lr': 0.001, 'params': 1142403, 'time_iter': 12.6364, 'accuracy': 0.9697, 'precision': 0.7647, 'recall': 0.2744, 'f1': 0.4038, 'auc': 0.8705}
val: {'epoch': 51, 'loss': 0.0912, 'lr': 0.001, 'params': 1142403, 'time_iter': 1.9609, 'accuracy': 0.9803, 'precision': 0.5, 'recall': 0.0741, 'f1': 0.129, 'auc': 0.816}
train: {'epoch': 51, 'eta': 602984.7735, 'loss': 0.1058, 'lr': 0.001, 'params': 1142403, 'time_iter': 12.0402, 'accuracy': 0.9689, 'precision': 0.7307, 'recall': 0.2687, 'f1': 0.3929, 'auc': 0.8732}
val: {'epoch': 52, 'loss': 0.0882, 'lr': 0.001, 'params': 1142403, 'time_iter': 2.1269, 'accuracy': 0.9827, 'precision': 0.8125, 'recall': 0.1605, 'f1': 0.268, 'auc': 0.7836}
train: {'epoch': 52, 'eta': 590245.0927, 'loss': 0.1047, 'lr': 0.001, 'params': 1142403, 'time_iter': 12.0136, 'accuracy': 0.9691, 'precision': 0.7374, 'recall': 0.2735, 'f1': 0.3991, 'auc': 0.8742}
val: {'epoch': 53, 'loss': 0.0899, 'lr': 0.001, 'params': 1142403, 'time_iter': 1.972, 'accuracy': 0.9823, 'precision': 0.8333, 'recall': 0.1235, 'f1': 0.2151, 'auc': 0.8049}
train: {'epoch': 53, 'eta': 576998.5045, 'loss': 0.1049, 'lr': 0.001, 'params': 1142403, 'time_iter': 11.4194, 'accuracy': 0.9698, 'precision': 0.761, 'recall': 0.2817, 'f1': 0.4111, 'auc': 0.878}
val: {'epoch': 54, 'loss': 0.0904, 'lr': 0.001, 'params': 1142403, 'time_iter': 1.9503, 'accuracy': 0.982, 'precision': 0.6522, 'recall': 0.1852, 'f1': 0.2885, 'auc': 0.8107}
train: {'epoch': 54, 'eta': 564553.8456, 'loss': 0.1043, 'lr': 0.001, 'params': 1142403, 'time_iter': 12.3073, 'accuracy': 0.9697, 'precision': 0.7576, 'recall': 0.2817, 'f1': 0.4107, 'auc': 0.877}
val: {'epoch': 55, 'loss': 0.0981, 'lr': 0.001, 'params': 1142403, 'time_iter': 2.0925, 'accuracy': 0.9801, 'precision': 0.4444, 'recall': 0.0494, 'f1': 0.0889, 'auc': 0.7833}
train: {'epoch': 55, 'eta': 551830.685, 'loss': 0.1038, 'lr': 0.001, 'params': 1142403, 'time_iter': 11.9725, 'accuracy': 0.9701, 'precision': 0.7679, 'recall': 0.2873, 'f1': 0.4182, 'auc': 0.8811}
val: {'epoch': 56, 'loss': 0.0868, 'lr': 0.001, 'params': 1142403, 'time_iter': 2.715, 'accuracy': 0.9825, 'precision': 0.6957, 'recall': 0.1975, 'f1': 0.3077, 'auc': 0.7934}
train: {'epoch': 56, 'eta': 539474.4034, 'loss': 0.1028, 'lr': 0.001, 'params': 1142403, 'time_iter': 12.4269, 'accuracy': 0.9699, 'precision': 0.7425, 'recall': 0.2995, 'f1': 0.4268, 'auc': 0.8819}
val: {'epoch': 57, 'loss': 0.086, 'lr': 0.001, 'params': 1142403, 'time_iter': 1.9654, 'accuracy': 0.9825, 'precision': 0.6957, 'recall': 0.1975, 'f1': 0.3077, 'auc': 0.7965}
train: {'epoch': 57, 'eta': 526971.7646, 'loss': 0.1031, 'lr': 0.001, 'params': 1142403, 'time_iter': 12.2504, 'accuracy': 0.9695, 'precision': 0.7355, 'recall': 0.289, 'f1': 0.4149, 'auc': 0.8816}
val: {'epoch': 58, 'loss': 0.0867, 'lr': 0.001, 'params': 1142403, 'time_iter': 1.9293, 'accuracy': 0.9825, 'precision': 0.8, 'recall': 0.1481, 'f1': 0.25, 'auc': 0.8154}
train: {'epoch': 58, 'eta': 514044.1302, 'loss': 0.1017, 'lr': 0.001, 'params': 1142403, 'time_iter': 11.661, 'accuracy': 0.9701, 'precision': 0.75, 'recall': 0.3019, 'f1': 0.4306, 'auc': 0.885}
val: {'epoch': 59, 'loss': 0.0853, 'lr': 0.001, 'params': 1142403, 'time_iter': 2.1637, 'accuracy': 0.9823, 'precision': 0.625, 'recall': 0.2469, 'f1': 0.354, 'auc': 0.7967}
train: {'epoch': 59, 'eta': 501444.9804, 'loss': 0.1014, 'lr': 0.001, 'params': 1142403, 'time_iter': 12.0947, 'accuracy': 0.9711, 'precision': 0.7816, 'recall': 0.3166, 'f1': 0.4506, 'auc': 0.8868}
val: {'epoch': 60, 'loss': 0.0847, 'lr': 0.001, 'params': 1142403, 'time_iter': 1.9753, 'accuracy': 0.9825, 'precision': 0.6667, 'recall': 0.2222, 'f1': 0.3333, 'auc': 0.8051}
train: {'epoch': 60, 'eta': 488867.2898, 'loss': 0.1019, 'lr': 0.001, 'params': 1142403, 'time_iter': 12.1196, 'accuracy': 0.9698, 'precision': 0.7449, 'recall': 0.2938, 'f1': 0.4214, 'auc': 0.8879}
val: {'epoch': 61, 'loss': 0.0867, 'lr': 0.001, 'params': 1142403, 'time_iter': 1.982, 'accuracy': 0.983, 'precision': 0.7619, 'recall': 0.1975, 'f1': 0.3137, 'auc': 0.8152}
train: {'epoch': 61, 'eta': 476585.2784, 'loss': 0.1, 'lr': 0.001, 'params': 1142403, 'time_iter': 12.583, 'accuracy': 0.9702, 'precision': 0.7598, 'recall': 0.3003, 'f1': 0.4305, 'auc': 0.8933}
val: {'epoch': 62, 'loss': 0.0897, 'lr': 0.001, 'params': 1142403, 'time_iter': 2.0187, 'accuracy': 0.9827, 'precision': 0.7273, 'recall': 0.1975, 'f1': 0.3107, 'auc': 0.7993}
train: {'epoch': 62, 'eta': 463966.0905, 'loss': 0.1, 'lr': 0.001, 'params': 1142403, 'time_iter': 12.0601, 'accuracy': 0.9706, 'precision': 0.7578, 'recall': 0.3149, 'f1': 0.445, 'auc': 0.8912}
val: {'epoch': 63, 'loss': 0.0894, 'lr': 0.001, 'params': 1142403, 'time_iter': 2.4036, 'accuracy': 0.9832, 'precision': 0.8333, 'recall': 0.1852, 'f1': 0.303, 'auc': 0.8083}
train: {'epoch': 63, 'eta': 451331.9004, 'loss': 0.0988, 'lr': 0.001, 'params': 1142403, 'time_iter': 12.0228, 'accuracy': 0.9711, 'precision': 0.7897, 'recall': 0.3109, 'f1': 0.4461, 'auc': 0.8983}
val: {'epoch': 64, 'loss': 0.0892, 'lr': 0.001, 'params': 1142403, 'time_iter': 1.9339, 'accuracy': 0.983, 'precision': 0.8235, 'recall': 0.1728, 'f1': 0.2857, 'auc': 0.802}
train: {'epoch': 64, 'eta': 438541.424, 'loss': 0.0988, 'lr': 0.001, 'params': 1142403, 'time_iter': 11.7262, 'accuracy': 0.9707, 'precision': 0.7697, 'recall': 0.3093, 'f1': 0.4412, 'auc': 0.896}
val: {'epoch': 65, 'loss': 0.0887, 'lr': 0.001, 'params': 1142403, 'time_iter': 1.9811, 'accuracy': 0.982, 'precision': 0.6667, 'recall': 0.1728, 'f1': 0.2745, 'auc': 0.8195}
train: {'epoch': 65, 'eta': 425961.06, 'loss': 0.0983, 'lr': 0.001, 'params': 1142403, 'time_iter': 12.0812, 'accuracy': 0.9709, 'precision': 0.7649, 'recall': 0.3222, 'f1': 0.4535, 'auc': 0.8971}
val: {'epoch': 66, 'loss': 0.0937, 'lr': 0.001, 'params': 1142403, 'time_iter': 2.163, 'accuracy': 0.9825, 'precision': 0.9091, 'recall': 0.1235, 'f1': 0.2174, 'auc': 0.8003}
train: {'epoch': 66, 'eta': 413523.8652, 'loss': 0.0982, 'lr': 0.001, 'params': 1142403, 'time_iter': 12.3549, 'accuracy': 0.9718, 'precision': 0.7861, 'recall': 0.3401, 'f1': 0.4748, 'auc': 0.8958}
val: {'epoch': 67, 'loss': 0.0867, 'lr': 0.001, 'params': 1142403, 'time_iter': 1.9239, 'accuracy': 0.982, 'precision': 0.5897, 'recall': 0.284, 'f1': 0.3833, 'auc': 0.8122}
train: {'epoch': 67, 'eta': 401223.6901, 'loss': 0.0979, 'lr': 0.001, 'params': 1142403, 'time_iter': 12.6546, 'accuracy': 0.9713, 'precision': 0.7828, 'recall': 0.3247, 'f1': 0.459, 'auc': 0.8982}
val: {'epoch': 68, 'loss': 0.0957, 'lr': 0.001, 'params': 1142403, 'time_iter': 1.8629, 'accuracy': 0.981, 'precision': 0.6364, 'recall': 0.0864, 'f1': 0.1522, 'auc': 0.7891}
train: {'epoch': 68, 'eta': 388575.8161, 'loss': 0.0987, 'lr': 0.001, 'params': 1142403, 'time_iter': 11.9477, 'accuracy': 0.9706, 'precision': 0.7558, 'recall': 0.3166, 'f1': 0.4462, 'auc': 0.8983}
val: {'epoch': 69, 'loss': 0.096, 'lr': 0.001, 'params': 1142403, 'time_iter': 2.1179, 'accuracy': 0.9818, 'precision': 0.65, 'recall': 0.1605, 'f1': 0.2574, 'auc': 0.7919}
train: {'epoch': 69, 'eta': 376092.9787, 'loss': 0.0968, 'lr': 0.001, 'params': 1142403, 'time_iter': 12.2991, 'accuracy': 0.9713, 'precision': 0.7713, 'recall': 0.3312, 'f1': 0.4634, 'auc': 0.9012}
val: {'epoch': 70, 'loss': 0.0918, 'lr': 0.001, 'params': 1142403, 'time_iter': 1.9522, 'accuracy': 0.9832, 'precision': 0.7308, 'recall': 0.2346, 'f1': 0.3551, 'auc': 0.7971}
train: {'epoch': 70, 'eta': 363451.9676, 'loss': 0.0957, 'lr': 0.001, 'params': 1142403, 'time_iter': 11.9343, 'accuracy': 0.9719, 'precision': 0.7817, 'recall': 0.3458, 'f1': 0.4795, 'auc': 0.9061}
val: {'epoch': 71, 'loss': 0.0935, 'lr': 0.001, 'params': 1142403, 'time_iter': 1.9778, 'accuracy': 0.9832, 'precision': 0.8333, 'recall': 0.1852, 'f1': 0.303, 'auc': 0.8047}
train: {'epoch': 71, 'eta': 350767.9217, 'loss': 0.096, 'lr': 0.001, 'params': 1142403, 'time_iter': 11.8017, 'accuracy': 0.972, 'precision': 0.786, 'recall': 0.3458, 'f1': 0.4803, 'auc': 0.9036}
val: {'epoch': 72, 'loss': 0.0924, 'lr': 0.001, 'params': 1142403, 'time_iter': 1.9713, 'accuracy': 0.9837, 'precision': 0.8889, 'recall': 0.1975, 'f1': 0.3232, 'auc': 0.8166}
train: {'epoch': 72, 'eta': 338276.2661, 'loss': 0.0965, 'lr': 0.001, 'params': 1142403, 'time_iter': 12.2684, 'accuracy': 0.9714, 'precision': 0.7786, 'recall': 0.3312, 'f1': 0.4647, 'auc': 0.9035}
val: {'epoch': 73, 'loss': 0.0967, 'lr': 0.001, 'params': 1142403, 'time_iter': 2.4137, 'accuracy': 0.9818, 'precision': 0.875, 'recall': 0.0864, 'f1': 0.1573, 'auc': 0.8068}
train: {'epoch': 73, 'eta': 325744.1372, 'loss': 0.0935, 'lr': 0.001, 'params': 1142403, 'time_iter': 12.1663, 'accuracy': 0.9717, 'precision': 0.7617, 'recall': 0.3555, 'f1': 0.4848, 'auc': 0.9127}
val: {'epoch': 74, 'loss': 0.0965, 'lr': 0.001, 'params': 1142403, 'time_iter': 1.9516, 'accuracy': 0.983, 'precision': 0.7895, 'recall': 0.1852, 'f1': 0.3, 'auc': 0.8169}
train: {'epoch': 74, 'eta': 313357.3303, 'loss': 0.0944, 'lr': 0.001, 'params': 1142403, 'time_iter': 12.589, 'accuracy': 0.9719, 'precision': 0.7717, 'recall': 0.3539, 'f1': 0.4853, 'auc': 0.9075}
val: {'epoch': 75, 'loss': 0.093, 'lr': 0.001, 'params': 1142403, 'time_iter': 1.9496, 'accuracy': 0.983, 'precision': 0.7619, 'recall': 0.1975, 'f1': 0.3137, 'auc': 0.8051}
train: {'epoch': 75, 'eta': 300836.7156, 'loss': 0.0944, 'lr': 0.001, 'params': 1142403, 'time_iter': 12.2231, 'accuracy': 0.9719, 'precision': 0.7678, 'recall': 0.3596, 'f1': 0.4898, 'auc': 0.9097}
val: {'epoch': 76, 'loss': 0.0944, 'lr': 0.001, 'params': 1142403, 'time_iter': 2.2643, 'accuracy': 0.983, 'precision': 0.7895, 'recall': 0.1852, 'f1': 0.3, 'auc': 0.8048}
train: {'epoch': 76, 'eta': 288353.8212, 'loss': 0.0936, 'lr': 0.001, 'params': 1142403, 'time_iter': 12.3507, 'accuracy': 0.9723, 'precision': 0.7764, 'recall': 0.3636, 'f1': 0.4953, 'auc': 0.9125}
val: {'epoch': 77, 'loss': 0.0912, 'lr': 0.001, 'params': 1142403, 'time_iter': 1.9775, 'accuracy': 0.9825, 'precision': 0.6667, 'recall': 0.2222, 'f1': 0.3333, 'auc': 0.8181}
train: {'epoch': 77, 'eta': 275771.0421, 'loss': 0.093, 'lr': 0.001, 'params': 1142403, 'time_iter': 12.0265, 'accuracy': 0.9725, 'precision': 0.7914, 'recall': 0.3604, 'f1': 0.4953, 'auc': 0.912}
val: {'epoch': 78, 'loss': 0.089, 'lr': 0.001, 'params': 1142403, 'time_iter': 2.0085, 'accuracy': 0.9823, 'precision': 0.6667, 'recall': 0.1975, 'f1': 0.3048, 'auc': 0.8163}
train: {'epoch': 78, 'eta': 263224.6297, 'loss': 0.0948, 'lr': 0.001, 'params': 1142403, 'time_iter': 12.1402, 'accuracy': 0.9721, 'precision': 0.7875, 'recall': 0.349, 'f1': 0.4837, 'auc': 0.9086}
val: {'epoch': 79, 'loss': 0.0968, 'lr': 0.001, 'params': 1142403, 'time_iter': 2.1221, 'accuracy': 0.9825, 'precision': 0.8, 'recall': 0.1481, 'f1': 0.25, 'auc': 0.7933}
train: {'epoch': 79, 'eta': 250723.2803, 'loss': 0.0923, 'lr': 0.001, 'params': 1142403, 'time_iter': 12.3101, 'accuracy': 0.9727, 'precision': 0.7937, 'recall': 0.3653, 'f1': 0.5003, 'auc': 0.9124}
val: {'epoch': 80, 'loss': 0.0918, 'lr': 0.001, 'params': 1142403, 'time_iter': 2.3436, 'accuracy': 0.983, 'precision': 0.7619, 'recall': 0.1975, 'f1': 0.3137, 'auc': 0.7904}
train: {'epoch': 80, 'eta': 238173.265, 'loss': 0.0921, 'lr': 0.001, 'params': 1142403, 'time_iter': 12.1255, 'accuracy': 0.9728, 'precision': 0.7972, 'recall': 0.3669, 'f1': 0.5025, 'auc': 0.9161}
val: {'epoch': 81, 'loss': 0.0934, 'lr': 0.001, 'params': 1142403, 'time_iter': 1.9173, 'accuracy': 0.9825, 'precision': 0.68, 'recall': 0.2099, 'f1': 0.3208, 'auc': 0.8139}
train: {'epoch': 81, 'eta': 225592.3479, 'loss': 0.0914, 'lr': 0.001, 'params': 1142403, 'time_iter': 11.9808, 'accuracy': 0.9728, 'precision': 0.7867, 'recall': 0.3742, 'f1': 0.5072, 'auc': 0.9179}
val: {'epoch': 82, 'loss': 0.091, 'lr': 0.001, 'params': 1142403, 'time_iter': 1.9926, 'accuracy': 0.9827, 'precision': 0.75, 'recall': 0.1852, 'f1': 0.297, 'auc': 0.8044}
train: {'epoch': 82, 'eta': 213060.9419, 'loss': 0.091, 'lr': 0.001, 'params': 1142403, 'time_iter': 12.1868, 'accuracy': 0.9724, 'precision': 0.7714, 'recall': 0.3726, 'f1': 0.5025, 'auc': 0.9159}
val: {'epoch': 83, 'loss': 0.1064, 'lr': 0.001, 'params': 1142403, 'time_iter': 2.4515, 'accuracy': 0.9813, 'precision': 0.7, 'recall': 0.0864, 'f1': 0.1538, 'auc': 0.8029}
train: {'epoch': 83, 'eta': 200503.4796, 'loss': 0.0906, 'lr': 0.001, 'params': 1142403, 'time_iter': 12.055, 'accuracy': 0.9728, 'precision': 0.7955, 'recall': 0.3693, 'f1': 0.5044, 'auc': 0.9199}
val: {'epoch': 84, 'loss': 0.0919, 'lr': 0.001, 'params': 1142403, 'time_iter': 1.9425, 'accuracy': 0.9825, 'precision': 0.6957, 'recall': 0.1975, 'f1': 0.3077, 'auc': 0.8101}
train: {'epoch': 84, 'eta': 187991.8473, 'loss': 0.0903, 'lr': 0.001, 'params': 1142403, 'time_iter': 12.2875, 'accuracy': 0.973, 'precision': 0.8086, 'recall': 0.3669, 'f1': 0.5047, 'auc': 0.9226}
val: {'epoch': 85, 'loss': 0.0916, 'lr': 0.001, 'params': 1142403, 'time_iter': 2.0065, 'accuracy': 0.9827, 'precision': 0.7083, 'recall': 0.2099, 'f1': 0.3238, 'auc': 0.8114}
train: {'epoch': 85, 'eta': 175442.8932, 'loss': 0.0897, 'lr': 0.001, 'params': 1142403, 'time_iter': 12.0831, 'accuracy': 0.9726, 'precision': 0.7774, 'recall': 0.3742, 'f1': 0.5052, 'auc': 0.924}
val: {'epoch': 86, 'loss': 0.0987, 'lr': 0.001, 'params': 1142403, 'time_iter': 2.1098, 'accuracy': 0.9832, 'precision': 1.0, 'recall': 0.1481, 'f1': 0.2581, 'auc': 0.7918}
train: {'epoch': 86, 'eta': 162913.8534, 'loss': 0.0888, 'lr': 0.001, 'params': 1142403, 'time_iter': 12.1953, 'accuracy': 0.9735, 'precision': 0.8044, 'recall': 0.3872, 'f1': 0.5227, 'auc': 0.9267}
val: {'epoch': 87, 'loss': 0.0987, 'lr': 0.001, 'params': 1142403, 'time_iter': 1.9304, 'accuracy': 0.982, 'precision': 0.6842, 'recall': 0.1605, 'f1': 0.26, 'auc': 0.7926}
train: {'epoch': 87, 'eta': 150348.5781, 'loss': 0.089, 'lr': 0.001, 'params': 1142403, 'time_iter': 11.9403, 'accuracy': 0.9729, 'precision': 0.7811, 'recall': 0.3823, 'f1': 0.5134, 'auc': 0.9244}
val: {'epoch': 88, 'loss': 0.0985, 'lr': 0.001, 'params': 1142403, 'time_iter': 1.886, 'accuracy': 0.9835, 'precision': 1.0, 'recall': 0.1605, 'f1': 0.2766, 'auc': 0.8022}
train: {'epoch': 88, 'eta': 137792.9555, 'loss': 0.09, 'lr': 0.001, 'params': 1142403, 'time_iter': 11.967, 'accuracy': 0.9728, 'precision': 0.7772, 'recall': 0.3823, 'f1': 0.5125, 'auc': 0.9192}
val: {'epoch': 89, 'loss': 0.1044, 'lr': 0.001, 'params': 1142403, 'time_iter': 2.0525, 'accuracy': 0.9825, 'precision': 0.9091, 'recall': 0.1235, 'f1': 0.2174, 'auc': 0.8164}
train: {'epoch': 89, 'eta': 125254.0146, 'loss': 0.0881, 'lr': 0.001, 'params': 1142403, 'time_iter': 12.0659, 'accuracy': 0.973, 'precision': 0.7932, 'recall': 0.3766, 'f1': 0.5107, 'auc': 0.9286}
val: {'epoch': 90, 'loss': 0.091, 'lr': 0.001, 'params': 1142403, 'time_iter': 2.4417, 'accuracy': 0.9835, 'precision': 0.8095, 'recall': 0.2099, 'f1': 0.3333, 'auc': 0.8096}
train: {'epoch': 90, 'eta': 112719.4051, 'loss': 0.0885, 'lr': 0.001, 'params': 1142403, 'time_iter': 12.0819, 'accuracy': 0.9727, 'precision': 0.7844, 'recall': 0.375, 'f1': 0.5074, 'auc': 0.9243}
val: {'epoch': 91, 'loss': 0.0979, 'lr': 0.001, 'params': 1142403, 'time_iter': 1.9118, 'accuracy': 0.984, 'precision': 0.8947, 'recall': 0.2099, 'f1': 0.34, 'auc': 0.8321}
train: {'epoch': 91, 'eta': 100159.6147, 'loss': 0.0876, 'lr': 0.001, 'params': 1142403, 'time_iter': 11.7756, 'accuracy': 0.9729, 'precision': 0.7754, 'recall': 0.3896, 'f1': 0.5186, 'auc': 0.9267}
val: {'epoch': 92, 'loss': 0.0953, 'lr': 0.001, 'params': 1142403, 'time_iter': 2.0159, 'accuracy': 0.9832, 'precision': 0.875, 'recall': 0.1728, 'f1': 0.2887, 'auc': 0.8209}
train: {'epoch': 92, 'eta': 87601.6331, 'loss': 0.0875, 'lr': 0.001, 'params': 1142403, 'time_iter': 11.6761, 'accuracy': 0.9733, 'precision': 0.7879, 'recall': 0.392, 'f1': 0.5236, 'auc': 0.9287}
val: {'epoch': 93, 'loss': 0.103, 'lr': 0.001, 'params': 1142403, 'time_iter': 2.6658, 'accuracy': 0.9827, 'precision': 0.8571, 'recall': 0.1481, 'f1': 0.2526, 'auc': 0.8069}
train: {'epoch': 93, 'eta': 75089.2302, 'loss': 0.0853, 'lr': 0.001, 'params': 1142403, 'time_iter': 12.194, 'accuracy': 0.974, 'precision': 0.8088, 'recall': 0.4018, 'f1': 0.5369, 'auc': 0.9314}
val: {'epoch': 94, 'loss': 0.0969, 'lr': 0.001, 'params': 1142403, 'time_iter': 2.0003, 'accuracy': 0.9818, 'precision': 0.625, 'recall': 0.1852, 'f1': 0.2857, 'auc': 0.7921}
train: {'epoch': 94, 'eta': 62560.9184, 'loss': 0.0866, 'lr': 0.001, 'params': 1142403, 'time_iter': 11.914, 'accuracy': 0.9737, 'precision': 0.8119, 'recall': 0.3888, 'f1': 0.5258, 'auc': 0.9312}
val: {'epoch': 95, 'loss': 0.0962, 'lr': 0.001, 'params': 1142403, 'time_iter': 1.9094, 'accuracy': 0.9825, 'precision': 0.7143, 'recall': 0.1852, 'f1': 0.2941, 'auc': 0.7936}
train: {'epoch': 95, 'eta': 50051.5856, 'loss': 0.0864, 'lr': 0.001, 'params': 1142403, 'time_iter': 12.226, 'accuracy': 0.9731, 'precision': 0.7764, 'recall': 0.3945, 'f1': 0.5231, 'auc': 0.9323}
val: {'epoch': 96, 'loss': 0.1052, 'lr': 0.001, 'params': 1142403, 'time_iter': 2.1942, 'accuracy': 0.9823, 'precision': 0.7222, 'recall': 0.1605, 'f1': 0.2626, 'auc': 0.8126}
train: {'epoch': 96, 'eta': 37537.5392, 'loss': 0.0853, 'lr': 0.001, 'params': 1142403, 'time_iter': 12.1241, 'accuracy': 0.9735, 'precision': 0.7919, 'recall': 0.3953, 'f1': 0.5273, 'auc': 0.9343}
val: {'epoch': 97, 'loss': 0.097, 'lr': 0.001, 'params': 1142403, 'time_iter': 1.872, 'accuracy': 0.9825, 'precision': 0.6957, 'recall': 0.1975, 'f1': 0.3077, 'auc': 0.8146}
train: {'epoch': 97, 'eta': 25027.1867, 'loss': 0.085, 'lr': 0.001, 'params': 1142403, 'time_iter': 12.2628, 'accuracy': 0.9736, 'precision': 0.7837, 'recall': 0.4058, 'f1': 0.5348, 'auc': 0.9325}
val: {'epoch': 98, 'loss': 0.1103, 'lr': 0.001, 'params': 1142403, 'time_iter': 1.9698, 'accuracy': 0.982, 'precision': 0.7333, 'recall': 0.1358, 'f1': 0.2292, 'auc': 0.8077}
train: {'epoch': 98, 'eta': 12513.485, 'loss': 0.0846, 'lr': 0.001, 'params': 1142403, 'time_iter': 12.1505, 'accuracy': 0.9736, 'precision': 0.791, 'recall': 0.3994, 'f1': 0.5307, 'auc': 0.9371}
val: {'epoch': 99, 'loss': 0.1035, 'lr': 0.001, 'params': 1142403, 'time_iter': 1.9977, 'accuracy': 0.981, 'precision': 0.5789, 'recall': 0.1358, 'f1': 0.22, 'auc': 0.7934}
train: {'epoch': 99, 'eta': 0.0, 'loss': 0.0848, 'lr': 0.001, 'params': 1142403, 'time_iter': 11.9231, 'accuracy': 0.9738, 'precision': 0.8066, 'recall': 0.3961, 'f1': 0.5313, 'auc': 0.9333}
test: {'epoch': 99, 'loss': 0.183, 'lr': 0.001, 'params': 1142403, 'time_iter': 1.7627, 'accuracy': 0.9679, 'precision': 0.4167, 'recall': 0.0385, 'f1': 0.0704, 'auc': 0.7405}
test: {'epoch': 48, 'loss': 0.1475, 'lr': 0.001, 'params': 1142403, 'time_iter': 1.7183, 'accuracy': 0.9677, 'precision': 0.4118, 'recall': 0.0538, 'f1': 0.0952, 'auc': 0.7685}
