GraphGymModule(
  (model): DilatedGNNModel(
    (encoder): FeatureEncoder(
      (node_encoder): AtomEncoder(
        (atom_embedding_list): ModuleList(
          (0): Embedding(119, 300)
          (1): Embedding(4, 300)
          (2): Embedding(12, 300)
          (3): Embedding(12, 300)
          (4): Embedding(10, 300)
          (5): Embedding(6, 300)
          (6): Embedding(6, 300)
          (7): Embedding(2, 300)
          (8): Embedding(2, 300)
        )
      )
      (edge_encoder): BondEncoder(
        (bond_embedding_list): ModuleList(
          (0): Embedding(5, 300)
          (1): Embedding(6, 300)
          (2): Embedding(2, 300)
        )
      )
    )
    (mp): GNNDilatedStage(
      (classic_layers): ModuleList(
        (0): GeneralLayer(
          (layer): EGINConv(
            (model): GINEConv(nn=Sequential(
              (0): Linear(300, 300, bias=True)
              (1): ReLU()
              (2): Linear(300, 300, bias=True)
            ))
          )
          (post_layer): Sequential(
            (0): BatchNorm1d(300, eps=1e-05, momentum=0.1, affine=True, track_running_stats=True)
            (1): Dropout(p=0.5, inplace=False)
            (2): ReLU()
          )
        )
        (1): GeneralLayer(
          (layer): EGINConv(
            (model): GINEConv(nn=Sequential(
              (0): Linear(300, 300, bias=True)
              (1): ReLU()
              (2): Linear(300, 300, bias=True)
            ))
          )
          (post_layer): Sequential(
            (0): BatchNorm1d(300, eps=1e-05, momentum=0.1, affine=True, track_running_stats=True)
            (1): Dropout(p=0.5, inplace=False)
            (2): ReLU()
          )
        )
        (2): GeneralLayer(
          (layer): EGINConv(
            (model): GINEConv(nn=Sequential(
              (0): Linear(300, 300, bias=True)
              (1): ReLU()
              (2): Linear(300, 300, bias=True)
            ))
          )
          (post_layer): Sequential(
            (0): BatchNorm1d(300, eps=1e-05, momentum=0.1, affine=True, track_running_stats=True)
            (1): Dropout(p=0.5, inplace=False)
            (2): ReLU()
          )
        )
      )
      (dilated_layers): ModuleList(
        (0): DilatedGeneralLayer(
          (layer): EGINConv(
            (model): GINEConv(nn=Sequential(
              (0): Linear(300, 300, bias=True)
              (1): ReLU()
              (2): Linear(300, 300, bias=True)
            ))
          )
          (post_layer): Sequential(
            (0): BatchNorm1d(300, eps=1e-05, momentum=0.1, affine=True, track_running_stats=True)
            (1): Dropout(p=0.5, inplace=False)
            (2): ReLU()
          )
          (gem): GeM(p=3.0000, eps=1e-06)
        )
        (1): DilatedGeneralLayer(
          (layer): EGINConv(
            (model): GINEConv(nn=Sequential(
              (0): Linear(300, 300, bias=True)
              (1): ReLU()
              (2): Linear(300, 300, bias=True)
            ))
          )
          (post_layer): Sequential(
            (0): BatchNorm1d(300, eps=1e-05, momentum=0.1, affine=True, track_running_stats=True)
            (1): Dropout(p=0.5, inplace=False)
            (2): ReLU()
          )
          (gem): GeM(p=3.0000, eps=1e-06)
        )
        (2): DilatedGeneralLayer(
          (layer): EGINConv(
            (model): GINEConv(nn=Sequential(
              (0): Linear(300, 300, bias=True)
              (1): ReLU()
              (2): Linear(300, 300, bias=True)
            ))
          )
          (post_layer): Sequential(
            (0): BatchNorm1d(300, eps=1e-05, momentum=0.1, affine=True, track_running_stats=True)
            (1): Dropout(p=0.5, inplace=False)
            (2): ReLU()
          )
          (gem): GeM(p=3.0000, eps=1e-06)
        )
      )
      (act): ReLU()
    )
    (post_mp): GNNGraphHead(
      (layer_post_mp): MLP(
        (model): Sequential(
          (0): Linear(
            (model): Linear(600, 1, bias=True)
          )
        )
      )
    )
  )
)
accelerator: cuda
benchmark: False
bn:
  eps: 1e-05
  mom: 0.1
cfg_dest: config.yaml
custom_metrics: []
dataset:
  cache_load: False
  cache_save: False
  dir: ./datasets
  edge_dim: 300
  edge_encoder: True
  edge_encoder_bn: False
  edge_encoder_name: Bond
  edge_message_ratio: 0.8
  edge_negative_sampling_ratio: 1.0
  edge_train_mode: all
  encoder: True
  encoder_bn: True
  encoder_dim: 128
  encoder_name: db
  fast_loader: False
  format: OGB
  label_column: none
  label_table: none
  location: local
  name: ogbg-molhiv
  node_encoder: True
  node_encoder_bn: False
  node_encoder_name: Atom
  remove_feature: False
  resample_disjoint: False
  resample_negative: False
  shuffle_split: True
  split: [0.8, 0.1, 0.1]
  split_mode: random
  task: graph
  task_type: classification
  to_undirected: False
  transductive: False
  transform: none
  tu_simple: True
devices: 1
gnn:
  act: relu
  act_on_last_layer_mp: False
  agg: none
  att_final_linear: False
  att_final_linear_bn: False
  att_heads: 1
  batchnorm: True
  clear_feature: True
  dilated_path_join: concat
  dim_inner: 300
  dropout: 0.5
  head: graph
  keep_edge: 0.5
  l2norm: True
  layer_type: eginconv
  layers_k1: 3
  layers_k2: 3
  layers_mp: 5
  layers_post_mp: 1
  layers_pre_mp: 0
  learn_alpha_residual_connection: True
  msg_direction: single
  normalize_adj: False
  self_msg: concat
  skip_every: 1
  stage_type: stack
  use_edge_features: True
gpu_mem: False
mem:
  inplace: False
metric_agg: argmax
metric_best: auc
model:
  edge_decoding: dot
  graph_pooling: mean
  loss_fun: cross_entropy
  match_upper: True
  size_average: mean
  thresh: 0.5
  type: dilated_gnn
num_threads: 6
num_workers: 16
optim:
  base_lr: 0.001
  lr_decay: 0.1
  max_epoch: 100
  momentum: 0.9
  optimizer: adam
  scheduler: none
  steps: [30, 60, 90]
  weight_decay: 0.0
out_dir: results_experiments/ogbg_molhiv_baseline_grid_design/ogbg_molhiv_baseline-type=dilated_gnn-layer_type=eginconv-layers_k1=3-layers_k2=3-dilated_path_join=concat-learn_alpha_residual_connection=True
params: 1685407
print: both
round: 4
run_dir: results_experiments/ogbg_molhiv_baseline_grid_design/ogbg_molhiv_baseline-type=dilated_gnn-layer_type=eginconv-layers_k1=3-layers_k2=3-dilated_path_join=concat-learn_alpha_residual_connection=True/8
seed: 9
share:
  dim_in: 9
  dim_out: 2
  num_splits: 3
tensorboard_agg: True
tensorboard_each_run: False
train:
  auto_resume: False
  batch_size: 32
  ckpt_clean: True
  ckpt_period: 100
  enable_ckpt: True
  epoch_resume: -1
  eval_period: 1
  iter_per_epoch: 32
  neighbor_sizes: [20, 15, 10, 5]
  node_per_graph: 32
  radius: extend
  sample_node: False
  sampler: full_batch
  skip_train_eval: False
  walk_length: 4
val:
  node_per_graph: 32
  radius: extend
  sample_node: False
  sampler: full_batch
view_emb: False
Num parameters: 1685407
val: {'epoch': 0, 'loss': 0.6855, 'lr': 0.001, 'params': 1685407, 'time_iter': 1.3407, 'accuracy': 0.9844, 'precision': 0.0, 'recall': 0.0, 'f1': 0.0, 'auc': 0.0794}
val: {'epoch': 0, 'loss': 0.0912, 'lr': 0.001, 'params': 1685407, 'time_iter': 5.3212, 'accuracy': 0.9803, 'precision': 0.0, 'recall': 0.0, 'f1': 0.0, 'auc': 0.6647}
train: {'epoch': 0, 'eta': 2526058.5487, 'loss': 0.1814, 'lr': 0.001, 'params': 1685407, 'time_iter': 24.7966, 'accuracy': 0.9626, 'precision': 0.0, 'recall': 0.0, 'f1': 0.0, 'auc': 0.5762}
val: {'epoch': 1, 'loss': 0.0923, 'lr': 0.001, 'params': 1685407, 'time_iter': 4.8384, 'accuracy': 0.9803, 'precision': 0.0, 'recall': 0.0, 'f1': 0.0, 'auc': 0.6672}
train: {'epoch': 1, 'eta': 2501035.8283, 'loss': 0.1507, 'lr': 0.001, 'params': 1685407, 'time_iter': 24.8064, 'accuracy': 0.9626, 'precision': 0.0, 'recall': 0.0, 'f1': 0.0, 'auc': 0.6348}
val: {'epoch': 2, 'loss': 0.0912, 'lr': 0.001, 'params': 1685407, 'time_iter': 4.2307, 'accuracy': 0.9803, 'precision': 0.0, 'recall': 0.0, 'f1': 0.0, 'auc': 0.6584}
train: {'epoch': 2, 'eta': 2505517.6441, 'loss': 0.1498, 'lr': 0.001, 'params': 1685407, 'time_iter': 25.7033, 'accuracy': 0.9626, 'precision': 0.0, 'recall': 0.0, 'f1': 0.0, 'auc': 0.6582}
val: {'epoch': 3, 'loss': 0.0931, 'lr': 0.001, 'params': 1685407, 'time_iter': 4.73, 'accuracy': 0.9803, 'precision': 0.0, 'recall': 0.0, 'f1': 0.0, 'auc': 0.683}
train: {'epoch': 3, 'eta': 2485533.7365, 'loss': 0.1493, 'lr': 0.001, 'params': 1685407, 'time_iter': 25.3388, 'accuracy': 0.9626, 'precision': 0.0, 'recall': 0.0, 'f1': 0.0, 'auc': 0.6635}
val: {'epoch': 4, 'loss': 0.0906, 'lr': 0.001, 'params': 1685407, 'time_iter': 4.9736, 'accuracy': 0.9803, 'precision': 0.0, 'recall': 0.0, 'f1': 0.0, 'auc': 0.6911}
train: {'epoch': 4, 'eta': 2466244.3306, 'loss': 0.1484, 'lr': 0.001, 'params': 1685407, 'time_iter': 25.499, 'accuracy': 0.9626, 'precision': 0.0, 'recall': 0.0, 'f1': 0.0, 'auc': 0.6795}
val: {'epoch': 5, 'loss': 0.0924, 'lr': 0.001, 'params': 1685407, 'time_iter': 4.6431, 'accuracy': 0.9803, 'precision': 0.0, 'recall': 0.0, 'f1': 0.0, 'auc': 0.6817}
train: {'epoch': 5, 'eta': 2450682.3289, 'loss': 0.1479, 'lr': 0.001, 'params': 1685407, 'time_iter': 25.8739, 'accuracy': 0.9626, 'precision': 0.75, 'recall': 0.0024, 'f1': 0.0049, 'auc': 0.6853}
val: {'epoch': 6, 'loss': 0.0923, 'lr': 0.001, 'params': 1685407, 'time_iter': 5.0231, 'accuracy': 0.981, 'precision': 1.0, 'recall': 0.037, 'f1': 0.0714, 'auc': 0.6727}
train: {'epoch': 6, 'eta': 2413226.2756, 'loss': 0.1469, 'lr': 0.001, 'params': 1685407, 'time_iter': 24.5036, 'accuracy': 0.9626, 'precision': 0.5, 'recall': 0.0008, 'f1': 0.0016, 'auc': 0.6936}
val: {'epoch': 7, 'loss': 0.094, 'lr': 0.001, 'params': 1685407, 'time_iter': 5.0063, 'accuracy': 0.9796, 'precision': 0.3636, 'recall': 0.0494, 'f1': 0.087, 'auc': 0.6766}
train: {'epoch': 7, 'eta': 2395802.427, 'loss': 0.1467, 'lr': 0.001, 'params': 1685407, 'time_iter': 25.9378, 'accuracy': 0.9627, 'precision': 0.8571, 'recall': 0.0049, 'f1': 0.0097, 'auc': 0.6952}
val: {'epoch': 8, 'loss': 0.0914, 'lr': 0.001, 'params': 1685407, 'time_iter': 4.9208, 'accuracy': 0.981, 'precision': 1.0, 'recall': 0.037, 'f1': 0.0714, 'auc': 0.6787}
train: {'epoch': 8, 'eta': 2376605.7452, 'loss': 0.1469, 'lr': 0.001, 'params': 1685407, 'time_iter': 25.9653, 'accuracy': 0.9626, 'precision': 0.6667, 'recall': 0.0032, 'f1': 0.0065, 'auc': 0.6931}
val: {'epoch': 9, 'loss': 0.0907, 'lr': 0.001, 'params': 1685407, 'time_iter': 5.5674, 'accuracy': 0.9813, 'precision': 1.0, 'recall': 0.0494, 'f1': 0.0941, 'auc': 0.6958}
train: {'epoch': 9, 'eta': 2362879.3072, 'loss': 0.1465, 'lr': 0.001, 'params': 1685407, 'time_iter': 26.7184, 'accuracy': 0.9627, 'precision': 0.7778, 'recall': 0.0057, 'f1': 0.0113, 'auc': 0.6969}
val: {'epoch': 10, 'loss': 0.0902, 'lr': 0.001, 'params': 1685407, 'time_iter': 4.6869, 'accuracy': 0.981, 'precision': 0.6364, 'recall': 0.0864, 'f1': 0.1522, 'auc': 0.6949}
train: {'epoch': 10, 'eta': 2336659.2484, 'loss': 0.1456, 'lr': 0.001, 'params': 1685407, 'time_iter': 25.5184, 'accuracy': 0.9629, 'precision': 0.8667, 'recall': 0.0106, 'f1': 0.0209, 'auc': 0.7032}
val: {'epoch': 11, 'loss': 0.0905, 'lr': 0.001, 'params': 1685407, 'time_iter': 5.1281, 'accuracy': 0.9805, 'precision': 0.5385, 'recall': 0.0864, 'f1': 0.1489, 'auc': 0.7008}
train: {'epoch': 11, 'eta': 2311095.3631, 'loss': 0.1455, 'lr': 0.001, 'params': 1685407, 'time_iter': 25.6062, 'accuracy': 0.9628, 'precision': 0.7, 'recall': 0.0114, 'f1': 0.0224, 'auc': 0.7055}
val: {'epoch': 12, 'loss': 0.09, 'lr': 0.001, 'params': 1685407, 'time_iter': 4.7642, 'accuracy': 0.9818, 'precision': 1.0, 'recall': 0.0741, 'f1': 0.1379, 'auc': 0.6954}
train: {'epoch': 12, 'eta': 2290528.0125, 'loss': 0.1447, 'lr': 0.001, 'params': 1685407, 'time_iter': 26.3493, 'accuracy': 0.9631, 'precision': 0.7647, 'recall': 0.0211, 'f1': 0.0411, 'auc': 0.7108}
val: {'epoch': 13, 'loss': 0.0911, 'lr': 0.001, 'params': 1685407, 'time_iter': 4.5059, 'accuracy': 0.9815, 'precision': 0.8571, 'recall': 0.0741, 'f1': 0.1364, 'auc': 0.7125}
train: {'epoch': 13, 'eta': 2266695.9189, 'loss': 0.1443, 'lr': 0.001, 'params': 1685407, 'time_iter': 25.9808, 'accuracy': 0.9631, 'precision': 0.8, 'recall': 0.0195, 'f1': 0.038, 'auc': 0.7113}
val: {'epoch': 14, 'loss': 0.0886, 'lr': 0.001, 'params': 1685407, 'time_iter': 4.9108, 'accuracy': 0.9818, 'precision': 0.875, 'recall': 0.0864, 'f1': 0.1573, 'auc': 0.698}
train: {'epoch': 14, 'eta': 2237028.7882, 'loss': 0.1435, 'lr': 0.001, 'params': 1685407, 'time_iter': 25.0464, 'accuracy': 0.9632, 'precision': 0.8, 'recall': 0.0227, 'f1': 0.0442, 'auc': 0.7201}
val: {'epoch': 15, 'loss': 0.0899, 'lr': 0.001, 'params': 1685407, 'time_iter': 5.2254, 'accuracy': 0.9815, 'precision': 0.7778, 'recall': 0.0864, 'f1': 0.1556, 'auc': 0.6914}
train: {'epoch': 15, 'eta': 2212905.8775, 'loss': 0.1428, 'lr': 0.001, 'params': 1685407, 'time_iter': 25.9826, 'accuracy': 0.9634, 'precision': 0.7647, 'recall': 0.0317, 'f1': 0.0608, 'auc': 0.7231}
val: {'epoch': 16, 'loss': 0.0887, 'lr': 0.001, 'params': 1685407, 'time_iter': 5.5849, 'accuracy': 0.9805, 'precision': 0.5714, 'recall': 0.0494, 'f1': 0.0909, 'auc': 0.7189}
train: {'epoch': 16, 'eta': 2184994.6421, 'loss': 0.1424, 'lr': 0.001, 'params': 1685407, 'time_iter': 25.2897, 'accuracy': 0.9633, 'precision': 0.7308, 'recall': 0.0308, 'f1': 0.0592, 'auc': 0.7252}
val: {'epoch': 17, 'loss': 0.0904, 'lr': 0.001, 'params': 1685407, 'time_iter': 4.5658, 'accuracy': 0.981, 'precision': 0.7143, 'recall': 0.0617, 'f1': 0.1136, 'auc': 0.7086}
train: {'epoch': 17, 'eta': 2162158.2018, 'loss': 0.1417, 'lr': 0.001, 'params': 1685407, 'time_iter': 26.3276, 'accuracy': 0.9634, 'precision': 0.7121, 'recall': 0.0381, 'f1': 0.0724, 'auc': 0.7269}
val: {'epoch': 18, 'loss': 0.0911, 'lr': 0.001, 'params': 1685407, 'time_iter': 5.155, 'accuracy': 0.981, 'precision': 0.6154, 'recall': 0.0988, 'f1': 0.1702, 'auc': 0.7021}
train: {'epoch': 18, 'eta': 2140272.4522, 'loss': 0.1417, 'lr': 0.001, 'params': 1685407, 'time_iter': 26.6464, 'accuracy': 0.9634, 'precision': 0.6892, 'recall': 0.0414, 'f1': 0.0781, 'auc': 0.7256}
val: {'epoch': 19, 'loss': 0.0875, 'lr': 0.001, 'params': 1685407, 'time_iter': 5.035, 'accuracy': 0.9803, 'precision': 0.5, 'recall': 0.0988, 'f1': 0.1649, 'auc': 0.7348}
train: {'epoch': 19, 'eta': 2115347.219, 'loss': 0.1407, 'lr': 0.001, 'params': 1685407, 'time_iter': 26.0424, 'accuracy': 0.9634, 'precision': 0.6522, 'recall': 0.0487, 'f1': 0.0906, 'auc': 0.7335}
val: {'epoch': 20, 'loss': 0.0884, 'lr': 0.001, 'params': 1685407, 'time_iter': 4.6865, 'accuracy': 0.9801, 'precision': 0.4545, 'recall': 0.0617, 'f1': 0.1087, 'auc': 0.7351}
train: {'epoch': 20, 'eta': 2090867.5359, 'loss': 0.1396, 'lr': 0.001, 'params': 1685407, 'time_iter': 26.2035, 'accuracy': 0.9635, 'precision': 0.7183, 'recall': 0.0414, 'f1': 0.0783, 'auc': 0.7407}
val: {'epoch': 21, 'loss': 0.0868, 'lr': 0.001, 'params': 1685407, 'time_iter': 4.6098, 'accuracy': 0.981, 'precision': 0.6154, 'recall': 0.0988, 'f1': 0.1702, 'auc': 0.736}
train: {'epoch': 21, 'eta': 2068673.9058, 'loss': 0.1389, 'lr': 0.001, 'params': 1685407, 'time_iter': 26.892, 'accuracy': 0.9636, 'precision': 0.7195, 'recall': 0.0479, 'f1': 0.0898, 'auc': 0.7465}
val: {'epoch': 22, 'loss': 0.0899, 'lr': 0.001, 'params': 1685407, 'time_iter': 5.3593, 'accuracy': 0.9808, 'precision': 0.5714, 'recall': 0.0988, 'f1': 0.1684, 'auc': 0.7269}
train: {'epoch': 22, 'eta': 2042893.4263, 'loss': 0.1392, 'lr': 0.001, 'params': 1685407, 'time_iter': 25.9891, 'accuracy': 0.9636, 'precision': 0.6932, 'recall': 0.0495, 'f1': 0.0924, 'auc': 0.7452}
val: {'epoch': 23, 'loss': 0.0904, 'lr': 0.001, 'params': 1685407, 'time_iter': 4.9791, 'accuracy': 0.981, 'precision': 0.6154, 'recall': 0.0988, 'f1': 0.1702, 'auc': 0.7481}
train: {'epoch': 23, 'eta': 2014965.0562, 'loss': 0.1373, 'lr': 0.001, 'params': 1685407, 'time_iter': 25.3546, 'accuracy': 0.9635, 'precision': 0.6739, 'recall': 0.0503, 'f1': 0.0937, 'auc': 0.7561}
val: {'epoch': 24, 'loss': 0.086, 'lr': 0.001, 'params': 1685407, 'time_iter': 5.3101, 'accuracy': 0.9813, 'precision': 0.6667, 'recall': 0.0988, 'f1': 0.172, 'auc': 0.7716}
train: {'epoch': 24, 'eta': 1990943.426, 'loss': 0.1359, 'lr': 0.001, 'params': 1685407, 'time_iter': 26.5725, 'accuracy': 0.9637, 'precision': 0.6857, 'recall': 0.0584, 'f1': 0.1077, 'auc': 0.7611}
val: {'epoch': 25, 'loss': 0.088, 'lr': 0.001, 'params': 1685407, 'time_iter': 4.6393, 'accuracy': 0.9818, 'precision': 0.8, 'recall': 0.0988, 'f1': 0.1758, 'auc': 0.7652}
train: {'epoch': 25, 'eta': 1964527.6129, 'loss': 0.1346, 'lr': 0.001, 'params': 1685407, 'time_iter': 25.8422, 'accuracy': 0.9637, 'precision': 0.6667, 'recall': 0.0633, 'f1': 0.1156, 'auc': 0.7697}
val: {'epoch': 26, 'loss': 0.0882, 'lr': 0.001, 'params': 1685407, 'time_iter': 4.8784, 'accuracy': 0.9815, 'precision': 0.7778, 'recall': 0.0864, 'f1': 0.1556, 'auc': 0.7786}
train: {'epoch': 26, 'eta': 1937538.4765, 'loss': 0.134, 'lr': 0.001, 'params': 1685407, 'time_iter': 25.6408, 'accuracy': 0.964, 'precision': 0.6942, 'recall': 0.0682, 'f1': 0.1242, 'auc': 0.7709}
val: {'epoch': 27, 'loss': 0.0868, 'lr': 0.001, 'params': 1685407, 'time_iter': 5.5194, 'accuracy': 0.9815, 'precision': 0.7778, 'recall': 0.0864, 'f1': 0.1556, 'auc': 0.783}
train: {'epoch': 27, 'eta': 1908580.3309, 'loss': 0.1335, 'lr': 0.001, 'params': 1685407, 'time_iter': 24.8803, 'accuracy': 0.9642, 'precision': 0.7311, 'recall': 0.0706, 'f1': 0.1288, 'auc': 0.7738}
val: {'epoch': 28, 'loss': 0.088, 'lr': 0.001, 'params': 1685407, 'time_iter': 4.6954, 'accuracy': 0.982, 'precision': 0.8182, 'recall': 0.1111, 'f1': 0.1957, 'auc': 0.7774}
train: {'epoch': 28, 'eta': 1882088.4928, 'loss': 0.132, 'lr': 0.001, 'params': 1685407, 'time_iter': 25.7674, 'accuracy': 0.964, 'precision': 0.6917, 'recall': 0.0674, 'f1': 0.1228, 'auc': 0.7812}
val: {'epoch': 29, 'loss': 0.0875, 'lr': 0.001, 'params': 1685407, 'time_iter': 4.8947, 'accuracy': 0.9818, 'precision': 0.8, 'recall': 0.0988, 'f1': 0.1758, 'auc': 0.7547}
train: {'epoch': 29, 'eta': 1853990.3079, 'loss': 0.1321, 'lr': 0.001, 'params': 1685407, 'time_iter': 25.099, 'accuracy': 0.9643, 'precision': 0.6966, 'recall': 0.082, 'f1': 0.1467, 'auc': 0.7798}
val: {'epoch': 30, 'loss': 0.0861, 'lr': 0.001, 'params': 1685407, 'time_iter': 4.7881, 'accuracy': 0.9808, 'precision': 0.5625, 'recall': 0.1111, 'f1': 0.1856, 'auc': 0.7736}
train: {'epoch': 30, 'eta': 1827106.3665, 'loss': 0.1317, 'lr': 0.001, 'params': 1685407, 'time_iter': 25.5652, 'accuracy': 0.9645, 'precision': 0.7581, 'recall': 0.0763, 'f1': 0.1386, 'auc': 0.7791}
val: {'epoch': 31, 'loss': 0.0865, 'lr': 0.001, 'params': 1685407, 'time_iter': 4.7726, 'accuracy': 0.9805, 'precision': 0.5294, 'recall': 0.1111, 'f1': 0.1837, 'auc': 0.7787}
train: {'epoch': 31, 'eta': 1802140.81, 'loss': 0.1311, 'lr': 0.001, 'params': 1685407, 'time_iter': 26.426, 'accuracy': 0.9641, 'precision': 0.6912, 'recall': 0.0763, 'f1': 0.1374, 'auc': 0.783}
val: {'epoch': 32, 'loss': 0.0878, 'lr': 0.001, 'params': 1685407, 'time_iter': 4.7047, 'accuracy': 0.9813, 'precision': 0.6429, 'recall': 0.1111, 'f1': 0.1895, 'auc': 0.7861}
train: {'epoch': 32, 'eta': 1774706.884, 'loss': 0.1299, 'lr': 0.001, 'params': 1685407, 'time_iter': 25.3091, 'accuracy': 0.9647, 'precision': 0.7197, 'recall': 0.0917, 'f1': 0.1627, 'auc': 0.7874}
val: {'epoch': 33, 'loss': 0.0832, 'lr': 0.001, 'params': 1685407, 'time_iter': 4.7162, 'accuracy': 0.9801, 'precision': 0.4706, 'recall': 0.0988, 'f1': 0.1633, 'auc': 0.7836}
train: {'epoch': 33, 'eta': 1749451.9211, 'loss': 0.13, 'lr': 0.001, 'params': 1685407, 'time_iter': 26.359, 'accuracy': 0.9645, 'precision': 0.7006, 'recall': 0.0893, 'f1': 0.1584, 'auc': 0.7898}
val: {'epoch': 34, 'loss': 0.0848, 'lr': 0.001, 'params': 1685407, 'time_iter': 4.7661, 'accuracy': 0.9818, 'precision': 0.875, 'recall': 0.0864, 'f1': 0.1573, 'auc': 0.7786}
train: {'epoch': 34, 'eta': 1723162.9913, 'loss': 0.1284, 'lr': 0.001, 'params': 1685407, 'time_iter': 25.8738, 'accuracy': 0.9642, 'precision': 0.6667, 'recall': 0.086, 'f1': 0.1524, 'auc': 0.7969}
val: {'epoch': 35, 'loss': 0.0888, 'lr': 0.001, 'params': 1685407, 'time_iter': 4.7555, 'accuracy': 0.9808, 'precision': 0.6667, 'recall': 0.0494, 'f1': 0.092, 'auc': 0.769}
train: {'epoch': 35, 'eta': 1696483.5753, 'loss': 0.1286, 'lr': 0.001, 'params': 1685407, 'time_iter': 25.6706, 'accuracy': 0.9643, 'precision': 0.6707, 'recall': 0.0893, 'f1': 0.1576, 'auc': 0.7926}
val: {'epoch': 36, 'loss': 0.0895, 'lr': 0.001, 'params': 1685407, 'time_iter': 4.6932, 'accuracy': 0.9808, 'precision': 0.75, 'recall': 0.037, 'f1': 0.0706, 'auc': 0.7828}
train: {'epoch': 36, 'eta': 1669410.5961, 'loss': 0.1276, 'lr': 0.001, 'params': 1685407, 'time_iter': 25.4378, 'accuracy': 0.9647, 'precision': 0.7083, 'recall': 0.0966, 'f1': 0.17, 'auc': 0.7979}
val: {'epoch': 37, 'loss': 0.0859, 'lr': 0.001, 'params': 1685407, 'time_iter': 5.0228, 'accuracy': 0.981, 'precision': 0.6, 'recall': 0.1111, 'f1': 0.1875, 'auc': 0.7893}
train: {'epoch': 37, 'eta': 1642378.5638, 'loss': 0.1271, 'lr': 0.001, 'params': 1685407, 'time_iter': 25.434, 'accuracy': 0.965, 'precision': 0.7005, 'recall': 0.112, 'f1': 0.1931, 'auc': 0.7997}
val: {'epoch': 38, 'loss': 0.0869, 'lr': 0.001, 'params': 1685407, 'time_iter': 4.572, 'accuracy': 0.9818, 'precision': 0.7143, 'recall': 0.1235, 'f1': 0.2105, 'auc': 0.7909}
train: {'epoch': 38, 'eta': 1614265.7902, 'loss': 0.1268, 'lr': 0.001, 'params': 1685407, 'time_iter': 24.7351, 'accuracy': 0.9652, 'precision': 0.7263, 'recall': 0.112, 'f1': 0.1941, 'auc': 0.7949}
val: {'epoch': 39, 'loss': 0.0846, 'lr': 0.001, 'params': 1685407, 'time_iter': 4.7601, 'accuracy': 0.9815, 'precision': 0.6667, 'recall': 0.1235, 'f1': 0.2083, 'auc': 0.7921}
train: {'epoch': 39, 'eta': 1587192.1656, 'loss': 0.1273, 'lr': 0.001, 'params': 1685407, 'time_iter': 25.3222, 'accuracy': 0.9651, 'precision': 0.7165, 'recall': 0.1128, 'f1': 0.195, 'auc': 0.7934}
val: {'epoch': 40, 'loss': 0.0896, 'lr': 0.001, 'params': 1685407, 'time_iter': 4.6616, 'accuracy': 0.9805, 'precision': 0.5333, 'recall': 0.0988, 'f1': 0.1667, 'auc': 0.7892}
train: {'epoch': 40, 'eta': 1560336.9792, 'loss': 0.1257, 'lr': 0.001, 'params': 1685407, 'time_iter': 25.4362, 'accuracy': 0.965, 'precision': 0.6916, 'recall': 0.1201, 'f1': 0.2047, 'auc': 0.8033}
val: {'epoch': 41, 'loss': 0.0896, 'lr': 0.001, 'params': 1685407, 'time_iter': 4.7185, 'accuracy': 0.9813, 'precision': 0.6429, 'recall': 0.1111, 'f1': 0.1895, 'auc': 0.781}
train: {'epoch': 41, 'eta': 1533577.116, 'loss': 0.1257, 'lr': 0.001, 'params': 1685407, 'time_iter': 25.4805, 'accuracy': 0.9653, 'precision': 0.6923, 'recall': 0.1315, 'f1': 0.221, 'auc': 0.7997}
val: {'epoch': 42, 'loss': 0.0879, 'lr': 0.001, 'params': 1685407, 'time_iter': 4.7619, 'accuracy': 0.9813, 'precision': 0.7, 'recall': 0.0864, 'f1': 0.1538, 'auc': 0.7898}
train: {'epoch': 42, 'eta': 1507639.5549, 'loss': 0.1262, 'lr': 0.001, 'params': 1685407, 'time_iter': 26.0649, 'accuracy': 0.9651, 'precision': 0.6963, 'recall': 0.1209, 'f1': 0.2061, 'auc': 0.7988}
val: {'epoch': 43, 'loss': 0.0868, 'lr': 0.001, 'params': 1685407, 'time_iter': 5.3907, 'accuracy': 0.9813, 'precision': 0.8333, 'recall': 0.0617, 'f1': 0.1149, 'auc': 0.787}
train: {'epoch': 43, 'eta': 1481683.8201, 'loss': 0.125, 'lr': 0.001, 'params': 1685407, 'time_iter': 26.0817, 'accuracy': 0.9657, 'precision': 0.7476, 'recall': 0.125, 'f1': 0.2142, 'auc': 0.8039}
val: {'epoch': 44, 'loss': 0.0908, 'lr': 0.001, 'params': 1685407, 'time_iter': 4.4607, 'accuracy': 0.9808, 'precision': 0.5625, 'recall': 0.1111, 'f1': 0.1856, 'auc': 0.7891}
train: {'epoch': 44, 'eta': 1454042.4894, 'loss': 0.1251, 'lr': 0.001, 'params': 1685407, 'time_iter': 24.7726, 'accuracy': 0.9649, 'precision': 0.6726, 'recall': 0.1218, 'f1': 0.2062, 'auc': 0.806}
val: {'epoch': 45, 'loss': 0.0862, 'lr': 0.001, 'params': 1685407, 'time_iter': 5.3193, 'accuracy': 0.9793, 'precision': 0.4231, 'recall': 0.1358, 'f1': 0.2056, 'auc': 0.7779}
train: {'epoch': 45, 'eta': 1427791.2359, 'loss': 0.1251, 'lr': 0.001, 'params': 1685407, 'time_iter': 25.8459, 'accuracy': 0.9654, 'precision': 0.7156, 'recall': 0.1266, 'f1': 0.2152, 'auc': 0.8044}
val: {'epoch': 46, 'loss': 0.0891, 'lr': 0.001, 'params': 1685407, 'time_iter': 5.0107, 'accuracy': 0.9818, 'precision': 1.0, 'recall': 0.0741, 'f1': 0.1379, 'auc': 0.7876}
train: {'epoch': 46, 'eta': 1401564.2726, 'loss': 0.1243, 'lr': 0.001, 'params': 1685407, 'time_iter': 25.8795, 'accuracy': 0.965, 'precision': 0.6783, 'recall': 0.1266, 'f1': 0.2134, 'auc': 0.8088}
val: {'epoch': 47, 'loss': 0.0807, 'lr': 0.001, 'params': 1685407, 'time_iter': 4.901, 'accuracy': 0.9808, 'precision': 0.5833, 'recall': 0.0864, 'f1': 0.1505, 'auc': 0.7917}
train: {'epoch': 47, 'eta': 1375455.8748, 'loss': 0.1236, 'lr': 0.001, 'params': 1685407, 'time_iter': 26.0009, 'accuracy': 0.9654, 'precision': 0.6971, 'recall': 0.1364, 'f1': 0.2281, 'auc': 0.8117}
val: {'epoch': 48, 'loss': 0.0864, 'lr': 0.001, 'params': 1685407, 'time_iter': 4.7538, 'accuracy': 0.9815, 'precision': 0.6923, 'recall': 0.1111, 'f1': 0.1915, 'auc': 0.7855}
train: {'epoch': 48, 'eta': 1349125.4328, 'loss': 0.123, 'lr': 0.001, 'params': 1685407, 'time_iter': 25.8182, 'accuracy': 0.9661, 'precision': 0.7479, 'recall': 0.1445, 'f1': 0.2422, 'auc': 0.8142}
val: {'epoch': 49, 'loss': 0.0885, 'lr': 0.001, 'params': 1685407, 'time_iter': 4.7105, 'accuracy': 0.9813, 'precision': 0.7, 'recall': 0.0864, 'f1': 0.1538, 'auc': 0.7901}
train: {'epoch': 49, 'eta': 1322286.5048, 'loss': 0.124, 'lr': 0.001, 'params': 1685407, 'time_iter': 25.3333, 'accuracy': 0.9656, 'precision': 0.7324, 'recall': 0.1266, 'f1': 0.2159, 'auc': 0.8105}
val: {'epoch': 50, 'loss': 0.0865, 'lr': 0.001, 'params': 1685407, 'time_iter': 4.7297, 'accuracy': 0.981, 'precision': 0.6667, 'recall': 0.0741, 'f1': 0.1333, 'auc': 0.7819}
train: {'epoch': 50, 'eta': 1295571.4412, 'loss': 0.122, 'lr': 0.001, 'params': 1685407, 'time_iter': 25.428, 'accuracy': 0.966, 'precision': 0.7074, 'recall': 0.155, 'f1': 0.2543, 'auc': 0.8143}
val: {'epoch': 51, 'loss': 0.0896, 'lr': 0.001, 'params': 1685407, 'time_iter': 4.6212, 'accuracy': 0.9813, 'precision': 0.75, 'recall': 0.0741, 'f1': 0.1348, 'auc': 0.7973}
train: {'epoch': 51, 'eta': 1269003.7016, 'loss': 0.1221, 'lr': 0.001, 'params': 1685407, 'time_iter': 25.5608, 'accuracy': 0.9652, 'precision': 0.6606, 'recall': 0.1469, 'f1': 0.2404, 'auc': 0.8137}
val: {'epoch': 52, 'loss': 0.0895, 'lr': 0.001, 'params': 1685407, 'time_iter': 4.7114, 'accuracy': 0.9801, 'precision': 0.4286, 'recall': 0.037, 'f1': 0.0682, 'auc': 0.7949}
train: {'epoch': 52, 'eta': 1242709.7592, 'loss': 0.1214, 'lr': 0.001, 'params': 1685407, 'time_iter': 25.8499, 'accuracy': 0.9658, 'precision': 0.7054, 'recall': 0.1477, 'f1': 0.2443, 'auc': 0.818}
val: {'epoch': 53, 'loss': 0.0854, 'lr': 0.001, 'params': 1685407, 'time_iter': 4.8467, 'accuracy': 0.9808, 'precision': 0.5833, 'recall': 0.0864, 'f1': 0.1505, 'auc': 0.7844}
train: {'epoch': 53, 'eta': 1216423.4501, 'loss': 0.1219, 'lr': 0.001, 'params': 1685407, 'time_iter': 25.8715, 'accuracy': 0.966, 'precision': 0.7138, 'recall': 0.1558, 'f1': 0.2558, 'auc': 0.8172}
val: {'epoch': 54, 'loss': 0.0842, 'lr': 0.001, 'params': 1685407, 'time_iter': 4.5675, 'accuracy': 0.982, 'precision': 0.8182, 'recall': 0.1111, 'f1': 0.1957, 'auc': 0.8188}
train: {'epoch': 54, 'eta': 1190293.8893, 'loss': 0.1217, 'lr': 0.001, 'params': 1685407, 'time_iter': 26.0722, 'accuracy': 0.966, 'precision': 0.71, 'recall': 0.155, 'f1': 0.2545, 'auc': 0.8097}
val: {'epoch': 55, 'loss': 0.0828, 'lr': 0.001, 'params': 1685407, 'time_iter': 4.3458, 'accuracy': 0.9805, 'precision': 0.5263, 'recall': 0.1235, 'f1': 0.2, 'auc': 0.8075}
train: {'epoch': 55, 'eta': 1163663.0069, 'loss': 0.1218, 'lr': 0.001, 'params': 1685407, 'time_iter': 25.483, 'accuracy': 0.9656, 'precision': 0.6787, 'recall': 0.1526, 'f1': 0.2492, 'auc': 0.8149}
val: {'epoch': 56, 'loss': 0.0849, 'lr': 0.001, 'params': 1685407, 'time_iter': 4.4048, 'accuracy': 0.9808, 'precision': 0.5714, 'recall': 0.0988, 'f1': 0.1684, 'auc': 0.7907}
train: {'epoch': 56, 'eta': 1136668.6767, 'loss': 0.1204, 'lr': 0.001, 'params': 1685407, 'time_iter': 24.9963, 'accuracy': 0.9666, 'precision': 0.7245, 'recall': 0.1729, 'f1': 0.2792, 'auc': 0.8192}
val: {'epoch': 57, 'loss': 0.0859, 'lr': 0.001, 'params': 1685407, 'time_iter': 4.891, 'accuracy': 0.981, 'precision': 0.6667, 'recall': 0.0741, 'f1': 0.1333, 'auc': 0.8027}
train: {'epoch': 57, 'eta': 1110479.7765, 'loss': 0.1204, 'lr': 0.001, 'params': 1685407, 'time_iter': 26.0183, 'accuracy': 0.9662, 'precision': 0.701, 'recall': 0.1713, 'f1': 0.2753, 'auc': 0.8203}
val: {'epoch': 58, 'loss': 0.0834, 'lr': 0.001, 'params': 1685407, 'time_iter': 5.1535, 'accuracy': 0.981, 'precision': 0.5882, 'recall': 0.1235, 'f1': 0.2041, 'auc': 0.7831}
train: {'epoch': 58, 'eta': 1083200.8502, 'loss': 0.1203, 'lr': 0.001, 'params': 1685407, 'time_iter': 24.5216, 'accuracy': 0.9664, 'precision': 0.7153, 'recall': 0.1713, 'f1': 0.2764, 'auc': 0.8145}
val: {'epoch': 59, 'loss': 0.0889, 'lr': 0.001, 'params': 1685407, 'time_iter': 4.6731, 'accuracy': 0.9813, 'precision': 0.6667, 'recall': 0.0988, 'f1': 0.172, 'auc': 0.7967}
train: {'epoch': 59, 'eta': 1056340.1334, 'loss': 0.1185, 'lr': 0.001, 'params': 1685407, 'time_iter': 25.0318, 'accuracy': 0.967, 'precision': 0.7441, 'recall': 0.1794, 'f1': 0.2891, 'auc': 0.8238}
val: {'epoch': 60, 'loss': 0.0866, 'lr': 0.001, 'params': 1685407, 'time_iter': 4.6849, 'accuracy': 0.9813, 'precision': 0.6429, 'recall': 0.1111, 'f1': 0.1895, 'auc': 0.797}
train: {'epoch': 60, 'eta': 1030554.5226, 'loss': 0.1191, 'lr': 0.001, 'params': 1685407, 'time_iter': 26.6111, 'accuracy': 0.9659, 'precision': 0.6751, 'recall': 0.1737, 'f1': 0.2763, 'auc': 0.8275}
val: {'epoch': 61, 'loss': 0.0856, 'lr': 0.001, 'params': 1685407, 'time_iter': 4.7705, 'accuracy': 0.9813, 'precision': 0.6, 'recall': 0.1481, 'f1': 0.2376, 'auc': 0.8039}
train: {'epoch': 61, 'eta': 1003749.8641, 'loss': 0.1188, 'lr': 0.001, 'params': 1685407, 'time_iter': 25.0769, 'accuracy': 0.966, 'precision': 0.6863, 'recall': 0.1705, 'f1': 0.2731, 'auc': 0.8237}
val: {'epoch': 62, 'loss': 0.0872, 'lr': 0.001, 'params': 1685407, 'time_iter': 4.9228, 'accuracy': 0.9815, 'precision': 0.7778, 'recall': 0.0864, 'f1': 0.1556, 'auc': 0.8129}
train: {'epoch': 62, 'eta': 977246.2671, 'loss': 0.1184, 'lr': 0.001, 'params': 1685407, 'time_iter': 25.5226, 'accuracy': 0.9666, 'precision': 0.7161, 'recall': 0.1802, 'f1': 0.2879, 'auc': 0.8283}
val: {'epoch': 63, 'loss': 0.0945, 'lr': 0.001, 'params': 1685407, 'time_iter': 4.7358, 'accuracy': 0.9813, 'precision': 0.75, 'recall': 0.0741, 'f1': 0.1348, 'auc': 0.8033}
train: {'epoch': 63, 'eta': 950902.833, 'loss': 0.1182, 'lr': 0.001, 'params': 1685407, 'time_iter': 25.7863, 'accuracy': 0.9665, 'precision': 0.7053, 'recall': 0.1826, 'f1': 0.2901, 'auc': 0.8246}
val: {'epoch': 64, 'loss': 0.087, 'lr': 0.001, 'params': 1685407, 'time_iter': 4.6845, 'accuracy': 0.9815, 'precision': 0.7778, 'recall': 0.0864, 'f1': 0.1556, 'auc': 0.7881}
train: {'epoch': 64, 'eta': 925195.341, 'loss': 0.1189, 'lr': 0.001, 'params': 1685407, 'time_iter': 26.9446, 'accuracy': 0.9666, 'precision': 0.7098, 'recall': 0.1826, 'f1': 0.2905, 'auc': 0.825}
val: {'epoch': 65, 'loss': 0.0881, 'lr': 0.001, 'params': 1685407, 'time_iter': 4.7746, 'accuracy': 0.9815, 'precision': 0.7273, 'recall': 0.0988, 'f1': 0.1739, 'auc': 0.799}
train: {'epoch': 65, 'eta': 899076.85, 'loss': 0.1177, 'lr': 0.001, 'params': 1685407, 'time_iter': 26.2847, 'accuracy': 0.9667, 'precision': 0.7064, 'recall': 0.1875, 'f1': 0.2963, 'auc': 0.8232}
val: {'epoch': 66, 'loss': 0.0957, 'lr': 0.001, 'params': 1685407, 'time_iter': 4.9023, 'accuracy': 0.9808, 'precision': 0.75, 'recall': 0.037, 'f1': 0.0706, 'auc': 0.8154}
train: {'epoch': 66, 'eta': 872675.1029, 'loss': 0.1168, 'lr': 0.001, 'params': 1685407, 'time_iter': 25.7804, 'accuracy': 0.9668, 'precision': 0.7267, 'recall': 0.1834, 'f1': 0.2929, 'auc': 0.8311}
val: {'epoch': 67, 'loss': 0.0909, 'lr': 0.001, 'params': 1685407, 'time_iter': 4.5615, 'accuracy': 0.981, 'precision': 0.6364, 'recall': 0.0864, 'f1': 0.1522, 'auc': 0.7999}
train: {'epoch': 67, 'eta': 845709.6968, 'loss': 0.1173, 'lr': 0.001, 'params': 1685407, 'time_iter': 24.6241, 'accuracy': 0.9667, 'precision': 0.7009, 'recall': 0.194, 'f1': 0.3039, 'auc': 0.8249}
val: {'epoch': 68, 'loss': 0.0911, 'lr': 0.001, 'params': 1685407, 'time_iter': 4.6408, 'accuracy': 0.981, 'precision': 0.7143, 'recall': 0.0617, 'f1': 0.1136, 'auc': 0.7849}
train: {'epoch': 68, 'eta': 819017.2662, 'loss': 0.1159, 'lr': 0.001, 'params': 1685407, 'time_iter': 25.1125, 'accuracy': 0.9669, 'precision': 0.7147, 'recall': 0.1932, 'f1': 0.3042, 'auc': 0.8297}
val: {'epoch': 69, 'loss': 0.088, 'lr': 0.001, 'params': 1685407, 'time_iter': 4.9956, 'accuracy': 0.9796, 'precision': 0.4286, 'recall': 0.1111, 'f1': 0.1765, 'auc': 0.805}
train: {'epoch': 69, 'eta': 792469.358, 'loss': 0.1162, 'lr': 0.001, 'params': 1685407, 'time_iter': 25.3851, 'accuracy': 0.9675, 'precision': 0.7225, 'recall': 0.2135, 'f1': 0.3296, 'auc': 0.8281}
val: {'epoch': 70, 'loss': 0.094, 'lr': 0.001, 'params': 1685407, 'time_iter': 5.1314, 'accuracy': 0.9815, 'precision': 0.7778, 'recall': 0.0864, 'f1': 0.1556, 'auc': 0.8106}
train: {'epoch': 70, 'eta': 766348.8437, 'loss': 0.1157, 'lr': 0.001, 'params': 1685407, 'time_iter': 26.3734, 'accuracy': 0.9673, 'precision': 0.7321, 'recall': 0.1997, 'f1': 0.3138, 'auc': 0.8325}
val: {'epoch': 71, 'loss': 0.0896, 'lr': 0.001, 'params': 1685407, 'time_iter': 5.097, 'accuracy': 0.981, 'precision': 0.8, 'recall': 0.0494, 'f1': 0.093, 'auc': 0.7996}
train: {'epoch': 71, 'eta': 739537.4561, 'loss': 0.1163, 'lr': 0.001, 'params': 1685407, 'time_iter': 24.7176, 'accuracy': 0.9674, 'precision': 0.7166, 'recall': 0.2135, 'f1': 0.329, 'auc': 0.8326}
val: {'epoch': 72, 'loss': 0.0888, 'lr': 0.001, 'params': 1685407, 'time_iter': 4.9983, 'accuracy': 0.9808, 'precision': 0.6, 'recall': 0.0741, 'f1': 0.1319, 'auc': 0.8277}
train: {'epoch': 72, 'eta': 713045.1069, 'loss': 0.1148, 'lr': 0.001, 'params': 1685407, 'time_iter': 25.4567, 'accuracy': 0.9667, 'precision': 0.6896, 'recall': 0.2037, 'f1': 0.3145, 'auc': 0.839}
val: {'epoch': 73, 'loss': 0.0809, 'lr': 0.001, 'params': 1685407, 'time_iter': 4.406, 'accuracy': 0.982, 'precision': 0.6842, 'recall': 0.1605, 'f1': 0.26, 'auc': 0.8036}
train: {'epoch': 73, 'eta': 686656.9945, 'loss': 0.1153, 'lr': 0.001, 'params': 1685407, 'time_iter': 25.7228, 'accuracy': 0.9669, 'precision': 0.697, 'recall': 0.2054, 'f1': 0.3172, 'auc': 0.8327}
val: {'epoch': 74, 'loss': 0.0927, 'lr': 0.001, 'params': 1685407, 'time_iter': 4.8201, 'accuracy': 0.9813, 'precision': 0.75, 'recall': 0.0741, 'f1': 0.1348, 'auc': 0.7965}
train: {'epoch': 74, 'eta': 660068.5136, 'loss': 0.1149, 'lr': 0.001, 'params': 1685407, 'time_iter': 25.1449, 'accuracy': 0.9674, 'precision': 0.709, 'recall': 0.2175, 'f1': 0.3329, 'auc': 0.8346}
val: {'epoch': 75, 'loss': 0.0816, 'lr': 0.001, 'params': 1685407, 'time_iter': 4.5629, 'accuracy': 0.9818, 'precision': 0.6875, 'recall': 0.1358, 'f1': 0.2268, 'auc': 0.8161}
train: {'epoch': 75, 'eta': 633684.8214, 'loss': 0.1142, 'lr': 0.001, 'params': 1685407, 'time_iter': 25.7173, 'accuracy': 0.9674, 'precision': 0.7098, 'recall': 0.2183, 'f1': 0.334, 'auc': 0.839}
val: {'epoch': 76, 'loss': 0.0906, 'lr': 0.001, 'params': 1685407, 'time_iter': 5.3883, 'accuracy': 0.981, 'precision': 0.7143, 'recall': 0.0617, 'f1': 0.1136, 'auc': 0.802}
train: {'epoch': 76, 'eta': 607485.1051, 'loss': 0.1143, 'lr': 0.001, 'params': 1685407, 'time_iter': 26.3225, 'accuracy': 0.9674, 'precision': 0.7293, 'recall': 0.2078, 'f1': 0.3234, 'auc': 0.8396}
val: {'epoch': 77, 'loss': 0.0942, 'lr': 0.001, 'params': 1685407, 'time_iter': 4.792, 'accuracy': 0.981, 'precision': 1.0, 'recall': 0.037, 'f1': 0.0714, 'auc': 0.8016}
train: {'epoch': 77, 'eta': 580997.1374, 'loss': 0.1139, 'lr': 0.001, 'params': 1685407, 'time_iter': 25.4076, 'accuracy': 0.9676, 'precision': 0.7169, 'recall': 0.224, 'f1': 0.3414, 'auc': 0.8372}
val: {'epoch': 78, 'loss': 0.0874, 'lr': 0.001, 'params': 1685407, 'time_iter': 4.5817, 'accuracy': 0.982, 'precision': 0.7333, 'recall': 0.1358, 'f1': 0.2292, 'auc': 0.7964}
train: {'epoch': 78, 'eta': 554489.6002, 'loss': 0.1138, 'lr': 0.001, 'params': 1685407, 'time_iter': 25.3043, 'accuracy': 0.9678, 'precision': 0.7132, 'recall': 0.2321, 'f1': 0.3503, 'auc': 0.8391}
val: {'epoch': 79, 'loss': 0.0906, 'lr': 0.001, 'params': 1685407, 'time_iter': 5.1205, 'accuracy': 0.9803, 'precision': 0.5, 'recall': 0.0988, 'f1': 0.1649, 'auc': 0.7996}
train: {'epoch': 79, 'eta': 528118.4673, 'loss': 0.113, 'lr': 0.001, 'params': 1685407, 'time_iter': 25.7889, 'accuracy': 0.9678, 'precision': 0.7339, 'recall': 0.2216, 'f1': 0.3404, 'auc': 0.841}
val: {'epoch': 80, 'loss': 0.0874, 'lr': 0.001, 'params': 1685407, 'time_iter': 5.4958, 'accuracy': 0.9818, 'precision': 0.7143, 'recall': 0.1235, 'f1': 0.2105, 'auc': 0.7949}
train: {'epoch': 80, 'eta': 501471.9924, 'loss': 0.1132, 'lr': 0.001, 'params': 1685407, 'time_iter': 24.6651, 'accuracy': 0.9678, 'precision': 0.7337, 'recall': 0.2192, 'f1': 0.3375, 'auc': 0.8391}
val: {'epoch': 81, 'loss': 0.0896, 'lr': 0.001, 'params': 1685407, 'time_iter': 4.3829, 'accuracy': 0.9808, 'precision': 0.5714, 'recall': 0.0988, 'f1': 0.1684, 'auc': 0.7874}
train: {'epoch': 81, 'eta': 475190.9814, 'loss': 0.1143, 'lr': 0.001, 'params': 1685407, 'time_iter': 26.1464, 'accuracy': 0.9677, 'precision': 0.7285, 'recall': 0.22, 'f1': 0.3379, 'auc': 0.837}
val: {'epoch': 82, 'loss': 0.0875, 'lr': 0.001, 'params': 1685407, 'time_iter': 4.7019, 'accuracy': 0.9813, 'precision': 0.6111, 'recall': 0.1358, 'f1': 0.2222, 'auc': 0.8168}
train: {'epoch': 82, 'eta': 448867.3141, 'loss': 0.1126, 'lr': 0.001, 'params': 1685407, 'time_iter': 26.0153, 'accuracy': 0.9674, 'precision': 0.7124, 'recall': 0.2151, 'f1': 0.3304, 'auc': 0.8467}
val: {'epoch': 83, 'loss': 0.0883, 'lr': 0.001, 'params': 1685407, 'time_iter': 4.7354, 'accuracy': 0.9818, 'precision': 0.625, 'recall': 0.1852, 'f1': 0.2857, 'auc': 0.783}
train: {'epoch': 83, 'eta': 422476.8587, 'loss': 0.1124, 'lr': 0.001, 'params': 1685407, 'time_iter': 25.7287, 'accuracy': 0.9679, 'precision': 0.7321, 'recall': 0.224, 'f1': 0.3431, 'auc': 0.8422}
val: {'epoch': 84, 'loss': 0.0907, 'lr': 0.001, 'params': 1685407, 'time_iter': 4.8157, 'accuracy': 0.9813, 'precision': 0.6, 'recall': 0.1481, 'f1': 0.2376, 'auc': 0.7957}
train: {'epoch': 84, 'eta': 395935.6224, 'loss': 0.1122, 'lr': 0.001, 'params': 1685407, 'time_iter': 24.9093, 'accuracy': 0.9687, 'precision': 0.7686, 'recall': 0.2346, 'f1': 0.3595, 'auc': 0.844}
val: {'epoch': 85, 'loss': 0.0949, 'lr': 0.001, 'params': 1685407, 'time_iter': 5.5102, 'accuracy': 0.9818, 'precision': 1.0, 'recall': 0.0741, 'f1': 0.1379, 'auc': 0.8187}
train: {'epoch': 85, 'eta': 369547.7983, 'loss': 0.1121, 'lr': 0.001, 'params': 1685407, 'time_iter': 25.6989, 'accuracy': 0.9681, 'precision': 0.7328, 'recall': 0.2338, 'f1': 0.3545, 'auc': 0.8466}
val: {'epoch': 86, 'loss': 0.0935, 'lr': 0.001, 'params': 1685407, 'time_iter': 4.8007, 'accuracy': 0.9805, 'precision': 0.5714, 'recall': 0.0494, 'f1': 0.0909, 'auc': 0.7876}
train: {'epoch': 86, 'eta': 343119.643, 'loss': 0.1126, 'lr': 0.001, 'params': 1685407, 'time_iter': 25.445, 'accuracy': 0.9673, 'precision': 0.7034, 'recall': 0.2175, 'f1': 0.3323, 'auc': 0.8401}
val: {'epoch': 87, 'loss': 0.0813, 'lr': 0.001, 'params': 1685407, 'time_iter': 5.1984, 'accuracy': 0.9813, 'precision': 0.5909, 'recall': 0.1605, 'f1': 0.2524, 'auc': 0.8227}
train: {'epoch': 87, 'eta': 316772.8888, 'loss': 0.1127, 'lr': 0.001, 'params': 1685407, 'time_iter': 25.9854, 'accuracy': 0.9684, 'precision': 0.7268, 'recall': 0.2484, 'f1': 0.3702, 'auc': 0.8392}
val: {'epoch': 88, 'loss': 0.0949, 'lr': 0.001, 'params': 1685407, 'time_iter': 4.8815, 'accuracy': 0.981, 'precision': 1.0, 'recall': 0.037, 'f1': 0.0714, 'auc': 0.8127}
train: {'epoch': 88, 'eta': 290403.3632, 'loss': 0.1108, 'lr': 0.001, 'params': 1685407, 'time_iter': 25.8756, 'accuracy': 0.9685, 'precision': 0.7349, 'recall': 0.2476, 'f1': 0.3704, 'auc': 0.8488}
val: {'epoch': 89, 'loss': 0.0868, 'lr': 0.001, 'params': 1685407, 'time_iter': 4.2942, 'accuracy': 0.9823, 'precision': 0.75, 'recall': 0.1481, 'f1': 0.2474, 'auc': 0.8231}
train: {'epoch': 89, 'eta': 263961.8015, 'loss': 0.1116, 'lr': 0.001, 'params': 1685407, 'time_iter': 25.2954, 'accuracy': 0.9684, 'precision': 0.7462, 'recall': 0.2362, 'f1': 0.3588, 'auc': 0.8415}
val: {'epoch': 90, 'loss': 0.0909, 'lr': 0.001, 'params': 1685407, 'time_iter': 4.5626, 'accuracy': 0.9818, 'precision': 0.6875, 'recall': 0.1358, 'f1': 0.2268, 'auc': 0.8075}
train: {'epoch': 90, 'eta': 237594.0951, 'loss': 0.1113, 'lr': 0.001, 'params': 1685407, 'time_iter': 25.9321, 'accuracy': 0.9678, 'precision': 0.7062, 'recall': 0.2419, 'f1': 0.3603, 'auc': 0.8475}
val: {'epoch': 91, 'loss': 0.0923, 'lr': 0.001, 'params': 1685407, 'time_iter': 4.6339, 'accuracy': 0.982, 'precision': 1.0, 'recall': 0.0864, 'f1': 0.1591, 'auc': 0.808}
train: {'epoch': 91, 'eta': 211217.4625, 'loss': 0.1117, 'lr': 0.001, 'params': 1685407, 'time_iter': 25.9092, 'accuracy': 0.9679, 'precision': 0.7157, 'recall': 0.237, 'f1': 0.3561, 'auc': 0.8484}
val: {'epoch': 92, 'loss': 0.09, 'lr': 0.001, 'params': 1685407, 'time_iter': 4.8537, 'accuracy': 0.9815, 'precision': 0.6923, 'recall': 0.1111, 'f1': 0.1915, 'auc': 0.7903}
train: {'epoch': 92, 'eta': 184834.1759, 'loss': 0.1106, 'lr': 0.001, 'params': 1685407, 'time_iter': 25.9021, 'accuracy': 0.9681, 'precision': 0.7293, 'recall': 0.2362, 'f1': 0.3568, 'auc': 0.8487}
val: {'epoch': 93, 'loss': 0.0797, 'lr': 0.001, 'params': 1685407, 'time_iter': 5.0955, 'accuracy': 0.9832, 'precision': 0.875, 'recall': 0.1728, 'f1': 0.2887, 'auc': 0.822}
train: {'epoch': 93, 'eta': 158456.4342, 'loss': 0.1105, 'lr': 0.001, 'params': 1685407, 'time_iter': 26.0739, 'accuracy': 0.9682, 'precision': 0.7264, 'recall': 0.2435, 'f1': 0.3647, 'auc': 0.8477}
val: {'epoch': 94, 'loss': 0.0957, 'lr': 0.001, 'params': 1685407, 'time_iter': 4.2917, 'accuracy': 0.9813, 'precision': 0.8333, 'recall': 0.0617, 'f1': 0.1149, 'auc': 0.8112}
train: {'epoch': 94, 'eta': 132058.9372, 'loss': 0.1095, 'lr': 0.001, 'params': 1685407, 'time_iter': 25.885, 'accuracy': 0.9683, 'precision': 0.7224, 'recall': 0.2492, 'f1': 0.3705, 'auc': 0.8564}
val: {'epoch': 95, 'loss': 0.0972, 'lr': 0.001, 'params': 1685407, 'time_iter': 4.5287, 'accuracy': 0.9815, 'precision': 0.8571, 'recall': 0.0741, 'f1': 0.1364, 'auc': 0.8171}
train: {'epoch': 95, 'eta': 105627.105, 'loss': 0.1101, 'lr': 0.001, 'params': 1685407, 'time_iter': 25.1999, 'accuracy': 0.9688, 'precision': 0.7285, 'recall': 0.2679, 'f1': 0.3917, 'auc': 0.8484}
val: {'epoch': 96, 'loss': 0.0942, 'lr': 0.001, 'params': 1685407, 'time_iter': 4.4476, 'accuracy': 0.9813, 'precision': 0.6667, 'recall': 0.0988, 'f1': 0.172, 'auc': 0.8175}
train: {'epoch': 96, 'eta': 79218.0193, 'loss': 0.1096, 'lr': 0.001, 'params': 1685407, 'time_iter': 25.59, 'accuracy': 0.9684, 'precision': 0.7264, 'recall': 0.25, 'f1': 0.372, 'auc': 0.8551}
val: {'epoch': 97, 'loss': 0.094, 'lr': 0.001, 'params': 1685407, 'time_iter': 5.0096, 'accuracy': 0.9815, 'precision': 1.0, 'recall': 0.0617, 'f1': 0.1163, 'auc': 0.8092}
train: {'epoch': 97, 'eta': 52808.5976, 'loss': 0.1091, 'lr': 0.001, 'params': 1685407, 'time_iter': 25.4992, 'accuracy': 0.969, 'precision': 0.7339, 'recall': 0.2687, 'f1': 0.3933, 'auc': 0.8516}
val: {'epoch': 98, 'loss': 0.0905, 'lr': 0.001, 'params': 1685407, 'time_iter': 4.9199, 'accuracy': 0.981, 'precision': 0.7143, 'recall': 0.0617, 'f1': 0.1136, 'auc': 0.8269}
train: {'epoch': 98, 'eta': 26398.1932, 'loss': 0.11, 'lr': 0.001, 'params': 1685407, 'time_iter': 25.0727, 'accuracy': 0.9683, 'precision': 0.7169, 'recall': 0.2549, 'f1': 0.376, 'auc': 0.85}
val: {'epoch': 99, 'loss': 0.1011, 'lr': 0.001, 'params': 1685407, 'time_iter': 4.4711, 'accuracy': 0.9808, 'precision': 1.0, 'recall': 0.0247, 'f1': 0.0482, 'auc': 0.8109}
train: {'epoch': 99, 'eta': 0.0, 'loss': 0.1095, 'lr': 0.001, 'params': 1685407, 'time_iter': 25.1122, 'accuracy': 0.9686, 'precision': 0.733, 'recall': 0.2541, 'f1': 0.3773, 'auc': 0.8523}
test: {'epoch': 99, 'loss': 0.1801, 'lr': 0.001, 'params': 1685407, 'time_iter': 4.0074, 'accuracy': 0.9677, 'precision': 0.2857, 'recall': 0.0154, 'f1': 0.0292, 'auc': 0.7569}
test: {'epoch': 72, 'loss': 0.1516, 'lr': 0.001, 'params': 1685407, 'time_iter': 4.0621, 'accuracy': 0.9708, 'precision': 0.75, 'recall': 0.1154, 'f1': 0.2, 'auc': 0.7642}
