GraphGymModule(
  (model): DilatedGNNModel(
    (encoder): FeatureEncoder(
      (node_encoder): AtomEncoder(
        (atom_embedding_list): ModuleList(
          (0): Embedding(119, 300)
          (1): Embedding(4, 300)
          (2): Embedding(12, 300)
          (3): Embedding(12, 300)
          (4): Embedding(10, 300)
          (5): Embedding(6, 300)
          (6): Embedding(6, 300)
          (7): Embedding(2, 300)
          (8): Embedding(2, 300)
        )
      )
      (edge_encoder): BondEncoder(
        (bond_embedding_list): ModuleList(
          (0): Embedding(5, 300)
          (1): Embedding(6, 300)
          (2): Embedding(2, 300)
        )
      )
    )
    (mp): GNNDilatedStage(
      (classic_layers): ModuleList(
        (0): GeneralLayer(
          (layer): EGATConv(
            (model): GATConv(300, 300, heads=1)
          )
          (post_layer): Sequential(
            (0): BatchNorm1d(300, eps=1e-05, momentum=0.1, affine=True, track_running_stats=True)
            (1): Dropout(p=0.5, inplace=False)
            (2): ReLU()
          )
        )
      )
      (dilated_layers): ModuleList(
        (0): DilatedGeneralLayer(
          (layer): EGATConv(
            (model): GATConv(300, 300, heads=1)
          )
          (post_layer): Sequential(
            (0): BatchNorm1d(300, eps=1e-05, momentum=0.1, affine=True, track_running_stats=True)
            (1): Dropout(p=0.5, inplace=False)
            (2): ReLU()
          )
          (gem): GeM(p=3.0000, eps=1e-06)
        )
      )
      (act): ReLU()
    )
    (post_mp): GNNGraphHead(
      (layer_post_mp): MLP(
        (model): Sequential(
          (0): Linear(
            (model): Linear(600, 1, bias=True)
          )
        )
      )
    )
  )
)
accelerator: cuda
benchmark: False
bn:
  eps: 1e-05
  mom: 0.1
cfg_dest: config.yaml
custom_metrics: []
dataset:
  cache_load: False
  cache_save: False
  dir: ./datasets
  edge_dim: 300
  edge_encoder: True
  edge_encoder_bn: False
  edge_encoder_name: Bond
  edge_message_ratio: 0.8
  edge_negative_sampling_ratio: 1.0
  edge_train_mode: all
  encoder: True
  encoder_bn: True
  encoder_dim: 128
  encoder_name: db
  fast_loader: False
  format: OGB
  label_column: none
  label_table: none
  location: local
  name: ogbg-molhiv
  node_encoder: True
  node_encoder_bn: False
  node_encoder_name: Atom
  remove_feature: False
  resample_disjoint: False
  resample_negative: False
  shuffle_split: True
  split: [0.8, 0.1, 0.1]
  split_mode: random
  task: graph
  task_type: classification
  to_undirected: False
  transductive: False
  transform: none
  tu_simple: True
devices: 1
gnn:
  act: relu
  act_on_last_layer_mp: False
  agg: none
  att_final_linear: False
  att_final_linear_bn: False
  att_heads: 1
  batchnorm: True
  clear_feature: True
  dilated_path_join: concat
  dim_inner: 300
  dropout: 0.5
  head: graph
  keep_edge: 0.5
  l2norm: True
  layer_type: egatconv
  layers_k1: 1
  layers_k2: 1
  layers_mp: 5
  layers_post_mp: 1
  layers_pre_mp: 0
  learn_alpha_residual_connection: True
  msg_direction: single
  normalize_adj: False
  self_msg: concat
  skip_every: 1
  stage_type: stack
  use_edge_features: True
gpu_mem: False
mem:
  inplace: False
metric_agg: argmax
metric_best: auc
model:
  edge_decoding: dot
  graph_pooling: mean
  loss_fun: cross_entropy
  match_upper: True
  size_average: mean
  thresh: 0.5
  type: dilated_gnn
num_threads: 6
num_workers: 16
optim:
  base_lr: 0.001
  lr_decay: 0.1
  max_epoch: 100
  momentum: 0.9
  optimizer: adam
  scheduler: none
  steps: [30, 60, 90]
  weight_decay: 0.0
out_dir: results_experiments/ogbg_molhiv_baseline_grid_design/ogbg_molhiv_baseline-type=dilated_gnn-layer_type=egatconv-layers_k1=1-layers_k2=1-dilated_path_join=concat-learn_alpha_residual_connection=True
params: 419403
print: both
round: 4
run_dir: results_experiments/ogbg_molhiv_baseline_grid_design/ogbg_molhiv_baseline-type=dilated_gnn-layer_type=egatconv-layers_k1=1-layers_k2=1-dilated_path_join=concat-learn_alpha_residual_connection=True/3
seed: 4
share:
  dim_in: 9
  dim_out: 2
  num_splits: 3
tensorboard_agg: True
tensorboard_each_run: False
train:
  auto_resume: False
  batch_size: 32
  ckpt_clean: True
  ckpt_period: 100
  enable_ckpt: True
  epoch_resume: -1
  eval_period: 1
  iter_per_epoch: 32
  neighbor_sizes: [20, 15, 10, 5]
  node_per_graph: 32
  radius: extend
  sample_node: False
  sampler: full_batch
  skip_train_eval: False
  walk_length: 4
val:
  node_per_graph: 32
  radius: extend
  sample_node: False
  sampler: full_batch
view_emb: False
Num parameters: 419403
val: {'epoch': 0, 'loss': 0.7016, 'lr': 0.001, 'params': 419403, 'time_iter': 1.0649, 'accuracy': 0.0312, 'precision': 0.0159, 'recall': 1.0, 'f1': 0.0312, 'auc': 0.1429}
val: {'epoch': 0, 'loss': 0.0982, 'lr': 0.001, 'params': 419403, 'time_iter': 1.8394, 'accuracy': 0.9803, 'precision': 0.0, 'recall': 0.0, 'f1': 0.0, 'auc': 0.6476}
train: {'epoch': 0, 'eta': 1634885.4058, 'loss': 0.1896, 'lr': 0.001, 'params': 419403, 'time_iter': 16.0486, 'accuracy': 0.9604, 'precision': 0.0, 'recall': 0.0, 'f1': 0.0, 'auc': 0.5493}
val: {'epoch': 1, 'loss': 0.0976, 'lr': 0.001, 'params': 419403, 'time_iter': 1.8664, 'accuracy': 0.9803, 'precision': 0.0, 'recall': 0.0, 'f1': 0.0, 'auc': 0.6468}
train: {'epoch': 1, 'eta': 1576213.3519, 'loss': 0.1557, 'lr': 0.001, 'params': 419403, 'time_iter': 15.2125, 'accuracy': 0.9626, 'precision': 0.0, 'recall': 0.0, 'f1': 0.0, 'auc': 0.6419}
val: {'epoch': 2, 'loss': 0.0984, 'lr': 0.001, 'params': 419403, 'time_iter': 2.2954, 'accuracy': 0.9803, 'precision': 0.0, 'recall': 0.0, 'f1': 0.0, 'auc': 0.6533}
train: {'epoch': 2, 'eta': 1551372.7505, 'loss': 0.1548, 'lr': 0.001, 'params': 419403, 'time_iter': 15.3673, 'accuracy': 0.9626, 'precision': 0.0, 'recall': 0.0, 'f1': 0.0, 'auc': 0.655}
val: {'epoch': 3, 'loss': 0.1002, 'lr': 0.001, 'params': 419403, 'time_iter': 1.9033, 'accuracy': 0.9803, 'precision': 0.0, 'recall': 0.0, 'f1': 0.0, 'auc': 0.631}
train: {'epoch': 3, 'eta': 1556535.5559, 'loss': 0.1546, 'lr': 0.001, 'params': 419403, 'time_iter': 16.3995, 'accuracy': 0.9626, 'precision': 0.0, 'recall': 0.0, 'f1': 0.0, 'auc': 0.6591}
val: {'epoch': 4, 'loss': 0.0981, 'lr': 0.001, 'params': 419403, 'time_iter': 1.9744, 'accuracy': 0.9803, 'precision': 0.0, 'recall': 0.0, 'f1': 0.0, 'auc': 0.6553}
train: {'epoch': 4, 'eta': 1527178.0878, 'loss': 0.1545, 'lr': 0.001, 'params': 419403, 'time_iter': 15.0847, 'accuracy': 0.9626, 'precision': 0.0, 'recall': 0.0, 'f1': 0.0, 'auc': 0.6565}
val: {'epoch': 5, 'loss': 0.0976, 'lr': 0.001, 'params': 419403, 'time_iter': 2.0608, 'accuracy': 0.9803, 'precision': 0.0, 'recall': 0.0, 'f1': 0.0, 'auc': 0.6918}
train: {'epoch': 5, 'eta': 1508723.7723, 'loss': 0.1539, 'lr': 0.001, 'params': 419403, 'time_iter': 15.4749, 'accuracy': 0.9626, 'precision': 0.0, 'recall': 0.0, 'f1': 0.0, 'auc': 0.6663}
val: {'epoch': 6, 'loss': 0.0982, 'lr': 0.001, 'params': 419403, 'time_iter': 1.9693, 'accuracy': 0.9803, 'precision': 0.0, 'recall': 0.0, 'f1': 0.0, 'auc': 0.6826}
train: {'epoch': 6, 'eta': 1490399.7363, 'loss': 0.1536, 'lr': 0.001, 'params': 419403, 'time_iter': 15.4316, 'accuracy': 0.9626, 'precision': 0.0, 'recall': 0.0, 'f1': 0.0, 'auc': 0.6652}
val: {'epoch': 7, 'loss': 0.0979, 'lr': 0.001, 'params': 419403, 'time_iter': 1.8707, 'accuracy': 0.9803, 'precision': 0.0, 'recall': 0.0, 'f1': 0.0, 'auc': 0.6823}
train: {'epoch': 7, 'eta': 1470726.9098, 'loss': 0.1527, 'lr': 0.001, 'params': 419403, 'time_iter': 15.266, 'accuracy': 0.9626, 'precision': 0.0, 'recall': 0.0, 'f1': 0.0, 'auc': 0.6746}
val: {'epoch': 8, 'loss': 0.0988, 'lr': 0.001, 'params': 419403, 'time_iter': 1.8392, 'accuracy': 0.9803, 'precision': 0.0, 'recall': 0.0, 'f1': 0.0, 'auc': 0.7043}
train: {'epoch': 8, 'eta': 1453368.4062, 'loss': 0.1522, 'lr': 0.001, 'params': 419403, 'time_iter': 15.4037, 'accuracy': 0.9626, 'precision': 0.0, 'recall': 0.0, 'f1': 0.0, 'auc': 0.6809}
val: {'epoch': 9, 'loss': 0.0987, 'lr': 0.001, 'params': 419403, 'time_iter': 1.9353, 'accuracy': 0.9803, 'precision': 0.0, 'recall': 0.0, 'f1': 0.0, 'auc': 0.6958}
train: {'epoch': 9, 'eta': 1438584.266, 'loss': 0.1529, 'lr': 0.001, 'params': 419403, 'time_iter': 15.6491, 'accuracy': 0.9626, 'precision': 0.0, 'recall': 0.0, 'f1': 0.0, 'auc': 0.6737}
val: {'epoch': 10, 'loss': 0.095, 'lr': 0.001, 'params': 419403, 'time_iter': 1.7672, 'accuracy': 0.9803, 'precision': 0.0, 'recall': 0.0, 'f1': 0.0, 'auc': 0.704}
train: {'epoch': 10, 'eta': 1419811.9476, 'loss': 0.1516, 'lr': 0.001, 'params': 419403, 'time_iter': 15.1989, 'accuracy': 0.9626, 'precision': 0.0, 'recall': 0.0, 'f1': 0.0, 'auc': 0.6812}
val: {'epoch': 11, 'loss': 0.0937, 'lr': 0.001, 'params': 419403, 'time_iter': 1.8644, 'accuracy': 0.9803, 'precision': 0.0, 'recall': 0.0, 'f1': 0.0, 'auc': 0.7032}
train: {'epoch': 11, 'eta': 1404124.6255, 'loss': 0.1513, 'lr': 0.001, 'params': 419403, 'time_iter': 15.5385, 'accuracy': 0.9625, 'precision': 0.0, 'recall': 0.0, 'f1': 0.0, 'auc': 0.6862}
val: {'epoch': 12, 'loss': 0.0955, 'lr': 0.001, 'params': 419403, 'time_iter': 2.4359, 'accuracy': 0.9803, 'precision': 0.0, 'recall': 0.0, 'f1': 0.0, 'auc': 0.7196}
train: {'epoch': 12, 'eta': 1387173.533, 'loss': 0.1506, 'lr': 0.001, 'params': 419403, 'time_iter': 15.3618, 'accuracy': 0.9626, 'precision': 0.0, 'recall': 0.0, 'f1': 0.0, 'auc': 0.6954}
val: {'epoch': 13, 'loss': 0.094, 'lr': 0.001, 'params': 419403, 'time_iter': 1.8166, 'accuracy': 0.9803, 'precision': 0.0, 'recall': 0.0, 'f1': 0.0, 'auc': 0.7361}
train: {'epoch': 13, 'eta': 1371223.7945, 'loss': 0.1502, 'lr': 0.001, 'params': 419403, 'time_iter': 15.4943, 'accuracy': 0.9626, 'precision': 1.0, 'recall': 0.0008, 'f1': 0.0016, 'auc': 0.6966}
val: {'epoch': 14, 'loss': 0.0941, 'lr': 0.001, 'params': 419403, 'time_iter': 1.805, 'accuracy': 0.9803, 'precision': 0.0, 'recall': 0.0, 'f1': 0.0, 'auc': 0.7252}
train: {'epoch': 14, 'eta': 1353176.0487, 'loss': 0.1497, 'lr': 0.001, 'params': 419403, 'time_iter': 15.1344, 'accuracy': 0.9624, 'precision': 0.0, 'recall': 0.0, 'f1': 0.0, 'auc': 0.6961}
val: {'epoch': 15, 'loss': 0.0948, 'lr': 0.001, 'params': 419403, 'time_iter': 1.9928, 'accuracy': 0.9801, 'precision': 0.0, 'recall': 0.0, 'f1': 0.0, 'auc': 0.7391}
train: {'epoch': 15, 'eta': 1336670.8706, 'loss': 0.1467, 'lr': 0.001, 'params': 419403, 'time_iter': 15.3627, 'accuracy': 0.9625, 'precision': 0.25, 'recall': 0.0008, 'f1': 0.0016, 'auc': 0.7126}
val: {'epoch': 16, 'loss': 0.0959, 'lr': 0.001, 'params': 419403, 'time_iter': 1.874, 'accuracy': 0.9801, 'precision': 0.0, 'recall': 0.0, 'f1': 0.0, 'auc': 0.7208}
train: {'epoch': 16, 'eta': 1319895.6507, 'loss': 0.1466, 'lr': 0.001, 'params': 419403, 'time_iter': 15.2926, 'accuracy': 0.9625, 'precision': 0.0, 'recall': 0.0, 'f1': 0.0, 'auc': 0.7169}
val: {'epoch': 17, 'loss': 0.0985, 'lr': 0.001, 'params': 419403, 'time_iter': 1.9085, 'accuracy': 0.9801, 'precision': 0.0, 'recall': 0.0, 'f1': 0.0, 'auc': 0.7265}
train: {'epoch': 17, 'eta': 1302410.8933, 'loss': 0.1476, 'lr': 0.001, 'params': 419403, 'time_iter': 15.1166, 'accuracy': 0.9623, 'precision': 0.1111, 'recall': 0.0008, 'f1': 0.0016, 'auc': 0.7123}
val: {'epoch': 18, 'loss': 0.0971, 'lr': 0.001, 'params': 419403, 'time_iter': 1.7956, 'accuracy': 0.9801, 'precision': 0.0, 'recall': 0.0, 'f1': 0.0, 'auc': 0.6987}
train: {'epoch': 18, 'eta': 1286092.8331, 'loss': 0.1479, 'lr': 0.001, 'params': 419403, 'time_iter': 15.3363, 'accuracy': 0.9625, 'precision': 0.0, 'recall': 0.0, 'f1': 0.0, 'auc': 0.7096}
val: {'epoch': 19, 'loss': 0.1027, 'lr': 0.001, 'params': 419403, 'time_iter': 2.3955, 'accuracy': 0.9801, 'precision': 0.0, 'recall': 0.0, 'f1': 0.0, 'auc': 0.6878}
train: {'epoch': 19, 'eta': 1269054.7575, 'loss': 0.1474, 'lr': 0.001, 'params': 419403, 'time_iter': 15.1483, 'accuracy': 0.9626, 'precision': 0.0, 'recall': 0.0, 'f1': 0.0, 'auc': 0.7097}
val: {'epoch': 20, 'loss': 0.0978, 'lr': 0.001, 'params': 419403, 'time_iter': 1.8286, 'accuracy': 0.9801, 'precision': 0.0, 'recall': 0.0, 'f1': 0.0, 'auc': 0.7312}
train: {'epoch': 20, 'eta': 1251299.8806, 'loss': 0.1467, 'lr': 0.001, 'params': 419403, 'time_iter': 14.9274, 'accuracy': 0.9626, 'precision': 0.5, 'recall': 0.0008, 'f1': 0.0016, 'auc': 0.7126}
val: {'epoch': 21, 'loss': 0.0996, 'lr': 0.001, 'params': 419403, 'time_iter': 1.7922, 'accuracy': 0.9801, 'precision': 0.0, 'recall': 0.0, 'f1': 0.0, 'auc': 0.7211}
train: {'epoch': 21, 'eta': 1234531.5231, 'loss': 0.1462, 'lr': 0.001, 'params': 419403, 'time_iter': 15.1382, 'accuracy': 0.9626, 'precision': 0.0, 'recall': 0.0, 'f1': 0.0, 'auc': 0.7138}
val: {'epoch': 22, 'loss': 0.0953, 'lr': 0.001, 'params': 419403, 'time_iter': 1.9699, 'accuracy': 0.9801, 'precision': 0.0, 'recall': 0.0, 'f1': 0.0, 'auc': 0.7379}
train: {'epoch': 22, 'eta': 1217924.9271, 'loss': 0.1466, 'lr': 0.001, 'params': 419403, 'time_iter': 15.1551, 'accuracy': 0.9624, 'precision': 0.125, 'recall': 0.0008, 'f1': 0.0016, 'auc': 0.7133}
val: {'epoch': 23, 'loss': 0.0962, 'lr': 0.001, 'params': 419403, 'time_iter': 1.7758, 'accuracy': 0.9801, 'precision': 0.0, 'recall': 0.0, 'f1': 0.0, 'auc': 0.7495}
train: {'epoch': 23, 'eta': 1201300.8049, 'loss': 0.1463, 'lr': 0.001, 'params': 419403, 'time_iter': 15.1238, 'accuracy': 0.9624, 'precision': 0.125, 'recall': 0.0008, 'f1': 0.0016, 'auc': 0.7176}
val: {'epoch': 24, 'loss': 0.0944, 'lr': 0.001, 'params': 419403, 'time_iter': 1.9439, 'accuracy': 0.9801, 'precision': 0.0, 'recall': 0.0, 'f1': 0.0, 'auc': 0.7368}
train: {'epoch': 24, 'eta': 1183471.0483, 'loss': 0.1452, 'lr': 0.001, 'params': 419403, 'time_iter': 14.7057, 'accuracy': 0.9623, 'precision': 0.3333, 'recall': 0.0057, 'f1': 0.0112, 'auc': 0.7187}
val: {'epoch': 25, 'loss': 0.0999, 'lr': 0.001, 'params': 419403, 'time_iter': 1.9106, 'accuracy': 0.9801, 'precision': 0.0, 'recall': 0.0, 'f1': 0.0, 'auc': 0.705}
train: {'epoch': 25, 'eta': 1167189.0595, 'loss': 0.1452, 'lr': 0.001, 'params': 419403, 'time_iter': 15.1634, 'accuracy': 0.9623, 'precision': 0.25, 'recall': 0.0041, 'f1': 0.008, 'auc': 0.7232}
val: {'epoch': 26, 'loss': 0.0915, 'lr': 0.001, 'params': 419403, 'time_iter': 1.8928, 'accuracy': 0.9803, 'precision': 0.5, 'recall': 0.0247, 'f1': 0.0471, 'auc': 0.7546}
train: {'epoch': 26, 'eta': 1152284.0414, 'loss': 0.1454, 'lr': 0.001, 'params': 419403, 'time_iter': 15.6402, 'accuracy': 0.9623, 'precision': 0.2917, 'recall': 0.0057, 'f1': 0.0111, 'auc': 0.7199}
val: {'epoch': 27, 'loss': 0.0949, 'lr': 0.001, 'params': 419403, 'time_iter': 1.8979, 'accuracy': 0.9801, 'precision': 0.3333, 'recall': 0.0123, 'f1': 0.0238, 'auc': 0.744}
train: {'epoch': 27, 'eta': 1136321.0564, 'loss': 0.1442, 'lr': 0.001, 'params': 419403, 'time_iter': 15.2725, 'accuracy': 0.9623, 'precision': 0.3043, 'recall': 0.0057, 'f1': 0.0112, 'auc': 0.7218}
val: {'epoch': 28, 'loss': 0.0945, 'lr': 0.001, 'params': 419403, 'time_iter': 1.9464, 'accuracy': 0.9805, 'precision': 0.6667, 'recall': 0.0247, 'f1': 0.0476, 'auc': 0.7447}
train: {'epoch': 28, 'eta': 1119517.5504, 'loss': 0.1443, 'lr': 0.001, 'params': 419403, 'time_iter': 14.9321, 'accuracy': 0.9622, 'precision': 0.1176, 'recall': 0.0016, 'f1': 0.0032, 'auc': 0.7312}
val: {'epoch': 29, 'loss': 0.0946, 'lr': 0.001, 'params': 419403, 'time_iter': 2.3596, 'accuracy': 0.9805, 'precision': 0.6, 'recall': 0.037, 'f1': 0.0698, 'auc': 0.762}
train: {'epoch': 29, 'eta': 1103472.4166, 'loss': 0.1437, 'lr': 0.001, 'params': 419403, 'time_iter': 15.208, 'accuracy': 0.9622, 'precision': 0.2857, 'recall': 0.0065, 'f1': 0.0127, 'auc': 0.736}
val: {'epoch': 30, 'loss': 0.0976, 'lr': 0.001, 'params': 419403, 'time_iter': 1.8602, 'accuracy': 0.9803, 'precision': 0.5, 'recall': 0.037, 'f1': 0.069, 'auc': 0.758}
train: {'epoch': 30, 'eta': 1089159.8909, 'loss': 0.1425, 'lr': 0.001, 'params': 419403, 'time_iter': 15.9533, 'accuracy': 0.9623, 'precision': 0.375, 'recall': 0.0122, 'f1': 0.0236, 'auc': 0.7396}
val: {'epoch': 31, 'loss': 0.0928, 'lr': 0.001, 'params': 419403, 'time_iter': 1.93, 'accuracy': 0.9808, 'precision': 0.75, 'recall': 0.037, 'f1': 0.0706, 'auc': 0.7595}
train: {'epoch': 31, 'eta': 1072700.4876, 'loss': 0.1426, 'lr': 0.001, 'params': 419403, 'time_iter': 15.0316, 'accuracy': 0.9619, 'precision': 0.2909, 'recall': 0.013, 'f1': 0.0249, 'auc': 0.741}
val: {'epoch': 32, 'loss': 0.0944, 'lr': 0.001, 'params': 419403, 'time_iter': 1.8471, 'accuracy': 0.9808, 'precision': 1.0, 'recall': 0.0247, 'f1': 0.0482, 'auc': 0.7605}
train: {'epoch': 32, 'eta': 1057352.5035, 'loss': 0.142, 'lr': 0.001, 'params': 419403, 'time_iter': 15.5348, 'accuracy': 0.9619, 'precision': 0.2326, 'recall': 0.0081, 'f1': 0.0157, 'auc': 0.7437}
val: {'epoch': 33, 'loss': 0.0987, 'lr': 0.001, 'params': 419403, 'time_iter': 1.9455, 'accuracy': 0.9808, 'precision': 0.75, 'recall': 0.037, 'f1': 0.0706, 'auc': 0.7729}
train: {'epoch': 33, 'eta': 1041747.2807, 'loss': 0.1417, 'lr': 0.001, 'params': 419403, 'time_iter': 15.4248, 'accuracy': 0.9621, 'precision': 0.34, 'recall': 0.0138, 'f1': 0.0265, 'auc': 0.7459}
val: {'epoch': 34, 'loss': 0.0919, 'lr': 0.001, 'params': 419403, 'time_iter': 1.9108, 'accuracy': 0.9805, 'precision': 0.6, 'recall': 0.037, 'f1': 0.0698, 'auc': 0.7712}
train: {'epoch': 34, 'eta': 1026140.762, 'loss': 0.1428, 'lr': 0.001, 'params': 419403, 'time_iter': 15.4321, 'accuracy': 0.9617, 'precision': 0.2542, 'recall': 0.0122, 'f1': 0.0232, 'auc': 0.7405}
val: {'epoch': 35, 'loss': 0.0964, 'lr': 0.001, 'params': 419403, 'time_iter': 2.0276, 'accuracy': 0.9808, 'precision': 1.0, 'recall': 0.0247, 'f1': 0.0482, 'auc': 0.7373}
train: {'epoch': 35, 'eta': 1010887.6225, 'loss': 0.1418, 'lr': 0.001, 'params': 419403, 'time_iter': 15.6336, 'accuracy': 0.9624, 'precision': 0.375, 'recall': 0.0073, 'f1': 0.0143, 'auc': 0.742}
val: {'epoch': 36, 'loss': 0.0946, 'lr': 0.001, 'params': 419403, 'time_iter': 2.6829, 'accuracy': 0.9808, 'precision': 1.0, 'recall': 0.0247, 'f1': 0.0482, 'auc': 0.7595}
train: {'epoch': 36, 'eta': 995116.6246, 'loss': 0.1446, 'lr': 0.001, 'params': 419403, 'time_iter': 15.3637, 'accuracy': 0.9623, 'precision': 0.2917, 'recall': 0.0057, 'f1': 0.0111, 'auc': 0.7253}
val: {'epoch': 37, 'loss': 0.0946, 'lr': 0.001, 'params': 419403, 'time_iter': 1.9403, 'accuracy': 0.9815, 'precision': 1.0, 'recall': 0.0617, 'f1': 0.1163, 'auc': 0.7505}
train: {'epoch': 37, 'eta': 979286.8372, 'loss': 0.1435, 'lr': 0.001, 'params': 419403, 'time_iter': 15.3299, 'accuracy': 0.9622, 'precision': 0.2903, 'recall': 0.0073, 'f1': 0.0143, 'auc': 0.7336}
val: {'epoch': 38, 'loss': 0.0999, 'lr': 0.001, 'params': 419403, 'time_iter': 2.0248, 'accuracy': 0.9796, 'precision': 0.0, 'recall': 0.0, 'f1': 0.0, 'auc': 0.7304}
train: {'epoch': 38, 'eta': 963603.4346, 'loss': 0.1449, 'lr': 0.001, 'params': 419403, 'time_iter': 15.4191, 'accuracy': 0.9622, 'precision': 0.3125, 'recall': 0.0081, 'f1': 0.0158, 'auc': 0.7204}
val: {'epoch': 39, 'loss': 0.0937, 'lr': 0.001, 'params': 419403, 'time_iter': 2.1738, 'accuracy': 0.9798, 'precision': 0.0, 'recall': 0.0, 'f1': 0.0, 'auc': 0.7564}
train: {'epoch': 39, 'eta': 947828.5278, 'loss': 0.1449, 'lr': 0.001, 'params': 419403, 'time_iter': 15.3658, 'accuracy': 0.9624, 'precision': 0.4, 'recall': 0.0081, 'f1': 0.0159, 'auc': 0.7195}
val: {'epoch': 40, 'loss': 0.0965, 'lr': 0.001, 'params': 419403, 'time_iter': 1.9287, 'accuracy': 0.9805, 'precision': 0.6667, 'recall': 0.0247, 'f1': 0.0476, 'auc': 0.7708}
train: {'epoch': 40, 'eta': 932049.5607, 'loss': 0.1438, 'lr': 0.001, 'params': 419403, 'time_iter': 15.3642, 'accuracy': 0.9622, 'precision': 0.2857, 'recall': 0.0065, 'f1': 0.0127, 'auc': 0.7301}
val: {'epoch': 41, 'loss': 0.0962, 'lr': 0.001, 'params': 419403, 'time_iter': 1.8165, 'accuracy': 0.9805, 'precision': 0.6667, 'recall': 0.0247, 'f1': 0.0476, 'auc': 0.7511}
train: {'epoch': 41, 'eta': 916061.4683, 'loss': 0.1441, 'lr': 0.001, 'params': 419403, 'time_iter': 15.2181, 'accuracy': 0.9623, 'precision': 0.3043, 'recall': 0.0057, 'f1': 0.0112, 'auc': 0.7324}
val: {'epoch': 42, 'loss': 0.0923, 'lr': 0.001, 'params': 419403, 'time_iter': 1.8661, 'accuracy': 0.9805, 'precision': 0.6667, 'recall': 0.0247, 'f1': 0.0476, 'auc': 0.7763}
train: {'epoch': 42, 'eta': 899742.3613, 'loss': 0.1435, 'lr': 0.001, 'params': 419403, 'time_iter': 14.9642, 'accuracy': 0.9625, 'precision': 0.4706, 'recall': 0.0065, 'f1': 0.0128, 'auc': 0.7339}
val: {'epoch': 43, 'loss': 0.0966, 'lr': 0.001, 'params': 419403, 'time_iter': 1.8606, 'accuracy': 0.9805, 'precision': 0.6667, 'recall': 0.0247, 'f1': 0.0476, 'auc': 0.7681}
train: {'epoch': 43, 'eta': 884503.8545, 'loss': 0.1428, 'lr': 0.001, 'params': 419403, 'time_iter': 15.7573, 'accuracy': 0.9621, 'precision': 0.3171, 'recall': 0.0106, 'f1': 0.0204, 'auc': 0.736}
val: {'epoch': 44, 'loss': 0.095, 'lr': 0.001, 'params': 419403, 'time_iter': 1.9295, 'accuracy': 0.9805, 'precision': 0.6667, 'recall': 0.0247, 'f1': 0.0476, 'auc': 0.7605}
train: {'epoch': 44, 'eta': 868708.0704, 'loss': 0.1436, 'lr': 0.001, 'params': 419403, 'time_iter': 15.3487, 'accuracy': 0.962, 'precision': 0.087, 'recall': 0.0016, 'f1': 0.0032, 'auc': 0.7378}
val: {'epoch': 45, 'loss': 0.0963, 'lr': 0.001, 'params': 419403, 'time_iter': 1.8528, 'accuracy': 0.9803, 'precision': 0.5, 'recall': 0.037, 'f1': 0.069, 'auc': 0.777}
train: {'epoch': 45, 'eta': 852655.7832, 'loss': 0.1438, 'lr': 0.001, 'params': 419403, 'time_iter': 15.1363, 'accuracy': 0.9621, 'precision': 0.2727, 'recall': 0.0073, 'f1': 0.0142, 'auc': 0.7322}
val: {'epoch': 46, 'loss': 0.0912, 'lr': 0.001, 'params': 419403, 'time_iter': 2.674, 'accuracy': 0.9808, 'precision': 0.625, 'recall': 0.0617, 'f1': 0.1124, 'auc': 0.7714}
train: {'epoch': 46, 'eta': 836822.0012, 'loss': 0.1427, 'lr': 0.001, 'params': 419403, 'time_iter': 15.3071, 'accuracy': 0.9622, 'precision': 0.3421, 'recall': 0.0106, 'f1': 0.0205, 'auc': 0.7365}
val: {'epoch': 47, 'loss': 0.1016, 'lr': 0.001, 'params': 419403, 'time_iter': 1.8665, 'accuracy': 0.9801, 'precision': 0.4, 'recall': 0.0247, 'f1': 0.0465, 'auc': 0.6995}
train: {'epoch': 47, 'eta': 820827.0142, 'loss': 0.1424, 'lr': 0.001, 'params': 419403, 'time_iter': 15.1594, 'accuracy': 0.9622, 'precision': 0.3235, 'recall': 0.0089, 'f1': 0.0174, 'auc': 0.7409}
val: {'epoch': 48, 'loss': 0.094, 'lr': 0.001, 'params': 419403, 'time_iter': 1.9564, 'accuracy': 0.9808, 'precision': 0.75, 'recall': 0.037, 'f1': 0.0706, 'auc': 0.7499}
train: {'epoch': 48, 'eta': 804650.9986, 'loss': 0.1441, 'lr': 0.001, 'params': 419403, 'time_iter': 14.9753, 'accuracy': 0.9623, 'precision': 0.2857, 'recall': 0.0049, 'f1': 0.0096, 'auc': 0.7308}
val: {'epoch': 49, 'loss': 0.097, 'lr': 0.001, 'params': 419403, 'time_iter': 2.6922, 'accuracy': 0.9803, 'precision': 0.0, 'recall': 0.0, 'f1': 0.0, 'auc': 0.7302}
train: {'epoch': 49, 'eta': 789218.8349, 'loss': 0.1428, 'lr': 0.001, 'params': 419403, 'time_iter': 15.6684, 'accuracy': 0.9622, 'precision': 0.359, 'recall': 0.0114, 'f1': 0.022, 'auc': 0.7387}
val: {'epoch': 50, 'loss': 0.105, 'lr': 0.001, 'params': 419403, 'time_iter': 1.927, 'accuracy': 0.9791, 'precision': 0.2222, 'recall': 0.0247, 'f1': 0.0444, 'auc': 0.7336}
train: {'epoch': 50, 'eta': 774220.213, 'loss': 0.1422, 'lr': 0.001, 'params': 419403, 'time_iter': 16.1343, 'accuracy': 0.9623, 'precision': 0.4054, 'recall': 0.0122, 'f1': 0.0236, 'auc': 0.7432}
val: {'epoch': 51, 'loss': 0.0967, 'lr': 0.001, 'params': 419403, 'time_iter': 1.8181, 'accuracy': 0.9798, 'precision': 0.0, 'recall': 0.0, 'f1': 0.0, 'auc': 0.7522}
train: {'epoch': 51, 'eta': 758291.8446, 'loss': 0.1432, 'lr': 0.001, 'params': 419403, 'time_iter': 15.2204, 'accuracy': 0.9624, 'precision': 0.4074, 'recall': 0.0089, 'f1': 0.0175, 'auc': 0.7361}
val: {'epoch': 52, 'loss': 0.0983, 'lr': 0.001, 'params': 419403, 'time_iter': 1.9519, 'accuracy': 0.981, 'precision': 1.0, 'recall': 0.037, 'f1': 0.0714, 'auc': 0.7537}
train: {'epoch': 52, 'eta': 742447.0317, 'loss': 0.1421, 'lr': 0.001, 'params': 419403, 'time_iter': 15.3009, 'accuracy': 0.9623, 'precision': 0.4255, 'recall': 0.0162, 'f1': 0.0313, 'auc': 0.7369}
val: {'epoch': 53, 'loss': 0.0942, 'lr': 0.001, 'params': 419403, 'time_iter': 1.8675, 'accuracy': 0.9805, 'precision': 0.5714, 'recall': 0.0494, 'f1': 0.0909, 'auc': 0.769}
train: {'epoch': 53, 'eta': 726773.7328, 'loss': 0.1421, 'lr': 0.001, 'params': 419403, 'time_iter': 15.4924, 'accuracy': 0.9623, 'precision': 0.3704, 'recall': 0.0081, 'f1': 0.0159, 'auc': 0.7445}
val: {'epoch': 54, 'loss': 0.0982, 'lr': 0.001, 'params': 419403, 'time_iter': 1.9705, 'accuracy': 0.9798, 'precision': 0.25, 'recall': 0.0123, 'f1': 0.0235, 'auc': 0.7524}
train: {'epoch': 54, 'eta': 710786.6987, 'loss': 0.1424, 'lr': 0.001, 'params': 419403, 'time_iter': 15.1313, 'accuracy': 0.9625, 'precision': 0.4783, 'recall': 0.0089, 'f1': 0.0175, 'auc': 0.7423}
val: {'epoch': 55, 'loss': 0.0945, 'lr': 0.001, 'params': 419403, 'time_iter': 1.7974, 'accuracy': 0.9805, 'precision': 0.5714, 'recall': 0.0494, 'f1': 0.0909, 'auc': 0.7496}
train: {'epoch': 55, 'eta': 694855.442, 'loss': 0.1414, 'lr': 0.001, 'params': 419403, 'time_iter': 15.1819, 'accuracy': 0.9622, 'precision': 0.3226, 'recall': 0.0081, 'f1': 0.0158, 'auc': 0.7503}
val: {'epoch': 56, 'loss': 0.0971, 'lr': 0.001, 'params': 419403, 'time_iter': 1.8658, 'accuracy': 0.9805, 'precision': 0.6667, 'recall': 0.0247, 'f1': 0.0476, 'auc': 0.7588}
train: {'epoch': 56, 'eta': 678941.8585, 'loss': 0.1437, 'lr': 0.001, 'params': 419403, 'time_iter': 15.1907, 'accuracy': 0.9625, 'precision': 0.4615, 'recall': 0.0049, 'f1': 0.0096, 'auc': 0.7335}
val: {'epoch': 57, 'loss': 0.0995, 'lr': 0.001, 'params': 419403, 'time_iter': 1.904, 'accuracy': 0.9808, 'precision': 1.0, 'recall': 0.0247, 'f1': 0.0482, 'auc': 0.754}
train: {'epoch': 57, 'eta': 662800.6956, 'loss': 0.1449, 'lr': 0.001, 'params': 419403, 'time_iter': 14.8722, 'accuracy': 0.9619, 'precision': 0.1714, 'recall': 0.0049, 'f1': 0.0095, 'auc': 0.726}
val: {'epoch': 58, 'loss': 0.1011, 'lr': 0.001, 'params': 419403, 'time_iter': 1.8106, 'accuracy': 0.9803, 'precision': 0.0, 'recall': 0.0, 'f1': 0.0, 'auc': 0.7655}
train: {'epoch': 58, 'eta': 646879.414, 'loss': 0.1428, 'lr': 0.001, 'params': 419403, 'time_iter': 15.14, 'accuracy': 0.9617, 'precision': 0.2787, 'recall': 0.0138, 'f1': 0.0263, 'auc': 0.7411}
val: {'epoch': 59, 'loss': 0.0964, 'lr': 0.001, 'params': 419403, 'time_iter': 2.622, 'accuracy': 0.9815, 'precision': 0.8571, 'recall': 0.0741, 'f1': 0.1364, 'auc': 0.7693}
train: {'epoch': 59, 'eta': 631081.5699, 'loss': 0.143, 'lr': 0.001, 'params': 419403, 'time_iter': 15.3033, 'accuracy': 0.9619, 'precision': 0.25, 'recall': 0.0081, 'f1': 0.0157, 'auc': 0.7459}
val: {'epoch': 60, 'loss': 0.0992, 'lr': 0.001, 'params': 419403, 'time_iter': 1.9161, 'accuracy': 0.9808, 'precision': 1.0, 'recall': 0.0247, 'f1': 0.0482, 'auc': 0.7657}
train: {'epoch': 60, 'eta': 615828.0829, 'loss': 0.1426, 'lr': 0.001, 'params': 419403, 'time_iter': 16.1282, 'accuracy': 0.962, 'precision': 0.3333, 'recall': 0.0146, 'f1': 0.028, 'auc': 0.7439}
val: {'epoch': 61, 'loss': 0.1005, 'lr': 0.001, 'params': 419403, 'time_iter': 1.9654, 'accuracy': 0.9813, 'precision': 0.75, 'recall': 0.0741, 'f1': 0.1348, 'auc': 0.7571}
train: {'epoch': 61, 'eta': 599992.7086, 'loss': 0.1422, 'lr': 0.001, 'params': 419403, 'time_iter': 15.2742, 'accuracy': 0.962, 'precision': 0.3784, 'recall': 0.0227, 'f1': 0.0429, 'auc': 0.7404}
val: {'epoch': 62, 'loss': 0.0982, 'lr': 0.001, 'params': 419403, 'time_iter': 1.7802, 'accuracy': 0.981, 'precision': 0.7143, 'recall': 0.0617, 'f1': 0.1136, 'auc': 0.7452}
train: {'epoch': 62, 'eta': 583990.5041, 'loss': 0.1423, 'lr': 0.001, 'params': 419403, 'time_iter': 14.992, 'accuracy': 0.9619, 'precision': 0.3103, 'recall': 0.0146, 'f1': 0.0279, 'auc': 0.7405}
val: {'epoch': 63, 'loss': 0.097, 'lr': 0.001, 'params': 419403, 'time_iter': 1.9705, 'accuracy': 0.9803, 'precision': 0.0, 'recall': 0.0, 'f1': 0.0, 'auc': 0.7517}
train: {'epoch': 63, 'eta': 568180.0732, 'loss': 0.1424, 'lr': 0.001, 'params': 419403, 'time_iter': 15.2922, 'accuracy': 0.9619, 'precision': 0.3077, 'recall': 0.013, 'f1': 0.0249, 'auc': 0.739}
val: {'epoch': 64, 'loss': 0.0957, 'lr': 0.001, 'params': 419403, 'time_iter': 1.7822, 'accuracy': 0.9805, 'precision': 0.6667, 'recall': 0.0247, 'f1': 0.0476, 'auc': 0.7665}
train: {'epoch': 64, 'eta': 552313.4466, 'loss': 0.143, 'lr': 0.001, 'params': 419403, 'time_iter': 15.1867, 'accuracy': 0.9621, 'precision': 0.375, 'recall': 0.017, 'f1': 0.0326, 'auc': 0.7366}
val: {'epoch': 65, 'loss': 0.0943, 'lr': 0.001, 'params': 419403, 'time_iter': 1.8603, 'accuracy': 0.9808, 'precision': 0.6667, 'recall': 0.0494, 'f1': 0.092, 'auc': 0.7485}
train: {'epoch': 65, 'eta': 536706.236, 'loss': 0.1422, 'lr': 0.001, 'params': 419403, 'time_iter': 15.6623, 'accuracy': 0.9621, 'precision': 0.375, 'recall': 0.017, 'f1': 0.0326, 'auc': 0.7461}
val: {'epoch': 66, 'loss': 0.0959, 'lr': 0.001, 'params': 419403, 'time_iter': 1.8442, 'accuracy': 0.9813, 'precision': 1.0, 'recall': 0.0494, 'f1': 0.0941, 'auc': 0.754}
train: {'epoch': 66, 'eta': 520870.718, 'loss': 0.142, 'lr': 0.001, 'params': 419403, 'time_iter': 15.2419, 'accuracy': 0.9617, 'precision': 0.2941, 'recall': 0.0162, 'f1': 0.0308, 'auc': 0.7466}
val: {'epoch': 67, 'loss': 0.0955, 'lr': 0.001, 'params': 419403, 'time_iter': 1.8311, 'accuracy': 0.9813, 'precision': 0.75, 'recall': 0.0741, 'f1': 0.1348, 'auc': 0.7659}
train: {'epoch': 67, 'eta': 505080.3838, 'loss': 0.1416, 'lr': 0.001, 'params': 419403, 'time_iter': 15.326, 'accuracy': 0.9618, 'precision': 0.3077, 'recall': 0.0162, 'f1': 0.0308, 'auc': 0.7472}
val: {'epoch': 68, 'loss': 0.0917, 'lr': 0.001, 'params': 419403, 'time_iter': 1.8753, 'accuracy': 0.9813, 'precision': 1.0, 'recall': 0.0494, 'f1': 0.0941, 'auc': 0.7697}
train: {'epoch': 68, 'eta': 489342.7006, 'loss': 0.1407, 'lr': 0.001, 'params': 419403, 'time_iter': 15.4386, 'accuracy': 0.962, 'precision': 0.3846, 'recall': 0.0244, 'f1': 0.0458, 'auc': 0.752}
val: {'epoch': 69, 'loss': 0.0947, 'lr': 0.001, 'params': 419403, 'time_iter': 2.6964, 'accuracy': 0.9815, 'precision': 0.7778, 'recall': 0.0864, 'f1': 0.1556, 'auc': 0.7566}
train: {'epoch': 69, 'eta': 473569.035, 'loss': 0.1408, 'lr': 0.001, 'params': 419403, 'time_iter': 15.3666, 'accuracy': 0.9625, 'precision': 0.4769, 'recall': 0.0252, 'f1': 0.0478, 'auc': 0.7466}
val: {'epoch': 70, 'loss': 0.0957, 'lr': 0.001, 'params': 419403, 'time_iter': 1.9708, 'accuracy': 0.9813, 'precision': 1.0, 'recall': 0.0494, 'f1': 0.0941, 'auc': 0.7519}
train: {'epoch': 70, 'eta': 457810.8657, 'loss': 0.1419, 'lr': 0.001, 'params': 419403, 'time_iter': 15.4061, 'accuracy': 0.9625, 'precision': 0.4688, 'recall': 0.0122, 'f1': 0.0237, 'auc': 0.7468}
val: {'epoch': 71, 'loss': 0.0922, 'lr': 0.001, 'params': 419403, 'time_iter': 1.8377, 'accuracy': 0.9815, 'precision': 0.8571, 'recall': 0.0741, 'f1': 0.1364, 'auc': 0.7807}
train: {'epoch': 71, 'eta': 442124.3983, 'loss': 0.1412, 'lr': 0.001, 'params': 419403, 'time_iter': 15.5919, 'accuracy': 0.9623, 'precision': 0.4262, 'recall': 0.0211, 'f1': 0.0402, 'auc': 0.7482}
val: {'epoch': 72, 'loss': 0.0958, 'lr': 0.001, 'params': 419403, 'time_iter': 1.8239, 'accuracy': 0.9815, 'precision': 0.8571, 'recall': 0.0741, 'f1': 0.1364, 'auc': 0.764}
train: {'epoch': 72, 'eta': 426279.5367, 'loss': 0.1406, 'lr': 0.001, 'params': 419403, 'time_iter': 15.2014, 'accuracy': 0.9626, 'precision': 0.5067, 'recall': 0.0308, 'f1': 0.0581, 'auc': 0.7486}
val: {'epoch': 73, 'loss': 0.0947, 'lr': 0.001, 'params': 419403, 'time_iter': 1.9982, 'accuracy': 0.9808, 'precision': 0.75, 'recall': 0.037, 'f1': 0.0706, 'auc': 0.7469}
train: {'epoch': 73, 'eta': 410671.4632, 'loss': 0.143, 'lr': 0.001, 'params': 419403, 'time_iter': 15.8412, 'accuracy': 0.9625, 'precision': 0.475, 'recall': 0.0154, 'f1': 0.0299, 'auc': 0.7326}
val: {'epoch': 74, 'loss': 0.0963, 'lr': 0.001, 'params': 419403, 'time_iter': 1.7557, 'accuracy': 0.9808, 'precision': 0.75, 'recall': 0.037, 'f1': 0.0706, 'auc': 0.7363}
train: {'epoch': 74, 'eta': 394841.3976, 'loss': 0.1435, 'lr': 0.001, 'params': 419403, 'time_iter': 15.2478, 'accuracy': 0.9624, 'precision': 0.4138, 'recall': 0.0097, 'f1': 0.019, 'auc': 0.7314}
val: {'epoch': 75, 'loss': 0.0992, 'lr': 0.001, 'params': 419403, 'time_iter': 1.9455, 'accuracy': 0.9803, 'precision': 0.0, 'recall': 0.0, 'f1': 0.0, 'auc': 0.7466}
train: {'epoch': 75, 'eta': 379003.381, 'loss': 0.1432, 'lr': 0.001, 'params': 419403, 'time_iter': 15.212, 'accuracy': 0.9624, 'precision': 0.4419, 'recall': 0.0154, 'f1': 0.0298, 'auc': 0.7336}
val: {'epoch': 76, 'loss': 0.0962, 'lr': 0.001, 'params': 419403, 'time_iter': 1.96, 'accuracy': 0.9798, 'precision': 0.0, 'recall': 0.0, 'f1': 0.0, 'auc': 0.744}
train: {'epoch': 76, 'eta': 363145.9245, 'loss': 0.1437, 'lr': 0.001, 'params': 419403, 'time_iter': 15.1332, 'accuracy': 0.9621, 'precision': 0.3158, 'recall': 0.0097, 'f1': 0.0189, 'auc': 0.7336}
val: {'epoch': 77, 'loss': 0.0941, 'lr': 0.001, 'params': 419403, 'time_iter': 1.948, 'accuracy': 0.9808, 'precision': 0.75, 'recall': 0.037, 'f1': 0.0706, 'auc': 0.7575}
train: {'epoch': 77, 'eta': 347323.9304, 'loss': 0.1434, 'lr': 0.001, 'params': 419403, 'time_iter': 15.2301, 'accuracy': 0.9621, 'precision': 0.2778, 'recall': 0.0081, 'f1': 0.0158, 'auc': 0.7328}
val: {'epoch': 78, 'loss': 0.0946, 'lr': 0.001, 'params': 419403, 'time_iter': 1.9377, 'accuracy': 0.9805, 'precision': 0.6667, 'recall': 0.0247, 'f1': 0.0476, 'auc': 0.749}
train: {'epoch': 78, 'eta': 331544.6374, 'loss': 0.1437, 'lr': 0.001, 'params': 419403, 'time_iter': 15.3723, 'accuracy': 0.9622, 'precision': 0.2692, 'recall': 0.0057, 'f1': 0.0111, 'auc': 0.7326}
val: {'epoch': 79, 'loss': 0.0969, 'lr': 0.001, 'params': 419403, 'time_iter': 2.5162, 'accuracy': 0.9798, 'precision': 0.0, 'recall': 0.0, 'f1': 0.0, 'auc': 0.7537}
train: {'epoch': 79, 'eta': 315706.9118, 'loss': 0.1434, 'lr': 0.001, 'params': 419403, 'time_iter': 15.149, 'accuracy': 0.9622, 'precision': 0.2381, 'recall': 0.0041, 'f1': 0.008, 'auc': 0.7356}
val: {'epoch': 80, 'loss': 0.0961, 'lr': 0.001, 'params': 419403, 'time_iter': 1.8619, 'accuracy': 0.9801, 'precision': 0.0, 'recall': 0.0, 'f1': 0.0, 'auc': 0.7437}
train: {'epoch': 80, 'eta': 299859.0147, 'loss': 0.1432, 'lr': 0.001, 'params': 419403, 'time_iter': 15.0813, 'accuracy': 0.9623, 'precision': 0.3448, 'recall': 0.0081, 'f1': 0.0159, 'auc': 0.7312}
val: {'epoch': 81, 'loss': 0.0939, 'lr': 0.001, 'params': 419403, 'time_iter': 2.0204, 'accuracy': 0.9798, 'precision': 0.0, 'recall': 0.0, 'f1': 0.0, 'auc': 0.769}
train: {'epoch': 81, 'eta': 283993.6701, 'loss': 0.1427, 'lr': 0.001, 'params': 419403, 'time_iter': 14.9685, 'accuracy': 0.9623, 'precision': 0.3214, 'recall': 0.0073, 'f1': 0.0143, 'auc': 0.7344}
val: {'epoch': 82, 'loss': 0.0957, 'lr': 0.001, 'params': 419403, 'time_iter': 1.925, 'accuracy': 0.9813, 'precision': 0.7, 'recall': 0.0864, 'f1': 0.1538, 'auc': 0.7311}
train: {'epoch': 82, 'eta': 268182.7193, 'loss': 0.1419, 'lr': 0.001, 'params': 419403, 'time_iter': 15.1737, 'accuracy': 0.9623, 'precision': 0.4167, 'recall': 0.0203, 'f1': 0.0387, 'auc': 0.7398}
val: {'epoch': 83, 'loss': 0.0978, 'lr': 0.001, 'params': 419403, 'time_iter': 2.0423, 'accuracy': 0.9801, 'precision': 0.3333, 'recall': 0.0123, 'f1': 0.0238, 'auc': 0.7622}
train: {'epoch': 83, 'eta': 252426.161, 'loss': 0.1425, 'lr': 0.001, 'params': 419403, 'time_iter': 15.4273, 'accuracy': 0.9624, 'precision': 0.425, 'recall': 0.0138, 'f1': 0.0267, 'auc': 0.7347}
val: {'epoch': 84, 'loss': 0.0997, 'lr': 0.001, 'params': 419403, 'time_iter': 1.954, 'accuracy': 0.9801, 'precision': 0.0, 'recall': 0.0, 'f1': 0.0, 'auc': 0.7492}
train: {'epoch': 84, 'eta': 236609.9618, 'loss': 0.1428, 'lr': 0.001, 'params': 419403, 'time_iter': 15.1141, 'accuracy': 0.962, 'precision': 0.25, 'recall': 0.0073, 'f1': 0.0142, 'auc': 0.7419}
val: {'epoch': 85, 'loss': 0.0911, 'lr': 0.001, 'params': 419403, 'time_iter': 1.7492, 'accuracy': 0.9805, 'precision': 1.0, 'recall': 0.0123, 'f1': 0.0244, 'auc': 0.7704}
train: {'epoch': 85, 'eta': 220785.0282, 'loss': 0.1435, 'lr': 0.001, 'params': 419403, 'time_iter': 15.0254, 'accuracy': 0.9623, 'precision': 0.4426, 'recall': 0.0219, 'f1': 0.0418, 'auc': 0.7323}
val: {'epoch': 86, 'loss': 0.0979, 'lr': 0.001, 'params': 419403, 'time_iter': 2.9099, 'accuracy': 0.9803, 'precision': 0.0, 'recall': 0.0, 'f1': 0.0, 'auc': 0.7468}
train: {'epoch': 86, 'eta': 204980.1694, 'loss': 0.1428, 'lr': 0.001, 'params': 419403, 'time_iter': 15.1015, 'accuracy': 0.9623, 'precision': 0.4082, 'recall': 0.0162, 'f1': 0.0312, 'auc': 0.7339}
val: {'epoch': 87, 'loss': 0.097, 'lr': 0.001, 'params': 419403, 'time_iter': 1.8583, 'accuracy': 0.9803, 'precision': 0.0, 'recall': 0.0, 'f1': 0.0, 'auc': 0.7419}
train: {'epoch': 87, 'eta': 189190.8319, 'loss': 0.1434, 'lr': 0.001, 'params': 419403, 'time_iter': 15.1692, 'accuracy': 0.9625, 'precision': 0.4878, 'recall': 0.0162, 'f1': 0.0314, 'auc': 0.7285}
val: {'epoch': 88, 'loss': 0.0944, 'lr': 0.001, 'params': 419403, 'time_iter': 1.986, 'accuracy': 0.9803, 'precision': 0.0, 'recall': 0.0, 'f1': 0.0, 'auc': 0.7674}
train: {'epoch': 88, 'eta': 173389.3731, 'loss': 0.1424, 'lr': 0.001, 'params': 419403, 'time_iter': 15.042, 'accuracy': 0.9622, 'precision': 0.3429, 'recall': 0.0097, 'f1': 0.0189, 'auc': 0.7405}
val: {'epoch': 89, 'loss': 0.0936, 'lr': 0.001, 'params': 419403, 'time_iter': 2.2268, 'accuracy': 0.9805, 'precision': 1.0, 'recall': 0.0123, 'f1': 0.0244, 'auc': 0.7627}
train: {'epoch': 89, 'eta': 157594.4551, 'loss': 0.1416, 'lr': 0.001, 'params': 419403, 'time_iter': 15.0364, 'accuracy': 0.9626, 'precision': 0.5128, 'recall': 0.0162, 'f1': 0.0315, 'auc': 0.7415}
val: {'epoch': 90, 'loss': 0.0931, 'lr': 0.001, 'params': 419403, 'time_iter': 1.8627, 'accuracy': 0.9808, 'precision': 0.75, 'recall': 0.037, 'f1': 0.0706, 'auc': 0.7607}
train: {'epoch': 90, 'eta': 141823.9429, 'loss': 0.1414, 'lr': 0.001, 'params': 419403, 'time_iter': 15.2066, 'accuracy': 0.9624, 'precision': 0.4722, 'recall': 0.0276, 'f1': 0.0521, 'auc': 0.7447}
val: {'epoch': 91, 'loss': 0.0916, 'lr': 0.001, 'params': 419403, 'time_iter': 1.7301, 'accuracy': 0.9803, 'precision': 0.0, 'recall': 0.0, 'f1': 0.0, 'auc': 0.7706}
train: {'epoch': 91, 'eta': 126025.1562, 'loss': 0.1412, 'lr': 0.001, 'params': 419403, 'time_iter': 14.8607, 'accuracy': 0.9626, 'precision': 0.5, 'recall': 0.0252, 'f1': 0.0479, 'auc': 0.7456}
val: {'epoch': 92, 'loss': 0.0998, 'lr': 0.001, 'params': 419403, 'time_iter': 2.0234, 'accuracy': 0.9805, 'precision': 1.0, 'recall': 0.0123, 'f1': 0.0244, 'auc': 0.7455}
train: {'epoch': 92, 'eta': 110284.7522, 'loss': 0.1416, 'lr': 0.001, 'params': 419403, 'time_iter': 15.4737, 'accuracy': 0.9626, 'precision': 0.5172, 'recall': 0.0244, 'f1': 0.0465, 'auc': 0.7418}
val: {'epoch': 93, 'loss': 0.0927, 'lr': 0.001, 'params': 419403, 'time_iter': 1.8195, 'accuracy': 0.9813, 'precision': 1.0, 'recall': 0.0494, 'f1': 0.0941, 'auc': 0.7555}
train: {'epoch': 93, 'eta': 94523.6721, 'loss': 0.1418, 'lr': 0.001, 'params': 419403, 'time_iter': 15.2178, 'accuracy': 0.9624, 'precision': 0.4576, 'recall': 0.0219, 'f1': 0.0418, 'auc': 0.7401}
val: {'epoch': 94, 'loss': 0.0945, 'lr': 0.001, 'params': 419403, 'time_iter': 1.985, 'accuracy': 0.9808, 'precision': 1.0, 'recall': 0.0247, 'f1': 0.0482, 'auc': 0.7512}
train: {'epoch': 94, 'eta': 78754.8771, 'loss': 0.1418, 'lr': 0.001, 'params': 419403, 'time_iter': 15.0358, 'accuracy': 0.9628, 'precision': 0.5667, 'recall': 0.0276, 'f1': 0.0526, 'auc': 0.7371}
val: {'epoch': 95, 'loss': 0.0914, 'lr': 0.001, 'params': 419403, 'time_iter': 1.8686, 'accuracy': 0.981, 'precision': 1.0, 'recall': 0.037, 'f1': 0.0714, 'auc': 0.7556}
train: {'epoch': 95, 'eta': 63011.7738, 'loss': 0.1413, 'lr': 0.001, 'params': 419403, 'time_iter': 15.4907, 'accuracy': 0.9627, 'precision': 0.5484, 'recall': 0.0276, 'f1': 0.0526, 'auc': 0.7403}
val: {'epoch': 96, 'loss': 0.097, 'lr': 0.001, 'params': 419403, 'time_iter': 2.3175, 'accuracy': 0.9803, 'precision': 0.0, 'recall': 0.0, 'f1': 0.0, 'auc': 0.7307}
train: {'epoch': 96, 'eta': 47255.0359, 'loss': 0.1431, 'lr': 0.001, 'params': 419403, 'time_iter': 15.1898, 'accuracy': 0.9625, 'precision': 0.4833, 'recall': 0.0235, 'f1': 0.0449, 'auc': 0.7353}
val: {'epoch': 97, 'loss': 0.1054, 'lr': 0.001, 'params': 419403, 'time_iter': 2.0226, 'accuracy': 0.9803, 'precision': 0.0, 'recall': 0.0, 'f1': 0.0, 'auc': 0.701}
train: {'epoch': 97, 'eta': 31521.3132, 'loss': 0.1453, 'lr': 0.001, 'params': 419403, 'time_iter': 16.1628, 'accuracy': 0.9625, 'precision': 0.4906, 'recall': 0.0211, 'f1': 0.0405, 'auc': 0.721}
val: {'epoch': 98, 'loss': 0.1008, 'lr': 0.001, 'params': 419403, 'time_iter': 1.8351, 'accuracy': 0.9818, 'precision': 1.0, 'recall': 0.0741, 'f1': 0.1379, 'auc': 0.6968}
train: {'epoch': 98, 'eta': 15761.0464, 'loss': 0.1454, 'lr': 0.001, 'params': 419403, 'time_iter': 15.354, 'accuracy': 0.9625, 'precision': 0.4915, 'recall': 0.0235, 'f1': 0.0449, 'auc': 0.7168}
val: {'epoch': 99, 'loss': 0.1076, 'lr': 0.001, 'params': 419403, 'time_iter': 2.0747, 'accuracy': 0.9813, 'precision': 1.0, 'recall': 0.0494, 'f1': 0.0941, 'auc': 0.6554}
train: {'epoch': 99, 'eta': 0.0, 'loss': 0.1447, 'lr': 0.001, 'params': 419403, 'time_iter': 15.1482, 'accuracy': 0.9625, 'precision': 0.4737, 'recall': 0.0219, 'f1': 0.0419, 'auc': 0.7249}
test: {'epoch': 99, 'loss': 0.1733, 'lr': 0.001, 'params': 419403, 'time_iter': 1.8968, 'accuracy': 0.9686, 'precision': 1.0, 'recall': 0.0077, 'f1': 0.0153, 'auc': 0.6667}
test: {'epoch': 71, 'loss': 0.1517, 'lr': 0.001, 'params': 419403, 'time_iter': 1.8647, 'accuracy': 0.9684, 'precision': 0.5, 'recall': 0.0077, 'f1': 0.0152, 'auc': 0.7375}
