GraphGymModule(
  (model): DilatedGNNModel(
    (encoder): FeatureEncoder(
      (node_encoder): AtomEncoder(
        (atom_embedding_list): ModuleList(
          (0): Embedding(119, 300)
          (1): Embedding(4, 300)
          (2): Embedding(12, 300)
          (3): Embedding(12, 300)
          (4): Embedding(10, 300)
          (5): Embedding(6, 300)
          (6): Embedding(6, 300)
          (7): Embedding(2, 300)
          (8): Embedding(2, 300)
        )
      )
      (edge_encoder): BondEncoder(
        (bond_embedding_list): ModuleList(
          (0): Embedding(5, 300)
          (1): Embedding(6, 300)
          (2): Embedding(2, 300)
        )
      )
    )
    (mp): GNNDilatedStage(
      (classic_layers): ModuleList(
        (0): GeneralLayer(
          (layer): EGATConv(
            (model): GATConv(300, 300, heads=1)
          )
          (post_layer): Sequential(
            (0): BatchNorm1d(300, eps=1e-05, momentum=0.1, affine=True, track_running_stats=True)
            (1): Dropout(p=0.5, inplace=False)
            (2): ReLU()
          )
        )
      )
      (dilated_layers): ModuleList(
        (0): DilatedGeneralLayer(
          (layer): EGATConv(
            (model): GATConv(300, 300, heads=1)
          )
          (post_layer): Sequential(
            (0): BatchNorm1d(300, eps=1e-05, momentum=0.1, affine=True, track_running_stats=True)
            (1): Dropout(p=0.5, inplace=False)
            (2): ReLU()
          )
          (gem): GeM(p=3.0000, eps=1e-06)
        )
        (1): DilatedGeneralLayer(
          (layer): EGATConv(
            (model): GATConv(300, 300, heads=1)
          )
          (post_layer): Sequential(
            (0): BatchNorm1d(300, eps=1e-05, momentum=0.1, affine=True, track_running_stats=True)
            (1): Dropout(p=0.5, inplace=False)
            (2): ReLU()
          )
          (gem): GeM(p=3.0000, eps=1e-06)
        )
      )
      (act): ReLU()
    )
    (post_mp): GNNGraphHead(
      (layer_post_mp): MLP(
        (model): Sequential(
          (0): Linear(
            (model): Linear(600, 1, bias=True)
          )
        )
      )
    )
  )
)
accelerator: cuda
benchmark: False
bn:
  eps: 1e-05
  mom: 0.1
cfg_dest: config.yaml
custom_metrics: []
dataset:
  cache_load: False
  cache_save: False
  dir: ./datasets
  edge_dim: 300
  edge_encoder: True
  edge_encoder_bn: False
  edge_encoder_name: Bond
  edge_message_ratio: 0.8
  edge_negative_sampling_ratio: 1.0
  edge_train_mode: all
  encoder: True
  encoder_bn: True
  encoder_dim: 128
  encoder_name: db
  fast_loader: False
  format: OGB
  label_column: none
  label_table: none
  location: local
  name: ogbg-molhiv
  node_encoder: True
  node_encoder_bn: False
  node_encoder_name: Atom
  remove_feature: False
  resample_disjoint: False
  resample_negative: False
  shuffle_split: True
  split: [0.8, 0.1, 0.1]
  split_mode: random
  task: graph
  task_type: classification
  to_undirected: False
  transductive: False
  transform: none
  tu_simple: True
devices: 1
gnn:
  act: relu
  act_on_last_layer_mp: False
  agg: none
  att_final_linear: False
  att_final_linear_bn: False
  att_heads: 1
  batchnorm: True
  clear_feature: True
  dilated_path_join: concat
  dim_inner: 300
  dropout: 0.5
  head: graph
  keep_edge: 0.5
  l2norm: True
  layer_type: egatconv
  layers_k1: 1
  layers_k2: 2
  layers_mp: 5
  layers_post_mp: 1
  layers_pre_mp: 0
  learn_alpha_residual_connection: False
  msg_direction: single
  normalize_adj: False
  self_msg: concat
  skip_every: 1
  stage_type: stack
  use_edge_features: True
gpu_mem: False
mem:
  inplace: False
metric_agg: argmax
metric_best: auc
model:
  edge_decoding: dot
  graph_pooling: mean
  loss_fun: cross_entropy
  match_upper: True
  size_average: mean
  thresh: 0.5
  type: dilated_gnn
num_threads: 6
num_workers: 16
optim:
  base_lr: 0.001
  lr_decay: 0.1
  max_epoch: 100
  momentum: 0.9
  optimizer: adam
  scheduler: none
  steps: [30, 60, 90]
  weight_decay: 0.0
out_dir: results_experiments/ogbg_molhiv_baseline_grid_design/ogbg_molhiv_baseline-type=dilated_gnn-layer_type=egatconv-layers_k1=1-layers_k2=2-dilated_path_join=concat-learn_alpha_residual_connection=False
params: 600903
print: both
round: 4
run_dir: results_experiments/ogbg_molhiv_baseline_grid_design/ogbg_molhiv_baseline-type=dilated_gnn-layer_type=egatconv-layers_k1=1-layers_k2=2-dilated_path_join=concat-learn_alpha_residual_connection=False/2
seed: 3
share:
  dim_in: 9
  dim_out: 2
  num_splits: 3
tensorboard_agg: True
tensorboard_each_run: False
train:
  auto_resume: False
  batch_size: 32
  ckpt_clean: True
  ckpt_period: 100
  enable_ckpt: True
  epoch_resume: -1
  eval_period: 1
  iter_per_epoch: 32
  neighbor_sizes: [20, 15, 10, 5]
  node_per_graph: 32
  radius: extend
  sample_node: False
  sampler: full_batch
  skip_train_eval: False
  walk_length: 4
val:
  node_per_graph: 32
  radius: extend
  sample_node: False
  sampler: full_batch
view_emb: False
Num parameters: 600903
val: {'epoch': 0, 'loss': 0.7203, 'lr': 0.001, 'params': 600903, 'time_iter': 1.4477, 'accuracy': 0.0156, 'precision': 0.0156, 'recall': 1.0, 'f1': 0.0308, 'auc': 0.9683}
val: {'epoch': 0, 'loss': 0.0981, 'lr': 0.001, 'params': 600903, 'time_iter': 3.4148, 'accuracy': 0.9803, 'precision': 0.0, 'recall': 0.0, 'f1': 0.0, 'auc': 0.6334}
train: {'epoch': 0, 'eta': 1963955.3526, 'loss': 0.1759, 'lr': 0.001, 'params': 600903, 'time_iter': 19.2788, 'accuracy': 0.9601, 'precision': 0.0349, 'recall': 0.0024, 'f1': 0.0046, 'auc': 0.6014}
val: {'epoch': 1, 'loss': 0.1024, 'lr': 0.001, 'params': 600903, 'time_iter': 3.7963, 'accuracy': 0.9803, 'precision': 0.0, 'recall': 0.0, 'f1': 0.0, 'auc': 0.6337}
train: {'epoch': 1, 'eta': 1872529.3712, 'loss': 0.153, 'lr': 0.001, 'params': 600903, 'time_iter': 17.859, 'accuracy': 0.9626, 'precision': 0.0, 'recall': 0.0, 'f1': 0.0, 'auc': 0.6557}
val: {'epoch': 2, 'loss': 0.095, 'lr': 0.001, 'params': 600903, 'time_iter': 3.0669, 'accuracy': 0.9803, 'precision': 0.0, 'recall': 0.0, 'f1': 0.0, 'auc': 0.6922}
train: {'epoch': 2, 'eta': 1868548.7439, 'loss': 0.1487, 'lr': 0.001, 'params': 600903, 'time_iter': 19.0236, 'accuracy': 0.9626, 'precision': 0.0, 'recall': 0.0, 'f1': 0.0, 'auc': 0.6973}
val: {'epoch': 3, 'loss': 0.0966, 'lr': 0.001, 'params': 600903, 'time_iter': 3.5445, 'accuracy': 0.9803, 'precision': 0.0, 'recall': 0.0, 'f1': 0.0, 'auc': 0.702}
train: {'epoch': 3, 'eta': 1846254.654, 'loss': 0.1467, 'lr': 0.001, 'params': 600903, 'time_iter': 18.5978, 'accuracy': 0.9626, 'precision': 0.0, 'recall': 0.0, 'f1': 0.0, 'auc': 0.7104}
val: {'epoch': 4, 'loss': 0.0972, 'lr': 0.001, 'params': 600903, 'time_iter': 3.202, 'accuracy': 0.9803, 'precision': 0.0, 'recall': 0.0, 'f1': 0.0, 'auc': 0.6975}
train: {'epoch': 4, 'eta': 1820348.114, 'loss': 0.1456, 'lr': 0.001, 'params': 600903, 'time_iter': 18.3484, 'accuracy': 0.9626, 'precision': 0.0, 'recall': 0.0, 'f1': 0.0, 'auc': 0.7154}
val: {'epoch': 5, 'loss': 0.0997, 'lr': 0.001, 'params': 600903, 'time_iter': 3.5304, 'accuracy': 0.9803, 'precision': 0.0, 'recall': 0.0, 'f1': 0.0, 'auc': 0.686}
train: {'epoch': 5, 'eta': 1806796.9385, 'loss': 0.1453, 'lr': 0.001, 'params': 600903, 'time_iter': 18.9696, 'accuracy': 0.9626, 'precision': 1.0, 'recall': 0.0008, 'f1': 0.0016, 'auc': 0.716}
val: {'epoch': 6, 'loss': 0.1019, 'lr': 0.001, 'params': 600903, 'time_iter': 3.0815, 'accuracy': 0.9803, 'precision': 0.0, 'recall': 0.0, 'f1': 0.0, 'auc': 0.6849}
train: {'epoch': 6, 'eta': 1786140.5991, 'loss': 0.1441, 'lr': 0.001, 'params': 600903, 'time_iter': 18.5746, 'accuracy': 0.9626, 'precision': 0.0, 'recall': 0.0, 'f1': 0.0, 'auc': 0.7244}
val: {'epoch': 7, 'loss': 0.1019, 'lr': 0.001, 'params': 600903, 'time_iter': 3.2923, 'accuracy': 0.9803, 'precision': 0.0, 'recall': 0.0, 'f1': 0.0, 'auc': 0.711}
train: {'epoch': 7, 'eta': 1760168.7651, 'loss': 0.1426, 'lr': 0.001, 'params': 600903, 'time_iter': 18.0928, 'accuracy': 0.9626, 'precision': 1.0, 'recall': 0.0008, 'f1': 0.0016, 'auc': 0.7298}
val: {'epoch': 8, 'loss': 0.1012, 'lr': 0.001, 'params': 600903, 'time_iter': 3.0732, 'accuracy': 0.9803, 'precision': 0.0, 'recall': 0.0, 'f1': 0.0, 'auc': 0.73}
train: {'epoch': 8, 'eta': 1743447.401, 'loss': 0.1421, 'lr': 0.001, 'params': 600903, 'time_iter': 18.8248, 'accuracy': 0.9625, 'precision': 0.0, 'recall': 0.0, 'f1': 0.0, 'auc': 0.738}
val: {'epoch': 9, 'loss': 0.1, 'lr': 0.001, 'params': 600903, 'time_iter': 3.2367, 'accuracy': 0.9803, 'precision': 0.0, 'recall': 0.0, 'f1': 0.0, 'auc': 0.7196}
train: {'epoch': 9, 'eta': 1732176.4815, 'loss': 0.1396, 'lr': 0.001, 'params': 600903, 'time_iter': 19.4705, 'accuracy': 0.9626, 'precision': 0.5, 'recall': 0.0016, 'f1': 0.0032, 'auc': 0.7509}
val: {'epoch': 10, 'loss': 0.1017, 'lr': 0.001, 'params': 600903, 'time_iter': 3.4743, 'accuracy': 0.9803, 'precision': 0.0, 'recall': 0.0, 'f1': 0.0, 'auc': 0.708}
train: {'epoch': 10, 'eta': 1714089.9762, 'loss': 0.1406, 'lr': 0.001, 'params': 600903, 'time_iter': 18.8433, 'accuracy': 0.9625, 'precision': 0.4444, 'recall': 0.0065, 'f1': 0.0128, 'auc': 0.7412}
val: {'epoch': 11, 'loss': 0.1052, 'lr': 0.001, 'params': 600903, 'time_iter': 3.1519, 'accuracy': 0.9805, 'precision': 1.0, 'recall': 0.0123, 'f1': 0.0244, 'auc': 0.7381}
train: {'epoch': 11, 'eta': 1692947.8325, 'loss': 0.1399, 'lr': 0.001, 'params': 600903, 'time_iter': 18.4672, 'accuracy': 0.9624, 'precision': 0.4565, 'recall': 0.017, 'f1': 0.0329, 'auc': 0.7432}
val: {'epoch': 12, 'loss': 0.1035, 'lr': 0.001, 'params': 600903, 'time_iter': 3.6428, 'accuracy': 0.9803, 'precision': 0.0, 'recall': 0.0, 'f1': 0.0, 'auc': 0.7342}
train: {'epoch': 12, 'eta': 1671701.8301, 'loss': 0.1383, 'lr': 0.001, 'params': 600903, 'time_iter': 18.4043, 'accuracy': 0.9629, 'precision': 0.6071, 'recall': 0.0276, 'f1': 0.0528, 'auc': 0.7508}
val: {'epoch': 13, 'loss': 0.1065, 'lr': 0.001, 'params': 600903, 'time_iter': 3.4696, 'accuracy': 0.9803, 'precision': 0.0, 'recall': 0.0, 'f1': 0.0, 'auc': 0.7393}
train: {'epoch': 13, 'eta': 1658149.9344, 'loss': 0.1379, 'lr': 0.001, 'params': 600903, 'time_iter': 19.5693, 'accuracy': 0.9626, 'precision': 0.5172, 'recall': 0.0244, 'f1': 0.0465, 'auc': 0.7546}
val: {'epoch': 14, 'loss': 0.1159, 'lr': 0.001, 'params': 600903, 'time_iter': 3.6456, 'accuracy': 0.9805, 'precision': 1.0, 'recall': 0.0123, 'f1': 0.0244, 'auc': 0.6977}
train: {'epoch': 14, 'eta': 1636417.0608, 'loss': 0.1375, 'lr': 0.001, 'params': 600903, 'time_iter': 18.3169, 'accuracy': 0.9624, 'precision': 0.4648, 'recall': 0.0268, 'f1': 0.0507, 'auc': 0.7576}
val: {'epoch': 15, 'loss': 0.1113, 'lr': 0.001, 'params': 600903, 'time_iter': 3.0281, 'accuracy': 0.9803, 'precision': 0.5, 'recall': 0.0123, 'f1': 0.0241, 'auc': 0.7118}
train: {'epoch': 15, 'eta': 1617944.1866, 'loss': 0.138, 'lr': 0.001, 'params': 600903, 'time_iter': 18.8536, 'accuracy': 0.9626, 'precision': 0.5147, 'recall': 0.0284, 'f1': 0.0538, 'auc': 0.7565}
val: {'epoch': 16, 'loss': 0.1072, 'lr': 0.001, 'params': 600903, 'time_iter': 3.4345, 'accuracy': 0.9803, 'precision': 0.0, 'recall': 0.0, 'f1': 0.0, 'auc': 0.7404}
train: {'epoch': 16, 'eta': 1601650.7422, 'loss': 0.138, 'lr': 0.001, 'params': 600903, 'time_iter': 19.3091, 'accuracy': 0.9627, 'precision': 0.5424, 'recall': 0.026, 'f1': 0.0496, 'auc': 0.7576}
val: {'epoch': 17, 'loss': 0.111, 'lr': 0.001, 'params': 600903, 'time_iter': 3.059, 'accuracy': 0.9803, 'precision': 0.5, 'recall': 0.0123, 'f1': 0.0241, 'auc': 0.7109}
train: {'epoch': 17, 'eta': 1581260.1461, 'loss': 0.1378, 'lr': 0.001, 'params': 600903, 'time_iter': 18.5199, 'accuracy': 0.9623, 'precision': 0.4557, 'recall': 0.0292, 'f1': 0.0549, 'auc': 0.7541}
val: {'epoch': 18, 'loss': 0.1149, 'lr': 0.001, 'params': 600903, 'time_iter': 3.308, 'accuracy': 0.9805, 'precision': 1.0, 'recall': 0.0123, 'f1': 0.0244, 'auc': 0.7397}
train: {'epoch': 18, 'eta': 1558936.0062, 'loss': 0.138, 'lr': 0.001, 'params': 600903, 'time_iter': 18.0471, 'accuracy': 0.9626, 'precision': 0.5053, 'recall': 0.039, 'f1': 0.0723, 'auc': 0.7532}
val: {'epoch': 19, 'loss': 0.1077, 'lr': 0.001, 'params': 600903, 'time_iter': 3.3831, 'accuracy': 0.9803, 'precision': 0.5, 'recall': 0.0123, 'f1': 0.0241, 'auc': 0.7411}
train: {'epoch': 19, 'eta': 1540657.5495, 'loss': 0.1364, 'lr': 0.001, 'params': 600903, 'time_iter': 18.9388, 'accuracy': 0.9627, 'precision': 0.5301, 'recall': 0.0357, 'f1': 0.0669, 'auc': 0.7577}
val: {'epoch': 20, 'loss': 0.118, 'lr': 0.001, 'params': 600903, 'time_iter': 3.3403, 'accuracy': 0.9801, 'precision': 0.0, 'recall': 0.0, 'f1': 0.0, 'auc': 0.7109}
train: {'epoch': 20, 'eta': 1524379.4491, 'loss': 0.1347, 'lr': 0.001, 'params': 600903, 'time_iter': 19.4853, 'accuracy': 0.9627, 'precision': 0.525, 'recall': 0.0511, 'f1': 0.0932, 'auc': 0.7651}
val: {'epoch': 21, 'loss': 0.1206, 'lr': 0.001, 'params': 600903, 'time_iter': 3.8495, 'accuracy': 0.9803, 'precision': 0.0, 'recall': 0.0, 'f1': 0.0, 'auc': 0.7501}
train: {'epoch': 21, 'eta': 1505279.543, 'loss': 0.134, 'lr': 0.001, 'params': 600903, 'time_iter': 18.8059, 'accuracy': 0.9627, 'precision': 0.5217, 'recall': 0.0584, 'f1': 0.1051, 'auc': 0.7687}
val: {'epoch': 22, 'loss': 0.1097, 'lr': 0.001, 'params': 600903, 'time_iter': 3.0364, 'accuracy': 0.9801, 'precision': 0.0, 'recall': 0.0, 'f1': 0.0, 'auc': 0.7425}
train: {'epoch': 22, 'eta': 1485389.7346, 'loss': 0.1347, 'lr': 0.001, 'params': 600903, 'time_iter': 18.5829, 'accuracy': 0.9627, 'precision': 0.5172, 'recall': 0.0487, 'f1': 0.089, 'auc': 0.7658}
val: {'epoch': 23, 'loss': 0.1216, 'lr': 0.001, 'params': 600903, 'time_iter': 3.3393, 'accuracy': 0.9801, 'precision': 0.0, 'recall': 0.0, 'f1': 0.0, 'auc': 0.7082}
train: {'epoch': 23, 'eta': 1464434.0664, 'loss': 0.1332, 'lr': 0.001, 'params': 600903, 'time_iter': 18.2362, 'accuracy': 0.9628, 'precision': 0.5267, 'recall': 0.056, 'f1': 0.1012, 'auc': 0.7726}
val: {'epoch': 24, 'loss': 0.119, 'lr': 0.001, 'params': 600903, 'time_iter': 3.3085, 'accuracy': 0.9803, 'precision': 0.0, 'recall': 0.0, 'f1': 0.0, 'auc': 0.7363}
train: {'epoch': 24, 'eta': 1446369.1264, 'loss': 0.1318, 'lr': 0.001, 'params': 600903, 'time_iter': 19.1158, 'accuracy': 0.9632, 'precision': 0.5686, 'recall': 0.0706, 'f1': 0.1256, 'auc': 0.7738}
val: {'epoch': 25, 'loss': 0.1234, 'lr': 0.001, 'params': 600903, 'time_iter': 3.1938, 'accuracy': 0.9803, 'precision': 0.0, 'recall': 0.0, 'f1': 0.0, 'auc': 0.7046}
train: {'epoch': 25, 'eta': 1427452.5462, 'loss': 0.1315, 'lr': 0.001, 'params': 600903, 'time_iter': 18.8672, 'accuracy': 0.9632, 'precision': 0.5568, 'recall': 0.0795, 'f1': 0.1392, 'auc': 0.7761}
val: {'epoch': 26, 'loss': 0.1267, 'lr': 0.001, 'params': 600903, 'time_iter': 3.5233, 'accuracy': 0.9803, 'precision': 0.0, 'recall': 0.0, 'f1': 0.0, 'auc': 0.7372}
train: {'epoch': 26, 'eta': 1406792.3617, 'loss': 0.1306, 'lr': 0.001, 'params': 600903, 'time_iter': 18.2537, 'accuracy': 0.9628, 'precision': 0.5215, 'recall': 0.069, 'f1': 0.1219, 'auc': 0.7826}
val: {'epoch': 27, 'loss': 0.1238, 'lr': 0.001, 'params': 600903, 'time_iter': 3.3369, 'accuracy': 0.9801, 'precision': 0.0, 'recall': 0.0, 'f1': 0.0, 'auc': 0.7453}
train: {'epoch': 27, 'eta': 1385830.2859, 'loss': 0.1306, 'lr': 0.001, 'params': 600903, 'time_iter': 18.089, 'accuracy': 0.9632, 'precision': 0.5663, 'recall': 0.0763, 'f1': 0.1345, 'auc': 0.7802}
val: {'epoch': 28, 'loss': 0.1317, 'lr': 0.001, 'params': 600903, 'time_iter': 3.2427, 'accuracy': 0.9801, 'precision': 0.0, 'recall': 0.0, 'f1': 0.0, 'auc': 0.7279}
train: {'epoch': 28, 'eta': 1365113.1243, 'loss': 0.1287, 'lr': 0.001, 'params': 600903, 'time_iter': 18.1219, 'accuracy': 0.9633, 'precision': 0.5561, 'recall': 0.0925, 'f1': 0.1587, 'auc': 0.7934}
val: {'epoch': 29, 'loss': 0.1247, 'lr': 0.001, 'params': 600903, 'time_iter': 3.3039, 'accuracy': 0.9798, 'precision': 0.0, 'recall': 0.0, 'f1': 0.0, 'auc': 0.7482}
train: {'epoch': 29, 'eta': 1345501.0018, 'loss': 0.1285, 'lr': 0.001, 'params': 600903, 'time_iter': 18.5247, 'accuracy': 0.9636, 'precision': 0.5876, 'recall': 0.0925, 'f1': 0.1599, 'auc': 0.7846}
val: {'epoch': 30, 'loss': 0.1265, 'lr': 0.001, 'params': 600903, 'time_iter': 3.6807, 'accuracy': 0.9801, 'precision': 0.0, 'recall': 0.0, 'f1': 0.0, 'auc': 0.7177}
train: {'epoch': 30, 'eta': 1326430.4622, 'loss': 0.1279, 'lr': 0.001, 'params': 600903, 'time_iter': 18.7456, 'accuracy': 0.963, 'precision': 0.5364, 'recall': 0.0958, 'f1': 0.1625, 'auc': 0.7919}
val: {'epoch': 31, 'loss': 0.1325, 'lr': 0.001, 'params': 600903, 'time_iter': 3.4744, 'accuracy': 0.9801, 'precision': 0.0, 'recall': 0.0, 'f1': 0.0, 'auc': 0.7363}
train: {'epoch': 31, 'eta': 1308443.4924, 'loss': 0.128, 'lr': 0.001, 'params': 600903, 'time_iter': 19.2474, 'accuracy': 0.964, 'precision': 0.6083, 'recall': 0.1071, 'f1': 0.1822, 'auc': 0.7901}
val: {'epoch': 32, 'loss': 0.1223, 'lr': 0.001, 'params': 600903, 'time_iter': 3.4469, 'accuracy': 0.9803, 'precision': 0.0, 'recall': 0.0, 'f1': 0.0, 'auc': 0.764}
train: {'epoch': 32, 'eta': 1288769.5242, 'loss': 0.1275, 'lr': 0.001, 'params': 600903, 'time_iter': 18.4927, 'accuracy': 0.9638, 'precision': 0.5917, 'recall': 0.1047, 'f1': 0.1779, 'auc': 0.7953}
val: {'epoch': 33, 'loss': 0.1338, 'lr': 0.001, 'params': 600903, 'time_iter': 3.3235, 'accuracy': 0.9803, 'precision': 0.0, 'recall': 0.0, 'f1': 0.0, 'auc': 0.7806}
train: {'epoch': 33, 'eta': 1268925.578, 'loss': 0.1273, 'lr': 0.001, 'params': 600903, 'time_iter': 18.3886, 'accuracy': 0.964, 'precision': 0.5927, 'recall': 0.1193, 'f1': 0.1986, 'auc': 0.79}
val: {'epoch': 34, 'loss': 0.129, 'lr': 0.001, 'params': 600903, 'time_iter': 3.2825, 'accuracy': 0.9803, 'precision': 0.0, 'recall': 0.0, 'f1': 0.0, 'auc': 0.7637}
train: {'epoch': 34, 'eta': 1249663.9216, 'loss': 0.1272, 'lr': 0.001, 'params': 600903, 'time_iter': 18.6657, 'accuracy': 0.9644, 'precision': 0.6304, 'recall': 0.1177, 'f1': 0.1984, 'auc': 0.7887}
val: {'epoch': 35, 'loss': 0.1405, 'lr': 0.001, 'params': 600903, 'time_iter': 3.0363, 'accuracy': 0.9803, 'precision': 0.0, 'recall': 0.0, 'f1': 0.0, 'auc': 0.7588}
train: {'epoch': 35, 'eta': 1228193.4271, 'loss': 0.1267, 'lr': 0.001, 'params': 600903, 'time_iter': 17.4566, 'accuracy': 0.9643, 'precision': 0.6118, 'recall': 0.1266, 'f1': 0.2098, 'auc': 0.7899}
val: {'epoch': 36, 'loss': 0.1331, 'lr': 0.001, 'params': 600903, 'time_iter': 3.1805, 'accuracy': 0.9803, 'precision': 0.0, 'recall': 0.0, 'f1': 0.0, 'auc': 0.7587}
train: {'epoch': 36, 'eta': 1208646.4282, 'loss': 0.1255, 'lr': 0.001, 'params': 600903, 'time_iter': 18.4462, 'accuracy': 0.9647, 'precision': 0.6406, 'recall': 0.1331, 'f1': 0.2204, 'auc': 0.793}
val: {'epoch': 37, 'loss': 0.1437, 'lr': 0.001, 'params': 600903, 'time_iter': 4.3087, 'accuracy': 0.9803, 'precision': 0.0, 'recall': 0.0, 'f1': 0.0, 'auc': 0.7572}
train: {'epoch': 37, 'eta': 1188928.6607, 'loss': 0.126, 'lr': 0.001, 'params': 600903, 'time_iter': 18.3268, 'accuracy': 0.9649, 'precision': 0.6584, 'recall': 0.1299, 'f1': 0.2169, 'auc': 0.7922}
val: {'epoch': 38, 'loss': 0.1479, 'lr': 0.001, 'params': 600903, 'time_iter': 3.3157, 'accuracy': 0.9803, 'precision': 0.0, 'recall': 0.0, 'f1': 0.0, 'auc': 0.7531}
train: {'epoch': 38, 'eta': 1170331.652, 'loss': 0.1236, 'lr': 0.001, 'params': 600903, 'time_iter': 18.9957, 'accuracy': 0.9648, 'precision': 0.6312, 'recall': 0.1445, 'f1': 0.2351, 'auc': 0.8071}
val: {'epoch': 39, 'loss': 0.137, 'lr': 0.001, 'params': 600903, 'time_iter': 3.468, 'accuracy': 0.9803, 'precision': 0.0, 'recall': 0.0, 'f1': 0.0, 'auc': 0.7405}
train: {'epoch': 39, 'eta': 1150498.7643, 'loss': 0.1252, 'lr': 0.001, 'params': 600903, 'time_iter': 18.2258, 'accuracy': 0.9643, 'precision': 0.6142, 'recall': 0.1266, 'f1': 0.21, 'auc': 0.7953}
val: {'epoch': 40, 'loss': 0.1348, 'lr': 0.001, 'params': 600903, 'time_iter': 3.509, 'accuracy': 0.9803, 'precision': 0.0, 'recall': 0.0, 'f1': 0.0, 'auc': 0.7621}
train: {'epoch': 40, 'eta': 1131446.2895, 'loss': 0.1244, 'lr': 0.001, 'params': 600903, 'time_iter': 18.7173, 'accuracy': 0.9649, 'precision': 0.6319, 'recall': 0.1477, 'f1': 0.2395, 'auc': 0.7962}
val: {'epoch': 41, 'loss': 0.142, 'lr': 0.001, 'params': 600903, 'time_iter': 3.618, 'accuracy': 0.9803, 'precision': 0.0, 'recall': 0.0, 'f1': 0.0, 'auc': 0.7502}
train: {'epoch': 41, 'eta': 1112915.6419, 'loss': 0.1266, 'lr': 0.001, 'params': 600903, 'time_iter': 19.0915, 'accuracy': 0.965, 'precision': 0.6481, 'recall': 0.142, 'f1': 0.233, 'auc': 0.7937}
val: {'epoch': 42, 'loss': 0.1454, 'lr': 0.001, 'params': 600903, 'time_iter': 3.1766, 'accuracy': 0.9803, 'precision': 0.0, 'recall': 0.0, 'f1': 0.0, 'auc': 0.7232}
train: {'epoch': 42, 'eta': 1093730.4762, 'loss': 0.126, 'lr': 0.001, 'params': 600903, 'time_iter': 18.6497, 'accuracy': 0.9637, 'precision': 0.5774, 'recall': 0.112, 'f1': 0.1876, 'auc': 0.8056}
val: {'epoch': 43, 'loss': 0.1408, 'lr': 0.001, 'params': 600903, 'time_iter': 2.9456, 'accuracy': 0.9803, 'precision': 0.0, 'recall': 0.0, 'f1': 0.0, 'auc': 0.7891}
train: {'epoch': 43, 'eta': 1073993.3313, 'loss': 0.1254, 'lr': 0.001, 'params': 600903, 'time_iter': 18.2284, 'accuracy': 0.9637, 'precision': 0.5704, 'recall': 0.1282, 'f1': 0.2094, 'auc': 0.8009}
val: {'epoch': 44, 'loss': 0.1388, 'lr': 0.001, 'params': 600903, 'time_iter': 3.8714, 'accuracy': 0.9803, 'precision': 0.0, 'recall': 0.0, 'f1': 0.0, 'auc': 0.7696}
train: {'epoch': 44, 'eta': 1053765.4251, 'loss': 0.1239, 'lr': 0.001, 'params': 600903, 'time_iter': 17.8035, 'accuracy': 0.9652, 'precision': 0.6514, 'recall': 0.1502, 'f1': 0.2441, 'auc': 0.8027}
val: {'epoch': 45, 'loss': 0.1398, 'lr': 0.001, 'params': 600903, 'time_iter': 3.1009, 'accuracy': 0.9803, 'precision': 0.0, 'recall': 0.0, 'f1': 0.0, 'auc': 0.7646}
train: {'epoch': 45, 'eta': 1035146.4357, 'loss': 0.1231, 'lr': 0.001, 'params': 600903, 'time_iter': 19.0668, 'accuracy': 0.9658, 'precision': 0.684, 'recall': 0.1599, 'f1': 0.2592, 'auc': 0.8068}
val: {'epoch': 46, 'loss': 0.1438, 'lr': 0.001, 'params': 600903, 'time_iter': 3.2935, 'accuracy': 0.9803, 'precision': 0.0, 'recall': 0.0, 'f1': 0.0, 'auc': 0.7357}
train: {'epoch': 46, 'eta': 1015241.417, 'loss': 0.121, 'lr': 0.001, 'params': 600903, 'time_iter': 17.9952, 'accuracy': 0.9651, 'precision': 0.6308, 'recall': 0.1664, 'f1': 0.2633, 'auc': 0.8143}
val: {'epoch': 47, 'loss': 0.1463, 'lr': 0.001, 'params': 600903, 'time_iter': 3.2126, 'accuracy': 0.9803, 'precision': 0.0, 'recall': 0.0, 'f1': 0.0, 'auc': 0.7398}
train: {'epoch': 47, 'eta': 997265.6208, 'loss': 0.1222, 'lr': 0.001, 'params': 600903, 'time_iter': 19.6739, 'accuracy': 0.9651, 'precision': 0.6324, 'recall': 0.1648, 'f1': 0.2614, 'auc': 0.8109}
val: {'epoch': 48, 'loss': 0.1455, 'lr': 0.001, 'params': 600903, 'time_iter': 3.6638, 'accuracy': 0.9803, 'precision': 0.0, 'recall': 0.0, 'f1': 0.0, 'auc': 0.7384}
train: {'epoch': 48, 'eta': 977534.3289, 'loss': 0.1227, 'lr': 0.001, 'params': 600903, 'time_iter': 18.1213, 'accuracy': 0.9654, 'precision': 0.6462, 'recall': 0.1705, 'f1': 0.2697, 'auc': 0.8069}
val: {'epoch': 49, 'loss': 0.1427, 'lr': 0.001, 'params': 600903, 'time_iter': 3.2902, 'accuracy': 0.9803, 'precision': 0.0, 'recall': 0.0, 'f1': 0.0, 'auc': 0.7041}
train: {'epoch': 49, 'eta': 959301.554, 'loss': 0.1217, 'lr': 0.001, 'params': 600903, 'time_iter': 19.5354, 'accuracy': 0.9659, 'precision': 0.6667, 'recall': 0.1802, 'f1': 0.2837, 'auc': 0.8119}
val: {'epoch': 50, 'loss': 0.1444, 'lr': 0.001, 'params': 600903, 'time_iter': 3.076, 'accuracy': 0.9803, 'precision': 0.0, 'recall': 0.0, 'f1': 0.0, 'auc': 0.6636}
train: {'epoch': 50, 'eta': 940580.0413, 'loss': 0.1212, 'lr': 0.001, 'params': 600903, 'time_iter': 19.1152, 'accuracy': 0.9656, 'precision': 0.6514, 'recall': 0.1729, 'f1': 0.2733, 'auc': 0.8162}
val: {'epoch': 51, 'loss': 0.1395, 'lr': 0.001, 'params': 600903, 'time_iter': 3.559, 'accuracy': 0.9803, 'precision': 0.0, 'recall': 0.0, 'f1': 0.0, 'auc': 0.6946}
train: {'epoch': 51, 'eta': 921476.7788, 'loss': 0.1222, 'lr': 0.001, 'params': 600903, 'time_iter': 18.7516, 'accuracy': 0.9659, 'precision': 0.6697, 'recall': 0.1778, 'f1': 0.2809, 'auc': 0.8121}
val: {'epoch': 52, 'loss': 0.151, 'lr': 0.001, 'params': 600903, 'time_iter': 2.9546, 'accuracy': 0.9803, 'precision': 0.0, 'recall': 0.0, 'f1': 0.0, 'auc': 0.6435}
train: {'epoch': 52, 'eta': 901805.5537, 'loss': 0.1204, 'lr': 0.001, 'params': 600903, 'time_iter': 18.1372, 'accuracy': 0.9659, 'precision': 0.6627, 'recall': 0.1802, 'f1': 0.2833, 'auc': 0.8163}
val: {'epoch': 53, 'loss': 0.1516, 'lr': 0.001, 'params': 600903, 'time_iter': 3.413, 'accuracy': 0.9803, 'precision': 0.0, 'recall': 0.0, 'f1': 0.0, 'auc': 0.6091}
train: {'epoch': 53, 'eta': 882773.8192, 'loss': 0.1211, 'lr': 0.001, 'params': 600903, 'time_iter': 18.8241, 'accuracy': 0.966, 'precision': 0.6827, 'recall': 0.1729, 'f1': 0.2759, 'auc': 0.8153}
val: {'epoch': 54, 'loss': 0.1522, 'lr': 0.001, 'params': 600903, 'time_iter': 3.1329, 'accuracy': 0.9803, 'precision': 0.0, 'recall': 0.0, 'f1': 0.0, 'auc': 0.6381}
train: {'epoch': 54, 'eta': 863987.6757, 'loss': 0.1241, 'lr': 0.001, 'params': 600903, 'time_iter': 19.1305, 'accuracy': 0.966, 'precision': 0.6902, 'recall': 0.1664, 'f1': 0.2681, 'auc': 0.8055}
val: {'epoch': 55, 'loss': 0.1479, 'lr': 0.001, 'params': 600903, 'time_iter': 3.492, 'accuracy': 0.9803, 'precision': 0.0, 'recall': 0.0, 'f1': 0.0, 'auc': 0.7058}
train: {'epoch': 55, 'eta': 845229.2337, 'loss': 0.124, 'lr': 0.001, 'params': 600903, 'time_iter': 19.2044, 'accuracy': 0.9654, 'precision': 0.6568, 'recall': 0.1615, 'f1': 0.2593, 'auc': 0.8053}
val: {'epoch': 56, 'loss': 0.1462, 'lr': 0.001, 'params': 600903, 'time_iter': 3.4638, 'accuracy': 0.9803, 'precision': 0.0, 'recall': 0.0, 'f1': 0.0, 'auc': 0.7091}
train: {'epoch': 56, 'eta': 826040.2124, 'loss': 0.1226, 'lr': 0.001, 'params': 600903, 'time_iter': 18.6951, 'accuracy': 0.966, 'precision': 0.6771, 'recall': 0.1753, 'f1': 0.2785, 'auc': 0.8069}
val: {'epoch': 57, 'loss': 0.1493, 'lr': 0.001, 'params': 600903, 'time_iter': 3.7053, 'accuracy': 0.9803, 'precision': 0.0, 'recall': 0.0, 'f1': 0.0, 'auc': 0.6738}
train: {'epoch': 57, 'eta': 806995.7884, 'loss': 0.1225, 'lr': 0.001, 'params': 600903, 'time_iter': 18.8914, 'accuracy': 0.9656, 'precision': 0.6554, 'recall': 0.1729, 'f1': 0.2736, 'auc': 0.8113}
val: {'epoch': 58, 'loss': 0.1442, 'lr': 0.001, 'params': 600903, 'time_iter': 3.1648, 'accuracy': 0.9803, 'precision': 0.0, 'recall': 0.0, 'f1': 0.0, 'auc': 0.6665}
train: {'epoch': 58, 'eta': 787943.8657, 'loss': 0.1204, 'lr': 0.001, 'params': 600903, 'time_iter': 18.8996, 'accuracy': 0.9662, 'precision': 0.6817, 'recall': 0.1843, 'f1': 0.2901, 'auc': 0.8176}
val: {'epoch': 59, 'loss': 0.1577, 'lr': 0.001, 'params': 600903, 'time_iter': 3.3319, 'accuracy': 0.9803, 'precision': 0.0, 'recall': 0.0, 'f1': 0.0, 'auc': 0.7162}
train: {'epoch': 59, 'eta': 769028.3643, 'loss': 0.1185, 'lr': 0.001, 'params': 600903, 'time_iter': 19.1177, 'accuracy': 0.9657, 'precision': 0.6496, 'recall': 0.1851, 'f1': 0.2881, 'auc': 0.8268}
val: {'epoch': 60, 'loss': 0.155, 'lr': 0.001, 'params': 600903, 'time_iter': 3.8875, 'accuracy': 0.9803, 'precision': 0.0, 'recall': 0.0, 'f1': 0.0, 'auc': 0.7074}
train: {'epoch': 60, 'eta': 749714.8561, 'loss': 0.1185, 'lr': 0.001, 'params': 600903, 'time_iter': 18.5504, 'accuracy': 0.9667, 'precision': 0.6839, 'recall': 0.2037, 'f1': 0.3139, 'auc': 0.8214}
val: {'epoch': 61, 'loss': 0.1647, 'lr': 0.001, 'params': 600903, 'time_iter': 3.246, 'accuracy': 0.9803, 'precision': 0.0, 'recall': 0.0, 'f1': 0.0, 'auc': 0.6756}
train: {'epoch': 61, 'eta': 730435.918, 'loss': 0.1193, 'lr': 0.001, 'params': 600903, 'time_iter': 18.5937, 'accuracy': 0.9653, 'precision': 0.6223, 'recall': 0.1859, 'f1': 0.2863, 'auc': 0.8303}
val: {'epoch': 62, 'loss': 0.1659, 'lr': 0.001, 'params': 600903, 'time_iter': 3.4876, 'accuracy': 0.9803, 'precision': 0.0, 'recall': 0.0, 'f1': 0.0, 'auc': 0.6525}
train: {'epoch': 62, 'eta': 711022.0598, 'loss': 0.1194, 'lr': 0.001, 'params': 600903, 'time_iter': 18.3628, 'accuracy': 0.9658, 'precision': 0.6456, 'recall': 0.1907, 'f1': 0.2945, 'auc': 0.8236}
val: {'epoch': 63, 'loss': 0.16, 'lr': 0.001, 'params': 600903, 'time_iter': 3.4383, 'accuracy': 0.9803, 'precision': 0.0, 'recall': 0.0, 'f1': 0.0, 'auc': 0.7147}
train: {'epoch': 63, 'eta': 691826.2249, 'loss': 0.1196, 'lr': 0.001, 'params': 600903, 'time_iter': 18.7115, 'accuracy': 0.9658, 'precision': 0.6517, 'recall': 0.1883, 'f1': 0.2922, 'auc': 0.8243}
val: {'epoch': 64, 'loss': 0.152, 'lr': 0.001, 'params': 600903, 'time_iter': 3.2769, 'accuracy': 0.9803, 'precision': 0.0, 'recall': 0.0, 'f1': 0.0, 'auc': 0.676}
train: {'epoch': 64, 'eta': 672387.0019, 'loss': 0.1196, 'lr': 0.001, 'params': 600903, 'time_iter': 18.2754, 'accuracy': 0.9661, 'precision': 0.6686, 'recall': 0.1867, 'f1': 0.2919, 'auc': 0.8214}
val: {'epoch': 65, 'loss': 0.1691, 'lr': 0.001, 'params': 600903, 'time_iter': 3.4896, 'accuracy': 0.9803, 'precision': 0.0, 'recall': 0.0, 'f1': 0.0, 'auc': 0.6285}
train: {'epoch': 65, 'eta': 653129.6356, 'loss': 0.1192, 'lr': 0.001, 'params': 600903, 'time_iter': 18.5823, 'accuracy': 0.9657, 'precision': 0.6396, 'recall': 0.1916, 'f1': 0.2948, 'auc': 0.8264}
val: {'epoch': 66, 'loss': 0.1589, 'lr': 0.001, 'params': 600903, 'time_iter': 3.514, 'accuracy': 0.9803, 'precision': 0.0, 'recall': 0.0, 'f1': 0.0, 'auc': 0.6588}
train: {'epoch': 66, 'eta': 633726.8856, 'loss': 0.1177, 'lr': 0.001, 'params': 600903, 'time_iter': 18.2874, 'accuracy': 0.9662, 'precision': 0.6658, 'recall': 0.1972, 'f1': 0.3043, 'auc': 0.8268}
val: {'epoch': 67, 'loss': 0.1713, 'lr': 0.001, 'params': 600903, 'time_iter': 3.109, 'accuracy': 0.9803, 'precision': 0.0, 'recall': 0.0, 'f1': 0.0, 'auc': 0.6476}
train: {'epoch': 67, 'eta': 614374.1526, 'loss': 0.1164, 'lr': 0.001, 'params': 600903, 'time_iter': 18.3552, 'accuracy': 0.9664, 'precision': 0.6667, 'recall': 0.2045, 'f1': 0.313, 'auc': 0.8371}
val: {'epoch': 68, 'loss': 0.1679, 'lr': 0.001, 'params': 600903, 'time_iter': 3.4504, 'accuracy': 0.9803, 'precision': 0.0, 'recall': 0.0, 'f1': 0.0, 'auc': 0.665}
train: {'epoch': 68, 'eta': 595427.459, 'loss': 0.1166, 'lr': 0.001, 'params': 600903, 'time_iter': 19.2043, 'accuracy': 0.9673, 'precision': 0.7082, 'recall': 0.2167, 'f1': 0.3319, 'auc': 0.8282}
val: {'epoch': 69, 'loss': 0.1659, 'lr': 0.001, 'params': 600903, 'time_iter': 3.6145, 'accuracy': 0.9803, 'precision': 0.0, 'recall': 0.0, 'f1': 0.0, 'auc': 0.6804}
train: {'epoch': 69, 'eta': 575989.2075, 'loss': 0.1159, 'lr': 0.001, 'params': 600903, 'time_iter': 18.1424, 'accuracy': 0.9668, 'precision': 0.6902, 'recall': 0.2062, 'f1': 0.3175, 'auc': 0.8353}
val: {'epoch': 70, 'loss': 0.1638, 'lr': 0.001, 'params': 600903, 'time_iter': 3.0351, 'accuracy': 0.9803, 'precision': 0.0, 'recall': 0.0, 'f1': 0.0, 'auc': 0.6834}
train: {'epoch': 70, 'eta': 556875.3195, 'loss': 0.1159, 'lr': 0.001, 'params': 600903, 'time_iter': 18.8626, 'accuracy': 0.9664, 'precision': 0.6684, 'recall': 0.2062, 'f1': 0.3151, 'auc': 0.8437}
val: {'epoch': 71, 'loss': 0.1623, 'lr': 0.001, 'params': 600903, 'time_iter': 3.415, 'accuracy': 0.9803, 'precision': 0.0, 'recall': 0.0, 'f1': 0.0, 'auc': 0.6747}
train: {'epoch': 71, 'eta': 537583.0621, 'loss': 0.1209, 'lr': 0.001, 'params': 600903, 'time_iter': 18.4374, 'accuracy': 0.9665, 'precision': 0.7003, 'recall': 0.1859, 'f1': 0.2938, 'auc': 0.816}
val: {'epoch': 72, 'loss': 0.1634, 'lr': 0.001, 'params': 600903, 'time_iter': 3.1105, 'accuracy': 0.9803, 'precision': 0.0, 'recall': 0.0, 'f1': 0.0, 'auc': 0.6851}
train: {'epoch': 72, 'eta': 518551.907, 'loss': 0.1189, 'lr': 0.001, 'params': 600903, 'time_iter': 19.1004, 'accuracy': 0.9668, 'precision': 0.7038, 'recall': 0.1948, 'f1': 0.3051, 'auc': 0.8237}
val: {'epoch': 73, 'loss': 0.1772, 'lr': 0.001, 'params': 600903, 'time_iter': 3.5908, 'accuracy': 0.9803, 'precision': 0.0, 'recall': 0.0, 'f1': 0.0, 'auc': 0.65}
train: {'epoch': 73, 'eta': 499273.3155, 'loss': 0.1197, 'lr': 0.001, 'params': 600903, 'time_iter': 18.4625, 'accuracy': 0.9664, 'precision': 0.6911, 'recall': 0.1834, 'f1': 0.2899, 'auc': 0.8204}
val: {'epoch': 74, 'loss': 0.1607, 'lr': 0.001, 'params': 600903, 'time_iter': 3.1422, 'accuracy': 0.9803, 'precision': 0.0, 'recall': 0.0, 'f1': 0.0, 'auc': 0.6529}
train: {'epoch': 74, 'eta': 479889.894, 'loss': 0.1202, 'lr': 0.001, 'params': 600903, 'time_iter': 18.1351, 'accuracy': 0.967, 'precision': 0.7234, 'recall': 0.1932, 'f1': 0.3049, 'auc': 0.8107}
val: {'epoch': 75, 'loss': 0.1679, 'lr': 0.001, 'params': 600903, 'time_iter': 3.2728, 'accuracy': 0.9803, 'precision': 0.0, 'recall': 0.0, 'f1': 0.0, 'auc': 0.6243}
train: {'epoch': 75, 'eta': 460697.425, 'loss': 0.1184, 'lr': 0.001, 'params': 600903, 'time_iter': 18.6642, 'accuracy': 0.9674, 'precision': 0.7293, 'recall': 0.2078, 'f1': 0.3234, 'auc': 0.8226}
val: {'epoch': 76, 'loss': 0.1677, 'lr': 0.001, 'params': 600903, 'time_iter': 3.211, 'accuracy': 0.9803, 'precision': 0.0, 'recall': 0.0, 'f1': 0.0, 'auc': 0.6456}
train: {'epoch': 76, 'eta': 441417.8122, 'loss': 0.1162, 'lr': 0.001, 'params': 600903, 'time_iter': 18.3818, 'accuracy': 0.9668, 'precision': 0.689, 'recall': 0.2086, 'f1': 0.3202, 'auc': 0.8312}
val: {'epoch': 77, 'loss': 0.1651, 'lr': 0.001, 'params': 600903, 'time_iter': 3.2888, 'accuracy': 0.9803, 'precision': 0.0, 'recall': 0.0, 'f1': 0.0, 'auc': 0.7447}
train: {'epoch': 77, 'eta': 422143.9778, 'loss': 0.1228, 'lr': 0.001, 'params': 600903, 'time_iter': 18.3695, 'accuracy': 0.9654, 'precision': 0.6465, 'recall': 0.1648, 'f1': 0.2626, 'auc': 0.8133}
val: {'epoch': 78, 'loss': 0.1696, 'lr': 0.001, 'params': 600903, 'time_iter': 3.8974, 'accuracy': 0.9803, 'precision': 0.0, 'recall': 0.0, 'f1': 0.0, 'auc': 0.7072}
train: {'epoch': 78, 'eta': 402974.3081, 'loss': 0.115, 'lr': 0.001, 'params': 600903, 'time_iter': 18.7159, 'accuracy': 0.9671, 'precision': 0.7027, 'recall': 0.211, 'f1': 0.3246, 'auc': 0.8431}
val: {'epoch': 79, 'loss': 0.173, 'lr': 0.001, 'params': 600903, 'time_iter': 3.1599, 'accuracy': 0.9803, 'precision': 0.0, 'recall': 0.0, 'f1': 0.0, 'auc': 0.6963}
train: {'epoch': 79, 'eta': 383768.4909, 'loss': 0.1141, 'lr': 0.001, 'params': 600903, 'time_iter': 18.5841, 'accuracy': 0.9672, 'precision': 0.6995, 'recall': 0.2192, 'f1': 0.3337, 'auc': 0.8443}
val: {'epoch': 80, 'loss': 0.1692, 'lr': 0.001, 'params': 600903, 'time_iter': 3.5979, 'accuracy': 0.9803, 'precision': 0.0, 'recall': 0.0, 'f1': 0.0, 'auc': 0.7093}
train: {'epoch': 80, 'eta': 364526.0622, 'loss': 0.115, 'lr': 0.001, 'params': 600903, 'time_iter': 18.4239, 'accuracy': 0.9667, 'precision': 0.6726, 'recall': 0.2151, 'f1': 0.326, 'auc': 0.8441}
val: {'epoch': 81, 'loss': 0.1681, 'lr': 0.001, 'params': 600903, 'time_iter': 3.2849, 'accuracy': 0.9803, 'precision': 0.0, 'recall': 0.0, 'f1': 0.0, 'auc': 0.6788}
train: {'epoch': 81, 'eta': 345374.5693, 'loss': 0.1134, 'lr': 0.001, 'params': 600903, 'time_iter': 18.7958, 'accuracy': 0.9675, 'precision': 0.6964, 'recall': 0.2346, 'f1': 0.3509, 'auc': 0.8423}
val: {'epoch': 82, 'loss': 0.1769, 'lr': 0.001, 'params': 600903, 'time_iter': 3.5862, 'accuracy': 0.9803, 'precision': 0.0, 'recall': 0.0, 'f1': 0.0, 'auc': 0.7078}
train: {'epoch': 82, 'eta': 326284.0661, 'loss': 0.1137, 'lr': 0.001, 'params': 600903, 'time_iter': 19.1068, 'accuracy': 0.9677, 'precision': 0.7107, 'recall': 0.2313, 'f1': 0.3491, 'auc': 0.8421}
val: {'epoch': 83, 'loss': 0.1723, 'lr': 0.001, 'params': 600903, 'time_iter': 3.0636, 'accuracy': 0.9805, 'precision': 1.0, 'recall': 0.0123, 'f1': 0.0244, 'auc': 0.6958}
train: {'epoch': 83, 'eta': 307094.4614, 'loss': 0.1129, 'lr': 0.001, 'params': 600903, 'time_iter': 18.6705, 'accuracy': 0.9675, 'precision': 0.7022, 'recall': 0.2297, 'f1': 0.3462, 'auc': 0.8474}
val: {'epoch': 84, 'loss': 0.168, 'lr': 0.001, 'params': 600903, 'time_iter': 3.3918, 'accuracy': 0.9805, 'precision': 1.0, 'recall': 0.0123, 'f1': 0.0244, 'auc': 0.6956}
train: {'epoch': 84, 'eta': 287915.9704, 'loss': 0.1133, 'lr': 0.001, 'params': 600903, 'time_iter': 18.7346, 'accuracy': 0.9675, 'precision': 0.6945, 'recall': 0.2362, 'f1': 0.3525, 'auc': 0.8433}
val: {'epoch': 85, 'loss': 0.1661, 'lr': 0.001, 'params': 600903, 'time_iter': 3.4652, 'accuracy': 0.9803, 'precision': 0.0, 'recall': 0.0, 'f1': 0.0, 'auc': 0.7409}
train: {'epoch': 85, 'eta': 268717.0698, 'loss': 0.1122, 'lr': 0.001, 'params': 600903, 'time_iter': 18.6266, 'accuracy': 0.9681, 'precision': 0.716, 'recall': 0.2435, 'f1': 0.3634, 'auc': 0.8484}
val: {'epoch': 86, 'loss': 0.1752, 'lr': 0.001, 'params': 600903, 'time_iter': 3.2217, 'accuracy': 0.9803, 'precision': 0.0, 'recall': 0.0, 'f1': 0.0, 'auc': 0.6722}
train: {'epoch': 86, 'eta': 249523.978, 'loss': 0.1117, 'lr': 0.001, 'params': 600903, 'time_iter': 18.6595, 'accuracy': 0.9686, 'precision': 0.7386, 'recall': 0.25, 'f1': 0.3736, 'auc': 0.8499}
val: {'epoch': 87, 'loss': 0.1742, 'lr': 0.001, 'params': 600903, 'time_iter': 3.0738, 'accuracy': 0.9803, 'precision': 0.0, 'recall': 0.0, 'f1': 0.0, 'auc': 0.6701}
train: {'epoch': 87, 'eta': 230391.5394, 'loss': 0.1114, 'lr': 0.001, 'params': 600903, 'time_iter': 19.093, 'accuracy': 0.9681, 'precision': 0.719, 'recall': 0.2451, 'f1': 0.3656, 'auc': 0.8507}
val: {'epoch': 88, 'loss': 0.1751, 'lr': 0.001, 'params': 600903, 'time_iter': 3.4141, 'accuracy': 0.9803, 'precision': 0.0, 'recall': 0.0, 'f1': 0.0, 'auc': 0.7001}
train: {'epoch': 88, 'eta': 211138.354, 'loss': 0.1119, 'lr': 0.001, 'params': 600903, 'time_iter': 18.2345, 'accuracy': 0.9677, 'precision': 0.6998, 'recall': 0.2403, 'f1': 0.3577, 'auc': 0.8532}
val: {'epoch': 89, 'loss': 0.1719, 'lr': 0.001, 'params': 600903, 'time_iter': 3.4481, 'accuracy': 0.9803, 'precision': 0.0, 'recall': 0.0, 'f1': 0.0, 'auc': 0.668}
train: {'epoch': 89, 'eta': 191934.3792, 'loss': 0.1114, 'lr': 0.001, 'params': 600903, 'time_iter': 18.5697, 'accuracy': 0.9676, 'precision': 0.6932, 'recall': 0.2403, 'f1': 0.3568, 'auc': 0.8539}
val: {'epoch': 90, 'loss': 0.1758, 'lr': 0.001, 'params': 600903, 'time_iter': 3.2549, 'accuracy': 0.9805, 'precision': 1.0, 'recall': 0.0123, 'f1': 0.0244, 'auc': 0.6322}
train: {'epoch': 90, 'eta': 172710.9814, 'loss': 0.113, 'lr': 0.001, 'params': 600903, 'time_iter': 18.3581, 'accuracy': 0.9671, 'precision': 0.6823, 'recall': 0.2248, 'f1': 0.3382, 'auc': 0.8462}
val: {'epoch': 91, 'loss': 0.1716, 'lr': 0.001, 'params': 600903, 'time_iter': 3.9815, 'accuracy': 0.9803, 'precision': 0.0, 'recall': 0.0, 'f1': 0.0, 'auc': 0.6859}
train: {'epoch': 91, 'eta': 153558.4936, 'loss': 0.1116, 'lr': 0.001, 'params': 600903, 'time_iter': 19.0697, 'accuracy': 0.9683, 'precision': 0.7172, 'recall': 0.2532, 'f1': 0.3743, 'auc': 0.8493}
val: {'epoch': 92, 'loss': 0.1789, 'lr': 0.001, 'params': 600903, 'time_iter': 3.4884, 'accuracy': 0.9803, 'precision': 0.0, 'recall': 0.0, 'f1': 0.0, 'auc': 0.6444}
train: {'epoch': 92, 'eta': 134393.7008, 'loss': 0.1142, 'lr': 0.001, 'params': 600903, 'time_iter': 19.0414, 'accuracy': 0.9676, 'precision': 0.7072, 'recall': 0.2313, 'f1': 0.3486, 'auc': 0.8396}
val: {'epoch': 93, 'loss': 0.1725, 'lr': 0.001, 'params': 600903, 'time_iter': 3.6709, 'accuracy': 0.9803, 'precision': 0.0, 'recall': 0.0, 'f1': 0.0, 'auc': 0.7033}
train: {'epoch': 93, 'eta': 115182.1902, 'loss': 0.118, 'lr': 0.001, 'params': 600903, 'time_iter': 18.4691, 'accuracy': 0.9667, 'precision': 0.6974, 'recall': 0.1964, 'f1': 0.3065, 'auc': 0.8314}
val: {'epoch': 94, 'loss': 0.1817, 'lr': 0.001, 'params': 600903, 'time_iter': 3.3836, 'accuracy': 0.9803, 'precision': 0.0, 'recall': 0.0, 'f1': 0.0, 'auc': 0.6476}
train: {'epoch': 94, 'eta': 95984.1492, 'loss': 0.1172, 'lr': 0.001, 'params': 600903, 'time_iter': 18.6374, 'accuracy': 0.9671, 'precision': 0.6979, 'recall': 0.2119, 'f1': 0.325, 'auc': 0.8338}
val: {'epoch': 95, 'loss': 0.1848, 'lr': 0.001, 'params': 600903, 'time_iter': 3.4855, 'accuracy': 0.9803, 'precision': 0.0, 'recall': 0.0, 'f1': 0.0, 'auc': 0.6764}
train: {'epoch': 95, 'eta': 76788.0892, 'loss': 0.1141, 'lr': 0.001, 'params': 600903, 'time_iter': 18.6738, 'accuracy': 0.9676, 'precision': 0.7207, 'recall': 0.22, 'f1': 0.3371, 'auc': 0.8435}
val: {'epoch': 96, 'loss': 0.1807, 'lr': 0.001, 'params': 600903, 'time_iter': 3.233, 'accuracy': 0.9803, 'precision': 0.0, 'recall': 0.0, 'f1': 0.0, 'auc': 0.6882}
train: {'epoch': 96, 'eta': 57604.1473, 'loss': 0.1125, 'lr': 0.001, 'params': 600903, 'time_iter': 19.067, 'accuracy': 0.9674, 'precision': 0.7038, 'recall': 0.2256, 'f1': 0.3417, 'auc': 0.8523}
val: {'epoch': 97, 'loss': 0.1875, 'lr': 0.001, 'params': 600903, 'time_iter': 3.5031, 'accuracy': 0.9803, 'precision': 0.0, 'recall': 0.0, 'f1': 0.0, 'auc': 0.6405}
train: {'epoch': 97, 'eta': 38397.504, 'loss': 0.1131, 'lr': 0.001, 'params': 600903, 'time_iter': 18.4097, 'accuracy': 0.9675, 'precision': 0.6919, 'recall': 0.237, 'f1': 0.3531, 'auc': 0.8489}
val: {'epoch': 98, 'loss': 0.1797, 'lr': 0.001, 'params': 600903, 'time_iter': 3.891, 'accuracy': 0.9803, 'precision': 0.0, 'recall': 0.0, 'f1': 0.0, 'auc': 0.7261}
train: {'epoch': 98, 'eta': 19192.581, 'loss': 0.1129, 'lr': 0.001, 'params': 600903, 'time_iter': 18.064, 'accuracy': 0.9679, 'precision': 0.7185, 'recall': 0.2362, 'f1': 0.3555, 'auc': 0.8485}
val: {'epoch': 99, 'loss': 0.1838, 'lr': 0.001, 'params': 600903, 'time_iter': 3.3091, 'accuracy': 0.9803, 'precision': 0.0, 'recall': 0.0, 'f1': 0.0, 'auc': 0.6601}
train: {'epoch': 99, 'eta': 0.0, 'loss': 0.1102, 'lr': 0.001, 'params': 600903, 'time_iter': 19.0901, 'accuracy': 0.9684, 'precision': 0.7281, 'recall': 0.25, 'f1': 0.3722, 'auc': 0.8552}
test: {'epoch': 99, 'loss': 0.3171, 'lr': 0.001, 'params': 600903, 'time_iter': 3.2373, 'accuracy': 0.9684, 'precision': 0.0, 'recall': 0.0, 'f1': 0.0, 'auc': 0.5274}
test: {'epoch': 43, 'loss': 0.2521, 'lr': 0.001, 'params': 600903, 'time_iter': 3.2224, 'accuracy': 0.9684, 'precision': 0.0, 'recall': 0.0, 'f1': 0.0, 'auc': 0.6298}
