GraphGymModule(
  (model): DilatedGNNModel(
    (encoder): FeatureEncoder(
      (node_encoder): AtomEncoder(
        (atom_embedding_list): ModuleList(
          (0): Embedding(119, 300)
          (1): Embedding(4, 300)
          (2): Embedding(12, 300)
          (3): Embedding(12, 300)
          (4): Embedding(10, 300)
          (5): Embedding(6, 300)
          (6): Embedding(6, 300)
          (7): Embedding(2, 300)
          (8): Embedding(2, 300)
        )
      )
      (edge_encoder): BondEncoder(
        (bond_embedding_list): ModuleList(
          (0): Embedding(5, 300)
          (1): Embedding(6, 300)
          (2): Embedding(2, 300)
        )
      )
    )
    (mp): GNNDilatedStage(
      (classic_layers): ModuleList(
        (0): GeneralLayer(
          (layer): EGINConv(
            (model): GINEConv(nn=Sequential(
              (0): Linear(300, 300, bias=True)
              (1): ReLU()
              (2): Linear(300, 300, bias=True)
            ))
          )
          (post_layer): Sequential(
            (0): BatchNorm1d(300, eps=1e-05, momentum=0.1, affine=True, track_running_stats=True)
            (1): Dropout(p=0.5, inplace=False)
            (2): ReLU()
          )
        )
      )
      (dilated_layers): ModuleList(
        (0): DilatedGeneralLayer(
          (layer): EGINConv(
            (model): GINEConv(nn=Sequential(
              (0): Linear(300, 300, bias=True)
              (1): ReLU()
              (2): Linear(300, 300, bias=True)
            ))
          )
          (post_layer): Sequential(
            (0): BatchNorm1d(300, eps=1e-05, momentum=0.1, affine=True, track_running_stats=True)
            (1): Dropout(p=0.5, inplace=False)
            (2): ReLU()
          )
          (gem): GeM(p=3.0000, eps=1e-06)
        )
        (1): DilatedGeneralLayer(
          (layer): EGINConv(
            (model): GINEConv(nn=Sequential(
              (0): Linear(300, 300, bias=True)
              (1): ReLU()
              (2): Linear(300, 300, bias=True)
            ))
          )
          (post_layer): Sequential(
            (0): BatchNorm1d(300, eps=1e-05, momentum=0.1, affine=True, track_running_stats=True)
            (1): Dropout(p=0.5, inplace=False)
            (2): ReLU()
          )
          (gem): GeM(p=3.0000, eps=1e-06)
        )
        (2): DilatedGeneralLayer(
          (layer): EGINConv(
            (model): GINEConv(nn=Sequential(
              (0): Linear(300, 300, bias=True)
              (1): ReLU()
              (2): Linear(300, 300, bias=True)
            ))
          )
          (post_layer): Sequential(
            (0): BatchNorm1d(300, eps=1e-05, momentum=0.1, affine=True, track_running_stats=True)
            (1): Dropout(p=0.5, inplace=False)
            (2): ReLU()
          )
          (gem): GeM(p=3.0000, eps=1e-06)
        )
      )
      (act): ReLU()
    )
    (post_mp): GNNGraphHead(
      (layer_post_mp): MLP(
        (model): Sequential(
          (0): Linear(
            (model): Linear(600, 1, bias=True)
          )
        )
      )
    )
  )
)
accelerator: cuda
benchmark: False
bn:
  eps: 1e-05
  mom: 0.1
cfg_dest: config.yaml
custom_metrics: []
dataset:
  cache_load: False
  cache_save: False
  dir: ./datasets
  edge_dim: 300
  edge_encoder: True
  edge_encoder_bn: False
  edge_encoder_name: Bond
  edge_message_ratio: 0.8
  edge_negative_sampling_ratio: 1.0
  edge_train_mode: all
  encoder: True
  encoder_bn: True
  encoder_dim: 128
  encoder_name: db
  fast_loader: False
  format: OGB
  label_column: none
  label_table: none
  location: local
  name: ogbg-molhiv
  node_encoder: True
  node_encoder_bn: False
  node_encoder_name: Atom
  remove_feature: False
  resample_disjoint: False
  resample_negative: False
  shuffle_split: True
  split: [0.8, 0.1, 0.1]
  split_mode: random
  task: graph
  task_type: classification
  to_undirected: False
  transductive: False
  transform: none
  tu_simple: True
devices: 1
gnn:
  act: relu
  act_on_last_layer_mp: False
  agg: none
  att_final_linear: False
  att_final_linear_bn: False
  att_heads: 1
  batchnorm: True
  clear_feature: True
  dilated_path_join: concat
  dim_inner: 300
  dropout: 0.5
  head: graph
  keep_edge: 0.5
  l2norm: True
  layer_type: eginconv
  layers_k1: 1
  layers_k2: 3
  layers_mp: 5
  layers_post_mp: 1
  layers_pre_mp: 0
  learn_alpha_residual_connection: False
  msg_direction: single
  normalize_adj: False
  self_msg: concat
  skip_every: 1
  stage_type: stack
  use_edge_features: True
gpu_mem: False
mem:
  inplace: False
metric_agg: argmax
metric_best: auc
model:
  edge_decoding: dot
  graph_pooling: mean
  loss_fun: cross_entropy
  match_upper: True
  size_average: mean
  thresh: 0.5
  type: dilated_gnn
num_threads: 6
num_workers: 16
optim:
  base_lr: 0.001
  lr_decay: 0.1
  max_epoch: 100
  momentum: 0.9
  optimizer: adam
  scheduler: none
  steps: [30, 60, 90]
  weight_decay: 0.0
out_dir: results_experiments/ogbg_molhiv_baseline_grid_design/ogbg_molhiv_baseline-type=dilated_gnn-layer_type=eginconv-layers_k1=1-layers_k2=3-dilated_path_join=concat-learn_alpha_residual_connection=False
params: 1142404
print: both
round: 4
run_dir: results_experiments/ogbg_molhiv_baseline_grid_design/ogbg_molhiv_baseline-type=dilated_gnn-layer_type=eginconv-layers_k1=1-layers_k2=3-dilated_path_join=concat-learn_alpha_residual_connection=False/5
seed: 6
share:
  dim_in: 9
  dim_out: 2
  num_splits: 3
tensorboard_agg: True
tensorboard_each_run: False
train:
  auto_resume: False
  batch_size: 32
  ckpt_clean: True
  ckpt_period: 100
  enable_ckpt: True
  epoch_resume: -1
  eval_period: 1
  iter_per_epoch: 32
  neighbor_sizes: [20, 15, 10, 5]
  node_per_graph: 32
  radius: extend
  sample_node: False
  sampler: full_batch
  skip_train_eval: False
  walk_length: 4
val:
  node_per_graph: 32
  radius: extend
  sample_node: False
  sampler: full_batch
view_emb: False
Num parameters: 1142404
val: {'epoch': 0, 'loss': 0.6886, 'lr': 0.001, 'params': 1142404, 'time_iter': 1.265, 'accuracy': 0.9688, 'precision': 0.0, 'recall': 0.0, 'f1': 0.0, 'auc': 0.6349}
val: {'epoch': 0, 'loss': 0.09, 'lr': 0.001, 'params': 1142404, 'time_iter': 4.6915, 'accuracy': 0.9803, 'precision': 0.0, 'recall': 0.0, 'f1': 0.0, 'auc': 0.6981}
train: {'epoch': 0, 'eta': 2319008.1613, 'loss': 0.1683, 'lr': 0.001, 'params': 1142404, 'time_iter': 22.7642, 'accuracy': 0.9616, 'precision': 0.0541, 'recall': 0.0016, 'f1': 0.0032, 'auc': 0.6156}
val: {'epoch': 1, 'loss': 0.0934, 'lr': 0.001, 'params': 1142404, 'time_iter': 4.6027, 'accuracy': 0.9803, 'precision': 0.0, 'recall': 0.0, 'f1': 0.0, 'auc': 0.7137}
train: {'epoch': 1, 'eta': 2321247.563, 'loss': 0.1489, 'lr': 0.001, 'params': 1142404, 'time_iter': 23.2732, 'accuracy': 0.9625, 'precision': 0.0, 'recall': 0.0, 'f1': 0.0, 'auc': 0.6763}
val: {'epoch': 2, 'loss': 0.0887, 'lr': 0.001, 'params': 1142404, 'time_iter': 5.0222, 'accuracy': 0.9805, 'precision': 1.0, 'recall': 0.0123, 'f1': 0.0244, 'auc': 0.701}
train: {'epoch': 2, 'eta': 2287824.2983, 'loss': 0.1471, 'lr': 0.001, 'params': 1142404, 'time_iter': 22.726, 'accuracy': 0.9626, 'precision': 0.5, 'recall': 0.0008, 'f1': 0.0016, 'auc': 0.6936}
val: {'epoch': 3, 'loss': 0.0856, 'lr': 0.001, 'params': 1142404, 'time_iter': 4.319, 'accuracy': 0.9815, 'precision': 0.8571, 'recall': 0.0741, 'f1': 0.1364, 'auc': 0.7538}
train: {'epoch': 3, 'eta': 2264783.1883, 'loss': 0.1448, 'lr': 0.001, 'params': 1142404, 'time_iter': 22.9432, 'accuracy': 0.9629, 'precision': 0.7895, 'recall': 0.0122, 'f1': 0.024, 'auc': 0.7057}
val: {'epoch': 4, 'loss': 0.0865, 'lr': 0.001, 'params': 1142404, 'time_iter': 4.4159, 'accuracy': 0.9818, 'precision': 0.875, 'recall': 0.0864, 'f1': 0.1573, 'auc': 0.7077}
train: {'epoch': 4, 'eta': 2235860.3974, 'loss': 0.1423, 'lr': 0.001, 'params': 1142404, 'time_iter': 22.6539, 'accuracy': 0.9634, 'precision': 0.7593, 'recall': 0.0333, 'f1': 0.0638, 'auc': 0.7226}
val: {'epoch': 5, 'loss': 0.0859, 'lr': 0.001, 'params': 1142404, 'time_iter': 4.0972, 'accuracy': 0.9813, 'precision': 1.0, 'recall': 0.0494, 'f1': 0.0941, 'auc': 0.7338}
train: {'epoch': 5, 'eta': 2220310.4364, 'loss': 0.1436, 'lr': 0.001, 'params': 1142404, 'time_iter': 23.3674, 'accuracy': 0.9628, 'precision': 0.6522, 'recall': 0.0122, 'f1': 0.0239, 'auc': 0.7107}
val: {'epoch': 6, 'loss': 0.0842, 'lr': 0.001, 'params': 1142404, 'time_iter': 4.6849, 'accuracy': 0.9815, 'precision': 0.7778, 'recall': 0.0864, 'f1': 0.1556, 'auc': 0.7523}
train: {'epoch': 6, 'eta': 2193626.0736, 'loss': 0.1398, 'lr': 0.001, 'params': 1142404, 'time_iter': 22.7305, 'accuracy': 0.9635, 'precision': 0.7818, 'recall': 0.0349, 'f1': 0.0668, 'auc': 0.7412}
val: {'epoch': 7, 'loss': 0.0841, 'lr': 0.001, 'params': 1142404, 'time_iter': 4.3894, 'accuracy': 0.9815, 'precision': 0.7778, 'recall': 0.0864, 'f1': 0.1556, 'auc': 0.7616}
train: {'epoch': 7, 'eta': 2173379.5799, 'loss': 0.1383, 'lr': 0.001, 'params': 1142404, 'time_iter': 23.2049, 'accuracy': 0.9638, 'precision': 0.7625, 'recall': 0.0495, 'f1': 0.093, 'auc': 0.7439}
val: {'epoch': 8, 'loss': 0.0836, 'lr': 0.001, 'params': 1142404, 'time_iter': 4.4124, 'accuracy': 0.9815, 'precision': 0.7778, 'recall': 0.0864, 'f1': 0.1556, 'auc': 0.7586}
train: {'epoch': 8, 'eta': 2152253.3604, 'loss': 0.1372, 'lr': 0.001, 'params': 1142404, 'time_iter': 23.198, 'accuracy': 0.9643, 'precision': 0.7438, 'recall': 0.0731, 'f1': 0.133, 'auc': 0.7491}
val: {'epoch': 9, 'loss': 0.0852, 'lr': 0.001, 'params': 1142404, 'time_iter': 4.2707, 'accuracy': 0.9803, 'precision': 0.5, 'recall': 0.1235, 'f1': 0.198, 'auc': 0.7668}
train: {'epoch': 9, 'eta': 2127920.2952, 'loss': 0.1355, 'lr': 0.001, 'params': 1142404, 'time_iter': 22.9109, 'accuracy': 0.9643, 'precision': 0.75, 'recall': 0.0682, 'f1': 0.125, 'auc': 0.7591}
val: {'epoch': 10, 'loss': 0.0816, 'lr': 0.001, 'params': 1142404, 'time_iter': 4.4444, 'accuracy': 0.9803, 'precision': 0.5, 'recall': 0.1358, 'f1': 0.2136, 'auc': 0.767}
train: {'epoch': 10, 'eta': 2115680.2505, 'loss': 0.1336, 'lr': 0.001, 'params': 1142404, 'time_iter': 24.3469, 'accuracy': 0.9645, 'precision': 0.7333, 'recall': 0.0804, 'f1': 0.1448, 'auc': 0.7666}
val: {'epoch': 11, 'loss': 0.0805, 'lr': 0.001, 'params': 1142404, 'time_iter': 4.7692, 'accuracy': 0.9808, 'precision': 0.5625, 'recall': 0.1111, 'f1': 0.1856, 'auc': 0.7822}
train: {'epoch': 11, 'eta': 2091779.4312, 'loss': 0.1324, 'lr': 0.001, 'params': 1142404, 'time_iter': 23.0846, 'accuracy': 0.9645, 'precision': 0.7407, 'recall': 0.0812, 'f1': 0.1463, 'auc': 0.7711}
val: {'epoch': 12, 'loss': 0.0801, 'lr': 0.001, 'params': 1142404, 'time_iter': 4.5428, 'accuracy': 0.9815, 'precision': 0.6923, 'recall': 0.1111, 'f1': 0.1915, 'auc': 0.7824}
train: {'epoch': 12, 'eta': 2067475.9823, 'loss': 0.1302, 'lr': 0.001, 'params': 1142404, 'time_iter': 23.0229, 'accuracy': 0.9647, 'precision': 0.7338, 'recall': 0.0917, 'f1': 0.1631, 'auc': 0.7828}
val: {'epoch': 13, 'loss': 0.0816, 'lr': 0.001, 'params': 1142404, 'time_iter': 5.0202, 'accuracy': 0.9805, 'precision': 0.5714, 'recall': 0.0494, 'f1': 0.0909, 'auc': 0.7878}
train: {'epoch': 13, 'eta': 2042370.0272, 'loss': 0.1292, 'lr': 0.001, 'params': 1142404, 'time_iter': 22.8821, 'accuracy': 0.9649, 'precision': 0.7262, 'recall': 0.099, 'f1': 0.1743, 'auc': 0.7919}
val: {'epoch': 14, 'loss': 0.0842, 'lr': 0.001, 'params': 1142404, 'time_iter': 4.5055, 'accuracy': 0.9818, 'precision': 0.8, 'recall': 0.0988, 'f1': 0.1758, 'auc': 0.7835}
train: {'epoch': 14, 'eta': 2017407.9, 'loss': 0.1286, 'lr': 0.001, 'params': 1142404, 'time_iter': 22.8711, 'accuracy': 0.9649, 'precision': 0.7362, 'recall': 0.0974, 'f1': 0.172, 'auc': 0.7903}
val: {'epoch': 15, 'loss': 0.0831, 'lr': 0.001, 'params': 1142404, 'time_iter': 4.5076, 'accuracy': 0.9813, 'precision': 0.6667, 'recall': 0.0988, 'f1': 0.172, 'auc': 0.7625}
train: {'epoch': 15, 'eta': 1994193.2256, 'loss': 0.1267, 'lr': 0.001, 'params': 1142404, 'time_iter': 23.1615, 'accuracy': 0.9651, 'precision': 0.7273, 'recall': 0.1104, 'f1': 0.1917, 'auc': 0.7988}
val: {'epoch': 16, 'loss': 0.08, 'lr': 0.001, 'params': 1142404, 'time_iter': 4.5308, 'accuracy': 0.9815, 'precision': 0.6667, 'recall': 0.1235, 'f1': 0.2083, 'auc': 0.7751}
train: {'epoch': 16, 'eta': 1968829.2631, 'loss': 0.1263, 'lr': 0.001, 'params': 1142404, 'time_iter': 22.7482, 'accuracy': 0.9646, 'precision': 0.6789, 'recall': 0.1047, 'f1': 0.1814, 'auc': 0.803}
val: {'epoch': 17, 'loss': 0.083, 'lr': 0.001, 'params': 1142404, 'time_iter': 4.6751, 'accuracy': 0.9813, 'precision': 0.625, 'recall': 0.1235, 'f1': 0.2062, 'auc': 0.745}
train: {'epoch': 17, 'eta': 1942590.7676, 'loss': 0.1253, 'lr': 0.001, 'params': 1142404, 'time_iter': 22.5152, 'accuracy': 0.9654, 'precision': 0.7411, 'recall': 0.1185, 'f1': 0.2043, 'auc': 0.8028}
val: {'epoch': 18, 'loss': 0.0815, 'lr': 0.001, 'params': 1142404, 'time_iter': 4.0808, 'accuracy': 0.9815, 'precision': 0.7273, 'recall': 0.0988, 'f1': 0.1739, 'auc': 0.7781}
train: {'epoch': 18, 'eta': 1921030.5061, 'loss': 0.1242, 'lr': 0.001, 'params': 1142404, 'time_iter': 23.508, 'accuracy': 0.9655, 'precision': 0.7256, 'recall': 0.1266, 'f1': 0.2156, 'auc': 0.8061}
val: {'epoch': 19, 'loss': 0.0863, 'lr': 0.001, 'params': 1142404, 'time_iter': 4.8092, 'accuracy': 0.9818, 'precision': 0.75, 'recall': 0.1111, 'f1': 0.1935, 'auc': 0.7824}
train: {'epoch': 19, 'eta': 1894100.3414, 'loss': 0.123, 'lr': 0.001, 'params': 1142404, 'time_iter': 22.2672, 'accuracy': 0.9654, 'precision': 0.7136, 'recall': 0.1274, 'f1': 0.2163, 'auc': 0.8121}
val: {'epoch': 20, 'loss': 0.0833, 'lr': 0.001, 'params': 1142404, 'time_iter': 4.1129, 'accuracy': 0.9805, 'precision': 0.5294, 'recall': 0.1111, 'f1': 0.1837, 'auc': 0.7663}
train: {'epoch': 20, 'eta': 1869460.0393, 'loss': 0.1222, 'lr': 0.001, 'params': 1142404, 'time_iter': 22.7599, 'accuracy': 0.9657, 'precision': 0.7173, 'recall': 0.138, 'f1': 0.2314, 'auc': 0.8105}
val: {'epoch': 21, 'loss': 0.0815, 'lr': 0.001, 'params': 1142404, 'time_iter': 4.4429, 'accuracy': 0.982, 'precision': 0.7059, 'recall': 0.1481, 'f1': 0.2449, 'auc': 0.7771}
train: {'epoch': 21, 'eta': 1843619.9688, 'loss': 0.1214, 'lr': 0.001, 'params': 1142404, 'time_iter': 22.4007, 'accuracy': 0.9657, 'precision': 0.7198, 'recall': 0.1356, 'f1': 0.2281, 'auc': 0.8166}
val: {'epoch': 22, 'loss': 0.0807, 'lr': 0.001, 'params': 1142404, 'time_iter': 4.1749, 'accuracy': 0.982, 'precision': 0.6667, 'recall': 0.1728, 'f1': 0.2745, 'auc': 0.7819}
train: {'epoch': 22, 'eta': 1820776.7401, 'loss': 0.1204, 'lr': 0.001, 'params': 1142404, 'time_iter': 23.2002, 'accuracy': 0.9657, 'precision': 0.7126, 'recall': 0.1429, 'f1': 0.238, 'auc': 0.8229}
val: {'epoch': 23, 'loss': 0.0805, 'lr': 0.001, 'params': 1142404, 'time_iter': 4.5719, 'accuracy': 0.981, 'precision': 0.5714, 'recall': 0.1481, 'f1': 0.2353, 'auc': 0.7912}
train: {'epoch': 23, 'eta': 1795281.8753, 'loss': 0.1198, 'lr': 0.001, 'params': 1142404, 'time_iter': 22.4128, 'accuracy': 0.966, 'precision': 0.709, 'recall': 0.1542, 'f1': 0.2533, 'auc': 0.8251}
val: {'epoch': 24, 'loss': 0.0811, 'lr': 0.001, 'params': 1142404, 'time_iter': 5.1942, 'accuracy': 0.9813, 'precision': 0.5833, 'recall': 0.1728, 'f1': 0.2667, 'auc': 0.7795}
train: {'epoch': 24, 'eta': 1770927.9231, 'loss': 0.1185, 'lr': 0.001, 'params': 1142404, 'time_iter': 22.7193, 'accuracy': 0.9667, 'precision': 0.7647, 'recall': 0.1583, 'f1': 0.2623, 'auc': 0.8253}
val: {'epoch': 25, 'loss': 0.0854, 'lr': 0.001, 'params': 1142404, 'time_iter': 4.5616, 'accuracy': 0.9801, 'precision': 0.4762, 'recall': 0.1235, 'f1': 0.1961, 'auc': 0.7867}
train: {'epoch': 25, 'eta': 1750060.8732, 'loss': 0.1173, 'lr': 0.001, 'params': 1142404, 'time_iter': 23.8843, 'accuracy': 0.9668, 'precision': 0.7324, 'recall': 0.1778, 'f1': 0.2861, 'auc': 0.8302}
val: {'epoch': 26, 'loss': 0.0865, 'lr': 0.001, 'params': 1142404, 'time_iter': 4.7652, 'accuracy': 0.9798, 'precision': 0.4583, 'recall': 0.1358, 'f1': 0.2095, 'auc': 0.7728}
train: {'epoch': 26, 'eta': 1728132.2951, 'loss': 0.1173, 'lr': 0.001, 'params': 1142404, 'time_iter': 23.6015, 'accuracy': 0.9668, 'precision': 0.7372, 'recall': 0.1753, 'f1': 0.2833, 'auc': 0.8293}
val: {'epoch': 27, 'loss': 0.0848, 'lr': 0.001, 'params': 1142404, 'time_iter': 4.4125, 'accuracy': 0.9808, 'precision': 0.5455, 'recall': 0.1481, 'f1': 0.233, 'auc': 0.7768}
train: {'epoch': 27, 'eta': 1703351.9411, 'loss': 0.1166, 'lr': 0.001, 'params': 1142404, 'time_iter': 22.5874, 'accuracy': 0.9666, 'precision': 0.7185, 'recall': 0.1761, 'f1': 0.2829, 'auc': 0.8352}
val: {'epoch': 28, 'loss': 0.0817, 'lr': 0.001, 'params': 1142404, 'time_iter': 4.5946, 'accuracy': 0.983, 'precision': 0.7619, 'recall': 0.1975, 'f1': 0.3137, 'auc': 0.7899}
train: {'epoch': 28, 'eta': 1679989.6902, 'loss': 0.1155, 'lr': 0.001, 'params': 1142404, 'time_iter': 23.1082, 'accuracy': 0.9671, 'precision': 0.7201, 'recall': 0.2005, 'f1': 0.3137, 'auc': 0.8333}
val: {'epoch': 29, 'loss': 0.0782, 'lr': 0.001, 'params': 1142404, 'time_iter': 4.0266, 'accuracy': 0.9823, 'precision': 0.6176, 'recall': 0.2593, 'f1': 0.3652, 'auc': 0.7761}
train: {'epoch': 29, 'eta': 1656532.5855, 'loss': 0.115, 'lr': 0.001, 'params': 1142404, 'time_iter': 23.0802, 'accuracy': 0.9667, 'precision': 0.7077, 'recall': 0.1867, 'f1': 0.2954, 'auc': 0.8392}
val: {'epoch': 30, 'loss': 0.0837, 'lr': 0.001, 'params': 1142404, 'time_iter': 4.2719, 'accuracy': 0.9825, 'precision': 0.6667, 'recall': 0.2222, 'f1': 0.3333, 'auc': 0.7848}
train: {'epoch': 30, 'eta': 1631895.7578, 'loss': 0.1141, 'lr': 0.001, 'params': 1142404, 'time_iter': 22.5734, 'accuracy': 0.9678, 'precision': 0.7544, 'recall': 0.2094, 'f1': 0.3278, 'auc': 0.8371}
val: {'epoch': 31, 'loss': 0.0897, 'lr': 0.001, 'params': 1142404, 'time_iter': 4.5292, 'accuracy': 0.9818, 'precision': 0.625, 'recall': 0.1852, 'f1': 0.2857, 'auc': 0.7837}
train: {'epoch': 31, 'eta': 1608190.7654, 'loss': 0.1151, 'lr': 0.001, 'params': 1142404, 'time_iter': 22.9593, 'accuracy': 0.9673, 'precision': 0.7203, 'recall': 0.207, 'f1': 0.3216, 'auc': 0.8364}
val: {'epoch': 32, 'loss': 0.0837, 'lr': 0.001, 'params': 1142404, 'time_iter': 4.2701, 'accuracy': 0.981, 'precision': 0.5333, 'recall': 0.2963, 'f1': 0.381, 'auc': 0.7801}
train: {'epoch': 32, 'eta': 1584038.0035, 'loss': 0.1135, 'lr': 0.001, 'params': 1142404, 'time_iter': 22.7426, 'accuracy': 0.9678, 'precision': 0.7444, 'recall': 0.2151, 'f1': 0.3338, 'auc': 0.8394}
val: {'epoch': 33, 'loss': 0.0841, 'lr': 0.001, 'params': 1142404, 'time_iter': 4.3666, 'accuracy': 0.9793, 'precision': 0.4524, 'recall': 0.2346, 'f1': 0.3089, 'auc': 0.7627}
train: {'epoch': 33, 'eta': 1561206.6564, 'loss': 0.1127, 'lr': 0.001, 'params': 1142404, 'time_iter': 23.3821, 'accuracy': 0.968, 'precision': 0.7452, 'recall': 0.2208, 'f1': 0.3406, 'auc': 0.8418}
val: {'epoch': 34, 'loss': 0.0849, 'lr': 0.001, 'params': 1142404, 'time_iter': 4.473, 'accuracy': 0.9803, 'precision': 0.5, 'recall': 0.1975, 'f1': 0.2832, 'auc': 0.7818}
train: {'epoch': 34, 'eta': 1537132.151, 'loss': 0.1122, 'lr': 0.001, 'params': 1142404, 'time_iter': 22.7683, 'accuracy': 0.9678, 'precision': 0.7275, 'recall': 0.2232, 'f1': 0.3416, 'auc': 0.8482}
val: {'epoch': 35, 'loss': 0.0857, 'lr': 0.001, 'params': 1142404, 'time_iter': 4.0263, 'accuracy': 0.9818, 'precision': 0.6154, 'recall': 0.1975, 'f1': 0.2991, 'auc': 0.7865}
train: {'epoch': 35, 'eta': 1513000.8096, 'loss': 0.112, 'lr': 0.001, 'params': 1142404, 'time_iter': 22.7176, 'accuracy': 0.9678, 'precision': 0.7292, 'recall': 0.2208, 'f1': 0.3389, 'auc': 0.8455}
val: {'epoch': 36, 'loss': 0.0816, 'lr': 0.001, 'params': 1142404, 'time_iter': 4.6543, 'accuracy': 0.9818, 'precision': 0.625, 'recall': 0.1852, 'f1': 0.2857, 'auc': 0.7893}
train: {'epoch': 36, 'eta': 1490175.3457, 'loss': 0.1109, 'lr': 0.001, 'params': 1142404, 'time_iter': 23.4396, 'accuracy': 0.9677, 'precision': 0.7146, 'recall': 0.2297, 'f1': 0.3477, 'auc': 0.8503}
val: {'epoch': 37, 'loss': 0.0866, 'lr': 0.001, 'params': 1142404, 'time_iter': 4.5725, 'accuracy': 0.9796, 'precision': 0.4681, 'recall': 0.2716, 'f1': 0.3438, 'auc': 0.7748}
train: {'epoch': 37, 'eta': 1466338.0065, 'loss': 0.1113, 'lr': 0.001, 'params': 1142404, 'time_iter': 22.8775, 'accuracy': 0.9681, 'precision': 0.7328, 'recall': 0.2338, 'f1': 0.3545, 'auc': 0.8475}
val: {'epoch': 38, 'loss': 0.0827, 'lr': 0.001, 'params': 1142404, 'time_iter': 4.3109, 'accuracy': 0.9805, 'precision': 0.5161, 'recall': 0.1975, 'f1': 0.2857, 'auc': 0.7934}
train: {'epoch': 38, 'eta': 1442465.8814, 'loss': 0.1099, 'lr': 0.001, 'params': 1142404, 'time_iter': 22.8464, 'accuracy': 0.968, 'precision': 0.7232, 'recall': 0.2354, 'f1': 0.3552, 'auc': 0.8544}
val: {'epoch': 39, 'loss': 0.087, 'lr': 0.001, 'params': 1142404, 'time_iter': 4.7714, 'accuracy': 0.983, 'precision': 0.7037, 'recall': 0.2346, 'f1': 0.3519, 'auc': 0.7844}
train: {'epoch': 39, 'eta': 1420601.3662, 'loss': 0.11, 'lr': 0.001, 'params': 1142404, 'time_iter': 24.1354, 'accuracy': 0.9685, 'precision': 0.7237, 'recall': 0.2573, 'f1': 0.3796, 'auc': 0.8537}
val: {'epoch': 40, 'loss': 0.0858, 'lr': 0.001, 'params': 1142404, 'time_iter': 4.9629, 'accuracy': 0.9818, 'precision': 0.6364, 'recall': 0.1728, 'f1': 0.2718, 'auc': 0.7991}
train: {'epoch': 40, 'eta': 1396219.2582, 'loss': 0.1087, 'lr': 0.001, 'params': 1142404, 'time_iter': 22.533, 'accuracy': 0.9687, 'precision': 0.7376, 'recall': 0.2532, 'f1': 0.377, 'auc': 0.8554}
val: {'epoch': 41, 'loss': 0.0877, 'lr': 0.001, 'params': 1142404, 'time_iter': 4.4714, 'accuracy': 0.9791, 'precision': 0.439, 'recall': 0.2222, 'f1': 0.2951, 'auc': 0.7816}
train: {'epoch': 41, 'eta': 1372302.8427, 'loss': 0.1088, 'lr': 0.001, 'params': 1142404, 'time_iter': 22.8207, 'accuracy': 0.9684, 'precision': 0.7192, 'recall': 0.2557, 'f1': 0.3772, 'auc': 0.8553}
val: {'epoch': 42, 'loss': 0.091, 'lr': 0.001, 'params': 1142404, 'time_iter': 4.7141, 'accuracy': 0.9815, 'precision': 0.619, 'recall': 0.1605, 'f1': 0.2549, 'auc': 0.7789}
train: {'epoch': 42, 'eta': 1348989.2826, 'loss': 0.1086, 'lr': 0.001, 'params': 1142404, 'time_iter': 23.2479, 'accuracy': 0.969, 'precision': 0.7345, 'recall': 0.2695, 'f1': 0.3943, 'auc': 0.8564}
val: {'epoch': 43, 'loss': 0.089, 'lr': 0.001, 'params': 1142404, 'time_iter': 4.6332, 'accuracy': 0.9786, 'precision': 0.4103, 'recall': 0.1975, 'f1': 0.2667, 'auc': 0.7867}
train: {'epoch': 43, 'eta': 1325984.083, 'loss': 0.1077, 'lr': 0.001, 'params': 1142404, 'time_iter': 23.5044, 'accuracy': 0.9692, 'precision': 0.7455, 'recall': 0.2687, 'f1': 0.395, 'auc': 0.8585}
val: {'epoch': 44, 'loss': 0.087, 'lr': 0.001, 'params': 1142404, 'time_iter': 4.3414, 'accuracy': 0.9825, 'precision': 0.68, 'recall': 0.2099, 'f1': 0.3208, 'auc': 0.7898}
train: {'epoch': 44, 'eta': 1302154.3234, 'loss': 0.1071, 'lr': 0.001, 'params': 1142404, 'time_iter': 22.8905, 'accuracy': 0.9685, 'precision': 0.7127, 'recall': 0.2679, 'f1': 0.3894, 'auc': 0.8631}
val: {'epoch': 45, 'loss': 0.0873, 'lr': 0.001, 'params': 1142404, 'time_iter': 4.3259, 'accuracy': 0.981, 'precision': 0.5349, 'recall': 0.284, 'f1': 0.371, 'auc': 0.7975}
train: {'epoch': 45, 'eta': 1278204.2146, 'loss': 0.1071, 'lr': 0.001, 'params': 1142404, 'time_iter': 22.781, 'accuracy': 0.9689, 'precision': 0.7251, 'recall': 0.2719, 'f1': 0.3955, 'auc': 0.8628}
val: {'epoch': 46, 'loss': 0.0851, 'lr': 0.001, 'params': 1142404, 'time_iter': 3.9785, 'accuracy': 0.9808, 'precision': 0.5278, 'recall': 0.2346, 'f1': 0.3248, 'auc': 0.7938}
train: {'epoch': 46, 'eta': 1254318.2703, 'loss': 0.1055, 'lr': 0.001, 'params': 1142404, 'time_iter': 22.8176, 'accuracy': 0.9694, 'precision': 0.7335, 'recall': 0.2881, 'f1': 0.4138, 'auc': 0.8683}
val: {'epoch': 47, 'loss': 0.0888, 'lr': 0.001, 'params': 1142404, 'time_iter': 4.5836, 'accuracy': 0.9801, 'precision': 0.4872, 'recall': 0.2346, 'f1': 0.3167, 'auc': 0.7738}
train: {'epoch': 47, 'eta': 1230163.7532, 'loss': 0.1057, 'lr': 0.001, 'params': 1142404, 'time_iter': 22.5615, 'accuracy': 0.9696, 'precision': 0.7468, 'recall': 0.2849, 'f1': 0.4125, 'auc': 0.8652}
val: {'epoch': 48, 'loss': 0.0893, 'lr': 0.001, 'params': 1142404, 'time_iter': 4.6294, 'accuracy': 0.981, 'precision': 0.5484, 'recall': 0.2099, 'f1': 0.3036, 'auc': 0.7697}
train: {'epoch': 48, 'eta': 1206469.439, 'loss': 0.1044, 'lr': 0.001, 'params': 1142404, 'time_iter': 22.9554, 'accuracy': 0.9695, 'precision': 0.7406, 'recall': 0.2873, 'f1': 0.414, 'auc': 0.8698}
val: {'epoch': 49, 'loss': 0.0882, 'lr': 0.001, 'params': 1142404, 'time_iter': 4.4475, 'accuracy': 0.9803, 'precision': 0.5, 'recall': 0.2222, 'f1': 0.3077, 'auc': 0.7938}
train: {'epoch': 49, 'eta': 1182731.5528, 'loss': 0.1042, 'lr': 0.001, 'params': 1142404, 'time_iter': 22.9102, 'accuracy': 0.9703, 'precision': 0.7545, 'recall': 0.3068, 'f1': 0.4362, 'auc': 0.8697}
val: {'epoch': 50, 'loss': 0.0946, 'lr': 0.001, 'params': 1142404, 'time_iter': 5.1187, 'accuracy': 0.9774, 'precision': 0.3889, 'recall': 0.2593, 'f1': 0.3111, 'auc': 0.782}
train: {'epoch': 50, 'eta': 1158827.4745, 'loss': 0.1039, 'lr': 0.001, 'params': 1142404, 'time_iter': 22.7357, 'accuracy': 0.9699, 'precision': 0.744, 'recall': 0.2995, 'f1': 0.4271, 'auc': 0.8749}
val: {'epoch': 51, 'loss': 0.0931, 'lr': 0.001, 'params': 1142404, 'time_iter': 4.2353, 'accuracy': 0.9762, 'precision': 0.3607, 'recall': 0.2716, 'f1': 0.3099, 'auc': 0.787}
train: {'epoch': 51, 'eta': 1134388.6327, 'loss': 0.1039, 'lr': 0.001, 'params': 1142404, 'time_iter': 22.1521, 'accuracy': 0.9701, 'precision': 0.7475, 'recall': 0.3028, 'f1': 0.431, 'auc': 0.872}
val: {'epoch': 52, 'loss': 0.0904, 'lr': 0.001, 'params': 1142404, 'time_iter': 4.6544, 'accuracy': 0.983, 'precision': 0.7619, 'recall': 0.1975, 'f1': 0.3137, 'auc': 0.7802}
train: {'epoch': 52, 'eta': 1110809.9986, 'loss': 0.103, 'lr': 0.001, 'params': 1142404, 'time_iter': 23.0267, 'accuracy': 0.9697, 'precision': 0.7196, 'recall': 0.3125, 'f1': 0.4358, 'auc': 0.8785}
val: {'epoch': 53, 'loss': 0.087, 'lr': 0.001, 'params': 1142404, 'time_iter': 4.5247, 'accuracy': 0.9798, 'precision': 0.4773, 'recall': 0.2593, 'f1': 0.336, 'auc': 0.7818}
train: {'epoch': 53, 'eta': 1086773.4078, 'loss': 0.1036, 'lr': 0.001, 'params': 1142404, 'time_iter': 22.5092, 'accuracy': 0.9704, 'precision': 0.7585, 'recall': 0.3084, 'f1': 0.4385, 'auc': 0.8729}
val: {'epoch': 54, 'loss': 0.0893, 'lr': 0.001, 'params': 1142404, 'time_iter': 4.8557, 'accuracy': 0.9791, 'precision': 0.451, 'recall': 0.284, 'f1': 0.3485, 'auc': 0.7858}
train: {'epoch': 54, 'eta': 1064380.4809, 'loss': 0.1024, 'lr': 0.001, 'params': 1142404, 'time_iter': 24.4237, 'accuracy': 0.9702, 'precision': 0.7441, 'recall': 0.3093, 'f1': 0.4369, 'auc': 0.8775}
val: {'epoch': 55, 'loss': 0.0936, 'lr': 0.001, 'params': 1142404, 'time_iter': 4.4318, 'accuracy': 0.9803, 'precision': 0.5, 'recall': 0.2346, 'f1': 0.3193, 'auc': 0.7792}
train: {'epoch': 55, 'eta': 1041032.4747, 'loss': 0.1023, 'lr': 0.001, 'params': 1142404, 'time_iter': 23.3634, 'accuracy': 0.9702, 'precision': 0.7495, 'recall': 0.3084, 'f1': 0.437, 'auc': 0.8801}
val: {'epoch': 56, 'loss': 0.0858, 'lr': 0.001, 'params': 1142404, 'time_iter': 4.5474, 'accuracy': 0.9796, 'precision': 0.4727, 'recall': 0.321, 'f1': 0.3824, 'auc': 0.8091}
train: {'epoch': 56, 'eta': 1017753.7943, 'loss': 0.101, 'lr': 0.001, 'params': 1142404, 'time_iter': 23.484, 'accuracy': 0.9708, 'precision': 0.7523, 'recall': 0.3279, 'f1': 0.4568, 'auc': 0.8801}
val: {'epoch': 57, 'loss': 0.0887, 'lr': 0.001, 'params': 1142404, 'time_iter': 4.263, 'accuracy': 0.9796, 'precision': 0.4667, 'recall': 0.2593, 'f1': 0.3333, 'auc': 0.7961}
train: {'epoch': 57, 'eta': 994410.8208, 'loss': 0.1013, 'lr': 0.001, 'params': 1142404, 'time_iter': 23.4388, 'accuracy': 0.9707, 'precision': 0.7514, 'recall': 0.3239, 'f1': 0.4526, 'auc': 0.8821}
val: {'epoch': 58, 'loss': 0.0862, 'lr': 0.001, 'params': 1142404, 'time_iter': 4.2193, 'accuracy': 0.981, 'precision': 0.5484, 'recall': 0.2099, 'f1': 0.3036, 'auc': 0.8013}
train: {'epoch': 58, 'eta': 970592.8911, 'loss': 0.1006, 'lr': 0.001, 'params': 1142404, 'time_iter': 22.8113, 'accuracy': 0.9706, 'precision': 0.7454, 'recall': 0.3279, 'f1': 0.4555, 'auc': 0.8825}
val: {'epoch': 59, 'loss': 0.0984, 'lr': 0.001, 'params': 1142404, 'time_iter': 4.1962, 'accuracy': 0.9796, 'precision': 0.4634, 'recall': 0.2346, 'f1': 0.3115, 'auc': 0.766}
train: {'epoch': 59, 'eta': 947104.8814, 'loss': 0.0997, 'lr': 0.001, 'params': 1142404, 'time_iter': 23.2755, 'accuracy': 0.9709, 'precision': 0.7575, 'recall': 0.3295, 'f1': 0.4593, 'auc': 0.8852}
val: {'epoch': 60, 'loss': 0.0954, 'lr': 0.001, 'params': 1142404, 'time_iter': 4.5512, 'accuracy': 0.9788, 'precision': 0.4167, 'recall': 0.1852, 'f1': 0.2564, 'auc': 0.7793}
train: {'epoch': 60, 'eta': 923134.1119, 'loss': 0.0994, 'lr': 0.001, 'params': 1142404, 'time_iter': 22.5647, 'accuracy': 0.9709, 'precision': 0.7495, 'recall': 0.3352, 'f1': 0.4633, 'auc': 0.889}
val: {'epoch': 61, 'loss': 0.0901, 'lr': 0.001, 'params': 1142404, 'time_iter': 4.3522, 'accuracy': 0.9813, 'precision': 0.5667, 'recall': 0.2099, 'f1': 0.3063, 'auc': 0.8045}
train: {'epoch': 61, 'eta': 899894.4544, 'loss': 0.0988, 'lr': 0.001, 'params': 1142404, 'time_iter': 23.6855, 'accuracy': 0.9717, 'precision': 0.7736, 'recall': 0.3466, 'f1': 0.4787, 'auc': 0.8862}
val: {'epoch': 62, 'loss': 0.0885, 'lr': 0.001, 'params': 1142404, 'time_iter': 4.4598, 'accuracy': 0.9788, 'precision': 0.4167, 'recall': 0.1852, 'f1': 0.2564, 'auc': 0.8051}
train: {'epoch': 62, 'eta': 876171.1279, 'loss': 0.0981, 'lr': 0.001, 'params': 1142404, 'time_iter': 22.9447, 'accuracy': 0.9715, 'precision': 0.7588, 'recall': 0.3498, 'f1': 0.4789, 'auc': 0.892}
val: {'epoch': 63, 'loss': 0.0864, 'lr': 0.001, 'params': 1142404, 'time_iter': 4.1782, 'accuracy': 0.9803, 'precision': 0.5, 'recall': 0.2469, 'f1': 0.3306, 'auc': 0.7796}
train: {'epoch': 63, 'eta': 852766.6119, 'loss': 0.0982, 'lr': 0.001, 'params': 1142404, 'time_iter': 23.4894, 'accuracy': 0.9723, 'precision': 0.7833, 'recall': 0.358, 'f1': 0.4914, 'auc': 0.888}
val: {'epoch': 64, 'loss': 0.0844, 'lr': 0.001, 'params': 1142404, 'time_iter': 4.5569, 'accuracy': 0.9791, 'precision': 0.449, 'recall': 0.2716, 'f1': 0.3385, 'auc': 0.8045}
train: {'epoch': 64, 'eta': 828939.8585, 'loss': 0.0985, 'lr': 0.001, 'params': 1142404, 'time_iter': 22.7699, 'accuracy': 0.9709, 'precision': 0.746, 'recall': 0.3385, 'f1': 0.4657, 'auc': 0.8937}
val: {'epoch': 65, 'loss': 0.089, 'lr': 0.001, 'params': 1142404, 'time_iter': 5.197, 'accuracy': 0.9791, 'precision': 0.439, 'recall': 0.2222, 'f1': 0.2951, 'auc': 0.7899}
train: {'epoch': 65, 'eta': 805287.9063, 'loss': 0.0978, 'lr': 0.001, 'params': 1142404, 'time_iter': 23.077, 'accuracy': 0.9716, 'precision': 0.7628, 'recall': 0.3498, 'f1': 0.4797, 'auc': 0.8923}
val: {'epoch': 66, 'loss': 0.0903, 'lr': 0.001, 'params': 1142404, 'time_iter': 4.6744, 'accuracy': 0.9813, 'precision': 0.5588, 'recall': 0.2346, 'f1': 0.3304, 'auc': 0.8014}
train: {'epoch': 66, 'eta': 781701.177, 'loss': 0.0979, 'lr': 0.001, 'params': 1142404, 'time_iter': 23.2112, 'accuracy': 0.9716, 'precision': 0.7655, 'recall': 0.3498, 'f1': 0.4802, 'auc': 0.8907}
val: {'epoch': 67, 'loss': 0.0945, 'lr': 0.001, 'params': 1142404, 'time_iter': 4.3663, 'accuracy': 0.9798, 'precision': 0.4583, 'recall': 0.1358, 'f1': 0.2095, 'auc': 0.7506}
train: {'epoch': 67, 'eta': 758185.5765, 'loss': 0.0969, 'lr': 0.001, 'params': 1142404, 'time_iter': 23.3762, 'accuracy': 0.9721, 'precision': 0.7684, 'recall': 0.3636, 'f1': 0.4937, 'auc': 0.8937}
val: {'epoch': 68, 'loss': 0.0921, 'lr': 0.001, 'params': 1142404, 'time_iter': 4.3412, 'accuracy': 0.9801, 'precision': 0.4872, 'recall': 0.2346, 'f1': 0.3167, 'auc': 0.8139}
train: {'epoch': 68, 'eta': 734556.8816, 'loss': 0.0964, 'lr': 0.001, 'params': 1142404, 'time_iter': 23.1653, 'accuracy': 0.9722, 'precision': 0.7766, 'recall': 0.3612, 'f1': 0.4931, 'auc': 0.8973}
val: {'epoch': 69, 'loss': 0.1014, 'lr': 0.001, 'params': 1142404, 'time_iter': 4.4213, 'accuracy': 0.9786, 'precision': 0.4054, 'recall': 0.1852, 'f1': 0.2542, 'auc': 0.7485}
train: {'epoch': 69, 'eta': 710957.0273, 'loss': 0.0958, 'lr': 0.001, 'params': 1142404, 'time_iter': 23.2442, 'accuracy': 0.9719, 'precision': 0.7597, 'recall': 0.3644, 'f1': 0.4926, 'auc': 0.8973}
val: {'epoch': 70, 'loss': 0.1039, 'lr': 0.001, 'params': 1142404, 'time_iter': 4.3068, 'accuracy': 0.974, 'precision': 0.3194, 'recall': 0.284, 'f1': 0.3007, 'auc': 0.7733}
train: {'epoch': 70, 'eta': 687259.8877, 'loss': 0.0958, 'lr': 0.001, 'params': 1142404, 'time_iter': 23.0341, 'accuracy': 0.9721, 'precision': 0.7648, 'recall': 0.3669, 'f1': 0.4959, 'auc': 0.9003}
val: {'epoch': 71, 'loss': 0.0938, 'lr': 0.001, 'params': 1142404, 'time_iter': 4.6663, 'accuracy': 0.9798, 'precision': 0.4792, 'recall': 0.284, 'f1': 0.3566, 'auc': 0.7927}
train: {'epoch': 71, 'eta': 663499.4658, 'loss': 0.0945, 'lr': 0.001, 'params': 1142404, 'time_iter': 22.8763, 'accuracy': 0.9718, 'precision': 0.7643, 'recall': 0.358, 'f1': 0.4876, 'auc': 0.904}
val: {'epoch': 72, 'loss': 0.0907, 'lr': 0.001, 'params': 1142404, 'time_iter': 4.2822, 'accuracy': 0.9801, 'precision': 0.4872, 'recall': 0.2346, 'f1': 0.3167, 'auc': 0.8064}
train: {'epoch': 72, 'eta': 639866.8985, 'loss': 0.0947, 'lr': 0.001, 'params': 1142404, 'time_iter': 23.1963, 'accuracy': 0.9717, 'precision': 0.7443, 'recall': 0.3709, 'f1': 0.4951, 'auc': 0.9013}
val: {'epoch': 73, 'loss': 0.0915, 'lr': 0.001, 'params': 1142404, 'time_iter': 4.2172, 'accuracy': 0.9805, 'precision': 0.5106, 'recall': 0.2963, 'f1': 0.375, 'auc': 0.7994}
train: {'epoch': 73, 'eta': 616073.5032, 'loss': 0.0951, 'lr': 0.001, 'params': 1142404, 'time_iter': 22.7692, 'accuracy': 0.9721, 'precision': 0.7595, 'recall': 0.3718, 'f1': 0.4992, 'auc': 0.904}
val: {'epoch': 74, 'loss': 0.0965, 'lr': 0.001, 'params': 1142404, 'time_iter': 4.3239, 'accuracy': 0.9798, 'precision': 0.4688, 'recall': 0.1852, 'f1': 0.2655, 'auc': 0.7804}
train: {'epoch': 74, 'eta': 592405.8348, 'loss': 0.0952, 'lr': 0.001, 'params': 1142404, 'time_iter': 23.1074, 'accuracy': 0.9719, 'precision': 0.7651, 'recall': 0.3596, 'f1': 0.4892, 'auc': 0.9037}
val: {'epoch': 75, 'loss': 0.0893, 'lr': 0.001, 'params': 1142404, 'time_iter': 4.4244, 'accuracy': 0.9808, 'precision': 0.5263, 'recall': 0.2469, 'f1': 0.3361, 'auc': 0.818}
train: {'epoch': 75, 'eta': 568650.6471, 'loss': 0.0951, 'lr': 0.001, 'params': 1142404, 'time_iter': 22.847, 'accuracy': 0.9723, 'precision': 0.7606, 'recall': 0.3791, 'f1': 0.506, 'auc': 0.9043}
val: {'epoch': 76, 'loss': 0.0901, 'lr': 0.001, 'params': 1142404, 'time_iter': 4.2472, 'accuracy': 0.9801, 'precision': 0.4848, 'recall': 0.1975, 'f1': 0.2807, 'auc': 0.8056}
train: {'epoch': 76, 'eta': 544934.775, 'loss': 0.0933, 'lr': 0.001, 'params': 1142404, 'time_iter': 22.9541, 'accuracy': 0.9718, 'precision': 0.7436, 'recall': 0.3766, 'f1': 0.5, 'auc': 0.9066}
val: {'epoch': 77, 'loss': 0.0988, 'lr': 0.001, 'params': 1142404, 'time_iter': 4.7493, 'accuracy': 0.9774, 'precision': 0.3846, 'recall': 0.2469, 'f1': 0.3008, 'auc': 0.785}
train: {'epoch': 77, 'eta': 521071.3605, 'loss': 0.093, 'lr': 0.001, 'params': 1142404, 'time_iter': 22.4373, 'accuracy': 0.9724, 'precision': 0.7625, 'recall': 0.3831, 'f1': 0.51, 'auc': 0.9082}
val: {'epoch': 78, 'loss': 0.0947, 'lr': 0.001, 'params': 1142404, 'time_iter': 3.9662, 'accuracy': 0.9803, 'precision': 0.5, 'recall': 0.2099, 'f1': 0.2957, 'auc': 0.7812}
train: {'epoch': 78, 'eta': 497468.079, 'loss': 0.0926, 'lr': 0.001, 'params': 1142404, 'time_iter': 23.3165, 'accuracy': 0.9723, 'precision': 0.7602, 'recall': 0.3782, 'f1': 0.5051, 'auc': 0.9092}
val: {'epoch': 79, 'loss': 0.0974, 'lr': 0.001, 'params': 1142404, 'time_iter': 4.3463, 'accuracy': 0.9788, 'precision': 0.4423, 'recall': 0.284, 'f1': 0.3459, 'auc': 0.8055}
train: {'epoch': 79, 'eta': 473715.9322, 'loss': 0.0935, 'lr': 0.001, 'params': 1142404, 'time_iter': 22.7757, 'accuracy': 0.9723, 'precision': 0.7636, 'recall': 0.375, 'f1': 0.503, 'auc': 0.9058}
val: {'epoch': 80, 'loss': 0.0913, 'lr': 0.001, 'params': 1142404, 'time_iter': 4.6743, 'accuracy': 0.9813, 'precision': 0.5556, 'recall': 0.2469, 'f1': 0.3419, 'auc': 0.8038}
train: {'epoch': 80, 'eta': 450107.1114, 'loss': 0.0926, 'lr': 0.001, 'params': 1142404, 'time_iter': 23.3372, 'accuracy': 0.9728, 'precision': 0.7731, 'recall': 0.3872, 'f1': 0.516, 'auc': 0.9098}
val: {'epoch': 81, 'loss': 0.0886, 'lr': 0.001, 'params': 1142404, 'time_iter': 4.5658, 'accuracy': 0.9798, 'precision': 0.4737, 'recall': 0.2222, 'f1': 0.3025, 'auc': 0.8164}
train: {'epoch': 81, 'eta': 426483.8991, 'loss': 0.0921, 'lr': 0.001, 'params': 1142404, 'time_iter': 23.3172, 'accuracy': 0.9725, 'precision': 0.7724, 'recall': 0.3774, 'f1': 0.5071, 'auc': 0.9107}
val: {'epoch': 82, 'loss': 0.0939, 'lr': 0.001, 'params': 1142404, 'time_iter': 4.2996, 'accuracy': 0.9791, 'precision': 0.451, 'recall': 0.284, 'f1': 0.3485, 'auc': 0.8106}
train: {'epoch': 82, 'eta': 402746.9278, 'loss': 0.0914, 'lr': 0.001, 'params': 1142404, 'time_iter': 22.8198, 'accuracy': 0.9719, 'precision': 0.7444, 'recall': 0.3807, 'f1': 0.5038, 'auc': 0.914}
val: {'epoch': 83, 'loss': 0.0881, 'lr': 0.001, 'params': 1142404, 'time_iter': 4.3294, 'accuracy': 0.983, 'precision': 0.6774, 'recall': 0.2593, 'f1': 0.375, 'auc': 0.8133}
train: {'epoch': 83, 'eta': 378978.3417, 'loss': 0.0915, 'lr': 0.001, 'params': 1142404, 'time_iter': 22.6275, 'accuracy': 0.9723, 'precision': 0.761, 'recall': 0.3799, 'f1': 0.5068, 'auc': 0.9125}
val: {'epoch': 84, 'loss': 0.0992, 'lr': 0.001, 'params': 1142404, 'time_iter': 4.2148, 'accuracy': 0.9776, 'precision': 0.3962, 'recall': 0.2593, 'f1': 0.3134, 'auc': 0.7992}
train: {'epoch': 84, 'eta': 355352.0804, 'loss': 0.0911, 'lr': 0.001, 'params': 1142404, 'time_iter': 23.3484, 'accuracy': 0.9733, 'precision': 0.7776, 'recall': 0.4002, 'f1': 0.5284, 'auc': 0.9136}
val: {'epoch': 85, 'loss': 0.0899, 'lr': 0.001, 'params': 1142404, 'time_iter': 4.0581, 'accuracy': 0.9818, 'precision': 0.5789, 'recall': 0.2716, 'f1': 0.3697, 'auc': 0.8052}
train: {'epoch': 85, 'eta': 331565.9615, 'loss': 0.0905, 'lr': 0.001, 'params': 1142404, 'time_iter': 22.4495, 'accuracy': 0.9728, 'precision': 0.7637, 'recall': 0.3961, 'f1': 0.5216, 'auc': 0.9149}
val: {'epoch': 86, 'loss': 0.0934, 'lr': 0.001, 'params': 1142404, 'time_iter': 4.8237, 'accuracy': 0.9818, 'precision': 0.5833, 'recall': 0.2593, 'f1': 0.359, 'auc': 0.7615}
train: {'epoch': 86, 'eta': 307888.787, 'loss': 0.0905, 'lr': 0.001, 'params': 1142404, 'time_iter': 23.0556, 'accuracy': 0.9733, 'precision': 0.7839, 'recall': 0.3945, 'f1': 0.5248, 'auc': 0.9151}
val: {'epoch': 87, 'loss': 0.0988, 'lr': 0.001, 'params': 1142404, 'time_iter': 4.2483, 'accuracy': 0.9805, 'precision': 0.5161, 'recall': 0.1975, 'f1': 0.2857, 'auc': 0.8034}
train: {'epoch': 87, 'eta': 284210.9352, 'loss': 0.0888, 'lr': 0.001, 'params': 1142404, 'time_iter': 23.0583, 'accuracy': 0.9729, 'precision': 0.7647, 'recall': 0.401, 'f1': 0.5261, 'auc': 0.9216}
val: {'epoch': 88, 'loss': 0.0925, 'lr': 0.001, 'params': 1142404, 'time_iter': 4.2801, 'accuracy': 0.9793, 'precision': 0.45, 'recall': 0.2222, 'f1': 0.2975, 'auc': 0.7973}
train: {'epoch': 88, 'eta': 260652.6712, 'loss': 0.0891, 'lr': 0.001, 'params': 1142404, 'time_iter': 24.0073, 'accuracy': 0.9728, 'precision': 0.767, 'recall': 0.3929, 'f1': 0.5196, 'auc': 0.9184}
val: {'epoch': 89, 'loss': 0.0973, 'lr': 0.001, 'params': 1142404, 'time_iter': 4.3315, 'accuracy': 0.9793, 'precision': 0.46, 'recall': 0.284, 'f1': 0.3511, 'auc': 0.7939}
train: {'epoch': 89, 'eta': 236977.1953, 'loss': 0.0879, 'lr': 0.001, 'params': 1142404, 'time_iter': 23.2048, 'accuracy': 0.9734, 'precision': 0.7745, 'recall': 0.4099, 'f1': 0.5361, 'auc': 0.9243}
val: {'epoch': 90, 'loss': 0.0928, 'lr': 0.001, 'params': 1142404, 'time_iter': 4.4411, 'accuracy': 0.9801, 'precision': 0.4857, 'recall': 0.2099, 'f1': 0.2931, 'auc': 0.8116}
train: {'epoch': 90, 'eta': 213286.0903, 'loss': 0.0889, 'lr': 0.001, 'params': 1142404, 'time_iter': 23.0948, 'accuracy': 0.9739, 'precision': 0.7835, 'recall': 0.4172, 'f1': 0.5445, 'auc': 0.9176}
val: {'epoch': 91, 'loss': 0.0989, 'lr': 0.001, 'params': 1142404, 'time_iter': 4.089, 'accuracy': 0.981, 'precision': 0.5882, 'recall': 0.1235, 'f1': 0.2041, 'auc': 0.8052}
train: {'epoch': 91, 'eta': 189620.8048, 'loss': 0.0884, 'lr': 0.001, 'params': 1142404, 'time_iter': 23.4013, 'accuracy': 0.9736, 'precision': 0.7835, 'recall': 0.4083, 'f1': 0.5368, 'auc': 0.9198}
val: {'epoch': 92, 'loss': 0.0952, 'lr': 0.001, 'params': 1142404, 'time_iter': 4.2687, 'accuracy': 0.9808, 'precision': 0.5217, 'recall': 0.2963, 'f1': 0.378, 'auc': 0.791}
train: {'epoch': 92, 'eta': 165916.8986, 'loss': 0.0877, 'lr': 0.001, 'params': 1142404, 'time_iter': 23.0177, 'accuracy': 0.9735, 'precision': 0.7766, 'recall': 0.4091, 'f1': 0.5359, 'auc': 0.9226}
val: {'epoch': 93, 'loss': 0.0996, 'lr': 0.001, 'params': 1142404, 'time_iter': 4.6341, 'accuracy': 0.9796, 'precision': 0.4571, 'recall': 0.1975, 'f1': 0.2759, 'auc': 0.7921}
train: {'epoch': 93, 'eta': 142205.6791, 'loss': 0.0878, 'lr': 0.001, 'params': 1142404, 'time_iter': 22.9004, 'accuracy': 0.9731, 'precision': 0.772, 'recall': 0.3985, 'f1': 0.5257, 'auc': 0.9244}
val: {'epoch': 94, 'loss': 0.0934, 'lr': 0.001, 'params': 1142404, 'time_iter': 4.4682, 'accuracy': 0.9793, 'precision': 0.4444, 'recall': 0.1975, 'f1': 0.2735, 'auc': 0.7893}
train: {'epoch': 94, 'eta': 118532.429, 'loss': 0.0866, 'lr': 0.001, 'params': 1142404, 'time_iter': 23.5444, 'accuracy': 0.9737, 'precision': 0.7723, 'recall': 0.4213, 'f1': 0.5452, 'auc': 0.9245}
val: {'epoch': 95, 'loss': 0.0955, 'lr': 0.001, 'params': 1142404, 'time_iter': 4.5254, 'accuracy': 0.9803, 'precision': 0.5, 'recall': 0.2222, 'f1': 0.3077, 'auc': 0.8023}
train: {'epoch': 95, 'eta': 94799.1884, 'loss': 0.0865, 'lr': 0.001, 'params': 1142404, 'time_iter': 22.4144, 'accuracy': 0.9734, 'precision': 0.7648, 'recall': 0.4196, 'f1': 0.5419, 'auc': 0.9237}
val: {'epoch': 96, 'loss': 0.105, 'lr': 0.001, 'params': 1142404, 'time_iter': 4.3051, 'accuracy': 0.9776, 'precision': 0.359, 'recall': 0.1728, 'f1': 0.2333, 'auc': 0.7903}
train: {'epoch': 96, 'eta': 71092.281, 'loss': 0.0845, 'lr': 0.001, 'params': 1142404, 'time_iter': 22.8085, 'accuracy': 0.9744, 'precision': 0.7868, 'recall': 0.4343, 'f1': 0.5596, 'auc': 0.9268}
val: {'epoch': 97, 'loss': 0.103, 'lr': 0.001, 'params': 1142404, 'time_iter': 4.1396, 'accuracy': 0.9767, 'precision': 0.3529, 'recall': 0.2222, 'f1': 0.2727, 'auc': 0.7975}
train: {'epoch': 97, 'eta': 47387.341, 'loss': 0.0861, 'lr': 0.001, 'params': 1142404, 'time_iter': 22.6718, 'accuracy': 0.9733, 'precision': 0.7723, 'recall': 0.4075, 'f1': 0.5335, 'auc': 0.9275}
val: {'epoch': 98, 'loss': 0.0978, 'lr': 0.001, 'params': 1142404, 'time_iter': 4.2758, 'accuracy': 0.9808, 'precision': 0.5294, 'recall': 0.2222, 'f1': 0.313, 'auc': 0.8196}
train: {'epoch': 98, 'eta': 23705.0601, 'loss': 0.0864, 'lr': 0.001, 'params': 1142404, 'time_iter': 24.1217, 'accuracy': 0.9734, 'precision': 0.7697, 'recall': 0.4123, 'f1': 0.537, 'auc': 0.925}
val: {'epoch': 99, 'loss': 0.0951, 'lr': 0.001, 'params': 1142404, 'time_iter': 5.1421, 'accuracy': 0.9813, 'precision': 0.5667, 'recall': 0.2099, 'f1': 0.3063, 'auc': 0.7949}
train: {'epoch': 99, 'eta': 0.0, 'loss': 0.0863, 'lr': 0.001, 'params': 1142404, 'time_iter': 23.604, 'accuracy': 0.9742, 'precision': 0.7897, 'recall': 0.4237, 'f1': 0.5515, 'auc': 0.926}
test: {'epoch': 99, 'loss': 0.1739, 'lr': 0.001, 'params': 1142404, 'time_iter': 4.245, 'accuracy': 0.9657, 'precision': 0.2381, 'recall': 0.0385, 'f1': 0.0662, 'auc': 0.7555}
test: {'epoch': 98, 'loss': 0.1656, 'lr': 0.001, 'params': 1142404, 'time_iter': 4.1074, 'accuracy': 0.9677, 'precision': 0.4667, 'recall': 0.1615, 'f1': 0.24, 'auc': 0.771}
