GraphGymModule(
  (model): DilatedGNNModel(
    (encoder): FeatureEncoder(
      (node_encoder): AtomEncoder(
        (atom_embedding_list): ModuleList(
          (0): Embedding(119, 300)
          (1): Embedding(4, 300)
          (2): Embedding(12, 300)
          (3): Embedding(12, 300)
          (4): Embedding(10, 300)
          (5): Embedding(6, 300)
          (6): Embedding(6, 300)
          (7): Embedding(2, 300)
          (8): Embedding(2, 300)
        )
      )
      (edge_encoder): BondEncoder(
        (bond_embedding_list): ModuleList(
          (0): Embedding(5, 300)
          (1): Embedding(6, 300)
          (2): Embedding(2, 300)
        )
      )
    )
    (mp): GNNDilatedStage(
      (classic_layers): ModuleList(
        (0): GeneralLayer(
          (layer): EGINConv(
            (model): GINEConv(nn=Sequential(
              (0): Linear(300, 300, bias=True)
              (1): ReLU()
              (2): Linear(300, 300, bias=True)
            ))
          )
          (post_layer): Sequential(
            (0): BatchNorm1d(300, eps=1e-05, momentum=0.1, affine=True, track_running_stats=True)
            (1): Dropout(p=0.5, inplace=False)
            (2): ReLU()
          )
        )
        (1): GeneralLayer(
          (layer): EGINConv(
            (model): GINEConv(nn=Sequential(
              (0): Linear(300, 300, bias=True)
              (1): ReLU()
              (2): Linear(300, 300, bias=True)
            ))
          )
          (post_layer): Sequential(
            (0): BatchNorm1d(300, eps=1e-05, momentum=0.1, affine=True, track_running_stats=True)
            (1): Dropout(p=0.5, inplace=False)
            (2): ReLU()
          )
        )
        (2): GeneralLayer(
          (layer): EGINConv(
            (model): GINEConv(nn=Sequential(
              (0): Linear(300, 300, bias=True)
              (1): ReLU()
              (2): Linear(300, 300, bias=True)
            ))
          )
          (post_layer): Sequential(
            (0): BatchNorm1d(300, eps=1e-05, momentum=0.1, affine=True, track_running_stats=True)
            (1): Dropout(p=0.5, inplace=False)
            (2): ReLU()
          )
        )
      )
      (dilated_layers): ModuleList(
        (0): DilatedGeneralLayer(
          (layer): EGINConv(
            (model): GINEConv(nn=Sequential(
              (0): Linear(300, 300, bias=True)
              (1): ReLU()
              (2): Linear(300, 300, bias=True)
            ))
          )
          (post_layer): Sequential(
            (0): BatchNorm1d(300, eps=1e-05, momentum=0.1, affine=True, track_running_stats=True)
            (1): Dropout(p=0.5, inplace=False)
            (2): ReLU()
          )
          (gem): GeM(p=3.0000, eps=1e-06)
        )
        (1): DilatedGeneralLayer(
          (layer): EGINConv(
            (model): GINEConv(nn=Sequential(
              (0): Linear(300, 300, bias=True)
              (1): ReLU()
              (2): Linear(300, 300, bias=True)
            ))
          )
          (post_layer): Sequential(
            (0): BatchNorm1d(300, eps=1e-05, momentum=0.1, affine=True, track_running_stats=True)
            (1): Dropout(p=0.5, inplace=False)
            (2): ReLU()
          )
          (gem): GeM(p=3.0000, eps=1e-06)
        )
      )
      (act): ReLU()
    )
    (post_mp): GNNGraphHead(
      (layer_post_mp): MLP(
        (model): Sequential(
          (0): Linear(
            (model): Linear(600, 1, bias=True)
          )
        )
      )
    )
  )
)
accelerator: cuda
benchmark: False
bn:
  eps: 1e-05
  mom: 0.1
cfg_dest: config.yaml
custom_metrics: []
dataset:
  cache_load: False
  cache_save: False
  dir: ./datasets
  edge_dim: 300
  edge_encoder: True
  edge_encoder_bn: False
  edge_encoder_name: Bond
  edge_message_ratio: 0.8
  edge_negative_sampling_ratio: 1.0
  edge_train_mode: all
  encoder: True
  encoder_bn: True
  encoder_dim: 128
  encoder_name: db
  fast_loader: False
  format: OGB
  label_column: none
  label_table: none
  location: local
  name: ogbg-molhiv
  node_encoder: True
  node_encoder_bn: False
  node_encoder_name: Atom
  remove_feature: False
  resample_disjoint: False
  resample_negative: False
  shuffle_split: True
  split: [0.8, 0.1, 0.1]
  split_mode: random
  task: graph
  task_type: classification
  to_undirected: False
  transductive: False
  transform: none
  tu_simple: True
devices: 1
gnn:
  act: relu
  act_on_last_layer_mp: False
  agg: none
  att_final_linear: False
  att_final_linear_bn: False
  att_heads: 1
  batchnorm: True
  clear_feature: True
  dilated_path_join: concat
  dim_inner: 300
  dropout: 0.5
  head: graph
  keep_edge: 0.5
  l2norm: True
  layer_type: eginconv
  layers_k1: 3
  layers_k2: 2
  layers_mp: 5
  layers_post_mp: 1
  layers_pre_mp: 0
  learn_alpha_residual_connection: True
  msg_direction: single
  normalize_adj: False
  self_msg: concat
  skip_every: 1
  stage_type: stack
  use_edge_features: True
gpu_mem: False
mem:
  inplace: False
metric_agg: argmax
metric_best: auc
model:
  edge_decoding: dot
  graph_pooling: mean
  loss_fun: cross_entropy
  match_upper: True
  size_average: mean
  thresh: 0.5
  type: dilated_gnn
num_threads: 6
num_workers: 16
optim:
  base_lr: 0.001
  lr_decay: 0.1
  max_epoch: 100
  momentum: 0.9
  optimizer: adam
  scheduler: none
  steps: [30, 60, 90]
  weight_decay: 0.0
out_dir: results_experiments/ogbg_molhiv_baseline_grid_design/ogbg_molhiv_baseline-type=dilated_gnn-layer_type=eginconv-layers_k1=3-layers_k2=2-dilated_path_join=concat-learn_alpha_residual_connection=True
params: 1413905
print: both
round: 4
run_dir: results_experiments/ogbg_molhiv_baseline_grid_design/ogbg_molhiv_baseline-type=dilated_gnn-layer_type=eginconv-layers_k1=3-layers_k2=2-dilated_path_join=concat-learn_alpha_residual_connection=True/4
seed: 5
share:
  dim_in: 9
  dim_out: 2
  num_splits: 3
tensorboard_agg: True
tensorboard_each_run: False
train:
  auto_resume: False
  batch_size: 32
  ckpt_clean: True
  ckpt_period: 100
  enable_ckpt: True
  epoch_resume: -1
  eval_period: 1
  iter_per_epoch: 32
  neighbor_sizes: [20, 15, 10, 5]
  node_per_graph: 32
  radius: extend
  sample_node: False
  sampler: full_batch
  skip_train_eval: False
  walk_length: 4
val:
  node_per_graph: 32
  radius: extend
  sample_node: False
  sampler: full_batch
view_emb: False
Num parameters: 1413905
val: {'epoch': 0, 'loss': 0.6884, 'lr': 0.001, 'params': 1413905, 'time_iter': 1.0429, 'accuracy': 0.9844, 'precision': 0.0, 'recall': 0.0, 'f1': 0.0, 'auc': 0.2222}
val: {'epoch': 0, 'loss': 0.0919, 'lr': 0.001, 'params': 1413905, 'time_iter': 2.5198, 'accuracy': 0.9803, 'precision': 0.0, 'recall': 0.0, 'f1': 0.0, 'auc': 0.6569}
train: {'epoch': 0, 'eta': 1436417.9552, 'loss': 0.1774, 'lr': 0.001, 'params': 1413905, 'time_iter': 14.1004, 'accuracy': 0.9625, 'precision': 0.2, 'recall': 0.0008, 'f1': 0.0016, 'auc': 0.5992}
val: {'epoch': 1, 'loss': 0.0909, 'lr': 0.001, 'params': 1413905, 'time_iter': 2.6087, 'accuracy': 0.9803, 'precision': 0.0, 'recall': 0.0, 'f1': 0.0, 'auc': 0.6667}
train: {'epoch': 1, 'eta': 1410495.0932, 'loss': 0.151, 'lr': 0.001, 'params': 1413905, 'time_iter': 13.874, 'accuracy': 0.9626, 'precision': 0.0, 'recall': 0.0, 'f1': 0.0, 'auc': 0.6485}
val: {'epoch': 2, 'loss': 0.0928, 'lr': 0.001, 'params': 1413905, 'time_iter': 2.4465, 'accuracy': 0.9803, 'precision': 0.0, 'recall': 0.0, 'f1': 0.0, 'auc': 0.6484}
train: {'epoch': 2, 'eta': 1416281.8542, 'loss': 0.1512, 'lr': 0.001, 'params': 1413905, 'time_iter': 14.5937, 'accuracy': 0.9626, 'precision': 0.0, 'recall': 0.0, 'f1': 0.0, 'auc': 0.6342}
val: {'epoch': 3, 'loss': 0.0924, 'lr': 0.001, 'params': 1413905, 'time_iter': 2.8686, 'accuracy': 0.9813, 'precision': 1.0, 'recall': 0.0494, 'f1': 0.0941, 'auc': 0.6722}
train: {'epoch': 3, 'eta': 1403161.724, 'loss': 0.1498, 'lr': 0.001, 'params': 1413905, 'time_iter': 14.2493, 'accuracy': 0.9626, 'precision': 0.5, 'recall': 0.0016, 'f1': 0.0032, 'auc': 0.6498}
val: {'epoch': 4, 'loss': 0.0898, 'lr': 0.001, 'params': 1413905, 'time_iter': 2.6918, 'accuracy': 0.9813, 'precision': 1.0, 'recall': 0.0494, 'f1': 0.0941, 'auc': 0.705}
train: {'epoch': 4, 'eta': 1388636.2168, 'loss': 0.1486, 'lr': 0.001, 'params': 1413905, 'time_iter': 14.209, 'accuracy': 0.9627, 'precision': 0.875, 'recall': 0.0057, 'f1': 0.0113, 'auc': 0.6695}
val: {'epoch': 5, 'loss': 0.0912, 'lr': 0.001, 'params': 1413905, 'time_iter': 2.491, 'accuracy': 0.9805, 'precision': 1.0, 'recall': 0.0123, 'f1': 0.0244, 'auc': 0.6538}
train: {'epoch': 5, 'eta': 1378118.9914, 'loss': 0.1482, 'lr': 0.001, 'params': 1413905, 'time_iter': 14.4596, 'accuracy': 0.9628, 'precision': 0.8, 'recall': 0.0097, 'f1': 0.0192, 'auc': 0.6779}
val: {'epoch': 6, 'loss': 0.0918, 'lr': 0.001, 'params': 1413905, 'time_iter': 2.6311, 'accuracy': 0.9813, 'precision': 1.0, 'recall': 0.0494, 'f1': 0.0941, 'auc': 0.6837}
train: {'epoch': 6, 'eta': 1363383.9613, 'loss': 0.1477, 'lr': 0.001, 'params': 1413905, 'time_iter': 14.2422, 'accuracy': 0.9626, 'precision': 1.0, 'recall': 0.0016, 'f1': 0.0032, 'auc': 0.6835}
val: {'epoch': 7, 'loss': 0.0911, 'lr': 0.001, 'params': 1413905, 'time_iter': 2.4498, 'accuracy': 0.9813, 'precision': 1.0, 'recall': 0.0494, 'f1': 0.0941, 'auc': 0.684}
train: {'epoch': 7, 'eta': 1354590.5364, 'loss': 0.1465, 'lr': 0.001, 'params': 1413905, 'time_iter': 14.7426, 'accuracy': 0.9629, 'precision': 0.7391, 'recall': 0.0138, 'f1': 0.0271, 'auc': 0.6955}
val: {'epoch': 8, 'loss': 0.091, 'lr': 0.001, 'params': 1413905, 'time_iter': 2.5463, 'accuracy': 0.9801, 'precision': 0.4444, 'recall': 0.0494, 'f1': 0.0889, 'auc': 0.694}
train: {'epoch': 8, 'eta': 1342626.4948, 'loss': 0.146, 'lr': 0.001, 'params': 1413905, 'time_iter': 14.5741, 'accuracy': 0.9629, 'precision': 0.6857, 'recall': 0.0195, 'f1': 0.0379, 'auc': 0.6919}
val: {'epoch': 9, 'loss': 0.0905, 'lr': 0.001, 'params': 1413905, 'time_iter': 2.6038, 'accuracy': 0.9805, 'precision': 0.5455, 'recall': 0.0741, 'f1': 0.1304, 'auc': 0.6771}
train: {'epoch': 9, 'eta': 1328635.0465, 'loss': 0.1457, 'lr': 0.001, 'params': 1413905, 'time_iter': 14.4207, 'accuracy': 0.9634, 'precision': 0.7636, 'recall': 0.0341, 'f1': 0.0653, 'auc': 0.6954}
val: {'epoch': 10, 'loss': 0.09, 'lr': 0.001, 'params': 1413905, 'time_iter': 2.5194, 'accuracy': 0.9796, 'precision': 0.4118, 'recall': 0.0864, 'f1': 0.1429, 'auc': 0.6765}
train: {'epoch': 10, 'eta': 1312885.376, 'loss': 0.1448, 'lr': 0.001, 'params': 1413905, 'time_iter': 14.228, 'accuracy': 0.9634, 'precision': 0.7333, 'recall': 0.0357, 'f1': 0.0681, 'auc': 0.6993}
val: {'epoch': 11, 'loss': 0.0919, 'lr': 0.001, 'params': 1413905, 'time_iter': 2.557, 'accuracy': 0.9798, 'precision': 0.4375, 'recall': 0.0864, 'f1': 0.1443, 'auc': 0.6919}
train: {'epoch': 11, 'eta': 1296918.2773, 'loss': 0.1438, 'lr': 0.001, 'params': 1413905, 'time_iter': 14.1747, 'accuracy': 0.9634, 'precision': 0.6667, 'recall': 0.0455, 'f1': 0.0851, 'auc': 0.7096}
val: {'epoch': 12, 'loss': 0.0903, 'lr': 0.001, 'params': 1413905, 'time_iter': 2.8761, 'accuracy': 0.9793, 'precision': 0.3889, 'recall': 0.0864, 'f1': 0.1414, 'auc': 0.684}
train: {'epoch': 12, 'eta': 1282692.9137, 'loss': 0.1432, 'lr': 0.001, 'params': 1413905, 'time_iter': 14.3968, 'accuracy': 0.9636, 'precision': 0.6941, 'recall': 0.0479, 'f1': 0.0896, 'auc': 0.7076}
val: {'epoch': 13, 'loss': 0.0956, 'lr': 0.001, 'params': 1413905, 'time_iter': 2.5473, 'accuracy': 0.9798, 'precision': 0.3333, 'recall': 0.0247, 'f1': 0.046, 'auc': 0.7002}
train: {'epoch': 13, 'eta': 1265307.5127, 'loss': 0.1427, 'lr': 0.001, 'params': 1413905, 'time_iter': 13.9101, 'accuracy': 0.9637, 'precision': 0.6792, 'recall': 0.0584, 'f1': 0.1076, 'auc': 0.7128}
val: {'epoch': 14, 'loss': 0.0959, 'lr': 0.001, 'params': 1413905, 'time_iter': 2.5759, 'accuracy': 0.9779, 'precision': 0.2727, 'recall': 0.0741, 'f1': 0.1165, 'auc': 0.6934}
train: {'epoch': 14, 'eta': 1247698.9974, 'loss': 0.1422, 'lr': 0.001, 'params': 1413905, 'time_iter': 13.8016, 'accuracy': 0.9638, 'precision': 0.6952, 'recall': 0.0593, 'f1': 0.1092, 'auc': 0.7152}
val: {'epoch': 15, 'loss': 0.0952, 'lr': 0.001, 'params': 1413905, 'time_iter': 2.5751, 'accuracy': 0.9771, 'precision': 0.2759, 'recall': 0.0988, 'f1': 0.1455, 'auc': 0.7072}
train: {'epoch': 15, 'eta': 1234405.6877, 'loss': 0.1416, 'lr': 0.001, 'params': 1413905, 'time_iter': 14.5216, 'accuracy': 0.9636, 'precision': 0.6514, 'recall': 0.0576, 'f1': 0.1059, 'auc': 0.7153}
val: {'epoch': 16, 'loss': 0.0958, 'lr': 0.001, 'params': 1413905, 'time_iter': 2.59, 'accuracy': 0.9788, 'precision': 0.3333, 'recall': 0.0741, 'f1': 0.1212, 'auc': 0.7073}
train: {'epoch': 16, 'eta': 1219921.103, 'loss': 0.1405, 'lr': 0.001, 'params': 1413905, 'time_iter': 14.3231, 'accuracy': 0.9642, 'precision': 0.7177, 'recall': 0.0722, 'f1': 0.1313, 'auc': 0.7225}
val: {'epoch': 17, 'loss': 0.0928, 'lr': 0.001, 'params': 1413905, 'time_iter': 3.0197, 'accuracy': 0.9786, 'precision': 0.3333, 'recall': 0.0864, 'f1': 0.1373, 'auc': 0.7143}
train: {'epoch': 17, 'eta': 1204831.0984, 'loss': 0.1407, 'lr': 0.001, 'params': 1413905, 'time_iter': 14.2, 'accuracy': 0.9641, 'precision': 0.7031, 'recall': 0.0731, 'f1': 0.1324, 'auc': 0.7244}
val: {'epoch': 18, 'loss': 0.0946, 'lr': 0.001, 'params': 1413905, 'time_iter': 2.4988, 'accuracy': 0.9786, 'precision': 0.3333, 'recall': 0.0864, 'f1': 0.1373, 'auc': 0.7154}
train: {'epoch': 18, 'eta': 1192357.5363, 'loss': 0.1402, 'lr': 0.001, 'params': 1413905, 'time_iter': 14.7849, 'accuracy': 0.9639, 'precision': 0.6748, 'recall': 0.0674, 'f1': 0.1225, 'auc': 0.7297}
val: {'epoch': 19, 'loss': 0.0954, 'lr': 0.001, 'params': 1413905, 'time_iter': 2.5704, 'accuracy': 0.9779, 'precision': 0.2917, 'recall': 0.0864, 'f1': 0.1333, 'auc': 0.7217}
train: {'epoch': 19, 'eta': 1176036.3658, 'loss': 0.1396, 'lr': 0.001, 'params': 1413905, 'time_iter': 13.9167, 'accuracy': 0.964, 'precision': 0.6667, 'recall': 0.0747, 'f1': 0.1343, 'auc': 0.7261}
val: {'epoch': 20, 'loss': 0.094, 'lr': 0.001, 'params': 1413905, 'time_iter': 2.5103, 'accuracy': 0.9788, 'precision': 0.35, 'recall': 0.0864, 'f1': 0.1386, 'auc': 0.7281}
train: {'epoch': 20, 'eta': 1160399.0987, 'loss': 0.1392, 'lr': 0.001, 'params': 1413905, 'time_iter': 14.0441, 'accuracy': 0.9643, 'precision': 0.6855, 'recall': 0.0885, 'f1': 0.1567, 'auc': 0.7319}
val: {'epoch': 21, 'loss': 0.0953, 'lr': 0.001, 'params': 1413905, 'time_iter': 2.5666, 'accuracy': 0.9791, 'precision': 0.3684, 'recall': 0.0864, 'f1': 0.14, 'auc': 0.7078}
train: {'epoch': 21, 'eta': 1144751.422, 'loss': 0.1389, 'lr': 0.001, 'params': 1413905, 'time_iter': 14.0117, 'accuracy': 0.9643, 'precision': 0.6818, 'recall': 0.0852, 'f1': 0.1515, 'auc': 0.7366}
val: {'epoch': 22, 'loss': 0.0969, 'lr': 0.001, 'params': 1413905, 'time_iter': 2.626, 'accuracy': 0.9771, 'precision': 0.2593, 'recall': 0.0864, 'f1': 0.1296, 'auc': 0.703}
train: {'epoch': 22, 'eta': 1129971.0476, 'loss': 0.1387, 'lr': 0.001, 'params': 1413905, 'time_iter': 14.2325, 'accuracy': 0.9647, 'precision': 0.7278, 'recall': 0.0933, 'f1': 0.1655, 'auc': 0.7363}
val: {'epoch': 23, 'loss': 0.0925, 'lr': 0.001, 'params': 1413905, 'time_iter': 2.5337, 'accuracy': 0.9788, 'precision': 0.35, 'recall': 0.0864, 'f1': 0.1386, 'auc': 0.7245}
train: {'epoch': 23, 'eta': 1115325.4079, 'loss': 0.1387, 'lr': 0.001, 'params': 1413905, 'time_iter': 14.2704, 'accuracy': 0.9643, 'precision': 0.6707, 'recall': 0.0909, 'f1': 0.1601, 'auc': 0.7365}
val: {'epoch': 24, 'loss': 0.0929, 'lr': 0.001, 'params': 1413905, 'time_iter': 2.5428, 'accuracy': 0.9776, 'precision': 0.28, 'recall': 0.0864, 'f1': 0.1321, 'auc': 0.7283}
train: {'epoch': 24, 'eta': 1099566.9678, 'loss': 0.138, 'lr': 0.001, 'params': 1413905, 'time_iter': 13.9109, 'accuracy': 0.9647, 'precision': 0.7178, 'recall': 0.095, 'f1': 0.1677, 'auc': 0.7422}
val: {'epoch': 25, 'loss': 0.0946, 'lr': 0.001, 'params': 1413905, 'time_iter': 2.5969, 'accuracy': 0.9769, 'precision': 0.2812, 'recall': 0.1111, 'f1': 0.1593, 'auc': 0.7299}
train: {'epoch': 25, 'eta': 1084438.8902, 'loss': 0.1377, 'lr': 0.001, 'params': 1413905, 'time_iter': 14.0882, 'accuracy': 0.9646, 'precision': 0.6959, 'recall': 0.0966, 'f1': 0.1696, 'auc': 0.7424}
val: {'epoch': 26, 'loss': 0.0925, 'lr': 0.001, 'params': 1413905, 'time_iter': 2.5083, 'accuracy': 0.9788, 'precision': 0.35, 'recall': 0.0864, 'f1': 0.1386, 'auc': 0.7321}
train: {'epoch': 26, 'eta': 1069307.5697, 'loss': 0.1378, 'lr': 0.001, 'params': 1413905, 'time_iter': 14.0702, 'accuracy': 0.9648, 'precision': 0.711, 'recall': 0.0998, 'f1': 0.1751, 'auc': 0.7387}
val: {'epoch': 27, 'loss': 0.0902, 'lr': 0.001, 'params': 1413905, 'time_iter': 2.5502, 'accuracy': 0.9801, 'precision': 0.4667, 'recall': 0.0864, 'f1': 0.1458, 'auc': 0.7144}
train: {'epoch': 27, 'eta': 1055263.6797, 'loss': 0.1382, 'lr': 0.001, 'params': 1413905, 'time_iter': 14.4636, 'accuracy': 0.9646, 'precision': 0.6932, 'recall': 0.099, 'f1': 0.1733, 'auc': 0.7388}
val: {'epoch': 28, 'loss': 0.0911, 'lr': 0.001, 'params': 1413905, 'time_iter': 2.4677, 'accuracy': 0.9798, 'precision': 0.4375, 'recall': 0.0864, 'f1': 0.1443, 'auc': 0.7357}
train: {'epoch': 28, 'eta': 1039710.1018, 'loss': 0.1367, 'lr': 0.001, 'params': 1413905, 'time_iter': 13.8873, 'accuracy': 0.9647, 'precision': 0.7108, 'recall': 0.0958, 'f1': 0.1688, 'auc': 0.7537}
val: {'epoch': 29, 'loss': 0.0906, 'lr': 0.001, 'params': 1413905, 'time_iter': 2.5266, 'accuracy': 0.9805, 'precision': 0.5455, 'recall': 0.0741, 'f1': 0.1304, 'auc': 0.7169}
train: {'epoch': 29, 'eta': 1025342.4039, 'loss': 0.1358, 'lr': 0.001, 'params': 1413905, 'time_iter': 14.3461, 'accuracy': 0.9652, 'precision': 0.7312, 'recall': 0.1104, 'f1': 0.1918, 'auc': 0.7588}
val: {'epoch': 30, 'loss': 0.0916, 'lr': 0.001, 'params': 1413905, 'time_iter': 2.9485, 'accuracy': 0.9788, 'precision': 0.3636, 'recall': 0.0988, 'f1': 0.1553, 'auc': 0.7313}
train: {'epoch': 30, 'eta': 1010981.1242, 'loss': 0.1358, 'lr': 0.001, 'params': 1413905, 'time_iter': 14.36, 'accuracy': 0.9647, 'precision': 0.7076, 'recall': 0.0982, 'f1': 0.1725, 'auc': 0.7589}
val: {'epoch': 31, 'loss': 0.0947, 'lr': 0.001, 'params': 1413905, 'time_iter': 2.5946, 'accuracy': 0.9798, 'precision': 0.4286, 'recall': 0.0741, 'f1': 0.1263, 'auc': 0.7365}
train: {'epoch': 31, 'eta': 998450.3511, 'loss': 0.1351, 'lr': 0.001, 'params': 1413905, 'time_iter': 15.209, 'accuracy': 0.965, 'precision': 0.7174, 'recall': 0.1071, 'f1': 0.1864, 'auc': 0.7648}
val: {'epoch': 32, 'loss': 0.0901, 'lr': 0.001, 'params': 1413905, 'time_iter': 2.6125, 'accuracy': 0.9796, 'precision': 0.4118, 'recall': 0.0864, 'f1': 0.1429, 'auc': 0.7238}
train: {'epoch': 32, 'eta': 984046.8064, 'loss': 0.1354, 'lr': 0.001, 'params': 1413905, 'time_iter': 14.4031, 'accuracy': 0.9651, 'precision': 0.7268, 'recall': 0.108, 'f1': 0.188, 'auc': 0.759}
val: {'epoch': 33, 'loss': 0.0931, 'lr': 0.001, 'params': 1413905, 'time_iter': 2.7223, 'accuracy': 0.9793, 'precision': 0.4, 'recall': 0.0988, 'f1': 0.1584, 'auc': 0.7204}
train: {'epoch': 33, 'eta': 970382.2088, 'loss': 0.1347, 'lr': 0.001, 'params': 1413905, 'time_iter': 14.7853, 'accuracy': 0.9656, 'precision': 0.7577, 'recall': 0.1193, 'f1': 0.2062, 'auc': 0.7639}
val: {'epoch': 34, 'loss': 0.0941, 'lr': 0.001, 'params': 1413905, 'time_iter': 2.5432, 'accuracy': 0.9791, 'precision': 0.3913, 'recall': 0.1111, 'f1': 0.1731, 'auc': 0.7215}
train: {'epoch': 34, 'eta': 956031.5983, 'loss': 0.1346, 'lr': 0.001, 'params': 1413905, 'time_iter': 14.4727, 'accuracy': 0.9651, 'precision': 0.7273, 'recall': 0.1104, 'f1': 0.1917, 'auc': 0.7629}
val: {'epoch': 35, 'loss': 0.0929, 'lr': 0.001, 'params': 1413905, 'time_iter': 2.736, 'accuracy': 0.9793, 'precision': 0.4091, 'recall': 0.1111, 'f1': 0.1748, 'auc': 0.7282}
train: {'epoch': 35, 'eta': 941060.3161, 'loss': 0.1336, 'lr': 0.001, 'params': 1413905, 'time_iter': 14.1498, 'accuracy': 0.9655, 'precision': 0.75, 'recall': 0.1169, 'f1': 0.2022, 'auc': 0.7694}
val: {'epoch': 36, 'loss': 0.0931, 'lr': 0.001, 'params': 1413905, 'time_iter': 2.5226, 'accuracy': 0.9793, 'precision': 0.375, 'recall': 0.0741, 'f1': 0.1237, 'auc': 0.7398}
train: {'epoch': 36, 'eta': 926110.0108, 'loss': 0.1332, 'lr': 0.001, 'params': 1413905, 'time_iter': 14.1491, 'accuracy': 0.9652, 'precision': 0.7122, 'recall': 0.1185, 'f1': 0.2032, 'auc': 0.7744}
val: {'epoch': 37, 'loss': 0.0893, 'lr': 0.001, 'params': 1413905, 'time_iter': 2.8463, 'accuracy': 0.9803, 'precision': 0.5, 'recall': 0.0864, 'f1': 0.1474, 'auc': 0.746}
train: {'epoch': 37, 'eta': 911090.7108, 'loss': 0.1326, 'lr': 0.001, 'params': 1413905, 'time_iter': 14.0958, 'accuracy': 0.9654, 'precision': 0.73, 'recall': 0.1185, 'f1': 0.2039, 'auc': 0.7733}
val: {'epoch': 38, 'loss': 0.0912, 'lr': 0.001, 'params': 1413905, 'time_iter': 2.6561, 'accuracy': 0.9788, 'precision': 0.3636, 'recall': 0.0988, 'f1': 0.1553, 'auc': 0.7509}
train: {'epoch': 38, 'eta': 896328.6493, 'loss': 0.1321, 'lr': 0.001, 'params': 1413905, 'time_iter': 14.2392, 'accuracy': 0.9653, 'precision': 0.7184, 'recall': 0.1201, 'f1': 0.2058, 'auc': 0.7781}
val: {'epoch': 39, 'loss': 0.089, 'lr': 0.001, 'params': 1413905, 'time_iter': 2.4741, 'accuracy': 0.9793, 'precision': 0.375, 'recall': 0.0741, 'f1': 0.1237, 'auc': 0.7704}
train: {'epoch': 39, 'eta': 881884.5366, 'loss': 0.1316, 'lr': 0.001, 'params': 1413905, 'time_iter': 14.4416, 'accuracy': 0.9655, 'precision': 0.7437, 'recall': 0.1201, 'f1': 0.2068, 'auc': 0.78}
val: {'epoch': 40, 'loss': 0.0912, 'lr': 0.001, 'params': 1413905, 'time_iter': 2.6692, 'accuracy': 0.9781, 'precision': 0.32, 'recall': 0.0988, 'f1': 0.1509, 'auc': 0.7552}
train: {'epoch': 40, 'eta': 866406.8619, 'loss': 0.1307, 'lr': 0.001, 'params': 1413905, 'time_iter': 13.7574, 'accuracy': 0.9654, 'precision': 0.717, 'recall': 0.1234, 'f1': 0.2105, 'auc': 0.7856}
val: {'epoch': 41, 'loss': 0.0921, 'lr': 0.001, 'params': 1413905, 'time_iter': 3.1217, 'accuracy': 0.9788, 'precision': 0.3846, 'recall': 0.1235, 'f1': 0.1869, 'auc': 0.7571}
train: {'epoch': 41, 'eta': 851452.7138, 'loss': 0.1313, 'lr': 0.001, 'params': 1413905, 'time_iter': 14.0815, 'accuracy': 0.9655, 'precision': 0.7474, 'recall': 0.1177, 'f1': 0.2034, 'auc': 0.7825}
val: {'epoch': 42, 'loss': 0.0889, 'lr': 0.001, 'params': 1413905, 'time_iter': 2.5032, 'accuracy': 0.9796, 'precision': 0.4, 'recall': 0.0741, 'f1': 0.125, 'auc': 0.7694}
train: {'epoch': 42, 'eta': 836938.2597, 'loss': 0.1307, 'lr': 0.001, 'params': 1413905, 'time_iter': 14.388, 'accuracy': 0.9658, 'precision': 0.7246, 'recall': 0.1388, 'f1': 0.233, 'auc': 0.7837}
val: {'epoch': 43, 'loss': 0.0899, 'lr': 0.001, 'params': 1413905, 'time_iter': 2.6118, 'accuracy': 0.9796, 'precision': 0.4348, 'recall': 0.1235, 'f1': 0.1923, 'auc': 0.762}
train: {'epoch': 43, 'eta': 822174.515, 'loss': 0.1298, 'lr': 0.001, 'params': 1413905, 'time_iter': 14.2078, 'accuracy': 0.9655, 'precision': 0.7264, 'recall': 0.125, 'f1': 0.2133, 'auc': 0.7875}
val: {'epoch': 44, 'loss': 0.0928, 'lr': 0.001, 'params': 1413905, 'time_iter': 2.4907, 'accuracy': 0.9786, 'precision': 0.3793, 'recall': 0.1358, 'f1': 0.2, 'auc': 0.7512}
train: {'epoch': 44, 'eta': 807224.3618, 'loss': 0.1299, 'lr': 0.001, 'params': 1413905, 'time_iter': 14.0545, 'accuracy': 0.9657, 'precision': 0.7318, 'recall': 0.1307, 'f1': 0.2218, 'auc': 0.7868}
val: {'epoch': 45, 'loss': 0.0935, 'lr': 0.001, 'params': 1413905, 'time_iter': 2.5234, 'accuracy': 0.9791, 'precision': 0.381, 'recall': 0.0988, 'f1': 0.1569, 'auc': 0.7468}
train: {'epoch': 45, 'eta': 792599.7095, 'loss': 0.129, 'lr': 0.001, 'params': 1413905, 'time_iter': 14.3064, 'accuracy': 0.9659, 'precision': 0.738, 'recall': 0.1372, 'f1': 0.2313, 'auc': 0.7906}
val: {'epoch': 46, 'loss': 0.0937, 'lr': 0.001, 'params': 1413905, 'time_iter': 3.0076, 'accuracy': 0.9774, 'precision': 0.2692, 'recall': 0.0864, 'f1': 0.1308, 'auc': 0.7487}
train: {'epoch': 46, 'eta': 778004.8159, 'loss': 0.1287, 'lr': 0.001, 'params': 1413905, 'time_iter': 14.3355, 'accuracy': 0.9658, 'precision': 0.7716, 'recall': 0.1234, 'f1': 0.2127, 'auc': 0.7958}
val: {'epoch': 47, 'loss': 0.0879, 'lr': 0.001, 'params': 1413905, 'time_iter': 2.5053, 'accuracy': 0.9793, 'precision': 0.4091, 'recall': 0.1111, 'f1': 0.1748, 'auc': 0.7773}
train: {'epoch': 47, 'eta': 763155.7457, 'loss': 0.1289, 'lr': 0.001, 'params': 1413905, 'time_iter': 14.1134, 'accuracy': 0.9654, 'precision': 0.7209, 'recall': 0.1258, 'f1': 0.2142, 'auc': 0.7918}
val: {'epoch': 48, 'loss': 0.0923, 'lr': 0.001, 'params': 1413905, 'time_iter': 2.5932, 'accuracy': 0.9796, 'precision': 0.4286, 'recall': 0.1111, 'f1': 0.1765, 'auc': 0.7749}
train: {'epoch': 48, 'eta': 748696.2617, 'loss': 0.1277, 'lr': 0.001, 'params': 1413905, 'time_iter': 14.4647, 'accuracy': 0.9657, 'precision': 0.7352, 'recall': 0.1307, 'f1': 0.2219, 'auc': 0.7991}
val: {'epoch': 49, 'loss': 0.0885, 'lr': 0.001, 'params': 1413905, 'time_iter': 2.5469, 'accuracy': 0.9784, 'precision': 0.3333, 'recall': 0.0988, 'f1': 0.1524, 'auc': 0.7642}
train: {'epoch': 49, 'eta': 733900.985, 'loss': 0.1283, 'lr': 0.001, 'params': 1413905, 'time_iter': 14.1549, 'accuracy': 0.9654, 'precision': 0.7111, 'recall': 0.1299, 'f1': 0.2196, 'auc': 0.7979}
val: {'epoch': 50, 'loss': 0.0916, 'lr': 0.001, 'params': 1413905, 'time_iter': 2.5116, 'accuracy': 0.9793, 'precision': 0.3889, 'recall': 0.0864, 'f1': 0.1414, 'auc': 0.7678}
train: {'epoch': 50, 'eta': 719256.186, 'loss': 0.1268, 'lr': 0.001, 'params': 1413905, 'time_iter': 14.298, 'accuracy': 0.9659, 'precision': 0.7489, 'recall': 0.1331, 'f1': 0.2261, 'auc': 0.8016}
val: {'epoch': 51, 'loss': 0.0917, 'lr': 0.001, 'params': 1413905, 'time_iter': 2.58, 'accuracy': 0.9801, 'precision': 0.4667, 'recall': 0.0864, 'f1': 0.1458, 'auc': 0.7714}
train: {'epoch': 51, 'eta': 704525.3342, 'loss': 0.1261, 'lr': 0.001, 'params': 1413905, 'time_iter': 14.2101, 'accuracy': 0.966, 'precision': 0.7639, 'recall': 0.1339, 'f1': 0.2279, 'auc': 0.8023}
val: {'epoch': 52, 'loss': 0.0899, 'lr': 0.001, 'params': 1413905, 'time_iter': 2.4808, 'accuracy': 0.9788, 'precision': 0.375, 'recall': 0.1111, 'f1': 0.1714, 'auc': 0.7847}
train: {'epoch': 52, 'eta': 689648.5136, 'loss': 0.1255, 'lr': 0.001, 'params': 1413905, 'time_iter': 14.0456, 'accuracy': 0.9661, 'precision': 0.7427, 'recall': 0.1453, 'f1': 0.243, 'auc': 0.8056}
val: {'epoch': 53, 'loss': 0.0907, 'lr': 0.001, 'params': 1413905, 'time_iter': 2.5554, 'accuracy': 0.9808, 'precision': 0.5833, 'recall': 0.0864, 'f1': 0.1505, 'auc': 0.7777}
train: {'epoch': 53, 'eta': 674854.2107, 'loss': 0.1249, 'lr': 0.001, 'params': 1413905, 'time_iter': 14.1219, 'accuracy': 0.966, 'precision': 0.7435, 'recall': 0.1388, 'f1': 0.2339, 'auc': 0.8064}
val: {'epoch': 54, 'loss': 0.0866, 'lr': 0.001, 'params': 1413905, 'time_iter': 2.8311, 'accuracy': 0.9801, 'precision': 0.4667, 'recall': 0.0864, 'f1': 0.1458, 'auc': 0.788}
train: {'epoch': 54, 'eta': 659975.2861, 'loss': 0.1246, 'lr': 0.001, 'params': 1413905, 'time_iter': 14.01, 'accuracy': 0.9657, 'precision': 0.7203, 'recall': 0.138, 'f1': 0.2316, 'auc': 0.8124}
val: {'epoch': 55, 'loss': 0.0954, 'lr': 0.001, 'params': 1413905, 'time_iter': 2.5168, 'accuracy': 0.9791, 'precision': 0.4, 'recall': 0.1235, 'f1': 0.1887, 'auc': 0.7631}
train: {'epoch': 55, 'eta': 645536.6167, 'loss': 0.1233, 'lr': 0.001, 'params': 1413905, 'time_iter': 14.5341, 'accuracy': 0.9658, 'precision': 0.712, 'recall': 0.1445, 'f1': 0.2402, 'auc': 0.8134}
val: {'epoch': 56, 'loss': 0.09, 'lr': 0.001, 'params': 1413905, 'time_iter': 2.6001, 'accuracy': 0.9791, 'precision': 0.3913, 'recall': 0.1111, 'f1': 0.1731, 'auc': 0.7615}
train: {'epoch': 56, 'eta': 630963.5541, 'loss': 0.1233, 'lr': 0.001, 'params': 1413905, 'time_iter': 14.3843, 'accuracy': 0.9656, 'precision': 0.7016, 'recall': 0.1412, 'f1': 0.2351, 'auc': 0.8138}
val: {'epoch': 57, 'loss': 0.0923, 'lr': 0.001, 'params': 1413905, 'time_iter': 2.5159, 'accuracy': 0.9803, 'precision': 0.5, 'recall': 0.1111, 'f1': 0.1818, 'auc': 0.7558}
train: {'epoch': 57, 'eta': 616255.4975, 'loss': 0.123, 'lr': 0.001, 'params': 1413905, 'time_iter': 14.2137, 'accuracy': 0.9665, 'precision': 0.76, 'recall': 0.1542, 'f1': 0.2564, 'auc': 0.8126}
val: {'epoch': 58, 'loss': 0.0889, 'lr': 0.001, 'params': 1413905, 'time_iter': 2.5883, 'accuracy': 0.9796, 'precision': 0.4286, 'recall': 0.1111, 'f1': 0.1765, 'auc': 0.7893}
train: {'epoch': 58, 'eta': 601327.0649, 'loss': 0.1233, 'lr': 0.001, 'params': 1413905, 'time_iter': 13.9017, 'accuracy': 0.9661, 'precision': 0.7379, 'recall': 0.1485, 'f1': 0.2473, 'auc': 0.8106}
val: {'epoch': 59, 'loss': 0.0904, 'lr': 0.001, 'params': 1413905, 'time_iter': 2.8405, 'accuracy': 0.9808, 'precision': 0.5625, 'recall': 0.1111, 'f1': 0.1856, 'auc': 0.7755}
train: {'epoch': 59, 'eta': 586579.1092, 'loss': 0.1225, 'lr': 0.001, 'params': 1413905, 'time_iter': 14.1345, 'accuracy': 0.9661, 'precision': 0.7218, 'recall': 0.1558, 'f1': 0.2563, 'auc': 0.816}
val: {'epoch': 60, 'loss': 0.0927, 'lr': 0.001, 'params': 1413905, 'time_iter': 2.558, 'accuracy': 0.9796, 'precision': 0.4348, 'recall': 0.1235, 'f1': 0.1923, 'auc': 0.7691}
train: {'epoch': 60, 'eta': 571982.9332, 'loss': 0.1206, 'lr': 0.001, 'params': 1413905, 'time_iter': 14.355, 'accuracy': 0.9663, 'precision': 0.7338, 'recall': 0.1567, 'f1': 0.2582, 'auc': 0.8194}
val: {'epoch': 61, 'loss': 0.0878, 'lr': 0.001, 'params': 1413905, 'time_iter': 2.8676, 'accuracy': 0.9798, 'precision': 0.45, 'recall': 0.1111, 'f1': 0.1782, 'auc': 0.7945}
train: {'epoch': 61, 'eta': 557309.7898, 'loss': 0.121, 'lr': 0.001, 'params': 1413905, 'time_iter': 14.2419, 'accuracy': 0.9662, 'precision': 0.7344, 'recall': 0.1526, 'f1': 0.2527, 'auc': 0.8202}
val: {'epoch': 62, 'loss': 0.0899, 'lr': 0.001, 'params': 1413905, 'time_iter': 2.5296, 'accuracy': 0.9796, 'precision': 0.4348, 'recall': 0.1235, 'f1': 0.1923, 'auc': 0.7864}
train: {'epoch': 62, 'eta': 542496.697, 'loss': 0.1198, 'lr': 0.001, 'params': 1413905, 'time_iter': 14.0094, 'accuracy': 0.9669, 'precision': 0.76, 'recall': 0.1696, 'f1': 0.2774, 'auc': 0.8235}
val: {'epoch': 63, 'loss': 0.0892, 'lr': 0.001, 'params': 1413905, 'time_iter': 2.5533, 'accuracy': 0.9805, 'precision': 0.5263, 'recall': 0.1235, 'f1': 0.2, 'auc': 0.7815}
train: {'epoch': 63, 'eta': 527825.7888, 'loss': 0.1192, 'lr': 0.001, 'params': 1413905, 'time_iter': 14.2336, 'accuracy': 0.9665, 'precision': 0.7345, 'recall': 0.164, 'f1': 0.2681, 'auc': 0.8284}
val: {'epoch': 64, 'loss': 0.0984, 'lr': 0.001, 'params': 1413905, 'time_iter': 2.894, 'accuracy': 0.9791, 'precision': 0.381, 'recall': 0.0988, 'f1': 0.1569, 'auc': 0.7573}
train: {'epoch': 64, 'eta': 512997.5446, 'loss': 0.1187, 'lr': 0.001, 'params': 1413905, 'time_iter': 13.9483, 'accuracy': 0.9663, 'precision': 0.7173, 'recall': 0.1648, 'f1': 0.268, 'auc': 0.8298}
val: {'epoch': 65, 'loss': 0.0911, 'lr': 0.001, 'params': 1413905, 'time_iter': 2.5095, 'accuracy': 0.9803, 'precision': 0.5, 'recall': 0.1481, 'f1': 0.2286, 'auc': 0.7784}
train: {'epoch': 65, 'eta': 498631.2724, 'loss': 0.1186, 'lr': 0.001, 'params': 1413905, 'time_iter': 14.7926, 'accuracy': 0.9666, 'precision': 0.726, 'recall': 0.1721, 'f1': 0.2782, 'auc': 0.8314}
val: {'epoch': 66, 'loss': 0.0929, 'lr': 0.001, 'params': 1413905, 'time_iter': 2.9388, 'accuracy': 0.9793, 'precision': 0.4, 'recall': 0.0988, 'f1': 0.1584, 'auc': 0.7824}
train: {'epoch': 66, 'eta': 483865.0201, 'loss': 0.1183, 'lr': 0.001, 'params': 1413905, 'time_iter': 14.0538, 'accuracy': 0.9667, 'precision': 0.73, 'recall': 0.1778, 'f1': 0.2859, 'auc': 0.8285}
val: {'epoch': 67, 'loss': 0.086, 'lr': 0.001, 'params': 1413905, 'time_iter': 2.9115, 'accuracy': 0.9808, 'precision': 0.5455, 'recall': 0.1481, 'f1': 0.233, 'auc': 0.788}
train: {'epoch': 67, 'eta': 469205.8819, 'loss': 0.118, 'lr': 0.001, 'params': 1413905, 'time_iter': 14.2564, 'accuracy': 0.9673, 'precision': 0.7663, 'recall': 0.181, 'f1': 0.2928, 'auc': 0.8321}
val: {'epoch': 68, 'loss': 0.0894, 'lr': 0.001, 'params': 1413905, 'time_iter': 2.5366, 'accuracy': 0.9805, 'precision': 0.5263, 'recall': 0.1235, 'f1': 0.2, 'auc': 0.786}
train: {'epoch': 68, 'eta': 454576.4768, 'loss': 0.117, 'lr': 0.001, 'params': 1413905, 'time_iter': 14.3214, 'accuracy': 0.9669, 'precision': 0.7344, 'recall': 0.1818, 'f1': 0.2915, 'auc': 0.8336}
val: {'epoch': 69, 'loss': 0.0879, 'lr': 0.001, 'params': 1413905, 'time_iter': 2.8262, 'accuracy': 0.9805, 'precision': 0.5294, 'recall': 0.1111, 'f1': 0.1837, 'auc': 0.7882}
train: {'epoch': 69, 'eta': 439808.4357, 'loss': 0.1166, 'lr': 0.001, 'params': 1413905, 'time_iter': 14.014, 'accuracy': 0.967, 'precision': 0.7475, 'recall': 0.1802, 'f1': 0.2904, 'auc': 0.8387}
val: {'epoch': 70, 'loss': 0.0925, 'lr': 0.001, 'params': 1413905, 'time_iter': 2.4828, 'accuracy': 0.9815, 'precision': 0.6923, 'recall': 0.1111, 'f1': 0.1915, 'auc': 0.7873}
train: {'epoch': 70, 'eta': 425208.169, 'loss': 0.1165, 'lr': 0.001, 'params': 1413905, 'time_iter': 14.3899, 'accuracy': 0.9675, 'precision': 0.7647, 'recall': 0.1899, 'f1': 0.3043, 'auc': 0.8345}
val: {'epoch': 71, 'loss': 0.092, 'lr': 0.001, 'params': 1413905, 'time_iter': 2.5405, 'accuracy': 0.9815, 'precision': 0.6923, 'recall': 0.1111, 'f1': 0.1915, 'auc': 0.7672}
train: {'epoch': 71, 'eta': 410392.955, 'loss': 0.1153, 'lr': 0.001, 'params': 1413905, 'time_iter': 13.8671, 'accuracy': 0.9669, 'precision': 0.7314, 'recall': 0.1834, 'f1': 0.2933, 'auc': 0.8415}
val: {'epoch': 72, 'loss': 0.0901, 'lr': 0.001, 'params': 1413905, 'time_iter': 2.6611, 'accuracy': 0.9803, 'precision': 0.5, 'recall': 0.1235, 'f1': 0.198, 'auc': 0.7646}
train: {'epoch': 72, 'eta': 395674.6863, 'loss': 0.1155, 'lr': 0.001, 'params': 1413905, 'time_iter': 14.0826, 'accuracy': 0.9669, 'precision': 0.7227, 'recall': 0.1883, 'f1': 0.2988, 'auc': 0.8434}
val: {'epoch': 73, 'loss': 0.0865, 'lr': 0.001, 'params': 1413905, 'time_iter': 2.4778, 'accuracy': 0.981, 'precision': 0.5882, 'recall': 0.1235, 'f1': 0.2041, 'auc': 0.7895}
train: {'epoch': 73, 'eta': 381041.725, 'loss': 0.115, 'lr': 0.001, 'params': 1413905, 'time_iter': 14.3015, 'accuracy': 0.9673, 'precision': 0.7422, 'recall': 0.194, 'f1': 0.3076, 'auc': 0.8392}
val: {'epoch': 74, 'loss': 0.0816, 'lr': 0.001, 'params': 1413905, 'time_iter': 2.5503, 'accuracy': 0.9813, 'precision': 0.6, 'recall': 0.1481, 'f1': 0.2376, 'auc': 0.8024}
train: {'epoch': 74, 'eta': 366468.047, 'loss': 0.1143, 'lr': 0.001, 'params': 1413905, 'time_iter': 14.4808, 'accuracy': 0.9673, 'precision': 0.7335, 'recall': 0.1989, 'f1': 0.3129, 'auc': 0.8423}
val: {'epoch': 75, 'loss': 0.0933, 'lr': 0.001, 'params': 1413905, 'time_iter': 2.6996, 'accuracy': 0.9805, 'precision': 0.5263, 'recall': 0.1235, 'f1': 0.2, 'auc': 0.7596}
train: {'epoch': 75, 'eta': 351874.5717, 'loss': 0.1143, 'lr': 0.001, 'params': 1413905, 'time_iter': 14.4464, 'accuracy': 0.9681, 'precision': 0.7734, 'recall': 0.2078, 'f1': 0.3276, 'auc': 0.8401}
val: {'epoch': 76, 'loss': 0.0922, 'lr': 0.001, 'params': 1413905, 'time_iter': 2.5188, 'accuracy': 0.9801, 'precision': 0.4706, 'recall': 0.0988, 'f1': 0.1633, 'auc': 0.7786}
train: {'epoch': 76, 'eta': 337346.0005, 'loss': 0.1142, 'lr': 0.001, 'params': 1413905, 'time_iter': 14.6805, 'accuracy': 0.9676, 'precision': 0.7364, 'recall': 0.2086, 'f1': 0.3251, 'auc': 0.8425}
val: {'epoch': 77, 'loss': 0.0878, 'lr': 0.001, 'params': 1413905, 'time_iter': 2.6488, 'accuracy': 0.9798, 'precision': 0.4615, 'recall': 0.1481, 'f1': 0.2243, 'auc': 0.8047}
train: {'epoch': 77, 'eta': 322649.5674, 'loss': 0.1137, 'lr': 0.001, 'params': 1413905, 'time_iter': 14.1532, 'accuracy': 0.9677, 'precision': 0.7407, 'recall': 0.211, 'f1': 0.3285, 'auc': 0.8411}
val: {'epoch': 78, 'loss': 0.0887, 'lr': 0.001, 'params': 1413905, 'time_iter': 2.6846, 'accuracy': 0.9805, 'precision': 0.5238, 'recall': 0.1358, 'f1': 0.2157, 'auc': 0.7874}
train: {'epoch': 78, 'eta': 307943.2633, 'loss': 0.1128, 'lr': 0.001, 'params': 1413905, 'time_iter': 14.1048, 'accuracy': 0.9681, 'precision': 0.7453, 'recall': 0.2256, 'f1': 0.3464, 'auc': 0.8485}
val: {'epoch': 79, 'loss': 0.0869, 'lr': 0.001, 'params': 1413905, 'time_iter': 2.5009, 'accuracy': 0.9808, 'precision': 0.5625, 'recall': 0.1111, 'f1': 0.1856, 'auc': 0.8023}
train: {'epoch': 79, 'eta': 293193.1172, 'loss': 0.1129, 'lr': 0.001, 'params': 1413905, 'time_iter': 13.9157, 'accuracy': 0.9675, 'precision': 0.7404, 'recall': 0.2037, 'f1': 0.3195, 'auc': 0.8473}
val: {'epoch': 80, 'loss': 0.0917, 'lr': 0.001, 'params': 1413905, 'time_iter': 2.6246, 'accuracy': 0.9815, 'precision': 0.6667, 'recall': 0.1235, 'f1': 0.2083, 'auc': 0.785}
train: {'epoch': 80, 'eta': 278653.248, 'loss': 0.1124, 'lr': 0.001, 'params': 1413905, 'time_iter': 14.7428, 'accuracy': 0.968, 'precision': 0.7493, 'recall': 0.2183, 'f1': 0.3382, 'auc': 0.8508}
val: {'epoch': 81, 'loss': 0.0898, 'lr': 0.001, 'params': 1413905, 'time_iter': 2.4836, 'accuracy': 0.9808, 'precision': 0.5625, 'recall': 0.1111, 'f1': 0.1856, 'auc': 0.8081}
train: {'epoch': 81, 'eta': 264039.4542, 'loss': 0.1117, 'lr': 0.001, 'params': 1413905, 'time_iter': 14.4836, 'accuracy': 0.9681, 'precision': 0.7375, 'recall': 0.2281, 'f1': 0.3484, 'auc': 0.8529}
val: {'epoch': 82, 'loss': 0.0854, 'lr': 0.001, 'params': 1413905, 'time_iter': 2.5233, 'accuracy': 0.9805, 'precision': 0.52, 'recall': 0.1605, 'f1': 0.2453, 'auc': 0.8088}
train: {'epoch': 82, 'eta': 249322.0408, 'loss': 0.1117, 'lr': 0.001, 'params': 1413905, 'time_iter': 14.0251, 'accuracy': 0.9685, 'precision': 0.7649, 'recall': 0.2297, 'f1': 0.3533, 'auc': 0.8514}
val: {'epoch': 83, 'loss': 0.0937, 'lr': 0.001, 'params': 1413905, 'time_iter': 2.6988, 'accuracy': 0.9805, 'precision': 0.6, 'recall': 0.037, 'f1': 0.0698, 'auc': 0.8017}
train: {'epoch': 83, 'eta': 234655.9654, 'loss': 0.1105, 'lr': 0.001, 'params': 1413905, 'time_iter': 14.2523, 'accuracy': 0.9683, 'precision': 0.7474, 'recall': 0.233, 'f1': 0.3552, 'auc': 0.8576}
val: {'epoch': 84, 'loss': 0.0864, 'lr': 0.001, 'params': 1413905, 'time_iter': 2.5628, 'accuracy': 0.9808, 'precision': 0.5417, 'recall': 0.1605, 'f1': 0.2476, 'auc': 0.8044}
train: {'epoch': 84, 'eta': 219980.2717, 'loss': 0.1109, 'lr': 0.001, 'params': 1413905, 'time_iter': 14.1993, 'accuracy': 0.9686, 'precision': 0.7632, 'recall': 0.2354, 'f1': 0.3598, 'auc': 0.8535}
val: {'epoch': 85, 'loss': 0.0889, 'lr': 0.001, 'params': 1413905, 'time_iter': 2.573, 'accuracy': 0.981, 'precision': 0.5789, 'recall': 0.1358, 'f1': 0.22, 'auc': 0.7923}
train: {'epoch': 85, 'eta': 205299.5609, 'loss': 0.1109, 'lr': 0.001, 'params': 1413905, 'time_iter': 14.1604, 'accuracy': 0.9688, 'precision': 0.7727, 'recall': 0.2346, 'f1': 0.3599, 'auc': 0.8537}
val: {'epoch': 86, 'loss': 0.0859, 'lr': 0.001, 'params': 1413905, 'time_iter': 2.4887, 'accuracy': 0.981, 'precision': 0.5882, 'recall': 0.1235, 'f1': 0.2041, 'auc': 0.7934}
train: {'epoch': 86, 'eta': 190588.212, 'loss': 0.109, 'lr': 0.001, 'params': 1413905, 'time_iter': 13.9447, 'accuracy': 0.969, 'precision': 0.7696, 'recall': 0.2468, 'f1': 0.3737, 'auc': 0.8588}
val: {'epoch': 87, 'loss': 0.0874, 'lr': 0.001, 'params': 1413905, 'time_iter': 2.5289, 'accuracy': 0.9813, 'precision': 0.6, 'recall': 0.1481, 'f1': 0.2376, 'auc': 0.8017}
train: {'epoch': 87, 'eta': 175859.8127, 'loss': 0.1086, 'lr': 0.001, 'params': 1413905, 'time_iter': 13.7645, 'accuracy': 0.9689, 'precision': 0.7652, 'recall': 0.2459, 'f1': 0.3722, 'auc': 0.8615}
val: {'epoch': 88, 'loss': 0.0894, 'lr': 0.001, 'params': 1413905, 'time_iter': 2.6559, 'accuracy': 0.9815, 'precision': 0.6667, 'recall': 0.1235, 'f1': 0.2083, 'auc': 0.8328}
train: {'epoch': 88, 'eta': 161182.877, 'loss': 0.1089, 'lr': 0.001, 'params': 1413905, 'time_iter': 14.0694, 'accuracy': 0.9683, 'precision': 0.7423, 'recall': 0.2362, 'f1': 0.3584, 'auc': 0.8609}
val: {'epoch': 89, 'loss': 0.0876, 'lr': 0.001, 'params': 1413905, 'time_iter': 2.4888, 'accuracy': 0.982, 'precision': 0.7333, 'recall': 0.1358, 'f1': 0.2292, 'auc': 0.8194}
train: {'epoch': 89, 'eta': 146514.0249, 'loss': 0.1087, 'lr': 0.001, 'params': 1413905, 'time_iter': 14.1013, 'accuracy': 0.9685, 'precision': 0.7385, 'recall': 0.2476, 'f1': 0.3708, 'auc': 0.8601}
val: {'epoch': 90, 'loss': 0.0937, 'lr': 0.001, 'params': 1413905, 'time_iter': 2.5348, 'accuracy': 0.9815, 'precision': 0.7778, 'recall': 0.0864, 'f1': 0.1556, 'auc': 0.8073}
train: {'epoch': 90, 'eta': 131821.7546, 'loss': 0.1073, 'lr': 0.001, 'params': 1413905, 'time_iter': 13.8369, 'accuracy': 0.9695, 'precision': 0.778, 'recall': 0.2589, 'f1': 0.3886, 'auc': 0.8667}
val: {'epoch': 91, 'loss': 0.084, 'lr': 0.001, 'params': 1413905, 'time_iter': 3.2663, 'accuracy': 0.9835, 'precision': 0.8824, 'recall': 0.1852, 'f1': 0.3061, 'auc': 0.8213}
train: {'epoch': 91, 'eta': 117186.9576, 'loss': 0.1098, 'lr': 0.001, 'params': 1413905, 'time_iter': 14.3689, 'accuracy': 0.9689, 'precision': 0.7694, 'recall': 0.2411, 'f1': 0.3671, 'auc': 0.8585}
val: {'epoch': 92, 'loss': 0.0895, 'lr': 0.001, 'params': 1413905, 'time_iter': 2.5014, 'accuracy': 0.9796, 'precision': 0.4483, 'recall': 0.1605, 'f1': 0.2364, 'auc': 0.8219}
train: {'epoch': 92, 'eta': 102546.8179, 'loss': 0.1076, 'lr': 0.001, 'params': 1413905, 'time_iter': 14.3418, 'accuracy': 0.9692, 'precision': 0.7657, 'recall': 0.2573, 'f1': 0.3852, 'auc': 0.8645}
val: {'epoch': 93, 'loss': 0.0822, 'lr': 0.001, 'params': 1413905, 'time_iter': 2.631, 'accuracy': 0.9823, 'precision': 0.7, 'recall': 0.1728, 'f1': 0.2772, 'auc': 0.8175}
train: {'epoch': 93, 'eta': 87885.368, 'loss': 0.1078, 'lr': 0.001, 'params': 1413905, 'time_iter': 14.0554, 'accuracy': 0.9691, 'precision': 0.7506, 'recall': 0.2614, 'f1': 0.3877, 'auc': 0.8643}
val: {'epoch': 94, 'loss': 0.0932, 'lr': 0.001, 'params': 1413905, 'time_iter': 2.4631, 'accuracy': 0.9808, 'precision': 0.5714, 'recall': 0.0988, 'f1': 0.1684, 'auc': 0.8087}
train: {'epoch': 94, 'eta': 73223.3338, 'loss': 0.107, 'lr': 0.001, 'params': 1413905, 'time_iter': 13.9675, 'accuracy': 0.9698, 'precision': 0.7812, 'recall': 0.2695, 'f1': 0.4007, 'auc': 0.8677}
val: {'epoch': 95, 'loss': 0.0889, 'lr': 0.001, 'params': 1413905, 'time_iter': 2.5712, 'accuracy': 0.9813, 'precision': 0.625, 'recall': 0.1235, 'f1': 0.2062, 'auc': 0.8149}
train: {'epoch': 95, 'eta': 58575.9109, 'loss': 0.1059, 'lr': 0.001, 'params': 1413905, 'time_iter': 14.1677, 'accuracy': 0.9699, 'precision': 0.7809, 'recall': 0.2719, 'f1': 0.4034, 'auc': 0.8693}
val: {'epoch': 96, 'loss': 0.0933, 'lr': 0.001, 'params': 1413905, 'time_iter': 2.6447, 'accuracy': 0.9798, 'precision': 0.4545, 'recall': 0.1235, 'f1': 0.1942, 'auc': 0.7809}
train: {'epoch': 96, 'eta': 43935.7938, 'loss': 0.1069, 'lr': 0.001, 'params': 1413905, 'time_iter': 14.3526, 'accuracy': 0.9697, 'precision': 0.7757, 'recall': 0.2695, 'f1': 0.4, 'auc': 0.8665}
val: {'epoch': 97, 'loss': 0.088, 'lr': 0.001, 'params': 1413905, 'time_iter': 2.4959, 'accuracy': 0.9813, 'precision': 0.6, 'recall': 0.1481, 'f1': 0.2376, 'auc': 0.813}
train: {'epoch': 97, 'eta': 29290.5141, 'loss': 0.1051, 'lr': 0.001, 'params': 1413905, 'time_iter': 14.2318, 'accuracy': 0.9698, 'precision': 0.7593, 'recall': 0.2817, 'f1': 0.4109, 'auc': 0.8717}
val: {'epoch': 98, 'loss': 0.0858, 'lr': 0.001, 'params': 1413905, 'time_iter': 2.5735, 'accuracy': 0.9808, 'precision': 0.5556, 'recall': 0.1235, 'f1': 0.202, 'auc': 0.8361}
train: {'epoch': 98, 'eta': 14645.0076, 'loss': 0.1063, 'lr': 0.001, 'params': 1413905, 'time_iter': 14.2085, 'accuracy': 0.9694, 'precision': 0.7522, 'recall': 0.2735, 'f1': 0.4012, 'auc': 0.8683}
val: {'epoch': 99, 'loss': 0.0934, 'lr': 0.001, 'params': 1413905, 'time_iter': 2.7656, 'accuracy': 0.9815, 'precision': 0.6667, 'recall': 0.1235, 'f1': 0.2083, 'auc': 0.784}
train: {'epoch': 99, 'eta': 0.0, 'loss': 0.1046, 'lr': 0.001, 'params': 1413905, 'time_iter': 14.2701, 'accuracy': 0.9702, 'precision': 0.8005, 'recall': 0.2735, 'f1': 0.4077, 'auc': 0.8726}
test: {'epoch': 99, 'loss': 0.1511, 'lr': 0.001, 'params': 1413905, 'time_iter': 2.1571, 'accuracy': 0.9711, 'precision': 0.6897, 'recall': 0.1538, 'f1': 0.2516, 'auc': 0.7571}
test: {'epoch': 98, 'loss': 0.1478, 'lr': 0.001, 'params': 1413905, 'time_iter': 2.3221, 'accuracy': 0.9694, 'precision': 0.5667, 'recall': 0.1308, 'f1': 0.2125, 'auc': 0.7617}
