GraphGymModule(
  (model): DilatedGNNModel(
    (encoder): FeatureEncoder(
      (node_encoder): AtomEncoder(
        (atom_embedding_list): ModuleList(
          (0): Embedding(119, 300)
          (1): Embedding(4, 300)
          (2): Embedding(12, 300)
          (3): Embedding(12, 300)
          (4): Embedding(10, 300)
          (5): Embedding(6, 300)
          (6): Embedding(6, 300)
          (7): Embedding(2, 300)
          (8): Embedding(2, 300)
        )
      )
      (edge_encoder): BondEncoder(
        (bond_embedding_list): ModuleList(
          (0): Embedding(5, 300)
          (1): Embedding(6, 300)
          (2): Embedding(2, 300)
        )
      )
    )
    (mp): GNNDilatedEdgesFeatureStage(
      (classic_layers): ModuleList(
        (0): GeneralLayer(
          (layer): EGINConv(
            (model): GINEConv(nn=Sequential(
              (0): Linear(300, 300, bias=True)
              (1): ReLU()
              (2): Linear(300, 300, bias=True)
            ))
          )
          (post_layer): Sequential(
            (0): BatchNorm1d(300, eps=1e-05, momentum=0.1, affine=True, track_running_stats=True)
            (1): Dropout(p=0.5, inplace=False)
            (2): ReLU()
          )
        )
      )
      (dilated_layers): ModuleList(
        (0): DilatedGeneralLayer(
          (layer): EGINConv(
            (model): GINEConv(nn=Sequential(
              (0): Linear(300, 300, bias=True)
              (1): ReLU()
              (2): Linear(300, 300, bias=True)
            ))
          )
          (post_layer): Sequential(
            (0): BatchNorm1d(300, eps=1e-05, momentum=0.1, affine=True, track_running_stats=True)
            (1): Dropout(p=0.5, inplace=False)
            (2): ReLU()
          )
          (gem): GeM(p=3.0000, eps=1e-06)
        )
        (1): DilatedGeneralLayer(
          (layer): EGINConv(
            (model): GINEConv(nn=Sequential(
              (0): Linear(300, 300, bias=True)
              (1): ReLU()
              (2): Linear(300, 300, bias=True)
            ))
          )
          (post_layer): Sequential(
            (0): BatchNorm1d(300, eps=1e-05, momentum=0.1, affine=True, track_running_stats=True)
            (1): Dropout(p=0.5, inplace=False)
            (2): ReLU()
          )
          (gem): GeM(p=3.0000, eps=1e-06)
        )
      )
      (act): ReLU()
    )
    (post_mp): GNNGraphHead(
      (layer_post_mp): MLP(
        (model): Sequential(
          (0): Linear(
            (model): Linear(600, 1, bias=True)
          )
        )
      )
    )
  )
)
accelerator: cuda
benchmark: False
bn:
  eps: 1e-05
  mom: 0.1
cfg_dest: config.yaml
custom_metrics: []
dataset:
  cache_load: False
  cache_save: False
  dir: ./datasets
  edge_dim: 300
  edge_encoder: True
  edge_encoder_bn: False
  edge_encoder_name: Bond
  edge_message_ratio: 0.8
  edge_negative_sampling_ratio: 1.0
  edge_train_mode: all
  encoder: True
  encoder_bn: True
  encoder_dim: 128
  encoder_name: db
  fast_loader: False
  format: OGB
  label_column: none
  label_table: none
  location: local
  name: ogbg-molhiv
  node_encoder: True
  node_encoder_bn: False
  node_encoder_name: Atom
  remove_feature: False
  resample_disjoint: False
  resample_negative: False
  shuffle_split: True
  split: [0.8, 0.1, 0.1]
  split_mode: random
  task: graph
  task_type: classification
  to_undirected: False
  transductive: False
  transform: none
  tu_simple: True
devices: 1
gnn:
  act: relu
  act_on_last_layer_mp: True
  agg: none
  att_final_linear: False
  att_final_linear_bn: False
  att_heads: 1
  batchnorm: True
  clear_feature: True
  dim_inner: 300
  dropout: 0.5
  head: graph
  keep_edge: 0.5
  l2norm: True
  layer_type: eginconv
  layers_k1: 1
  layers_k2: 2
  layers_mp: 5
  layers_post_mp: 1
  layers_pre_mp: 0
  msg_direction: single
  normalize_adj: False
  self_msg: concat
  skip_every: 1
  stage_type: dilated_stage
  use_edge_features: True
gpu_mem: False
mem:
  inplace: False
metric_agg: argmax
metric_best: auc
model:
  edge_decoding: dot
  graph_pooling: mean
  loss_fun: cross_entropy
  match_upper: True
  size_average: mean
  thresh: 0.5
  type: dilated_gnn
num_threads: 6
num_workers: 16
optim:
  base_lr: 0.001
  lr_decay: 0.1
  max_epoch: 100
  momentum: 0.9
  optimizer: adam
  scheduler: none
  steps: [30, 60, 90]
  weight_decay: 0.0
out_dir: results_experiments/ogbg_molhiv_baseline_grid_comparison/ogbg_molhiv_baseline-type=dilated_gnn-stage_type=dilated_stage-layer_type=eginconv-layers_k1=1-layers_k2=2-act_on_last_layer_mp=True
params: 870905
print: both
round: 4
run_dir: results_experiments/ogbg_molhiv_baseline_grid_comparison/ogbg_molhiv_baseline-type=dilated_gnn-stage_type=dilated_stage-layer_type=eginconv-layers_k1=1-layers_k2=2-act_on_last_layer_mp=True/8
seed: 9
share:
  dim_in: 9
  dim_out: 2
  num_splits: 3
tensorboard_agg: True
tensorboard_each_run: False
train:
  auto_resume: False
  batch_size: 32
  ckpt_clean: True
  ckpt_period: 100
  enable_ckpt: True
  epoch_resume: -1
  eval_period: 1
  iter_per_epoch: 32
  neighbor_sizes: [20, 15, 10, 5]
  node_per_graph: 32
  radius: extend
  sample_node: False
  sampler: full_batch
  skip_train_eval: False
  walk_length: 4
val:
  node_per_graph: 32
  radius: extend
  sample_node: False
  sampler: full_batch
view_emb: False
Num parameters: 870905
val: {'epoch': 0, 'loss': 0.6979, 'lr': 0.001, 'params': 870905, 'time_iter': 0.8135, 'accuracy': 0.0156, 'precision': 0.0156, 'recall': 1.0, 'f1': 0.0308, 'auc': 0.3016}
val: {'epoch': 0, 'loss': 0.0975, 'lr': 0.001, 'params': 870905, 'time_iter': 2.5242, 'accuracy': 0.9803, 'precision': 0.0, 'recall': 0.0, 'f1': 0.0, 'auc': 0.6223}
train: {'epoch': 0, 'eta': 1222181.0821, 'loss': 0.1867, 'lr': 0.001, 'params': 870905, 'time_iter': 11.9973, 'accuracy': 0.9613, 'precision': 0.0652, 'recall': 0.0024, 'f1': 0.0047, 'auc': 0.552}
val: {'epoch': 1, 'loss': 0.0904, 'lr': 0.001, 'params': 870905, 'time_iter': 2.0924, 'accuracy': 0.9803, 'precision': 0.0, 'recall': 0.0, 'f1': 0.0, 'auc': 0.6944}
train: {'epoch': 1, 'eta': 1200068.5861, 'loss': 0.1534, 'lr': 0.001, 'params': 870905, 'time_iter': 11.8036, 'accuracy': 0.9626, 'precision': 0.0, 'recall': 0.0, 'f1': 0.0, 'auc': 0.6695}
val: {'epoch': 2, 'loss': 0.0931, 'lr': 0.001, 'params': 870905, 'time_iter': 2.154, 'accuracy': 0.9803, 'precision': 0.0, 'recall': 0.0, 'f1': 0.0, 'auc': 0.6951}
train: {'epoch': 2, 'eta': 1182285.0946, 'loss': 0.149, 'lr': 0.001, 'params': 870905, 'time_iter': 11.734, 'accuracy': 0.9626, 'precision': 0.0, 'recall': 0.0, 'f1': 0.0, 'auc': 0.7015}
val: {'epoch': 3, 'loss': 0.089, 'lr': 0.001, 'params': 870905, 'time_iter': 2.0673, 'accuracy': 0.9803, 'precision': 0.0, 'recall': 0.0, 'f1': 0.0, 'auc': 0.7368}
train: {'epoch': 3, 'eta': 1172081.8508, 'loss': 0.1446, 'lr': 0.001, 'params': 870905, 'time_iter': 11.9254, 'accuracy': 0.9626, 'precision': 0.0, 'recall': 0.0, 'f1': 0.0, 'auc': 0.7299}
val: {'epoch': 4, 'loss': 0.0811, 'lr': 0.001, 'params': 870905, 'time_iter': 2.0738, 'accuracy': 0.9805, 'precision': 0.6, 'recall': 0.037, 'f1': 0.0698, 'auc': 0.7677}
train: {'epoch': 4, 'eta': 1154598.0882, 'loss': 0.1406, 'lr': 0.001, 'params': 870905, 'time_iter': 11.5953, 'accuracy': 0.9626, 'precision': 0.0, 'recall': 0.0, 'f1': 0.0, 'auc': 0.7536}
val: {'epoch': 5, 'loss': 0.0771, 'lr': 0.001, 'params': 870905, 'time_iter': 2.2486, 'accuracy': 0.9815, 'precision': 0.7778, 'recall': 0.0864, 'f1': 0.1556, 'auc': 0.7881}
train: {'epoch': 5, 'eta': 1140112.5146, 'loss': 0.1384, 'lr': 0.001, 'params': 870905, 'time_iter': 11.6665, 'accuracy': 0.9626, 'precision': 0.5, 'recall': 0.0008, 'f1': 0.0016, 'auc': 0.7579}
val: {'epoch': 6, 'loss': 0.0775, 'lr': 0.001, 'params': 870905, 'time_iter': 2.0695, 'accuracy': 0.9813, 'precision': 0.6429, 'recall': 0.1111, 'f1': 0.1895, 'auc': 0.7815}
train: {'epoch': 6, 'eta': 1131445.4629, 'loss': 0.1348, 'lr': 0.001, 'params': 870905, 'time_iter': 12.0403, 'accuracy': 0.9628, 'precision': 0.6957, 'recall': 0.013, 'f1': 0.0255, 'auc': 0.7755}
val: {'epoch': 7, 'loss': 0.082, 'lr': 0.001, 'params': 870905, 'time_iter': 2.183, 'accuracy': 0.9808, 'precision': 0.6, 'recall': 0.0741, 'f1': 0.1319, 'auc': 0.7611}
train: {'epoch': 7, 'eta': 1119778.3322, 'loss': 0.1321, 'lr': 0.001, 'params': 870905, 'time_iter': 11.8654, 'accuracy': 0.9629, 'precision': 0.614, 'recall': 0.0284, 'f1': 0.0543, 'auc': 0.7849}
val: {'epoch': 8, 'loss': 0.0772, 'lr': 0.001, 'params': 870905, 'time_iter': 2.1017, 'accuracy': 0.9813, 'precision': 0.5667, 'recall': 0.2099, 'f1': 0.3063, 'auc': 0.798}
train: {'epoch': 8, 'eta': 1109590.0716, 'loss': 0.1297, 'lr': 0.001, 'params': 870905, 'time_iter': 12.0191, 'accuracy': 0.9634, 'precision': 0.6556, 'recall': 0.0479, 'f1': 0.0893, 'auc': 0.7893}
val: {'epoch': 9, 'loss': 0.0746, 'lr': 0.001, 'params': 870905, 'time_iter': 2.1034, 'accuracy': 0.9825, 'precision': 0.68, 'recall': 0.2099, 'f1': 0.3208, 'auc': 0.7903}
train: {'epoch': 9, 'eta': 1096675.9242, 'loss': 0.1281, 'lr': 0.001, 'params': 870905, 'time_iter': 11.7718, 'accuracy': 0.9635, 'precision': 0.624, 'recall': 0.0633, 'f1': 0.115, 'auc': 0.7971}
val: {'epoch': 10, 'loss': 0.075, 'lr': 0.001, 'params': 870905, 'time_iter': 2.207, 'accuracy': 0.9825, 'precision': 0.6957, 'recall': 0.1975, 'f1': 0.3077, 'auc': 0.8111}
train: {'epoch': 10, 'eta': 1084557.9511, 'loss': 0.1259, 'lr': 0.001, 'params': 870905, 'time_iter': 11.85, 'accuracy': 0.9638, 'precision': 0.6376, 'recall': 0.0771, 'f1': 0.1376, 'auc': 0.803}
val: {'epoch': 11, 'loss': 0.0757, 'lr': 0.001, 'params': 870905, 'time_iter': 2.0194, 'accuracy': 0.9823, 'precision': 0.6538, 'recall': 0.2099, 'f1': 0.3178, 'auc': 0.8044}
train: {'epoch': 11, 'eta': 1072916.2025, 'loss': 0.1236, 'lr': 0.001, 'params': 870905, 'time_iter': 11.9147, 'accuracy': 0.9641, 'precision': 0.634, 'recall': 0.0998, 'f1': 0.1725, 'auc': 0.8118}
val: {'epoch': 12, 'loss': 0.0877, 'lr': 0.001, 'params': 870905, 'time_iter': 2.1148, 'accuracy': 0.9776, 'precision': 0.4, 'recall': 0.2716, 'f1': 0.3235, 'auc': 0.7906}
train: {'epoch': 12, 'eta': 1060075.1857, 'loss': 0.1228, 'lr': 0.001, 'params': 870905, 'time_iter': 11.7544, 'accuracy': 0.9649, 'precision': 0.6881, 'recall': 0.1128, 'f1': 0.1939, 'auc': 0.8099}
val: {'epoch': 13, 'loss': 0.0795, 'lr': 0.001, 'params': 870905, 'time_iter': 2.2927, 'accuracy': 0.983, 'precision': 0.7037, 'recall': 0.2346, 'f1': 0.3519, 'auc': 0.7908}
train: {'epoch': 13, 'eta': 1047965.2388, 'loss': 0.1226, 'lr': 0.001, 'params': 870905, 'time_iter': 11.8532, 'accuracy': 0.9646, 'precision': 0.6426, 'recall': 0.1226, 'f1': 0.2059, 'auc': 0.8174}
val: {'epoch': 14, 'loss': 0.0766, 'lr': 0.001, 'params': 870905, 'time_iter': 2.1455, 'accuracy': 0.9823, 'precision': 0.625, 'recall': 0.2469, 'f1': 0.354, 'auc': 0.8006}
train: {'epoch': 14, 'eta': 1036564.8505, 'loss': 0.1209, 'lr': 0.001, 'params': 870905, 'time_iter': 11.9769, 'accuracy': 0.9655, 'precision': 0.6905, 'recall': 0.1412, 'f1': 0.2345, 'auc': 0.8185}
val: {'epoch': 15, 'loss': 0.0789, 'lr': 0.001, 'params': 870905, 'time_iter': 2.1533, 'accuracy': 0.981, 'precision': 0.5405, 'recall': 0.2469, 'f1': 0.339, 'auc': 0.8094}
train: {'epoch': 15, 'eta': 1024149.8728, 'loss': 0.1194, 'lr': 0.001, 'params': 870905, 'time_iter': 11.8105, 'accuracy': 0.9654, 'precision': 0.6767, 'recall': 0.1461, 'f1': 0.2403, 'auc': 0.826}
val: {'epoch': 16, 'loss': 0.0816, 'lr': 0.001, 'params': 870905, 'time_iter': 2.3402, 'accuracy': 0.9796, 'precision': 0.4483, 'recall': 0.1605, 'f1': 0.2364, 'auc': 0.8}
train: {'epoch': 16, 'eta': 1010896.4072, 'loss': 0.1185, 'lr': 0.001, 'params': 870905, 'time_iter': 11.6374, 'accuracy': 0.9655, 'precision': 0.6561, 'recall': 0.1672, 'f1': 0.2665, 'auc': 0.8286}
val: {'epoch': 17, 'loss': 0.0768, 'lr': 0.001, 'params': 870905, 'time_iter': 2.0834, 'accuracy': 0.9803, 'precision': 0.5, 'recall': 0.2469, 'f1': 0.3306, 'auc': 0.8067}
train: {'epoch': 17, 'eta': 998157.2929, 'loss': 0.1169, 'lr': 0.001, 'params': 870905, 'time_iter': 11.7168, 'accuracy': 0.9664, 'precision': 0.7124, 'recall': 0.1729, 'f1': 0.2782, 'auc': 0.8354}
val: {'epoch': 18, 'loss': 0.0768, 'lr': 0.001, 'params': 870905, 'time_iter': 2.2105, 'accuracy': 0.9825, 'precision': 0.6452, 'recall': 0.2469, 'f1': 0.3571, 'auc': 0.8044}
train: {'epoch': 18, 'eta': 985807.583, 'loss': 0.1162, 'lr': 0.001, 'params': 870905, 'time_iter': 11.7892, 'accuracy': 0.9668, 'precision': 0.7215, 'recall': 0.1851, 'f1': 0.2946, 'auc': 0.8344}
val: {'epoch': 19, 'loss': 0.0774, 'lr': 0.001, 'params': 870905, 'time_iter': 2.0857, 'accuracy': 0.9823, 'precision': 0.6429, 'recall': 0.2222, 'f1': 0.3303, 'auc': 0.8087}
train: {'epoch': 19, 'eta': 974329.3554, 'loss': 0.1164, 'lr': 0.001, 'params': 870905, 'time_iter': 11.9956, 'accuracy': 0.9671, 'precision': 0.7193, 'recall': 0.1997, 'f1': 0.3126, 'auc': 0.8308}
val: {'epoch': 20, 'loss': 0.0768, 'lr': 0.001, 'params': 870905, 'time_iter': 2.0721, 'accuracy': 0.9813, 'precision': 0.5714, 'recall': 0.1975, 'f1': 0.2936, 'auc': 0.8039}
train: {'epoch': 20, 'eta': 962056.1514, 'loss': 0.1149, 'lr': 0.001, 'params': 870905, 'time_iter': 11.8116, 'accuracy': 0.9668, 'precision': 0.6936, 'recall': 0.2021, 'f1': 0.313, 'auc': 0.8387}
val: {'epoch': 21, 'loss': 0.0786, 'lr': 0.001, 'params': 870905, 'time_iter': 2.2745, 'accuracy': 0.9815, 'precision': 0.6667, 'recall': 0.1235, 'f1': 0.2083, 'auc': 0.8021}
train: {'epoch': 21, 'eta': 950619.6048, 'loss': 0.1142, 'lr': 0.001, 'params': 870905, 'time_iter': 12.0379, 'accuracy': 0.9673, 'precision': 0.7224, 'recall': 0.207, 'f1': 0.3218, 'auc': 0.841}
val: {'epoch': 22, 'loss': 0.0778, 'lr': 0.001, 'params': 870905, 'time_iter': 2.0723, 'accuracy': 0.981, 'precision': 0.5405, 'recall': 0.2469, 'f1': 0.339, 'auc': 0.7984}
train: {'epoch': 22, 'eta': 938697.5044, 'loss': 0.1138, 'lr': 0.001, 'params': 870905, 'time_iter': 11.921, 'accuracy': 0.967, 'precision': 0.6995, 'recall': 0.2078, 'f1': 0.3204, 'auc': 0.8459}
val: {'epoch': 23, 'loss': 0.0755, 'lr': 0.001, 'params': 870905, 'time_iter': 2.1213, 'accuracy': 0.9827, 'precision': 0.6562, 'recall': 0.2593, 'f1': 0.3717, 'auc': 0.7935}
train: {'epoch': 23, 'eta': 926115.3379, 'loss': 0.1128, 'lr': 0.001, 'params': 870905, 'time_iter': 11.7272, 'accuracy': 0.9673, 'precision': 0.7078, 'recall': 0.2143, 'f1': 0.329, 'auc': 0.847}
val: {'epoch': 24, 'loss': 0.0782, 'lr': 0.001, 'params': 870905, 'time_iter': 2.3145, 'accuracy': 0.9823, 'precision': 0.7, 'recall': 0.1728, 'f1': 0.2772, 'auc': 0.7869}
train: {'epoch': 24, 'eta': 913744.169, 'loss': 0.1124, 'lr': 0.001, 'params': 870905, 'time_iter': 11.7822, 'accuracy': 0.9678, 'precision': 0.7143, 'recall': 0.2313, 'f1': 0.3495, 'auc': 0.8487}
val: {'epoch': 25, 'loss': 0.0766, 'lr': 0.001, 'params': 870905, 'time_iter': 2.0568, 'accuracy': 0.9825, 'precision': 0.6667, 'recall': 0.2222, 'f1': 0.3333, 'auc': 0.7942}
train: {'epoch': 25, 'eta': 902409.6972, 'loss': 0.111, 'lr': 0.001, 'params': 870905, 'time_iter': 12.1297, 'accuracy': 0.9678, 'precision': 0.7198, 'recall': 0.2273, 'f1': 0.3455, 'auc': 0.8524}
val: {'epoch': 26, 'loss': 0.0771, 'lr': 0.001, 'params': 870905, 'time_iter': 2.1578, 'accuracy': 0.9815, 'precision': 0.561, 'recall': 0.284, 'f1': 0.377, 'auc': 0.7997}
train: {'epoch': 26, 'eta': 889990.0847, 'loss': 0.1099, 'lr': 0.001, 'params': 870905, 'time_iter': 11.7702, 'accuracy': 0.9674, 'precision': 0.6973, 'recall': 0.2281, 'f1': 0.3437, 'auc': 0.8603}
val: {'epoch': 27, 'loss': 0.0731, 'lr': 0.001, 'params': 870905, 'time_iter': 2.2911, 'accuracy': 0.982, 'precision': 0.64, 'recall': 0.1975, 'f1': 0.3019, 'auc': 0.8095}
train: {'epoch': 27, 'eta': 877423.3658, 'loss': 0.1093, 'lr': 0.001, 'params': 870905, 'time_iter': 11.7063, 'accuracy': 0.969, 'precision': 0.7506, 'recall': 0.2589, 'f1': 0.385, 'auc': 0.8596}
val: {'epoch': 28, 'loss': 0.079, 'lr': 0.001, 'params': 870905, 'time_iter': 2.1332, 'accuracy': 0.9825, 'precision': 0.6452, 'recall': 0.2469, 'f1': 0.3571, 'auc': 0.7931}
train: {'epoch': 28, 'eta': 865905.9576, 'loss': 0.1089, 'lr': 0.001, 'params': 870905, 'time_iter': 12.1086, 'accuracy': 0.969, 'precision': 0.7403, 'recall': 0.2638, 'f1': 0.389, 'auc': 0.858}
val: {'epoch': 29, 'loss': 0.0773, 'lr': 0.001, 'params': 870905, 'time_iter': 2.1725, 'accuracy': 0.9813, 'precision': 0.5833, 'recall': 0.1728, 'f1': 0.2667, 'auc': 0.8126}
train: {'epoch': 29, 'eta': 853238.1478, 'loss': 0.1074, 'lr': 0.001, 'params': 870905, 'time_iter': 11.6556, 'accuracy': 0.9689, 'precision': 0.7261, 'recall': 0.2711, 'f1': 0.3948, 'auc': 0.8669}
val: {'epoch': 30, 'loss': 0.0742, 'lr': 0.001, 'params': 870905, 'time_iter': 2.0835, 'accuracy': 0.981, 'precision': 0.5385, 'recall': 0.2593, 'f1': 0.35, 'auc': 0.8188}
train: {'epoch': 30, 'eta': 841167.6018, 'loss': 0.1068, 'lr': 0.001, 'params': 870905, 'time_iter': 11.8974, 'accuracy': 0.9689, 'precision': 0.7281, 'recall': 0.2695, 'f1': 0.3934, 'auc': 0.869}
val: {'epoch': 31, 'loss': 0.0751, 'lr': 0.001, 'params': 870905, 'time_iter': 2.0794, 'accuracy': 0.9805, 'precision': 0.5116, 'recall': 0.2716, 'f1': 0.3548, 'auc': 0.8243}
train: {'epoch': 31, 'eta': 828530.0059, 'loss': 0.1066, 'lr': 0.001, 'params': 870905, 'time_iter': 11.6429, 'accuracy': 0.9691, 'precision': 0.7342, 'recall': 0.2735, 'f1': 0.3986, 'auc': 0.8671}
val: {'epoch': 32, 'loss': 0.0765, 'lr': 0.001, 'params': 870905, 'time_iter': 2.262, 'accuracy': 0.9798, 'precision': 0.4286, 'recall': 0.0741, 'f1': 0.1263, 'auc': 0.8283}
train: {'epoch': 32, 'eta': 816562.25, 'loss': 0.1068, 'lr': 0.001, 'params': 870905, 'time_iter': 11.9445, 'accuracy': 0.969, 'precision': 0.7208, 'recall': 0.2808, 'f1': 0.4042, 'auc': 0.8695}
val: {'epoch': 33, 'loss': 0.0809, 'lr': 0.001, 'params': 870905, 'time_iter': 2.0625, 'accuracy': 0.9798, 'precision': 0.4286, 'recall': 0.0741, 'f1': 0.1263, 'auc': 0.8205}
train: {'epoch': 33, 'eta': 804439.4881, 'loss': 0.1056, 'lr': 0.001, 'params': 870905, 'time_iter': 11.8764, 'accuracy': 0.9694, 'precision': 0.7364, 'recall': 0.2857, 'f1': 0.4117, 'auc': 0.8717}
val: {'epoch': 34, 'loss': 0.079, 'lr': 0.001, 'params': 870905, 'time_iter': 2.1692, 'accuracy': 0.9801, 'precision': 0.4615, 'recall': 0.0741, 'f1': 0.1277, 'auc': 0.8257}
train: {'epoch': 34, 'eta': 792207.8676, 'loss': 0.1046, 'lr': 0.001, 'params': 870905, 'time_iter': 11.8224, 'accuracy': 0.9691, 'precision': 0.716, 'recall': 0.2906, 'f1': 0.4134, 'auc': 0.8762}
val: {'epoch': 35, 'loss': 0.0761, 'lr': 0.001, 'params': 870905, 'time_iter': 2.3243, 'accuracy': 0.9803, 'precision': 0.5, 'recall': 0.1605, 'f1': 0.243, 'auc': 0.8196}
train: {'epoch': 35, 'eta': 779838.1606, 'loss': 0.1042, 'lr': 0.001, 'params': 870905, 'time_iter': 11.7449, 'accuracy': 0.969, 'precision': 0.7114, 'recall': 0.2881, 'f1': 0.4102, 'auc': 0.8781}
val: {'epoch': 36, 'loss': 0.0819, 'lr': 0.001, 'params': 870905, 'time_iter': 2.102, 'accuracy': 0.9798, 'precision': 0.4167, 'recall': 0.0617, 'f1': 0.1075, 'auc': 0.8014}
train: {'epoch': 36, 'eta': 768049.0455, 'loss': 0.1039, 'lr': 0.001, 'params': 870905, 'time_iter': 12.0675, 'accuracy': 0.9695, 'precision': 0.725, 'recall': 0.2995, 'f1': 0.4239, 'auc': 0.8768}
val: {'epoch': 37, 'loss': 0.0768, 'lr': 0.001, 'params': 870905, 'time_iter': 2.1365, 'accuracy': 0.9815, 'precision': 0.5926, 'recall': 0.1975, 'f1': 0.2963, 'auc': 0.8217}
train: {'epoch': 37, 'eta': 755582.0978, 'loss': 0.104, 'lr': 0.001, 'params': 870905, 'time_iter': 11.6835, 'accuracy': 0.9699, 'precision': 0.7386, 'recall': 0.3028, 'f1': 0.4295, 'auc': 0.8782}
val: {'epoch': 38, 'loss': 0.0768, 'lr': 0.001, 'params': 870905, 'time_iter': 2.1025, 'accuracy': 0.9815, 'precision': 0.5676, 'recall': 0.2593, 'f1': 0.3559, 'auc': 0.8194}
train: {'epoch': 38, 'eta': 743349.6769, 'loss': 0.1031, 'lr': 0.001, 'params': 870905, 'time_iter': 11.815, 'accuracy': 0.9692, 'precision': 0.7194, 'recall': 0.2914, 'f1': 0.4148, 'auc': 0.8824}
val: {'epoch': 39, 'loss': 0.0793, 'lr': 0.001, 'params': 870905, 'time_iter': 2.0973, 'accuracy': 0.9818, 'precision': 0.5882, 'recall': 0.2469, 'f1': 0.3478, 'auc': 0.8029}
train: {'epoch': 39, 'eta': 731035.1298, 'loss': 0.1029, 'lr': 0.001, 'params': 870905, 'time_iter': 11.7594, 'accuracy': 0.9693, 'precision': 0.7256, 'recall': 0.2898, 'f1': 0.4142, 'auc': 0.8828}
val: {'epoch': 40, 'loss': 0.0769, 'lr': 0.001, 'params': 870905, 'time_iter': 2.2392, 'accuracy': 0.9818, 'precision': 0.6071, 'recall': 0.2099, 'f1': 0.3119, 'auc': 0.818}
train: {'epoch': 40, 'eta': 719930.3175, 'loss': 0.1019, 'lr': 0.001, 'params': 870905, 'time_iter': 12.5693, 'accuracy': 0.9707, 'precision': 0.7697, 'recall': 0.3093, 'f1': 0.4412, 'auc': 0.8833}
val: {'epoch': 41, 'loss': 0.0761, 'lr': 0.001, 'params': 870905, 'time_iter': 2.1134, 'accuracy': 0.9813, 'precision': 0.5909, 'recall': 0.1605, 'f1': 0.2524, 'auc': 0.8361}
train: {'epoch': 41, 'eta': 707759.3735, 'loss': 0.1, 'lr': 0.001, 'params': 870905, 'time_iter': 11.8803, 'accuracy': 0.9709, 'precision': 0.7561, 'recall': 0.3271, 'f1': 0.4567, 'auc': 0.8947}
val: {'epoch': 42, 'loss': 0.0762, 'lr': 0.001, 'params': 870905, 'time_iter': 2.1265, 'accuracy': 0.984, 'precision': 1.0, 'recall': 0.1852, 'f1': 0.3125, 'auc': 0.8132}
train: {'epoch': 42, 'eta': 695564.6242, 'loss': 0.0994, 'lr': 0.001, 'params': 870905, 'time_iter': 11.8647, 'accuracy': 0.971, 'precision': 0.7628, 'recall': 0.3263, 'f1': 0.4571, 'auc': 0.8918}
val: {'epoch': 43, 'loss': 0.0815, 'lr': 0.001, 'params': 870905, 'time_iter': 2.2569, 'accuracy': 0.9808, 'precision': 0.5385, 'recall': 0.1728, 'f1': 0.2617, 'auc': 0.829}
train: {'epoch': 43, 'eta': 683194.3194, 'loss': 0.0994, 'lr': 0.001, 'params': 870905, 'time_iter': 11.7311, 'accuracy': 0.9711, 'precision': 0.7676, 'recall': 0.3271, 'f1': 0.4587, 'auc': 0.8928}
val: {'epoch': 44, 'loss': 0.0754, 'lr': 0.001, 'params': 870905, 'time_iter': 2.1262, 'accuracy': 0.982, 'precision': 0.5854, 'recall': 0.2963, 'f1': 0.3934, 'auc': 0.833}
train: {'epoch': 44, 'eta': 671131.563, 'loss': 0.0983, 'lr': 0.001, 'params': 870905, 'time_iter': 11.9651, 'accuracy': 0.971, 'precision': 0.7613, 'recall': 0.3287, 'f1': 0.4592, 'auc': 0.8992}
val: {'epoch': 45, 'loss': 0.0785, 'lr': 0.001, 'params': 870905, 'time_iter': 2.1129, 'accuracy': 0.9808, 'precision': 0.525, 'recall': 0.2593, 'f1': 0.3471, 'auc': 0.8261}
train: {'epoch': 45, 'eta': 659012.2964, 'loss': 0.0993, 'lr': 0.001, 'params': 870905, 'time_iter': 11.9273, 'accuracy': 0.9714, 'precision': 0.7689, 'recall': 0.3377, 'f1': 0.4693, 'auc': 0.8921}
val: {'epoch': 46, 'loss': 0.0798, 'lr': 0.001, 'params': 870905, 'time_iter': 2.3149, 'accuracy': 0.9808, 'precision': 0.525, 'recall': 0.2593, 'f1': 0.3471, 'auc': 0.8207}
train: {'epoch': 46, 'eta': 646786.7876, 'loss': 0.097, 'lr': 0.001, 'params': 870905, 'time_iter': 11.8414, 'accuracy': 0.9714, 'precision': 0.7626, 'recall': 0.3442, 'f1': 0.4743, 'auc': 0.9019}
val: {'epoch': 47, 'loss': 0.0739, 'lr': 0.001, 'params': 870905, 'time_iter': 2.0858, 'accuracy': 0.9823, 'precision': 0.6053, 'recall': 0.284, 'f1': 0.3866, 'auc': 0.833}
train: {'epoch': 47, 'eta': 634835.7936, 'loss': 0.0971, 'lr': 0.001, 'params': 870905, 'time_iter': 12.0861, 'accuracy': 0.9711, 'precision': 0.7578, 'recall': 0.3352, 'f1': 0.4648, 'auc': 0.9009}
val: {'epoch': 48, 'loss': 0.0724, 'lr': 0.001, 'params': 870905, 'time_iter': 2.1379, 'accuracy': 0.983, 'precision': 0.6774, 'recall': 0.2593, 'f1': 0.375, 'auc': 0.8306}
train: {'epoch': 48, 'eta': 622382.2084, 'loss': 0.0966, 'lr': 0.001, 'params': 870905, 'time_iter': 11.6354, 'accuracy': 0.971, 'precision': 0.7496, 'recall': 0.3401, 'f1': 0.4679, 'auc': 0.9004}
val: {'epoch': 49, 'loss': 0.0763, 'lr': 0.001, 'params': 870905, 'time_iter': 2.0457, 'accuracy': 0.9825, 'precision': 0.6452, 'recall': 0.2469, 'f1': 0.3571, 'auc': 0.8189}
train: {'epoch': 49, 'eta': 610041.1933, 'loss': 0.0958, 'lr': 0.001, 'params': 870905, 'time_iter': 11.7261, 'accuracy': 0.9712, 'precision': 0.7527, 'recall': 0.3433, 'f1': 0.4716, 'auc': 0.9036}
val: {'epoch': 50, 'loss': 0.0801, 'lr': 0.001, 'params': 870905, 'time_iter': 2.0542, 'accuracy': 0.9805, 'precision': 0.5111, 'recall': 0.284, 'f1': 0.3651, 'auc': 0.8072}
train: {'epoch': 50, 'eta': 597625.204, 'loss': 0.0956, 'lr': 0.001, 'params': 870905, 'time_iter': 11.6393, 'accuracy': 0.9713, 'precision': 0.7504, 'recall': 0.3515, 'f1': 0.4787, 'auc': 0.9057}
val: {'epoch': 51, 'loss': 0.0784, 'lr': 0.001, 'params': 870905, 'time_iter': 2.1828, 'accuracy': 0.9805, 'precision': 0.5111, 'recall': 0.284, 'f1': 0.3651, 'auc': 0.8283}
train: {'epoch': 51, 'eta': 585420.0702, 'loss': 0.0954, 'lr': 0.001, 'params': 870905, 'time_iter': 11.8435, 'accuracy': 0.9711, 'precision': 0.7513, 'recall': 0.3409, 'f1': 0.469, 'auc': 0.9065}
val: {'epoch': 52, 'loss': 0.0779, 'lr': 0.001, 'params': 870905, 'time_iter': 2.0823, 'accuracy': 0.982, 'precision': 0.6842, 'recall': 0.1605, 'f1': 0.26, 'auc': 0.8207}
train: {'epoch': 52, 'eta': 573345.1328, 'loss': 0.0945, 'lr': 0.001, 'params': 870905, 'time_iter': 11.9855, 'accuracy': 0.9719, 'precision': 0.7571, 'recall': 0.3693, 'f1': 0.4965, 'auc': 0.9073}
val: {'epoch': 53, 'loss': 0.0766, 'lr': 0.001, 'params': 870905, 'time_iter': 2.0807, 'accuracy': 0.9818, 'precision': 0.5938, 'recall': 0.2346, 'f1': 0.3363, 'auc': 0.827}
train: {'epoch': 53, 'eta': 561033.1328, 'loss': 0.094, 'lr': 0.001, 'params': 870905, 'time_iter': 11.7259, 'accuracy': 0.9719, 'precision': 0.762, 'recall': 0.3612, 'f1': 0.4901, 'auc': 0.911}
val: {'epoch': 54, 'loss': 0.0782, 'lr': 0.001, 'params': 870905, 'time_iter': 2.2263, 'accuracy': 0.9823, 'precision': 0.6176, 'recall': 0.2593, 'f1': 0.3652, 'auc': 0.8193}
train: {'epoch': 54, 'eta': 548803.4023, 'loss': 0.093, 'lr': 0.001, 'params': 870905, 'time_iter': 11.813, 'accuracy': 0.9719, 'precision': 0.7632, 'recall': 0.3636, 'f1': 0.4926, 'auc': 0.9133}
val: {'epoch': 55, 'loss': 0.0811, 'lr': 0.001, 'params': 870905, 'time_iter': 2.1054, 'accuracy': 0.9827, 'precision': 0.6471, 'recall': 0.2716, 'f1': 0.3826, 'auc': 0.816}
train: {'epoch': 55, 'eta': 536486.5212, 'loss': 0.0924, 'lr': 0.001, 'params': 870905, 'time_iter': 11.702, 'accuracy': 0.9716, 'precision': 0.7556, 'recall': 0.3588, 'f1': 0.4865, 'auc': 0.9159}
val: {'epoch': 56, 'loss': 0.08, 'lr': 0.001, 'params': 870905, 'time_iter': 2.0722, 'accuracy': 0.9798, 'precision': 0.48, 'recall': 0.2963, 'f1': 0.3664, 'auc': 0.8262}
train: {'epoch': 56, 'eta': 524317.2249, 'loss': 0.0925, 'lr': 0.001, 'params': 870905, 'time_iter': 11.8796, 'accuracy': 0.9721, 'precision': 0.7561, 'recall': 0.375, 'f1': 0.5014, 'auc': 0.9136}
val: {'epoch': 57, 'loss': 0.0762, 'lr': 0.001, 'params': 870905, 'time_iter': 2.3411, 'accuracy': 0.981, 'precision': 0.5405, 'recall': 0.2469, 'f1': 0.339, 'auc': 0.8335}
train: {'epoch': 57, 'eta': 512158.8181, 'loss': 0.0912, 'lr': 0.001, 'params': 870905, 'time_iter': 11.8968, 'accuracy': 0.9716, 'precision': 0.7463, 'recall': 0.3653, 'f1': 0.4905, 'auc': 0.9189}
val: {'epoch': 58, 'loss': 0.0776, 'lr': 0.001, 'params': 870905, 'time_iter': 2.1265, 'accuracy': 0.9813, 'precision': 0.5714, 'recall': 0.1975, 'f1': 0.2936, 'auc': 0.8283}
train: {'epoch': 58, 'eta': 500234.166, 'loss': 0.0913, 'lr': 0.001, 'params': 870905, 'time_iter': 12.2276, 'accuracy': 0.9726, 'precision': 0.7728, 'recall': 0.3782, 'f1': 0.5079, 'auc': 0.9165}
val: {'epoch': 59, 'loss': 0.0737, 'lr': 0.001, 'params': 870905, 'time_iter': 2.1872, 'accuracy': 0.9818, 'precision': 0.5882, 'recall': 0.2469, 'f1': 0.3478, 'auc': 0.8331}
train: {'epoch': 59, 'eta': 488016.2288, 'loss': 0.0899, 'lr': 0.001, 'params': 870905, 'time_iter': 11.832, 'accuracy': 0.9731, 'precision': 0.7849, 'recall': 0.388, 'f1': 0.5193, 'auc': 0.9193}
val: {'epoch': 60, 'loss': 0.0783, 'lr': 0.001, 'params': 870905, 'time_iter': 2.0614, 'accuracy': 0.9823, 'precision': 0.5909, 'recall': 0.321, 'f1': 0.416, 'auc': 0.8295}
train: {'epoch': 60, 'eta': 476215.9255, 'loss': 0.0901, 'lr': 0.001, 'params': 870905, 'time_iter': 12.4647, 'accuracy': 0.9726, 'precision': 0.7745, 'recall': 0.3791, 'f1': 0.509, 'auc': 0.9163}
val: {'epoch': 61, 'loss': 0.0884, 'lr': 0.001, 'params': 870905, 'time_iter': 2.0804, 'accuracy': 0.982, 'precision': 0.6667, 'recall': 0.1728, 'f1': 0.2745, 'auc': 0.8097}
train: {'epoch': 61, 'eta': 463898.0224, 'loss': 0.0881, 'lr': 0.001, 'params': 870905, 'time_iter': 11.6965, 'accuracy': 0.9729, 'precision': 0.7694, 'recall': 0.3953, 'f1': 0.5223, 'auc': 0.9247}
val: {'epoch': 62, 'loss': 0.0791, 'lr': 0.001, 'params': 870905, 'time_iter': 2.1885, 'accuracy': 0.9813, 'precision': 0.5526, 'recall': 0.2593, 'f1': 0.3529, 'auc': 0.8238}
train: {'epoch': 62, 'eta': 451361.7167, 'loss': 0.0874, 'lr': 0.001, 'params': 870905, 'time_iter': 11.3203, 'accuracy': 0.9736, 'precision': 0.7945, 'recall': 0.3985, 'f1': 0.5308, 'auc': 0.9253}
val: {'epoch': 63, 'loss': 0.0774, 'lr': 0.001, 'params': 870905, 'time_iter': 2.1093, 'accuracy': 0.9813, 'precision': 0.5526, 'recall': 0.2593, 'f1': 0.3529, 'auc': 0.8381}
train: {'epoch': 63, 'eta': 439199.9825, 'loss': 0.0876, 'lr': 0.001, 'params': 870905, 'time_iter': 11.9195, 'accuracy': 0.9729, 'precision': 0.7698, 'recall': 0.3937, 'f1': 0.5209, 'auc': 0.9276}
val: {'epoch': 64, 'loss': 0.0836, 'lr': 0.001, 'params': 870905, 'time_iter': 2.0999, 'accuracy': 0.981, 'precision': 0.5405, 'recall': 0.2469, 'f1': 0.339, 'auc': 0.8384}
train: {'epoch': 64, 'eta': 426745.0773, 'loss': 0.0862, 'lr': 0.001, 'params': 870905, 'time_iter': 11.3961, 'accuracy': 0.9732, 'precision': 0.7714, 'recall': 0.4026, 'f1': 0.5291, 'auc': 0.9293}
val: {'epoch': 65, 'loss': 0.0784, 'lr': 0.001, 'params': 870905, 'time_iter': 2.2888, 'accuracy': 0.982, 'precision': 0.5745, 'recall': 0.3333, 'f1': 0.4219, 'auc': 0.8324}
train: {'epoch': 65, 'eta': 414286.163, 'loss': 0.0864, 'lr': 0.001, 'params': 870905, 'time_iter': 11.3469, 'accuracy': 0.9733, 'precision': 0.7769, 'recall': 0.4042, 'f1': 0.5318, 'auc': 0.9301}
val: {'epoch': 66, 'loss': 0.0849, 'lr': 0.001, 'params': 870905, 'time_iter': 2.0387, 'accuracy': 0.983, 'precision': 0.7391, 'recall': 0.2099, 'f1': 0.3269, 'auc': 0.8077}
train: {'epoch': 66, 'eta': 402068.8006, 'loss': 0.0871, 'lr': 0.001, 'params': 870905, 'time_iter': 11.7774, 'accuracy': 0.9731, 'precision': 0.7703, 'recall': 0.4002, 'f1': 0.5267, 'auc': 0.9273}
val: {'epoch': 67, 'loss': 0.0824, 'lr': 0.001, 'params': 870905, 'time_iter': 2.0813, 'accuracy': 0.9835, 'precision': 0.8421, 'recall': 0.1975, 'f1': 0.32, 'auc': 0.8442}
train: {'epoch': 67, 'eta': 389687.9229, 'loss': 0.0857, 'lr': 0.001, 'params': 870905, 'time_iter': 11.4338, 'accuracy': 0.9731, 'precision': 0.7665, 'recall': 0.405, 'f1': 0.53, 'auc': 0.9327}
val: {'epoch': 68, 'loss': 0.0814, 'lr': 0.001, 'params': 870905, 'time_iter': 2.0371, 'accuracy': 0.9823, 'precision': 0.6538, 'recall': 0.2099, 'f1': 0.3178, 'auc': 0.8351}
train: {'epoch': 68, 'eta': 377490.7834, 'loss': 0.0841, 'lr': 0.001, 'params': 870905, 'time_iter': 11.7926, 'accuracy': 0.9736, 'precision': 0.7797, 'recall': 0.4107, 'f1': 0.538, 'auc': 0.9344}
val: {'epoch': 69, 'loss': 0.0868, 'lr': 0.001, 'params': 870905, 'time_iter': 2.0876, 'accuracy': 0.9791, 'precision': 0.4444, 'recall': 0.2469, 'f1': 0.3175, 'auc': 0.8231}
train: {'epoch': 69, 'eta': 365283.9824, 'loss': 0.0841, 'lr': 0.001, 'params': 870905, 'time_iter': 11.7666, 'accuracy': 0.9742, 'precision': 0.7832, 'recall': 0.431, 'f1': 0.556, 'auc': 0.9353}
val: {'epoch': 70, 'loss': 0.0879, 'lr': 0.001, 'params': 870905, 'time_iter': 2.1555, 'accuracy': 0.9813, 'precision': 0.5556, 'recall': 0.2469, 'f1': 0.3419, 'auc': 0.8052}
train: {'epoch': 70, 'eta': 353048.5411, 'loss': 0.0844, 'lr': 0.001, 'params': 870905, 'time_iter': 11.6919, 'accuracy': 0.9738, 'precision': 0.7765, 'recall': 0.4229, 'f1': 0.5476, 'auc': 0.9347}
val: {'epoch': 71, 'loss': 0.0808, 'lr': 0.001, 'params': 870905, 'time_iter': 2.073, 'accuracy': 0.9808, 'precision': 0.52, 'recall': 0.321, 'f1': 0.3969, 'auc': 0.8426}
train: {'epoch': 71, 'eta': 340892.4641, 'loss': 0.0831, 'lr': 0.001, 'params': 870905, 'time_iter': 11.876, 'accuracy': 0.9741, 'precision': 0.7879, 'recall': 0.4221, 'f1': 0.5497, 'auc': 0.9378}
val: {'epoch': 72, 'loss': 0.089, 'lr': 0.001, 'params': 870905, 'time_iter': 2.0636, 'accuracy': 0.9781, 'precision': 0.3846, 'recall': 0.1852, 'f1': 0.25, 'auc': 0.8225}
train: {'epoch': 72, 'eta': 328580.0104, 'loss': 0.0841, 'lr': 0.001, 'params': 870905, 'time_iter': 11.4697, 'accuracy': 0.9732, 'precision': 0.7616, 'recall': 0.4123, 'f1': 0.535, 'auc': 0.936}
val: {'epoch': 73, 'loss': 0.0836, 'lr': 0.001, 'params': 870905, 'time_iter': 2.1684, 'accuracy': 0.982, 'precision': 0.5946, 'recall': 0.2716, 'f1': 0.3729, 'auc': 0.8292}
train: {'epoch': 73, 'eta': 316321.6962, 'loss': 0.0812, 'lr': 0.001, 'params': 870905, 'time_iter': 11.5814, 'accuracy': 0.9742, 'precision': 0.7851, 'recall': 0.4269, 'f1': 0.5531, 'auc': 0.9402}
val: {'epoch': 74, 'loss': 0.082, 'lr': 0.001, 'params': 870905, 'time_iter': 2.0787, 'accuracy': 0.9832, 'precision': 0.7727, 'recall': 0.2099, 'f1': 0.3301, 'auc': 0.8304}
train: {'epoch': 74, 'eta': 304169.5345, 'loss': 0.0839, 'lr': 0.001, 'params': 870905, 'time_iter': 11.8643, 'accuracy': 0.974, 'precision': 0.7857, 'recall': 0.4196, 'f1': 0.5471, 'auc': 0.934}
val: {'epoch': 75, 'loss': 0.0854, 'lr': 0.001, 'params': 870905, 'time_iter': 2.1262, 'accuracy': 0.9837, 'precision': 0.7692, 'recall': 0.2469, 'f1': 0.3738, 'auc': 0.8276}
train: {'epoch': 75, 'eta': 291965.1449, 'loss': 0.0803, 'lr': 0.001, 'params': 870905, 'time_iter': 11.7082, 'accuracy': 0.9744, 'precision': 0.7946, 'recall': 0.4269, 'f1': 0.5554, 'auc': 0.9432}
val: {'epoch': 76, 'loss': 0.0977, 'lr': 0.001, 'params': 870905, 'time_iter': 2.2166, 'accuracy': 0.981, 'precision': 0.6364, 'recall': 0.0864, 'f1': 0.1522, 'auc': 0.8154}
train: {'epoch': 76, 'eta': 279679.8415, 'loss': 0.0815, 'lr': 0.001, 'params': 870905, 'time_iter': 11.4317, 'accuracy': 0.9747, 'precision': 0.7973, 'recall': 0.4343, 'f1': 0.5623, 'auc': 0.9395}
val: {'epoch': 77, 'loss': 0.0849, 'lr': 0.001, 'params': 870905, 'time_iter': 2.0708, 'accuracy': 0.983, 'precision': 0.7037, 'recall': 0.2346, 'f1': 0.3519, 'auc': 0.8357}
train: {'epoch': 77, 'eta': 267485.8442, 'loss': 0.0811, 'lr': 0.001, 'params': 870905, 'time_iter': 11.7001, 'accuracy': 0.9736, 'precision': 0.7626, 'recall': 0.4302, 'f1': 0.5501, 'auc': 0.9428}
val: {'epoch': 78, 'loss': 0.0879, 'lr': 0.001, 'params': 870905, 'time_iter': 2.1322, 'accuracy': 0.9815, 'precision': 0.6087, 'recall': 0.1728, 'f1': 0.2692, 'auc': 0.8232}
train: {'epoch': 78, 'eta': 255199.6523, 'loss': 0.0799, 'lr': 0.001, 'params': 870905, 'time_iter': 11.3488, 'accuracy': 0.9747, 'precision': 0.7803, 'recall': 0.4497, 'f1': 0.5705, 'auc': 0.9452}
val: {'epoch': 79, 'loss': 0.0869, 'lr': 0.001, 'params': 870905, 'time_iter': 2.0891, 'accuracy': 0.9796, 'precision': 0.4727, 'recall': 0.321, 'f1': 0.3824, 'auc': 0.8264}
train: {'epoch': 79, 'eta': 242975.6021, 'loss': 0.0797, 'lr': 0.001, 'params': 870905, 'time_iter': 11.5312, 'accuracy': 0.9748, 'precision': 0.7936, 'recall': 0.4432, 'f1': 0.5688, 'auc': 0.9433}
val: {'epoch': 80, 'loss': 0.0845, 'lr': 0.001, 'params': 870905, 'time_iter': 2.1018, 'accuracy': 0.9844, 'precision': 0.8696, 'recall': 0.2469, 'f1': 0.3846, 'auc': 0.8298}
train: {'epoch': 80, 'eta': 230761.548, 'loss': 0.0774, 'lr': 0.001, 'params': 870905, 'time_iter': 11.536, 'accuracy': 0.9754, 'precision': 0.7867, 'recall': 0.47, 'f1': 0.5884, 'auc': 0.9477}
val: {'epoch': 81, 'loss': 0.0869, 'lr': 0.001, 'params': 870905, 'time_iter': 2.2893, 'accuracy': 0.9813, 'precision': 0.5667, 'recall': 0.2099, 'f1': 0.3063, 'auc': 0.8394}
train: {'epoch': 81, 'eta': 218540.0608, 'loss': 0.0788, 'lr': 0.001, 'params': 870905, 'time_iter': 11.466, 'accuracy': 0.9747, 'precision': 0.7921, 'recall': 0.4391, 'f1': 0.565, 'auc': 0.9468}
val: {'epoch': 82, 'loss': 0.0899, 'lr': 0.001, 'params': 870905, 'time_iter': 2.0668, 'accuracy': 0.983, 'precision': 0.7895, 'recall': 0.1852, 'f1': 0.3, 'auc': 0.8226}
train: {'epoch': 82, 'eta': 206393.3378, 'loss': 0.078, 'lr': 0.001, 'params': 870905, 'time_iter': 11.7723, 'accuracy': 0.9753, 'precision': 0.7927, 'recall': 0.4594, 'f1': 0.5817, 'auc': 0.9478}
val: {'epoch': 83, 'loss': 0.0816, 'lr': 0.001, 'params': 870905, 'time_iter': 2.0972, 'accuracy': 0.984, 'precision': 0.7419, 'recall': 0.284, 'f1': 0.4107, 'auc': 0.8432}
train: {'epoch': 83, 'eta': 194187.8279, 'loss': 0.0773, 'lr': 0.001, 'params': 870905, 'time_iter': 11.4684, 'accuracy': 0.9752, 'precision': 0.7886, 'recall': 0.4602, 'f1': 0.5812, 'auc': 0.9493}
val: {'epoch': 84, 'loss': 0.0954, 'lr': 0.001, 'params': 870905, 'time_iter': 2.348, 'accuracy': 0.9796, 'precision': 0.4516, 'recall': 0.1728, 'f1': 0.25, 'auc': 0.8191}
train: {'epoch': 84, 'eta': 182047.631, 'loss': 0.077, 'lr': 0.001, 'params': 870905, 'time_iter': 11.7757, 'accuracy': 0.9752, 'precision': 0.7854, 'recall': 0.4635, 'f1': 0.583, 'auc': 0.9494}
val: {'epoch': 85, 'loss': 0.0885, 'lr': 0.001, 'params': 870905, 'time_iter': 2.0423, 'accuracy': 0.9825, 'precision': 0.6667, 'recall': 0.2222, 'f1': 0.3333, 'auc': 0.8217}
train: {'epoch': 85, 'eta': 169872.5092, 'loss': 0.0759, 'lr': 0.001, 'params': 870905, 'time_iter': 11.564, 'accuracy': 0.9755, 'precision': 0.7983, 'recall': 0.4627, 'f1': 0.5858, 'auc': 0.9516}
val: {'epoch': 86, 'loss': 0.087, 'lr': 0.001, 'params': 870905, 'time_iter': 2.1463, 'accuracy': 0.9835, 'precision': 0.7241, 'recall': 0.2593, 'f1': 0.3818, 'auc': 0.8175}
train: {'epoch': 86, 'eta': 157678.5692, 'loss': 0.0766, 'lr': 0.001, 'params': 870905, 'time_iter': 11.4003, 'accuracy': 0.9756, 'precision': 0.8057, 'recall': 0.4578, 'f1': 0.5839, 'auc': 0.9502}
val: {'epoch': 87, 'loss': 0.0823, 'lr': 0.001, 'params': 870905, 'time_iter': 2.0575, 'accuracy': 0.983, 'precision': 0.6667, 'recall': 0.2716, 'f1': 0.386, 'auc': 0.8501}
train: {'epoch': 87, 'eta': 145535.5341, 'loss': 0.0751, 'lr': 0.001, 'params': 870905, 'time_iter': 11.6881, 'accuracy': 0.9759, 'precision': 0.8025, 'recall': 0.4716, 'f1': 0.5941, 'auc': 0.9527}
val: {'epoch': 88, 'loss': 0.0902, 'lr': 0.001, 'params': 870905, 'time_iter': 2.0344, 'accuracy': 0.983, 'precision': 0.8235, 'recall': 0.1728, 'f1': 0.2857, 'auc': 0.8373}
train: {'epoch': 88, 'eta': 133346.5489, 'loss': 0.0767, 'lr': 0.001, 'params': 870905, 'time_iter': 11.3063, 'accuracy': 0.974, 'precision': 0.7527, 'recall': 0.4545, 'f1': 0.5668, 'auc': 0.9511}
val: {'epoch': 89, 'loss': 0.0941, 'lr': 0.001, 'params': 870905, 'time_iter': 2.2143, 'accuracy': 0.9832, 'precision': 0.7143, 'recall': 0.2469, 'f1': 0.367, 'auc': 0.8253}
train: {'epoch': 89, 'eta': 121211.2653, 'loss': 0.0734, 'lr': 0.001, 'params': 870905, 'time_iter': 11.6682, 'accuracy': 0.9759, 'precision': 0.8039, 'recall': 0.4724, 'f1': 0.5951, 'auc': 0.9566}
val: {'epoch': 90, 'loss': 0.0918, 'lr': 0.001, 'params': 870905, 'time_iter': 2.0912, 'accuracy': 0.9823, 'precision': 0.7, 'recall': 0.1728, 'f1': 0.2772, 'auc': 0.8398}
train: {'epoch': 90, 'eta': 109085.1834, 'loss': 0.0744, 'lr': 0.001, 'params': 870905, 'time_iter': 11.7308, 'accuracy': 0.9756, 'precision': 0.79, 'recall': 0.4732, 'f1': 0.5919, 'auc': 0.9555}
val: {'epoch': 91, 'loss': 0.0967, 'lr': 0.001, 'params': 870905, 'time_iter': 2.1065, 'accuracy': 0.9835, 'precision': 0.8095, 'recall': 0.2099, 'f1': 0.3333, 'auc': 0.7976}
train: {'epoch': 91, 'eta': 96955.5943, 'loss': 0.0738, 'lr': 0.001, 'params': 870905, 'time_iter': 11.6783, 'accuracy': 0.9758, 'precision': 0.7909, 'recall': 0.4821, 'f1': 0.5991, 'auc': 0.9566}
val: {'epoch': 92, 'loss': 0.0876, 'lr': 0.001, 'params': 870905, 'time_iter': 2.2461, 'accuracy': 0.9825, 'precision': 0.6364, 'recall': 0.2593, 'f1': 0.3684, 'auc': 0.8349}
train: {'epoch': 92, 'eta': 84824.6072, 'loss': 0.0746, 'lr': 0.001, 'params': 870905, 'time_iter': 11.6289, 'accuracy': 0.9754, 'precision': 0.7911, 'recall': 0.4643, 'f1': 0.5852, 'auc': 0.9568}
val: {'epoch': 93, 'loss': 0.1162, 'lr': 0.001, 'params': 870905, 'time_iter': 2.0202, 'accuracy': 0.981, 'precision': 0.6, 'recall': 0.1111, 'f1': 0.1875, 'auc': 0.7863}
train: {'epoch': 93, 'eta': 72718.6148, 'loss': 0.0719, 'lr': 0.001, 'params': 870905, 'time_iter': 11.9561, 'accuracy': 0.9764, 'precision': 0.8065, 'recall': 0.487, 'f1': 0.6073, 'auc': 0.9586}
val: {'epoch': 94, 'loss': 0.0932, 'lr': 0.001, 'params': 870905, 'time_iter': 2.1182, 'accuracy': 0.9793, 'precision': 0.4688, 'recall': 0.3704, 'f1': 0.4138, 'auc': 0.8305}
train: {'epoch': 94, 'eta': 60581.1791, 'loss': 0.0735, 'lr': 0.001, 'params': 870905, 'time_iter': 11.452, 'accuracy': 0.9756, 'precision': 0.7822, 'recall': 0.4838, 'f1': 0.5978, 'auc': 0.9555}
val: {'epoch': 95, 'loss': 0.0898, 'lr': 0.001, 'params': 870905, 'time_iter': 2.0364, 'accuracy': 0.9815, 'precision': 0.5862, 'recall': 0.2099, 'f1': 0.3091, 'auc': 0.8344}
train: {'epoch': 95, 'eta': 48459.6494, 'loss': 0.073, 'lr': 0.001, 'params': 870905, 'time_iter': 11.6513, 'accuracy': 0.9756, 'precision': 0.7749, 'recall': 0.4919, 'f1': 0.6018, 'auc': 0.958}
val: {'epoch': 96, 'loss': 0.0945, 'lr': 0.001, 'params': 870905, 'time_iter': 2.0089, 'accuracy': 0.9808, 'precision': 0.5556, 'recall': 0.1235, 'f1': 0.202, 'auc': 0.8454}
train: {'epoch': 96, 'eta': 36335.9657, 'loss': 0.072, 'lr': 0.001, 'params': 870905, 'time_iter': 11.4979, 'accuracy': 0.9757, 'precision': 0.7837, 'recall': 0.4854, 'f1': 0.5995, 'auc': 0.9597}
val: {'epoch': 97, 'loss': 0.0929, 'lr': 0.001, 'params': 870905, 'time_iter': 2.214, 'accuracy': 0.9815, 'precision': 0.6, 'recall': 0.1852, 'f1': 0.283, 'auc': 0.8399}
train: {'epoch': 97, 'eta': 24220.7807, 'loss': 0.0715, 'lr': 0.001, 'params': 870905, 'time_iter': 11.6184, 'accuracy': 0.9764, 'precision': 0.8067, 'recall': 0.4878, 'f1': 0.608, 'auc': 0.9591}
val: {'epoch': 98, 'loss': 0.0951, 'lr': 0.001, 'params': 870905, 'time_iter': 2.0456, 'accuracy': 0.9832, 'precision': 0.7308, 'recall': 0.2346, 'f1': 0.3551, 'auc': 0.8107}
train: {'epoch': 98, 'eta': 12109.2575, 'loss': 0.0707, 'lr': 0.001, 'params': 870905, 'time_iter': 11.6601, 'accuracy': 0.9763, 'precision': 0.7927, 'recall': 0.4968, 'f1': 0.6108, 'auc': 0.9621}
val: {'epoch': 99, 'loss': 0.0892, 'lr': 0.001, 'params': 870905, 'time_iter': 2.1199, 'accuracy': 0.9825, 'precision': 0.6216, 'recall': 0.284, 'f1': 0.3898, 'auc': 0.8445}
train: {'epoch': 99, 'eta': 0.0, 'loss': 0.0711, 'lr': 0.001, 'params': 870905, 'time_iter': 11.703, 'accuracy': 0.9763, 'precision': 0.7963, 'recall': 0.4919, 'f1': 0.6081, 'auc': 0.962}
test: {'epoch': 99, 'loss': 0.1806, 'lr': 0.001, 'params': 870905, 'time_iter': 1.8651, 'accuracy': 0.9696, 'precision': 0.5439, 'recall': 0.2385, 'f1': 0.3316, 'auc': 0.7697}
test: {'epoch': 87, 'loss': 0.174, 'lr': 0.001, 'params': 870905, 'time_iter': 1.8453, 'accuracy': 0.9694, 'precision': 0.5625, 'recall': 0.1385, 'f1': 0.2222, 'auc': 0.7762}
