GraphGymModule(
  (model): DilatedGNNModel(
    (encoder): FeatureEncoder(
      (node_encoder): AtomEncoder(
        (atom_embedding_list): ModuleList(
          (0): Embedding(119, 300)
          (1): Embedding(4, 300)
          (2): Embedding(12, 300)
          (3): Embedding(12, 300)
          (4): Embedding(10, 300)
          (5): Embedding(6, 300)
          (6): Embedding(6, 300)
          (7): Embedding(2, 300)
          (8): Embedding(2, 300)
        )
      )
      (edge_encoder): BondEncoder(
        (bond_embedding_list): ModuleList(
          (0): Embedding(5, 300)
          (1): Embedding(6, 300)
          (2): Embedding(2, 300)
        )
      )
    )
    (mp): GNNDilatedStage(
      (classic_layers): ModuleList(
        (0): GeneralLayer(
          (layer): EGINConv(
            (model): GINEConv(nn=Sequential(
              (0): Linear(300, 300, bias=True)
              (1): ReLU()
              (2): Linear(300, 300, bias=True)
            ))
          )
          (post_layer): Sequential(
            (0): BatchNorm1d(300, eps=1e-05, momentum=0.1, affine=True, track_running_stats=True)
            (1): Dropout(p=0.5, inplace=False)
            (2): ReLU()
          )
        )
        (1): GeneralLayer(
          (layer): EGINConv(
            (model): GINEConv(nn=Sequential(
              (0): Linear(300, 300, bias=True)
              (1): ReLU()
              (2): Linear(300, 300, bias=True)
            ))
          )
          (post_layer): Sequential(
            (0): BatchNorm1d(300, eps=1e-05, momentum=0.1, affine=True, track_running_stats=True)
            (1): Dropout(p=0.5, inplace=False)
            (2): ReLU()
          )
        )
      )
      (dilated_layers): ModuleList(
        (0): DilatedGeneralLayer(
          (layer): EGINConv(
            (model): GINEConv(nn=Sequential(
              (0): Linear(300, 300, bias=True)
              (1): ReLU()
              (2): Linear(300, 300, bias=True)
            ))
          )
          (post_layer): Sequential(
            (0): BatchNorm1d(300, eps=1e-05, momentum=0.1, affine=True, track_running_stats=True)
            (1): Dropout(p=0.5, inplace=False)
            (2): ReLU()
          )
          (gem): GeM(p=3.0000, eps=1e-06)
        )
      )
      (act): ReLU()
    )
    (post_mp): GNNGraphHead(
      (layer_post_mp): MLP(
        (model): Sequential(
          (0): Linear(
            (model): Linear(300, 1, bias=True)
          )
        )
      )
    )
  )
)
accelerator: cuda
benchmark: False
bn:
  eps: 1e-05
  mom: 0.1
cfg_dest: config.yaml
custom_metrics: []
dataset:
  cache_load: False
  cache_save: False
  dir: ./datasets
  edge_dim: 300
  edge_encoder: True
  edge_encoder_bn: False
  edge_encoder_name: Bond
  edge_message_ratio: 0.8
  edge_negative_sampling_ratio: 1.0
  edge_train_mode: all
  encoder: True
  encoder_bn: True
  encoder_dim: 128
  encoder_name: db
  fast_loader: False
  format: OGB
  label_column: none
  label_table: none
  location: local
  name: ogbg-molhiv
  node_encoder: True
  node_encoder_bn: False
  node_encoder_name: Atom
  remove_feature: False
  resample_disjoint: False
  resample_negative: False
  shuffle_split: True
  split: [0.8, 0.1, 0.1]
  split_mode: random
  task: graph
  task_type: classification
  to_undirected: False
  transductive: False
  transform: none
  tu_simple: True
devices: 1
gnn:
  act: relu
  act_on_last_layer_mp: False
  agg: none
  att_final_linear: False
  att_final_linear_bn: False
  att_heads: 1
  batchnorm: True
  clear_feature: True
  dilated_path_join: none
  dim_inner: 300
  dropout: 0.5
  head: graph
  keep_edge: 0.5
  l2norm: True
  layer_type: eginconv
  layers_k1: 2
  layers_k2: 1
  layers_mp: 5
  layers_post_mp: 1
  layers_pre_mp: 0
  learn_alpha_residual_connection: True
  msg_direction: single
  normalize_adj: False
  self_msg: concat
  skip_every: 1
  stage_type: stack
  use_edge_features: True
gpu_mem: False
mem:
  inplace: False
metric_agg: argmax
metric_best: auc
model:
  edge_decoding: dot
  graph_pooling: mean
  loss_fun: cross_entropy
  match_upper: True
  size_average: mean
  thresh: 0.5
  type: dilated_gnn
num_threads: 6
num_workers: 16
optim:
  base_lr: 0.001
  lr_decay: 0.1
  max_epoch: 100
  momentum: 0.9
  optimizer: adam
  scheduler: none
  steps: [30, 60, 90]
  weight_decay: 0.0
out_dir: results_experiments/ogbg_molhiv_baseline_grid_design/ogbg_molhiv_baseline-type=dilated_gnn-layer_type=eginconv-layers_k1=2-layers_k2=1-dilated_path_join=none-learn_alpha_residual_connection=True
params: 870603
print: both
round: 4
run_dir: results_experiments/ogbg_molhiv_baseline_grid_design/ogbg_molhiv_baseline-type=dilated_gnn-layer_type=eginconv-layers_k1=2-layers_k2=1-dilated_path_join=none-learn_alpha_residual_connection=True/7
seed: 8
share:
  dim_in: 9
  dim_out: 2
  num_splits: 3
tensorboard_agg: True
tensorboard_each_run: False
train:
  auto_resume: False
  batch_size: 32
  ckpt_clean: True
  ckpt_period: 100
  enable_ckpt: True
  epoch_resume: -1
  eval_period: 1
  iter_per_epoch: 32
  neighbor_sizes: [20, 15, 10, 5]
  node_per_graph: 32
  radius: extend
  sample_node: False
  sampler: full_batch
  skip_train_eval: False
  walk_length: 4
val:
  node_per_graph: 32
  radius: extend
  sample_node: False
  sampler: full_batch
view_emb: False
Num parameters: 870603
val: {'epoch': 0, 'loss': 0.6643, 'lr': 0.001, 'params': 870603, 'time_iter': 0.7027, 'accuracy': 0.9844, 'precision': 0.0, 'recall': 0.0, 'f1': 0.0, 'auc': 0.9841}
val: {'epoch': 0, 'loss': 0.0992, 'lr': 0.001, 'params': 870603, 'time_iter': 1.5874, 'accuracy': 0.9803, 'precision': 0.0, 'recall': 0.0, 'f1': 0.0, 'auc': 0.5856}
train: {'epoch': 0, 'eta': 1063270.0762, 'loss': 0.2095, 'lr': 0.001, 'params': 870603, 'time_iter': 10.4374, 'accuracy': 0.9623, 'precision': 0.0, 'recall': 0.0, 'f1': 0.0, 'auc': 0.4949}
val: {'epoch': 1, 'loss': 0.0996, 'lr': 0.001, 'params': 870603, 'time_iter': 1.5, 'accuracy': 0.9803, 'precision': 0.0, 'recall': 0.0, 'f1': 0.0, 'auc': 0.5981}
train: {'epoch': 1, 'eta': 1056140.1916, 'loss': 0.1606, 'lr': 0.001, 'params': 870603, 'time_iter': 10.509, 'accuracy': 0.9626, 'precision': 0.0, 'recall': 0.0, 'f1': 0.0, 'auc': 0.5006}
val: {'epoch': 2, 'loss': 0.0995, 'lr': 0.001, 'params': 870603, 'time_iter': 1.5338, 'accuracy': 0.9803, 'precision': 0.0, 'recall': 0.0, 'f1': 0.0, 'auc': 0.5724}
train: {'epoch': 2, 'eta': 1044318.3138, 'loss': 0.1605, 'lr': 0.001, 'params': 870603, 'time_iter': 10.4418, 'accuracy': 0.9626, 'precision': 0.0, 'recall': 0.0, 'f1': 0.0, 'auc': 0.4955}
val: {'epoch': 3, 'loss': 0.0986, 'lr': 0.001, 'params': 870603, 'time_iter': 1.5083, 'accuracy': 0.9803, 'precision': 0.0, 'recall': 0.0, 'f1': 0.0, 'auc': 0.5968}
train: {'epoch': 3, 'eta': 1032396.9399, 'loss': 0.1604, 'lr': 0.001, 'params': 870603, 'time_iter': 10.416, 'accuracy': 0.9626, 'precision': 0.0, 'recall': 0.0, 'f1': 0.0, 'auc': 0.4972}
val: {'epoch': 4, 'loss': 0.0989, 'lr': 0.001, 'params': 870603, 'time_iter': 1.6476, 'accuracy': 0.9803, 'precision': 0.0, 'recall': 0.0, 'f1': 0.0, 'auc': 0.6052}
train: {'epoch': 4, 'eta': 1020934.1405, 'loss': 0.1604, 'lr': 0.001, 'params': 870603, 'time_iter': 10.4148, 'accuracy': 0.9626, 'precision': 0.0, 'recall': 0.0, 'f1': 0.0, 'auc': 0.5014}
val: {'epoch': 5, 'loss': 0.0991, 'lr': 0.001, 'params': 870603, 'time_iter': 1.5093, 'accuracy': 0.9803, 'precision': 0.0, 'recall': 0.0, 'f1': 0.0, 'auc': 0.6124}
train: {'epoch': 5, 'eta': 1011460.882, 'loss': 0.1604, 'lr': 0.001, 'params': 870603, 'time_iter': 10.5228, 'accuracy': 0.9626, 'precision': 0.0, 'recall': 0.0, 'f1': 0.0, 'auc': 0.4921}
val: {'epoch': 6, 'loss': 0.0974, 'lr': 0.001, 'params': 870603, 'time_iter': 1.5168, 'accuracy': 0.9803, 'precision': 0.0, 'recall': 0.0, 'f1': 0.0, 'auc': 0.6192}
train: {'epoch': 6, 'eta': 999696.3748, 'loss': 0.1601, 'lr': 0.001, 'params': 870603, 'time_iter': 10.3835, 'accuracy': 0.9626, 'precision': 0.0, 'recall': 0.0, 'f1': 0.0, 'auc': 0.5072}
val: {'epoch': 7, 'loss': 0.1007, 'lr': 0.001, 'params': 870603, 'time_iter': 1.5391, 'accuracy': 0.9803, 'precision': 0.0, 'recall': 0.0, 'f1': 0.0, 'auc': 0.5711}
train: {'epoch': 7, 'eta': 989250.4543, 'loss': 0.1601, 'lr': 0.001, 'params': 870603, 'time_iter': 10.4721, 'accuracy': 0.9626, 'precision': 0.0, 'recall': 0.0, 'f1': 0.0, 'auc': 0.502}
val: {'epoch': 8, 'loss': 0.0992, 'lr': 0.001, 'params': 870603, 'time_iter': 1.8122, 'accuracy': 0.9803, 'precision': 0.0, 'recall': 0.0, 'f1': 0.0, 'auc': 0.5767}
train: {'epoch': 8, 'eta': 979801.9888, 'loss': 0.1601, 'lr': 0.001, 'params': 870603, 'time_iter': 10.575, 'accuracy': 0.9626, 'precision': 0.0, 'recall': 0.0, 'f1': 0.0, 'auc': 0.4893}
val: {'epoch': 9, 'loss': 0.1006, 'lr': 0.001, 'params': 870603, 'time_iter': 1.487, 'accuracy': 0.9803, 'precision': 0.0, 'recall': 0.0, 'f1': 0.0, 'auc': 0.6091}
train: {'epoch': 9, 'eta': 969214.3432, 'loss': 0.1601, 'lr': 0.001, 'params': 870603, 'time_iter': 10.483, 'accuracy': 0.9626, 'precision': 0.0, 'recall': 0.0, 'f1': 0.0, 'auc': 0.4866}
val: {'epoch': 10, 'loss': 0.1003, 'lr': 0.001, 'params': 870603, 'time_iter': 1.534, 'accuracy': 0.9803, 'precision': 0.0, 'recall': 0.0, 'f1': 0.0, 'auc': 0.6181}
train: {'epoch': 10, 'eta': 957472.0096, 'loss': 0.16, 'lr': 0.001, 'params': 870603, 'time_iter': 10.3486, 'accuracy': 0.9626, 'precision': 0.0, 'recall': 0.0, 'f1': 0.0, 'auc': 0.4875}
val: {'epoch': 11, 'loss': 0.0974, 'lr': 0.001, 'params': 870603, 'time_iter': 1.624, 'accuracy': 0.9803, 'precision': 0.0, 'recall': 0.0, 'f1': 0.0, 'auc': 0.6045}
train: {'epoch': 11, 'eta': 948272.9839, 'loss': 0.1582, 'lr': 0.001, 'params': 870603, 'time_iter': 10.6615, 'accuracy': 0.9626, 'precision': 0.0, 'recall': 0.0, 'f1': 0.0, 'auc': 0.5748}
val: {'epoch': 12, 'loss': 0.0971, 'lr': 0.001, 'params': 870603, 'time_iter': 1.5207, 'accuracy': 0.9803, 'precision': 0.0, 'recall': 0.0, 'f1': 0.0, 'auc': 0.6396}
train: {'epoch': 12, 'eta': 936634.7101, 'loss': 0.1529, 'lr': 0.001, 'params': 870603, 'time_iter': 10.3469, 'accuracy': 0.9626, 'precision': 0.0, 'recall': 0.0, 'f1': 0.0, 'auc': 0.6655}
val: {'epoch': 13, 'loss': 0.0899, 'lr': 0.001, 'params': 870603, 'time_iter': 1.4944, 'accuracy': 0.9803, 'precision': 0.0, 'recall': 0.0, 'f1': 0.0, 'auc': 0.7007}
train: {'epoch': 13, 'eta': 925539.9309, 'loss': 0.1509, 'lr': 0.001, 'params': 870603, 'time_iter': 10.4105, 'accuracy': 0.9626, 'precision': 0.0, 'recall': 0.0, 'f1': 0.0, 'auc': 0.6829}
val: {'epoch': 14, 'loss': 0.0982, 'lr': 0.001, 'params': 870603, 'time_iter': 1.5308, 'accuracy': 0.9803, 'precision': 0.0, 'recall': 0.0, 'f1': 0.0, 'auc': 0.6925}
train: {'epoch': 14, 'eta': 915527.1138, 'loss': 0.1491, 'lr': 0.001, 'params': 870603, 'time_iter': 10.5873, 'accuracy': 0.9626, 'precision': 0.0, 'recall': 0.0, 'f1': 0.0, 'auc': 0.6983}
val: {'epoch': 15, 'loss': 0.0904, 'lr': 0.001, 'params': 870603, 'time_iter': 1.5159, 'accuracy': 0.9803, 'precision': 0.0, 'recall': 0.0, 'f1': 0.0, 'auc': 0.7537}
train: {'epoch': 15, 'eta': 906020.0717, 'loss': 0.1467, 'lr': 0.001, 'params': 870603, 'time_iter': 10.7013, 'accuracy': 0.9625, 'precision': 0.0, 'recall': 0.0, 'f1': 0.0, 'auc': 0.7159}
val: {'epoch': 16, 'loss': 0.0843, 'lr': 0.001, 'params': 870603, 'time_iter': 1.5015, 'accuracy': 0.9803, 'precision': 0.0, 'recall': 0.0, 'f1': 0.0, 'auc': 0.7567}
train: {'epoch': 16, 'eta': 895187.5613, 'loss': 0.1442, 'lr': 0.001, 'params': 870603, 'time_iter': 10.4727, 'accuracy': 0.9625, 'precision': 0.0, 'recall': 0.0, 'f1': 0.0, 'auc': 0.7273}
val: {'epoch': 17, 'loss': 0.0864, 'lr': 0.001, 'params': 870603, 'time_iter': 1.5068, 'accuracy': 0.9803, 'precision': 0.0, 'recall': 0.0, 'f1': 0.0, 'auc': 0.7447}
train: {'epoch': 17, 'eta': 883588.7472, 'loss': 0.1416, 'lr': 0.001, 'params': 870603, 'time_iter': 10.3079, 'accuracy': 0.9625, 'precision': 0.3333, 'recall': 0.0008, 'f1': 0.0016, 'auc': 0.7379}
val: {'epoch': 18, 'loss': 0.0975, 'lr': 0.001, 'params': 870603, 'time_iter': 1.7237, 'accuracy': 0.9803, 'precision': 0.0, 'recall': 0.0, 'f1': 0.0, 'auc': 0.7296}
train: {'epoch': 18, 'eta': 871902.4266, 'loss': 0.1405, 'lr': 0.001, 'params': 870603, 'time_iter': 10.2642, 'accuracy': 0.9624, 'precision': 0.1429, 'recall': 0.0008, 'f1': 0.0016, 'auc': 0.7456}
val: {'epoch': 19, 'loss': 0.0802, 'lr': 0.001, 'params': 870603, 'time_iter': 1.5208, 'accuracy': 0.9808, 'precision': 0.75, 'recall': 0.037, 'f1': 0.0706, 'auc': 0.7784}
train: {'epoch': 19, 'eta': 863253.4959, 'loss': 0.1386, 'lr': 0.001, 'params': 870603, 'time_iter': 10.9748, 'accuracy': 0.9624, 'precision': 0.3529, 'recall': 0.0049, 'f1': 0.0096, 'auc': 0.7549}
val: {'epoch': 20, 'loss': 0.081, 'lr': 0.001, 'params': 870603, 'time_iter': 1.5178, 'accuracy': 0.9818, 'precision': 0.8, 'recall': 0.0988, 'f1': 0.1758, 'auc': 0.7624}
train: {'epoch': 20, 'eta': 852808.8523, 'loss': 0.1363, 'lr': 0.001, 'params': 870603, 'time_iter': 10.5759, 'accuracy': 0.9626, 'precision': 0.5714, 'recall': 0.0065, 'f1': 0.0128, 'auc': 0.7607}
val: {'epoch': 21, 'loss': 0.0854, 'lr': 0.001, 'params': 870603, 'time_iter': 1.6183, 'accuracy': 0.9813, 'precision': 0.7, 'recall': 0.0864, 'f1': 0.1538, 'auc': 0.7536}
train: {'epoch': 21, 'eta': 841628.3196, 'loss': 0.1351, 'lr': 0.001, 'params': 870603, 'time_iter': 10.3852, 'accuracy': 0.9623, 'precision': 0.4, 'recall': 0.0114, 'f1': 0.0221, 'auc': 0.7699}
val: {'epoch': 22, 'loss': 0.0797, 'lr': 0.001, 'params': 870603, 'time_iter': 1.4881, 'accuracy': 0.9818, 'precision': 0.875, 'recall': 0.0864, 'f1': 0.1573, 'auc': 0.7948}
train: {'epoch': 22, 'eta': 830475.2329, 'loss': 0.1353, 'lr': 0.001, 'params': 870603, 'time_iter': 10.3806, 'accuracy': 0.9626, 'precision': 0.5484, 'recall': 0.0138, 'f1': 0.0269, 'auc': 0.7637}
val: {'epoch': 23, 'loss': 0.0816, 'lr': 0.001, 'params': 870603, 'time_iter': 1.5327, 'accuracy': 0.9813, 'precision': 0.7, 'recall': 0.0864, 'f1': 0.1538, 'auc': 0.7716}
train: {'epoch': 23, 'eta': 819471.2047, 'loss': 0.1337, 'lr': 0.001, 'params': 870603, 'time_iter': 10.4143, 'accuracy': 0.9626, 'precision': 0.5192, 'recall': 0.0219, 'f1': 0.0421, 'auc': 0.7724}
val: {'epoch': 24, 'loss': 0.0783, 'lr': 0.001, 'params': 870603, 'time_iter': 1.5273, 'accuracy': 0.982, 'precision': 0.8889, 'recall': 0.0988, 'f1': 0.1778, 'auc': 0.794}
train: {'epoch': 24, 'eta': 809160.4775, 'loss': 0.1324, 'lr': 0.001, 'params': 870603, 'time_iter': 10.6315, 'accuracy': 0.9629, 'precision': 0.5873, 'recall': 0.03, 'f1': 0.0571, 'auc': 0.7812}
val: {'epoch': 25, 'loss': 0.0854, 'lr': 0.001, 'params': 870603, 'time_iter': 1.7157, 'accuracy': 0.9818, 'precision': 0.8, 'recall': 0.0988, 'f1': 0.1758, 'auc': 0.7548}
train: {'epoch': 25, 'eta': 798243.4233, 'loss': 0.1319, 'lr': 0.001, 'params': 870603, 'time_iter': 10.441, 'accuracy': 0.9626, 'precision': 0.5231, 'recall': 0.0276, 'f1': 0.0524, 'auc': 0.7809}
val: {'epoch': 26, 'loss': 0.0839, 'lr': 0.001, 'params': 870603, 'time_iter': 1.4848, 'accuracy': 0.9813, 'precision': 0.7, 'recall': 0.0864, 'f1': 0.1538, 'auc': 0.761}
train: {'epoch': 26, 'eta': 788428.9829, 'loss': 0.1312, 'lr': 0.001, 'params': 870603, 'time_iter': 10.8327, 'accuracy': 0.9629, 'precision': 0.5789, 'recall': 0.0357, 'f1': 0.0673, 'auc': 0.7844}
val: {'epoch': 27, 'loss': 0.0846, 'lr': 0.001, 'params': 870603, 'time_iter': 1.5231, 'accuracy': 0.9818, 'precision': 0.8, 'recall': 0.0988, 'f1': 0.1758, 'auc': 0.7651}
train: {'epoch': 27, 'eta': 777767.1438, 'loss': 0.1299, 'lr': 0.001, 'params': 870603, 'time_iter': 10.5484, 'accuracy': 0.963, 'precision': 0.5926, 'recall': 0.039, 'f1': 0.0731, 'auc': 0.7907}
val: {'epoch': 28, 'loss': 0.083, 'lr': 0.001, 'params': 870603, 'time_iter': 1.6195, 'accuracy': 0.981, 'precision': 0.7143, 'recall': 0.0617, 'f1': 0.1136, 'auc': 0.7792}
train: {'epoch': 28, 'eta': 766448.3307, 'loss': 0.1294, 'lr': 0.001, 'params': 870603, 'time_iter': 10.2929, 'accuracy': 0.9631, 'precision': 0.5818, 'recall': 0.0519, 'f1': 0.0954, 'auc': 0.7891}
val: {'epoch': 29, 'loss': 0.0803, 'lr': 0.001, 'params': 870603, 'time_iter': 1.5024, 'accuracy': 0.9818, 'precision': 0.75, 'recall': 0.1111, 'f1': 0.1935, 'auc': 0.7755}
train: {'epoch': 29, 'eta': 755047.371, 'loss': 0.1287, 'lr': 0.001, 'params': 870603, 'time_iter': 10.2385, 'accuracy': 0.9635, 'precision': 0.6303, 'recall': 0.0609, 'f1': 0.111, 'auc': 0.7907}
val: {'epoch': 30, 'loss': 0.0788, 'lr': 0.001, 'params': 870603, 'time_iter': 1.511, 'accuracy': 0.9815, 'precision': 0.7778, 'recall': 0.0864, 'f1': 0.1556, 'auc': 0.7889}
train: {'epoch': 30, 'eta': 744153.7359, 'loss': 0.1275, 'lr': 0.001, 'params': 870603, 'time_iter': 10.4356, 'accuracy': 0.9633, 'precision': 0.5878, 'recall': 0.0625, 'f1': 0.113, 'auc': 0.8013}
val: {'epoch': 31, 'loss': 0.0864, 'lr': 0.001, 'params': 870603, 'time_iter': 1.4853, 'accuracy': 0.9798, 'precision': 0.0, 'recall': 0.0, 'f1': 0.0, 'auc': 0.7863}
train: {'epoch': 31, 'eta': 733173.984, 'loss': 0.1267, 'lr': 0.001, 'params': 870603, 'time_iter': 10.3918, 'accuracy': 0.9633, 'precision': 0.5786, 'recall': 0.0747, 'f1': 0.1323, 'auc': 0.802}
val: {'epoch': 32, 'loss': 0.079, 'lr': 0.001, 'params': 870603, 'time_iter': 1.9094, 'accuracy': 0.9813, 'precision': 0.6429, 'recall': 0.1111, 'f1': 0.1895, 'auc': 0.785}
train: {'epoch': 32, 'eta': 722156.2808, 'loss': 0.1263, 'lr': 0.001, 'params': 870603, 'time_iter': 10.3653, 'accuracy': 0.9639, 'precision': 0.6447, 'recall': 0.0795, 'f1': 0.1416, 'auc': 0.8012}
val: {'epoch': 33, 'loss': 0.0854, 'lr': 0.001, 'params': 870603, 'time_iter': 1.5534, 'accuracy': 0.981, 'precision': 1.0, 'recall': 0.037, 'f1': 0.0714, 'auc': 0.7606}
train: {'epoch': 33, 'eta': 711356.7759, 'loss': 0.1247, 'lr': 0.001, 'params': 870603, 'time_iter': 10.4641, 'accuracy': 0.9636, 'precision': 0.5976, 'recall': 0.082, 'f1': 0.1442, 'auc': 0.807}
val: {'epoch': 34, 'loss': 0.0785, 'lr': 0.001, 'params': 870603, 'time_iter': 1.5334, 'accuracy': 0.9796, 'precision': 0.4286, 'recall': 0.1111, 'f1': 0.1765, 'auc': 0.7781}
train: {'epoch': 34, 'eta': 700875.7912, 'loss': 0.1233, 'lr': 0.001, 'params': 870603, 'time_iter': 10.6299, 'accuracy': 0.9639, 'precision': 0.6257, 'recall': 0.0869, 'f1': 0.1525, 'auc': 0.8132}
val: {'epoch': 35, 'loss': 0.0858, 'lr': 0.001, 'params': 870603, 'time_iter': 1.6803, 'accuracy': 0.9808, 'precision': 1.0, 'recall': 0.0247, 'f1': 0.0482, 'auc': 0.7834}
train: {'epoch': 35, 'eta': 690000.0503, 'loss': 0.1236, 'lr': 0.001, 'params': 870603, 'time_iter': 10.428, 'accuracy': 0.9643, 'precision': 0.64, 'recall': 0.1039, 'f1': 0.1788, 'auc': 0.8116}
val: {'epoch': 36, 'loss': 0.0821, 'lr': 0.001, 'params': 870603, 'time_iter': 1.496, 'accuracy': 0.9808, 'precision': 0.6, 'recall': 0.0741, 'f1': 0.1319, 'auc': 0.7847}
train: {'epoch': 36, 'eta': 679095.3634, 'loss': 0.1222, 'lr': 0.001, 'params': 870603, 'time_iter': 10.407, 'accuracy': 0.965, 'precision': 0.6872, 'recall': 0.1177, 'f1': 0.201, 'auc': 0.813}
val: {'epoch': 37, 'loss': 0.082, 'lr': 0.001, 'params': 870603, 'time_iter': 1.5382, 'accuracy': 0.9803, 'precision': 0.5, 'recall': 0.0247, 'f1': 0.0471, 'auc': 0.8037}
train: {'epoch': 37, 'eta': 668315.5288, 'loss': 0.1217, 'lr': 0.001, 'params': 870603, 'time_iter': 10.4752, 'accuracy': 0.9643, 'precision': 0.6381, 'recall': 0.1088, 'f1': 0.1859, 'auc': 0.8199}
val: {'epoch': 38, 'loss': 0.0784, 'lr': 0.001, 'params': 870603, 'time_iter': 1.5649, 'accuracy': 0.9827, 'precision': 0.7083, 'recall': 0.2099, 'f1': 0.3238, 'auc': 0.7824}
train: {'epoch': 38, 'eta': 657861.903, 'loss': 0.1212, 'lr': 0.001, 'params': 870603, 'time_iter': 10.6778, 'accuracy': 0.9641, 'precision': 0.6126, 'recall': 0.1104, 'f1': 0.1871, 'auc': 0.8216}
val: {'epoch': 39, 'loss': 0.0792, 'lr': 0.001, 'params': 870603, 'time_iter': 1.5117, 'accuracy': 0.981, 'precision': 0.5789, 'recall': 0.1358, 'f1': 0.22, 'auc': 0.7808}
train: {'epoch': 39, 'eta': 646848.7531, 'loss': 0.1199, 'lr': 0.001, 'params': 870603, 'time_iter': 10.3326, 'accuracy': 0.965, 'precision': 0.6599, 'recall': 0.1323, 'f1': 0.2204, 'auc': 0.8234}
val: {'epoch': 40, 'loss': 0.0791, 'lr': 0.001, 'params': 870603, 'time_iter': 1.5099, 'accuracy': 0.9815, 'precision': 0.7273, 'recall': 0.0988, 'f1': 0.1739, 'auc': 0.8035}
train: {'epoch': 40, 'eta': 635857.2056, 'loss': 0.1191, 'lr': 0.001, 'params': 870603, 'time_iter': 10.3347, 'accuracy': 0.9653, 'precision': 0.6773, 'recall': 0.138, 'f1': 0.2293, 'auc': 0.8259}
val: {'epoch': 41, 'loss': 0.0818, 'lr': 0.001, 'params': 870603, 'time_iter': 1.5104, 'accuracy': 0.9805, 'precision': 0.5385, 'recall': 0.0864, 'f1': 0.1489, 'auc': 0.804}
train: {'epoch': 41, 'eta': 625151.465, 'loss': 0.1192, 'lr': 0.001, 'params': 870603, 'time_iter': 10.5238, 'accuracy': 0.9649, 'precision': 0.6585, 'recall': 0.1315, 'f1': 0.2192, 'auc': 0.8289}
val: {'epoch': 42, 'loss': 0.0759, 'lr': 0.001, 'params': 870603, 'time_iter': 1.6848, 'accuracy': 0.9818, 'precision': 0.5882, 'recall': 0.2469, 'f1': 0.3478, 'auc': 0.7881}
train: {'epoch': 42, 'eta': 614335.5568, 'loss': 0.1182, 'lr': 0.001, 'params': 870603, 'time_iter': 10.4473, 'accuracy': 0.9651, 'precision': 0.6477, 'recall': 0.1477, 'f1': 0.2406, 'auc': 0.8281}
val: {'epoch': 43, 'loss': 0.0748, 'lr': 0.001, 'params': 870603, 'time_iter': 1.5272, 'accuracy': 0.9827, 'precision': 0.6667, 'recall': 0.2469, 'f1': 0.3604, 'auc': 0.7926}
train: {'epoch': 43, 'eta': 603634.6712, 'loss': 0.1184, 'lr': 0.001, 'params': 870603, 'time_iter': 10.5328, 'accuracy': 0.9661, 'precision': 0.6871, 'recall': 0.1729, 'f1': 0.2763, 'auc': 0.8298}
val: {'epoch': 44, 'loss': 0.0797, 'lr': 0.001, 'params': 870603, 'time_iter': 1.5156, 'accuracy': 0.9808, 'precision': 0.5417, 'recall': 0.1605, 'f1': 0.2476, 'auc': 0.8004}
train: {'epoch': 44, 'eta': 592906.1638, 'loss': 0.1157, 'lr': 0.001, 'params': 870603, 'time_iter': 10.5157, 'accuracy': 0.9655, 'precision': 0.6702, 'recall': 0.155, 'f1': 0.2518, 'auc': 0.8373}
val: {'epoch': 45, 'loss': 0.0787, 'lr': 0.001, 'params': 870603, 'time_iter': 1.6533, 'accuracy': 0.9818, 'precision': 0.7143, 'recall': 0.1235, 'f1': 0.2105, 'auc': 0.8098}
train: {'epoch': 45, 'eta': 582233.5819, 'loss': 0.1174, 'lr': 0.001, 'params': 870603, 'time_iter': 10.5653, 'accuracy': 0.9655, 'precision': 0.658, 'recall': 0.164, 'f1': 0.2625, 'auc': 0.8346}
val: {'epoch': 46, 'loss': 0.0755, 'lr': 0.001, 'params': 870603, 'time_iter': 1.5351, 'accuracy': 0.9818, 'precision': 0.65, 'recall': 0.1605, 'f1': 0.2574, 'auc': 0.8161}
train: {'epoch': 46, 'eta': 571406.5429, 'loss': 0.1156, 'lr': 0.001, 'params': 870603, 'time_iter': 10.4395, 'accuracy': 0.9666, 'precision': 0.6997, 'recall': 0.1891, 'f1': 0.2978, 'auc': 0.8374}
val: {'epoch': 47, 'loss': 0.0759, 'lr': 0.001, 'params': 870603, 'time_iter': 1.5008, 'accuracy': 0.9823, 'precision': 0.75, 'recall': 0.1481, 'f1': 0.2474, 'auc': 0.8135}
train: {'epoch': 47, 'eta': 560366.2756, 'loss': 0.1161, 'lr': 0.001, 'params': 870603, 'time_iter': 10.2451, 'accuracy': 0.9662, 'precision': 0.6787, 'recall': 0.1834, 'f1': 0.2888, 'auc': 0.84}
val: {'epoch': 48, 'loss': 0.0762, 'lr': 0.001, 'params': 870603, 'time_iter': 1.5608, 'accuracy': 0.9827, 'precision': 0.7273, 'recall': 0.1975, 'f1': 0.3107, 'auc': 0.8072}
train: {'epoch': 48, 'eta': 549679.2688, 'loss': 0.1152, 'lr': 0.001, 'params': 870603, 'time_iter': 10.5559, 'accuracy': 0.966, 'precision': 0.6877, 'recall': 0.168, 'f1': 0.2701, 'auc': 0.8432}
val: {'epoch': 49, 'loss': 0.0811, 'lr': 0.001, 'params': 870603, 'time_iter': 1.5184, 'accuracy': 0.9815, 'precision': 0.6667, 'recall': 0.1235, 'f1': 0.2083, 'auc': 0.8088}
train: {'epoch': 49, 'eta': 538745.8758, 'loss': 0.115, 'lr': 0.001, 'params': 870603, 'time_iter': 10.3233, 'accuracy': 0.9659, 'precision': 0.6546, 'recall': 0.1907, 'f1': 0.2954, 'auc': 0.8445}
val: {'epoch': 50, 'loss': 0.0779, 'lr': 0.001, 'params': 870603, 'time_iter': 1.5064, 'accuracy': 0.982, 'precision': 0.64, 'recall': 0.1975, 'f1': 0.3019, 'auc': 0.8046}
train: {'epoch': 50, 'eta': 527823.2044, 'loss': 0.114, 'lr': 0.001, 'params': 870603, 'time_iter': 10.3218, 'accuracy': 0.9666, 'precision': 0.6928, 'recall': 0.194, 'f1': 0.3031, 'auc': 0.844}
val: {'epoch': 51, 'loss': 0.0779, 'lr': 0.001, 'params': 870603, 'time_iter': 1.5196, 'accuracy': 0.9823, 'precision': 0.7222, 'recall': 0.1605, 'f1': 0.2626, 'auc': 0.8053}
train: {'epoch': 51, 'eta': 516865.8088, 'loss': 0.1142, 'lr': 0.001, 'params': 870603, 'time_iter': 10.273, 'accuracy': 0.9667, 'precision': 0.6858, 'recall': 0.2037, 'f1': 0.3141, 'auc': 0.846}
val: {'epoch': 52, 'loss': 0.0824, 'lr': 0.001, 'params': 870603, 'time_iter': 1.7272, 'accuracy': 0.982, 'precision': 0.8889, 'recall': 0.0988, 'f1': 0.1778, 'auc': 0.8107}
train: {'epoch': 52, 'eta': 506070.82, 'loss': 0.1125, 'lr': 0.001, 'params': 870603, 'time_iter': 10.435, 'accuracy': 0.9667, 'precision': 0.6963, 'recall': 0.1972, 'f1': 0.3074, 'auc': 0.8506}
val: {'epoch': 53, 'loss': 0.0777, 'lr': 0.001, 'params': 870603, 'time_iter': 1.5029, 'accuracy': 0.9825, 'precision': 0.7368, 'recall': 0.1728, 'f1': 0.28, 'auc': 0.8011}
train: {'epoch': 53, 'eta': 495626.7168, 'loss': 0.1122, 'lr': 0.001, 'params': 870603, 'time_iter': 10.8329, 'accuracy': 0.9667, 'precision': 0.6906, 'recall': 0.2029, 'f1': 0.3137, 'auc': 0.8503}
val: {'epoch': 54, 'loss': 0.0802, 'lr': 0.001, 'params': 870603, 'time_iter': 1.5352, 'accuracy': 0.9823, 'precision': 0.75, 'recall': 0.1481, 'f1': 0.2474, 'auc': 0.7952}
train: {'epoch': 54, 'eta': 484872.5481, 'loss': 0.1124, 'lr': 0.001, 'params': 870603, 'time_iter': 10.495, 'accuracy': 0.9674, 'precision': 0.7101, 'recall': 0.2167, 'f1': 0.3321, 'auc': 0.8509}
val: {'epoch': 55, 'loss': 0.1005, 'lr': 0.001, 'params': 870603, 'time_iter': 1.6265, 'accuracy': 0.9801, 'precision': 0.3333, 'recall': 0.0123, 'f1': 0.0238, 'auc': 0.7689}
train: {'epoch': 55, 'eta': 474098.9406, 'loss': 0.1109, 'lr': 0.001, 'params': 870603, 'time_iter': 10.4729, 'accuracy': 0.9677, 'precision': 0.7143, 'recall': 0.2273, 'f1': 0.3448, 'auc': 0.8548}
val: {'epoch': 56, 'loss': 0.0817, 'lr': 0.001, 'params': 870603, 'time_iter': 1.5205, 'accuracy': 0.9808, 'precision': 0.5625, 'recall': 0.1111, 'f1': 0.1856, 'auc': 0.8017}
train: {'epoch': 56, 'eta': 463443.4775, 'loss': 0.1112, 'lr': 0.001, 'params': 870603, 'time_iter': 10.6253, 'accuracy': 0.9678, 'precision': 0.7205, 'recall': 0.2281, 'f1': 0.3465, 'auc': 0.8554}
val: {'epoch': 57, 'loss': 0.0816, 'lr': 0.001, 'params': 870603, 'time_iter': 1.5257, 'accuracy': 0.9798, 'precision': 0.4643, 'recall': 0.1605, 'f1': 0.2385, 'auc': 0.7948}
train: {'epoch': 57, 'eta': 452639.9138, 'loss': 0.1107, 'lr': 0.001, 'params': 870603, 'time_iter': 10.4394, 'accuracy': 0.9674, 'precision': 0.7023, 'recall': 0.224, 'f1': 0.3397, 'auc': 0.8578}
val: {'epoch': 58, 'loss': 0.0817, 'lr': 0.001, 'params': 870603, 'time_iter': 1.5535, 'accuracy': 0.9813, 'precision': 0.5625, 'recall': 0.2222, 'f1': 0.3186, 'auc': 0.7856}
train: {'epoch': 58, 'eta': 441827.4812, 'loss': 0.1089, 'lr': 0.001, 'params': 870603, 'time_iter': 10.4241, 'accuracy': 0.9679, 'precision': 0.7139, 'recall': 0.237, 'f1': 0.3559, 'auc': 0.8662}
val: {'epoch': 59, 'loss': 0.0847, 'lr': 0.001, 'params': 870603, 'time_iter': 1.4931, 'accuracy': 0.981, 'precision': 0.8, 'recall': 0.0494, 'f1': 0.093, 'auc': 0.795}
train: {'epoch': 59, 'eta': 430952.9834, 'loss': 0.1087, 'lr': 0.001, 'params': 870603, 'time_iter': 10.3294, 'accuracy': 0.9686, 'precision': 0.738, 'recall': 0.2492, 'f1': 0.3726, 'auc': 0.8613}
val: {'epoch': 60, 'loss': 0.0793, 'lr': 0.001, 'params': 870603, 'time_iter': 1.531, 'accuracy': 0.9808, 'precision': 0.5714, 'recall': 0.0988, 'f1': 0.1684, 'auc': 0.8155}
train: {'epoch': 60, 'eta': 420081.7491, 'loss': 0.1098, 'lr': 0.001, 'params': 870603, 'time_iter': 10.3221, 'accuracy': 0.9675, 'precision': 0.6957, 'recall': 0.2338, 'f1': 0.3499, 'auc': 0.8609}
val: {'epoch': 61, 'loss': 0.0792, 'lr': 0.001, 'params': 870603, 'time_iter': 1.5199, 'accuracy': 0.982, 'precision': 0.6207, 'recall': 0.2222, 'f1': 0.3273, 'auc': 0.8124}
train: {'epoch': 61, 'eta': 409195.5545, 'loss': 0.1083, 'lr': 0.001, 'params': 870603, 'time_iter': 10.2856, 'accuracy': 0.9683, 'precision': 0.7203, 'recall': 0.2508, 'f1': 0.3721, 'auc': 0.8624}
val: {'epoch': 62, 'loss': 0.0839, 'lr': 0.001, 'params': 870603, 'time_iter': 1.7418, 'accuracy': 0.983, 'precision': 0.6774, 'recall': 0.2593, 'f1': 0.375, 'auc': 0.7865}
train: {'epoch': 62, 'eta': 398509.4079, 'loss': 0.1088, 'lr': 0.001, 'params': 870603, 'time_iter': 10.6008, 'accuracy': 0.9679, 'precision': 0.7119, 'recall': 0.2386, 'f1': 0.3574, 'auc': 0.8672}
val: {'epoch': 63, 'loss': 0.0902, 'lr': 0.001, 'params': 870603, 'time_iter': 1.5151, 'accuracy': 0.9808, 'precision': 0.6667, 'recall': 0.0494, 'f1': 0.092, 'auc': 0.8029}
train: {'epoch': 63, 'eta': 387920.1723, 'loss': 0.108, 'lr': 0.001, 'params': 870603, 'time_iter': 10.7802, 'accuracy': 0.9682, 'precision': 0.713, 'recall': 0.2541, 'f1': 0.3746, 'auc': 0.8657}
val: {'epoch': 64, 'loss': 0.0856, 'lr': 0.001, 'params': 870603, 'time_iter': 1.5601, 'accuracy': 0.9803, 'precision': 0.5, 'recall': 0.0988, 'f1': 0.1649, 'auc': 0.8233}
train: {'epoch': 64, 'eta': 377209.4486, 'loss': 0.1061, 'lr': 0.001, 'params': 870603, 'time_iter': 10.5889, 'accuracy': 0.9688, 'precision': 0.7435, 'recall': 0.2541, 'f1': 0.3787, 'auc': 0.8728}
val: {'epoch': 65, 'loss': 0.0805, 'lr': 0.001, 'params': 870603, 'time_iter': 1.5532, 'accuracy': 0.9823, 'precision': 0.7, 'recall': 0.1728, 'f1': 0.2772, 'auc': 0.8174}
train: {'epoch': 65, 'eta': 366461.3586, 'loss': 0.1079, 'lr': 0.001, 'params': 870603, 'time_iter': 10.529, 'accuracy': 0.9686, 'precision': 0.7222, 'recall': 0.2638, 'f1': 0.3864, 'auc': 0.8654}
val: {'epoch': 66, 'loss': 0.0822, 'lr': 0.001, 'params': 870603, 'time_iter': 1.5357, 'accuracy': 0.9818, 'precision': 0.75, 'recall': 0.1111, 'f1': 0.1935, 'auc': 0.8094}
train: {'epoch': 66, 'eta': 355657.635, 'loss': 0.1068, 'lr': 0.001, 'params': 870603, 'time_iter': 10.4243, 'accuracy': 0.9682, 'precision': 0.7136, 'recall': 0.2508, 'f1': 0.3712, 'auc': 0.8712}
val: {'epoch': 67, 'loss': 0.0786, 'lr': 0.001, 'params': 870603, 'time_iter': 1.5042, 'accuracy': 0.982, 'precision': 0.5946, 'recall': 0.2716, 'f1': 0.3729, 'auc': 0.7995}
train: {'epoch': 67, 'eta': 344801.3075, 'loss': 0.1055, 'lr': 0.001, 'params': 870603, 'time_iter': 10.311, 'accuracy': 0.969, 'precision': 0.7284, 'recall': 0.2744, 'f1': 0.3986, 'auc': 0.8736}
val: {'epoch': 68, 'loss': 0.0813, 'lr': 0.001, 'params': 870603, 'time_iter': 1.5049, 'accuracy': 0.981, 'precision': 0.5789, 'recall': 0.1358, 'f1': 0.22, 'auc': 0.8021}
train: {'epoch': 68, 'eta': 333995.5588, 'loss': 0.1061, 'lr': 0.001, 'params': 870603, 'time_iter': 10.4049, 'accuracy': 0.9687, 'precision': 0.7211, 'recall': 0.2687, 'f1': 0.3915, 'auc': 0.8751}
val: {'epoch': 69, 'loss': 0.0881, 'lr': 0.001, 'params': 870603, 'time_iter': 1.7579, 'accuracy': 0.981, 'precision': 1.0, 'recall': 0.037, 'f1': 0.0714, 'auc': 0.7889}
train: {'epoch': 69, 'eta': 323177.1186, 'loss': 0.1053, 'lr': 0.001, 'params': 870603, 'time_iter': 10.3698, 'accuracy': 0.9696, 'precision': 0.7473, 'recall': 0.2833, 'f1': 0.4108, 'auc': 0.8734}
val: {'epoch': 70, 'loss': 0.0799, 'lr': 0.001, 'params': 870603, 'time_iter': 1.539, 'accuracy': 0.9803, 'precision': 0.5, 'recall': 0.0864, 'f1': 0.1474, 'auc': 0.8039}
train: {'epoch': 70, 'eta': 312428.5086, 'loss': 0.1054, 'lr': 0.001, 'params': 870603, 'time_iter': 10.526, 'accuracy': 0.9692, 'precision': 0.7489, 'recall': 0.2687, 'f1': 0.3955, 'auc': 0.874}
val: {'epoch': 71, 'loss': 0.0815, 'lr': 0.001, 'params': 870603, 'time_iter': 1.5294, 'accuracy': 0.981, 'precision': 0.5882, 'recall': 0.1235, 'f1': 0.2041, 'auc': 0.7905}
train: {'epoch': 71, 'eta': 301632.5191, 'loss': 0.1049, 'lr': 0.001, 'params': 870603, 'time_iter': 10.4133, 'accuracy': 0.9693, 'precision': 0.7342, 'recall': 0.2825, 'f1': 0.408, 'auc': 0.8782}
val: {'epoch': 72, 'loss': 0.092, 'lr': 0.001, 'params': 870603, 'time_iter': 1.6852, 'accuracy': 0.981, 'precision': 0.6667, 'recall': 0.0741, 'f1': 0.1333, 'auc': 0.8016}
train: {'epoch': 72, 'eta': 290884.5249, 'loss': 0.1054, 'lr': 0.001, 'params': 870603, 'time_iter': 10.5336, 'accuracy': 0.9696, 'precision': 0.7516, 'recall': 0.28, 'f1': 0.408, 'auc': 0.8721}
val: {'epoch': 73, 'loss': 0.0839, 'lr': 0.001, 'params': 870603, 'time_iter': 1.5256, 'accuracy': 0.9823, 'precision': 0.7, 'recall': 0.1728, 'f1': 0.2772, 'auc': 0.7974}
train: {'epoch': 73, 'eta': 280124.1447, 'loss': 0.1042, 'lr': 0.001, 'params': 870603, 'time_iter': 10.5062, 'accuracy': 0.9692, 'precision': 0.7365, 'recall': 0.2768, 'f1': 0.4024, 'auc': 0.8793}
val: {'epoch': 74, 'loss': 0.0828, 'lr': 0.001, 'params': 870603, 'time_iter': 1.5287, 'accuracy': 0.9823, 'precision': 0.6538, 'recall': 0.2099, 'f1': 0.3178, 'auc': 0.7773}
train: {'epoch': 74, 'eta': 269341.6293, 'loss': 0.1034, 'lr': 0.001, 'params': 870603, 'time_iter': 10.4456, 'accuracy': 0.9694, 'precision': 0.7354, 'recall': 0.2865, 'f1': 0.4124, 'auc': 0.8786}
val: {'epoch': 75, 'loss': 0.0847, 'lr': 0.001, 'params': 870603, 'time_iter': 1.5377, 'accuracy': 0.9827, 'precision': 0.8571, 'recall': 0.1481, 'f1': 0.2526, 'auc': 0.8075}
train: {'epoch': 75, 'eta': 258563.9067, 'loss': 0.1024, 'lr': 0.001, 'params': 870603, 'time_iter': 10.4575, 'accuracy': 0.97, 'precision': 0.7536, 'recall': 0.2955, 'f1': 0.4245, 'auc': 0.8841}
val: {'epoch': 76, 'loss': 0.0866, 'lr': 0.001, 'params': 870603, 'time_iter': 1.8369, 'accuracy': 0.9815, 'precision': 0.8571, 'recall': 0.0741, 'f1': 0.1364, 'auc': 0.8132}
train: {'epoch': 76, 'eta': 247784.282, 'loss': 0.1033, 'lr': 0.001, 'params': 870603, 'time_iter': 10.4499, 'accuracy': 0.9697, 'precision': 0.7423, 'recall': 0.2922, 'f1': 0.4193, 'auc': 0.8804}
val: {'epoch': 77, 'loss': 0.0852, 'lr': 0.001, 'params': 870603, 'time_iter': 1.5439, 'accuracy': 0.9813, 'precision': 0.6429, 'recall': 0.1111, 'f1': 0.1895, 'auc': 0.7924}
train: {'epoch': 77, 'eta': 237028.5881, 'loss': 0.1024, 'lr': 0.001, 'params': 870603, 'time_iter': 10.53, 'accuracy': 0.97, 'precision': 0.7542, 'recall': 0.2938, 'f1': 0.4229, 'auc': 0.8846}
val: {'epoch': 78, 'loss': 0.0823, 'lr': 0.001, 'params': 870603, 'time_iter': 1.5268, 'accuracy': 0.9813, 'precision': 0.6, 'recall': 0.1481, 'f1': 0.2376, 'auc': 0.7905}
train: {'epoch': 78, 'eta': 226297.7334, 'loss': 0.1032, 'lr': 0.001, 'params': 870603, 'time_iter': 10.6282, 'accuracy': 0.9698, 'precision': 0.7479, 'recall': 0.2938, 'f1': 0.4219, 'auc': 0.8808}
val: {'epoch': 79, 'loss': 0.0928, 'lr': 0.001, 'params': 870603, 'time_iter': 1.7333, 'accuracy': 0.9815, 'precision': 0.6316, 'recall': 0.1481, 'f1': 0.24, 'auc': 0.7854}
train: {'epoch': 79, 'eta': 215489.2889, 'loss': 0.1017, 'lr': 0.001, 'params': 870603, 'time_iter': 10.3466, 'accuracy': 0.9698, 'precision': 0.7375, 'recall': 0.2987, 'f1': 0.4252, 'auc': 0.8882}
val: {'epoch': 80, 'loss': 0.0777, 'lr': 0.001, 'params': 870603, 'time_iter': 1.524, 'accuracy': 0.9823, 'precision': 0.6667, 'recall': 0.1975, 'f1': 0.3048, 'auc': 0.806}
train: {'epoch': 80, 'eta': 204780.7666, 'loss': 0.1012, 'lr': 0.001, 'params': 870603, 'time_iter': 10.744, 'accuracy': 0.9697, 'precision': 0.7355, 'recall': 0.2979, 'f1': 0.424, 'auc': 0.8857}
val: {'epoch': 81, 'loss': 0.0899, 'lr': 0.001, 'params': 870603, 'time_iter': 1.5446, 'accuracy': 0.9832, 'precision': 0.9286, 'recall': 0.1605, 'f1': 0.2737, 'auc': 0.8171}
train: {'epoch': 81, 'eta': 193993.1871, 'loss': 0.1014, 'lr': 0.001, 'params': 870603, 'time_iter': 10.4315, 'accuracy': 0.9703, 'precision': 0.7452, 'recall': 0.3133, 'f1': 0.4411, 'auc': 0.8883}
val: {'epoch': 82, 'loss': 0.0852, 'lr': 0.001, 'params': 870603, 'time_iter': 1.5411, 'accuracy': 0.9823, 'precision': 0.7857, 'recall': 0.1358, 'f1': 0.2316, 'auc': 0.8119}
train: {'epoch': 82, 'eta': 183175.9093, 'loss': 0.1023, 'lr': 0.001, 'params': 870603, 'time_iter': 10.2844, 'accuracy': 0.9695, 'precision': 0.7178, 'recall': 0.3076, 'f1': 0.4307, 'auc': 0.887}
val: {'epoch': 83, 'loss': 0.084, 'lr': 0.001, 'params': 870603, 'time_iter': 1.5598, 'accuracy': 0.9835, 'precision': 0.7407, 'recall': 0.2469, 'f1': 0.3704, 'auc': 0.8002}
train: {'epoch': 83, 'eta': 172419.8742, 'loss': 0.1013, 'lr': 0.001, 'params': 870603, 'time_iter': 10.5684, 'accuracy': 0.9698, 'precision': 0.7344, 'recall': 0.3052, 'f1': 0.4312, 'auc': 0.8881}
val: {'epoch': 84, 'loss': 0.0839, 'lr': 0.001, 'params': 870603, 'time_iter': 1.5181, 'accuracy': 0.9808, 'precision': 0.5455, 'recall': 0.1481, 'f1': 0.233, 'auc': 0.8033}
train: {'epoch': 84, 'eta': 161635.1736, 'loss': 0.0997, 'lr': 0.001, 'params': 870603, 'time_iter': 10.426, 'accuracy': 0.9703, 'precision': 0.7485, 'recall': 0.3117, 'f1': 0.4401, 'auc': 0.89}
val: {'epoch': 85, 'loss': 0.0838, 'lr': 0.001, 'params': 870603, 'time_iter': 1.5265, 'accuracy': 0.9808, 'precision': 0.5333, 'recall': 0.1975, 'f1': 0.2883, 'auc': 0.8035}
train: {'epoch': 85, 'eta': 150858.4236, 'loss': 0.0993, 'lr': 0.001, 'params': 870603, 'time_iter': 10.4656, 'accuracy': 0.9711, 'precision': 0.7646, 'recall': 0.3295, 'f1': 0.4606, 'auc': 0.8915}
val: {'epoch': 86, 'loss': 0.0906, 'lr': 0.001, 'params': 870603, 'time_iter': 1.7087, 'accuracy': 0.9815, 'precision': 0.6316, 'recall': 0.1481, 'f1': 0.24, 'auc': 0.7887}
train: {'epoch': 86, 'eta': 140086.296, 'loss': 0.1, 'lr': 0.001, 'params': 870603, 'time_iter': 10.4945, 'accuracy': 0.9708, 'precision': 0.7656, 'recall': 0.3182, 'f1': 0.4495, 'auc': 0.8922}
val: {'epoch': 87, 'loss': 0.0846, 'lr': 0.001, 'params': 870603, 'time_iter': 1.515, 'accuracy': 0.9825, 'precision': 0.7143, 'recall': 0.1852, 'f1': 0.2941, 'auc': 0.8082}
train: {'epoch': 87, 'eta': 129346.1761, 'loss': 0.0994, 'lr': 0.001, 'params': 870603, 'time_iter': 10.7269, 'accuracy': 0.9703, 'precision': 0.7485, 'recall': 0.3117, 'f1': 0.4401, 'auc': 0.8937}
val: {'epoch': 88, 'loss': 0.0811, 'lr': 0.001, 'params': 870603, 'time_iter': 1.5333, 'accuracy': 0.982, 'precision': 0.6522, 'recall': 0.1852, 'f1': 0.2885, 'auc': 0.8237}
train: {'epoch': 88, 'eta': 118579.5688, 'loss': 0.0983, 'lr': 0.001, 'params': 870603, 'time_iter': 10.5713, 'accuracy': 0.9712, 'precision': 0.7675, 'recall': 0.3295, 'f1': 0.4611, 'auc': 0.8985}
val: {'epoch': 89, 'loss': 0.0932, 'lr': 0.001, 'params': 870603, 'time_iter': 1.5993, 'accuracy': 0.9803, 'precision': 0.5, 'recall': 0.0864, 'f1': 0.1474, 'auc': 0.7978}
train: {'epoch': 89, 'eta': 107792.8437, 'loss': 0.0991, 'lr': 0.001, 'params': 870603, 'time_iter': 10.417, 'accuracy': 0.9701, 'precision': 0.7357, 'recall': 0.3141, 'f1': 0.4403, 'auc': 0.895}
val: {'epoch': 90, 'loss': 0.0871, 'lr': 0.001, 'params': 870603, 'time_iter': 1.5274, 'accuracy': 0.9793, 'precision': 0.4333, 'recall': 0.1605, 'f1': 0.2342, 'auc': 0.7845}
train: {'epoch': 90, 'eta': 96984.1444, 'loss': 0.0982, 'lr': 0.001, 'params': 870603, 'time_iter': 10.1865, 'accuracy': 0.9705, 'precision': 0.7453, 'recall': 0.3231, 'f1': 0.4507, 'auc': 0.8959}
val: {'epoch': 91, 'loss': 0.0878, 'lr': 0.001, 'params': 870603, 'time_iter': 1.5214, 'accuracy': 0.9823, 'precision': 0.6818, 'recall': 0.1852, 'f1': 0.2913, 'auc': 0.7983}
train: {'epoch': 91, 'eta': 86219.1076, 'loss': 0.098, 'lr': 0.001, 'params': 870603, 'time_iter': 10.595, 'accuracy': 0.9708, 'precision': 0.7519, 'recall': 0.3295, 'f1': 0.4582, 'auc': 0.8962}
val: {'epoch': 92, 'loss': 0.096, 'lr': 0.001, 'params': 870603, 'time_iter': 1.5253, 'accuracy': 0.9815, 'precision': 0.6923, 'recall': 0.1111, 'f1': 0.1915, 'auc': 0.7708}
train: {'epoch': 92, 'eta': 75447.1284, 'loss': 0.0973, 'lr': 0.001, 'params': 870603, 'time_iter': 10.5435, 'accuracy': 0.9708, 'precision': 0.7407, 'recall': 0.3385, 'f1': 0.4646, 'auc': 0.8999}
val: {'epoch': 93, 'loss': 0.0834, 'lr': 0.001, 'params': 870603, 'time_iter': 1.7131, 'accuracy': 0.9832, 'precision': 0.6875, 'recall': 0.2716, 'f1': 0.3894, 'auc': 0.7716}
train: {'epoch': 93, 'eta': 64669.7837, 'loss': 0.0968, 'lr': 0.001, 'params': 870603, 'time_iter': 10.4868, 'accuracy': 0.9712, 'precision': 0.7731, 'recall': 0.3263, 'f1': 0.4589, 'auc': 0.9007}
val: {'epoch': 94, 'loss': 0.0935, 'lr': 0.001, 'params': 870603, 'time_iter': 1.5219, 'accuracy': 0.9827, 'precision': 0.6923, 'recall': 0.2222, 'f1': 0.3364, 'auc': 0.7681}
train: {'epoch': 94, 'eta': 53913.2623, 'loss': 0.0963, 'lr': 0.001, 'params': 870603, 'time_iter': 10.8766, 'accuracy': 0.9716, 'precision': 0.767, 'recall': 0.3474, 'f1': 0.4782, 'auc': 0.8997}
val: {'epoch': 95, 'loss': 0.0932, 'lr': 0.001, 'params': 870603, 'time_iter': 1.5462, 'accuracy': 0.9813, 'precision': 0.7, 'recall': 0.0864, 'f1': 0.1538, 'auc': 0.7916}
train: {'epoch': 95, 'eta': 43126.7905, 'loss': 0.0964, 'lr': 0.001, 'params': 870603, 'time_iter': 10.3897, 'accuracy': 0.971, 'precision': 0.7546, 'recall': 0.3344, 'f1': 0.4634, 'auc': 0.9013}
val: {'epoch': 96, 'loss': 0.0916, 'lr': 0.001, 'params': 870603, 'time_iter': 1.6251, 'accuracy': 0.9825, 'precision': 0.9091, 'recall': 0.1235, 'f1': 0.2174, 'auc': 0.7895}
train: {'epoch': 96, 'eta': 32346.091, 'loss': 0.0977, 'lr': 0.001, 'params': 870603, 'time_iter': 10.5092, 'accuracy': 0.9717, 'precision': 0.7706, 'recall': 0.349, 'f1': 0.4804, 'auc': 0.897}
val: {'epoch': 97, 'loss': 0.0888, 'lr': 0.001, 'params': 870603, 'time_iter': 1.5395, 'accuracy': 0.982, 'precision': 0.6842, 'recall': 0.1605, 'f1': 0.26, 'auc': 0.8244}
train: {'epoch': 97, 'eta': 21561.74, 'loss': 0.0957, 'lr': 0.001, 'params': 870603, 'time_iter': 10.3677, 'accuracy': 0.9719, 'precision': 0.7856, 'recall': 0.345, 'f1': 0.4794, 'auc': 0.9038}
val: {'epoch': 98, 'loss': 0.0969, 'lr': 0.001, 'params': 870603, 'time_iter': 1.549, 'accuracy': 0.9798, 'precision': 0.3333, 'recall': 0.0247, 'f1': 0.046, 'auc': 0.7847}
train: {'epoch': 98, 'eta': 10782.5521, 'loss': 0.0951, 'lr': 0.001, 'params': 870603, 'time_iter': 10.6389, 'accuracy': 0.972, 'precision': 0.7729, 'recall': 0.3563, 'f1': 0.4878, 'auc': 0.9027}
val: {'epoch': 99, 'loss': 0.0916, 'lr': 0.001, 'params': 870603, 'time_iter': 1.5165, 'accuracy': 0.9801, 'precision': 0.4783, 'recall': 0.1358, 'f1': 0.2115, 'auc': 0.8063}
train: {'epoch': 99, 'eta': 0.0, 'loss': 0.096, 'lr': 0.001, 'params': 870603, 'time_iter': 10.3384, 'accuracy': 0.9713, 'precision': 0.7727, 'recall': 0.3312, 'f1': 0.4636, 'auc': 0.9036}
test: {'epoch': 99, 'loss': 0.1702, 'lr': 0.001, 'params': 870603, 'time_iter': 1.4079, 'accuracy': 0.9645, 'precision': 0.1, 'recall': 0.0154, 'f1': 0.0267, 'auc': 0.7473}
test: {'epoch': 97, 'loss': 0.1635, 'lr': 0.001, 'params': 870603, 'time_iter': 1.4276, 'accuracy': 0.9681, 'precision': 0.4286, 'recall': 0.0231, 'f1': 0.0438, 'auc': 0.7615}
