GraphGymModule(
  (model): DilatedGNNModel(
    (encoder): FeatureEncoder(
      (node_encoder): AtomEncoder(
        (atom_embedding_list): ModuleList(
          (0): Embedding(119, 300)
          (1): Embedding(4, 300)
          (2): Embedding(12, 300)
          (3): Embedding(12, 300)
          (4): Embedding(10, 300)
          (5): Embedding(6, 300)
          (6): Embedding(6, 300)
          (7): Embedding(2, 300)
          (8): Embedding(2, 300)
        )
      )
      (edge_encoder): BondEncoder(
        (bond_embedding_list): ModuleList(
          (0): Embedding(5, 300)
          (1): Embedding(6, 300)
          (2): Embedding(2, 300)
        )
      )
    )
    (mp): GNNDilatedStage(
      (classic_layers): ModuleList(
        (0): GeneralLayer(
          (layer): EGATConv(
            (model): GATConv(300, 300, heads=1)
          )
          (post_layer): Sequential(
            (0): BatchNorm1d(300, eps=1e-05, momentum=0.1, affine=True, track_running_stats=True)
            (1): Dropout(p=0.5, inplace=False)
            (2): ReLU()
          )
        )
        (1): GeneralLayer(
          (layer): EGATConv(
            (model): GATConv(300, 300, heads=1)
          )
          (post_layer): Sequential(
            (0): BatchNorm1d(300, eps=1e-05, momentum=0.1, affine=True, track_running_stats=True)
            (1): Dropout(p=0.5, inplace=False)
            (2): ReLU()
          )
        )
        (2): GeneralLayer(
          (layer): EGATConv(
            (model): GATConv(300, 300, heads=1)
          )
          (post_layer): Sequential(
            (0): BatchNorm1d(300, eps=1e-05, momentum=0.1, affine=True, track_running_stats=True)
            (1): Dropout(p=0.5, inplace=False)
            (2): ReLU()
          )
        )
      )
      (dilated_layers): ModuleList(
        (0): DilatedGeneralLayer(
          (layer): EGATConv(
            (model): GATConv(300, 300, heads=1)
          )
          (post_layer): Sequential(
            (0): BatchNorm1d(300, eps=1e-05, momentum=0.1, affine=True, track_running_stats=True)
            (1): Dropout(p=0.5, inplace=False)
            (2): ReLU()
          )
          (gem): GeM(p=3.0000, eps=1e-06)
        )
        (1): DilatedGeneralLayer(
          (layer): EGATConv(
            (model): GATConv(300, 300, heads=1)
          )
          (post_layer): Sequential(
            (0): BatchNorm1d(300, eps=1e-05, momentum=0.1, affine=True, track_running_stats=True)
            (1): Dropout(p=0.5, inplace=False)
            (2): ReLU()
          )
          (gem): GeM(p=3.0000, eps=1e-06)
        )
      )
      (act): ReLU()
    )
    (post_mp): GNNGraphHead(
      (layer_post_mp): MLP(
        (model): Sequential(
          (0): Linear(
            (model): Linear(600, 1, bias=True)
          )
        )
      )
    )
  )
)
accelerator: cuda
benchmark: False
bn:
  eps: 1e-05
  mom: 0.1
cfg_dest: config.yaml
custom_metrics: []
dataset:
  cache_load: False
  cache_save: False
  dir: ./datasets
  edge_dim: 300
  edge_encoder: True
  edge_encoder_bn: False
  edge_encoder_name: Bond
  edge_message_ratio: 0.8
  edge_negative_sampling_ratio: 1.0
  edge_train_mode: all
  encoder: True
  encoder_bn: True
  encoder_dim: 128
  encoder_name: db
  fast_loader: False
  format: OGB
  label_column: none
  label_table: none
  location: local
  name: ogbg-molhiv
  node_encoder: True
  node_encoder_bn: False
  node_encoder_name: Atom
  remove_feature: False
  resample_disjoint: False
  resample_negative: False
  shuffle_split: True
  split: [0.8, 0.1, 0.1]
  split_mode: random
  task: graph
  task_type: classification
  to_undirected: False
  transductive: False
  transform: none
  tu_simple: True
devices: 1
gnn:
  act: relu
  act_on_last_layer_mp: False
  agg: none
  att_final_linear: False
  att_final_linear_bn: False
  att_heads: 1
  batchnorm: True
  clear_feature: True
  dilated_path_join: concat
  dim_inner: 300
  dropout: 0.5
  head: graph
  keep_edge: 0.5
  l2norm: True
  layer_type: egatconv
  layers_k1: 3
  layers_k2: 2
  layers_mp: 5
  layers_post_mp: 1
  layers_pre_mp: 0
  learn_alpha_residual_connection: False
  msg_direction: single
  normalize_adj: False
  self_msg: concat
  skip_every: 1
  stage_type: stack
  use_edge_features: True
gpu_mem: False
mem:
  inplace: False
metric_agg: argmax
metric_best: auc
model:
  edge_decoding: dot
  graph_pooling: mean
  loss_fun: cross_entropy
  match_upper: True
  size_average: mean
  thresh: 0.5
  type: dilated_gnn
num_threads: 6
num_workers: 16
optim:
  base_lr: 0.001
  lr_decay: 0.1
  max_epoch: 100
  momentum: 0.9
  optimizer: adam
  scheduler: none
  steps: [30, 60, 90]
  weight_decay: 0.0
out_dir: results_experiments/ogbg_molhiv_baseline_grid_design/ogbg_molhiv_baseline-type=dilated_gnn-layer_type=egatconv-layers_k1=3-layers_k2=2-dilated_path_join=concat-learn_alpha_residual_connection=False
params: 963903
print: both
round: 4
run_dir: results_experiments/ogbg_molhiv_baseline_grid_design/ogbg_molhiv_baseline-type=dilated_gnn-layer_type=egatconv-layers_k1=3-layers_k2=2-dilated_path_join=concat-learn_alpha_residual_connection=False/7
seed: 8
share:
  dim_in: 9
  dim_out: 2
  num_splits: 3
tensorboard_agg: True
tensorboard_each_run: False
train:
  auto_resume: False
  batch_size: 32
  ckpt_clean: True
  ckpt_period: 100
  enable_ckpt: True
  epoch_resume: -1
  eval_period: 1
  iter_per_epoch: 32
  neighbor_sizes: [20, 15, 10, 5]
  node_per_graph: 32
  radius: extend
  sample_node: False
  sampler: full_batch
  skip_train_eval: False
  walk_length: 4
val:
  node_per_graph: 32
  radius: extend
  sample_node: False
  sampler: full_batch
view_emb: False
Num parameters: 963903
val: {'epoch': 0, 'loss': 0.7058, 'lr': 0.001, 'params': 963903, 'time_iter': 0.9519, 'accuracy': 0.0156, 'precision': 0.0156, 'recall': 1.0, 'f1': 0.0308, 'auc': 0.5079}
val: {'epoch': 0, 'loss': 0.0948, 'lr': 0.001, 'params': 963903, 'time_iter': 2.579, 'accuracy': 0.9803, 'precision': 0.0, 'recall': 0.0, 'f1': 0.0, 'auc': 0.6658}
train: {'epoch': 0, 'eta': 1800211.0311, 'loss': 0.1783, 'lr': 0.001, 'params': 963903, 'time_iter': 17.6715, 'accuracy': 0.9615, 'precision': 0.0, 'recall': 0.0, 'f1': 0.0, 'auc': 0.5994}
val: {'epoch': 1, 'loss': 0.1003, 'lr': 0.001, 'params': 963903, 'time_iter': 2.7768, 'accuracy': 0.9803, 'precision': 0.0, 'recall': 0.0, 'f1': 0.0, 'auc': 0.6469}
train: {'epoch': 1, 'eta': 1803164.089, 'loss': 0.1491, 'lr': 0.001, 'params': 963903, 'time_iter': 18.0907, 'accuracy': 0.9626, 'precision': 0.0, 'recall': 0.0, 'f1': 0.0, 'auc': 0.6865}
val: {'epoch': 2, 'loss': 0.0935, 'lr': 0.001, 'params': 963903, 'time_iter': 2.5712, 'accuracy': 0.9803, 'precision': 0.0, 'recall': 0.0, 'f1': 0.0, 'auc': 0.722}
train: {'epoch': 2, 'eta': 1785056.1103, 'loss': 0.1459, 'lr': 0.001, 'params': 963903, 'time_iter': 17.8898, 'accuracy': 0.9626, 'precision': 0.0, 'recall': 0.0, 'f1': 0.0, 'auc': 0.708}
val: {'epoch': 3, 'loss': 0.0983, 'lr': 0.001, 'params': 963903, 'time_iter': 2.8265, 'accuracy': 0.9808, 'precision': 1.0, 'recall': 0.0247, 'f1': 0.0482, 'auc': 0.6848}
train: {'epoch': 3, 'eta': 1764281.7207, 'loss': 0.1431, 'lr': 0.001, 'params': 963903, 'time_iter': 17.788, 'accuracy': 0.9626, 'precision': 0.5, 'recall': 0.0008, 'f1': 0.0016, 'auc': 0.7213}
val: {'epoch': 4, 'loss': 0.0945, 'lr': 0.001, 'params': 963903, 'time_iter': 2.7205, 'accuracy': 0.9803, 'precision': 0.0, 'recall': 0.0, 'f1': 0.0, 'auc': 0.7471}
train: {'epoch': 4, 'eta': 1746098.1326, 'loss': 0.1461, 'lr': 0.001, 'params': 963903, 'time_iter': 17.8699, 'accuracy': 0.9625, 'precision': 0.0, 'recall': 0.0, 'f1': 0.0, 'auc': 0.7105}
val: {'epoch': 5, 'loss': 0.0973, 'lr': 0.001, 'params': 963903, 'time_iter': 2.7853, 'accuracy': 0.9805, 'precision': 1.0, 'recall': 0.0123, 'f1': 0.0244, 'auc': 0.7737}
train: {'epoch': 5, 'eta': 1723905.7831, 'loss': 0.1452, 'lr': 0.001, 'params': 963903, 'time_iter': 17.6255, 'accuracy': 0.9625, 'precision': 0.0, 'recall': 0.0, 'f1': 0.0, 'auc': 0.704}
val: {'epoch': 6, 'loss': 0.1058, 'lr': 0.001, 'params': 963903, 'time_iter': 2.6711, 'accuracy': 0.9803, 'precision': 0.0, 'recall': 0.0, 'f1': 0.0, 'auc': 0.7046}
train: {'epoch': 6, 'eta': 1708130.6131, 'loss': 0.1422, 'lr': 0.001, 'params': 963903, 'time_iter': 18.0101, 'accuracy': 0.9626, 'precision': 0.8, 'recall': 0.0032, 'f1': 0.0065, 'auc': 0.7255}
val: {'epoch': 7, 'loss': 0.0971, 'lr': 0.001, 'params': 963903, 'time_iter': 2.6719, 'accuracy': 0.9813, 'precision': 0.8333, 'recall': 0.0617, 'f1': 0.1149, 'auc': 0.7392}
train: {'epoch': 7, 'eta': 1691258.7898, 'loss': 0.1407, 'lr': 0.001, 'params': 963903, 'time_iter': 17.9757, 'accuracy': 0.9629, 'precision': 0.6897, 'recall': 0.0162, 'f1': 0.0317, 'auc': 0.7329}
val: {'epoch': 8, 'loss': 0.1024, 'lr': 0.001, 'params': 963903, 'time_iter': 2.6587, 'accuracy': 0.981, 'precision': 0.8, 'recall': 0.0494, 'f1': 0.093, 'auc': 0.7447}
train: {'epoch': 8, 'eta': 1672062.7718, 'loss': 0.1416, 'lr': 0.001, 'params': 963903, 'time_iter': 17.787, 'accuracy': 0.9631, 'precision': 0.6957, 'recall': 0.026, 'f1': 0.0501, 'auc': 0.7337}
val: {'epoch': 9, 'loss': 0.1023, 'lr': 0.001, 'params': 963903, 'time_iter': 2.6593, 'accuracy': 0.9805, 'precision': 1.0, 'recall': 0.0123, 'f1': 0.0244, 'auc': 0.6895}
train: {'epoch': 9, 'eta': 1654921.9452, 'loss': 0.14, 'lr': 0.001, 'params': 963903, 'time_iter': 17.9897, 'accuracy': 0.9631, 'precision': 0.6792, 'recall': 0.0292, 'f1': 0.056, 'auc': 0.7306}
val: {'epoch': 10, 'loss': 0.1042, 'lr': 0.001, 'params': 963903, 'time_iter': 2.7171, 'accuracy': 0.981, 'precision': 0.7143, 'recall': 0.0617, 'f1': 0.1136, 'auc': 0.7618}
train: {'epoch': 10, 'eta': 1636987.5228, 'loss': 0.1395, 'lr': 0.001, 'params': 963903, 'time_iter': 17.9243, 'accuracy': 0.9631, 'precision': 0.6154, 'recall': 0.039, 'f1': 0.0733, 'auc': 0.7327}
val: {'epoch': 11, 'loss': 0.1117, 'lr': 0.001, 'params': 963903, 'time_iter': 2.596, 'accuracy': 0.9805, 'precision': 1.0, 'recall': 0.0123, 'f1': 0.0244, 'auc': 0.7407}
train: {'epoch': 11, 'eta': 1618150.3971, 'loss': 0.1434, 'lr': 0.001, 'params': 963903, 'time_iter': 17.8159, 'accuracy': 0.9629, 'precision': 0.6078, 'recall': 0.0252, 'f1': 0.0483, 'auc': 0.7125}
val: {'epoch': 12, 'loss': 0.1057, 'lr': 0.001, 'params': 963903, 'time_iter': 2.7744, 'accuracy': 0.9805, 'precision': 1.0, 'recall': 0.0123, 'f1': 0.0244, 'auc': 0.7259}
train: {'epoch': 12, 'eta': 1601146.2508, 'loss': 0.1421, 'lr': 0.001, 'params': 963903, 'time_iter': 18.0708, 'accuracy': 0.9627, 'precision': 0.575, 'recall': 0.0187, 'f1': 0.0362, 'auc': 0.7302}
val: {'epoch': 13, 'loss': 0.1045, 'lr': 0.001, 'params': 963903, 'time_iter': 2.6456, 'accuracy': 0.9803, 'precision': 0.0, 'recall': 0.0, 'f1': 0.0, 'auc': 0.7601}
train: {'epoch': 13, 'eta': 1583227.9353, 'loss': 0.1412, 'lr': 0.001, 'params': 963903, 'time_iter': 17.9621, 'accuracy': 0.9631, 'precision': 0.68, 'recall': 0.0276, 'f1': 0.053, 'auc': 0.7285}
val: {'epoch': 14, 'loss': 0.1039, 'lr': 0.001, 'params': 963903, 'time_iter': 3.1051, 'accuracy': 0.9805, 'precision': 0.5385, 'recall': 0.0864, 'f1': 0.1489, 'auc': 0.7257}
train: {'epoch': 14, 'eta': 1563018.0345, 'loss': 0.1391, 'lr': 0.001, 'params': 963903, 'time_iter': 17.5821, 'accuracy': 0.9637, 'precision': 0.6434, 'recall': 0.0674, 'f1': 0.122, 'auc': 0.7359}
val: {'epoch': 15, 'loss': 0.1103, 'lr': 0.001, 'params': 963903, 'time_iter': 2.7237, 'accuracy': 0.9808, 'precision': 0.5714, 'recall': 0.0988, 'f1': 0.1684, 'auc': 0.74}
train: {'epoch': 15, 'eta': 1545537.3468, 'loss': 0.139, 'lr': 0.001, 'params': 963903, 'time_iter': 18.0382, 'accuracy': 0.9635, 'precision': 0.6231, 'recall': 0.0657, 'f1': 0.1189, 'auc': 0.7365}
val: {'epoch': 16, 'loss': 0.108, 'lr': 0.001, 'params': 963903, 'time_iter': 2.6, 'accuracy': 0.9803, 'precision': 0.0, 'recall': 0.0, 'f1': 0.0, 'auc': 0.7746}
train: {'epoch': 16, 'eta': 1526306.1771, 'loss': 0.1412, 'lr': 0.001, 'params': 963903, 'time_iter': 17.7151, 'accuracy': 0.9636, 'precision': 0.6636, 'recall': 0.0576, 'f1': 0.106, 'auc': 0.7259}
val: {'epoch': 17, 'loss': 0.1165, 'lr': 0.001, 'params': 963903, 'time_iter': 2.7497, 'accuracy': 0.9803, 'precision': 0.5, 'recall': 0.0123, 'f1': 0.0241, 'auc': 0.7729}
train: {'epoch': 17, 'eta': 1507052.0465, 'loss': 0.1417, 'lr': 0.001, 'params': 963903, 'time_iter': 17.6865, 'accuracy': 0.963, 'precision': 0.6167, 'recall': 0.03, 'f1': 0.0573, 'auc': 0.7304}
val: {'epoch': 18, 'loss': 0.107, 'lr': 0.001, 'params': 963903, 'time_iter': 2.629, 'accuracy': 0.9803, 'precision': 0.0, 'recall': 0.0, 'f1': 0.0, 'auc': 0.7685}
train: {'epoch': 18, 'eta': 1487359.3604, 'loss': 0.1395, 'lr': 0.001, 'params': 963903, 'time_iter': 17.5612, 'accuracy': 0.9642, 'precision': 0.7304, 'recall': 0.0682, 'f1': 0.1247, 'auc': 0.7329}
val: {'epoch': 19, 'loss': 0.1134, 'lr': 0.001, 'params': 963903, 'time_iter': 3.1126, 'accuracy': 0.9808, 'precision': 1.0, 'recall': 0.0247, 'f1': 0.0482, 'auc': 0.7312}
train: {'epoch': 19, 'eta': 1468456.1349, 'loss': 0.1386, 'lr': 0.001, 'params': 963903, 'time_iter': 17.7136, 'accuracy': 0.9636, 'precision': 0.6466, 'recall': 0.0609, 'f1': 0.1113, 'auc': 0.7458}
val: {'epoch': 20, 'loss': 0.1107, 'lr': 0.001, 'params': 963903, 'time_iter': 2.6373, 'accuracy': 0.9815, 'precision': 0.7778, 'recall': 0.0864, 'f1': 0.1556, 'auc': 0.7681}
train: {'epoch': 20, 'eta': 1450480.8546, 'loss': 0.1386, 'lr': 0.001, 'params': 963903, 'time_iter': 17.9367, 'accuracy': 0.9633, 'precision': 0.6068, 'recall': 0.0576, 'f1': 0.1053, 'auc': 0.7399}
val: {'epoch': 21, 'loss': 0.1106, 'lr': 0.001, 'params': 963903, 'time_iter': 2.991, 'accuracy': 0.9808, 'precision': 1.0, 'recall': 0.0247, 'f1': 0.0482, 'auc': 0.7727}
train: {'epoch': 21, 'eta': 1433068.8477, 'loss': 0.138, 'lr': 0.001, 'params': 963903, 'time_iter': 18.1031, 'accuracy': 0.9637, 'precision': 0.6529, 'recall': 0.0641, 'f1': 0.1168, 'auc': 0.7466}
val: {'epoch': 22, 'loss': 0.1151, 'lr': 0.001, 'params': 963903, 'time_iter': 2.9629, 'accuracy': 0.9808, 'precision': 1.0, 'recall': 0.0247, 'f1': 0.0482, 'auc': 0.6593}
train: {'epoch': 22, 'eta': 1414944.0846, 'loss': 0.1372, 'lr': 0.001, 'params': 963903, 'time_iter': 17.9269, 'accuracy': 0.9637, 'precision': 0.635, 'recall': 0.0706, 'f1': 0.1271, 'auc': 0.7428}
val: {'epoch': 23, 'loss': 0.114, 'lr': 0.001, 'params': 963903, 'time_iter': 2.9502, 'accuracy': 0.9808, 'precision': 0.75, 'recall': 0.037, 'f1': 0.0706, 'auc': 0.7622}
train: {'epoch': 23, 'eta': 1396440.8479, 'loss': 0.1369, 'lr': 0.001, 'params': 963903, 'time_iter': 17.8189, 'accuracy': 0.9635, 'precision': 0.6, 'recall': 0.0731, 'f1': 0.1302, 'auc': 0.7516}
val: {'epoch': 24, 'loss': 0.1136, 'lr': 0.001, 'params': 963903, 'time_iter': 2.6489, 'accuracy': 0.9805, 'precision': 1.0, 'recall': 0.0123, 'f1': 0.0244, 'auc': 0.7706}
train: {'epoch': 24, 'eta': 1379035.1802, 'loss': 0.1412, 'lr': 0.001, 'params': 963903, 'time_iter': 18.1701, 'accuracy': 0.9628, 'precision': 0.5667, 'recall': 0.0276, 'f1': 0.0526, 'auc': 0.7335}
val: {'epoch': 25, 'loss': 0.1074, 'lr': 0.001, 'params': 963903, 'time_iter': 2.6563, 'accuracy': 0.9801, 'precision': 0.4, 'recall': 0.0247, 'f1': 0.0465, 'auc': 0.7733}
train: {'epoch': 25, 'eta': 1361438.2513, 'loss': 0.1413, 'lr': 0.001, 'params': 963903, 'time_iter': 18.1388, 'accuracy': 0.9625, 'precision': 0.4615, 'recall': 0.0097, 'f1': 0.0191, 'auc': 0.7317}
val: {'epoch': 26, 'loss': 0.115, 'lr': 0.001, 'params': 963903, 'time_iter': 2.7912, 'accuracy': 0.9813, 'precision': 0.8333, 'recall': 0.0617, 'f1': 0.1149, 'auc': 0.7225}
train: {'epoch': 26, 'eta': 1343302.3733, 'loss': 0.1393, 'lr': 0.001, 'params': 963903, 'time_iter': 17.9735, 'accuracy': 0.9631, 'precision': 0.6044, 'recall': 0.0446, 'f1': 0.0831, 'auc': 0.7419}
val: {'epoch': 27, 'loss': 0.1137, 'lr': 0.001, 'params': 963903, 'time_iter': 2.5794, 'accuracy': 0.9815, 'precision': 0.8571, 'recall': 0.0741, 'f1': 0.1364, 'auc': 0.6596}
train: {'epoch': 27, 'eta': 1325506.7877, 'loss': 0.1378, 'lr': 0.001, 'params': 963903, 'time_iter': 18.1118, 'accuracy': 0.9632, 'precision': 0.6, 'recall': 0.0511, 'f1': 0.0942, 'auc': 0.745}
val: {'epoch': 28, 'loss': 0.1167, 'lr': 0.001, 'params': 963903, 'time_iter': 2.9946, 'accuracy': 0.982, 'precision': 1.0, 'recall': 0.0864, 'f1': 0.1591, 'auc': 0.6999}
train: {'epoch': 28, 'eta': 1306601.1975, 'loss': 0.1367, 'lr': 0.001, 'params': 963903, 'time_iter': 17.6942, 'accuracy': 0.9636, 'precision': 0.6187, 'recall': 0.0698, 'f1': 0.1255, 'auc': 0.7508}
val: {'epoch': 29, 'loss': 0.1086, 'lr': 0.001, 'params': 963903, 'time_iter': 2.6204, 'accuracy': 0.9818, 'precision': 0.875, 'recall': 0.0864, 'f1': 0.1573, 'auc': 0.6724}
train: {'epoch': 29, 'eta': 1288058.4903, 'loss': 0.1356, 'lr': 0.001, 'params': 963903, 'time_iter': 17.8259, 'accuracy': 0.9642, 'precision': 0.6897, 'recall': 0.0812, 'f1': 0.1452, 'auc': 0.7582}
val: {'epoch': 30, 'loss': 0.1108, 'lr': 0.001, 'params': 963903, 'time_iter': 2.8601, 'accuracy': 0.982, 'precision': 0.8889, 'recall': 0.0988, 'f1': 0.1778, 'auc': 0.6543}
train: {'epoch': 30, 'eta': 1269707.5979, 'loss': 0.1338, 'lr': 0.001, 'params': 963903, 'time_iter': 17.9041, 'accuracy': 0.9643, 'precision': 0.6707, 'recall': 0.0909, 'f1': 0.1601, 'auc': 0.7627}
val: {'epoch': 31, 'loss': 0.1124, 'lr': 0.001, 'params': 963903, 'time_iter': 2.7222, 'accuracy': 0.982, 'precision': 0.8889, 'recall': 0.0988, 'f1': 0.1778, 'auc': 0.7263}
train: {'epoch': 31, 'eta': 1251298.0728, 'loss': 0.134, 'lr': 0.001, 'params': 963903, 'time_iter': 17.8793, 'accuracy': 0.964, 'precision': 0.6243, 'recall': 0.0958, 'f1': 0.1661, 'auc': 0.764}
val: {'epoch': 32, 'loss': 0.111, 'lr': 0.001, 'params': 963903, 'time_iter': 2.6444, 'accuracy': 0.982, 'precision': 0.8182, 'recall': 0.1111, 'f1': 0.1957, 'auc': 0.6581}
train: {'epoch': 32, 'eta': 1232747.4345, 'loss': 0.1338, 'lr': 0.001, 'params': 963903, 'time_iter': 17.8114, 'accuracy': 0.9645, 'precision': 0.6739, 'recall': 0.1006, 'f1': 0.1751, 'auc': 0.758}
val: {'epoch': 33, 'loss': 0.1142, 'lr': 0.001, 'params': 963903, 'time_iter': 2.7222, 'accuracy': 0.9803, 'precision': 0.0, 'recall': 0.0, 'f1': 0.0, 'auc': 0.7134}
train: {'epoch': 33, 'eta': 1214410.3787, 'loss': 0.1346, 'lr': 0.001, 'params': 963903, 'time_iter': 17.9118, 'accuracy': 0.964, 'precision': 0.669, 'recall': 0.0771, 'f1': 0.1383, 'auc': 0.758}
val: {'epoch': 34, 'loss': 0.1074, 'lr': 0.001, 'params': 963903, 'time_iter': 2.5873, 'accuracy': 0.9818, 'precision': 1.0, 'recall': 0.0741, 'f1': 0.1379, 'auc': 0.6101}
train: {'epoch': 34, 'eta': 1195804.1678, 'loss': 0.1346, 'lr': 0.001, 'params': 963903, 'time_iter': 17.7738, 'accuracy': 0.9646, 'precision': 0.6735, 'recall': 0.1071, 'f1': 0.1849, 'auc': 0.7589}
val: {'epoch': 35, 'loss': 0.108, 'lr': 0.001, 'params': 963903, 'time_iter': 2.9828, 'accuracy': 0.9818, 'precision': 0.875, 'recall': 0.0864, 'f1': 0.1573, 'auc': 0.6459}
train: {'epoch': 35, 'eta': 1178035.7906, 'loss': 0.1339, 'lr': 0.001, 'params': 963903, 'time_iter': 18.2221, 'accuracy': 0.9647, 'precision': 0.6927, 'recall': 0.1006, 'f1': 0.1758, 'auc': 0.7516}
val: {'epoch': 36, 'loss': 0.1188, 'lr': 0.001, 'params': 963903, 'time_iter': 3.0058, 'accuracy': 0.9815, 'precision': 1.0, 'recall': 0.0617, 'f1': 0.1163, 'auc': 0.6767}
train: {'epoch': 36, 'eta': 1159906.796, 'loss': 0.1337, 'lr': 0.001, 'params': 963903, 'time_iter': 18.0466, 'accuracy': 0.9646, 'precision': 0.6828, 'recall': 0.1031, 'f1': 0.1791, 'auc': 0.7566}
val: {'epoch': 37, 'loss': 0.1177, 'lr': 0.001, 'params': 963903, 'time_iter': 3.7266, 'accuracy': 0.981, 'precision': 1.0, 'recall': 0.037, 'f1': 0.0714, 'auc': 0.7062}
train: {'epoch': 37, 'eta': 1141252.9882, 'loss': 0.1337, 'lr': 0.001, 'params': 963903, 'time_iter': 17.7478, 'accuracy': 0.9647, 'precision': 0.6698, 'recall': 0.1153, 'f1': 0.1967, 'auc': 0.759}
val: {'epoch': 38, 'loss': 0.1086, 'lr': 0.001, 'params': 963903, 'time_iter': 2.7517, 'accuracy': 0.9815, 'precision': 0.7778, 'recall': 0.0864, 'f1': 0.1556, 'auc': 0.6563}
train: {'epoch': 38, 'eta': 1122841.2834, 'loss': 0.1334, 'lr': 0.001, 'params': 963903, 'time_iter': 17.8858, 'accuracy': 0.9645, 'precision': 0.6522, 'recall': 0.1096, 'f1': 0.1876, 'auc': 0.7596}
val: {'epoch': 39, 'loss': 0.1147, 'lr': 0.001, 'params': 963903, 'time_iter': 2.6303, 'accuracy': 0.982, 'precision': 0.8889, 'recall': 0.0988, 'f1': 0.1778, 'auc': 0.6913}
train: {'epoch': 39, 'eta': 1104931.3706, 'loss': 0.1333, 'lr': 0.001, 'params': 963903, 'time_iter': 18.2107, 'accuracy': 0.9646, 'precision': 0.6868, 'recall': 0.1015, 'f1': 0.1768, 'auc': 0.7656}
val: {'epoch': 40, 'loss': 0.1224, 'lr': 0.001, 'params': 963903, 'time_iter': 2.7101, 'accuracy': 0.9803, 'precision': 0.0, 'recall': 0.0, 'f1': 0.0, 'auc': 0.702}
train: {'epoch': 40, 'eta': 1086421.4431, 'loss': 0.1342, 'lr': 0.001, 'params': 963903, 'time_iter': 17.8328, 'accuracy': 0.9644, 'precision': 0.6763, 'recall': 0.095, 'f1': 0.1665, 'auc': 0.7592}
val: {'epoch': 41, 'loss': 0.1131, 'lr': 0.001, 'params': 963903, 'time_iter': 2.7434, 'accuracy': 0.981, 'precision': 1.0, 'recall': 0.037, 'f1': 0.0714, 'auc': 0.6762}
train: {'epoch': 41, 'eta': 1067964.3474, 'loss': 0.1328, 'lr': 0.001, 'params': 963903, 'time_iter': 17.8646, 'accuracy': 0.9647, 'precision': 0.6821, 'recall': 0.108, 'f1': 0.1864, 'auc': 0.7644}
val: {'epoch': 42, 'loss': 0.1133, 'lr': 0.001, 'params': 963903, 'time_iter': 2.745, 'accuracy': 0.9815, 'precision': 1.0, 'recall': 0.0617, 'f1': 0.1163, 'auc': 0.716}
train: {'epoch': 42, 'eta': 1049040.9697, 'loss': 0.1324, 'lr': 0.001, 'params': 963903, 'time_iter': 17.5202, 'accuracy': 0.9647, 'precision': 0.6699, 'recall': 0.112, 'f1': 0.1919, 'auc': 0.7638}
val: {'epoch': 43, 'loss': 0.1162, 'lr': 0.001, 'params': 963903, 'time_iter': 2.6018, 'accuracy': 0.9815, 'precision': 0.7778, 'recall': 0.0864, 'f1': 0.1556, 'auc': 0.7265}
train: {'epoch': 43, 'eta': 1030579.3329, 'loss': 0.1324, 'lr': 0.001, 'params': 963903, 'time_iter': 17.8417, 'accuracy': 0.965, 'precision': 0.7077, 'recall': 0.112, 'f1': 0.1934, 'auc': 0.766}
val: {'epoch': 44, 'loss': 0.1194, 'lr': 0.001, 'params': 963903, 'time_iter': 3.2945, 'accuracy': 0.981, 'precision': 0.8, 'recall': 0.0494, 'f1': 0.093, 'auc': 0.7499}
train: {'epoch': 44, 'eta': 1012148.5861, 'loss': 0.1322, 'lr': 0.001, 'params': 963903, 'time_iter': 17.8626, 'accuracy': 0.9648, 'precision': 0.6712, 'recall': 0.1193, 'f1': 0.2026, 'auc': 0.766}
val: {'epoch': 45, 'loss': 0.1129, 'lr': 0.001, 'params': 963903, 'time_iter': 2.8268, 'accuracy': 0.9815, 'precision': 1.0, 'recall': 0.0617, 'f1': 0.1163, 'auc': 0.697}
train: {'epoch': 45, 'eta': 993532.5888, 'loss': 0.1327, 'lr': 0.001, 'params': 963903, 'time_iter': 17.7075, 'accuracy': 0.9646, 'precision': 0.6771, 'recall': 0.1055, 'f1': 0.1826, 'auc': 0.7612}
val: {'epoch': 46, 'loss': 0.1216, 'lr': 0.001, 'params': 963903, 'time_iter': 2.5986, 'accuracy': 0.9803, 'precision': 0.0, 'recall': 0.0, 'f1': 0.0, 'auc': 0.7176}
train: {'epoch': 46, 'eta': 975211.2912, 'loss': 0.1314, 'lr': 0.001, 'params': 963903, 'time_iter': 17.947, 'accuracy': 0.9649, 'precision': 0.6842, 'recall': 0.1161, 'f1': 0.1985, 'auc': 0.7651}
val: {'epoch': 47, 'loss': 0.1192, 'lr': 0.001, 'params': 963903, 'time_iter': 2.7684, 'accuracy': 0.9805, 'precision': 1.0, 'recall': 0.0123, 'f1': 0.0244, 'auc': 0.6708}
train: {'epoch': 47, 'eta': 956549.5875, 'loss': 0.1318, 'lr': 0.001, 'params': 963903, 'time_iter': 17.6471, 'accuracy': 0.9647, 'precision': 0.6782, 'recall': 0.1112, 'f1': 0.1911, 'auc': 0.7631}
val: {'epoch': 48, 'loss': 0.1101, 'lr': 0.001, 'params': 963903, 'time_iter': 2.5565, 'accuracy': 0.981, 'precision': 1.0, 'recall': 0.037, 'f1': 0.0714, 'auc': 0.7316}
train: {'epoch': 48, 'eta': 938024.2035, 'loss': 0.1332, 'lr': 0.001, 'params': 963903, 'time_iter': 17.7552, 'accuracy': 0.9644, 'precision': 0.6649, 'recall': 0.0998, 'f1': 0.1736, 'auc': 0.7612}
val: {'epoch': 49, 'loss': 0.1243, 'lr': 0.001, 'params': 963903, 'time_iter': 2.8896, 'accuracy': 0.9803, 'precision': 0.0, 'recall': 0.0, 'f1': 0.0, 'auc': 0.7318}
train: {'epoch': 49, 'eta': 918961.1593, 'loss': 0.1317, 'lr': 0.001, 'params': 963903, 'time_iter': 17.2228, 'accuracy': 0.9645, 'precision': 0.654, 'recall': 0.112, 'f1': 0.1913, 'auc': 0.7712}
val: {'epoch': 50, 'loss': 0.115, 'lr': 0.001, 'params': 963903, 'time_iter': 2.7936, 'accuracy': 0.9803, 'precision': 0.0, 'recall': 0.0, 'f1': 0.0, 'auc': 0.7527}
train: {'epoch': 50, 'eta': 900592.2701, 'loss': 0.1308, 'lr': 0.001, 'params': 963903, 'time_iter': 17.8717, 'accuracy': 0.9652, 'precision': 0.6982, 'recall': 0.1258, 'f1': 0.2132, 'auc': 0.7734}
val: {'epoch': 51, 'loss': 0.1245, 'lr': 0.001, 'params': 963903, 'time_iter': 3.16, 'accuracy': 0.9805, 'precision': 1.0, 'recall': 0.0123, 'f1': 0.0244, 'auc': 0.7015}
train: {'epoch': 51, 'eta': 881873.4673, 'loss': 0.1301, 'lr': 0.001, 'params': 963903, 'time_iter': 17.5042, 'accuracy': 0.9653, 'precision': 0.7163, 'recall': 0.1209, 'f1': 0.2069, 'auc': 0.7762}
val: {'epoch': 52, 'loss': 0.1274, 'lr': 0.001, 'params': 963903, 'time_iter': 2.6841, 'accuracy': 0.9803, 'precision': 0.0, 'recall': 0.0, 'f1': 0.0, 'auc': 0.7216}
train: {'epoch': 52, 'eta': 863214.1454, 'loss': 0.1317, 'lr': 0.001, 'params': 963903, 'time_iter': 17.5401, 'accuracy': 0.9646, 'precision': 0.6753, 'recall': 0.1063, 'f1': 0.1837, 'auc': 0.7695}
val: {'epoch': 53, 'loss': 0.1236, 'lr': 0.001, 'params': 963903, 'time_iter': 2.5812, 'accuracy': 0.9801, 'precision': 0.0, 'recall': 0.0, 'f1': 0.0, 'auc': 0.703}
train: {'epoch': 53, 'eta': 844375.5983, 'loss': 0.1324, 'lr': 0.001, 'params': 963903, 'time_iter': 17.3098, 'accuracy': 0.9644, 'precision': 0.6502, 'recall': 0.1071, 'f1': 0.184, 'auc': 0.7674}
val: {'epoch': 54, 'loss': 0.1281, 'lr': 0.001, 'params': 963903, 'time_iter': 2.7112, 'accuracy': 0.9803, 'precision': 0.0, 'recall': 0.0, 'f1': 0.0, 'auc': 0.6982}
train: {'epoch': 54, 'eta': 826005.5311, 'loss': 0.1323, 'lr': 0.001, 'params': 963903, 'time_iter': 17.822, 'accuracy': 0.9647, 'precision': 0.6786, 'recall': 0.108, 'f1': 0.1863, 'auc': 0.7694}
val: {'epoch': 55, 'loss': 0.1274, 'lr': 0.001, 'params': 963903, 'time_iter': 2.5805, 'accuracy': 0.9803, 'precision': 0.0, 'recall': 0.0, 'f1': 0.0, 'auc': 0.7154}
train: {'epoch': 55, 'eta': 807845.8564, 'loss': 0.1308, 'lr': 0.001, 'params': 963903, 'time_iter': 18.0808, 'accuracy': 0.9653, 'precision': 0.7123, 'recall': 0.1226, 'f1': 0.2091, 'auc': 0.7723}
val: {'epoch': 56, 'loss': 0.1201, 'lr': 0.001, 'params': 963903, 'time_iter': 2.8069, 'accuracy': 0.9805, 'precision': 1.0, 'recall': 0.0123, 'f1': 0.0244, 'auc': 0.7056}
train: {'epoch': 56, 'eta': 789693.3844, 'loss': 0.1298, 'lr': 0.001, 'params': 963903, 'time_iter': 18.1102, 'accuracy': 0.9656, 'precision': 0.7358, 'recall': 0.1266, 'f1': 0.2161, 'auc': 0.777}
val: {'epoch': 57, 'loss': 0.1301, 'lr': 0.001, 'params': 963903, 'time_iter': 2.6379, 'accuracy': 0.9805, 'precision': 1.0, 'recall': 0.0123, 'f1': 0.0244, 'auc': 0.6844}
train: {'epoch': 57, 'eta': 771369.7352, 'loss': 0.1296, 'lr': 0.001, 'params': 963903, 'time_iter': 17.9028, 'accuracy': 0.9655, 'precision': 0.7, 'recall': 0.1364, 'f1': 0.2283, 'auc': 0.7776}
val: {'epoch': 58, 'loss': 0.1322, 'lr': 0.001, 'params': 963903, 'time_iter': 3.1984, 'accuracy': 0.9803, 'precision': 0.0, 'recall': 0.0, 'f1': 0.0, 'auc': 0.6834}
train: {'epoch': 58, 'eta': 752959.309, 'loss': 0.1304, 'lr': 0.001, 'params': 963903, 'time_iter': 17.7861, 'accuracy': 0.9652, 'precision': 0.6747, 'recall': 0.1364, 'f1': 0.2269, 'auc': 0.7689}
val: {'epoch': 59, 'loss': 0.1361, 'lr': 0.001, 'params': 963903, 'time_iter': 2.6186, 'accuracy': 0.9803, 'precision': 0.0, 'recall': 0.0, 'f1': 0.0, 'auc': 0.6645}
train: {'epoch': 59, 'eta': 734506.7327, 'loss': 0.1303, 'lr': 0.001, 'params': 963903, 'time_iter': 17.7194, 'accuracy': 0.965, 'precision': 0.6864, 'recall': 0.1226, 'f1': 0.208, 'auc': 0.7766}
val: {'epoch': 60, 'loss': 0.1292, 'lr': 0.001, 'params': 963903, 'time_iter': 2.5425, 'accuracy': 0.9803, 'precision': 0.0, 'recall': 0.0, 'f1': 0.0, 'auc': 0.6856}
train: {'epoch': 60, 'eta': 716289.4378, 'loss': 0.1301, 'lr': 0.001, 'params': 963903, 'time_iter': 18.0661, 'accuracy': 0.9656, 'precision': 0.7174, 'recall': 0.1339, 'f1': 0.2257, 'auc': 0.7711}
val: {'epoch': 61, 'loss': 0.1352, 'lr': 0.001, 'params': 963903, 'time_iter': 2.8038, 'accuracy': 0.9803, 'precision': 0.0, 'recall': 0.0, 'f1': 0.0, 'auc': 0.6656}
train: {'epoch': 61, 'eta': 698150.0314, 'loss': 0.1294, 'lr': 0.001, 'params': 963903, 'time_iter': 18.2087, 'accuracy': 0.9653, 'precision': 0.6991, 'recall': 0.1282, 'f1': 0.2167, 'auc': 0.7752}
val: {'epoch': 62, 'loss': 0.1367, 'lr': 0.001, 'params': 963903, 'time_iter': 2.657, 'accuracy': 0.9803, 'precision': 0.0, 'recall': 0.0, 'f1': 0.0, 'auc': 0.6557}
train: {'epoch': 62, 'eta': 679775.6734, 'loss': 0.1283, 'lr': 0.001, 'params': 963903, 'time_iter': 17.8513, 'accuracy': 0.9658, 'precision': 0.7202, 'recall': 0.142, 'f1': 0.2373, 'auc': 0.7825}
val: {'epoch': 63, 'loss': 0.1331, 'lr': 0.001, 'params': 963903, 'time_iter': 2.797, 'accuracy': 0.9803, 'precision': 0.0, 'recall': 0.0, 'f1': 0.0, 'auc': 0.6253}
train: {'epoch': 63, 'eta': 661232.8462, 'loss': 0.1293, 'lr': 0.001, 'params': 963903, 'time_iter': 17.5599, 'accuracy': 0.9658, 'precision': 0.7455, 'recall': 0.1331, 'f1': 0.2259, 'auc': 0.7754}
val: {'epoch': 64, 'loss': 0.1437, 'lr': 0.001, 'params': 963903, 'time_iter': 2.706, 'accuracy': 0.9803, 'precision': 0.0, 'recall': 0.0, 'f1': 0.0, 'auc': 0.5848}
train: {'epoch': 64, 'eta': 642958.1797, 'loss': 0.1307, 'lr': 0.001, 'params': 963903, 'time_iter': 18.0176, 'accuracy': 0.9649, 'precision': 0.6759, 'recall': 0.1185, 'f1': 0.2017, 'auc': 0.7732}
val: {'epoch': 65, 'loss': 0.1422, 'lr': 0.001, 'params': 963903, 'time_iter': 2.8413, 'accuracy': 0.9803, 'precision': 0.0, 'recall': 0.0, 'f1': 0.0, 'auc': 0.557}
train: {'epoch': 65, 'eta': 624657.0116, 'loss': 0.1306, 'lr': 0.001, 'params': 963903, 'time_iter': 17.9828, 'accuracy': 0.9645, 'precision': 0.6416, 'recall': 0.1177, 'f1': 0.1989, 'auc': 0.7712}
val: {'epoch': 66, 'loss': 0.1431, 'lr': 0.001, 'params': 963903, 'time_iter': 2.7762, 'accuracy': 0.9803, 'precision': 0.0, 'recall': 0.0, 'f1': 0.0, 'auc': 0.5997}
train: {'epoch': 66, 'eta': 606378.0814, 'loss': 0.1293, 'lr': 0.001, 'params': 963903, 'time_iter': 18.0386, 'accuracy': 0.9652, 'precision': 0.6883, 'recall': 0.1291, 'f1': 0.2174, 'auc': 0.7787}
val: {'epoch': 67, 'loss': 0.1411, 'lr': 0.001, 'params': 963903, 'time_iter': 2.636, 'accuracy': 0.9803, 'precision': 0.0, 'recall': 0.0, 'f1': 0.0, 'auc': 0.6012}
train: {'epoch': 67, 'eta': 587855.2706, 'loss': 0.1318, 'lr': 0.001, 'params': 963903, 'time_iter': 17.5522, 'accuracy': 0.9641, 'precision': 0.6232, 'recall': 0.1047, 'f1': 0.1793, 'auc': 0.7705}
val: {'epoch': 68, 'loss': 0.1432, 'lr': 0.001, 'params': 963903, 'time_iter': 2.8022, 'accuracy': 0.9803, 'precision': 0.0, 'recall': 0.0, 'f1': 0.0, 'auc': 0.6181}
train: {'epoch': 68, 'eta': 569447.1835, 'loss': 0.1318, 'lr': 0.001, 'params': 963903, 'time_iter': 17.7714, 'accuracy': 0.9643, 'precision': 0.6432, 'recall': 0.1039, 'f1': 0.1789, 'auc': 0.7754}
val: {'epoch': 69, 'loss': 0.1327, 'lr': 0.001, 'params': 963903, 'time_iter': 2.535, 'accuracy': 0.9803, 'precision': 0.0, 'recall': 0.0, 'f1': 0.0, 'auc': 0.5908}
train: {'epoch': 69, 'eta': 551100.5998, 'loss': 0.1306, 'lr': 0.001, 'params': 963903, 'time_iter': 17.903, 'accuracy': 0.9644, 'precision': 0.6415, 'recall': 0.1104, 'f1': 0.1884, 'auc': 0.7784}
val: {'epoch': 70, 'loss': 0.1344, 'lr': 0.001, 'params': 963903, 'time_iter': 2.9449, 'accuracy': 0.9803, 'precision': 0.0, 'recall': 0.0, 'f1': 0.0, 'auc': 0.6113}
train: {'epoch': 70, 'eta': 532601.4371, 'loss': 0.1288, 'lr': 0.001, 'params': 963903, 'time_iter': 17.545, 'accuracy': 0.9655, 'precision': 0.7227, 'recall': 0.1291, 'f1': 0.219, 'auc': 0.7818}
val: {'epoch': 71, 'loss': 0.1322, 'lr': 0.001, 'params': 963903, 'time_iter': 2.7041, 'accuracy': 0.9803, 'precision': 0.0, 'recall': 0.0, 'f1': 0.0, 'auc': 0.6544}
train: {'epoch': 71, 'eta': 514139.1797, 'loss': 0.1275, 'lr': 0.001, 'params': 963903, 'time_iter': 17.6063, 'accuracy': 0.9654, 'precision': 0.6942, 'recall': 0.1364, 'f1': 0.228, 'auc': 0.7886}
val: {'epoch': 72, 'loss': 0.128, 'lr': 0.001, 'params': 963903, 'time_iter': 2.729, 'accuracy': 0.9803, 'precision': 0.0, 'recall': 0.0, 'f1': 0.0, 'auc': 0.6529}
train: {'epoch': 72, 'eta': 495547.628, 'loss': 0.1285, 'lr': 0.001, 'params': 963903, 'time_iter': 17.2418, 'accuracy': 0.9654, 'precision': 0.6848, 'recall': 0.1429, 'f1': 0.2364, 'auc': 0.7837}
val: {'epoch': 73, 'loss': 0.1388, 'lr': 0.001, 'params': 963903, 'time_iter': 2.5974, 'accuracy': 0.9803, 'precision': 0.0, 'recall': 0.0, 'f1': 0.0, 'auc': 0.6233}
train: {'epoch': 73, 'eta': 477096.7809, 'loss': 0.1273, 'lr': 0.001, 'params': 963903, 'time_iter': 17.5674, 'accuracy': 0.9656, 'precision': 0.692, 'recall': 0.1477, 'f1': 0.2435, 'auc': 0.7869}
val: {'epoch': 74, 'loss': 0.1455, 'lr': 0.001, 'params': 963903, 'time_iter': 2.8481, 'accuracy': 0.9803, 'precision': 0.0, 'recall': 0.0, 'f1': 0.0, 'auc': 0.5864}
train: {'epoch': 74, 'eta': 458583.4339, 'loss': 0.1275, 'lr': 0.001, 'params': 963903, 'time_iter': 17.3561, 'accuracy': 0.965, 'precision': 0.6491, 'recall': 0.1396, 'f1': 0.2298, 'auc': 0.7859}
val: {'epoch': 75, 'loss': 0.1328, 'lr': 0.001, 'params': 963903, 'time_iter': 2.7028, 'accuracy': 0.9803, 'precision': 0.0, 'recall': 0.0, 'f1': 0.0, 'auc': 0.6114}
train: {'epoch': 75, 'eta': 440256.4694, 'loss': 0.1274, 'lr': 0.001, 'params': 963903, 'time_iter': 17.8768, 'accuracy': 0.9657, 'precision': 0.704, 'recall': 0.1429, 'f1': 0.2375, 'auc': 0.787}
val: {'epoch': 76, 'loss': 0.1438, 'lr': 0.001, 'params': 963903, 'time_iter': 2.5317, 'accuracy': 0.9803, 'precision': 0.0, 'recall': 0.0, 'f1': 0.0, 'auc': 0.6293}
train: {'epoch': 76, 'eta': 421846.4286, 'loss': 0.128, 'lr': 0.001, 'params': 963903, 'time_iter': 17.6122, 'accuracy': 0.9652, 'precision': 0.6762, 'recall': 0.1339, 'f1': 0.2236, 'auc': 0.7845}
val: {'epoch': 77, 'loss': 0.1355, 'lr': 0.001, 'params': 963903, 'time_iter': 3.0154, 'accuracy': 0.9803, 'precision': 0.0, 'recall': 0.0, 'f1': 0.0, 'auc': 0.6842}
train: {'epoch': 77, 'eta': 403421.7481, 'loss': 0.1307, 'lr': 0.001, 'params': 963903, 'time_iter': 17.5364, 'accuracy': 0.9643, 'precision': 0.648, 'recall': 0.1031, 'f1': 0.1779, 'auc': 0.773}
val: {'epoch': 78, 'loss': 0.1387, 'lr': 0.001, 'params': 963903, 'time_iter': 2.5743, 'accuracy': 0.9803, 'precision': 0.0, 'recall': 0.0, 'f1': 0.0, 'auc': 0.6141}
train: {'epoch': 78, 'eta': 385064.2407, 'loss': 0.1284, 'lr': 0.001, 'params': 963903, 'time_iter': 17.7469, 'accuracy': 0.965, 'precision': 0.6552, 'recall': 0.1388, 'f1': 0.2291, 'auc': 0.7839}
val: {'epoch': 79, 'loss': 0.149, 'lr': 0.001, 'params': 963903, 'time_iter': 2.8666, 'accuracy': 0.9803, 'precision': 0.0, 'recall': 0.0, 'f1': 0.0, 'auc': 0.5723}
train: {'epoch': 79, 'eta': 366608.367, 'loss': 0.1281, 'lr': 0.001, 'params': 963903, 'time_iter': 17.3552, 'accuracy': 0.9654, 'precision': 0.6768, 'recall': 0.1445, 'f1': 0.2381, 'auc': 0.7832}
val: {'epoch': 80, 'loss': 0.1457, 'lr': 0.001, 'params': 963903, 'time_iter': 2.6729, 'accuracy': 0.9803, 'precision': 0.0, 'recall': 0.0, 'f1': 0.0, 'auc': 0.5684}
train: {'epoch': 80, 'eta': 348234.0806, 'loss': 0.1265, 'lr': 0.001, 'params': 963903, 'time_iter': 17.6321, 'accuracy': 0.966, 'precision': 0.7171, 'recall': 0.1502, 'f1': 0.2483, 'auc': 0.792}
val: {'epoch': 81, 'loss': 0.1484, 'lr': 0.001, 'params': 963903, 'time_iter': 2.8116, 'accuracy': 0.9803, 'precision': 0.0, 'recall': 0.0, 'f1': 0.0, 'auc': 0.6066}
train: {'epoch': 81, 'eta': 329845.6218, 'loss': 0.1292, 'lr': 0.001, 'params': 963903, 'time_iter': 17.5444, 'accuracy': 0.9645, 'precision': 0.627, 'recall': 0.1282, 'f1': 0.2129, 'auc': 0.7819}
val: {'epoch': 82, 'loss': 0.1415, 'lr': 0.001, 'params': 963903, 'time_iter': 2.6563, 'accuracy': 0.9803, 'precision': 0.0, 'recall': 0.0, 'f1': 0.0, 'auc': 0.5971}
train: {'epoch': 82, 'eta': 311517.9125, 'loss': 0.1284, 'lr': 0.001, 'params': 963903, 'time_iter': 17.7943, 'accuracy': 0.9655, 'precision': 0.683, 'recall': 0.1469, 'f1': 0.2418, 'auc': 0.7812}
val: {'epoch': 83, 'loss': 0.1429, 'lr': 0.001, 'params': 963903, 'time_iter': 3.0014, 'accuracy': 0.9803, 'precision': 0.0, 'recall': 0.0, 'f1': 0.0, 'auc': 0.6226}
train: {'epoch': 83, 'eta': 293134.8823, 'loss': 0.1297, 'lr': 0.001, 'params': 963903, 'time_iter': 17.5099, 'accuracy': 0.965, 'precision': 0.6502, 'recall': 0.1388, 'f1': 0.2288, 'auc': 0.777}
val: {'epoch': 84, 'loss': 0.1458, 'lr': 0.001, 'params': 963903, 'time_iter': 2.7719, 'accuracy': 0.9803, 'precision': 0.0, 'recall': 0.0, 'f1': 0.0, 'auc': 0.6119}
train: {'epoch': 84, 'eta': 274891.1459, 'loss': 0.1284, 'lr': 0.001, 'params': 963903, 'time_iter': 18.2297, 'accuracy': 0.9654, 'precision': 0.6853, 'recall': 0.1396, 'f1': 0.232, 'auc': 0.7831}
val: {'epoch': 85, 'loss': 0.1369, 'lr': 0.001, 'params': 963903, 'time_iter': 3.1388, 'accuracy': 0.9803, 'precision': 0.0, 'recall': 0.0, 'f1': 0.0, 'auc': 0.6456}
train: {'epoch': 85, 'eta': 256534.7352, 'loss': 0.1291, 'lr': 0.001, 'params': 963903, 'time_iter': 17.6285, 'accuracy': 0.9645, 'precision': 0.6388, 'recall': 0.1177, 'f1': 0.1988, 'auc': 0.7862}
val: {'epoch': 86, 'loss': 0.1499, 'lr': 0.001, 'params': 963903, 'time_iter': 2.8142, 'accuracy': 0.9803, 'precision': 0.0, 'recall': 0.0, 'f1': 0.0, 'auc': 0.6463}
train: {'epoch': 86, 'eta': 238207.056, 'loss': 0.1277, 'lr': 0.001, 'params': 963903, 'time_iter': 17.783, 'accuracy': 0.9648, 'precision': 0.658, 'recall': 0.1234, 'f1': 0.2078, 'auc': 0.7926}
val: {'epoch': 87, 'loss': 0.1345, 'lr': 0.001, 'params': 963903, 'time_iter': 2.6069, 'accuracy': 0.9803, 'precision': 0.0, 'recall': 0.0, 'f1': 0.0, 'auc': 0.6937}
train: {'epoch': 87, 'eta': 219942.1977, 'loss': 0.1271, 'lr': 0.001, 'params': 963903, 'time_iter': 18.226, 'accuracy': 0.9656, 'precision': 0.6984, 'recall': 0.1429, 'f1': 0.2372, 'auc': 0.7894}
val: {'epoch': 88, 'loss': 0.1382, 'lr': 0.001, 'params': 963903, 'time_iter': 2.7644, 'accuracy': 0.9803, 'precision': 0.0, 'recall': 0.0, 'f1': 0.0, 'auc': 0.6578}
train: {'epoch': 88, 'eta': 201621.3124, 'loss': 0.1271, 'lr': 0.001, 'params': 963903, 'time_iter': 17.872, 'accuracy': 0.9654, 'precision': 0.6716, 'recall': 0.1477, 'f1': 0.2422, 'auc': 0.7871}
val: {'epoch': 89, 'loss': 0.1442, 'lr': 0.001, 'params': 963903, 'time_iter': 2.5519, 'accuracy': 0.9803, 'precision': 0.0, 'recall': 0.0, 'f1': 0.0, 'auc': 0.6716}
train: {'epoch': 89, 'eta': 183318.7361, 'loss': 0.1258, 'lr': 0.001, 'params': 963903, 'time_iter': 18.0456, 'accuracy': 0.966, 'precision': 0.7036, 'recall': 0.1599, 'f1': 0.2606, 'auc': 0.7977}
val: {'epoch': 90, 'loss': 0.1399, 'lr': 0.001, 'params': 963903, 'time_iter': 2.9318, 'accuracy': 0.9803, 'precision': 0.0, 'recall': 0.0, 'f1': 0.0, 'auc': 0.669}
train: {'epoch': 90, 'eta': 165001.3961, 'loss': 0.1274, 'lr': 0.001, 'params': 963903, 'time_iter': 17.958, 'accuracy': 0.9654, 'precision': 0.6955, 'recall': 0.1372, 'f1': 0.2292, 'auc': 0.7898}
val: {'epoch': 91, 'loss': 0.1504, 'lr': 0.001, 'params': 963903, 'time_iter': 2.8312, 'accuracy': 0.9803, 'precision': 0.0, 'recall': 0.0, 'f1': 0.0, 'auc': 0.6897}
train: {'epoch': 91, 'eta': 146705.319, 'loss': 0.1266, 'lr': 0.001, 'params': 963903, 'time_iter': 18.2349, 'accuracy': 0.9652, 'precision': 0.6594, 'recall': 0.1477, 'f1': 0.2414, 'auc': 0.7935}
val: {'epoch': 92, 'loss': 0.1369, 'lr': 0.001, 'params': 963903, 'time_iter': 2.7593, 'accuracy': 0.9803, 'precision': 0.0, 'recall': 0.0, 'f1': 0.0, 'auc': 0.7012}
train: {'epoch': 92, 'eta': 128347.6267, 'loss': 0.126, 'lr': 0.001, 'params': 963903, 'time_iter': 17.5692, 'accuracy': 0.966, 'precision': 0.6955, 'recall': 0.1631, 'f1': 0.2643, 'auc': 0.7945}
val: {'epoch': 93, 'loss': 0.1391, 'lr': 0.001, 'params': 963903, 'time_iter': 2.8557, 'accuracy': 0.9803, 'precision': 0.0, 'recall': 0.0, 'f1': 0.0, 'auc': 0.7069}
train: {'epoch': 93, 'eta': 110030.8018, 'loss': 0.1261, 'lr': 0.001, 'params': 963903, 'time_iter': 18.1011, 'accuracy': 0.9655, 'precision': 0.657, 'recall': 0.1648, 'f1': 0.2635, 'auc': 0.7919}
val: {'epoch': 94, 'loss': 0.1462, 'lr': 0.001, 'params': 963903, 'time_iter': 2.5972, 'accuracy': 0.9803, 'precision': 0.0, 'recall': 0.0, 'f1': 0.0, 'auc': 0.6726}
train: {'epoch': 94, 'eta': 91677.539, 'loss': 0.1276, 'lr': 0.001, 'params': 963903, 'time_iter': 17.5484, 'accuracy': 0.9651, 'precision': 0.6512, 'recall': 0.1485, 'f1': 0.2419, 'auc': 0.7916}
val: {'epoch': 95, 'loss': 0.1472, 'lr': 0.001, 'params': 963903, 'time_iter': 2.6283, 'accuracy': 0.9803, 'precision': 0.0, 'recall': 0.0, 'f1': 0.0, 'auc': 0.7014}
train: {'epoch': 95, 'eta': 73341.8574, 'loss': 0.1264, 'lr': 0.001, 'params': 963903, 'time_iter': 17.8147, 'accuracy': 0.9658, 'precision': 0.6904, 'recall': 0.1575, 'f1': 0.2564, 'auc': 0.7926}
val: {'epoch': 96, 'loss': 0.1436, 'lr': 0.001, 'params': 963903, 'time_iter': 2.5353, 'accuracy': 0.9803, 'precision': 0.0, 'recall': 0.0, 'f1': 0.0, 'auc': 0.6437}
train: {'epoch': 96, 'eta': 55000.7761, 'loss': 0.1293, 'lr': 0.001, 'params': 963903, 'time_iter': 17.6422, 'accuracy': 0.965, 'precision': 0.6527, 'recall': 0.1388, 'f1': 0.2289, 'auc': 0.7857}
val: {'epoch': 97, 'loss': 0.1456, 'lr': 0.001, 'params': 963903, 'time_iter': 2.7661, 'accuracy': 0.9803, 'precision': 0.0, 'recall': 0.0, 'f1': 0.0, 'auc': 0.6085}
train: {'epoch': 97, 'eta': 36664.0397, 'loss': 0.1287, 'lr': 0.001, 'params': 963903, 'time_iter': 17.6672, 'accuracy': 0.9655, 'precision': 0.683, 'recall': 0.1469, 'f1': 0.2418, 'auc': 0.7787}
val: {'epoch': 98, 'loss': 0.1488, 'lr': 0.001, 'params': 963903, 'time_iter': 2.6672, 'accuracy': 0.9803, 'precision': 0.0, 'recall': 0.0, 'f1': 0.0, 'auc': 0.5849}
train: {'epoch': 98, 'eta': 18332.0528, 'loss': 0.1281, 'lr': 0.001, 'params': 963903, 'time_iter': 17.8185, 'accuracy': 0.9656, 'precision': 0.7061, 'recall': 0.1404, 'f1': 0.2343, 'auc': 0.7847}
val: {'epoch': 99, 'loss': 0.1528, 'lr': 0.001, 'params': 963903, 'time_iter': 2.6645, 'accuracy': 0.9803, 'precision': 0.0, 'recall': 0.0, 'f1': 0.0, 'auc': 0.6424}
train: {'epoch': 99, 'eta': 0.0, 'loss': 0.1275, 'lr': 0.001, 'params': 963903, 'time_iter': 17.6415, 'accuracy': 0.9655, 'precision': 0.6856, 'recall': 0.1469, 'f1': 0.242, 'auc': 0.7903}
test: {'epoch': 99, 'loss': 0.2453, 'lr': 0.001, 'params': 963903, 'time_iter': 2.6765, 'accuracy': 0.9684, 'precision': 0.0, 'recall': 0.0, 'f1': 0.0, 'auc': 0.5634}
test: {'epoch': 16, 'loss': 0.1841, 'lr': 0.001, 'params': 963903, 'time_iter': 2.54, 'accuracy': 0.9684, 'precision': 0.0, 'recall': 0.0, 'f1': 0.0, 'auc': 0.6695}
