GraphGymModule(
  (model): DilatedGNNModel(
    (encoder): FeatureEncoder(
      (node_encoder): AtomEncoder(
        (atom_embedding_list): ModuleList(
          (0): Embedding(119, 300)
          (1): Embedding(4, 300)
          (2): Embedding(12, 300)
          (3): Embedding(12, 300)
          (4): Embedding(10, 300)
          (5): Embedding(6, 300)
          (6): Embedding(6, 300)
          (7): Embedding(2, 300)
          (8): Embedding(2, 300)
        )
      )
      (edge_encoder): BondEncoder(
        (bond_embedding_list): ModuleList(
          (0): Embedding(5, 300)
          (1): Embedding(6, 300)
          (2): Embedding(2, 300)
        )
      )
    )
    (mp): GNNDilatedStage(
      (classic_layers): ModuleList(
        (0): GeneralLayer(
          (layer): EGATConv(
            (model): GATConv(300, 300, heads=1)
          )
          (post_layer): Sequential(
            (0): BatchNorm1d(300, eps=1e-05, momentum=0.1, affine=True, track_running_stats=True)
            (1): Dropout(p=0.5, inplace=False)
            (2): ReLU()
          )
        )
        (1): GeneralLayer(
          (layer): EGATConv(
            (model): GATConv(300, 300, heads=1)
          )
          (post_layer): Sequential(
            (0): BatchNorm1d(300, eps=1e-05, momentum=0.1, affine=True, track_running_stats=True)
            (1): Dropout(p=0.5, inplace=False)
            (2): ReLU()
          )
        )
      )
      (dilated_layers): ModuleList(
        (0): DilatedGeneralLayer(
          (layer): EGATConv(
            (model): GATConv(300, 300, heads=1)
          )
          (post_layer): Sequential(
            (0): BatchNorm1d(300, eps=1e-05, momentum=0.1, affine=True, track_running_stats=True)
            (1): Dropout(p=0.5, inplace=False)
            (2): ReLU()
          )
          (gem): GeM(p=3.0000, eps=1e-06)
        )
      )
      (act): ReLU()
    )
    (post_mp): GNNGraphHead(
      (layer_post_mp): MLP(
        (model): Sequential(
          (0): Linear(
            (model): Linear(600, 1, bias=True)
          )
        )
      )
    )
  )
)
accelerator: cuda
benchmark: False
bn:
  eps: 1e-05
  mom: 0.1
cfg_dest: config.yaml
custom_metrics: []
dataset:
  cache_load: False
  cache_save: False
  dir: ./datasets
  edge_dim: 300
  edge_encoder: True
  edge_encoder_bn: False
  edge_encoder_name: Bond
  edge_message_ratio: 0.8
  edge_negative_sampling_ratio: 1.0
  edge_train_mode: all
  encoder: True
  encoder_bn: True
  encoder_dim: 128
  encoder_name: db
  fast_loader: False
  format: OGB
  label_column: none
  label_table: none
  location: local
  name: ogbg-molhiv
  node_encoder: True
  node_encoder_bn: False
  node_encoder_name: Atom
  remove_feature: False
  resample_disjoint: False
  resample_negative: False
  shuffle_split: True
  split: [0.8, 0.1, 0.1]
  split_mode: random
  task: graph
  task_type: classification
  to_undirected: False
  transductive: False
  transform: none
  tu_simple: True
devices: 1
gnn:
  act: relu
  act_on_last_layer_mp: False
  agg: none
  att_final_linear: False
  att_final_linear_bn: False
  att_heads: 1
  batchnorm: True
  clear_feature: True
  dilated_path_join: concat
  dim_inner: 300
  dropout: 0.5
  head: graph
  keep_edge: 0.5
  l2norm: True
  layer_type: egatconv
  layers_k1: 2
  layers_k2: 1
  layers_mp: 5
  layers_post_mp: 1
  layers_pre_mp: 0
  learn_alpha_residual_connection: False
  msg_direction: single
  normalize_adj: False
  self_msg: concat
  skip_every: 1
  stage_type: stack
  use_edge_features: True
gpu_mem: False
mem:
  inplace: False
metric_agg: argmax
metric_best: auc
model:
  edge_decoding: dot
  graph_pooling: mean
  loss_fun: cross_entropy
  match_upper: True
  size_average: mean
  thresh: 0.5
  type: dilated_gnn
num_threads: 6
num_workers: 16
optim:
  base_lr: 0.001
  lr_decay: 0.1
  max_epoch: 100
  momentum: 0.9
  optimizer: adam
  scheduler: none
  steps: [30, 60, 90]
  weight_decay: 0.0
out_dir: results_experiments/ogbg_molhiv_baseline_grid_design/ogbg_molhiv_baseline-type=dilated_gnn-layer_type=egatconv-layers_k1=2-layers_k2=1-dilated_path_join=concat-learn_alpha_residual_connection=False
params: 600902
print: both
round: 4
run_dir: results_experiments/ogbg_molhiv_baseline_grid_design/ogbg_molhiv_baseline-type=dilated_gnn-layer_type=egatconv-layers_k1=2-layers_k2=1-dilated_path_join=concat-learn_alpha_residual_connection=False/3
seed: 4
share:
  dim_in: 9
  dim_out: 2
  num_splits: 3
tensorboard_agg: True
tensorboard_each_run: False
train:
  auto_resume: False
  batch_size: 32
  ckpt_clean: True
  ckpt_period: 100
  enable_ckpt: True
  epoch_resume: -1
  eval_period: 1
  iter_per_epoch: 32
  neighbor_sizes: [20, 15, 10, 5]
  node_per_graph: 32
  radius: extend
  sample_node: False
  sampler: full_batch
  skip_train_eval: False
  walk_length: 4
val:
  node_per_graph: 32
  radius: extend
  sample_node: False
  sampler: full_batch
view_emb: False
Num parameters: 600902
val: {'epoch': 0, 'loss': 0.6584, 'lr': 0.001, 'params': 600902, 'time_iter': 0.8649, 'accuracy': 0.9844, 'precision': 0.0, 'recall': 0.0, 'f1': 0.0, 'auc': 0.0317}
val: {'epoch': 0, 'loss': 0.0984, 'lr': 0.001, 'params': 600902, 'time_iter': 1.8514, 'accuracy': 0.9803, 'precision': 0.0, 'recall': 0.0, 'f1': 0.0, 'auc': 0.5991}
train: {'epoch': 0, 'eta': 1276596.4732, 'loss': 0.178, 'lr': 0.001, 'params': 600902, 'time_iter': 12.5315, 'accuracy': 0.9625, 'precision': 0.0, 'recall': 0.0, 'f1': 0.0, 'auc': 0.5716}
val: {'epoch': 1, 'loss': 0.1012, 'lr': 0.001, 'params': 600902, 'time_iter': 1.6857, 'accuracy': 0.9803, 'precision': 0.0, 'recall': 0.0, 'f1': 0.0, 'auc': 0.6645}
train: {'epoch': 1, 'eta': 1281265.0253, 'loss': 0.1529, 'lr': 0.001, 'params': 600902, 'time_iter': 12.8798, 'accuracy': 0.9626, 'precision': 0.0, 'recall': 0.0, 'f1': 0.0, 'auc': 0.6601}
val: {'epoch': 2, 'loss': 0.0965, 'lr': 0.001, 'params': 600902, 'time_iter': 1.5792, 'accuracy': 0.9803, 'precision': 0.0, 'recall': 0.0, 'f1': 0.0, 'auc': 0.6843}
train: {'epoch': 2, 'eta': 1281363.8093, 'loss': 0.1513, 'lr': 0.001, 'params': 600902, 'time_iter': 13.1016, 'accuracy': 0.9626, 'precision': 1.0, 'recall': 0.0008, 'f1': 0.0016, 'auc': 0.6866}
val: {'epoch': 3, 'loss': 0.0965, 'lr': 0.001, 'params': 600902, 'time_iter': 1.7405, 'accuracy': 0.9803, 'precision': 0.0, 'recall': 0.0, 'f1': 0.0, 'auc': 0.6824}
train: {'epoch': 3, 'eta': 1269852.5675, 'loss': 0.1491, 'lr': 0.001, 'params': 600902, 'time_iter': 12.9064, 'accuracy': 0.9625, 'precision': 0.25, 'recall': 0.0008, 'f1': 0.0016, 'auc': 0.6953}
val: {'epoch': 4, 'loss': 0.1049, 'lr': 0.001, 'params': 600902, 'time_iter': 1.8374, 'accuracy': 0.9803, 'precision': 0.0, 'recall': 0.0, 'f1': 0.0, 'auc': 0.7133}
train: {'epoch': 4, 'eta': 1257645.2901, 'loss': 0.147, 'lr': 0.001, 'params': 600902, 'time_iter': 12.907, 'accuracy': 0.9624, 'precision': 0.25, 'recall': 0.0016, 'f1': 0.0032, 'auc': 0.708}
val: {'epoch': 5, 'loss': 0.1039, 'lr': 0.001, 'params': 600902, 'time_iter': 1.6544, 'accuracy': 0.9803, 'precision': 0.0, 'recall': 0.0, 'f1': 0.0, 'auc': 0.688}
train: {'epoch': 5, 'eta': 1243386.6839, 'loss': 0.1458, 'lr': 0.001, 'params': 600902, 'time_iter': 12.802, 'accuracy': 0.9623, 'precision': 0.2308, 'recall': 0.0024, 'f1': 0.0048, 'auc': 0.7113}
val: {'epoch': 6, 'loss': 0.1011, 'lr': 0.001, 'params': 600902, 'time_iter': 1.6136, 'accuracy': 0.9803, 'precision': 0.0, 'recall': 0.0, 'f1': 0.0, 'auc': 0.7222}
train: {'epoch': 6, 'eta': 1232439.7524, 'loss': 0.1474, 'lr': 0.001, 'params': 600902, 'time_iter': 13.0216, 'accuracy': 0.9621, 'precision': 0.15, 'recall': 0.0024, 'f1': 0.0048, 'auc': 0.703}
val: {'epoch': 7, 'loss': 0.1, 'lr': 0.001, 'params': 600902, 'time_iter': 1.8182, 'accuracy': 0.9803, 'precision': 0.0, 'recall': 0.0, 'f1': 0.0, 'auc': 0.7095}
train: {'epoch': 7, 'eta': 1217894.8775, 'loss': 0.147, 'lr': 0.001, 'params': 600902, 'time_iter': 12.7693, 'accuracy': 0.962, 'precision': 0.1852, 'recall': 0.0041, 'f1': 0.0079, 'auc': 0.709}
val: {'epoch': 8, 'loss': 0.0951, 'lr': 0.001, 'params': 600902, 'time_iter': 1.828, 'accuracy': 0.9805, 'precision': 1.0, 'recall': 0.0123, 'f1': 0.0244, 'auc': 0.6897}
train: {'epoch': 8, 'eta': 1206204.1046, 'loss': 0.145, 'lr': 0.001, 'params': 600902, 'time_iter': 13.0136, 'accuracy': 0.962, 'precision': 0.1724, 'recall': 0.0041, 'f1': 0.0079, 'auc': 0.7237}
val: {'epoch': 9, 'loss': 0.1004, 'lr': 0.001, 'params': 600902, 'time_iter': 1.9007, 'accuracy': 0.9803, 'precision': 0.0, 'recall': 0.0, 'f1': 0.0, 'auc': 0.7202}
train: {'epoch': 9, 'eta': 1193014.8766, 'loss': 0.1433, 'lr': 0.001, 'params': 600902, 'time_iter': 12.8885, 'accuracy': 0.9626, 'precision': 0.5312, 'recall': 0.0138, 'f1': 0.0269, 'auc': 0.7301}
val: {'epoch': 10, 'loss': 0.1063, 'lr': 0.001, 'params': 600902, 'time_iter': 2.3274, 'accuracy': 0.9803, 'precision': 0.0, 'recall': 0.0, 'f1': 0.0, 'auc': 0.6531}
train: {'epoch': 10, 'eta': 1181637.3845, 'loss': 0.1426, 'lr': 0.001, 'params': 600902, 'time_iter': 13.1077, 'accuracy': 0.9625, 'precision': 0.4878, 'recall': 0.0162, 'f1': 0.0314, 'auc': 0.7332}
val: {'epoch': 11, 'loss': 0.1098, 'lr': 0.001, 'params': 600902, 'time_iter': 1.775, 'accuracy': 0.9803, 'precision': 0.0, 'recall': 0.0, 'f1': 0.0, 'auc': 0.7312}
train: {'epoch': 11, 'eta': 1171071.9864, 'loss': 0.1452, 'lr': 0.001, 'params': 600902, 'time_iter': 13.262, 'accuracy': 0.9623, 'precision': 0.3158, 'recall': 0.0049, 'f1': 0.0096, 'auc': 0.7158}
val: {'epoch': 12, 'loss': 0.0984, 'lr': 0.001, 'params': 600902, 'time_iter': 1.8065, 'accuracy': 0.9803, 'precision': 0.0, 'recall': 0.0, 'f1': 0.0, 'auc': 0.7333}
train: {'epoch': 12, 'eta': 1158096.5877, 'loss': 0.1449, 'lr': 0.001, 'params': 600902, 'time_iter': 12.9808, 'accuracy': 0.9622, 'precision': 0.1905, 'recall': 0.0032, 'f1': 0.0064, 'auc': 0.722}
val: {'epoch': 13, 'loss': 0.1017, 'lr': 0.001, 'params': 600902, 'time_iter': 1.9918, 'accuracy': 0.9803, 'precision': 0.0, 'recall': 0.0, 'f1': 0.0, 'auc': 0.7244}
train: {'epoch': 13, 'eta': 1145639.6123, 'loss': 0.1433, 'lr': 0.001, 'params': 600902, 'time_iter': 13.0715, 'accuracy': 0.9626, 'precision': 0.5, 'recall': 0.0122, 'f1': 0.0238, 'auc': 0.7225}
val: {'epoch': 14, 'loss': 0.1054, 'lr': 0.001, 'params': 600902, 'time_iter': 1.806, 'accuracy': 0.9803, 'precision': 0.0, 'recall': 0.0, 'f1': 0.0, 'auc': 0.7042}
train: {'epoch': 14, 'eta': 1134445.8108, 'loss': 0.1429, 'lr': 0.001, 'params': 600902, 'time_iter': 13.3108, 'accuracy': 0.9622, 'precision': 0.3922, 'recall': 0.0162, 'f1': 0.0312, 'auc': 0.7319}
val: {'epoch': 15, 'loss': 0.1058, 'lr': 0.001, 'params': 600902, 'time_iter': 1.7741, 'accuracy': 0.9803, 'precision': 0.0, 'recall': 0.0, 'f1': 0.0, 'auc': 0.7125}
train: {'epoch': 15, 'eta': 1119969.1177, 'loss': 0.1436, 'lr': 0.001, 'params': 600902, 'time_iter': 12.7611, 'accuracy': 0.9619, 'precision': 0.2917, 'recall': 0.0114, 'f1': 0.0219, 'auc': 0.7314}
val: {'epoch': 16, 'loss': 0.1005, 'lr': 0.001, 'params': 600902, 'time_iter': 2.1554, 'accuracy': 0.9803, 'precision': 0.0, 'recall': 0.0, 'f1': 0.0, 'auc': 0.7259}
train: {'epoch': 16, 'eta': 1106587.8158, 'loss': 0.1432, 'lr': 0.001, 'params': 600902, 'time_iter': 12.9476, 'accuracy': 0.9624, 'precision': 0.4706, 'recall': 0.026, 'f1': 0.0492, 'auc': 0.7309}
val: {'epoch': 17, 'loss': 0.1016, 'lr': 0.001, 'params': 600902, 'time_iter': 1.7005, 'accuracy': 0.9803, 'precision': 0.0, 'recall': 0.0, 'f1': 0.0, 'auc': 0.7401}
train: {'epoch': 17, 'eta': 1093925.8919, 'loss': 0.1432, 'lr': 0.001, 'params': 600902, 'time_iter': 13.0997, 'accuracy': 0.9622, 'precision': 0.4, 'recall': 0.0211, 'f1': 0.0401, 'auc': 0.7332}
val: {'epoch': 18, 'loss': 0.1031, 'lr': 0.001, 'params': 600902, 'time_iter': 1.854, 'accuracy': 0.9803, 'precision': 0.0, 'recall': 0.0, 'f1': 0.0, 'auc': 0.7483}
train: {'epoch': 18, 'eta': 1079414.1833, 'loss': 0.1436, 'lr': 0.001, 'params': 600902, 'time_iter': 12.6976, 'accuracy': 0.9622, 'precision': 0.4, 'recall': 0.0179, 'f1': 0.0342, 'auc': 0.7301}
val: {'epoch': 19, 'loss': 0.1031, 'lr': 0.001, 'params': 600902, 'time_iter': 1.8497, 'accuracy': 0.9803, 'precision': 0.0, 'recall': 0.0, 'f1': 0.0, 'auc': 0.7273}
train: {'epoch': 19, 'eta': 1063808.0038, 'loss': 0.1437, 'lr': 0.001, 'params': 600902, 'time_iter': 12.3966, 'accuracy': 0.9619, 'precision': 0.2941, 'recall': 0.0122, 'f1': 0.0234, 'auc': 0.7306}
val: {'epoch': 20, 'loss': 0.1094, 'lr': 0.001, 'params': 600902, 'time_iter': 1.6527, 'accuracy': 0.9803, 'precision': 0.0, 'recall': 0.0, 'f1': 0.0, 'auc': 0.7281}
train: {'epoch': 20, 'eta': 1051059.1422, 'loss': 0.1438, 'lr': 0.001, 'params': 600902, 'time_iter': 13.0646, 'accuracy': 0.9622, 'precision': 0.3725, 'recall': 0.0154, 'f1': 0.0296, 'auc': 0.7298}
val: {'epoch': 21, 'loss': 0.1037, 'lr': 0.001, 'params': 600902, 'time_iter': 1.599, 'accuracy': 0.9803, 'precision': 0.0, 'recall': 0.0, 'f1': 0.0, 'auc': 0.7497}
train: {'epoch': 21, 'eta': 1037467.9325, 'loss': 0.1455, 'lr': 0.001, 'params': 600902, 'time_iter': 12.851, 'accuracy': 0.9623, 'precision': 0.3636, 'recall': 0.0097, 'f1': 0.019, 'auc': 0.7145}
val: {'epoch': 22, 'loss': 0.1117, 'lr': 0.001, 'params': 600902, 'time_iter': 1.8054, 'accuracy': 0.9803, 'precision': 0.0, 'recall': 0.0, 'f1': 0.0, 'auc': 0.7349}
train: {'epoch': 22, 'eta': 1023701.22, 'loss': 0.1431, 'lr': 0.001, 'params': 600902, 'time_iter': 12.7908, 'accuracy': 0.9622, 'precision': 0.3421, 'recall': 0.0106, 'f1': 0.0205, 'auc': 0.7342}
val: {'epoch': 23, 'loss': 0.1054, 'lr': 0.001, 'params': 600902, 'time_iter': 2.5797, 'accuracy': 0.9803, 'precision': 0.0, 'recall': 0.0, 'f1': 0.0, 'auc': 0.7468}
train: {'epoch': 23, 'eta': 1010415.6574, 'loss': 0.1444, 'lr': 0.001, 'params': 600902, 'time_iter': 12.923, 'accuracy': 0.9623, 'precision': 0.3333, 'recall': 0.0081, 'f1': 0.0158, 'auc': 0.7243}
val: {'epoch': 24, 'loss': 0.1055, 'lr': 0.001, 'params': 600902, 'time_iter': 1.633, 'accuracy': 0.9793, 'precision': 0.0, 'recall': 0.0, 'f1': 0.0, 'auc': 0.7384}
train: {'epoch': 24, 'eta': 997954.0814, 'loss': 0.1426, 'lr': 0.001, 'params': 600902, 'time_iter': 13.1902, 'accuracy': 0.9622, 'precision': 0.3673, 'recall': 0.0146, 'f1': 0.0281, 'auc': 0.7348}
val: {'epoch': 25, 'loss': 0.1056, 'lr': 0.001, 'params': 600902, 'time_iter': 1.5921, 'accuracy': 0.9803, 'precision': 0.0, 'recall': 0.0, 'f1': 0.0, 'auc': 0.6933}
train: {'epoch': 25, 'eta': 984913.2717, 'loss': 0.1453, 'lr': 0.001, 'params': 600902, 'time_iter': 13.0216, 'accuracy': 0.962, 'precision': 0.2889, 'recall': 0.0106, 'f1': 0.0204, 'auc': 0.7212}
val: {'epoch': 26, 'loss': 0.1051, 'lr': 0.001, 'params': 600902, 'time_iter': 2.4479, 'accuracy': 0.9803, 'precision': 0.0, 'recall': 0.0, 'f1': 0.0, 'auc': 0.6758}
train: {'epoch': 26, 'eta': 971987.115, 'loss': 0.1484, 'lr': 0.001, 'params': 600902, 'time_iter': 13.0724, 'accuracy': 0.9619, 'precision': 0.1333, 'recall': 0.0032, 'f1': 0.0063, 'auc': 0.7062}
val: {'epoch': 27, 'loss': 0.1008, 'lr': 0.001, 'params': 600902, 'time_iter': 1.7857, 'accuracy': 0.9803, 'precision': 0.0, 'recall': 0.0, 'f1': 0.0, 'auc': 0.7405}
train: {'epoch': 27, 'eta': 961646.3976, 'loss': 0.1456, 'lr': 0.001, 'params': 600902, 'time_iter': 14.0637, 'accuracy': 0.9624, 'precision': 0.4167, 'recall': 0.0122, 'f1': 0.0237, 'auc': 0.7216}
val: {'epoch': 28, 'loss': 0.1028, 'lr': 0.001, 'params': 600902, 'time_iter': 1.7226, 'accuracy': 0.9803, 'precision': 0.0, 'recall': 0.0, 'f1': 0.0, 'auc': 0.7595}
train: {'epoch': 28, 'eta': 947743.2548, 'loss': 0.143, 'lr': 0.001, 'params': 600902, 'time_iter': 12.7627, 'accuracy': 0.9621, 'precision': 0.3095, 'recall': 0.0106, 'f1': 0.0204, 'auc': 0.7368}
val: {'epoch': 29, 'loss': 0.1039, 'lr': 0.001, 'params': 600902, 'time_iter': 1.7564, 'accuracy': 0.9798, 'precision': 0.25, 'recall': 0.0123, 'f1': 0.0235, 'auc': 0.7522}
train: {'epoch': 29, 'eta': 934079.5546, 'loss': 0.1443, 'lr': 0.001, 'params': 600902, 'time_iter': 12.841, 'accuracy': 0.962, 'precision': 0.3333, 'recall': 0.0138, 'f1': 0.0265, 'auc': 0.7268}
val: {'epoch': 30, 'loss': 0.1112, 'lr': 0.001, 'params': 600902, 'time_iter': 1.5974, 'accuracy': 0.9798, 'precision': 0.0, 'recall': 0.0, 'f1': 0.0, 'auc': 0.7429}
train: {'epoch': 30, 'eta': 920598.9953, 'loss': 0.1464, 'lr': 0.001, 'params': 600902, 'time_iter': 12.9083, 'accuracy': 0.9617, 'precision': 0.1818, 'recall': 0.0065, 'f1': 0.0125, 'auc': 0.7155}
val: {'epoch': 31, 'loss': 0.1045, 'lr': 0.001, 'params': 600902, 'time_iter': 1.8273, 'accuracy': 0.9793, 'precision': 0.0, 'recall': 0.0, 'f1': 0.0, 'auc': 0.7444}
train: {'epoch': 31, 'eta': 907562.9464, 'loss': 0.1431, 'lr': 0.001, 'params': 600902, 'time_iter': 13.1059, 'accuracy': 0.9623, 'precision': 0.2857, 'recall': 0.0049, 'f1': 0.0096, 'auc': 0.7303}
val: {'epoch': 32, 'loss': 0.0997, 'lr': 0.001, 'params': 600902, 'time_iter': 2.0493, 'accuracy': 0.9798, 'precision': 0.0, 'recall': 0.0, 'f1': 0.0, 'auc': 0.7684}
train: {'epoch': 32, 'eta': 894262.2078, 'loss': 0.1426, 'lr': 0.001, 'params': 600902, 'time_iter': 12.9923, 'accuracy': 0.9619, 'precision': 0.2, 'recall': 0.0057, 'f1': 0.011, 'auc': 0.7344}
val: {'epoch': 33, 'loss': 0.1051, 'lr': 0.001, 'params': 600902, 'time_iter': 1.6694, 'accuracy': 0.9796, 'precision': 0.0, 'recall': 0.0, 'f1': 0.0, 'auc': 0.7358}
train: {'epoch': 33, 'eta': 880749.9481, 'loss': 0.1456, 'lr': 0.001, 'params': 600902, 'time_iter': 12.8884, 'accuracy': 0.9623, 'precision': 0.3462, 'recall': 0.0073, 'f1': 0.0143, 'auc': 0.7231}
val: {'epoch': 34, 'loss': 0.1005, 'lr': 0.001, 'params': 600902, 'time_iter': 1.8267, 'accuracy': 0.9803, 'precision': 0.0, 'recall': 0.0, 'f1': 0.0, 'auc': 0.7394}
train: {'epoch': 34, 'eta': 868121.0978, 'loss': 0.143, 'lr': 0.001, 'params': 600902, 'time_iter': 13.3432, 'accuracy': 0.962, 'precision': 0.2927, 'recall': 0.0097, 'f1': 0.0189, 'auc': 0.7354}
val: {'epoch': 35, 'loss': 0.1107, 'lr': 0.001, 'params': 600902, 'time_iter': 1.8655, 'accuracy': 0.9803, 'precision': 0.0, 'recall': 0.0, 'f1': 0.0, 'auc': 0.7463}
train: {'epoch': 35, 'eta': 854809.5283, 'loss': 0.1429, 'lr': 0.001, 'params': 600902, 'time_iter': 13.0034, 'accuracy': 0.9619, 'precision': 0.1875, 'recall': 0.0049, 'f1': 0.0095, 'auc': 0.7408}
val: {'epoch': 36, 'loss': 0.1078, 'lr': 0.001, 'params': 600902, 'time_iter': 1.6136, 'accuracy': 0.9798, 'precision': 0.0, 'recall': 0.0, 'f1': 0.0, 'auc': 0.7469}
train: {'epoch': 36, 'eta': 841487.5006, 'loss': 0.1393, 'lr': 0.001, 'params': 600902, 'time_iter': 12.9996, 'accuracy': 0.962, 'precision': 0.3623, 'recall': 0.0203, 'f1': 0.0384, 'auc': 0.7524}
val: {'epoch': 37, 'loss': 0.1049, 'lr': 0.001, 'params': 600902, 'time_iter': 1.7632, 'accuracy': 0.9796, 'precision': 0.0, 'recall': 0.0, 'f1': 0.0, 'auc': 0.7434}
train: {'epoch': 37, 'eta': 828060.0728, 'loss': 0.1397, 'lr': 0.001, 'params': 600902, 'time_iter': 12.9385, 'accuracy': 0.9623, 'precision': 0.4, 'recall': 0.0162, 'f1': 0.0312, 'auc': 0.7494}
val: {'epoch': 38, 'loss': 0.1106, 'lr': 0.001, 'params': 600902, 'time_iter': 1.6578, 'accuracy': 0.9798, 'precision': 0.0, 'recall': 0.0, 'f1': 0.0, 'auc': 0.747}
train: {'epoch': 38, 'eta': 814090.9702, 'loss': 0.1402, 'lr': 0.001, 'params': 600902, 'time_iter': 12.5983, 'accuracy': 0.9622, 'precision': 0.4321, 'recall': 0.0284, 'f1': 0.0533, 'auc': 0.7511}
val: {'epoch': 39, 'loss': 0.1054, 'lr': 0.001, 'params': 600902, 'time_iter': 1.8081, 'accuracy': 0.9803, 'precision': 0.0, 'recall': 0.0, 'f1': 0.0, 'auc': 0.7318}
train: {'epoch': 39, 'eta': 800424.3085, 'loss': 0.1385, 'lr': 0.001, 'params': 600902, 'time_iter': 12.7617, 'accuracy': 0.9618, 'precision': 0.3418, 'recall': 0.0219, 'f1': 0.0412, 'auc': 0.7589}
val: {'epoch': 40, 'loss': 0.1122, 'lr': 0.001, 'params': 600902, 'time_iter': 1.8252, 'accuracy': 0.9801, 'precision': 0.0, 'recall': 0.0, 'f1': 0.0, 'auc': 0.7335}
train: {'epoch': 40, 'eta': 787145.0413, 'loss': 0.1373, 'lr': 0.001, 'params': 600902, 'time_iter': 13.0057, 'accuracy': 0.9623, 'precision': 0.4459, 'recall': 0.0268, 'f1': 0.0505, 'auc': 0.7625}
val: {'epoch': 41, 'loss': 0.1078, 'lr': 0.001, 'params': 600902, 'time_iter': 1.6778, 'accuracy': 0.9803, 'precision': 0.0, 'recall': 0.0, 'f1': 0.0, 'auc': 0.7186}
train: {'epoch': 41, 'eta': 773548.606, 'loss': 0.137, 'lr': 0.001, 'params': 600902, 'time_iter': 12.786, 'accuracy': 0.962, 'precision': 0.4141, 'recall': 0.0333, 'f1': 0.0616, 'auc': 0.7626}
val: {'epoch': 42, 'loss': 0.1073, 'lr': 0.001, 'params': 600902, 'time_iter': 2.1957, 'accuracy': 0.9803, 'precision': 0.0, 'recall': 0.0, 'f1': 0.0, 'auc': 0.7604}
train: {'epoch': 42, 'eta': 760439.0284, 'loss': 0.1371, 'lr': 0.001, 'params': 600902, 'time_iter': 13.1279, 'accuracy': 0.962, 'precision': 0.4021, 'recall': 0.0317, 'f1': 0.0587, 'auc': 0.7607}
val: {'epoch': 43, 'loss': 0.1092, 'lr': 0.001, 'params': 600902, 'time_iter': 1.7812, 'accuracy': 0.9803, 'precision': 0.0, 'recall': 0.0, 'f1': 0.0, 'auc': 0.7552}
train: {'epoch': 43, 'eta': 746827.0846, 'loss': 0.1375, 'lr': 0.001, 'params': 600902, 'time_iter': 12.7582, 'accuracy': 0.9623, 'precision': 0.4516, 'recall': 0.0341, 'f1': 0.0634, 'auc': 0.7584}
val: {'epoch': 44, 'loss': 0.109, 'lr': 0.001, 'params': 600902, 'time_iter': 1.8366, 'accuracy': 0.9798, 'precision': 0.0, 'recall': 0.0, 'f1': 0.0, 'auc': 0.7414}
train: {'epoch': 44, 'eta': 733452.8409, 'loss': 0.1361, 'lr': 0.001, 'params': 600902, 'time_iter': 12.9301, 'accuracy': 0.9623, 'precision': 0.4459, 'recall': 0.0268, 'f1': 0.0505, 'auc': 0.7672}
val: {'epoch': 45, 'loss': 0.1073, 'lr': 0.001, 'params': 600902, 'time_iter': 2.043, 'accuracy': 0.9798, 'precision': 0.0, 'recall': 0.0, 'f1': 0.0, 'auc': 0.7465}
train: {'epoch': 45, 'eta': 719928.9335, 'loss': 0.135, 'lr': 0.001, 'params': 600902, 'time_iter': 12.8037, 'accuracy': 0.9624, 'precision': 0.4844, 'recall': 0.0503, 'f1': 0.0912, 'auc': 0.7715}
val: {'epoch': 46, 'loss': 0.1122, 'lr': 0.001, 'params': 600902, 'time_iter': 1.6946, 'accuracy': 0.9803, 'precision': 0.0, 'recall': 0.0, 'f1': 0.0, 'auc': 0.7477}
train: {'epoch': 46, 'eta': 706722.5055, 'loss': 0.1359, 'lr': 0.001, 'params': 600902, 'time_iter': 13.0645, 'accuracy': 0.9623, 'precision': 0.4624, 'recall': 0.0349, 'f1': 0.0649, 'auc': 0.7664}
val: {'epoch': 47, 'loss': 0.1183, 'lr': 0.001, 'params': 600902, 'time_iter': 1.6677, 'accuracy': 0.9803, 'precision': 0.0, 'recall': 0.0, 'f1': 0.0, 'auc': 0.7549}
train: {'epoch': 47, 'eta': 693296.2792, 'loss': 0.1353, 'lr': 0.001, 'params': 600902, 'time_iter': 12.8762, 'accuracy': 0.9623, 'precision': 0.4667, 'recall': 0.0398, 'f1': 0.0733, 'auc': 0.7655}
val: {'epoch': 48, 'loss': 0.1102, 'lr': 0.001, 'params': 600902, 'time_iter': 2.062, 'accuracy': 0.9803, 'precision': 0.0, 'recall': 0.0, 'f1': 0.0, 'auc': 0.7492}
train: {'epoch': 48, 'eta': 680003.4687, 'loss': 0.1373, 'lr': 0.001, 'params': 600902, 'time_iter': 12.994, 'accuracy': 0.9624, 'precision': 0.4651, 'recall': 0.0325, 'f1': 0.0607, 'auc': 0.7564}
val: {'epoch': 49, 'loss': 0.1136, 'lr': 0.001, 'params': 600902, 'time_iter': 1.685, 'accuracy': 0.9803, 'precision': 0.0, 'recall': 0.0, 'f1': 0.0, 'auc': 0.7341}
train: {'epoch': 49, 'eta': 666694.4008, 'loss': 0.1388, 'lr': 0.001, 'params': 600902, 'time_iter': 12.9813, 'accuracy': 0.9623, 'precision': 0.4444, 'recall': 0.0325, 'f1': 0.0605, 'auc': 0.7516}
val: {'epoch': 50, 'loss': 0.1157, 'lr': 0.001, 'params': 600902, 'time_iter': 1.9248, 'accuracy': 0.9803, 'precision': 0.0, 'recall': 0.0, 'f1': 0.0, 'auc': 0.7296}
train: {'epoch': 50, 'eta': 652511.5172, 'loss': 0.1399, 'lr': 0.001, 'params': 600902, 'time_iter': 12.0994, 'accuracy': 0.9624, 'precision': 0.4658, 'recall': 0.0276, 'f1': 0.0521, 'auc': 0.7438}
val: {'epoch': 51, 'loss': 0.1144, 'lr': 0.001, 'params': 600902, 'time_iter': 2.1007, 'accuracy': 0.9803, 'precision': 0.0, 'recall': 0.0, 'f1': 0.0, 'auc': 0.7378}
train: {'epoch': 51, 'eta': 639184.0073, 'loss': 0.1374, 'lr': 0.001, 'params': 600902, 'time_iter': 12.9297, 'accuracy': 0.9626, 'precision': 0.505, 'recall': 0.0414, 'f1': 0.0765, 'auc': 0.7517}
val: {'epoch': 52, 'loss': 0.1131, 'lr': 0.001, 'params': 600902, 'time_iter': 1.7976, 'accuracy': 0.9803, 'precision': 0.0, 'recall': 0.0, 'f1': 0.0, 'auc': 0.7332}
train: {'epoch': 52, 'eta': 625949.4383, 'loss': 0.1356, 'lr': 0.001, 'params': 600902, 'time_iter': 13.0306, 'accuracy': 0.9627, 'precision': 0.5214, 'recall': 0.0495, 'f1': 0.0904, 'auc': 0.7608}
val: {'epoch': 53, 'loss': 0.1134, 'lr': 0.001, 'params': 600902, 'time_iter': 1.7774, 'accuracy': 0.9803, 'precision': 0.0, 'recall': 0.0, 'f1': 0.0, 'auc': 0.7411}
train: {'epoch': 53, 'eta': 612418.2145, 'loss': 0.1379, 'lr': 0.001, 'params': 600902, 'time_iter': 12.6996, 'accuracy': 0.9629, 'precision': 0.5514, 'recall': 0.0479, 'f1': 0.0881, 'auc': 0.7539}
val: {'epoch': 54, 'loss': 0.1125, 'lr': 0.001, 'params': 600902, 'time_iter': 1.9436, 'accuracy': 0.9803, 'precision': 0.0, 'recall': 0.0, 'f1': 0.0, 'auc': 0.7701}
train: {'epoch': 54, 'eta': 599050.8095, 'loss': 0.1359, 'lr': 0.001, 'params': 600902, 'time_iter': 12.8741, 'accuracy': 0.9629, 'precision': 0.5391, 'recall': 0.056, 'f1': 0.1015, 'auc': 0.7651}
val: {'epoch': 55, 'loss': 0.1159, 'lr': 0.001, 'params': 600902, 'time_iter': 1.6798, 'accuracy': 0.9803, 'precision': 0.0, 'recall': 0.0, 'f1': 0.0, 'auc': 0.7481}
train: {'epoch': 55, 'eta': 585927.8091, 'loss': 0.1357, 'lr': 0.001, 'params': 600902, 'time_iter': 13.1711, 'accuracy': 0.9629, 'precision': 0.5556, 'recall': 0.0528, 'f1': 0.0964, 'auc': 0.7631}
val: {'epoch': 56, 'loss': 0.1093, 'lr': 0.001, 'params': 600902, 'time_iter': 1.6658, 'accuracy': 0.9803, 'precision': 0.0, 'recall': 0.0, 'f1': 0.0, 'auc': 0.7425}
train: {'epoch': 56, 'eta': 572633.8796, 'loss': 0.1348, 'lr': 0.001, 'params': 600902, 'time_iter': 12.9704, 'accuracy': 0.9626, 'precision': 0.5034, 'recall': 0.0593, 'f1': 0.106, 'auc': 0.7643}
val: {'epoch': 57, 'loss': 0.1153, 'lr': 0.001, 'params': 600902, 'time_iter': 1.9047, 'accuracy': 0.9803, 'precision': 0.0, 'recall': 0.0, 'f1': 0.0, 'auc': 0.7286}
train: {'epoch': 57, 'eta': 559191.7067, 'loss': 0.1352, 'lr': 0.001, 'params': 600902, 'time_iter': 12.7739, 'accuracy': 0.9625, 'precision': 0.4964, 'recall': 0.0552, 'f1': 0.0993, 'auc': 0.7624}
val: {'epoch': 58, 'loss': 0.1185, 'lr': 0.001, 'params': 600902, 'time_iter': 1.706, 'accuracy': 0.9801, 'precision': 0.0, 'recall': 0.0, 'f1': 0.0, 'auc': 0.7441}
train: {'epoch': 58, 'eta': 546064.8643, 'loss': 0.1334, 'lr': 0.001, 'params': 600902, 'time_iter': 13.2007, 'accuracy': 0.9632, 'precision': 0.5733, 'recall': 0.0698, 'f1': 0.1245, 'auc': 0.7707}
val: {'epoch': 59, 'loss': 0.1137, 'lr': 0.001, 'params': 600902, 'time_iter': 1.8035, 'accuracy': 0.9803, 'precision': 0.0, 'recall': 0.0, 'f1': 0.0, 'auc': 0.7302}
train: {'epoch': 59, 'eta': 532698.4659, 'loss': 0.1339, 'lr': 0.001, 'params': 600902, 'time_iter': 12.8737, 'accuracy': 0.9636, 'precision': 0.6174, 'recall': 0.0747, 'f1': 0.1332, 'auc': 0.7671}
val: {'epoch': 60, 'loss': 0.1102, 'lr': 0.001, 'params': 600902, 'time_iter': 1.8144, 'accuracy': 0.9803, 'precision': 0.0, 'recall': 0.0, 'f1': 0.0, 'auc': 0.7485}
train: {'epoch': 60, 'eta': 519380.9175, 'loss': 0.1334, 'lr': 0.001, 'params': 600902, 'time_iter': 12.942, 'accuracy': 0.9633, 'precision': 0.5812, 'recall': 0.0755, 'f1': 0.1336, 'auc': 0.7666}
val: {'epoch': 61, 'loss': 0.1092, 'lr': 0.001, 'params': 600902, 'time_iter': 1.8373, 'accuracy': 0.9801, 'precision': 0.0, 'recall': 0.0, 'f1': 0.0, 'auc': 0.7708}
train: {'epoch': 61, 'eta': 505932.1217, 'loss': 0.1325, 'lr': 0.001, 'params': 600902, 'time_iter': 12.7339, 'accuracy': 0.9631, 'precision': 0.5515, 'recall': 0.0739, 'f1': 0.1303, 'auc': 0.7763}
val: {'epoch': 62, 'loss': 0.1154, 'lr': 0.001, 'params': 600902, 'time_iter': 1.7441, 'accuracy': 0.9803, 'precision': 0.0, 'recall': 0.0, 'f1': 0.0, 'auc': 0.747}
train: {'epoch': 62, 'eta': 492789.1205, 'loss': 0.1324, 'lr': 0.001, 'params': 600902, 'time_iter': 13.2217, 'accuracy': 0.963, 'precision': 0.5438, 'recall': 0.0706, 'f1': 0.125, 'auc': 0.7735}
val: {'epoch': 63, 'loss': 0.1098, 'lr': 0.001, 'params': 600902, 'time_iter': 1.8614, 'accuracy': 0.9803, 'precision': 0.0, 'recall': 0.0, 'f1': 0.0, 'auc': 0.7352}
train: {'epoch': 63, 'eta': 479479.6346, 'loss': 0.1315, 'lr': 0.001, 'params': 600902, 'time_iter': 12.9591, 'accuracy': 0.9634, 'precision': 0.5935, 'recall': 0.0747, 'f1': 0.1327, 'auc': 0.78}
val: {'epoch': 64, 'loss': 0.1121, 'lr': 0.001, 'params': 600902, 'time_iter': 1.6496, 'accuracy': 0.9801, 'precision': 0.0, 'recall': 0.0, 'f1': 0.0, 'auc': 0.7342}
train: {'epoch': 64, 'eta': 466152.8774, 'loss': 0.1316, 'lr': 0.001, 'params': 600902, 'time_iter': 12.9293, 'accuracy': 0.9631, 'precision': 0.5576, 'recall': 0.0747, 'f1': 0.1317, 'auc': 0.7839}
val: {'epoch': 65, 'loss': 0.1085, 'lr': 0.001, 'params': 600902, 'time_iter': 1.6368, 'accuracy': 0.9803, 'precision': 0.0, 'recall': 0.0, 'f1': 0.0, 'auc': 0.7496}
train: {'epoch': 65, 'eta': 452841.1479, 'loss': 0.1312, 'lr': 0.001, 'params': 600902, 'time_iter': 12.9564, 'accuracy': 0.9636, 'precision': 0.6038, 'recall': 0.0779, 'f1': 0.138, 'auc': 0.7778}
val: {'epoch': 66, 'loss': 0.1106, 'lr': 0.001, 'params': 600902, 'time_iter': 1.7616, 'accuracy': 0.9803, 'precision': 0.0, 'recall': 0.0, 'f1': 0.0, 'auc': 0.7546}
train: {'epoch': 66, 'eta': 439413.3265, 'loss': 0.1319, 'lr': 0.001, 'params': 600902, 'time_iter': 12.7285, 'accuracy': 0.9638, 'precision': 0.6141, 'recall': 0.0917, 'f1': 0.1596, 'auc': 0.7743}
val: {'epoch': 67, 'loss': 0.1114, 'lr': 0.001, 'params': 600902, 'time_iter': 2.4879, 'accuracy': 0.9803, 'precision': 0.0, 'recall': 0.0, 'f1': 0.0, 'auc': 0.7353}
train: {'epoch': 67, 'eta': 425953.7665, 'loss': 0.1326, 'lr': 0.001, 'params': 600902, 'time_iter': 12.6429, 'accuracy': 0.9631, 'precision': 0.56, 'recall': 0.0682, 'f1': 0.1216, 'auc': 0.7824}
val: {'epoch': 68, 'loss': 0.1101, 'lr': 0.001, 'params': 600902, 'time_iter': 1.6748, 'accuracy': 0.9803, 'precision': 0.0, 'recall': 0.0, 'f1': 0.0, 'auc': 0.7461}
train: {'epoch': 68, 'eta': 412460.9506, 'loss': 0.1348, 'lr': 0.001, 'params': 600902, 'time_iter': 12.5428, 'accuracy': 0.963, 'precision': 0.549, 'recall': 0.0682, 'f1': 0.1213, 'auc': 0.7703}
val: {'epoch': 69, 'loss': 0.1112, 'lr': 0.001, 'params': 600902, 'time_iter': 1.7825, 'accuracy': 0.9803, 'precision': 0.0, 'recall': 0.0, 'f1': 0.0, 'auc': 0.7113}
train: {'epoch': 69, 'eta': 399175.9358, 'loss': 0.1445, 'lr': 0.001, 'params': 600902, 'time_iter': 12.976, 'accuracy': 0.9623, 'precision': 0.4462, 'recall': 0.0235, 'f1': 0.0447, 'auc': 0.7205}
val: {'epoch': 70, 'loss': 0.1075, 'lr': 0.001, 'params': 600902, 'time_iter': 2.1546, 'accuracy': 0.9803, 'precision': 0.0, 'recall': 0.0, 'f1': 0.0, 'auc': 0.7129}
train: {'epoch': 70, 'eta': 385864.9541, 'loss': 0.1452, 'lr': 0.001, 'params': 600902, 'time_iter': 12.9187, 'accuracy': 0.9624, 'precision': 0.4118, 'recall': 0.0114, 'f1': 0.0221, 'auc': 0.7179}
val: {'epoch': 71, 'loss': 0.1148, 'lr': 0.001, 'params': 600902, 'time_iter': 1.6527, 'accuracy': 0.9803, 'precision': 0.0, 'recall': 0.0, 'f1': 0.0, 'auc': 0.7226}
train: {'epoch': 71, 'eta': 372515.1401, 'loss': 0.1447, 'lr': 0.001, 'params': 600902, 'time_iter': 12.8204, 'accuracy': 0.9621, 'precision': 0.2973, 'recall': 0.0089, 'f1': 0.0173, 'auc': 0.7259}
val: {'epoch': 72, 'loss': 0.1058, 'lr': 0.001, 'params': 600902, 'time_iter': 1.7107, 'accuracy': 0.9803, 'precision': 0.0, 'recall': 0.0, 'f1': 0.0, 'auc': 0.7286}
train: {'epoch': 72, 'eta': 359209.0454, 'loss': 0.1438, 'lr': 0.001, 'params': 600902, 'time_iter': 12.924, 'accuracy': 0.9624, 'precision': 0.4318, 'recall': 0.0154, 'f1': 0.0298, 'auc': 0.7329}
val: {'epoch': 73, 'loss': 0.1068, 'lr': 0.001, 'params': 600902, 'time_iter': 1.9163, 'accuracy': 0.9801, 'precision': 0.3333, 'recall': 0.0123, 'f1': 0.0238, 'auc': 0.7262}
train: {'epoch': 73, 'eta': 345804.4882, 'loss': 0.1439, 'lr': 0.001, 'params': 600902, 'time_iter': 12.6511, 'accuracy': 0.9621, 'precision': 0.3158, 'recall': 0.0097, 'f1': 0.0189, 'auc': 0.7331}
val: {'epoch': 74, 'loss': 0.1073, 'lr': 0.001, 'params': 600902, 'time_iter': 1.8687, 'accuracy': 0.9803, 'precision': 0.0, 'recall': 0.0, 'f1': 0.0, 'auc': 0.7357}
train: {'epoch': 74, 'eta': 332448.8235, 'loss': 0.1438, 'lr': 0.001, 'params': 600902, 'time_iter': 12.7636, 'accuracy': 0.962, 'precision': 0.2979, 'recall': 0.0114, 'f1': 0.0219, 'auc': 0.7298}
val: {'epoch': 75, 'loss': 0.1102, 'lr': 0.001, 'params': 600902, 'time_iter': 1.6828, 'accuracy': 0.9803, 'precision': 0.0, 'recall': 0.0, 'f1': 0.0, 'auc': 0.7387}
train: {'epoch': 75, 'eta': 319124.9293, 'loss': 0.1377, 'lr': 0.001, 'params': 600902, 'time_iter': 12.8433, 'accuracy': 0.9626, 'precision': 0.5155, 'recall': 0.0406, 'f1': 0.0752, 'auc': 0.7542}
val: {'epoch': 76, 'loss': 0.109, 'lr': 0.001, 'params': 600902, 'time_iter': 1.7711, 'accuracy': 0.9803, 'precision': 0.0, 'recall': 0.0, 'f1': 0.0, 'auc': 0.7471}
train: {'epoch': 76, 'eta': 305923.6109, 'loss': 0.1363, 'lr': 0.001, 'params': 600902, 'time_iter': 13.233, 'accuracy': 0.9625, 'precision': 0.4922, 'recall': 0.0511, 'f1': 0.0926, 'auc': 0.7577}
val: {'epoch': 77, 'loss': 0.1109, 'lr': 0.001, 'params': 600902, 'time_iter': 1.9405, 'accuracy': 0.9803, 'precision': 0.0, 'recall': 0.0, 'f1': 0.0, 'auc': 0.7515}
train: {'epoch': 77, 'eta': 292664.6159, 'loss': 0.1348, 'lr': 0.001, 'params': 600902, 'time_iter': 13.071, 'accuracy': 0.9629, 'precision': 0.539, 'recall': 0.0617, 'f1': 0.1107, 'auc': 0.767}
val: {'epoch': 78, 'loss': 0.1109, 'lr': 0.001, 'params': 600902, 'time_iter': 1.8259, 'accuracy': 0.9803, 'precision': 0.0, 'recall': 0.0, 'f1': 0.0, 'auc': 0.7649}
train: {'epoch': 78, 'eta': 279251.9606, 'loss': 0.1349, 'lr': 0.001, 'params': 600902, 'time_iter': 12.5269, 'accuracy': 0.9625, 'precision': 0.4923, 'recall': 0.0519, 'f1': 0.094, 'auc': 0.7641}
val: {'epoch': 79, 'loss': 0.1137, 'lr': 0.001, 'params': 600902, 'time_iter': 1.7273, 'accuracy': 0.9803, 'precision': 0.0, 'recall': 0.0, 'f1': 0.0, 'auc': 0.7566}
train: {'epoch': 79, 'eta': 266034.0762, 'loss': 0.1344, 'lr': 0.001, 'params': 600902, 'time_iter': 13.2333, 'accuracy': 0.9628, 'precision': 0.5253, 'recall': 0.0674, 'f1': 0.1194, 'auc': 0.7666}
val: {'epoch': 80, 'loss': 0.1081, 'lr': 0.001, 'params': 600902, 'time_iter': 1.7753, 'accuracy': 0.9803, 'precision': 0.0, 'recall': 0.0, 'f1': 0.0, 'auc': 0.7262}
train: {'epoch': 80, 'eta': 252773.1074, 'loss': 0.137, 'lr': 0.001, 'params': 600902, 'time_iter': 13.0956, 'accuracy': 0.9626, 'precision': 0.5109, 'recall': 0.0568, 'f1': 0.1023, 'auc': 0.7577}
val: {'epoch': 81, 'loss': 0.1157, 'lr': 0.001, 'params': 600902, 'time_iter': 1.6645, 'accuracy': 0.9803, 'precision': 0.0, 'recall': 0.0, 'f1': 0.0, 'auc': 0.7421}
train: {'epoch': 81, 'eta': 239410.319, 'loss': 0.1351, 'lr': 0.001, 'params': 600902, 'time_iter': 12.668, 'accuracy': 0.9627, 'precision': 0.5145, 'recall': 0.0576, 'f1': 0.1036, 'auc': 0.7608}
val: {'epoch': 82, 'loss': 0.1095, 'lr': 0.001, 'params': 600902, 'time_iter': 1.725, 'accuracy': 0.9803, 'precision': 0.0, 'recall': 0.0, 'f1': 0.0, 'auc': 0.7393}
train: {'epoch': 82, 'eta': 226177.8458, 'loss': 0.1349, 'lr': 0.001, 'params': 600902, 'time_iter': 13.2488, 'accuracy': 0.9628, 'precision': 0.5238, 'recall': 0.0625, 'f1': 0.1117, 'auc': 0.7599}
val: {'epoch': 83, 'loss': 0.1222, 'lr': 0.001, 'params': 600902, 'time_iter': 1.8448, 'accuracy': 0.9803, 'precision': 0.0, 'recall': 0.0, 'f1': 0.0, 'auc': 0.7501}
train: {'epoch': 83, 'eta': 212868.0772, 'loss': 0.1345, 'lr': 0.001, 'params': 600902, 'time_iter': 12.9031, 'accuracy': 0.9628, 'precision': 0.5285, 'recall': 0.0528, 'f1': 0.0959, 'auc': 0.7631}
val: {'epoch': 84, 'loss': 0.1163, 'lr': 0.001, 'params': 600902, 'time_iter': 1.7256, 'accuracy': 0.9803, 'precision': 0.0, 'recall': 0.0, 'f1': 0.0, 'auc': 0.7779}
train: {'epoch': 84, 'eta': 199547.2596, 'loss': 0.1343, 'lr': 0.001, 'params': 600902, 'time_iter': 12.8381, 'accuracy': 0.9629, 'precision': 0.5425, 'recall': 0.0674, 'f1': 0.1199, 'auc': 0.7652}
val: {'epoch': 85, 'loss': 0.1205, 'lr': 0.001, 'params': 600902, 'time_iter': 1.7238, 'accuracy': 0.9803, 'precision': 0.0, 'recall': 0.0, 'f1': 0.0, 'auc': 0.7692}
train: {'epoch': 85, 'eta': 186217.6894, 'loss': 0.1327, 'lr': 0.001, 'params': 600902, 'time_iter': 12.7705, 'accuracy': 0.9634, 'precision': 0.5801, 'recall': 0.0852, 'f1': 0.1486, 'auc': 0.7733}
val: {'epoch': 86, 'loss': 0.1175, 'lr': 0.001, 'params': 600902, 'time_iter': 1.665, 'accuracy': 0.9798, 'precision': 0.0, 'recall': 0.0, 'f1': 0.0, 'auc': 0.7641}
train: {'epoch': 86, 'eta': 172941.2725, 'loss': 0.132, 'lr': 0.001, 'params': 600902, 'time_iter': 13.088, 'accuracy': 0.9634, 'precision': 0.5848, 'recall': 0.0812, 'f1': 0.1426, 'auc': 0.7778}
val: {'epoch': 87, 'loss': 0.1154, 'lr': 0.001, 'params': 600902, 'time_iter': 1.7479, 'accuracy': 0.9803, 'precision': 0.0, 'recall': 0.0, 'f1': 0.0, 'auc': 0.7529}
train: {'epoch': 87, 'eta': 159617.7615, 'loss': 0.1317, 'lr': 0.001, 'params': 600902, 'time_iter': 12.7833, 'accuracy': 0.9633, 'precision': 0.5659, 'recall': 0.0836, 'f1': 0.1457, 'auc': 0.7771}
val: {'epoch': 88, 'loss': 0.1169, 'lr': 0.001, 'params': 600902, 'time_iter': 1.617, 'accuracy': 0.9803, 'precision': 0.0, 'recall': 0.0, 'f1': 0.0, 'auc': 0.7759}
train: {'epoch': 88, 'eta': 146312.0061, 'loss': 0.1324, 'lr': 0.001, 'params': 600902, 'time_iter': 12.893, 'accuracy': 0.9634, 'precision': 0.5787, 'recall': 0.0836, 'f1': 0.1461, 'auc': 0.7663}
val: {'epoch': 89, 'loss': 0.1074, 'lr': 0.001, 'params': 600902, 'time_iter': 2.3145, 'accuracy': 0.9801, 'precision': 0.0, 'recall': 0.0, 'f1': 0.0, 'auc': 0.7695}
train: {'epoch': 89, 'eta': 133041.0917, 'loss': 0.1317, 'lr': 0.001, 'params': 600902, 'time_iter': 13.1902, 'accuracy': 0.964, 'precision': 0.6207, 'recall': 0.1023, 'f1': 0.1756, 'auc': 0.7751}
val: {'epoch': 90, 'loss': 0.1122, 'lr': 0.001, 'params': 600902, 'time_iter': 1.7131, 'accuracy': 0.9801, 'precision': 0.0, 'recall': 0.0, 'f1': 0.0, 'auc': 0.7586}
train: {'epoch': 90, 'eta': 119753.3961, 'loss': 0.1311, 'lr': 0.001, 'params': 600902, 'time_iter': 13.0904, 'accuracy': 0.9637, 'precision': 0.598, 'recall': 0.0966, 'f1': 0.1663, 'auc': 0.7822}
val: {'epoch': 91, 'loss': 0.1202, 'lr': 0.001, 'params': 600902, 'time_iter': 1.7911, 'accuracy': 0.9801, 'precision': 0.0, 'recall': 0.0, 'f1': 0.0, 'auc': 0.7527}
train: {'epoch': 91, 'eta': 106444.2203, 'loss': 0.1307, 'lr': 0.001, 'params': 600902, 'time_iter': 12.8947, 'accuracy': 0.9642, 'precision': 0.6421, 'recall': 0.099, 'f1': 0.1716, 'auc': 0.7833}
val: {'epoch': 92, 'loss': 0.1235, 'lr': 0.001, 'params': 600902, 'time_iter': 2.0698, 'accuracy': 0.9801, 'precision': 0.0, 'recall': 0.0, 'f1': 0.0, 'auc': 0.7448}
train: {'epoch': 92, 'eta': 93137.8189, 'loss': 0.1315, 'lr': 0.001, 'params': 600902, 'time_iter': 12.9193, 'accuracy': 0.9635, 'precision': 0.587, 'recall': 0.0877, 'f1': 0.1525, 'auc': 0.7833}
val: {'epoch': 93, 'loss': 0.1221, 'lr': 0.001, 'params': 600902, 'time_iter': 1.8257, 'accuracy': 0.9801, 'precision': 0.0, 'recall': 0.0, 'f1': 0.0, 'auc': 0.7694}
train: {'epoch': 93, 'eta': 79835.4846, 'loss': 0.1299, 'lr': 0.001, 'params': 600902, 'time_iter': 12.9771, 'accuracy': 0.9635, 'precision': 0.5816, 'recall': 0.0925, 'f1': 0.1597, 'auc': 0.7792}
val: {'epoch': 94, 'loss': 0.1194, 'lr': 0.001, 'params': 600902, 'time_iter': 1.6779, 'accuracy': 0.9801, 'precision': 0.0, 'recall': 0.0, 'f1': 0.0, 'auc': 0.7514}
train: {'epoch': 94, 'eta': 66528.5865, 'loss': 0.1289, 'lr': 0.001, 'params': 600902, 'time_iter': 12.9127, 'accuracy': 0.9636, 'precision': 0.5817, 'recall': 0.0982, 'f1': 0.1681, 'auc': 0.7936}
val: {'epoch': 95, 'loss': 0.1179, 'lr': 0.001, 'params': 600902, 'time_iter': 1.7074, 'accuracy': 0.9801, 'precision': 0.0, 'recall': 0.0, 'f1': 0.0, 'auc': 0.7658}
train: {'epoch': 95, 'eta': 53239.8214, 'loss': 0.1291, 'lr': 0.001, 'params': 600902, 'time_iter': 13.3261, 'accuracy': 0.9637, 'precision': 0.592, 'recall': 0.0966, 'f1': 0.1661, 'auc': 0.7864}
val: {'epoch': 96, 'loss': 0.1254, 'lr': 0.001, 'params': 600902, 'time_iter': 1.9029, 'accuracy': 0.9801, 'precision': 0.0, 'recall': 0.0, 'f1': 0.0, 'auc': 0.7634}
train: {'epoch': 96, 'eta': 39928.8856, 'loss': 0.1284, 'lr': 0.001, 'params': 600902, 'time_iter': 12.904, 'accuracy': 0.9641, 'precision': 0.619, 'recall': 0.1055, 'f1': 0.1803, 'auc': 0.7884}
val: {'epoch': 97, 'loss': 0.1189, 'lr': 0.001, 'params': 600902, 'time_iter': 1.7188, 'accuracy': 0.9801, 'precision': 0.0, 'recall': 0.0, 'f1': 0.0, 'auc': 0.766}
train: {'epoch': 97, 'eta': 26615.0807, 'loss': 0.1291, 'lr': 0.001, 'params': 600902, 'time_iter': 12.7356, 'accuracy': 0.964, 'precision': 0.6176, 'recall': 0.1023, 'f1': 0.1755, 'auc': 0.7887}
val: {'epoch': 98, 'loss': 0.1222, 'lr': 0.001, 'params': 600902, 'time_iter': 1.8267, 'accuracy': 0.9801, 'precision': 0.0, 'recall': 0.0, 'f1': 0.0, 'auc': 0.7747}
train: {'epoch': 98, 'eta': 13306.4038, 'loss': 0.1282, 'lr': 0.001, 'params': 600902, 'time_iter': 12.8232, 'accuracy': 0.9644, 'precision': 0.6415, 'recall': 0.1104, 'f1': 0.1884, 'auc': 0.7935}
val: {'epoch': 99, 'loss': 0.1325, 'lr': 0.001, 'params': 600902, 'time_iter': 1.7212, 'accuracy': 0.9801, 'precision': 0.0, 'recall': 0.0, 'f1': 0.0, 'auc': 0.7255}
train: {'epoch': 99, 'eta': 0.0, 'loss': 0.1284, 'lr': 0.001, 'params': 600902, 'time_iter': 13.2145, 'accuracy': 0.964, 'precision': 0.6063, 'recall': 0.1088, 'f1': 0.1844, 'auc': 0.7914}
test: {'epoch': 99, 'loss': 0.2191, 'lr': 0.001, 'params': 600902, 'time_iter': 1.6801, 'accuracy': 0.9684, 'precision': 0.0, 'recall': 0.0, 'f1': 0.0, 'auc': 0.6745}
test: {'epoch': 84, 'loss': 0.1967, 'lr': 0.001, 'params': 600902, 'time_iter': 1.5265, 'accuracy': 0.9684, 'precision': 0.0, 'recall': 0.0, 'f1': 0.0, 'auc': 0.6966}
