GraphGymModule(
  (model): DilatedGNNModel(
    (encoder): FeatureEncoder(
      (node_encoder): AtomEncoder(
        (atom_embedding_list): ModuleList(
          (0): Embedding(119, 300)
          (1): Embedding(4, 300)
          (2): Embedding(12, 300)
          (3): Embedding(12, 300)
          (4): Embedding(10, 300)
          (5): Embedding(6, 300)
          (6): Embedding(6, 300)
          (7): Embedding(2, 300)
          (8): Embedding(2, 300)
        )
      )
      (edge_encoder): BondEncoder(
        (bond_embedding_list): ModuleList(
          (0): Embedding(5, 300)
          (1): Embedding(6, 300)
          (2): Embedding(2, 300)
        )
      )
    )
    (mp): GNNDilatedStage(
      (classic_layers): ModuleList(
        (0): GeneralLayer(
          (layer): EGINConv(
            (model): GINEConv(nn=Sequential(
              (0): Linear(300, 300, bias=True)
              (1): ReLU()
              (2): Linear(300, 300, bias=True)
            ))
          )
          (post_layer): Sequential(
            (0): BatchNorm1d(300, eps=1e-05, momentum=0.1, affine=True, track_running_stats=True)
            (1): Dropout(p=0.5, inplace=False)
            (2): ReLU()
          )
        )
        (1): GeneralLayer(
          (layer): EGINConv(
            (model): GINEConv(nn=Sequential(
              (0): Linear(300, 300, bias=True)
              (1): ReLU()
              (2): Linear(300, 300, bias=True)
            ))
          )
          (post_layer): Sequential(
            (0): BatchNorm1d(300, eps=1e-05, momentum=0.1, affine=True, track_running_stats=True)
            (1): Dropout(p=0.5, inplace=False)
            (2): ReLU()
          )
        )
      )
      (dilated_layers): ModuleList(
        (0): DilatedGeneralLayer(
          (layer): EGINConv(
            (model): GINEConv(nn=Sequential(
              (0): Linear(300, 300, bias=True)
              (1): ReLU()
              (2): Linear(300, 300, bias=True)
            ))
          )
          (post_layer): Sequential(
            (0): BatchNorm1d(300, eps=1e-05, momentum=0.1, affine=True, track_running_stats=True)
            (1): Dropout(p=0.5, inplace=False)
            (2): ReLU()
          )
          (gem): GeM(p=3.0000, eps=1e-06)
        )
        (1): DilatedGeneralLayer(
          (layer): EGINConv(
            (model): GINEConv(nn=Sequential(
              (0): Linear(300, 300, bias=True)
              (1): ReLU()
              (2): Linear(300, 300, bias=True)
            ))
          )
          (post_layer): Sequential(
            (0): BatchNorm1d(300, eps=1e-05, momentum=0.1, affine=True, track_running_stats=True)
            (1): Dropout(p=0.5, inplace=False)
            (2): ReLU()
          )
          (gem): GeM(p=3.0000, eps=1e-06)
        )
      )
      (act): ReLU()
    )
    (post_mp): GNNGraphHead(
      (layer_post_mp): MLP(
        (model): Sequential(
          (0): Linear(
            (model): Linear(600, 1, bias=True)
          )
        )
      )
    )
  )
)
accelerator: cuda
benchmark: False
bn:
  eps: 1e-05
  mom: 0.1
cfg_dest: config.yaml
custom_metrics: []
dataset:
  cache_load: False
  cache_save: False
  dir: ./datasets
  edge_dim: 300
  edge_encoder: True
  edge_encoder_bn: False
  edge_encoder_name: Bond
  edge_message_ratio: 0.8
  edge_negative_sampling_ratio: 1.0
  edge_train_mode: all
  encoder: True
  encoder_bn: True
  encoder_dim: 128
  encoder_name: db
  fast_loader: False
  format: OGB
  label_column: none
  label_table: none
  location: local
  name: ogbg-molhiv
  node_encoder: True
  node_encoder_bn: False
  node_encoder_name: Atom
  remove_feature: False
  resample_disjoint: False
  resample_negative: False
  shuffle_split: True
  split: [0.8, 0.1, 0.1]
  split_mode: random
  task: graph
  task_type: classification
  to_undirected: False
  transductive: False
  transform: none
  tu_simple: True
devices: 1
gnn:
  act: relu
  act_on_last_layer_mp: False
  agg: none
  att_final_linear: False
  att_final_linear_bn: False
  att_heads: 1
  batchnorm: True
  clear_feature: True
  dilated_path_join: concat
  dim_inner: 300
  dropout: 0.5
  head: graph
  keep_edge: 0.5
  l2norm: True
  layer_type: eginconv
  layers_k1: 2
  layers_k2: 2
  layers_mp: 5
  layers_post_mp: 1
  layers_pre_mp: 0
  learn_alpha_residual_connection: True
  msg_direction: single
  normalize_adj: False
  self_msg: concat
  skip_every: 1
  stage_type: stack
  use_edge_features: True
gpu_mem: False
mem:
  inplace: False
metric_agg: argmax
metric_best: auc
model:
  edge_decoding: dot
  graph_pooling: mean
  loss_fun: cross_entropy
  match_upper: True
  size_average: mean
  thresh: 0.5
  type: dilated_gnn
num_threads: 6
num_workers: 16
optim:
  base_lr: 0.001
  lr_decay: 0.1
  max_epoch: 100
  momentum: 0.9
  optimizer: adam
  scheduler: none
  steps: [30, 60, 90]
  weight_decay: 0.0
out_dir: results_experiments/ogbg_molhiv_baseline_grid_design/ogbg_molhiv_baseline-type=dilated_gnn-layer_type=eginconv-layers_k1=2-layers_k2=2-dilated_path_join=concat-learn_alpha_residual_connection=True
params: 1142405
print: both
round: 4
run_dir: results_experiments/ogbg_molhiv_baseline_grid_design/ogbg_molhiv_baseline-type=dilated_gnn-layer_type=eginconv-layers_k1=2-layers_k2=2-dilated_path_join=concat-learn_alpha_residual_connection=True/7
seed: 8
share:
  dim_in: 9
  dim_out: 2
  num_splits: 3
tensorboard_agg: True
tensorboard_each_run: False
train:
  auto_resume: False
  batch_size: 32
  ckpt_clean: True
  ckpt_period: 100
  enable_ckpt: True
  epoch_resume: -1
  eval_period: 1
  iter_per_epoch: 32
  neighbor_sizes: [20, 15, 10, 5]
  node_per_graph: 32
  radius: extend
  sample_node: False
  sampler: full_batch
  skip_train_eval: False
  walk_length: 4
val:
  node_per_graph: 32
  radius: extend
  sample_node: False
  sampler: full_batch
view_emb: False
Num parameters: 1142405
val: {'epoch': 0, 'loss': 0.7165, 'lr': 0.001, 'params': 1142405, 'time_iter': 1.1465, 'accuracy': 0.0156, 'precision': 0.0156, 'recall': 1.0, 'f1': 0.0308, 'auc': 0.5873}
val: {'epoch': 0, 'loss': 0.0948, 'lr': 0.001, 'params': 1142405, 'time_iter': 2.7605, 'accuracy': 0.9803, 'precision': 0.0, 'recall': 0.0, 'f1': 0.0, 'auc': 0.6779}
train: {'epoch': 0, 'eta': 1569452.9732, 'loss': 0.1822, 'lr': 0.001, 'params': 1142405, 'time_iter': 15.4063, 'accuracy': 0.9619, 'precision': 0.0417, 'recall': 0.0008, 'f1': 0.0016, 'auc': 0.5835}
val: {'epoch': 1, 'loss': 0.0899, 'lr': 0.001, 'params': 1142405, 'time_iter': 2.7944, 'accuracy': 0.9803, 'precision': 0.0, 'recall': 0.0, 'f1': 0.0, 'auc': 0.6955}
train: {'epoch': 1, 'eta': 1532552.0093, 'loss': 0.1515, 'lr': 0.001, 'params': 1142405, 'time_iter': 14.9888, 'accuracy': 0.9626, 'precision': 0.0, 'recall': 0.0, 'f1': 0.0, 'auc': 0.6618}
val: {'epoch': 2, 'loss': 0.0895, 'lr': 0.001, 'params': 1142405, 'time_iter': 2.4941, 'accuracy': 0.9803, 'precision': 0.0, 'recall': 0.0, 'f1': 0.0, 'auc': 0.6983}
train: {'epoch': 2, 'eta': 1489918.9371, 'loss': 0.147, 'lr': 0.001, 'params': 1142405, 'time_iter': 14.3862, 'accuracy': 0.9626, 'precision': 0.0, 'recall': 0.0, 'f1': 0.0, 'auc': 0.6987}
val: {'epoch': 3, 'loss': 0.088, 'lr': 0.001, 'params': 1142405, 'time_iter': 2.6507, 'accuracy': 0.9803, 'precision': 0.0, 'recall': 0.0, 'f1': 0.0, 'auc': 0.7321}
train: {'epoch': 3, 'eta': 1472835.3001, 'loss': 0.1447, 'lr': 0.001, 'params': 1142405, 'time_iter': 14.8573, 'accuracy': 0.9626, 'precision': 0.0, 'recall': 0.0, 'f1': 0.0, 'auc': 0.7095}
val: {'epoch': 4, 'loss': 0.0908, 'lr': 0.001, 'params': 1142405, 'time_iter': 2.8081, 'accuracy': 0.981, 'precision': 0.6154, 'recall': 0.0988, 'f1': 0.1702, 'auc': 0.7107}
train: {'epoch': 4, 'eta': 1451115.3227, 'loss': 0.1431, 'lr': 0.001, 'params': 1142405, 'time_iter': 14.5834, 'accuracy': 0.9628, 'precision': 1.0, 'recall': 0.0065, 'f1': 0.0129, 'auc': 0.7172}
val: {'epoch': 5, 'loss': 0.0962, 'lr': 0.001, 'params': 1142405, 'time_iter': 2.6706, 'accuracy': 0.9803, 'precision': 0.0, 'recall': 0.0, 'f1': 0.0, 'auc': 0.7154}
train: {'epoch': 5, 'eta': 1434922.4938, 'loss': 0.1396, 'lr': 0.001, 'params': 1142405, 'time_iter': 14.7875, 'accuracy': 0.963, 'precision': 0.6744, 'recall': 0.0235, 'f1': 0.0455, 'auc': 0.7425}
val: {'epoch': 6, 'loss': 0.0917, 'lr': 0.001, 'params': 1142405, 'time_iter': 2.6798, 'accuracy': 0.9808, 'precision': 0.5714, 'recall': 0.0988, 'f1': 0.1684, 'auc': 0.7544}
train: {'epoch': 6, 'eta': 1421115.1633, 'loss': 0.1381, 'lr': 0.001, 'params': 1142405, 'time_iter': 14.9416, 'accuracy': 0.9637, 'precision': 0.7111, 'recall': 0.0519, 'f1': 0.0968, 'auc': 0.7471}
val: {'epoch': 7, 'loss': 0.0841, 'lr': 0.001, 'params': 1142405, 'time_iter': 3.2895, 'accuracy': 0.981, 'precision': 0.6, 'recall': 0.1111, 'f1': 0.1875, 'auc': 0.7707}
train: {'epoch': 7, 'eta': 1403991.6687, 'loss': 0.1371, 'lr': 0.001, 'params': 1142405, 'time_iter': 14.6944, 'accuracy': 0.964, 'precision': 0.75, 'recall': 0.056, 'f1': 0.1042, 'auc': 0.7556}
val: {'epoch': 8, 'loss': 0.089, 'lr': 0.001, 'params': 1142405, 'time_iter': 2.6726, 'accuracy': 0.9815, 'precision': 0.6667, 'recall': 0.1235, 'f1': 0.2083, 'auc': 0.7519}
train: {'epoch': 8, 'eta': 1389214.9442, 'loss': 0.1335, 'lr': 0.001, 'params': 1142405, 'time_iter': 14.8772, 'accuracy': 0.9641, 'precision': 0.6786, 'recall': 0.0771, 'f1': 0.1385, 'auc': 0.7724}
val: {'epoch': 9, 'loss': 0.0812, 'lr': 0.001, 'params': 1142405, 'time_iter': 2.9036, 'accuracy': 0.9823, 'precision': 0.9, 'recall': 0.1111, 'f1': 0.1978, 'auc': 0.7859}
train: {'epoch': 9, 'eta': 1371923.635, 'loss': 0.1329, 'lr': 0.001, 'params': 1142405, 'time_iter': 14.6172, 'accuracy': 0.9642, 'precision': 0.6626, 'recall': 0.0877, 'f1': 0.1548, 'auc': 0.7711}
val: {'epoch': 10, 'loss': 0.0876, 'lr': 0.001, 'params': 1142405, 'time_iter': 2.5318, 'accuracy': 0.9793, 'precision': 0.4231, 'recall': 0.1358, 'f1': 0.2056, 'auc': 0.7559}
train: {'epoch': 10, 'eta': 1360539.712, 'loss': 0.1319, 'lr': 0.001, 'params': 1142405, 'time_iter': 15.2776, 'accuracy': 0.9643, 'precision': 0.6538, 'recall': 0.0966, 'f1': 0.1683, 'auc': 0.7785}
val: {'epoch': 11, 'loss': 0.0821, 'lr': 0.001, 'params': 1142405, 'time_iter': 2.6724, 'accuracy': 0.9801, 'precision': 0.4762, 'recall': 0.1235, 'f1': 0.1961, 'auc': 0.7899}
train: {'epoch': 11, 'eta': 1345080.0476, 'loss': 0.1307, 'lr': 0.001, 'params': 1142405, 'time_iter': 14.8332, 'accuracy': 0.9648, 'precision': 0.6667, 'recall': 0.1185, 'f1': 0.2012, 'auc': 0.7789}
val: {'epoch': 12, 'loss': 0.0795, 'lr': 0.001, 'params': 1142405, 'time_iter': 2.8025, 'accuracy': 0.9813, 'precision': 0.625, 'recall': 0.1235, 'f1': 0.2062, 'auc': 0.7822}
train: {'epoch': 12, 'eta': 1333172.5301, 'loss': 0.1296, 'lr': 0.001, 'params': 1142405, 'time_iter': 15.3447, 'accuracy': 0.9652, 'precision': 0.7028, 'recall': 0.1209, 'f1': 0.2064, 'auc': 0.7889}
val: {'epoch': 13, 'loss': 0.0842, 'lr': 0.001, 'params': 1142405, 'time_iter': 2.5465, 'accuracy': 0.9818, 'precision': 0.75, 'recall': 0.1111, 'f1': 0.1935, 'auc': 0.7941}
train: {'epoch': 13, 'eta': 1321750.4263, 'loss': 0.129, 'lr': 0.001, 'params': 1142405, 'time_iter': 15.5092, 'accuracy': 0.9651, 'precision': 0.6856, 'recall': 0.1274, 'f1': 0.2149, 'auc': 0.7859}
val: {'epoch': 14, 'loss': 0.0807, 'lr': 0.001, 'params': 1142405, 'time_iter': 2.8028, 'accuracy': 0.9796, 'precision': 0.44, 'recall': 0.1358, 'f1': 0.2075, 'auc': 0.7852}
train: {'epoch': 14, 'eta': 1306836.5779, 'loss': 0.1277, 'lr': 0.001, 'params': 1142405, 'time_iter': 15.0141, 'accuracy': 0.9656, 'precision': 0.7131, 'recall': 0.1372, 'f1': 0.2301, 'auc': 0.7917}
val: {'epoch': 15, 'loss': 0.0884, 'lr': 0.001, 'params': 1142405, 'time_iter': 2.4976, 'accuracy': 0.9815, 'precision': 0.6923, 'recall': 0.1111, 'f1': 0.1915, 'auc': 0.7895}
train: {'epoch': 15, 'eta': 1291814.9099, 'loss': 0.1273, 'lr': 0.001, 'params': 1142405, 'time_iter': 15.0066, 'accuracy': 0.9655, 'precision': 0.6875, 'recall': 0.1429, 'f1': 0.2366, 'auc': 0.7931}
val: {'epoch': 16, 'loss': 0.0862, 'lr': 0.001, 'params': 1142405, 'time_iter': 2.6252, 'accuracy': 0.9818, 'precision': 0.8, 'recall': 0.0988, 'f1': 0.1758, 'auc': 0.7903}
train: {'epoch': 16, 'eta': 1276628.6915, 'loss': 0.1273, 'lr': 0.001, 'params': 1142405, 'time_iter': 14.9837, 'accuracy': 0.9646, 'precision': 0.6382, 'recall': 0.1274, 'f1': 0.2124, 'auc': 0.7977}
val: {'epoch': 17, 'loss': 0.083, 'lr': 0.001, 'params': 1142405, 'time_iter': 3.0122, 'accuracy': 0.981, 'precision': 0.5882, 'recall': 0.1235, 'f1': 0.2041, 'auc': 0.7776}
train: {'epoch': 17, 'eta': 1262220.5666, 'loss': 0.1252, 'lr': 0.001, 'params': 1142405, 'time_iter': 15.1551, 'accuracy': 0.9652, 'precision': 0.6642, 'recall': 0.1445, 'f1': 0.2373, 'auc': 0.8025}
val: {'epoch': 18, 'loss': 0.0831, 'lr': 0.001, 'params': 1142405, 'time_iter': 2.5412, 'accuracy': 0.9786, 'precision': 0.3793, 'recall': 0.1358, 'f1': 0.2, 'auc': 0.7858}
train: {'epoch': 18, 'eta': 1248655.5713, 'loss': 0.1243, 'lr': 0.001, 'params': 1142405, 'time_iter': 15.3758, 'accuracy': 0.9657, 'precision': 0.6783, 'recall': 0.1575, 'f1': 0.2556, 'auc': 0.8026}
val: {'epoch': 19, 'loss': 0.0796, 'lr': 0.001, 'params': 1142405, 'time_iter': 2.7697, 'accuracy': 0.9808, 'precision': 0.5455, 'recall': 0.1481, 'f1': 0.233, 'auc': 0.7956}
train: {'epoch': 19, 'eta': 1232543.6567, 'loss': 0.1235, 'lr': 0.001, 'params': 1142405, 'time_iter': 14.8119, 'accuracy': 0.9653, 'precision': 0.6585, 'recall': 0.1534, 'f1': 0.2488, 'auc': 0.809}
val: {'epoch': 20, 'loss': 0.0788, 'lr': 0.001, 'params': 1142405, 'time_iter': 2.6185, 'accuracy': 0.981, 'precision': 0.56, 'recall': 0.1728, 'f1': 0.2642, 'auc': 0.8006}
train: {'epoch': 20, 'eta': 1216654.8394, 'loss': 0.122, 'lr': 0.001, 'params': 1142405, 'time_iter': 14.8481, 'accuracy': 0.9657, 'precision': 0.6635, 'recall': 0.1696, 'f1': 0.2702, 'auc': 0.8099}
val: {'epoch': 21, 'loss': 0.0841, 'lr': 0.001, 'params': 1142405, 'time_iter': 2.6456, 'accuracy': 0.9815, 'precision': 0.6667, 'recall': 0.1235, 'f1': 0.2083, 'auc': 0.7495}
train: {'epoch': 21, 'eta': 1201521.4129, 'loss': 0.1218, 'lr': 0.001, 'params': 1142405, 'time_iter': 15.0399, 'accuracy': 0.9659, 'precision': 0.6785, 'recall': 0.1713, 'f1': 0.2735, 'auc': 0.8153}
val: {'epoch': 22, 'loss': 0.0835, 'lr': 0.001, 'params': 1142405, 'time_iter': 2.8305, 'accuracy': 0.9796, 'precision': 0.4286, 'recall': 0.1111, 'f1': 0.1765, 'auc': 0.7849}
train: {'epoch': 22, 'eta': 1187478.7019, 'loss': 0.1214, 'lr': 0.001, 'params': 1142405, 'time_iter': 15.3652, 'accuracy': 0.9662, 'precision': 0.6926, 'recall': 0.1737, 'f1': 0.2777, 'auc': 0.8131}
val: {'epoch': 23, 'loss': 0.0811, 'lr': 0.001, 'params': 1142405, 'time_iter': 2.666, 'accuracy': 0.981, 'precision': 0.5484, 'recall': 0.2099, 'f1': 0.3036, 'auc': 0.7879}
train: {'epoch': 23, 'eta': 1170790.3835, 'loss': 0.1205, 'lr': 0.001, 'params': 1142405, 'time_iter': 14.5985, 'accuracy': 0.9655, 'precision': 0.6483, 'recall': 0.1721, 'f1': 0.272, 'auc': 0.8178}
val: {'epoch': 24, 'loss': 0.0803, 'lr': 0.001, 'params': 1142405, 'time_iter': 2.686, 'accuracy': 0.9813, 'precision': 0.5714, 'recall': 0.1975, 'f1': 0.2936, 'auc': 0.7872}
train: {'epoch': 24, 'eta': 1155718.1765, 'loss': 0.1203, 'lr': 0.001, 'params': 1142405, 'time_iter': 15.0788, 'accuracy': 0.9667, 'precision': 0.7082, 'recall': 0.1891, 'f1': 0.2985, 'auc': 0.8149}
val: {'epoch': 25, 'loss': 0.0833, 'lr': 0.001, 'params': 1142405, 'time_iter': 2.6417, 'accuracy': 0.9808, 'precision': 0.5385, 'recall': 0.1728, 'f1': 0.2617, 'auc': 0.7469}
train: {'epoch': 25, 'eta': 1140540.7985, 'loss': 0.1194, 'lr': 0.001, 'params': 1142405, 'time_iter': 15.0546, 'accuracy': 0.9665, 'precision': 0.7074, 'recall': 0.1786, 'f1': 0.2852, 'auc': 0.8214}
val: {'epoch': 26, 'loss': 0.0872, 'lr': 0.001, 'params': 1142405, 'time_iter': 2.5786, 'accuracy': 0.9798, 'precision': 0.4545, 'recall': 0.1235, 'f1': 0.1942, 'auc': 0.7411}
train: {'epoch': 26, 'eta': 1124173.6279, 'loss': 0.1193, 'lr': 0.001, 'params': 1142405, 'time_iter': 14.6353, 'accuracy': 0.9666, 'precision': 0.7046, 'recall': 0.1859, 'f1': 0.2942, 'auc': 0.819}
val: {'epoch': 27, 'loss': 0.0831, 'lr': 0.001, 'params': 1142405, 'time_iter': 2.7172, 'accuracy': 0.9805, 'precision': 0.5294, 'recall': 0.1111, 'f1': 0.1837, 'auc': 0.8046}
train: {'epoch': 27, 'eta': 1108415.1516, 'loss': 0.1184, 'lr': 0.001, 'params': 1142405, 'time_iter': 14.83, 'accuracy': 0.9664, 'precision': 0.6862, 'recall': 0.1899, 'f1': 0.2975, 'auc': 0.8233}
val: {'epoch': 28, 'loss': 0.0836, 'lr': 0.001, 'params': 1142405, 'time_iter': 2.5664, 'accuracy': 0.9801, 'precision': 0.4865, 'recall': 0.2222, 'f1': 0.3051, 'auc': 0.7881}
train: {'epoch': 28, 'eta': 1093419.8086, 'loss': 0.1187, 'lr': 0.001, 'params': 1142405, 'time_iter': 15.1193, 'accuracy': 0.9665, 'precision': 0.6958, 'recall': 0.1875, 'f1': 0.2954, 'auc': 0.8182}
val: {'epoch': 29, 'loss': 0.0812, 'lr': 0.001, 'params': 1142405, 'time_iter': 2.75, 'accuracy': 0.9815, 'precision': 0.5806, 'recall': 0.2222, 'f1': 0.3214, 'auc': 0.8047}
train: {'epoch': 29, 'eta': 1077157.7819, 'loss': 0.1164, 'lr': 0.001, 'params': 1142405, 'time_iter': 14.6073, 'accuracy': 0.9671, 'precision': 0.708, 'recall': 0.2086, 'f1': 0.3223, 'auc': 0.8306}
val: {'epoch': 30, 'loss': 0.0799, 'lr': 0.001, 'params': 1142405, 'time_iter': 2.726, 'accuracy': 0.9813, 'precision': 0.5625, 'recall': 0.2222, 'f1': 0.3186, 'auc': 0.8215}
train: {'epoch': 30, 'eta': 1061937.719, 'loss': 0.1169, 'lr': 0.001, 'params': 1142405, 'time_iter': 15.0276, 'accuracy': 0.9668, 'precision': 0.6947, 'recall': 0.2013, 'f1': 0.3121, 'auc': 0.8278}
val: {'epoch': 31, 'loss': 0.0823, 'lr': 0.001, 'params': 1142405, 'time_iter': 2.5606, 'accuracy': 0.9813, 'precision': 0.5909, 'recall': 0.1605, 'f1': 0.2524, 'auc': 0.8021}
train: {'epoch': 31, 'eta': 1046324.4027, 'loss': 0.1164, 'lr': 0.001, 'params': 1142405, 'time_iter': 14.8547, 'accuracy': 0.9665, 'precision': 0.6729, 'recall': 0.2054, 'f1': 0.3147, 'auc': 0.8308}
val: {'epoch': 32, 'loss': 0.0787, 'lr': 0.001, 'params': 1142405, 'time_iter': 2.6049, 'accuracy': 0.9815, 'precision': 0.5926, 'recall': 0.1975, 'f1': 0.2963, 'auc': 0.8019}
train: {'epoch': 32, 'eta': 1031498.0309, 'loss': 0.1172, 'lr': 0.001, 'params': 1142405, 'time_iter': 15.2219, 'accuracy': 0.9671, 'precision': 0.6995, 'recall': 0.2135, 'f1': 0.3271, 'auc': 0.8294}
val: {'epoch': 33, 'loss': 0.083, 'lr': 0.001, 'params': 1142405, 'time_iter': 2.4985, 'accuracy': 0.9827, 'precision': 0.8571, 'recall': 0.1481, 'f1': 0.2526, 'auc': 0.7926}
train: {'epoch': 33, 'eta': 1016909.2381, 'loss': 0.1159, 'lr': 0.001, 'params': 1142405, 'time_iter': 15.3655, 'accuracy': 0.9675, 'precision': 0.7135, 'recall': 0.2224, 'f1': 0.3391, 'auc': 0.8289}
val: {'epoch': 34, 'loss': 0.0764, 'lr': 0.001, 'params': 1142405, 'time_iter': 2.5614, 'accuracy': 0.982, 'precision': 0.64, 'recall': 0.1975, 'f1': 0.3019, 'auc': 0.8331}
train: {'epoch': 34, 'eta': 1002587.0317, 'loss': 0.1147, 'lr': 0.001, 'params': 1142405, 'time_iter': 15.5415, 'accuracy': 0.9674, 'precision': 0.7062, 'recall': 0.2224, 'f1': 0.3383, 'auc': 0.8365}
val: {'epoch': 35, 'loss': 0.0818, 'lr': 0.001, 'params': 1142405, 'time_iter': 2.8596, 'accuracy': 0.9827, 'precision': 0.9167, 'recall': 0.1358, 'f1': 0.2366, 'auc': 0.7727}
train: {'epoch': 35, 'eta': 986515.4303, 'loss': 0.114, 'lr': 0.001, 'params': 1142405, 'time_iter': 14.6359, 'accuracy': 0.9678, 'precision': 0.724, 'recall': 0.2256, 'f1': 0.3441, 'auc': 0.8362}
val: {'epoch': 36, 'loss': 0.0827, 'lr': 0.001, 'params': 1142405, 'time_iter': 2.544, 'accuracy': 0.9801, 'precision': 0.4848, 'recall': 0.1975, 'f1': 0.2807, 'auc': 0.7949}
train: {'epoch': 36, 'eta': 971602.4642, 'loss': 0.1137, 'lr': 0.001, 'params': 1142405, 'time_iter': 15.266, 'accuracy': 0.9677, 'precision': 0.7121, 'recall': 0.2289, 'f1': 0.3464, 'auc': 0.8377}
val: {'epoch': 37, 'loss': 0.0935, 'lr': 0.001, 'params': 1142405, 'time_iter': 2.6509, 'accuracy': 0.9808, 'precision': 0.625, 'recall': 0.0617, 'f1': 0.1124, 'auc': 0.7417}
train: {'epoch': 37, 'eta': 955965.5174, 'loss': 0.113, 'lr': 0.001, 'params': 1142405, 'time_iter': 14.8597, 'accuracy': 0.9678, 'precision': 0.7067, 'recall': 0.2386, 'f1': 0.3568, 'auc': 0.8405}
val: {'epoch': 38, 'loss': 0.0824, 'lr': 0.001, 'params': 1142405, 'time_iter': 2.8953, 'accuracy': 0.982, 'precision': 0.7059, 'recall': 0.1481, 'f1': 0.2449, 'auc': 0.8003}
train: {'epoch': 38, 'eta': 940322.9408, 'loss': 0.1139, 'lr': 0.001, 'params': 1142405, 'time_iter': 14.8452, 'accuracy': 0.968, 'precision': 0.7214, 'recall': 0.2354, 'f1': 0.355, 'auc': 0.841}
val: {'epoch': 39, 'loss': 0.0833, 'lr': 0.001, 'params': 1142405, 'time_iter': 2.5704, 'accuracy': 0.982, 'precision': 0.6296, 'recall': 0.2099, 'f1': 0.3148, 'auc': 0.7899}
train: {'epoch': 39, 'eta': 924644.431, 'loss': 0.1117, 'lr': 0.001, 'params': 1142405, 'time_iter': 14.8101, 'accuracy': 0.9684, 'precision': 0.7222, 'recall': 0.2532, 'f1': 0.375, 'auc': 0.8446}
val: {'epoch': 40, 'loss': 0.0812, 'lr': 0.001, 'params': 1142405, 'time_iter': 2.6723, 'accuracy': 0.981, 'precision': 0.5789, 'recall': 0.1358, 'f1': 0.22, 'auc': 0.805}
train: {'epoch': 40, 'eta': 909654.6759, 'loss': 0.1118, 'lr': 0.001, 'params': 1142405, 'time_iter': 15.2607, 'accuracy': 0.9688, 'precision': 0.7458, 'recall': 0.2549, 'f1': 0.3799, 'auc': 0.8439}
val: {'epoch': 41, 'loss': 0.079, 'lr': 0.001, 'params': 1142405, 'time_iter': 2.6618, 'accuracy': 0.9808, 'precision': 0.5417, 'recall': 0.1605, 'f1': 0.2476, 'auc': 0.8181}
train: {'epoch': 41, 'eta': 894879.7542, 'loss': 0.1121, 'lr': 0.001, 'params': 1142405, 'time_iter': 15.4358, 'accuracy': 0.9681, 'precision': 0.7252, 'recall': 0.2378, 'f1': 0.3582, 'auc': 0.8467}
val: {'epoch': 42, 'loss': 0.0777, 'lr': 0.001, 'params': 1142405, 'time_iter': 2.7061, 'accuracy': 0.982, 'precision': 0.7059, 'recall': 0.1481, 'f1': 0.2449, 'auc': 0.8247}
train: {'epoch': 42, 'eta': 879286.2199, 'loss': 0.1104, 'lr': 0.001, 'params': 1142405, 'time_iter': 14.8735, 'accuracy': 0.9686, 'precision': 0.7315, 'recall': 0.2565, 'f1': 0.3798, 'auc': 0.845}
val: {'epoch': 43, 'loss': 0.0821, 'lr': 0.001, 'params': 1142405, 'time_iter': 2.9057, 'accuracy': 0.9818, 'precision': 0.6364, 'recall': 0.1728, 'f1': 0.2718, 'auc': 0.8022}
train: {'epoch': 43, 'eta': 863249.4318, 'loss': 0.1108, 'lr': 0.001, 'params': 1142405, 'time_iter': 14.525, 'accuracy': 0.9688, 'precision': 0.7482, 'recall': 0.2508, 'f1': 0.3757, 'auc': 0.8479}
val: {'epoch': 44, 'loss': 0.0782, 'lr': 0.001, 'params': 1142405, 'time_iter': 2.6105, 'accuracy': 0.9805, 'precision': 0.5143, 'recall': 0.2222, 'f1': 0.3103, 'auc': 0.8122}
train: {'epoch': 44, 'eta': 848031.8947, 'loss': 0.1103, 'lr': 0.001, 'params': 1142405, 'time_iter': 15.1379, 'accuracy': 0.9691, 'precision': 0.7432, 'recall': 0.2654, 'f1': 0.3911, 'auc': 0.8486}
val: {'epoch': 45, 'loss': 0.0772, 'lr': 0.001, 'params': 1142405, 'time_iter': 2.7925, 'accuracy': 0.9823, 'precision': 0.7222, 'recall': 0.1605, 'f1': 0.2626, 'auc': 0.8155}
train: {'epoch': 45, 'eta': 832845.076, 'loss': 0.1087, 'lr': 0.001, 'params': 1142405, 'time_iter': 15.1762, 'accuracy': 0.969, 'precision': 0.7431, 'recall': 0.263, 'f1': 0.3885, 'auc': 0.8557}
val: {'epoch': 46, 'loss': 0.078, 'lr': 0.001, 'params': 1142405, 'time_iter': 2.4482, 'accuracy': 0.982, 'precision': 0.6207, 'recall': 0.2222, 'f1': 0.3273, 'auc': 0.8121}
train: {'epoch': 46, 'eta': 817233.6269, 'loss': 0.1083, 'lr': 0.001, 'params': 1142405, 'time_iter': 14.826, 'accuracy': 0.9688, 'precision': 0.7287, 'recall': 0.2638, 'f1': 0.3874, 'auc': 0.8595}
val: {'epoch': 47, 'loss': 0.0792, 'lr': 0.001, 'params': 1142405, 'time_iter': 2.6132, 'accuracy': 0.981, 'precision': 0.5714, 'recall': 0.1481, 'f1': 0.2353, 'auc': 0.8166}
train: {'epoch': 47, 'eta': 801619.6784, 'loss': 0.1084, 'lr': 0.001, 'params': 1142405, 'time_iter': 14.8105, 'accuracy': 0.9691, 'precision': 0.7332, 'recall': 0.2744, 'f1': 0.3993, 'auc': 0.8559}
val: {'epoch': 48, 'loss': 0.0797, 'lr': 0.001, 'params': 1142405, 'time_iter': 2.8247, 'accuracy': 0.9815, 'precision': 0.619, 'recall': 0.1605, 'f1': 0.2549, 'auc': 0.7867}
train: {'epoch': 48, 'eta': 785841.1077, 'loss': 0.1081, 'lr': 0.001, 'params': 1142405, 'time_iter': 14.6425, 'accuracy': 0.969, 'precision': 0.733, 'recall': 0.2719, 'f1': 0.3967, 'auc': 0.8571}
val: {'epoch': 49, 'loss': 0.0801, 'lr': 0.001, 'params': 1142405, 'time_iter': 2.4622, 'accuracy': 0.9805, 'precision': 0.5161, 'recall': 0.1975, 'f1': 0.2857, 'auc': 0.8117}
train: {'epoch': 49, 'eta': 770763.0983, 'loss': 0.1077, 'lr': 0.001, 'params': 1142405, 'time_iter': 15.2957, 'accuracy': 0.9691, 'precision': 0.7346, 'recall': 0.2719, 'f1': 0.3969, 'auc': 0.8602}
val: {'epoch': 50, 'loss': 0.0779, 'lr': 0.001, 'params': 1142405, 'time_iter': 2.7553, 'accuracy': 0.9808, 'precision': 0.5333, 'recall': 0.1975, 'f1': 0.2883, 'auc': 0.81}
train: {'epoch': 50, 'eta': 755243.9877, 'loss': 0.1068, 'lr': 0.001, 'params': 1142405, 'time_iter': 14.8758, 'accuracy': 0.97, 'precision': 0.7639, 'recall': 0.289, 'f1': 0.4193, 'auc': 0.8618}
val: {'epoch': 51, 'loss': 0.0806, 'lr': 0.001, 'params': 1142405, 'time_iter': 3.0711, 'accuracy': 0.9823, 'precision': 0.6818, 'recall': 0.1852, 'f1': 0.2913, 'auc': 0.7908}
train: {'epoch': 51, 'eta': 739904.2881, 'loss': 0.1065, 'lr': 0.001, 'params': 1142405, 'time_iter': 15.0561, 'accuracy': 0.9698, 'precision': 0.7495, 'recall': 0.289, 'f1': 0.4171, 'auc': 0.8629}
val: {'epoch': 52, 'loss': 0.0891, 'lr': 0.001, 'params': 1142405, 'time_iter': 2.4904, 'accuracy': 0.9823, 'precision': 0.75, 'recall': 0.1481, 'f1': 0.2474, 'auc': 0.7511}
train: {'epoch': 52, 'eta': 724615.2649, 'loss': 0.1062, 'lr': 0.001, 'params': 1142405, 'time_iter': 15.1179, 'accuracy': 0.9697, 'precision': 0.7458, 'recall': 0.2881, 'f1': 0.4157, 'auc': 0.8657}
val: {'epoch': 53, 'loss': 0.0827, 'lr': 0.001, 'params': 1142405, 'time_iter': 2.6513, 'accuracy': 0.982, 'precision': 0.7692, 'recall': 0.1235, 'f1': 0.2128, 'auc': 0.7815}
train: {'epoch': 53, 'eta': 709013.4417, 'loss': 0.1053, 'lr': 0.001, 'params': 1142405, 'time_iter': 14.7724, 'accuracy': 0.9704, 'precision': 0.7722, 'recall': 0.2971, 'f1': 0.4291, 'auc': 0.8681}
val: {'epoch': 54, 'loss': 0.0863, 'lr': 0.001, 'params': 1142405, 'time_iter': 2.5662, 'accuracy': 0.982, 'precision': 0.64, 'recall': 0.1975, 'f1': 0.3019, 'auc': 0.766}
train: {'epoch': 54, 'eta': 693872.4937, 'loss': 0.1044, 'lr': 0.001, 'params': 1142405, 'time_iter': 15.3025, 'accuracy': 0.9698, 'precision': 0.7444, 'recall': 0.2955, 'f1': 0.423, 'auc': 0.8694}
val: {'epoch': 55, 'loss': 0.0881, 'lr': 0.001, 'params': 1142405, 'time_iter': 2.5672, 'accuracy': 0.9808, 'precision': 0.5714, 'recall': 0.0988, 'f1': 0.1684, 'auc': 0.7627}
train: {'epoch': 55, 'eta': 678189.7333, 'loss': 0.1046, 'lr': 0.001, 'params': 1142405, 'time_iter': 14.6591, 'accuracy': 0.9694, 'precision': 0.7295, 'recall': 0.289, 'f1': 0.414, 'auc': 0.8714}
val: {'epoch': 56, 'loss': 0.0777, 'lr': 0.001, 'params': 1142405, 'time_iter': 2.7472, 'accuracy': 0.9818, 'precision': 0.7143, 'recall': 0.1235, 'f1': 0.2105, 'auc': 0.827}
train: {'epoch': 56, 'eta': 662648.8812, 'loss': 0.1036, 'lr': 0.001, 'params': 1142405, 'time_iter': 14.8148, 'accuracy': 0.9707, 'precision': 0.7627, 'recall': 0.3157, 'f1': 0.4466, 'auc': 0.8759}
val: {'epoch': 57, 'loss': 0.0849, 'lr': 0.001, 'params': 1142405, 'time_iter': 2.5516, 'accuracy': 0.981, 'precision': 0.5789, 'recall': 0.1358, 'f1': 0.22, 'auc': 0.7504}
train: {'epoch': 57, 'eta': 647398.0858, 'loss': 0.1032, 'lr': 0.001, 'params': 1142405, 'time_iter': 15.1904, 'accuracy': 0.9702, 'precision': 0.7446, 'recall': 0.3101, 'f1': 0.4378, 'auc': 0.8789}
val: {'epoch': 58, 'loss': 0.0763, 'lr': 0.001, 'params': 1142405, 'time_iter': 2.5857, 'accuracy': 0.9818, 'precision': 0.625, 'recall': 0.1852, 'f1': 0.2857, 'auc': 0.8165}
train: {'epoch': 58, 'eta': 632158.6492, 'loss': 0.1037, 'lr': 0.001, 'params': 1142405, 'time_iter': 15.2243, 'accuracy': 0.9702, 'precision': 0.7432, 'recall': 0.3125, 'f1': 0.44, 'auc': 0.8718}
val: {'epoch': 59, 'loss': 0.0867, 'lr': 0.001, 'params': 1142405, 'time_iter': 3.0016, 'accuracy': 0.981, 'precision': 0.5405, 'recall': 0.2469, 'f1': 0.339, 'auc': 0.7945}
train: {'epoch': 59, 'eta': 616780.9946, 'loss': 0.1022, 'lr': 0.001, 'params': 1142405, 'time_iter': 15.0435, 'accuracy': 0.9702, 'precision': 0.7404, 'recall': 0.3125, 'f1': 0.4395, 'auc': 0.882}
val: {'epoch': 60, 'loss': 0.0731, 'lr': 0.001, 'params': 1142405, 'time_iter': 2.6274, 'accuracy': 0.982, 'precision': 0.6296, 'recall': 0.2099, 'f1': 0.3148, 'auc': 0.8202}
train: {'epoch': 60, 'eta': 601328.0738, 'loss': 0.1032, 'lr': 0.001, 'params': 1142405, 'time_iter': 14.9342, 'accuracy': 0.9705, 'precision': 0.7669, 'recall': 0.3044, 'f1': 0.4358, 'auc': 0.8768}
val: {'epoch': 61, 'loss': 0.0785, 'lr': 0.001, 'params': 1142405, 'time_iter': 2.7753, 'accuracy': 0.9832, 'precision': 0.875, 'recall': 0.1728, 'f1': 0.2887, 'auc': 0.788}
train: {'epoch': 61, 'eta': 585762.168, 'loss': 0.1019, 'lr': 0.001, 'params': 1142405, 'time_iter': 14.7507, 'accuracy': 0.9708, 'precision': 0.7514, 'recall': 0.3287, 'f1': 0.4574, 'auc': 0.8826}
val: {'epoch': 62, 'loss': 0.0833, 'lr': 0.001, 'params': 1142405, 'time_iter': 2.5741, 'accuracy': 0.9815, 'precision': 0.5862, 'recall': 0.2099, 'f1': 0.3091, 'auc': 0.8095}
train: {'epoch': 62, 'eta': 570406.662, 'loss': 0.1013, 'lr': 0.001, 'params': 1142405, 'time_iter': 15.0785, 'accuracy': 0.9705, 'precision': 0.761, 'recall': 0.3101, 'f1': 0.4406, 'auc': 0.8864}
val: {'epoch': 63, 'loss': 0.0818, 'lr': 0.001, 'params': 1142405, 'time_iter': 2.6927, 'accuracy': 0.9813, 'precision': 0.6, 'recall': 0.1481, 'f1': 0.2376, 'auc': 0.8027}
train: {'epoch': 63, 'eta': 555205.1017, 'loss': 0.1, 'lr': 0.001, 'params': 1142405, 'time_iter': 15.3531, 'accuracy': 0.9708, 'precision': 0.7566, 'recall': 0.3255, 'f1': 0.4552, 'auc': 0.8855}
val: {'epoch': 64, 'loss': 0.0831, 'lr': 0.001, 'params': 1142405, 'time_iter': 3.4477, 'accuracy': 0.9823, 'precision': 0.6667, 'recall': 0.1975, 'f1': 0.3048, 'auc': 0.7636}
train: {'epoch': 64, 'eta': 540034.4433, 'loss': 0.1015, 'lr': 0.001, 'params': 1142405, 'time_iter': 15.442, 'accuracy': 0.9705, 'precision': 0.7524, 'recall': 0.3157, 'f1': 0.4448, 'auc': 0.885}
val: {'epoch': 65, 'loss': 0.091, 'lr': 0.001, 'params': 1142405, 'time_iter': 2.7082, 'accuracy': 0.982, 'precision': 0.7059, 'recall': 0.1481, 'f1': 0.2449, 'auc': 0.7484}
train: {'epoch': 65, 'eta': 524839.6787, 'loss': 0.0986, 'lr': 0.001, 'params': 1142405, 'time_iter': 15.4376, 'accuracy': 0.9713, 'precision': 0.7802, 'recall': 0.3255, 'f1': 0.4593, 'auc': 0.8914}
val: {'epoch': 66, 'loss': 0.0793, 'lr': 0.001, 'params': 1142405, 'time_iter': 2.8386, 'accuracy': 0.9813, 'precision': 0.5833, 'recall': 0.1728, 'f1': 0.2667, 'auc': 0.7845}
train: {'epoch': 66, 'eta': 509337.3832, 'loss': 0.0987, 'lr': 0.001, 'params': 1142405, 'time_iter': 14.8715, 'accuracy': 0.9713, 'precision': 0.7609, 'recall': 0.3409, 'f1': 0.4709, 'auc': 0.8911}
val: {'epoch': 67, 'loss': 0.0849, 'lr': 0.001, 'params': 1142405, 'time_iter': 2.6103, 'accuracy': 0.982, 'precision': 0.64, 'recall': 0.1975, 'f1': 0.3019, 'auc': 0.7617}
train: {'epoch': 67, 'eta': 493924.4274, 'loss': 0.0992, 'lr': 0.001, 'params': 1142405, 'time_iter': 15.0439, 'accuracy': 0.971, 'precision': 0.7613, 'recall': 0.3287, 'f1': 0.4592, 'auc': 0.8916}
val: {'epoch': 68, 'loss': 0.0885, 'lr': 0.001, 'params': 1142405, 'time_iter': 2.7023, 'accuracy': 0.9813, 'precision': 0.75, 'recall': 0.0741, 'f1': 0.1348, 'auc': 0.7523}
train: {'epoch': 68, 'eta': 478746.4553, 'loss': 0.1, 'lr': 0.001, 'params': 1142405, 'time_iter': 15.5564, 'accuracy': 0.9712, 'precision': 0.7535, 'recall': 0.345, 'f1': 0.4733, 'auc': 0.8884}
val: {'epoch': 69, 'loss': 0.0806, 'lr': 0.001, 'params': 1142405, 'time_iter': 2.812, 'accuracy': 0.983, 'precision': 0.7895, 'recall': 0.1852, 'f1': 0.3, 'auc': 0.7941}
train: {'epoch': 69, 'eta': 463291.7056, 'loss': 0.0984, 'lr': 0.001, 'params': 1142405, 'time_iter': 14.9825, 'accuracy': 0.9711, 'precision': 0.7612, 'recall': 0.3312, 'f1': 0.4615, 'auc': 0.8935}
val: {'epoch': 70, 'loss': 0.0875, 'lr': 0.001, 'params': 1142405, 'time_iter': 2.4704, 'accuracy': 0.9815, 'precision': 0.619, 'recall': 0.1605, 'f1': 0.2549, 'auc': 0.7634}
train: {'epoch': 70, 'eta': 447940.0046, 'loss': 0.0986, 'lr': 0.001, 'params': 1142405, 'time_iter': 15.2252, 'accuracy': 0.9713, 'precision': 0.7662, 'recall': 0.3352, 'f1': 0.4664, 'auc': 0.8904}
val: {'epoch': 71, 'loss': 0.0782, 'lr': 0.001, 'params': 1142405, 'time_iter': 2.6243, 'accuracy': 0.9818, 'precision': 0.6154, 'recall': 0.1975, 'f1': 0.2991, 'auc': 0.8189}
train: {'epoch': 71, 'eta': 432538.2197, 'loss': 0.0969, 'lr': 0.001, 'params': 1142405, 'time_iter': 15.1219, 'accuracy': 0.9723, 'precision': 0.7906, 'recall': 0.3555, 'f1': 0.4905, 'auc': 0.8959}
val: {'epoch': 72, 'loss': 0.0882, 'lr': 0.001, 'params': 1142405, 'time_iter': 2.6007, 'accuracy': 0.9805, 'precision': 0.5263, 'recall': 0.1235, 'f1': 0.2, 'auc': 0.7664}
train: {'epoch': 72, 'eta': 417148.8843, 'loss': 0.0982, 'lr': 0.001, 'params': 1142405, 'time_iter': 15.166, 'accuracy': 0.971, 'precision': 0.7439, 'recall': 0.3442, 'f1': 0.4706, 'auc': 0.8919}
val: {'epoch': 73, 'loss': 0.0826, 'lr': 0.001, 'params': 1142405, 'time_iter': 2.651, 'accuracy': 0.9825, 'precision': 0.7368, 'recall': 0.1728, 'f1': 0.28, 'auc': 0.8216}
train: {'epoch': 73, 'eta': 401687.3692, 'loss': 0.0971, 'lr': 0.001, 'params': 1142405, 'time_iter': 14.9826, 'accuracy': 0.9717, 'precision': 0.7595, 'recall': 0.3563, 'f1': 0.4851, 'auc': 0.8937}
val: {'epoch': 74, 'loss': 0.089, 'lr': 0.001, 'params': 1142405, 'time_iter': 2.7793, 'accuracy': 0.9805, 'precision': 0.5294, 'recall': 0.1111, 'f1': 0.1837, 'auc': 0.7708}
train: {'epoch': 74, 'eta': 386221.976, 'loss': 0.0963, 'lr': 0.001, 'params': 1142405, 'time_iter': 14.9678, 'accuracy': 0.9717, 'precision': 0.7577, 'recall': 0.3604, 'f1': 0.4884, 'auc': 0.8976}
val: {'epoch': 75, 'loss': 0.0873, 'lr': 0.001, 'params': 1142405, 'time_iter': 2.692, 'accuracy': 0.983, 'precision': 0.7895, 'recall': 0.1852, 'f1': 0.3, 'auc': 0.776}
train: {'epoch': 75, 'eta': 370695.1454, 'loss': 0.095, 'lr': 0.001, 'params': 1142405, 'time_iter': 14.7736, 'accuracy': 0.9724, 'precision': 0.8049, 'recall': 0.3482, 'f1': 0.4861, 'auc': 0.9026}
val: {'epoch': 76, 'loss': 0.0913, 'lr': 0.001, 'params': 1142405, 'time_iter': 2.6247, 'accuracy': 0.9813, 'precision': 0.625, 'recall': 0.1235, 'f1': 0.2062, 'auc': 0.7638}
train: {'epoch': 76, 'eta': 355051.7573, 'loss': 0.096, 'lr': 0.001, 'params': 1142405, 'time_iter': 14.3669, 'accuracy': 0.9719, 'precision': 0.7776, 'recall': 0.349, 'f1': 0.4818, 'auc': 0.9022}
val: {'epoch': 77, 'loss': 0.0906, 'lr': 0.001, 'params': 1142405, 'time_iter': 3.2024, 'accuracy': 0.9805, 'precision': 0.5455, 'recall': 0.0741, 'f1': 0.1304, 'auc': 0.7509}
train: {'epoch': 77, 'eta': 339689.4587, 'loss': 0.0966, 'lr': 0.001, 'params': 1142405, 'time_iter': 15.2595, 'accuracy': 0.9714, 'precision': 0.758, 'recall': 0.3482, 'f1': 0.4772, 'auc': 0.8971}
val: {'epoch': 78, 'loss': 0.0865, 'lr': 0.001, 'params': 1142405, 'time_iter': 2.6825, 'accuracy': 0.9813, 'precision': 0.5714, 'recall': 0.1975, 'f1': 0.2936, 'auc': 0.757}
train: {'epoch': 78, 'eta': 324482.1084, 'loss': 0.096, 'lr': 0.001, 'params': 1142405, 'time_iter': 15.8574, 'accuracy': 0.9714, 'precision': 0.7594, 'recall': 0.3458, 'f1': 0.4752, 'auc': 0.9012}
val: {'epoch': 79, 'loss': 0.0936, 'lr': 0.001, 'params': 1142405, 'time_iter': 2.7684, 'accuracy': 0.982, 'precision': 0.6842, 'recall': 0.1605, 'f1': 0.26, 'auc': 0.7352}
train: {'epoch': 79, 'eta': 308937.1537, 'loss': 0.0945, 'lr': 0.001, 'params': 1142405, 'time_iter': 14.6529, 'accuracy': 0.9718, 'precision': 0.7695, 'recall': 0.3523, 'f1': 0.4833, 'auc': 0.9048}
val: {'epoch': 80, 'loss': 0.0867, 'lr': 0.001, 'params': 1142405, 'time_iter': 2.5304, 'accuracy': 0.9808, 'precision': 0.5385, 'recall': 0.1728, 'f1': 0.2617, 'auc': 0.7758}
train: {'epoch': 80, 'eta': 293497.6691, 'loss': 0.0941, 'lr': 0.001, 'params': 1142405, 'time_iter': 15.0421, 'accuracy': 0.9722, 'precision': 0.7668, 'recall': 0.3709, 'f1': 0.5, 'auc': 0.9073}
val: {'epoch': 81, 'loss': 0.0892, 'lr': 0.001, 'params': 1142405, 'time_iter': 2.7076, 'accuracy': 0.9818, 'precision': 0.65, 'recall': 0.1605, 'f1': 0.2574, 'auc': 0.7562}
train: {'epoch': 81, 'eta': 278057.4879, 'loss': 0.0934, 'lr': 0.001, 'params': 1142405, 'time_iter': 15.0432, 'accuracy': 0.9719, 'precision': 0.7766, 'recall': 0.3498, 'f1': 0.4824, 'auc': 0.9111}
val: {'epoch': 82, 'loss': 0.0795, 'lr': 0.001, 'params': 1142405, 'time_iter': 2.7924, 'accuracy': 0.9823, 'precision': 0.7857, 'recall': 0.1358, 'f1': 0.2316, 'auc': 0.8051}
train: {'epoch': 82, 'eta': 262642.2306, 'loss': 0.0937, 'lr': 0.001, 'params': 1142405, 'time_iter': 15.1659, 'accuracy': 0.9723, 'precision': 0.7749, 'recall': 0.3661, 'f1': 0.4972, 'auc': 0.9079}
val: {'epoch': 83, 'loss': 0.0819, 'lr': 0.001, 'params': 1142405, 'time_iter': 2.4044, 'accuracy': 0.983, 'precision': 0.7895, 'recall': 0.1852, 'f1': 0.3, 'auc': 0.7643}
train: {'epoch': 83, 'eta': 247279.5674, 'loss': 0.0932, 'lr': 0.001, 'params': 1142405, 'time_iter': 15.4574, 'accuracy': 0.9719, 'precision': 0.7674, 'recall': 0.3588, 'f1': 0.4889, 'auc': 0.9077}
val: {'epoch': 84, 'loss': 0.085, 'lr': 0.001, 'params': 1142405, 'time_iter': 2.693, 'accuracy': 0.9827, 'precision': 0.6923, 'recall': 0.2222, 'f1': 0.3364, 'auc': 0.7677}
train: {'epoch': 84, 'eta': 231851.284, 'loss': 0.0921, 'lr': 0.001, 'params': 1142405, 'time_iter': 15.1664, 'accuracy': 0.9727, 'precision': 0.7825, 'recall': 0.3766, 'f1': 0.5085, 'auc': 0.914}
val: {'epoch': 85, 'loss': 0.0871, 'lr': 0.001, 'params': 1142405, 'time_iter': 3.3129, 'accuracy': 0.9825, 'precision': 0.9091, 'recall': 0.1235, 'f1': 0.2174, 'auc': 0.7929}
train: {'epoch': 85, 'eta': 216384.2239, 'loss': 0.0929, 'lr': 0.001, 'params': 1142405, 'time_iter': 14.9596, 'accuracy': 0.9718, 'precision': 0.7484, 'recall': 0.3718, 'f1': 0.4967, 'auc': 0.9109}
val: {'epoch': 86, 'loss': 0.0863, 'lr': 0.001, 'params': 1142405, 'time_iter': 2.642, 'accuracy': 0.9825, 'precision': 0.8, 'recall': 0.1481, 'f1': 0.25, 'auc': 0.8042}
train: {'epoch': 86, 'eta': 200925.2934, 'loss': 0.0915, 'lr': 0.001, 'params': 1142405, 'time_iter': 15.0015, 'accuracy': 0.9721, 'precision': 0.7707, 'recall': 0.3628, 'f1': 0.4934, 'auc': 0.9162}
val: {'epoch': 87, 'loss': 0.0932, 'lr': 0.001, 'params': 1142405, 'time_iter': 2.6671, 'accuracy': 0.9818, 'precision': 0.6875, 'recall': 0.1358, 'f1': 0.2268, 'auc': 0.7467}
train: {'epoch': 87, 'eta': 185522.809, 'loss': 0.0912, 'lr': 0.001, 'params': 1142405, 'time_iter': 15.4001, 'accuracy': 0.9718, 'precision': 0.7472, 'recall': 0.3742, 'f1': 0.4986, 'auc': 0.9177}
val: {'epoch': 88, 'loss': 0.0767, 'lr': 0.001, 'params': 1142405, 'time_iter': 2.5352, 'accuracy': 0.9825, 'precision': 0.6667, 'recall': 0.2222, 'f1': 0.3333, 'auc': 0.8216}
train: {'epoch': 88, 'eta': 170091.0621, 'loss': 0.0907, 'lr': 0.001, 'params': 1142405, 'time_iter': 15.2485, 'accuracy': 0.9726, 'precision': 0.7695, 'recall': 0.3847, 'f1': 0.513, 'auc': 0.9153}
val: {'epoch': 89, 'loss': 0.0825, 'lr': 0.001, 'params': 1142405, 'time_iter': 2.7341, 'accuracy': 0.9825, 'precision': 0.6667, 'recall': 0.2222, 'f1': 0.3333, 'auc': 0.7846}
train: {'epoch': 89, 'eta': 154641.3337, 'loss': 0.0906, 'lr': 0.001, 'params': 1142405, 'time_iter': 15.1416, 'accuracy': 0.9729, 'precision': 0.7885, 'recall': 0.3782, 'f1': 0.5112, 'auc': 0.9121}
val: {'epoch': 90, 'loss': 0.0918, 'lr': 0.001, 'params': 1142405, 'time_iter': 2.8489, 'accuracy': 0.9803, 'precision': 0.5, 'recall': 0.0988, 'f1': 0.1649, 'auc': 0.7867}
train: {'epoch': 90, 'eta': 139160.6883, 'loss': 0.0895, 'lr': 0.001, 'params': 1142405, 'time_iter': 14.8661, 'accuracy': 0.9737, 'precision': 0.8094, 'recall': 0.3896, 'f1': 0.526, 'auc': 0.9183}
val: {'epoch': 91, 'loss': 0.0943, 'lr': 0.001, 'params': 1142405, 'time_iter': 2.5817, 'accuracy': 0.9818, 'precision': 0.7143, 'recall': 0.1235, 'f1': 0.2105, 'auc': 0.7567}
train: {'epoch': 91, 'eta': 123732.0397, 'loss': 0.0885, 'lr': 0.001, 'params': 1142405, 'time_iter': 15.4026, 'accuracy': 0.973, 'precision': 0.7787, 'recall': 0.3912, 'f1': 0.5208, 'auc': 0.9225}
val: {'epoch': 92, 'loss': 0.094, 'lr': 0.001, 'params': 1142405, 'time_iter': 2.8808, 'accuracy': 0.982, 'precision': 0.6667, 'recall': 0.1728, 'f1': 0.2745, 'auc': 0.7563}
train: {'epoch': 92, 'eta': 108280.4004, 'loss': 0.089, 'lr': 0.001, 'params': 1142405, 'time_iter': 15.2226, 'accuracy': 0.9733, 'precision': 0.7868, 'recall': 0.3953, 'f1': 0.5262, 'auc': 0.919}
val: {'epoch': 93, 'loss': 0.0904, 'lr': 0.001, 'params': 1142405, 'time_iter': 2.6024, 'accuracy': 0.983, 'precision': 0.7391, 'recall': 0.2099, 'f1': 0.3269, 'auc': 0.7472}
train: {'epoch': 93, 'eta': 92808.3598, 'loss': 0.0888, 'lr': 0.001, 'params': 1142405, 'time_iter': 14.9807, 'accuracy': 0.9734, 'precision': 0.7941, 'recall': 0.3912, 'f1': 0.5242, 'auc': 0.9193}
val: {'epoch': 94, 'loss': 0.0934, 'lr': 0.001, 'params': 1142405, 'time_iter': 2.8004, 'accuracy': 0.982, 'precision': 0.8182, 'recall': 0.1111, 'f1': 0.1957, 'auc': 0.7594}
train: {'epoch': 94, 'eta': 77344.3689, 'loss': 0.0875, 'lr': 0.001, 'params': 1142405, 'time_iter': 15.1073, 'accuracy': 0.9735, 'precision': 0.7839, 'recall': 0.4034, 'f1': 0.5327, 'auc': 0.9246}
val: {'epoch': 95, 'loss': 0.0876, 'lr': 0.001, 'params': 1142405, 'time_iter': 2.9176, 'accuracy': 0.9823, 'precision': 0.6667, 'recall': 0.1975, 'f1': 0.3048, 'auc': 0.7952}
train: {'epoch': 95, 'eta': 61889.8686, 'loss': 0.0876, 'lr': 0.001, 'params': 1142405, 'time_iter': 15.3682, 'accuracy': 0.9734, 'precision': 0.7799, 'recall': 0.4026, 'f1': 0.531, 'auc': 0.9237}
val: {'epoch': 96, 'loss': 0.0986, 'lr': 0.001, 'params': 1142405, 'time_iter': 2.5198, 'accuracy': 0.9801, 'precision': 0.4706, 'recall': 0.0988, 'f1': 0.1633, 'auc': 0.7406}
train: {'epoch': 96, 'eta': 46423.1542, 'loss': 0.0876, 'lr': 0.001, 'params': 1142405, 'time_iter': 15.2172, 'accuracy': 0.9734, 'precision': 0.7869, 'recall': 0.3985, 'f1': 0.5291, 'auc': 0.9251}
val: {'epoch': 97, 'loss': 0.0957, 'lr': 0.001, 'params': 1142405, 'time_iter': 2.7801, 'accuracy': 0.9808, 'precision': 0.5417, 'recall': 0.1605, 'f1': 0.2476, 'auc': 0.7641}
train: {'epoch': 97, 'eta': 30945.2809, 'loss': 0.0864, 'lr': 0.001, 'params': 1142405, 'time_iter': 14.8722, 'accuracy': 0.9738, 'precision': 0.7987, 'recall': 0.4026, 'f1': 0.5353, 'auc': 0.9282}
val: {'epoch': 98, 'loss': 0.0951, 'lr': 0.001, 'params': 1142405, 'time_iter': 2.5736, 'accuracy': 0.983, 'precision': 0.8235, 'recall': 0.1728, 'f1': 0.2857, 'auc': 0.7696}
train: {'epoch': 98, 'eta': 15471.615, 'loss': 0.0859, 'lr': 0.001, 'params': 1142405, 'time_iter': 14.9379, 'accuracy': 0.9738, 'precision': 0.7864, 'recall': 0.4123, 'f1': 0.541, 'auc': 0.9288}
val: {'epoch': 99, 'loss': 0.0857, 'lr': 0.001, 'params': 1142405, 'time_iter': 2.6421, 'accuracy': 0.9813, 'precision': 0.5833, 'recall': 0.1728, 'f1': 0.2667, 'auc': 0.7859}
train: {'epoch': 99, 'eta': 0.0, 'loss': 0.0868, 'lr': 0.001, 'params': 1142405, 'time_iter': 14.5326, 'accuracy': 0.9739, 'precision': 0.7962, 'recall': 0.4058, 'f1': 0.5376, 'auc': 0.9279}
test: {'epoch': 99, 'loss': 0.1479, 'lr': 0.001, 'params': 1142405, 'time_iter': 2.3184, 'accuracy': 0.9689, 'precision': 0.5192, 'recall': 0.2077, 'f1': 0.2967, 'auc': 0.73}
test: {'epoch': 34, 'loss': 0.1238, 'lr': 0.001, 'params': 1142405, 'time_iter': 2.3917, 'accuracy': 0.9701, 'precision': 0.5714, 'recall': 0.2154, 'f1': 0.3128, 'auc': 0.7488}
