GraphGymModule(
  (model): DilatedGNNModel(
    (encoder): FeatureEncoder(
      (node_encoder): AtomEncoder(
        (atom_embedding_list): ModuleList(
          (0): Embedding(119, 300)
          (1): Embedding(4, 300)
          (2): Embedding(12, 300)
          (3): Embedding(12, 300)
          (4): Embedding(10, 300)
          (5): Embedding(6, 300)
          (6): Embedding(6, 300)
          (7): Embedding(2, 300)
          (8): Embedding(2, 300)
        )
      )
      (edge_encoder): BondEncoder(
        (bond_embedding_list): ModuleList(
          (0): Embedding(5, 300)
          (1): Embedding(6, 300)
          (2): Embedding(2, 300)
        )
      )
    )
    (mp): GNNDilatedStage(
      (classic_layers): ModuleList(
        (0): GeneralLayer(
          (layer): EGINConv(
            (model): GINEConv(nn=Sequential(
              (0): Linear(300, 300, bias=True)
              (1): ReLU()
              (2): Linear(300, 300, bias=True)
            ))
          )
          (post_layer): Sequential(
            (0): BatchNorm1d(300, eps=1e-05, momentum=0.1, affine=True, track_running_stats=True)
            (1): Dropout(p=0.5, inplace=False)
            (2): ReLU()
          )
        )
        (1): GeneralLayer(
          (layer): EGINConv(
            (model): GINEConv(nn=Sequential(
              (0): Linear(300, 300, bias=True)
              (1): ReLU()
              (2): Linear(300, 300, bias=True)
            ))
          )
          (post_layer): Sequential(
            (0): BatchNorm1d(300, eps=1e-05, momentum=0.1, affine=True, track_running_stats=True)
            (1): Dropout(p=0.5, inplace=False)
            (2): ReLU()
          )
        )
      )
      (dilated_layers): ModuleList(
        (0): DilatedGeneralLayer(
          (layer): EGINConv(
            (model): GINEConv(nn=Sequential(
              (0): Linear(300, 300, bias=True)
              (1): ReLU()
              (2): Linear(300, 300, bias=True)
            ))
          )
          (post_layer): Sequential(
            (0): BatchNorm1d(300, eps=1e-05, momentum=0.1, affine=True, track_running_stats=True)
            (1): Dropout(p=0.5, inplace=False)
            (2): ReLU()
          )
          (gem): GeM(p=3.0000, eps=1e-06)
        )
        (1): DilatedGeneralLayer(
          (layer): EGINConv(
            (model): GINEConv(nn=Sequential(
              (0): Linear(300, 300, bias=True)
              (1): ReLU()
              (2): Linear(300, 300, bias=True)
            ))
          )
          (post_layer): Sequential(
            (0): BatchNorm1d(300, eps=1e-05, momentum=0.1, affine=True, track_running_stats=True)
            (1): Dropout(p=0.5, inplace=False)
            (2): ReLU()
          )
          (gem): GeM(p=3.0000, eps=1e-06)
        )
        (2): DilatedGeneralLayer(
          (layer): EGINConv(
            (model): GINEConv(nn=Sequential(
              (0): Linear(300, 300, bias=True)
              (1): ReLU()
              (2): Linear(300, 300, bias=True)
            ))
          )
          (post_layer): Sequential(
            (0): BatchNorm1d(300, eps=1e-05, momentum=0.1, affine=True, track_running_stats=True)
            (1): Dropout(p=0.5, inplace=False)
            (2): ReLU()
          )
          (gem): GeM(p=3.0000, eps=1e-06)
        )
      )
      (act): ReLU()
    )
    (post_mp): GNNGraphHead(
      (layer_post_mp): MLP(
        (model): Sequential(
          (0): Linear(
            (model): Linear(300, 1, bias=True)
          )
        )
      )
    )
  )
)
accelerator: cuda
benchmark: False
bn:
  eps: 1e-05
  mom: 0.1
cfg_dest: config.yaml
custom_metrics: []
dataset:
  cache_load: False
  cache_save: False
  dir: ./datasets
  edge_dim: 300
  edge_encoder: True
  edge_encoder_bn: False
  edge_encoder_name: Bond
  edge_message_ratio: 0.8
  edge_negative_sampling_ratio: 1.0
  edge_train_mode: all
  encoder: True
  encoder_bn: True
  encoder_dim: 128
  encoder_name: db
  fast_loader: False
  format: OGB
  label_column: none
  label_table: none
  location: local
  name: ogbg-molhiv
  node_encoder: True
  node_encoder_bn: False
  node_encoder_name: Atom
  remove_feature: False
  resample_disjoint: False
  resample_negative: False
  shuffle_split: True
  split: [0.8, 0.1, 0.1]
  split_mode: random
  task: graph
  task_type: classification
  to_undirected: False
  transductive: False
  transform: none
  tu_simple: True
devices: 1
gnn:
  act: relu
  act_on_last_layer_mp: False
  agg: none
  att_final_linear: False
  att_final_linear_bn: False
  att_heads: 1
  batchnorm: True
  clear_feature: True
  dilated_path_join: add
  dim_inner: 300
  dropout: 0.5
  head: graph
  keep_edge: 0.5
  l2norm: True
  layer_type: eginconv
  layers_k1: 2
  layers_k2: 3
  layers_mp: 5
  layers_post_mp: 1
  layers_pre_mp: 0
  learn_alpha_residual_connection: True
  msg_direction: single
  normalize_adj: False
  self_msg: concat
  skip_every: 1
  stage_type: stack
  use_edge_features: True
gpu_mem: False
mem:
  inplace: False
metric_agg: argmax
metric_best: auc
model:
  edge_decoding: dot
  graph_pooling: mean
  loss_fun: cross_entropy
  match_upper: True
  size_average: mean
  thresh: 0.5
  type: dilated_gnn
num_threads: 6
num_workers: 16
optim:
  base_lr: 0.001
  lr_decay: 0.1
  max_epoch: 100
  momentum: 0.9
  optimizer: adam
  scheduler: none
  steps: [30, 60, 90]
  weight_decay: 0.0
out_dir: results_experiments/ogbg_molhiv_baseline_grid_design/ogbg_molhiv_baseline-type=dilated_gnn-layer_type=eginconv-layers_k1=2-layers_k2=3-dilated_path_join=add-learn_alpha_residual_connection=True
params: 1413607
print: both
round: 4
run_dir: results_experiments/ogbg_molhiv_baseline_grid_design/ogbg_molhiv_baseline-type=dilated_gnn-layer_type=eginconv-layers_k1=2-layers_k2=3-dilated_path_join=add-learn_alpha_residual_connection=True/5
seed: 6
share:
  dim_in: 9
  dim_out: 2
  num_splits: 3
tensorboard_agg: True
tensorboard_each_run: False
train:
  auto_resume: False
  batch_size: 32
  ckpt_clean: True
  ckpt_period: 100
  enable_ckpt: True
  epoch_resume: -1
  eval_period: 1
  iter_per_epoch: 32
  neighbor_sizes: [20, 15, 10, 5]
  node_per_graph: 32
  radius: extend
  sample_node: False
  sampler: full_batch
  skip_train_eval: False
  walk_length: 4
val:
  node_per_graph: 32
  radius: extend
  sample_node: False
  sampler: full_batch
view_emb: False
Num parameters: 1413607
val: {'epoch': 0, 'loss': 0.6526, 'lr': 0.001, 'params': 1413607, 'time_iter': 0.8379, 'accuracy': 0.9844, 'precision': 0.0, 'recall': 0.0, 'f1': 0.0, 'auc': 0.3333}
val: {'epoch': 0, 'loss': 0.0921, 'lr': 0.001, 'params': 1413607, 'time_iter': 2.7336, 'accuracy': 0.9803, 'precision': 0.0, 'recall': 0.0, 'f1': 0.0, 'auc': 0.7258}
train: {'epoch': 0, 'eta': 1518233.757, 'loss': 0.1765, 'lr': 0.001, 'params': 1413607, 'time_iter': 14.9035, 'accuracy': 0.9625, 'precision': 0.3333, 'recall': 0.0016, 'f1': 0.0032, 'auc': 0.5963}
val: {'epoch': 1, 'loss': 0.0904, 'lr': 0.001, 'params': 1413607, 'time_iter': 2.8087, 'accuracy': 0.9803, 'precision': 0.0, 'recall': 0.0, 'f1': 0.0, 'auc': 0.7233}
train: {'epoch': 1, 'eta': 1495055.1953, 'loss': 0.1519, 'lr': 0.001, 'params': 1413607, 'time_iter': 14.7479, 'accuracy': 0.9626, 'precision': 0.0, 'recall': 0.0, 'f1': 0.0, 'auc': 0.6521}
val: {'epoch': 2, 'loss': 0.0933, 'lr': 0.001, 'params': 1413607, 'time_iter': 2.6138, 'accuracy': 0.9803, 'precision': 0.0, 'recall': 0.0, 'f1': 0.0, 'auc': 0.7158}
train: {'epoch': 2, 'eta': 1483828.9899, 'loss': 0.1477, 'lr': 0.001, 'params': 1413607, 'time_iter': 14.9468, 'accuracy': 0.9626, 'precision': 0.0, 'recall': 0.0, 'f1': 0.0, 'auc': 0.6904}
val: {'epoch': 3, 'loss': 0.0876, 'lr': 0.001, 'params': 1413607, 'time_iter': 2.7915, 'accuracy': 0.9803, 'precision': 0.0, 'recall': 0.0, 'f1': 0.0, 'auc': 0.7367}
train: {'epoch': 3, 'eta': 1473372.2799, 'loss': 0.1467, 'lr': 0.001, 'params': 1413607, 'time_iter': 15.0621, 'accuracy': 0.9626, 'precision': 0.5, 'recall': 0.0016, 'f1': 0.0032, 'auc': 0.696}
val: {'epoch': 4, 'loss': 0.0856, 'lr': 0.001, 'params': 1413607, 'time_iter': 2.7166, 'accuracy': 0.981, 'precision': 0.6667, 'recall': 0.0741, 'f1': 0.1333, 'auc': 0.7412}
train: {'epoch': 4, 'eta': 1455118.7775, 'loss': 0.145, 'lr': 0.001, 'params': 1413607, 'time_iter': 14.7665, 'accuracy': 0.9625, 'precision': 0.4, 'recall': 0.0032, 'f1': 0.0064, 'auc': 0.7043}
val: {'epoch': 5, 'loss': 0.0893, 'lr': 0.001, 'params': 1413607, 'time_iter': 2.7883, 'accuracy': 0.9798, 'precision': 0.0, 'recall': 0.0, 'f1': 0.0, 'auc': 0.741}
train: {'epoch': 5, 'eta': 1441200.1626, 'loss': 0.1436, 'lr': 0.001, 'params': 1413607, 'time_iter': 14.9721, 'accuracy': 0.963, 'precision': 0.7778, 'recall': 0.017, 'f1': 0.0334, 'auc': 0.7108}
val: {'epoch': 6, 'loss': 0.0858, 'lr': 0.001, 'params': 1413607, 'time_iter': 2.7547, 'accuracy': 0.9788, 'precision': 0.4062, 'recall': 0.1605, 'f1': 0.2301, 'auc': 0.7704}
train: {'epoch': 6, 'eta': 1426326.4924, 'loss': 0.141, 'lr': 0.001, 'params': 1413607, 'time_iter': 14.9333, 'accuracy': 0.9631, 'precision': 0.6267, 'recall': 0.0381, 'f1': 0.0719, 'auc': 0.7251}
val: {'epoch': 7, 'loss': 0.0791, 'lr': 0.001, 'params': 1413607, 'time_iter': 2.894, 'accuracy': 0.981, 'precision': 0.5714, 'recall': 0.1481, 'f1': 0.2353, 'auc': 0.7849}
train: {'epoch': 7, 'eta': 1413273.4768, 'loss': 0.1381, 'lr': 0.001, 'params': 1413607, 'time_iter': 15.0976, 'accuracy': 0.9639, 'precision': 0.6903, 'recall': 0.0633, 'f1': 0.116, 'auc': 0.7404}
val: {'epoch': 8, 'loss': 0.0809, 'lr': 0.001, 'params': 1413607, 'time_iter': 2.7607, 'accuracy': 0.9818, 'precision': 0.7143, 'recall': 0.1235, 'f1': 0.2105, 'auc': 0.7858}
train: {'epoch': 8, 'eta': 1400292.2678, 'loss': 0.1366, 'lr': 0.001, 'params': 1413607, 'time_iter': 15.1575, 'accuracy': 0.9636, 'precision': 0.6446, 'recall': 0.0633, 'f1': 0.1153, 'auc': 0.7518}
val: {'epoch': 9, 'loss': 0.0845, 'lr': 0.001, 'params': 1413607, 'time_iter': 2.9522, 'accuracy': 0.9801, 'precision': 0.4762, 'recall': 0.1235, 'f1': 0.1961, 'auc': 0.7538}
train: {'epoch': 9, 'eta': 1384096.477, 'loss': 0.1348, 'lr': 0.001, 'params': 1413607, 'time_iter': 14.8669, 'accuracy': 0.9643, 'precision': 0.6788, 'recall': 0.0909, 'f1': 0.1603, 'auc': 0.7564}
val: {'epoch': 10, 'loss': 0.0836, 'lr': 0.001, 'params': 1413607, 'time_iter': 2.7508, 'accuracy': 0.981, 'precision': 0.5714, 'recall': 0.1481, 'f1': 0.2353, 'auc': 0.7479}
train: {'epoch': 10, 'eta': 1369289.7992, 'loss': 0.1334, 'lr': 0.001, 'params': 1413607, 'time_iter': 15.0142, 'accuracy': 0.9642, 'precision': 0.6667, 'recall': 0.0877, 'f1': 0.1549, 'auc': 0.7653}
val: {'epoch': 11, 'loss': 0.0805, 'lr': 0.001, 'params': 1413607, 'time_iter': 2.6714, 'accuracy': 0.9823, 'precision': 0.7, 'recall': 0.1728, 'f1': 0.2772, 'auc': 0.7635}
train: {'epoch': 11, 'eta': 1354182.2804, 'loss': 0.1336, 'lr': 0.001, 'params': 1413607, 'time_iter': 14.9885, 'accuracy': 0.9641, 'precision': 0.6603, 'recall': 0.0836, 'f1': 0.1484, 'auc': 0.7687}
val: {'epoch': 12, 'loss': 0.0877, 'lr': 0.001, 'params': 1413607, 'time_iter': 2.7721, 'accuracy': 0.981, 'precision': 0.7143, 'recall': 0.0617, 'f1': 0.1136, 'auc': 0.7387}
train: {'epoch': 12, 'eta': 1339114.7529, 'loss': 0.1312, 'lr': 0.001, 'params': 1413607, 'time_iter': 15.0013, 'accuracy': 0.9647, 'precision': 0.7, 'recall': 0.1023, 'f1': 0.1785, 'auc': 0.7744}
val: {'epoch': 13, 'loss': 0.0853, 'lr': 0.001, 'params': 1413607, 'time_iter': 2.7012, 'accuracy': 0.9813, 'precision': 0.6, 'recall': 0.1481, 'f1': 0.2376, 'auc': 0.7522}
train: {'epoch': 13, 'eta': 1326073.4127, 'loss': 0.13, 'lr': 0.001, 'params': 1413607, 'time_iter': 15.3302, 'accuracy': 0.9651, 'precision': 0.6995, 'recall': 0.1209, 'f1': 0.2062, 'auc': 0.7822}
val: {'epoch': 14, 'loss': 0.0869, 'lr': 0.001, 'params': 1413607, 'time_iter': 2.8018, 'accuracy': 0.9801, 'precision': 0.4865, 'recall': 0.2222, 'f1': 0.3051, 'auc': 0.7342}
train: {'epoch': 14, 'eta': 1310047.2463, 'loss': 0.1302, 'lr': 0.001, 'params': 1413607, 'time_iter': 14.8808, 'accuracy': 0.9648, 'precision': 0.6667, 'recall': 0.1185, 'f1': 0.2012, 'auc': 0.7796}
val: {'epoch': 15, 'loss': 0.0839, 'lr': 0.001, 'params': 1413607, 'time_iter': 2.7259, 'accuracy': 0.9808, 'precision': 0.5417, 'recall': 0.1605, 'f1': 0.2476, 'auc': 0.7472}
train: {'epoch': 15, 'eta': 1297072.9608, 'loss': 0.1282, 'lr': 0.001, 'params': 1413607, 'time_iter': 15.4293, 'accuracy': 0.9656, 'precision': 0.7143, 'recall': 0.1339, 'f1': 0.2256, 'auc': 0.7859}
val: {'epoch': 16, 'loss': 0.0765, 'lr': 0.001, 'params': 1413607, 'time_iter': 2.8036, 'accuracy': 0.9825, 'precision': 0.8, 'recall': 0.1481, 'f1': 0.25, 'auc': 0.7813}
train: {'epoch': 16, 'eta': 1280358.5725, 'loss': 0.1292, 'lr': 0.001, 'params': 1413607, 'time_iter': 14.7528, 'accuracy': 0.9649, 'precision': 0.6711, 'recall': 0.1226, 'f1': 0.2073, 'auc': 0.7822}
val: {'epoch': 17, 'loss': 0.0836, 'lr': 0.001, 'params': 1413607, 'time_iter': 2.7558, 'accuracy': 0.9784, 'precision': 0.4286, 'recall': 0.2963, 'f1': 0.3504, 'auc': 0.7665}
train: {'epoch': 17, 'eta': 1265300.5367, 'loss': 0.1265, 'lr': 0.001, 'params': 1413607, 'time_iter': 15.0698, 'accuracy': 0.965, 'precision': 0.6525, 'recall': 0.1372, 'f1': 0.2267, 'auc': 0.7965}
val: {'epoch': 18, 'loss': 0.0815, 'lr': 0.001, 'params': 1413607, 'time_iter': 2.8514, 'accuracy': 0.9808, 'precision': 0.5455, 'recall': 0.1481, 'f1': 0.233, 'auc': 0.7443}
train: {'epoch': 18, 'eta': 1248459.6212, 'loss': 0.1258, 'lr': 0.001, 'params': 1413607, 'time_iter': 14.6741, 'accuracy': 0.9659, 'precision': 0.7007, 'recall': 0.1558, 'f1': 0.255, 'auc': 0.7976}
val: {'epoch': 19, 'loss': 0.0767, 'lr': 0.001, 'params': 1413607, 'time_iter': 2.731, 'accuracy': 0.9813, 'precision': 0.5588, 'recall': 0.2346, 'f1': 0.3304, 'auc': 0.8015}
train: {'epoch': 19, 'eta': 1232368.4493, 'loss': 0.1255, 'lr': 0.001, 'params': 1413607, 'time_iter': 14.814, 'accuracy': 0.9649, 'precision': 0.6442, 'recall': 0.1396, 'f1': 0.2295, 'auc': 0.8039}
val: {'epoch': 20, 'loss': 0.0823, 'lr': 0.001, 'params': 1413607, 'time_iter': 2.8456, 'accuracy': 0.9803, 'precision': 0.5, 'recall': 0.1481, 'f1': 0.2286, 'auc': 0.7881}
train: {'epoch': 20, 'eta': 1217499.2364, 'loss': 0.1248, 'lr': 0.001, 'params': 1413607, 'time_iter': 15.1088, 'accuracy': 0.9658, 'precision': 0.6853, 'recall': 0.1591, 'f1': 0.2582, 'auc': 0.799}
val: {'epoch': 21, 'loss': 0.0791, 'lr': 0.001, 'params': 1413607, 'time_iter': 2.7251, 'accuracy': 0.9815, 'precision': 0.5926, 'recall': 0.1975, 'f1': 0.2963, 'auc': 0.7572}
train: {'epoch': 21, 'eta': 1202366.9744, 'loss': 0.1249, 'lr': 0.001, 'params': 1413607, 'time_iter': 15.0536, 'accuracy': 0.965, 'precision': 0.6475, 'recall': 0.1461, 'f1': 0.2384, 'auc': 0.8002}
val: {'epoch': 22, 'loss': 0.0837, 'lr': 0.001, 'params': 1413607, 'time_iter': 2.9554, 'accuracy': 0.9796, 'precision': 0.4348, 'recall': 0.1235, 'f1': 0.1923, 'auc': 0.7695}
train: {'epoch': 22, 'eta': 1187745.8511, 'loss': 0.1235, 'lr': 0.001, 'params': 1413607, 'time_iter': 15.211, 'accuracy': 0.9656, 'precision': 0.6773, 'recall': 0.155, 'f1': 0.2523, 'auc': 0.8071}
val: {'epoch': 23, 'loss': 0.087, 'lr': 0.001, 'params': 1413607, 'time_iter': 2.7417, 'accuracy': 0.9745, 'precision': 0.3378, 'recall': 0.3086, 'f1': 0.3226, 'auc': 0.7867}
train: {'epoch': 23, 'eta': 1172290.0259, 'loss': 0.1223, 'lr': 0.001, 'params': 1413607, 'time_iter': 14.9812, 'accuracy': 0.966, 'precision': 0.684, 'recall': 0.1705, 'f1': 0.2729, 'auc': 0.806}
val: {'epoch': 24, 'loss': 0.0785, 'lr': 0.001, 'params': 1413607, 'time_iter': 2.6846, 'accuracy': 0.981, 'precision': 0.5405, 'recall': 0.2469, 'f1': 0.339, 'auc': 0.7907}
train: {'epoch': 24, 'eta': 1155865.699, 'loss': 0.1222, 'lr': 0.001, 'params': 1413607, 'time_iter': 14.6664, 'accuracy': 0.9659, 'precision': 0.6764, 'recall': 0.1696, 'f1': 0.2713, 'auc': 0.8081}
val: {'epoch': 25, 'loss': 0.0797, 'lr': 0.001, 'params': 1413607, 'time_iter': 2.7318, 'accuracy': 0.9813, 'precision': 0.625, 'recall': 0.1235, 'f1': 0.2062, 'auc': 0.7813}
train: {'epoch': 25, 'eta': 1139891.1752, 'loss': 0.1205, 'lr': 0.001, 'params': 1413607, 'time_iter': 14.785, 'accuracy': 0.9662, 'precision': 0.6897, 'recall': 0.1786, 'f1': 0.2837, 'auc': 0.8148}
val: {'epoch': 26, 'loss': 0.0805, 'lr': 0.001, 'params': 1413607, 'time_iter': 2.6878, 'accuracy': 0.9798, 'precision': 0.4667, 'recall': 0.1728, 'f1': 0.2523, 'auc': 0.7822}
train: {'epoch': 26, 'eta': 1124624.0753, 'loss': 0.1207, 'lr': 0.001, 'params': 1413607, 'time_iter': 15.019, 'accuracy': 0.9663, 'precision': 0.6871, 'recall': 0.1818, 'f1': 0.2875, 'auc': 0.8128}
val: {'epoch': 27, 'loss': 0.08, 'lr': 0.001, 'params': 1413607, 'time_iter': 2.7253, 'accuracy': 0.9791, 'precision': 0.4194, 'recall': 0.1605, 'f1': 0.2321, 'auc': 0.804}
train: {'epoch': 27, 'eta': 1109591.85, 'loss': 0.1206, 'lr': 0.001, 'params': 1413607, 'time_iter': 15.1128, 'accuracy': 0.9663, 'precision': 0.6883, 'recall': 0.181, 'f1': 0.2866, 'auc': 0.8147}
val: {'epoch': 28, 'loss': 0.0797, 'lr': 0.001, 'params': 1413607, 'time_iter': 2.7147, 'accuracy': 0.9796, 'precision': 0.4717, 'recall': 0.3086, 'f1': 0.3731, 'auc': 0.809}
train: {'epoch': 28, 'eta': 1094392.3035, 'loss': 0.12, 'lr': 0.001, 'params': 1413607, 'time_iter': 15.0606, 'accuracy': 0.9659, 'precision': 0.6729, 'recall': 0.1753, 'f1': 0.2782, 'auc': 0.8195}
val: {'epoch': 29, 'loss': 0.0919, 'lr': 0.001, 'params': 1413607, 'time_iter': 2.7974, 'accuracy': 0.9788, 'precision': 0.4318, 'recall': 0.2346, 'f1': 0.304, 'auc': 0.7305}
train: {'epoch': 29, 'eta': 1078840.6047, 'loss': 0.1195, 'lr': 0.001, 'params': 1413607, 'time_iter': 14.9222, 'accuracy': 0.9662, 'precision': 0.6622, 'recall': 0.2005, 'f1': 0.3078, 'auc': 0.8163}
val: {'epoch': 30, 'loss': 0.0772, 'lr': 0.001, 'params': 1413607, 'time_iter': 2.6827, 'accuracy': 0.9818, 'precision': 0.6154, 'recall': 0.1975, 'f1': 0.2991, 'auc': 0.7796}
train: {'epoch': 30, 'eta': 1062429.1752, 'loss': 0.1189, 'lr': 0.001, 'params': 1413607, 'time_iter': 14.5413, 'accuracy': 0.9665, 'precision': 0.6955, 'recall': 0.1891, 'f1': 0.2974, 'auc': 0.8195}
val: {'epoch': 31, 'loss': 0.0805, 'lr': 0.001, 'params': 1413607, 'time_iter': 2.761, 'accuracy': 0.9808, 'precision': 0.5312, 'recall': 0.2099, 'f1': 0.3009, 'auc': 0.8024}
train: {'epoch': 31, 'eta': 1047456.0396, 'loss': 0.1195, 'lr': 0.001, 'params': 1413607, 'time_iter': 15.1577, 'accuracy': 0.9668, 'precision': 0.7071, 'recall': 0.194, 'f1': 0.3045, 'auc': 0.8144}
val: {'epoch': 32, 'loss': 0.0859, 'lr': 0.001, 'params': 1413607, 'time_iter': 2.7012, 'accuracy': 0.9808, 'precision': 0.5455, 'recall': 0.1481, 'f1': 0.233, 'auc': 0.8009}
train: {'epoch': 32, 'eta': 1032762.8828, 'loss': 0.1183, 'lr': 0.001, 'params': 1413607, 'time_iter': 15.3098, 'accuracy': 0.9663, 'precision': 0.6753, 'recall': 0.1907, 'f1': 0.2975, 'auc': 0.8276}
val: {'epoch': 33, 'loss': 0.0785, 'lr': 0.001, 'params': 1413607, 'time_iter': 2.8093, 'accuracy': 0.9818, 'precision': 0.5882, 'recall': 0.2469, 'f1': 0.3478, 'auc': 0.8081}
train: {'epoch': 33, 'eta': 1017075.9337, 'loss': 0.1183, 'lr': 0.001, 'params': 1413607, 'time_iter': 14.8435, 'accuracy': 0.9664, 'precision': 0.68, 'recall': 0.1932, 'f1': 0.3009, 'auc': 0.8273}
val: {'epoch': 34, 'loss': 0.082, 'lr': 0.001, 'params': 1413607, 'time_iter': 2.7161, 'accuracy': 0.9805, 'precision': 0.5102, 'recall': 0.3086, 'f1': 0.3846, 'auc': 0.7557}
train: {'epoch': 34, 'eta': 1001640.4602, 'loss': 0.116, 'lr': 0.001, 'params': 1413607, 'time_iter': 14.9627, 'accuracy': 0.9662, 'precision': 0.664, 'recall': 0.1989, 'f1': 0.3061, 'auc': 0.8342}
val: {'epoch': 35, 'loss': 0.0828, 'lr': 0.001, 'params': 1413607, 'time_iter': 2.8283, 'accuracy': 0.9796, 'precision': 0.4634, 'recall': 0.2346, 'f1': 0.3115, 'auc': 0.7784}
train: {'epoch': 35, 'eta': 986641.8589, 'loss': 0.1155, 'lr': 0.001, 'params': 1413607, 'time_iter': 15.2004, 'accuracy': 0.9671, 'precision': 0.6974, 'recall': 0.2151, 'f1': 0.3288, 'auc': 0.834}
val: {'epoch': 36, 'loss': 0.0801, 'lr': 0.001, 'params': 1413607, 'time_iter': 2.7139, 'accuracy': 0.9813, 'precision': 0.5769, 'recall': 0.1852, 'f1': 0.2804, 'auc': 0.7963}
train: {'epoch': 36, 'eta': 971271.0756, 'loss': 0.117, 'lr': 0.001, 'params': 1413607, 'time_iter': 15.0078, 'accuracy': 0.9672, 'precision': 0.7115, 'recall': 0.2102, 'f1': 0.3246, 'auc': 0.8252}
val: {'epoch': 37, 'loss': 0.0764, 'lr': 0.001, 'params': 1413607, 'time_iter': 2.8541, 'accuracy': 0.981, 'precision': 0.5517, 'recall': 0.1975, 'f1': 0.2909, 'auc': 0.802}
train: {'epoch': 37, 'eta': 955622.919, 'loss': 0.1148, 'lr': 0.001, 'params': 1413607, 'time_iter': 14.8448, 'accuracy': 0.9678, 'precision': 0.7219, 'recall': 0.2297, 'f1': 0.3485, 'auc': 0.8334}
val: {'epoch': 38, 'loss': 0.0771, 'lr': 0.001, 'params': 1413607, 'time_iter': 2.7683, 'accuracy': 0.9815, 'precision': 0.5641, 'recall': 0.2716, 'f1': 0.3667, 'auc': 0.8129}
train: {'epoch': 38, 'eta': 940325.0093, 'loss': 0.1146, 'lr': 0.001, 'params': 1413607, 'time_iter': 15.0506, 'accuracy': 0.967, 'precision': 0.6893, 'recall': 0.2143, 'f1': 0.3269, 'auc': 0.8374}
val: {'epoch': 39, 'loss': 0.0843, 'lr': 0.001, 'params': 1413607, 'time_iter': 2.9015, 'accuracy': 0.9813, 'precision': 0.6111, 'recall': 0.1358, 'f1': 0.2222, 'auc': 0.7913}
train: {'epoch': 39, 'eta': 924241.7679, 'loss': 0.1128, 'lr': 0.001, 'params': 1413607, 'time_iter': 14.5479, 'accuracy': 0.9687, 'precision': 0.7512, 'recall': 0.2451, 'f1': 0.3696, 'auc': 0.8398}
val: {'epoch': 40, 'loss': 0.0795, 'lr': 0.001, 'params': 1413607, 'time_iter': 2.6915, 'accuracy': 0.9791, 'precision': 0.451, 'recall': 0.284, 'f1': 0.3485, 'auc': 0.799}
train: {'epoch': 40, 'eta': 909558.7939, 'loss': 0.1139, 'lr': 0.001, 'params': 1413607, 'time_iter': 15.4569, 'accuracy': 0.9675, 'precision': 0.6983, 'recall': 0.233, 'f1': 0.3494, 'auc': 0.8387}
val: {'epoch': 41, 'loss': 0.076, 'lr': 0.001, 'params': 1413607, 'time_iter': 2.9169, 'accuracy': 0.9813, 'precision': 0.5526, 'recall': 0.2593, 'f1': 0.3529, 'auc': 0.8141}
train: {'epoch': 41, 'eta': 894262.0068, 'loss': 0.114, 'lr': 0.001, 'params': 1413607, 'time_iter': 15.0658, 'accuracy': 0.968, 'precision': 0.7232, 'recall': 0.2354, 'f1': 0.3552, 'auc': 0.8395}
val: {'epoch': 42, 'loss': 0.0769, 'lr': 0.001, 'params': 1413607, 'time_iter': 2.7109, 'accuracy': 0.9808, 'precision': 0.5333, 'recall': 0.1975, 'f1': 0.2883, 'auc': 0.82}
train: {'epoch': 42, 'eta': 879367.9682, 'loss': 0.1129, 'lr': 0.001, 'params': 1413607, 'time_iter': 15.3681, 'accuracy': 0.9678, 'precision': 0.7041, 'recall': 0.2394, 'f1': 0.3574, 'auc': 0.8429}
val: {'epoch': 43, 'loss': 0.0858, 'lr': 0.001, 'params': 1413607, 'time_iter': 2.6866, 'accuracy': 0.9779, 'precision': 0.4306, 'recall': 0.3827, 'f1': 0.4052, 'auc': 0.819}
train: {'epoch': 43, 'eta': 863498.1605, 'loss': 0.1136, 'lr': 0.001, 'params': 1413607, 'time_iter': 14.655, 'accuracy': 0.9672, 'precision': 0.6937, 'recall': 0.2224, 'f1': 0.3368, 'auc': 0.8425}
val: {'epoch': 44, 'loss': 0.0773, 'lr': 0.001, 'params': 1413607, 'time_iter': 2.7823, 'accuracy': 0.981, 'precision': 0.5517, 'recall': 0.1975, 'f1': 0.2909, 'auc': 0.8156}
train: {'epoch': 44, 'eta': 847959.343, 'loss': 0.1135, 'lr': 0.001, 'params': 1413607, 'time_iter': 14.8903, 'accuracy': 0.9679, 'precision': 0.7164, 'recall': 0.2378, 'f1': 0.3571, 'auc': 0.8392}
val: {'epoch': 45, 'loss': 0.0804, 'lr': 0.001, 'params': 1413607, 'time_iter': 2.6976, 'accuracy': 0.9786, 'precision': 0.4407, 'recall': 0.321, 'f1': 0.3714, 'auc': 0.8082}
train: {'epoch': 45, 'eta': 832586.2059, 'loss': 0.1127, 'lr': 0.001, 'params': 1413607, 'time_iter': 15.0196, 'accuracy': 0.968, 'precision': 0.7093, 'recall': 0.2476, 'f1': 0.367, 'auc': 0.8433}
val: {'epoch': 46, 'loss': 0.0745, 'lr': 0.001, 'params': 1413607, 'time_iter': 2.7881, 'accuracy': 0.9815, 'precision': 0.5641, 'recall': 0.2716, 'f1': 0.3667, 'auc': 0.8199}
train: {'epoch': 46, 'eta': 816905.7846, 'loss': 0.1116, 'lr': 0.001, 'params': 1413607, 'time_iter': 14.7578, 'accuracy': 0.9686, 'precision': 0.7302, 'recall': 0.2549, 'f1': 0.3779, 'auc': 0.847}
val: {'epoch': 47, 'loss': 0.0835, 'lr': 0.001, 'params': 1413607, 'time_iter': 2.7112, 'accuracy': 0.9808, 'precision': 0.5263, 'recall': 0.2469, 'f1': 0.3361, 'auc': 0.7862}
train: {'epoch': 47, 'eta': 801007.5809, 'loss': 0.1125, 'lr': 0.001, 'params': 1413607, 'time_iter': 14.544, 'accuracy': 0.9687, 'precision': 0.7371, 'recall': 0.2549, 'f1': 0.3788, 'auc': 0.8411}
val: {'epoch': 48, 'loss': 0.079, 'lr': 0.001, 'params': 1413607, 'time_iter': 2.8255, 'accuracy': 0.982, 'precision': 0.64, 'recall': 0.1975, 'f1': 0.3019, 'auc': 0.826}
train: {'epoch': 48, 'eta': 785655.7675, 'loss': 0.1118, 'lr': 0.001, 'params': 1413607, 'time_iter': 15.0186, 'accuracy': 0.9683, 'precision': 0.713, 'recall': 0.2581, 'f1': 0.379, 'auc': 0.8445}
val: {'epoch': 49, 'loss': 0.0832, 'lr': 0.001, 'params': 1413607, 'time_iter': 2.7615, 'accuracy': 0.982, 'precision': 0.6842, 'recall': 0.1605, 'f1': 0.26, 'auc': 0.8}
train: {'epoch': 49, 'eta': 770319.828, 'loss': 0.1097, 'lr': 0.001, 'params': 1413607, 'time_iter': 15.038, 'accuracy': 0.9693, 'precision': 0.744, 'recall': 0.276, 'f1': 0.4026, 'auc': 0.8474}
val: {'epoch': 50, 'loss': 0.0914, 'lr': 0.001, 'params': 1413607, 'time_iter': 2.8275, 'accuracy': 0.9784, 'precision': 0.4355, 'recall': 0.3333, 'f1': 0.3776, 'auc': 0.8007}
train: {'epoch': 50, 'eta': 754791.5505, 'loss': 0.1106, 'lr': 0.001, 'params': 1413607, 'time_iter': 14.8489, 'accuracy': 0.9681, 'precision': 0.7029, 'recall': 0.2573, 'f1': 0.3767, 'auc': 0.8491}
val: {'epoch': 51, 'loss': 0.0821, 'lr': 0.001, 'params': 1413607, 'time_iter': 2.7318, 'accuracy': 0.9803, 'precision': 0.5, 'recall': 0.2593, 'f1': 0.3415, 'auc': 0.8178}
train: {'epoch': 51, 'eta': 739208.3312, 'loss': 0.1108, 'lr': 0.001, 'params': 1413607, 'time_iter': 14.781, 'accuracy': 0.9684, 'precision': 0.7096, 'recall': 0.2638, 'f1': 0.3846, 'auc': 0.85}
val: {'epoch': 52, 'loss': 0.0826, 'lr': 0.001, 'params': 1413607, 'time_iter': 2.836, 'accuracy': 0.9825, 'precision': 0.7647, 'recall': 0.1605, 'f1': 0.2653, 'auc': 0.8144}
train: {'epoch': 52, 'eta': 723383.8261, 'loss': 0.1099, 'lr': 0.001, 'params': 1413607, 'time_iter': 14.5011, 'accuracy': 0.9682, 'precision': 0.6981, 'recall': 0.2646, 'f1': 0.3838, 'auc': 0.851}
val: {'epoch': 53, 'loss': 0.0907, 'lr': 0.001, 'params': 1413607, 'time_iter': 2.7146, 'accuracy': 0.9769, 'precision': 0.36, 'recall': 0.2222, 'f1': 0.2748, 'auc': 0.8016}
train: {'epoch': 53, 'eta': 708204.1432, 'loss': 0.1089, 'lr': 0.001, 'params': 1413607, 'time_iter': 15.1986, 'accuracy': 0.9688, 'precision': 0.7189, 'recall': 0.2719, 'f1': 0.3946, 'auc': 0.8567}
val: {'epoch': 54, 'loss': 0.0786, 'lr': 0.001, 'params': 1413607, 'time_iter': 2.8825, 'accuracy': 0.9808, 'precision': 0.5278, 'recall': 0.2346, 'f1': 0.3248, 'auc': 0.8144}
train: {'epoch': 54, 'eta': 692704.6895, 'loss': 0.1082, 'lr': 0.001, 'params': 1413607, 'time_iter': 14.8387, 'accuracy': 0.9696, 'precision': 0.7447, 'recall': 0.2865, 'f1': 0.4138, 'auc': 0.858}
val: {'epoch': 55, 'loss': 0.0754, 'lr': 0.001, 'params': 1413607, 'time_iter': 2.6973, 'accuracy': 0.9813, 'precision': 0.5526, 'recall': 0.2593, 'f1': 0.3529, 'auc': 0.8203}
train: {'epoch': 55, 'eta': 677771.7744, 'loss': 0.109, 'lr': 0.001, 'params': 1413607, 'time_iter': 15.5292, 'accuracy': 0.9695, 'precision': 0.7426, 'recall': 0.2857, 'f1': 0.4127, 'auc': 0.8593}
val: {'epoch': 56, 'loss': 0.082, 'lr': 0.001, 'params': 1413607, 'time_iter': 2.9015, 'accuracy': 0.9805, 'precision': 0.5135, 'recall': 0.2346, 'f1': 0.322, 'auc': 0.797}
train: {'epoch': 56, 'eta': 662341.4573, 'loss': 0.1073, 'lr': 0.001, 'params': 1413607, 'time_iter': 14.9358, 'accuracy': 0.9691, 'precision': 0.7313, 'recall': 0.2784, 'f1': 0.4033, 'auc': 0.8586}
val: {'epoch': 57, 'loss': 0.0876, 'lr': 0.001, 'params': 1413607, 'time_iter': 2.6374, 'accuracy': 0.9808, 'precision': 0.5357, 'recall': 0.1852, 'f1': 0.2752, 'auc': 0.8008}
train: {'epoch': 57, 'eta': 646882.1679, 'loss': 0.108, 'lr': 0.001, 'params': 1413607, 'time_iter': 14.894, 'accuracy': 0.969, 'precision': 0.7271, 'recall': 0.2768, 'f1': 0.4009, 'auc': 0.86}
val: {'epoch': 58, 'loss': 0.0771, 'lr': 0.001, 'params': 1413607, 'time_iter': 3.0046, 'accuracy': 0.982, 'precision': 0.6207, 'recall': 0.2222, 'f1': 0.3273, 'auc': 0.8212}
train: {'epoch': 58, 'eta': 631651.047, 'loss': 0.1073, 'lr': 0.001, 'params': 1413607, 'time_iter': 15.2068, 'accuracy': 0.9694, 'precision': 0.7295, 'recall': 0.289, 'f1': 0.414, 'auc': 0.8633}
val: {'epoch': 59, 'loss': 0.0726, 'lr': 0.001, 'params': 1413607, 'time_iter': 2.7626, 'accuracy': 0.9827, 'precision': 0.6471, 'recall': 0.2716, 'f1': 0.3826, 'auc': 0.8301}
train: {'epoch': 59, 'eta': 616020.5899, 'loss': 0.1066, 'lr': 0.001, 'params': 1413607, 'time_iter': 14.6449, 'accuracy': 0.9693, 'precision': 0.728, 'recall': 0.289, 'f1': 0.4137, 'auc': 0.8635}
val: {'epoch': 60, 'loss': 0.077, 'lr': 0.001, 'params': 1413607, 'time_iter': 2.6428, 'accuracy': 0.9823, 'precision': 0.5909, 'recall': 0.321, 'f1': 0.416, 'auc': 0.8263}
train: {'epoch': 60, 'eta': 600638.6503, 'loss': 0.1075, 'lr': 0.001, 'params': 1413607, 'time_iter': 14.9947, 'accuracy': 0.9695, 'precision': 0.7289, 'recall': 0.2946, 'f1': 0.4197, 'auc': 0.861}
val: {'epoch': 61, 'loss': 0.0757, 'lr': 0.001, 'params': 1413607, 'time_iter': 2.7395, 'accuracy': 0.9815, 'precision': 0.5806, 'recall': 0.2222, 'f1': 0.3214, 'auc': 0.8305}
train: {'epoch': 61, 'eta': 585168.3474, 'loss': 0.107, 'lr': 0.001, 'params': 1413607, 'time_iter': 14.857, 'accuracy': 0.9697, 'precision': 0.7323, 'recall': 0.3019, 'f1': 0.4276, 'auc': 0.8592}
val: {'epoch': 62, 'loss': 0.0821, 'lr': 0.001, 'params': 1413607, 'time_iter': 2.693, 'accuracy': 0.9818, 'precision': 0.6154, 'recall': 0.1975, 'f1': 0.2991, 'auc': 0.8}
train: {'epoch': 62, 'eta': 569779.4737, 'loss': 0.1073, 'lr': 0.001, 'params': 1413607, 'time_iter': 14.9822, 'accuracy': 0.9699, 'precision': 0.7505, 'recall': 0.293, 'f1': 0.4215, 'auc': 0.8584}
val: {'epoch': 63, 'loss': 0.0766, 'lr': 0.001, 'params': 1413607, 'time_iter': 2.7958, 'accuracy': 0.9815, 'precision': 0.551, 'recall': 0.3333, 'f1': 0.4154, 'auc': 0.8435}
train: {'epoch': 63, 'eta': 554348.9419, 'loss': 0.1064, 'lr': 0.001, 'params': 1413607, 'time_iter': 14.9117, 'accuracy': 0.9695, 'precision': 0.7319, 'recall': 0.2946, 'f1': 0.4201, 'auc': 0.8659}
val: {'epoch': 64, 'loss': 0.0802, 'lr': 0.001, 'params': 1413607, 'time_iter': 2.7118, 'accuracy': 0.9813, 'precision': 0.5667, 'recall': 0.2099, 'f1': 0.3063, 'auc': 0.8152}
train: {'epoch': 64, 'eta': 539032.3228, 'loss': 0.1058, 'lr': 0.001, 'params': 1413607, 'time_iter': 15.1125, 'accuracy': 0.9696, 'precision': 0.7352, 'recall': 0.293, 'f1': 0.419, 'auc': 0.8668}
val: {'epoch': 65, 'loss': 0.085, 'lr': 0.001, 'params': 1413607, 'time_iter': 2.8061, 'accuracy': 0.9808, 'precision': 0.5312, 'recall': 0.2099, 'f1': 0.3009, 'auc': 0.8065}
train: {'epoch': 65, 'eta': 523602.2324, 'loss': 0.1056, 'lr': 0.001, 'params': 1413607, 'time_iter': 14.9119, 'accuracy': 0.9691, 'precision': 0.7058, 'recall': 0.2979, 'f1': 0.4189, 'auc': 0.8694}
val: {'epoch': 66, 'loss': 0.081, 'lr': 0.001, 'params': 1413607, 'time_iter': 2.7731, 'accuracy': 0.9827, 'precision': 0.6667, 'recall': 0.2469, 'f1': 0.3604, 'auc': 0.7981}
train: {'epoch': 66, 'eta': 508363.3545, 'loss': 0.1064, 'lr': 0.001, 'params': 1413607, 'time_iter': 15.2841, 'accuracy': 0.97, 'precision': 0.7485, 'recall': 0.2995, 'f1': 0.4278, 'auc': 0.8652}
val: {'epoch': 67, 'loss': 0.0746, 'lr': 0.001, 'params': 1413607, 'time_iter': 2.8665, 'accuracy': 0.9823, 'precision': 0.6, 'recall': 0.2963, 'f1': 0.3967, 'auc': 0.8267}
train: {'epoch': 67, 'eta': 493020.7085, 'loss': 0.1046, 'lr': 0.001, 'params': 1413607, 'time_iter': 15.0995, 'accuracy': 0.9706, 'precision': 0.75, 'recall': 0.3214, 'f1': 0.45, 'auc': 0.871}
val: {'epoch': 68, 'loss': 0.0818, 'lr': 0.001, 'params': 1413607, 'time_iter': 2.7061, 'accuracy': 0.981, 'precision': 0.5333, 'recall': 0.2963, 'f1': 0.381, 'auc': 0.8173}
train: {'epoch': 68, 'eta': 477667.3483, 'loss': 0.1053, 'lr': 0.001, 'params': 1413607, 'time_iter': 15.0885, 'accuracy': 0.9695, 'precision': 0.7264, 'recall': 0.2995, 'f1': 0.4241, 'auc': 0.8691}
val: {'epoch': 69, 'loss': 0.0759, 'lr': 0.001, 'params': 1413607, 'time_iter': 2.6734, 'accuracy': 0.9827, 'precision': 0.6471, 'recall': 0.2716, 'f1': 0.3826, 'auc': 0.8249}
train: {'epoch': 69, 'eta': 462257.6969, 'loss': 0.1057, 'lr': 0.001, 'params': 1413607, 'time_iter': 14.972, 'accuracy': 0.9693, 'precision': 0.7217, 'recall': 0.2946, 'f1': 0.4184, 'auc': 0.8659}
val: {'epoch': 70, 'loss': 0.0757, 'lr': 0.001, 'params': 1413607, 'time_iter': 2.7528, 'accuracy': 0.9818, 'precision': 0.6, 'recall': 0.2222, 'f1': 0.3243, 'auc': 0.8277}
train: {'epoch': 70, 'eta': 446763.3021, 'loss': 0.1044, 'lr': 0.001, 'params': 1413607, 'time_iter': 14.7702, 'accuracy': 0.9702, 'precision': 0.74, 'recall': 0.3166, 'f1': 0.4434, 'auc': 0.8701}
val: {'epoch': 71, 'loss': 0.0779, 'lr': 0.001, 'params': 1413607, 'time_iter': 2.6117, 'accuracy': 0.982, 'precision': 0.6, 'recall': 0.2593, 'f1': 0.3621, 'auc': 0.8298}
train: {'epoch': 71, 'eta': 431557.3823, 'loss': 0.1042, 'lr': 0.001, 'params': 1413607, 'time_iter': 15.4705, 'accuracy': 0.97, 'precision': 0.7347, 'recall': 0.3125, 'f1': 0.4385, 'auc': 0.8717}
val: {'epoch': 72, 'loss': 0.0759, 'lr': 0.001, 'params': 1413607, 'time_iter': 2.7276, 'accuracy': 0.9784, 'precision': 0.4429, 'recall': 0.3827, 'f1': 0.4106, 'auc': 0.8413}
train: {'epoch': 72, 'eta': 416319.3691, 'loss': 0.1025, 'lr': 0.001, 'params': 1413607, 'time_iter': 15.4375, 'accuracy': 0.9706, 'precision': 0.7463, 'recall': 0.3247, 'f1': 0.4525, 'auc': 0.8792}
val: {'epoch': 73, 'loss': 0.0734, 'lr': 0.001, 'params': 1413607, 'time_iter': 2.6814, 'accuracy': 0.9823, 'precision': 0.6053, 'recall': 0.284, 'f1': 0.3866, 'auc': 0.8277}
train: {'epoch': 73, 'eta': 400829.1442, 'loss': 0.1039, 'lr': 0.001, 'params': 1413607, 'time_iter': 14.7883, 'accuracy': 0.969, 'precision': 0.6978, 'recall': 0.3036, 'f1': 0.4231, 'auc': 0.8734}
val: {'epoch': 74, 'loss': 0.0854, 'lr': 0.001, 'params': 1413607, 'time_iter': 2.7528, 'accuracy': 0.9805, 'precision': 0.52, 'recall': 0.1605, 'f1': 0.2453, 'auc': 0.7829}
train: {'epoch': 74, 'eta': 385323.8671, 'loss': 0.1036, 'lr': 0.001, 'params': 1413607, 'time_iter': 14.7232, 'accuracy': 0.9701, 'precision': 0.7336, 'recall': 0.3174, 'f1': 0.4431, 'auc': 0.8719}
val: {'epoch': 75, 'loss': 0.0759, 'lr': 0.001, 'params': 1413607, 'time_iter': 2.6825, 'accuracy': 0.9825, 'precision': 0.6154, 'recall': 0.2963, 'f1': 0.4, 'auc': 0.804}
train: {'epoch': 75, 'eta': 369824.021, 'loss': 0.1019, 'lr': 0.001, 'params': 1413607, 'time_iter': 14.7112, 'accuracy': 0.9705, 'precision': 0.7458, 'recall': 0.3214, 'f1': 0.4492, 'auc': 0.8816}
val: {'epoch': 76, 'loss': 0.0797, 'lr': 0.001, 'params': 1413607, 'time_iter': 2.7603, 'accuracy': 0.982, 'precision': 0.64, 'recall': 0.1975, 'f1': 0.3019, 'auc': 0.8295}
train: {'epoch': 76, 'eta': 354419.1577, 'loss': 0.102, 'lr': 0.001, 'params': 1413607, 'time_iter': 14.9896, 'accuracy': 0.9706, 'precision': 0.7316, 'recall': 0.3385, 'f1': 0.4628, 'auc': 0.8777}
val: {'epoch': 77, 'loss': 0.0851, 'lr': 0.001, 'params': 1413607, 'time_iter': 2.7487, 'accuracy': 0.981, 'precision': 0.56, 'recall': 0.1728, 'f1': 0.2642, 'auc': 0.8113}
train: {'epoch': 77, 'eta': 339065.6399, 'loss': 0.103, 'lr': 0.001, 'params': 1413607, 'time_iter': 15.1682, 'accuracy': 0.9701, 'precision': 0.7291, 'recall': 0.319, 'f1': 0.4438, 'auc': 0.8762}
val: {'epoch': 78, 'loss': 0.078, 'lr': 0.001, 'params': 1413607, 'time_iter': 2.7951, 'accuracy': 0.981, 'precision': 0.5405, 'recall': 0.2469, 'f1': 0.339, 'auc': 0.8278}
train: {'epoch': 78, 'eta': 323662.32, 'loss': 0.1022, 'lr': 0.001, 'params': 1413607, 'time_iter': 15.0097, 'accuracy': 0.9696, 'precision': 0.7096, 'recall': 0.3174, 'f1': 0.4386, 'auc': 0.8787}
val: {'epoch': 79, 'loss': 0.0821, 'lr': 0.001, 'params': 1413607, 'time_iter': 2.7175, 'accuracy': 0.9823, 'precision': 0.6667, 'recall': 0.1975, 'f1': 0.3048, 'auc': 0.8165}
train: {'epoch': 79, 'eta': 308279.4459, 'loss': 0.1002, 'lr': 0.001, 'params': 1413607, 'time_iter': 15.0933, 'accuracy': 0.9714, 'precision': 0.7665, 'recall': 0.3385, 'f1': 0.4696, 'auc': 0.8844}
val: {'epoch': 80, 'loss': 0.0859, 'lr': 0.001, 'params': 1413607, 'time_iter': 2.8616, 'accuracy': 0.982, 'precision': 0.7059, 'recall': 0.1481, 'f1': 0.2449, 'auc': 0.826}
train: {'epoch': 80, 'eta': 292836.1074, 'loss': 0.1017, 'lr': 0.001, 'params': 1413607, 'time_iter': 14.8579, 'accuracy': 0.9709, 'precision': 0.7546, 'recall': 0.3295, 'f1': 0.4588, 'auc': 0.8801}
val: {'epoch': 81, 'loss': 0.0808, 'lr': 0.001, 'params': 1413607, 'time_iter': 2.7216, 'accuracy': 0.983, 'precision': 0.6571, 'recall': 0.284, 'f1': 0.3966, 'auc': 0.8238}
train: {'epoch': 81, 'eta': 277463.9842, 'loss': 0.1021, 'lr': 0.001, 'params': 1413607, 'time_iter': 15.1565, 'accuracy': 0.9702, 'precision': 0.7298, 'recall': 0.3222, 'f1': 0.4471, 'auc': 0.8798}
val: {'epoch': 82, 'loss': 0.0832, 'lr': 0.001, 'params': 1413607, 'time_iter': 2.8829, 'accuracy': 0.982, 'precision': 0.6522, 'recall': 0.1852, 'f1': 0.2885, 'auc': 0.8181}
train: {'epoch': 82, 'eta': 261961.2307, 'loss': 0.0995, 'lr': 0.001, 'params': 1413607, 'time_iter': 14.5623, 'accuracy': 0.971, 'precision': 0.7478, 'recall': 0.3393, 'f1': 0.4668, 'auc': 0.8928}
val: {'epoch': 83, 'loss': 0.0779, 'lr': 0.001, 'params': 1413607, 'time_iter': 2.7426, 'accuracy': 0.982, 'precision': 0.6, 'recall': 0.2593, 'f1': 0.3621, 'auc': 0.8219}
train: {'epoch': 83, 'eta': 246515.2344, 'loss': 0.1003, 'lr': 0.001, 'params': 1413607, 'time_iter': 14.7889, 'accuracy': 0.9711, 'precision': 0.7601, 'recall': 0.3344, 'f1': 0.4645, 'auc': 0.8852}
val: {'epoch': 84, 'loss': 0.0847, 'lr': 0.001, 'params': 1413607, 'time_iter': 2.9394, 'accuracy': 0.9798, 'precision': 0.4792, 'recall': 0.284, 'f1': 0.3566, 'auc': 0.7808}
train: {'epoch': 84, 'eta': 231072.4832, 'loss': 0.1008, 'lr': 0.001, 'params': 1413607, 'time_iter': 14.7772, 'accuracy': 0.9709, 'precision': 0.7438, 'recall': 0.3393, 'f1': 0.466, 'auc': 0.8856}
val: {'epoch': 85, 'loss': 0.0818, 'lr': 0.001, 'params': 1413607, 'time_iter': 2.7108, 'accuracy': 0.9818, 'precision': 0.6364, 'recall': 0.1728, 'f1': 0.2718, 'auc': 0.8123}
train: {'epoch': 85, 'eta': 215631.396, 'loss': 0.1, 'lr': 0.001, 'params': 1413607, 'time_iter': 14.7542, 'accuracy': 0.9707, 'precision': 0.7346, 'recall': 0.3393, 'f1': 0.4642, 'auc': 0.8857}
val: {'epoch': 86, 'loss': 0.0857, 'lr': 0.001, 'params': 1413607, 'time_iter': 2.9197, 'accuracy': 0.9835, 'precision': 0.7826, 'recall': 0.2222, 'f1': 0.3462, 'auc': 0.793}
train: {'epoch': 86, 'eta': 200175.1647, 'loss': 0.1001, 'lr': 0.001, 'params': 1413607, 'time_iter': 14.617, 'accuracy': 0.9702, 'precision': 0.7288, 'recall': 0.3271, 'f1': 0.4515, 'auc': 0.8895}
val: {'epoch': 87, 'loss': 0.0847, 'lr': 0.001, 'params': 1413607, 'time_iter': 2.7329, 'accuracy': 0.982, 'precision': 0.7059, 'recall': 0.1481, 'f1': 0.2449, 'auc': 0.8225}
train: {'epoch': 87, 'eta': 184717.7972, 'loss': 0.0986, 'lr': 0.001, 'params': 1413607, 'time_iter': 14.5417, 'accuracy': 0.9713, 'precision': 0.7461, 'recall': 0.3531, 'f1': 0.4793, 'auc': 0.8917}
val: {'epoch': 88, 'loss': 0.0834, 'lr': 0.001, 'params': 1413607, 'time_iter': 2.647, 'accuracy': 0.9823, 'precision': 0.6667, 'recall': 0.1975, 'f1': 0.3048, 'auc': 0.8074}
train: {'epoch': 88, 'eta': 169326.496, 'loss': 0.0999, 'lr': 0.001, 'params': 1413607, 'time_iter': 14.9739, 'accuracy': 0.971, 'precision': 0.7574, 'recall': 0.332, 'f1': 0.4616, 'auc': 0.8874}
val: {'epoch': 89, 'loss': 0.0786, 'lr': 0.001, 'params': 1413607, 'time_iter': 2.7401, 'accuracy': 0.9805, 'precision': 0.5116, 'recall': 0.2716, 'f1': 0.3548, 'auc': 0.8388}
train: {'epoch': 89, 'eta': 153916.5467, 'loss': 0.0982, 'lr': 0.001, 'params': 1413607, 'time_iter': 14.814, 'accuracy': 0.9714, 'precision': 0.7421, 'recall': 0.362, 'f1': 0.4866, 'auc': 0.8908}
val: {'epoch': 90, 'loss': 0.0808, 'lr': 0.001, 'params': 1413607, 'time_iter': 2.6645, 'accuracy': 0.9813, 'precision': 0.5769, 'recall': 0.1852, 'f1': 0.2804, 'auc': 0.8242}
train: {'epoch': 90, 'eta': 138526.1827, 'loss': 0.098, 'lr': 0.001, 'params': 1413607, 'time_iter': 14.9706, 'accuracy': 0.9715, 'precision': 0.7539, 'recall': 0.3555, 'f1': 0.4832, 'auc': 0.8936}
val: {'epoch': 91, 'loss': 0.0815, 'lr': 0.001, 'params': 1413607, 'time_iter': 2.7619, 'accuracy': 0.9823, 'precision': 0.6429, 'recall': 0.2222, 'f1': 0.3303, 'auc': 0.8367}
train: {'epoch': 91, 'eta': 123139.5511, 'loss': 0.0975, 'lr': 0.001, 'params': 1413607, 'time_iter': 15.0158, 'accuracy': 0.9715, 'precision': 0.7611, 'recall': 0.349, 'f1': 0.4786, 'auc': 0.8939}
val: {'epoch': 92, 'loss': 0.0881, 'lr': 0.001, 'params': 1413607, 'time_iter': 2.7314, 'accuracy': 0.982, 'precision': 0.64, 'recall': 0.1975, 'f1': 0.3019, 'auc': 0.7775}
train: {'epoch': 92, 'eta': 107761.4005, 'loss': 0.0969, 'lr': 0.001, 'params': 1413607, 'time_iter': 15.1432, 'accuracy': 0.9714, 'precision': 0.7517, 'recall': 0.3539, 'f1': 0.4812, 'auc': 0.894}
val: {'epoch': 93, 'loss': 0.0817, 'lr': 0.001, 'params': 1413607, 'time_iter': 2.7802, 'accuracy': 0.983, 'precision': 0.7895, 'recall': 0.1852, 'f1': 0.3, 'auc': 0.8197}
train: {'epoch': 93, 'eta': 92356.5384, 'loss': 0.0988, 'lr': 0.001, 'params': 1413607, 'time_iter': 14.8026, 'accuracy': 0.971, 'precision': 0.7401, 'recall': 0.349, 'f1': 0.4744, 'auc': 0.8912}
val: {'epoch': 94, 'loss': 0.0809, 'lr': 0.001, 'params': 1413607, 'time_iter': 2.7469, 'accuracy': 0.982, 'precision': 0.6667, 'recall': 0.1728, 'f1': 0.2745, 'auc': 0.8344}
train: {'epoch': 94, 'eta': 76974.5635, 'loss': 0.0975, 'lr': 0.001, 'params': 1413607, 'time_iter': 15.158, 'accuracy': 0.9709, 'precision': 0.7442, 'recall': 0.3401, 'f1': 0.4669, 'auc': 0.8974}
val: {'epoch': 95, 'loss': 0.0776, 'lr': 0.001, 'params': 1413607, 'time_iter': 2.8041, 'accuracy': 0.9813, 'precision': 0.5714, 'recall': 0.1975, 'f1': 0.2936, 'auc': 0.835}
train: {'epoch': 95, 'eta': 61568.0493, 'loss': 0.0967, 'lr': 0.001, 'params': 1413607, 'time_iter': 14.6905, 'accuracy': 0.9713, 'precision': 0.7483, 'recall': 0.3523, 'f1': 0.479, 'auc': 0.8977}
val: {'epoch': 96, 'loss': 0.0871, 'lr': 0.001, 'params': 1413607, 'time_iter': 2.7532, 'accuracy': 0.9815, 'precision': 0.6471, 'recall': 0.1358, 'f1': 0.2245, 'auc': 0.793}
train: {'epoch': 96, 'eta': 46179.3793, 'loss': 0.0962, 'lr': 0.001, 'params': 1413607, 'time_iter': 15.0632, 'accuracy': 0.9718, 'precision': 0.7525, 'recall': 0.3677, 'f1': 0.494, 'auc': 0.8995}
val: {'epoch': 97, 'loss': 0.0807, 'lr': 0.001, 'params': 1413607, 'time_iter': 2.8099, 'accuracy': 0.9805, 'precision': 0.5116, 'recall': 0.2716, 'f1': 0.3548, 'auc': 0.83}
train: {'epoch': 97, 'eta': 30791.6965, 'loss': 0.0963, 'lr': 0.001, 'params': 1413607, 'time_iter': 15.2185, 'accuracy': 0.9719, 'precision': 0.7641, 'recall': 0.3628, 'f1': 0.492, 'auc': 0.8986}
val: {'epoch': 98, 'loss': 0.0816, 'lr': 0.001, 'params': 1413607, 'time_iter': 2.7122, 'accuracy': 0.9825, 'precision': 0.6452, 'recall': 0.2469, 'f1': 0.3571, 'auc': 0.8276}
train: {'epoch': 98, 'eta': 15394.632, 'loss': 0.0962, 'lr': 0.001, 'params': 1413607, 'time_iter': 14.8449, 'accuracy': 0.9723, 'precision': 0.7593, 'recall': 0.3815, 'f1': 0.5078, 'auc': 0.8957}
val: {'epoch': 99, 'loss': 0.0853, 'lr': 0.001, 'params': 1413607, 'time_iter': 2.8801, 'accuracy': 0.9818, 'precision': 0.7143, 'recall': 0.1235, 'f1': 0.2105, 'auc': 0.8066}
train: {'epoch': 99, 'eta': 0.0, 'loss': 0.0954, 'lr': 0.001, 'params': 1413607, 'time_iter': 14.866, 'accuracy': 0.9723, 'precision': 0.7685, 'recall': 0.3718, 'f1': 0.5011, 'auc': 0.9014}
test: {'epoch': 99, 'loss': 0.1574, 'lr': 0.001, 'params': 1413607, 'time_iter': 2.5647, 'accuracy': 0.9677, 'precision': 0.3846, 'recall': 0.0385, 'f1': 0.0699, 'auc': 0.7576}
test: {'epoch': 63, 'loss': 0.1297, 'lr': 0.001, 'params': 1413607, 'time_iter': 2.4629, 'accuracy': 0.9699, 'precision': 0.5429, 'recall': 0.2923, 'f1': 0.38, 'auc': 0.7896}
