GraphGymModule(
  (model): GNN(
    (encoder): FeatureEncoder(
      (node_encoder): AtomEncoder(
        (atom_embedding_list): ModuleList(
          (0): Embedding(119, 300)
          (1): Embedding(4, 300)
          (2): Embedding(12, 300)
          (3): Embedding(12, 300)
          (4): Embedding(10, 300)
          (5): Embedding(6, 300)
          (6): Embedding(6, 300)
          (7): Embedding(2, 300)
          (8): Embedding(2, 300)
        )
      )
      (edge_encoder): BondEncoder(
        (bond_embedding_list): ModuleList(
          (0): Embedding(5, 300)
          (1): Embedding(6, 300)
          (2): Embedding(2, 300)
        )
      )
    )
    (mp): GNNStackStage(
      (layer0): GeneralLayer(
        (layer): EGATConv(
          (model): GATConv(300, 300, heads=1)
        )
        (post_layer): Sequential(
          (0): BatchNorm1d(300, eps=1e-05, momentum=0.1, affine=True, track_running_stats=True)
          (1): Dropout(p=0.5, inplace=False)
          (2): ReLU()
        )
      )
      (layer1): GeneralLayer(
        (layer): EGATConv(
          (model): GATConv(300, 300, heads=1)
        )
        (post_layer): Sequential(
          (0): BatchNorm1d(300, eps=1e-05, momentum=0.1, affine=True, track_running_stats=True)
          (1): Dropout(p=0.5, inplace=False)
          (2): ReLU()
        )
      )
      (layer2): GeneralLayer(
        (layer): EGATConv(
          (model): GATConv(300, 300, heads=1)
        )
        (post_layer): Sequential(
          (0): BatchNorm1d(300, eps=1e-05, momentum=0.1, affine=True, track_running_stats=True)
          (1): Dropout(p=0.5, inplace=False)
          (2): ReLU()
        )
      )
      (layer3): GeneralLayer(
        (layer): EGATConv(
          (model): GATConv(300, 300, heads=1)
        )
        (post_layer): Sequential(
          (0): BatchNorm1d(300, eps=1e-05, momentum=0.1, affine=True, track_running_stats=True)
          (1): Dropout(p=0.5, inplace=False)
          (2): ReLU()
        )
      )
      (layer4): GeneralLayer(
        (layer): EGATConv(
          (model): GATConv(300, 300, heads=1)
        )
        (post_layer): Sequential(
          (0): BatchNorm1d(300, eps=1e-05, momentum=0.1, affine=True, track_running_stats=True)
          (1): Dropout(p=0.5, inplace=False)
          (2): ReLU()
        )
      )
    )
    (post_mp): GNNGraphHead(
      (layer_post_mp): MLP(
        (model): Sequential(
          (0): Linear(
            (model): Linear(300, 1, bias=True)
          )
        )
      )
    )
  )
)
accelerator: cuda
benchmark: False
bn:
  eps: 1e-05
  mom: 0.1
cfg_dest: config.yaml
custom_metrics: []
dataset:
  cache_load: False
  cache_save: False
  dir: ./datasets
  edge_dim: 300
  edge_encoder: True
  edge_encoder_bn: False
  edge_encoder_name: Bond
  edge_message_ratio: 0.8
  edge_negative_sampling_ratio: 1.0
  edge_train_mode: all
  encoder: True
  encoder_bn: True
  encoder_dim: 128
  encoder_name: db
  fast_loader: False
  format: OGB
  label_column: none
  label_table: none
  location: local
  name: ogbg-molhiv
  node_encoder: True
  node_encoder_bn: False
  node_encoder_name: Atom
  remove_feature: False
  resample_disjoint: False
  resample_negative: False
  shuffle_split: True
  split: [0.8, 0.1, 0.1]
  split_mode: random
  task: graph
  task_type: classification
  to_undirected: False
  transductive: False
  transform: none
  tu_simple: True
devices: 1
gnn:
  act: relu
  act_on_last_layer_mp: True
  agg: none
  att_final_linear: False
  att_final_linear_bn: False
  att_heads: 1
  batchnorm: True
  clear_feature: True
  dim_inner: 300
  dropout: 0.5
  head: graph
  keep_edge: 0.5
  l2norm: True
  layer_type: egatconv
  layers_k1: 3
  layers_k2: 3
  layers_mp: 5
  layers_post_mp: 1
  layers_pre_mp: 0
  msg_direction: single
  normalize_adj: False
  self_msg: concat
  skip_every: 1
  stage_type: standard_stage
  use_edge_features: True
gpu_mem: False
mem:
  inplace: False
metric_agg: argmax
metric_best: auc
model:
  edge_decoding: dot
  graph_pooling: mean
  loss_fun: cross_entropy
  match_upper: True
  size_average: mean
  thresh: 0.5
  type: standard_gnn
num_threads: 6
num_workers: 16
optim:
  base_lr: 0.001
  lr_decay: 0.1
  max_epoch: 100
  momentum: 0.9
  optimizer: adam
  scheduler: none
  steps: [30, 60, 90]
  weight_decay: 0.0
out_dir: results_experiments/ogbg_molhiv_baseline_grid_comparison/ogbg_molhiv_baseline-type=standard_gnn-stage_type=standard_stage-layer_type=egatconv-act_on_last_layer_mp=True
params: 963601
print: both
round: 4
run_dir: results_experiments/ogbg_molhiv_baseline_grid_comparison/ogbg_molhiv_baseline-type=standard_gnn-stage_type=standard_stage-layer_type=egatconv-act_on_last_layer_mp=True/3
seed: 4
share:
  dim_in: 9
  dim_out: 2
  num_splits: 3
tensorboard_agg: True
tensorboard_each_run: False
train:
  auto_resume: False
  batch_size: 32
  ckpt_clean: True
  ckpt_period: 100
  enable_ckpt: True
  epoch_resume: -1
  eval_period: 1
  iter_per_epoch: 32
  neighbor_sizes: [20, 15, 10, 5]
  node_per_graph: 32
  radius: extend
  sample_node: False
  sampler: full_batch
  skip_train_eval: False
  walk_length: 4
val:
  node_per_graph: 32
  radius: extend
  sample_node: False
  sampler: full_batch
view_emb: False
Num parameters: 963601
val: {'epoch': 0, 'loss': 0.6801, 'lr': 0.001, 'params': 963601, 'time_iter': 0.6966, 'accuracy': 0.9844, 'precision': 0.0, 'recall': 0.0, 'f1': 0.0, 'auc': 0.6349}
val: {'epoch': 0, 'loss': 0.0977, 'lr': 0.001, 'params': 963601, 'time_iter': 1.3991, 'accuracy': 0.9803, 'precision': 0.0, 'recall': 0.0, 'f1': 0.0, 'auc': 0.6466}
train: {'epoch': 0, 'eta': 1631278.6342, 'loss': 0.2129, 'lr': 0.001, 'params': 963601, 'time_iter': 16.0132, 'accuracy': 0.9602, 'precision': 0.0247, 'recall': 0.0016, 'f1': 0.003, 'auc': 0.5192}
val: {'epoch': 1, 'loss': 0.0995, 'lr': 0.001, 'params': 963601, 'time_iter': 1.4038, 'accuracy': 0.9803, 'precision': 0.0, 'recall': 0.0, 'f1': 0.0, 'auc': 0.5362}
train: {'epoch': 1, 'eta': 1607846.7143, 'loss': 0.1564, 'lr': 0.001, 'params': 963601, 'time_iter': 15.8753, 'accuracy': 0.9626, 'precision': 0.0, 'recall': 0.0, 'f1': 0.0, 'auc': 0.6156}
val: {'epoch': 2, 'loss': 0.1008, 'lr': 0.001, 'params': 963601, 'time_iter': 1.3695, 'accuracy': 0.9803, 'precision': 0.0, 'recall': 0.0, 'f1': 0.0, 'auc': 0.5459}
train: {'epoch': 2, 'eta': 1568902.0023, 'loss': 0.1539, 'lr': 0.001, 'params': 963601, 'time_iter': 15.2668, 'accuracy': 0.9626, 'precision': 0.0, 'recall': 0.0, 'f1': 0.0, 'auc': 0.6427}
val: {'epoch': 3, 'loss': 0.1009, 'lr': 0.001, 'params': 963601, 'time_iter': 1.3791, 'accuracy': 0.9803, 'precision': 0.0, 'recall': 0.0, 'f1': 0.0, 'auc': 0.5182}
train: {'epoch': 3, 'eta': 1552028.1529, 'loss': 0.1506, 'lr': 0.001, 'params': 963601, 'time_iter': 15.6901, 'accuracy': 0.9626, 'precision': 0.0, 'recall': 0.0, 'f1': 0.0, 'auc': 0.6796}
val: {'epoch': 4, 'loss': 0.0975, 'lr': 0.001, 'params': 963601, 'time_iter': 1.3815, 'accuracy': 0.9803, 'precision': 0.0, 'recall': 0.0, 'f1': 0.0, 'auc': 0.5989}
train: {'epoch': 4, 'eta': 1542164.2763, 'loss': 0.1495, 'lr': 0.001, 'params': 963601, 'time_iter': 16.0337, 'accuracy': 0.9626, 'precision': 0.0, 'recall': 0.0, 'f1': 0.0, 'auc': 0.6873}
val: {'epoch': 5, 'loss': 0.0973, 'lr': 0.001, 'params': 963601, 'time_iter': 1.3501, 'accuracy': 0.9803, 'precision': 0.0, 'recall': 0.0, 'f1': 0.0, 'auc': 0.6506}
train: {'epoch': 5, 'eta': 1523487.9311, 'loss': 0.1495, 'lr': 0.001, 'params': 963601, 'time_iter': 15.6243, 'accuracy': 0.9626, 'precision': 0.0, 'recall': 0.0, 'f1': 0.0, 'auc': 0.6926}
val: {'epoch': 6, 'loss': 0.0992, 'lr': 0.001, 'params': 963601, 'time_iter': 1.3467, 'accuracy': 0.9803, 'precision': 0.0, 'recall': 0.0, 'f1': 0.0, 'auc': 0.6441}
train: {'epoch': 6, 'eta': 1504856.2809, 'loss': 0.1484, 'lr': 0.001, 'params': 963601, 'time_iter': 15.5732, 'accuracy': 0.9626, 'precision': 0.0, 'recall': 0.0, 'f1': 0.0, 'auc': 0.7016}
val: {'epoch': 7, 'loss': 0.1039, 'lr': 0.001, 'params': 963601, 'time_iter': 1.3767, 'accuracy': 0.9803, 'precision': 0.0, 'recall': 0.0, 'f1': 0.0, 'auc': 0.6805}
train: {'epoch': 7, 'eta': 1486531.8999, 'loss': 0.1481, 'lr': 0.001, 'params': 963601, 'time_iter': 15.5441, 'accuracy': 0.9626, 'precision': 0.0, 'recall': 0.0, 'f1': 0.0, 'auc': 0.706}
val: {'epoch': 8, 'loss': 0.1004, 'lr': 0.001, 'params': 963601, 'time_iter': 1.413, 'accuracy': 0.9803, 'precision': 0.0, 'recall': 0.0, 'f1': 0.0, 'auc': 0.7251}
train: {'epoch': 8, 'eta': 1471814.4753, 'loss': 0.1471, 'lr': 0.001, 'params': 963601, 'time_iter': 15.841, 'accuracy': 0.9626, 'precision': 0.0, 'recall': 0.0, 'f1': 0.0, 'auc': 0.7159}
val: {'epoch': 9, 'loss': 0.0999, 'lr': 0.001, 'params': 963601, 'time_iter': 1.3601, 'accuracy': 0.9803, 'precision': 0.0, 'recall': 0.0, 'f1': 0.0, 'auc': 0.6829}
train: {'epoch': 9, 'eta': 1455353.4029, 'loss': 0.1458, 'lr': 0.001, 'params': 963601, 'time_iter': 15.6869, 'accuracy': 0.9626, 'precision': 0.0, 'recall': 0.0, 'f1': 0.0, 'auc': 0.7245}
val: {'epoch': 10, 'loss': 0.1062, 'lr': 0.001, 'params': 963601, 'time_iter': 1.3855, 'accuracy': 0.9803, 'precision': 0.0, 'recall': 0.0, 'f1': 0.0, 'auc': 0.6323}
train: {'epoch': 10, 'eta': 1439997.0141, 'loss': 0.1459, 'lr': 0.001, 'params': 963601, 'time_iter': 15.8127, 'accuracy': 0.9626, 'precision': 0.0, 'recall': 0.0, 'f1': 0.0, 'auc': 0.7228}
val: {'epoch': 11, 'loss': 0.1066, 'lr': 0.001, 'params': 963601, 'time_iter': 1.4322, 'accuracy': 0.9803, 'precision': 0.0, 'recall': 0.0, 'f1': 0.0, 'auc': 0.7078}
train: {'epoch': 11, 'eta': 1421492.3704, 'loss': 0.145, 'lr': 0.001, 'params': 963601, 'time_iter': 15.4157, 'accuracy': 0.9626, 'precision': 0.0, 'recall': 0.0, 'f1': 0.0, 'auc': 0.7278}
val: {'epoch': 12, 'loss': 0.1045, 'lr': 0.001, 'params': 963601, 'time_iter': 1.4493, 'accuracy': 0.9803, 'precision': 0.0, 'recall': 0.0, 'f1': 0.0, 'auc': 0.6889}
train: {'epoch': 12, 'eta': 1404867.5091, 'loss': 0.1448, 'lr': 0.001, 'params': 963601, 'time_iter': 15.6296, 'accuracy': 0.9626, 'precision': 0.5, 'recall': 0.0008, 'f1': 0.0016, 'auc': 0.7269}
val: {'epoch': 13, 'loss': 0.1063, 'lr': 0.001, 'params': 963601, 'time_iter': 1.3215, 'accuracy': 0.9803, 'precision': 0.0, 'recall': 0.0, 'f1': 0.0, 'auc': 0.6198}
train: {'epoch': 13, 'eta': 1388610.8062, 'loss': 0.1502, 'lr': 0.001, 'params': 963601, 'time_iter': 15.6756, 'accuracy': 0.9624, 'precision': 0.0, 'recall': 0.0, 'f1': 0.0, 'auc': 0.6928}
val: {'epoch': 14, 'loss': 0.1053, 'lr': 0.001, 'params': 963601, 'time_iter': 1.3606, 'accuracy': 0.9803, 'precision': 0.0, 'recall': 0.0, 'f1': 0.0, 'auc': 0.6821}
train: {'epoch': 14, 'eta': 1370276.4481, 'loss': 0.1493, 'lr': 0.001, 'params': 963601, 'time_iter': 15.3164, 'accuracy': 0.9625, 'precision': 0.3333, 'recall': 0.0008, 'f1': 0.0016, 'auc': 0.6974}
val: {'epoch': 15, 'loss': 0.1017, 'lr': 0.001, 'params': 963601, 'time_iter': 1.4837, 'accuracy': 0.9803, 'precision': 0.0, 'recall': 0.0, 'f1': 0.0, 'auc': 0.7005}
train: {'epoch': 15, 'eta': 1354343.1711, 'loss': 0.1494, 'lr': 0.001, 'params': 963601, 'time_iter': 15.7013, 'accuracy': 0.9624, 'precision': 0.1429, 'recall': 0.0008, 'f1': 0.0016, 'auc': 0.6935}
val: {'epoch': 16, 'loss': 0.1021, 'lr': 0.001, 'params': 963601, 'time_iter': 1.4048, 'accuracy': 0.9803, 'precision': 0.0, 'recall': 0.0, 'f1': 0.0, 'auc': 0.7025}
train: {'epoch': 16, 'eta': 1338431.0167, 'loss': 0.1485, 'lr': 0.001, 'params': 963601, 'time_iter': 15.7107, 'accuracy': 0.9625, 'precision': 0.2, 'recall': 0.0008, 'f1': 0.0016, 'auc': 0.6934}
val: {'epoch': 17, 'loss': 0.0969, 'lr': 0.001, 'params': 963601, 'time_iter': 1.3886, 'accuracy': 0.9805, 'precision': 1.0, 'recall': 0.0123, 'f1': 0.0244, 'auc': 0.7061}
train: {'epoch': 17, 'eta': 1323427.2632, 'loss': 0.1473, 'lr': 0.001, 'params': 963601, 'time_iter': 15.9105, 'accuracy': 0.9623, 'precision': 0.1818, 'recall': 0.0016, 'f1': 0.0032, 'auc': 0.7105}
val: {'epoch': 18, 'loss': 0.0987, 'lr': 0.001, 'params': 963601, 'time_iter': 1.3292, 'accuracy': 0.9803, 'precision': 0.0, 'recall': 0.0, 'f1': 0.0, 'auc': 0.7279}
train: {'epoch': 18, 'eta': 1306194.4436, 'loss': 0.147, 'lr': 0.001, 'params': 963601, 'time_iter': 15.4352, 'accuracy': 0.9623, 'precision': 0.1111, 'recall': 0.0008, 'f1': 0.0016, 'auc': 0.7092}
val: {'epoch': 19, 'loss': 0.0974, 'lr': 0.001, 'params': 963601, 'time_iter': 1.3397, 'accuracy': 0.9803, 'precision': 0.0, 'recall': 0.0, 'f1': 0.0, 'auc': 0.7177}
train: {'epoch': 19, 'eta': 1290587.2214, 'loss': 0.1467, 'lr': 0.001, 'params': 963601, 'time_iter': 15.7974, 'accuracy': 0.9623, 'precision': 0.1111, 'recall': 0.0008, 'f1': 0.0016, 'auc': 0.7097}
val: {'epoch': 20, 'loss': 0.095, 'lr': 0.001, 'params': 963601, 'time_iter': 1.2983, 'accuracy': 0.9803, 'precision': 0.0, 'recall': 0.0, 'f1': 0.0, 'auc': 0.7433}
train: {'epoch': 20, 'eta': 1274987.8979, 'loss': 0.1458, 'lr': 0.001, 'params': 963601, 'time_iter': 15.8154, 'accuracy': 0.9623, 'precision': 0.0833, 'recall': 0.0008, 'f1': 0.0016, 'auc': 0.7213}
val: {'epoch': 21, 'loss': 0.0906, 'lr': 0.001, 'params': 963601, 'time_iter': 1.3769, 'accuracy': 0.9803, 'precision': 0.0, 'recall': 0.0, 'f1': 0.0, 'auc': 0.7502}
train: {'epoch': 21, 'eta': 1259282.5102, 'loss': 0.1458, 'lr': 0.001, 'params': 963601, 'time_iter': 15.8031, 'accuracy': 0.9623, 'precision': 0.1111, 'recall': 0.0008, 'f1': 0.0016, 'auc': 0.7156}
val: {'epoch': 22, 'loss': 0.0976, 'lr': 0.001, 'params': 963601, 'time_iter': 1.3776, 'accuracy': 0.9803, 'precision': 0.5, 'recall': 0.0123, 'f1': 0.0241, 'auc': 0.7436}
train: {'epoch': 22, 'eta': 1244293.7388, 'loss': 0.1461, 'lr': 0.001, 'params': 963601, 'time_iter': 16.0252, 'accuracy': 0.9622, 'precision': 0.1176, 'recall': 0.0016, 'f1': 0.0032, 'auc': 0.7109}
val: {'epoch': 23, 'loss': 0.0942, 'lr': 0.001, 'params': 963601, 'time_iter': 1.3665, 'accuracy': 0.9808, 'precision': 1.0, 'recall': 0.0247, 'f1': 0.0482, 'auc': 0.7473}
train: {'epoch': 23, 'eta': 1228420.2695, 'loss': 0.1453, 'lr': 0.001, 'params': 963601, 'time_iter': 15.7921, 'accuracy': 0.9619, 'precision': 0.1379, 'recall': 0.0032, 'f1': 0.0063, 'auc': 0.7209}
val: {'epoch': 24, 'loss': 0.0923, 'lr': 0.001, 'params': 963601, 'time_iter': 1.3852, 'accuracy': 0.9808, 'precision': 1.0, 'recall': 0.0247, 'f1': 0.0482, 'auc': 0.7435}
train: {'epoch': 24, 'eta': 1211845.8086, 'loss': 0.1454, 'lr': 0.001, 'params': 963601, 'time_iter': 15.5747, 'accuracy': 0.962, 'precision': 0.0526, 'recall': 0.0008, 'f1': 0.0016, 'auc': 0.7181}
val: {'epoch': 25, 'loss': 0.0971, 'lr': 0.001, 'params': 963601, 'time_iter': 1.3904, 'accuracy': 0.9805, 'precision': 0.6667, 'recall': 0.0247, 'f1': 0.0476, 'auc': 0.7198}
train: {'epoch': 25, 'eta': 1195930.2562, 'loss': 0.1451, 'lr': 0.001, 'params': 963601, 'time_iter': 15.7853, 'accuracy': 0.962, 'precision': 0.12, 'recall': 0.0024, 'f1': 0.0048, 'auc': 0.7211}
val: {'epoch': 26, 'loss': 0.0943, 'lr': 0.001, 'params': 963601, 'time_iter': 1.3573, 'accuracy': 0.9805, 'precision': 0.6667, 'recall': 0.0247, 'f1': 0.0476, 'auc': 0.7332}
train: {'epoch': 26, 'eta': 1179608.5602, 'loss': 0.1451, 'lr': 0.001, 'params': 963601, 'time_iter': 15.6481, 'accuracy': 0.9617, 'precision': 0.1463, 'recall': 0.0049, 'f1': 0.0094, 'auc': 0.7215}
val: {'epoch': 27, 'loss': 0.0954, 'lr': 0.001, 'params': 963601, 'time_iter': 1.4169, 'accuracy': 0.9803, 'precision': 0.0, 'recall': 0.0, 'f1': 0.0, 'auc': 0.6589}
train: {'epoch': 27, 'eta': 1163847.5138, 'loss': 0.1451, 'lr': 0.001, 'params': 963601, 'time_iter': 15.854, 'accuracy': 0.9619, 'precision': 0.1562, 'recall': 0.0041, 'f1': 0.0079, 'auc': 0.7149}
val: {'epoch': 28, 'loss': 0.1065, 'lr': 0.001, 'params': 963601, 'time_iter': 1.3969, 'accuracy': 0.9803, 'precision': 0.0, 'recall': 0.0, 'f1': 0.0, 'auc': 0.7031}
train: {'epoch': 28, 'eta': 1146807.0883, 'loss': 0.1477, 'lr': 0.001, 'params': 963601, 'time_iter': 15.3613, 'accuracy': 0.9619, 'precision': 0.1892, 'recall': 0.0057, 'f1': 0.011, 'auc': 0.7055}
val: {'epoch': 29, 'loss': 0.0956, 'lr': 0.001, 'params': 963601, 'time_iter': 1.3726, 'accuracy': 0.9801, 'precision': 0.0, 'recall': 0.0, 'f1': 0.0, 'auc': 0.723}
train: {'epoch': 29, 'eta': 1129939.6093, 'loss': 0.1461, 'lr': 0.001, 'params': 963601, 'time_iter': 15.3991, 'accuracy': 0.9619, 'precision': 0.1613, 'recall': 0.0041, 'f1': 0.0079, 'auc': 0.7138}
val: {'epoch': 30, 'loss': 0.1, 'lr': 0.001, 'params': 963601, 'time_iter': 1.3142, 'accuracy': 0.9805, 'precision': 0.6667, 'recall': 0.0247, 'f1': 0.0476, 'auc': 0.6535}
train: {'epoch': 30, 'eta': 1113803.7092, 'loss': 0.1475, 'lr': 0.001, 'params': 963601, 'time_iter': 15.6897, 'accuracy': 0.9621, 'precision': 0.3171, 'recall': 0.0106, 'f1': 0.0204, 'auc': 0.7031}
val: {'epoch': 31, 'loss': 0.0987, 'lr': 0.001, 'params': 963601, 'time_iter': 1.3766, 'accuracy': 0.9803, 'precision': 0.0, 'recall': 0.0, 'f1': 0.0, 'auc': 0.6924}
train: {'epoch': 31, 'eta': 1099051.1849, 'loss': 0.1482, 'lr': 0.001, 'params': 963601, 'time_iter': 16.3226, 'accuracy': 0.9618, 'precision': 0.2273, 'recall': 0.0081, 'f1': 0.0157, 'auc': 0.6954}
val: {'epoch': 32, 'loss': 0.0977, 'lr': 0.001, 'params': 963601, 'time_iter': 1.3271, 'accuracy': 0.981, 'precision': 0.8, 'recall': 0.0494, 'f1': 0.093, 'auc': 0.6861}
train: {'epoch': 32, 'eta': 1083404.9781, 'loss': 0.1474, 'lr': 0.001, 'params': 963601, 'time_iter': 15.9541, 'accuracy': 0.962, 'precision': 0.2432, 'recall': 0.0073, 'f1': 0.0142, 'auc': 0.7017}
val: {'epoch': 33, 'loss': 0.0969, 'lr': 0.001, 'params': 963601, 'time_iter': 1.3551, 'accuracy': 0.9813, 'precision': 0.8333, 'recall': 0.0617, 'f1': 0.1149, 'auc': 0.705}
train: {'epoch': 33, 'eta': 1067514.8829, 'loss': 0.148, 'lr': 0.001, 'params': 963601, 'time_iter': 15.8547, 'accuracy': 0.9617, 'precision': 0.2353, 'recall': 0.0097, 'f1': 0.0187, 'auc': 0.6991}
val: {'epoch': 34, 'loss': 0.0965, 'lr': 0.001, 'params': 963601, 'time_iter': 1.3161, 'accuracy': 0.981, 'precision': 0.8, 'recall': 0.0494, 'f1': 0.093, 'auc': 0.7121}
train: {'epoch': 34, 'eta': 1050538.9315, 'loss': 0.148, 'lr': 0.001, 'params': 963601, 'time_iter': 15.2992, 'accuracy': 0.9619, 'precision': 0.1765, 'recall': 0.0049, 'f1': 0.0095, 'auc': 0.7017}
val: {'epoch': 35, 'loss': 0.0975, 'lr': 0.001, 'params': 963601, 'time_iter': 1.41, 'accuracy': 0.9805, 'precision': 0.5556, 'recall': 0.0617, 'f1': 0.1111, 'auc': 0.7415}
train: {'epoch': 35, 'eta': 1034131.4734, 'loss': 0.1471, 'lr': 0.001, 'params': 963601, 'time_iter': 15.5725, 'accuracy': 0.9616, 'precision': 0.1591, 'recall': 0.0057, 'f1': 0.011, 'auc': 0.6996}
val: {'epoch': 36, 'loss': 0.0999, 'lr': 0.001, 'params': 963601, 'time_iter': 1.3875, 'accuracy': 0.9803, 'precision': 0.0, 'recall': 0.0, 'f1': 0.0, 'auc': 0.7509}
train: {'epoch': 36, 'eta': 1018425.5789, 'loss': 0.1477, 'lr': 0.001, 'params': 963601, 'time_iter': 15.9611, 'accuracy': 0.962, 'precision': 0.2286, 'recall': 0.0065, 'f1': 0.0126, 'auc': 0.7093}
val: {'epoch': 37, 'loss': 0.1015, 'lr': 0.001, 'params': 963601, 'time_iter': 1.4304, 'accuracy': 0.981, 'precision': 1.0, 'recall': 0.037, 'f1': 0.0714, 'auc': 0.7206}
train: {'epoch': 37, 'eta': 1002423.2323, 'loss': 0.1478, 'lr': 0.001, 'params': 963601, 'time_iter': 15.8071, 'accuracy': 0.9618, 'precision': 0.2391, 'recall': 0.0089, 'f1': 0.0172, 'auc': 0.709}
val: {'epoch': 38, 'loss': 0.0971, 'lr': 0.001, 'params': 963601, 'time_iter': 1.3115, 'accuracy': 0.9813, 'precision': 1.0, 'recall': 0.0494, 'f1': 0.0941, 'auc': 0.7068}
train: {'epoch': 38, 'eta': 986467.2133, 'loss': 0.148, 'lr': 0.001, 'params': 963601, 'time_iter': 15.8442, 'accuracy': 0.962, 'precision': 0.3023, 'recall': 0.0106, 'f1': 0.0204, 'auc': 0.7}
val: {'epoch': 39, 'loss': 0.1041, 'lr': 0.001, 'params': 963601, 'time_iter': 1.4074, 'accuracy': 0.9803, 'precision': 0.5, 'recall': 0.0123, 'f1': 0.0241, 'auc': 0.7359}
train: {'epoch': 39, 'eta': 970632.2733, 'loss': 0.149, 'lr': 0.001, 'params': 963601, 'time_iter': 15.9339, 'accuracy': 0.9618, 'precision': 0.2273, 'recall': 0.0081, 'f1': 0.0157, 'auc': 0.7056}
val: {'epoch': 40, 'loss': 0.102, 'lr': 0.001, 'params': 963601, 'time_iter': 1.4441, 'accuracy': 0.9798, 'precision': 0.0, 'recall': 0.0, 'f1': 0.0, 'auc': 0.7212}
train: {'epoch': 40, 'eta': 954582.7719, 'loss': 0.1487, 'lr': 0.001, 'params': 963601, 'time_iter': 15.8075, 'accuracy': 0.9614, 'precision': 0.1321, 'recall': 0.0057, 'f1': 0.0109, 'auc': 0.7134}
val: {'epoch': 41, 'loss': 0.0993, 'lr': 0.001, 'params': 963601, 'time_iter': 1.4173, 'accuracy': 0.9808, 'precision': 0.6, 'recall': 0.0741, 'f1': 0.1319, 'auc': 0.7019}
train: {'epoch': 41, 'eta': 938476.0616, 'loss': 0.1462, 'lr': 0.001, 'params': 963601, 'time_iter': 15.7745, 'accuracy': 0.9617, 'precision': 0.1628, 'recall': 0.0057, 'f1': 0.011, 'auc': 0.7151}
val: {'epoch': 42, 'loss': 0.1066, 'lr': 0.001, 'params': 963601, 'time_iter': 1.4159, 'accuracy': 0.9803, 'precision': 0.0, 'recall': 0.0, 'f1': 0.0, 'auc': 0.655}
train: {'epoch': 42, 'eta': 922788.3513, 'loss': 0.1465, 'lr': 0.001, 'params': 963601, 'time_iter': 16.086, 'accuracy': 0.9619, 'precision': 0.25, 'recall': 0.0089, 'f1': 0.0172, 'auc': 0.7129}
val: {'epoch': 43, 'loss': 0.1052, 'lr': 0.001, 'params': 963601, 'time_iter': 1.3574, 'accuracy': 0.9803, 'precision': 0.5, 'recall': 0.037, 'f1': 0.069, 'auc': 0.6685}
train: {'epoch': 43, 'eta': 906494.2453, 'loss': 0.1469, 'lr': 0.001, 'params': 963601, 'time_iter': 15.653, 'accuracy': 0.9617, 'precision': 0.2353, 'recall': 0.0097, 'f1': 0.0187, 'auc': 0.6961}
val: {'epoch': 44, 'loss': 0.1016, 'lr': 0.001, 'params': 963601, 'time_iter': 1.3546, 'accuracy': 0.981, 'precision': 0.8, 'recall': 0.0494, 'f1': 0.093, 'auc': 0.7027}
train: {'epoch': 44, 'eta': 890089.382, 'loss': 0.1471, 'lr': 0.001, 'params': 963601, 'time_iter': 15.5583, 'accuracy': 0.9616, 'precision': 0.1923, 'recall': 0.0081, 'f1': 0.0156, 'auc': 0.7063}
val: {'epoch': 45, 'loss': 0.1027, 'lr': 0.001, 'params': 963601, 'time_iter': 1.4002, 'accuracy': 0.9798, 'precision': 0.25, 'recall': 0.0123, 'f1': 0.0235, 'auc': 0.7383}
train: {'epoch': 45, 'eta': 873846.8822, 'loss': 0.147, 'lr': 0.001, 'params': 963601, 'time_iter': 15.6785, 'accuracy': 0.9617, 'precision': 0.2157, 'recall': 0.0089, 'f1': 0.0171, 'auc': 0.71}
val: {'epoch': 46, 'loss': 0.1012, 'lr': 0.001, 'params': 963601, 'time_iter': 1.35, 'accuracy': 0.9803, 'precision': 0.0, 'recall': 0.0, 'f1': 0.0, 'auc': 0.7321}
train: {'epoch': 46, 'eta': 857982.3309, 'loss': 0.1454, 'lr': 0.001, 'params': 963601, 'time_iter': 16.0002, 'accuracy': 0.962, 'precision': 0.2821, 'recall': 0.0089, 'f1': 0.0173, 'auc': 0.7248}
val: {'epoch': 47, 'loss': 0.1, 'lr': 0.001, 'params': 963601, 'time_iter': 1.3695, 'accuracy': 0.9803, 'precision': 0.0, 'recall': 0.0, 'f1': 0.0, 'auc': 0.7328}
train: {'epoch': 47, 'eta': 841840.4565, 'loss': 0.1459, 'lr': 0.001, 'params': 963601, 'time_iter': 15.7738, 'accuracy': 0.9621, 'precision': 0.1667, 'recall': 0.0032, 'f1': 0.0064, 'auc': 0.7267}
val: {'epoch': 48, 'loss': 0.1073, 'lr': 0.001, 'params': 963601, 'time_iter': 1.4301, 'accuracy': 0.9803, 'precision': 0.0, 'recall': 0.0, 'f1': 0.0, 'auc': 0.7036}
train: {'epoch': 48, 'eta': 825818.7064, 'loss': 0.1464, 'lr': 0.001, 'params': 963601, 'time_iter': 15.8894, 'accuracy': 0.9615, 'precision': 0.1569, 'recall': 0.0065, 'f1': 0.0125, 'auc': 0.7241}
val: {'epoch': 49, 'loss': 0.1041, 'lr': 0.001, 'params': 963601, 'time_iter': 1.4442, 'accuracy': 0.9803, 'precision': 0.0, 'recall': 0.0, 'f1': 0.0, 'auc': 0.728}
train: {'epoch': 49, 'eta': 809388.5596, 'loss': 0.1467, 'lr': 0.001, 'params': 963601, 'time_iter': 15.5052, 'accuracy': 0.9617, 'precision': 0.0625, 'recall': 0.0016, 'f1': 0.0032, 'auc': 0.7156}
val: {'epoch': 50, 'loss': 0.1088, 'lr': 0.001, 'params': 963601, 'time_iter': 1.4039, 'accuracy': 0.9798, 'precision': 0.0, 'recall': 0.0, 'f1': 0.0, 'auc': 0.6957}
train: {'epoch': 50, 'eta': 793216.6183, 'loss': 0.1472, 'lr': 0.001, 'params': 963601, 'time_iter': 15.7476, 'accuracy': 0.962, 'precision': 0.2564, 'recall': 0.0081, 'f1': 0.0157, 'auc': 0.7045}
val: {'epoch': 51, 'loss': 0.1051, 'lr': 0.001, 'params': 963601, 'time_iter': 1.4118, 'accuracy': 0.9813, 'precision': 0.75, 'recall': 0.0741, 'f1': 0.1348, 'auc': 0.6684}
train: {'epoch': 51, 'eta': 777091.8016, 'loss': 0.1459, 'lr': 0.001, 'params': 963601, 'time_iter': 15.7985, 'accuracy': 0.9621, 'precision': 0.36, 'recall': 0.0146, 'f1': 0.0281, 'auc': 0.709}
val: {'epoch': 52, 'loss': 0.1093, 'lr': 0.001, 'params': 963601, 'time_iter': 1.33, 'accuracy': 0.9803, 'precision': 0.5, 'recall': 0.0123, 'f1': 0.0241, 'auc': 0.6171}
train: {'epoch': 52, 'eta': 760945.7668, 'loss': 0.146, 'lr': 0.001, 'params': 963601, 'time_iter': 15.7807, 'accuracy': 0.9614, 'precision': 0.1905, 'recall': 0.0097, 'f1': 0.0185, 'auc': 0.7141}
val: {'epoch': 53, 'loss': 0.1104, 'lr': 0.001, 'params': 963601, 'time_iter': 1.3879, 'accuracy': 0.9796, 'precision': 0.2, 'recall': 0.0123, 'f1': 0.0233, 'auc': 0.6137}
train: {'epoch': 53, 'eta': 744768.8915, 'loss': 0.1459, 'lr': 0.001, 'params': 963601, 'time_iter': 15.7494, 'accuracy': 0.9617, 'precision': 0.2245, 'recall': 0.0089, 'f1': 0.0172, 'auc': 0.7126}
val: {'epoch': 54, 'loss': 0.1092, 'lr': 0.001, 'params': 963601, 'time_iter': 1.393, 'accuracy': 0.9798, 'precision': 0.3333, 'recall': 0.0247, 'f1': 0.046, 'auc': 0.6173}
train: {'epoch': 54, 'eta': 728555.7357, 'loss': 0.1457, 'lr': 0.001, 'params': 963601, 'time_iter': 15.7076, 'accuracy': 0.962, 'precision': 0.2121, 'recall': 0.0057, 'f1': 0.0111, 'auc': 0.7055}
val: {'epoch': 55, 'loss': 0.1058, 'lr': 0.001, 'params': 963601, 'time_iter': 1.3425, 'accuracy': 0.9803, 'precision': 0.5, 'recall': 0.0123, 'f1': 0.0241, 'auc': 0.6747}
train: {'epoch': 55, 'eta': 712756.4881, 'loss': 0.1458, 'lr': 0.001, 'params': 963601, 'time_iter': 16.2173, 'accuracy': 0.9619, 'precision': 0.2667, 'recall': 0.0097, 'f1': 0.0188, 'auc': 0.706}
val: {'epoch': 56, 'loss': 0.1126, 'lr': 0.001, 'params': 963601, 'time_iter': 1.3954, 'accuracy': 0.9803, 'precision': 0.5, 'recall': 0.0123, 'f1': 0.0241, 'auc': 0.6899}
train: {'epoch': 56, 'eta': 696721.1313, 'loss': 0.1454, 'lr': 0.001, 'params': 963601, 'time_iter': 15.9533, 'accuracy': 0.9619, 'precision': 0.2558, 'recall': 0.0089, 'f1': 0.0173, 'auc': 0.7113}
val: {'epoch': 57, 'loss': 0.1063, 'lr': 0.001, 'params': 963601, 'time_iter': 1.3338, 'accuracy': 0.981, 'precision': 1.0, 'recall': 0.037, 'f1': 0.0714, 'auc': 0.7513}
train: {'epoch': 57, 'eta': 680701.985, 'loss': 0.1451, 'lr': 0.001, 'params': 963601, 'time_iter': 15.9927, 'accuracy': 0.9617, 'precision': 0.25, 'recall': 0.0114, 'f1': 0.0217, 'auc': 0.7175}
val: {'epoch': 58, 'loss': 0.1129, 'lr': 0.001, 'params': 963601, 'time_iter': 1.4019, 'accuracy': 0.9808, 'precision': 1.0, 'recall': 0.0247, 'f1': 0.0482, 'auc': 0.6961}
train: {'epoch': 58, 'eta': 664296.0967, 'loss': 0.1437, 'lr': 0.001, 'params': 963601, 'time_iter': 15.4726, 'accuracy': 0.9618, 'precision': 0.2857, 'recall': 0.013, 'f1': 0.0248, 'auc': 0.7267}
val: {'epoch': 59, 'loss': 0.1093, 'lr': 0.001, 'params': 963601, 'time_iter': 1.3823, 'accuracy': 0.9808, 'precision': 0.75, 'recall': 0.037, 'f1': 0.0706, 'auc': 0.6814}
train: {'epoch': 59, 'eta': 648287.8038, 'loss': 0.1441, 'lr': 0.001, 'params': 963601, 'time_iter': 16.0286, 'accuracy': 0.9616, 'precision': 0.2203, 'recall': 0.0106, 'f1': 0.0201, 'auc': 0.7219}
val: {'epoch': 60, 'loss': 0.1263, 'lr': 0.001, 'params': 963601, 'time_iter': 1.3964, 'accuracy': 0.9803, 'precision': 0.0, 'recall': 0.0, 'f1': 0.0, 'auc': 0.6868}
train: {'epoch': 60, 'eta': 632231.4234, 'loss': 0.145, 'lr': 0.001, 'params': 963601, 'time_iter': 15.9797, 'accuracy': 0.9617, 'precision': 0.2157, 'recall': 0.0089, 'f1': 0.0171, 'auc': 0.7266}
val: {'epoch': 61, 'loss': 0.1044, 'lr': 0.001, 'params': 963601, 'time_iter': 1.3552, 'accuracy': 0.9803, 'precision': 0.5, 'recall': 0.0123, 'f1': 0.0241, 'auc': 0.7005}
train: {'epoch': 61, 'eta': 616126.7517, 'loss': 0.148, 'lr': 0.001, 'params': 963601, 'time_iter': 15.9229, 'accuracy': 0.9619, 'precision': 0.1944, 'recall': 0.0057, 'f1': 0.011, 'auc': 0.6932}
val: {'epoch': 62, 'loss': 0.1104, 'lr': 0.001, 'params': 963601, 'time_iter': 1.3459, 'accuracy': 0.9805, 'precision': 1.0, 'recall': 0.0123, 'f1': 0.0244, 'auc': 0.653}
train: {'epoch': 62, 'eta': 599972.6363, 'loss': 0.1461, 'lr': 0.001, 'params': 963601, 'time_iter': 15.8558, 'accuracy': 0.9619, 'precision': 0.2909, 'recall': 0.013, 'f1': 0.0249, 'auc': 0.7115}
val: {'epoch': 63, 'loss': 0.1161, 'lr': 0.001, 'params': 963601, 'time_iter': 1.381, 'accuracy': 0.9803, 'precision': 0.0, 'recall': 0.0, 'f1': 0.0, 'auc': 0.5932}
train: {'epoch': 63, 'eta': 583850.304, 'loss': 0.1455, 'lr': 0.001, 'params': 963601, 'time_iter': 15.9194, 'accuracy': 0.9615, 'precision': 0.2, 'recall': 0.0097, 'f1': 0.0186, 'auc': 0.7165}
val: {'epoch': 64, 'loss': 0.1132, 'lr': 0.001, 'params': 963601, 'time_iter': 1.3685, 'accuracy': 0.9801, 'precision': 0.4, 'recall': 0.0247, 'f1': 0.0465, 'auc': 0.6631}
train: {'epoch': 64, 'eta': 567717.0107, 'loss': 0.1452, 'lr': 0.001, 'params': 963601, 'time_iter': 15.914, 'accuracy': 0.9618, 'precision': 0.1905, 'recall': 0.0065, 'f1': 0.0126, 'auc': 0.7148}
val: {'epoch': 65, 'loss': 0.1068, 'lr': 0.001, 'params': 963601, 'time_iter': 1.3345, 'accuracy': 0.9803, 'precision': 0.5, 'recall': 0.0247, 'f1': 0.0471, 'auc': 0.7286}
train: {'epoch': 65, 'eta': 551658.0244, 'loss': 0.1428, 'lr': 0.001, 'params': 963601, 'time_iter': 16.068, 'accuracy': 0.9618, 'precision': 0.3182, 'recall': 0.017, 'f1': 0.0324, 'auc': 0.734}
val: {'epoch': 66, 'loss': 0.1033, 'lr': 0.001, 'params': 963601, 'time_iter': 1.343, 'accuracy': 0.9801, 'precision': 0.0, 'recall': 0.0, 'f1': 0.0, 'auc': 0.7309}
train: {'epoch': 66, 'eta': 535282.0977, 'loss': 0.145, 'lr': 0.001, 'params': 963601, 'time_iter': 15.4706, 'accuracy': 0.962, 'precision': 0.3125, 'recall': 0.0122, 'f1': 0.0234, 'auc': 0.7189}
val: {'epoch': 67, 'loss': 0.1036, 'lr': 0.001, 'params': 963601, 'time_iter': 1.4084, 'accuracy': 0.9801, 'precision': 0.0, 'recall': 0.0, 'f1': 0.0, 'auc': 0.7501}
train: {'epoch': 67, 'eta': 518958.2648, 'loss': 0.1452, 'lr': 0.001, 'params': 963601, 'time_iter': 15.5505, 'accuracy': 0.9621, 'precision': 0.3, 'recall': 0.0097, 'f1': 0.0189, 'auc': 0.7185}
val: {'epoch': 68, 'loss': 0.1075, 'lr': 0.001, 'params': 963601, 'time_iter': 1.3659, 'accuracy': 0.9803, 'precision': 0.0, 'recall': 0.0, 'f1': 0.0, 'auc': 0.7446}
train: {'epoch': 68, 'eta': 502638.0916, 'loss': 0.1436, 'lr': 0.001, 'params': 963601, 'time_iter': 15.5382, 'accuracy': 0.9621, 'precision': 0.3158, 'recall': 0.0097, 'f1': 0.0189, 'auc': 0.734}
val: {'epoch': 69, 'loss': 0.1051, 'lr': 0.001, 'params': 963601, 'time_iter': 1.367, 'accuracy': 0.9808, 'precision': 1.0, 'recall': 0.0247, 'f1': 0.0482, 'auc': 0.7569}
train: {'epoch': 69, 'eta': 486444.5402, 'loss': 0.1441, 'lr': 0.001, 'params': 963601, 'time_iter': 15.8038, 'accuracy': 0.962, 'precision': 0.3333, 'recall': 0.0154, 'f1': 0.0295, 'auc': 0.7309}
val: {'epoch': 70, 'loss': 0.108, 'lr': 0.001, 'params': 963601, 'time_iter': 1.3616, 'accuracy': 0.9803, 'precision': 0.0, 'recall': 0.0, 'f1': 0.0, 'auc': 0.7485}
train: {'epoch': 70, 'eta': 470315.7, 'loss': 0.1438, 'lr': 0.001, 'params': 963601, 'time_iter': 15.9624, 'accuracy': 0.9618, 'precision': 0.2549, 'recall': 0.0106, 'f1': 0.0203, 'auc': 0.7275}
val: {'epoch': 71, 'loss': 0.1064, 'lr': 0.001, 'params': 963601, 'time_iter': 1.305, 'accuracy': 0.9808, 'precision': 1.0, 'recall': 0.0247, 'f1': 0.0482, 'auc': 0.7518}
train: {'epoch': 71, 'eta': 454200.5363, 'loss': 0.143, 'lr': 0.001, 'params': 963601, 'time_iter': 16.0172, 'accuracy': 0.9619, 'precision': 0.3148, 'recall': 0.0138, 'f1': 0.0264, 'auc': 0.7344}
val: {'epoch': 72, 'loss': 0.1077, 'lr': 0.001, 'params': 963601, 'time_iter': 1.3965, 'accuracy': 0.9803, 'precision': 0.0, 'recall': 0.0, 'f1': 0.0, 'auc': 0.7398}
train: {'epoch': 72, 'eta': 437943.6947, 'loss': 0.1424, 'lr': 0.001, 'params': 963601, 'time_iter': 15.6713, 'accuracy': 0.9616, 'precision': 0.2241, 'recall': 0.0106, 'f1': 0.0202, 'auc': 0.7418}
val: {'epoch': 73, 'loss': 0.1095, 'lr': 0.001, 'params': 963601, 'time_iter': 1.3273, 'accuracy': 0.9808, 'precision': 1.0, 'recall': 0.0247, 'f1': 0.0482, 'auc': 0.7244}
train: {'epoch': 73, 'eta': 421767.7511, 'loss': 0.1423, 'lr': 0.001, 'params': 963601, 'time_iter': 15.8852, 'accuracy': 0.9622, 'precision': 0.3725, 'recall': 0.0154, 'f1': 0.0296, 'auc': 0.7406}
val: {'epoch': 74, 'loss': 0.1048, 'lr': 0.001, 'params': 963601, 'time_iter': 1.3731, 'accuracy': 0.9803, 'precision': 0.0, 'recall': 0.0, 'f1': 0.0, 'auc': 0.7595}
train: {'epoch': 74, 'eta': 405462.8, 'loss': 0.1422, 'lr': 0.001, 'params': 963601, 'time_iter': 15.5223, 'accuracy': 0.9619, 'precision': 0.283, 'recall': 0.0122, 'f1': 0.0233, 'auc': 0.7406}
val: {'epoch': 75, 'loss': 0.1043, 'lr': 0.001, 'params': 963601, 'time_iter': 1.4068, 'accuracy': 0.9803, 'precision': 0.0, 'recall': 0.0, 'f1': 0.0, 'auc': 0.7662}
train: {'epoch': 75, 'eta': 389299.3997, 'loss': 0.1428, 'lr': 0.001, 'params': 963601, 'time_iter': 15.931, 'accuracy': 0.9623, 'precision': 0.3889, 'recall': 0.0114, 'f1': 0.0221, 'auc': 0.7382}
val: {'epoch': 76, 'loss': 0.1041, 'lr': 0.001, 'params': 963601, 'time_iter': 1.3242, 'accuracy': 0.9803, 'precision': 0.0, 'recall': 0.0, 'f1': 0.0, 'auc': 0.7747}
train: {'epoch': 76, 'eta': 373095.3951, 'loss': 0.1424, 'lr': 0.001, 'params': 963601, 'time_iter': 15.8183, 'accuracy': 0.9622, 'precision': 0.3243, 'recall': 0.0097, 'f1': 0.0189, 'auc': 0.7424}
val: {'epoch': 77, 'loss': 0.1071, 'lr': 0.001, 'params': 963601, 'time_iter': 1.3748, 'accuracy': 0.9808, 'precision': 1.0, 'recall': 0.0247, 'f1': 0.0482, 'auc': 0.7689}
train: {'epoch': 77, 'eta': 356940.0095, 'loss': 0.1424, 'lr': 0.001, 'params': 963601, 'time_iter': 15.9923, 'accuracy': 0.962, 'precision': 0.3455, 'recall': 0.0154, 'f1': 0.0295, 'auc': 0.7421}
val: {'epoch': 78, 'loss': 0.1208, 'lr': 0.001, 'params': 963601, 'time_iter': 1.4025, 'accuracy': 0.9803, 'precision': 0.0, 'recall': 0.0, 'f1': 0.0, 'auc': 0.748}
train: {'epoch': 78, 'eta': 340728.1768, 'loss': 0.1424, 'lr': 0.001, 'params': 963601, 'time_iter': 15.8138, 'accuracy': 0.9619, 'precision': 0.2909, 'recall': 0.013, 'f1': 0.0249, 'auc': 0.7476}
val: {'epoch': 79, 'loss': 0.1254, 'lr': 0.001, 'params': 963601, 'time_iter': 1.394, 'accuracy': 0.9801, 'precision': 0.0, 'recall': 0.0, 'f1': 0.0, 'auc': 0.7473}
train: {'epoch': 79, 'eta': 324506.5087, 'loss': 0.1439, 'lr': 0.001, 'params': 963601, 'time_iter': 15.7814, 'accuracy': 0.9619, 'precision': 0.1875, 'recall': 0.0049, 'f1': 0.0095, 'auc': 0.7409}
val: {'epoch': 80, 'loss': 0.1174, 'lr': 0.001, 'params': 963601, 'time_iter': 1.3991, 'accuracy': 0.9803, 'precision': 0.0, 'recall': 0.0, 'f1': 0.0, 'auc': 0.7333}
train: {'epoch': 80, 'eta': 308239.8069, 'loss': 0.1438, 'lr': 0.001, 'params': 963601, 'time_iter': 15.5966, 'accuracy': 0.9618, 'precision': 0.2045, 'recall': 0.0073, 'f1': 0.0141, 'auc': 0.7365}
val: {'epoch': 81, 'loss': 0.118, 'lr': 0.001, 'params': 963601, 'time_iter': 1.3715, 'accuracy': 0.9803, 'precision': 0.0, 'recall': 0.0, 'f1': 0.0, 'auc': 0.7415}
train: {'epoch': 81, 'eta': 292087.2588, 'loss': 0.1432, 'lr': 0.001, 'params': 963601, 'time_iter': 16.0785, 'accuracy': 0.9622, 'precision': 0.3659, 'recall': 0.0122, 'f1': 0.0236, 'auc': 0.741}
val: {'epoch': 82, 'loss': 0.1097, 'lr': 0.001, 'params': 963601, 'time_iter': 1.3369, 'accuracy': 0.9803, 'precision': 0.5, 'recall': 0.0247, 'f1': 0.0471, 'auc': 0.7398}
train: {'epoch': 82, 'eta': 275858.8218, 'loss': 0.1444, 'lr': 0.001, 'params': 963601, 'time_iter': 15.7633, 'accuracy': 0.9622, 'precision': 0.3488, 'recall': 0.0122, 'f1': 0.0235, 'auc': 0.7241}
val: {'epoch': 83, 'loss': 0.1178, 'lr': 0.001, 'params': 963601, 'time_iter': 1.3593, 'accuracy': 0.9808, 'precision': 1.0, 'recall': 0.0247, 'f1': 0.0482, 'auc': 0.7233}
train: {'epoch': 83, 'eta': 259615.4554, 'loss': 0.143, 'lr': 0.001, 'params': 963601, 'time_iter': 15.6861, 'accuracy': 0.9617, 'precision': 0.3056, 'recall': 0.0179, 'f1': 0.0337, 'auc': 0.7374}
val: {'epoch': 84, 'loss': 0.1222, 'lr': 0.001, 'params': 963601, 'time_iter': 1.3917, 'accuracy': 0.9803, 'precision': 0.0, 'recall': 0.0, 'f1': 0.0, 'auc': 0.7018}
train: {'epoch': 84, 'eta': 243348.8339, 'loss': 0.1425, 'lr': 0.001, 'params': 963601, 'time_iter': 15.5448, 'accuracy': 0.962, 'precision': 0.3784, 'recall': 0.0227, 'f1': 0.0429, 'auc': 0.7322}
val: {'epoch': 85, 'loss': 0.1191, 'lr': 0.001, 'params': 963601, 'time_iter': 1.3487, 'accuracy': 0.9808, 'precision': 1.0, 'recall': 0.0247, 'f1': 0.0482, 'auc': 0.7015}
train: {'epoch': 85, 'eta': 227157.001, 'loss': 0.1426, 'lr': 0.001, 'params': 963601, 'time_iter': 15.9536, 'accuracy': 0.962, 'precision': 0.3509, 'recall': 0.0162, 'f1': 0.031, 'auc': 0.729}
val: {'epoch': 86, 'loss': 0.1188, 'lr': 0.001, 'params': 963601, 'time_iter': 1.3341, 'accuracy': 0.9808, 'precision': 1.0, 'recall': 0.0247, 'f1': 0.0482, 'auc': 0.7285}
train: {'epoch': 86, 'eta': 210965.9622, 'loss': 0.1431, 'lr': 0.001, 'params': 963601, 'time_iter': 15.9923, 'accuracy': 0.9619, 'precision': 0.3019, 'recall': 0.013, 'f1': 0.0249, 'auc': 0.7367}
val: {'epoch': 87, 'loss': 0.1148, 'lr': 0.001, 'params': 963601, 'time_iter': 1.3149, 'accuracy': 0.981, 'precision': 1.0, 'recall': 0.037, 'f1': 0.0714, 'auc': 0.7216}
train: {'epoch': 87, 'eta': 194756.8913, 'loss': 0.1424, 'lr': 0.001, 'params': 963601, 'time_iter': 15.9068, 'accuracy': 0.9622, 'precision': 0.3968, 'recall': 0.0203, 'f1': 0.0386, 'auc': 0.7332}
val: {'epoch': 88, 'loss': 0.1145, 'lr': 0.001, 'params': 963601, 'time_iter': 1.457, 'accuracy': 0.9805, 'precision': 0.6667, 'recall': 0.0247, 'f1': 0.0476, 'auc': 0.7713}
train: {'epoch': 88, 'eta': 178548.2272, 'loss': 0.1412, 'lr': 0.001, 'params': 963601, 'time_iter': 15.9381, 'accuracy': 0.9618, 'precision': 0.3488, 'recall': 0.0244, 'f1': 0.0455, 'auc': 0.7374}
val: {'epoch': 89, 'loss': 0.1251, 'lr': 0.001, 'params': 963601, 'time_iter': 1.4019, 'accuracy': 0.9801, 'precision': 0.0, 'recall': 0.0, 'f1': 0.0, 'auc': 0.705}
train: {'epoch': 89, 'eta': 162311.2126, 'loss': 0.1421, 'lr': 0.001, 'params': 963601, 'time_iter': 15.7273, 'accuracy': 0.9615, 'precision': 0.25, 'recall': 0.0146, 'f1': 0.0276, 'auc': 0.7398}
val: {'epoch': 90, 'loss': 0.1178, 'lr': 0.001, 'params': 963601, 'time_iter': 1.3924, 'accuracy': 0.9808, 'precision': 1.0, 'recall': 0.0247, 'f1': 0.0482, 'auc': 0.7592}
train: {'epoch': 90, 'eta': 146042.8133, 'loss': 0.1422, 'lr': 0.001, 'params': 963601, 'time_iter': 15.4074, 'accuracy': 0.962, 'precision': 0.2791, 'recall': 0.0097, 'f1': 0.0188, 'auc': 0.7374}
val: {'epoch': 91, 'loss': 0.1288, 'lr': 0.001, 'params': 963601, 'time_iter': 1.4313, 'accuracy': 0.9808, 'precision': 1.0, 'recall': 0.0247, 'f1': 0.0482, 'auc': 0.6899}
train: {'epoch': 91, 'eta': 129809.5744, 'loss': 0.142, 'lr': 0.001, 'params': 963601, 'time_iter': 15.6997, 'accuracy': 0.9619, 'precision': 0.3103, 'recall': 0.0146, 'f1': 0.0279, 'auc': 0.7433}
val: {'epoch': 92, 'loss': 0.1318, 'lr': 0.001, 'params': 963601, 'time_iter': 1.6304, 'accuracy': 0.9803, 'precision': 0.0, 'recall': 0.0, 'f1': 0.0, 'auc': 0.7248}
train: {'epoch': 92, 'eta': 113589.744, 'loss': 0.1412, 'lr': 0.001, 'params': 963601, 'time_iter': 15.8511, 'accuracy': 0.9618, 'precision': 0.2857, 'recall': 0.013, 'f1': 0.0248, 'auc': 0.7475}
val: {'epoch': 93, 'loss': 0.1287, 'lr': 0.001, 'params': 963601, 'time_iter': 1.3963, 'accuracy': 0.9803, 'precision': 0.0, 'recall': 0.0, 'f1': 0.0, 'auc': 0.7084}
train: {'epoch': 93, 'eta': 97356.4814, 'loss': 0.1413, 'lr': 0.001, 'params': 963601, 'time_iter': 15.6761, 'accuracy': 0.962, 'precision': 0.3273, 'recall': 0.0146, 'f1': 0.028, 'auc': 0.7482}
val: {'epoch': 94, 'loss': 0.1321, 'lr': 0.001, 'params': 963601, 'time_iter': 1.3768, 'accuracy': 0.9808, 'precision': 1.0, 'recall': 0.0247, 'f1': 0.0482, 'auc': 0.7054}
train: {'epoch': 94, 'eta': 81114.8869, 'loss': 0.1415, 'lr': 0.001, 'params': 963601, 'time_iter': 15.4823, 'accuracy': 0.9618, 'precision': 0.2857, 'recall': 0.013, 'f1': 0.0248, 'auc': 0.7455}
val: {'epoch': 95, 'loss': 0.1386, 'lr': 0.001, 'params': 963601, 'time_iter': 1.3322, 'accuracy': 0.9803, 'precision': 0.0, 'recall': 0.0, 'f1': 0.0, 'auc': 0.6711}
train: {'epoch': 95, 'eta': 64900.6192, 'loss': 0.1405, 'lr': 0.001, 'params': 963601, 'time_iter': 15.9689, 'accuracy': 0.9617, 'precision': 0.3043, 'recall': 0.017, 'f1': 0.0323, 'auc': 0.7508}
val: {'epoch': 96, 'loss': 0.1392, 'lr': 0.001, 'params': 963601, 'time_iter': 1.4507, 'accuracy': 0.9803, 'precision': 0.0, 'recall': 0.0, 'f1': 0.0, 'auc': 0.7028}
train: {'epoch': 96, 'eta': 48676.3081, 'loss': 0.1432, 'lr': 0.001, 'params': 963601, 'time_iter': 15.7944, 'accuracy': 0.9616, 'precision': 0.2857, 'recall': 0.0162, 'f1': 0.0307, 'auc': 0.7371}
val: {'epoch': 97, 'loss': 0.1403, 'lr': 0.001, 'params': 963601, 'time_iter': 1.3911, 'accuracy': 0.9803, 'precision': 0.0, 'recall': 0.0, 'f1': 0.0, 'auc': 0.6468}
train: {'epoch': 97, 'eta': 32446.0737, 'loss': 0.1416, 'lr': 0.001, 'params': 963601, 'time_iter': 15.5397, 'accuracy': 0.9619, 'precision': 0.3425, 'recall': 0.0203, 'f1': 0.0383, 'auc': 0.7422}
val: {'epoch': 98, 'loss': 0.1374, 'lr': 0.001, 'params': 963601, 'time_iter': 1.3238, 'accuracy': 0.9803, 'precision': 0.0, 'recall': 0.0, 'f1': 0.0, 'auc': 0.6567}
train: {'epoch': 98, 'eta': 16222.5031, 'loss': 0.1399, 'lr': 0.001, 'params': 963601, 'time_iter': 15.7145, 'accuracy': 0.9618, 'precision': 0.3684, 'recall': 0.0284, 'f1': 0.0528, 'auc': 0.7488}
val: {'epoch': 99, 'loss': 0.1428, 'lr': 0.001, 'params': 963601, 'time_iter': 1.3856, 'accuracy': 0.9805, 'precision': 1.0, 'recall': 0.0123, 'f1': 0.0244, 'auc': 0.643}
train: {'epoch': 99, 'eta': 0.0, 'loss': 0.1404, 'lr': 0.001, 'params': 963601, 'time_iter': 15.8068, 'accuracy': 0.9616, 'precision': 0.3295, 'recall': 0.0235, 'f1': 0.0439, 'auc': 0.746}
test: {'epoch': 99, 'loss': 0.2359, 'lr': 0.001, 'params': 963601, 'time_iter': 1.3744, 'accuracy': 0.9684, 'precision': 0.0, 'recall': 0.0, 'f1': 0.0, 'auc': 0.6279}
test: {'epoch': 76, 'loss': 0.1685, 'lr': 0.001, 'params': 963601, 'time_iter': 1.3124, 'accuracy': 0.9681, 'precision': 0.0, 'recall': 0.0, 'f1': 0.0, 'auc': 0.7451}
