GraphGymModule(
  (model): DilatedGNNModel(
    (encoder): FeatureEncoder(
      (node_encoder): AtomEncoder(
        (atom_embedding_list): ModuleList(
          (0): Embedding(119, 300)
          (1): Embedding(4, 300)
          (2): Embedding(12, 300)
          (3): Embedding(12, 300)
          (4): Embedding(10, 300)
          (5): Embedding(6, 300)
          (6): Embedding(6, 300)
          (7): Embedding(2, 300)
          (8): Embedding(2, 300)
        )
      )
      (edge_encoder): BondEncoder(
        (bond_embedding_list): ModuleList(
          (0): Embedding(5, 300)
          (1): Embedding(6, 300)
          (2): Embedding(2, 300)
        )
      )
    )
    (mp): GNNDilatedEdgesFeatureStage(
      (classic_layers): ModuleList(
        (0): GeneralLayer(
          (layer): EGATConv(
            (model): GATConv(300, 300, heads=1)
          )
          (post_layer): Sequential(
            (0): BatchNorm1d(300, eps=1e-05, momentum=0.1, affine=True, track_running_stats=True)
            (1): Dropout(p=0.5, inplace=False)
            (2): ReLU()
          )
        )
        (1): GeneralLayer(
          (layer): EGATConv(
            (model): GATConv(300, 300, heads=1)
          )
          (post_layer): Sequential(
            (0): BatchNorm1d(300, eps=1e-05, momentum=0.1, affine=True, track_running_stats=True)
            (1): Dropout(p=0.5, inplace=False)
            (2): ReLU()
          )
        )
      )
      (dilated_layers): ModuleList(
        (0): DilatedGeneralLayer(
          (layer): EGATConv(
            (model): GATConv(300, 300, heads=1)
          )
          (post_layer): Sequential(
            (0): BatchNorm1d(300, eps=1e-05, momentum=0.1, affine=True, track_running_stats=True)
            (1): Dropout(p=0.5, inplace=False)
            (2): ReLU()
          )
          (gem): GeM(p=3.0000, eps=1e-06)
        )
      )
      (act): ReLU()
    )
    (post_mp): GNNGraphHead(
      (layer_post_mp): MLP(
        (model): Sequential(
          (0): Linear(
            (model): Linear(600, 1, bias=True)
          )
        )
      )
    )
  )
)
accelerator: cuda
benchmark: False
bn:
  eps: 1e-05
  mom: 0.1
cfg_dest: config.yaml
custom_metrics: []
dataset:
  cache_load: False
  cache_save: False
  dir: ./datasets
  edge_dim: 300
  edge_encoder: True
  edge_encoder_bn: False
  edge_encoder_name: Bond
  edge_message_ratio: 0.8
  edge_negative_sampling_ratio: 1.0
  edge_train_mode: all
  encoder: True
  encoder_bn: True
  encoder_dim: 128
  encoder_name: db
  fast_loader: False
  format: OGB
  label_column: none
  label_table: none
  location: local
  name: ogbg-molhiv
  node_encoder: True
  node_encoder_bn: False
  node_encoder_name: Atom
  remove_feature: False
  resample_disjoint: False
  resample_negative: False
  shuffle_split: True
  split: [0.8, 0.1, 0.1]
  split_mode: random
  task: graph
  task_type: classification
  to_undirected: False
  transductive: False
  transform: none
  tu_simple: True
devices: 1
gnn:
  act: relu
  act_on_last_layer_mp: False
  agg: none
  att_final_linear: False
  att_final_linear_bn: False
  att_heads: 1
  batchnorm: True
  clear_feature: True
  dim_inner: 300
  dropout: 0.5
  head: graph
  keep_edge: 0.5
  l2norm: True
  layer_type: egatconv
  layers_k1: 2
  layers_k2: 1
  layers_mp: 5
  layers_post_mp: 1
  layers_pre_mp: 0
  msg_direction: single
  normalize_adj: False
  self_msg: concat
  skip_every: 1
  stage_type: dilated_stage
  use_edge_features: True
gpu_mem: False
mem:
  inplace: False
metric_agg: argmax
metric_best: auc
model:
  edge_decoding: dot
  graph_pooling: mean
  loss_fun: cross_entropy
  match_upper: True
  size_average: mean
  thresh: 0.5
  type: dilated_gnn
num_threads: 6
num_workers: 16
optim:
  base_lr: 0.001
  lr_decay: 0.1
  max_epoch: 100
  momentum: 0.9
  optimizer: adam
  scheduler: none
  steps: [30, 60, 90]
  weight_decay: 0.0
out_dir: results_experiments/ogbg_molhiv_baseline_grid_comparison/ogbg_molhiv_baseline-type=dilated_gnn-stage_type=dilated_stage-layer_type=egatconv-layers_k1=2-layers_k2=1-act_on_last_layer_mp=False
params: 600903
print: both
round: 4
run_dir: results_experiments/ogbg_molhiv_baseline_grid_comparison/ogbg_molhiv_baseline-type=dilated_gnn-stage_type=dilated_stage-layer_type=egatconv-layers_k1=2-layers_k2=1-act_on_last_layer_mp=False/6
seed: 7
share:
  dim_in: 9
  dim_out: 2
  num_splits: 3
tensorboard_agg: True
tensorboard_each_run: False
train:
  auto_resume: False
  batch_size: 32
  ckpt_clean: True
  ckpt_period: 100
  enable_ckpt: True
  epoch_resume: -1
  eval_period: 1
  iter_per_epoch: 32
  neighbor_sizes: [20, 15, 10, 5]
  node_per_graph: 32
  radius: extend
  sample_node: False
  sampler: full_batch
  skip_train_eval: False
  walk_length: 4
val:
  node_per_graph: 32
  radius: extend
  sample_node: False
  sampler: full_batch
view_emb: False
Num parameters: 600903
val: {'epoch': 0, 'loss': 0.6829, 'lr': 0.001, 'params': 600903, 'time_iter': 0.7466, 'accuracy': 0.9844, 'precision': 0.0, 'recall': 0.0, 'f1': 0.0, 'auc': 0.3492}
val: {'epoch': 0, 'loss': 0.0983, 'lr': 0.001, 'params': 600903, 'time_iter': 1.5789, 'accuracy': 0.9803, 'precision': 0.0, 'recall': 0.0, 'f1': 0.0, 'auc': 0.5662}
train: {'epoch': 0, 'eta': 1393673.9437, 'loss': 0.188, 'lr': 0.001, 'params': 600903, 'time_iter': 13.6808, 'accuracy': 0.9623, 'precision': 0.0, 'recall': 0.0, 'f1': 0.0, 'auc': 0.5499}
val: {'epoch': 1, 'loss': 0.0934, 'lr': 0.001, 'params': 600903, 'time_iter': 1.6075, 'accuracy': 0.9803, 'precision': 0.0, 'recall': 0.0, 'f1': 0.0, 'auc': 0.6841}
train: {'epoch': 1, 'eta': 1369274.085, 'loss': 0.1526, 'lr': 0.001, 'params': 600903, 'time_iter': 13.476, 'accuracy': 0.9626, 'precision': 0.0, 'recall': 0.0, 'f1': 0.0, 'auc': 0.6652}
val: {'epoch': 2, 'loss': 0.0936, 'lr': 0.001, 'params': 600903, 'time_iter': 1.698, 'accuracy': 0.9803, 'precision': 0.0, 'recall': 0.0, 'f1': 0.0, 'auc': 0.7059}
train: {'epoch': 2, 'eta': 1350497.5338, 'loss': 0.1504, 'lr': 0.001, 'params': 600903, 'time_iter': 13.434, 'accuracy': 0.9626, 'precision': 0.0, 'recall': 0.0, 'f1': 0.0, 'auc': 0.6867}
val: {'epoch': 3, 'loss': 0.0933, 'lr': 0.001, 'params': 600903, 'time_iter': 1.5869, 'accuracy': 0.9803, 'precision': 0.0, 'recall': 0.0, 'f1': 0.0, 'auc': 0.7144}
train: {'epoch': 3, 'eta': 1339504.1644, 'loss': 0.1484, 'lr': 0.001, 'params': 600903, 'time_iter': 13.6489, 'accuracy': 0.9625, 'precision': 0.2, 'recall': 0.0008, 'f1': 0.0016, 'auc': 0.6928}
val: {'epoch': 4, 'loss': 0.0935, 'lr': 0.001, 'params': 600903, 'time_iter': 1.5747, 'accuracy': 0.9803, 'precision': 0.0, 'recall': 0.0, 'f1': 0.0, 'auc': 0.7101}
train: {'epoch': 4, 'eta': 1323466.3587, 'loss': 0.1462, 'lr': 0.001, 'params': 600903, 'time_iter': 13.4533, 'accuracy': 0.9624, 'precision': 0.1429, 'recall': 0.0008, 'f1': 0.0016, 'auc': 0.713}
val: {'epoch': 5, 'loss': 0.0975, 'lr': 0.001, 'params': 600903, 'time_iter': 1.6285, 'accuracy': 0.9803, 'precision': 0.0, 'recall': 0.0, 'f1': 0.0, 'auc': 0.6796}
train: {'epoch': 5, 'eta': 1307345.7652, 'loss': 0.1483, 'lr': 0.001, 'params': 600903, 'time_iter': 13.4028, 'accuracy': 0.9625, 'precision': 0.2857, 'recall': 0.0016, 'f1': 0.0032, 'auc': 0.6869}
val: {'epoch': 6, 'loss': 0.0986, 'lr': 0.001, 'params': 600903, 'time_iter': 1.5922, 'accuracy': 0.9803, 'precision': 0.0, 'recall': 0.0, 'f1': 0.0, 'auc': 0.6663}
train: {'epoch': 6, 'eta': 1294290.9439, 'loss': 0.1502, 'lr': 0.001, 'params': 600903, 'time_iter': 13.5784, 'accuracy': 0.9622, 'precision': 0.1176, 'recall': 0.0016, 'f1': 0.0032, 'auc': 0.6876}
val: {'epoch': 7, 'loss': 0.0951, 'lr': 0.001, 'params': 600903, 'time_iter': 1.6028, 'accuracy': 0.9803, 'precision': 0.0, 'recall': 0.0, 'f1': 0.0, 'auc': 0.6968}
train: {'epoch': 7, 'eta': 1279134.1298, 'loss': 0.1493, 'lr': 0.001, 'params': 600903, 'time_iter': 13.4201, 'accuracy': 0.9624, 'precision': 0.25, 'recall': 0.0024, 'f1': 0.0048, 'auc': 0.6857}
val: {'epoch': 8, 'loss': 0.1016, 'lr': 0.001, 'params': 600903, 'time_iter': 1.5981, 'accuracy': 0.9803, 'precision': 0.0, 'recall': 0.0, 'f1': 0.0, 'auc': 0.6928}
train: {'epoch': 8, 'eta': 1265717.9392, 'loss': 0.148, 'lr': 0.001, 'params': 600903, 'time_iter': 13.5586, 'accuracy': 0.9622, 'precision': 0.1765, 'recall': 0.0024, 'f1': 0.0048, 'auc': 0.6943}
val: {'epoch': 9, 'loss': 0.0987, 'lr': 0.001, 'params': 600903, 'time_iter': 1.9596, 'accuracy': 0.9803, 'precision': 0.0, 'recall': 0.0, 'f1': 0.0, 'auc': 0.7197}
train: {'epoch': 9, 'eta': 1250023.032, 'loss': 0.1478, 'lr': 0.001, 'params': 600903, 'time_iter': 13.3242, 'accuracy': 0.9622, 'precision': 0.1176, 'recall': 0.0016, 'f1': 0.0032, 'auc': 0.7021}
val: {'epoch': 10, 'loss': 0.0998, 'lr': 0.001, 'params': 600903, 'time_iter': 1.5984, 'accuracy': 0.9801, 'precision': 0.0, 'recall': 0.0, 'f1': 0.0, 'auc': 0.6875}
train: {'epoch': 10, 'eta': 1236965.4986, 'loss': 0.1482, 'lr': 0.001, 'params': 600903, 'time_iter': 13.5976, 'accuracy': 0.9623, 'precision': 0.2, 'recall': 0.0024, 'f1': 0.0048, 'auc': 0.6932}
val: {'epoch': 11, 'loss': 0.1001, 'lr': 0.001, 'params': 600903, 'time_iter': 1.5968, 'accuracy': 0.9803, 'precision': 0.0, 'recall': 0.0, 'f1': 0.0, 'auc': 0.6643}
train: {'epoch': 11, 'eta': 1223082.4142, 'loss': 0.1476, 'lr': 0.001, 'params': 600903, 'time_iter': 13.5088, 'accuracy': 0.9621, 'precision': 0.1739, 'recall': 0.0032, 'f1': 0.0064, 'auc': 0.6934}
val: {'epoch': 12, 'loss': 0.1029, 'lr': 0.001, 'params': 600903, 'time_iter': 1.9957, 'accuracy': 0.9803, 'precision': 0.0, 'recall': 0.0, 'f1': 0.0, 'auc': 0.6712}
train: {'epoch': 12, 'eta': 1209884.5126, 'loss': 0.1457, 'lr': 0.001, 'params': 600903, 'time_iter': 13.6087, 'accuracy': 0.9623, 'precision': 0.3448, 'recall': 0.0081, 'f1': 0.0159, 'auc': 0.7132}
val: {'epoch': 13, 'loss': 0.1047, 'lr': 0.001, 'params': 600903, 'time_iter': 1.5706, 'accuracy': 0.9803, 'precision': 0.0, 'recall': 0.0, 'f1': 0.0, 'auc': 0.6914}
train: {'epoch': 13, 'eta': 1196686.7385, 'loss': 0.1457, 'lr': 0.001, 'params': 600903, 'time_iter': 13.6269, 'accuracy': 0.962, 'precision': 0.125, 'recall': 0.0024, 'f1': 0.0048, 'auc': 0.715}
val: {'epoch': 14, 'loss': 0.103, 'lr': 0.001, 'params': 600903, 'time_iter': 1.6169, 'accuracy': 0.9803, 'precision': 0.0, 'recall': 0.0, 'f1': 0.0, 'auc': 0.6849}
train: {'epoch': 14, 'eta': 1182241.3879, 'loss': 0.1452, 'lr': 0.001, 'params': 600903, 'time_iter': 13.4318, 'accuracy': 0.9621, 'precision': 0.2581, 'recall': 0.0065, 'f1': 0.0127, 'auc': 0.7127}
val: {'epoch': 15, 'loss': 0.104, 'lr': 0.001, 'params': 600903, 'time_iter': 1.7205, 'accuracy': 0.9803, 'precision': 0.0, 'recall': 0.0, 'f1': 0.0, 'auc': 0.6795}
train: {'epoch': 15, 'eta': 1167715.0101, 'loss': 0.1426, 'lr': 0.001, 'params': 600903, 'time_iter': 13.4024, 'accuracy': 0.9619, 'precision': 0.2917, 'recall': 0.0114, 'f1': 0.0219, 'auc': 0.7268}
val: {'epoch': 16, 'loss': 0.107, 'lr': 0.001, 'params': 600903, 'time_iter': 1.5676, 'accuracy': 0.9803, 'precision': 0.0, 'recall': 0.0, 'f1': 0.0, 'auc': 0.6789}
train: {'epoch': 16, 'eta': 1154124.8087, 'loss': 0.1425, 'lr': 0.001, 'params': 600903, 'time_iter': 13.5715, 'accuracy': 0.962, 'precision': 0.3548, 'recall': 0.0179, 'f1': 0.034, 'auc': 0.7264}
val: {'epoch': 17, 'loss': 0.1017, 'lr': 0.001, 'params': 600903, 'time_iter': 1.6059, 'accuracy': 0.9803, 'precision': 0.0, 'recall': 0.0, 'f1': 0.0, 'auc': 0.7112}
train: {'epoch': 17, 'eta': 1140958.9543, 'loss': 0.1424, 'lr': 0.001, 'params': 600903, 'time_iter': 13.6709, 'accuracy': 0.9619, 'precision': 0.3103, 'recall': 0.0146, 'f1': 0.0279, 'auc': 0.7309}
val: {'epoch': 18, 'loss': 0.1001, 'lr': 0.001, 'params': 600903, 'time_iter': 1.7627, 'accuracy': 0.9808, 'precision': 1.0, 'recall': 0.0247, 'f1': 0.0482, 'auc': 0.7037}
train: {'epoch': 18, 'eta': 1126546.6303, 'loss': 0.1436, 'lr': 0.001, 'params': 600903, 'time_iter': 13.4084, 'accuracy': 0.9621, 'precision': 0.3404, 'recall': 0.013, 'f1': 0.025, 'auc': 0.7209}
val: {'epoch': 19, 'loss': 0.1035, 'lr': 0.001, 'params': 600903, 'time_iter': 1.5871, 'accuracy': 0.9803, 'precision': 0.0, 'recall': 0.0, 'f1': 0.0, 'auc': 0.7036}
train: {'epoch': 19, 'eta': 1112177.7694, 'loss': 0.1443, 'lr': 0.001, 'params': 600903, 'time_iter': 13.404, 'accuracy': 0.9622, 'precision': 0.3898, 'recall': 0.0187, 'f1': 0.0356, 'auc': 0.7132}
val: {'epoch': 20, 'loss': 0.1039, 'lr': 0.001, 'params': 600903, 'time_iter': 1.6004, 'accuracy': 0.981, 'precision': 1.0, 'recall': 0.037, 'f1': 0.0714, 'auc': 0.6369}
train: {'epoch': 20, 'eta': 1098364.8353, 'loss': 0.144, 'lr': 0.001, 'params': 600903, 'time_iter': 13.5335, 'accuracy': 0.9623, 'precision': 0.4462, 'recall': 0.0235, 'f1': 0.0447, 'auc': 0.7173}
val: {'epoch': 21, 'loss': 0.1038, 'lr': 0.001, 'params': 600903, 'time_iter': 1.6929, 'accuracy': 0.9803, 'precision': 0.0, 'recall': 0.0, 'f1': 0.0, 'auc': 0.7314}
train: {'epoch': 21, 'eta': 1084893.0023, 'loss': 0.1433, 'lr': 0.001, 'params': 600903, 'time_iter': 13.6298, 'accuracy': 0.9622, 'precision': 0.4133, 'recall': 0.0252, 'f1': 0.0474, 'auc': 0.721}
val: {'epoch': 22, 'loss': 0.1056, 'lr': 0.001, 'params': 600903, 'time_iter': 1.6029, 'accuracy': 0.9803, 'precision': 0.0, 'recall': 0.0, 'f1': 0.0, 'auc': 0.7136}
train: {'epoch': 22, 'eta': 1071876.3161, 'loss': 0.1442, 'lr': 0.001, 'params': 600903, 'time_iter': 13.7759, 'accuracy': 0.9617, 'precision': 0.3, 'recall': 0.017, 'f1': 0.0323, 'auc': 0.7235}
val: {'epoch': 23, 'loss': 0.1083, 'lr': 0.001, 'params': 600903, 'time_iter': 1.6077, 'accuracy': 0.9801, 'precision': 0.0, 'recall': 0.0, 'f1': 0.0, 'auc': 0.7115}
train: {'epoch': 23, 'eta': 1057861.6832, 'loss': 0.1427, 'lr': 0.001, 'params': 600903, 'time_iter': 13.4993, 'accuracy': 0.9621, 'precision': 0.3846, 'recall': 0.0203, 'f1': 0.0386, 'auc': 0.7324}
val: {'epoch': 24, 'loss': 0.1073, 'lr': 0.001, 'params': 600903, 'time_iter': 1.6106, 'accuracy': 0.9803, 'precision': 0.0, 'recall': 0.0, 'f1': 0.0, 'auc': 0.7034}
train: {'epoch': 24, 'eta': 1043954.4592, 'loss': 0.1426, 'lr': 0.001, 'params': 600903, 'time_iter': 13.5308, 'accuracy': 0.9621, 'precision': 0.3519, 'recall': 0.0154, 'f1': 0.0295, 'auc': 0.7402}
val: {'epoch': 25, 'loss': 0.1083, 'lr': 0.001, 'params': 600903, 'time_iter': 1.6308, 'accuracy': 0.9803, 'precision': 0.0, 'recall': 0.0, 'f1': 0.0, 'auc': 0.7263}
train: {'epoch': 25, 'eta': 1029933.6686, 'loss': 0.1423, 'lr': 0.001, 'params': 600903, 'time_iter': 13.4925, 'accuracy': 0.9618, 'precision': 0.3065, 'recall': 0.0154, 'f1': 0.0294, 'auc': 0.7379}
val: {'epoch': 26, 'loss': 0.11, 'lr': 0.001, 'params': 600903, 'time_iter': 1.5489, 'accuracy': 0.9803, 'precision': 0.0, 'recall': 0.0, 'f1': 0.0, 'auc': 0.7567}
train: {'epoch': 26, 'eta': 1016016.5292, 'loss': 0.1417, 'lr': 0.001, 'params': 600903, 'time_iter': 13.5261, 'accuracy': 0.9617, 'precision': 0.2923, 'recall': 0.0154, 'f1': 0.0293, 'auc': 0.7408}
val: {'epoch': 27, 'loss': 0.1039, 'lr': 0.001, 'params': 600903, 'time_iter': 1.6299, 'accuracy': 0.9803, 'precision': 0.0, 'recall': 0.0, 'f1': 0.0, 'auc': 0.7697}
train: {'epoch': 27, 'eta': 1001694.2072, 'loss': 0.1404, 'lr': 0.001, 'params': 600903, 'time_iter': 13.373, 'accuracy': 0.962, 'precision': 0.375, 'recall': 0.0219, 'f1': 0.0414, 'auc': 0.7444}
val: {'epoch': 28, 'loss': 0.11, 'lr': 0.001, 'params': 600903, 'time_iter': 1.5628, 'accuracy': 0.9803, 'precision': 0.0, 'recall': 0.0, 'f1': 0.0, 'auc': 0.7502}
train: {'epoch': 28, 'eta': 988151.736, 'loss': 0.1394, 'lr': 0.001, 'params': 600903, 'time_iter': 13.6672, 'accuracy': 0.9619, 'precision': 0.3789, 'recall': 0.0292, 'f1': 0.0543, 'auc': 0.7523}
val: {'epoch': 29, 'loss': 0.1104, 'lr': 0.001, 'params': 600903, 'time_iter': 1.6081, 'accuracy': 0.9803, 'precision': 0.0, 'recall': 0.0, 'f1': 0.0, 'auc': 0.7191}
train: {'epoch': 29, 'eta': 974296.3463, 'loss': 0.1398, 'lr': 0.001, 'params': 600903, 'time_iter': 13.5513, 'accuracy': 0.9618, 'precision': 0.3563, 'recall': 0.0252, 'f1': 0.047, 'auc': 0.7479}
val: {'epoch': 30, 'loss': 0.1136, 'lr': 0.001, 'params': 600903, 'time_iter': 1.5983, 'accuracy': 0.9803, 'precision': 0.0, 'recall': 0.0, 'f1': 0.0, 'auc': 0.6925}
train: {'epoch': 30, 'eta': 960395.3235, 'loss': 0.1437, 'lr': 0.001, 'params': 600903, 'time_iter': 13.5339, 'accuracy': 0.9619, 'precision': 0.3514, 'recall': 0.0211, 'f1': 0.0398, 'auc': 0.7235}
val: {'epoch': 31, 'loss': 0.1123, 'lr': 0.001, 'params': 600903, 'time_iter': 1.5583, 'accuracy': 0.9801, 'precision': 0.0, 'recall': 0.0, 'f1': 0.0, 'auc': 0.709}
train: {'epoch': 31, 'eta': 946323.4948, 'loss': 0.1435, 'lr': 0.001, 'params': 600903, 'time_iter': 13.4565, 'accuracy': 0.9622, 'precision': 0.3898, 'recall': 0.0187, 'f1': 0.0356, 'auc': 0.7261}
val: {'epoch': 32, 'loss': 0.1139, 'lr': 0.001, 'params': 600903, 'time_iter': 1.5859, 'accuracy': 0.9803, 'precision': 0.0, 'recall': 0.0, 'f1': 0.0, 'auc': 0.7141}
train: {'epoch': 32, 'eta': 932363.2721, 'loss': 0.1424, 'lr': 0.001, 'params': 600903, 'time_iter': 13.5034, 'accuracy': 0.9621, 'precision': 0.3409, 'recall': 0.0122, 'f1': 0.0235, 'auc': 0.7352}
val: {'epoch': 33, 'loss': 0.1111, 'lr': 0.001, 'params': 600903, 'time_iter': 1.5958, 'accuracy': 0.9803, 'precision': 0.0, 'recall': 0.0, 'f1': 0.0, 'auc': 0.7422}
train: {'epoch': 33, 'eta': 918785.5439, 'loss': 0.1415, 'lr': 0.001, 'params': 600903, 'time_iter': 13.693, 'accuracy': 0.962, 'precision': 0.3731, 'recall': 0.0203, 'f1': 0.0385, 'auc': 0.7407}
val: {'epoch': 34, 'loss': 0.1151, 'lr': 0.001, 'params': 600903, 'time_iter': 1.9135, 'accuracy': 0.9803, 'precision': 0.0, 'recall': 0.0, 'f1': 0.0, 'auc': 0.7097}
train: {'epoch': 34, 'eta': 905093.6346, 'loss': 0.1437, 'lr': 0.001, 'params': 600903, 'time_iter': 13.6485, 'accuracy': 0.9618, 'precision': 0.2778, 'recall': 0.0122, 'f1': 0.0233, 'auc': 0.7274}
val: {'epoch': 35, 'loss': 0.1073, 'lr': 0.001, 'params': 600903, 'time_iter': 1.5937, 'accuracy': 0.9803, 'precision': 0.0, 'recall': 0.0, 'f1': 0.0, 'auc': 0.7611}
train: {'epoch': 35, 'eta': 891266.2776, 'loss': 0.1426, 'lr': 0.001, 'params': 600903, 'time_iter': 13.5852, 'accuracy': 0.9623, 'precision': 0.4, 'recall': 0.0162, 'f1': 0.0312, 'auc': 0.7386}
val: {'epoch': 36, 'loss': 0.113, 'lr': 0.001, 'params': 600903, 'time_iter': 1.5964, 'accuracy': 0.9801, 'precision': 0.0, 'recall': 0.0, 'f1': 0.0, 'auc': 0.7344}
train: {'epoch': 36, 'eta': 876897.9548, 'loss': 0.14, 'lr': 0.001, 'params': 600903, 'time_iter': 13.2811, 'accuracy': 0.9619, 'precision': 0.36, 'recall': 0.0219, 'f1': 0.0413, 'auc': 0.75}
val: {'epoch': 37, 'loss': 0.1124, 'lr': 0.001, 'params': 600903, 'time_iter': 1.8201, 'accuracy': 0.9803, 'precision': 0.0, 'recall': 0.0, 'f1': 0.0, 'auc': 0.7598}
train: {'epoch': 37, 'eta': 862593.315, 'loss': 0.1401, 'lr': 0.001, 'params': 600903, 'time_iter': 13.2971, 'accuracy': 0.962, 'precision': 0.3548, 'recall': 0.0179, 'f1': 0.034, 'auc': 0.7505}
val: {'epoch': 38, 'loss': 0.1198, 'lr': 0.001, 'params': 600903, 'time_iter': 1.6212, 'accuracy': 0.9803, 'precision': 0.0, 'recall': 0.0, 'f1': 0.0, 'auc': 0.7312}
train: {'epoch': 38, 'eta': 848981.8881, 'loss': 0.1402, 'lr': 0.001, 'params': 600903, 'time_iter': 13.7079, 'accuracy': 0.9618, 'precision': 0.3125, 'recall': 0.0162, 'f1': 0.0309, 'auc': 0.7528}
val: {'epoch': 39, 'loss': 0.1139, 'lr': 0.001, 'params': 600903, 'time_iter': 1.6155, 'accuracy': 0.9803, 'precision': 0.0, 'recall': 0.0, 'f1': 0.0, 'auc': 0.7452}
train: {'epoch': 39, 'eta': 835162.6475, 'loss': 0.139, 'lr': 0.001, 'params': 600903, 'time_iter': 13.5893, 'accuracy': 0.9619, 'precision': 0.3625, 'recall': 0.0235, 'f1': 0.0442, 'auc': 0.7614}
val: {'epoch': 40, 'loss': 0.1183, 'lr': 0.001, 'params': 600903, 'time_iter': 1.7547, 'accuracy': 0.9803, 'precision': 0.0, 'recall': 0.0, 'f1': 0.0, 'auc': 0.7491}
train: {'epoch': 40, 'eta': 820854.6433, 'loss': 0.1397, 'lr': 0.001, 'params': 600903, 'time_iter': 13.2646, 'accuracy': 0.9619, 'precision': 0.3175, 'recall': 0.0162, 'f1': 0.0309, 'auc': 0.756}
val: {'epoch': 41, 'loss': 0.1224, 'lr': 0.001, 'params': 600903, 'time_iter': 1.5855, 'accuracy': 0.9803, 'precision': 0.0, 'recall': 0.0, 'f1': 0.0, 'auc': 0.7484}
train: {'epoch': 41, 'eta': 807379.2292, 'loss': 0.1381, 'lr': 0.001, 'params': 600903, 'time_iter': 13.8285, 'accuracy': 0.9623, 'precision': 0.4394, 'recall': 0.0235, 'f1': 0.0447, 'auc': 0.7637}
val: {'epoch': 42, 'loss': 0.1212, 'lr': 0.001, 'params': 600903, 'time_iter': 1.6076, 'accuracy': 0.9803, 'precision': 0.0, 'recall': 0.0, 'f1': 0.0, 'auc': 0.7509}
train: {'epoch': 42, 'eta': 793630.3341, 'loss': 0.139, 'lr': 0.001, 'params': 600903, 'time_iter': 13.6537, 'accuracy': 0.962, 'precision': 0.3636, 'recall': 0.0195, 'f1': 0.037, 'auc': 0.7569}
val: {'epoch': 43, 'loss': 0.1215, 'lr': 0.001, 'params': 600903, 'time_iter': 1.7501, 'accuracy': 0.9803, 'precision': 0.0, 'recall': 0.0, 'f1': 0.0, 'auc': 0.7536}
train: {'epoch': 43, 'eta': 779802.9098, 'loss': 0.138, 'lr': 0.001, 'params': 600903, 'time_iter': 13.6042, 'accuracy': 0.9619, 'precision': 0.3649, 'recall': 0.0219, 'f1': 0.0413, 'auc': 0.7572}
val: {'epoch': 44, 'loss': 0.1204, 'lr': 0.001, 'params': 600903, 'time_iter': 1.5953, 'accuracy': 0.9803, 'precision': 0.0, 'recall': 0.0, 'f1': 0.0, 'auc': 0.7546}
train: {'epoch': 44, 'eta': 765861.3749, 'loss': 0.1386, 'lr': 0.001, 'params': 600903, 'time_iter': 13.5195, 'accuracy': 0.9624, 'precision': 0.4638, 'recall': 0.026, 'f1': 0.0492, 'auc': 0.7605}
val: {'epoch': 45, 'loss': 0.125, 'lr': 0.001, 'params': 600903, 'time_iter': 1.5252, 'accuracy': 0.9803, 'precision': 0.0, 'recall': 0.0, 'f1': 0.0, 'auc': 0.7483}
train: {'epoch': 45, 'eta': 751664.8875, 'loss': 0.139, 'lr': 0.001, 'params': 600903, 'time_iter': 13.3074, 'accuracy': 0.9616, 'precision': 0.3438, 'recall': 0.0268, 'f1': 0.0497, 'auc': 0.7557}
val: {'epoch': 46, 'loss': 0.1278, 'lr': 0.001, 'params': 600903, 'time_iter': 1.7288, 'accuracy': 0.9801, 'precision': 0.0, 'recall': 0.0, 'f1': 0.0, 'auc': 0.7467}
train: {'epoch': 46, 'eta': 737608.4648, 'loss': 0.1402, 'lr': 0.001, 'params': 600903, 'time_iter': 13.4096, 'accuracy': 0.9616, 'precision': 0.3125, 'recall': 0.0203, 'f1': 0.0381, 'auc': 0.7526}
val: {'epoch': 47, 'loss': 0.1205, 'lr': 0.001, 'params': 600903, 'time_iter': 1.6463, 'accuracy': 0.9798, 'precision': 0.0, 'recall': 0.0, 'f1': 0.0, 'auc': 0.7474}
train: {'epoch': 47, 'eta': 723626.366, 'loss': 0.14, 'lr': 0.001, 'params': 600903, 'time_iter': 13.4666, 'accuracy': 0.962, 'precision': 0.3333, 'recall': 0.0146, 'f1': 0.028, 'auc': 0.749}
val: {'epoch': 48, 'loss': 0.1224, 'lr': 0.001, 'params': 600903, 'time_iter': 1.5508, 'accuracy': 0.9803, 'precision': 0.0, 'recall': 0.0, 'f1': 0.0, 'auc': 0.7143}
train: {'epoch': 48, 'eta': 710042.4957, 'loss': 0.1408, 'lr': 0.001, 'params': 600903, 'time_iter': 13.8337, 'accuracy': 0.962, 'precision': 0.3443, 'recall': 0.017, 'f1': 0.0325, 'auc': 0.744}
val: {'epoch': 49, 'loss': 0.123, 'lr': 0.001, 'params': 600903, 'time_iter': 1.7819, 'accuracy': 0.9803, 'precision': 0.0, 'recall': 0.0, 'f1': 0.0, 'auc': 0.7513}
train: {'epoch': 49, 'eta': 696078.3034, 'loss': 0.1422, 'lr': 0.001, 'params': 600903, 'time_iter': 13.4894, 'accuracy': 0.962, 'precision': 0.3125, 'recall': 0.0122, 'f1': 0.0234, 'auc': 0.7399}
val: {'epoch': 50, 'loss': 0.1177, 'lr': 0.001, 'params': 600903, 'time_iter': 1.5823, 'accuracy': 0.9803, 'precision': 0.0, 'recall': 0.0, 'f1': 0.0, 'auc': 0.7439}
train: {'epoch': 50, 'eta': 682174.8289, 'loss': 0.1419, 'lr': 0.001, 'params': 600903, 'time_iter': 13.5475, 'accuracy': 0.9619, 'precision': 0.3281, 'recall': 0.017, 'f1': 0.0324, 'auc': 0.7354}
val: {'epoch': 51, 'loss': 0.121, 'lr': 0.001, 'params': 600903, 'time_iter': 1.6601, 'accuracy': 0.9803, 'precision': 0.0, 'recall': 0.0, 'f1': 0.0, 'auc': 0.7637}
train: {'epoch': 51, 'eta': 668110.4434, 'loss': 0.1403, 'lr': 0.001, 'params': 600903, 'time_iter': 13.3796, 'accuracy': 0.9622, 'precision': 0.4156, 'recall': 0.026, 'f1': 0.0489, 'auc': 0.7489}
val: {'epoch': 52, 'loss': 0.1235, 'lr': 0.001, 'params': 600903, 'time_iter': 1.6608, 'accuracy': 0.9803, 'precision': 0.0, 'recall': 0.0, 'f1': 0.0, 'auc': 0.7495}
train: {'epoch': 52, 'eta': 654073.4486, 'loss': 0.1393, 'lr': 0.001, 'params': 600903, 'time_iter': 13.3973, 'accuracy': 0.9619, 'precision': 0.3529, 'recall': 0.0195, 'f1': 0.0369, 'auc': 0.7587}
val: {'epoch': 53, 'loss': 0.1266, 'lr': 0.001, 'params': 600903, 'time_iter': 1.5869, 'accuracy': 0.9803, 'precision': 0.0, 'recall': 0.0, 'f1': 0.0, 'auc': 0.7131}
train: {'epoch': 53, 'eta': 640249.2715, 'loss': 0.14, 'lr': 0.001, 'params': 600903, 'time_iter': 13.6295, 'accuracy': 0.9623, 'precision': 0.4342, 'recall': 0.0268, 'f1': 0.0505, 'auc': 0.7489}
val: {'epoch': 54, 'loss': 0.1272, 'lr': 0.001, 'params': 600903, 'time_iter': 1.6194, 'accuracy': 0.9803, 'precision': 0.0, 'recall': 0.0, 'f1': 0.0, 'auc': 0.7479}
train: {'epoch': 54, 'eta': 626270.3887, 'loss': 0.1396, 'lr': 0.001, 'params': 600903, 'time_iter': 13.4544, 'accuracy': 0.962, 'precision': 0.3908, 'recall': 0.0276, 'f1': 0.0516, 'auc': 0.7521}
val: {'epoch': 55, 'loss': 0.1228, 'lr': 0.001, 'params': 600903, 'time_iter': 1.6156, 'accuracy': 0.9803, 'precision': 0.0, 'recall': 0.0, 'f1': 0.0, 'auc': 0.7206}
train: {'epoch': 55, 'eta': 612552.8492, 'loss': 0.1388, 'lr': 0.001, 'params': 600903, 'time_iter': 13.7718, 'accuracy': 0.9618, 'precision': 0.3711, 'recall': 0.0292, 'f1': 0.0542, 'auc': 0.7518}
val: {'epoch': 56, 'loss': 0.125, 'lr': 0.001, 'params': 600903, 'time_iter': 1.7121, 'accuracy': 0.9803, 'precision': 0.0, 'recall': 0.0, 'f1': 0.0, 'auc': 0.7288}
train: {'epoch': 56, 'eta': 598673.4786, 'loss': 0.1387, 'lr': 0.001, 'params': 600903, 'time_iter': 13.5838, 'accuracy': 0.962, 'precision': 0.4206, 'recall': 0.0365, 'f1': 0.0672, 'auc': 0.7545}
val: {'epoch': 57, 'loss': 0.1236, 'lr': 0.001, 'params': 600903, 'time_iter': 1.6164, 'accuracy': 0.9803, 'precision': 0.0, 'recall': 0.0, 'f1': 0.0, 'auc': 0.7593}
train: {'epoch': 57, 'eta': 584747.4644, 'loss': 0.1386, 'lr': 0.001, 'params': 600903, 'time_iter': 13.5257, 'accuracy': 0.9622, 'precision': 0.4455, 'recall': 0.0365, 'f1': 0.0675, 'auc': 0.7485}
val: {'epoch': 58, 'loss': 0.127, 'lr': 0.001, 'params': 600903, 'time_iter': 1.6213, 'accuracy': 0.9803, 'precision': 0.0, 'recall': 0.0, 'f1': 0.0, 'auc': 0.7163}
train: {'epoch': 58, 'eta': 570747.2623, 'loss': 0.1386, 'lr': 0.001, 'params': 600903, 'time_iter': 13.4216, 'accuracy': 0.9623, 'precision': 0.4526, 'recall': 0.0349, 'f1': 0.0648, 'auc': 0.7487}
val: {'epoch': 59, 'loss': 0.127, 'lr': 0.001, 'params': 600903, 'time_iter': 1.552, 'accuracy': 0.9803, 'precision': 0.0, 'recall': 0.0, 'f1': 0.0, 'auc': 0.7298}
train: {'epoch': 59, 'eta': 556965.0461, 'loss': 0.1374, 'lr': 0.001, 'params': 600903, 'time_iter': 13.7302, 'accuracy': 0.9617, 'precision': 0.3636, 'recall': 0.0292, 'f1': 0.0541, 'auc': 0.7602}
val: {'epoch': 60, 'loss': 0.1262, 'lr': 0.001, 'params': 600903, 'time_iter': 1.609, 'accuracy': 0.9803, 'precision': 0.0, 'recall': 0.0, 'f1': 0.0, 'auc': 0.7124}
train: {'epoch': 60, 'eta': 543062.8416, 'loss': 0.1376, 'lr': 0.001, 'params': 600903, 'time_iter': 13.565, 'accuracy': 0.9623, 'precision': 0.4505, 'recall': 0.0333, 'f1': 0.062, 'auc': 0.7597}
val: {'epoch': 61, 'loss': 0.1316, 'lr': 0.001, 'params': 600903, 'time_iter': 1.5675, 'accuracy': 0.9803, 'precision': 0.0, 'recall': 0.0, 'f1': 0.0, 'auc': 0.723}
train: {'epoch': 61, 'eta': 529295.8433, 'loss': 0.138, 'lr': 0.001, 'params': 600903, 'time_iter': 13.7823, 'accuracy': 0.9622, 'precision': 0.4235, 'recall': 0.0292, 'f1': 0.0547, 'auc': 0.7603}
val: {'epoch': 62, 'loss': 0.1253, 'lr': 0.001, 'params': 600903, 'time_iter': 1.9024, 'accuracy': 0.9803, 'precision': 0.0, 'recall': 0.0, 'f1': 0.0, 'auc': 0.7356}
train: {'epoch': 62, 'eta': 515379.0618, 'loss': 0.1368, 'lr': 0.001, 'params': 600903, 'time_iter': 13.5562, 'accuracy': 0.9622, 'precision': 0.4464, 'recall': 0.0406, 'f1': 0.0744, 'auc': 0.7622}
val: {'epoch': 63, 'loss': 0.1256, 'lr': 0.001, 'params': 600903, 'time_iter': 1.6507, 'accuracy': 0.9803, 'precision': 0.0, 'recall': 0.0, 'f1': 0.0, 'auc': 0.7496}
train: {'epoch': 63, 'eta': 501366.8673, 'loss': 0.1354, 'lr': 0.001, 'params': 600903, 'time_iter': 13.3932, 'accuracy': 0.9622, 'precision': 0.4513, 'recall': 0.0414, 'f1': 0.0758, 'auc': 0.7699}
val: {'epoch': 64, 'loss': 0.1298, 'lr': 0.001, 'params': 600903, 'time_iter': 1.6535, 'accuracy': 0.9803, 'precision': 0.0, 'recall': 0.0, 'f1': 0.0, 'auc': 0.7276}
train: {'epoch': 64, 'eta': 487439.254, 'loss': 0.1364, 'lr': 0.001, 'params': 600903, 'time_iter': 13.533, 'accuracy': 0.9626, 'precision': 0.513, 'recall': 0.0479, 'f1': 0.0876, 'auc': 0.7608}
val: {'epoch': 65, 'loss': 0.1266, 'lr': 0.001, 'params': 600903, 'time_iter': 2.0514, 'accuracy': 0.9803, 'precision': 0.0, 'recall': 0.0, 'f1': 0.0, 'auc': 0.7467}
train: {'epoch': 65, 'eta': 473482.5592, 'loss': 0.1384, 'lr': 0.001, 'params': 600903, 'time_iter': 13.478, 'accuracy': 0.9625, 'precision': 0.4941, 'recall': 0.0341, 'f1': 0.0638, 'auc': 0.7508}
val: {'epoch': 66, 'loss': 0.1227, 'lr': 0.001, 'params': 600903, 'time_iter': 1.6254, 'accuracy': 0.9803, 'precision': 0.0, 'recall': 0.0, 'f1': 0.0, 'auc': 0.7577}
train: {'epoch': 66, 'eta': 459500.3464, 'loss': 0.1368, 'lr': 0.001, 'params': 600903, 'time_iter': 13.4225, 'accuracy': 0.9622, 'precision': 0.4423, 'recall': 0.0373, 'f1': 0.0689, 'auc': 0.7566}
val: {'epoch': 67, 'loss': 0.1273, 'lr': 0.001, 'params': 600903, 'time_iter': 1.6475, 'accuracy': 0.9803, 'precision': 0.0, 'recall': 0.0, 'f1': 0.0, 'auc': 0.7462}
train: {'epoch': 67, 'eta': 445653.7363, 'loss': 0.1366, 'lr': 0.001, 'params': 600903, 'time_iter': 13.6922, 'accuracy': 0.9623, 'precision': 0.4554, 'recall': 0.0414, 'f1': 0.0759, 'auc': 0.762}
val: {'epoch': 68, 'loss': 0.1316, 'lr': 0.001, 'params': 600903, 'time_iter': 2.3794, 'accuracy': 0.9803, 'precision': 0.0, 'recall': 0.0, 'f1': 0.0, 'auc': 0.7413}
train: {'epoch': 68, 'eta': 431760.2013, 'loss': 0.1352, 'lr': 0.001, 'params': 600903, 'time_iter': 13.6059, 'accuracy': 0.9623, 'precision': 0.4615, 'recall': 0.0487, 'f1': 0.0881, 'auc': 0.761}
val: {'epoch': 69, 'loss': 0.1316, 'lr': 0.001, 'params': 600903, 'time_iter': 1.5937, 'accuracy': 0.9803, 'precision': 0.0, 'recall': 0.0, 'f1': 0.0, 'auc': 0.7522}
train: {'epoch': 69, 'eta': 417878.0222, 'loss': 0.1348, 'lr': 0.001, 'params': 600903, 'time_iter': 13.6386, 'accuracy': 0.9626, 'precision': 0.5, 'recall': 0.0479, 'f1': 0.0874, 'auc': 0.7729}
val: {'epoch': 70, 'loss': 0.1347, 'lr': 0.001, 'params': 600903, 'time_iter': 1.5661, 'accuracy': 0.9803, 'precision': 0.0, 'recall': 0.0, 'f1': 0.0, 'auc': 0.7337}
train: {'epoch': 70, 'eta': 403934.3116, 'loss': 0.1351, 'lr': 0.001, 'params': 600903, 'time_iter': 13.5023, 'accuracy': 0.9619, 'precision': 0.4103, 'recall': 0.039, 'f1': 0.0712, 'auc': 0.7721}
val: {'epoch': 71, 'loss': 0.1324, 'lr': 0.001, 'params': 600903, 'time_iter': 1.9655, 'accuracy': 0.9803, 'precision': 0.0, 'recall': 0.0, 'f1': 0.0, 'auc': 0.7517}
train: {'epoch': 71, 'eta': 389931.2491, 'loss': 0.1356, 'lr': 0.001, 'params': 600903, 'time_iter': 13.3506, 'accuracy': 0.9627, 'precision': 0.521, 'recall': 0.0503, 'f1': 0.0918, 'auc': 0.7692}
val: {'epoch': 72, 'loss': 0.1375, 'lr': 0.001, 'params': 600903, 'time_iter': 1.5958, 'accuracy': 0.9803, 'precision': 0.0, 'recall': 0.0, 'f1': 0.0, 'auc': 0.7544}
train: {'epoch': 72, 'eta': 375984.6528, 'loss': 0.1339, 'lr': 0.001, 'params': 600903, 'time_iter': 13.4798, 'accuracy': 0.9626, 'precision': 0.5, 'recall': 0.0568, 'f1': 0.102, 'auc': 0.7773}
val: {'epoch': 73, 'loss': 0.1338, 'lr': 0.001, 'params': 600903, 'time_iter': 1.6343, 'accuracy': 0.9803, 'precision': 0.0, 'recall': 0.0, 'f1': 0.0, 'auc': 0.7438}
train: {'epoch': 73, 'eta': 362044.9536, 'loss': 0.1337, 'lr': 0.001, 'params': 600903, 'time_iter': 13.4932, 'accuracy': 0.9627, 'precision': 0.5139, 'recall': 0.0601, 'f1': 0.1076, 'auc': 0.7761}
val: {'epoch': 74, 'loss': 0.1313, 'lr': 0.001, 'params': 600903, 'time_iter': 2.177, 'accuracy': 0.9803, 'precision': 0.0, 'recall': 0.0, 'f1': 0.0, 'auc': 0.7367}
train: {'epoch': 74, 'eta': 348149.76, 'loss': 0.1325, 'lr': 0.001, 'params': 600903, 'time_iter': 13.6187, 'accuracy': 0.9631, 'precision': 0.5704, 'recall': 0.0625, 'f1': 0.1127, 'auc': 0.78}
val: {'epoch': 75, 'loss': 0.1443, 'lr': 0.001, 'params': 600903, 'time_iter': 1.6178, 'accuracy': 0.9803, 'precision': 0.0, 'recall': 0.0, 'f1': 0.0, 'auc': 0.753}
train: {'epoch': 75, 'eta': 334295.2642, 'loss': 0.1335, 'lr': 0.001, 'params': 600903, 'time_iter': 13.7535, 'accuracy': 0.963, 'precision': 0.5507, 'recall': 0.0617, 'f1': 0.1109, 'auc': 0.7777}
val: {'epoch': 76, 'loss': 0.1293, 'lr': 0.001, 'params': 600903, 'time_iter': 1.7053, 'accuracy': 0.9803, 'precision': 0.0, 'recall': 0.0, 'f1': 0.0, 'auc': 0.7347}
train: {'epoch': 76, 'eta': 320326.0094, 'loss': 0.1333, 'lr': 0.001, 'params': 600903, 'time_iter': 13.4053, 'accuracy': 0.9623, 'precision': 0.4752, 'recall': 0.0544, 'f1': 0.0976, 'auc': 0.7766}
val: {'epoch': 77, 'loss': 0.1458, 'lr': 0.001, 'params': 600903, 'time_iter': 1.747, 'accuracy': 0.9803, 'precision': 0.0, 'recall': 0.0, 'f1': 0.0, 'auc': 0.7276}
train: {'epoch': 77, 'eta': 306465.0904, 'loss': 0.1322, 'lr': 0.001, 'params': 600903, 'time_iter': 13.7631, 'accuracy': 0.9626, 'precision': 0.5075, 'recall': 0.0552, 'f1': 0.0996, 'auc': 0.7857}
val: {'epoch': 78, 'loss': 0.1353, 'lr': 0.001, 'params': 600903, 'time_iter': 1.5658, 'accuracy': 0.9803, 'precision': 0.0, 'recall': 0.0, 'f1': 0.0, 'auc': 0.7412}
train: {'epoch': 78, 'eta': 292524.99, 'loss': 0.1325, 'lr': 0.001, 'params': 600903, 'time_iter': 13.5016, 'accuracy': 0.9627, 'precision': 0.5217, 'recall': 0.0584, 'f1': 0.1051, 'auc': 0.781}
val: {'epoch': 79, 'loss': 0.1421, 'lr': 0.001, 'params': 600903, 'time_iter': 1.547, 'accuracy': 0.9803, 'precision': 0.0, 'recall': 0.0, 'f1': 0.0, 'auc': 0.6645}
train: {'epoch': 79, 'eta': 278669.8079, 'loss': 0.1356, 'lr': 0.001, 'params': 600903, 'time_iter': 13.8271, 'accuracy': 0.9625, 'precision': 0.4882, 'recall': 0.0503, 'f1': 0.0912, 'auc': 0.7681}
val: {'epoch': 80, 'loss': 0.1387, 'lr': 0.001, 'params': 600903, 'time_iter': 1.8015, 'accuracy': 0.9803, 'precision': 0.0, 'recall': 0.0, 'f1': 0.0, 'auc': 0.7125}
train: {'epoch': 80, 'eta': 264700.0376, 'loss': 0.1394, 'lr': 0.001, 'params': 600903, 'time_iter': 13.3905, 'accuracy': 0.9623, 'precision': 0.4556, 'recall': 0.0333, 'f1': 0.062, 'auc': 0.7475}
val: {'epoch': 81, 'loss': 0.1363, 'lr': 0.001, 'params': 600903, 'time_iter': 1.6296, 'accuracy': 0.9803, 'precision': 0.0, 'recall': 0.0, 'f1': 0.0, 'auc': 0.6944}
train: {'epoch': 81, 'eta': 250748.2165, 'loss': 0.1383, 'lr': 0.001, 'params': 600903, 'time_iter': 13.4493, 'accuracy': 0.9623, 'precision': 0.4526, 'recall': 0.0349, 'f1': 0.0648, 'auc': 0.7547}
val: {'epoch': 82, 'loss': 0.1361, 'lr': 0.001, 'params': 600903, 'time_iter': 1.5749, 'accuracy': 0.9803, 'precision': 0.0, 'recall': 0.0, 'f1': 0.0, 'auc': 0.6818}
train: {'epoch': 82, 'eta': 236815.818, 'loss': 0.1376, 'lr': 0.001, 'params': 600903, 'time_iter': 13.5286, 'accuracy': 0.962, 'precision': 0.3855, 'recall': 0.026, 'f1': 0.0487, 'auc': 0.7641}
val: {'epoch': 83, 'loss': 0.1294, 'lr': 0.001, 'params': 600903, 'time_iter': 1.7074, 'accuracy': 0.9803, 'precision': 0.0, 'recall': 0.0, 'f1': 0.0, 'auc': 0.7178}
train: {'epoch': 83, 'eta': 222923.8979, 'loss': 0.1368, 'lr': 0.001, 'params': 600903, 'time_iter': 13.7338, 'accuracy': 0.9618, 'precision': 0.3452, 'recall': 0.0235, 'f1': 0.0441, 'auc': 0.7648}
val: {'epoch': 84, 'loss': 0.1379, 'lr': 0.001, 'params': 600903, 'time_iter': 1.5954, 'accuracy': 0.9803, 'precision': 0.0, 'recall': 0.0, 'f1': 0.0, 'auc': 0.7168}
train: {'epoch': 84, 'eta': 208989.4951, 'loss': 0.1363, 'lr': 0.001, 'params': 600903, 'time_iter': 13.5309, 'accuracy': 0.9626, 'precision': 0.5045, 'recall': 0.0455, 'f1': 0.0834, 'auc': 0.7634}
val: {'epoch': 85, 'loss': 0.1285, 'lr': 0.001, 'params': 600903, 'time_iter': 1.6149, 'accuracy': 0.9803, 'precision': 0.0, 'recall': 0.0, 'f1': 0.0, 'auc': 0.7262}
train: {'epoch': 85, 'eta': 195061.7806, 'loss': 0.134, 'lr': 0.001, 'params': 600903, 'time_iter': 13.5693, 'accuracy': 0.9624, 'precision': 0.4805, 'recall': 0.0601, 'f1': 0.1068, 'auc': 0.7728}
val: {'epoch': 86, 'loss': 0.1301, 'lr': 0.001, 'params': 600903, 'time_iter': 1.7669, 'accuracy': 0.9803, 'precision': 0.0, 'recall': 0.0, 'f1': 0.0, 'auc': 0.725}
train: {'epoch': 86, 'eta': 181115.6169, 'loss': 0.1318, 'lr': 0.001, 'params': 600903, 'time_iter': 13.4546, 'accuracy': 0.9629, 'precision': 0.5325, 'recall': 0.0666, 'f1': 0.1183, 'auc': 0.7836}
val: {'epoch': 87, 'loss': 0.1452, 'lr': 0.001, 'params': 600903, 'time_iter': 1.6045, 'accuracy': 0.9803, 'precision': 0.0, 'recall': 0.0, 'f1': 0.0, 'auc': 0.7339}
train: {'epoch': 87, 'eta': 167199.5787, 'loss': 0.132, 'lr': 0.001, 'params': 600903, 'time_iter': 13.6529, 'accuracy': 0.9631, 'precision': 0.5583, 'recall': 0.0739, 'f1': 0.1305, 'auc': 0.7754}
val: {'epoch': 88, 'loss': 0.1388, 'lr': 0.001, 'params': 600903, 'time_iter': 1.5506, 'accuracy': 0.9803, 'precision': 0.0, 'recall': 0.0, 'f1': 0.0, 'auc': 0.6759}
train: {'epoch': 88, 'eta': 153268.9741, 'loss': 0.1329, 'lr': 0.001, 'params': 600903, 'time_iter': 13.5618, 'accuracy': 0.9633, 'precision': 0.5762, 'recall': 0.0706, 'f1': 0.1258, 'auc': 0.7721}
val: {'epoch': 89, 'loss': 0.1403, 'lr': 0.001, 'params': 600903, 'time_iter': 1.6721, 'accuracy': 0.9803, 'precision': 0.0, 'recall': 0.0, 'f1': 0.0, 'auc': 0.7274}
train: {'epoch': 89, 'eta': 139299.9286, 'loss': 0.1339, 'lr': 0.001, 'params': 600903, 'time_iter': 13.2303, 'accuracy': 0.9626, 'precision': 0.5, 'recall': 0.0576, 'f1': 0.1033, 'auc': 0.7677}
val: {'epoch': 90, 'loss': 0.1396, 'lr': 0.001, 'params': 600903, 'time_iter': 1.5949, 'accuracy': 0.9803, 'precision': 0.0, 'recall': 0.0, 'f1': 0.0, 'auc': 0.7168}
train: {'epoch': 90, 'eta': 125373.1304, 'loss': 0.1323, 'lr': 0.001, 'params': 600903, 'time_iter': 13.5688, 'accuracy': 0.9629, 'precision': 0.5425, 'recall': 0.0674, 'f1': 0.1199, 'auc': 0.7724}
val: {'epoch': 91, 'loss': 0.1461, 'lr': 0.001, 'params': 600903, 'time_iter': 1.6532, 'accuracy': 0.9803, 'precision': 0.0, 'recall': 0.0, 'f1': 0.0, 'auc': 0.7094}
train: {'epoch': 91, 'eta': 111430.5887, 'loss': 0.1316, 'lr': 0.001, 'params': 600903, 'time_iter': 13.4015, 'accuracy': 0.9631, 'precision': 0.559, 'recall': 0.0731, 'f1': 0.1292, 'auc': 0.7818}
val: {'epoch': 92, 'loss': 0.1454, 'lr': 0.001, 'params': 600903, 'time_iter': 1.6187, 'accuracy': 0.9803, 'precision': 0.0, 'recall': 0.0, 'f1': 0.0, 'auc': 0.7032}
train: {'epoch': 92, 'eta': 97497.0066, 'loss': 0.1309, 'lr': 0.001, 'params': 600903, 'time_iter': 13.4748, 'accuracy': 0.9629, 'precision': 0.5325, 'recall': 0.0731, 'f1': 0.1285, 'auc': 0.782}
val: {'epoch': 93, 'loss': 0.1469, 'lr': 0.001, 'params': 600903, 'time_iter': 2.2539, 'accuracy': 0.9803, 'precision': 0.0, 'recall': 0.0, 'f1': 0.0, 'auc': 0.7245}
train: {'epoch': 93, 'eta': 83578.3205, 'loss': 0.1305, 'lr': 0.001, 'params': 600903, 'time_iter': 13.6796, 'accuracy': 0.963, 'precision': 0.5519, 'recall': 0.069, 'f1': 0.1227, 'auc': 0.7861}
val: {'epoch': 94, 'loss': 0.1449, 'lr': 0.001, 'params': 600903, 'time_iter': 1.783, 'accuracy': 0.9803, 'precision': 0.0, 'recall': 0.0, 'f1': 0.0, 'auc': 0.7156}
train: {'epoch': 94, 'eta': 69654.0872, 'loss': 0.13, 'lr': 0.001, 'params': 600903, 'time_iter': 13.6385, 'accuracy': 0.9633, 'precision': 0.5706, 'recall': 0.0787, 'f1': 0.1384, 'auc': 0.7874}
val: {'epoch': 95, 'loss': 0.1464, 'lr': 0.001, 'params': 600903, 'time_iter': 1.6084, 'accuracy': 0.9803, 'precision': 0.0, 'recall': 0.0, 'f1': 0.0, 'auc': 0.7437}
train: {'epoch': 95, 'eta': 55721.5676, 'loss': 0.1307, 'lr': 0.001, 'params': 600903, 'time_iter': 13.4985, 'accuracy': 0.9636, 'precision': 0.6174, 'recall': 0.0747, 'f1': 0.1332, 'auc': 0.7835}
val: {'epoch': 96, 'loss': 0.1473, 'lr': 0.001, 'params': 600903, 'time_iter': 2.2803, 'accuracy': 0.9803, 'precision': 0.0, 'recall': 0.0, 'f1': 0.0, 'auc': 0.7164}
train: {'epoch': 96, 'eta': 41791.464, 'loss': 0.13, 'lr': 0.001, 'params': 600903, 'time_iter': 13.5469, 'accuracy': 0.9634, 'precision': 0.5746, 'recall': 0.0844, 'f1': 0.1472, 'auc': 0.7863}
val: {'epoch': 97, 'loss': 0.1459, 'lr': 0.001, 'params': 600903, 'time_iter': 1.5912, 'accuracy': 0.9803, 'precision': 0.0, 'recall': 0.0, 'f1': 0.0, 'auc': 0.7255}
train: {'epoch': 97, 'eta': 27861.8977, 'loss': 0.13, 'lr': 0.001, 'params': 600903, 'time_iter': 13.5818, 'accuracy': 0.9631, 'precision': 0.5583, 'recall': 0.0739, 'f1': 0.1305, 'auc': 0.7851}
val: {'epoch': 98, 'loss': 0.1398, 'lr': 0.001, 'params': 600903, 'time_iter': 1.61, 'accuracy': 0.9803, 'precision': 0.0, 'recall': 0.0, 'f1': 0.0, 'auc': 0.7223}
train: {'epoch': 98, 'eta': 13932.9234, 'loss': 0.1294, 'lr': 0.001, 'params': 600903, 'time_iter': 13.7283, 'accuracy': 0.9634, 'precision': 0.581, 'recall': 0.0844, 'f1': 0.1474, 'auc': 0.7843}
val: {'epoch': 99, 'loss': 0.1488, 'lr': 0.001, 'params': 600903, 'time_iter': 2.7402, 'accuracy': 0.9803, 'precision': 0.0, 'recall': 0.0, 'f1': 0.0, 'auc': 0.7105}
train: {'epoch': 99, 'eta': 0.0, 'loss': 0.1289, 'lr': 0.001, 'params': 600903, 'time_iter': 13.578, 'accuracy': 0.9633, 'precision': 0.5602, 'recall': 0.0869, 'f1': 0.1504, 'auc': 0.7948}
test: {'epoch': 99, 'loss': 0.2432, 'lr': 0.001, 'params': 600903, 'time_iter': 1.9889, 'accuracy': 0.9684, 'precision': 0.0, 'recall': 0.0, 'f1': 0.0, 'auc': 0.653}
test: {'epoch': 27, 'loss': 0.1676, 'lr': 0.001, 'params': 600903, 'time_iter': 1.8725, 'accuracy': 0.9684, 'precision': 0.0, 'recall': 0.0, 'f1': 0.0, 'auc': 0.7004}
