GraphGymModule(
  (model): DilatedGNNModel(
    (encoder): FeatureEncoder(
      (node_encoder): AtomEncoder(
        (atom_embedding_list): ModuleList(
          (0): Embedding(119, 300)
          (1): Embedding(4, 300)
          (2): Embedding(12, 300)
          (3): Embedding(12, 300)
          (4): Embedding(10, 300)
          (5): Embedding(6, 300)
          (6): Embedding(6, 300)
          (7): Embedding(2, 300)
          (8): Embedding(2, 300)
        )
      )
      (edge_encoder): BondEncoder(
        (bond_embedding_list): ModuleList(
          (0): Embedding(5, 300)
          (1): Embedding(6, 300)
          (2): Embedding(2, 300)
        )
      )
    )
    (mp): GNNDilatedEdgesFeatureStage(
      (classic_layers): ModuleList(
        (0): GeneralLayer(
          (layer): EGINConv(
            (model): GINEConv(nn=Sequential(
              (0): Linear(300, 300, bias=True)
              (1): ReLU()
              (2): Linear(300, 300, bias=True)
            ))
          )
          (post_layer): Sequential(
            (0): BatchNorm1d(300, eps=1e-05, momentum=0.1, affine=True, track_running_stats=True)
            (1): Dropout(p=0.5, inplace=False)
            (2): ReLU()
          )
        )
        (1): GeneralLayer(
          (layer): EGINConv(
            (model): GINEConv(nn=Sequential(
              (0): Linear(300, 300, bias=True)
              (1): ReLU()
              (2): Linear(300, 300, bias=True)
            ))
          )
          (post_layer): Sequential(
            (0): BatchNorm1d(300, eps=1e-05, momentum=0.1, affine=True, track_running_stats=True)
            (1): Dropout(p=0.5, inplace=False)
            (2): ReLU()
          )
        )
        (2): GeneralLayer(
          (layer): EGINConv(
            (model): GINEConv(nn=Sequential(
              (0): Linear(300, 300, bias=True)
              (1): ReLU()
              (2): Linear(300, 300, bias=True)
            ))
          )
          (post_layer): Sequential(
            (0): BatchNorm1d(300, eps=1e-05, momentum=0.1, affine=True, track_running_stats=True)
            (1): Dropout(p=0.5, inplace=False)
            (2): ReLU()
          )
        )
      )
      (dilated_layers): ModuleList(
        (0): DilatedGeneralLayer(
          (layer): EGINConv(
            (model): GINEConv(nn=Sequential(
              (0): Linear(300, 300, bias=True)
              (1): ReLU()
              (2): Linear(300, 300, bias=True)
            ))
          )
          (post_layer): Sequential(
            (0): BatchNorm1d(300, eps=1e-05, momentum=0.1, affine=True, track_running_stats=True)
            (1): Dropout(p=0.5, inplace=False)
            (2): ReLU()
          )
          (gem): GeM(p=3.0000, eps=1e-06)
        )
        (1): DilatedGeneralLayer(
          (layer): EGINConv(
            (model): GINEConv(nn=Sequential(
              (0): Linear(300, 300, bias=True)
              (1): ReLU()
              (2): Linear(300, 300, bias=True)
            ))
          )
          (post_layer): Sequential(
            (0): BatchNorm1d(300, eps=1e-05, momentum=0.1, affine=True, track_running_stats=True)
            (1): Dropout(p=0.5, inplace=False)
            (2): ReLU()
          )
          (gem): GeM(p=3.0000, eps=1e-06)
        )
      )
      (act): ReLU()
    )
    (post_mp): GNNGraphHead(
      (layer_post_mp): MLP(
        (model): Sequential(
          (0): Linear(
            (model): Linear(600, 1, bias=True)
          )
        )
      )
    )
  )
)
accelerator: cuda
benchmark: False
bn:
  eps: 1e-05
  mom: 0.1
cfg_dest: config.yaml
custom_metrics: []
dataset:
  cache_load: False
  cache_save: False
  dir: ./datasets
  edge_dim: 300
  edge_encoder: True
  edge_encoder_bn: False
  edge_encoder_name: Bond
  edge_message_ratio: 0.8
  edge_negative_sampling_ratio: 1.0
  edge_train_mode: all
  encoder: True
  encoder_bn: True
  encoder_dim: 128
  encoder_name: db
  fast_loader: False
  format: OGB
  label_column: none
  label_table: none
  location: local
  name: ogbg-molhiv
  node_encoder: True
  node_encoder_bn: False
  node_encoder_name: Atom
  remove_feature: False
  resample_disjoint: False
  resample_negative: False
  shuffle_split: True
  split: [0.8, 0.1, 0.1]
  split_mode: random
  task: graph
  task_type: classification
  to_undirected: False
  transductive: False
  transform: none
  tu_simple: True
devices: 1
gnn:
  act: relu
  act_on_last_layer_mp: False
  agg: none
  att_final_linear: False
  att_final_linear_bn: False
  att_heads: 1
  batchnorm: True
  clear_feature: True
  dim_inner: 300
  dropout: 0.5
  head: graph
  keep_edge: 0.5
  l2norm: True
  layer_type: eginconv
  layers_k1: 3
  layers_k2: 2
  layers_mp: 5
  layers_post_mp: 1
  layers_pre_mp: 0
  msg_direction: single
  normalize_adj: False
  self_msg: concat
  skip_every: 1
  stage_type: dilated_stage
  use_edge_features: True
gpu_mem: False
mem:
  inplace: False
metric_agg: argmax
metric_best: auc
model:
  edge_decoding: dot
  graph_pooling: mean
  loss_fun: cross_entropy
  match_upper: True
  size_average: mean
  thresh: 0.5
  type: dilated_gnn
num_threads: 6
num_workers: 16
optim:
  base_lr: 0.001
  lr_decay: 0.1
  max_epoch: 100
  momentum: 0.9
  optimizer: adam
  scheduler: none
  steps: [30, 60, 90]
  weight_decay: 0.0
out_dir: results_experiments/ogbg_molhiv_baseline_grid_comparison/ogbg_molhiv_baseline-type=dilated_gnn-stage_type=dilated_stage-layer_type=eginconv-layers_k1=3-layers_k2=2-act_on_last_layer_mp=False
params: 1413905
print: both
round: 4
run_dir: results_experiments/ogbg_molhiv_baseline_grid_comparison/ogbg_molhiv_baseline-type=dilated_gnn-stage_type=dilated_stage-layer_type=eginconv-layers_k1=3-layers_k2=2-act_on_last_layer_mp=False/3
seed: 4
share:
  dim_in: 9
  dim_out: 2
  num_splits: 3
tensorboard_agg: True
tensorboard_each_run: False
train:
  auto_resume: False
  batch_size: 32
  ckpt_clean: True
  ckpt_period: 100
  enable_ckpt: True
  epoch_resume: -1
  eval_period: 1
  iter_per_epoch: 32
  neighbor_sizes: [20, 15, 10, 5]
  node_per_graph: 32
  radius: extend
  sample_node: False
  sampler: full_batch
  skip_train_eval: False
  walk_length: 4
val:
  node_per_graph: 32
  radius: extend
  sample_node: False
  sampler: full_batch
view_emb: False
Num parameters: 1413905
val: {'epoch': 0, 'loss': 0.6693, 'lr': 0.001, 'params': 1413905, 'time_iter': 0.8787, 'accuracy': 0.9844, 'precision': 0.0, 'recall': 0.0, 'f1': 0.0, 'auc': 0.3968}
val: {'epoch': 0, 'loss': 0.0918, 'lr': 0.001, 'params': 1413905, 'time_iter': 2.7682, 'accuracy': 0.9803, 'precision': 0.0, 'recall': 0.0, 'f1': 0.0, 'auc': 0.6467}
train: {'epoch': 0, 'eta': 1628242.8611, 'loss': 0.1781, 'lr': 0.001, 'params': 1413905, 'time_iter': 15.9834, 'accuracy': 0.9626, 'precision': 0.0, 'recall': 0.0, 'f1': 0.0, 'auc': 0.5854}
val: {'epoch': 1, 'loss': 0.0911, 'lr': 0.001, 'params': 1413905, 'time_iter': 2.9119, 'accuracy': 0.9803, 'precision': 0.0, 'recall': 0.0, 'f1': 0.0, 'auc': 0.6564}
train: {'epoch': 1, 'eta': 1608719.4351, 'loss': 0.151, 'lr': 0.001, 'params': 1413905, 'time_iter': 15.9224, 'accuracy': 0.9626, 'precision': 0.0, 'recall': 0.0, 'f1': 0.0, 'auc': 0.6462}
val: {'epoch': 2, 'loss': 0.0904, 'lr': 0.001, 'params': 1413905, 'time_iter': 2.707, 'accuracy': 0.9803, 'precision': 0.0, 'recall': 0.0, 'f1': 0.0, 'auc': 0.645}
train: {'epoch': 2, 'eta': 1602838.1666, 'loss': 0.15, 'lr': 0.001, 'params': 1413905, 'time_iter': 16.2695, 'accuracy': 0.9626, 'precision': 0.0, 'recall': 0.0, 'f1': 0.0, 'auc': 0.6521}
val: {'epoch': 3, 'loss': 0.0895, 'lr': 0.001, 'params': 1413905, 'time_iter': 2.7097, 'accuracy': 0.981, 'precision': 1.0, 'recall': 0.037, 'f1': 0.0714, 'auc': 0.6662}
train: {'epoch': 3, 'eta': 1576566.2154, 'loss': 0.149, 'lr': 0.001, 'params': 1413905, 'time_iter': 15.6637, 'accuracy': 0.9626, 'precision': 0.0, 'recall': 0.0, 'f1': 0.0, 'auc': 0.6659}
val: {'epoch': 4, 'loss': 0.091, 'lr': 0.001, 'params': 1413905, 'time_iter': 3.26, 'accuracy': 0.9803, 'precision': 0.5, 'recall': 0.0494, 'f1': 0.0899, 'auc': 0.6752}
train: {'epoch': 4, 'eta': 1558548.3298, 'loss': 0.147, 'lr': 0.001, 'params': 1413905, 'time_iter': 15.8781, 'accuracy': 0.9627, 'precision': 0.7778, 'recall': 0.0057, 'f1': 0.0113, 'auc': 0.6889}
val: {'epoch': 5, 'loss': 0.0958, 'lr': 0.001, 'params': 1413905, 'time_iter': 2.7458, 'accuracy': 0.9803, 'precision': 0.5, 'recall': 0.1605, 'f1': 0.243, 'auc': 0.6695}
train: {'epoch': 5, 'eta': 1534121.204, 'loss': 0.146, 'lr': 0.001, 'params': 1413905, 'time_iter': 15.4458, 'accuracy': 0.9627, 'precision': 0.6087, 'recall': 0.0114, 'f1': 0.0223, 'auc': 0.6967}
val: {'epoch': 6, 'loss': 0.0927, 'lr': 0.001, 'params': 1413905, 'time_iter': 2.8311, 'accuracy': 0.9808, 'precision': 0.6667, 'recall': 0.0494, 'f1': 0.092, 'auc': 0.6737}
train: {'epoch': 6, 'eta': 1512406.0218, 'loss': 0.1455, 'lr': 0.001, 'params': 1413905, 'time_iter': 15.4659, 'accuracy': 0.9629, 'precision': 0.6667, 'recall': 0.0162, 'f1': 0.0317, 'auc': 0.7041}
val: {'epoch': 7, 'loss': 0.0911, 'lr': 0.001, 'params': 1413905, 'time_iter': 2.7792, 'accuracy': 0.9796, 'precision': 0.4118, 'recall': 0.0864, 'f1': 0.1429, 'auc': 0.6702}
train: {'epoch': 7, 'eta': 1493448.2213, 'loss': 0.1446, 'lr': 0.001, 'params': 1413905, 'time_iter': 15.5763, 'accuracy': 0.9631, 'precision': 0.6441, 'recall': 0.0308, 'f1': 0.0589, 'auc': 0.7074}
val: {'epoch': 8, 'loss': 0.092, 'lr': 0.001, 'params': 1413905, 'time_iter': 3.1142, 'accuracy': 0.9801, 'precision': 0.4667, 'recall': 0.0864, 'f1': 0.1458, 'auc': 0.6749}
train: {'epoch': 8, 'eta': 1475309.2219, 'loss': 0.1441, 'lr': 0.001, 'params': 1413905, 'time_iter': 15.5925, 'accuracy': 0.9632, 'precision': 0.6613, 'recall': 0.0333, 'f1': 0.0634, 'auc': 0.7137}
val: {'epoch': 9, 'loss': 0.0901, 'lr': 0.001, 'params': 1413905, 'time_iter': 2.8756, 'accuracy': 0.9801, 'precision': 0.4615, 'recall': 0.0741, 'f1': 0.1277, 'auc': 0.7018}
train: {'epoch': 9, 'eta': 1457304.0873, 'loss': 0.1431, 'lr': 0.001, 'params': 1413905, 'time_iter': 15.5617, 'accuracy': 0.9635, 'precision': 0.7162, 'recall': 0.043, 'f1': 0.0812, 'auc': 0.7144}
val: {'epoch': 10, 'loss': 0.0913, 'lr': 0.001, 'params': 1413905, 'time_iter': 2.9581, 'accuracy': 0.9798, 'precision': 0.4375, 'recall': 0.0864, 'f1': 0.1443, 'auc': 0.7009}
train: {'epoch': 10, 'eta': 1444181.5774, 'loss': 0.1427, 'lr': 0.001, 'params': 1413905, 'time_iter': 16.1046, 'accuracy': 0.9635, 'precision': 0.6905, 'recall': 0.0471, 'f1': 0.0881, 'auc': 0.7167}
val: {'epoch': 11, 'loss': 0.0898, 'lr': 0.001, 'params': 1413905, 'time_iter': 2.8594, 'accuracy': 0.9791, 'precision': 0.3684, 'recall': 0.0864, 'f1': 0.14, 'auc': 0.6939}
train: {'epoch': 11, 'eta': 1426134.2848, 'loss': 0.1418, 'lr': 0.001, 'params': 1413905, 'time_iter': 15.5282, 'accuracy': 0.9637, 'precision': 0.69, 'recall': 0.056, 'f1': 0.1036, 'auc': 0.7181}
val: {'epoch': 12, 'loss': 0.0954, 'lr': 0.001, 'params': 1413905, 'time_iter': 3.2604, 'accuracy': 0.9801, 'precision': 0.4615, 'recall': 0.0741, 'f1': 0.1277, 'auc': 0.7023}
train: {'epoch': 12, 'eta': 1408139.2082, 'loss': 0.1403, 'lr': 0.001, 'params': 1413905, 'time_iter': 15.4896, 'accuracy': 0.9638, 'precision': 0.6842, 'recall': 0.0633, 'f1': 0.1159, 'auc': 0.7345}
val: {'epoch': 13, 'loss': 0.0904, 'lr': 0.001, 'params': 1413905, 'time_iter': 2.8461, 'accuracy': 0.9791, 'precision': 0.381, 'recall': 0.0988, 'f1': 0.1569, 'auc': 0.7344}
train: {'epoch': 13, 'eta': 1390479.1527, 'loss': 0.1397, 'lr': 0.001, 'params': 1413905, 'time_iter': 15.4961, 'accuracy': 0.9638, 'precision': 0.6754, 'recall': 0.0625, 'f1': 0.1144, 'auc': 0.7345}
val: {'epoch': 14, 'loss': 0.0901, 'lr': 0.001, 'params': 1413905, 'time_iter': 3.0103, 'accuracy': 0.9796, 'precision': 0.4, 'recall': 0.0741, 'f1': 0.125, 'auc': 0.7404}
train: {'epoch': 14, 'eta': 1373568.1379, 'loss': 0.1381, 'lr': 0.001, 'params': 1413905, 'time_iter': 15.5853, 'accuracy': 0.9645, 'precision': 0.7211, 'recall': 0.086, 'f1': 0.1537, 'auc': 0.7423}
val: {'epoch': 15, 'loss': 0.0897, 'lr': 0.001, 'params': 1413905, 'time_iter': 2.8035, 'accuracy': 0.9796, 'precision': 0.4211, 'recall': 0.0988, 'f1': 0.16, 'auc': 0.7346}
train: {'epoch': 15, 'eta': 1358798.8004, 'loss': 0.1369, 'lr': 0.001, 'params': 1413905, 'time_iter': 15.9616, 'accuracy': 0.9642, 'precision': 0.7007, 'recall': 0.0779, 'f1': 0.1402, 'auc': 0.7524}
val: {'epoch': 16, 'loss': 0.0907, 'lr': 0.001, 'params': 1413905, 'time_iter': 2.84, 'accuracy': 0.9793, 'precision': 0.4091, 'recall': 0.1111, 'f1': 0.1748, 'auc': 0.7425}
train: {'epoch': 16, 'eta': 1342854.053, 'loss': 0.1357, 'lr': 0.001, 'params': 1413905, 'time_iter': 15.7664, 'accuracy': 0.9645, 'precision': 0.7133, 'recall': 0.0869, 'f1': 0.1548, 'auc': 0.7595}
val: {'epoch': 17, 'loss': 0.0937, 'lr': 0.001, 'params': 1413905, 'time_iter': 2.8711, 'accuracy': 0.9767, 'precision': 0.2857, 'recall': 0.1235, 'f1': 0.1724, 'auc': 0.7467}
train: {'epoch': 17, 'eta': 1327822.302, 'loss': 0.1346, 'lr': 0.001, 'params': 1413905, 'time_iter': 15.9677, 'accuracy': 0.9646, 'precision': 0.6964, 'recall': 0.095, 'f1': 0.1671, 'auc': 0.7658}
val: {'epoch': 18, 'loss': 0.0893, 'lr': 0.001, 'params': 1413905, 'time_iter': 2.7198, 'accuracy': 0.9803, 'precision': 0.5, 'recall': 0.0988, 'f1': 0.1649, 'auc': 0.7743}
train: {'epoch': 18, 'eta': 1310448.0141, 'loss': 0.135, 'lr': 0.001, 'params': 1413905, 'time_iter': 15.4673, 'accuracy': 0.9649, 'precision': 0.7278, 'recall': 0.0998, 'f1': 0.1756, 'auc': 0.7645}
val: {'epoch': 19, 'loss': 0.0868, 'lr': 0.001, 'params': 1413905, 'time_iter': 2.8004, 'accuracy': 0.9805, 'precision': 0.5333, 'recall': 0.0988, 'f1': 0.1667, 'auc': 0.7706}
train: {'epoch': 19, 'eta': 1294529.7806, 'loss': 0.134, 'lr': 0.001, 'params': 1413905, 'time_iter': 15.7856, 'accuracy': 0.9645, 'precision': 0.6778, 'recall': 0.099, 'f1': 0.1728, 'auc': 0.7699}
val: {'epoch': 20, 'loss': 0.0931, 'lr': 0.001, 'params': 1413905, 'time_iter': 2.8147, 'accuracy': 0.9791, 'precision': 0.3333, 'recall': 0.0617, 'f1': 0.1042, 'auc': 0.7524}
train: {'epoch': 20, 'eta': 1279746.7125, 'loss': 0.1326, 'lr': 0.001, 'params': 1413905, 'time_iter': 16.0869, 'accuracy': 0.9649, 'precision': 0.7317, 'recall': 0.0974, 'f1': 0.1719, 'auc': 0.7751}
val: {'epoch': 21, 'loss': 0.0907, 'lr': 0.001, 'params': 1413905, 'time_iter': 2.7709, 'accuracy': 0.9808, 'precision': 0.75, 'recall': 0.037, 'f1': 0.0706, 'auc': 0.7781}
train: {'epoch': 21, 'eta': 1263228.5271, 'loss': 0.1324, 'lr': 0.001, 'params': 1413905, 'time_iter': 15.6554, 'accuracy': 0.965, 'precision': 0.7068, 'recall': 0.1096, 'f1': 0.1897, 'auc': 0.7761}
val: {'epoch': 22, 'loss': 0.0918, 'lr': 0.001, 'params': 1413905, 'time_iter': 3.0029, 'accuracy': 0.9805, 'precision': 0.5333, 'recall': 0.0988, 'f1': 0.1667, 'auc': 0.7489}
train: {'epoch': 22, 'eta': 1247981.1686, 'loss': 0.1311, 'lr': 0.001, 'params': 1413905, 'time_iter': 16.014, 'accuracy': 0.9652, 'precision': 0.7216, 'recall': 0.1136, 'f1': 0.1964, 'auc': 0.7825}
val: {'epoch': 23, 'loss': 0.0895, 'lr': 0.001, 'params': 1413905, 'time_iter': 2.7555, 'accuracy': 0.9801, 'precision': 0.4667, 'recall': 0.0864, 'f1': 0.1458, 'auc': 0.7677}
train: {'epoch': 23, 'eta': 1232906.5238, 'loss': 0.1303, 'lr': 0.001, 'params': 1413905, 'time_iter': 16.0985, 'accuracy': 0.9649, 'precision': 0.7074, 'recall': 0.108, 'f1': 0.1873, 'auc': 0.784}
val: {'epoch': 24, 'loss': 0.0889, 'lr': 0.001, 'params': 1413905, 'time_iter': 2.8919, 'accuracy': 0.981, 'precision': 0.6364, 'recall': 0.0864, 'f1': 0.1522, 'auc': 0.7937}
train: {'epoch': 24, 'eta': 1215254.356, 'loss': 0.1294, 'lr': 0.001, 'params': 1413905, 'time_iter': 15.3021, 'accuracy': 0.965, 'precision': 0.6971, 'recall': 0.1177, 'f1': 0.2014, 'auc': 0.788}
val: {'epoch': 25, 'loss': 0.0875, 'lr': 0.001, 'params': 1413905, 'time_iter': 2.6691, 'accuracy': 0.9808, 'precision': 0.5714, 'recall': 0.0988, 'f1': 0.1684, 'auc': 0.7789}
train: {'epoch': 25, 'eta': 1198549.5392, 'loss': 0.1297, 'lr': 0.001, 'params': 1413905, 'time_iter': 15.5755, 'accuracy': 0.9656, 'precision': 0.7346, 'recall': 0.1258, 'f1': 0.2148, 'auc': 0.7868}
val: {'epoch': 26, 'loss': 0.0859, 'lr': 0.001, 'params': 1413905, 'time_iter': 2.8557, 'accuracy': 0.9808, 'precision': 0.5714, 'recall': 0.0988, 'f1': 0.1684, 'auc': 0.7819}
train: {'epoch': 26, 'eta': 1181775.853, 'loss': 0.1286, 'lr': 0.001, 'params': 1413905, 'time_iter': 15.5327, 'accuracy': 0.9654, 'precision': 0.735, 'recall': 0.1193, 'f1': 0.2053, 'auc': 0.7923}
val: {'epoch': 27, 'loss': 0.0919, 'lr': 0.001, 'params': 1413905, 'time_iter': 2.8046, 'accuracy': 0.9793, 'precision': 0.4091, 'recall': 0.1111, 'f1': 0.1748, 'auc': 0.7246}
train: {'epoch': 27, 'eta': 1163587.4563, 'loss': 0.1273, 'lr': 0.001, 'params': 1413905, 'time_iter': 14.9767, 'accuracy': 0.9657, 'precision': 0.7191, 'recall': 0.1372, 'f1': 0.2304, 'auc': 0.7935}
val: {'epoch': 28, 'loss': 0.0877, 'lr': 0.001, 'params': 1413905, 'time_iter': 2.6678, 'accuracy': 0.9801, 'precision': 0.4737, 'recall': 0.1111, 'f1': 0.18, 'auc': 0.7639}
train: {'epoch': 28, 'eta': 1146267.8292, 'loss': 0.1269, 'lr': 0.001, 'params': 1413905, 'time_iter': 15.2455, 'accuracy': 0.9654, 'precision': 0.7169, 'recall': 0.1274, 'f1': 0.2164, 'auc': 0.7988}
val: {'epoch': 29, 'loss': 0.0885, 'lr': 0.001, 'params': 1413905, 'time_iter': 2.8191, 'accuracy': 0.9801, 'precision': 0.4737, 'recall': 0.1111, 'f1': 0.18, 'auc': 0.7591}
train: {'epoch': 29, 'eta': 1130341.5325, 'loss': 0.1263, 'lr': 0.001, 'params': 1413905, 'time_iter': 15.7805, 'accuracy': 0.9658, 'precision': 0.7368, 'recall': 0.1364, 'f1': 0.2301, 'auc': 0.7971}
val: {'epoch': 30, 'loss': 0.0886, 'lr': 0.001, 'params': 1413905, 'time_iter': 3.0587, 'accuracy': 0.9808, 'precision': 0.5714, 'recall': 0.0988, 'f1': 0.1684, 'auc': 0.7498}
train: {'epoch': 30, 'eta': 1114090.2358, 'loss': 0.1275, 'lr': 0.001, 'params': 1413905, 'time_iter': 15.6474, 'accuracy': 0.9652, 'precision': 0.7081, 'recall': 0.1201, 'f1': 0.2054, 'auc': 0.7935}
val: {'epoch': 31, 'loss': 0.0877, 'lr': 0.001, 'params': 1413905, 'time_iter': 2.638, 'accuracy': 0.9796, 'precision': 0.4286, 'recall': 0.1111, 'f1': 0.1765, 'auc': 0.7586}
train: {'epoch': 31, 'eta': 1097671.838, 'loss': 0.1263, 'lr': 0.001, 'params': 1413905, 'time_iter': 15.5667, 'accuracy': 0.9655, 'precision': 0.7162, 'recall': 0.1291, 'f1': 0.2187, 'auc': 0.7981}
val: {'epoch': 32, 'loss': 0.0862, 'lr': 0.001, 'params': 1413905, 'time_iter': 2.7231, 'accuracy': 0.9791, 'precision': 0.381, 'recall': 0.0988, 'f1': 0.1569, 'auc': 0.7602}
train: {'epoch': 32, 'eta': 1081192.9923, 'loss': 0.1249, 'lr': 0.001, 'params': 1413905, 'time_iter': 15.5262, 'accuracy': 0.9659, 'precision': 0.7261, 'recall': 0.142, 'f1': 0.2376, 'auc': 0.8009}
val: {'epoch': 33, 'loss': 0.0933, 'lr': 0.001, 'params': 1413905, 'time_iter': 2.6616, 'accuracy': 0.9801, 'precision': 0.4737, 'recall': 0.1111, 'f1': 0.18, 'auc': 0.7288}
train: {'epoch': 33, 'eta': 1065823.1921, 'loss': 0.1237, 'lr': 0.001, 'params': 1413905, 'time_iter': 16.0666, 'accuracy': 0.9663, 'precision': 0.7375, 'recall': 0.155, 'f1': 0.2562, 'auc': 0.8107}
val: {'epoch': 34, 'loss': 0.0868, 'lr': 0.001, 'params': 1413905, 'time_iter': 2.7524, 'accuracy': 0.9801, 'precision': 0.4737, 'recall': 0.1111, 'f1': 0.18, 'auc': 0.767}
train: {'epoch': 34, 'eta': 1050068.1018, 'loss': 0.1245, 'lr': 0.001, 'params': 1413905, 'time_iter': 15.8998, 'accuracy': 0.966, 'precision': 0.7317, 'recall': 0.1461, 'f1': 0.2436, 'auc': 0.7992}
val: {'epoch': 35, 'loss': 0.0868, 'lr': 0.001, 'params': 1413905, 'time_iter': 2.9286, 'accuracy': 0.9805, 'precision': 0.5333, 'recall': 0.0988, 'f1': 0.1667, 'auc': 0.7593}
train: {'epoch': 35, 'eta': 1033591.1266, 'loss': 0.1234, 'lr': 0.001, 'params': 1413905, 'time_iter': 15.5235, 'accuracy': 0.9661, 'precision': 0.7241, 'recall': 0.1534, 'f1': 0.2532, 'auc': 0.8064}
val: {'epoch': 36, 'loss': 0.0866, 'lr': 0.001, 'params': 1413905, 'time_iter': 2.7354, 'accuracy': 0.9815, 'precision': 0.6667, 'recall': 0.1235, 'f1': 0.2083, 'auc': 0.7682}
train: {'epoch': 36, 'eta': 1016848.0672, 'loss': 0.1225, 'lr': 0.001, 'params': 1413905, 'time_iter': 15.3561, 'accuracy': 0.9665, 'precision': 0.7452, 'recall': 0.1591, 'f1': 0.2622, 'auc': 0.8084}
val: {'epoch': 37, 'loss': 0.092, 'lr': 0.001, 'params': 1413905, 'time_iter': 2.7917, 'accuracy': 0.9808, 'precision': 0.5625, 'recall': 0.1111, 'f1': 0.1856, 'auc': 0.75}
train: {'epoch': 37, 'eta': 1001096.9778, 'loss': 0.1216, 'lr': 0.001, 'params': 1413905, 'time_iter': 15.9175, 'accuracy': 0.9662, 'precision': 0.7283, 'recall': 0.1567, 'f1': 0.2578, 'auc': 0.815}
val: {'epoch': 38, 'loss': 0.0894, 'lr': 0.001, 'params': 1413905, 'time_iter': 3.1213, 'accuracy': 0.9798, 'precision': 0.4583, 'recall': 0.1358, 'f1': 0.2095, 'auc': 0.7441}
train: {'epoch': 38, 'eta': 985184.806, 'loss': 0.1215, 'lr': 0.001, 'params': 1413905, 'time_iter': 15.8374, 'accuracy': 0.9667, 'precision': 0.7473, 'recall': 0.1656, 'f1': 0.2711, 'auc': 0.8111}
val: {'epoch': 39, 'loss': 0.0859, 'lr': 0.001, 'params': 1413905, 'time_iter': 2.7357, 'accuracy': 0.981, 'precision': 0.5714, 'recall': 0.1481, 'f1': 0.2353, 'auc': 0.7521}
train: {'epoch': 39, 'eta': 968449.053, 'loss': 0.1204, 'lr': 0.001, 'params': 1413905, 'time_iter': 15.3163, 'accuracy': 0.9666, 'precision': 0.7343, 'recall': 0.1705, 'f1': 0.2767, 'auc': 0.817}
val: {'epoch': 40, 'loss': 0.0845, 'lr': 0.001, 'params': 1413905, 'time_iter': 2.9003, 'accuracy': 0.9805, 'precision': 0.5238, 'recall': 0.1358, 'f1': 0.2157, 'auc': 0.7704}
train: {'epoch': 40, 'eta': 952387.1314, 'loss': 0.1198, 'lr': 0.001, 'params': 1413905, 'time_iter': 15.7392, 'accuracy': 0.9665, 'precision': 0.7355, 'recall': 0.1648, 'f1': 0.2692, 'auc': 0.8178}
val: {'epoch': 41, 'loss': 0.0974, 'lr': 0.001, 'params': 1413905, 'time_iter': 2.6769, 'accuracy': 0.9815, 'precision': 0.7273, 'recall': 0.0988, 'f1': 0.1739, 'auc': 0.7556}
train: {'epoch': 41, 'eta': 935766.5339, 'loss': 0.1192, 'lr': 0.001, 'params': 1413905, 'time_iter': 15.3505, 'accuracy': 0.9666, 'precision': 0.7224, 'recall': 0.1753, 'f1': 0.2822, 'auc': 0.8186}
val: {'epoch': 42, 'loss': 0.0846, 'lr': 0.001, 'params': 1413905, 'time_iter': 2.7146, 'accuracy': 0.9823, 'precision': 0.7857, 'recall': 0.1358, 'f1': 0.2316, 'auc': 0.7811}
train: {'epoch': 42, 'eta': 919666.5579, 'loss': 0.119, 'lr': 0.001, 'params': 1413905, 'time_iter': 15.7041, 'accuracy': 0.9671, 'precision': 0.7578, 'recall': 0.1778, 'f1': 0.288, 'auc': 0.8179}
val: {'epoch': 43, 'loss': 0.0846, 'lr': 0.001, 'params': 1413905, 'time_iter': 3.0076, 'accuracy': 0.9801, 'precision': 0.4839, 'recall': 0.1852, 'f1': 0.2679, 'auc': 0.7809}
train: {'epoch': 43, 'eta': 903393.8864, 'loss': 0.1179, 'lr': 0.001, 'params': 1413905, 'time_iter': 15.5743, 'accuracy': 0.9665, 'precision': 0.7148, 'recall': 0.1769, 'f1': 0.2837, 'auc': 0.8231}
val: {'epoch': 44, 'loss': 0.0813, 'lr': 0.001, 'params': 1413905, 'time_iter': 2.6576, 'accuracy': 0.9815, 'precision': 0.6087, 'recall': 0.1728, 'f1': 0.2692, 'auc': 0.7846}
train: {'epoch': 44, 'eta': 888022.9152, 'loss': 0.1178, 'lr': 0.001, 'params': 1413905, 'time_iter': 16.2825, 'accuracy': 0.9671, 'precision': 0.7508, 'recall': 0.181, 'f1': 0.2917, 'auc': 0.8253}
val: {'epoch': 45, 'loss': 0.0864, 'lr': 0.001, 'params': 1413905, 'time_iter': 2.7437, 'accuracy': 0.9805, 'precision': 0.5294, 'recall': 0.1111, 'f1': 0.1837, 'auc': 0.8066}
train: {'epoch': 45, 'eta': 872760.031, 'loss': 0.1185, 'lr': 0.001, 'params': 1413905, 'time_iter': 16.4218, 'accuracy': 0.967, 'precision': 0.7325, 'recall': 0.1867, 'f1': 0.2975, 'auc': 0.8218}
val: {'epoch': 46, 'loss': 0.0838, 'lr': 0.001, 'params': 1413905, 'time_iter': 2.9853, 'accuracy': 0.981, 'precision': 0.5333, 'recall': 0.2963, 'f1': 0.381, 'auc': 0.7782}
train: {'epoch': 46, 'eta': 856566.6874, 'loss': 0.1168, 'lr': 0.001, 'params': 1413905, 'time_iter': 15.6799, 'accuracy': 0.9673, 'precision': 0.7341, 'recall': 0.1972, 'f1': 0.3109, 'auc': 0.8279}
val: {'epoch': 47, 'loss': 0.0835, 'lr': 0.001, 'params': 1413905, 'time_iter': 2.8418, 'accuracy': 0.9823, 'precision': 0.6818, 'recall': 0.1852, 'f1': 0.2913, 'auc': 0.7821}
train: {'epoch': 47, 'eta': 840728.0416, 'loss': 0.1163, 'lr': 0.001, 'params': 1413905, 'time_iter': 15.9959, 'accuracy': 0.9671, 'precision': 0.7232, 'recall': 0.1972, 'f1': 0.3099, 'auc': 0.8302}
val: {'epoch': 48, 'loss': 0.0855, 'lr': 0.001, 'params': 1413905, 'time_iter': 2.8294, 'accuracy': 0.9808, 'precision': 0.5385, 'recall': 0.1728, 'f1': 0.2617, 'auc': 0.7802}
train: {'epoch': 48, 'eta': 824673.8994, 'loss': 0.1161, 'lr': 0.001, 'params': 1413905, 'time_iter': 15.8184, 'accuracy': 0.9676, 'precision': 0.753, 'recall': 0.2005, 'f1': 0.3167, 'auc': 0.8289}
val: {'epoch': 49, 'loss': 0.0903, 'lr': 0.001, 'params': 1413905, 'time_iter': 2.6643, 'accuracy': 0.9823, 'precision': 0.7857, 'recall': 0.1358, 'f1': 0.2316, 'auc': 0.7648}
train: {'epoch': 49, 'eta': 808652.6451, 'loss': 0.1165, 'lr': 0.001, 'params': 1413905, 'time_iter': 15.859, 'accuracy': 0.9675, 'precision': 0.7225, 'recall': 0.2135, 'f1': 0.3296, 'auc': 0.8236}
val: {'epoch': 50, 'loss': 0.0836, 'lr': 0.001, 'params': 1413905, 'time_iter': 2.5971, 'accuracy': 0.9818, 'precision': 0.6, 'recall': 0.2222, 'f1': 0.3243, 'auc': 0.7861}
train: {'epoch': 50, 'eta': 792205.0417, 'loss': 0.1153, 'lr': 0.001, 'params': 1413905, 'time_iter': 15.4395, 'accuracy': 0.9673, 'precision': 0.7308, 'recall': 0.2005, 'f1': 0.3146, 'auc': 0.832}
val: {'epoch': 51, 'loss': 0.0906, 'lr': 0.001, 'params': 1413905, 'time_iter': 2.8664, 'accuracy': 0.9815, 'precision': 0.6471, 'recall': 0.1358, 'f1': 0.2245, 'auc': 0.7839}
train: {'epoch': 51, 'eta': 776170.3814, 'loss': 0.114, 'lr': 0.001, 'params': 1413905, 'time_iter': 15.8516, 'accuracy': 0.9681, 'precision': 0.7486, 'recall': 0.2248, 'f1': 0.3458, 'auc': 0.8328}
val: {'epoch': 52, 'loss': 0.0867, 'lr': 0.001, 'params': 1413905, 'time_iter': 2.6788, 'accuracy': 0.9815, 'precision': 0.6, 'recall': 0.1852, 'f1': 0.283, 'auc': 0.8098}
train: {'epoch': 52, 'eta': 760768.6178, 'loss': 0.113, 'lr': 0.001, 'params': 1413905, 'time_iter': 16.5566, 'accuracy': 0.9681, 'precision': 0.746, 'recall': 0.2265, 'f1': 0.3474, 'auc': 0.8381}
val: {'epoch': 53, 'loss': 0.0869, 'lr': 0.001, 'params': 1413905, 'time_iter': 2.8633, 'accuracy': 0.9835, 'precision': 0.8095, 'recall': 0.2099, 'f1': 0.3333, 'auc': 0.7826}
train: {'epoch': 53, 'eta': 744282.0999, 'loss': 0.1137, 'lr': 0.001, 'params': 1413905, 'time_iter': 15.3882, 'accuracy': 0.9676, 'precision': 0.7196, 'recall': 0.2208, 'f1': 0.3379, 'auc': 0.8379}
val: {'epoch': 54, 'loss': 0.0961, 'lr': 0.001, 'params': 1413905, 'time_iter': 3.0969, 'accuracy': 0.9808, 'precision': 0.55, 'recall': 0.1358, 'f1': 0.2178, 'auc': 0.7978}
train: {'epoch': 54, 'eta': 728257.3267, 'loss': 0.1124, 'lr': 0.001, 'params': 1413905, 'time_iter': 15.9085, 'accuracy': 0.9682, 'precision': 0.7429, 'recall': 0.2321, 'f1': 0.3537, 'auc': 0.8461}
val: {'epoch': 55, 'loss': 0.0885, 'lr': 0.001, 'params': 1413905, 'time_iter': 2.7072, 'accuracy': 0.9818, 'precision': 0.6154, 'recall': 0.1975, 'f1': 0.2991, 'auc': 0.7895}
train: {'epoch': 55, 'eta': 712118.8876, 'loss': 0.1116, 'lr': 0.001, 'params': 1413905, 'time_iter': 15.7831, 'accuracy': 0.9688, 'precision': 0.7641, 'recall': 0.2419, 'f1': 0.3674, 'auc': 0.8436}
val: {'epoch': 56, 'loss': 0.0955, 'lr': 0.001, 'params': 1413905, 'time_iter': 2.8027, 'accuracy': 0.9808, 'precision': 0.5455, 'recall': 0.1481, 'f1': 0.233, 'auc': 0.7842}
train: {'epoch': 56, 'eta': 696232.7289, 'loss': 0.1114, 'lr': 0.001, 'params': 1413905, 'time_iter': 16.1128, 'accuracy': 0.9685, 'precision': 0.7475, 'recall': 0.2403, 'f1': 0.3636, 'auc': 0.8493}
val: {'epoch': 57, 'loss': 0.0969, 'lr': 0.001, 'params': 1413905, 'time_iter': 2.658, 'accuracy': 0.9808, 'precision': 0.5714, 'recall': 0.0988, 'f1': 0.1684, 'auc': 0.7842}
train: {'epoch': 57, 'eta': 680101.0101, 'loss': 0.1106, 'lr': 0.001, 'params': 1413905, 'time_iter': 15.8153, 'accuracy': 0.9688, 'precision': 0.7488, 'recall': 0.2492, 'f1': 0.3739, 'auc': 0.8497}
val: {'epoch': 58, 'loss': 0.0856, 'lr': 0.001, 'params': 1413905, 'time_iter': 2.7836, 'accuracy': 0.9827, 'precision': 0.75, 'recall': 0.1852, 'f1': 0.297, 'auc': 0.7882}
train: {'epoch': 58, 'eta': 664187.3458, 'loss': 0.1109, 'lr': 0.001, 'params': 1413905, 'time_iter': 16.127, 'accuracy': 0.9688, 'precision': 0.7581, 'recall': 0.2468, 'f1': 0.3723, 'auc': 0.8487}
val: {'epoch': 59, 'loss': 0.0868, 'lr': 0.001, 'params': 1413905, 'time_iter': 3.2493, 'accuracy': 0.9815, 'precision': 0.6, 'recall': 0.1852, 'f1': 0.283, 'auc': 0.8025}
train: {'epoch': 59, 'eta': 647968.7715, 'loss': 0.1108, 'lr': 0.001, 'params': 1413905, 'time_iter': 15.7156, 'accuracy': 0.9686, 'precision': 0.733, 'recall': 0.2541, 'f1': 0.3773, 'auc': 0.8503}
val: {'epoch': 60, 'loss': 0.091, 'lr': 0.001, 'params': 1413905, 'time_iter': 2.8348, 'accuracy': 0.9825, 'precision': 0.6957, 'recall': 0.1975, 'f1': 0.3077, 'auc': 0.8077}
train: {'epoch': 60, 'eta': 631892.5961, 'loss': 0.1106, 'lr': 0.001, 'params': 1413905, 'time_iter': 15.9297, 'accuracy': 0.9685, 'precision': 0.7389, 'recall': 0.2435, 'f1': 0.3663, 'auc': 0.8457}
val: {'epoch': 61, 'loss': 0.0924, 'lr': 0.001, 'params': 1413905, 'time_iter': 2.8182, 'accuracy': 0.9808, 'precision': 0.5455, 'recall': 0.1481, 'f1': 0.233, 'auc': 0.7681}
train: {'epoch': 61, 'eta': 615503.7599, 'loss': 0.1098, 'lr': 0.001, 'params': 1413905, 'time_iter': 15.4501, 'accuracy': 0.9684, 'precision': 0.7468, 'recall': 0.2346, 'f1': 0.357, 'auc': 0.8534}
val: {'epoch': 62, 'loss': 0.0934, 'lr': 0.001, 'params': 1413905, 'time_iter': 2.6901, 'accuracy': 0.982, 'precision': 0.6667, 'recall': 0.1728, 'f1': 0.2745, 'auc': 0.7865}
train: {'epoch': 62, 'eta': 599269.3093, 'loss': 0.1096, 'lr': 0.001, 'params': 1413905, 'time_iter': 15.6798, 'accuracy': 0.9688, 'precision': 0.7568, 'recall': 0.2476, 'f1': 0.3731, 'auc': 0.852}
val: {'epoch': 63, 'loss': 0.0961, 'lr': 0.001, 'params': 1413905, 'time_iter': 2.7209, 'accuracy': 0.981, 'precision': 0.6154, 'recall': 0.0988, 'f1': 0.1702, 'auc': 0.7976}
train: {'epoch': 63, 'eta': 582652.6705, 'loss': 0.1087, 'lr': 0.001, 'params': 1413905, 'time_iter': 15.0141, 'accuracy': 0.97, 'precision': 0.7837, 'recall': 0.2735, 'f1': 0.4055, 'auc': 0.8567}
val: {'epoch': 64, 'loss': 0.0995, 'lr': 0.001, 'params': 1413905, 'time_iter': 2.8819, 'accuracy': 0.9813, 'precision': 0.625, 'recall': 0.1235, 'f1': 0.2062, 'auc': 0.7694}
train: {'epoch': 64, 'eta': 566246.3177, 'loss': 0.108, 'lr': 0.001, 'params': 1413905, 'time_iter': 15.3288, 'accuracy': 0.9692, 'precision': 0.7477, 'recall': 0.267, 'f1': 0.3935, 'auc': 0.8588}
val: {'epoch': 65, 'loss': 0.0975, 'lr': 0.001, 'params': 1413905, 'time_iter': 2.6359, 'accuracy': 0.982, 'precision': 0.7059, 'recall': 0.1481, 'f1': 0.2449, 'auc': 0.7682}
train: {'epoch': 65, 'eta': 550239.3799, 'loss': 0.1079, 'lr': 0.001, 'params': 1413905, 'time_iter': 16.0461, 'accuracy': 0.9697, 'precision': 0.7677, 'recall': 0.2735, 'f1': 0.4034, 'auc': 0.8585}
val: {'epoch': 66, 'loss': 0.0919, 'lr': 0.001, 'params': 1413905, 'time_iter': 2.7154, 'accuracy': 0.9823, 'precision': 0.7222, 'recall': 0.1605, 'f1': 0.2626, 'auc': 0.7872}
train: {'epoch': 66, 'eta': 534036.094, 'loss': 0.1081, 'lr': 0.001, 'params': 1413905, 'time_iter': 15.6884, 'accuracy': 0.9696, 'precision': 0.7783, 'recall': 0.2622, 'f1': 0.3922, 'auc': 0.8572}
val: {'epoch': 67, 'loss': 0.0935, 'lr': 0.001, 'params': 1413905, 'time_iter': 2.9324, 'accuracy': 0.9815, 'precision': 0.6087, 'recall': 0.1728, 'f1': 0.2692, 'auc': 0.7776}
train: {'epoch': 67, 'eta': 517856.9807, 'loss': 0.1081, 'lr': 0.001, 'params': 1413905, 'time_iter': 15.7347, 'accuracy': 0.9698, 'precision': 0.7582, 'recall': 0.2825, 'f1': 0.4116, 'auc': 0.8601}
val: {'epoch': 68, 'loss': 0.0872, 'lr': 0.001, 'params': 1413905, 'time_iter': 2.8012, 'accuracy': 0.9815, 'precision': 0.5862, 'recall': 0.2099, 'f1': 0.3091, 'auc': 0.7997}
train: {'epoch': 68, 'eta': 501920.2987, 'loss': 0.1072, 'lr': 0.001, 'params': 1413905, 'time_iter': 16.2598, 'accuracy': 0.9694, 'precision': 0.761, 'recall': 0.2662, 'f1': 0.3945, 'auc': 0.8617}
val: {'epoch': 69, 'loss': 0.0907, 'lr': 0.001, 'params': 1413905, 'time_iter': 2.8324, 'accuracy': 0.9818, 'precision': 0.625, 'recall': 0.1852, 'f1': 0.2857, 'auc': 0.8044}
train: {'epoch': 69, 'eta': 485862.4862, 'loss': 0.1069, 'lr': 0.001, 'params': 1413905, 'time_iter': 16.0366, 'accuracy': 0.9698, 'precision': 0.7587, 'recall': 0.2833, 'f1': 0.4125, 'auc': 0.8629}
val: {'epoch': 70, 'loss': 0.0887, 'lr': 0.001, 'params': 1413905, 'time_iter': 2.7131, 'accuracy': 0.9827, 'precision': 0.7273, 'recall': 0.1975, 'f1': 0.3107, 'auc': 0.7886}
train: {'epoch': 70, 'eta': 469660.5269, 'loss': 0.1066, 'lr': 0.001, 'params': 1413905, 'time_iter': 15.7234, 'accuracy': 0.9695, 'precision': 0.7562, 'recall': 0.2719, 'f1': 0.4, 'auc': 0.8633}
val: {'epoch': 71, 'loss': 0.0949, 'lr': 0.001, 'params': 1413905, 'time_iter': 2.7549, 'accuracy': 0.9808, 'precision': 0.5333, 'recall': 0.1975, 'f1': 0.2883, 'auc': 0.7716}
train: {'epoch': 71, 'eta': 453500.9818, 'loss': 0.1053, 'lr': 0.001, 'params': 1413905, 'time_iter': 15.8278, 'accuracy': 0.9698, 'precision': 0.7598, 'recall': 0.2825, 'f1': 0.4118, 'auc': 0.8667}
val: {'epoch': 72, 'loss': 0.0931, 'lr': 0.001, 'params': 1413905, 'time_iter': 2.8497, 'accuracy': 0.9823, 'precision': 0.75, 'recall': 0.1481, 'f1': 0.2474, 'auc': 0.7868}
train: {'epoch': 72, 'eta': 437104.2341, 'loss': 0.1061, 'lr': 0.001, 'params': 1413905, 'time_iter': 15.2138, 'accuracy': 0.9691, 'precision': 0.7269, 'recall': 0.2808, 'f1': 0.4052, 'auc': 0.8677}
val: {'epoch': 73, 'loss': 0.0956, 'lr': 0.001, 'params': 1413905, 'time_iter': 2.7132, 'accuracy': 0.9818, 'precision': 0.6154, 'recall': 0.1975, 'f1': 0.2991, 'auc': 0.7726}
train: {'epoch': 73, 'eta': 421029.8025, 'loss': 0.105, 'lr': 0.001, 'params': 1413905, 'time_iter': 16.0498, 'accuracy': 0.9694, 'precision': 0.7473, 'recall': 0.276, 'f1': 0.4031, 'auc': 0.8722}
val: {'epoch': 74, 'loss': 0.0935, 'lr': 0.001, 'params': 1413905, 'time_iter': 2.7922, 'accuracy': 0.9815, 'precision': 0.5926, 'recall': 0.1975, 'f1': 0.2963, 'auc': 0.7888}
train: {'epoch': 74, 'eta': 404924.1643, 'loss': 0.1051, 'lr': 0.001, 'params': 1413905, 'time_iter': 15.9931, 'accuracy': 0.97, 'precision': 0.7521, 'recall': 0.2955, 'f1': 0.4242, 'auc': 0.8653}
val: {'epoch': 75, 'loss': 0.1036, 'lr': 0.001, 'params': 1413905, 'time_iter': 2.7527, 'accuracy': 0.981, 'precision': 0.5652, 'recall': 0.1605, 'f1': 0.25, 'auc': 0.7707}
train: {'epoch': 75, 'eta': 388647.7438, 'loss': 0.104, 'lr': 0.001, 'params': 1413905, 'time_iter': 15.496, 'accuracy': 0.9708, 'precision': 0.776, 'recall': 0.3093, 'f1': 0.4423, 'auc': 0.8728}
val: {'epoch': 76, 'loss': 0.0903, 'lr': 0.001, 'params': 1413905, 'time_iter': 2.9902, 'accuracy': 0.9808, 'precision': 0.5357, 'recall': 0.1852, 'f1': 0.2752, 'auc': 0.8085}
train: {'epoch': 76, 'eta': 372356.3179, 'loss': 0.1043, 'lr': 0.001, 'params': 1413905, 'time_iter': 15.4192, 'accuracy': 0.9701, 'precision': 0.7526, 'recall': 0.2987, 'f1': 0.4277, 'auc': 0.8745}
val: {'epoch': 77, 'loss': 0.0968, 'lr': 0.001, 'params': 1413905, 'time_iter': 2.7929, 'accuracy': 0.9813, 'precision': 0.5714, 'recall': 0.1975, 'f1': 0.2936, 'auc': 0.7906}
train: {'epoch': 77, 'eta': 356154.0634, 'loss': 0.1046, 'lr': 0.001, 'params': 1413905, 'time_iter': 15.6889, 'accuracy': 0.9696, 'precision': 0.7442, 'recall': 0.2881, 'f1': 0.4154, 'auc': 0.8702}
val: {'epoch': 78, 'loss': 0.0991, 'lr': 0.001, 'params': 1413905, 'time_iter': 2.6654, 'accuracy': 0.982, 'precision': 0.6667, 'recall': 0.1728, 'f1': 0.2745, 'auc': 0.7986}
train: {'epoch': 78, 'eta': 340012.0003, 'loss': 0.1039, 'lr': 0.001, 'params': 1413905, 'time_iter': 15.9035, 'accuracy': 0.9702, 'precision': 0.7676, 'recall': 0.2922, 'f1': 0.4233, 'auc': 0.8756}
val: {'epoch': 79, 'loss': 0.0948, 'lr': 0.001, 'params': 1413905, 'time_iter': 2.7462, 'accuracy': 0.9813, 'precision': 0.5769, 'recall': 0.1852, 'f1': 0.2804, 'auc': 0.7793}
train: {'epoch': 79, 'eta': 323839.9749, 'loss': 0.1033, 'lr': 0.001, 'params': 1413905, 'time_iter': 15.8087, 'accuracy': 0.97, 'precision': 0.752, 'recall': 0.2979, 'f1': 0.4267, 'auc': 0.873}
val: {'epoch': 80, 'loss': 0.0964, 'lr': 0.001, 'params': 1413905, 'time_iter': 3.2875, 'accuracy': 0.9818, 'precision': 0.6154, 'recall': 0.1975, 'f1': 0.2991, 'auc': 0.7928}
train: {'epoch': 80, 'eta': 307603.1177, 'loss': 0.1035, 'lr': 0.001, 'params': 1413905, 'time_iter': 15.5498, 'accuracy': 0.9706, 'precision': 0.7672, 'recall': 0.3076, 'f1': 0.4392, 'auc': 0.8722}
val: {'epoch': 81, 'loss': 0.0997, 'lr': 0.001, 'params': 1413905, 'time_iter': 2.7472, 'accuracy': 0.9798, 'precision': 0.4667, 'recall': 0.1728, 'f1': 0.2523, 'auc': 0.7972}
train: {'epoch': 81, 'eta': 291283.3235, 'loss': 0.1023, 'lr': 0.001, 'params': 1413905, 'time_iter': 15.1571, 'accuracy': 0.9704, 'precision': 0.7756, 'recall': 0.2946, 'f1': 0.4271, 'auc': 0.8778}
val: {'epoch': 82, 'loss': 0.093, 'lr': 0.001, 'params': 1413905, 'time_iter': 3.1555, 'accuracy': 0.982, 'precision': 0.6207, 'recall': 0.2222, 'f1': 0.3273, 'auc': 0.7946}
train: {'epoch': 82, 'eta': 275076.2552, 'loss': 0.1012, 'lr': 0.001, 'params': 1413905, 'time_iter': 15.6093, 'accuracy': 0.9708, 'precision': 0.7677, 'recall': 0.3166, 'f1': 0.4483, 'auc': 0.8847}
val: {'epoch': 83, 'loss': 0.0962, 'lr': 0.001, 'params': 1413905, 'time_iter': 2.7309, 'accuracy': 0.9818, 'precision': 0.6364, 'recall': 0.1728, 'f1': 0.2718, 'auc': 0.767}
train: {'epoch': 83, 'eta': 258936.2591, 'loss': 0.1004, 'lr': 0.001, 'params': 1413905, 'time_iter': 15.9339, 'accuracy': 0.9712, 'precision': 0.778, 'recall': 0.3214, 'f1': 0.4549, 'auc': 0.8827}
val: {'epoch': 84, 'loss': 0.1045, 'lr': 0.001, 'params': 1413905, 'time_iter': 2.7732, 'accuracy': 0.9818, 'precision': 0.6364, 'recall': 0.1728, 'f1': 0.2718, 'auc': 0.7712}
train: {'epoch': 84, 'eta': 242701.7812, 'loss': 0.1015, 'lr': 0.001, 'params': 1413905, 'time_iter': 15.4468, 'accuracy': 0.9709, 'precision': 0.7691, 'recall': 0.319, 'f1': 0.4509, 'auc': 0.8796}
val: {'epoch': 85, 'loss': 0.0912, 'lr': 0.001, 'params': 1413905, 'time_iter': 3.0081, 'accuracy': 0.9827, 'precision': 0.6923, 'recall': 0.2222, 'f1': 0.3364, 'auc': 0.8049}
train: {'epoch': 85, 'eta': 226493.3746, 'loss': 0.1009, 'lr': 0.001, 'params': 1413905, 'time_iter': 15.5552, 'accuracy': 0.9712, 'precision': 0.7826, 'recall': 0.3214, 'f1': 0.4557, 'auc': 0.8833}
val: {'epoch': 86, 'loss': 0.0972, 'lr': 0.001, 'params': 1413905, 'time_iter': 2.7161, 'accuracy': 0.9805, 'precision': 0.5172, 'recall': 0.1852, 'f1': 0.2727, 'auc': 0.7981}
train: {'epoch': 86, 'eta': 210362.15, 'loss': 0.1008, 'lr': 0.001, 'params': 1413905, 'time_iter': 16.027, 'accuracy': 0.9708, 'precision': 0.7737, 'recall': 0.3109, 'f1': 0.4435, 'auc': 0.8825}
val: {'epoch': 87, 'loss': 0.0984, 'lr': 0.001, 'params': 1413905, 'time_iter': 2.8285, 'accuracy': 0.9798, 'precision': 0.4706, 'recall': 0.1975, 'f1': 0.2783, 'auc': 0.7854}
train: {'epoch': 87, 'eta': 194164.3887, 'loss': 0.1001, 'lr': 0.001, 'params': 1413905, 'time_iter': 15.6112, 'accuracy': 0.9719, 'precision': 0.7876, 'recall': 0.3401, 'f1': 0.4751, 'auc': 0.8843}
val: {'epoch': 88, 'loss': 0.1008, 'lr': 0.001, 'params': 1413905, 'time_iter': 3.1889, 'accuracy': 0.9818, 'precision': 0.6875, 'recall': 0.1358, 'f1': 0.2268, 'auc': 0.7692}
train: {'epoch': 88, 'eta': 177982.1325, 'loss': 0.0998, 'lr': 0.001, 'params': 1413905, 'time_iter': 15.7095, 'accuracy': 0.9708, 'precision': 0.7606, 'recall': 0.3198, 'f1': 0.4503, 'auc': 0.8876}
val: {'epoch': 89, 'loss': 0.098, 'lr': 0.001, 'params': 1413905, 'time_iter': 2.8022, 'accuracy': 0.981, 'precision': 0.5556, 'recall': 0.1852, 'f1': 0.2778, 'auc': 0.786}
train: {'epoch': 89, 'eta': 161793.5386, 'loss': 0.1006, 'lr': 0.001, 'params': 1413905, 'time_iter': 15.6507, 'accuracy': 0.9709, 'precision': 0.7625, 'recall': 0.3231, 'f1': 0.4538, 'auc': 0.8868}
val: {'epoch': 90, 'loss': 0.1036, 'lr': 0.001, 'params': 1413905, 'time_iter': 2.8997, 'accuracy': 0.9818, 'precision': 0.6667, 'recall': 0.1481, 'f1': 0.2424, 'auc': 0.7939}
train: {'epoch': 90, 'eta': 145582.9925, 'loss': 0.0985, 'lr': 0.001, 'params': 1413905, 'time_iter': 15.4169, 'accuracy': 0.9723, 'precision': 0.7923, 'recall': 0.3531, 'f1': 0.4885, 'auc': 0.8892}
val: {'epoch': 91, 'loss': 0.0975, 'lr': 0.001, 'params': 1413905, 'time_iter': 2.6202, 'accuracy': 0.9801, 'precision': 0.4828, 'recall': 0.1728, 'f1': 0.2545, 'auc': 0.7874}
train: {'epoch': 91, 'eta': 129379.1545, 'loss': 0.0998, 'lr': 0.001, 'params': 1413905, 'time_iter': 15.4076, 'accuracy': 0.9713, 'precision': 0.7759, 'recall': 0.3287, 'f1': 0.4618, 'auc': 0.8884}
val: {'epoch': 92, 'loss': 0.0946, 'lr': 0.001, 'params': 1413905, 'time_iter': 2.9244, 'accuracy': 0.982, 'precision': 0.6296, 'recall': 0.2099, 'f1': 0.3148, 'auc': 0.7956}
train: {'epoch': 92, 'eta': 113201.796, 'loss': 0.0984, 'lr': 0.001, 'params': 1413905, 'time_iter': 15.6525, 'accuracy': 0.9718, 'precision': 0.7798, 'recall': 0.345, 'f1': 0.4783, 'auc': 0.89}
val: {'epoch': 93, 'loss': 0.0956, 'lr': 0.001, 'params': 1413905, 'time_iter': 2.9523, 'accuracy': 0.9813, 'precision': 0.5769, 'recall': 0.1852, 'f1': 0.2804, 'auc': 0.7857}
train: {'epoch': 93, 'eta': 97060.6054, 'loss': 0.0977, 'lr': 0.001, 'params': 1413905, 'time_iter': 16.1802, 'accuracy': 0.9718, 'precision': 0.7857, 'recall': 0.3393, 'f1': 0.4739, 'auc': 0.8955}
val: {'epoch': 94, 'loss': 0.0967, 'lr': 0.001, 'params': 1413905, 'time_iter': 2.7143, 'accuracy': 0.981, 'precision': 0.5556, 'recall': 0.1852, 'f1': 0.2778, 'auc': 0.7923}
train: {'epoch': 94, 'eta': 80909.3176, 'loss': 0.0984, 'lr': 0.001, 'params': 1413905, 'time_iter': 16.1913, 'accuracy': 0.971, 'precision': 0.7565, 'recall': 0.3328, 'f1': 0.4622, 'auc': 0.8925}
val: {'epoch': 95, 'loss': 0.1014, 'lr': 0.001, 'params': 1413905, 'time_iter': 2.7975, 'accuracy': 0.9823, 'precision': 0.7857, 'recall': 0.1358, 'f1': 0.2316, 'auc': 0.8013}
train: {'epoch': 95, 'eta': 64711.5491, 'loss': 0.098, 'lr': 0.001, 'params': 1413905, 'time_iter': 15.3549, 'accuracy': 0.9712, 'precision': 0.7688, 'recall': 0.332, 'f1': 0.4637, 'auc': 0.8986}
val: {'epoch': 96, 'loss': 0.1001, 'lr': 0.001, 'params': 1413905, 'time_iter': 2.9014, 'accuracy': 0.9818, 'precision': 0.625, 'recall': 0.1852, 'f1': 0.2857, 'auc': 0.7721}
train: {'epoch': 96, 'eta': 48530.5408, 'loss': 0.0971, 'lr': 0.001, 'params': 1413905, 'time_iter': 15.6239, 'accuracy': 0.9715, 'precision': 0.7673, 'recall': 0.3425, 'f1': 0.4736, 'auc': 0.8995}
val: {'epoch': 97, 'loss': 0.109, 'lr': 0.001, 'params': 1413905, 'time_iter': 2.8629, 'accuracy': 0.9818, 'precision': 0.625, 'recall': 0.1852, 'f1': 0.2857, 'auc': 0.7563}
train: {'epoch': 97, 'eta': 32357.5089, 'loss': 0.0961, 'lr': 0.001, 'params': 1413905, 'time_iter': 15.9026, 'accuracy': 0.9722, 'precision': 0.7825, 'recall': 0.3563, 'f1': 0.4897, 'auc': 0.8992}
val: {'epoch': 98, 'loss': 0.0965, 'lr': 0.001, 'params': 1413905, 'time_iter': 3.0484, 'accuracy': 0.983, 'precision': 0.72, 'recall': 0.2222, 'f1': 0.3396, 'auc': 0.802}
train: {'epoch': 98, 'eta': 16178.9596, 'loss': 0.0958, 'lr': 0.001, 'params': 1413905, 'time_iter': 15.7425, 'accuracy': 0.9717, 'precision': 0.7736, 'recall': 0.3466, 'f1': 0.4787, 'auc': 0.8994}
val: {'epoch': 99, 'loss': 0.0968, 'lr': 0.001, 'params': 1413905, 'time_iter': 2.6456, 'accuracy': 0.9813, 'precision': 0.6, 'recall': 0.1481, 'f1': 0.2376, 'auc': 0.7952}
train: {'epoch': 99, 'eta': 0.0, 'loss': 0.0967, 'lr': 0.001, 'params': 1413905, 'time_iter': 16.1283, 'accuracy': 0.9714, 'precision': 0.7571, 'recall': 0.3466, 'f1': 0.4755, 'auc': 0.8993}
test: {'epoch': 99, 'loss': 0.1629, 'lr': 0.001, 'params': 1413905, 'time_iter': 2.3889, 'accuracy': 0.9691, 'precision': 0.5714, 'recall': 0.0923, 'f1': 0.1589, 'auc': 0.7467}
test: {'epoch': 52, 'loss': 0.1452, 'lr': 0.001, 'params': 1413905, 'time_iter': 2.4109, 'accuracy': 0.9696, 'precision': 0.6, 'recall': 0.1154, 'f1': 0.1935, 'auc': 0.7539}
