GraphGymModule(
  (model): DilatedGNNModel(
    (encoder): FeatureEncoder(
      (node_encoder): AtomEncoder(
        (atom_embedding_list): ModuleList(
          (0): Embedding(119, 300)
          (1): Embedding(4, 300)
          (2): Embedding(12, 300)
          (3): Embedding(12, 300)
          (4): Embedding(10, 300)
          (5): Embedding(6, 300)
          (6): Embedding(6, 300)
          (7): Embedding(2, 300)
          (8): Embedding(2, 300)
        )
      )
      (edge_encoder): BondEncoder(
        (bond_embedding_list): ModuleList(
          (0): Embedding(5, 300)
          (1): Embedding(6, 300)
          (2): Embedding(2, 300)
        )
      )
    )
    (mp): GNNDilatedEdgesFeatureStage(
      (classic_layers): ModuleList(
        (0): GeneralLayer(
          (layer): EGINConv(
            (model): GINEConv(nn=Sequential(
              (0): Linear(300, 300, bias=True)
              (1): ReLU()
              (2): Linear(300, 300, bias=True)
            ))
          )
          (post_layer): Sequential(
            (0): BatchNorm1d(300, eps=1e-05, momentum=0.1, affine=True, track_running_stats=True)
            (1): Dropout(p=0.5, inplace=False)
            (2): ReLU()
          )
        )
      )
      (dilated_layers): ModuleList(
        (0): DilatedGeneralLayer(
          (layer): EGINConv(
            (model): GINEConv(nn=Sequential(
              (0): Linear(300, 300, bias=True)
              (1): ReLU()
              (2): Linear(300, 300, bias=True)
            ))
          )
          (post_layer): Sequential(
            (0): BatchNorm1d(300, eps=1e-05, momentum=0.1, affine=True, track_running_stats=True)
            (1): Dropout(p=0.5, inplace=False)
            (2): ReLU()
          )
          (gem): GeM(p=3.0000, eps=1e-06)
        )
      )
      (act): ReLU()
    )
    (post_mp): GNNGraphHead(
      (layer_post_mp): MLP(
        (model): Sequential(
          (0): Linear(
            (model): Linear(600, 1, bias=True)
          )
        )
      )
    )
  )
)
accelerator: cuda
benchmark: False
bn:
  eps: 1e-05
  mom: 0.1
cfg_dest: config.yaml
custom_metrics: []
dataset:
  cache_load: False
  cache_save: False
  dir: ./datasets
  edge_dim: 300
  edge_encoder: True
  edge_encoder_bn: False
  edge_encoder_name: Bond
  edge_message_ratio: 0.8
  edge_negative_sampling_ratio: 1.0
  edge_train_mode: all
  encoder: True
  encoder_bn: True
  encoder_dim: 128
  encoder_name: db
  fast_loader: False
  format: OGB
  label_column: none
  label_table: none
  location: local
  name: ogbg-molhiv
  node_encoder: True
  node_encoder_bn: False
  node_encoder_name: Atom
  remove_feature: False
  resample_disjoint: False
  resample_negative: False
  shuffle_split: True
  split: [0.8, 0.1, 0.1]
  split_mode: random
  task: graph
  task_type: classification
  to_undirected: False
  transductive: False
  transform: none
  tu_simple: True
devices: 1
gnn:
  act: relu
  act_on_last_layer_mp: False
  agg: none
  att_final_linear: False
  att_final_linear_bn: False
  att_heads: 1
  batchnorm: True
  clear_feature: True
  dim_inner: 300
  dropout: 0.5
  head: graph
  keep_edge: 0.5
  l2norm: True
  layer_type: eginconv
  layers_k1: 1
  layers_k2: 1
  layers_mp: 5
  layers_post_mp: 1
  layers_pre_mp: 0
  msg_direction: single
  normalize_adj: False
  self_msg: concat
  skip_every: 1
  stage_type: dilated_stage
  use_edge_features: True
gpu_mem: False
mem:
  inplace: False
metric_agg: argmax
metric_best: auc
model:
  edge_decoding: dot
  graph_pooling: mean
  loss_fun: cross_entropy
  match_upper: True
  size_average: mean
  thresh: 0.5
  type: dilated_gnn
num_threads: 6
num_workers: 16
optim:
  base_lr: 0.001
  lr_decay: 0.1
  max_epoch: 100
  momentum: 0.9
  optimizer: adam
  scheduler: none
  steps: [30, 60, 90]
  weight_decay: 0.0
out_dir: results_experiments/ogbg_molhiv_baseline_grid_comparison/ogbg_molhiv_baseline-type=dilated_gnn-stage_type=dilated_stage-layer_type=eginconv-layers_k1=1-layers_k2=1-act_on_last_layer_mp=False
params: 599403
print: both
round: 4
run_dir: results_experiments/ogbg_molhiv_baseline_grid_comparison/ogbg_molhiv_baseline-type=dilated_gnn-stage_type=dilated_stage-layer_type=eginconv-layers_k1=1-layers_k2=1-act_on_last_layer_mp=False/4
seed: 5
share:
  dim_in: 9
  dim_out: 2
  num_splits: 3
tensorboard_agg: True
tensorboard_each_run: False
train:
  auto_resume: False
  batch_size: 32
  ckpt_clean: True
  ckpt_period: 100
  enable_ckpt: True
  epoch_resume: -1
  eval_period: 1
  iter_per_epoch: 32
  neighbor_sizes: [20, 15, 10, 5]
  node_per_graph: 32
  radius: extend
  sample_node: False
  sampler: full_batch
  skip_train_eval: False
  walk_length: 4
val:
  node_per_graph: 32
  radius: extend
  sample_node: False
  sampler: full_batch
view_emb: False
Num parameters: 599403
val: {'epoch': 0, 'loss': 0.6896, 'lr': 0.001, 'params': 599403, 'time_iter': 1.0106, 'accuracy': 0.9062, 'precision': 0.1429, 'recall': 1.0, 'f1': 0.25, 'auc': 0.9048}
val: {'epoch': 0, 'loss': 0.0997, 'lr': 0.001, 'params': 599403, 'time_iter': 1.3482, 'accuracy': 0.9803, 'precision': 0.0, 'recall': 0.0, 'f1': 0.0, 'auc': 0.5901}
train: {'epoch': 0, 'eta': 1014596.6531, 'loss': 0.1859, 'lr': 0.001, 'params': 599403, 'time_iter': 9.9596, 'accuracy': 0.9605, 'precision': 0.0658, 'recall': 0.0041, 'f1': 0.0076, 'auc': 0.5577}
val: {'epoch': 1, 'loss': 0.0958, 'lr': 0.001, 'params': 599403, 'time_iter': 1.3374, 'accuracy': 0.9803, 'precision': 0.0, 'recall': 0.0, 'f1': 0.0, 'auc': 0.5818}
train: {'epoch': 1, 'eta': 999930.4511, 'loss': 0.1555, 'lr': 0.001, 'params': 599403, 'time_iter': 9.872, 'accuracy': 0.9626, 'precision': 0.0, 'recall': 0.0, 'f1': 0.0, 'auc': 0.6433}
val: {'epoch': 2, 'loss': 0.0948, 'lr': 0.001, 'params': 599403, 'time_iter': 1.8314, 'accuracy': 0.9803, 'precision': 0.0, 'recall': 0.0, 'f1': 0.0, 'auc': 0.6252}
train: {'epoch': 2, 'eta': 982342.8304, 'loss': 0.1551, 'lr': 0.001, 'params': 599403, 'time_iter': 9.6939, 'accuracy': 0.9626, 'precision': 0.0, 'recall': 0.0, 'f1': 0.0, 'auc': 0.6414}
val: {'epoch': 3, 'loss': 0.0933, 'lr': 0.001, 'params': 599403, 'time_iter': 1.4044, 'accuracy': 0.9803, 'precision': 0.0, 'recall': 0.0, 'f1': 0.0, 'auc': 0.633}
train: {'epoch': 3, 'eta': 980946.8634, 'loss': 0.1522, 'lr': 0.001, 'params': 599403, 'time_iter': 10.1954, 'accuracy': 0.9625, 'precision': 0.0, 'recall': 0.0, 'f1': 0.0, 'auc': 0.6803}
val: {'epoch': 4, 'loss': 0.0917, 'lr': 0.001, 'params': 599403, 'time_iter': 1.3501, 'accuracy': 0.9803, 'precision': 0.0, 'recall': 0.0, 'f1': 0.0, 'auc': 0.6903}
train: {'epoch': 4, 'eta': 972363.7521, 'loss': 0.1497, 'lr': 0.001, 'params': 599403, 'time_iter': 10.0139, 'accuracy': 0.9625, 'precision': 0.0, 'recall': 0.0, 'f1': 0.0, 'auc': 0.7028}
val: {'epoch': 5, 'loss': 0.0918, 'lr': 0.001, 'params': 599403, 'time_iter': 1.5573, 'accuracy': 0.9803, 'precision': 0.0, 'recall': 0.0, 'f1': 0.0, 'auc': 0.7}
train: {'epoch': 5, 'eta': 957774.2347, 'loss': 0.1474, 'lr': 0.001, 'params': 599403, 'time_iter': 9.6769, 'accuracy': 0.9625, 'precision': 0.3333, 'recall': 0.0008, 'f1': 0.0016, 'auc': 0.7127}
val: {'epoch': 6, 'loss': 0.0896, 'lr': 0.001, 'params': 599403, 'time_iter': 1.4306, 'accuracy': 0.9808, 'precision': 0.625, 'recall': 0.0617, 'f1': 0.1124, 'auc': 0.7282}
train: {'epoch': 6, 'eta': 946506.5484, 'loss': 0.1447, 'lr': 0.001, 'params': 599403, 'time_iter': 9.823, 'accuracy': 0.9624, 'precision': 0.3333, 'recall': 0.0032, 'f1': 0.0064, 'auc': 0.727}
val: {'epoch': 7, 'loss': 0.0837, 'lr': 0.001, 'params': 599403, 'time_iter': 1.4176, 'accuracy': 0.9803, 'precision': 0.0, 'recall': 0.0, 'f1': 0.0, 'auc': 0.7649}
train: {'epoch': 7, 'eta': 933408.8051, 'loss': 0.1407, 'lr': 0.001, 'params': 599403, 'time_iter': 9.6439, 'accuracy': 0.9624, 'precision': 0.4074, 'recall': 0.0089, 'f1': 0.0175, 'auc': 0.7414}
val: {'epoch': 8, 'loss': 0.0851, 'lr': 0.001, 'params': 599403, 'time_iter': 1.3516, 'accuracy': 0.9796, 'precision': 0.44, 'recall': 0.1358, 'f1': 0.2075, 'auc': 0.7764}
train: {'epoch': 8, 'eta': 921161.6135, 'loss': 0.1391, 'lr': 0.001, 'params': 599403, 'time_iter': 9.6578, 'accuracy': 0.9625, 'precision': 0.4848, 'recall': 0.013, 'f1': 0.0253, 'auc': 0.7494}
val: {'epoch': 9, 'loss': 0.085, 'lr': 0.001, 'params': 599403, 'time_iter': 1.33, 'accuracy': 0.9805, 'precision': 0.5217, 'recall': 0.1481, 'f1': 0.2308, 'auc': 0.7374}
train: {'epoch': 9, 'eta': 911801.659, 'loss': 0.136, 'lr': 0.001, 'params': 599403, 'time_iter': 9.9197, 'accuracy': 0.9623, 'precision': 0.4255, 'recall': 0.0162, 'f1': 0.0313, 'auc': 0.7642}
val: {'epoch': 10, 'loss': 0.083, 'lr': 0.001, 'params': 599403, 'time_iter': 1.4145, 'accuracy': 0.9813, 'precision': 0.6667, 'recall': 0.0988, 'f1': 0.172, 'auc': 0.779}
train: {'epoch': 10, 'eta': 900770.9882, 'loss': 0.1351, 'lr': 0.001, 'params': 599403, 'time_iter': 9.7376, 'accuracy': 0.9624, 'precision': 0.4528, 'recall': 0.0195, 'f1': 0.0374, 'auc': 0.7694}
val: {'epoch': 11, 'loss': 0.0775, 'lr': 0.001, 'params': 599403, 'time_iter': 1.3645, 'accuracy': 0.981, 'precision': 0.6154, 'recall': 0.0988, 'f1': 0.1702, 'auc': 0.7708}
train: {'epoch': 11, 'eta': 890643.0445, 'loss': 0.1331, 'lr': 0.001, 'params': 599403, 'time_iter': 9.8349, 'accuracy': 0.9631, 'precision': 0.6154, 'recall': 0.039, 'f1': 0.0733, 'auc': 0.7761}
val: {'epoch': 12, 'loss': 0.0787, 'lr': 0.001, 'params': 599403, 'time_iter': 1.7135, 'accuracy': 0.981, 'precision': 0.5882, 'recall': 0.1235, 'f1': 0.2041, 'auc': 0.7595}
train: {'epoch': 12, 'eta': 879139.5091, 'loss': 0.1308, 'lr': 0.001, 'params': 599403, 'time_iter': 9.6349, 'accuracy': 0.9633, 'precision': 0.6211, 'recall': 0.0479, 'f1': 0.0889, 'auc': 0.7863}
val: {'epoch': 13, 'loss': 0.0849, 'lr': 0.001, 'params': 599403, 'time_iter': 1.4514, 'accuracy': 0.9776, 'precision': 0.3429, 'recall': 0.1481, 'f1': 0.2069, 'auc': 0.7596}
train: {'epoch': 13, 'eta': 871030.7517, 'loss': 0.1298, 'lr': 0.001, 'params': 599403, 'time_iter': 10.1361, 'accuracy': 0.9633, 'precision': 0.6161, 'recall': 0.056, 'f1': 0.1027, 'auc': 0.7882}
val: {'epoch': 14, 'loss': 0.0788, 'lr': 0.001, 'params': 599403, 'time_iter': 1.3408, 'accuracy': 0.9805, 'precision': 0.5556, 'recall': 0.0617, 'f1': 0.1111, 'auc': 0.7692}
train: {'epoch': 14, 'eta': 860124.5138, 'loss': 0.1282, 'lr': 0.001, 'params': 599403, 'time_iter': 9.7094, 'accuracy': 0.9631, 'precision': 0.5738, 'recall': 0.0568, 'f1': 0.1034, 'auc': 0.7966}
val: {'epoch': 15, 'loss': 0.0834, 'lr': 0.001, 'params': 599403, 'time_iter': 1.4377, 'accuracy': 0.9798, 'precision': 0.4375, 'recall': 0.0864, 'f1': 0.1443, 'auc': 0.7822}
train: {'epoch': 15, 'eta': 849415.5688, 'loss': 0.1268, 'lr': 0.001, 'params': 599403, 'time_iter': 9.7247, 'accuracy': 0.9636, 'precision': 0.6065, 'recall': 0.0763, 'f1': 0.1355, 'auc': 0.8014}
val: {'epoch': 16, 'loss': 0.0853, 'lr': 0.001, 'params': 599403, 'time_iter': 1.3896, 'accuracy': 0.9784, 'precision': 0.3667, 'recall': 0.1358, 'f1': 0.1982, 'auc': 0.7322}
train: {'epoch': 16, 'eta': 839569.9904, 'loss': 0.1259, 'lr': 0.001, 'params': 599403, 'time_iter': 9.8802, 'accuracy': 0.9643, 'precision': 0.6939, 'recall': 0.0828, 'f1': 0.1479, 'auc': 0.8025}
val: {'epoch': 17, 'loss': 0.0775, 'lr': 0.001, 'params': 599403, 'time_iter': 1.3246, 'accuracy': 0.9805, 'precision': 0.5238, 'recall': 0.1358, 'f1': 0.2157, 'auc': 0.7745}
train: {'epoch': 17, 'eta': 829238.5323, 'loss': 0.1247, 'lr': 0.001, 'params': 599403, 'time_iter': 9.7841, 'accuracy': 0.9643, 'precision': 0.6528, 'recall': 0.1023, 'f1': 0.1768, 'auc': 0.8083}
val: {'epoch': 18, 'loss': 0.0754, 'lr': 0.001, 'params': 599403, 'time_iter': 1.4334, 'accuracy': 0.9823, 'precision': 0.6538, 'recall': 0.2099, 'f1': 0.3178, 'auc': 0.7798}
train: {'epoch': 18, 'eta': 818582.8779, 'loss': 0.1235, 'lr': 0.001, 'params': 599403, 'time_iter': 9.7039, 'accuracy': 0.964, 'precision': 0.6176, 'recall': 0.1023, 'f1': 0.1755, 'auc': 0.8106}
val: {'epoch': 19, 'loss': 0.0772, 'lr': 0.001, 'params': 599403, 'time_iter': 1.4411, 'accuracy': 0.9808, 'precision': 0.5417, 'recall': 0.1605, 'f1': 0.2476, 'auc': 0.7879}
train: {'epoch': 19, 'eta': 808823.3409, 'loss': 0.1223, 'lr': 0.001, 'params': 599403, 'time_iter': 9.9053, 'accuracy': 0.9648, 'precision': 0.6652, 'recall': 0.1226, 'f1': 0.207, 'auc': 0.8127}
val: {'epoch': 20, 'loss': 0.0779, 'lr': 0.001, 'params': 599403, 'time_iter': 1.3913, 'accuracy': 0.9818, 'precision': 0.5882, 'recall': 0.2469, 'f1': 0.3478, 'auc': 0.777}
train: {'epoch': 20, 'eta': 798575.0727, 'loss': 0.1212, 'lr': 0.001, 'params': 599403, 'time_iter': 9.7897, 'accuracy': 0.9652, 'precision': 0.6864, 'recall': 0.1315, 'f1': 0.2207, 'auc': 0.8203}
val: {'epoch': 21, 'loss': 0.0779, 'lr': 0.001, 'params': 599403, 'time_iter': 1.4288, 'accuracy': 0.9823, 'precision': 0.6538, 'recall': 0.2099, 'f1': 0.3178, 'auc': 0.7738}
train: {'epoch': 21, 'eta': 788326.9245, 'loss': 0.1205, 'lr': 0.001, 'params': 599403, 'time_iter': 9.7854, 'accuracy': 0.965, 'precision': 0.6525, 'recall': 0.1372, 'f1': 0.2267, 'auc': 0.8181}
val: {'epoch': 22, 'loss': 0.0805, 'lr': 0.001, 'params': 599403, 'time_iter': 1.6752, 'accuracy': 0.9798, 'precision': 0.4615, 'recall': 0.1481, 'f1': 0.2243, 'auc': 0.7906}
train: {'epoch': 22, 'eta': 778140.2352, 'loss': 0.1192, 'lr': 0.001, 'params': 599403, 'time_iter': 9.7987, 'accuracy': 0.9655, 'precision': 0.6805, 'recall': 0.1469, 'f1': 0.2417, 'auc': 0.826}
val: {'epoch': 23, 'loss': 0.0798, 'lr': 0.001, 'params': 599403, 'time_iter': 1.3235, 'accuracy': 0.9808, 'precision': 0.5312, 'recall': 0.2099, 'f1': 0.3009, 'auc': 0.7808}
train: {'epoch': 23, 'eta': 768404.4784, 'loss': 0.1183, 'lr': 0.001, 'params': 599403, 'time_iter': 9.9344, 'accuracy': 0.9657, 'precision': 0.6804, 'recall': 0.1607, 'f1': 0.26, 'auc': 0.8302}
val: {'epoch': 24, 'loss': 0.0775, 'lr': 0.001, 'params': 599403, 'time_iter': 1.3063, 'accuracy': 0.983, 'precision': 0.6279, 'recall': 0.3333, 'f1': 0.4355, 'auc': 0.7674}
train: {'epoch': 24, 'eta': 758000.2787, 'loss': 0.1171, 'lr': 0.001, 'params': 599403, 'time_iter': 9.7305, 'accuracy': 0.966, 'precision': 0.6817, 'recall': 0.1721, 'f1': 0.2748, 'auc': 0.8304}
val: {'epoch': 25, 'loss': 0.0763, 'lr': 0.001, 'params': 599403, 'time_iter': 1.3809, 'accuracy': 0.9825, 'precision': 0.6286, 'recall': 0.2716, 'f1': 0.3793, 'auc': 0.7781}
train: {'epoch': 25, 'eta': 747556.0758, 'loss': 0.1169, 'lr': 0.001, 'params': 599403, 'time_iter': 9.7066, 'accuracy': 0.9656, 'precision': 0.6735, 'recall': 0.1591, 'f1': 0.2574, 'auc': 0.8346}
val: {'epoch': 26, 'loss': 0.0767, 'lr': 0.001, 'params': 599403, 'time_iter': 1.3841, 'accuracy': 0.9825, 'precision': 0.6, 'recall': 0.3333, 'f1': 0.4286, 'auc': 0.7838}
train: {'epoch': 26, 'eta': 737656.5695, 'loss': 0.116, 'lr': 0.001, 'params': 599403, 'time_iter': 9.8902, 'accuracy': 0.9664, 'precision': 0.6918, 'recall': 0.1859, 'f1': 0.293, 'auc': 0.8391}
val: {'epoch': 27, 'loss': 0.0825, 'lr': 0.001, 'params': 599403, 'time_iter': 1.3576, 'accuracy': 0.9791, 'precision': 0.459, 'recall': 0.3457, 'f1': 0.3944, 'auc': 0.7854}
train: {'epoch': 27, 'eta': 727612.7527, 'loss': 0.1161, 'lr': 0.001, 'params': 599403, 'time_iter': 9.8432, 'accuracy': 0.9664, 'precision': 0.6988, 'recall': 0.1826, 'f1': 0.2896, 'auc': 0.8348}
val: {'epoch': 28, 'loss': 0.0756, 'lr': 0.001, 'params': 599403, 'time_iter': 1.4377, 'accuracy': 0.9813, 'precision': 0.5667, 'recall': 0.2099, 'f1': 0.3063, 'auc': 0.7987}
train: {'epoch': 28, 'eta': 718269.3904, 'loss': 0.1157, 'lr': 0.001, 'params': 599403, 'time_iter': 10.1235, 'accuracy': 0.9666, 'precision': 0.7157, 'recall': 0.1778, 'f1': 0.2848, 'auc': 0.8346}
val: {'epoch': 29, 'loss': 0.0766, 'lr': 0.001, 'params': 599403, 'time_iter': 1.9459, 'accuracy': 0.9815, 'precision': 0.5758, 'recall': 0.2346, 'f1': 0.3333, 'auc': 0.7874}
train: {'epoch': 29, 'eta': 707761.3719, 'loss': 0.1139, 'lr': 0.001, 'params': 599403, 'time_iter': 9.6683, 'accuracy': 0.9665, 'precision': 0.696, 'recall': 0.1859, 'f1': 0.2934, 'auc': 0.844}
val: {'epoch': 30, 'loss': 0.0888, 'lr': 0.001, 'params': 599403, 'time_iter': 1.3613, 'accuracy': 0.9781, 'precision': 0.3448, 'recall': 0.1235, 'f1': 0.1818, 'auc': 0.7728}
train: {'epoch': 30, 'eta': 697961.4406, 'loss': 0.1134, 'lr': 0.001, 'params': 599403, 'time_iter': 9.9617, 'accuracy': 0.9667, 'precision': 0.7029, 'recall': 0.194, 'f1': 0.3041, 'auc': 0.848}
val: {'epoch': 31, 'loss': 0.0822, 'lr': 0.001, 'params': 599403, 'time_iter': 1.3049, 'accuracy': 0.9796, 'precision': 0.4444, 'recall': 0.1481, 'f1': 0.2222, 'auc': 0.7838}
train: {'epoch': 31, 'eta': 687599.279, 'loss': 0.1137, 'lr': 0.001, 'params': 599403, 'time_iter': 9.7174, 'accuracy': 0.9672, 'precision': 0.7143, 'recall': 0.207, 'f1': 0.321, 'auc': 0.8459}
val: {'epoch': 32, 'loss': 0.0777, 'lr': 0.001, 'params': 599403, 'time_iter': 1.3535, 'accuracy': 0.981, 'precision': 0.5789, 'recall': 0.1358, 'f1': 0.22, 'auc': 0.7996}
train: {'epoch': 32, 'eta': 677046.2, 'loss': 0.1131, 'lr': 0.001, 'params': 599403, 'time_iter': 9.6155, 'accuracy': 0.9669, 'precision': 0.6935, 'recall': 0.2094, 'f1': 0.3217, 'auc': 0.8464}
val: {'epoch': 33, 'loss': 0.079, 'lr': 0.001, 'params': 599403, 'time_iter': 1.3277, 'accuracy': 0.9827, 'precision': 0.6471, 'recall': 0.2716, 'f1': 0.3826, 'auc': 0.7622}
train: {'epoch': 33, 'eta': 667488.7456, 'loss': 0.1123, 'lr': 0.001, 'params': 599403, 'time_iter': 10.0946, 'accuracy': 0.9669, 'precision': 0.7057, 'recall': 0.2005, 'f1': 0.3123, 'auc': 0.8521}
val: {'epoch': 34, 'loss': 0.0836, 'lr': 0.001, 'params': 599403, 'time_iter': 1.3638, 'accuracy': 0.9808, 'precision': 0.5263, 'recall': 0.2469, 'f1': 0.3361, 'auc': 0.7725}
train: {'epoch': 34, 'eta': 657295.9859, 'loss': 0.1106, 'lr': 0.001, 'params': 599403, 'time_iter': 9.7869, 'accuracy': 0.9676, 'precision': 0.7203, 'recall': 0.2216, 'f1': 0.3389, 'auc': 0.8566}
val: {'epoch': 35, 'loss': 0.0818, 'lr': 0.001, 'params': 599403, 'time_iter': 1.3593, 'accuracy': 0.982, 'precision': 0.6522, 'recall': 0.1852, 'f1': 0.2885, 'auc': 0.7574}
train: {'epoch': 35, 'eta': 647048.0947, 'loss': 0.1108, 'lr': 0.001, 'params': 599403, 'time_iter': 9.7531, 'accuracy': 0.9669, 'precision': 0.6946, 'recall': 0.2086, 'f1': 0.3208, 'auc': 0.8553}
val: {'epoch': 36, 'loss': 0.0768, 'lr': 0.001, 'params': 599403, 'time_iter': 1.7282, 'accuracy': 0.9818, 'precision': 0.5882, 'recall': 0.2469, 'f1': 0.3478, 'auc': 0.785}
train: {'epoch': 36, 'eta': 637052.6995, 'loss': 0.1105, 'lr': 0.001, 'params': 599403, 'time_iter': 9.8907, 'accuracy': 0.9674, 'precision': 0.7079, 'recall': 0.2183, 'f1': 0.3337, 'auc': 0.8555}
val: {'epoch': 37, 'loss': 0.0832, 'lr': 0.001, 'params': 599403, 'time_iter': 1.4288, 'accuracy': 0.9805, 'precision': 0.5217, 'recall': 0.1481, 'f1': 0.2308, 'auc': 0.7754}
train: {'epoch': 37, 'eta': 627544.3441, 'loss': 0.1096, 'lr': 0.001, 'params': 599403, 'time_iter': 10.1865, 'accuracy': 0.9683, 'precision': 0.7333, 'recall': 0.2411, 'f1': 0.3629, 'auc': 0.8546}
val: {'epoch': 38, 'loss': 0.0791, 'lr': 0.001, 'params': 599403, 'time_iter': 1.3634, 'accuracy': 0.9815, 'precision': 0.6316, 'recall': 0.1481, 'f1': 0.24, 'auc': 0.7843}
train: {'epoch': 38, 'eta': 616749.1041, 'loss': 0.1089, 'lr': 0.001, 'params': 599403, 'time_iter': 9.4179, 'accuracy': 0.968, 'precision': 0.7157, 'recall': 0.2411, 'f1': 0.3607, 'auc': 0.866}
val: {'epoch': 39, 'loss': 0.0832, 'lr': 0.001, 'params': 599403, 'time_iter': 1.4493, 'accuracy': 0.9803, 'precision': 0.5, 'recall': 0.2963, 'f1': 0.3721, 'auc': 0.7771}
train: {'epoch': 39, 'eta': 606416.3308, 'loss': 0.109, 'lr': 0.001, 'params': 599403, 'time_iter': 9.6818, 'accuracy': 0.9679, 'precision': 0.7085, 'recall': 0.2427, 'f1': 0.3615, 'auc': 0.8624}
val: {'epoch': 40, 'loss': 0.0826, 'lr': 0.001, 'params': 599403, 'time_iter': 1.2983, 'accuracy': 0.9803, 'precision': 0.5, 'recall': 0.1852, 'f1': 0.2703, 'auc': 0.7882}
train: {'epoch': 40, 'eta': 596604.5842, 'loss': 0.108, 'lr': 0.001, 'params': 599403, 'time_iter': 10.0215, 'accuracy': 0.9682, 'precision': 0.7173, 'recall': 0.2492, 'f1': 0.3699, 'auc': 0.8654}
val: {'epoch': 41, 'loss': 0.0853, 'lr': 0.001, 'params': 599403, 'time_iter': 1.3757, 'accuracy': 0.9798, 'precision': 0.4828, 'recall': 0.3457, 'f1': 0.4029, 'auc': 0.7753}
train: {'epoch': 41, 'eta': 586198.3679, 'loss': 0.1062, 'lr': 0.001, 'params': 599403, 'time_iter': 9.6199, 'accuracy': 0.9685, 'precision': 0.7245, 'recall': 0.2541, 'f1': 0.3762, 'auc': 0.8714}
val: {'epoch': 42, 'loss': 0.0833, 'lr': 0.001, 'params': 599403, 'time_iter': 1.3771, 'accuracy': 0.9803, 'precision': 0.5, 'recall': 0.3086, 'f1': 0.3817, 'auc': 0.788}
train: {'epoch': 42, 'eta': 576017.3682, 'loss': 0.1067, 'lr': 0.001, 'params': 599403, 'time_iter': 9.7677, 'accuracy': 0.9691, 'precision': 0.7405, 'recall': 0.2687, 'f1': 0.3943, 'auc': 0.8687}
val: {'epoch': 43, 'loss': 0.089, 'lr': 0.001, 'params': 599403, 'time_iter': 1.8631, 'accuracy': 0.9796, 'precision': 0.44, 'recall': 0.1358, 'f1': 0.2075, 'auc': 0.7711}
train: {'epoch': 43, 'eta': 565768.7801, 'loss': 0.1066, 'lr': 0.001, 'params': 599403, 'time_iter': 9.7116, 'accuracy': 0.9684, 'precision': 0.7025, 'recall': 0.2703, 'f1': 0.3904, 'auc': 0.8715}
val: {'epoch': 44, 'loss': 0.0805, 'lr': 0.001, 'params': 599403, 'time_iter': 1.385, 'accuracy': 0.982, 'precision': 0.5897, 'recall': 0.284, 'f1': 0.3833, 'auc': 0.7913}
train: {'epoch': 44, 'eta': 555512.6933, 'loss': 0.106, 'lr': 0.001, 'params': 599403, 'time_iter': 9.6966, 'accuracy': 0.9693, 'precision': 0.7456, 'recall': 0.2735, 'f1': 0.4002, 'auc': 0.8701}
val: {'epoch': 45, 'loss': 0.0801, 'lr': 0.001, 'params': 599403, 'time_iter': 1.3959, 'accuracy': 0.9808, 'precision': 0.5333, 'recall': 0.1975, 'f1': 0.2883, 'auc': 0.803}
train: {'epoch': 45, 'eta': 545145.5861, 'loss': 0.1056, 'lr': 0.001, 'params': 599403, 'time_iter': 9.5946, 'accuracy': 0.9685, 'precision': 0.7178, 'recall': 0.2622, 'f1': 0.3841, 'auc': 0.8765}
val: {'epoch': 46, 'loss': 0.0784, 'lr': 0.001, 'params': 599403, 'time_iter': 1.4204, 'accuracy': 0.9813, 'precision': 0.6, 'recall': 0.1481, 'f1': 0.2376, 'auc': 0.7904}
train: {'epoch': 46, 'eta': 535075.6257, 'loss': 0.1054, 'lr': 0.001, 'params': 599403, 'time_iter': 9.8326, 'accuracy': 0.9696, 'precision': 0.7422, 'recall': 0.2898, 'f1': 0.4168, 'auc': 0.8733}
val: {'epoch': 47, 'loss': 0.0852, 'lr': 0.001, 'params': 599403, 'time_iter': 1.3746, 'accuracy': 0.9813, 'precision': 0.5526, 'recall': 0.2593, 'f1': 0.3529, 'auc': 0.7739}
train: {'epoch': 47, 'eta': 524889.7247, 'loss': 0.1047, 'lr': 0.001, 'params': 599403, 'time_iter': 9.7304, 'accuracy': 0.9697, 'precision': 0.7489, 'recall': 0.2857, 'f1': 0.4136, 'auc': 0.8746}
val: {'epoch': 48, 'loss': 0.0808, 'lr': 0.001, 'params': 599403, 'time_iter': 1.44, 'accuracy': 0.9818, 'precision': 0.5789, 'recall': 0.2716, 'f1': 0.3697, 'auc': 0.7786}
train: {'epoch': 48, 'eta': 515027.3708, 'loss': 0.103, 'lr': 0.001, 'params': 599403, 'time_iter': 10.0259, 'accuracy': 0.9696, 'precision': 0.7411, 'recall': 0.2881, 'f1': 0.415, 'auc': 0.8812}
val: {'epoch': 49, 'loss': 0.0799, 'lr': 0.001, 'params': 599403, 'time_iter': 1.4018, 'accuracy': 0.9818, 'precision': 0.6154, 'recall': 0.1975, 'f1': 0.2991, 'auc': 0.7939}
train: {'epoch': 49, 'eta': 505041.4164, 'loss': 0.1042, 'lr': 0.001, 'params': 599403, 'time_iter': 9.9234, 'accuracy': 0.9693, 'precision': 0.7376, 'recall': 0.2784, 'f1': 0.4042, 'auc': 0.875}
val: {'epoch': 50, 'loss': 0.0827, 'lr': 0.001, 'params': 599403, 'time_iter': 1.3393, 'accuracy': 0.9798, 'precision': 0.4706, 'recall': 0.1975, 'f1': 0.2783, 'auc': 0.7703}
train: {'epoch': 50, 'eta': 494839.7331, 'loss': 0.1022, 'lr': 0.001, 'params': 599403, 'time_iter': 9.7141, 'accuracy': 0.9704, 'precision': 0.7665, 'recall': 0.3011, 'f1': 0.4324, 'auc': 0.88}
val: {'epoch': 51, 'loss': 0.0841, 'lr': 0.001, 'params': 599403, 'time_iter': 1.3775, 'accuracy': 0.9803, 'precision': 0.5, 'recall': 0.1975, 'f1': 0.2832, 'auc': 0.7758}
train: {'epoch': 51, 'eta': 484827.7023, 'loss': 0.1022, 'lr': 0.001, 'params': 599403, 'time_iter': 9.9055, 'accuracy': 0.9692, 'precision': 0.7189, 'recall': 0.2906, 'f1': 0.4139, 'auc': 0.8854}
val: {'epoch': 52, 'loss': 0.082, 'lr': 0.001, 'params': 599403, 'time_iter': 1.4411, 'accuracy': 0.9813, 'precision': 0.5556, 'recall': 0.2469, 'f1': 0.3419, 'auc': 0.7903}
train: {'epoch': 52, 'eta': 474781.645, 'loss': 0.1018, 'lr': 0.001, 'params': 599403, 'time_iter': 9.8757, 'accuracy': 0.9702, 'precision': 0.753, 'recall': 0.3019, 'f1': 0.4311, 'auc': 0.8849}
val: {'epoch': 53, 'loss': 0.0811, 'lr': 0.001, 'params': 599403, 'time_iter': 1.6091, 'accuracy': 0.981, 'precision': 0.5455, 'recall': 0.2222, 'f1': 0.3158, 'auc': 0.7914}
train: {'epoch': 53, 'eta': 464720.2024, 'loss': 0.1019, 'lr': 0.001, 'params': 599403, 'time_iter': 9.863, 'accuracy': 0.9697, 'precision': 0.7388, 'recall': 0.2938, 'f1': 0.4204, 'auc': 0.8847}
val: {'epoch': 54, 'loss': 0.0888, 'lr': 0.001, 'params': 599403, 'time_iter': 1.4031, 'accuracy': 0.9784, 'precision': 0.4048, 'recall': 0.2099, 'f1': 0.2764, 'auc': 0.7707}
train: {'epoch': 54, 'eta': 454609.143, 'loss': 0.1002, 'lr': 0.001, 'params': 599403, 'time_iter': 9.8079, 'accuracy': 0.9704, 'precision': 0.7505, 'recall': 0.3125, 'f1': 0.4413, 'auc': 0.8894}
val: {'epoch': 55, 'loss': 0.0839, 'lr': 0.001, 'params': 599403, 'time_iter': 1.3977, 'accuracy': 0.9801, 'precision': 0.4848, 'recall': 0.1975, 'f1': 0.2807, 'auc': 0.7765}
train: {'epoch': 55, 'eta': 444389.9319, 'loss': 0.1, 'lr': 0.001, 'params': 599403, 'time_iter': 9.6733, 'accuracy': 0.9701, 'precision': 0.7403, 'recall': 0.3101, 'f1': 0.4371, 'auc': 0.8909}
val: {'epoch': 56, 'loss': 0.0808, 'lr': 0.001, 'params': 599403, 'time_iter': 1.3854, 'accuracy': 0.9798, 'precision': 0.4706, 'recall': 0.1975, 'f1': 0.2783, 'auc': 0.7944}
train: {'epoch': 56, 'eta': 434314.3637, 'loss': 0.0996, 'lr': 0.001, 'params': 599403, 'time_iter': 9.8463, 'accuracy': 0.9702, 'precision': 0.7437, 'recall': 0.3109, 'f1': 0.4385, 'auc': 0.8927}
val: {'epoch': 57, 'loss': 0.0851, 'lr': 0.001, 'params': 599403, 'time_iter': 1.3072, 'accuracy': 0.9808, 'precision': 0.5417, 'recall': 0.1605, 'f1': 0.2476, 'auc': 0.7906}
train: {'epoch': 57, 'eta': 424281.9989, 'loss': 0.0999, 'lr': 0.001, 'params': 599403, 'time_iter': 9.9069, 'accuracy': 0.9705, 'precision': 0.7365, 'recall': 0.3312, 'f1': 0.4569, 'auc': 0.8898}
val: {'epoch': 58, 'loss': 0.0864, 'lr': 0.001, 'params': 599403, 'time_iter': 1.3673, 'accuracy': 0.9796, 'precision': 0.4595, 'recall': 0.2099, 'f1': 0.2881, 'auc': 0.7745}
train: {'epoch': 58, 'eta': 414131.4472, 'loss': 0.0992, 'lr': 0.001, 'params': 599403, 'time_iter': 9.7493, 'accuracy': 0.9707, 'precision': 0.7602, 'recall': 0.319, 'f1': 0.4494, 'auc': 0.8934}
val: {'epoch': 59, 'loss': 0.0823, 'lr': 0.001, 'params': 599403, 'time_iter': 1.4773, 'accuracy': 0.9801, 'precision': 0.4872, 'recall': 0.2346, 'f1': 0.3167, 'auc': 0.8114}
train: {'epoch': 59, 'eta': 403888.5447, 'loss': 0.1007, 'lr': 0.001, 'params': 599403, 'time_iter': 9.6089, 'accuracy': 0.9705, 'precision': 0.7471, 'recall': 0.319, 'f1': 0.4471, 'auc': 0.8872}
val: {'epoch': 60, 'loss': 0.0837, 'lr': 0.001, 'params': 599403, 'time_iter': 1.723, 'accuracy': 0.9803, 'precision': 0.5, 'recall': 0.1605, 'f1': 0.243, 'auc': 0.7905}
train: {'epoch': 60, 'eta': 393487.5867, 'loss': 0.0986, 'lr': 0.001, 'params': 599403, 'time_iter': 9.3509, 'accuracy': 0.9715, 'precision': 0.7728, 'recall': 0.3369, 'f1': 0.4692, 'auc': 0.8937}
val: {'epoch': 61, 'loss': 0.0881, 'lr': 0.001, 'params': 599403, 'time_iter': 1.3975, 'accuracy': 0.9813, 'precision': 0.5625, 'recall': 0.2222, 'f1': 0.3186, 'auc': 0.7564}
train: {'epoch': 61, 'eta': 383359.173, 'loss': 0.0984, 'lr': 0.001, 'params': 599403, 'time_iter': 9.7433, 'accuracy': 0.971, 'precision': 0.7628, 'recall': 0.3263, 'f1': 0.4571, 'auc': 0.8955}
val: {'epoch': 62, 'loss': 0.0828, 'lr': 0.001, 'params': 599403, 'time_iter': 1.4755, 'accuracy': 0.9827, 'precision': 0.6471, 'recall': 0.2716, 'f1': 0.3826, 'auc': 0.7913}
train: {'epoch': 62, 'eta': 373266.231, 'loss': 0.0973, 'lr': 0.001, 'params': 599403, 'time_iter': 9.7966, 'accuracy': 0.9714, 'precision': 0.7715, 'recall': 0.3344, 'f1': 0.4666, 'auc': 0.8968}
val: {'epoch': 63, 'loss': 0.0843, 'lr': 0.001, 'params': 599403, 'time_iter': 1.4906, 'accuracy': 0.9798, 'precision': 0.4808, 'recall': 0.3086, 'f1': 0.3759, 'auc': 0.8019}
train: {'epoch': 63, 'eta': 363260.5066, 'loss': 0.0972, 'lr': 0.001, 'params': 599403, 'time_iter': 9.9466, 'accuracy': 0.971, 'precision': 0.7541, 'recall': 0.336, 'f1': 0.4649, 'auc': 0.8994}
val: {'epoch': 64, 'loss': 0.0833, 'lr': 0.001, 'params': 599403, 'time_iter': 1.4093, 'accuracy': 0.9808, 'precision': 0.5238, 'recall': 0.2716, 'f1': 0.3577, 'auc': 0.783}
train: {'epoch': 64, 'eta': 353275.7886, 'loss': 0.098, 'lr': 0.001, 'params': 599403, 'time_iter': 9.9972, 'accuracy': 0.9703, 'precision': 0.7319, 'recall': 0.3279, 'f1': 0.4529, 'auc': 0.8966}
val: {'epoch': 65, 'loss': 0.0847, 'lr': 0.001, 'params': 599403, 'time_iter': 1.324, 'accuracy': 0.981, 'precision': 0.5484, 'recall': 0.2099, 'f1': 0.3036, 'auc': 0.7884}
train: {'epoch': 65, 'eta': 343044.957, 'loss': 0.0964, 'lr': 0.001, 'params': 599403, 'time_iter': 9.5502, 'accuracy': 0.9714, 'precision': 0.7526, 'recall': 0.3506, 'f1': 0.4784, 'auc': 0.8998}
val: {'epoch': 66, 'loss': 0.0861, 'lr': 0.001, 'params': 599403, 'time_iter': 1.4649, 'accuracy': 0.9793, 'precision': 0.4524, 'recall': 0.2346, 'f1': 0.3089, 'auc': 0.7957}
train: {'epoch': 66, 'eta': 333076.5365, 'loss': 0.0966, 'lr': 0.001, 'params': 599403, 'time_iter': 10.0442, 'accuracy': 0.9714, 'precision': 0.7616, 'recall': 0.345, 'f1': 0.4749, 'auc': 0.8995}
val: {'epoch': 67, 'loss': 0.0912, 'lr': 0.001, 'params': 599403, 'time_iter': 1.3816, 'accuracy': 0.9788, 'precision': 0.4286, 'recall': 0.2222, 'f1': 0.2927, 'auc': 0.7745}
train: {'epoch': 67, 'eta': 322983.1737, 'loss': 0.0948, 'lr': 0.001, 'params': 599403, 'time_iter': 9.8085, 'accuracy': 0.9717, 'precision': 0.7731, 'recall': 0.3458, 'f1': 0.4778, 'auc': 0.9066}
val: {'epoch': 68, 'loss': 0.0875, 'lr': 0.001, 'params': 599403, 'time_iter': 1.3925, 'accuracy': 0.9813, 'precision': 0.5667, 'recall': 0.2099, 'f1': 0.3063, 'auc': 0.7684}
train: {'epoch': 68, 'eta': 312827.8989, 'loss': 0.0949, 'lr': 0.001, 'params': 599403, 'time_iter': 9.6745, 'accuracy': 0.9719, 'precision': 0.7735, 'recall': 0.3547, 'f1': 0.4864, 'auc': 0.9063}
val: {'epoch': 69, 'loss': 0.0928, 'lr': 0.001, 'params': 599403, 'time_iter': 1.3616, 'accuracy': 0.9791, 'precision': 0.4242, 'recall': 0.1728, 'f1': 0.2456, 'auc': 0.7744}
train: {'epoch': 69, 'eta': 302693.1258, 'loss': 0.0945, 'lr': 0.001, 'params': 599403, 'time_iter': 9.7081, 'accuracy': 0.9723, 'precision': 0.7797, 'recall': 0.362, 'f1': 0.4945, 'auc': 0.9036}
val: {'epoch': 70, 'loss': 0.0896, 'lr': 0.001, 'params': 599403, 'time_iter': 1.5808, 'accuracy': 0.9801, 'precision': 0.4889, 'recall': 0.2716, 'f1': 0.3492, 'auc': 0.7789}
train: {'epoch': 70, 'eta': 292548.9231, 'loss': 0.0934, 'lr': 0.001, 'params': 599403, 'time_iter': 9.6759, 'accuracy': 0.9718, 'precision': 0.763, 'recall': 0.358, 'f1': 0.4873, 'auc': 0.9102}
val: {'epoch': 71, 'loss': 0.0994, 'lr': 0.001, 'params': 599403, 'time_iter': 1.3847, 'accuracy': 0.9808, 'precision': 0.5455, 'recall': 0.1481, 'f1': 0.233, 'auc': 0.7643}
train: {'epoch': 71, 'eta': 282556.0036, 'loss': 0.0933, 'lr': 0.001, 'params': 599403, 'time_iter': 10.0409, 'accuracy': 0.9723, 'precision': 0.7708, 'recall': 0.3685, 'f1': 0.4986, 'auc': 0.9111}
val: {'epoch': 72, 'loss': 0.0916, 'lr': 0.001, 'params': 599403, 'time_iter': 1.357, 'accuracy': 0.9784, 'precision': 0.4333, 'recall': 0.321, 'f1': 0.3688, 'auc': 0.7803}
train: {'epoch': 72, 'eta': 272387.0003, 'loss': 0.0945, 'lr': 0.001, 'params': 599403, 'time_iter': 9.6027, 'accuracy': 0.9717, 'precision': 0.7551, 'recall': 0.3628, 'f1': 0.4901, 'auc': 0.9048}
val: {'epoch': 73, 'loss': 0.0885, 'lr': 0.001, 'params': 599403, 'time_iter': 1.3994, 'accuracy': 0.9798, 'precision': 0.475, 'recall': 0.2346, 'f1': 0.314, 'auc': 0.7689}
train: {'epoch': 73, 'eta': 262310.0031, 'loss': 0.0938, 'lr': 0.001, 'params': 599403, 'time_iter': 9.8356, 'accuracy': 0.9713, 'precision': 0.7429, 'recall': 0.3588, 'f1': 0.4839, 'auc': 0.9096}
val: {'epoch': 74, 'loss': 0.086, 'lr': 0.001, 'params': 599403, 'time_iter': 1.3076, 'accuracy': 0.9818, 'precision': 0.575, 'recall': 0.284, 'f1': 0.3802, 'auc': 0.7898}
train: {'epoch': 74, 'eta': 252251.3201, 'loss': 0.0925, 'lr': 0.001, 'params': 599403, 'time_iter': 9.8925, 'accuracy': 0.9724, 'precision': 0.7807, 'recall': 0.3669, 'f1': 0.4992, 'auc': 0.9107}
val: {'epoch': 75, 'loss': 0.0866, 'lr': 0.001, 'params': 599403, 'time_iter': 1.3843, 'accuracy': 0.9805, 'precision': 0.5152, 'recall': 0.2099, 'f1': 0.2982, 'auc': 0.7894}
train: {'epoch': 75, 'eta': 242111.5975, 'loss': 0.094, 'lr': 0.001, 'params': 599403, 'time_iter': 9.6528, 'accuracy': 0.9716, 'precision': 0.7556, 'recall': 0.3563, 'f1': 0.4843, 'auc': 0.9096}
val: {'epoch': 76, 'loss': 0.0881, 'lr': 0.001, 'params': 599403, 'time_iter': 1.3032, 'accuracy': 0.9788, 'precision': 0.4167, 'recall': 0.1852, 'f1': 0.2564, 'auc': 0.7823}
train: {'epoch': 76, 'eta': 231993.0776, 'loss': 0.0926, 'lr': 0.001, 'params': 599403, 'time_iter': 9.7043, 'accuracy': 0.9718, 'precision': 0.7542, 'recall': 0.3661, 'f1': 0.4929, 'auc': 0.9136}
val: {'epoch': 77, 'loss': 0.0998, 'lr': 0.001, 'params': 599403, 'time_iter': 1.9736, 'accuracy': 0.9801, 'precision': 0.4545, 'recall': 0.0617, 'f1': 0.1087, 'auc': 0.7809}
train: {'epoch': 77, 'eta': 221895.7222, 'loss': 0.092, 'lr': 0.001, 'params': 599403, 'time_iter': 9.7655, 'accuracy': 0.9721, 'precision': 0.7449, 'recall': 0.3864, 'f1': 0.5088, 'auc': 0.9162}
val: {'epoch': 78, 'loss': 0.0906, 'lr': 0.001, 'params': 599403, 'time_iter': 1.4152, 'accuracy': 0.9791, 'precision': 0.4419, 'recall': 0.2346, 'f1': 0.3065, 'auc': 0.7843}
train: {'epoch': 78, 'eta': 211825.5103, 'loss': 0.0934, 'lr': 0.001, 'params': 599403, 'time_iter': 9.8603, 'accuracy': 0.9716, 'precision': 0.756, 'recall': 0.3571, 'f1': 0.4851, 'auc': 0.9131}
val: {'epoch': 79, 'loss': 0.0896, 'lr': 0.001, 'params': 599403, 'time_iter': 1.3261, 'accuracy': 0.9784, 'precision': 0.3824, 'recall': 0.1605, 'f1': 0.2261, 'auc': 0.7913}
train: {'epoch': 79, 'eta': 201687.1077, 'loss': 0.091, 'lr': 0.001, 'params': 599403, 'time_iter': 9.6026, 'accuracy': 0.9727, 'precision': 0.7734, 'recall': 0.3823, 'f1': 0.5117, 'auc': 0.9154}
val: {'epoch': 80, 'loss': 0.0949, 'lr': 0.001, 'params': 599403, 'time_iter': 1.516, 'accuracy': 0.9762, 'precision': 0.3191, 'recall': 0.1852, 'f1': 0.2344, 'auc': 0.7822}
train: {'epoch': 80, 'eta': 191626.4548, 'loss': 0.0899, 'lr': 0.001, 'params': 599403, 'time_iter': 9.8984, 'accuracy': 0.9727, 'precision': 0.7697, 'recall': 0.388, 'f1': 0.5159, 'auc': 0.9176}
val: {'epoch': 81, 'loss': 0.0899, 'lr': 0.001, 'params': 599403, 'time_iter': 1.3422, 'accuracy': 0.9798, 'precision': 0.4722, 'recall': 0.2099, 'f1': 0.2906, 'auc': 0.7736}
train: {'epoch': 81, 'eta': 181509.2503, 'loss': 0.0912, 'lr': 0.001, 'params': 599403, 'time_iter': 9.6615, 'accuracy': 0.9729, 'precision': 0.7754, 'recall': 0.3896, 'f1': 0.5186, 'auc': 0.9164}
val: {'epoch': 82, 'loss': 0.0962, 'lr': 0.001, 'params': 599403, 'time_iter': 1.3895, 'accuracy': 0.9808, 'precision': 0.5455, 'recall': 0.1481, 'f1': 0.233, 'auc': 0.7621}
train: {'epoch': 82, 'eta': 171410.8563, 'loss': 0.0902, 'lr': 0.001, 'params': 599403, 'time_iter': 9.7306, 'accuracy': 0.9726, 'precision': 0.7632, 'recall': 0.3872, 'f1': 0.5137, 'auc': 0.9191}
val: {'epoch': 83, 'loss': 0.0945, 'lr': 0.001, 'params': 599403, 'time_iter': 1.4418, 'accuracy': 0.9798, 'precision': 0.4706, 'recall': 0.1975, 'f1': 0.2783, 'auc': 0.7568}
train: {'epoch': 83, 'eta': 161281.657, 'loss': 0.0905, 'lr': 0.001, 'params': 599403, 'time_iter': 9.5631, 'accuracy': 0.9731, 'precision': 0.7794, 'recall': 0.3929, 'f1': 0.5224, 'auc': 0.9168}
val: {'epoch': 84, 'loss': 0.0989, 'lr': 0.001, 'params': 599403, 'time_iter': 1.4007, 'accuracy': 0.9805, 'precision': 0.5185, 'recall': 0.1728, 'f1': 0.2593, 'auc': 0.7647}
train: {'epoch': 84, 'eta': 151199.0147, 'loss': 0.0882, 'lr': 0.001, 'params': 599403, 'time_iter': 9.782, 'accuracy': 0.9735, 'precision': 0.798, 'recall': 0.3912, 'f1': 0.5251, 'auc': 0.9254}
val: {'epoch': 85, 'loss': 0.0893, 'lr': 0.001, 'params': 599403, 'time_iter': 1.4837, 'accuracy': 0.9798, 'precision': 0.4615, 'recall': 0.1481, 'f1': 0.2243, 'auc': 0.774}
train: {'epoch': 85, 'eta': 141134.4372, 'loss': 0.09, 'lr': 0.001, 'params': 599403, 'time_iter': 9.8875, 'accuracy': 0.9721, 'precision': 0.7449, 'recall': 0.3864, 'f1': 0.5088, 'auc': 0.9201}
val: {'epoch': 86, 'loss': 0.0952, 'lr': 0.001, 'params': 599403, 'time_iter': 1.41, 'accuracy': 0.9781, 'precision': 0.3784, 'recall': 0.1728, 'f1': 0.2373, 'auc': 0.7869}
train: {'epoch': 86, 'eta': 131041.3838, 'loss': 0.0884, 'lr': 0.001, 'params': 599403, 'time_iter': 9.7187, 'accuracy': 0.9726, 'precision': 0.7674, 'recall': 0.3856, 'f1': 0.5132, 'auc': 0.9252}
val: {'epoch': 87, 'loss': 0.0895, 'lr': 0.001, 'params': 599403, 'time_iter': 1.5934, 'accuracy': 0.9805, 'precision': 0.5143, 'recall': 0.2222, 'f1': 0.3103, 'auc': 0.777}
train: {'epoch': 87, 'eta': 120942.4035, 'loss': 0.0883, 'lr': 0.001, 'params': 599403, 'time_iter': 9.6615, 'accuracy': 0.973, 'precision': 0.7789, 'recall': 0.3888, 'f1': 0.5187, 'auc': 0.9242}
val: {'epoch': 88, 'loss': 0.0896, 'lr': 0.001, 'params': 599403, 'time_iter': 1.4338, 'accuracy': 0.9803, 'precision': 0.5, 'recall': 0.1605, 'f1': 0.243, 'auc': 0.7798}
train: {'epoch': 88, 'eta': 110882.3075, 'loss': 0.0877, 'lr': 0.001, 'params': 599403, 'time_iter': 9.9395, 'accuracy': 0.9734, 'precision': 0.7764, 'recall': 0.4058, 'f1': 0.533, 'auc': 0.9277}
val: {'epoch': 89, 'loss': 0.091, 'lr': 0.001, 'params': 599403, 'time_iter': 1.4305, 'accuracy': 0.9784, 'precision': 0.3889, 'recall': 0.1728, 'f1': 0.2393, 'auc': 0.7914}
train: {'epoch': 89, 'eta': 100793.6464, 'loss': 0.0868, 'lr': 0.001, 'params': 599403, 'time_iter': 9.7222, 'accuracy': 0.9745, 'precision': 0.8124, 'recall': 0.4148, 'f1': 0.5492, 'auc': 0.9253}
val: {'epoch': 90, 'loss': 0.0897, 'lr': 0.001, 'params': 599403, 'time_iter': 1.4312, 'accuracy': 0.9786, 'precision': 0.4054, 'recall': 0.1852, 'f1': 0.2542, 'auc': 0.7825}
train: {'epoch': 90, 'eta': 90704.1126, 'loss': 0.0874, 'lr': 0.001, 'params': 599403, 'time_iter': 9.6954, 'accuracy': 0.9738, 'precision': 0.7981, 'recall': 0.401, 'f1': 0.5338, 'auc': 0.9266}
val: {'epoch': 91, 'loss': 0.0936, 'lr': 0.001, 'params': 599403, 'time_iter': 1.3626, 'accuracy': 0.9808, 'precision': 0.5312, 'recall': 0.2099, 'f1': 0.3009, 'auc': 0.7802}
train: {'epoch': 91, 'eta': 80633.9708, 'loss': 0.0879, 'lr': 0.001, 'params': 599403, 'time_iter': 9.8846, 'accuracy': 0.973, 'precision': 0.7658, 'recall': 0.4034, 'f1': 0.5284, 'auc': 0.9263}
val: {'epoch': 92, 'loss': 0.0951, 'lr': 0.001, 'params': 599403, 'time_iter': 1.4126, 'accuracy': 0.9788, 'precision': 0.425, 'recall': 0.2099, 'f1': 0.281, 'auc': 0.7791}
train: {'epoch': 92, 'eta': 70567.1253, 'loss': 0.0865, 'lr': 0.001, 'params': 599403, 'time_iter': 9.9553, 'accuracy': 0.9735, 'precision': 0.7744, 'recall': 0.4123, 'f1': 0.5381, 'auc': 0.9297}
val: {'epoch': 93, 'loss': 0.0917, 'lr': 0.001, 'params': 599403, 'time_iter': 1.3602, 'accuracy': 0.9808, 'precision': 0.5417, 'recall': 0.1605, 'f1': 0.2476, 'auc': 0.7715}
train: {'epoch': 93, 'eta': 60477.228, 'loss': 0.0859, 'lr': 0.001, 'params': 599403, 'time_iter': 9.6617, 'accuracy': 0.973, 'precision': 0.7567, 'recall': 0.4115, 'f1': 0.5331, 'auc': 0.9302}
val: {'epoch': 94, 'loss': 0.095, 'lr': 0.001, 'params': 599403, 'time_iter': 1.653, 'accuracy': 0.9801, 'precision': 0.4878, 'recall': 0.2469, 'f1': 0.3279, 'auc': 0.7525}
train: {'epoch': 94, 'eta': 50406.0984, 'loss': 0.0862, 'lr': 0.001, 'params': 599403, 'time_iter': 9.9507, 'accuracy': 0.9729, 'precision': 0.7678, 'recall': 0.3945, 'f1': 0.5212, 'auc': 0.932}
val: {'epoch': 95, 'loss': 0.0954, 'lr': 0.001, 'params': 599403, 'time_iter': 1.3907, 'accuracy': 0.9808, 'precision': 0.55, 'recall': 0.1358, 'f1': 0.2178, 'auc': 0.7826}
train: {'epoch': 95, 'eta': 40324.374, 'loss': 0.0853, 'lr': 0.001, 'params': 599403, 'time_iter': 9.7853, 'accuracy': 0.9735, 'precision': 0.7769, 'recall': 0.4099, 'f1': 0.5367, 'auc': 0.9323}
val: {'epoch': 96, 'loss': 0.0945, 'lr': 0.001, 'params': 599403, 'time_iter': 1.4281, 'accuracy': 0.9793, 'precision': 0.4474, 'recall': 0.2099, 'f1': 0.2857, 'auc': 0.7755}
train: {'epoch': 96, 'eta': 30243.257, 'loss': 0.085, 'lr': 0.001, 'params': 599403, 'time_iter': 9.7962, 'accuracy': 0.9739, 'precision': 0.787, 'recall': 0.414, 'f1': 0.5426, 'auc': 0.9339}
val: {'epoch': 97, 'loss': 0.098, 'lr': 0.001, 'params': 599403, 'time_iter': 1.4031, 'accuracy': 0.9793, 'precision': 0.4474, 'recall': 0.2099, 'f1': 0.2857, 'auc': 0.7791}
train: {'epoch': 97, 'eta': 20159.1909, 'loss': 0.084, 'lr': 0.001, 'params': 599403, 'time_iter': 9.655, 'accuracy': 0.9739, 'precision': 0.7842, 'recall': 0.4188, 'f1': 0.546, 'auc': 0.9357}
val: {'epoch': 98, 'loss': 0.094, 'lr': 0.001, 'params': 599403, 'time_iter': 1.3865, 'accuracy': 0.9796, 'precision': 0.4595, 'recall': 0.2099, 'f1': 0.2881, 'auc': 0.7689}
train: {'epoch': 98, 'eta': 10081.493, 'loss': 0.0863, 'lr': 0.001, 'params': 599403, 'time_iter': 9.9781, 'accuracy': 0.9735, 'precision': 0.7687, 'recall': 0.418, 'f1': 0.5415, 'auc': 0.9314}
val: {'epoch': 99, 'loss': 0.0959, 'lr': 0.001, 'params': 599403, 'time_iter': 1.3656, 'accuracy': 0.9803, 'precision': 0.5, 'recall': 0.2346, 'f1': 0.3193, 'auc': 0.7822}
train: {'epoch': 99, 'eta': 0.0, 'loss': 0.0851, 'lr': 0.001, 'params': 599403, 'time_iter': 9.673, 'accuracy': 0.9727, 'precision': 0.7573, 'recall': 0.3977, 'f1': 0.5216, 'auc': 0.934}
test: {'epoch': 99, 'loss': 0.1544, 'lr': 0.001, 'params': 599403, 'time_iter': 1.3, 'accuracy': 0.9662, 'precision': 0.4043, 'recall': 0.1462, 'f1': 0.2147, 'auc': 0.7619}
test: {'epoch': 59, 'loss': 0.1344, 'lr': 0.001, 'params': 599403, 'time_iter': 1.3889, 'accuracy': 0.9694, 'precision': 0.5455, 'recall': 0.1846, 'f1': 0.2759, 'auc': 0.7693}
