GraphGymModule(
  (model): DilatedGNNModel(
    (encoder): FeatureEncoder(
      (node_encoder): AtomEncoder(
        (atom_embedding_list): ModuleList(
          (0): Embedding(119, 300)
          (1): Embedding(4, 300)
          (2): Embedding(12, 300)
          (3): Embedding(12, 300)
          (4): Embedding(10, 300)
          (5): Embedding(6, 300)
          (6): Embedding(6, 300)
          (7): Embedding(2, 300)
          (8): Embedding(2, 300)
        )
      )
      (edge_encoder): BondEncoder(
        (bond_embedding_list): ModuleList(
          (0): Embedding(5, 300)
          (1): Embedding(6, 300)
          (2): Embedding(2, 300)
        )
      )
    )
    (mp): GNNDilatedEdgesFeatureStage(
      (classic_layers): ModuleList(
        (0): GeneralLayer(
          (layer): EGATConv(
            (model): GATConv(300, 300, heads=1)
          )
          (post_layer): Sequential(
            (0): BatchNorm1d(300, eps=1e-05, momentum=0.1, affine=True, track_running_stats=True)
            (1): Dropout(p=0.5, inplace=False)
            (2): ReLU()
          )
        )
        (1): GeneralLayer(
          (layer): EGATConv(
            (model): GATConv(300, 300, heads=1)
          )
          (post_layer): Sequential(
            (0): BatchNorm1d(300, eps=1e-05, momentum=0.1, affine=True, track_running_stats=True)
            (1): Dropout(p=0.5, inplace=False)
            (2): ReLU()
          )
        )
      )
      (dilated_layers): ModuleList(
        (0): DilatedGeneralLayer(
          (layer): EGATConv(
            (model): GATConv(300, 300, heads=1)
          )
          (post_layer): Sequential(
            (0): BatchNorm1d(300, eps=1e-05, momentum=0.1, affine=True, track_running_stats=True)
            (1): Dropout(p=0.5, inplace=False)
            (2): ReLU()
          )
          (gem): GeM(p=3.0000, eps=1e-06)
        )
      )
      (act): ReLU()
    )
    (post_mp): GNNGraphHead(
      (layer_post_mp): MLP(
        (model): Sequential(
          (0): Linear(
            (model): Linear(600, 1, bias=True)
          )
        )
      )
    )
  )
)
accelerator: cuda
benchmark: False
bn:
  eps: 1e-05
  mom: 0.1
cfg_dest: config.yaml
custom_metrics: []
dataset:
  cache_load: False
  cache_save: False
  dir: ./datasets
  edge_dim: 300
  edge_encoder: True
  edge_encoder_bn: False
  edge_encoder_name: Bond
  edge_message_ratio: 0.8
  edge_negative_sampling_ratio: 1.0
  edge_train_mode: all
  encoder: True
  encoder_bn: True
  encoder_dim: 128
  encoder_name: db
  fast_loader: False
  format: OGB
  label_column: none
  label_table: none
  location: local
  name: ogbg-molhiv
  node_encoder: True
  node_encoder_bn: False
  node_encoder_name: Atom
  remove_feature: False
  resample_disjoint: False
  resample_negative: False
  shuffle_split: True
  split: [0.8, 0.1, 0.1]
  split_mode: random
  task: graph
  task_type: classification
  to_undirected: False
  transductive: False
  transform: none
  tu_simple: True
devices: 1
gnn:
  act: relu
  act_on_last_layer_mp: False
  agg: none
  att_final_linear: False
  att_final_linear_bn: False
  att_heads: 1
  batchnorm: True
  clear_feature: True
  dim_inner: 300
  dropout: 0.5
  head: graph
  keep_edge: 0.5
  l2norm: True
  layer_type: egatconv
  layers_k1: 2
  layers_k2: 1
  layers_mp: 5
  layers_post_mp: 1
  layers_pre_mp: 0
  msg_direction: single
  normalize_adj: False
  self_msg: concat
  skip_every: 1
  stage_type: dilated_stage
  use_edge_features: True
gpu_mem: False
mem:
  inplace: False
metric_agg: argmax
metric_best: auc
model:
  edge_decoding: dot
  graph_pooling: mean
  loss_fun: cross_entropy
  match_upper: True
  size_average: mean
  thresh: 0.5
  type: dilated_gnn
num_threads: 6
num_workers: 16
optim:
  base_lr: 0.001
  lr_decay: 0.1
  max_epoch: 100
  momentum: 0.9
  optimizer: adam
  scheduler: none
  steps: [30, 60, 90]
  weight_decay: 0.0
out_dir: results_experiments/ogbg_molhiv_baseline_grid_comparison/ogbg_molhiv_baseline-type=dilated_gnn-stage_type=dilated_stage-layer_type=egatconv-layers_k1=2-layers_k2=1-act_on_last_layer_mp=False
params: 600903
print: both
round: 4
run_dir: results_experiments/ogbg_molhiv_baseline_grid_comparison/ogbg_molhiv_baseline-type=dilated_gnn-stage_type=dilated_stage-layer_type=egatconv-layers_k1=2-layers_k2=1-act_on_last_layer_mp=False/4
seed: 5
share:
  dim_in: 9
  dim_out: 2
  num_splits: 3
tensorboard_agg: True
tensorboard_each_run: False
train:
  auto_resume: False
  batch_size: 32
  ckpt_clean: True
  ckpt_period: 100
  enable_ckpt: True
  epoch_resume: -1
  eval_period: 1
  iter_per_epoch: 32
  neighbor_sizes: [20, 15, 10, 5]
  node_per_graph: 32
  radius: extend
  sample_node: False
  sampler: full_batch
  skip_train_eval: False
  walk_length: 4
val:
  node_per_graph: 32
  radius: extend
  sample_node: False
  sampler: full_batch
view_emb: False
Num parameters: 600903
val: {'epoch': 0, 'loss': 0.7101, 'lr': 0.001, 'params': 600903, 'time_iter': 0.7374, 'accuracy': 0.0156, 'precision': 0.0156, 'recall': 1.0, 'f1': 0.0308, 'auc': 0.5397}
val: {'epoch': 0, 'loss': 0.0964, 'lr': 0.001, 'params': 600903, 'time_iter': 1.5701, 'accuracy': 0.9803, 'precision': 0.0, 'recall': 0.0, 'f1': 0.0, 'auc': 0.5704}
train: {'epoch': 0, 'eta': 1391497.2147, 'loss': 0.1913, 'lr': 0.001, 'params': 600903, 'time_iter': 13.6594, 'accuracy': 0.96, 'precision': 0.0538, 'recall': 0.0041, 'f1': 0.0075, 'auc': 0.5185}
val: {'epoch': 1, 'loss': 0.0982, 'lr': 0.001, 'params': 600903, 'time_iter': 1.6093, 'accuracy': 0.9803, 'precision': 0.0, 'recall': 0.0, 'f1': 0.0, 'auc': 0.6503}
train: {'epoch': 1, 'eta': 1373572.6681, 'loss': 0.1552, 'lr': 0.001, 'params': 600903, 'time_iter': 13.5827, 'accuracy': 0.9626, 'precision': 0.0, 'recall': 0.0, 'f1': 0.0, 'auc': 0.6371}
val: {'epoch': 2, 'loss': 0.1002, 'lr': 0.001, 'params': 600903, 'time_iter': 1.6235, 'accuracy': 0.9803, 'precision': 0.0, 'recall': 0.0, 'f1': 0.0, 'auc': 0.6512}
train: {'epoch': 2, 'eta': 1356840.2563, 'loss': 0.1518, 'lr': 0.001, 'params': 600903, 'time_iter': 13.5394, 'accuracy': 0.9626, 'precision': 0.0, 'recall': 0.0, 'f1': 0.0, 'auc': 0.6763}
val: {'epoch': 3, 'loss': 0.1029, 'lr': 0.001, 'params': 600903, 'time_iter': 1.5735, 'accuracy': 0.9803, 'precision': 0.0, 'recall': 0.0, 'f1': 0.0, 'auc': 0.6887}
train: {'epoch': 3, 'eta': 1340530.7392, 'loss': 0.15, 'lr': 0.001, 'params': 600903, 'time_iter': 13.4998, 'accuracy': 0.9626, 'precision': 0.0, 'recall': 0.0, 'f1': 0.0, 'auc': 0.6855}
val: {'epoch': 4, 'loss': 0.1016, 'lr': 0.001, 'params': 600903, 'time_iter': 1.5673, 'accuracy': 0.9803, 'precision': 0.0, 'recall': 0.0, 'f1': 0.0, 'auc': 0.6959}
train: {'epoch': 4, 'eta': 1323091.3209, 'loss': 0.1484, 'lr': 0.001, 'params': 600903, 'time_iter': 13.3926, 'accuracy': 0.9626, 'precision': 0.0, 'recall': 0.0, 'f1': 0.0, 'auc': 0.6976}
val: {'epoch': 5, 'loss': 0.0981, 'lr': 0.001, 'params': 600903, 'time_iter': 1.639, 'accuracy': 0.9803, 'precision': 0.0, 'recall': 0.0, 'f1': 0.0, 'auc': 0.7207}
train: {'epoch': 5, 'eta': 1309371.7885, 'loss': 0.1474, 'lr': 0.001, 'params': 600903, 'time_iter': 13.5477, 'accuracy': 0.9625, 'precision': 0.0, 'recall': 0.0, 'f1': 0.0, 'auc': 0.7046}
val: {'epoch': 6, 'loss': 0.0961, 'lr': 0.001, 'params': 600903, 'time_iter': 1.5888, 'accuracy': 0.9803, 'precision': 0.0, 'recall': 0.0, 'f1': 0.0, 'auc': 0.6997}
train: {'epoch': 6, 'eta': 1298179.367, 'loss': 0.1467, 'lr': 0.001, 'params': 600903, 'time_iter': 13.7371, 'accuracy': 0.9625, 'precision': 0.0, 'recall': 0.0, 'f1': 0.0, 'auc': 0.7049}
val: {'epoch': 7, 'loss': 0.0964, 'lr': 0.001, 'params': 600903, 'time_iter': 1.6454, 'accuracy': 0.9803, 'precision': 0.0, 'recall': 0.0, 'f1': 0.0, 'auc': 0.7001}
train: {'epoch': 7, 'eta': 1284234.4459, 'loss': 0.147, 'lr': 0.001, 'params': 600903, 'time_iter': 13.5667, 'accuracy': 0.9625, 'precision': 0.0, 'recall': 0.0, 'f1': 0.0, 'auc': 0.7124}
val: {'epoch': 8, 'loss': 0.1011, 'lr': 0.001, 'params': 600903, 'time_iter': 1.5511, 'accuracy': 0.9803, 'precision': 0.0, 'recall': 0.0, 'f1': 0.0, 'auc': 0.6827}
train: {'epoch': 8, 'eta': 1270883.8017, 'loss': 0.1465, 'lr': 0.001, 'params': 600903, 'time_iter': 13.6241, 'accuracy': 0.9624, 'precision': 0.0, 'recall': 0.0, 'f1': 0.0, 'auc': 0.7108}
val: {'epoch': 9, 'loss': 0.1042, 'lr': 0.001, 'params': 600903, 'time_iter': 1.9401, 'accuracy': 0.9803, 'precision': 0.0, 'recall': 0.0, 'f1': 0.0, 'auc': 0.6968}
train: {'epoch': 9, 'eta': 1254609.258, 'loss': 0.144, 'lr': 0.001, 'params': 600903, 'time_iter': 13.3229, 'accuracy': 0.9625, 'precision': 0.2, 'recall': 0.0008, 'f1': 0.0016, 'auc': 0.7297}
val: {'epoch': 10, 'loss': 0.1019, 'lr': 0.001, 'params': 600903, 'time_iter': 1.6377, 'accuracy': 0.9801, 'precision': 0.0, 'recall': 0.0, 'f1': 0.0, 'auc': 0.7151}
train: {'epoch': 10, 'eta': 1240817.0176, 'loss': 0.1435, 'lr': 0.001, 'params': 600903, 'time_iter': 13.565, 'accuracy': 0.9624, 'precision': 0.1667, 'recall': 0.0008, 'f1': 0.0016, 'auc': 0.7266}
val: {'epoch': 11, 'loss': 0.1022, 'lr': 0.001, 'params': 600903, 'time_iter': 1.5833, 'accuracy': 0.9803, 'precision': 0.0, 'recall': 0.0, 'f1': 0.0, 'auc': 0.6954}
train: {'epoch': 11, 'eta': 1226723.9875, 'loss': 0.1453, 'lr': 0.001, 'params': 600903, 'time_iter': 13.5288, 'accuracy': 0.9624, 'precision': 0.2, 'recall': 0.0016, 'f1': 0.0032, 'auc': 0.7157}
val: {'epoch': 12, 'loss': 0.1024, 'lr': 0.001, 'params': 600903, 'time_iter': 1.8715, 'accuracy': 0.9803, 'precision': 0.0, 'recall': 0.0, 'f1': 0.0, 'auc': 0.7489}
train: {'epoch': 12, 'eta': 1216224.6299, 'loss': 0.1433, 'lr': 0.001, 'params': 600903, 'time_iter': 14.0468, 'accuracy': 0.9626, 'precision': 0.5385, 'recall': 0.0057, 'f1': 0.0112, 'auc': 0.7291}
val: {'epoch': 13, 'loss': 0.1138, 'lr': 0.001, 'params': 600903, 'time_iter': 1.6361, 'accuracy': 0.9803, 'precision': 0.0, 'recall': 0.0, 'f1': 0.0, 'auc': 0.6156}
train: {'epoch': 13, 'eta': 1204689.007, 'loss': 0.1493, 'lr': 0.001, 'params': 600903, 'time_iter': 13.9723, 'accuracy': 0.9624, 'precision': 0.25, 'recall': 0.0016, 'f1': 0.0032, 'auc': 0.6894}
val: {'epoch': 14, 'loss': 0.111, 'lr': 0.001, 'params': 600903, 'time_iter': 1.6047, 'accuracy': 0.9803, 'precision': 0.0, 'recall': 0.0, 'f1': 0.0, 'auc': 0.6468}
train: {'epoch': 14, 'eta': 1190131.9166, 'loss': 0.1523, 'lr': 0.001, 'params': 600903, 'time_iter': 13.5191, 'accuracy': 0.9625, 'precision': 0.0, 'recall': 0.0, 'f1': 0.0, 'auc': 0.6744}
val: {'epoch': 15, 'loss': 0.1146, 'lr': 0.001, 'params': 600903, 'time_iter': 1.9704, 'accuracy': 0.9803, 'precision': 0.0, 'recall': 0.0, 'f1': 0.0, 'auc': 0.6514}
train: {'epoch': 15, 'eta': 1175953.6245, 'loss': 0.1497, 'lr': 0.001, 'params': 600903, 'time_iter': 13.5742, 'accuracy': 0.9625, 'precision': 0.0, 'recall': 0.0, 'f1': 0.0, 'auc': 0.6902}
val: {'epoch': 16, 'loss': 0.1104, 'lr': 0.001, 'params': 600903, 'time_iter': 1.6037, 'accuracy': 0.9803, 'precision': 0.0, 'recall': 0.0, 'f1': 0.0, 'auc': 0.7066}
train: {'epoch': 16, 'eta': 1164615.6955, 'loss': 0.1478, 'lr': 0.001, 'params': 600903, 'time_iter': 14.1347, 'accuracy': 0.9626, 'precision': 0.6667, 'recall': 0.0016, 'f1': 0.0032, 'auc': 0.7023}
val: {'epoch': 17, 'loss': 0.109, 'lr': 0.001, 'params': 600903, 'time_iter': 1.5638, 'accuracy': 0.9803, 'precision': 0.0, 'recall': 0.0, 'f1': 0.0, 'auc': 0.6902}
train: {'epoch': 17, 'eta': 1148580.1048, 'loss': 0.1467, 'lr': 0.001, 'params': 600903, 'time_iter': 13.2085, 'accuracy': 0.9625, 'precision': 0.25, 'recall': 0.0008, 'f1': 0.0016, 'auc': 0.7104}
val: {'epoch': 18, 'loss': 0.1161, 'lr': 0.001, 'params': 600903, 'time_iter': 1.7816, 'accuracy': 0.9803, 'precision': 0.0, 'recall': 0.0, 'f1': 0.0, 'auc': 0.6864}
train: {'epoch': 18, 'eta': 1135081.0506, 'loss': 0.1464, 'lr': 0.001, 'params': 600903, 'time_iter': 13.7281, 'accuracy': 0.9625, 'precision': 0.0, 'recall': 0.0, 'f1': 0.0, 'auc': 0.7097}
val: {'epoch': 19, 'loss': 0.1085, 'lr': 0.001, 'params': 600903, 'time_iter': 1.5965, 'accuracy': 0.9803, 'precision': 0.0, 'recall': 0.0, 'f1': 0.0, 'auc': 0.7136}
train: {'epoch': 19, 'eta': 1121422.4761, 'loss': 0.1443, 'lr': 0.001, 'params': 600903, 'time_iter': 13.7046, 'accuracy': 0.9624, 'precision': 0.1667, 'recall': 0.0008, 'f1': 0.0016, 'auc': 0.7285}
val: {'epoch': 20, 'loss': 0.1093, 'lr': 0.001, 'params': 600903, 'time_iter': 1.6634, 'accuracy': 0.9803, 'precision': 0.0, 'recall': 0.0, 'f1': 0.0, 'auc': 0.7464}
train: {'epoch': 20, 'eta': 1106839.3384, 'loss': 0.1428, 'lr': 0.001, 'params': 600903, 'time_iter': 13.4767, 'accuracy': 0.9623, 'precision': 0.0, 'recall': 0.0, 'f1': 0.0, 'auc': 0.7414}
val: {'epoch': 21, 'loss': 0.1118, 'lr': 0.001, 'params': 600903, 'time_iter': 2.3827, 'accuracy': 0.9803, 'precision': 0.0, 'recall': 0.0, 'f1': 0.0, 'auc': 0.7142}
train: {'epoch': 21, 'eta': 1092567.1734, 'loss': 0.1424, 'lr': 0.001, 'params': 600903, 'time_iter': 13.5441, 'accuracy': 0.9622, 'precision': 0.0769, 'recall': 0.0008, 'f1': 0.0016, 'auc': 0.7424}
val: {'epoch': 22, 'loss': 0.1086, 'lr': 0.001, 'params': 600903, 'time_iter': 1.6338, 'accuracy': 0.9803, 'precision': 0.0, 'recall': 0.0, 'f1': 0.0, 'auc': 0.7303}
train: {'epoch': 22, 'eta': 1079432.6844, 'loss': 0.1417, 'lr': 0.001, 'params': 600903, 'time_iter': 13.8659, 'accuracy': 0.9623, 'precision': 0.1875, 'recall': 0.0024, 'f1': 0.0048, 'auc': 0.7368}
val: {'epoch': 23, 'loss': 0.1127, 'lr': 0.001, 'params': 600903, 'time_iter': 1.5942, 'accuracy': 0.9803, 'precision': 0.0, 'recall': 0.0, 'f1': 0.0, 'auc': 0.7103}
train: {'epoch': 23, 'eta': 1065173.3164, 'loss': 0.1399, 'lr': 0.001, 'params': 600903, 'time_iter': 13.5496, 'accuracy': 0.9624, 'precision': 0.4286, 'recall': 0.0097, 'f1': 0.019, 'auc': 0.7466}
val: {'epoch': 24, 'loss': 0.1138, 'lr': 0.001, 'params': 600903, 'time_iter': 1.7884, 'accuracy': 0.9803, 'precision': 0.0, 'recall': 0.0, 'f1': 0.0, 'auc': 0.7284}
train: {'epoch': 24, 'eta': 1051600.4511, 'loss': 0.1414, 'lr': 0.001, 'params': 600903, 'time_iter': 13.7638, 'accuracy': 0.9624, 'precision': 0.375, 'recall': 0.0049, 'f1': 0.0096, 'auc': 0.7451}
val: {'epoch': 25, 'loss': 0.1148, 'lr': 0.001, 'params': 600903, 'time_iter': 1.6597, 'accuracy': 0.9803, 'precision': 0.0, 'recall': 0.0, 'f1': 0.0, 'auc': 0.7364}
train: {'epoch': 25, 'eta': 1038133.9766, 'loss': 0.1404, 'lr': 0.001, 'params': 600903, 'time_iter': 13.8156, 'accuracy': 0.9623, 'precision': 0.25, 'recall': 0.0041, 'f1': 0.008, 'auc': 0.7496}
val: {'epoch': 26, 'loss': 0.114, 'lr': 0.001, 'params': 600903, 'time_iter': 1.6387, 'accuracy': 0.9803, 'precision': 0.0, 'recall': 0.0, 'f1': 0.0, 'auc': 0.6941}
train: {'epoch': 26, 'eta': 1024225.6586, 'loss': 0.1388, 'lr': 0.001, 'params': 600903, 'time_iter': 13.6768, 'accuracy': 0.9623, 'precision': 0.375, 'recall': 0.0097, 'f1': 0.019, 'auc': 0.759}
val: {'epoch': 27, 'loss': 0.1182, 'lr': 0.001, 'params': 600903, 'time_iter': 1.8626, 'accuracy': 0.9803, 'precision': 0.0, 'recall': 0.0, 'f1': 0.0, 'auc': 0.7196}
train: {'epoch': 27, 'eta': 1010203.293, 'loss': 0.142, 'lr': 0.001, 'params': 600903, 'time_iter': 13.6381, 'accuracy': 0.962, 'precision': 0.16, 'recall': 0.0032, 'f1': 0.0064, 'auc': 0.7419}
val: {'epoch': 28, 'loss': 0.1119, 'lr': 0.001, 'params': 600903, 'time_iter': 1.615, 'accuracy': 0.9803, 'precision': 0.0, 'recall': 0.0, 'f1': 0.0, 'auc': 0.7481}
train: {'epoch': 28, 'eta': 996961.0975, 'loss': 0.1405, 'lr': 0.001, 'params': 600903, 'time_iter': 13.9481, 'accuracy': 0.9622, 'precision': 0.2273, 'recall': 0.0041, 'f1': 0.008, 'auc': 0.7624}
val: {'epoch': 29, 'loss': 0.1193, 'lr': 0.001, 'params': 600903, 'time_iter': 1.5969, 'accuracy': 0.9803, 'precision': 0.0, 'recall': 0.0, 'f1': 0.0, 'auc': 0.7694}
train: {'epoch': 29, 'eta': 983254.4028, 'loss': 0.141, 'lr': 0.001, 'params': 600903, 'time_iter': 13.7855, 'accuracy': 0.9622, 'precision': 0.2273, 'recall': 0.0041, 'f1': 0.008, 'auc': 0.7504}
val: {'epoch': 30, 'loss': 0.1148, 'lr': 0.001, 'params': 600903, 'time_iter': 1.8262, 'accuracy': 0.9803, 'precision': 0.0, 'recall': 0.0, 'f1': 0.0, 'auc': 0.7343}
train: {'epoch': 30, 'eta': 968765.5051, 'loss': 0.139, 'lr': 0.001, 'params': 600903, 'time_iter': 13.4575, 'accuracy': 0.9623, 'precision': 0.3871, 'recall': 0.0097, 'f1': 0.019, 'auc': 0.7579}
val: {'epoch': 31, 'loss': 0.1213, 'lr': 0.001, 'params': 600903, 'time_iter': 1.5865, 'accuracy': 0.9803, 'precision': 0.0, 'recall': 0.0, 'f1': 0.0, 'auc': 0.7113}
train: {'epoch': 31, 'eta': 954881.1475, 'loss': 0.1413, 'lr': 0.001, 'params': 600903, 'time_iter': 13.7156, 'accuracy': 0.9624, 'precision': 0.3846, 'recall': 0.0081, 'f1': 0.0159, 'auc': 0.7453}
val: {'epoch': 32, 'loss': 0.1247, 'lr': 0.001, 'params': 600903, 'time_iter': 1.6242, 'accuracy': 0.9803, 'precision': 0.0, 'recall': 0.0, 'f1': 0.0, 'auc': 0.7263}
train: {'epoch': 32, 'eta': 940902.0407, 'loss': 0.1398, 'lr': 0.001, 'params': 600903, 'time_iter': 13.6769, 'accuracy': 0.9625, 'precision': 0.4615, 'recall': 0.0097, 'f1': 0.0191, 'auc': 0.7534}
val: {'epoch': 33, 'loss': 0.1207, 'lr': 0.001, 'params': 600903, 'time_iter': 1.755, 'accuracy': 0.9803, 'precision': 0.0, 'recall': 0.0, 'f1': 0.0, 'auc': 0.7052}
train: {'epoch': 33, 'eta': 926978.7586, 'loss': 0.1398, 'lr': 0.001, 'params': 600903, 'time_iter': 13.7076, 'accuracy': 0.9621, 'precision': 0.3158, 'recall': 0.0097, 'f1': 0.0189, 'auc': 0.7506}
val: {'epoch': 34, 'loss': 0.13, 'lr': 0.001, 'params': 600903, 'time_iter': 1.7812, 'accuracy': 0.9803, 'precision': 0.0, 'recall': 0.0, 'f1': 0.0, 'auc': 0.7167}
train: {'epoch': 34, 'eta': 913792.9701, 'loss': 0.1402, 'lr': 0.001, 'params': 600903, 'time_iter': 14.099, 'accuracy': 0.9619, 'precision': 0.2195, 'recall': 0.0073, 'f1': 0.0141, 'auc': 0.754}
val: {'epoch': 35, 'loss': 0.128, 'lr': 0.001, 'params': 600903, 'time_iter': 1.7105, 'accuracy': 0.9803, 'precision': 0.0, 'recall': 0.0, 'f1': 0.0, 'auc': 0.7214}
train: {'epoch': 35, 'eta': 900169.3457, 'loss': 0.136, 'lr': 0.001, 'params': 600903, 'time_iter': 13.8998, 'accuracy': 0.9625, 'precision': 0.4737, 'recall': 0.0146, 'f1': 0.0283, 'auc': 0.767}
val: {'epoch': 36, 'loss': 0.1179, 'lr': 0.001, 'params': 600903, 'time_iter': 2.047, 'accuracy': 0.9803, 'precision': 0.0, 'recall': 0.0, 'f1': 0.0, 'auc': 0.7531}
train: {'epoch': 36, 'eta': 886244.2919, 'loss': 0.1361, 'lr': 0.001, 'params': 600903, 'time_iter': 13.7487, 'accuracy': 0.9627, 'precision': 0.5385, 'recall': 0.0227, 'f1': 0.0436, 'auc': 0.7622}
val: {'epoch': 37, 'loss': 0.1293, 'lr': 0.001, 'params': 600903, 'time_iter': 1.5827, 'accuracy': 0.9803, 'precision': 0.0, 'recall': 0.0, 'f1': 0.0, 'auc': 0.6959}
train: {'epoch': 37, 'eta': 872470.7087, 'loss': 0.1373, 'lr': 0.001, 'params': 600903, 'time_iter': 13.8459, 'accuracy': 0.9625, 'precision': 0.4902, 'recall': 0.0203, 'f1': 0.039, 'auc': 0.7582}
val: {'epoch': 38, 'loss': 0.1274, 'lr': 0.001, 'params': 600903, 'time_iter': 1.591, 'accuracy': 0.9801, 'precision': 0.0, 'recall': 0.0, 'f1': 0.0, 'auc': 0.7251}
train: {'epoch': 38, 'eta': 857917.8493, 'loss': 0.1411, 'lr': 0.001, 'params': 600903, 'time_iter': 13.3768, 'accuracy': 0.9624, 'precision': 0.4565, 'recall': 0.017, 'f1': 0.0329, 'auc': 0.7438}
val: {'epoch': 39, 'loss': 0.1285, 'lr': 0.001, 'params': 600903, 'time_iter': 1.7726, 'accuracy': 0.9803, 'precision': 0.0, 'recall': 0.0, 'f1': 0.0, 'auc': 0.7583}
train: {'epoch': 39, 'eta': 843750.0497, 'loss': 0.1382, 'lr': 0.001, 'params': 600903, 'time_iter': 13.6008, 'accuracy': 0.9625, 'precision': 0.4789, 'recall': 0.0276, 'f1': 0.0522, 'auc': 0.755}
val: {'epoch': 40, 'loss': 0.1251, 'lr': 0.001, 'params': 600903, 'time_iter': 1.6257, 'accuracy': 0.9803, 'precision': 0.0, 'recall': 0.0, 'f1': 0.0, 'auc': 0.7331}
train: {'epoch': 40, 'eta': 829911.1525, 'loss': 0.1373, 'lr': 0.001, 'params': 600903, 'time_iter': 13.8172, 'accuracy': 0.9627, 'precision': 0.527, 'recall': 0.0317, 'f1': 0.0597, 'auc': 0.7582}
val: {'epoch': 41, 'loss': 0.1277, 'lr': 0.001, 'params': 600903, 'time_iter': 1.6197, 'accuracy': 0.9801, 'precision': 0.0, 'recall': 0.0, 'f1': 0.0, 'auc': 0.7379}
train: {'epoch': 41, 'eta': 815292.0268, 'loss': 0.1364, 'lr': 0.001, 'params': 600903, 'time_iter': 13.2808, 'accuracy': 0.9626, 'precision': 0.5254, 'recall': 0.0252, 'f1': 0.048, 'auc': 0.7644}
val: {'epoch': 42, 'loss': 0.1334, 'lr': 0.001, 'params': 600903, 'time_iter': 1.7041, 'accuracy': 0.9803, 'precision': 0.0, 'recall': 0.0, 'f1': 0.0, 'auc': 0.7478}
train: {'epoch': 42, 'eta': 800965.5796, 'loss': 0.1358, 'lr': 0.001, 'params': 600903, 'time_iter': 13.4629, 'accuracy': 0.9626, 'precision': 0.5065, 'recall': 0.0317, 'f1': 0.0596, 'auc': 0.766}
val: {'epoch': 43, 'loss': 0.1285, 'lr': 0.001, 'params': 600903, 'time_iter': 1.5673, 'accuracy': 0.9801, 'precision': 0.0, 'recall': 0.0, 'f1': 0.0, 'auc': 0.7289}
train: {'epoch': 43, 'eta': 786588.5357, 'loss': 0.1343, 'lr': 0.001, 'params': 600903, 'time_iter': 13.4078, 'accuracy': 0.9628, 'precision': 0.5556, 'recall': 0.0365, 'f1': 0.0685, 'auc': 0.7745}
val: {'epoch': 44, 'loss': 0.1313, 'lr': 0.001, 'params': 600903, 'time_iter': 1.617, 'accuracy': 0.9803, 'precision': 0.0, 'recall': 0.0, 'f1': 0.0, 'auc': 0.7435}
train: {'epoch': 44, 'eta': 772309.3776, 'loss': 0.1346, 'lr': 0.001, 'params': 600903, 'time_iter': 13.4652, 'accuracy': 0.963, 'precision': 0.6026, 'recall': 0.0381, 'f1': 0.0718, 'auc': 0.77}
val: {'epoch': 45, 'loss': 0.1303, 'lr': 0.001, 'params': 600903, 'time_iter': 1.7185, 'accuracy': 0.9803, 'precision': 0.0, 'recall': 0.0, 'f1': 0.0, 'auc': 0.741}
train: {'epoch': 45, 'eta': 758407.1092, 'loss': 0.1356, 'lr': 0.001, 'params': 600903, 'time_iter': 13.7619, 'accuracy': 0.9627, 'precision': 0.5306, 'recall': 0.0422, 'f1': 0.0782, 'auc': 0.7689}
val: {'epoch': 46, 'loss': 0.1319, 'lr': 0.001, 'params': 600903, 'time_iter': 1.5583, 'accuracy': 0.9803, 'precision': 0.0, 'recall': 0.0, 'f1': 0.0, 'auc': 0.7097}
train: {'epoch': 46, 'eta': 744637.0297, 'loss': 0.1349, 'lr': 0.001, 'params': 600903, 'time_iter': 13.8853, 'accuracy': 0.9629, 'precision': 0.5732, 'recall': 0.0381, 'f1': 0.0715, 'auc': 0.776}
val: {'epoch': 47, 'loss': 0.129, 'lr': 0.001, 'params': 600903, 'time_iter': 1.6296, 'accuracy': 0.9803, 'precision': 0.0, 'recall': 0.0, 'f1': 0.0, 'auc': 0.716}
train: {'epoch': 47, 'eta': 730627.1035, 'loss': 0.1364, 'lr': 0.001, 'params': 600903, 'time_iter': 13.6895, 'accuracy': 0.963, 'precision': 0.5728, 'recall': 0.0479, 'f1': 0.0884, 'auc': 0.7712}
val: {'epoch': 48, 'loss': 0.1344, 'lr': 0.001, 'params': 600903, 'time_iter': 1.8196, 'accuracy': 0.9803, 'precision': 0.0, 'recall': 0.0, 'f1': 0.0, 'auc': 0.694}
train: {'epoch': 48, 'eta': 716389.4215, 'loss': 0.1339, 'lr': 0.001, 'params': 600903, 'time_iter': 13.4798, 'accuracy': 0.9633, 'precision': 0.614, 'recall': 0.0568, 'f1': 0.104, 'auc': 0.7769}
val: {'epoch': 49, 'loss': 0.1365, 'lr': 0.001, 'params': 600903, 'time_iter': 1.6214, 'accuracy': 0.9803, 'precision': 0.0, 'recall': 0.0, 'f1': 0.0, 'auc': 0.6612}
train: {'epoch': 49, 'eta': 702190.2356, 'loss': 0.1351, 'lr': 0.001, 'params': 600903, 'time_iter': 13.5029, 'accuracy': 0.9628, 'precision': 0.5351, 'recall': 0.0495, 'f1': 0.0906, 'auc': 0.7755}
val: {'epoch': 50, 'loss': 0.1418, 'lr': 0.001, 'params': 600903, 'time_iter': 1.6081, 'accuracy': 0.9803, 'precision': 0.0, 'recall': 0.0, 'f1': 0.0, 'auc': 0.654}
train: {'epoch': 50, 'eta': 687907.558, 'loss': 0.1347, 'lr': 0.001, 'params': 600903, 'time_iter': 13.4064, 'accuracy': 0.9633, 'precision': 0.6071, 'recall': 0.0552, 'f1': 0.1012, 'auc': 0.7755}
val: {'epoch': 51, 'loss': 0.138, 'lr': 0.001, 'params': 600903, 'time_iter': 1.7356, 'accuracy': 0.9803, 'precision': 0.0, 'recall': 0.0, 'f1': 0.0, 'auc': 0.6606}
train: {'epoch': 51, 'eta': 673600.846, 'loss': 0.1344, 'lr': 0.001, 'params': 600903, 'time_iter': 13.3614, 'accuracy': 0.9633, 'precision': 0.5966, 'recall': 0.0576, 'f1': 0.1051, 'auc': 0.776}
val: {'epoch': 52, 'loss': 0.1335, 'lr': 0.001, 'params': 600903, 'time_iter': 1.5963, 'accuracy': 0.9803, 'precision': 0.0, 'recall': 0.0, 'f1': 0.0, 'auc': 0.7026}
train: {'epoch': 52, 'eta': 659592.5316, 'loss': 0.1354, 'lr': 0.001, 'params': 600903, 'time_iter': 13.6653, 'accuracy': 0.9626, 'precision': 0.5077, 'recall': 0.0536, 'f1': 0.0969, 'auc': 0.772}
val: {'epoch': 53, 'loss': 0.1357, 'lr': 0.001, 'params': 600903, 'time_iter': 1.6061, 'accuracy': 0.9803, 'precision': 0.0, 'recall': 0.0, 'f1': 0.0, 'auc': 0.687}
train: {'epoch': 53, 'eta': 645345.3228, 'loss': 0.1332, 'lr': 0.001, 'params': 600903, 'time_iter': 13.395, 'accuracy': 0.9628, 'precision': 0.5321, 'recall': 0.0471, 'f1': 0.0865, 'auc': 0.7832}
val: {'epoch': 54, 'loss': 0.1414, 'lr': 0.001, 'params': 600903, 'time_iter': 1.9229, 'accuracy': 0.9803, 'precision': 0.0, 'recall': 0.0, 'f1': 0.0, 'auc': 0.6675}
train: {'epoch': 54, 'eta': 631202.6318, 'loss': 0.1324, 'lr': 0.001, 'params': 600903, 'time_iter': 13.4991, 'accuracy': 0.9628, 'precision': 0.5354, 'recall': 0.0552, 'f1': 0.1001, 'auc': 0.7893}
val: {'epoch': 55, 'loss': 0.139, 'lr': 0.001, 'params': 600903, 'time_iter': 1.6371, 'accuracy': 0.9803, 'precision': 0.0, 'recall': 0.0, 'f1': 0.0, 'auc': 0.7023}
train: {'epoch': 55, 'eta': 617042.2661, 'loss': 0.133, 'lr': 0.001, 'params': 600903, 'time_iter': 13.4661, 'accuracy': 0.9633, 'precision': 0.5909, 'recall': 0.0633, 'f1': 0.1144, 'auc': 0.781}
val: {'epoch': 56, 'loss': 0.1283, 'lr': 0.001, 'params': 600903, 'time_iter': 1.6024, 'accuracy': 0.9803, 'precision': 0.0, 'recall': 0.0, 'f1': 0.0, 'auc': 0.6981}
train: {'epoch': 56, 'eta': 602914.6745, 'loss': 0.1317, 'lr': 0.001, 'params': 600903, 'time_iter': 13.4946, 'accuracy': 0.9629, 'precision': 0.5362, 'recall': 0.0601, 'f1': 0.108, 'auc': 0.7832}
val: {'epoch': 57, 'loss': 0.134, 'lr': 0.001, 'params': 600903, 'time_iter': 1.709, 'accuracy': 0.9803, 'precision': 0.0, 'recall': 0.0, 'f1': 0.0, 'auc': 0.6978}
train: {'epoch': 57, 'eta': 588819.6116, 'loss': 0.1318, 'lr': 0.001, 'params': 600903, 'time_iter': 13.5271, 'accuracy': 0.9633, 'precision': 0.5804, 'recall': 0.0674, 'f1': 0.1207, 'auc': 0.7832}
val: {'epoch': 58, 'loss': 0.1419, 'lr': 0.001, 'params': 600903, 'time_iter': 1.6304, 'accuracy': 0.9803, 'precision': 0.0, 'recall': 0.0, 'f1': 0.0, 'auc': 0.6557}
train: {'epoch': 58, 'eta': 574842.0462, 'loss': 0.131, 'lr': 0.001, 'params': 600903, 'time_iter': 13.6831, 'accuracy': 0.9628, 'precision': 0.5259, 'recall': 0.0576, 'f1': 0.1039, 'auc': 0.7905}
val: {'epoch': 59, 'loss': 0.1423, 'lr': 0.001, 'params': 600903, 'time_iter': 1.6112, 'accuracy': 0.9803, 'precision': 0.0, 'recall': 0.0, 'f1': 0.0, 'auc': 0.644}
train: {'epoch': 59, 'eta': 560794.5223, 'loss': 0.1313, 'lr': 0.001, 'params': 600903, 'time_iter': 13.5861, 'accuracy': 0.9627, 'precision': 0.5234, 'recall': 0.0544, 'f1': 0.0985, 'auc': 0.7896}
val: {'epoch': 60, 'loss': 0.1374, 'lr': 0.001, 'params': 600903, 'time_iter': 1.6498, 'accuracy': 0.9803, 'precision': 0.0, 'recall': 0.0, 'f1': 0.0, 'auc': 0.6735}
train: {'epoch': 60, 'eta': 546706.1197, 'loss': 0.1314, 'lr': 0.001, 'params': 600903, 'time_iter': 13.5206, 'accuracy': 0.963, 'precision': 0.5678, 'recall': 0.0544, 'f1': 0.0993, 'auc': 0.7891}
val: {'epoch': 61, 'loss': 0.1412, 'lr': 0.001, 'params': 600903, 'time_iter': 1.6169, 'accuracy': 0.9803, 'precision': 0.0, 'recall': 0.0, 'f1': 0.0, 'auc': 0.6626}
train: {'epoch': 61, 'eta': 532715.7242, 'loss': 0.1313, 'lr': 0.001, 'params': 600903, 'time_iter': 13.667, 'accuracy': 0.9629, 'precision': 0.5433, 'recall': 0.056, 'f1': 0.1015, 'auc': 0.7887}
val: {'epoch': 62, 'loss': 0.1412, 'lr': 0.001, 'params': 600903, 'time_iter': 1.6045, 'accuracy': 0.9803, 'precision': 0.0, 'recall': 0.0, 'f1': 0.0, 'auc': 0.6666}
train: {'epoch': 62, 'eta': 518620.0719, 'loss': 0.1296, 'lr': 0.001, 'params': 600903, 'time_iter': 13.4966, 'accuracy': 0.9633, 'precision': 0.5968, 'recall': 0.0601, 'f1': 0.1091, 'auc': 0.7981}
val: {'epoch': 63, 'loss': 0.1384, 'lr': 0.001, 'params': 600903, 'time_iter': 1.6317, 'accuracy': 0.9803, 'precision': 0.0, 'recall': 0.0, 'f1': 0.0, 'auc': 0.6728}
train: {'epoch': 63, 'eta': 504552.6981, 'loss': 0.1288, 'lr': 0.001, 'params': 600903, 'time_iter': 13.5343, 'accuracy': 0.9631, 'precision': 0.5639, 'recall': 0.0609, 'f1': 0.1099, 'auc': 0.8021}
val: {'epoch': 64, 'loss': 0.1409, 'lr': 0.001, 'params': 600903, 'time_iter': 1.6199, 'accuracy': 0.9803, 'precision': 0.0, 'recall': 0.0, 'f1': 0.0, 'auc': 0.6487}
train: {'epoch': 64, 'eta': 490492.103, 'loss': 0.1296, 'lr': 0.001, 'params': 600903, 'time_iter': 13.5387, 'accuracy': 0.9631, 'precision': 0.5612, 'recall': 0.0633, 'f1': 0.1138, 'auc': 0.7932}
val: {'epoch': 65, 'loss': 0.147, 'lr': 0.001, 'params': 600903, 'time_iter': 1.6, 'accuracy': 0.9803, 'precision': 0.0, 'recall': 0.0, 'f1': 0.0, 'auc': 0.6297}
train: {'epoch': 65, 'eta': 476561.7972, 'loss': 0.1299, 'lr': 0.001, 'params': 600903, 'time_iter': 13.7771, 'accuracy': 0.9634, 'precision': 0.5931, 'recall': 0.0698, 'f1': 0.1249, 'auc': 0.7984}
val: {'epoch': 66, 'loss': 0.1478, 'lr': 0.001, 'params': 600903, 'time_iter': 1.6111, 'accuracy': 0.9803, 'precision': 0.0, 'recall': 0.0, 'f1': 0.0, 'auc': 0.6826}
train: {'epoch': 66, 'eta': 462539.6768, 'loss': 0.1285, 'lr': 0.001, 'params': 600903, 'time_iter': 13.6105, 'accuracy': 0.9632, 'precision': 0.5781, 'recall': 0.0601, 'f1': 0.1088, 'auc': 0.7993}
val: {'epoch': 67, 'loss': 0.1351, 'lr': 0.001, 'params': 600903, 'time_iter': 2.1661, 'accuracy': 0.9803, 'precision': 0.0, 'recall': 0.0, 'f1': 0.0, 'auc': 0.68}
train: {'epoch': 67, 'eta': 448396.9336, 'loss': 0.1293, 'lr': 0.001, 'params': 600903, 'time_iter': 13.3603, 'accuracy': 0.9633, 'precision': 0.5867, 'recall': 0.0714, 'f1': 0.1274, 'auc': 0.7947}
val: {'epoch': 68, 'loss': 0.1418, 'lr': 0.001, 'params': 600903, 'time_iter': 1.5791, 'accuracy': 0.9803, 'precision': 0.0, 'recall': 0.0, 'f1': 0.0, 'auc': 0.6864}
train: {'epoch': 68, 'eta': 434276.5737, 'loss': 0.1274, 'lr': 0.001, 'params': 600903, 'time_iter': 13.384, 'accuracy': 0.9636, 'precision': 0.6288, 'recall': 0.0674, 'f1': 0.1217, 'auc': 0.8062}
val: {'epoch': 69, 'loss': 0.1457, 'lr': 0.001, 'params': 600903, 'time_iter': 1.6359, 'accuracy': 0.9801, 'precision': 0.0, 'recall': 0.0, 'f1': 0.0, 'auc': 0.6419}
train: {'epoch': 69, 'eta': 420218.9164, 'loss': 0.1277, 'lr': 0.001, 'params': 600903, 'time_iter': 13.5036, 'accuracy': 0.9636, 'precision': 0.6144, 'recall': 0.0763, 'f1': 0.1357, 'auc': 0.8043}
val: {'epoch': 70, 'loss': 0.1483, 'lr': 0.001, 'params': 600903, 'time_iter': 1.9913, 'accuracy': 0.9803, 'precision': 0.0, 'recall': 0.0, 'f1': 0.0, 'auc': 0.6834}
train: {'epoch': 70, 'eta': 406134.824, 'loss': 0.1281, 'lr': 0.001, 'params': 600903, 'time_iter': 13.4298, 'accuracy': 0.9632, 'precision': 0.5705, 'recall': 0.069, 'f1': 0.1231, 'auc': 0.8005}
val: {'epoch': 71, 'loss': 0.1446, 'lr': 0.001, 'params': 600903, 'time_iter': 1.6248, 'accuracy': 0.9803, 'precision': 0.0, 'recall': 0.0, 'f1': 0.0, 'auc': 0.6931}
train: {'epoch': 71, 'eta': 392276.8334, 'loss': 0.1264, 'lr': 0.001, 'params': 600903, 'time_iter': 13.9765, 'accuracy': 0.9641, 'precision': 0.6524, 'recall': 0.0869, 'f1': 0.1533, 'auc': 0.8043}
val: {'epoch': 72, 'loss': 0.1457, 'lr': 0.001, 'params': 600903, 'time_iter': 1.6117, 'accuracy': 0.9803, 'precision': 0.0, 'recall': 0.0, 'f1': 0.0, 'auc': 0.6885}
train: {'epoch': 72, 'eta': 378219.9795, 'loss': 0.1268, 'lr': 0.001, 'params': 600903, 'time_iter': 13.4916, 'accuracy': 0.9638, 'precision': 0.6167, 'recall': 0.0901, 'f1': 0.1572, 'auc': 0.8014}
val: {'epoch': 73, 'loss': 0.1409, 'lr': 0.001, 'params': 600903, 'time_iter': 2.052, 'accuracy': 0.9803, 'precision': 0.0, 'recall': 0.0, 'f1': 0.0, 'auc': 0.7192}
train: {'epoch': 73, 'eta': 364217.3873, 'loss': 0.1293, 'lr': 0.001, 'params': 600903, 'time_iter': 13.6287, 'accuracy': 0.9636, 'precision': 0.6062, 'recall': 0.0787, 'f1': 0.1394, 'auc': 0.7929}
val: {'epoch': 74, 'loss': 0.1448, 'lr': 0.001, 'params': 600903, 'time_iter': 1.587, 'accuracy': 0.9803, 'precision': 0.0, 'recall': 0.0, 'f1': 0.0, 'auc': 0.7118}
train: {'epoch': 74, 'eta': 350229.2955, 'loss': 0.128, 'lr': 0.001, 'params': 600903, 'time_iter': 13.6727, 'accuracy': 0.9637, 'precision': 0.6082, 'recall': 0.0844, 'f1': 0.1483, 'auc': 0.7989}
val: {'epoch': 75, 'loss': 0.1492, 'lr': 0.001, 'params': 600903, 'time_iter': 1.605, 'accuracy': 0.9803, 'precision': 0.0, 'recall': 0.0, 'f1': 0.0, 'auc': 0.7139}
train: {'epoch': 75, 'eta': 336220.929, 'loss': 0.1291, 'lr': 0.001, 'params': 600903, 'time_iter': 13.6168, 'accuracy': 0.9636, 'precision': 0.6048, 'recall': 0.082, 'f1': 0.1444, 'auc': 0.7989}
val: {'epoch': 76, 'loss': 0.1521, 'lr': 0.001, 'params': 600903, 'time_iter': 1.8583, 'accuracy': 0.9803, 'precision': 0.0, 'recall': 0.0, 'f1': 0.0, 'auc': 0.71}
train: {'epoch': 76, 'eta': 322167.8909, 'loss': 0.13, 'lr': 0.001, 'params': 600903, 'time_iter': 13.4718, 'accuracy': 0.9635, 'precision': 0.5882, 'recall': 0.0812, 'f1': 0.1427, 'auc': 0.7916}
val: {'epoch': 77, 'loss': 0.1478, 'lr': 0.001, 'params': 600903, 'time_iter': 1.6046, 'accuracy': 0.9803, 'precision': 0.0, 'recall': 0.0, 'f1': 0.0, 'auc': 0.7329}
train: {'epoch': 77, 'eta': 308168.8853, 'loss': 0.1293, 'lr': 0.001, 'params': 600903, 'time_iter': 13.6411, 'accuracy': 0.9639, 'precision': 0.6162, 'recall': 0.0925, 'f1': 0.1609, 'auc': 0.793}
val: {'epoch': 78, 'loss': 0.1454, 'lr': 0.001, 'params': 600903, 'time_iter': 1.5788, 'accuracy': 0.9803, 'precision': 0.0, 'recall': 0.0, 'f1': 0.0, 'auc': 0.7051}
train: {'epoch': 78, 'eta': 294154.5788, 'loss': 0.1294, 'lr': 0.001, 'params': 600903, 'time_iter': 13.5887, 'accuracy': 0.9642, 'precision': 0.6709, 'recall': 0.086, 'f1': 0.1525, 'auc': 0.7925}
val: {'epoch': 79, 'loss': 0.1538, 'lr': 0.001, 'params': 600903, 'time_iter': 1.9975, 'accuracy': 0.9803, 'precision': 0.0, 'recall': 0.0, 'f1': 0.0, 'auc': 0.6893}
train: {'epoch': 79, 'eta': 280168.5449, 'loss': 0.1292, 'lr': 0.001, 'params': 600903, 'time_iter': 13.6955, 'accuracy': 0.9636, 'precision': 0.6098, 'recall': 0.0812, 'f1': 0.1433, 'auc': 0.795}
val: {'epoch': 80, 'loss': 0.1478, 'lr': 0.001, 'params': 600903, 'time_iter': 1.6204, 'accuracy': 0.9803, 'precision': 0.0, 'recall': 0.0, 'f1': 0.0, 'auc': 0.7173}
train: {'epoch': 80, 'eta': 266147.7649, 'loss': 0.1283, 'lr': 0.001, 'params': 600903, 'time_iter': 13.5625, 'accuracy': 0.964, 'precision': 0.6369, 'recall': 0.0925, 'f1': 0.1616, 'auc': 0.8}
val: {'epoch': 81, 'loss': 0.1486, 'lr': 0.001, 'params': 600903, 'time_iter': 1.628, 'accuracy': 0.9803, 'precision': 0.0, 'recall': 0.0, 'f1': 0.0, 'auc': 0.7095}
train: {'epoch': 81, 'eta': 252135.7709, 'loss': 0.1297, 'lr': 0.001, 'params': 600903, 'time_iter': 13.5943, 'accuracy': 0.9631, 'precision': 0.5523, 'recall': 0.0771, 'f1': 0.1353, 'auc': 0.7985}
val: {'epoch': 82, 'loss': 0.1464, 'lr': 0.001, 'params': 600903, 'time_iter': 1.7627, 'accuracy': 0.9803, 'precision': 0.0, 'recall': 0.0, 'f1': 0.0, 'auc': 0.7395}
train: {'epoch': 82, 'eta': 238140.3039, 'loss': 0.1292, 'lr': 0.001, 'params': 600903, 'time_iter': 13.6701, 'accuracy': 0.9634, 'precision': 0.578, 'recall': 0.0812, 'f1': 0.1423, 'auc': 0.7945}
val: {'epoch': 83, 'loss': 0.1433, 'lr': 0.001, 'params': 600903, 'time_iter': 1.6258, 'accuracy': 0.9803, 'precision': 0.0, 'recall': 0.0, 'f1': 0.0, 'auc': 0.7143}
train: {'epoch': 83, 'eta': 224187.5598, 'loss': 0.1279, 'lr': 0.001, 'params': 600903, 'time_iter': 13.8967, 'accuracy': 0.9637, 'precision': 0.6054, 'recall': 0.0909, 'f1': 0.1581, 'auc': 0.8014}
val: {'epoch': 84, 'loss': 0.1526, 'lr': 0.001, 'params': 600903, 'time_iter': 1.5467, 'accuracy': 0.9803, 'precision': 0.0, 'recall': 0.0, 'f1': 0.0, 'auc': 0.6823}
train: {'epoch': 84, 'eta': 210190.7651, 'loss': 0.1278, 'lr': 0.001, 'params': 600903, 'time_iter': 13.699, 'accuracy': 0.9639, 'precision': 0.6243, 'recall': 0.0877, 'f1': 0.1537, 'auc': 0.7946}
val: {'epoch': 85, 'loss': 0.1436, 'lr': 0.001, 'params': 600903, 'time_iter': 1.7538, 'accuracy': 0.9803, 'precision': 0.0, 'recall': 0.0, 'f1': 0.0, 'auc': 0.7046}
train: {'epoch': 85, 'eta': 196136.9597, 'loss': 0.1263, 'lr': 0.001, 'params': 600903, 'time_iter': 13.3725, 'accuracy': 0.9639, 'precision': 0.6122, 'recall': 0.0974, 'f1': 0.1681, 'auc': 0.8046}
val: {'epoch': 86, 'loss': 0.14, 'lr': 0.001, 'params': 600903, 'time_iter': 1.6053, 'accuracy': 0.9803, 'precision': 0.0, 'recall': 0.0, 'f1': 0.0, 'auc': 0.7132}
train: {'epoch': 86, 'eta': 182104.4199, 'loss': 0.1267, 'lr': 0.001, 'params': 600903, 'time_iter': 13.4669, 'accuracy': 0.964, 'precision': 0.6117, 'recall': 0.1023, 'f1': 0.1752, 'auc': 0.8022}
val: {'epoch': 87, 'loss': 0.1438, 'lr': 0.001, 'params': 600903, 'time_iter': 1.649, 'accuracy': 0.9803, 'precision': 0.0, 'recall': 0.0, 'f1': 0.0, 'auc': 0.7173}
train: {'epoch': 87, 'eta': 168066.0111, 'loss': 0.1297, 'lr': 0.001, 'params': 600903, 'time_iter': 13.3968, 'accuracy': 0.9633, 'precision': 0.5731, 'recall': 0.0795, 'f1': 0.1397, 'auc': 0.792}
val: {'epoch': 88, 'loss': 0.1474, 'lr': 0.001, 'params': 600903, 'time_iter': 1.9999, 'accuracy': 0.9803, 'precision': 0.0, 'recall': 0.0, 'f1': 0.0, 'auc': 0.723}
train: {'epoch': 88, 'eta': 154070.6028, 'loss': 0.129, 'lr': 0.001, 'params': 600903, 'time_iter': 13.6901, 'accuracy': 0.9639, 'precision': 0.6215, 'recall': 0.0893, 'f1': 0.1561, 'auc': 0.7879}
val: {'epoch': 89, 'loss': 0.142, 'lr': 0.001, 'params': 600903, 'time_iter': 1.5947, 'accuracy': 0.9803, 'precision': 0.0, 'recall': 0.0, 'f1': 0.0, 'auc': 0.7367}
train: {'epoch': 89, 'eta': 140071.8158, 'loss': 0.1282, 'lr': 0.001, 'params': 600903, 'time_iter': 13.6784, 'accuracy': 0.9635, 'precision': 0.5806, 'recall': 0.0877, 'f1': 0.1523, 'auc': 0.7974}
val: {'epoch': 90, 'loss': 0.1488, 'lr': 0.001, 'params': 600903, 'time_iter': 1.5964, 'accuracy': 0.9803, 'precision': 0.0, 'recall': 0.0, 'f1': 0.0, 'auc': 0.6606}
train: {'epoch': 90, 'eta': 126041.1713, 'loss': 0.1306, 'lr': 0.001, 'params': 600903, 'time_iter': 13.3819, 'accuracy': 0.9627, 'precision': 0.5127, 'recall': 0.0657, 'f1': 0.1165, 'auc': 0.7905}
val: {'epoch': 91, 'loss': 0.1418, 'lr': 0.001, 'params': 600903, 'time_iter': 1.7588, 'accuracy': 0.9803, 'precision': 0.0, 'recall': 0.0, 'f1': 0.0, 'auc': 0.7296}
train: {'epoch': 91, 'eta': 112044.4862, 'loss': 0.1284, 'lr': 0.001, 'params': 600903, 'time_iter': 13.6981, 'accuracy': 0.963, 'precision': 0.5455, 'recall': 0.0779, 'f1': 0.1364, 'auc': 0.7997}
val: {'epoch': 92, 'loss': 0.1522, 'lr': 0.001, 'params': 600903, 'time_iter': 1.5726, 'accuracy': 0.9803, 'precision': 0.0, 'recall': 0.0, 'f1': 0.0, 'auc': 0.6587}
train: {'epoch': 92, 'eta': 98034.6897, 'loss': 0.1312, 'lr': 0.001, 'params': 600903, 'time_iter': 13.5562, 'accuracy': 0.9635, 'precision': 0.5963, 'recall': 0.0779, 'f1': 0.1378, 'auc': 0.791}
val: {'epoch': 93, 'loss': 0.1499, 'lr': 0.001, 'params': 600903, 'time_iter': 1.6652, 'accuracy': 0.9803, 'precision': 0.0, 'recall': 0.0, 'f1': 0.0, 'auc': 0.6801}
train: {'epoch': 93, 'eta': 84026.9387, 'loss': 0.1303, 'lr': 0.001, 'params': 600903, 'time_iter': 13.5677, 'accuracy': 0.9636, 'precision': 0.5954, 'recall': 0.0836, 'f1': 0.1466, 'auc': 0.7899}
val: {'epoch': 94, 'loss': 0.1491, 'lr': 0.001, 'params': 600903, 'time_iter': 1.7018, 'accuracy': 0.9803, 'precision': 0.0, 'recall': 0.0, 'f1': 0.0, 'auc': 0.676}
train: {'epoch': 94, 'eta': 70035.988, 'loss': 0.129, 'lr': 0.001, 'params': 600903, 'time_iter': 13.8598, 'accuracy': 0.9637, 'precision': 0.6011, 'recall': 0.0893, 'f1': 0.1555, 'auc': 0.7979}
val: {'epoch': 95, 'loss': 0.1474, 'lr': 0.001, 'params': 600903, 'time_iter': 1.5542, 'accuracy': 0.9803, 'precision': 0.0, 'recall': 0.0, 'f1': 0.0, 'auc': 0.6196}
train: {'epoch': 95, 'eta': 56027.4445, 'loss': 0.129, 'lr': 0.001, 'params': 600903, 'time_iter': 13.581, 'accuracy': 0.9635, 'precision': 0.5795, 'recall': 0.0917, 'f1': 0.1584, 'auc': 0.8011}
val: {'epoch': 96, 'loss': 0.1477, 'lr': 0.001, 'params': 600903, 'time_iter': 1.6179, 'accuracy': 0.9803, 'precision': 0.0, 'recall': 0.0, 'f1': 0.0, 'auc': 0.6432}
train: {'epoch': 96, 'eta': 42021.6538, 'loss': 0.1276, 'lr': 0.001, 'params': 600903, 'time_iter': 13.6457, 'accuracy': 0.964, 'precision': 0.6079, 'recall': 0.112, 'f1': 0.1892, 'auc': 0.7974}
val: {'epoch': 97, 'loss': 0.1447, 'lr': 0.001, 'params': 600903, 'time_iter': 1.6919, 'accuracy': 0.9803, 'precision': 0.0, 'recall': 0.0, 'f1': 0.0, 'auc': 0.7099}
train: {'epoch': 97, 'eta': 28009.5264, 'loss': 0.1267, 'lr': 0.001, 'params': 600903, 'time_iter': 13.3787, 'accuracy': 0.9638, 'precision': 0.6053, 'recall': 0.0933, 'f1': 0.1617, 'auc': 0.8034}
val: {'epoch': 98, 'loss': 0.1371, 'lr': 0.001, 'params': 600903, 'time_iter': 1.6159, 'accuracy': 0.9803, 'precision': 0.0, 'recall': 0.0, 'f1': 0.0, 'auc': 0.7084}
train: {'epoch': 98, 'eta': 14005.7425, 'loss': 0.1274, 'lr': 0.001, 'params': 600903, 'time_iter': 13.7043, 'accuracy': 0.9644, 'precision': 0.6471, 'recall': 0.1071, 'f1': 0.1838, 'auc': 0.8}
val: {'epoch': 99, 'loss': 0.1526, 'lr': 0.001, 'params': 600903, 'time_iter': 1.6067, 'accuracy': 0.9803, 'precision': 0.0, 'recall': 0.0, 'f1': 0.0, 'auc': 0.6724}
train: {'epoch': 99, 'eta': 0.0, 'loss': 0.1271, 'lr': 0.001, 'params': 600903, 'time_iter': 13.7544, 'accuracy': 0.964, 'precision': 0.6085, 'recall': 0.1047, 'f1': 0.1787, 'auc': 0.7965}
test: {'epoch': 99, 'loss': 0.2552, 'lr': 0.001, 'params': 600903, 'time_iter': 1.5853, 'accuracy': 0.9684, 'precision': 0.0, 'recall': 0.0, 'f1': 0.0, 'auc': 0.5798}
test: {'epoch': 29, 'loss': 0.2009, 'lr': 0.001, 'params': 600903, 'time_iter': 1.475, 'accuracy': 0.9681, 'precision': 0.0, 'recall': 0.0, 'f1': 0.0, 'auc': 0.6927}
