GraphGymModule(
  (model): DilatedGNNModel(
    (encoder): FeatureEncoder(
      (node_encoder): AtomEncoder(
        (atom_embedding_list): ModuleList(
          (0): Embedding(119, 300)
          (1): Embedding(4, 300)
          (2): Embedding(12, 300)
          (3): Embedding(12, 300)
          (4): Embedding(10, 300)
          (5): Embedding(6, 300)
          (6): Embedding(6, 300)
          (7): Embedding(2, 300)
          (8): Embedding(2, 300)
        )
      )
      (edge_encoder): BondEncoder(
        (bond_embedding_list): ModuleList(
          (0): Embedding(5, 300)
          (1): Embedding(6, 300)
          (2): Embedding(2, 300)
        )
      )
    )
    (mp): GNNDilatedEdgesFeatureStage(
      (classic_layers): ModuleList(
        (0): GeneralLayer(
          (layer): EGINConv(
            (model): GINEConv(nn=Sequential(
              (0): Linear(300, 300, bias=True)
              (1): ReLU()
              (2): Linear(300, 300, bias=True)
            ))
          )
          (post_layer): Sequential(
            (0): BatchNorm1d(300, eps=1e-05, momentum=0.1, affine=True, track_running_stats=True)
            (1): Dropout(p=0.5, inplace=False)
            (2): ReLU()
          )
        )
      )
      (dilated_layers): ModuleList(
        (0): DilatedGeneralLayer(
          (layer): EGINConv(
            (model): GINEConv(nn=Sequential(
              (0): Linear(300, 300, bias=True)
              (1): ReLU()
              (2): Linear(300, 300, bias=True)
            ))
          )
          (post_layer): Sequential(
            (0): BatchNorm1d(300, eps=1e-05, momentum=0.1, affine=True, track_running_stats=True)
            (1): Dropout(p=0.5, inplace=False)
            (2): ReLU()
          )
          (gem): GeM(p=3.0000, eps=1e-06)
        )
        (1): DilatedGeneralLayer(
          (layer): EGINConv(
            (model): GINEConv(nn=Sequential(
              (0): Linear(300, 300, bias=True)
              (1): ReLU()
              (2): Linear(300, 300, bias=True)
            ))
          )
          (post_layer): Sequential(
            (0): BatchNorm1d(300, eps=1e-05, momentum=0.1, affine=True, track_running_stats=True)
            (1): Dropout(p=0.5, inplace=False)
            (2): ReLU()
          )
          (gem): GeM(p=3.0000, eps=1e-06)
        )
        (2): DilatedGeneralLayer(
          (layer): EGINConv(
            (model): GINEConv(nn=Sequential(
              (0): Linear(300, 300, bias=True)
              (1): ReLU()
              (2): Linear(300, 300, bias=True)
            ))
          )
          (post_layer): Sequential(
            (0): BatchNorm1d(300, eps=1e-05, momentum=0.1, affine=True, track_running_stats=True)
            (1): Dropout(p=0.5, inplace=False)
            (2): ReLU()
          )
          (gem): GeM(p=3.0000, eps=1e-06)
        )
      )
      (act): ReLU()
    )
    (post_mp): GNNGraphHead(
      (layer_post_mp): MLP(
        (model): Sequential(
          (0): Linear(
            (model): Linear(600, 1, bias=True)
          )
        )
      )
    )
  )
)
accelerator: cuda
benchmark: False
bn:
  eps: 1e-05
  mom: 0.1
cfg_dest: config.yaml
custom_metrics: []
dataset:
  cache_load: False
  cache_save: False
  dir: ./datasets
  edge_dim: 300
  edge_encoder: True
  edge_encoder_bn: False
  edge_encoder_name: Bond
  edge_message_ratio: 0.8
  edge_negative_sampling_ratio: 1.0
  edge_train_mode: all
  encoder: True
  encoder_bn: True
  encoder_dim: 128
  encoder_name: db
  fast_loader: False
  format: OGB
  label_column: none
  label_table: none
  location: local
  name: ogbg-molhiv
  node_encoder: True
  node_encoder_bn: False
  node_encoder_name: Atom
  remove_feature: False
  resample_disjoint: False
  resample_negative: False
  shuffle_split: True
  split: [0.8, 0.1, 0.1]
  split_mode: random
  task: graph
  task_type: classification
  to_undirected: False
  transductive: False
  transform: none
  tu_simple: True
devices: 1
gnn:
  act: relu
  act_on_last_layer_mp: True
  agg: none
  att_final_linear: False
  att_final_linear_bn: False
  att_heads: 1
  batchnorm: True
  clear_feature: True
  dim_inner: 300
  dropout: 0.5
  head: graph
  keep_edge: 0.5
  l2norm: True
  layer_type: eginconv
  layers_k1: 1
  layers_k2: 3
  layers_mp: 5
  layers_post_mp: 1
  layers_pre_mp: 0
  msg_direction: single
  normalize_adj: False
  self_msg: concat
  skip_every: 1
  stage_type: dilated_stage
  use_edge_features: True
gpu_mem: False
mem:
  inplace: False
metric_agg: argmax
metric_best: auc
model:
  edge_decoding: dot
  graph_pooling: mean
  loss_fun: cross_entropy
  match_upper: True
  size_average: mean
  thresh: 0.5
  type: dilated_gnn
num_threads: 6
num_workers: 16
optim:
  base_lr: 0.001
  lr_decay: 0.1
  max_epoch: 100
  momentum: 0.9
  optimizer: adam
  scheduler: none
  steps: [30, 60, 90]
  weight_decay: 0.0
out_dir: results_experiments/ogbg_molhiv_baseline_grid_comparison/ogbg_molhiv_baseline-type=dilated_gnn-stage_type=dilated_stage-layer_type=eginconv-layers_k1=1-layers_k2=3-act_on_last_layer_mp=True
params: 1142407
print: both
round: 4
run_dir: results_experiments/ogbg_molhiv_baseline_grid_comparison/ogbg_molhiv_baseline-type=dilated_gnn-stage_type=dilated_stage-layer_type=eginconv-layers_k1=1-layers_k2=3-act_on_last_layer_mp=True/6
seed: 7
share:
  dim_in: 9
  dim_out: 2
  num_splits: 3
tensorboard_agg: True
tensorboard_each_run: False
train:
  auto_resume: False
  batch_size: 32
  ckpt_clean: True
  ckpt_period: 100
  enable_ckpt: True
  epoch_resume: -1
  eval_period: 1
  iter_per_epoch: 32
  neighbor_sizes: [20, 15, 10, 5]
  node_per_graph: 32
  radius: extend
  sample_node: False
  sampler: full_batch
  skip_train_eval: False
  walk_length: 4
val:
  node_per_graph: 32
  radius: extend
  sample_node: False
  sampler: full_batch
view_emb: False
Num parameters: 1142407
val: {'epoch': 0, 'loss': 0.704, 'lr': 0.001, 'params': 1142407, 'time_iter': 1.0538, 'accuracy': 0.0156, 'precision': 0.0156, 'recall': 1.0, 'f1': 0.0308, 'auc': 0.4921}
val: {'epoch': 0, 'loss': 0.0937, 'lr': 0.001, 'params': 1142407, 'time_iter': 3.3985, 'accuracy': 0.9803, 'precision': 0.0, 'recall': 0.0, 'f1': 0.0, 'auc': 0.6436}
train: {'epoch': 0, 'eta': 1591380.4637, 'loss': 0.1798, 'lr': 0.001, 'params': 1142407, 'time_iter': 15.6215, 'accuracy': 0.9611, 'precision': 0.0702, 'recall': 0.0032, 'f1': 0.0062, 'auc': 0.6061}
val: {'epoch': 1, 'loss': 0.0902, 'lr': 0.001, 'params': 1142407, 'time_iter': 2.8377, 'accuracy': 0.9803, 'precision': 0.0, 'recall': 0.0, 'f1': 0.0, 'auc': 0.687}
train: {'epoch': 1, 'eta': 1565856.4794, 'loss': 0.1496, 'lr': 0.001, 'params': 1142407, 'time_iter': 15.4341, 'accuracy': 0.9626, 'precision': 0.0, 'recall': 0.0, 'f1': 0.0, 'auc': 0.6621}
val: {'epoch': 2, 'loss': 0.0909, 'lr': 0.001, 'params': 1142407, 'time_iter': 2.9348, 'accuracy': 0.9808, 'precision': 1.0, 'recall': 0.0247, 'f1': 0.0482, 'auc': 0.6885}
train: {'epoch': 2, 'eta': 1564702.6774, 'loss': 0.1469, 'lr': 0.001, 'params': 1142407, 'time_iter': 15.9734, 'accuracy': 0.9626, 'precision': 0.6667, 'recall': 0.0016, 'f1': 0.0032, 'auc': 0.6933}
val: {'epoch': 3, 'loss': 0.0891, 'lr': 0.001, 'params': 1142407, 'time_iter': 2.9833, 'accuracy': 0.9813, 'precision': 1.0, 'recall': 0.0494, 'f1': 0.0941, 'auc': 0.7058}
train: {'epoch': 3, 'eta': 1551888.5647, 'loss': 0.1456, 'lr': 0.001, 'params': 1142407, 'time_iter': 15.8106, 'accuracy': 0.9625, 'precision': 0.4545, 'recall': 0.0041, 'f1': 0.008, 'auc': 0.705}
val: {'epoch': 4, 'loss': 0.0878, 'lr': 0.001, 'params': 1142407, 'time_iter': 2.9228, 'accuracy': 0.9813, 'precision': 1.0, 'recall': 0.0494, 'f1': 0.0941, 'auc': 0.7193}
train: {'epoch': 4, 'eta': 1544989.375, 'loss': 0.1445, 'lr': 0.001, 'params': 1142407, 'time_iter': 16.1839, 'accuracy': 0.963, 'precision': 0.7586, 'recall': 0.0179, 'f1': 0.0349, 'auc': 0.7103}
val: {'epoch': 5, 'loss': 0.0903, 'lr': 0.001, 'params': 1142407, 'time_iter': 2.7587, 'accuracy': 0.981, 'precision': 1.0, 'recall': 0.037, 'f1': 0.0714, 'auc': 0.7011}
train: {'epoch': 5, 'eta': 1532804.5966, 'loss': 0.1438, 'lr': 0.001, 'params': 1142407, 'time_iter': 16.0577, 'accuracy': 0.9631, 'precision': 0.7368, 'recall': 0.0227, 'f1': 0.0441, 'auc': 0.715}
val: {'epoch': 6, 'loss': 0.0852, 'lr': 0.001, 'params': 1142407, 'time_iter': 3.0509, 'accuracy': 0.9818, 'precision': 0.875, 'recall': 0.0864, 'f1': 0.1573, 'auc': 0.7346}
train: {'epoch': 6, 'eta': 1515891.365, 'loss': 0.1441, 'lr': 0.001, 'params': 1142407, 'time_iter': 15.8025, 'accuracy': 0.963, 'precision': 0.6818, 'recall': 0.0244, 'f1': 0.047, 'auc': 0.7153}
val: {'epoch': 7, 'loss': 0.09, 'lr': 0.001, 'params': 1142407, 'time_iter': 3.0534, 'accuracy': 0.9818, 'precision': 1.0, 'recall': 0.0741, 'f1': 0.1379, 'auc': 0.7616}
train: {'epoch': 7, 'eta': 1503842.8568, 'loss': 0.1428, 'lr': 0.001, 'params': 1142407, 'time_iter': 16.1998, 'accuracy': 0.9629, 'precision': 0.6667, 'recall': 0.0162, 'f1': 0.0317, 'auc': 0.7231}
val: {'epoch': 8, 'loss': 0.0847, 'lr': 0.001, 'params': 1142407, 'time_iter': 3.0286, 'accuracy': 0.9815, 'precision': 0.7778, 'recall': 0.0864, 'f1': 0.1556, 'auc': 0.7505}
train: {'epoch': 8, 'eta': 1486346.5935, 'loss': 0.1416, 'lr': 0.001, 'params': 1142407, 'time_iter': 15.7749, 'accuracy': 0.9635, 'precision': 0.7963, 'recall': 0.0349, 'f1': 0.0669, 'auc': 0.7313}
val: {'epoch': 9, 'loss': 0.0868, 'lr': 0.001, 'params': 1142407, 'time_iter': 3.0139, 'accuracy': 0.9818, 'precision': 0.875, 'recall': 0.0864, 'f1': 0.1573, 'auc': 0.7534}
train: {'epoch': 9, 'eta': 1475869.6908, 'loss': 0.1405, 'lr': 0.001, 'params': 1142407, 'time_iter': 16.5055, 'accuracy': 0.9636, 'precision': 0.8036, 'recall': 0.0365, 'f1': 0.0699, 'auc': 0.7354}
val: {'epoch': 10, 'loss': 0.0877, 'lr': 0.001, 'params': 1142407, 'time_iter': 2.7952, 'accuracy': 0.9818, 'precision': 0.875, 'recall': 0.0864, 'f1': 0.1573, 'auc': 0.76}
train: {'epoch': 10, 'eta': 1458940.5954, 'loss': 0.1394, 'lr': 0.001, 'params': 1142407, 'time_iter': 15.8727, 'accuracy': 0.9638, 'precision': 0.7733, 'recall': 0.0471, 'f1': 0.0888, 'auc': 0.7438}
val: {'epoch': 11, 'loss': 0.0837, 'lr': 0.001, 'params': 1142407, 'time_iter': 3.0038, 'accuracy': 0.9818, 'precision': 0.875, 'recall': 0.0864, 'f1': 0.1573, 'auc': 0.7674}
train: {'epoch': 11, 'eta': 1443417.2512, 'loss': 0.1377, 'lr': 0.001, 'params': 1142407, 'time_iter': 16.0458, 'accuracy': 0.9641, 'precision': 0.7889, 'recall': 0.0576, 'f1': 0.1074, 'auc': 0.7548}
val: {'epoch': 12, 'loss': 0.0829, 'lr': 0.001, 'params': 1142407, 'time_iter': 2.9358, 'accuracy': 0.9818, 'precision': 0.8, 'recall': 0.0988, 'f1': 0.1758, 'auc': 0.7654}
train: {'epoch': 12, 'eta': 1429784.4906, 'loss': 0.1366, 'lr': 0.001, 'params': 1142407, 'time_iter': 16.3424, 'accuracy': 0.964, 'precision': 0.7379, 'recall': 0.0617, 'f1': 0.1139, 'auc': 0.7564}
val: {'epoch': 13, 'loss': 0.085, 'lr': 0.001, 'params': 1142407, 'time_iter': 2.9205, 'accuracy': 0.9815, 'precision': 0.7778, 'recall': 0.0864, 'f1': 0.1556, 'auc': 0.7646}
train: {'epoch': 13, 'eta': 1412217.6547, 'loss': 0.135, 'lr': 0.001, 'params': 1142407, 'time_iter': 15.792, 'accuracy': 0.9642, 'precision': 0.719, 'recall': 0.0706, 'f1': 0.1286, 'auc': 0.7614}
val: {'epoch': 14, 'loss': 0.0875, 'lr': 0.001, 'params': 1142407, 'time_iter': 3.0003, 'accuracy': 0.9818, 'precision': 0.875, 'recall': 0.0864, 'f1': 0.1573, 'auc': 0.7654}
train: {'epoch': 14, 'eta': 1394686.8724, 'loss': 0.134, 'lr': 0.001, 'params': 1142407, 'time_iter': 15.768, 'accuracy': 0.9644, 'precision': 0.8061, 'recall': 0.0641, 'f1': 0.1188, 'auc': 0.7681}
val: {'epoch': 15, 'loss': 0.0834, 'lr': 0.001, 'params': 1142407, 'time_iter': 2.8092, 'accuracy': 0.9818, 'precision': 0.8, 'recall': 0.0988, 'f1': 0.1758, 'auc': 0.7731}
train: {'epoch': 15, 'eta': 1378295.5325, 'loss': 0.1339, 'lr': 0.001, 'params': 1142407, 'time_iter': 15.9488, 'accuracy': 0.9644, 'precision': 0.7586, 'recall': 0.0714, 'f1': 0.1306, 'auc': 0.7682}
val: {'epoch': 16, 'loss': 0.0818, 'lr': 0.001, 'params': 1142407, 'time_iter': 2.9885, 'accuracy': 0.9818, 'precision': 0.8, 'recall': 0.0988, 'f1': 0.1758, 'auc': 0.7736}
train: {'epoch': 16, 'eta': 1360646.9728, 'loss': 0.1327, 'lr': 0.001, 'params': 1142407, 'time_iter': 15.699, 'accuracy': 0.9642, 'precision': 0.7345, 'recall': 0.0674, 'f1': 0.1234, 'auc': 0.7737}
val: {'epoch': 17, 'loss': 0.081, 'lr': 0.001, 'params': 1142407, 'time_iter': 3.0924, 'accuracy': 0.982, 'precision': 0.8182, 'recall': 0.1111, 'f1': 0.1957, 'auc': 0.7757}
train: {'epoch': 17, 'eta': 1345074.623, 'loss': 0.1318, 'lr': 0.001, 'params': 1142407, 'time_iter': 16.1065, 'accuracy': 0.9644, 'precision': 0.7798, 'recall': 0.069, 'f1': 0.1268, 'auc': 0.7791}
val: {'epoch': 18, 'loss': 0.0806, 'lr': 0.001, 'params': 1142407, 'time_iter': 3.1002, 'accuracy': 0.9815, 'precision': 0.7778, 'recall': 0.0864, 'f1': 0.1556, 'auc': 0.7795}
train: {'epoch': 18, 'eta': 1326759.8038, 'loss': 0.1307, 'lr': 0.001, 'params': 1142407, 'time_iter': 15.5053, 'accuracy': 0.9647, 'precision': 0.7886, 'recall': 0.0787, 'f1': 0.1432, 'auc': 0.7818}
val: {'epoch': 19, 'loss': 0.0826, 'lr': 0.001, 'params': 1142407, 'time_iter': 3.1324, 'accuracy': 0.981, 'precision': 0.7143, 'recall': 0.0617, 'f1': 0.1136, 'auc': 0.7875}
train: {'epoch': 19, 'eta': 1309925.5305, 'loss': 0.1297, 'lr': 0.001, 'params': 1142407, 'time_iter': 15.8077, 'accuracy': 0.9647, 'precision': 0.771, 'recall': 0.082, 'f1': 0.1482, 'auc': 0.7873}
val: {'epoch': 20, 'loss': 0.0838, 'lr': 0.001, 'params': 1142407, 'time_iter': 2.7836, 'accuracy': 0.981, 'precision': 0.6, 'recall': 0.1111, 'f1': 0.1875, 'auc': 0.7739}
train: {'epoch': 20, 'eta': 1293506.8284, 'loss': 0.1293, 'lr': 0.001, 'params': 1142407, 'time_iter': 15.9011, 'accuracy': 0.965, 'precision': 0.7817, 'recall': 0.0901, 'f1': 0.1616, 'auc': 0.7875}
val: {'epoch': 21, 'loss': 0.0822, 'lr': 0.001, 'params': 1142407, 'time_iter': 2.9226, 'accuracy': 0.9818, 'precision': 0.875, 'recall': 0.0864, 'f1': 0.1573, 'auc': 0.7795}
train: {'epoch': 21, 'eta': 1277304.0618, 'loss': 0.1287, 'lr': 0.001, 'params': 1142407, 'time_iter': 15.9589, 'accuracy': 0.9651, 'precision': 0.7877, 'recall': 0.0933, 'f1': 0.1669, 'auc': 0.79}
val: {'epoch': 22, 'loss': 0.0821, 'lr': 0.001, 'params': 1142407, 'time_iter': 3.0242, 'accuracy': 0.9815, 'precision': 0.6923, 'recall': 0.1111, 'f1': 0.1915, 'auc': 0.7721}
train: {'epoch': 22, 'eta': 1259829.1344, 'loss': 0.1273, 'lr': 0.001, 'params': 1142407, 'time_iter': 15.5951, 'accuracy': 0.9649, 'precision': 0.755, 'recall': 0.0925, 'f1': 0.1649, 'auc': 0.7979}
val: {'epoch': 23, 'loss': 0.0794, 'lr': 0.001, 'params': 1142407, 'time_iter': 3.2335, 'accuracy': 0.982, 'precision': 0.6842, 'recall': 0.1605, 'f1': 0.26, 'auc': 0.7854}
train: {'epoch': 23, 'eta': 1244465.4924, 'loss': 0.1265, 'lr': 0.001, 'params': 1142407, 'time_iter': 16.2065, 'accuracy': 0.965, 'precision': 0.709, 'recall': 0.1088, 'f1': 0.1886, 'auc': 0.7996}
val: {'epoch': 24, 'loss': 0.0791, 'lr': 0.001, 'params': 1142407, 'time_iter': 2.9135, 'accuracy': 0.981, 'precision': 0.6, 'recall': 0.1111, 'f1': 0.1875, 'auc': 0.7866}
train: {'epoch': 24, 'eta': 1229088.7011, 'loss': 0.1257, 'lr': 0.001, 'params': 1142407, 'time_iter': 16.2363, 'accuracy': 0.9654, 'precision': 0.7654, 'recall': 0.1112, 'f1': 0.1942, 'auc': 0.8076}
val: {'epoch': 25, 'loss': 0.0805, 'lr': 0.001, 'params': 1142407, 'time_iter': 2.8508, 'accuracy': 0.982, 'precision': 0.7692, 'recall': 0.1235, 'f1': 0.2128, 'auc': 0.7741}
train: {'epoch': 25, 'eta': 1212347.9661, 'loss': 0.1249, 'lr': 0.001, 'params': 1142407, 'time_iter': 15.8055, 'accuracy': 0.9653, 'precision': 0.7486, 'recall': 0.1088, 'f1': 0.1899, 'auc': 0.8096}
val: {'epoch': 26, 'loss': 0.0802, 'lr': 0.001, 'params': 1142407, 'time_iter': 2.8302, 'accuracy': 0.982, 'precision': 0.7692, 'recall': 0.1235, 'f1': 0.2128, 'auc': 0.7905}
train: {'epoch': 26, 'eta': 1195839.8829, 'loss': 0.1242, 'lr': 0.001, 'params': 1142407, 'time_iter': 15.8764, 'accuracy': 0.9657, 'precision': 0.7586, 'recall': 0.125, 'f1': 0.2146, 'auc': 0.8095}
val: {'epoch': 27, 'loss': 0.0794, 'lr': 0.001, 'params': 1142407, 'time_iter': 2.8251, 'accuracy': 0.9815, 'precision': 0.6667, 'recall': 0.1235, 'f1': 0.2083, 'auc': 0.791}
train: {'epoch': 27, 'eta': 1179964.7573, 'loss': 0.1236, 'lr': 0.001, 'params': 1142407, 'time_iter': 16.111, 'accuracy': 0.9654, 'precision': 0.7435, 'recall': 0.1153, 'f1': 0.1996, 'auc': 0.8155}
val: {'epoch': 28, 'loss': 0.0807, 'lr': 0.001, 'params': 1142407, 'time_iter': 3.2218, 'accuracy': 0.9813, 'precision': 0.7, 'recall': 0.0864, 'f1': 0.1538, 'auc': 0.7746}
train: {'epoch': 28, 'eta': 1163739.4651, 'loss': 0.1228, 'lr': 0.001, 'params': 1142407, 'time_iter': 15.9913, 'accuracy': 0.966, 'precision': 0.7628, 'recall': 0.1331, 'f1': 0.2267, 'auc': 0.8169}
val: {'epoch': 29, 'loss': 0.0786, 'lr': 0.001, 'params': 1142407, 'time_iter': 2.9506, 'accuracy': 0.9815, 'precision': 0.6667, 'recall': 0.1235, 'f1': 0.2083, 'auc': 0.7939}
train: {'epoch': 29, 'eta': 1147142.3802, 'loss': 0.1226, 'lr': 0.001, 'params': 1142407, 'time_iter': 15.8428, 'accuracy': 0.9654, 'precision': 0.7461, 'recall': 0.1169, 'f1': 0.2021, 'auc': 0.8177}
val: {'epoch': 30, 'loss': 0.0789, 'lr': 0.001, 'params': 1142407, 'time_iter': 2.7996, 'accuracy': 0.9823, 'precision': 0.8333, 'recall': 0.1235, 'f1': 0.2151, 'auc': 0.7877}
train: {'epoch': 30, 'eta': 1130600.6438, 'loss': 0.1223, 'lr': 0.001, 'params': 1142407, 'time_iter': 15.8587, 'accuracy': 0.966, 'precision': 0.765, 'recall': 0.1347, 'f1': 0.2291, 'auc': 0.8154}
val: {'epoch': 31, 'loss': 0.082, 'lr': 0.001, 'params': 1142407, 'time_iter': 3.0014, 'accuracy': 0.9815, 'precision': 0.6667, 'recall': 0.1235, 'f1': 0.2083, 'auc': 0.778}
train: {'epoch': 31, 'eta': 1114360.5106, 'loss': 0.1211, 'lr': 0.001, 'params': 1142407, 'time_iter': 15.9902, 'accuracy': 0.966, 'precision': 0.7556, 'recall': 0.138, 'f1': 0.2334, 'auc': 0.8234}
val: {'epoch': 32, 'loss': 0.0808, 'lr': 0.001, 'params': 1142407, 'time_iter': 2.9098, 'accuracy': 0.9815, 'precision': 0.7778, 'recall': 0.0864, 'f1': 0.1556, 'auc': 0.7843}
train: {'epoch': 32, 'eta': 1097930.2925, 'loss': 0.1203, 'lr': 0.001, 'params': 1142407, 'time_iter': 15.9054, 'accuracy': 0.9662, 'precision': 0.7703, 'recall': 0.1388, 'f1': 0.2352, 'auc': 0.825}
val: {'epoch': 33, 'loss': 0.0802, 'lr': 0.001, 'params': 1142407, 'time_iter': 3.4252, 'accuracy': 0.9818, 'precision': 0.7143, 'recall': 0.1235, 'f1': 0.2105, 'auc': 0.7857}
train: {'epoch': 33, 'eta': 1081211.7047, 'loss': 0.1204, 'lr': 0.001, 'params': 1142407, 'time_iter': 15.7592, 'accuracy': 0.9662, 'precision': 0.7632, 'recall': 0.1412, 'f1': 0.2384, 'auc': 0.827}
val: {'epoch': 34, 'loss': 0.0783, 'lr': 0.001, 'params': 1142407, 'time_iter': 2.9185, 'accuracy': 0.9808, 'precision': 0.5556, 'recall': 0.1235, 'f1': 0.202, 'auc': 0.7917}
train: {'epoch': 34, 'eta': 1064523.7627, 'loss': 0.1194, 'lr': 0.001, 'params': 1142407, 'time_iter': 15.7602, 'accuracy': 0.9664, 'precision': 0.7692, 'recall': 0.1461, 'f1': 0.2456, 'auc': 0.8295}
val: {'epoch': 35, 'loss': 0.0778, 'lr': 0.001, 'params': 1142407, 'time_iter': 3.1544, 'accuracy': 0.9818, 'precision': 0.7143, 'recall': 0.1235, 'f1': 0.2105, 'auc': 0.7909}
train: {'epoch': 35, 'eta': 1048046.34, 'loss': 0.119, 'lr': 0.001, 'params': 1142407, 'time_iter': 15.861, 'accuracy': 0.9663, 'precision': 0.7627, 'recall': 0.1461, 'f1': 0.2452, 'auc': 0.8304}
val: {'epoch': 36, 'loss': 0.0789, 'lr': 0.001, 'params': 1142407, 'time_iter': 3.0384, 'accuracy': 0.9818, 'precision': 0.7143, 'recall': 0.1235, 'f1': 0.2105, 'auc': 0.7934}
train: {'epoch': 36, 'eta': 1031050.6737, 'loss': 0.1185, 'lr': 0.001, 'params': 1142407, 'time_iter': 15.5604, 'accuracy': 0.9665, 'precision': 0.7676, 'recall': 0.1502, 'f1': 0.2512, 'auc': 0.8313}
val: {'epoch': 37, 'loss': 0.078, 'lr': 0.001, 'params': 1142407, 'time_iter': 2.9516, 'accuracy': 0.9813, 'precision': 0.5909, 'recall': 0.1605, 'f1': 0.2524, 'auc': 0.7849}
train: {'epoch': 37, 'eta': 1015328.2493, 'loss': 0.1186, 'lr': 0.001, 'params': 1142407, 'time_iter': 16.2879, 'accuracy': 0.9664, 'precision': 0.7571, 'recall': 0.1518, 'f1': 0.2529, 'auc': 0.83}
val: {'epoch': 38, 'loss': 0.0788, 'lr': 0.001, 'params': 1142407, 'time_iter': 2.9572, 'accuracy': 0.9805, 'precision': 0.5217, 'recall': 0.1481, 'f1': 0.2308, 'auc': 0.7861}
train: {'epoch': 38, 'eta': 998886.8778, 'loss': 0.1176, 'lr': 0.001, 'params': 1142407, 'time_iter': 15.8743, 'accuracy': 0.9664, 'precision': 0.754, 'recall': 0.1542, 'f1': 0.2561, 'auc': 0.8327}
val: {'epoch': 39, 'loss': 0.0767, 'lr': 0.001, 'params': 1142407, 'time_iter': 2.9405, 'accuracy': 0.982, 'precision': 0.7059, 'recall': 0.1481, 'f1': 0.2449, 'auc': 0.7968}
train: {'epoch': 39, 'eta': 981934.5654, 'loss': 0.1177, 'lr': 0.001, 'params': 1142407, 'time_iter': 15.5398, 'accuracy': 0.9669, 'precision': 0.7804, 'recall': 0.1615, 'f1': 0.2677, 'auc': 0.8331}
val: {'epoch': 40, 'loss': 0.079, 'lr': 0.001, 'params': 1142407, 'time_iter': 3.0213, 'accuracy': 0.983, 'precision': 0.7895, 'recall': 0.1852, 'f1': 0.3, 'auc': 0.8055}
train: {'epoch': 40, 'eta': 965624.5466, 'loss': 0.1163, 'lr': 0.001, 'params': 1142407, 'time_iter': 15.9419, 'accuracy': 0.9662, 'precision': 0.7336, 'recall': 0.1542, 'f1': 0.2549, 'auc': 0.841}
val: {'epoch': 41, 'loss': 0.0782, 'lr': 0.001, 'params': 1142407, 'time_iter': 3.05, 'accuracy': 0.981, 'precision': 0.5882, 'recall': 0.1235, 'f1': 0.2041, 'auc': 0.7894}
train: {'epoch': 41, 'eta': 948985.5623, 'loss': 0.1165, 'lr': 0.001, 'params': 1142407, 'time_iter': 15.7135, 'accuracy': 0.9668, 'precision': 0.7491, 'recall': 0.1696, 'f1': 0.2766, 'auc': 0.8401}
val: {'epoch': 42, 'loss': 0.0773, 'lr': 0.001, 'params': 1142407, 'time_iter': 3.0181, 'accuracy': 0.9825, 'precision': 0.68, 'recall': 0.2099, 'f1': 0.3208, 'auc': 0.7877}
train: {'epoch': 42, 'eta': 932913.5636, 'loss': 0.1152, 'lr': 0.001, 'params': 1142407, 'time_iter': 16.1132, 'accuracy': 0.9667, 'precision': 0.7396, 'recall': 0.1729, 'f1': 0.2803, 'auc': 0.8445}
val: {'epoch': 43, 'loss': 0.0781, 'lr': 0.001, 'params': 1142407, 'time_iter': 2.8308, 'accuracy': 0.9805, 'precision': 0.5263, 'recall': 0.1235, 'f1': 0.2, 'auc': 0.7974}
train: {'epoch': 43, 'eta': 916049.5163, 'loss': 0.1155, 'lr': 0.001, 'params': 1142407, 'time_iter': 15.526, 'accuracy': 0.9667, 'precision': 0.743, 'recall': 0.1713, 'f1': 0.2784, 'auc': 0.8428}
val: {'epoch': 44, 'loss': 0.0758, 'lr': 0.001, 'params': 1142407, 'time_iter': 3.1, 'accuracy': 0.9815, 'precision': 0.6, 'recall': 0.1852, 'f1': 0.283, 'auc': 0.8177}
train: {'epoch': 44, 'eta': 899400.1927, 'loss': 0.1146, 'lr': 0.001, 'params': 1142407, 'time_iter': 15.6654, 'accuracy': 0.9668, 'precision': 0.7545, 'recall': 0.1696, 'f1': 0.277, 'auc': 0.8452}
val: {'epoch': 45, 'loss': 0.0772, 'lr': 0.001, 'params': 1142407, 'time_iter': 2.9452, 'accuracy': 0.983, 'precision': 0.7391, 'recall': 0.2099, 'f1': 0.3269, 'auc': 0.8}
train: {'epoch': 45, 'eta': 882792.6488, 'loss': 0.1148, 'lr': 0.001, 'params': 1142407, 'time_iter': 15.6809, 'accuracy': 0.967, 'precision': 0.7544, 'recall': 0.1745, 'f1': 0.2835, 'auc': 0.844}
val: {'epoch': 46, 'loss': 0.0781, 'lr': 0.001, 'params': 1142407, 'time_iter': 3.0977, 'accuracy': 0.9818, 'precision': 0.75, 'recall': 0.1111, 'f1': 0.1935, 'auc': 0.8089}
train: {'epoch': 46, 'eta': 866398.3305, 'loss': 0.1137, 'lr': 0.001, 'params': 1142407, 'time_iter': 15.8474, 'accuracy': 0.967, 'precision': 0.7394, 'recall': 0.1843, 'f1': 0.295, 'auc': 0.849}
val: {'epoch': 47, 'loss': 0.0772, 'lr': 0.001, 'params': 1142407, 'time_iter': 2.876, 'accuracy': 0.9815, 'precision': 0.7273, 'recall': 0.0988, 'f1': 0.1739, 'auc': 0.7931}
train: {'epoch': 47, 'eta': 850481.9528, 'loss': 0.1137, 'lr': 0.001, 'params': 1142407, 'time_iter': 16.2729, 'accuracy': 0.9667, 'precision': 0.7329, 'recall': 0.1737, 'f1': 0.2808, 'auc': 0.8484}
val: {'epoch': 48, 'loss': 0.0791, 'lr': 0.001, 'params': 1142407, 'time_iter': 2.9043, 'accuracy': 0.982, 'precision': 0.8182, 'recall': 0.1111, 'f1': 0.1957, 'auc': 0.803}
train: {'epoch': 48, 'eta': 834455.0662, 'loss': 0.1133, 'lr': 0.001, 'params': 1142407, 'time_iter': 16.2012, 'accuracy': 0.9667, 'precision': 0.7213, 'recall': 0.1786, 'f1': 0.2863, 'auc': 0.8515}
val: {'epoch': 49, 'loss': 0.0824, 'lr': 0.001, 'params': 1142407, 'time_iter': 2.977, 'accuracy': 0.982, 'precision': 0.7692, 'recall': 0.1235, 'f1': 0.2128, 'auc': 0.7924}
train: {'epoch': 49, 'eta': 818163.577, 'loss': 0.1126, 'lr': 0.001, 'params': 1142407, 'time_iter': 15.9691, 'accuracy': 0.9669, 'precision': 0.7367, 'recall': 0.1794, 'f1': 0.2885, 'auc': 0.8558}
val: {'epoch': 50, 'loss': 0.0787, 'lr': 0.001, 'params': 1142407, 'time_iter': 3.0363, 'accuracy': 0.9818, 'precision': 0.7143, 'recall': 0.1235, 'f1': 0.2105, 'auc': 0.8038}
train: {'epoch': 50, 'eta': 802061.3986, 'loss': 0.1123, 'lr': 0.001, 'params': 1142407, 'time_iter': 16.1662, 'accuracy': 0.9669, 'precision': 0.7284, 'recall': 0.1851, 'f1': 0.2951, 'auc': 0.855}
val: {'epoch': 51, 'loss': 0.0809, 'lr': 0.001, 'params': 1142407, 'time_iter': 3.1573, 'accuracy': 0.9808, 'precision': 0.5625, 'recall': 0.1111, 'f1': 0.1856, 'auc': 0.7927}
train: {'epoch': 51, 'eta': 785847.5299, 'loss': 0.1121, 'lr': 0.001, 'params': 1142407, 'time_iter': 16.0702, 'accuracy': 0.967, 'precision': 0.7304, 'recall': 0.1891, 'f1': 0.3005, 'auc': 0.8545}
val: {'epoch': 52, 'loss': 0.0778, 'lr': 0.001, 'params': 1142407, 'time_iter': 2.9425, 'accuracy': 0.9805, 'precision': 0.5238, 'recall': 0.1358, 'f1': 0.2157, 'auc': 0.8028}
train: {'epoch': 52, 'eta': 769561.2041, 'loss': 0.1117, 'lr': 0.001, 'params': 1142407, 'time_iter': 16.0041, 'accuracy': 0.9672, 'precision': 0.7413, 'recall': 0.1907, 'f1': 0.3034, 'auc': 0.8557}
val: {'epoch': 53, 'loss': 0.0809, 'lr': 0.001, 'params': 1142407, 'time_iter': 2.8114, 'accuracy': 0.981, 'precision': 0.5882, 'recall': 0.1235, 'f1': 0.2041, 'auc': 0.7934}
train: {'epoch': 53, 'eta': 753419.1241, 'loss': 0.1108, 'lr': 0.001, 'params': 1142407, 'time_iter': 16.1764, 'accuracy': 0.9675, 'precision': 0.7531, 'recall': 0.1981, 'f1': 0.3136, 'auc': 0.8601}
val: {'epoch': 54, 'loss': 0.0818, 'lr': 0.001, 'params': 1142407, 'time_iter': 2.996, 'accuracy': 0.9808, 'precision': 0.55, 'recall': 0.1358, 'f1': 0.2178, 'auc': 0.7954}
train: {'epoch': 54, 'eta': 736928.1634, 'loss': 0.1108, 'lr': 0.001, 'params': 1142407, 'time_iter': 15.7837, 'accuracy': 0.9678, 'precision': 0.7589, 'recall': 0.207, 'f1': 0.3253, 'auc': 0.8609}
val: {'epoch': 55, 'loss': 0.0846, 'lr': 0.001, 'params': 1142407, 'time_iter': 2.9826, 'accuracy': 0.9808, 'precision': 0.5556, 'recall': 0.1235, 'f1': 0.202, 'auc': 0.7863}
train: {'epoch': 55, 'eta': 720427.9363, 'loss': 0.1109, 'lr': 0.001, 'params': 1142407, 'time_iter': 15.7612, 'accuracy': 0.9676, 'precision': 0.7399, 'recall': 0.2078, 'f1': 0.3245, 'auc': 0.8582}
val: {'epoch': 56, 'loss': 0.0799, 'lr': 0.001, 'params': 1142407, 'time_iter': 3.2198, 'accuracy': 0.9798, 'precision': 0.4643, 'recall': 0.1605, 'f1': 0.2385, 'auc': 0.7966}
train: {'epoch': 56, 'eta': 704055.8356, 'loss': 0.111, 'lr': 0.001, 'params': 1142407, 'time_iter': 15.9135, 'accuracy': 0.9673, 'precision': 0.7313, 'recall': 0.1989, 'f1': 0.3127, 'auc': 0.857}
val: {'epoch': 57, 'loss': 0.0777, 'lr': 0.001, 'params': 1142407, 'time_iter': 2.9602, 'accuracy': 0.9805, 'precision': 0.5238, 'recall': 0.1358, 'f1': 0.2157, 'auc': 0.8059}
train: {'epoch': 57, 'eta': 687836.7646, 'loss': 0.1096, 'lr': 0.001, 'params': 1142407, 'time_iter': 16.119, 'accuracy': 0.9676, 'precision': 0.7364, 'recall': 0.2086, 'f1': 0.3251, 'auc': 0.8651}
val: {'epoch': 58, 'loss': 0.0794, 'lr': 0.001, 'params': 1142407, 'time_iter': 2.8647, 'accuracy': 0.9827, 'precision': 0.6786, 'recall': 0.2346, 'f1': 0.3486, 'auc': 0.8052}
train: {'epoch': 58, 'eta': 671312.5544, 'loss': 0.1099, 'lr': 0.001, 'params': 1142407, 'time_iter': 15.7097, 'accuracy': 0.9681, 'precision': 0.76, 'recall': 0.2159, 'f1': 0.3363, 'auc': 0.86}
val: {'epoch': 59, 'loss': 0.078, 'lr': 0.001, 'params': 1142407, 'time_iter': 3.0316, 'accuracy': 0.9813, 'precision': 0.5833, 'recall': 0.1728, 'f1': 0.2667, 'auc': 0.8035}
train: {'epoch': 59, 'eta': 654740.7367, 'loss': 0.1093, 'lr': 0.001, 'params': 1142407, 'time_iter': 15.6229, 'accuracy': 0.9683, 'precision': 0.7669, 'recall': 0.2216, 'f1': 0.3438, 'auc': 0.862}
val: {'epoch': 60, 'loss': 0.0795, 'lr': 0.001, 'params': 1142407, 'time_iter': 2.9099, 'accuracy': 0.981, 'precision': 0.5882, 'recall': 0.1235, 'f1': 0.2041, 'auc': 0.8059}
train: {'epoch': 60, 'eta': 638143.1413, 'loss': 0.1086, 'lr': 0.001, 'params': 1142407, 'time_iter': 15.559, 'accuracy': 0.9678, 'precision': 0.737, 'recall': 0.2183, 'f1': 0.3369, 'auc': 0.867}
val: {'epoch': 61, 'loss': 0.0796, 'lr': 0.001, 'params': 1142407, 'time_iter': 3.0749, 'accuracy': 0.9818, 'precision': 0.7143, 'recall': 0.1235, 'f1': 0.2105, 'auc': 0.8248}
train: {'epoch': 61, 'eta': 621728.2266, 'loss': 0.1085, 'lr': 0.001, 'params': 1142407, 'time_iter': 15.8186, 'accuracy': 0.9679, 'precision': 0.7465, 'recall': 0.2151, 'f1': 0.334, 'auc': 0.8688}
val: {'epoch': 62, 'loss': 0.0774, 'lr': 0.001, 'params': 1142407, 'time_iter': 3.076, 'accuracy': 0.981, 'precision': 0.5789, 'recall': 0.1358, 'f1': 0.22, 'auc': 0.8044}
train: {'epoch': 62, 'eta': 605255.2948, 'loss': 0.1089, 'lr': 0.001, 'params': 1142407, 'time_iter': 15.7154, 'accuracy': 0.9675, 'precision': 0.7265, 'recall': 0.2135, 'f1': 0.33, 'auc': 0.8654}
val: {'epoch': 63, 'loss': 0.0768, 'lr': 0.001, 'params': 1142407, 'time_iter': 2.702, 'accuracy': 0.9815, 'precision': 0.6, 'recall': 0.1852, 'f1': 0.283, 'auc': 0.8046}
train: {'epoch': 63, 'eta': 588622.802, 'loss': 0.1086, 'lr': 0.001, 'params': 1142407, 'time_iter': 15.4234, 'accuracy': 0.9683, 'precision': 0.7582, 'recall': 0.2265, 'f1': 0.3488, 'auc': 0.8665}
val: {'epoch': 64, 'loss': 0.0773, 'lr': 0.001, 'params': 1142407, 'time_iter': 3.037, 'accuracy': 0.9815, 'precision': 0.6, 'recall': 0.1852, 'f1': 0.283, 'auc': 0.8086}
train: {'epoch': 64, 'eta': 572260.8375, 'loss': 0.107, 'lr': 0.001, 'params': 1142407, 'time_iter': 15.8694, 'accuracy': 0.9688, 'precision': 0.7757, 'recall': 0.233, 'f1': 0.3583, 'auc': 0.8724}
val: {'epoch': 65, 'loss': 0.0791, 'lr': 0.001, 'params': 1142407, 'time_iter': 3.0409, 'accuracy': 0.9813, 'precision': 0.5714, 'recall': 0.1975, 'f1': 0.2936, 'auc': 0.8096}
train: {'epoch': 65, 'eta': 556042.1585, 'loss': 0.1074, 'lr': 0.001, 'params': 1142407, 'time_iter': 16.1378, 'accuracy': 0.9685, 'precision': 0.7744, 'recall': 0.2256, 'f1': 0.3495, 'auc': 0.869}
val: {'epoch': 66, 'loss': 0.0811, 'lr': 0.001, 'params': 1142407, 'time_iter': 2.9882, 'accuracy': 0.981, 'precision': 0.5789, 'recall': 0.1358, 'f1': 0.22, 'auc': 0.8083}
train: {'epoch': 66, 'eta': 539611.6242, 'loss': 0.1072, 'lr': 0.001, 'params': 1142407, 'time_iter': 15.7426, 'accuracy': 0.9688, 'precision': 0.7642, 'recall': 0.2394, 'f1': 0.3646, 'auc': 0.8713}
val: {'epoch': 67, 'loss': 0.084, 'lr': 0.001, 'params': 1142407, 'time_iter': 2.9607, 'accuracy': 0.9793, 'precision': 0.4167, 'recall': 0.1235, 'f1': 0.1905, 'auc': 0.794}
train: {'epoch': 67, 'eta': 523166.6095, 'loss': 0.1072, 'lr': 0.001, 'params': 1142407, 'time_iter': 15.6987, 'accuracy': 0.9691, 'precision': 0.7798, 'recall': 0.2443, 'f1': 0.3721, 'auc': 0.8693}
val: {'epoch': 68, 'loss': 0.0783, 'lr': 0.001, 'params': 1142407, 'time_iter': 2.7953, 'accuracy': 0.981, 'precision': 0.5652, 'recall': 0.1605, 'f1': 0.25, 'auc': 0.8062}
train: {'epoch': 68, 'eta': 506741.212, 'loss': 0.1066, 'lr': 0.001, 'params': 1142407, 'time_iter': 15.7229, 'accuracy': 0.9684, 'precision': 0.7418, 'recall': 0.2378, 'f1': 0.3602, 'auc': 0.8725}
val: {'epoch': 69, 'loss': 0.0803, 'lr': 0.001, 'params': 1142407, 'time_iter': 3.4461, 'accuracy': 0.9815, 'precision': 0.6, 'recall': 0.1852, 'f1': 0.283, 'auc': 0.8098}
train: {'epoch': 69, 'eta': 490301.695, 'loss': 0.1061, 'lr': 0.001, 'params': 1142407, 'time_iter': 15.6749, 'accuracy': 0.9687, 'precision': 0.7538, 'recall': 0.2435, 'f1': 0.3681, 'auc': 0.8735}
val: {'epoch': 70, 'loss': 0.077, 'lr': 0.001, 'params': 1142407, 'time_iter': 3.0431, 'accuracy': 0.9823, 'precision': 0.6818, 'recall': 0.1852, 'f1': 0.2913, 'auc': 0.8225}
train: {'epoch': 70, 'eta': 473901.0664, 'loss': 0.106, 'lr': 0.001, 'params': 1142407, 'time_iter': 15.7466, 'accuracy': 0.969, 'precision': 0.7566, 'recall': 0.2549, 'f1': 0.3813, 'auc': 0.8745}
val: {'epoch': 71, 'loss': 0.0794, 'lr': 0.001, 'params': 1142407, 'time_iter': 2.7334, 'accuracy': 0.9815, 'precision': 0.5926, 'recall': 0.1975, 'f1': 0.2963, 'auc': 0.814}
train: {'epoch': 71, 'eta': 457303.4523, 'loss': 0.1058, 'lr': 0.001, 'params': 1142407, 'time_iter': 15.2406, 'accuracy': 0.9688, 'precision': 0.7588, 'recall': 0.2451, 'f1': 0.3706, 'auc': 0.8762}
val: {'epoch': 72, 'loss': 0.0799, 'lr': 0.001, 'params': 1142407, 'time_iter': 2.988, 'accuracy': 0.981, 'precision': 0.5484, 'recall': 0.2099, 'f1': 0.3036, 'auc': 0.8023}
train: {'epoch': 72, 'eta': 441045.5552, 'loss': 0.105, 'lr': 0.001, 'params': 1142407, 'time_iter': 16.0674, 'accuracy': 0.9689, 'precision': 0.7652, 'recall': 0.2459, 'f1': 0.3722, 'auc': 0.8771}
val: {'epoch': 73, 'loss': 0.0797, 'lr': 0.001, 'params': 1142407, 'time_iter': 3.037, 'accuracy': 0.9813, 'precision': 0.5833, 'recall': 0.1728, 'f1': 0.2667, 'auc': 0.8069}
train: {'epoch': 73, 'eta': 424663.1902, 'loss': 0.1053, 'lr': 0.001, 'params': 1142407, 'time_iter': 15.7437, 'accuracy': 0.9687, 'precision': 0.7463, 'recall': 0.2484, 'f1': 0.3727, 'auc': 0.8786}
val: {'epoch': 74, 'loss': 0.0798, 'lr': 0.001, 'params': 1142407, 'time_iter': 3.136, 'accuracy': 0.9803, 'precision': 0.5, 'recall': 0.1728, 'f1': 0.2569, 'auc': 0.8116}
train: {'epoch': 74, 'eta': 408181.2035, 'loss': 0.1046, 'lr': 0.001, 'params': 1142407, 'time_iter': 15.4391, 'accuracy': 0.9689, 'precision': 0.7476, 'recall': 0.2549, 'f1': 0.3801, 'auc': 0.8822}
val: {'epoch': 75, 'loss': 0.0765, 'lr': 0.001, 'params': 1142407, 'time_iter': 2.9224, 'accuracy': 0.9823, 'precision': 0.6429, 'recall': 0.2222, 'f1': 0.3303, 'auc': 0.8155}
train: {'epoch': 75, 'eta': 391837.7142, 'loss': 0.1044, 'lr': 0.001, 'params': 1142407, 'time_iter': 15.8171, 'accuracy': 0.9691, 'precision': 0.7465, 'recall': 0.263, 'f1': 0.389, 'auc': 0.8797}
val: {'epoch': 76, 'loss': 0.08, 'lr': 0.001, 'params': 1142407, 'time_iter': 2.8189, 'accuracy': 0.981, 'precision': 0.56, 'recall': 0.1728, 'f1': 0.2642, 'auc': 0.8099}
train: {'epoch': 76, 'eta': 375380.8927, 'loss': 0.1037, 'lr': 0.001, 'params': 1142407, 'time_iter': 15.4427, 'accuracy': 0.9698, 'precision': 0.7788, 'recall': 0.2687, 'f1': 0.3995, 'auc': 0.8797}
val: {'epoch': 77, 'loss': 0.0783, 'lr': 0.001, 'params': 1142407, 'time_iter': 3.036, 'accuracy': 0.981, 'precision': 0.5517, 'recall': 0.1975, 'f1': 0.2909, 'auc': 0.8217}
train: {'epoch': 77, 'eta': 358895.4249, 'loss': 0.1037, 'lr': 0.001, 'params': 1142407, 'time_iter': 15.2939, 'accuracy': 0.9695, 'precision': 0.7707, 'recall': 0.2646, 'f1': 0.394, 'auc': 0.882}
val: {'epoch': 78, 'loss': 0.0793, 'lr': 0.001, 'params': 1142407, 'time_iter': 2.894, 'accuracy': 0.9815, 'precision': 0.6316, 'recall': 0.1481, 'f1': 0.24, 'auc': 0.819}
train: {'epoch': 78, 'eta': 342492.0818, 'loss': 0.1031, 'lr': 0.001, 'params': 1142407, 'time_iter': 15.525, 'accuracy': 0.97, 'precision': 0.7957, 'recall': 0.2687, 'f1': 0.4017, 'auc': 0.8838}
val: {'epoch': 79, 'loss': 0.0806, 'lr': 0.001, 'params': 1142407, 'time_iter': 3.1405, 'accuracy': 0.9815, 'precision': 0.6087, 'recall': 0.1728, 'f1': 0.2692, 'auc': 0.8113}
train: {'epoch': 79, 'eta': 326065.1284, 'loss': 0.1028, 'lr': 0.001, 'params': 1142407, 'time_iter': 15.3916, 'accuracy': 0.9688, 'precision': 0.7339, 'recall': 0.2597, 'f1': 0.3837, 'auc': 0.8888}
val: {'epoch': 80, 'loss': 0.0823, 'lr': 0.001, 'params': 1142407, 'time_iter': 2.9063, 'accuracy': 0.982, 'precision': 0.64, 'recall': 0.1975, 'f1': 0.3019, 'auc': 0.8113}
train: {'epoch': 80, 'eta': 309720.5983, 'loss': 0.1035, 'lr': 0.001, 'params': 1142407, 'time_iter': 15.6728, 'accuracy': 0.969, 'precision': 0.7459, 'recall': 0.2597, 'f1': 0.3853, 'auc': 0.8848}
val: {'epoch': 81, 'loss': 0.0791, 'lr': 0.001, 'params': 1142407, 'time_iter': 3.2311, 'accuracy': 0.9818, 'precision': 0.625, 'recall': 0.1852, 'f1': 0.2857, 'auc': 0.8244}
train: {'epoch': 81, 'eta': 293374.6182, 'loss': 0.103, 'lr': 0.001, 'params': 1142407, 'time_iter': 15.6429, 'accuracy': 0.9691, 'precision': 0.74, 'recall': 0.2703, 'f1': 0.396, 'auc': 0.8854}
val: {'epoch': 82, 'loss': 0.0793, 'lr': 0.001, 'params': 1142407, 'time_iter': 2.9747, 'accuracy': 0.9815, 'precision': 0.6, 'recall': 0.1852, 'f1': 0.283, 'auc': 0.8241}
train: {'epoch': 82, 'eta': 276977.5393, 'loss': 0.103, 'lr': 0.001, 'params': 1142407, 'time_iter': 15.3719, 'accuracy': 0.9692, 'precision': 0.7535, 'recall': 0.2654, 'f1': 0.3926, 'auc': 0.8851}
val: {'epoch': 83, 'loss': 0.086, 'lr': 0.001, 'params': 1142407, 'time_iter': 2.8629, 'accuracy': 0.982, 'precision': 0.6842, 'recall': 0.1605, 'f1': 0.26, 'auc': 0.8029}
train: {'epoch': 83, 'eta': 260609.2337, 'loss': 0.1024, 'lr': 0.001, 'params': 1142407, 'time_iter': 15.4484, 'accuracy': 0.9691, 'precision': 0.7517, 'recall': 0.263, 'f1': 0.3897, 'auc': 0.888}
val: {'epoch': 84, 'loss': 0.0827, 'lr': 0.001, 'params': 1142407, 'time_iter': 2.9718, 'accuracy': 0.981, 'precision': 0.5652, 'recall': 0.1605, 'f1': 0.25, 'auc': 0.8138}
train: {'epoch': 84, 'eta': 244174.9763, 'loss': 0.102, 'lr': 0.001, 'params': 1142407, 'time_iter': 15.024, 'accuracy': 0.9695, 'precision': 0.765, 'recall': 0.2695, 'f1': 0.3986, 'auc': 0.8883}
val: {'epoch': 85, 'loss': 0.0825, 'lr': 0.001, 'params': 1142407, 'time_iter': 2.899, 'accuracy': 0.9808, 'precision': 0.5357, 'recall': 0.1852, 'f1': 0.2752, 'auc': 0.8143}
train: {'epoch': 85, 'eta': 227864.714, 'loss': 0.1013, 'lr': 0.001, 'params': 1142407, 'time_iter': 15.6289, 'accuracy': 0.9694, 'precision': 0.7665, 'recall': 0.2638, 'f1': 0.3925, 'auc': 0.891}
val: {'epoch': 86, 'loss': 0.0787, 'lr': 0.001, 'params': 1142407, 'time_iter': 3.1562, 'accuracy': 0.9827, 'precision': 0.6562, 'recall': 0.2593, 'f1': 0.3717, 'auc': 0.8159}
train: {'epoch': 86, 'eta': 211581.1243, 'loss': 0.1019, 'lr': 0.001, 'params': 1142407, 'time_iter': 15.7683, 'accuracy': 0.9698, 'precision': 0.7703, 'recall': 0.2776, 'f1': 0.4081, 'auc': 0.8875}
val: {'epoch': 87, 'loss': 0.0795, 'lr': 0.001, 'params': 1142407, 'time_iter': 2.9204, 'accuracy': 0.982, 'precision': 0.6296, 'recall': 0.2099, 'f1': 0.3148, 'auc': 0.8118}
train: {'epoch': 87, 'eta': 195266.6277, 'loss': 0.1013, 'lr': 0.001, 'params': 1142407, 'time_iter': 15.5387, 'accuracy': 0.9702, 'precision': 0.7716, 'recall': 0.2906, 'f1': 0.4222, 'auc': 0.8898}
val: {'epoch': 88, 'loss': 0.0816, 'lr': 0.001, 'params': 1142407, 'time_iter': 2.8203, 'accuracy': 0.9815, 'precision': 0.6087, 'recall': 0.1728, 'f1': 0.2692, 'auc': 0.8053}
train: {'epoch': 88, 'eta': 178945.1938, 'loss': 0.1011, 'lr': 0.001, 'params': 1142407, 'time_iter': 15.4267, 'accuracy': 0.97, 'precision': 0.7733, 'recall': 0.2825, 'f1': 0.4138, 'auc': 0.8894}
val: {'epoch': 89, 'loss': 0.0836, 'lr': 0.001, 'params': 1142407, 'time_iter': 3.0209, 'accuracy': 0.982, 'precision': 0.7059, 'recall': 0.1481, 'f1': 0.2449, 'auc': 0.8174}
train: {'epoch': 89, 'eta': 162638.5135, 'loss': 0.1011, 'lr': 0.001, 'params': 1142407, 'time_iter': 15.4687, 'accuracy': 0.9701, 'precision': 0.7661, 'recall': 0.2898, 'f1': 0.4205, 'auc': 0.8917}
val: {'epoch': 90, 'loss': 0.0775, 'lr': 0.001, 'params': 1142407, 'time_iter': 3.0251, 'accuracy': 0.9815, 'precision': 0.5862, 'recall': 0.2099, 'f1': 0.3091, 'auc': 0.8286}
train: {'epoch': 90, 'eta': 146387.3795, 'loss': 0.1005, 'lr': 0.001, 'params': 1142407, 'time_iter': 15.9305, 'accuracy': 0.97, 'precision': 0.774, 'recall': 0.2808, 'f1': 0.4122, 'auc': 0.8925}
val: {'epoch': 91, 'loss': 0.0791, 'lr': 0.001, 'params': 1142407, 'time_iter': 2.8502, 'accuracy': 0.9803, 'precision': 0.5, 'recall': 0.2099, 'f1': 0.2957, 'auc': 0.8247}
train: {'epoch': 91, 'eta': 130117.2514, 'loss': 0.0998, 'lr': 0.001, 'params': 1142407, 'time_iter': 15.7525, 'accuracy': 0.9702, 'precision': 0.7775, 'recall': 0.2865, 'f1': 0.4187, 'auc': 0.8957}
val: {'epoch': 92, 'loss': 0.0803, 'lr': 0.001, 'params': 1142407, 'time_iter': 3.2008, 'accuracy': 0.9818, 'precision': 0.6071, 'recall': 0.2099, 'f1': 0.3119, 'auc': 0.8153}
train: {'epoch': 92, 'eta': 113852.941, 'loss': 0.1001, 'lr': 0.001, 'params': 1142407, 'time_iter': 15.8107, 'accuracy': 0.9697, 'precision': 0.7599, 'recall': 0.28, 'f1': 0.4093, 'auc': 0.8965}
val: {'epoch': 93, 'loss': 0.0824, 'lr': 0.001, 'params': 1142407, 'time_iter': 2.8931, 'accuracy': 0.981, 'precision': 0.56, 'recall': 0.1728, 'f1': 0.2642, 'auc': 0.8221}
train: {'epoch': 93, 'eta': 97595.8385, 'loss': 0.0986, 'lr': 0.001, 'params': 1142407, 'time_iter': 15.9221, 'accuracy': 0.9705, 'precision': 0.7764, 'recall': 0.2987, 'f1': 0.4314, 'auc': 0.8973}
val: {'epoch': 94, 'loss': 0.0787, 'lr': 0.001, 'params': 1142407, 'time_iter': 3.3693, 'accuracy': 0.983, 'precision': 0.641, 'recall': 0.3086, 'f1': 0.4167, 'auc': 0.8188}
train: {'epoch': 94, 'eta': 81317.7472, 'loss': 0.0994, 'lr': 0.001, 'params': 1142407, 'time_iter': 15.5838, 'accuracy': 0.9702, 'precision': 0.7692, 'recall': 0.2922, 'f1': 0.4235, 'auc': 0.8985}
val: {'epoch': 95, 'loss': 0.0816, 'lr': 0.001, 'params': 1142407, 'time_iter': 3.23, 'accuracy': 0.9837, 'precision': 0.75, 'recall': 0.2593, 'f1': 0.3853, 'auc': 0.8155}
train: {'epoch': 95, 'eta': 65051.5502, 'loss': 0.0996, 'lr': 0.001, 'params': 1142407, 'time_iter': 15.7434, 'accuracy': 0.9703, 'precision': 0.7645, 'recall': 0.3003, 'f1': 0.4312, 'auc': 0.8957}
val: {'epoch': 96, 'loss': 0.0814, 'lr': 0.001, 'params': 1142407, 'time_iter': 2.8358, 'accuracy': 0.9791, 'precision': 0.4359, 'recall': 0.2099, 'f1': 0.2833, 'auc': 0.8132}
train: {'epoch': 96, 'eta': 48767.2668, 'loss': 0.0982, 'lr': 0.001, 'params': 1142407, 'time_iter': 15.1323, 'accuracy': 0.9709, 'precision': 0.7859, 'recall': 0.3068, 'f1': 0.4413, 'auc': 0.8986}
val: {'epoch': 97, 'loss': 0.082, 'lr': 0.001, 'params': 1142407, 'time_iter': 2.8774, 'accuracy': 0.981, 'precision': 0.5484, 'recall': 0.2099, 'f1': 0.3036, 'auc': 0.8219}
train: {'epoch': 97, 'eta': 32505.0345, 'loss': 0.0974, 'lr': 0.001, 'params': 1142407, 'time_iter': 15.4892, 'accuracy': 0.9707, 'precision': 0.7769, 'recall': 0.3052, 'f1': 0.4382, 'auc': 0.9025}
val: {'epoch': 98, 'loss': 0.0822, 'lr': 0.001, 'params': 1142407, 'time_iter': 2.8757, 'accuracy': 0.9832, 'precision': 0.7308, 'recall': 0.2346, 'f1': 0.3551, 'auc': 0.8159}
train: {'epoch': 98, 'eta': 16247.7795, 'loss': 0.0981, 'lr': 0.001, 'params': 1142407, 'time_iter': 15.3387, 'accuracy': 0.9702, 'precision': 0.763, 'recall': 0.2979, 'f1': 0.4285, 'auc': 0.8997}
val: {'epoch': 99, 'loss': 0.0846, 'lr': 0.001, 'params': 1142407, 'time_iter': 3.1034, 'accuracy': 0.9827, 'precision': 0.7273, 'recall': 0.1975, 'f1': 0.3107, 'auc': 0.818}
train: {'epoch': 99, 'eta': 0.0, 'loss': 0.0975, 'lr': 0.001, 'params': 1142407, 'time_iter': 16.141, 'accuracy': 0.9705, 'precision': 0.7686, 'recall': 0.3019, 'f1': 0.4336, 'auc': 0.9029}
test: {'epoch': 99, 'loss': 0.1488, 'lr': 0.001, 'params': 1142407, 'time_iter': 2.4689, 'accuracy': 0.9699, 'precision': 0.5938, 'recall': 0.1462, 'f1': 0.2346, 'auc': 0.7935}
test: {'epoch': 90, 'loss': 0.1384, 'lr': 0.001, 'params': 1142407, 'time_iter': 2.3891, 'accuracy': 0.9696, 'precision': 0.561, 'recall': 0.1769, 'f1': 0.269, 'auc': 0.7953}
