GraphGymModule(
  (model): DilatedGNNModel(
    (encoder): FeatureEncoder(
      (node_encoder): AtomEncoder(
        (atom_embedding_list): ModuleList(
          (0): Embedding(119, 300)
          (1): Embedding(4, 300)
          (2): Embedding(12, 300)
          (3): Embedding(12, 300)
          (4): Embedding(10, 300)
          (5): Embedding(6, 300)
          (6): Embedding(6, 300)
          (7): Embedding(2, 300)
          (8): Embedding(2, 300)
        )
      )
      (edge_encoder): BondEncoder(
        (bond_embedding_list): ModuleList(
          (0): Embedding(5, 300)
          (1): Embedding(6, 300)
          (2): Embedding(2, 300)
        )
      )
    )
    (mp): GNNDilatedStage(
      (classic_layers): ModuleList(
        (0): GeneralLayer(
          (layer): EGATConv(
            (model): GATConv(300, 300, heads=1)
          )
          (post_layer): Sequential(
            (0): BatchNorm1d(300, eps=1e-05, momentum=0.1, affine=True, track_running_stats=True)
            (1): Dropout(p=0.5, inplace=False)
            (2): ReLU()
          )
        )
        (1): GeneralLayer(
          (layer): EGATConv(
            (model): GATConv(300, 300, heads=1)
          )
          (post_layer): Sequential(
            (0): BatchNorm1d(300, eps=1e-05, momentum=0.1, affine=True, track_running_stats=True)
            (1): Dropout(p=0.5, inplace=False)
            (2): ReLU()
          )
        )
      )
      (dilated_layers): ModuleList(
        (0): DilatedGeneralLayer(
          (layer): EGATConv(
            (model): GATConv(300, 300, heads=1)
          )
          (post_layer): Sequential(
            (0): BatchNorm1d(300, eps=1e-05, momentum=0.1, affine=True, track_running_stats=True)
            (1): Dropout(p=0.5, inplace=False)
            (2): ReLU()
          )
          (gem): GeM(p=3.0000, eps=1e-06)
        )
      )
      (act): ReLU()
    )
    (post_mp): GNNGraphHead(
      (layer_post_mp): MLP(
        (model): Sequential(
          (0): Linear(
            (model): Linear(300, 1, bias=True)
          )
        )
      )
    )
  )
)
accelerator: cuda
benchmark: False
bn:
  eps: 1e-05
  mom: 0.1
cfg_dest: config.yaml
custom_metrics: []
dataset:
  cache_load: False
  cache_save: False
  dir: ./datasets
  edge_dim: 300
  edge_encoder: True
  edge_encoder_bn: False
  edge_encoder_name: Bond
  edge_message_ratio: 0.8
  edge_negative_sampling_ratio: 1.0
  edge_train_mode: all
  encoder: True
  encoder_bn: True
  encoder_dim: 128
  encoder_name: db
  fast_loader: False
  format: OGB
  label_column: none
  label_table: none
  location: local
  name: ogbg-molhiv
  node_encoder: True
  node_encoder_bn: False
  node_encoder_name: Atom
  remove_feature: False
  resample_disjoint: False
  resample_negative: False
  shuffle_split: True
  split: [0.8, 0.1, 0.1]
  split_mode: random
  task: graph
  task_type: classification
  to_undirected: False
  transductive: False
  transform: none
  tu_simple: True
devices: 1
gnn:
  act: relu
  act_on_last_layer_mp: False
  agg: none
  att_final_linear: False
  att_final_linear_bn: False
  att_heads: 1
  batchnorm: True
  clear_feature: True
  dilated_path_join: add
  dim_inner: 300
  dropout: 0.5
  head: graph
  keep_edge: 0.5
  l2norm: True
  layer_type: egatconv
  layers_k1: 2
  layers_k2: 1
  layers_mp: 5
  layers_post_mp: 1
  layers_pre_mp: 0
  learn_alpha_residual_connection: True
  msg_direction: single
  normalize_adj: False
  self_msg: concat
  skip_every: 1
  stage_type: stack
  use_edge_features: True
gpu_mem: False
mem:
  inplace: False
metric_agg: argmax
metric_best: auc
model:
  edge_decoding: dot
  graph_pooling: mean
  loss_fun: cross_entropy
  match_upper: True
  size_average: mean
  thresh: 0.5
  type: dilated_gnn
num_threads: 6
num_workers: 16
optim:
  base_lr: 0.001
  lr_decay: 0.1
  max_epoch: 100
  momentum: 0.9
  optimizer: adam
  scheduler: none
  steps: [30, 60, 90]
  weight_decay: 0.0
out_dir: results_experiments/ogbg_molhiv_baseline_grid_design/ogbg_molhiv_baseline-type=dilated_gnn-layer_type=egatconv-layers_k1=2-layers_k2=1-dilated_path_join=add-learn_alpha_residual_connection=True
params: 600603
print: both
round: 4
run_dir: results_experiments/ogbg_molhiv_baseline_grid_design/ogbg_molhiv_baseline-type=dilated_gnn-layer_type=egatconv-layers_k1=2-layers_k2=1-dilated_path_join=add-learn_alpha_residual_connection=True/8
seed: 9
share:
  dim_in: 9
  dim_out: 2
  num_splits: 3
tensorboard_agg: True
tensorboard_each_run: False
train:
  auto_resume: False
  batch_size: 32
  ckpt_clean: True
  ckpt_period: 100
  enable_ckpt: True
  epoch_resume: -1
  eval_period: 1
  iter_per_epoch: 32
  neighbor_sizes: [20, 15, 10, 5]
  node_per_graph: 32
  radius: extend
  sample_node: False
  sampler: full_batch
  skip_train_eval: False
  walk_length: 4
val:
  node_per_graph: 32
  radius: extend
  sample_node: False
  sampler: full_batch
view_emb: False
Num parameters: 600603
val: {'epoch': 0, 'loss': 0.7339, 'lr': 0.001, 'params': 600603, 'time_iter': 0.9443, 'accuracy': 0.0156, 'precision': 0.0156, 'recall': 1.0, 'f1': 0.0308, 'auc': 0.3175}
val: {'epoch': 0, 'loss': 0.0999, 'lr': 0.001, 'params': 600603, 'time_iter': 1.6253, 'accuracy': 0.9803, 'precision': 0.0, 'recall': 0.0, 'f1': 0.0, 'auc': 0.5758}
train: {'epoch': 0, 'eta': 1355168.5698, 'loss': 0.191, 'lr': 0.001, 'params': 600603, 'time_iter': 13.3028, 'accuracy': 0.9596, 'precision': 0.0, 'recall': 0.0, 'f1': 0.0, 'auc': 0.5414}
val: {'epoch': 1, 'loss': 0.0965, 'lr': 0.001, 'params': 600603, 'time_iter': 1.6898, 'accuracy': 0.9803, 'precision': 0.0, 'recall': 0.0, 'f1': 0.0, 'auc': 0.6186}
train: {'epoch': 1, 'eta': 1333551.5542, 'loss': 0.1552, 'lr': 0.001, 'params': 600603, 'time_iter': 13.1455, 'accuracy': 0.9626, 'precision': 0.0, 'recall': 0.0, 'f1': 0.0, 'auc': 0.6462}
val: {'epoch': 2, 'loss': 0.0946, 'lr': 0.001, 'params': 600603, 'time_iter': 1.6259, 'accuracy': 0.9803, 'precision': 0.0, 'recall': 0.0, 'f1': 0.0, 'auc': 0.6831}
train: {'epoch': 2, 'eta': 1318715.5979, 'loss': 0.1526, 'lr': 0.001, 'params': 600603, 'time_iter': 13.1873, 'accuracy': 0.9626, 'precision': 0.0, 'recall': 0.0, 'f1': 0.0, 'auc': 0.674}
val: {'epoch': 3, 'loss': 0.094, 'lr': 0.001, 'params': 600603, 'time_iter': 1.6055, 'accuracy': 0.9803, 'precision': 0.0, 'recall': 0.0, 'f1': 0.0, 'auc': 0.6686}
train: {'epoch': 3, 'eta': 1305424.8197, 'loss': 0.1511, 'lr': 0.001, 'params': 600603, 'time_iter': 13.2242, 'accuracy': 0.9626, 'precision': 0.0, 'recall': 0.0, 'f1': 0.0, 'auc': 0.6878}
val: {'epoch': 4, 'loss': 0.0959, 'lr': 0.001, 'params': 600603, 'time_iter': 1.697, 'accuracy': 0.9803, 'precision': 0.0, 'recall': 0.0, 'f1': 0.0, 'auc': 0.7062}
train: {'epoch': 4, 'eta': 1290276.6529, 'loss': 0.1522, 'lr': 0.001, 'params': 600603, 'time_iter': 13.1357, 'accuracy': 0.9626, 'precision': 0.0, 'recall': 0.0, 'f1': 0.0, 'auc': 0.6731}
val: {'epoch': 5, 'loss': 0.0967, 'lr': 0.001, 'params': 600603, 'time_iter': 1.6487, 'accuracy': 0.9803, 'precision': 0.0, 'recall': 0.0, 'f1': 0.0, 'auc': 0.6733}
train: {'epoch': 5, 'eta': 1277510.8212, 'loss': 0.1518, 'lr': 0.001, 'params': 600603, 'time_iter': 13.2497, 'accuracy': 0.9626, 'precision': 0.0, 'recall': 0.0, 'f1': 0.0, 'auc': 0.6842}
val: {'epoch': 6, 'loss': 0.096, 'lr': 0.001, 'params': 600603, 'time_iter': 1.6096, 'accuracy': 0.9803, 'precision': 0.0, 'recall': 0.0, 'f1': 0.0, 'auc': 0.672}
train: {'epoch': 6, 'eta': 1262226.4945, 'loss': 0.151, 'lr': 0.001, 'params': 600603, 'time_iter': 13.0836, 'accuracy': 0.9626, 'precision': 0.0, 'recall': 0.0, 'f1': 0.0, 'auc': 0.694}
val: {'epoch': 7, 'loss': 0.0992, 'lr': 0.001, 'params': 600603, 'time_iter': 1.614, 'accuracy': 0.9803, 'precision': 0.0, 'recall': 0.0, 'f1': 0.0, 'auc': 0.6713}
train: {'epoch': 7, 'eta': 1248614.1403, 'loss': 0.1495, 'lr': 0.001, 'params': 600603, 'time_iter': 13.1864, 'accuracy': 0.9626, 'precision': 0.0, 'recall': 0.0, 'f1': 0.0, 'auc': 0.7087}
val: {'epoch': 8, 'loss': 0.1005, 'lr': 0.001, 'params': 600603, 'time_iter': 1.6191, 'accuracy': 0.9803, 'precision': 0.0, 'recall': 0.0, 'f1': 0.0, 'auc': 0.6709}
train: {'epoch': 8, 'eta': 1234955.2795, 'loss': 0.1497, 'lr': 0.001, 'params': 600603, 'time_iter': 13.181, 'accuracy': 0.9625, 'precision': 0.0, 'recall': 0.0, 'f1': 0.0, 'auc': 0.7012}
val: {'epoch': 9, 'loss': 0.0973, 'lr': 0.001, 'params': 600603, 'time_iter': 1.5979, 'accuracy': 0.9803, 'precision': 0.0, 'recall': 0.0, 'f1': 0.0, 'auc': 0.6962}
train: {'epoch': 9, 'eta': 1220627.1377, 'loss': 0.1494, 'lr': 0.001, 'params': 600603, 'time_iter': 13.1067, 'accuracy': 0.9625, 'precision': 0.0, 'recall': 0.0, 'f1': 0.0, 'auc': 0.7056}
val: {'epoch': 10, 'loss': 0.0976, 'lr': 0.001, 'params': 600603, 'time_iter': 1.6154, 'accuracy': 0.9803, 'precision': 0.0, 'recall': 0.0, 'f1': 0.0, 'auc': 0.7192}
train: {'epoch': 10, 'eta': 1207977.871, 'loss': 0.147, 'lr': 0.001, 'params': 600603, 'time_iter': 13.29, 'accuracy': 0.9624, 'precision': 0.0, 'recall': 0.0, 'f1': 0.0, 'auc': 0.7222}
val: {'epoch': 11, 'loss': 0.0959, 'lr': 0.001, 'params': 600603, 'time_iter': 1.8624, 'accuracy': 0.9803, 'precision': 0.0, 'recall': 0.0, 'f1': 0.0, 'auc': 0.669}
train: {'epoch': 11, 'eta': 1194519.1295, 'loss': 0.1467, 'lr': 0.001, 'params': 600603, 'time_iter': 13.2054, 'accuracy': 0.9624, 'precision': 0.0, 'recall': 0.0, 'f1': 0.0, 'auc': 0.7191}
val: {'epoch': 12, 'loss': 0.0978, 'lr': 0.001, 'params': 600603, 'time_iter': 1.6122, 'accuracy': 0.9803, 'precision': 0.0, 'recall': 0.0, 'f1': 0.0, 'auc': 0.7212}
train: {'epoch': 12, 'eta': 1180224.6055, 'loss': 0.147, 'lr': 0.001, 'params': 600603, 'time_iter': 13.0869, 'accuracy': 0.9624, 'precision': 0.125, 'recall': 0.0008, 'f1': 0.0016, 'auc': 0.7201}
val: {'epoch': 13, 'loss': 0.1008, 'lr': 0.001, 'params': 600603, 'time_iter': 1.6279, 'accuracy': 0.9803, 'precision': 0.0, 'recall': 0.0, 'f1': 0.0, 'auc': 0.7012}
train: {'epoch': 13, 'eta': 1166459.3979, 'loss': 0.1454, 'lr': 0.001, 'params': 600603, 'time_iter': 13.1519, 'accuracy': 0.9625, 'precision': 0.2, 'recall': 0.0008, 'f1': 0.0016, 'auc': 0.7236}
val: {'epoch': 14, 'loss': 0.1004, 'lr': 0.001, 'params': 600603, 'time_iter': 1.8082, 'accuracy': 0.9803, 'precision': 0.0, 'recall': 0.0, 'f1': 0.0, 'auc': 0.7148}
train: {'epoch': 14, 'eta': 1153357.1593, 'loss': 0.1445, 'lr': 0.001, 'params': 600603, 'time_iter': 13.2603, 'accuracy': 0.9623, 'precision': 0.1, 'recall': 0.0008, 'f1': 0.0016, 'auc': 0.7249}
val: {'epoch': 15, 'loss': 0.0981, 'lr': 0.001, 'params': 600603, 'time_iter': 1.6459, 'accuracy': 0.9803, 'precision': 0.0, 'recall': 0.0, 'f1': 0.0, 'auc': 0.7116}
train: {'epoch': 15, 'eta': 1141967.3914, 'loss': 0.1449, 'lr': 0.001, 'params': 600603, 'time_iter': 13.5899, 'accuracy': 0.9623, 'precision': 0.1538, 'recall': 0.0016, 'f1': 0.0032, 'auc': 0.7223}
val: {'epoch': 16, 'loss': 0.1028, 'lr': 0.001, 'params': 600603, 'time_iter': 1.6152, 'accuracy': 0.9803, 'precision': 0.0, 'recall': 0.0, 'f1': 0.0, 'auc': 0.7046}
train: {'epoch': 16, 'eta': 1128554.2307, 'loss': 0.1455, 'lr': 0.001, 'params': 600603, 'time_iter': 13.2479, 'accuracy': 0.9624, 'precision': 0.3077, 'recall': 0.0032, 'f1': 0.0064, 'auc': 0.7196}
val: {'epoch': 17, 'loss': 0.0998, 'lr': 0.001, 'params': 600603, 'time_iter': 1.7438, 'accuracy': 0.9803, 'precision': 0.0, 'recall': 0.0, 'f1': 0.0, 'auc': 0.7157}
train: {'epoch': 17, 'eta': 1114691.8859, 'loss': 0.144, 'lr': 0.001, 'params': 600603, 'time_iter': 13.1572, 'accuracy': 0.9623, 'precision': 0.25, 'recall': 0.0041, 'f1': 0.008, 'auc': 0.7314}
val: {'epoch': 18, 'loss': 0.1012, 'lr': 0.001, 'params': 600603, 'time_iter': 1.5343, 'accuracy': 0.9803, 'precision': 0.0, 'recall': 0.0, 'f1': 0.0, 'auc': 0.719}
train: {'epoch': 18, 'eta': 1101232.0859, 'loss': 0.1425, 'lr': 0.001, 'params': 600603, 'time_iter': 13.2412, 'accuracy': 0.9624, 'precision': 0.4, 'recall': 0.0065, 'f1': 0.0128, 'auc': 0.7385}
val: {'epoch': 19, 'loss': 0.0984, 'lr': 0.001, 'params': 600603, 'time_iter': 1.6544, 'accuracy': 0.9805, 'precision': 1.0, 'recall': 0.0123, 'f1': 0.0244, 'auc': 0.718}
train: {'epoch': 19, 'eta': 1087018.0479, 'loss': 0.1442, 'lr': 0.001, 'params': 600603, 'time_iter': 13.062, 'accuracy': 0.9624, 'precision': 0.3333, 'recall': 0.0049, 'f1': 0.0096, 'auc': 0.7335}
val: {'epoch': 20, 'loss': 0.1036, 'lr': 0.001, 'params': 600603, 'time_iter': 1.7001, 'accuracy': 0.9803, 'precision': 0.0, 'recall': 0.0, 'f1': 0.0, 'auc': 0.7248}
train: {'epoch': 20, 'eta': 1072924.9716, 'loss': 0.1454, 'lr': 0.001, 'params': 600603, 'time_iter': 13.0742, 'accuracy': 0.9625, 'precision': 0.4444, 'recall': 0.0065, 'f1': 0.0128, 'auc': 0.7229}
val: {'epoch': 21, 'loss': 0.101, 'lr': 0.001, 'params': 600603, 'time_iter': 1.5863, 'accuracy': 0.9803, 'precision': 0.0, 'recall': 0.0, 'f1': 0.0, 'auc': 0.714}
train: {'epoch': 21, 'eta': 1059249.0904, 'loss': 0.1465, 'lr': 0.001, 'params': 600603, 'time_iter': 13.1727, 'accuracy': 0.9624, 'precision': 0.3333, 'recall': 0.0041, 'f1': 0.008, 'auc': 0.7124}
val: {'epoch': 22, 'loss': 0.1021, 'lr': 0.001, 'params': 600603, 'time_iter': 1.6677, 'accuracy': 0.9803, 'precision': 0.0, 'recall': 0.0, 'f1': 0.0, 'auc': 0.7174}
train: {'epoch': 22, 'eta': 1045851.9014, 'loss': 0.1445, 'lr': 0.001, 'params': 600603, 'time_iter': 13.2505, 'accuracy': 0.9623, 'precision': 0.3871, 'recall': 0.0097, 'f1': 0.019, 'auc': 0.7206}
val: {'epoch': 23, 'loss': 0.1046, 'lr': 0.001, 'params': 600603, 'time_iter': 1.7238, 'accuracy': 0.9803, 'precision': 0.0, 'recall': 0.0, 'f1': 0.0, 'auc': 0.7315}
train: {'epoch': 23, 'eta': 1032134.8854, 'loss': 0.1444, 'lr': 0.001, 'params': 600603, 'time_iter': 13.1584, 'accuracy': 0.9622, 'precision': 0.35, 'recall': 0.0114, 'f1': 0.022, 'auc': 0.7284}
val: {'epoch': 24, 'loss': 0.1009, 'lr': 0.001, 'params': 600603, 'time_iter': 1.6252, 'accuracy': 0.9803, 'precision': 0.0, 'recall': 0.0, 'f1': 0.0, 'auc': 0.739}
train: {'epoch': 24, 'eta': 1018718.392, 'loss': 0.1444, 'lr': 0.001, 'params': 600603, 'time_iter': 13.2512, 'accuracy': 0.9623, 'precision': 0.3478, 'recall': 0.0065, 'f1': 0.0127, 'auc': 0.7237}
val: {'epoch': 25, 'loss': 0.1025, 'lr': 0.001, 'params': 600603, 'time_iter': 1.6518, 'accuracy': 0.9803, 'precision': 0.0, 'recall': 0.0, 'f1': 0.0, 'auc': 0.7041}
train: {'epoch': 25, 'eta': 1005429.4593, 'loss': 0.1435, 'lr': 0.001, 'params': 600603, 'time_iter': 13.3005, 'accuracy': 0.9624, 'precision': 0.4412, 'recall': 0.0122, 'f1': 0.0237, 'auc': 0.7261}
val: {'epoch': 26, 'loss': 0.098, 'lr': 0.001, 'params': 600603, 'time_iter': 1.7514, 'accuracy': 0.9805, 'precision': 1.0, 'recall': 0.0123, 'f1': 0.0244, 'auc': 0.7213}
train: {'epoch': 26, 'eta': 992351.0527, 'loss': 0.1433, 'lr': 0.001, 'params': 600603, 'time_iter': 13.3867, 'accuracy': 0.9623, 'precision': 0.3548, 'recall': 0.0089, 'f1': 0.0174, 'auc': 0.7251}
val: {'epoch': 27, 'loss': 0.1072, 'lr': 0.001, 'params': 600603, 'time_iter': 1.628, 'accuracy': 0.9803, 'precision': 0.0, 'recall': 0.0, 'f1': 0.0, 'auc': 0.6852}
train: {'epoch': 27, 'eta': 978938.3071, 'loss': 0.1437, 'lr': 0.001, 'params': 600603, 'time_iter': 13.2792, 'accuracy': 0.9621, 'precision': 0.3333, 'recall': 0.0122, 'f1': 0.0235, 'auc': 0.7211}
val: {'epoch': 28, 'loss': 0.1051, 'lr': 0.001, 'params': 600603, 'time_iter': 1.5876, 'accuracy': 0.9803, 'precision': 0.0, 'recall': 0.0, 'f1': 0.0, 'auc': 0.6941}
train: {'epoch': 28, 'eta': 965566.988, 'loss': 0.143, 'lr': 0.001, 'params': 600603, 'time_iter': 13.3025, 'accuracy': 0.9622, 'precision': 0.3725, 'recall': 0.0154, 'f1': 0.0296, 'auc': 0.7209}
val: {'epoch': 29, 'loss': 0.1007, 'lr': 0.001, 'params': 600603, 'time_iter': 1.6775, 'accuracy': 0.9803, 'precision': 0.0, 'recall': 0.0, 'f1': 0.0, 'auc': 0.7154}
train: {'epoch': 29, 'eta': 952047.9016, 'loss': 0.1428, 'lr': 0.001, 'params': 600603, 'time_iter': 13.2498, 'accuracy': 0.9625, 'precision': 0.48, 'recall': 0.0195, 'f1': 0.0374, 'auc': 0.7237}
val: {'epoch': 30, 'loss': 0.1023, 'lr': 0.001, 'params': 600603, 'time_iter': 1.64, 'accuracy': 0.9808, 'precision': 0.75, 'recall': 0.037, 'f1': 0.0706, 'auc': 0.7326}
train: {'epoch': 30, 'eta': 938720.922, 'loss': 0.1449, 'lr': 0.001, 'params': 600603, 'time_iter': 13.3369, 'accuracy': 0.9625, 'precision': 0.4727, 'recall': 0.0211, 'f1': 0.0404, 'auc': 0.7128}
val: {'epoch': 31, 'loss': 0.099, 'lr': 0.001, 'params': 600603, 'time_iter': 1.6178, 'accuracy': 0.9801, 'precision': 0.0, 'recall': 0.0, 'f1': 0.0, 'auc': 0.7497}
train: {'epoch': 31, 'eta': 925015.9615, 'loss': 0.1455, 'lr': 0.001, 'params': 600603, 'time_iter': 13.1754, 'accuracy': 0.9619, 'precision': 0.2558, 'recall': 0.0089, 'f1': 0.0173, 'auc': 0.717}
val: {'epoch': 32, 'loss': 0.0979, 'lr': 0.001, 'params': 600603, 'time_iter': 1.6468, 'accuracy': 0.9798, 'precision': 0.0, 'recall': 0.0, 'f1': 0.0, 'auc': 0.7323}
train: {'epoch': 32, 'eta': 911372.0154, 'loss': 0.1457, 'lr': 0.001, 'params': 600603, 'time_iter': 13.2003, 'accuracy': 0.9621, 'precision': 0.2333, 'recall': 0.0057, 'f1': 0.0111, 'auc': 0.7142}
val: {'epoch': 33, 'loss': 0.1008, 'lr': 0.001, 'params': 600603, 'time_iter': 1.5664, 'accuracy': 0.9803, 'precision': 0.5, 'recall': 0.0123, 'f1': 0.0241, 'auc': 0.7478}
train: {'epoch': 33, 'eta': 897840.6105, 'loss': 0.1444, 'lr': 0.001, 'params': 600603, 'time_iter': 13.2548, 'accuracy': 0.9622, 'precision': 0.3659, 'recall': 0.0122, 'f1': 0.0236, 'auc': 0.7237}
val: {'epoch': 34, 'loss': 0.1015, 'lr': 0.001, 'params': 600603, 'time_iter': 1.5827, 'accuracy': 0.9803, 'precision': 0.0, 'recall': 0.0, 'f1': 0.0, 'auc': 0.7529}
train: {'epoch': 34, 'eta': 884297.4487, 'loss': 0.1436, 'lr': 0.001, 'params': 600603, 'time_iter': 13.2519, 'accuracy': 0.962, 'precision': 0.3455, 'recall': 0.0154, 'f1': 0.0295, 'auc': 0.7307}
val: {'epoch': 35, 'loss': 0.0952, 'lr': 0.001, 'params': 600603, 'time_iter': 1.5728, 'accuracy': 0.9803, 'precision': 0.0, 'recall': 0.0, 'f1': 0.0, 'auc': 0.7439}
train: {'epoch': 35, 'eta': 871011.5687, 'loss': 0.1429, 'lr': 0.001, 'params': 600603, 'time_iter': 13.3954, 'accuracy': 0.9619, 'precision': 0.3158, 'recall': 0.0146, 'f1': 0.0279, 'auc': 0.736}
val: {'epoch': 36, 'loss': 0.0961, 'lr': 0.001, 'params': 600603, 'time_iter': 1.8639, 'accuracy': 0.9803, 'precision': 0.0, 'recall': 0.0, 'f1': 0.0, 'auc': 0.7457}
train: {'epoch': 36, 'eta': 857263.7252, 'loss': 0.142, 'lr': 0.001, 'params': 600603, 'time_iter': 13.1471, 'accuracy': 0.9623, 'precision': 0.3902, 'recall': 0.013, 'f1': 0.0251, 'auc': 0.7419}
val: {'epoch': 37, 'loss': 0.0951, 'lr': 0.001, 'params': 600603, 'time_iter': 1.6193, 'accuracy': 0.9805, 'precision': 1.0, 'recall': 0.0123, 'f1': 0.0244, 'auc': 0.7363}
train: {'epoch': 37, 'eta': 843401.7886, 'loss': 0.1421, 'lr': 0.001, 'params': 600603, 'time_iter': 13.0722, 'accuracy': 0.9619, 'precision': 0.2917, 'recall': 0.0114, 'f1': 0.0219, 'auc': 0.7426}
val: {'epoch': 38, 'loss': 0.0983, 'lr': 0.001, 'params': 600603, 'time_iter': 1.5973, 'accuracy': 0.9798, 'precision': 0.0, 'recall': 0.0, 'f1': 0.0, 'auc': 0.7182}
train: {'epoch': 38, 'eta': 829831.2241, 'loss': 0.1418, 'lr': 0.001, 'params': 600603, 'time_iter': 13.2402, 'accuracy': 0.9618, 'precision': 0.3065, 'recall': 0.0154, 'f1': 0.0294, 'auc': 0.7418}
val: {'epoch': 39, 'loss': 0.1012, 'lr': 0.001, 'params': 600603, 'time_iter': 1.7602, 'accuracy': 0.9803, 'precision': 0.5, 'recall': 0.0123, 'f1': 0.0241, 'auc': 0.7208}
train: {'epoch': 39, 'eta': 815855.7401, 'loss': 0.141, 'lr': 0.001, 'params': 600603, 'time_iter': 12.9796, 'accuracy': 0.9621, 'precision': 0.3462, 'recall': 0.0146, 'f1': 0.028, 'auc': 0.7482}
val: {'epoch': 40, 'loss': 0.1015, 'lr': 0.001, 'params': 600603, 'time_iter': 1.583, 'accuracy': 0.9803, 'precision': 0.5, 'recall': 0.0123, 'f1': 0.0241, 'auc': 0.7087}
train: {'epoch': 40, 'eta': 802225.2881, 'loss': 0.1413, 'lr': 0.001, 'params': 600603, 'time_iter': 13.1922, 'accuracy': 0.9619, 'precision': 0.3333, 'recall': 0.017, 'f1': 0.0324, 'auc': 0.7446}
val: {'epoch': 41, 'loss': 0.1012, 'lr': 0.001, 'params': 600603, 'time_iter': 1.5999, 'accuracy': 0.9801, 'precision': 0.0, 'recall': 0.0, 'f1': 0.0, 'auc': 0.7113}
train: {'epoch': 41, 'eta': 788357.39, 'loss': 0.1426, 'lr': 0.001, 'params': 600603, 'time_iter': 13.0232, 'accuracy': 0.9622, 'precision': 0.3898, 'recall': 0.0187, 'f1': 0.0356, 'auc': 0.7326}
val: {'epoch': 42, 'loss': 0.1036, 'lr': 0.001, 'params': 600603, 'time_iter': 1.7537, 'accuracy': 0.9803, 'precision': 0.0, 'recall': 0.0, 'f1': 0.0, 'auc': 0.7163}
train: {'epoch': 42, 'eta': 774841.3625, 'loss': 0.1408, 'lr': 0.001, 'params': 600603, 'time_iter': 13.2653, 'accuracy': 0.9621, 'precision': 0.3333, 'recall': 0.013, 'f1': 0.025, 'auc': 0.7463}
val: {'epoch': 43, 'loss': 0.0982, 'lr': 0.001, 'params': 600603, 'time_iter': 1.5823, 'accuracy': 0.9805, 'precision': 1.0, 'recall': 0.0123, 'f1': 0.0244, 'auc': 0.7228}
train: {'epoch': 43, 'eta': 761418.453, 'loss': 0.1405, 'lr': 0.001, 'params': 600603, 'time_iter': 13.341, 'accuracy': 0.9622, 'precision': 0.3636, 'recall': 0.013, 'f1': 0.0251, 'auc': 0.7464}
val: {'epoch': 44, 'loss': 0.0993, 'lr': 0.001, 'params': 600603, 'time_iter': 1.6258, 'accuracy': 0.981, 'precision': 1.0, 'recall': 0.037, 'f1': 0.0714, 'auc': 0.7296}
train: {'epoch': 44, 'eta': 747706.036, 'loss': 0.1396, 'lr': 0.001, 'params': 600603, 'time_iter': 13.1216, 'accuracy': 0.9624, 'precision': 0.4627, 'recall': 0.0252, 'f1': 0.0477, 'auc': 0.7528}
val: {'epoch': 45, 'loss': 0.1024, 'lr': 0.001, 'params': 600603, 'time_iter': 1.726, 'accuracy': 0.9803, 'precision': 0.0, 'recall': 0.0, 'f1': 0.0, 'auc': 0.7391}
train: {'epoch': 45, 'eta': 734001.6985, 'loss': 0.1396, 'lr': 0.001, 'params': 600603, 'time_iter': 13.1207, 'accuracy': 0.9624, 'precision': 0.4684, 'recall': 0.03, 'f1': 0.0564, 'auc': 0.7508}
val: {'epoch': 46, 'loss': 0.104, 'lr': 0.001, 'params': 600603, 'time_iter': 1.6047, 'accuracy': 0.9803, 'precision': 0.0, 'recall': 0.0, 'f1': 0.0, 'auc': 0.7192}
train: {'epoch': 46, 'eta': 720472.0603, 'loss': 0.1396, 'lr': 0.001, 'params': 600603, 'time_iter': 13.2638, 'accuracy': 0.962, 'precision': 0.3867, 'recall': 0.0235, 'f1': 0.0444, 'auc': 0.7516}
val: {'epoch': 47, 'loss': 0.102, 'lr': 0.001, 'params': 600603, 'time_iter': 1.5374, 'accuracy': 0.9805, 'precision': 1.0, 'recall': 0.0123, 'f1': 0.0244, 'auc': 0.7173}
train: {'epoch': 47, 'eta': 706731.991, 'loss': 0.1389, 'lr': 0.001, 'params': 600603, 'time_iter': 13.0795, 'accuracy': 0.9624, 'precision': 0.4756, 'recall': 0.0317, 'f1': 0.0594, 'auc': 0.7535}
val: {'epoch': 48, 'loss': 0.1045, 'lr': 0.001, 'params': 600603, 'time_iter': 1.6867, 'accuracy': 0.9801, 'precision': 0.0, 'recall': 0.0, 'f1': 0.0, 'auc': 0.7352}
train: {'epoch': 48, 'eta': 693048.9012, 'loss': 0.1385, 'lr': 0.001, 'params': 600603, 'time_iter': 13.122, 'accuracy': 0.9623, 'precision': 0.4194, 'recall': 0.0211, 'f1': 0.0402, 'auc': 0.7584}
val: {'epoch': 49, 'loss': 0.1034, 'lr': 0.001, 'params': 600603, 'time_iter': 1.5961, 'accuracy': 0.9803, 'precision': 0.0, 'recall': 0.0, 'f1': 0.0, 'auc': 0.7174}
train: {'epoch': 49, 'eta': 679315.9813, 'loss': 0.1396, 'lr': 0.001, 'params': 600603, 'time_iter': 13.0665, 'accuracy': 0.9623, 'precision': 0.4211, 'recall': 0.0195, 'f1': 0.0372, 'auc': 0.7532}
val: {'epoch': 50, 'loss': 0.1039, 'lr': 0.001, 'params': 600603, 'time_iter': 1.5997, 'accuracy': 0.9803, 'precision': 0.0, 'recall': 0.0, 'f1': 0.0, 'auc': 0.7542}
train: {'epoch': 50, 'eta': 665642.9766, 'loss': 0.1398, 'lr': 0.001, 'params': 600603, 'time_iter': 13.1157, 'accuracy': 0.9624, 'precision': 0.4714, 'recall': 0.0268, 'f1': 0.0507, 'auc': 0.7542}
val: {'epoch': 51, 'loss': 0.1031, 'lr': 0.001, 'params': 600603, 'time_iter': 1.6018, 'accuracy': 0.9805, 'precision': 1.0, 'recall': 0.0123, 'f1': 0.0244, 'auc': 0.7387}
train: {'epoch': 51, 'eta': 652085.7395, 'loss': 0.1394, 'lr': 0.001, 'params': 600603, 'time_iter': 13.2305, 'accuracy': 0.9625, 'precision': 0.4923, 'recall': 0.026, 'f1': 0.0493, 'auc': 0.7567}
val: {'epoch': 52, 'loss': 0.1005, 'lr': 0.001, 'params': 600603, 'time_iter': 1.5791, 'accuracy': 0.9805, 'precision': 1.0, 'recall': 0.0123, 'f1': 0.0244, 'auc': 0.7769}
train: {'epoch': 52, 'eta': 638520.1056, 'loss': 0.1397, 'lr': 0.001, 'params': 600603, 'time_iter': 13.2236, 'accuracy': 0.9621, 'precision': 0.4, 'recall': 0.0227, 'f1': 0.043, 'auc': 0.7553}
val: {'epoch': 53, 'loss': 0.1019, 'lr': 0.001, 'params': 600603, 'time_iter': 1.6013, 'accuracy': 0.9803, 'precision': 0.0, 'recall': 0.0, 'f1': 0.0, 'auc': 0.7604}
train: {'epoch': 53, 'eta': 624863.6218, 'loss': 0.1392, 'lr': 0.001, 'params': 600603, 'time_iter': 13.1217, 'accuracy': 0.9623, 'precision': 0.439, 'recall': 0.0292, 'f1': 0.0548, 'auc': 0.7524}
val: {'epoch': 54, 'loss': 0.1044, 'lr': 0.001, 'params': 600603, 'time_iter': 1.6159, 'accuracy': 0.9803, 'precision': 0.0, 'recall': 0.0, 'f1': 0.0, 'auc': 0.7689}
train: {'epoch': 54, 'eta': 611235.3875, 'loss': 0.1379, 'lr': 0.001, 'params': 600603, 'time_iter': 13.1486, 'accuracy': 0.9624, 'precision': 0.4744, 'recall': 0.03, 'f1': 0.0565, 'auc': 0.7584}
val: {'epoch': 55, 'loss': 0.0976, 'lr': 0.001, 'params': 600603, 'time_iter': 1.9269, 'accuracy': 0.9808, 'precision': 1.0, 'recall': 0.0247, 'f1': 0.0482, 'auc': 0.7534}
train: {'epoch': 55, 'eta': 597667.4842, 'loss': 0.1378, 'lr': 0.001, 'params': 600603, 'time_iter': 13.2189, 'accuracy': 0.9625, 'precision': 0.4881, 'recall': 0.0333, 'f1': 0.0623, 'auc': 0.7567}
val: {'epoch': 56, 'loss': 0.1037, 'lr': 0.001, 'params': 600603, 'time_iter': 1.6686, 'accuracy': 0.9805, 'precision': 1.0, 'recall': 0.0123, 'f1': 0.0244, 'auc': 0.74}
train: {'epoch': 56, 'eta': 584194.9001, 'loss': 0.1367, 'lr': 0.001, 'params': 600603, 'time_iter': 13.3432, 'accuracy': 0.9628, 'precision': 0.55, 'recall': 0.0357, 'f1': 0.0671, 'auc': 0.7652}
val: {'epoch': 57, 'loss': 0.1006, 'lr': 0.001, 'params': 600603, 'time_iter': 1.7214, 'accuracy': 0.9805, 'precision': 1.0, 'recall': 0.0123, 'f1': 0.0244, 'auc': 0.7595}
train: {'epoch': 57, 'eta': 570451.8365, 'loss': 0.1373, 'lr': 0.001, 'params': 600603, 'time_iter': 12.9922, 'accuracy': 0.962, 'precision': 0.4082, 'recall': 0.0325, 'f1': 0.0602, 'auc': 0.7623}
val: {'epoch': 58, 'loss': 0.0998, 'lr': 0.001, 'params': 600603, 'time_iter': 1.8243, 'accuracy': 0.9805, 'precision': 1.0, 'recall': 0.0123, 'f1': 0.0244, 'auc': 0.7405}
train: {'epoch': 58, 'eta': 556805.176, 'loss': 0.1366, 'lr': 0.001, 'params': 600603, 'time_iter': 13.1092, 'accuracy': 0.9625, 'precision': 0.4943, 'recall': 0.0349, 'f1': 0.0652, 'auc': 0.7616}
val: {'epoch': 59, 'loss': 0.1001, 'lr': 0.001, 'params': 600603, 'time_iter': 1.6514, 'accuracy': 0.9805, 'precision': 1.0, 'recall': 0.0123, 'f1': 0.0244, 'auc': 0.742}
train: {'epoch': 59, 'eta': 543189.8264, 'loss': 0.1361, 'lr': 0.001, 'params': 600603, 'time_iter': 13.1472, 'accuracy': 0.9624, 'precision': 0.4804, 'recall': 0.0398, 'f1': 0.0735, 'auc': 0.7637}
val: {'epoch': 60, 'loss': 0.1006, 'lr': 0.001, 'params': 600603, 'time_iter': 1.6364, 'accuracy': 0.9805, 'precision': 1.0, 'recall': 0.0123, 'f1': 0.0244, 'auc': 0.759}
train: {'epoch': 60, 'eta': 529471.7959, 'loss': 0.1364, 'lr': 0.001, 'params': 600603, 'time_iter': 12.9868, 'accuracy': 0.9626, 'precision': 0.5075, 'recall': 0.0276, 'f1': 0.0523, 'auc': 0.7632}
val: {'epoch': 61, 'loss': 0.1026, 'lr': 0.001, 'params': 600603, 'time_iter': 1.7978, 'accuracy': 0.9805, 'precision': 1.0, 'recall': 0.0123, 'f1': 0.0244, 'auc': 0.7212}
train: {'epoch': 61, 'eta': 515973.8527, 'loss': 0.1367, 'lr': 0.001, 'params': 600603, 'time_iter': 13.3177, 'accuracy': 0.9627, 'precision': 0.5238, 'recall': 0.0357, 'f1': 0.0669, 'auc': 0.7641}
val: {'epoch': 62, 'loss': 0.1072, 'lr': 0.001, 'params': 600603, 'time_iter': 1.6593, 'accuracy': 0.9803, 'precision': 0.0, 'recall': 0.0, 'f1': 0.0, 'auc': 0.7347}
train: {'epoch': 62, 'eta': 502399.0019, 'loss': 0.1368, 'lr': 0.001, 'params': 600603, 'time_iter': 13.2012, 'accuracy': 0.9627, 'precision': 0.5204, 'recall': 0.0414, 'f1': 0.0767, 'auc': 0.7609}
val: {'epoch': 63, 'loss': 0.1055, 'lr': 0.001, 'params': 600603, 'time_iter': 1.6598, 'accuracy': 0.9798, 'precision': 0.25, 'recall': 0.0123, 'f1': 0.0235, 'auc': 0.7275}
train: {'epoch': 63, 'eta': 488767.7329, 'loss': 0.1388, 'lr': 0.001, 'params': 600603, 'time_iter': 13.1043, 'accuracy': 0.9624, 'precision': 0.4419, 'recall': 0.0154, 'f1': 0.0298, 'auc': 0.7555}
val: {'epoch': 64, 'loss': 0.1047, 'lr': 0.001, 'params': 600603, 'time_iter': 1.8157, 'accuracy': 0.9803, 'precision': 0.0, 'recall': 0.0, 'f1': 0.0, 'auc': 0.7799}
train: {'epoch': 64, 'eta': 475131.5735, 'loss': 0.1441, 'lr': 0.001, 'params': 600603, 'time_iter': 13.0873, 'accuracy': 0.9622, 'precision': 0.2105, 'recall': 0.0032, 'f1': 0.0064, 'auc': 0.7334}
val: {'epoch': 65, 'loss': 0.1002, 'lr': 0.001, 'params': 600603, 'time_iter': 1.6567, 'accuracy': 0.9798, 'precision': 0.0, 'recall': 0.0, 'f1': 0.0, 'auc': 0.7589}
train: {'epoch': 65, 'eta': 461535.1344, 'loss': 0.1413, 'lr': 0.001, 'params': 600603, 'time_iter': 13.1525, 'accuracy': 0.9622, 'precision': 0.1905, 'recall': 0.0032, 'f1': 0.0064, 'auc': 0.7484}
val: {'epoch': 66, 'loss': 0.0995, 'lr': 0.001, 'params': 600603, 'time_iter': 1.6136, 'accuracy': 0.9801, 'precision': 0.3333, 'recall': 0.0123, 'f1': 0.0238, 'auc': 0.7635}
train: {'epoch': 66, 'eta': 447992.625, 'loss': 0.1404, 'lr': 0.001, 'params': 600603, 'time_iter': 13.2552, 'accuracy': 0.9623, 'precision': 0.3333, 'recall': 0.0081, 'f1': 0.0158, 'auc': 0.7457}
val: {'epoch': 67, 'loss': 0.1009, 'lr': 0.001, 'params': 600603, 'time_iter': 1.7495, 'accuracy': 0.9798, 'precision': 0.0, 'recall': 0.0, 'f1': 0.0, 'auc': 0.7512}
train: {'epoch': 67, 'eta': 434373.5695, 'loss': 0.1403, 'lr': 0.001, 'params': 600603, 'time_iter': 13.1031, 'accuracy': 0.9622, 'precision': 0.3636, 'recall': 0.013, 'f1': 0.0251, 'auc': 0.743}
val: {'epoch': 68, 'loss': 0.1002, 'lr': 0.001, 'params': 600603, 'time_iter': 1.6232, 'accuracy': 0.9798, 'precision': 0.25, 'recall': 0.0123, 'f1': 0.0235, 'auc': 0.7479}
train: {'epoch': 68, 'eta': 420827.6139, 'loss': 0.1365, 'lr': 0.001, 'params': 600603, 'time_iter': 13.2527, 'accuracy': 0.9624, 'precision': 0.4747, 'recall': 0.0381, 'f1': 0.0706, 'auc': 0.7661}
val: {'epoch': 69, 'loss': 0.1034, 'lr': 0.001, 'params': 600603, 'time_iter': 1.5835, 'accuracy': 0.9798, 'precision': 0.25, 'recall': 0.0123, 'f1': 0.0235, 'auc': 0.7382}
train: {'epoch': 69, 'eta': 407189.4547, 'loss': 0.1377, 'lr': 0.001, 'params': 600603, 'time_iter': 13.0495, 'accuracy': 0.9625, 'precision': 0.4878, 'recall': 0.0325, 'f1': 0.0609, 'auc': 0.7623}
val: {'epoch': 70, 'loss': 0.098, 'lr': 0.001, 'params': 600603, 'time_iter': 1.7057, 'accuracy': 0.9798, 'precision': 0.25, 'recall': 0.0123, 'f1': 0.0235, 'auc': 0.7309}
train: {'epoch': 70, 'eta': 393619.0316, 'loss': 0.1393, 'lr': 0.001, 'params': 600603, 'time_iter': 13.1965, 'accuracy': 0.9622, 'precision': 0.3333, 'recall': 0.0097, 'f1': 0.0189, 'auc': 0.7575}
val: {'epoch': 71, 'loss': 0.0969, 'lr': 0.001, 'params': 600603, 'time_iter': 1.6435, 'accuracy': 0.9798, 'precision': 0.25, 'recall': 0.0123, 'f1': 0.0235, 'auc': 0.7595}
train: {'epoch': 71, 'eta': 379998.9092, 'loss': 0.1413, 'lr': 0.001, 'params': 600603, 'time_iter': 13.073, 'accuracy': 0.9621, 'precision': 0.34, 'recall': 0.0138, 'f1': 0.0265, 'auc': 0.7453}
val: {'epoch': 72, 'loss': 0.1046, 'lr': 0.001, 'params': 600603, 'time_iter': 1.6169, 'accuracy': 0.9801, 'precision': 0.3333, 'recall': 0.0123, 'f1': 0.0238, 'auc': 0.744}
train: {'epoch': 72, 'eta': 366378.466, 'loss': 0.1371, 'lr': 0.001, 'params': 600603, 'time_iter': 13.06, 'accuracy': 0.9624, 'precision': 0.4752, 'recall': 0.039, 'f1': 0.072, 'auc': 0.7612}
val: {'epoch': 73, 'loss': 0.1048, 'lr': 0.001, 'params': 600603, 'time_iter': 1.6853, 'accuracy': 0.9803, 'precision': 0.5, 'recall': 0.0123, 'f1': 0.0241, 'auc': 0.7646}
train: {'epoch': 73, 'eta': 352821.4473, 'loss': 0.1351, 'lr': 0.001, 'params': 600603, 'time_iter': 13.2219, 'accuracy': 0.9627, 'precision': 0.5288, 'recall': 0.0446, 'f1': 0.0823, 'auc': 0.7696}
val: {'epoch': 74, 'loss': 0.1018, 'lr': 0.001, 'params': 600603, 'time_iter': 1.6472, 'accuracy': 0.9801, 'precision': 0.0, 'recall': 0.0, 'f1': 0.0, 'auc': 0.7528}
train: {'epoch': 74, 'eta': 339231.0982, 'loss': 0.1358, 'lr': 0.001, 'params': 600603, 'time_iter': 13.1285, 'accuracy': 0.9626, 'precision': 0.5094, 'recall': 0.0438, 'f1': 0.0807, 'auc': 0.7653}
val: {'epoch': 75, 'loss': 0.1051, 'lr': 0.001, 'params': 600603, 'time_iter': 1.676, 'accuracy': 0.9801, 'precision': 0.0, 'recall': 0.0, 'f1': 0.0, 'auc': 0.7547}
train: {'epoch': 75, 'eta': 325611.821, 'loss': 0.1343, 'lr': 0.001, 'params': 600603, 'time_iter': 13.0329, 'accuracy': 0.9629, 'precision': 0.5508, 'recall': 0.0528, 'f1': 0.0963, 'auc': 0.7727}
val: {'epoch': 76, 'loss': 0.1062, 'lr': 0.001, 'params': 600603, 'time_iter': 1.6772, 'accuracy': 0.9801, 'precision': 0.0, 'recall': 0.0, 'f1': 0.0, 'auc': 0.7681}
train: {'epoch': 76, 'eta': 312073.0215, 'loss': 0.1342, 'lr': 0.001, 'params': 600603, 'time_iter': 13.2771, 'accuracy': 0.9626, 'precision': 0.5047, 'recall': 0.0438, 'f1': 0.0807, 'auc': 0.7761}
val: {'epoch': 77, 'loss': 0.1082, 'lr': 0.001, 'params': 600603, 'time_iter': 1.5937, 'accuracy': 0.9798, 'precision': 0.0, 'recall': 0.0, 'f1': 0.0, 'auc': 0.7347}
train: {'epoch': 77, 'eta': 298562.7175, 'loss': 0.1353, 'lr': 0.001, 'params': 600603, 'time_iter': 13.3861, 'accuracy': 0.9625, 'precision': 0.4956, 'recall': 0.0455, 'f1': 0.0833, 'auc': 0.7689}
val: {'epoch': 78, 'loss': 0.1066, 'lr': 0.001, 'params': 600603, 'time_iter': 1.6203, 'accuracy': 0.9796, 'precision': 0.2, 'recall': 0.0123, 'f1': 0.0233, 'auc': 0.7537}
train: {'epoch': 78, 'eta': 284971.6098, 'loss': 0.1349, 'lr': 0.001, 'params': 600603, 'time_iter': 13.1152, 'accuracy': 0.9626, 'precision': 0.5047, 'recall': 0.0438, 'f1': 0.0807, 'auc': 0.7749}
val: {'epoch': 79, 'loss': 0.107, 'lr': 0.001, 'params': 600603, 'time_iter': 1.6307, 'accuracy': 0.9803, 'precision': 0.5, 'recall': 0.0123, 'f1': 0.0241, 'auc': 0.7406}
train: {'epoch': 79, 'eta': 271407.3247, 'loss': 0.1343, 'lr': 0.001, 'params': 600603, 'time_iter': 13.2101, 'accuracy': 0.9627, 'precision': 0.5161, 'recall': 0.0519, 'f1': 0.0944, 'auc': 0.7759}
val: {'epoch': 80, 'loss': 0.1055, 'lr': 0.001, 'params': 600603, 'time_iter': 1.5763, 'accuracy': 0.9803, 'precision': 0.0, 'recall': 0.0, 'f1': 0.0, 'auc': 0.7474}
train: {'epoch': 80, 'eta': 257799.535, 'loss': 0.1338, 'lr': 0.001, 'params': 600603, 'time_iter': 13.0329, 'accuracy': 0.9628, 'precision': 0.5345, 'recall': 0.0503, 'f1': 0.092, 'auc': 0.7798}
val: {'epoch': 81, 'loss': 0.1034, 'lr': 0.001, 'params': 600603, 'time_iter': 1.608, 'accuracy': 0.9801, 'precision': 0.0, 'recall': 0.0, 'f1': 0.0, 'auc': 0.7532}
train: {'epoch': 81, 'eta': 244249.6989, 'loss': 0.1337, 'lr': 0.001, 'params': 600603, 'time_iter': 13.2682, 'accuracy': 0.9625, 'precision': 0.4954, 'recall': 0.0438, 'f1': 0.0805, 'auc': 0.7822}
val: {'epoch': 82, 'loss': 0.1015, 'lr': 0.001, 'params': 600603, 'time_iter': 1.6144, 'accuracy': 0.9803, 'precision': 0.5, 'recall': 0.0123, 'f1': 0.0241, 'auc': 0.7565}
train: {'epoch': 82, 'eta': 230700.5948, 'loss': 0.1344, 'lr': 0.001, 'params': 600603, 'time_iter': 13.2834, 'accuracy': 0.9625, 'precision': 0.4954, 'recall': 0.0438, 'f1': 0.0805, 'auc': 0.7733}
val: {'epoch': 83, 'loss': 0.1036, 'lr': 0.001, 'params': 600603, 'time_iter': 1.6126, 'accuracy': 0.9803, 'precision': 0.5, 'recall': 0.0123, 'f1': 0.0241, 'auc': 0.7654}
train: {'epoch': 83, 'eta': 217094.8112, 'loss': 0.1346, 'lr': 0.001, 'params': 600603, 'time_iter': 13.0088, 'accuracy': 0.9629, 'precision': 0.5577, 'recall': 0.0471, 'f1': 0.0868, 'auc': 0.7758}
val: {'epoch': 84, 'loss': 0.1071, 'lr': 0.001, 'params': 600603, 'time_iter': 1.6214, 'accuracy': 0.9803, 'precision': 0.5, 'recall': 0.0123, 'f1': 0.0241, 'auc': 0.7767}
train: {'epoch': 84, 'eta': 203509.1645, 'loss': 0.133, 'lr': 0.001, 'params': 600603, 'time_iter': 13.0912, 'accuracy': 0.9627, 'precision': 0.5207, 'recall': 0.0511, 'f1': 0.0931, 'auc': 0.7808}
val: {'epoch': 85, 'loss': 0.111, 'lr': 0.001, 'params': 600603, 'time_iter': 1.5961, 'accuracy': 0.9803, 'precision': 0.0, 'recall': 0.0, 'f1': 0.0, 'auc': 0.7646}
train: {'epoch': 85, 'eta': 189955.4491, 'loss': 0.1332, 'lr': 0.001, 'params': 600603, 'time_iter': 13.2659, 'accuracy': 0.9629, 'precision': 0.5504, 'recall': 0.0576, 'f1': 0.1043, 'auc': 0.7803}
val: {'epoch': 86, 'loss': 0.0995, 'lr': 0.001, 'params': 600603, 'time_iter': 1.8763, 'accuracy': 0.9803, 'precision': 0.0, 'recall': 0.0, 'f1': 0.0, 'auc': 0.7731}
train: {'epoch': 86, 'eta': 176380.192, 'loss': 0.1331, 'lr': 0.001, 'params': 600603, 'time_iter': 13.1403, 'accuracy': 0.9629, 'precision': 0.5505, 'recall': 0.0487, 'f1': 0.0895, 'auc': 0.7841}
val: {'epoch': 87, 'loss': 0.1027, 'lr': 0.001, 'params': 600603, 'time_iter': 1.6103, 'accuracy': 0.9803, 'precision': 0.0, 'recall': 0.0, 'f1': 0.0, 'auc': 0.7615}
train: {'epoch': 87, 'eta': 162805.129, 'loss': 0.1328, 'lr': 0.001, 'params': 600603, 'time_iter': 13.1329, 'accuracy': 0.9629, 'precision': 0.5528, 'recall': 0.0552, 'f1': 0.1004, 'auc': 0.784}
val: {'epoch': 88, 'loss': 0.107, 'lr': 0.001, 'params': 600603, 'time_iter': 1.6414, 'accuracy': 0.9803, 'precision': 0.0, 'recall': 0.0, 'f1': 0.0, 'auc': 0.7576}
train: {'epoch': 88, 'eta': 149230.8641, 'loss': 0.1329, 'lr': 0.001, 'params': 600603, 'time_iter': 13.1284, 'accuracy': 0.9629, 'precision': 0.5476, 'recall': 0.056, 'f1': 0.1016, 'auc': 0.781}
val: {'epoch': 89, 'loss': 0.1038, 'lr': 0.001, 'params': 600603, 'time_iter': 1.845, 'accuracy': 0.9801, 'precision': 0.0, 'recall': 0.0, 'f1': 0.0, 'auc': 0.7474}
train: {'epoch': 89, 'eta': 135653.0568, 'loss': 0.1336, 'lr': 0.001, 'params': 600603, 'time_iter': 13.0847, 'accuracy': 0.9629, 'precision': 0.547, 'recall': 0.0519, 'f1': 0.0949, 'auc': 0.7812}
val: {'epoch': 90, 'loss': 0.1065, 'lr': 0.001, 'params': 600603, 'time_iter': 1.6244, 'accuracy': 0.9803, 'precision': 0.0, 'recall': 0.0, 'f1': 0.0, 'auc': 0.7445}
train: {'epoch': 90, 'eta': 122115.2744, 'loss': 0.1332, 'lr': 0.001, 'params': 600603, 'time_iter': 13.4534, 'accuracy': 0.9629, 'precision': 0.5446, 'recall': 0.0495, 'f1': 0.0908, 'auc': 0.7843}
val: {'epoch': 91, 'loss': 0.1048, 'lr': 0.001, 'params': 600603, 'time_iter': 1.6096, 'accuracy': 0.9801, 'precision': 0.0, 'recall': 0.0, 'f1': 0.0, 'auc': 0.743}
train: {'epoch': 91, 'eta': 108538.2939, 'loss': 0.133, 'lr': 0.001, 'params': 600603, 'time_iter': 13.0897, 'accuracy': 0.9629, 'precision': 0.5476, 'recall': 0.056, 'f1': 0.1016, 'auc': 0.7843}
val: {'epoch': 92, 'loss': 0.1091, 'lr': 0.001, 'params': 600603, 'time_iter': 1.787, 'accuracy': 0.9805, 'precision': 1.0, 'recall': 0.0123, 'f1': 0.0244, 'auc': 0.7398}
train: {'epoch': 92, 'eta': 94956.0838, 'loss': 0.133, 'lr': 0.001, 'params': 600603, 'time_iter': 12.9922, 'accuracy': 0.9629, 'precision': 0.5414, 'recall': 0.0584, 'f1': 0.1055, 'auc': 0.7827}
val: {'epoch': 93, 'loss': 0.1092, 'lr': 0.001, 'params': 600603, 'time_iter': 1.6434, 'accuracy': 0.9803, 'precision': 0.0, 'recall': 0.0, 'f1': 0.0, 'auc': 0.745}
train: {'epoch': 93, 'eta': 81404.4863, 'loss': 0.134, 'lr': 0.001, 'params': 600603, 'time_iter': 13.3893, 'accuracy': 0.9626, 'precision': 0.5071, 'recall': 0.0576, 'f1': 0.1035, 'auc': 0.7767}
val: {'epoch': 94, 'loss': 0.1023, 'lr': 0.001, 'params': 600603, 'time_iter': 1.5839, 'accuracy': 0.9803, 'precision': 0.0, 'recall': 0.0, 'f1': 0.0, 'auc': 0.7591}
train: {'epoch': 94, 'eta': 67826.167, 'loss': 0.1331, 'lr': 0.001, 'params': 600603, 'time_iter': 12.9837, 'accuracy': 0.9629, 'precision': 0.544, 'recall': 0.0552, 'f1': 0.1002, 'auc': 0.7821}
val: {'epoch': 95, 'loss': 0.1037, 'lr': 0.001, 'params': 600603, 'time_iter': 1.9035, 'accuracy': 0.9803, 'precision': 0.0, 'recall': 0.0, 'f1': 0.0, 'auc': 0.7708}
train: {'epoch': 95, 'eta': 54257.5541, 'loss': 0.1341, 'lr': 0.001, 'params': 600603, 'time_iter': 13.1041, 'accuracy': 0.9627, 'precision': 0.5246, 'recall': 0.0519, 'f1': 0.0945, 'auc': 0.7798}
val: {'epoch': 96, 'loss': 0.1049, 'lr': 0.001, 'params': 600603, 'time_iter': 1.6146, 'accuracy': 0.9803, 'precision': 0.0, 'recall': 0.0, 'f1': 0.0, 'auc': 0.7692}
train: {'epoch': 96, 'eta': 40700.2541, 'loss': 0.1354, 'lr': 0.001, 'params': 600603, 'time_iter': 13.4048, 'accuracy': 0.9627, 'precision': 0.5169, 'recall': 0.0495, 'f1': 0.0904, 'auc': 0.7761}
val: {'epoch': 97, 'loss': 0.102, 'lr': 0.001, 'params': 600603, 'time_iter': 1.6162, 'accuracy': 0.9803, 'precision': 0.0, 'recall': 0.0, 'f1': 0.0, 'auc': 0.7634}
train: {'epoch': 97, 'eta': 27133.5655, 'loss': 0.1379, 'lr': 0.001, 'params': 600603, 'time_iter': 13.1874, 'accuracy': 0.9627, 'precision': 0.5306, 'recall': 0.0422, 'f1': 0.0782, 'auc': 0.764}
val: {'epoch': 98, 'loss': 0.1087, 'lr': 0.001, 'params': 600603, 'time_iter': 1.8299, 'accuracy': 0.9798, 'precision': 0.0, 'recall': 0.0, 'f1': 0.0, 'auc': 0.7503}
train: {'epoch': 98, 'eta': 13565.5822, 'loss': 0.1359, 'lr': 0.001, 'params': 600603, 'time_iter': 13.0689, 'accuracy': 0.9631, 'precision': 0.5702, 'recall': 0.056, 'f1': 0.102, 'auc': 0.7743}
val: {'epoch': 99, 'loss': 0.109, 'lr': 0.001, 'params': 600603, 'time_iter': 1.6862, 'accuracy': 0.9803, 'precision': 0.0, 'recall': 0.0, 'f1': 0.0, 'auc': 0.7763}
train: {'epoch': 99, 'eta': 0.0, 'loss': 0.1349, 'lr': 0.001, 'params': 600603, 'time_iter': 13.2682, 'accuracy': 0.9625, 'precision': 0.4845, 'recall': 0.0381, 'f1': 0.0707, 'auc': 0.774}
test: {'epoch': 99, 'loss': 0.1834, 'lr': 0.001, 'params': 600603, 'time_iter': 1.4722, 'accuracy': 0.9684, 'precision': 0.0, 'recall': 0.0, 'f1': 0.0, 'auc': 0.7165}
test: {'epoch': 64, 'loss': 0.1701, 'lr': 0.001, 'params': 600603, 'time_iter': 1.5138, 'accuracy': 0.9684, 'precision': 0.0, 'recall': 0.0, 'f1': 0.0, 'auc': 0.7319}
