GraphGymModule(
  (model): DilatedGNNModel(
    (encoder): FeatureEncoder(
      (node_encoder): AtomEncoder(
        (atom_embedding_list): ModuleList(
          (0): Embedding(119, 300)
          (1): Embedding(4, 300)
          (2): Embedding(12, 300)
          (3): Embedding(12, 300)
          (4): Embedding(10, 300)
          (5): Embedding(6, 300)
          (6): Embedding(6, 300)
          (7): Embedding(2, 300)
          (8): Embedding(2, 300)
        )
      )
      (edge_encoder): BondEncoder(
        (bond_embedding_list): ModuleList(
          (0): Embedding(5, 300)
          (1): Embedding(6, 300)
          (2): Embedding(2, 300)
        )
      )
    )
    (mp): GNNDilatedStage(
      (classic_layers): ModuleList(
        (0): GeneralLayer(
          (layer): EGINConv(
            (model): GINEConv(nn=Sequential(
              (0): Linear(300, 300, bias=True)
              (1): ReLU()
              (2): Linear(300, 300, bias=True)
            ))
          )
          (post_layer): Sequential(
            (0): BatchNorm1d(300, eps=1e-05, momentum=0.1, affine=True, track_running_stats=True)
            (1): Dropout(p=0.5, inplace=False)
            (2): ReLU()
          )
        )
        (1): GeneralLayer(
          (layer): EGINConv(
            (model): GINEConv(nn=Sequential(
              (0): Linear(300, 300, bias=True)
              (1): ReLU()
              (2): Linear(300, 300, bias=True)
            ))
          )
          (post_layer): Sequential(
            (0): BatchNorm1d(300, eps=1e-05, momentum=0.1, affine=True, track_running_stats=True)
            (1): Dropout(p=0.5, inplace=False)
            (2): ReLU()
          )
        )
        (2): GeneralLayer(
          (layer): EGINConv(
            (model): GINEConv(nn=Sequential(
              (0): Linear(300, 300, bias=True)
              (1): ReLU()
              (2): Linear(300, 300, bias=True)
            ))
          )
          (post_layer): Sequential(
            (0): BatchNorm1d(300, eps=1e-05, momentum=0.1, affine=True, track_running_stats=True)
            (1): Dropout(p=0.5, inplace=False)
            (2): ReLU()
          )
        )
      )
      (dilated_layers): ModuleList(
        (0): DilatedGeneralLayer(
          (layer): EGINConv(
            (model): GINEConv(nn=Sequential(
              (0): Linear(300, 300, bias=True)
              (1): ReLU()
              (2): Linear(300, 300, bias=True)
            ))
          )
          (post_layer): Sequential(
            (0): BatchNorm1d(300, eps=1e-05, momentum=0.1, affine=True, track_running_stats=True)
            (1): Dropout(p=0.5, inplace=False)
            (2): ReLU()
          )
          (gem): GeM(p=3.0000, eps=1e-06)
        )
        (1): DilatedGeneralLayer(
          (layer): EGINConv(
            (model): GINEConv(nn=Sequential(
              (0): Linear(300, 300, bias=True)
              (1): ReLU()
              (2): Linear(300, 300, bias=True)
            ))
          )
          (post_layer): Sequential(
            (0): BatchNorm1d(300, eps=1e-05, momentum=0.1, affine=True, track_running_stats=True)
            (1): Dropout(p=0.5, inplace=False)
            (2): ReLU()
          )
          (gem): GeM(p=3.0000, eps=1e-06)
        )
        (2): DilatedGeneralLayer(
          (layer): EGINConv(
            (model): GINEConv(nn=Sequential(
              (0): Linear(300, 300, bias=True)
              (1): ReLU()
              (2): Linear(300, 300, bias=True)
            ))
          )
          (post_layer): Sequential(
            (0): BatchNorm1d(300, eps=1e-05, momentum=0.1, affine=True, track_running_stats=True)
            (1): Dropout(p=0.5, inplace=False)
            (2): ReLU()
          )
          (gem): GeM(p=3.0000, eps=1e-06)
        )
      )
      (act): ReLU()
    )
    (post_mp): GNNGraphHead(
      (layer_post_mp): MLP(
        (model): Sequential(
          (0): Linear(
            (model): Linear(300, 1, bias=True)
          )
        )
      )
    )
  )
)
accelerator: cuda
benchmark: False
bn:
  eps: 1e-05
  mom: 0.1
cfg_dest: config.yaml
custom_metrics: []
dataset:
  cache_load: False
  cache_save: False
  dir: ./datasets
  edge_dim: 300
  edge_encoder: True
  edge_encoder_bn: False
  edge_encoder_name: Bond
  edge_message_ratio: 0.8
  edge_negative_sampling_ratio: 1.0
  edge_train_mode: all
  encoder: True
  encoder_bn: True
  encoder_dim: 128
  encoder_name: db
  fast_loader: False
  format: OGB
  label_column: none
  label_table: none
  location: local
  name: ogbg-molhiv
  node_encoder: True
  node_encoder_bn: False
  node_encoder_name: Atom
  remove_feature: False
  resample_disjoint: False
  resample_negative: False
  shuffle_split: True
  split: [0.8, 0.1, 0.1]
  split_mode: random
  task: graph
  task_type: classification
  to_undirected: False
  transductive: False
  transform: none
  tu_simple: True
devices: 1
gnn:
  act: relu
  act_on_last_layer_mp: False
  agg: none
  att_final_linear: False
  att_final_linear_bn: False
  att_heads: 1
  batchnorm: True
  clear_feature: True
  dilated_path_join: add
  dim_inner: 300
  dropout: 0.5
  head: graph
  keep_edge: 0.5
  l2norm: True
  layer_type: eginconv
  layers_k1: 3
  layers_k2: 3
  layers_mp: 5
  layers_post_mp: 1
  layers_pre_mp: 0
  learn_alpha_residual_connection: False
  msg_direction: single
  normalize_adj: False
  self_msg: concat
  skip_every: 1
  stage_type: stack
  use_edge_features: True
gpu_mem: False
mem:
  inplace: False
metric_agg: argmax
metric_best: auc
model:
  edge_decoding: dot
  graph_pooling: mean
  loss_fun: cross_entropy
  match_upper: True
  size_average: mean
  thresh: 0.5
  type: dilated_gnn
num_threads: 6
num_workers: 16
optim:
  base_lr: 0.001
  lr_decay: 0.1
  max_epoch: 100
  momentum: 0.9
  optimizer: adam
  scheduler: none
  steps: [30, 60, 90]
  weight_decay: 0.0
out_dir: results_experiments/ogbg_molhiv_baseline_grid_design/ogbg_molhiv_baseline-type=dilated_gnn-layer_type=eginconv-layers_k1=3-layers_k2=3-dilated_path_join=add-learn_alpha_residual_connection=False
params: 1685104
print: both
round: 4
run_dir: results_experiments/ogbg_molhiv_baseline_grid_design/ogbg_molhiv_baseline-type=dilated_gnn-layer_type=eginconv-layers_k1=3-layers_k2=3-dilated_path_join=add-learn_alpha_residual_connection=False/3
seed: 4
share:
  dim_in: 9
  dim_out: 2
  num_splits: 3
tensorboard_agg: True
tensorboard_each_run: False
train:
  auto_resume: False
  batch_size: 32
  ckpt_clean: True
  ckpt_period: 100
  enable_ckpt: True
  epoch_resume: -1
  eval_period: 1
  iter_per_epoch: 32
  neighbor_sizes: [20, 15, 10, 5]
  node_per_graph: 32
  radius: extend
  sample_node: False
  sampler: full_batch
  skip_train_eval: False
  walk_length: 4
val:
  node_per_graph: 32
  radius: extend
  sample_node: False
  sampler: full_batch
view_emb: False
Num parameters: 1685104
val: {'epoch': 0, 'loss': 0.8003, 'lr': 0.001, 'params': 1685104, 'time_iter': 1.0679, 'accuracy': 0.0156, 'precision': 0.0156, 'recall': 1.0, 'f1': 0.0308, 'auc': 0.2222}
val: {'epoch': 0, 'loss': 0.0921, 'lr': 0.001, 'params': 1685104, 'time_iter': 3.1343, 'accuracy': 0.9803, 'precision': 0.0, 'recall': 0.0, 'f1': 0.0, 'auc': 0.6558}
train: {'epoch': 0, 'eta': 1710784.4121, 'loss': 0.17, 'lr': 0.001, 'params': 1685104, 'time_iter': 16.7936, 'accuracy': 0.9599, 'precision': 0.0515, 'recall': 0.0041, 'f1': 0.0075, 'auc': 0.5942}
val: {'epoch': 1, 'loss': 0.0936, 'lr': 0.001, 'params': 1685104, 'time_iter': 3.1784, 'accuracy': 0.9803, 'precision': 0.0, 'recall': 0.0, 'f1': 0.0, 'auc': 0.6594}
train: {'epoch': 1, 'eta': 1685064.4213, 'loss': 0.1507, 'lr': 0.001, 'params': 1685104, 'time_iter': 16.6263, 'accuracy': 0.9626, 'precision': 0.5, 'recall': 0.0008, 'f1': 0.0016, 'auc': 0.6481}
val: {'epoch': 2, 'loss': 0.0954, 'lr': 0.001, 'params': 1685104, 'time_iter': 2.8694, 'accuracy': 0.9803, 'precision': 0.0, 'recall': 0.0, 'f1': 0.0, 'auc': 0.6099}
train: {'epoch': 2, 'eta': 1669102.1577, 'loss': 0.15, 'lr': 0.001, 'params': 1685104, 'time_iter': 16.747, 'accuracy': 0.9626, 'precision': 0.0, 'recall': 0.0, 'f1': 0.0, 'auc': 0.6587}
val: {'epoch': 3, 'loss': 0.0922, 'lr': 0.001, 'params': 1685104, 'time_iter': 3.0444, 'accuracy': 0.9801, 'precision': 0.3333, 'recall': 0.0123, 'f1': 0.0238, 'auc': 0.6639}
train: {'epoch': 3, 'eta': 1658159.1538, 'loss': 0.149, 'lr': 0.001, 'params': 1685104, 'time_iter': 16.9759, 'accuracy': 0.9626, 'precision': 0.0, 'recall': 0.0, 'f1': 0.0, 'auc': 0.674}
val: {'epoch': 4, 'loss': 0.0919, 'lr': 0.001, 'params': 1685104, 'time_iter': 2.681, 'accuracy': 0.9801, 'precision': 0.4444, 'recall': 0.0494, 'f1': 0.0889, 'auc': 0.6882}
train: {'epoch': 4, 'eta': 1637680.6142, 'loss': 0.147, 'lr': 0.001, 'params': 1685104, 'time_iter': 16.6217, 'accuracy': 0.9626, 'precision': 0.8, 'recall': 0.0032, 'f1': 0.0065, 'auc': 0.6904}
val: {'epoch': 5, 'loss': 0.0877, 'lr': 0.001, 'params': 1685104, 'time_iter': 3.001, 'accuracy': 0.9813, 'precision': 1.0, 'recall': 0.0494, 'f1': 0.0941, 'auc': 0.7089}
train: {'epoch': 5, 'eta': 1621049.655, 'loss': 0.1463, 'lr': 0.001, 'params': 1685104, 'time_iter': 16.7906, 'accuracy': 0.9626, 'precision': 0.7143, 'recall': 0.0041, 'f1': 0.0081, 'auc': 0.6932}
val: {'epoch': 6, 'loss': 0.0884, 'lr': 0.001, 'params': 1685104, 'time_iter': 2.8743, 'accuracy': 0.9818, 'precision': 1.0, 'recall': 0.0741, 'f1': 0.1379, 'auc': 0.7016}
train: {'epoch': 6, 'eta': 1607439.2663, 'loss': 0.144, 'lr': 0.001, 'params': 1685104, 'time_iter': 17.0251, 'accuracy': 0.9629, 'precision': 0.7619, 'recall': 0.013, 'f1': 0.0255, 'auc': 0.709}
val: {'epoch': 7, 'loss': 0.0874, 'lr': 0.001, 'params': 1685104, 'time_iter': 2.8951, 'accuracy': 0.9801, 'precision': 0.4286, 'recall': 0.037, 'f1': 0.0682, 'auc': 0.7206}
train: {'epoch': 7, 'eta': 1589809.4389, 'loss': 0.1407, 'lr': 0.001, 'params': 1685104, 'time_iter': 16.768, 'accuracy': 0.9635, 'precision': 0.7581, 'recall': 0.0381, 'f1': 0.0726, 'auc': 0.7292}
val: {'epoch': 8, 'loss': 0.0913, 'lr': 0.001, 'params': 1685104, 'time_iter': 3.0397, 'accuracy': 0.9803, 'precision': 0.0, 'recall': 0.0, 'f1': 0.0, 'auc': 0.7096}
train: {'epoch': 8, 'eta': 1574744.0744, 'loss': 0.1402, 'lr': 0.001, 'params': 1685104, 'time_iter': 17.0064, 'accuracy': 0.9634, 'precision': 0.7333, 'recall': 0.0357, 'f1': 0.0681, 'auc': 0.7336}
val: {'epoch': 9, 'loss': 0.0847, 'lr': 0.001, 'params': 1685104, 'time_iter': 2.9473, 'accuracy': 0.9827, 'precision': 0.7778, 'recall': 0.1728, 'f1': 0.2828, 'auc': 0.7446}
train: {'epoch': 9, 'eta': 1557740.6488, 'loss': 0.1382, 'lr': 0.001, 'params': 1685104, 'time_iter': 16.8497, 'accuracy': 0.9635, 'precision': 0.6905, 'recall': 0.0471, 'f1': 0.0881, 'auc': 0.7458}
val: {'epoch': 10, 'loss': 0.0831, 'lr': 0.001, 'params': 1685104, 'time_iter': 3.0077, 'accuracy': 0.9827, 'precision': 0.7778, 'recall': 0.1728, 'f1': 0.2828, 'auc': 0.7445}
train: {'epoch': 10, 'eta': 1544239.7913, 'loss': 0.1373, 'lr': 0.001, 'params': 1685104, 'time_iter': 17.2777, 'accuracy': 0.9637, 'precision': 0.6863, 'recall': 0.0568, 'f1': 0.1049, 'auc': 0.7503}
val: {'epoch': 11, 'loss': 0.0832, 'lr': 0.001, 'params': 1685104, 'time_iter': 3.0531, 'accuracy': 0.9818, 'precision': 0.8, 'recall': 0.0988, 'f1': 0.1758, 'auc': 0.7777}
train: {'epoch': 11, 'eta': 1525297.7216, 'loss': 0.1363, 'lr': 0.001, 'params': 1685104, 'time_iter': 16.6512, 'accuracy': 0.964, 'precision': 0.7091, 'recall': 0.0633, 'f1': 0.1162, 'auc': 0.7466}
val: {'epoch': 12, 'loss': 0.0887, 'lr': 0.001, 'params': 1685104, 'time_iter': 3.2525, 'accuracy': 0.9813, 'precision': 0.6667, 'recall': 0.0988, 'f1': 0.172, 'auc': 0.7524}
train: {'epoch': 12, 'eta': 1506117.5056, 'loss': 0.1341, 'lr': 0.001, 'params': 1685104, 'time_iter': 16.5762, 'accuracy': 0.9643, 'precision': 0.7111, 'recall': 0.0779, 'f1': 0.1405, 'auc': 0.7618}
val: {'epoch': 13, 'loss': 0.0863, 'lr': 0.001, 'params': 1685104, 'time_iter': 2.888, 'accuracy': 0.981, 'precision': 1.0, 'recall': 0.037, 'f1': 0.0714, 'auc': 0.8005}
train: {'epoch': 13, 'eta': 1486746.803, 'loss': 0.1361, 'lr': 0.001, 'params': 1685104, 'time_iter': 16.4981, 'accuracy': 0.9637, 'precision': 0.6796, 'recall': 0.0568, 'f1': 0.1049, 'auc': 0.7559}
val: {'epoch': 14, 'loss': 0.0867, 'lr': 0.001, 'params': 1685104, 'time_iter': 3.017, 'accuracy': 0.982, 'precision': 0.6667, 'recall': 0.1728, 'f1': 0.2745, 'auc': 0.7386}
train: {'epoch': 14, 'eta': 1470698.2515, 'loss': 0.1331, 'lr': 0.001, 'params': 1685104, 'time_iter': 17.0131, 'accuracy': 0.9642, 'precision': 0.695, 'recall': 0.0795, 'f1': 0.1428, 'auc': 0.7708}
val: {'epoch': 15, 'loss': 0.0817, 'lr': 0.001, 'params': 1685104, 'time_iter': 2.8181, 'accuracy': 0.9818, 'precision': 0.6667, 'recall': 0.1481, 'f1': 0.2424, 'auc': 0.7672}
train: {'epoch': 15, 'eta': 1453088.91, 'loss': 0.1325, 'lr': 0.001, 'params': 1685104, 'time_iter': 16.7579, 'accuracy': 0.9645, 'precision': 0.7105, 'recall': 0.0877, 'f1': 0.1561, 'auc': 0.7744}
val: {'epoch': 16, 'loss': 0.0811, 'lr': 0.001, 'params': 1685104, 'time_iter': 2.9078, 'accuracy': 0.982, 'precision': 0.7692, 'recall': 0.1235, 'f1': 0.2128, 'auc': 0.7677}
train: {'epoch': 16, 'eta': 1436322.6597, 'loss': 0.1309, 'lr': 0.001, 'params': 1685104, 'time_iter': 16.9171, 'accuracy': 0.9649, 'precision': 0.7104, 'recall': 0.1055, 'f1': 0.1837, 'auc': 0.7826}
val: {'epoch': 17, 'loss': 0.0796, 'lr': 0.001, 'params': 1685104, 'time_iter': 3.3779, 'accuracy': 0.982, 'precision': 0.6667, 'recall': 0.1728, 'f1': 0.2745, 'auc': 0.7609}
train: {'epoch': 17, 'eta': 1419118.3009, 'loss': 0.131, 'lr': 0.001, 'params': 1685104, 'time_iter': 16.8389, 'accuracy': 0.9648, 'precision': 0.7267, 'recall': 0.095, 'f1': 0.168, 'auc': 0.7827}
val: {'epoch': 18, 'loss': 0.0924, 'lr': 0.001, 'params': 1685104, 'time_iter': 3.064, 'accuracy': 0.9815, 'precision': 0.6667, 'recall': 0.1235, 'f1': 0.2083, 'auc': 0.7473}
train: {'epoch': 18, 'eta': 1403062.9928, 'loss': 0.1303, 'lr': 0.001, 'params': 1685104, 'time_iter': 17.1038, 'accuracy': 0.9647, 'precision': 0.6859, 'recall': 0.1063, 'f1': 0.1841, 'auc': 0.7848}
val: {'epoch': 19, 'loss': 0.0832, 'lr': 0.001, 'params': 1685104, 'time_iter': 3.0865, 'accuracy': 0.9815, 'precision': 0.5926, 'recall': 0.1975, 'f1': 0.2963, 'auc': 0.7424}
train: {'epoch': 19, 'eta': 1387114.5222, 'loss': 0.13, 'lr': 0.001, 'params': 1685104, 'time_iter': 17.1672, 'accuracy': 0.9649, 'precision': 0.695, 'recall': 0.1128, 'f1': 0.1941, 'auc': 0.7859}
val: {'epoch': 20, 'loss': 0.0804, 'lr': 0.001, 'params': 1685104, 'time_iter': 3.4257, 'accuracy': 0.983, 'precision': 0.8235, 'recall': 0.1728, 'f1': 0.2857, 'auc': 0.7882}
train: {'epoch': 20, 'eta': 1368459.195, 'loss': 0.1285, 'lr': 0.001, 'params': 1685104, 'time_iter': 16.5102, 'accuracy': 0.9644, 'precision': 0.6566, 'recall': 0.1055, 'f1': 0.1818, 'auc': 0.7927}
val: {'epoch': 21, 'loss': 0.0856, 'lr': 0.001, 'params': 1685104, 'time_iter': 3.0421, 'accuracy': 0.9798, 'precision': 0.4667, 'recall': 0.1728, 'f1': 0.2523, 'auc': 0.7543}
train: {'epoch': 21, 'eta': 1351554.7528, 'loss': 0.1285, 'lr': 0.001, 'params': 1685104, 'time_iter': 16.9486, 'accuracy': 0.965, 'precision': 0.6804, 'recall': 0.1209, 'f1': 0.2054, 'auc': 0.7926}
val: {'epoch': 22, 'loss': 0.0823, 'lr': 0.001, 'params': 1685104, 'time_iter': 2.7311, 'accuracy': 0.9815, 'precision': 0.6667, 'recall': 0.1235, 'f1': 0.2083, 'auc': 0.7726}
train: {'epoch': 22, 'eta': 1332308.2153, 'loss': 0.1286, 'lr': 0.001, 'params': 1685104, 'time_iter': 16.2823, 'accuracy': 0.965, 'precision': 0.6898, 'recall': 0.1209, 'f1': 0.2058, 'auc': 0.7901}
val: {'epoch': 23, 'loss': 0.0899, 'lr': 0.001, 'params': 1685104, 'time_iter': 2.9572, 'accuracy': 0.9815, 'precision': 0.619, 'recall': 0.1605, 'f1': 0.2549, 'auc': 0.7422}
train: {'epoch': 23, 'eta': 1314218.8527, 'loss': 0.1268, 'lr': 0.001, 'params': 1685104, 'time_iter': 16.5736, 'accuracy': 0.9649, 'precision': 0.6808, 'recall': 0.1177, 'f1': 0.2007, 'auc': 0.7992}
val: {'epoch': 24, 'loss': 0.0914, 'lr': 0.001, 'params': 1685104, 'time_iter': 3.0438, 'accuracy': 0.981, 'precision': 1.0, 'recall': 0.037, 'f1': 0.0714, 'auc': 0.7635}
train: {'epoch': 24, 'eta': 1296308.0977, 'loss': 0.1266, 'lr': 0.001, 'params': 1685104, 'time_iter': 16.6047, 'accuracy': 0.9653, 'precision': 0.6936, 'recall': 0.1323, 'f1': 0.2222, 'auc': 0.7985}
val: {'epoch': 25, 'loss': 0.0846, 'lr': 0.001, 'params': 1685104, 'time_iter': 2.799, 'accuracy': 0.9813, 'precision': 0.6111, 'recall': 0.1358, 'f1': 0.2222, 'auc': 0.7517}
train: {'epoch': 25, 'eta': 1278427.7187, 'loss': 0.1271, 'lr': 0.001, 'params': 1685104, 'time_iter': 16.5934, 'accuracy': 0.9654, 'precision': 0.6983, 'recall': 0.1315, 'f1': 0.2213, 'auc': 0.7929}
val: {'epoch': 26, 'loss': 0.0861, 'lr': 0.001, 'params': 1685104, 'time_iter': 3.0124, 'accuracy': 0.9818, 'precision': 0.6875, 'recall': 0.1358, 'f1': 0.2268, 'auc': 0.7617}
train: {'epoch': 26, 'eta': 1263131.9183, 'loss': 0.1279, 'lr': 0.001, 'params': 1685104, 'time_iter': 17.5009, 'accuracy': 0.9651, 'precision': 0.6858, 'recall': 0.1258, 'f1': 0.2126, 'auc': 0.7923}
val: {'epoch': 27, 'loss': 0.0926, 'lr': 0.001, 'params': 1685104, 'time_iter': 2.9078, 'accuracy': 0.9803, 'precision': 0.5, 'recall': 0.037, 'f1': 0.069, 'auc': 0.7402}
train: {'epoch': 27, 'eta': 1247686.4087, 'loss': 0.1263, 'lr': 0.001, 'params': 1685104, 'time_iter': 17.5176, 'accuracy': 0.9651, 'precision': 0.6826, 'recall': 0.1274, 'f1': 0.2148, 'auc': 0.7997}
val: {'epoch': 28, 'loss': 0.0822, 'lr': 0.001, 'params': 1685104, 'time_iter': 2.8315, 'accuracy': 0.9803, 'precision': 0.5, 'recall': 0.0494, 'f1': 0.0899, 'auc': 0.7779}
train: {'epoch': 28, 'eta': 1231408.6454, 'loss': 0.1241, 'lr': 0.001, 'params': 1685104, 'time_iter': 17.2579, 'accuracy': 0.9657, 'precision': 0.6988, 'recall': 0.1469, 'f1': 0.2428, 'auc': 0.804}
val: {'epoch': 29, 'loss': 0.077, 'lr': 0.001, 'params': 1685104, 'time_iter': 3.0194, 'accuracy': 0.982, 'precision': 0.7059, 'recall': 0.1481, 'f1': 0.2449, 'auc': 0.7749}
train: {'epoch': 29, 'eta': 1215230.4792, 'loss': 0.1238, 'lr': 0.001, 'params': 1685104, 'time_iter': 17.3405, 'accuracy': 0.9655, 'precision': 0.6885, 'recall': 0.1453, 'f1': 0.2399, 'auc': 0.8048}
val: {'epoch': 30, 'loss': 0.0819, 'lr': 0.001, 'params': 1685104, 'time_iter': 2.9604, 'accuracy': 0.981, 'precision': 0.6, 'recall': 0.1111, 'f1': 0.1875, 'auc': 0.7834}
train: {'epoch': 30, 'eta': 1198168.8912, 'loss': 0.1236, 'lr': 0.001, 'params': 1685104, 'time_iter': 17.0017, 'accuracy': 0.9652, 'precision': 0.6618, 'recall': 0.1461, 'f1': 0.2394, 'auc': 0.8073}
val: {'epoch': 31, 'loss': 0.0799, 'lr': 0.001, 'params': 1685104, 'time_iter': 2.7523, 'accuracy': 0.981, 'precision': 0.56, 'recall': 0.1728, 'f1': 0.2642, 'auc': 0.7708}
train: {'epoch': 31, 'eta': 1181171.7357, 'loss': 0.123, 'lr': 0.001, 'params': 1685104, 'time_iter': 17.0435, 'accuracy': 0.9654, 'precision': 0.6632, 'recall': 0.1567, 'f1': 0.2534, 'auc': 0.8103}
val: {'epoch': 32, 'loss': 0.0817, 'lr': 0.001, 'params': 1685104, 'time_iter': 3.3095, 'accuracy': 0.9805, 'precision': 0.5263, 'recall': 0.1235, 'f1': 0.2, 'auc': 0.7748}
train: {'epoch': 32, 'eta': 1163530.3552, 'loss': 0.1227, 'lr': 0.001, 'params': 1685104, 'time_iter': 16.7508, 'accuracy': 0.9662, 'precision': 0.7232, 'recall': 0.1591, 'f1': 0.2608, 'auc': 0.8074}
val: {'epoch': 33, 'loss': 0.0825, 'lr': 0.001, 'params': 1685104, 'time_iter': 3.3453, 'accuracy': 0.9801, 'precision': 0.48, 'recall': 0.1481, 'f1': 0.2264, 'auc': 0.7601}
train: {'epoch': 33, 'eta': 1147391.6599, 'loss': 0.122, 'lr': 0.001, 'params': 1685104, 'time_iter': 17.4912, 'accuracy': 0.9663, 'precision': 0.6952, 'recall': 0.1778, 'f1': 0.2831, 'auc': 0.8108}
val: {'epoch': 34, 'loss': 0.0808, 'lr': 0.001, 'params': 1685104, 'time_iter': 2.9329, 'accuracy': 0.981, 'precision': 0.5455, 'recall': 0.2222, 'f1': 0.3158, 'auc': 0.7566}
train: {'epoch': 34, 'eta': 1129634.3153, 'loss': 0.1215, 'lr': 0.001, 'params': 1685104, 'time_iter': 16.6998, 'accuracy': 0.9657, 'precision': 0.6806, 'recall': 0.1591, 'f1': 0.2579, 'auc': 0.809}
val: {'epoch': 35, 'loss': 0.083, 'lr': 0.001, 'params': 1685104, 'time_iter': 3.1556, 'accuracy': 0.9823, 'precision': 0.7857, 'recall': 0.1358, 'f1': 0.2316, 'auc': 0.7789}
train: {'epoch': 35, 'eta': 1111953.2344, 'loss': 0.1212, 'lr': 0.001, 'params': 1685104, 'time_iter': 16.7241, 'accuracy': 0.9661, 'precision': 0.6812, 'recall': 0.1769, 'f1': 0.2809, 'auc': 0.812}
val: {'epoch': 36, 'loss': 0.0891, 'lr': 0.001, 'params': 1685104, 'time_iter': 3.0419, 'accuracy': 0.9808, 'precision': 0.6667, 'recall': 0.0494, 'f1': 0.092, 'auc': 0.7648}
train: {'epoch': 36, 'eta': 1095020.9899, 'loss': 0.1207, 'lr': 0.001, 'params': 1685104, 'time_iter': 17.1369, 'accuracy': 0.9668, 'precision': 0.7294, 'recall': 0.1794, 'f1': 0.2879, 'auc': 0.8131}
val: {'epoch': 37, 'loss': 0.0823, 'lr': 0.001, 'params': 1685104, 'time_iter': 2.9405, 'accuracy': 0.9815, 'precision': 0.6087, 'recall': 0.1728, 'f1': 0.2692, 'auc': 0.7777}
train: {'epoch': 37, 'eta': 1077795.251, 'loss': 0.1194, 'lr': 0.001, 'params': 1685104, 'time_iter': 16.9841, 'accuracy': 0.9665, 'precision': 0.711, 'recall': 0.1778, 'f1': 0.2844, 'auc': 0.8152}
val: {'epoch': 38, 'loss': 0.081, 'lr': 0.001, 'params': 1685104, 'time_iter': 3.0865, 'accuracy': 0.9815, 'precision': 0.6316, 'recall': 0.1481, 'f1': 0.24, 'auc': 0.7657}
train: {'epoch': 38, 'eta': 1060792.6487, 'loss': 0.1199, 'lr': 0.001, 'params': 1685104, 'time_iter': 17.1307, 'accuracy': 0.9664, 'precision': 0.6884, 'recall': 0.1883, 'f1': 0.2957, 'auc': 0.8185}
val: {'epoch': 39, 'loss': 0.0823, 'lr': 0.001, 'params': 1685104, 'time_iter': 3.0601, 'accuracy': 0.9818, 'precision': 0.875, 'recall': 0.0864, 'f1': 0.1573, 'auc': 0.7771}
train: {'epoch': 39, 'eta': 1043629.493, 'loss': 0.1181, 'lr': 0.001, 'params': 1685104, 'time_iter': 17.0469, 'accuracy': 0.9667, 'precision': 0.6957, 'recall': 0.1948, 'f1': 0.3044, 'auc': 0.821}
val: {'epoch': 40, 'loss': 0.0936, 'lr': 0.001, 'params': 1685104, 'time_iter': 2.9468, 'accuracy': 0.9813, 'precision': 0.75, 'recall': 0.0741, 'f1': 0.1348, 'auc': 0.7784}
train: {'epoch': 40, 'eta': 1026114.7143, 'loss': 0.1182, 'lr': 0.001, 'params': 1685104, 'time_iter': 16.8219, 'accuracy': 0.9669, 'precision': 0.725, 'recall': 0.1883, 'f1': 0.299, 'auc': 0.8234}
val: {'epoch': 41, 'loss': 0.0874, 'lr': 0.001, 'params': 1685104, 'time_iter': 3.0541, 'accuracy': 0.9818, 'precision': 0.7143, 'recall': 0.1235, 'f1': 0.2105, 'auc': 0.7754}
train: {'epoch': 41, 'eta': 1008532.4707, 'loss': 0.1187, 'lr': 0.001, 'params': 1685104, 'time_iter': 16.7676, 'accuracy': 0.9666, 'precision': 0.6886, 'recall': 0.1956, 'f1': 0.3047, 'auc': 0.8228}
val: {'epoch': 42, 'loss': 0.0867, 'lr': 0.001, 'params': 1685104, 'time_iter': 3.1207, 'accuracy': 0.9801, 'precision': 0.4762, 'recall': 0.1235, 'f1': 0.1961, 'auc': 0.7703}
train: {'epoch': 42, 'eta': 992022.4892, 'loss': 0.1185, 'lr': 0.001, 'params': 1685104, 'time_iter': 17.5425, 'accuracy': 0.9663, 'precision': 0.6879, 'recall': 0.1843, 'f1': 0.2907, 'auc': 0.8264}
val: {'epoch': 43, 'loss': 0.0797, 'lr': 0.001, 'params': 1685104, 'time_iter': 2.9359, 'accuracy': 0.981, 'precision': 0.5517, 'recall': 0.1975, 'f1': 0.2909, 'auc': 0.7791}
train: {'epoch': 43, 'eta': 975114.2392, 'loss': 0.1184, 'lr': 0.001, 'params': 1685104, 'time_iter': 17.2919, 'accuracy': 0.967, 'precision': 0.713, 'recall': 0.1997, 'f1': 0.312, 'auc': 0.8195}
val: {'epoch': 44, 'loss': 0.0796, 'lr': 0.001, 'params': 1685104, 'time_iter': 2.7562, 'accuracy': 0.9837, 'precision': 0.85, 'recall': 0.2099, 'f1': 0.3366, 'auc': 0.7805}
train: {'epoch': 44, 'eta': 957696.7165, 'loss': 0.1171, 'lr': 0.001, 'params': 1685104, 'time_iter': 16.9182, 'accuracy': 0.9667, 'precision': 0.6855, 'recall': 0.207, 'f1': 0.318, 'auc': 0.8284}
val: {'epoch': 45, 'loss': 0.0819, 'lr': 0.001, 'params': 1685104, 'time_iter': 2.9676, 'accuracy': 0.9823, 'precision': 0.6333, 'recall': 0.2346, 'f1': 0.3423, 'auc': 0.7692}
train: {'epoch': 45, 'eta': 939793.5893, 'loss': 0.117, 'lr': 0.001, 'params': 1685104, 'time_iter': 16.5159, 'accuracy': 0.9671, 'precision': 0.7087, 'recall': 0.2054, 'f1': 0.3184, 'auc': 0.8227}
val: {'epoch': 46, 'loss': 0.0876, 'lr': 0.001, 'params': 1685104, 'time_iter': 3.0628, 'accuracy': 0.982, 'precision': 0.8889, 'recall': 0.0988, 'f1': 0.1778, 'auc': 0.7975}
train: {'epoch': 46, 'eta': 923325.5069, 'loss': 0.116, 'lr': 0.001, 'params': 1685104, 'time_iter': 17.7193, 'accuracy': 0.9675, 'precision': 0.7095, 'recall': 0.224, 'f1': 0.3405, 'auc': 0.827}
val: {'epoch': 47, 'loss': 0.085, 'lr': 0.001, 'params': 1685104, 'time_iter': 2.868, 'accuracy': 0.9793, 'precision': 0.4545, 'recall': 0.2469, 'f1': 0.32, 'auc': 0.7618}
train: {'epoch': 47, 'eta': 906606.9557, 'loss': 0.1166, 'lr': 0.001, 'params': 1685104, 'time_iter': 17.5606, 'accuracy': 0.9674, 'precision': 0.7026, 'recall': 0.2224, 'f1': 0.3379, 'auc': 0.8264}
val: {'epoch': 48, 'loss': 0.0854, 'lr': 0.001, 'params': 1685104, 'time_iter': 2.95, 'accuracy': 0.9813, 'precision': 0.7, 'recall': 0.0864, 'f1': 0.1538, 'auc': 0.7836}
train: {'epoch': 48, 'eta': 889080.4671, 'loss': 0.1152, 'lr': 0.001, 'params': 1685104, 'time_iter': 16.8577, 'accuracy': 0.9674, 'precision': 0.7068, 'recall': 0.2192, 'f1': 0.3346, 'auc': 0.8315}
val: {'epoch': 49, 'loss': 0.0855, 'lr': 0.001, 'params': 1685104, 'time_iter': 2.9934, 'accuracy': 0.982, 'precision': 0.6667, 'recall': 0.1728, 'f1': 0.2745, 'auc': 0.7793}
train: {'epoch': 49, 'eta': 871811.526, 'loss': 0.1159, 'lr': 0.001, 'params': 1685104, 'time_iter': 17.101, 'accuracy': 0.967, 'precision': 0.6899, 'recall': 0.2167, 'f1': 0.3298, 'auc': 0.828}
val: {'epoch': 50, 'loss': 0.0812, 'lr': 0.001, 'params': 1685104, 'time_iter': 2.9241, 'accuracy': 0.9815, 'precision': 0.6087, 'recall': 0.1728, 'f1': 0.2692, 'auc': 0.7829}
train: {'epoch': 50, 'eta': 854514.7029, 'loss': 0.1157, 'lr': 0.001, 'params': 1685104, 'time_iter': 17.0858, 'accuracy': 0.9675, 'precision': 0.7228, 'recall': 0.2159, 'f1': 0.3325, 'auc': 0.8278}
val: {'epoch': 51, 'loss': 0.0816, 'lr': 0.001, 'params': 1685104, 'time_iter': 2.9323, 'accuracy': 0.9832, 'precision': 0.6765, 'recall': 0.284, 'f1': 0.4, 'auc': 0.7871}
train: {'epoch': 51, 'eta': 836927.9652, 'loss': 0.1149, 'lr': 0.001, 'params': 1685104, 'time_iter': 16.7921, 'accuracy': 0.9673, 'precision': 0.6886, 'recall': 0.2297, 'f1': 0.3445, 'auc': 0.831}
val: {'epoch': 52, 'loss': 0.0784, 'lr': 0.001, 'params': 1685104, 'time_iter': 3.1029, 'accuracy': 0.982, 'precision': 0.6207, 'recall': 0.2222, 'f1': 0.3273, 'auc': 0.793}
train: {'epoch': 52, 'eta': 819574.8816, 'loss': 0.1151, 'lr': 0.001, 'params': 1685104, 'time_iter': 17.0355, 'accuracy': 0.9673, 'precision': 0.7013, 'recall': 0.2192, 'f1': 0.334, 'auc': 0.8303}
val: {'epoch': 53, 'loss': 0.0748, 'lr': 0.001, 'params': 1685104, 'time_iter': 2.7884, 'accuracy': 0.9835, 'precision': 0.7097, 'recall': 0.2716, 'f1': 0.3929, 'auc': 0.7918}
train: {'epoch': 53, 'eta': 802319.7606, 'loss': 0.1146, 'lr': 0.001, 'params': 1685104, 'time_iter': 17.1547, 'accuracy': 0.9679, 'precision': 0.72, 'recall': 0.2338, 'f1': 0.3529, 'auc': 0.8302}
val: {'epoch': 54, 'loss': 0.0835, 'lr': 0.001, 'params': 1685104, 'time_iter': 3.0494, 'accuracy': 0.9815, 'precision': 0.6667, 'recall': 0.1235, 'f1': 0.2083, 'auc': 0.8002}
train: {'epoch': 54, 'eta': 785151.117, 'loss': 0.1142, 'lr': 0.001, 'params': 1685104, 'time_iter': 17.2745, 'accuracy': 0.9677, 'precision': 0.7125, 'recall': 0.2313, 'f1': 0.3493, 'auc': 0.8355}
val: {'epoch': 55, 'loss': 0.0852, 'lr': 0.001, 'params': 1685104, 'time_iter': 2.915, 'accuracy': 0.9815, 'precision': 0.5641, 'recall': 0.2716, 'f1': 0.3667, 'auc': 0.7909}
train: {'epoch': 55, 'eta': 768001.9632, 'loss': 0.1128, 'lr': 0.001, 'params': 1685104, 'time_iter': 17.3255, 'accuracy': 0.9684, 'precision': 0.729, 'recall': 0.2468, 'f1': 0.3687, 'auc': 0.8388}
val: {'epoch': 56, 'loss': 0.0824, 'lr': 0.001, 'params': 1685104, 'time_iter': 2.7923, 'accuracy': 0.9815, 'precision': 0.6667, 'recall': 0.1235, 'f1': 0.2083, 'auc': 0.7997}
train: {'epoch': 56, 'eta': 750752.4401, 'loss': 0.1132, 'lr': 0.001, 'params': 1685104, 'time_iter': 17.2268, 'accuracy': 0.9681, 'precision': 0.7277, 'recall': 0.2386, 'f1': 0.3594, 'auc': 0.8346}
val: {'epoch': 57, 'loss': 0.0875, 'lr': 0.001, 'params': 1685104, 'time_iter': 3.0592, 'accuracy': 0.9813, 'precision': 0.5909, 'recall': 0.1605, 'f1': 0.2524, 'auc': 0.7863}
train: {'epoch': 57, 'eta': 733264.178, 'loss': 0.1127, 'lr': 0.001, 'params': 1685104, 'time_iter': 16.9285, 'accuracy': 0.9678, 'precision': 0.7084, 'recall': 0.2386, 'f1': 0.357, 'auc': 0.839}
val: {'epoch': 58, 'loss': 0.0781, 'lr': 0.001, 'params': 1685104, 'time_iter': 2.8212, 'accuracy': 0.9825, 'precision': 0.6452, 'recall': 0.2469, 'f1': 0.3571, 'auc': 0.8006}
train: {'epoch': 58, 'eta': 715887.25, 'loss': 0.1126, 'lr': 0.001, 'params': 1685104, 'time_iter': 17.081, 'accuracy': 0.9673, 'precision': 0.7003, 'recall': 0.22, 'f1': 0.3348, 'auc': 0.8413}
val: {'epoch': 59, 'loss': 0.0848, 'lr': 0.001, 'params': 1685104, 'time_iter': 2.7411, 'accuracy': 0.9825, 'precision': 0.8, 'recall': 0.1481, 'f1': 0.25, 'auc': 0.7822}
train: {'epoch': 59, 'eta': 698712.6873, 'loss': 0.1131, 'lr': 0.001, 'params': 1685104, 'time_iter': 17.3856, 'accuracy': 0.9683, 'precision': 0.7217, 'recall': 0.2484, 'f1': 0.3696, 'auc': 0.837}
val: {'epoch': 60, 'loss': 0.0857, 'lr': 0.001, 'params': 1685104, 'time_iter': 3.0057, 'accuracy': 0.9805, 'precision': 0.5556, 'recall': 0.0617, 'f1': 0.1111, 'auc': 0.7956}
train: {'epoch': 60, 'eta': 680935.6241, 'loss': 0.1123, 'lr': 0.001, 'params': 1685104, 'time_iter': 16.5055, 'accuracy': 0.9679, 'precision': 0.7098, 'recall': 0.2403, 'f1': 0.359, 'auc': 0.8362}
val: {'epoch': 61, 'loss': 0.0795, 'lr': 0.001, 'params': 1685104, 'time_iter': 2.8985, 'accuracy': 0.9815, 'precision': 0.5714, 'recall': 0.2469, 'f1': 0.3448, 'auc': 0.7967}
train: {'epoch': 61, 'eta': 663510.8499, 'loss': 0.1121, 'lr': 0.001, 'params': 1685104, 'time_iter': 17.0235, 'accuracy': 0.9676, 'precision': 0.6967, 'recall': 0.2386, 'f1': 0.3555, 'auc': 0.8413}
val: {'epoch': 62, 'loss': 0.0826, 'lr': 0.001, 'params': 1685104, 'time_iter': 2.7484, 'accuracy': 0.9813, 'precision': 0.5588, 'recall': 0.2346, 'f1': 0.3304, 'auc': 0.7652}
train: {'epoch': 62, 'eta': 646397.3345, 'loss': 0.1118, 'lr': 0.001, 'params': 1685104, 'time_iter': 17.5434, 'accuracy': 0.9681, 'precision': 0.71, 'recall': 0.2484, 'f1': 0.368, 'auc': 0.8455}
val: {'epoch': 63, 'loss': 0.0786, 'lr': 0.001, 'params': 1685104, 'time_iter': 2.9725, 'accuracy': 0.982, 'precision': 0.6207, 'recall': 0.2222, 'f1': 0.3273, 'auc': 0.779}
train: {'epoch': 63, 'eta': 628851.7559, 'loss': 0.1112, 'lr': 0.001, 'params': 1685104, 'time_iter': 16.8476, 'accuracy': 0.9684, 'precision': 0.7118, 'recall': 0.2606, 'f1': 0.3815, 'auc': 0.8432}
val: {'epoch': 64, 'loss': 0.086, 'lr': 0.001, 'params': 1685104, 'time_iter': 2.9059, 'accuracy': 0.9813, 'precision': 0.5769, 'recall': 0.1852, 'f1': 0.2804, 'auc': 0.7908}
train: {'epoch': 64, 'eta': 611578.7204, 'loss': 0.1119, 'lr': 0.001, 'params': 1685104, 'time_iter': 17.3279, 'accuracy': 0.9684, 'precision': 0.7249, 'recall': 0.2524, 'f1': 0.3745, 'auc': 0.8478}
val: {'epoch': 65, 'loss': 0.0783, 'lr': 0.001, 'params': 1685104, 'time_iter': 2.76, 'accuracy': 0.9827, 'precision': 0.7273, 'recall': 0.1975, 'f1': 0.3107, 'auc': 0.8122}
train: {'epoch': 65, 'eta': 594112.9583, 'loss': 0.1122, 'lr': 0.001, 'params': 1685104, 'time_iter': 16.9962, 'accuracy': 0.968, 'precision': 0.7174, 'recall': 0.2411, 'f1': 0.3609, 'auc': 0.8434}
val: {'epoch': 66, 'loss': 0.082, 'lr': 0.001, 'params': 1685104, 'time_iter': 2.9785, 'accuracy': 0.9815, 'precision': 0.6087, 'recall': 0.1728, 'f1': 0.2692, 'auc': 0.8076}
train: {'epoch': 66, 'eta': 576765.2164, 'loss': 0.1114, 'lr': 0.001, 'params': 1685104, 'time_iter': 17.2304, 'accuracy': 0.9678, 'precision': 0.6989, 'recall': 0.2468, 'f1': 0.3647, 'auc': 0.845}
val: {'epoch': 67, 'loss': 0.0842, 'lr': 0.001, 'params': 1685104, 'time_iter': 3.0794, 'accuracy': 0.9776, 'precision': 0.3922, 'recall': 0.2469, 'f1': 0.303, 'auc': 0.8032}
train: {'epoch': 67, 'eta': 559437.5521, 'loss': 0.1108, 'lr': 0.001, 'params': 1685104, 'time_iter': 17.2951, 'accuracy': 0.9685, 'precision': 0.7207, 'recall': 0.2597, 'f1': 0.3819, 'auc': 0.8491}
val: {'epoch': 68, 'loss': 0.0848, 'lr': 0.001, 'params': 1685104, 'time_iter': 2.7776, 'accuracy': 0.982, 'precision': 0.7333, 'recall': 0.1358, 'f1': 0.2292, 'auc': 0.7965}
train: {'epoch': 68, 'eta': 542024.2593, 'loss': 0.1111, 'lr': 0.001, 'params': 1685104, 'time_iter': 17.1393, 'accuracy': 0.9677, 'precision': 0.6925, 'recall': 0.2468, 'f1': 0.3639, 'auc': 0.8509}
val: {'epoch': 69, 'loss': 0.088, 'lr': 0.001, 'params': 1685104, 'time_iter': 2.8683, 'accuracy': 0.9808, 'precision': 0.5312, 'recall': 0.2099, 'f1': 0.3009, 'auc': 0.77}
train: {'epoch': 69, 'eta': 524421.995, 'loss': 0.1104, 'lr': 0.001, 'params': 1685104, 'time_iter': 16.7252, 'accuracy': 0.9683, 'precision': 0.7153, 'recall': 0.2549, 'f1': 0.3758, 'auc': 0.8489}
val: {'epoch': 70, 'loss': 0.0871, 'lr': 0.001, 'params': 1685104, 'time_iter': 2.94, 'accuracy': 0.981, 'precision': 0.5652, 'recall': 0.1605, 'f1': 0.25, 'auc': 0.7953}
train: {'epoch': 70, 'eta': 506972.9602, 'loss': 0.1098, 'lr': 0.001, 'params': 1685104, 'time_iter': 17.0635, 'accuracy': 0.9689, 'precision': 0.7338, 'recall': 0.2662, 'f1': 0.3907, 'auc': 0.8509}
val: {'epoch': 71, 'loss': 0.0849, 'lr': 0.001, 'params': 1685104, 'time_iter': 2.7976, 'accuracy': 0.981, 'precision': 0.5652, 'recall': 0.1605, 'f1': 0.25, 'auc': 0.7996}
train: {'epoch': 71, 'eta': 489581.7329, 'loss': 0.1101, 'lr': 0.001, 'params': 1685104, 'time_iter': 17.2155, 'accuracy': 0.9685, 'precision': 0.71, 'recall': 0.2662, 'f1': 0.3872, 'auc': 0.8483}
val: {'epoch': 72, 'loss': 0.0817, 'lr': 0.001, 'params': 1685104, 'time_iter': 2.9599, 'accuracy': 0.982, 'precision': 0.6667, 'recall': 0.1728, 'f1': 0.2745, 'auc': 0.7992}
train: {'epoch': 72, 'eta': 472202.827, 'loss': 0.1097, 'lr': 0.001, 'params': 1685104, 'time_iter': 17.2712, 'accuracy': 0.9687, 'precision': 0.718, 'recall': 0.2687, 'f1': 0.391, 'auc': 0.8496}
val: {'epoch': 73, 'loss': 0.0847, 'lr': 0.001, 'params': 1685104, 'time_iter': 3.0084, 'accuracy': 0.9813, 'precision': 0.625, 'recall': 0.1235, 'f1': 0.2062, 'auc': 0.8025}
train: {'epoch': 73, 'eta': 454864.3643, 'loss': 0.1099, 'lr': 0.001, 'params': 1685104, 'time_iter': 17.4125, 'accuracy': 0.9686, 'precision': 0.7171, 'recall': 0.2654, 'f1': 0.3874, 'auc': 0.8486}
val: {'epoch': 74, 'loss': 0.0877, 'lr': 0.001, 'params': 1685104, 'time_iter': 2.8147, 'accuracy': 0.9818, 'precision': 0.875, 'recall': 0.0864, 'f1': 0.1573, 'auc': 0.8162}
train: {'epoch': 74, 'eta': 437298.6381, 'loss': 0.1084, 'lr': 0.001, 'params': 1685104, 'time_iter': 16.7949, 'accuracy': 0.9692, 'precision': 0.7277, 'recall': 0.2841, 'f1': 0.4086, 'auc': 0.8539}
val: {'epoch': 75, 'loss': 0.0766, 'lr': 0.001, 'params': 1685104, 'time_iter': 3.0627, 'accuracy': 0.983, 'precision': 0.7391, 'recall': 0.2099, 'f1': 0.3269, 'auc': 0.8106}
train: {'epoch': 75, 'eta': 419870.135, 'loss': 0.1088, 'lr': 0.001, 'params': 1685104, 'time_iter': 17.1942, 'accuracy': 0.9695, 'precision': 0.7426, 'recall': 0.2857, 'f1': 0.4127, 'auc': 0.8504}
val: {'epoch': 76, 'loss': 0.0841, 'lr': 0.001, 'params': 1685104, 'time_iter': 3.193, 'accuracy': 0.982, 'precision': 0.7059, 'recall': 0.1481, 'f1': 0.2449, 'auc': 0.8121}
train: {'epoch': 76, 'eta': 402358.3347, 'loss': 0.1094, 'lr': 0.001, 'params': 1685104, 'time_iter': 16.9455, 'accuracy': 0.9689, 'precision': 0.7257, 'recall': 0.2727, 'f1': 0.3965, 'auc': 0.8503}
val: {'epoch': 77, 'loss': 0.0828, 'lr': 0.001, 'params': 1685104, 'time_iter': 2.8632, 'accuracy': 0.982, 'precision': 0.6, 'recall': 0.2593, 'f1': 0.3621, 'auc': 0.8014}
train: {'epoch': 77, 'eta': 384812.9029, 'loss': 0.1088, 'lr': 0.001, 'params': 1685104, 'time_iter': 16.8231, 'accuracy': 0.9697, 'precision': 0.7538, 'recall': 0.2833, 'f1': 0.4118, 'auc': 0.8499}
val: {'epoch': 78, 'loss': 0.086, 'lr': 0.001, 'params': 1685104, 'time_iter': 2.8903, 'accuracy': 0.9823, 'precision': 0.7, 'recall': 0.1728, 'f1': 0.2772, 'auc': 0.7892}
train: {'epoch': 78, 'eta': 367266.7085, 'loss': 0.1079, 'lr': 0.001, 'params': 1685104, 'time_iter': 16.7986, 'accuracy': 0.9692, 'precision': 0.7402, 'recall': 0.2752, 'f1': 0.4012, 'auc': 0.8519}
val: {'epoch': 79, 'loss': 0.0875, 'lr': 0.001, 'params': 1685104, 'time_iter': 2.9998, 'accuracy': 0.9818, 'precision': 0.65, 'recall': 0.1605, 'f1': 0.2574, 'auc': 0.8058}
train: {'epoch': 79, 'eta': 349698.572, 'loss': 0.1089, 'lr': 0.001, 'params': 1685104, 'time_iter': 16.688, 'accuracy': 0.9693, 'precision': 0.7346, 'recall': 0.2808, 'f1': 0.4063, 'auc': 0.8506}
val: {'epoch': 80, 'loss': 0.0892, 'lr': 0.001, 'params': 1685104, 'time_iter': 3.0955, 'accuracy': 0.9808, 'precision': 0.55, 'recall': 0.1358, 'f1': 0.2178, 'auc': 0.7997}
train: {'epoch': 80, 'eta': 332265.2717, 'loss': 0.1073, 'lr': 0.001, 'params': 1685104, 'time_iter': 17.2061, 'accuracy': 0.9697, 'precision': 0.7438, 'recall': 0.2922, 'f1': 0.4196, 'auc': 0.853}
val: {'epoch': 81, 'loss': 0.0835, 'lr': 0.001, 'params': 1685104, 'time_iter': 2.9597, 'accuracy': 0.982, 'precision': 0.7059, 'recall': 0.1481, 'f1': 0.2449, 'auc': 0.8321}
train: {'epoch': 81, 'eta': 314741.6048, 'loss': 0.108, 'lr': 0.001, 'params': 1685104, 'time_iter': 16.8353, 'accuracy': 0.9688, 'precision': 0.717, 'recall': 0.2735, 'f1': 0.396, 'auc': 0.8601}
val: {'epoch': 82, 'loss': 0.0813, 'lr': 0.001, 'params': 1685104, 'time_iter': 3.0586, 'accuracy': 0.9832, 'precision': 0.7143, 'recall': 0.2469, 'f1': 0.367, 'auc': 0.7809}
train: {'epoch': 82, 'eta': 297319.7286, 'loss': 0.1073, 'lr': 0.001, 'params': 1685104, 'time_iter': 17.2954, 'accuracy': 0.9692, 'precision': 0.7248, 'recall': 0.2865, 'f1': 0.4107, 'auc': 0.8609}
val: {'epoch': 83, 'loss': 0.0833, 'lr': 0.001, 'params': 1685104, 'time_iter': 2.9178, 'accuracy': 0.9818, 'precision': 0.5938, 'recall': 0.2346, 'f1': 0.3363, 'auc': 0.8177}
train: {'epoch': 83, 'eta': 279855.4401, 'loss': 0.1069, 'lr': 0.001, 'params': 1685104, 'time_iter': 17.1246, 'accuracy': 0.9691, 'precision': 0.7181, 'recall': 0.2873, 'f1': 0.4104, 'auc': 0.8576}
val: {'epoch': 84, 'loss': 0.087, 'lr': 0.001, 'params': 1685104, 'time_iter': 3.0869, 'accuracy': 0.983, 'precision': 0.8667, 'recall': 0.1605, 'f1': 0.2708, 'auc': 0.799}
train: {'epoch': 84, 'eta': 262334.8495, 'loss': 0.1074, 'lr': 0.001, 'params': 1685104, 'time_iter': 16.8349, 'accuracy': 0.9692, 'precision': 0.7309, 'recall': 0.28, 'f1': 0.4049, 'auc': 0.8577}
val: {'epoch': 85, 'loss': 0.0836, 'lr': 0.001, 'params': 1685104, 'time_iter': 3.0983, 'accuracy': 0.9805, 'precision': 0.5172, 'recall': 0.1852, 'f1': 0.2727, 'auc': 0.811}
train: {'epoch': 85, 'eta': 244845.9117, 'loss': 0.1066, 'lr': 0.001, 'params': 1685104, 'time_iter': 16.9964, 'accuracy': 0.9696, 'precision': 0.7324, 'recall': 0.2955, 'f1': 0.4211, 'auc': 0.8558}
val: {'epoch': 86, 'loss': 0.0801, 'lr': 0.001, 'params': 1685104, 'time_iter': 3.0695, 'accuracy': 0.9825, 'precision': 0.7143, 'recall': 0.1852, 'f1': 0.2941, 'auc': 0.8126}
train: {'epoch': 86, 'eta': 227316.8287, 'loss': 0.1066, 'lr': 0.001, 'params': 1685104, 'time_iter': 16.7354, 'accuracy': 0.9701, 'precision': 0.7485, 'recall': 0.3044, 'f1': 0.4328, 'auc': 0.8581}
val: {'epoch': 87, 'loss': 0.0894, 'lr': 0.001, 'params': 1685104, 'time_iter': 2.7565, 'accuracy': 0.981, 'precision': 0.5652, 'recall': 0.1605, 'f1': 0.25, 'auc': 0.8148}
train: {'epoch': 87, 'eta': 209796.8915, 'loss': 0.1069, 'lr': 0.001, 'params': 1685104, 'time_iter': 16.7506, 'accuracy': 0.9692, 'precision': 0.7339, 'recall': 0.2776, 'f1': 0.4028, 'auc': 0.8624}
val: {'epoch': 88, 'loss': 0.087, 'lr': 0.001, 'params': 1685104, 'time_iter': 2.9476, 'accuracy': 0.9815, 'precision': 0.619, 'recall': 0.1605, 'f1': 0.2549, 'auc': 0.7882}
train: {'epoch': 88, 'eta': 192272.9254, 'loss': 0.1084, 'lr': 0.001, 'params': 1685104, 'time_iter': 16.6688, 'accuracy': 0.9698, 'precision': 0.7449, 'recall': 0.2963, 'f1': 0.4239, 'auc': 0.8503}
val: {'epoch': 89, 'loss': 0.086, 'lr': 0.001, 'params': 1685104, 'time_iter': 3.0114, 'accuracy': 0.9813, 'precision': 0.6111, 'recall': 0.1358, 'f1': 0.2222, 'auc': 0.7964}
train: {'epoch': 89, 'eta': 174838.3826, 'loss': 0.1056, 'lr': 0.001, 'params': 1685104, 'time_iter': 17.3787, 'accuracy': 0.9702, 'precision': 0.7535, 'recall': 0.3052, 'f1': 0.4344, 'auc': 0.8623}
val: {'epoch': 90, 'loss': 0.0883, 'lr': 0.001, 'params': 1685104, 'time_iter': 3.2748, 'accuracy': 0.9808, 'precision': 0.5455, 'recall': 0.1481, 'f1': 0.233, 'auc': 0.801}
train: {'epoch': 90, 'eta': 157352.6702, 'loss': 0.1064, 'lr': 0.001, 'params': 1685104, 'time_iter': 16.9727, 'accuracy': 0.9692, 'precision': 0.7261, 'recall': 0.2841, 'f1': 0.4084, 'auc': 0.8587}
val: {'epoch': 91, 'loss': 0.0856, 'lr': 0.001, 'params': 1685104, 'time_iter': 2.9939, 'accuracy': 0.9825, 'precision': 0.7647, 'recall': 0.1605, 'f1': 0.2653, 'auc': 0.7989}
train: {'epoch': 91, 'eta': 139837.4319, 'loss': 0.1062, 'lr': 0.001, 'params': 1685104, 'time_iter': 16.6376, 'accuracy': 0.97, 'precision': 0.745, 'recall': 0.3011, 'f1': 0.4289, 'auc': 0.8626}
val: {'epoch': 92, 'loss': 0.0899, 'lr': 0.001, 'params': 1685104, 'time_iter': 3.017, 'accuracy': 0.982, 'precision': 0.6842, 'recall': 0.1605, 'f1': 0.26, 'auc': 0.8206}
train: {'epoch': 92, 'eta': 122346.6828, 'loss': 0.1051, 'lr': 0.001, 'params': 1685104, 'time_iter': 16.8441, 'accuracy': 0.9704, 'precision': 0.7617, 'recall': 0.3036, 'f1': 0.4341, 'auc': 0.8649}
val: {'epoch': 93, 'loss': 0.081, 'lr': 0.001, 'params': 1685104, 'time_iter': 2.8505, 'accuracy': 0.983, 'precision': 0.72, 'recall': 0.2222, 'f1': 0.3396, 'auc': 0.8066}
train: {'epoch': 93, 'eta': 104886.888, 'loss': 0.1055, 'lr': 0.001, 'params': 1685104, 'time_iter': 17.2642, 'accuracy': 0.9702, 'precision': 0.7451, 'recall': 0.3084, 'f1': 0.4363, 'auc': 0.8602}
val: {'epoch': 94, 'loss': 0.0874, 'lr': 0.001, 'params': 1685104, 'time_iter': 3.0258, 'accuracy': 0.981, 'precision': 0.6154, 'recall': 0.0988, 'f1': 0.1702, 'auc': 0.8225}
train: {'epoch': 94, 'eta': 87392.0474, 'loss': 0.1047, 'lr': 0.001, 'params': 1685104, 'time_iter': 16.7357, 'accuracy': 0.9705, 'precision': 0.75, 'recall': 0.3166, 'f1': 0.4452, 'auc': 0.8677}
val: {'epoch': 95, 'loss': 0.083, 'lr': 0.001, 'params': 1685104, 'time_iter': 3.0385, 'accuracy': 0.9813, 'precision': 0.5625, 'recall': 0.2222, 'f1': 0.3186, 'auc': 0.8206}
train: {'epoch': 95, 'eta': 69926.1422, 'loss': 0.1047, 'lr': 0.001, 'params': 1685104, 'time_iter': 17.2775, 'accuracy': 0.97, 'precision': 0.749, 'recall': 0.3003, 'f1': 0.4287, 'auc': 0.8647}
val: {'epoch': 96, 'loss': 0.0803, 'lr': 0.001, 'params': 1685104, 'time_iter': 3.2704, 'accuracy': 0.981, 'precision': 0.5405, 'recall': 0.2469, 'f1': 0.339, 'auc': 0.8121}
train: {'epoch': 96, 'eta': 52460.4102, 'loss': 0.1053, 'lr': 0.001, 'params': 1685104, 'time_iter': 17.4854, 'accuracy': 0.9701, 'precision': 0.7436, 'recall': 0.3084, 'f1': 0.436, 'auc': 0.8656}
val: {'epoch': 97, 'loss': 0.0874, 'lr': 0.001, 'params': 1685104, 'time_iter': 2.929, 'accuracy': 0.9818, 'precision': 0.8, 'recall': 0.0988, 'f1': 0.1758, 'auc': 0.8098}
train: {'epoch': 97, 'eta': 34963.6725, 'loss': 0.1051, 'lr': 0.001, 'params': 1685104, 'time_iter': 16.5209, 'accuracy': 0.9709, 'precision': 0.7745, 'recall': 0.3149, 'f1': 0.4478, 'auc': 0.8658}
val: {'epoch': 98, 'loss': 0.0875, 'lr': 0.001, 'params': 1685104, 'time_iter': 3.0082, 'accuracy': 0.9805, 'precision': 0.5333, 'recall': 0.0988, 'f1': 0.1667, 'auc': 0.8264}
train: {'epoch': 98, 'eta': 17480.1154, 'loss': 0.1044, 'lr': 0.001, 'params': 1685104, 'time_iter': 16.8236, 'accuracy': 0.9702, 'precision': 0.7525, 'recall': 0.306, 'f1': 0.4351, 'auc': 0.8673}
val: {'epoch': 99, 'loss': 0.0851, 'lr': 0.001, 'params': 1685104, 'time_iter': 3.0681, 'accuracy': 0.9818, 'precision': 0.65, 'recall': 0.1605, 'f1': 0.2574, 'auc': 0.8062}
train: {'epoch': 99, 'eta': 0.0, 'loss': 0.1042, 'lr': 0.001, 'params': 1685104, 'time_iter': 16.5929, 'accuracy': 0.9702, 'precision': 0.7525, 'recall': 0.3036, 'f1': 0.4326, 'auc': 0.868}
test: {'epoch': 99, 'loss': 0.1426, 'lr': 0.001, 'params': 1685104, 'time_iter': 2.5545, 'accuracy': 0.9701, 'precision': 0.6842, 'recall': 0.1, 'f1': 0.1745, 'auc': 0.7817}
test: {'epoch': 81, 'loss': 0.1647, 'lr': 0.001, 'params': 1685104, 'time_iter': 2.54, 'accuracy': 0.9684, 'precision': 0.5, 'recall': 0.0462, 'f1': 0.0845, 'auc': 0.7222}
