GraphGymModule(
  (model): DilatedGNNModel(
    (encoder): FeatureEncoder(
      (node_encoder): AtomEncoder(
        (atom_embedding_list): ModuleList(
          (0): Embedding(119, 300)
          (1): Embedding(4, 300)
          (2): Embedding(12, 300)
          (3): Embedding(12, 300)
          (4): Embedding(10, 300)
          (5): Embedding(6, 300)
          (6): Embedding(6, 300)
          (7): Embedding(2, 300)
          (8): Embedding(2, 300)
        )
      )
      (edge_encoder): BondEncoder(
        (bond_embedding_list): ModuleList(
          (0): Embedding(5, 300)
          (1): Embedding(6, 300)
          (2): Embedding(2, 300)
        )
      )
    )
    (mp): GNNDilatedStage(
      (classic_layers): ModuleList(
        (0): GeneralLayer(
          (layer): EGATConv(
            (model): GATConv(300, 300, heads=1)
          )
          (post_layer): Sequential(
            (0): BatchNorm1d(300, eps=1e-05, momentum=0.1, affine=True, track_running_stats=True)
            (1): Dropout(p=0.5, inplace=False)
            (2): ReLU()
          )
        )
      )
      (dilated_layers): ModuleList(
        (0): DilatedGeneralLayer(
          (layer): EGATConv(
            (model): GATConv(300, 300, heads=1)
          )
          (post_layer): Sequential(
            (0): BatchNorm1d(300, eps=1e-05, momentum=0.1, affine=True, track_running_stats=True)
            (1): Dropout(p=0.5, inplace=False)
            (2): ReLU()
          )
          (gem): GeM(p=3.0000, eps=1e-06)
        )
      )
      (act): ReLU()
    )
    (post_mp): GNNGraphHead(
      (layer_post_mp): MLP(
        (model): Sequential(
          (0): Linear(
            (model): Linear(300, 1, bias=True)
          )
        )
      )
    )
  )
)
accelerator: cuda
benchmark: False
bn:
  eps: 1e-05
  mom: 0.1
cfg_dest: config.yaml
custom_metrics: []
dataset:
  cache_load: False
  cache_save: False
  dir: ./datasets
  edge_dim: 300
  edge_encoder: True
  edge_encoder_bn: False
  edge_encoder_name: Bond
  edge_message_ratio: 0.8
  edge_negative_sampling_ratio: 1.0
  edge_train_mode: all
  encoder: True
  encoder_bn: True
  encoder_dim: 128
  encoder_name: db
  fast_loader: False
  format: OGB
  label_column: none
  label_table: none
  location: local
  name: ogbg-molhiv
  node_encoder: True
  node_encoder_bn: False
  node_encoder_name: Atom
  remove_feature: False
  resample_disjoint: False
  resample_negative: False
  shuffle_split: True
  split: [0.8, 0.1, 0.1]
  split_mode: random
  task: graph
  task_type: classification
  to_undirected: False
  transductive: False
  transform: none
  tu_simple: True
devices: 1
gnn:
  act: relu
  act_on_last_layer_mp: False
  agg: none
  att_final_linear: False
  att_final_linear_bn: False
  att_heads: 1
  batchnorm: True
  clear_feature: True
  dilated_path_join: none
  dim_inner: 300
  dropout: 0.5
  head: graph
  keep_edge: 0.5
  l2norm: True
  layer_type: egatconv
  layers_k1: 1
  layers_k2: 1
  layers_mp: 5
  layers_post_mp: 1
  layers_pre_mp: 0
  learn_alpha_residual_connection: False
  msg_direction: single
  normalize_adj: False
  self_msg: concat
  skip_every: 1
  stage_type: stack
  use_edge_features: True
gpu_mem: False
mem:
  inplace: False
metric_agg: argmax
metric_best: auc
model:
  edge_decoding: dot
  graph_pooling: mean
  loss_fun: cross_entropy
  match_upper: True
  size_average: mean
  thresh: 0.5
  type: dilated_gnn
num_threads: 6
num_workers: 16
optim:
  base_lr: 0.001
  lr_decay: 0.1
  max_epoch: 100
  momentum: 0.9
  optimizer: adam
  scheduler: none
  steps: [30, 60, 90]
  weight_decay: 0.0
out_dir: results_experiments/ogbg_molhiv_baseline_grid_design/ogbg_molhiv_baseline-type=dilated_gnn-layer_type=egatconv-layers_k1=1-layers_k2=1-dilated_path_join=none-learn_alpha_residual_connection=False
params: 419102
print: both
round: 4
run_dir: results_experiments/ogbg_molhiv_baseline_grid_design/ogbg_molhiv_baseline-type=dilated_gnn-layer_type=egatconv-layers_k1=1-layers_k2=1-dilated_path_join=none-learn_alpha_residual_connection=False/3
seed: 4
share:
  dim_in: 9
  dim_out: 2
  num_splits: 3
tensorboard_agg: True
tensorboard_each_run: False
train:
  auto_resume: False
  batch_size: 32
  ckpt_clean: True
  ckpt_period: 100
  enable_ckpt: True
  epoch_resume: -1
  eval_period: 1
  iter_per_epoch: 32
  neighbor_sizes: [20, 15, 10, 5]
  node_per_graph: 32
  radius: extend
  sample_node: False
  sampler: full_batch
  skip_train_eval: False
  walk_length: 4
val:
  node_per_graph: 32
  radius: extend
  sample_node: False
  sampler: full_batch
view_emb: False
Num parameters: 419102
val: {'epoch': 0, 'loss': 0.6927, 'lr': 0.001, 'params': 419102, 'time_iter': 1.0669, 'accuracy': 0.5, 'precision': 0.0, 'recall': 0.0, 'f1': 0.0, 'auc': 0.0476}
val: {'epoch': 0, 'loss': 0.0979, 'lr': 0.001, 'params': 419102, 'time_iter': 1.9353, 'accuracy': 0.9803, 'precision': 0.0, 'recall': 0.0, 'f1': 0.0, 'auc': 0.6159}
train: {'epoch': 0, 'eta': 1607720.6697, 'loss': 0.187, 'lr': 0.001, 'params': 419102, 'time_iter': 15.7819, 'accuracy': 0.9601, 'precision': 0.0543, 'recall': 0.0041, 'f1': 0.0076, 'auc': 0.54}
val: {'epoch': 1, 'loss': 0.1005, 'lr': 0.001, 'params': 419102, 'time_iter': 1.9562, 'accuracy': 0.9803, 'precision': 0.0, 'recall': 0.0, 'f1': 0.0, 'auc': 0.5901}
train: {'epoch': 1, 'eta': 1566633.7802, 'loss': 0.1559, 'lr': 0.001, 'params': 419102, 'time_iter': 15.2891, 'accuracy': 0.9626, 'precision': 0.0, 'recall': 0.0, 'f1': 0.0, 'auc': 0.6361}
val: {'epoch': 2, 'loss': 0.0954, 'lr': 0.001, 'params': 419102, 'time_iter': 2.0459, 'accuracy': 0.9803, 'precision': 0.0, 'recall': 0.0, 'f1': 0.0, 'auc': 0.6889}
train: {'epoch': 2, 'eta': 1546697.0488, 'loss': 0.1531, 'lr': 0.001, 'params': 419102, 'time_iter': 15.4168, 'accuracy': 0.9626, 'precision': 0.0, 'recall': 0.0, 'f1': 0.0, 'auc': 0.6678}
val: {'epoch': 3, 'loss': 0.093, 'lr': 0.001, 'params': 419102, 'time_iter': 1.8972, 'accuracy': 0.9803, 'precision': 0.0, 'recall': 0.0, 'f1': 0.0, 'auc': 0.6662}
train: {'epoch': 3, 'eta': 1524683.9081, 'loss': 0.1524, 'lr': 0.001, 'params': 419102, 'time_iter': 15.2502, 'accuracy': 0.9626, 'precision': 0.0, 'recall': 0.0, 'f1': 0.0, 'auc': 0.6759}
val: {'epoch': 4, 'loss': 0.0951, 'lr': 0.001, 'params': 419102, 'time_iter': 1.8995, 'accuracy': 0.9803, 'precision': 0.0, 'recall': 0.0, 'f1': 0.0, 'auc': 0.6738}
train: {'epoch': 4, 'eta': 1510556.4453, 'loss': 0.1507, 'lr': 0.001, 'params': 419102, 'time_iter': 15.5243, 'accuracy': 0.9625, 'precision': 0.2, 'recall': 0.0008, 'f1': 0.0016, 'auc': 0.6901}
val: {'epoch': 5, 'loss': 0.0974, 'lr': 0.001, 'params': 419102, 'time_iter': 2.288, 'accuracy': 0.9803, 'precision': 0.0, 'recall': 0.0, 'f1': 0.0, 'auc': 0.6514}
train: {'epoch': 5, 'eta': 1493127.6897, 'loss': 0.1503, 'lr': 0.001, 'params': 419102, 'time_iter': 15.3577, 'accuracy': 0.9623, 'precision': 0.0, 'recall': 0.0, 'f1': 0.0, 'auc': 0.6937}
val: {'epoch': 6, 'loss': 0.0931, 'lr': 0.001, 'params': 419102, 'time_iter': 1.9149, 'accuracy': 0.9803, 'precision': 0.0, 'recall': 0.0, 'f1': 0.0, 'auc': 0.6971}
train: {'epoch': 6, 'eta': 1477661.476, 'loss': 0.1493, 'lr': 0.001, 'params': 419102, 'time_iter': 15.4673, 'accuracy': 0.9623, 'precision': 0.1111, 'recall': 0.0008, 'f1': 0.0016, 'auc': 0.6969}
val: {'epoch': 7, 'loss': 0.0923, 'lr': 0.001, 'params': 419102, 'time_iter': 1.907, 'accuracy': 0.9803, 'precision': 0.0, 'recall': 0.0, 'f1': 0.0, 'auc': 0.7078}
train: {'epoch': 7, 'eta': 1461131.2468, 'loss': 0.148, 'lr': 0.001, 'params': 419102, 'time_iter': 15.3868, 'accuracy': 0.9624, 'precision': 0.125, 'recall': 0.0008, 'f1': 0.0016, 'auc': 0.7044}
val: {'epoch': 8, 'loss': 0.0923, 'lr': 0.001, 'params': 419102, 'time_iter': 1.8699, 'accuracy': 0.9805, 'precision': 1.0, 'recall': 0.0123, 'f1': 0.0244, 'auc': 0.7013}
train: {'epoch': 8, 'eta': 1441996.2363, 'loss': 0.1483, 'lr': 0.001, 'params': 419102, 'time_iter': 15.1216, 'accuracy': 0.9623, 'precision': 0.1111, 'recall': 0.0008, 'f1': 0.0016, 'auc': 0.7027}
val: {'epoch': 9, 'loss': 0.094, 'lr': 0.001, 'params': 419102, 'time_iter': 1.9402, 'accuracy': 0.9803, 'precision': 0.0, 'recall': 0.0, 'f1': 0.0, 'auc': 0.7248}
train: {'epoch': 9, 'eta': 1426053.3333, 'loss': 0.1498, 'lr': 0.001, 'params': 419102, 'time_iter': 15.3891, 'accuracy': 0.9625, 'precision': 0.2, 'recall': 0.0008, 'f1': 0.0016, 'auc': 0.6947}
val: {'epoch': 10, 'loss': 0.0948, 'lr': 0.001, 'params': 419102, 'time_iter': 2.0818, 'accuracy': 0.9803, 'precision': 0.0, 'recall': 0.0, 'f1': 0.0, 'auc': 0.6864}
train: {'epoch': 10, 'eta': 1409665.1755, 'loss': 0.1497, 'lr': 0.001, 'params': 419102, 'time_iter': 15.3332, 'accuracy': 0.9623, 'precision': 0.0909, 'recall': 0.0008, 'f1': 0.0016, 'auc': 0.6917}
val: {'epoch': 11, 'loss': 0.0973, 'lr': 0.001, 'params': 419102, 'time_iter': 1.9286, 'accuracy': 0.9803, 'precision': 0.0, 'recall': 0.0, 'f1': 0.0, 'auc': 0.6928}
train: {'epoch': 11, 'eta': 1391560.5795, 'loss': 0.1488, 'lr': 0.001, 'params': 419102, 'time_iter': 15.0923, 'accuracy': 0.9623, 'precision': 0.0, 'recall': 0.0, 'f1': 0.0, 'auc': 0.6996}
val: {'epoch': 12, 'loss': 0.0943, 'lr': 0.001, 'params': 419102, 'time_iter': 1.9534, 'accuracy': 0.9803, 'precision': 0.0, 'recall': 0.0, 'f1': 0.0, 'auc': 0.6802}
train: {'epoch': 12, 'eta': 1375318.011, 'loss': 0.1504, 'lr': 0.001, 'params': 419102, 'time_iter': 15.3052, 'accuracy': 0.9624, 'precision': 0.0, 'recall': 0.0, 'f1': 0.0, 'auc': 0.6924}
val: {'epoch': 13, 'loss': 0.0946, 'lr': 0.001, 'params': 419102, 'time_iter': 1.8686, 'accuracy': 0.9801, 'precision': 0.0, 'recall': 0.0, 'f1': 0.0, 'auc': 0.7069}
train: {'epoch': 13, 'eta': 1357371.6918, 'loss': 0.1494, 'lr': 0.001, 'params': 419102, 'time_iter': 15.0245, 'accuracy': 0.9624, 'precision': 0.25, 'recall': 0.0016, 'f1': 0.0032, 'auc': 0.6962}
val: {'epoch': 14, 'loss': 0.0944, 'lr': 0.001, 'params': 419102, 'time_iter': 1.84, 'accuracy': 0.9803, 'precision': 0.0, 'recall': 0.0, 'f1': 0.0, 'auc': 0.7106}
train: {'epoch': 14, 'eta': 1339499.7556, 'loss': 0.1494, 'lr': 0.001, 'params': 419102, 'time_iter': 14.9804, 'accuracy': 0.9624, 'precision': 0.1429, 'recall': 0.0008, 'f1': 0.0016, 'auc': 0.6932}
val: {'epoch': 15, 'loss': 0.0949, 'lr': 0.001, 'params': 419102, 'time_iter': 2.5921, 'accuracy': 0.9803, 'precision': 0.0, 'recall': 0.0, 'f1': 0.0, 'auc': 0.7044}
train: {'epoch': 15, 'eta': 1321532.8781, 'loss': 0.1492, 'lr': 0.001, 'params': 419102, 'time_iter': 14.906, 'accuracy': 0.9624, 'precision': 0.0, 'recall': 0.0, 'f1': 0.0, 'auc': 0.6944}
val: {'epoch': 16, 'loss': 0.0927, 'lr': 0.001, 'params': 419102, 'time_iter': 1.8097, 'accuracy': 0.9801, 'precision': 0.0, 'recall': 0.0, 'f1': 0.0, 'auc': 0.73}
train: {'epoch': 16, 'eta': 1305052.6802, 'loss': 0.148, 'lr': 0.001, 'params': 419102, 'time_iter': 15.1403, 'accuracy': 0.9623, 'precision': 0.1, 'recall': 0.0008, 'f1': 0.0016, 'auc': 0.7102}
val: {'epoch': 17, 'loss': 0.0967, 'lr': 0.001, 'params': 419102, 'time_iter': 1.906, 'accuracy': 0.9801, 'precision': 0.0, 'recall': 0.0, 'f1': 0.0, 'auc': 0.7018}
train: {'epoch': 17, 'eta': 1289457.3372, 'loss': 0.1482, 'lr': 0.001, 'params': 419102, 'time_iter': 15.3077, 'accuracy': 0.9623, 'precision': 0.1111, 'recall': 0.0008, 'f1': 0.0016, 'auc': 0.7052}
val: {'epoch': 18, 'loss': 0.0927, 'lr': 0.001, 'params': 419102, 'time_iter': 2.0766, 'accuracy': 0.9801, 'precision': 0.0, 'recall': 0.0, 'f1': 0.0, 'auc': 0.7312}
train: {'epoch': 18, 'eta': 1273760.0365, 'loss': 0.148, 'lr': 0.001, 'params': 419102, 'time_iter': 15.2882, 'accuracy': 0.9622, 'precision': 0.1176, 'recall': 0.0016, 'f1': 0.0032, 'auc': 0.7105}
val: {'epoch': 19, 'loss': 0.0955, 'lr': 0.001, 'params': 419102, 'time_iter': 1.9864, 'accuracy': 0.9803, 'precision': 0.0, 'recall': 0.0, 'f1': 0.0, 'auc': 0.7291}
train: {'epoch': 19, 'eta': 1257241.1631, 'loss': 0.1475, 'lr': 0.001, 'params': 419102, 'time_iter': 15.0895, 'accuracy': 0.962, 'precision': 0.0952, 'recall': 0.0016, 'f1': 0.0032, 'auc': 0.7147}
val: {'epoch': 20, 'loss': 0.0942, 'lr': 0.001, 'params': 419102, 'time_iter': 2.0, 'accuracy': 0.9808, 'precision': 1.0, 'recall': 0.0247, 'f1': 0.0482, 'auc': 0.6875}
train: {'epoch': 20, 'eta': 1239619.929, 'loss': 0.1487, 'lr': 0.001, 'params': 419102, 'time_iter': 14.7803, 'accuracy': 0.962, 'precision': 0.0952, 'recall': 0.0016, 'f1': 0.0032, 'auc': 0.6979}
val: {'epoch': 21, 'loss': 0.0959, 'lr': 0.001, 'params': 419102, 'time_iter': 1.7844, 'accuracy': 0.9801, 'precision': 0.0, 'recall': 0.0, 'f1': 0.0, 'auc': 0.6846}
train: {'epoch': 21, 'eta': 1223454.6728, 'loss': 0.1484, 'lr': 0.001, 'params': 419102, 'time_iter': 15.1193, 'accuracy': 0.9621, 'precision': 0.1667, 'recall': 0.0032, 'f1': 0.0064, 'auc': 0.703}
val: {'epoch': 22, 'loss': 0.0949, 'lr': 0.001, 'params': 419102, 'time_iter': 1.979, 'accuracy': 0.9803, 'precision': 0.0, 'recall': 0.0, 'f1': 0.0, 'auc': 0.7284}
train: {'epoch': 22, 'eta': 1208291.8898, 'loss': 0.1473, 'lr': 0.001, 'params': 419102, 'time_iter': 15.3949, 'accuracy': 0.9622, 'precision': 0.1333, 'recall': 0.0016, 'f1': 0.0032, 'auc': 0.7128}
val: {'epoch': 23, 'loss': 0.0944, 'lr': 0.001, 'params': 419102, 'time_iter': 1.9499, 'accuracy': 0.9803, 'precision': 0.0, 'recall': 0.0, 'f1': 0.0, 'auc': 0.7217}
train: {'epoch': 23, 'eta': 1192024.8489, 'loss': 0.147, 'lr': 0.001, 'params': 419102, 'time_iter': 15.0734, 'accuracy': 0.9622, 'precision': 0.0769, 'recall': 0.0008, 'f1': 0.0016, 'auc': 0.7105}
val: {'epoch': 24, 'loss': 0.0953, 'lr': 0.001, 'params': 419102, 'time_iter': 1.8436, 'accuracy': 0.9803, 'precision': 0.0, 'recall': 0.0, 'f1': 0.0, 'auc': 0.73}
train: {'epoch': 24, 'eta': 1175703.766, 'loss': 0.1464, 'lr': 0.001, 'params': 419102, 'time_iter': 15.0363, 'accuracy': 0.9622, 'precision': 0.2, 'recall': 0.0032, 'f1': 0.0064, 'auc': 0.7159}
val: {'epoch': 25, 'loss': 0.0954, 'lr': 0.001, 'params': 419102, 'time_iter': 2.2269, 'accuracy': 0.9801, 'precision': 0.0, 'recall': 0.0, 'f1': 0.0, 'auc': 0.6939}
train: {'epoch': 25, 'eta': 1159893.9773, 'loss': 0.1462, 'lr': 0.001, 'params': 419102, 'time_iter': 15.1886, 'accuracy': 0.962, 'precision': 0.12, 'recall': 0.0024, 'f1': 0.0048, 'auc': 0.7186}
val: {'epoch': 26, 'loss': 0.0989, 'lr': 0.001, 'params': 419102, 'time_iter': 1.7775, 'accuracy': 0.9801, 'precision': 0.0, 'recall': 0.0, 'f1': 0.0, 'auc': 0.6934}
train: {'epoch': 26, 'eta': 1143892.4285, 'loss': 0.1493, 'lr': 0.001, 'params': 419102, 'time_iter': 15.1149, 'accuracy': 0.9622, 'precision': 0.0667, 'recall': 0.0008, 'f1': 0.0016, 'auc': 0.6932}
val: {'epoch': 27, 'loss': 0.1, 'lr': 0.001, 'params': 419102, 'time_iter': 1.8428, 'accuracy': 0.9805, 'precision': 0.6, 'recall': 0.037, 'f1': 0.0698, 'auc': 0.7192}
train: {'epoch': 27, 'eta': 1127086.1259, 'loss': 0.1464, 'lr': 0.001, 'params': 419102, 'time_iter': 14.7986, 'accuracy': 0.9623, 'precision': 0.25, 'recall': 0.0041, 'f1': 0.008, 'auc': 0.7143}
val: {'epoch': 28, 'loss': 0.0966, 'lr': 0.001, 'params': 419102, 'time_iter': 1.9055, 'accuracy': 0.9798, 'precision': 0.0, 'recall': 0.0, 'f1': 0.0, 'auc': 0.7401}
train: {'epoch': 28, 'eta': 1111207.6358, 'loss': 0.1461, 'lr': 0.001, 'params': 419102, 'time_iter': 15.1237, 'accuracy': 0.9617, 'precision': 0.1316, 'recall': 0.0041, 'f1': 0.0079, 'auc': 0.724}
val: {'epoch': 29, 'loss': 0.0994, 'lr': 0.001, 'params': 419102, 'time_iter': 1.9691, 'accuracy': 0.9801, 'precision': 0.3333, 'recall': 0.0123, 'f1': 0.0238, 'auc': 0.6915}
train: {'epoch': 29, 'eta': 1095468.0271, 'loss': 0.1458, 'lr': 0.001, 'params': 419102, 'time_iter': 15.1727, 'accuracy': 0.9618, 'precision': 0.0714, 'recall': 0.0016, 'f1': 0.0032, 'auc': 0.7205}
val: {'epoch': 30, 'loss': 0.099, 'lr': 0.001, 'params': 419102, 'time_iter': 1.973, 'accuracy': 0.9801, 'precision': 0.0, 'recall': 0.0, 'f1': 0.0, 'auc': 0.7264}
train: {'epoch': 30, 'eta': 1079986.6295, 'loss': 0.1455, 'lr': 0.001, 'params': 419102, 'time_iter': 15.2819, 'accuracy': 0.9621, 'precision': 0.2941, 'recall': 0.0081, 'f1': 0.0158, 'auc': 0.7242}
val: {'epoch': 31, 'loss': 0.1001, 'lr': 0.001, 'params': 419102, 'time_iter': 1.9157, 'accuracy': 0.9798, 'precision': 0.0, 'recall': 0.0, 'f1': 0.0, 'auc': 0.7419}
train: {'epoch': 31, 'eta': 1063568.0838, 'loss': 0.1456, 'lr': 0.001, 'params': 419102, 'time_iter': 14.8603, 'accuracy': 0.9617, 'precision': 0.0645, 'recall': 0.0016, 'f1': 0.0032, 'auc': 0.7277}
val: {'epoch': 32, 'loss': 0.0933, 'lr': 0.001, 'params': 419102, 'time_iter': 2.3774, 'accuracy': 0.9798, 'precision': 0.25, 'recall': 0.0123, 'f1': 0.0235, 'auc': 0.7271}
train: {'epoch': 32, 'eta': 1047146.0793, 'loss': 0.1456, 'lr': 0.001, 'params': 419102, 'time_iter': 14.8259, 'accuracy': 0.9621, 'precision': 0.1739, 'recall': 0.0032, 'f1': 0.0064, 'auc': 0.7271}
val: {'epoch': 33, 'loss': 0.0947, 'lr': 0.001, 'params': 419102, 'time_iter': 1.8912, 'accuracy': 0.9803, 'precision': 0.5, 'recall': 0.0123, 'f1': 0.0241, 'auc': 0.7302}
train: {'epoch': 33, 'eta': 1033222.2412, 'loss': 0.1453, 'lr': 0.001, 'params': 419102, 'time_iter': 16.0423, 'accuracy': 0.9619, 'precision': 0.1429, 'recall': 0.0032, 'f1': 0.0063, 'auc': 0.7231}
val: {'epoch': 34, 'loss': 0.0977, 'lr': 0.001, 'params': 419102, 'time_iter': 1.8905, 'accuracy': 0.9803, 'precision': 0.0, 'recall': 0.0, 'f1': 0.0, 'auc': 0.717}
train: {'epoch': 34, 'eta': 1016861.2851, 'loss': 0.1452, 'lr': 0.001, 'params': 419102, 'time_iter': 14.8442, 'accuracy': 0.9619, 'precision': 0.1111, 'recall': 0.0024, 'f1': 0.0048, 'auc': 0.7278}
val: {'epoch': 35, 'loss': 0.0947, 'lr': 0.001, 'params': 419102, 'time_iter': 1.8587, 'accuracy': 0.9801, 'precision': 0.0, 'recall': 0.0, 'f1': 0.0, 'auc': 0.7342}
train: {'epoch': 35, 'eta': 1001194.0862, 'loss': 0.1452, 'lr': 0.001, 'params': 419102, 'time_iter': 15.1905, 'accuracy': 0.9622, 'precision': 0.28, 'recall': 0.0057, 'f1': 0.0111, 'auc': 0.7225}
val: {'epoch': 36, 'loss': 0.0976, 'lr': 0.001, 'params': 419102, 'time_iter': 1.7939, 'accuracy': 0.9798, 'precision': 0.0, 'recall': 0.0, 'f1': 0.0, 'auc': 0.7315}
train: {'epoch': 36, 'eta': 985888.8193, 'loss': 0.1451, 'lr': 0.001, 'params': 419102, 'time_iter': 15.3959, 'accuracy': 0.9622, 'precision': 0.2609, 'recall': 0.0049, 'f1': 0.0096, 'auc': 0.7261}
val: {'epoch': 37, 'loss': 0.0974, 'lr': 0.001, 'params': 419102, 'time_iter': 1.9968, 'accuracy': 0.9801, 'precision': 0.0, 'recall': 0.0, 'f1': 0.0, 'auc': 0.7224}
train: {'epoch': 37, 'eta': 970738.0876, 'loss': 0.1453, 'lr': 0.001, 'params': 419102, 'time_iter': 15.5048, 'accuracy': 0.962, 'precision': 0.1786, 'recall': 0.0041, 'f1': 0.0079, 'auc': 0.7242}
val: {'epoch': 38, 'loss': 0.0973, 'lr': 0.001, 'params': 419102, 'time_iter': 2.0405, 'accuracy': 0.9801, 'precision': 0.0, 'recall': 0.0, 'f1': 0.0, 'auc': 0.7249}
train: {'epoch': 38, 'eta': 955031.8785, 'loss': 0.1448, 'lr': 0.001, 'params': 419102, 'time_iter': 15.1853, 'accuracy': 0.9618, 'precision': 0.1795, 'recall': 0.0057, 'f1': 0.011, 'auc': 0.728}
val: {'epoch': 39, 'loss': 0.1014, 'lr': 0.001, 'params': 419102, 'time_iter': 2.0559, 'accuracy': 0.9803, 'precision': 0.0, 'recall': 0.0, 'f1': 0.0, 'auc': 0.7389}
train: {'epoch': 39, 'eta': 939218.2027, 'loss': 0.1456, 'lr': 0.001, 'params': 419102, 'time_iter': 15.113, 'accuracy': 0.962, 'precision': 0.1304, 'recall': 0.0024, 'f1': 0.0048, 'auc': 0.7211}
val: {'epoch': 40, 'loss': 0.0987, 'lr': 0.001, 'params': 419102, 'time_iter': 2.0043, 'accuracy': 0.9798, 'precision': 0.0, 'recall': 0.0, 'f1': 0.0, 'auc': 0.7273}
train: {'epoch': 40, 'eta': 923378.6751, 'loss': 0.1459, 'lr': 0.001, 'params': 419102, 'time_iter': 15.0869, 'accuracy': 0.962, 'precision': 0.0476, 'recall': 0.0008, 'f1': 0.0016, 'auc': 0.725}
val: {'epoch': 41, 'loss': 0.0935, 'lr': 0.001, 'params': 419102, 'time_iter': 1.9461, 'accuracy': 0.9798, 'precision': 0.0, 'recall': 0.0, 'f1': 0.0, 'auc': 0.7564}
train: {'epoch': 41, 'eta': 907758.348, 'loss': 0.1461, 'lr': 0.001, 'params': 419102, 'time_iter': 15.2306, 'accuracy': 0.9618, 'precision': 0.125, 'recall': 0.0032, 'f1': 0.0063, 'auc': 0.7267}
val: {'epoch': 42, 'loss': 0.0931, 'lr': 0.001, 'params': 419102, 'time_iter': 3.2374, 'accuracy': 0.9798, 'precision': 0.0, 'recall': 0.0, 'f1': 0.0, 'auc': 0.7519}
train: {'epoch': 42, 'eta': 891967.3509, 'loss': 0.146, 'lr': 0.001, 'params': 419102, 'time_iter': 15.1073, 'accuracy': 0.9618, 'precision': 0.0667, 'recall': 0.0016, 'f1': 0.0032, 'auc': 0.7246}
val: {'epoch': 43, 'loss': 0.0983, 'lr': 0.001, 'params': 419102, 'time_iter': 2.0108, 'accuracy': 0.9801, 'precision': 0.0, 'recall': 0.0, 'f1': 0.0, 'auc': 0.7536}
train: {'epoch': 43, 'eta': 876655.7288, 'loss': 0.1461, 'lr': 0.001, 'params': 419102, 'time_iter': 15.4648, 'accuracy': 0.962, 'precision': 0.125, 'recall': 0.0024, 'f1': 0.0048, 'auc': 0.7242}
val: {'epoch': 44, 'loss': 0.1, 'lr': 0.001, 'params': 419102, 'time_iter': 1.9934, 'accuracy': 0.9796, 'precision': 0.0, 'recall': 0.0, 'f1': 0.0, 'auc': 0.7177}
train: {'epoch': 44, 'eta': 861591.4688, 'loss': 0.1467, 'lr': 0.001, 'params': 419102, 'time_iter': 15.6827, 'accuracy': 0.9621, 'precision': 0.0588, 'recall': 0.0008, 'f1': 0.0016, 'auc': 0.7207}
val: {'epoch': 45, 'loss': 0.0964, 'lr': 0.001, 'params': 419102, 'time_iter': 2.259, 'accuracy': 0.9796, 'precision': 0.0, 'recall': 0.0, 'f1': 0.0, 'auc': 0.737}
train: {'epoch': 45, 'eta': 846053.4732, 'loss': 0.1461, 'lr': 0.001, 'params': 419102, 'time_iter': 15.3292, 'accuracy': 0.9622, 'precision': 0.0, 'recall': 0.0, 'f1': 0.0, 'auc': 0.719}
val: {'epoch': 46, 'loss': 0.1005, 'lr': 0.001, 'params': 419102, 'time_iter': 1.8335, 'accuracy': 0.9796, 'precision': 0.0, 'recall': 0.0, 'f1': 0.0, 'auc': 0.727}
train: {'epoch': 46, 'eta': 830733.2618, 'loss': 0.1457, 'lr': 0.001, 'params': 419102, 'time_iter': 15.5255, 'accuracy': 0.9623, 'precision': 0.3333, 'recall': 0.0073, 'f1': 0.0143, 'auc': 0.7208}
val: {'epoch': 47, 'loss': 0.1006, 'lr': 0.001, 'params': 419102, 'time_iter': 1.9687, 'accuracy': 0.9793, 'precision': 0.0, 'recall': 0.0, 'f1': 0.0, 'auc': 0.7233}
train: {'epoch': 47, 'eta': 815061.9226, 'loss': 0.145, 'lr': 0.001, 'params': 419102, 'time_iter': 15.235, 'accuracy': 0.9619, 'precision': 0.2619, 'recall': 0.0089, 'f1': 0.0173, 'auc': 0.7271}
val: {'epoch': 48, 'loss': 0.0994, 'lr': 0.001, 'params': 419102, 'time_iter': 1.9506, 'accuracy': 0.9793, 'precision': 0.0, 'recall': 0.0, 'f1': 0.0, 'auc': 0.7458}
train: {'epoch': 48, 'eta': 799478.03, 'loss': 0.1448, 'lr': 0.001, 'params': 419102, 'time_iter': 15.3169, 'accuracy': 0.9623, 'precision': 0.3077, 'recall': 0.0065, 'f1': 0.0127, 'auc': 0.7259}
val: {'epoch': 49, 'loss': 0.0972, 'lr': 0.001, 'params': 419102, 'time_iter': 1.8997, 'accuracy': 0.9801, 'precision': 0.0, 'recall': 0.0, 'f1': 0.0, 'auc': 0.7387}
train: {'epoch': 49, 'eta': 783874.9907, 'loss': 0.1445, 'lr': 0.001, 'params': 419102, 'time_iter': 15.3052, 'accuracy': 0.9623, 'precision': 0.3824, 'recall': 0.0106, 'f1': 0.0205, 'auc': 0.726}
val: {'epoch': 50, 'loss': 0.0971, 'lr': 0.001, 'params': 419102, 'time_iter': 1.9775, 'accuracy': 0.9793, 'precision': 0.0, 'recall': 0.0, 'f1': 0.0, 'auc': 0.7466}
train: {'epoch': 50, 'eta': 768132.4454, 'loss': 0.1449, 'lr': 0.001, 'params': 419102, 'time_iter': 15.1699, 'accuracy': 0.962, 'precision': 0.2632, 'recall': 0.0081, 'f1': 0.0157, 'auc': 0.7283}
val: {'epoch': 51, 'loss': 0.1028, 'lr': 0.001, 'params': 419102, 'time_iter': 1.8867, 'accuracy': 0.9798, 'precision': 0.0, 'recall': 0.0, 'f1': 0.0, 'auc': 0.713}
train: {'epoch': 51, 'eta': 752313.5927, 'loss': 0.1451, 'lr': 0.001, 'params': 419102, 'time_iter': 15.0842, 'accuracy': 0.9623, 'precision': 0.3947, 'recall': 0.0122, 'f1': 0.0236, 'auc': 0.7246}
val: {'epoch': 52, 'loss': 0.1029, 'lr': 0.001, 'params': 419102, 'time_iter': 1.9349, 'accuracy': 0.9796, 'precision': 0.0, 'recall': 0.0, 'f1': 0.0, 'auc': 0.7131}
train: {'epoch': 52, 'eta': 736699.4986, 'loss': 0.1444, 'lr': 0.001, 'params': 419102, 'time_iter': 15.2963, 'accuracy': 0.9623, 'precision': 0.3462, 'recall': 0.0073, 'f1': 0.0143, 'auc': 0.7306}
val: {'epoch': 53, 'loss': 0.1012, 'lr': 0.001, 'params': 419102, 'time_iter': 2.0176, 'accuracy': 0.9801, 'precision': 0.0, 'recall': 0.0, 'f1': 0.0, 'auc': 0.7153}
train: {'epoch': 53, 'eta': 720893.6112, 'loss': 0.1445, 'lr': 0.001, 'params': 419102, 'time_iter': 15.0828, 'accuracy': 0.9622, 'precision': 0.3617, 'recall': 0.0138, 'f1': 0.0266, 'auc': 0.7272}
val: {'epoch': 54, 'loss': 0.1015, 'lr': 0.001, 'params': 419102, 'time_iter': 1.9811, 'accuracy': 0.9798, 'precision': 0.0, 'recall': 0.0, 'f1': 0.0, 'auc': 0.7044}
train: {'epoch': 54, 'eta': 705339.5951, 'loss': 0.1441, 'lr': 0.001, 'params': 419102, 'time_iter': 15.3696, 'accuracy': 0.9619, 'precision': 0.2826, 'recall': 0.0106, 'f1': 0.0203, 'auc': 0.7297}
val: {'epoch': 55, 'loss': 0.0987, 'lr': 0.001, 'params': 419102, 'time_iter': 2.2734, 'accuracy': 0.9798, 'precision': 0.25, 'recall': 0.0123, 'f1': 0.0235, 'auc': 0.7379}
train: {'epoch': 55, 'eta': 689768.783, 'loss': 0.1447, 'lr': 0.001, 'params': 419102, 'time_iter': 15.3604, 'accuracy': 0.9619, 'precision': 0.2619, 'recall': 0.0089, 'f1': 0.0173, 'auc': 0.7248}
val: {'epoch': 56, 'loss': 0.1016, 'lr': 0.001, 'params': 419102, 'time_iter': 1.9094, 'accuracy': 0.9796, 'precision': 0.0, 'recall': 0.0, 'f1': 0.0, 'auc': 0.7544}
train: {'epoch': 56, 'eta': 674255.9056, 'loss': 0.1477, 'lr': 0.001, 'params': 419102, 'time_iter': 15.4456, 'accuracy': 0.9621, 'precision': 0.3333, 'recall': 0.0114, 'f1': 0.022, 'auc': 0.7034}
val: {'epoch': 57, 'loss': 0.1027, 'lr': 0.001, 'params': 419102, 'time_iter': 1.8993, 'accuracy': 0.9796, 'precision': 0.0, 'recall': 0.0, 'f1': 0.0, 'auc': 0.7467}
train: {'epoch': 57, 'eta': 658280.9292, 'loss': 0.1492, 'lr': 0.001, 'params': 419102, 'time_iter': 14.8431, 'accuracy': 0.9619, 'precision': 0.2059, 'recall': 0.0057, 'f1': 0.0111, 'auc': 0.6953}
val: {'epoch': 58, 'loss': 0.1027, 'lr': 0.001, 'params': 419102, 'time_iter': 1.9738, 'accuracy': 0.9793, 'precision': 0.0, 'recall': 0.0, 'f1': 0.0, 'auc': 0.7545}
train: {'epoch': 58, 'eta': 642640.2937, 'loss': 0.1464, 'lr': 0.001, 'params': 419102, 'time_iter': 15.2774, 'accuracy': 0.9617, 'precision': 0.2623, 'recall': 0.013, 'f1': 0.0247, 'auc': 0.7143}
val: {'epoch': 59, 'loss': 0.105, 'lr': 0.001, 'params': 419102, 'time_iter': 2.0107, 'accuracy': 0.9803, 'precision': 0.0, 'recall': 0.0, 'f1': 0.0, 'auc': 0.7327}
train: {'epoch': 59, 'eta': 626947.2042, 'loss': 0.1478, 'lr': 0.001, 'params': 419102, 'time_iter': 15.2048, 'accuracy': 0.9619, 'precision': 0.2051, 'recall': 0.0065, 'f1': 0.0126, 'auc': 0.7069}
val: {'epoch': 60, 'loss': 0.1014, 'lr': 0.001, 'params': 419102, 'time_iter': 1.8241, 'accuracy': 0.9798, 'precision': 0.0, 'recall': 0.0, 'f1': 0.0, 'auc': 0.729}
train: {'epoch': 60, 'eta': 611174.8725, 'loss': 0.148, 'lr': 0.001, 'params': 419102, 'time_iter': 15.082, 'accuracy': 0.962, 'precision': 0.1724, 'recall': 0.0041, 'f1': 0.0079, 'auc': 0.7095}
val: {'epoch': 61, 'loss': 0.0999, 'lr': 0.001, 'params': 419102, 'time_iter': 1.9041, 'accuracy': 0.9801, 'precision': 0.0, 'recall': 0.0, 'f1': 0.0, 'auc': 0.7296}
train: {'epoch': 61, 'eta': 595517.8085, 'loss': 0.1472, 'lr': 0.001, 'params': 419102, 'time_iter': 15.2518, 'accuracy': 0.9617, 'precision': 0.1707, 'recall': 0.0057, 'f1': 0.011, 'auc': 0.7099}
val: {'epoch': 62, 'loss': 0.1033, 'lr': 0.001, 'params': 419102, 'time_iter': 2.4882, 'accuracy': 0.9801, 'precision': 0.0, 'recall': 0.0, 'f1': 0.0, 'auc': 0.7224}
train: {'epoch': 62, 'eta': 579846.6022, 'loss': 0.1466, 'lr': 0.001, 'params': 419102, 'time_iter': 15.2304, 'accuracy': 0.9618, 'precision': 0.2, 'recall': 0.0065, 'f1': 0.0126, 'auc': 0.7102}
val: {'epoch': 63, 'loss': 0.1003, 'lr': 0.001, 'params': 419102, 'time_iter': 1.9822, 'accuracy': 0.9801, 'precision': 0.4286, 'recall': 0.037, 'f1': 0.0682, 'auc': 0.7281}
train: {'epoch': 63, 'eta': 564222.3827, 'loss': 0.146, 'lr': 0.001, 'params': 419102, 'time_iter': 15.3116, 'accuracy': 0.9613, 'precision': 0.1429, 'recall': 0.0065, 'f1': 0.0124, 'auc': 0.7113}
val: {'epoch': 64, 'loss': 0.098, 'lr': 0.001, 'params': 419102, 'time_iter': 2.0796, 'accuracy': 0.9796, 'precision': 0.2, 'recall': 0.0123, 'f1': 0.0233, 'auc': 0.7279}
train: {'epoch': 64, 'eta': 548468.9717, 'loss': 0.1463, 'lr': 0.001, 'params': 419102, 'time_iter': 15.0857, 'accuracy': 0.9613, 'precision': 0.2237, 'recall': 0.0138, 'f1': 0.026, 'auc': 0.7089}
val: {'epoch': 65, 'loss': 0.1008, 'lr': 0.001, 'params': 419102, 'time_iter': 1.9076, 'accuracy': 0.9796, 'precision': 0.0, 'recall': 0.0, 'f1': 0.0, 'auc': 0.7377}
train: {'epoch': 65, 'eta': 532745.6732, 'loss': 0.1466, 'lr': 0.001, 'params': 419102, 'time_iter': 15.1294, 'accuracy': 0.9616, 'precision': 0.2203, 'recall': 0.0106, 'f1': 0.0201, 'auc': 0.7068}
val: {'epoch': 66, 'loss': 0.1006, 'lr': 0.001, 'params': 419102, 'time_iter': 1.9325, 'accuracy': 0.9803, 'precision': 0.5, 'recall': 0.037, 'f1': 0.069, 'auc': 0.7294}
train: {'epoch': 66, 'eta': 517405.436, 'loss': 0.1468, 'lr': 0.001, 'params': 419102, 'time_iter': 15.8761, 'accuracy': 0.9617, 'precision': 0.1778, 'recall': 0.0065, 'f1': 0.0125, 'auc': 0.7121}
val: {'epoch': 67, 'loss': 0.1007, 'lr': 0.001, 'params': 419102, 'time_iter': 1.8647, 'accuracy': 0.9801, 'precision': 0.4286, 'recall': 0.037, 'f1': 0.0682, 'auc': 0.7223}
train: {'epoch': 67, 'eta': 501562.9297, 'loss': 0.1461, 'lr': 0.001, 'params': 419102, 'time_iter': 14.8993, 'accuracy': 0.9616, 'precision': 0.122, 'recall': 0.0041, 'f1': 0.0079, 'auc': 0.7144}
val: {'epoch': 68, 'loss': 0.0991, 'lr': 0.001, 'params': 419102, 'time_iter': 1.9274, 'accuracy': 0.9803, 'precision': 0.5, 'recall': 0.0864, 'f1': 0.1474, 'auc': 0.7125}
train: {'epoch': 68, 'eta': 486077.8436, 'loss': 0.1456, 'lr': 0.001, 'params': 419102, 'time_iter': 15.6404, 'accuracy': 0.962, 'precision': 0.2424, 'recall': 0.0065, 'f1': 0.0126, 'auc': 0.7186}
val: {'epoch': 69, 'loss': 0.1027, 'lr': 0.001, 'params': 419102, 'time_iter': 2.6621, 'accuracy': 0.9803, 'precision': 0.5, 'recall': 0.037, 'f1': 0.069, 'auc': 0.7164}
train: {'epoch': 69, 'eta': 470523.1329, 'loss': 0.1456, 'lr': 0.001, 'params': 419102, 'time_iter': 15.522, 'accuracy': 0.9618, 'precision': 0.2292, 'recall': 0.0089, 'f1': 0.0172, 'auc': 0.7223}
val: {'epoch': 70, 'loss': 0.1027, 'lr': 0.001, 'params': 419102, 'time_iter': 1.9523, 'accuracy': 0.9801, 'precision': 0.3333, 'recall': 0.0123, 'f1': 0.0238, 'auc': 0.7132}
train: {'epoch': 70, 'eta': 454867.3941, 'loss': 0.1472, 'lr': 0.001, 'params': 419102, 'time_iter': 15.3096, 'accuracy': 0.9618, 'precision': 0.1951, 'recall': 0.0065, 'f1': 0.0126, 'auc': 0.7149}
val: {'epoch': 71, 'loss': 0.1045, 'lr': 0.001, 'params': 419102, 'time_iter': 1.9514, 'accuracy': 0.9798, 'precision': 0.0, 'recall': 0.0, 'f1': 0.0, 'auc': 0.7165}
train: {'epoch': 71, 'eta': 439213.0828, 'loss': 0.148, 'lr': 0.001, 'params': 419102, 'time_iter': 15.3199, 'accuracy': 0.9622, 'precision': 0.2174, 'recall': 0.0041, 'f1': 0.008, 'auc': 0.7106}
val: {'epoch': 72, 'loss': 0.1015, 'lr': 0.001, 'params': 419102, 'time_iter': 1.998, 'accuracy': 0.9801, 'precision': 0.4286, 'recall': 0.037, 'f1': 0.0682, 'auc': 0.7147}
train: {'epoch': 72, 'eta': 423456.6243, 'loss': 0.1457, 'lr': 0.001, 'params': 419102, 'time_iter': 15.0594, 'accuracy': 0.9622, 'precision': 0.3125, 'recall': 0.0081, 'f1': 0.0158, 'auc': 0.7187}
val: {'epoch': 73, 'loss': 0.1009, 'lr': 0.001, 'params': 419102, 'time_iter': 1.9667, 'accuracy': 0.9801, 'precision': 0.0, 'recall': 0.0, 'f1': 0.0, 'auc': 0.7224}
train: {'epoch': 73, 'eta': 407778.8072, 'loss': 0.1464, 'lr': 0.001, 'params': 419102, 'time_iter': 15.2575, 'accuracy': 0.9615, 'precision': 0.1897, 'recall': 0.0089, 'f1': 0.0171, 'auc': 0.7152}
val: {'epoch': 74, 'loss': 0.1002, 'lr': 0.001, 'params': 419102, 'time_iter': 1.9306, 'accuracy': 0.9798, 'precision': 0.3333, 'recall': 0.0247, 'f1': 0.046, 'auc': 0.7239}
train: {'epoch': 74, 'eta': 392077.3838, 'loss': 0.1464, 'lr': 0.001, 'params': 419102, 'time_iter': 15.1904, 'accuracy': 0.9619, 'precision': 0.1818, 'recall': 0.0049, 'f1': 0.0095, 'auc': 0.7135}
val: {'epoch': 75, 'loss': 0.1003, 'lr': 0.001, 'params': 419102, 'time_iter': 1.8946, 'accuracy': 0.9798, 'precision': 0.0, 'recall': 0.0, 'f1': 0.0, 'auc': 0.7349}
train: {'epoch': 75, 'eta': 376400.4252, 'loss': 0.1471, 'lr': 0.001, 'params': 419102, 'time_iter': 15.26, 'accuracy': 0.9617, 'precision': 0.2041, 'recall': 0.0081, 'f1': 0.0156, 'auc': 0.7123}
val: {'epoch': 76, 'loss': 0.0967, 'lr': 0.001, 'params': 419102, 'time_iter': 2.7382, 'accuracy': 0.9803, 'precision': 0.5, 'recall': 0.037, 'f1': 0.069, 'auc': 0.721}
train: {'epoch': 76, 'eta': 360763.2208, 'loss': 0.1462, 'lr': 0.001, 'params': 419102, 'time_iter': 15.3915, 'accuracy': 0.9617, 'precision': 0.2941, 'recall': 0.0162, 'f1': 0.0308, 'auc': 0.7163}
val: {'epoch': 77, 'loss': 0.0996, 'lr': 0.001, 'params': 419102, 'time_iter': 1.8947, 'accuracy': 0.9801, 'precision': 0.0, 'recall': 0.0, 'f1': 0.0, 'auc': 0.7224}
train: {'epoch': 77, 'eta': 345102.0906, 'loss': 0.1459, 'lr': 0.001, 'params': 419102, 'time_iter': 15.3268, 'accuracy': 0.9618, 'precision': 0.3, 'recall': 0.0146, 'f1': 0.0279, 'auc': 0.717}
val: {'epoch': 78, 'loss': 0.0973, 'lr': 0.001, 'params': 419102, 'time_iter': 1.9844, 'accuracy': 0.9808, 'precision': 0.6, 'recall': 0.0741, 'f1': 0.1319, 'auc': 0.7351}
train: {'epoch': 78, 'eta': 329365.9945, 'loss': 0.147, 'lr': 0.001, 'params': 419102, 'time_iter': 15.0629, 'accuracy': 0.9621, 'precision': 0.3478, 'recall': 0.013, 'f1': 0.025, 'auc': 0.7126}
val: {'epoch': 79, 'loss': 0.1084, 'lr': 0.001, 'params': 419102, 'time_iter': 2.1175, 'accuracy': 0.9808, 'precision': 0.75, 'recall': 0.037, 'f1': 0.0706, 'auc': 0.6696}
train: {'epoch': 79, 'eta': 313657.4813, 'loss': 0.1471, 'lr': 0.001, 'params': 419102, 'time_iter': 15.1472, 'accuracy': 0.9619, 'precision': 0.2941, 'recall': 0.0122, 'f1': 0.0234, 'auc': 0.7061}
val: {'epoch': 80, 'loss': 0.1037, 'lr': 0.001, 'params': 419102, 'time_iter': 1.9554, 'accuracy': 0.9805, 'precision': 0.6, 'recall': 0.037, 'f1': 0.0698, 'auc': 0.7107}
train: {'epoch': 80, 'eta': 298038.6702, 'loss': 0.1477, 'lr': 0.001, 'params': 419102, 'time_iter': 15.5063, 'accuracy': 0.962, 'precision': 0.1538, 'recall': 0.0032, 'f1': 0.0064, 'auc': 0.7076}
val: {'epoch': 81, 'loss': 0.0999, 'lr': 0.001, 'params': 419102, 'time_iter': 1.9137, 'accuracy': 0.9801, 'precision': 0.3333, 'recall': 0.0123, 'f1': 0.0238, 'auc': 0.7179}
train: {'epoch': 81, 'eta': 282278.9938, 'loss': 0.1464, 'lr': 0.001, 'params': 419102, 'time_iter': 14.9191, 'accuracy': 0.9623, 'precision': 0.3611, 'recall': 0.0106, 'f1': 0.0205, 'auc': 0.7109}
val: {'epoch': 82, 'loss': 0.1003, 'lr': 0.001, 'params': 419102, 'time_iter': 2.0037, 'accuracy': 0.9793, 'precision': 0.1667, 'recall': 0.0123, 'f1': 0.023, 'auc': 0.7302}
train: {'epoch': 82, 'eta': 266570.7642, 'loss': 0.147, 'lr': 0.001, 'params': 419102, 'time_iter': 15.1165, 'accuracy': 0.962, 'precision': 0.2703, 'recall': 0.0081, 'f1': 0.0158, 'auc': 0.7107}
val: {'epoch': 83, 'loss': 0.1046, 'lr': 0.001, 'params': 419102, 'time_iter': 2.0769, 'accuracy': 0.9791, 'precision': 0.0, 'recall': 0.0, 'f1': 0.0, 'auc': 0.7276}
train: {'epoch': 83, 'eta': 250867.8665, 'loss': 0.1476, 'lr': 0.001, 'params': 419102, 'time_iter': 15.1251, 'accuracy': 0.9617, 'precision': 0.25, 'recall': 0.0114, 'f1': 0.0217, 'auc': 0.7013}
val: {'epoch': 84, 'loss': 0.104, 'lr': 0.001, 'params': 419102, 'time_iter': 1.8624, 'accuracy': 0.9798, 'precision': 0.0, 'recall': 0.0, 'f1': 0.0, 'auc': 0.6885}
train: {'epoch': 84, 'eta': 235150.4398, 'loss': 0.1479, 'lr': 0.001, 'params': 419102, 'time_iter': 15.0271, 'accuracy': 0.9618, 'precision': 0.2692, 'recall': 0.0114, 'f1': 0.0218, 'auc': 0.693}
val: {'epoch': 85, 'loss': 0.1074, 'lr': 0.001, 'params': 419102, 'time_iter': 2.0124, 'accuracy': 0.9791, 'precision': 0.0, 'recall': 0.0, 'f1': 0.0, 'auc': 0.6988}
train: {'epoch': 85, 'eta': 219473.0749, 'loss': 0.1491, 'lr': 0.001, 'params': 419102, 'time_iter': 15.2309, 'accuracy': 0.9618, 'precision': 0.2, 'recall': 0.0065, 'f1': 0.0126, 'auc': 0.6872}
val: {'epoch': 86, 'loss': 0.1083, 'lr': 0.001, 'params': 419102, 'time_iter': 2.8059, 'accuracy': 0.9793, 'precision': 0.1667, 'recall': 0.0123, 'f1': 0.023, 'auc': 0.7055}
train: {'epoch': 86, 'eta': 203800.8633, 'loss': 0.1477, 'lr': 0.001, 'params': 419102, 'time_iter': 15.2637, 'accuracy': 0.9616, 'precision': 0.2075, 'recall': 0.0089, 'f1': 0.0171, 'auc': 0.7029}
val: {'epoch': 87, 'loss': 0.1045, 'lr': 0.001, 'params': 419102, 'time_iter': 1.9623, 'accuracy': 0.9791, 'precision': 0.2222, 'recall': 0.0247, 'f1': 0.0444, 'auc': 0.7436}
train: {'epoch': 87, 'eta': 188211.5532, 'loss': 0.1469, 'lr': 0.001, 'params': 419102, 'time_iter': 15.86, 'accuracy': 0.9618, 'precision': 0.2642, 'recall': 0.0114, 'f1': 0.0218, 'auc': 0.7115}
val: {'epoch': 88, 'loss': 0.1061, 'lr': 0.001, 'params': 419102, 'time_iter': 1.8147, 'accuracy': 0.9798, 'precision': 0.25, 'recall': 0.0123, 'f1': 0.0235, 'auc': 0.7165}
train: {'epoch': 88, 'eta': 172511.0228, 'loss': 0.1467, 'lr': 0.001, 'params': 419102, 'time_iter': 15.1146, 'accuracy': 0.9618, 'precision': 0.25, 'recall': 0.0097, 'f1': 0.0188, 'auc': 0.706}
val: {'epoch': 89, 'loss': 0.1053, 'lr': 0.001, 'params': 419102, 'time_iter': 1.8372, 'accuracy': 0.9793, 'precision': 0.1667, 'recall': 0.0123, 'f1': 0.023, 'auc': 0.7182}
train: {'epoch': 89, 'eta': 156804.722, 'loss': 0.1478, 'lr': 0.001, 'params': 419102, 'time_iter': 15.0355, 'accuracy': 0.9619, 'precision': 0.2708, 'recall': 0.0106, 'f1': 0.0203, 'auc': 0.6965}
val: {'epoch': 90, 'loss': 0.1089, 'lr': 0.001, 'params': 419102, 'time_iter': 1.9065, 'accuracy': 0.9796, 'precision': 0.0, 'recall': 0.0, 'f1': 0.0, 'auc': 0.7034}
train: {'epoch': 90, 'eta': 141147.4689, 'loss': 0.1464, 'lr': 0.001, 'params': 419102, 'time_iter': 15.4667, 'accuracy': 0.962, 'precision': 0.2571, 'recall': 0.0073, 'f1': 0.0142, 'auc': 0.7098}
val: {'epoch': 91, 'loss': 0.1069, 'lr': 0.001, 'params': 419102, 'time_iter': 1.9675, 'accuracy': 0.9798, 'precision': 0.0, 'recall': 0.0, 'f1': 0.0, 'auc': 0.7021}
train: {'epoch': 91, 'eta': 125467.8347, 'loss': 0.1476, 'lr': 0.001, 'params': 419102, 'time_iter': 15.2793, 'accuracy': 0.962, 'precision': 0.3111, 'recall': 0.0114, 'f1': 0.0219, 'auc': 0.7018}
val: {'epoch': 92, 'loss': 0.1027, 'lr': 0.001, 'params': 419102, 'time_iter': 1.9995, 'accuracy': 0.9798, 'precision': 0.0, 'recall': 0.0, 'f1': 0.0, 'auc': 0.7036}
train: {'epoch': 92, 'eta': 109761.4923, 'loss': 0.1475, 'lr': 0.001, 'params': 419102, 'time_iter': 14.9463, 'accuracy': 0.9616, 'precision': 0.2414, 'recall': 0.0114, 'f1': 0.0217, 'auc': 0.7034}
val: {'epoch': 93, 'loss': 0.1064, 'lr': 0.001, 'params': 419102, 'time_iter': 2.1963, 'accuracy': 0.9798, 'precision': 0.3333, 'recall': 0.0247, 'f1': 0.046, 'auc': 0.7175}
train: {'epoch': 93, 'eta': 94069.2336, 'loss': 0.1465, 'lr': 0.001, 'params': 419102, 'time_iter': 15.0549, 'accuracy': 0.962, 'precision': 0.25, 'recall': 0.0073, 'f1': 0.0142, 'auc': 0.707}
val: {'epoch': 94, 'loss': 0.1028, 'lr': 0.001, 'params': 419102, 'time_iter': 1.9888, 'accuracy': 0.9798, 'precision': 0.3333, 'recall': 0.0247, 'f1': 0.046, 'auc': 0.7318}
train: {'epoch': 94, 'eta': 78428.7863, 'loss': 0.146, 'lr': 0.001, 'params': 419102, 'time_iter': 15.9335, 'accuracy': 0.9622, 'precision': 0.303, 'recall': 0.0081, 'f1': 0.0158, 'auc': 0.7099}
val: {'epoch': 95, 'loss': 0.1061, 'lr': 0.001, 'params': 419102, 'time_iter': 1.9248, 'accuracy': 0.9801, 'precision': 0.3333, 'recall': 0.0123, 'f1': 0.0238, 'auc': 0.7269}
train: {'epoch': 95, 'eta': 62732.9066, 'loss': 0.1468, 'lr': 0.001, 'params': 419102, 'time_iter': 15.0076, 'accuracy': 0.9622, 'precision': 0.375, 'recall': 0.0146, 'f1': 0.0281, 'auc': 0.7052}
val: {'epoch': 96, 'loss': 0.1001, 'lr': 0.001, 'params': 419102, 'time_iter': 1.8606, 'accuracy': 0.9803, 'precision': 0.0, 'recall': 0.0, 'f1': 0.0, 'auc': 0.7241}
train: {'epoch': 96, 'eta': 47044.301, 'loss': 0.1464, 'lr': 0.001, 'params': 419102, 'time_iter': 15.0722, 'accuracy': 0.9619, 'precision': 0.2917, 'recall': 0.0114, 'f1': 0.0219, 'auc': 0.7084}
val: {'epoch': 97, 'loss': 0.0998, 'lr': 0.001, 'params': 419102, 'time_iter': 1.865, 'accuracy': 0.9803, 'precision': 0.5, 'recall': 0.0123, 'f1': 0.0241, 'auc': 0.7124}
train: {'epoch': 97, 'eta': 31361.0456, 'loss': 0.1464, 'lr': 0.001, 'params': 419102, 'time_iter': 15.1527, 'accuracy': 0.9619, 'precision': 0.3231, 'recall': 0.017, 'f1': 0.0324, 'auc': 0.7081}
val: {'epoch': 98, 'loss': 0.0973, 'lr': 0.001, 'params': 419102, 'time_iter': 1.9683, 'accuracy': 0.9796, 'precision': 0.0, 'recall': 0.0, 'f1': 0.0, 'auc': 0.7236}
train: {'epoch': 98, 'eta': 15679.582, 'loss': 0.1461, 'lr': 0.001, 'params': 419102, 'time_iter': 15.1481, 'accuracy': 0.962, 'precision': 0.3929, 'recall': 0.0268, 'f1': 0.0502, 'auc': 0.7044}
val: {'epoch': 99, 'loss': 0.1002, 'lr': 0.001, 'params': 419102, 'time_iter': 2.0187, 'accuracy': 0.9793, 'precision': 0.0, 'recall': 0.0, 'f1': 0.0, 'auc': 0.7372}
train: {'epoch': 99, 'eta': 0.0, 'loss': 0.1463, 'lr': 0.001, 'params': 419102, 'time_iter': 15.4389, 'accuracy': 0.9619, 'precision': 0.3115, 'recall': 0.0154, 'f1': 0.0294, 'auc': 0.7073}
test: {'epoch': 99, 'loss': 0.1621, 'lr': 0.001, 'params': 419102, 'time_iter': 1.8762, 'accuracy': 0.9677, 'precision': 0.0, 'recall': 0.0, 'f1': 0.0, 'auc': 0.6593}
test: {'epoch': 41, 'loss': 0.1549, 'lr': 0.001, 'params': 419102, 'time_iter': 1.668, 'accuracy': 0.9681, 'precision': 0.0, 'recall': 0.0, 'f1': 0.0, 'auc': 0.7119}
