GraphGymModule(
  (model): DilatedGNNModel(
    (encoder): FeatureEncoder(
      (node_encoder): AtomEncoder(
        (atom_embedding_list): ModuleList(
          (0): Embedding(119, 300)
          (1): Embedding(4, 300)
          (2): Embedding(12, 300)
          (3): Embedding(12, 300)
          (4): Embedding(10, 300)
          (5): Embedding(6, 300)
          (6): Embedding(6, 300)
          (7): Embedding(2, 300)
          (8): Embedding(2, 300)
        )
      )
      (edge_encoder): BondEncoder(
        (bond_embedding_list): ModuleList(
          (0): Embedding(5, 300)
          (1): Embedding(6, 300)
          (2): Embedding(2, 300)
        )
      )
    )
    (mp): GNNDilatedStage(
      (classic_layers): ModuleList(
        (0): GeneralLayer(
          (layer): EGINConv(
            (model): GINEConv(nn=Sequential(
              (0): Linear(300, 300, bias=True)
              (1): ReLU()
              (2): Linear(300, 300, bias=True)
            ))
          )
          (post_layer): Sequential(
            (0): BatchNorm1d(300, eps=1e-05, momentum=0.1, affine=True, track_running_stats=True)
            (1): Dropout(p=0.5, inplace=False)
            (2): ReLU()
          )
        )
      )
      (dilated_layers): ModuleList(
        (0): DilatedGeneralLayer(
          (layer): EGINConv(
            (model): GINEConv(nn=Sequential(
              (0): Linear(300, 300, bias=True)
              (1): ReLU()
              (2): Linear(300, 300, bias=True)
            ))
          )
          (post_layer): Sequential(
            (0): BatchNorm1d(300, eps=1e-05, momentum=0.1, affine=True, track_running_stats=True)
            (1): Dropout(p=0.5, inplace=False)
            (2): ReLU()
          )
          (gem): GeM(p=3.0000, eps=1e-06)
        )
        (1): DilatedGeneralLayer(
          (layer): EGINConv(
            (model): GINEConv(nn=Sequential(
              (0): Linear(300, 300, bias=True)
              (1): ReLU()
              (2): Linear(300, 300, bias=True)
            ))
          )
          (post_layer): Sequential(
            (0): BatchNorm1d(300, eps=1e-05, momentum=0.1, affine=True, track_running_stats=True)
            (1): Dropout(p=0.5, inplace=False)
            (2): ReLU()
          )
          (gem): GeM(p=3.0000, eps=1e-06)
        )
        (2): DilatedGeneralLayer(
          (layer): EGINConv(
            (model): GINEConv(nn=Sequential(
              (0): Linear(300, 300, bias=True)
              (1): ReLU()
              (2): Linear(300, 300, bias=True)
            ))
          )
          (post_layer): Sequential(
            (0): BatchNorm1d(300, eps=1e-05, momentum=0.1, affine=True, track_running_stats=True)
            (1): Dropout(p=0.5, inplace=False)
            (2): ReLU()
          )
          (gem): GeM(p=3.0000, eps=1e-06)
        )
      )
      (act): ReLU()
    )
    (post_mp): GNNGraphHead(
      (layer_post_mp): MLP(
        (model): Sequential(
          (0): Linear(
            (model): Linear(300, 1, bias=True)
          )
        )
      )
    )
  )
)
accelerator: cuda
benchmark: False
bn:
  eps: 1e-05
  mom: 0.1
cfg_dest: config.yaml
custom_metrics: []
dataset:
  cache_load: False
  cache_save: False
  dir: ./datasets
  edge_dim: 300
  edge_encoder: True
  edge_encoder_bn: False
  edge_encoder_name: Bond
  edge_message_ratio: 0.8
  edge_negative_sampling_ratio: 1.0
  edge_train_mode: all
  encoder: True
  encoder_bn: True
  encoder_dim: 128
  encoder_name: db
  fast_loader: False
  format: OGB
  label_column: none
  label_table: none
  location: local
  name: ogbg-molhiv
  node_encoder: True
  node_encoder_bn: False
  node_encoder_name: Atom
  remove_feature: False
  resample_disjoint: False
  resample_negative: False
  shuffle_split: True
  split: [0.8, 0.1, 0.1]
  split_mode: random
  task: graph
  task_type: classification
  to_undirected: False
  transductive: False
  transform: none
  tu_simple: True
devices: 1
gnn:
  act: relu
  act_on_last_layer_mp: False
  agg: none
  att_final_linear: False
  att_final_linear_bn: False
  att_heads: 1
  batchnorm: True
  clear_feature: True
  dilated_path_join: none
  dim_inner: 300
  dropout: 0.5
  head: graph
  keep_edge: 0.5
  l2norm: True
  layer_type: eginconv
  layers_k1: 1
  layers_k2: 3
  layers_mp: 5
  layers_post_mp: 1
  layers_pre_mp: 0
  learn_alpha_residual_connection: False
  msg_direction: single
  normalize_adj: False
  self_msg: concat
  skip_every: 1
  stage_type: stack
  use_edge_features: True
gpu_mem: False
mem:
  inplace: False
metric_agg: argmax
metric_best: auc
model:
  edge_decoding: dot
  graph_pooling: mean
  loss_fun: cross_entropy
  match_upper: True
  size_average: mean
  thresh: 0.5
  type: dilated_gnn
num_threads: 6
num_workers: 16
optim:
  base_lr: 0.001
  lr_decay: 0.1
  max_epoch: 100
  momentum: 0.9
  optimizer: adam
  scheduler: none
  steps: [30, 60, 90]
  weight_decay: 0.0
out_dir: results_experiments/ogbg_molhiv_baseline_grid_design/ogbg_molhiv_baseline-type=dilated_gnn-layer_type=eginconv-layers_k1=1-layers_k2=3-dilated_path_join=none-learn_alpha_residual_connection=False
params: 1142104
print: both
round: 4
run_dir: results_experiments/ogbg_molhiv_baseline_grid_design/ogbg_molhiv_baseline-type=dilated_gnn-layer_type=eginconv-layers_k1=1-layers_k2=3-dilated_path_join=none-learn_alpha_residual_connection=False/4
seed: 5
share:
  dim_in: 9
  dim_out: 2
  num_splits: 3
tensorboard_agg: True
tensorboard_each_run: False
train:
  auto_resume: False
  batch_size: 32
  ckpt_clean: True
  ckpt_period: 100
  enable_ckpt: True
  epoch_resume: -1
  eval_period: 1
  iter_per_epoch: 32
  neighbor_sizes: [20, 15, 10, 5]
  node_per_graph: 32
  radius: extend
  sample_node: False
  sampler: full_batch
  skip_train_eval: False
  walk_length: 4
val:
  node_per_graph: 32
  radius: extend
  sample_node: False
  sampler: full_batch
view_emb: False
Num parameters: 1142104
val: {'epoch': 0, 'loss': 0.6693, 'lr': 0.001, 'params': 1142104, 'time_iter': 1.4477, 'accuracy': 0.9844, 'precision': 0.0, 'recall': 0.0, 'f1': 0.0, 'auc': 0.2381}
val: {'epoch': 0, 'loss': 0.0941, 'lr': 0.001, 'params': 1142104, 'time_iter': 4.407, 'accuracy': 0.9803, 'precision': 0.0, 'recall': 0.0, 'f1': 0.0, 'auc': 0.6557}
train: {'epoch': 0, 'eta': 2338543.9002, 'loss': 0.1749, 'lr': 0.001, 'params': 1142104, 'time_iter': 22.9559, 'accuracy': 0.9607, 'precision': 0.125, 'recall': 0.0081, 'f1': 0.0152, 'auc': 0.5932}
val: {'epoch': 1, 'loss': 0.0944, 'lr': 0.001, 'params': 1142104, 'time_iter': 3.9971, 'accuracy': 0.9803, 'precision': 0.0, 'recall': 0.0, 'f1': 0.0, 'auc': 0.646}
train: {'epoch': 1, 'eta': 2281931.5554, 'loss': 0.1528, 'lr': 0.001, 'params': 1142104, 'time_iter': 22.3016, 'accuracy': 0.9626, 'precision': 0.0, 'recall': 0.0, 'f1': 0.0, 'auc': 0.5988}
val: {'epoch': 2, 'loss': 0.0936, 'lr': 0.001, 'params': 1142104, 'time_iter': 4.3696, 'accuracy': 0.9803, 'precision': 0.0, 'recall': 0.0, 'f1': 0.0, 'auc': 0.6471}
train: {'epoch': 2, 'eta': 2259358.3188, 'loss': 0.1526, 'lr': 0.001, 'params': 1142104, 'time_iter': 22.6502, 'accuracy': 0.9626, 'precision': 0.0, 'recall': 0.0, 'f1': 0.0, 'auc': 0.6009}
val: {'epoch': 3, 'loss': 0.0931, 'lr': 0.001, 'params': 1142104, 'time_iter': 4.5169, 'accuracy': 0.9803, 'precision': 0.0, 'recall': 0.0, 'f1': 0.0, 'auc': 0.6757}
train: {'epoch': 3, 'eta': 2231679.442, 'loss': 0.1517, 'lr': 0.001, 'params': 1142104, 'time_iter': 22.4583, 'accuracy': 0.9626, 'precision': 0.0, 'recall': 0.0, 'f1': 0.0, 'auc': 0.6092}
val: {'epoch': 4, 'loss': 0.0929, 'lr': 0.001, 'params': 1142104, 'time_iter': 4.4845, 'accuracy': 0.9803, 'precision': 0.0, 'recall': 0.0, 'f1': 0.0, 'auc': 0.6071}
train: {'epoch': 4, 'eta': 2214876.9156, 'loss': 0.1512, 'lr': 0.001, 'params': 1142104, 'time_iter': 22.9211, 'accuracy': 0.9626, 'precision': 0.0, 'recall': 0.0, 'f1': 0.0, 'auc': 0.6101}
val: {'epoch': 5, 'loss': 0.0934, 'lr': 0.001, 'params': 1142104, 'time_iter': 5.0163, 'accuracy': 0.9803, 'precision': 0.0, 'recall': 0.0, 'f1': 0.0, 'auc': 0.6441}
train: {'epoch': 5, 'eta': 2185546.574, 'loss': 0.1512, 'lr': 0.001, 'params': 1142104, 'time_iter': 22.2843, 'accuracy': 0.9626, 'precision': 0.0, 'recall': 0.0, 'f1': 0.0, 'auc': 0.5958}
val: {'epoch': 6, 'loss': 0.0926, 'lr': 0.001, 'params': 1142104, 'time_iter': 4.2254, 'accuracy': 0.9803, 'precision': 0.0, 'recall': 0.0, 'f1': 0.0, 'auc': 0.6585}
train: {'epoch': 6, 'eta': 2168124.7467, 'loss': 0.1514, 'lr': 0.001, 'params': 1142104, 'time_iter': 23.0216, 'accuracy': 0.9626, 'precision': 0.0, 'recall': 0.0, 'f1': 0.0, 'auc': 0.6025}
val: {'epoch': 7, 'loss': 0.0932, 'lr': 0.001, 'params': 1142104, 'time_iter': 4.4326, 'accuracy': 0.9803, 'precision': 0.0, 'recall': 0.0, 'f1': 0.0, 'auc': 0.5914}
train: {'epoch': 7, 'eta': 2137430.2302, 'loss': 0.1511, 'lr': 0.001, 'params': 1142104, 'time_iter': 22.0324, 'accuracy': 0.9626, 'precision': 0.0, 'recall': 0.0, 'f1': 0.0, 'auc': 0.6051}
val: {'epoch': 8, 'loss': 0.0962, 'lr': 0.001, 'params': 1142104, 'time_iter': 4.1308, 'accuracy': 0.9801, 'precision': 0.4286, 'recall': 0.037, 'f1': 0.0682, 'auc': 0.6615}
train: {'epoch': 8, 'eta': 2115245.9651, 'loss': 0.1511, 'lr': 0.001, 'params': 1142104, 'time_iter': 22.679, 'accuracy': 0.9625, 'precision': 0.0, 'recall': 0.0, 'f1': 0.0, 'auc': 0.6212}
val: {'epoch': 9, 'loss': 0.0941, 'lr': 0.001, 'params': 1142104, 'time_iter': 4.3379, 'accuracy': 0.9798, 'precision': 0.375, 'recall': 0.037, 'f1': 0.0674, 'auc': 0.674}
train: {'epoch': 9, 'eta': 2088371.6708, 'loss': 0.1506, 'lr': 0.001, 'params': 1142104, 'time_iter': 22.1974, 'accuracy': 0.9624, 'precision': 0.3, 'recall': 0.0024, 'f1': 0.0048, 'auc': 0.6224}
val: {'epoch': 10, 'loss': 0.0934, 'lr': 0.001, 'params': 1142104, 'time_iter': 4.4351, 'accuracy': 0.9791, 'precision': 0.2727, 'recall': 0.037, 'f1': 0.0652, 'auc': 0.68}
train: {'epoch': 10, 'eta': 2072120.034, 'loss': 0.1503, 'lr': 0.001, 'params': 1142104, 'time_iter': 23.3853, 'accuracy': 0.9624, 'precision': 0.2727, 'recall': 0.0024, 'f1': 0.0048, 'auc': 0.6389}
val: {'epoch': 11, 'loss': 0.0939, 'lr': 0.001, 'params': 1142104, 'time_iter': 4.2328, 'accuracy': 0.9801, 'precision': 0.4286, 'recall': 0.037, 'f1': 0.0682, 'auc': 0.6817}
train: {'epoch': 11, 'eta': 2049083.9823, 'loss': 0.1492, 'lr': 0.001, 'params': 1142104, 'time_iter': 22.6587, 'accuracy': 0.9625, 'precision': 0.44, 'recall': 0.0089, 'f1': 0.0175, 'auc': 0.6593}
val: {'epoch': 12, 'loss': 0.0954, 'lr': 0.001, 'params': 1142104, 'time_iter': 4.1027, 'accuracy': 0.9801, 'precision': 0.4286, 'recall': 0.037, 'f1': 0.0682, 'auc': 0.6472}
train: {'epoch': 12, 'eta': 2027285.0595, 'loss': 0.1485, 'lr': 0.001, 'params': 1142104, 'time_iter': 22.8446, 'accuracy': 0.9627, 'precision': 0.5526, 'recall': 0.017, 'f1': 0.0331, 'auc': 0.6706}
val: {'epoch': 13, 'loss': 0.0922, 'lr': 0.001, 'params': 1142104, 'time_iter': 4.1578, 'accuracy': 0.9784, 'precision': 0.25, 'recall': 0.0494, 'f1': 0.0825, 'auc': 0.6824}
train: {'epoch': 13, 'eta': 2001307.2697, 'loss': 0.1486, 'lr': 0.001, 'params': 1142104, 'time_iter': 22.2221, 'accuracy': 0.9629, 'precision': 0.5962, 'recall': 0.0252, 'f1': 0.0483, 'auc': 0.6569}
val: {'epoch': 14, 'loss': 0.0941, 'lr': 0.001, 'params': 1142104, 'time_iter': 4.5732, 'accuracy': 0.9784, 'precision': 0.2778, 'recall': 0.0617, 'f1': 0.101, 'auc': 0.664}
train: {'epoch': 14, 'eta': 1976592.0582, 'loss': 0.1474, 'lr': 0.001, 'params': 1142104, 'time_iter': 22.3675, 'accuracy': 0.963, 'precision': 0.6027, 'recall': 0.0357, 'f1': 0.0674, 'auc': 0.6771}
val: {'epoch': 15, 'loss': 0.0948, 'lr': 0.001, 'params': 1142104, 'time_iter': 4.243, 'accuracy': 0.9791, 'precision': 0.3077, 'recall': 0.0494, 'f1': 0.0851, 'auc': 0.6952}
train: {'epoch': 15, 'eta': 1953367.3836, 'loss': 0.1464, 'lr': 0.001, 'params': 1142104, 'time_iter': 22.6041, 'accuracy': 0.9631, 'precision': 0.5895, 'recall': 0.0455, 'f1': 0.0844, 'auc': 0.6857}
val: {'epoch': 16, 'loss': 0.0945, 'lr': 0.001, 'params': 1142104, 'time_iter': 5.3467, 'accuracy': 0.9791, 'precision': 0.3077, 'recall': 0.0494, 'f1': 0.0851, 'auc': 0.7321}
train: {'epoch': 16, 'eta': 1933710.0202, 'loss': 0.1447, 'lr': 0.001, 'params': 1142104, 'time_iter': 23.315, 'accuracy': 0.9632, 'precision': 0.6, 'recall': 0.0536, 'f1': 0.0984, 'auc': 0.6956}
val: {'epoch': 17, 'loss': 0.0961, 'lr': 0.001, 'params': 1142104, 'time_iter': 4.4939, 'accuracy': 0.9791, 'precision': 0.381, 'recall': 0.0988, 'f1': 0.1569, 'auc': 0.7404}
train: {'epoch': 17, 'eta': 1911764.7022, 'loss': 0.1423, 'lr': 0.001, 'params': 1142104, 'time_iter': 22.9296, 'accuracy': 0.9635, 'precision': 0.621, 'recall': 0.0625, 'f1': 0.1136, 'auc': 0.7166}
val: {'epoch': 18, 'loss': 0.1104, 'lr': 0.001, 'params': 1142104, 'time_iter': 4.8884, 'accuracy': 0.9742, 'precision': 0.2093, 'recall': 0.1111, 'f1': 0.1452, 'auc': 0.6779}
train: {'epoch': 18, 'eta': 1888844.8924, 'loss': 0.1409, 'lr': 0.001, 'params': 1142104, 'time_iter': 22.7471, 'accuracy': 0.9638, 'precision': 0.6475, 'recall': 0.0731, 'f1': 0.1313, 'auc': 0.7214}
val: {'epoch': 19, 'loss': 0.0908, 'lr': 0.001, 'params': 1142104, 'time_iter': 4.2275, 'accuracy': 0.9793, 'precision': 0.4, 'recall': 0.0988, 'f1': 0.1584, 'auc': 0.7458}
train: {'epoch': 19, 'eta': 1867289.5032, 'loss': 0.1403, 'lr': 0.001, 'params': 1142104, 'time_iter': 23.0904, 'accuracy': 0.9638, 'precision': 0.6213, 'recall': 0.0852, 'f1': 0.1499, 'auc': 0.7297}
val: {'epoch': 20, 'loss': 0.093, 'lr': 0.001, 'params': 1142104, 'time_iter': 4.2733, 'accuracy': 0.9793, 'precision': 0.3889, 'recall': 0.0864, 'f1': 0.1414, 'auc': 0.7786}
train: {'epoch': 20, 'eta': 1844159.2874, 'loss': 0.1384, 'lr': 0.001, 'params': 1142104, 'time_iter': 22.7378, 'accuracy': 0.9639, 'precision': 0.6341, 'recall': 0.0844, 'f1': 0.149, 'auc': 0.7403}
val: {'epoch': 21, 'loss': 0.0912, 'lr': 0.001, 'params': 1142104, 'time_iter': 4.3587, 'accuracy': 0.9788, 'precision': 0.375, 'recall': 0.1111, 'f1': 0.1714, 'auc': 0.761}
train: {'epoch': 21, 'eta': 1819735.938, 'loss': 0.1368, 'lr': 0.001, 'params': 1142104, 'time_iter': 22.39, 'accuracy': 0.9641, 'precision': 0.6529, 'recall': 0.0901, 'f1': 0.1583, 'auc': 0.7543}
val: {'epoch': 22, 'loss': 0.0983, 'lr': 0.001, 'params': 1142104, 'time_iter': 4.4828, 'accuracy': 0.9798, 'precision': 0.4375, 'recall': 0.0864, 'f1': 0.1443, 'auc': 0.7333}
train: {'epoch': 22, 'eta': 1795743.3832, 'loss': 0.1353, 'lr': 0.001, 'params': 1142104, 'time_iter': 22.4801, 'accuracy': 0.9642, 'precision': 0.6471, 'recall': 0.0982, 'f1': 0.1705, 'auc': 0.7558}
val: {'epoch': 23, 'loss': 0.0882, 'lr': 0.001, 'params': 1142104, 'time_iter': 4.7953, 'accuracy': 0.9781, 'precision': 0.32, 'recall': 0.0988, 'f1': 0.1509, 'auc': 0.7732}
train: {'epoch': 23, 'eta': 1771374.5998, 'loss': 0.1346, 'lr': 0.001, 'params': 1142104, 'time_iter': 22.3426, 'accuracy': 0.9647, 'precision': 0.6966, 'recall': 0.1006, 'f1': 0.1759, 'auc': 0.7633}
val: {'epoch': 24, 'loss': 0.0984, 'lr': 0.001, 'params': 1142104, 'time_iter': 4.4014, 'accuracy': 0.9801, 'precision': 0.4615, 'recall': 0.0741, 'f1': 0.1277, 'auc': 0.7299}
train: {'epoch': 24, 'eta': 1747898.5131, 'loss': 0.1339, 'lr': 0.001, 'params': 1142104, 'time_iter': 22.5961, 'accuracy': 0.9649, 'precision': 0.7088, 'recall': 0.1047, 'f1': 0.1825, 'auc': 0.7624}
val: {'epoch': 25, 'loss': 0.0912, 'lr': 0.001, 'params': 1142104, 'time_iter': 4.0492, 'accuracy': 0.9805, 'precision': 0.5385, 'recall': 0.0864, 'f1': 0.1489, 'auc': 0.7662}
train: {'epoch': 25, 'eta': 1726422.4809, 'loss': 0.1324, 'lr': 0.001, 'params': 1142104, 'time_iter': 23.2731, 'accuracy': 0.9647, 'precision': 0.68, 'recall': 0.1104, 'f1': 0.1899, 'auc': 0.7713}
val: {'epoch': 26, 'loss': 0.0927, 'lr': 0.001, 'params': 1142104, 'time_iter': 4.3549, 'accuracy': 0.9808, 'precision': 0.5833, 'recall': 0.0864, 'f1': 0.1505, 'auc': 0.7505}
train: {'epoch': 26, 'eta': 1702814.5451, 'loss': 0.1315, 'lr': 0.001, 'params': 1142104, 'time_iter': 22.5726, 'accuracy': 0.9648, 'precision': 0.6697, 'recall': 0.1185, 'f1': 0.2014, 'auc': 0.7794}
val: {'epoch': 27, 'loss': 0.0918, 'lr': 0.001, 'params': 1142104, 'time_iter': 4.0512, 'accuracy': 0.9801, 'precision': 0.4706, 'recall': 0.0988, 'f1': 0.1633, 'auc': 0.767}
train: {'epoch': 27, 'eta': 1678117.5618, 'loss': 0.1309, 'lr': 0.001, 'params': 1142104, 'time_iter': 22.1508, 'accuracy': 0.9647, 'precision': 0.6802, 'recall': 0.1088, 'f1': 0.1875, 'auc': 0.7785}
val: {'epoch': 28, 'loss': 0.0884, 'lr': 0.001, 'params': 1142104, 'time_iter': 4.2171, 'accuracy': 0.981, 'precision': 0.6154, 'recall': 0.0988, 'f1': 0.1702, 'auc': 0.776}
train: {'epoch': 28, 'eta': 1653367.1704, 'loss': 0.13, 'lr': 0.001, 'params': 1142104, 'time_iter': 22.0775, 'accuracy': 0.9653, 'precision': 0.7163, 'recall': 0.1209, 'f1': 0.2069, 'auc': 0.7796}
val: {'epoch': 29, 'loss': 0.0882, 'lr': 0.001, 'params': 1142104, 'time_iter': 4.1746, 'accuracy': 0.9796, 'precision': 0.4118, 'recall': 0.0864, 'f1': 0.1429, 'auc': 0.771}
train: {'epoch': 29, 'eta': 1630037.9244, 'loss': 0.128, 'lr': 0.001, 'params': 1142104, 'time_iter': 22.6129, 'accuracy': 0.9652, 'precision': 0.6916, 'recall': 0.1274, 'f1': 0.2152, 'auc': 0.7906}
val: {'epoch': 30, 'loss': 0.0904, 'lr': 0.001, 'params': 1142104, 'time_iter': 4.3013, 'accuracy': 0.9815, 'precision': 0.7778, 'recall': 0.0864, 'f1': 0.1556, 'auc': 0.7683}
train: {'epoch': 30, 'eta': 1607326.053, 'loss': 0.1273, 'lr': 0.001, 'params': 1142104, 'time_iter': 22.8808, 'accuracy': 0.9656, 'precision': 0.7101, 'recall': 0.1372, 'f1': 0.2299, 'auc': 0.7894}
val: {'epoch': 31, 'loss': 0.0842, 'lr': 0.001, 'params': 1142104, 'time_iter': 4.7291, 'accuracy': 0.9788, 'precision': 0.3846, 'recall': 0.1235, 'f1': 0.1869, 'auc': 0.7805}
train: {'epoch': 31, 'eta': 1585126.9743, 'loss': 0.1269, 'lr': 0.001, 'params': 1142104, 'time_iter': 23.1391, 'accuracy': 0.9654, 'precision': 0.6795, 'recall': 0.1429, 'f1': 0.2361, 'auc': 0.7964}
val: {'epoch': 32, 'loss': 0.0888, 'lr': 0.001, 'params': 1142104, 'time_iter': 4.2757, 'accuracy': 0.9813, 'precision': 0.7, 'recall': 0.0864, 'f1': 0.1538, 'auc': 0.8018}
train: {'epoch': 32, 'eta': 1560945.5174, 'loss': 0.1248, 'lr': 0.001, 'params': 1142104, 'time_iter': 22.2369, 'accuracy': 0.966, 'precision': 0.6966, 'recall': 0.164, 'f1': 0.2654, 'auc': 0.8007}
val: {'epoch': 33, 'loss': 0.0875, 'lr': 0.001, 'params': 1142104, 'time_iter': 4.8251, 'accuracy': 0.9791, 'precision': 0.381, 'recall': 0.0988, 'f1': 0.1569, 'auc': 0.7761}
train: {'epoch': 33, 'eta': 1538340.2677, 'loss': 0.1243, 'lr': 0.001, 'params': 1142104, 'time_iter': 22.9878, 'accuracy': 0.9657, 'precision': 0.6909, 'recall': 0.1542, 'f1': 0.2522, 'auc': 0.8057}
val: {'epoch': 34, 'loss': 0.0849, 'lr': 0.001, 'params': 1142104, 'time_iter': 4.3929, 'accuracy': 0.9788, 'precision': 0.375, 'recall': 0.1111, 'f1': 0.1714, 'auc': 0.7831}
train: {'epoch': 34, 'eta': 1515900.7181, 'loss': 0.1242, 'lr': 0.001, 'params': 1142104, 'time_iter': 23.1058, 'accuracy': 0.9663, 'precision': 0.7128, 'recall': 0.1672, 'f1': 0.2709, 'auc': 0.8029}
val: {'epoch': 35, 'loss': 0.0936, 'lr': 0.001, 'params': 1142104, 'time_iter': 4.2171, 'accuracy': 0.9813, 'precision': 0.7, 'recall': 0.0864, 'f1': 0.1538, 'auc': 0.7682}
train: {'epoch': 35, 'eta': 1491459.0445, 'loss': 0.1234, 'lr': 0.001, 'params': 1142104, 'time_iter': 22.052, 'accuracy': 0.966, 'precision': 0.684, 'recall': 0.1705, 'f1': 0.2729, 'auc': 0.8094}
val: {'epoch': 36, 'loss': 0.0838, 'lr': 0.001, 'params': 1142104, 'time_iter': 3.8691, 'accuracy': 0.9813, 'precision': 0.5833, 'recall': 0.1728, 'f1': 0.2667, 'auc': 0.7802}
train: {'epoch': 36, 'eta': 1467517.4195, 'loss': 0.1213, 'lr': 0.001, 'params': 1142104, 'time_iter': 22.2834, 'accuracy': 0.9667, 'precision': 0.7273, 'recall': 0.1753, 'f1': 0.2825, 'auc': 0.8159}
val: {'epoch': 37, 'loss': 0.0854, 'lr': 0.001, 'params': 1142104, 'time_iter': 4.2274, 'accuracy': 0.9805, 'precision': 0.5263, 'recall': 0.1235, 'f1': 0.2, 'auc': 0.7864}
train: {'epoch': 37, 'eta': 1443870.276, 'loss': 0.1208, 'lr': 0.001, 'params': 1142104, 'time_iter': 22.4271, 'accuracy': 0.9668, 'precision': 0.7125, 'recall': 0.1891, 'f1': 0.2989, 'auc': 0.8191}
val: {'epoch': 38, 'loss': 0.0899, 'lr': 0.001, 'params': 1142104, 'time_iter': 4.2221, 'accuracy': 0.9815, 'precision': 0.7778, 'recall': 0.0864, 'f1': 0.1556, 'auc': 0.763}
train: {'epoch': 38, 'eta': 1420551.1121, 'loss': 0.1191, 'lr': 0.001, 'params': 1142104, 'time_iter': 22.6127, 'accuracy': 0.9667, 'precision': 0.6957, 'recall': 0.1948, 'f1': 0.3044, 'auc': 0.8254}
val: {'epoch': 39, 'loss': 0.0882, 'lr': 0.001, 'params': 1142104, 'time_iter': 4.3072, 'accuracy': 0.9813, 'precision': 0.7, 'recall': 0.0864, 'f1': 0.1538, 'auc': 0.7799}
train: {'epoch': 39, 'eta': 1398266.1074, 'loss': 0.1187, 'lr': 0.001, 'params': 1142104, 'time_iter': 23.2811, 'accuracy': 0.9669, 'precision': 0.7222, 'recall': 0.1899, 'f1': 0.3008, 'auc': 0.8252}
val: {'epoch': 40, 'loss': 0.0891, 'lr': 0.001, 'params': 1142104, 'time_iter': 4.6592, 'accuracy': 0.981, 'precision': 0.5789, 'recall': 0.1358, 'f1': 0.22, 'auc': 0.7575}
train: {'epoch': 40, 'eta': 1375093.9589, 'loss': 0.1186, 'lr': 0.001, 'params': 1142104, 'time_iter': 22.737, 'accuracy': 0.9667, 'precision': 0.7018, 'recall': 0.1948, 'f1': 0.305, 'auc': 0.8278}
val: {'epoch': 41, 'loss': 0.0928, 'lr': 0.001, 'params': 1142104, 'time_iter': 4.3966, 'accuracy': 0.9813, 'precision': 0.6429, 'recall': 0.1111, 'f1': 0.1895, 'auc': 0.7939}
train: {'epoch': 41, 'eta': 1352065.9005, 'loss': 0.1175, 'lr': 0.001, 'params': 1142104, 'time_iter': 22.8459, 'accuracy': 0.9673, 'precision': 0.7289, 'recall': 0.2029, 'f1': 0.3175, 'auc': 0.8267}
val: {'epoch': 42, 'loss': 0.089, 'lr': 0.001, 'params': 1142104, 'time_iter': 4.6521, 'accuracy': 0.9813, 'precision': 0.6667, 'recall': 0.0988, 'f1': 0.172, 'auc': 0.7714}
train: {'epoch': 42, 'eta': 1328477.2521, 'loss': 0.1158, 'lr': 0.001, 'params': 1142104, 'time_iter': 22.4513, 'accuracy': 0.9672, 'precision': 0.7155, 'recall': 0.2062, 'f1': 0.3201, 'auc': 0.8333}
val: {'epoch': 43, 'loss': 0.0926, 'lr': 0.001, 'params': 1142104, 'time_iter': 4.2561, 'accuracy': 0.9813, 'precision': 0.625, 'recall': 0.1235, 'f1': 0.2062, 'auc': 0.7851}
train: {'epoch': 43, 'eta': 1304189.933, 'loss': 0.1151, 'lr': 0.001, 'params': 1142104, 'time_iter': 21.9009, 'accuracy': 0.9673, 'precision': 0.7105, 'recall': 0.2151, 'f1': 0.3302, 'auc': 0.8338}
val: {'epoch': 44, 'loss': 0.0952, 'lr': 0.001, 'params': 1142104, 'time_iter': 4.4284, 'accuracy': 0.9781, 'precision': 0.3784, 'recall': 0.1728, 'f1': 0.2373, 'auc': 0.77}
train: {'epoch': 44, 'eta': 1280685.9723, 'loss': 0.114, 'lr': 0.001, 'params': 1142104, 'time_iter': 22.4619, 'accuracy': 0.9679, 'precision': 0.7157, 'recall': 0.237, 'f1': 0.3561, 'auc': 0.8384}
val: {'epoch': 45, 'loss': 0.0913, 'lr': 0.001, 'params': 1142104, 'time_iter': 3.9508, 'accuracy': 0.9818, 'precision': 0.6667, 'recall': 0.1481, 'f1': 0.2424, 'auc': 0.785}
train: {'epoch': 45, 'eta': 1257496.5172, 'loss': 0.1136, 'lr': 0.001, 'params': 1142104, 'time_iter': 22.7082, 'accuracy': 0.968, 'precision': 0.7284, 'recall': 0.233, 'f1': 0.353, 'auc': 0.8392}
val: {'epoch': 46, 'loss': 0.0891, 'lr': 0.001, 'params': 1142104, 'time_iter': 4.5302, 'accuracy': 0.9805, 'precision': 0.5294, 'recall': 0.1111, 'f1': 0.1837, 'auc': 0.7728}
train: {'epoch': 46, 'eta': 1234264.8144, 'loss': 0.1141, 'lr': 0.001, 'params': 1142104, 'time_iter': 22.6783, 'accuracy': 0.9674, 'precision': 0.702, 'recall': 0.2256, 'f1': 0.3415, 'auc': 0.8401}
val: {'epoch': 47, 'loss': 0.0933, 'lr': 0.001, 'params': 1142104, 'time_iter': 4.0545, 'accuracy': 0.9818, 'precision': 0.75, 'recall': 0.1111, 'f1': 0.1935, 'auc': 0.8021}
train: {'epoch': 47, 'eta': 1210636.3976, 'loss': 0.1119, 'lr': 0.001, 'params': 1142104, 'time_iter': 22.3263, 'accuracy': 0.9688, 'precision': 0.7537, 'recall': 0.2459, 'f1': 0.3709, 'auc': 0.8418}
val: {'epoch': 48, 'loss': 0.0926, 'lr': 0.001, 'params': 1142104, 'time_iter': 4.4255, 'accuracy': 0.982, 'precision': 0.8889, 'recall': 0.0988, 'f1': 0.1778, 'auc': 0.7698}
train: {'epoch': 48, 'eta': 1187233.6466, 'loss': 0.1127, 'lr': 0.001, 'params': 1142104, 'time_iter': 22.5121, 'accuracy': 0.968, 'precision': 0.7254, 'recall': 0.2338, 'f1': 0.3536, 'auc': 0.8422}
val: {'epoch': 49, 'loss': 0.0852, 'lr': 0.001, 'params': 1142104, 'time_iter': 5.0673, 'accuracy': 0.981, 'precision': 0.5517, 'recall': 0.1975, 'f1': 0.2909, 'auc': 0.7774}
train: {'epoch': 49, 'eta': 1163683.8215, 'loss': 0.1109, 'lr': 0.001, 'params': 1142104, 'time_iter': 22.3599, 'accuracy': 0.9687, 'precision': 0.7531, 'recall': 0.2427, 'f1': 0.3671, 'auc': 0.8498}
val: {'epoch': 50, 'loss': 0.0871, 'lr': 0.001, 'params': 1142104, 'time_iter': 4.3574, 'accuracy': 0.9796, 'precision': 0.4483, 'recall': 0.1605, 'f1': 0.2364, 'auc': 0.7914}
train: {'epoch': 50, 'eta': 1140894.8869, 'loss': 0.1102, 'lr': 0.001, 'params': 1142104, 'time_iter': 23.1081, 'accuracy': 0.9688, 'precision': 0.7336, 'recall': 0.2638, 'f1': 0.3881, 'auc': 0.853}
val: {'epoch': 51, 'loss': 0.09, 'lr': 0.001, 'params': 1142104, 'time_iter': 4.7304, 'accuracy': 0.9823, 'precision': 0.7, 'recall': 0.1728, 'f1': 0.2772, 'auc': 0.7819}
train: {'epoch': 51, 'eta': 1117465.0533, 'loss': 0.1099, 'lr': 0.001, 'params': 1142104, 'time_iter': 22.4734, 'accuracy': 0.9691, 'precision': 0.7416, 'recall': 0.2679, 'f1': 0.3936, 'auc': 0.8524}
val: {'epoch': 52, 'loss': 0.0922, 'lr': 0.001, 'params': 1142104, 'time_iter': 4.315, 'accuracy': 0.9801, 'precision': 0.48, 'recall': 0.1481, 'f1': 0.2264, 'auc': 0.7807}
train: {'epoch': 52, 'eta': 1094436.9729, 'loss': 0.1093, 'lr': 0.001, 'params': 1142104, 'time_iter': 22.9011, 'accuracy': 0.9688, 'precision': 0.722, 'recall': 0.2719, 'f1': 0.395, 'auc': 0.8563}
val: {'epoch': 53, 'loss': 0.0923, 'lr': 0.001, 'params': 1142104, 'time_iter': 4.2899, 'accuracy': 0.9779, 'precision': 0.3611, 'recall': 0.1605, 'f1': 0.2222, 'auc': 0.7805}
train: {'epoch': 53, 'eta': 1070769.3834, 'loss': 0.109, 'lr': 0.001, 'params': 1142104, 'time_iter': 22.1942, 'accuracy': 0.9689, 'precision': 0.7313, 'recall': 0.2695, 'f1': 0.3938, 'auc': 0.8556}
val: {'epoch': 54, 'loss': 0.0922, 'lr': 0.001, 'params': 1142104, 'time_iter': 4.3355, 'accuracy': 0.9815, 'precision': 0.619, 'recall': 0.1605, 'f1': 0.2549, 'auc': 0.7843}
train: {'epoch': 54, 'eta': 1047646.2576, 'loss': 0.1085, 'lr': 0.001, 'params': 1142104, 'time_iter': 22.805, 'accuracy': 0.9691, 'precision': 0.7348, 'recall': 0.2744, 'f1': 0.3995, 'auc': 0.8577}
val: {'epoch': 55, 'loss': 0.0885, 'lr': 0.001, 'params': 1142104, 'time_iter': 4.1231, 'accuracy': 0.9798, 'precision': 0.4545, 'recall': 0.1235, 'f1': 0.1942, 'auc': 0.7926}
train: {'epoch': 55, 'eta': 1024542.0305, 'loss': 0.1077, 'lr': 0.001, 'params': 1142104, 'time_iter': 22.8436, 'accuracy': 0.9694, 'precision': 0.7414, 'recall': 0.2792, 'f1': 0.4057, 'auc': 0.8586}
val: {'epoch': 56, 'loss': 0.0993, 'lr': 0.001, 'params': 1142104, 'time_iter': 4.401, 'accuracy': 0.9764, 'precision': 0.3261, 'recall': 0.1852, 'f1': 0.2362, 'auc': 0.7917}
train: {'epoch': 56, 'eta': 1001421.3253, 'loss': 0.1067, 'lr': 0.001, 'params': 1142104, 'time_iter': 22.8405, 'accuracy': 0.9694, 'precision': 0.7403, 'recall': 0.28, 'f1': 0.4064, 'auc': 0.8647}
val: {'epoch': 57, 'loss': 0.0918, 'lr': 0.001, 'params': 1142104, 'time_iter': 4.6559, 'accuracy': 0.9808, 'precision': 0.55, 'recall': 0.1358, 'f1': 0.2178, 'auc': 0.7785}
train: {'epoch': 57, 'eta': 978439.2793, 'loss': 0.1062, 'lr': 0.001, 'params': 1142104, 'time_iter': 23.0443, 'accuracy': 0.9696, 'precision': 0.7511, 'recall': 0.2817, 'f1': 0.4097, 'auc': 0.8641}
val: {'epoch': 58, 'loss': 0.0945, 'lr': 0.001, 'params': 1142104, 'time_iter': 4.0634, 'accuracy': 0.9808, 'precision': 0.5385, 'recall': 0.1728, 'f1': 0.2617, 'auc': 0.7862}
train: {'epoch': 58, 'eta': 954914.9743, 'loss': 0.106, 'lr': 0.001, 'params': 1142104, 'time_iter': 22.3206, 'accuracy': 0.9696, 'precision': 0.7358, 'recall': 0.2938, 'f1': 0.42, 'auc': 0.8656}
val: {'epoch': 59, 'loss': 0.0933, 'lr': 0.001, 'params': 1142104, 'time_iter': 4.2987, 'accuracy': 0.981, 'precision': 0.5789, 'recall': 0.1358, 'f1': 0.22, 'auc': 0.7818}
train: {'epoch': 59, 'eta': 931669.9222, 'loss': 0.105, 'lr': 0.001, 'params': 1142104, 'time_iter': 22.7006, 'accuracy': 0.9704, 'precision': 0.7586, 'recall': 0.306, 'f1': 0.4361, 'auc': 0.8668}
val: {'epoch': 60, 'loss': 0.0928, 'lr': 0.001, 'params': 1142104, 'time_iter': 4.2249, 'accuracy': 0.9823, 'precision': 0.7, 'recall': 0.1728, 'f1': 0.2772, 'auc': 0.7873}
train: {'epoch': 60, 'eta': 908434.1457, 'loss': 0.1059, 'lr': 0.001, 'params': 1142104, 'time_iter': 22.7204, 'accuracy': 0.97, 'precision': 0.7618, 'recall': 0.2881, 'f1': 0.4181, 'auc': 0.8598}
val: {'epoch': 61, 'loss': 0.0953, 'lr': 0.001, 'params': 1142104, 'time_iter': 4.1484, 'accuracy': 0.981, 'precision': 0.56, 'recall': 0.1728, 'f1': 0.2642, 'auc': 0.7799}
train: {'epoch': 61, 'eta': 885386.2072, 'loss': 0.1033, 'lr': 0.001, 'params': 1142104, 'time_iter': 23.0256, 'accuracy': 0.9708, 'precision': 0.7652, 'recall': 0.3174, 'f1': 0.4487, 'auc': 0.8737}
val: {'epoch': 62, 'loss': 0.0895, 'lr': 0.001, 'params': 1142104, 'time_iter': 4.7449, 'accuracy': 0.9786, 'precision': 0.4407, 'recall': 0.321, 'f1': 0.3714, 'auc': 0.7666}
train: {'epoch': 62, 'eta': 862106.3369, 'loss': 0.104, 'lr': 0.001, 'params': 1142104, 'time_iter': 22.6757, 'accuracy': 0.9703, 'precision': 0.7415, 'recall': 0.319, 'f1': 0.4461, 'auc': 0.8722}
val: {'epoch': 63, 'loss': 0.096, 'lr': 0.001, 'params': 1142104, 'time_iter': 4.4356, 'accuracy': 0.9808, 'precision': 0.5556, 'recall': 0.1235, 'f1': 0.202, 'auc': 0.7981}
train: {'epoch': 63, 'eta': 838596.4501, 'loss': 0.1038, 'lr': 0.001, 'params': 1142104, 'time_iter': 22.2812, 'accuracy': 0.9706, 'precision': 0.7624, 'recall': 0.3125, 'f1': 0.4433, 'auc': 0.8707}
val: {'epoch': 64, 'loss': 0.0998, 'lr': 0.001, 'params': 1142104, 'time_iter': 4.3185, 'accuracy': 0.9781, 'precision': 0.3448, 'recall': 0.1235, 'f1': 0.1818, 'auc': 0.7747}
train: {'epoch': 64, 'eta': 815563.0902, 'loss': 0.1021, 'lr': 0.001, 'params': 1142104, 'time_iter': 23.1089, 'accuracy': 0.9712, 'precision': 0.7741, 'recall': 0.3255, 'f1': 0.4583, 'auc': 0.8768}
val: {'epoch': 65, 'loss': 0.0806, 'lr': 0.001, 'params': 1142104, 'time_iter': 4.2293, 'accuracy': 0.9808, 'precision': 0.5312, 'recall': 0.2099, 'f1': 0.3009, 'auc': 0.7939}
train: {'epoch': 65, 'eta': 792649.3539, 'loss': 0.1032, 'lr': 0.001, 'params': 1142104, 'time_iter': 23.3772, 'accuracy': 0.9712, 'precision': 0.7748, 'recall': 0.3239, 'f1': 0.4568, 'auc': 0.8734}
val: {'epoch': 66, 'loss': 0.0906, 'lr': 0.001, 'params': 1142104, 'time_iter': 4.6923, 'accuracy': 0.982, 'precision': 0.6522, 'recall': 0.1852, 'f1': 0.2885, 'auc': 0.7834}
train: {'epoch': 66, 'eta': 769386.8688, 'loss': 0.1013, 'lr': 0.001, 'params': 1142104, 'time_iter': 22.7563, 'accuracy': 0.9713, 'precision': 0.7754, 'recall': 0.3279, 'f1': 0.4609, 'auc': 0.8797}
val: {'epoch': 67, 'loss': 0.0902, 'lr': 0.001, 'params': 1142104, 'time_iter': 4.4268, 'accuracy': 0.982, 'precision': 0.64, 'recall': 0.1975, 'f1': 0.3019, 'auc': 0.7954}
train: {'epoch': 67, 'eta': 746314.2338, 'loss': 0.1008, 'lr': 0.001, 'params': 1142104, 'time_iter': 23.1577, 'accuracy': 0.9706, 'precision': 0.7409, 'recall': 0.332, 'f1': 0.4585, 'auc': 0.8819}
val: {'epoch': 68, 'loss': 0.0884, 'lr': 0.001, 'params': 1142104, 'time_iter': 4.5633, 'accuracy': 0.9808, 'precision': 0.5357, 'recall': 0.1852, 'f1': 0.2752, 'auc': 0.7907}
train: {'epoch': 68, 'eta': 723119.4744, 'loss': 0.1004, 'lr': 0.001, 'params': 1142104, 'time_iter': 22.941, 'accuracy': 0.9716, 'precision': 0.7671, 'recall': 0.345, 'f1': 0.4759, 'auc': 0.8826}
val: {'epoch': 69, 'loss': 0.0884, 'lr': 0.001, 'params': 1142104, 'time_iter': 4.3278, 'accuracy': 0.9818, 'precision': 0.625, 'recall': 0.1852, 'f1': 0.2857, 'auc': 0.7932}
train: {'epoch': 69, 'eta': 699624.3097, 'loss': 0.1003, 'lr': 0.001, 'params': 1142104, 'time_iter': 22.2864, 'accuracy': 0.9706, 'precision': 0.7418, 'recall': 0.3312, 'f1': 0.4579, 'auc': 0.884}
val: {'epoch': 70, 'loss': 0.0886, 'lr': 0.001, 'params': 1142104, 'time_iter': 4.6929, 'accuracy': 0.9825, 'precision': 0.7143, 'recall': 0.1852, 'f1': 0.2941, 'auc': 0.7855}
train: {'epoch': 70, 'eta': 676343.9871, 'loss': 0.0992, 'lr': 0.001, 'params': 1142104, 'time_iter': 22.7599, 'accuracy': 0.9716, 'precision': 0.7729, 'recall': 0.3425, 'f1': 0.4747, 'auc': 0.8844}
val: {'epoch': 71, 'loss': 0.0882, 'lr': 0.001, 'params': 1142104, 'time_iter': 4.7227, 'accuracy': 0.9801, 'precision': 0.4783, 'recall': 0.1358, 'f1': 0.2115, 'auc': 0.7751}
train: {'epoch': 71, 'eta': 652974.9561, 'loss': 0.1001, 'lr': 0.001, 'params': 1142104, 'time_iter': 22.5479, 'accuracy': 0.9713, 'precision': 0.7692, 'recall': 0.3328, 'f1': 0.4646, 'auc': 0.8852}
val: {'epoch': 72, 'loss': 0.0908, 'lr': 0.001, 'params': 1142104, 'time_iter': 4.5701, 'accuracy': 0.9803, 'precision': 0.5, 'recall': 0.2346, 'f1': 0.3193, 'auc': 0.7862}
train: {'epoch': 72, 'eta': 629691.6871, 'loss': 0.0985, 'lr': 0.001, 'params': 1142104, 'time_iter': 22.7612, 'accuracy': 0.9716, 'precision': 0.7651, 'recall': 0.349, 'f1': 0.4794, 'auc': 0.8876}
val: {'epoch': 73, 'loss': 0.0891, 'lr': 0.001, 'params': 1142104, 'time_iter': 4.4266, 'accuracy': 0.9813, 'precision': 0.5625, 'recall': 0.2222, 'f1': 0.3186, 'auc': 0.7975}
train: {'epoch': 73, 'eta': 606575.8872, 'loss': 0.099, 'lr': 0.001, 'params': 1142104, 'time_iter': 23.2347, 'accuracy': 0.971, 'precision': 0.7532, 'recall': 0.3344, 'f1': 0.4632, 'auc': 0.8887}
val: {'epoch': 74, 'loss': 0.0878, 'lr': 0.001, 'params': 1142104, 'time_iter': 4.2417, 'accuracy': 0.9801, 'precision': 0.4865, 'recall': 0.2222, 'f1': 0.3051, 'auc': 0.7844}
train: {'epoch': 74, 'eta': 583245.4692, 'loss': 0.0977, 'lr': 0.001, 'params': 1142104, 'time_iter': 22.6707, 'accuracy': 0.9716, 'precision': 0.7713, 'recall': 0.345, 'f1': 0.4767, 'auc': 0.8928}
val: {'epoch': 75, 'loss': 0.0841, 'lr': 0.001, 'params': 1142104, 'time_iter': 4.1156, 'accuracy': 0.9818, 'precision': 0.5938, 'recall': 0.2346, 'f1': 0.3363, 'auc': 0.8062}
train: {'epoch': 75, 'eta': 560065.8014, 'loss': 0.0988, 'lr': 0.001, 'params': 1142104, 'time_iter': 23.1344, 'accuracy': 0.9716, 'precision': 0.7749, 'recall': 0.3409, 'f1': 0.4735, 'auc': 0.8897}
val: {'epoch': 76, 'loss': 0.0844, 'lr': 0.001, 'params': 1142104, 'time_iter': 4.0688, 'accuracy': 0.9803, 'precision': 0.5, 'recall': 0.2099, 'f1': 0.2957, 'auc': 0.805}
train: {'epoch': 76, 'eta': 536822.0747, 'loss': 0.0965, 'lr': 0.001, 'params': 1142104, 'time_iter': 22.9789, 'accuracy': 0.9723, 'precision': 0.7744, 'recall': 0.3677, 'f1': 0.4986, 'auc': 0.8928}
val: {'epoch': 77, 'loss': 0.088, 'lr': 0.001, 'params': 1142104, 'time_iter': 4.4286, 'accuracy': 0.9798, 'precision': 0.475, 'recall': 0.2346, 'f1': 0.314, 'auc': 0.7787}
train: {'epoch': 77, 'eta': 513595.2079, 'loss': 0.0979, 'lr': 0.001, 'params': 1142104, 'time_iter': 23.0724, 'accuracy': 0.972, 'precision': 0.7686, 'recall': 0.3612, 'f1': 0.4914, 'auc': 0.8923}
val: {'epoch': 78, 'loss': 0.0858, 'lr': 0.001, 'params': 1142104, 'time_iter': 4.3839, 'accuracy': 0.9815, 'precision': 0.5926, 'recall': 0.1975, 'f1': 0.2963, 'auc': 0.7705}
train: {'epoch': 78, 'eta': 490051.1615, 'loss': 0.0961, 'lr': 0.001, 'params': 1142104, 'time_iter': 21.9605, 'accuracy': 0.972, 'precision': 0.7663, 'recall': 0.362, 'f1': 0.4917, 'auc': 0.8964}
val: {'epoch': 79, 'loss': 0.0867, 'lr': 0.001, 'params': 1142104, 'time_iter': 4.4637, 'accuracy': 0.9832, 'precision': 0.7308, 'recall': 0.2346, 'f1': 0.3551, 'auc': 0.7915}
train: {'epoch': 79, 'eta': 466709.6737, 'loss': 0.0956, 'lr': 0.001, 'params': 1142104, 'time_iter': 22.6559, 'accuracy': 0.9714, 'precision': 0.7491, 'recall': 0.3563, 'f1': 0.4829, 'auc': 0.9008}
val: {'epoch': 80, 'loss': 0.092, 'lr': 0.001, 'params': 1142104, 'time_iter': 4.1554, 'accuracy': 0.983, 'precision': 0.7037, 'recall': 0.2346, 'f1': 0.3519, 'auc': 0.7644}
train: {'epoch': 80, 'eta': 443390.8894, 'loss': 0.0955, 'lr': 0.001, 'params': 1142104, 'time_iter': 22.747, 'accuracy': 0.972, 'precision': 0.7714, 'recall': 0.3588, 'f1': 0.4898, 'auc': 0.9025}
val: {'epoch': 81, 'loss': 0.0897, 'lr': 0.001, 'params': 1142104, 'time_iter': 5.215, 'accuracy': 0.9823, 'precision': 0.625, 'recall': 0.2469, 'f1': 0.354, 'auc': 0.7776}
train: {'epoch': 81, 'eta': 420065.8623, 'loss': 0.0972, 'lr': 0.001, 'params': 1142104, 'time_iter': 22.7289, 'accuracy': 0.9714, 'precision': 0.75, 'recall': 0.3555, 'f1': 0.4824, 'auc': 0.8955}
val: {'epoch': 82, 'loss': 0.0942, 'lr': 0.001, 'params': 1142104, 'time_iter': 4.5111, 'accuracy': 0.981, 'precision': 0.5455, 'recall': 0.2222, 'f1': 0.3158, 'auc': 0.7714}
train: {'epoch': 82, 'eta': 396765.3092, 'loss': 0.094, 'lr': 0.001, 'params': 1142104, 'time_iter': 22.8522, 'accuracy': 0.9727, 'precision': 0.7798, 'recall': 0.3766, 'f1': 0.5079, 'auc': 0.903}
val: {'epoch': 83, 'loss': 0.0891, 'lr': 0.001, 'params': 1142104, 'time_iter': 4.3869, 'accuracy': 0.981, 'precision': 0.5484, 'recall': 0.2099, 'f1': 0.3036, 'auc': 0.774}
train: {'epoch': 83, 'eta': 373441.1919, 'loss': 0.0945, 'lr': 0.001, 'params': 1142104, 'time_iter': 22.758, 'accuracy': 0.9727, 'precision': 0.778, 'recall': 0.3782, 'f1': 0.509, 'auc': 0.8993}
val: {'epoch': 84, 'loss': 0.0931, 'lr': 0.001, 'params': 1142104, 'time_iter': 4.549, 'accuracy': 0.9823, 'precision': 0.6667, 'recall': 0.1975, 'f1': 0.3048, 'auc': 0.783}
train: {'epoch': 84, 'eta': 350300.0482, 'loss': 0.0946, 'lr': 0.001, 'params': 1142104, 'time_iter': 23.7778, 'accuracy': 0.9721, 'precision': 0.757, 'recall': 0.3742, 'f1': 0.5008, 'auc': 0.9041}
val: {'epoch': 85, 'loss': 0.0912, 'lr': 0.001, 'params': 1142104, 'time_iter': 4.8759, 'accuracy': 0.982, 'precision': 0.6667, 'recall': 0.1728, 'f1': 0.2745, 'auc': 0.762}
train: {'epoch': 85, 'eta': 327001.9409, 'loss': 0.0933, 'lr': 0.001, 'params': 1142104, 'time_iter': 23.0249, 'accuracy': 0.9727, 'precision': 0.7706, 'recall': 0.3872, 'f1': 0.5154, 'auc': 0.9033}
val: {'epoch': 86, 'loss': 0.0891, 'lr': 0.001, 'params': 1142104, 'time_iter': 4.2776, 'accuracy': 0.9825, 'precision': 0.6286, 'recall': 0.2716, 'f1': 0.3793, 'auc': 0.7651}
train: {'epoch': 86, 'eta': 303684.0835, 'loss': 0.0926, 'lr': 0.001, 'params': 1142104, 'time_iter': 22.9554, 'accuracy': 0.9732, 'precision': 0.781, 'recall': 0.3937, 'f1': 0.5235, 'auc': 0.9042}
val: {'epoch': 87, 'loss': 0.0902, 'lr': 0.001, 'params': 1142104, 'time_iter': 4.5563, 'accuracy': 0.9788, 'precision': 0.44, 'recall': 0.2716, 'f1': 0.3359, 'auc': 0.7903}
train: {'epoch': 87, 'eta': 280342.0626, 'loss': 0.091, 'lr': 0.001, 'params': 1142104, 'time_iter': 22.8323, 'accuracy': 0.9735, 'precision': 0.7951, 'recall': 0.3937, 'f1': 0.5266, 'auc': 0.9114}
val: {'epoch': 88, 'loss': 0.0939, 'lr': 0.001, 'params': 1142104, 'time_iter': 4.443, 'accuracy': 0.9813, 'precision': 0.5588, 'recall': 0.2346, 'f1': 0.3304, 'auc': 0.7795}
train: {'epoch': 88, 'eta': 257034.5012, 'loss': 0.0929, 'lr': 0.001, 'params': 1142104, 'time_iter': 23.1302, 'accuracy': 0.9729, 'precision': 0.7756, 'recall': 0.3872, 'f1': 0.5165, 'auc': 0.9083}
val: {'epoch': 89, 'loss': 0.0922, 'lr': 0.001, 'params': 1142104, 'time_iter': 4.605, 'accuracy': 0.9823, 'precision': 0.6333, 'recall': 0.2346, 'f1': 0.3423, 'auc': 0.7767}
train: {'epoch': 89, 'eta': 233655.9226, 'loss': 0.0926, 'lr': 0.001, 'params': 1142104, 'time_iter': 22.605, 'accuracy': 0.9724, 'precision': 0.7638, 'recall': 0.3807, 'f1': 0.5081, 'auc': 0.9055}
val: {'epoch': 90, 'loss': 0.0928, 'lr': 0.001, 'params': 1142104, 'time_iter': 4.1103, 'accuracy': 0.9801, 'precision': 0.4889, 'recall': 0.2716, 'f1': 0.3492, 'auc': 0.7755}
train: {'epoch': 90, 'eta': 210305.3584, 'loss': 0.0906, 'lr': 0.001, 'params': 1142104, 'time_iter': 22.8548, 'accuracy': 0.9729, 'precision': 0.7721, 'recall': 0.3904, 'f1': 0.5186, 'auc': 0.9144}
val: {'epoch': 91, 'loss': 0.0881, 'lr': 0.001, 'params': 1142104, 'time_iter': 4.3735, 'accuracy': 0.981, 'precision': 0.5484, 'recall': 0.2099, 'f1': 0.3036, 'auc': 0.7934}
train: {'epoch': 91, 'eta': 186955.7345, 'loss': 0.0913, 'lr': 0.001, 'params': 1142104, 'time_iter': 22.9058, 'accuracy': 0.9731, 'precision': 0.7816, 'recall': 0.392, 'f1': 0.5222, 'auc': 0.9109}
val: {'epoch': 92, 'loss': 0.0883, 'lr': 0.001, 'params': 1142104, 'time_iter': 4.1633, 'accuracy': 0.9825, 'precision': 0.68, 'recall': 0.2099, 'f1': 0.3208, 'auc': 0.7935}
train: {'epoch': 92, 'eta': 163587.9956, 'loss': 0.0903, 'lr': 0.001, 'params': 1142104, 'time_iter': 22.7332, 'accuracy': 0.9728, 'precision': 0.7637, 'recall': 0.3961, 'f1': 0.5216, 'auc': 0.9155}
val: {'epoch': 93, 'loss': 0.1, 'lr': 0.001, 'params': 1142104, 'time_iter': 4.3872, 'accuracy': 0.9805, 'precision': 0.5161, 'recall': 0.1975, 'f1': 0.2857, 'auc': 0.7591}
train: {'epoch': 93, 'eta': 140235.1923, 'loss': 0.0899, 'lr': 0.001, 'params': 1142104, 'time_iter': 22.9686, 'accuracy': 0.9729, 'precision': 0.7716, 'recall': 0.392, 'f1': 0.5199, 'auc': 0.9148}
val: {'epoch': 94, 'loss': 0.0864, 'lr': 0.001, 'params': 1142104, 'time_iter': 4.4082, 'accuracy': 0.9798, 'precision': 0.4792, 'recall': 0.284, 'f1': 0.3566, 'auc': 0.7836}
train: {'epoch': 94, 'eta': 116844.5571, 'loss': 0.0895, 'lr': 0.001, 'params': 1142104, 'time_iter': 22.3796, 'accuracy': 0.9736, 'precision': 0.7814, 'recall': 0.4091, 'f1': 0.537, 'auc': 0.915}
val: {'epoch': 95, 'loss': 0.0931, 'lr': 0.001, 'params': 1142104, 'time_iter': 4.2658, 'accuracy': 0.9813, 'precision': 0.5667, 'recall': 0.2099, 'f1': 0.3063, 'auc': 0.7703}
train: {'epoch': 95, 'eta': 93461.2346, 'loss': 0.0882, 'lr': 0.001, 'params': 1142104, 'time_iter': 22.3742, 'accuracy': 0.9737, 'precision': 0.7896, 'recall': 0.405, 'f1': 0.5354, 'auc': 0.9185}
val: {'epoch': 96, 'loss': 0.1009, 'lr': 0.001, 'params': 1142104, 'time_iter': 4.4064, 'accuracy': 0.9808, 'precision': 0.525, 'recall': 0.2593, 'f1': 0.3471, 'auc': 0.7464}
train: {'epoch': 96, 'eta': 70091.8636, 'loss': 0.09, 'lr': 0.001, 'params': 1142104, 'time_iter': 22.5792, 'accuracy': 0.9728, 'precision': 0.7684, 'recall': 0.3904, 'f1': 0.5178, 'auc': 0.9191}
val: {'epoch': 97, 'loss': 0.1038, 'lr': 0.001, 'params': 1142104, 'time_iter': 4.3511, 'accuracy': 0.9767, 'precision': 0.3256, 'recall': 0.1728, 'f1': 0.2258, 'auc': 0.7771}
train: {'epoch': 97, 'eta': 46728.2789, 'loss': 0.088, 'lr': 0.001, 'params': 1142104, 'time_iter': 22.7231, 'accuracy': 0.9739, 'precision': 0.7865, 'recall': 0.4156, 'f1': 0.5438, 'auc': 0.9217}
val: {'epoch': 98, 'loss': 0.0959, 'lr': 0.001, 'params': 1142104, 'time_iter': 4.2074, 'accuracy': 0.9808, 'precision': 0.5278, 'recall': 0.2346, 'f1': 0.3248, 'auc': 0.7789}
train: {'epoch': 98, 'eta': 23359.1466, 'loss': 0.0886, 'lr': 0.001, 'params': 1142104, 'time_iter': 22.2253, 'accuracy': 0.9738, 'precision': 0.7841, 'recall': 0.4156, 'f1': 0.5432, 'auc': 0.9184}
val: {'epoch': 99, 'loss': 0.0914, 'lr': 0.001, 'params': 1142104, 'time_iter': 4.2021, 'accuracy': 0.981, 'precision': 0.5349, 'recall': 0.284, 'f1': 0.371, 'auc': 0.7643}
train: {'epoch': 99, 'eta': 0.0, 'loss': 0.0872, 'lr': 0.001, 'params': 1142104, 'time_iter': 22.2273, 'accuracy': 0.974, 'precision': 0.7846, 'recall': 0.4229, 'f1': 0.5496, 'auc': 0.9227}
test: {'epoch': 99, 'loss': 0.1688, 'lr': 0.001, 'params': 1142104, 'time_iter': 3.8725, 'accuracy': 0.9677, 'precision': 0.4615, 'recall': 0.1385, 'f1': 0.213, 'auc': 0.6802}
test: {'epoch': 75, 'loss': 0.1456, 'lr': 0.001, 'params': 1142104, 'time_iter': 3.621, 'accuracy': 0.9713, 'precision': 0.6364, 'recall': 0.2154, 'f1': 0.3218, 'auc': 0.7545}
