GraphGymModule(
  (model): DilatedGNNModel(
    (encoder): FeatureEncoder(
      (node_encoder): AtomEncoder(
        (atom_embedding_list): ModuleList(
          (0): Embedding(119, 300)
          (1): Embedding(4, 300)
          (2): Embedding(12, 300)
          (3): Embedding(12, 300)
          (4): Embedding(10, 300)
          (5): Embedding(6, 300)
          (6): Embedding(6, 300)
          (7): Embedding(2, 300)
          (8): Embedding(2, 300)
        )
      )
      (edge_encoder): BondEncoder(
        (bond_embedding_list): ModuleList(
          (0): Embedding(5, 300)
          (1): Embedding(6, 300)
          (2): Embedding(2, 300)
        )
      )
    )
    (mp): GNNDilatedStage(
      (classic_layers): ModuleList(
        (0): GeneralLayer(
          (layer): EGATConv(
            (model): GATConv(300, 300, heads=1)
          )
          (post_layer): Sequential(
            (0): BatchNorm1d(300, eps=1e-05, momentum=0.1, affine=True, track_running_stats=True)
            (1): Dropout(p=0.5, inplace=False)
            (2): ReLU()
          )
        )
      )
      (dilated_layers): ModuleList(
        (0): DilatedGeneralLayer(
          (layer): EGATConv(
            (model): GATConv(300, 300, heads=1)
          )
          (post_layer): Sequential(
            (0): BatchNorm1d(300, eps=1e-05, momentum=0.1, affine=True, track_running_stats=True)
            (1): Dropout(p=0.5, inplace=False)
            (2): ReLU()
          )
          (gem): GeM(p=3.0000, eps=1e-06)
        )
      )
      (act): ReLU()
    )
    (post_mp): GNNGraphHead(
      (layer_post_mp): MLP(
        (model): Sequential(
          (0): Linear(
            (model): Linear(300, 1, bias=True)
          )
        )
      )
    )
  )
)
accelerator: cuda
benchmark: False
bn:
  eps: 1e-05
  mom: 0.1
cfg_dest: config.yaml
custom_metrics: []
dataset:
  cache_load: False
  cache_save: False
  dir: ./datasets
  edge_dim: 300
  edge_encoder: True
  edge_encoder_bn: False
  edge_encoder_name: Bond
  edge_message_ratio: 0.8
  edge_negative_sampling_ratio: 1.0
  edge_train_mode: all
  encoder: True
  encoder_bn: True
  encoder_dim: 128
  encoder_name: db
  fast_loader: False
  format: OGB
  label_column: none
  label_table: none
  location: local
  name: ogbg-molhiv
  node_encoder: True
  node_encoder_bn: False
  node_encoder_name: Atom
  remove_feature: False
  resample_disjoint: False
  resample_negative: False
  shuffle_split: True
  split: [0.8, 0.1, 0.1]
  split_mode: random
  task: graph
  task_type: classification
  to_undirected: False
  transductive: False
  transform: none
  tu_simple: True
devices: 1
gnn:
  act: relu
  act_on_last_layer_mp: False
  agg: none
  att_final_linear: False
  att_final_linear_bn: False
  att_heads: 1
  batchnorm: True
  clear_feature: True
  dilated_path_join: none
  dim_inner: 300
  dropout: 0.5
  head: graph
  keep_edge: 0.5
  l2norm: True
  layer_type: egatconv
  layers_k1: 1
  layers_k2: 1
  layers_mp: 5
  layers_post_mp: 1
  layers_pre_mp: 0
  learn_alpha_residual_connection: True
  msg_direction: single
  normalize_adj: False
  self_msg: concat
  skip_every: 1
  stage_type: stack
  use_edge_features: True
gpu_mem: False
mem:
  inplace: False
metric_agg: argmax
metric_best: auc
model:
  edge_decoding: dot
  graph_pooling: mean
  loss_fun: cross_entropy
  match_upper: True
  size_average: mean
  thresh: 0.5
  type: dilated_gnn
num_threads: 6
num_workers: 16
optim:
  base_lr: 0.001
  lr_decay: 0.1
  max_epoch: 100
  momentum: 0.9
  optimizer: adam
  scheduler: none
  steps: [30, 60, 90]
  weight_decay: 0.0
out_dir: results_experiments/ogbg_molhiv_baseline_grid_design/ogbg_molhiv_baseline-type=dilated_gnn-layer_type=egatconv-layers_k1=1-layers_k2=1-dilated_path_join=none-learn_alpha_residual_connection=True
params: 419103
print: both
round: 4
run_dir: results_experiments/ogbg_molhiv_baseline_grid_design/ogbg_molhiv_baseline-type=dilated_gnn-layer_type=egatconv-layers_k1=1-layers_k2=1-dilated_path_join=none-learn_alpha_residual_connection=True/1
seed: 2
share:
  dim_in: 9
  dim_out: 2
  num_splits: 3
tensorboard_agg: True
tensorboard_each_run: False
train:
  auto_resume: False
  batch_size: 32
  ckpt_clean: True
  ckpt_period: 100
  enable_ckpt: True
  epoch_resume: -1
  eval_period: 1
  iter_per_epoch: 32
  neighbor_sizes: [20, 15, 10, 5]
  node_per_graph: 32
  radius: extend
  sample_node: False
  sampler: full_batch
  skip_train_eval: False
  walk_length: 4
val:
  node_per_graph: 32
  radius: extend
  sample_node: False
  sampler: full_batch
view_emb: False
Num parameters: 419103
val: {'epoch': 0, 'loss': 0.6882, 'lr': 0.001, 'params': 419103, 'time_iter': 0.9573, 'accuracy': 0.9844, 'precision': 0.0, 'recall': 0.0, 'f1': 0.0, 'auc': 0.7778}
val: {'epoch': 0, 'loss': 0.0981, 'lr': 0.001, 'params': 419103, 'time_iter': 1.8848, 'accuracy': 0.9803, 'precision': 0.0, 'recall': 0.0, 'f1': 0.0, 'auc': 0.6022}
train: {'epoch': 0, 'eta': 1538476.7262, 'loss': 0.2137, 'lr': 0.001, 'params': 419103, 'time_iter': 15.1022, 'accuracy': 0.9594, 'precision': 0.0094, 'recall': 0.0008, 'f1': 0.0015, 'auc': 0.5126}
val: {'epoch': 1, 'loss': 0.0938, 'lr': 0.001, 'params': 419103, 'time_iter': 1.9102, 'accuracy': 0.9803, 'precision': 0.0, 'recall': 0.0, 'f1': 0.0, 'auc': 0.7256}
train: {'epoch': 1, 'eta': 1498366.2113, 'loss': 0.1579, 'lr': 0.001, 'params': 419103, 'time_iter': 14.6149, 'accuracy': 0.9626, 'precision': 0.0, 'recall': 0.0, 'f1': 0.0, 'auc': 0.5984}
val: {'epoch': 2, 'loss': 0.0969, 'lr': 0.001, 'params': 419103, 'time_iter': 2.1929, 'accuracy': 0.9803, 'precision': 0.0, 'recall': 0.0, 'f1': 0.0, 'auc': 0.7107}
train: {'epoch': 2, 'eta': 1477791.485, 'loss': 0.1552, 'lr': 0.001, 'params': 419103, 'time_iter': 14.6997, 'accuracy': 0.9626, 'precision': 0.0, 'recall': 0.0, 'f1': 0.0, 'auc': 0.6464}
val: {'epoch': 3, 'loss': 0.0935, 'lr': 0.001, 'params': 419103, 'time_iter': 1.9627, 'accuracy': 0.9803, 'precision': 0.0, 'recall': 0.0, 'f1': 0.0, 'auc': 0.7169}
train: {'epoch': 3, 'eta': 1467767.3896, 'loss': 0.1512, 'lr': 0.001, 'params': 419103, 'time_iter': 15.0166, 'accuracy': 0.9626, 'precision': 0.0, 'recall': 0.0, 'f1': 0.0, 'auc': 0.685}
val: {'epoch': 4, 'loss': 0.0907, 'lr': 0.001, 'params': 419103, 'time_iter': 1.9486, 'accuracy': 0.9803, 'precision': 0.0, 'recall': 0.0, 'f1': 0.0, 'auc': 0.7393}
train: {'epoch': 4, 'eta': 1449264.265, 'loss': 0.1497, 'lr': 0.001, 'params': 419103, 'time_iter': 14.694, 'accuracy': 0.9626, 'precision': 0.0, 'recall': 0.0, 'f1': 0.0, 'auc': 0.7054}
val: {'epoch': 5, 'loss': 0.0909, 'lr': 0.001, 'params': 419103, 'time_iter': 1.9778, 'accuracy': 0.9803, 'precision': 0.0, 'recall': 0.0, 'f1': 0.0, 'auc': 0.7433}
train: {'epoch': 5, 'eta': 1432919.3519, 'loss': 0.1531, 'lr': 0.001, 'params': 419103, 'time_iter': 14.7579, 'accuracy': 0.9626, 'precision': 0.0, 'recall': 0.0, 'f1': 0.0, 'auc': 0.6694}
val: {'epoch': 6, 'loss': 0.0903, 'lr': 0.001, 'params': 419103, 'time_iter': 1.8645, 'accuracy': 0.9803, 'precision': 0.0, 'recall': 0.0, 'f1': 0.0, 'auc': 0.7464}
train: {'epoch': 6, 'eta': 1424110.8554, 'loss': 0.1489, 'lr': 0.001, 'params': 419103, 'time_iter': 15.2849, 'accuracy': 0.9626, 'precision': 0.0, 'recall': 0.0, 'f1': 0.0, 'auc': 0.7091}
val: {'epoch': 7, 'loss': 0.0891, 'lr': 0.001, 'params': 419103, 'time_iter': 1.9721, 'accuracy': 0.9803, 'precision': 0.0, 'recall': 0.0, 'f1': 0.0, 'auc': 0.7583}
train: {'epoch': 7, 'eta': 1406192.6182, 'loss': 0.1509, 'lr': 0.001, 'params': 419103, 'time_iter': 14.6613, 'accuracy': 0.9626, 'precision': 0.0, 'recall': 0.0, 'f1': 0.0, 'auc': 0.6872}
val: {'epoch': 8, 'loss': 0.0887, 'lr': 0.001, 'params': 419103, 'time_iter': 1.8036, 'accuracy': 0.9803, 'precision': 0.0, 'recall': 0.0, 'f1': 0.0, 'auc': 0.7617}
train: {'epoch': 8, 'eta': 1388426.5547, 'loss': 0.1504, 'lr': 0.001, 'params': 419103, 'time_iter': 14.6154, 'accuracy': 0.9625, 'precision': 0.0, 'recall': 0.0, 'f1': 0.0, 'auc': 0.6775}
val: {'epoch': 9, 'loss': 0.0937, 'lr': 0.001, 'params': 419103, 'time_iter': 2.7111, 'accuracy': 0.9803, 'precision': 0.0, 'recall': 0.0, 'f1': 0.0, 'auc': 0.7014}
train: {'epoch': 9, 'eta': 1374061.6577, 'loss': 0.1515, 'lr': 0.001, 'params': 419103, 'time_iter': 14.9238, 'accuracy': 0.9626, 'precision': 0.0, 'recall': 0.0, 'f1': 0.0, 'auc': 0.6871}
val: {'epoch': 10, 'loss': 0.0887, 'lr': 0.001, 'params': 419103, 'time_iter': 1.9012, 'accuracy': 0.9803, 'precision': 0.0, 'recall': 0.0, 'f1': 0.0, 'auc': 0.7618}
train: {'epoch': 10, 'eta': 1362275.3339, 'loss': 0.148, 'lr': 0.001, 'params': 419103, 'time_iter': 15.2552, 'accuracy': 0.9624, 'precision': 0.0, 'recall': 0.0, 'f1': 0.0, 'auc': 0.7061}
val: {'epoch': 11, 'loss': 0.0873, 'lr': 0.001, 'params': 419103, 'time_iter': 1.9736, 'accuracy': 0.9803, 'precision': 0.5, 'recall': 0.0123, 'f1': 0.0241, 'auc': 0.7753}
train: {'epoch': 11, 'eta': 1346341.7303, 'loss': 0.1468, 'lr': 0.001, 'params': 419103, 'time_iter': 14.792, 'accuracy': 0.9623, 'precision': 0.0, 'recall': 0.0, 'f1': 0.0, 'auc': 0.7145}
val: {'epoch': 12, 'loss': 0.0857, 'lr': 0.001, 'params': 419103, 'time_iter': 2.0481, 'accuracy': 0.9803, 'precision': 0.5, 'recall': 0.0123, 'f1': 0.0241, 'auc': 0.7814}
train: {'epoch': 12, 'eta': 1329506.4317, 'loss': 0.1456, 'lr': 0.001, 'params': 419103, 'time_iter': 14.6451, 'accuracy': 0.9624, 'precision': 0.0, 'recall': 0.0, 'f1': 0.0, 'auc': 0.7207}
val: {'epoch': 13, 'loss': 0.0911, 'lr': 0.001, 'params': 419103, 'time_iter': 2.0547, 'accuracy': 0.9803, 'precision': 0.0, 'recall': 0.0, 'f1': 0.0, 'auc': 0.7602}
train: {'epoch': 13, 'eta': 1314003.0189, 'loss': 0.1464, 'lr': 0.001, 'params': 419103, 'time_iter': 14.8159, 'accuracy': 0.9623, 'precision': 0.0909, 'recall': 0.0008, 'f1': 0.0016, 'auc': 0.7157}
val: {'epoch': 14, 'loss': 0.0884, 'lr': 0.001, 'params': 419103, 'time_iter': 2.0499, 'accuracy': 0.9803, 'precision': 0.5, 'recall': 0.0123, 'f1': 0.0241, 'auc': 0.7604}
train: {'epoch': 14, 'eta': 1297567.1646, 'loss': 0.1459, 'lr': 0.001, 'params': 419103, 'time_iter': 14.6501, 'accuracy': 0.9623, 'precision': 0.1818, 'recall': 0.0016, 'f1': 0.0032, 'auc': 0.7217}
val: {'epoch': 15, 'loss': 0.089, 'lr': 0.001, 'params': 419103, 'time_iter': 1.8263, 'accuracy': 0.9801, 'precision': 0.0, 'recall': 0.0, 'f1': 0.0, 'auc': 0.758}
train: {'epoch': 15, 'eta': 1282245.0504, 'loss': 0.145, 'lr': 0.001, 'params': 419103, 'time_iter': 14.8248, 'accuracy': 0.9623, 'precision': 0.0, 'recall': 0.0, 'f1': 0.0, 'auc': 0.7272}
val: {'epoch': 16, 'loss': 0.087, 'lr': 0.001, 'params': 419103, 'time_iter': 1.9441, 'accuracy': 0.9798, 'precision': 0.0, 'recall': 0.0, 'f1': 0.0, 'auc': 0.7886}
train: {'epoch': 16, 'eta': 1267772.3443, 'loss': 0.1457, 'lr': 0.001, 'params': 419103, 'time_iter': 14.9923, 'accuracy': 0.9625, 'precision': 0.2, 'recall': 0.0008, 'f1': 0.0016, 'auc': 0.7204}
val: {'epoch': 17, 'loss': 0.0874, 'lr': 0.001, 'params': 419103, 'time_iter': 1.9317, 'accuracy': 0.9801, 'precision': 0.0, 'recall': 0.0, 'f1': 0.0, 'auc': 0.7834}
train: {'epoch': 17, 'eta': 1251787.1513, 'loss': 0.1457, 'lr': 0.001, 'params': 419103, 'time_iter': 14.6923, 'accuracy': 0.9623, 'precision': 0.0833, 'recall': 0.0008, 'f1': 0.0016, 'auc': 0.7225}
val: {'epoch': 18, 'loss': 0.0835, 'lr': 0.001, 'params': 419103, 'time_iter': 1.8364, 'accuracy': 0.9798, 'precision': 0.0, 'recall': 0.0, 'f1': 0.0, 'auc': 0.8047}
train: {'epoch': 18, 'eta': 1236141.4667, 'loss': 0.1442, 'lr': 0.001, 'params': 419103, 'time_iter': 14.7488, 'accuracy': 0.9623, 'precision': 0.2308, 'recall': 0.0024, 'f1': 0.0048, 'auc': 0.7335}
val: {'epoch': 19, 'loss': 0.0866, 'lr': 0.001, 'params': 419103, 'time_iter': 3.0827, 'accuracy': 0.9796, 'precision': 0.2, 'recall': 0.0123, 'f1': 0.0233, 'auc': 0.804}
train: {'epoch': 19, 'eta': 1221824.4299, 'loss': 0.144, 'lr': 0.001, 'params': 419103, 'time_iter': 15.0603, 'accuracy': 0.9623, 'precision': 0.2857, 'recall': 0.0049, 'f1': 0.0096, 'auc': 0.7355}
val: {'epoch': 20, 'loss': 0.0866, 'lr': 0.001, 'params': 419103, 'time_iter': 2.0001, 'accuracy': 0.9803, 'precision': 0.5, 'recall': 0.0247, 'f1': 0.0471, 'auc': 0.7851}
train: {'epoch': 20, 'eta': 1209244.7129, 'loss': 0.1431, 'lr': 0.001, 'params': 419103, 'time_iter': 15.5381, 'accuracy': 0.9623, 'precision': 0.3793, 'recall': 0.0089, 'f1': 0.0174, 'auc': 0.7427}
val: {'epoch': 21, 'loss': 0.0871, 'lr': 0.001, 'params': 419103, 'time_iter': 1.9083, 'accuracy': 0.9801, 'precision': 0.3333, 'recall': 0.0123, 'f1': 0.0238, 'auc': 0.7777}
train: {'epoch': 21, 'eta': 1194050.4847, 'loss': 0.1454, 'lr': 0.001, 'params': 419103, 'time_iter': 14.9064, 'accuracy': 0.962, 'precision': 0.2188, 'recall': 0.0057, 'f1': 0.0111, 'auc': 0.7248}
val: {'epoch': 22, 'loss': 0.085, 'lr': 0.001, 'params': 419103, 'time_iter': 2.1961, 'accuracy': 0.9796, 'precision': 0.2857, 'recall': 0.0247, 'f1': 0.0455, 'auc': 0.7957}
train: {'epoch': 22, 'eta': 1177468.7816, 'loss': 0.1435, 'lr': 0.001, 'params': 419103, 'time_iter': 14.5073, 'accuracy': 0.9622, 'precision': 0.3333, 'recall': 0.0097, 'f1': 0.0189, 'auc': 0.7421}
val: {'epoch': 23, 'loss': 0.0876, 'lr': 0.001, 'params': 419103, 'time_iter': 2.0539, 'accuracy': 0.9798, 'precision': 0.3333, 'recall': 0.0247, 'f1': 0.046, 'auc': 0.7836}
train: {'epoch': 23, 'eta': 1161449.6919, 'loss': 0.1428, 'lr': 0.001, 'params': 419103, 'time_iter': 14.6376, 'accuracy': 0.9623, 'precision': 0.3846, 'recall': 0.0122, 'f1': 0.0236, 'auc': 0.7423}
val: {'epoch': 24, 'loss': 0.0889, 'lr': 0.001, 'params': 419103, 'time_iter': 1.9356, 'accuracy': 0.9801, 'precision': 0.4, 'recall': 0.0247, 'f1': 0.0465, 'auc': 0.788}
train: {'epoch': 24, 'eta': 1145335.2377, 'loss': 0.1421, 'lr': 0.001, 'params': 419103, 'time_iter': 14.5819, 'accuracy': 0.9621, 'precision': 0.3077, 'recall': 0.0097, 'f1': 0.0189, 'auc': 0.7494}
val: {'epoch': 25, 'loss': 0.0869, 'lr': 0.001, 'params': 419103, 'time_iter': 1.9116, 'accuracy': 0.9796, 'precision': 0.0, 'recall': 0.0, 'f1': 0.0, 'auc': 0.7938}
train: {'epoch': 25, 'eta': 1129733.2298, 'loss': 0.1441, 'lr': 0.001, 'params': 419103, 'time_iter': 14.7278, 'accuracy': 0.9622, 'precision': 0.1667, 'recall': 0.0024, 'f1': 0.0048, 'auc': 0.7419}
val: {'epoch': 26, 'loss': 0.0871, 'lr': 0.001, 'params': 419103, 'time_iter': 1.9061, 'accuracy': 0.9803, 'precision': 0.0, 'recall': 0.0, 'f1': 0.0, 'auc': 0.7885}
train: {'epoch': 26, 'eta': 1115774.9376, 'loss': 0.1432, 'lr': 0.001, 'params': 419103, 'time_iter': 15.3067, 'accuracy': 0.9623, 'precision': 0.2, 'recall': 0.0024, 'f1': 0.0048, 'auc': 0.7451}
val: {'epoch': 27, 'loss': 0.0861, 'lr': 0.001, 'params': 419103, 'time_iter': 1.8015, 'accuracy': 0.9801, 'precision': 0.0, 'recall': 0.0, 'f1': 0.0, 'auc': 0.791}
train: {'epoch': 27, 'eta': 1100531.147, 'loss': 0.1437, 'lr': 0.001, 'params': 419103, 'time_iter': 14.8692, 'accuracy': 0.9623, 'precision': 0.0909, 'recall': 0.0008, 'f1': 0.0016, 'auc': 0.7442}
val: {'epoch': 28, 'loss': 0.0863, 'lr': 0.001, 'params': 419103, 'time_iter': 2.0125, 'accuracy': 0.9798, 'precision': 0.0, 'recall': 0.0, 'f1': 0.0, 'auc': 0.7836}
train: {'epoch': 28, 'eta': 1084798.4431, 'loss': 0.1435, 'lr': 0.001, 'params': 419103, 'time_iter': 14.6767, 'accuracy': 0.9622, 'precision': 0.25, 'recall': 0.0049, 'f1': 0.0096, 'auc': 0.7448}
val: {'epoch': 29, 'loss': 0.0882, 'lr': 0.001, 'params': 419103, 'time_iter': 2.6204, 'accuracy': 0.9798, 'precision': 0.25, 'recall': 0.0123, 'f1': 0.0235, 'auc': 0.7748}
train: {'epoch': 29, 'eta': 1069688.8986, 'loss': 0.1417, 'lr': 0.001, 'params': 419103, 'time_iter': 14.9188, 'accuracy': 0.9623, 'precision': 0.25, 'recall': 0.0041, 'f1': 0.008, 'auc': 0.7551}
val: {'epoch': 30, 'loss': 0.086, 'lr': 0.001, 'params': 419103, 'time_iter': 1.9106, 'accuracy': 0.9803, 'precision': 0.0, 'recall': 0.0, 'f1': 0.0, 'auc': 0.7867}
train: {'epoch': 30, 'eta': 1055772.0187, 'loss': 0.1418, 'lr': 0.001, 'params': 419103, 'time_iter': 15.4463, 'accuracy': 0.9623, 'precision': 0.2778, 'recall': 0.0041, 'f1': 0.008, 'auc': 0.7501}
val: {'epoch': 31, 'loss': 0.0882, 'lr': 0.001, 'params': 419103, 'time_iter': 1.854, 'accuracy': 0.9801, 'precision': 0.3333, 'recall': 0.0123, 'f1': 0.0238, 'auc': 0.7647}
train: {'epoch': 31, 'eta': 1040167.9413, 'loss': 0.1408, 'lr': 0.001, 'params': 419103, 'time_iter': 14.7312, 'accuracy': 0.962, 'precision': 0.2, 'recall': 0.0049, 'f1': 0.0095, 'auc': 0.7576}
val: {'epoch': 32, 'loss': 0.0887, 'lr': 0.001, 'params': 419103, 'time_iter': 2.0082, 'accuracy': 0.9801, 'precision': 0.0, 'recall': 0.0, 'f1': 0.0, 'auc': 0.7721}
train: {'epoch': 32, 'eta': 1024764.4876, 'loss': 0.1421, 'lr': 0.001, 'params': 419103, 'time_iter': 14.8143, 'accuracy': 0.9621, 'precision': 0.25, 'recall': 0.0057, 'f1': 0.0111, 'auc': 0.7477}
val: {'epoch': 33, 'loss': 0.0884, 'lr': 0.001, 'params': 419103, 'time_iter': 1.9372, 'accuracy': 0.9798, 'precision': 0.0, 'recall': 0.0, 'f1': 0.0, 'auc': 0.7726}
train: {'epoch': 33, 'eta': 1009865.8344, 'loss': 0.1443, 'lr': 0.001, 'params': 419103, 'time_iter': 15.0624, 'accuracy': 0.962, 'precision': 0.1724, 'recall': 0.0041, 'f1': 0.0079, 'auc': 0.7364}
val: {'epoch': 34, 'loss': 0.0891, 'lr': 0.001, 'params': 419103, 'time_iter': 1.9029, 'accuracy': 0.9798, 'precision': 0.25, 'recall': 0.0123, 'f1': 0.0235, 'auc': 0.7657}
train: {'epoch': 34, 'eta': 994783.4128, 'loss': 0.1415, 'lr': 0.001, 'params': 419103, 'time_iter': 14.9842, 'accuracy': 0.9622, 'precision': 0.2, 'recall': 0.0032, 'f1': 0.0064, 'auc': 0.7512}
val: {'epoch': 35, 'loss': 0.093, 'lr': 0.001, 'params': 419103, 'time_iter': 2.0877, 'accuracy': 0.9798, 'precision': 0.0, 'recall': 0.0, 'f1': 0.0, 'auc': 0.7406}
train: {'epoch': 35, 'eta': 979864.4303, 'loss': 0.1426, 'lr': 0.001, 'params': 419103, 'time_iter': 15.0837, 'accuracy': 0.9623, 'precision': 0.3158, 'recall': 0.0049, 'f1': 0.0096, 'auc': 0.744}
val: {'epoch': 36, 'loss': 0.0921, 'lr': 0.001, 'params': 419103, 'time_iter': 1.9184, 'accuracy': 0.9798, 'precision': 0.25, 'recall': 0.0123, 'f1': 0.0235, 'auc': 0.7521}
train: {'epoch': 36, 'eta': 964542.3289, 'loss': 0.1433, 'lr': 0.001, 'params': 419103, 'time_iter': 14.8722, 'accuracy': 0.9621, 'precision': 0.2308, 'recall': 0.0049, 'f1': 0.0095, 'auc': 0.7376}
val: {'epoch': 37, 'loss': 0.0916, 'lr': 0.001, 'params': 419103, 'time_iter': 1.9558, 'accuracy': 0.9798, 'precision': 0.25, 'recall': 0.0123, 'f1': 0.0235, 'auc': 0.7585}
train: {'epoch': 37, 'eta': 949016.7944, 'loss': 0.1429, 'lr': 0.001, 'params': 419103, 'time_iter': 14.7505, 'accuracy': 0.9621, 'precision': 0.25, 'recall': 0.0057, 'f1': 0.0111, 'auc': 0.7415}
val: {'epoch': 38, 'loss': 0.0915, 'lr': 0.001, 'params': 419103, 'time_iter': 2.0828, 'accuracy': 0.9796, 'precision': 0.0, 'recall': 0.0, 'f1': 0.0, 'auc': 0.7655}
train: {'epoch': 38, 'eta': 933992.736, 'loss': 0.1434, 'lr': 0.001, 'params': 419103, 'time_iter': 15.051, 'accuracy': 0.9619, 'precision': 0.1818, 'recall': 0.0049, 'f1': 0.0095, 'auc': 0.7405}
val: {'epoch': 39, 'loss': 0.0907, 'lr': 0.001, 'params': 419103, 'time_iter': 2.3869, 'accuracy': 0.9796, 'precision': 0.2, 'recall': 0.0123, 'f1': 0.0233, 'auc': 0.7609}
train: {'epoch': 39, 'eta': 918755.6386, 'loss': 0.1433, 'lr': 0.001, 'params': 419103, 'time_iter': 14.928, 'accuracy': 0.962, 'precision': 0.2258, 'recall': 0.0057, 'f1': 0.0111, 'auc': 0.7471}
val: {'epoch': 40, 'loss': 0.0921, 'lr': 0.001, 'params': 419103, 'time_iter': 1.9773, 'accuracy': 0.9798, 'precision': 0.0, 'recall': 0.0, 'f1': 0.0, 'auc': 0.7623}
train: {'epoch': 40, 'eta': 903653.1765, 'loss': 0.1426, 'lr': 0.001, 'params': 419103, 'time_iter': 15.023, 'accuracy': 0.962, 'precision': 0.1786, 'recall': 0.0041, 'f1': 0.0079, 'auc': 0.7471}
val: {'epoch': 41, 'loss': 0.0928, 'lr': 0.001, 'params': 419103, 'time_iter': 1.9101, 'accuracy': 0.9796, 'precision': 0.0, 'recall': 0.0, 'f1': 0.0, 'auc': 0.7608}
train: {'epoch': 41, 'eta': 888154.9658, 'loss': 0.143, 'lr': 0.001, 'params': 419103, 'time_iter': 14.7564, 'accuracy': 0.962, 'precision': 0.1935, 'recall': 0.0049, 'f1': 0.0095, 'auc': 0.7441}
val: {'epoch': 42, 'loss': 0.0897, 'lr': 0.001, 'params': 419103, 'time_iter': 1.9384, 'accuracy': 0.9796, 'precision': 0.0, 'recall': 0.0, 'f1': 0.0, 'auc': 0.7773}
train: {'epoch': 42, 'eta': 872926.9168, 'loss': 0.1442, 'lr': 0.001, 'params': 419103, 'time_iter': 14.9437, 'accuracy': 0.9616, 'precision': 0.122, 'recall': 0.0041, 'f1': 0.0079, 'auc': 0.7452}
val: {'epoch': 43, 'loss': 0.0893, 'lr': 0.001, 'params': 419103, 'time_iter': 1.8608, 'accuracy': 0.9798, 'precision': 0.25, 'recall': 0.0123, 'f1': 0.0235, 'auc': 0.7863}
train: {'epoch': 43, 'eta': 857574.7851, 'loss': 0.1438, 'lr': 0.001, 'params': 419103, 'time_iter': 14.8542, 'accuracy': 0.9619, 'precision': 0.1892, 'recall': 0.0057, 'f1': 0.011, 'auc': 0.7414}
val: {'epoch': 44, 'loss': 0.0879, 'lr': 0.001, 'params': 419103, 'time_iter': 1.9187, 'accuracy': 0.9796, 'precision': 0.0, 'recall': 0.0, 'f1': 0.0, 'auc': 0.7802}
train: {'epoch': 44, 'eta': 842243.3825, 'loss': 0.1428, 'lr': 0.001, 'params': 419103, 'time_iter': 14.8683, 'accuracy': 0.962, 'precision': 0.2069, 'recall': 0.0049, 'f1': 0.0095, 'auc': 0.7408}
val: {'epoch': 45, 'loss': 0.0905, 'lr': 0.001, 'params': 419103, 'time_iter': 1.9684, 'accuracy': 0.9796, 'precision': 0.0, 'recall': 0.0, 'f1': 0.0, 'auc': 0.7777}
train: {'epoch': 45, 'eta': 826648.115, 'loss': 0.1424, 'lr': 0.001, 'params': 419103, 'time_iter': 14.6487, 'accuracy': 0.9619, 'precision': 0.2222, 'recall': 0.0065, 'f1': 0.0126, 'auc': 0.7457}
val: {'epoch': 46, 'loss': 0.09, 'lr': 0.001, 'params': 419103, 'time_iter': 2.7211, 'accuracy': 0.9798, 'precision': 0.0, 'recall': 0.0, 'f1': 0.0, 'auc': 0.765}
train: {'epoch': 46, 'eta': 811195.0834, 'loss': 0.1418, 'lr': 0.001, 'params': 419103, 'time_iter': 14.7521, 'accuracy': 0.9624, 'precision': 0.3929, 'recall': 0.0089, 'f1': 0.0175, 'auc': 0.7504}
val: {'epoch': 47, 'loss': 0.0886, 'lr': 0.001, 'params': 419103, 'time_iter': 1.9721, 'accuracy': 0.9796, 'precision': 0.0, 'recall': 0.0, 'f1': 0.0, 'auc': 0.7691}
train: {'epoch': 47, 'eta': 795720.252, 'loss': 0.1413, 'lr': 0.001, 'params': 419103, 'time_iter': 14.7224, 'accuracy': 0.9621, 'precision': 0.2647, 'recall': 0.0073, 'f1': 0.0142, 'auc': 0.7493}
val: {'epoch': 48, 'loss': 0.0884, 'lr': 0.001, 'params': 419103, 'time_iter': 2.0739, 'accuracy': 0.9796, 'precision': 0.0, 'recall': 0.0, 'f1': 0.0, 'auc': 0.805}
train: {'epoch': 48, 'eta': 780140.7639, 'loss': 0.1414, 'lr': 0.001, 'params': 419103, 'time_iter': 14.6123, 'accuracy': 0.9623, 'precision': 0.3636, 'recall': 0.0097, 'f1': 0.019, 'auc': 0.7498}
val: {'epoch': 49, 'loss': 0.0903, 'lr': 0.001, 'params': 419103, 'time_iter': 2.2531, 'accuracy': 0.9793, 'precision': 0.0, 'recall': 0.0, 'f1': 0.0, 'auc': 0.7838}
train: {'epoch': 49, 'eta': 765019.3813, 'loss': 0.1409, 'lr': 0.001, 'params': 419103, 'time_iter': 15.0363, 'accuracy': 0.9619, 'precision': 0.2826, 'recall': 0.0106, 'f1': 0.0203, 'auc': 0.7514}
val: {'epoch': 50, 'loss': 0.0901, 'lr': 0.001, 'params': 419103, 'time_iter': 1.8998, 'accuracy': 0.9791, 'precision': 0.0, 'recall': 0.0, 'f1': 0.0, 'auc': 0.7726}
train: {'epoch': 50, 'eta': 749893.1995, 'loss': 0.1405, 'lr': 0.001, 'params': 419103, 'time_iter': 15.0454, 'accuracy': 0.9622, 'precision': 0.2692, 'recall': 0.0057, 'f1': 0.0111, 'auc': 0.7498}
val: {'epoch': 51, 'loss': 0.0887, 'lr': 0.001, 'params': 419103, 'time_iter': 1.87, 'accuracy': 0.9791, 'precision': 0.0, 'recall': 0.0, 'f1': 0.0, 'auc': 0.7768}
train: {'epoch': 51, 'eta': 734506.1838, 'loss': 0.1407, 'lr': 0.001, 'params': 419103, 'time_iter': 14.7852, 'accuracy': 0.9621, 'precision': 0.3095, 'recall': 0.0106, 'f1': 0.0204, 'auc': 0.7477}
val: {'epoch': 52, 'loss': 0.0917, 'lr': 0.001, 'params': 419103, 'time_iter': 1.9254, 'accuracy': 0.9791, 'precision': 0.1429, 'recall': 0.0123, 'f1': 0.0227, 'auc': 0.7778}
train: {'epoch': 52, 'eta': 719092.1901, 'loss': 0.1409, 'lr': 0.001, 'params': 419103, 'time_iter': 14.7485, 'accuracy': 0.9618, 'precision': 0.2931, 'recall': 0.0138, 'f1': 0.0264, 'auc': 0.75}
val: {'epoch': 53, 'loss': 0.0904, 'lr': 0.001, 'params': 419103, 'time_iter': 1.9297, 'accuracy': 0.9793, 'precision': 0.0, 'recall': 0.0, 'f1': 0.0, 'auc': 0.7779}
train: {'epoch': 53, 'eta': 703675.2317, 'loss': 0.1398, 'lr': 0.001, 'params': 419103, 'time_iter': 14.735, 'accuracy': 0.962, 'precision': 0.339, 'recall': 0.0162, 'f1': 0.031, 'auc': 0.7565}
val: {'epoch': 54, 'loss': 0.0881, 'lr': 0.001, 'params': 419103, 'time_iter': 1.8386, 'accuracy': 0.9796, 'precision': 0.2, 'recall': 0.0123, 'f1': 0.0233, 'auc': 0.7715}
train: {'epoch': 54, 'eta': 688132.8123, 'loss': 0.1403, 'lr': 0.001, 'params': 419103, 'time_iter': 14.575, 'accuracy': 0.9622, 'precision': 0.4035, 'recall': 0.0187, 'f1': 0.0357, 'auc': 0.7538}
val: {'epoch': 55, 'loss': 0.0906, 'lr': 0.001, 'params': 419103, 'time_iter': 1.9583, 'accuracy': 0.9793, 'precision': 0.1667, 'recall': 0.0123, 'f1': 0.023, 'auc': 0.7816}
train: {'epoch': 55, 'eta': 672796.1718, 'loss': 0.14, 'lr': 0.001, 'params': 419103, 'time_iter': 14.8055, 'accuracy': 0.962, 'precision': 0.35, 'recall': 0.017, 'f1': 0.0325, 'auc': 0.7565}
val: {'epoch': 56, 'loss': 0.0934, 'lr': 0.001, 'params': 419103, 'time_iter': 2.2876, 'accuracy': 0.9793, 'precision': 0.1667, 'recall': 0.0123, 'f1': 0.023, 'auc': 0.7612}
train: {'epoch': 56, 'eta': 657302.8474, 'loss': 0.144, 'lr': 0.001, 'params': 419103, 'time_iter': 14.599, 'accuracy': 0.9625, 'precision': 0.4545, 'recall': 0.0122, 'f1': 0.0237, 'auc': 0.7274}
val: {'epoch': 57, 'loss': 0.0927, 'lr': 0.001, 'params': 419103, 'time_iter': 2.1205, 'accuracy': 0.9798, 'precision': 0.25, 'recall': 0.0123, 'f1': 0.0235, 'auc': 0.7752}
train: {'epoch': 57, 'eta': 642153.1826, 'loss': 0.1409, 'lr': 0.001, 'params': 419103, 'time_iter': 15.0384, 'accuracy': 0.9622, 'precision': 0.3488, 'recall': 0.0122, 'f1': 0.0235, 'auc': 0.7485}
val: {'epoch': 58, 'loss': 0.0912, 'lr': 0.001, 'params': 419103, 'time_iter': 1.9329, 'accuracy': 0.9798, 'precision': 0.25, 'recall': 0.0123, 'f1': 0.0235, 'auc': 0.7705}
train: {'epoch': 58, 'eta': 626776.8214, 'loss': 0.14, 'lr': 0.001, 'params': 419103, 'time_iter': 14.7368, 'accuracy': 0.9618, 'precision': 0.3125, 'recall': 0.0162, 'f1': 0.0309, 'auc': 0.7537}
val: {'epoch': 59, 'loss': 0.0955, 'lr': 0.001, 'params': 419103, 'time_iter': 1.828, 'accuracy': 0.9798, 'precision': 0.25, 'recall': 0.0123, 'f1': 0.0235, 'auc': 0.7658}
train: {'epoch': 59, 'eta': 611338.775, 'loss': 0.1403, 'lr': 0.001, 'params': 419103, 'time_iter': 14.6366, 'accuracy': 0.9618, 'precision': 0.3, 'recall': 0.0146, 'f1': 0.0279, 'auc': 0.7523}
val: {'epoch': 60, 'loss': 0.0912, 'lr': 0.001, 'params': 419103, 'time_iter': 1.8867, 'accuracy': 0.9801, 'precision': 0.0, 'recall': 0.0, 'f1': 0.0, 'auc': 0.7797}
train: {'epoch': 60, 'eta': 596091.1373, 'loss': 0.1411, 'lr': 0.001, 'params': 419103, 'time_iter': 14.9072, 'accuracy': 0.9616, 'precision': 0.2222, 'recall': 0.0097, 'f1': 0.0187, 'auc': 0.7488}
val: {'epoch': 61, 'loss': 0.0944, 'lr': 0.001, 'params': 419103, 'time_iter': 1.9654, 'accuracy': 0.9796, 'precision': 0.0, 'recall': 0.0, 'f1': 0.0, 'auc': 0.7533}
train: {'epoch': 61, 'eta': 580740.4444, 'loss': 0.1414, 'lr': 0.001, 'params': 419103, 'time_iter': 14.7485, 'accuracy': 0.962, 'precision': 0.2791, 'recall': 0.0097, 'f1': 0.0188, 'auc': 0.7429}
val: {'epoch': 62, 'loss': 0.0943, 'lr': 0.001, 'params': 419103, 'time_iter': 2.0118, 'accuracy': 0.9803, 'precision': 0.5, 'recall': 0.0123, 'f1': 0.0241, 'auc': 0.7649}
train: {'epoch': 62, 'eta': 565368.4547, 'loss': 0.1413, 'lr': 0.001, 'params': 419103, 'time_iter': 14.7041, 'accuracy': 0.9622, 'precision': 0.3673, 'recall': 0.0146, 'f1': 0.0281, 'auc': 0.7439}
val: {'epoch': 63, 'loss': 0.0925, 'lr': 0.001, 'params': 419103, 'time_iter': 2.7687, 'accuracy': 0.9796, 'precision': 0.2, 'recall': 0.0123, 'f1': 0.0233, 'auc': 0.7758}
train: {'epoch': 63, 'eta': 550077.1127, 'loss': 0.1406, 'lr': 0.001, 'params': 419103, 'time_iter': 14.8304, 'accuracy': 0.9623, 'precision': 0.375, 'recall': 0.0122, 'f1': 0.0236, 'auc': 0.7518}
val: {'epoch': 64, 'loss': 0.0958, 'lr': 0.001, 'params': 419103, 'time_iter': 1.9351, 'accuracy': 0.9793, 'precision': 0.0, 'recall': 0.0, 'f1': 0.0, 'auc': 0.7692}
train: {'epoch': 64, 'eta': 534912.6373, 'loss': 0.1422, 'lr': 0.001, 'params': 419103, 'time_iter': 15.0576, 'accuracy': 0.9614, 'precision': 0.1754, 'recall': 0.0081, 'f1': 0.0155, 'auc': 0.7491}
val: {'epoch': 65, 'loss': 0.0935, 'lr': 0.001, 'params': 419103, 'time_iter': 1.91, 'accuracy': 0.9796, 'precision': 0.0, 'recall': 0.0, 'f1': 0.0, 'auc': 0.7853}
train: {'epoch': 65, 'eta': 519384.9751, 'loss': 0.1409, 'lr': 0.001, 'params': 419103, 'time_iter': 14.3914, 'accuracy': 0.9615, 'precision': 0.2097, 'recall': 0.0106, 'f1': 0.0201, 'auc': 0.7537}
val: {'epoch': 66, 'loss': 0.0934, 'lr': 0.001, 'params': 419103, 'time_iter': 2.0968, 'accuracy': 0.9796, 'precision': 0.0, 'recall': 0.0, 'f1': 0.0, 'auc': 0.7841}
train: {'epoch': 66, 'eta': 504109.6463, 'loss': 0.1408, 'lr': 0.001, 'params': 419103, 'time_iter': 14.8469, 'accuracy': 0.962, 'precision': 0.2857, 'recall': 0.0097, 'f1': 0.0188, 'auc': 0.7504}
val: {'epoch': 67, 'loss': 0.0936, 'lr': 0.001, 'params': 419103, 'time_iter': 2.0045, 'accuracy': 0.9803, 'precision': 0.5, 'recall': 0.0123, 'f1': 0.0241, 'auc': 0.7842}
train: {'epoch': 67, 'eta': 488998.892, 'loss': 0.1405, 'lr': 0.001, 'params': 419103, 'time_iter': 15.1869, 'accuracy': 0.962, 'precision': 0.3396, 'recall': 0.0146, 'f1': 0.028, 'auc': 0.7499}
val: {'epoch': 68, 'loss': 0.0897, 'lr': 0.001, 'params': 419103, 'time_iter': 2.0311, 'accuracy': 0.9803, 'precision': 0.5, 'recall': 0.0123, 'f1': 0.0241, 'auc': 0.7847}
train: {'epoch': 68, 'eta': 473776.5254, 'loss': 0.1404, 'lr': 0.001, 'params': 419103, 'time_iter': 14.9778, 'accuracy': 0.9621, 'precision': 0.3409, 'recall': 0.0122, 'f1': 0.0235, 'auc': 0.7515}
val: {'epoch': 69, 'loss': 0.0906, 'lr': 0.001, 'params': 419103, 'time_iter': 1.8503, 'accuracy': 0.9803, 'precision': 0.5, 'recall': 0.0123, 'f1': 0.0241, 'auc': 0.7828}
train: {'epoch': 69, 'eta': 458487.932, 'loss': 0.1403, 'lr': 0.001, 'params': 419103, 'time_iter': 14.84, 'accuracy': 0.962, 'precision': 0.3269, 'recall': 0.0138, 'f1': 0.0265, 'auc': 0.7558}
val: {'epoch': 70, 'loss': 0.0908, 'lr': 0.001, 'params': 419103, 'time_iter': 1.9599, 'accuracy': 0.9803, 'precision': 0.5, 'recall': 0.0123, 'f1': 0.0241, 'auc': 0.7838}
train: {'epoch': 70, 'eta': 443414.4953, 'loss': 0.1404, 'lr': 0.001, 'params': 419103, 'time_iter': 15.3507, 'accuracy': 0.9617, 'precision': 0.2941, 'recall': 0.0162, 'f1': 0.0308, 'auc': 0.7521}
val: {'epoch': 71, 'loss': 0.0922, 'lr': 0.001, 'params': 419103, 'time_iter': 1.9085, 'accuracy': 0.9801, 'precision': 0.0, 'recall': 0.0, 'f1': 0.0, 'auc': 0.7938}
train: {'epoch': 71, 'eta': 428148.2033, 'loss': 0.14, 'lr': 0.001, 'params': 419103, 'time_iter': 14.9189, 'accuracy': 0.9616, 'precision': 0.3077, 'recall': 0.0195, 'f1': 0.0366, 'auc': 0.7575}
val: {'epoch': 72, 'loss': 0.0917, 'lr': 0.001, 'params': 419103, 'time_iter': 1.8563, 'accuracy': 0.9801, 'precision': 0.0, 'recall': 0.0, 'f1': 0.0, 'auc': 0.7913}
train: {'epoch': 72, 'eta': 412874.323, 'loss': 0.14, 'lr': 0.001, 'params': 419103, 'time_iter': 14.9051, 'accuracy': 0.9619, 'precision': 0.3158, 'recall': 0.0146, 'f1': 0.0279, 'auc': 0.7559}
val: {'epoch': 73, 'loss': 0.0917, 'lr': 0.001, 'params': 419103, 'time_iter': 2.502, 'accuracy': 0.9796, 'precision': 0.0, 'recall': 0.0, 'f1': 0.0, 'auc': 0.7815}
train: {'epoch': 73, 'eta': 397640.7899, 'loss': 0.1394, 'lr': 0.001, 'params': 419103, 'time_iter': 15.0214, 'accuracy': 0.9619, 'precision': 0.3158, 'recall': 0.0146, 'f1': 0.0279, 'auc': 0.7575}
val: {'epoch': 74, 'loss': 0.093, 'lr': 0.001, 'params': 419103, 'time_iter': 2.0494, 'accuracy': 0.9801, 'precision': 0.4286, 'recall': 0.037, 'f1': 0.0682, 'auc': 0.7776}
train: {'epoch': 74, 'eta': 382659.131, 'loss': 0.1399, 'lr': 0.001, 'params': 419103, 'time_iter': 15.7731, 'accuracy': 0.9618, 'precision': 0.2833, 'recall': 0.0138, 'f1': 0.0263, 'auc': 0.7531}
val: {'epoch': 75, 'loss': 0.0938, 'lr': 0.001, 'params': 419103, 'time_iter': 2.0195, 'accuracy': 0.9793, 'precision': 0.0, 'recall': 0.0, 'f1': 0.0, 'auc': 0.781}
train: {'epoch': 75, 'eta': 367442.1541, 'loss': 0.1394, 'lr': 0.001, 'params': 419103, 'time_iter': 15.1501, 'accuracy': 0.9618, 'precision': 0.3188, 'recall': 0.0179, 'f1': 0.0338, 'auc': 0.756}
val: {'epoch': 76, 'loss': 0.0902, 'lr': 0.001, 'params': 419103, 'time_iter': 2.3276, 'accuracy': 0.9808, 'precision': 0.75, 'recall': 0.037, 'f1': 0.0706, 'auc': 0.7966}
train: {'epoch': 76, 'eta': 352175.3303, 'loss': 0.1393, 'lr': 0.001, 'params': 419103, 'time_iter': 15.0194, 'accuracy': 0.9614, 'precision': 0.2625, 'recall': 0.017, 'f1': 0.032, 'auc': 0.7575}
val: {'epoch': 77, 'loss': 0.0918, 'lr': 0.001, 'params': 419103, 'time_iter': 1.8589, 'accuracy': 0.9801, 'precision': 0.3333, 'recall': 0.0123, 'f1': 0.0238, 'auc': 0.7822}
train: {'epoch': 77, 'eta': 336864.8991, 'loss': 0.1395, 'lr': 0.001, 'params': 419103, 'time_iter': 14.8857, 'accuracy': 0.9619, 'precision': 0.3478, 'recall': 0.0195, 'f1': 0.0369, 'auc': 0.7502}
val: {'epoch': 78, 'loss': 0.0917, 'lr': 0.001, 'params': 419103, 'time_iter': 1.7818, 'accuracy': 0.9805, 'precision': 0.6, 'recall': 0.037, 'f1': 0.0698, 'auc': 0.7775}
train: {'epoch': 78, 'eta': 321486.7252, 'loss': 0.1395, 'lr': 0.001, 'params': 419103, 'time_iter': 14.6387, 'accuracy': 0.9621, 'precision': 0.3889, 'recall': 0.0227, 'f1': 0.0429, 'auc': 0.7574}
val: {'epoch': 79, 'loss': 0.0922, 'lr': 0.001, 'params': 419103, 'time_iter': 1.8274, 'accuracy': 0.9803, 'precision': 0.5, 'recall': 0.0247, 'f1': 0.0471, 'auc': 0.786}
train: {'epoch': 79, 'eta': 306160.6372, 'loss': 0.1393, 'lr': 0.001, 'params': 419103, 'time_iter': 14.8106, 'accuracy': 0.9619, 'precision': 0.3553, 'recall': 0.0219, 'f1': 0.0413, 'auc': 0.7543}
val: {'epoch': 80, 'loss': 0.0926, 'lr': 0.001, 'params': 419103, 'time_iter': 1.8369, 'accuracy': 0.9801, 'precision': 0.3333, 'recall': 0.0123, 'f1': 0.0238, 'auc': 0.7836}
train: {'epoch': 80, 'eta': 290942.5138, 'loss': 0.1393, 'lr': 0.001, 'params': 419103, 'time_iter': 15.2491, 'accuracy': 0.962, 'precision': 0.3797, 'recall': 0.0244, 'f1': 0.0458, 'auc': 0.7568}
val: {'epoch': 81, 'loss': 0.0909, 'lr': 0.001, 'params': 419103, 'time_iter': 1.8724, 'accuracy': 0.9801, 'precision': 0.0, 'recall': 0.0, 'f1': 0.0, 'auc': 0.784}
train: {'epoch': 81, 'eta': 275601.7932, 'loss': 0.1393, 'lr': 0.001, 'params': 419103, 'time_iter': 14.7574, 'accuracy': 0.9613, 'precision': 0.2619, 'recall': 0.0179, 'f1': 0.0334, 'auc': 0.7598}
val: {'epoch': 82, 'loss': 0.0931, 'lr': 0.001, 'params': 419103, 'time_iter': 1.9916, 'accuracy': 0.9801, 'precision': 0.0, 'recall': 0.0, 'f1': 0.0, 'auc': 0.7831}
train: {'epoch': 82, 'eta': 260293.0191, 'loss': 0.1394, 'lr': 0.001, 'params': 419103, 'time_iter': 14.8913, 'accuracy': 0.9617, 'precision': 0.3043, 'recall': 0.017, 'f1': 0.0323, 'auc': 0.7565}
val: {'epoch': 83, 'loss': 0.0892, 'lr': 0.001, 'params': 419103, 'time_iter': 2.4184, 'accuracy': 0.9801, 'precision': 0.0, 'recall': 0.0, 'f1': 0.0, 'auc': 0.8}
train: {'epoch': 83, 'eta': 245018.097, 'loss': 0.1393, 'lr': 0.001, 'params': 419103, 'time_iter': 15.0657, 'accuracy': 0.9618, 'precision': 0.303, 'recall': 0.0162, 'f1': 0.0308, 'auc': 0.7558}
val: {'epoch': 84, 'loss': 0.0898, 'lr': 0.001, 'params': 419103, 'time_iter': 1.8971, 'accuracy': 0.9805, 'precision': 0.6, 'recall': 0.037, 'f1': 0.0698, 'auc': 0.7928}
train: {'epoch': 84, 'eta': 229798.7231, 'loss': 0.1391, 'lr': 0.001, 'params': 419103, 'time_iter': 15.4011, 'accuracy': 0.9619, 'precision': 0.3333, 'recall': 0.0187, 'f1': 0.0354, 'auc': 0.757}
val: {'epoch': 85, 'loss': 0.0891, 'lr': 0.001, 'params': 419103, 'time_iter': 1.913, 'accuracy': 0.9798, 'precision': 0.0, 'recall': 0.0, 'f1': 0.0, 'auc': 0.8001}
train: {'epoch': 85, 'eta': 214431.9926, 'loss': 0.1391, 'lr': 0.001, 'params': 419103, 'time_iter': 14.6087, 'accuracy': 0.9619, 'precision': 0.3514, 'recall': 0.0211, 'f1': 0.0398, 'auc': 0.7588}
val: {'epoch': 86, 'loss': 0.094, 'lr': 0.001, 'params': 419103, 'time_iter': 1.8634, 'accuracy': 0.9798, 'precision': 0.0, 'recall': 0.0, 'f1': 0.0, 'auc': 0.7818}
train: {'epoch': 86, 'eta': 199115.6472, 'loss': 0.1395, 'lr': 0.001, 'params': 419103, 'time_iter': 14.8864, 'accuracy': 0.9619, 'precision': 0.3571, 'recall': 0.0203, 'f1': 0.0384, 'auc': 0.7551}
val: {'epoch': 87, 'loss': 0.0919, 'lr': 0.001, 'params': 419103, 'time_iter': 1.8634, 'accuracy': 0.9801, 'precision': 0.3333, 'recall': 0.0123, 'f1': 0.0238, 'auc': 0.7797}
train: {'epoch': 87, 'eta': 183863.8765, 'loss': 0.1398, 'lr': 0.001, 'params': 419103, 'time_iter': 15.3469, 'accuracy': 0.9622, 'precision': 0.3934, 'recall': 0.0195, 'f1': 0.0371, 'auc': 0.7509}
val: {'epoch': 88, 'loss': 0.0941, 'lr': 0.001, 'params': 419103, 'time_iter': 1.9654, 'accuracy': 0.9805, 'precision': 0.6, 'recall': 0.037, 'f1': 0.0698, 'auc': 0.7725}
train: {'epoch': 88, 'eta': 168541.9867, 'loss': 0.1404, 'lr': 0.001, 'params': 419103, 'time_iter': 14.891, 'accuracy': 0.9619, 'precision': 0.3553, 'recall': 0.0219, 'f1': 0.0413, 'auc': 0.7489}
val: {'epoch': 89, 'loss': 0.0907, 'lr': 0.001, 'params': 419103, 'time_iter': 1.8539, 'accuracy': 0.9803, 'precision': 0.5, 'recall': 0.0494, 'f1': 0.0899, 'auc': 0.7729}
train: {'epoch': 89, 'eta': 153209.0146, 'loss': 0.1394, 'lr': 0.001, 'params': 419103, 'time_iter': 14.7942, 'accuracy': 0.962, 'precision': 0.3882, 'recall': 0.0268, 'f1': 0.0501, 'auc': 0.7571}
val: {'epoch': 90, 'loss': 0.0905, 'lr': 0.001, 'params': 419103, 'time_iter': 2.0046, 'accuracy': 0.9803, 'precision': 0.5, 'recall': 0.0247, 'f1': 0.0471, 'auc': 0.8001}
train: {'epoch': 90, 'eta': 137917.6397, 'loss': 0.1397, 'lr': 0.001, 'params': 419103, 'time_iter': 15.1792, 'accuracy': 0.9623, 'precision': 0.4444, 'recall': 0.026, 'f1': 0.0491, 'auc': 0.7519}
val: {'epoch': 91, 'loss': 0.0906, 'lr': 0.001, 'params': 419103, 'time_iter': 1.9084, 'accuracy': 0.9801, 'precision': 0.3333, 'recall': 0.0123, 'f1': 0.0238, 'auc': 0.7944}
train: {'epoch': 91, 'eta': 122585.6949, 'loss': 0.1394, 'lr': 0.001, 'params': 419103, 'time_iter': 14.8056, 'accuracy': 0.9619, 'precision': 0.369, 'recall': 0.0252, 'f1': 0.0471, 'auc': 0.7582}
val: {'epoch': 92, 'loss': 0.0949, 'lr': 0.001, 'params': 419103, 'time_iter': 1.9261, 'accuracy': 0.9801, 'precision': 0.0, 'recall': 0.0, 'f1': 0.0, 'auc': 0.7932}
train: {'epoch': 92, 'eta': 107287.6766, 'loss': 0.1403, 'lr': 0.001, 'params': 419103, 'time_iter': 15.2166, 'accuracy': 0.962, 'precision': 0.3929, 'recall': 0.0268, 'f1': 0.0502, 'auc': 0.7483}
val: {'epoch': 93, 'loss': 0.0925, 'lr': 0.001, 'params': 419103, 'time_iter': 2.966, 'accuracy': 0.9801, 'precision': 0.0, 'recall': 0.0, 'f1': 0.0, 'auc': 0.7796}
train: {'epoch': 93, 'eta': 91966.4319, 'loss': 0.1406, 'lr': 0.001, 'params': 419103, 'time_iter': 14.9796, 'accuracy': 0.9622, 'precision': 0.4302, 'recall': 0.03, 'f1': 0.0561, 'auc': 0.7497}
val: {'epoch': 94, 'loss': 0.0904, 'lr': 0.001, 'params': 419103, 'time_iter': 1.8694, 'accuracy': 0.981, 'precision': 0.6667, 'recall': 0.0741, 'f1': 0.1333, 'auc': 0.7895}
train: {'epoch': 94, 'eta': 76628.3793, 'loss': 0.1399, 'lr': 0.001, 'params': 419103, 'time_iter': 14.7053, 'accuracy': 0.9622, 'precision': 0.3898, 'recall': 0.0187, 'f1': 0.0356, 'auc': 0.7522}
val: {'epoch': 95, 'loss': 0.0921, 'lr': 0.001, 'params': 419103, 'time_iter': 1.9383, 'accuracy': 0.9798, 'precision': 0.0, 'recall': 0.0, 'f1': 0.0, 'auc': 0.7887}
train: {'epoch': 95, 'eta': 61285.6533, 'loss': 0.1402, 'lr': 0.001, 'params': 419103, 'time_iter': 14.4961, 'accuracy': 0.9619, 'precision': 0.3506, 'recall': 0.0219, 'f1': 0.0413, 'auc': 0.7506}
val: {'epoch': 96, 'loss': 0.0928, 'lr': 0.001, 'params': 419103, 'time_iter': 2.2332, 'accuracy': 0.9808, 'precision': 0.625, 'recall': 0.0617, 'f1': 0.1124, 'auc': 0.7855}
train: {'epoch': 96, 'eta': 45970.4249, 'loss': 0.1406, 'lr': 0.001, 'params': 419103, 'time_iter': 15.084, 'accuracy': 0.9621, 'precision': 0.3889, 'recall': 0.0227, 'f1': 0.0429, 'auc': 0.7527}
val: {'epoch': 97, 'loss': 0.092, 'lr': 0.001, 'params': 419103, 'time_iter': 1.7692, 'accuracy': 0.9801, 'precision': 0.0, 'recall': 0.0, 'f1': 0.0, 'auc': 0.7915}
train: {'epoch': 97, 'eta': 30650.1977, 'loss': 0.1404, 'lr': 0.001, 'params': 419103, 'time_iter': 15.0463, 'accuracy': 0.962, 'precision': 0.3816, 'recall': 0.0235, 'f1': 0.0443, 'auc': 0.7529}
val: {'epoch': 98, 'loss': 0.0919, 'lr': 0.001, 'params': 419103, 'time_iter': 2.043, 'accuracy': 0.9808, 'precision': 0.6667, 'recall': 0.0494, 'f1': 0.092, 'auc': 0.7742}
train: {'epoch': 98, 'eta': 15323.1355, 'loss': 0.14, 'lr': 0.001, 'params': 419103, 'time_iter': 14.7043, 'accuracy': 0.9618, 'precision': 0.3182, 'recall': 0.017, 'f1': 0.0324, 'auc': 0.7578}
val: {'epoch': 99, 'loss': 0.0945, 'lr': 0.001, 'params': 419103, 'time_iter': 1.904, 'accuracy': 0.9803, 'precision': 0.5, 'recall': 0.0247, 'f1': 0.0471, 'auc': 0.7655}
train: {'epoch': 99, 'eta': 0.0, 'loss': 0.1387, 'lr': 0.001, 'params': 419103, 'time_iter': 15.2475, 'accuracy': 0.9618, 'precision': 0.3377, 'recall': 0.0211, 'f1': 0.0397, 'auc': 0.7646}
test: {'epoch': 99, 'loss': 0.1591, 'lr': 0.001, 'params': 419103, 'time_iter': 1.7311, 'accuracy': 0.9672, 'precision': 0.0, 'recall': 0.0, 'f1': 0.0, 'auc': 0.7091}
test: {'epoch': 48, 'loss': 0.1535, 'lr': 0.001, 'params': 419103, 'time_iter': 1.6798, 'accuracy': 0.9677, 'precision': 0.0, 'recall': 0.0, 'f1': 0.0, 'auc': 0.7221}
