GraphGymModule(
  (model): DilatedGNNModel(
    (encoder): FeatureEncoder(
      (node_encoder): AtomEncoder(
        (atom_embedding_list): ModuleList(
          (0): Embedding(119, 300)
          (1): Embedding(4, 300)
          (2): Embedding(12, 300)
          (3): Embedding(12, 300)
          (4): Embedding(10, 300)
          (5): Embedding(6, 300)
          (6): Embedding(6, 300)
          (7): Embedding(2, 300)
          (8): Embedding(2, 300)
        )
      )
      (edge_encoder): BondEncoder(
        (bond_embedding_list): ModuleList(
          (0): Embedding(5, 300)
          (1): Embedding(6, 300)
          (2): Embedding(2, 300)
        )
      )
    )
    (mp): GNNDilatedStage(
      (classic_layers): ModuleList(
        (0): GeneralLayer(
          (layer): EGINConv(
            (model): GINEConv(nn=Sequential(
              (0): Linear(300, 300, bias=True)
              (1): ReLU()
              (2): Linear(300, 300, bias=True)
            ))
          )
          (post_layer): Sequential(
            (0): BatchNorm1d(300, eps=1e-05, momentum=0.1, affine=True, track_running_stats=True)
            (1): Dropout(p=0.5, inplace=False)
            (2): ReLU()
          )
        )
        (1): GeneralLayer(
          (layer): EGINConv(
            (model): GINEConv(nn=Sequential(
              (0): Linear(300, 300, bias=True)
              (1): ReLU()
              (2): Linear(300, 300, bias=True)
            ))
          )
          (post_layer): Sequential(
            (0): BatchNorm1d(300, eps=1e-05, momentum=0.1, affine=True, track_running_stats=True)
            (1): Dropout(p=0.5, inplace=False)
            (2): ReLU()
          )
        )
      )
      (dilated_layers): ModuleList(
        (0): DilatedGeneralLayer(
          (layer): EGINConv(
            (model): GINEConv(nn=Sequential(
              (0): Linear(300, 300, bias=True)
              (1): ReLU()
              (2): Linear(300, 300, bias=True)
            ))
          )
          (post_layer): Sequential(
            (0): BatchNorm1d(300, eps=1e-05, momentum=0.1, affine=True, track_running_stats=True)
            (1): Dropout(p=0.5, inplace=False)
            (2): ReLU()
          )
          (gem): GeM(p=3.0000, eps=1e-06)
        )
        (1): DilatedGeneralLayer(
          (layer): EGINConv(
            (model): GINEConv(nn=Sequential(
              (0): Linear(300, 300, bias=True)
              (1): ReLU()
              (2): Linear(300, 300, bias=True)
            ))
          )
          (post_layer): Sequential(
            (0): BatchNorm1d(300, eps=1e-05, momentum=0.1, affine=True, track_running_stats=True)
            (1): Dropout(p=0.5, inplace=False)
            (2): ReLU()
          )
          (gem): GeM(p=3.0000, eps=1e-06)
        )
      )
      (act): ReLU()
    )
    (post_mp): GNNGraphHead(
      (layer_post_mp): MLP(
        (model): Sequential(
          (0): Linear(
            (model): Linear(600, 1, bias=True)
          )
        )
      )
    )
  )
)
accelerator: cuda
benchmark: False
bn:
  eps: 1e-05
  mom: 0.1
cfg_dest: config.yaml
custom_metrics: []
dataset:
  cache_load: False
  cache_save: False
  dir: ./datasets
  edge_dim: 300
  edge_encoder: True
  edge_encoder_bn: False
  edge_encoder_name: Bond
  edge_message_ratio: 0.8
  edge_negative_sampling_ratio: 1.0
  edge_train_mode: all
  encoder: True
  encoder_bn: True
  encoder_dim: 128
  encoder_name: db
  fast_loader: False
  format: OGB
  label_column: none
  label_table: none
  location: local
  name: ogbg-molhiv
  node_encoder: True
  node_encoder_bn: False
  node_encoder_name: Atom
  remove_feature: False
  resample_disjoint: False
  resample_negative: False
  shuffle_split: True
  split: [0.8, 0.1, 0.1]
  split_mode: random
  task: graph
  task_type: classification
  to_undirected: False
  transductive: False
  transform: none
  tu_simple: True
devices: 1
gnn:
  act: relu
  act_on_last_layer_mp: False
  agg: none
  att_final_linear: False
  att_final_linear_bn: False
  att_heads: 1
  batchnorm: True
  clear_feature: True
  dilated_path_join: concat
  dim_inner: 300
  dropout: 0.5
  head: graph
  keep_edge: 0.5
  l2norm: True
  layer_type: eginconv
  layers_k1: 2
  layers_k2: 2
  layers_mp: 5
  layers_post_mp: 1
  layers_pre_mp: 0
  learn_alpha_residual_connection: True
  msg_direction: single
  normalize_adj: False
  self_msg: concat
  skip_every: 1
  stage_type: stack
  use_edge_features: True
gpu_mem: False
mem:
  inplace: False
metric_agg: argmax
metric_best: auc
model:
  edge_decoding: dot
  graph_pooling: mean
  loss_fun: cross_entropy
  match_upper: True
  size_average: mean
  thresh: 0.5
  type: dilated_gnn
num_threads: 6
num_workers: 16
optim:
  base_lr: 0.001
  lr_decay: 0.1
  max_epoch: 100
  momentum: 0.9
  optimizer: adam
  scheduler: none
  steps: [30, 60, 90]
  weight_decay: 0.0
out_dir: results_experiments/ogbg_molhiv_baseline_grid_design/ogbg_molhiv_baseline-type=dilated_gnn-layer_type=eginconv-layers_k1=2-layers_k2=2-dilated_path_join=concat-learn_alpha_residual_connection=True
params: 1142405
print: both
round: 4
run_dir: results_experiments/ogbg_molhiv_baseline_grid_design/ogbg_molhiv_baseline-type=dilated_gnn-layer_type=eginconv-layers_k1=2-layers_k2=2-dilated_path_join=concat-learn_alpha_residual_connection=True/6
seed: 7
share:
  dim_in: 9
  dim_out: 2
  num_splits: 3
tensorboard_agg: True
tensorboard_each_run: False
train:
  auto_resume: False
  batch_size: 32
  ckpt_clean: True
  ckpt_period: 100
  enable_ckpt: True
  epoch_resume: -1
  eval_period: 1
  iter_per_epoch: 32
  neighbor_sizes: [20, 15, 10, 5]
  node_per_graph: 32
  radius: extend
  sample_node: False
  sampler: full_batch
  skip_train_eval: False
  walk_length: 4
val:
  node_per_graph: 32
  radius: extend
  sample_node: False
  sampler: full_batch
view_emb: False
Num parameters: 1142405
val: {'epoch': 0, 'loss': 0.7024, 'lr': 0.001, 'params': 1142405, 'time_iter': 1.0391, 'accuracy': 0.0156, 'precision': 0.0156, 'recall': 1.0, 'f1': 0.0308, 'auc': 0.0794}
val: {'epoch': 0, 'loss': 0.0901, 'lr': 0.001, 'params': 1142405, 'time_iter': 2.7161, 'accuracy': 0.9803, 'precision': 0.0, 'recall': 0.0, 'f1': 0.0, 'auc': 0.7243}
train: {'epoch': 0, 'eta': 1558463.7624, 'loss': 0.1819, 'lr': 0.001, 'params': 1142405, 'time_iter': 15.2984, 'accuracy': 0.9619, 'precision': 0.08, 'recall': 0.0016, 'f1': 0.0032, 'auc': 0.5793}
val: {'epoch': 1, 'loss': 0.0916, 'lr': 0.001, 'params': 1142405, 'time_iter': 2.7087, 'accuracy': 0.9803, 'precision': 0.0, 'recall': 0.0, 'f1': 0.0, 'auc': 0.7068}
train: {'epoch': 1, 'eta': 1519780.3582, 'loss': 0.1527, 'lr': 0.001, 'params': 1142405, 'time_iter': 14.8434, 'accuracy': 0.9626, 'precision': 0.0, 'recall': 0.0, 'f1': 0.0, 'auc': 0.6447}
val: {'epoch': 2, 'loss': 0.0918, 'lr': 0.001, 'params': 1142405, 'time_iter': 2.463, 'accuracy': 0.9803, 'precision': 0.0, 'recall': 0.0, 'f1': 0.0, 'auc': 0.6726}
train: {'epoch': 2, 'eta': 1511023.1747, 'loss': 0.1506, 'lr': 0.001, 'params': 1142405, 'time_iter': 15.2738, 'accuracy': 0.9626, 'precision': 0.0, 'recall': 0.0, 'f1': 0.0, 'auc': 0.6624}
val: {'epoch': 3, 'loss': 0.0886, 'lr': 0.001, 'params': 1142405, 'time_iter': 2.6731, 'accuracy': 0.9803, 'precision': 0.0, 'recall': 0.0, 'f1': 0.0, 'auc': 0.7155}
train: {'epoch': 3, 'eta': 1497869.7243, 'loss': 0.1471, 'lr': 0.001, 'params': 1142405, 'time_iter': 15.2367, 'accuracy': 0.9626, 'precision': 0.0, 'recall': 0.0, 'f1': 0.0, 'auc': 0.6913}
val: {'epoch': 4, 'loss': 0.0879, 'lr': 0.001, 'params': 1142405, 'time_iter': 2.9955, 'accuracy': 0.9808, 'precision': 1.0, 'recall': 0.0247, 'f1': 0.0482, 'auc': 0.7506}
train: {'epoch': 4, 'eta': 1480023.1027, 'loss': 0.1432, 'lr': 0.001, 'params': 1142405, 'time_iter': 15.0483, 'accuracy': 0.9625, 'precision': 0.0, 'recall': 0.0, 'f1': 0.0, 'auc': 0.7185}
val: {'epoch': 5, 'loss': 0.086, 'lr': 0.001, 'params': 1142405, 'time_iter': 2.6159, 'accuracy': 0.9813, 'precision': 1.0, 'recall': 0.0494, 'f1': 0.0941, 'auc': 0.7664}
train: {'epoch': 5, 'eta': 1466503.2796, 'loss': 0.141, 'lr': 0.001, 'params': 1142405, 'time_iter': 15.2679, 'accuracy': 0.9628, 'precision': 0.6842, 'recall': 0.0106, 'f1': 0.0208, 'auc': 0.7329}
val: {'epoch': 6, 'loss': 0.0876, 'lr': 0.001, 'params': 1142405, 'time_iter': 2.777, 'accuracy': 0.981, 'precision': 0.7143, 'recall': 0.0617, 'f1': 0.1136, 'auc': 0.7578}
train: {'epoch': 6, 'eta': 1446583.7965, 'loss': 0.1384, 'lr': 0.001, 'params': 1142405, 'time_iter': 14.8455, 'accuracy': 0.9633, 'precision': 0.7222, 'recall': 0.0317, 'f1': 0.0607, 'auc': 0.7427}
val: {'epoch': 7, 'loss': 0.088, 'lr': 0.001, 'params': 1142405, 'time_iter': 2.5164, 'accuracy': 0.9815, 'precision': 0.6316, 'recall': 0.1481, 'f1': 0.24, 'auc': 0.7369}
train: {'epoch': 7, 'eta': 1428527.2363, 'loss': 0.1372, 'lr': 0.001, 'params': 1142405, 'time_iter': 14.9049, 'accuracy': 0.9633, 'precision': 0.7031, 'recall': 0.0365, 'f1': 0.0694, 'auc': 0.7522}
val: {'epoch': 8, 'loss': 0.0843, 'lr': 0.001, 'params': 1142405, 'time_iter': 2.5629, 'accuracy': 0.9803, 'precision': 0.5, 'recall': 0.1111, 'f1': 0.1818, 'auc': 0.7668}
train: {'epoch': 8, 'eta': 1414151.1685, 'loss': 0.1337, 'lr': 0.001, 'params': 1142405, 'time_iter': 15.2005, 'accuracy': 0.9645, 'precision': 0.75, 'recall': 0.0779, 'f1': 0.1412, 'auc': 0.7671}
val: {'epoch': 9, 'loss': 0.0855, 'lr': 0.001, 'params': 1142405, 'time_iter': 2.8354, 'accuracy': 0.9805, 'precision': 0.5294, 'recall': 0.1111, 'f1': 0.1837, 'auc': 0.7388}
train: {'epoch': 9, 'eta': 1392917.5705, 'loss': 0.1326, 'lr': 0.001, 'params': 1142405, 'time_iter': 14.4874, 'accuracy': 0.9647, 'precision': 0.7117, 'recall': 0.0942, 'f1': 0.1663, 'auc': 0.7713}
val: {'epoch': 10, 'loss': 0.0832, 'lr': 0.001, 'params': 1142405, 'time_iter': 2.5413, 'accuracy': 0.9801, 'precision': 0.4762, 'recall': 0.1235, 'f1': 0.1961, 'auc': 0.7668}
train: {'epoch': 10, 'eta': 1377070.3193, 'loss': 0.1315, 'lr': 0.001, 'params': 1142405, 'time_iter': 14.9962, 'accuracy': 0.9643, 'precision': 0.663, 'recall': 0.0974, 'f1': 0.1699, 'auc': 0.7772}
val: {'epoch': 11, 'loss': 0.085, 'lr': 0.001, 'params': 1142405, 'time_iter': 2.6695, 'accuracy': 0.9825, 'precision': 0.9091, 'recall': 0.1235, 'f1': 0.2174, 'auc': 0.7379}
train: {'epoch': 11, 'eta': 1357469.5292, 'loss': 0.1302, 'lr': 0.001, 'params': 1142405, 'time_iter': 14.4896, 'accuracy': 0.9648, 'precision': 0.6995, 'recall': 0.1039, 'f1': 0.1809, 'auc': 0.7886}
val: {'epoch': 12, 'loss': 0.0851, 'lr': 0.001, 'params': 1142405, 'time_iter': 2.587, 'accuracy': 0.9786, 'precision': 0.4, 'recall': 0.1728, 'f1': 0.2414, 'auc': 0.7506}
train: {'epoch': 12, 'eta': 1338629.1701, 'loss': 0.1287, 'lr': 0.001, 'params': 1142405, 'time_iter': 14.4952, 'accuracy': 0.9648, 'precision': 0.6832, 'recall': 0.112, 'f1': 0.1925, 'auc': 0.7907}
val: {'epoch': 13, 'loss': 0.0809, 'lr': 0.001, 'params': 1142405, 'time_iter': 2.6846, 'accuracy': 0.981, 'precision': 0.5789, 'recall': 0.1358, 'f1': 0.22, 'auc': 0.765}
train: {'epoch': 13, 'eta': 1320442.7384, 'loss': 0.1267, 'lr': 0.001, 'params': 1142405, 'time_iter': 14.51, 'accuracy': 0.9653, 'precision': 0.6974, 'recall': 0.1291, 'f1': 0.2178, 'auc': 0.7937}
val: {'epoch': 14, 'loss': 0.0832, 'lr': 0.001, 'params': 1142405, 'time_iter': 2.6763, 'accuracy': 0.9788, 'precision': 0.4375, 'recall': 0.2593, 'f1': 0.3256, 'auc': 0.7689}
train: {'epoch': 14, 'eta': 1303353.602, 'loss': 0.1252, 'lr': 0.001, 'params': 1142405, 'time_iter': 14.6237, 'accuracy': 0.9651, 'precision': 0.664, 'recall': 0.1364, 'f1': 0.2263, 'auc': 0.7991}
val: {'epoch': 15, 'loss': 0.0863, 'lr': 0.001, 'params': 1142405, 'time_iter': 2.6214, 'accuracy': 0.981, 'precision': 0.6154, 'recall': 0.0988, 'f1': 0.1702, 'auc': 0.7494}
train: {'epoch': 15, 'eta': 1286696.1759, 'loss': 0.1246, 'lr': 0.001, 'params': 1142405, 'time_iter': 14.6564, 'accuracy': 0.9655, 'precision': 0.6844, 'recall': 0.1461, 'f1': 0.2408, 'auc': 0.8016}
val: {'epoch': 16, 'loss': 0.0798, 'lr': 0.001, 'params': 1142405, 'time_iter': 2.593, 'accuracy': 0.9805, 'precision': 0.5161, 'recall': 0.1975, 'f1': 0.2857, 'auc': 0.7697}
train: {'epoch': 16, 'eta': 1267682.8299, 'loss': 0.1224, 'lr': 0.001, 'params': 1142405, 'time_iter': 14.1505, 'accuracy': 0.9655, 'precision': 0.6714, 'recall': 0.1542, 'f1': 0.2508, 'auc': 0.8143}
val: {'epoch': 17, 'loss': 0.0793, 'lr': 0.001, 'params': 1142405, 'time_iter': 2.9333, 'accuracy': 0.9815, 'precision': 0.5758, 'recall': 0.2346, 'f1': 0.3333, 'auc': 0.7699}
train: {'epoch': 17, 'eta': 1252565.1289, 'loss': 0.1214, 'lr': 0.001, 'params': 1142405, 'time_iter': 14.876, 'accuracy': 0.9658, 'precision': 0.6789, 'recall': 0.1648, 'f1': 0.2652, 'auc': 0.8189}
val: {'epoch': 18, 'loss': 0.0869, 'lr': 0.001, 'params': 1142405, 'time_iter': 2.5787, 'accuracy': 0.9801, 'precision': 0.4615, 'recall': 0.0741, 'f1': 0.1277, 'auc': 0.7619}
train: {'epoch': 18, 'eta': 1239450.6477, 'loss': 0.12, 'lr': 0.001, 'params': 1142405, 'time_iter': 15.3372, 'accuracy': 0.9661, 'precision': 0.6918, 'recall': 0.1713, 'f1': 0.2746, 'auc': 0.8176}
val: {'epoch': 19, 'loss': 0.0843, 'lr': 0.001, 'params': 1142405, 'time_iter': 2.8544, 'accuracy': 0.9808, 'precision': 0.6667, 'recall': 0.0494, 'f1': 0.092, 'auc': 0.8012}
train: {'epoch': 19, 'eta': 1224401.6438, 'loss': 0.1199, 'lr': 0.001, 'params': 1142405, 'time_iter': 14.932, 'accuracy': 0.9661, 'precision': 0.6758, 'recall': 0.181, 'f1': 0.2855, 'auc': 0.8213}
val: {'epoch': 20, 'loss': 0.078, 'lr': 0.001, 'params': 1142405, 'time_iter': 2.5831, 'accuracy': 0.9818, 'precision': 0.6667, 'recall': 0.1481, 'f1': 0.2424, 'auc': 0.8135}
train: {'epoch': 20, 'eta': 1208570.1831, 'loss': 0.1188, 'lr': 0.001, 'params': 1142405, 'time_iter': 14.7377, 'accuracy': 0.9663, 'precision': 0.6965, 'recall': 0.1769, 'f1': 0.2822, 'auc': 0.824}
val: {'epoch': 21, 'loss': 0.0843, 'lr': 0.001, 'params': 1142405, 'time_iter': 2.6126, 'accuracy': 0.9808, 'precision': 0.5714, 'recall': 0.0988, 'f1': 0.1684, 'auc': 0.7967}
train: {'epoch': 21, 'eta': 1193391.8123, 'loss': 0.1181, 'lr': 0.001, 'params': 1142405, 'time_iter': 14.9001, 'accuracy': 0.9666, 'precision': 0.7025, 'recall': 0.1859, 'f1': 0.294, 'auc': 0.8276}
val: {'epoch': 22, 'loss': 0.0844, 'lr': 0.001, 'params': 1142405, 'time_iter': 2.8235, 'accuracy': 0.9779, 'precision': 0.3333, 'recall': 0.1235, 'f1': 0.1802, 'auc': 0.7916}
train: {'epoch': 22, 'eta': 1178478.2091, 'loss': 0.1168, 'lr': 0.001, 'params': 1142405, 'time_iter': 14.9808, 'accuracy': 0.9678, 'precision': 0.735, 'recall': 0.2183, 'f1': 0.3367, 'auc': 0.8281}
val: {'epoch': 23, 'loss': 0.0848, 'lr': 0.001, 'params': 1142405, 'time_iter': 2.5767, 'accuracy': 0.9793, 'precision': 0.4474, 'recall': 0.2099, 'f1': 0.2857, 'auc': 0.7847}
train: {'epoch': 23, 'eta': 1162782.2157, 'loss': 0.1162, 'lr': 0.001, 'params': 1142405, 'time_iter': 14.7536, 'accuracy': 0.9666, 'precision': 0.6863, 'recall': 0.1989, 'f1': 0.3084, 'auc': 0.8343}
val: {'epoch': 24, 'loss': 0.0837, 'lr': 0.001, 'params': 1142405, 'time_iter': 2.7009, 'accuracy': 0.981, 'precision': 0.5652, 'recall': 0.1605, 'f1': 0.25, 'auc': 0.7795}
train: {'epoch': 24, 'eta': 1149131.5821, 'loss': 0.1156, 'lr': 0.001, 'params': 1142405, 'time_iter': 15.4028, 'accuracy': 0.9675, 'precision': 0.7245, 'recall': 0.2135, 'f1': 0.3298, 'auc': 0.8312}
val: {'epoch': 25, 'loss': 0.0856, 'lr': 0.001, 'params': 1142405, 'time_iter': 2.7988, 'accuracy': 0.9808, 'precision': 0.5625, 'recall': 0.1111, 'f1': 0.1856, 'auc': 0.7871}
train: {'epoch': 25, 'eta': 1135298.6776, 'loss': 0.1144, 'lr': 0.001, 'params': 1142405, 'time_iter': 15.3983, 'accuracy': 0.9668, 'precision': 0.688, 'recall': 0.2094, 'f1': 0.3211, 'auc': 0.8379}
val: {'epoch': 26, 'loss': 0.0866, 'lr': 0.001, 'params': 1142405, 'time_iter': 2.6764, 'accuracy': 0.981, 'precision': 0.6667, 'recall': 0.0741, 'f1': 0.1333, 'auc': 0.8093}
train: {'epoch': 26, 'eta': 1119978.6595, 'loss': 0.1143, 'lr': 0.001, 'params': 1142405, 'time_iter': 14.9174, 'accuracy': 0.967, 'precision': 0.6899, 'recall': 0.2167, 'f1': 0.3298, 'auc': 0.841}
val: {'epoch': 27, 'loss': 0.087, 'lr': 0.001, 'params': 1142405, 'time_iter': 2.9798, 'accuracy': 0.9779, 'precision': 0.3438, 'recall': 0.1358, 'f1': 0.1947, 'auc': 0.7889}
train: {'epoch': 27, 'eta': 1105922.662, 'loss': 0.1149, 'lr': 0.001, 'params': 1142405, 'time_iter': 15.3959, 'accuracy': 0.9672, 'precision': 0.6935, 'recall': 0.224, 'f1': 0.3387, 'auc': 0.8347}
val: {'epoch': 28, 'loss': 0.0851, 'lr': 0.001, 'params': 1142405, 'time_iter': 2.4824, 'accuracy': 0.9823, 'precision': 0.9, 'recall': 0.1111, 'f1': 0.1978, 'auc': 0.7923}
train: {'epoch': 28, 'eta': 1090678.0044, 'loss': 0.114, 'lr': 0.001, 'params': 1142405, 'time_iter': 14.9729, 'accuracy': 0.9681, 'precision': 0.7447, 'recall': 0.2273, 'f1': 0.3483, 'auc': 0.8363}
val: {'epoch': 29, 'loss': 0.0785, 'lr': 0.001, 'params': 1142405, 'time_iter': 2.6188, 'accuracy': 0.9823, 'precision': 0.6538, 'recall': 0.2099, 'f1': 0.3178, 'auc': 0.8135}
train: {'epoch': 29, 'eta': 1075016.0043, 'loss': 0.1136, 'lr': 0.001, 'params': 1142405, 'time_iter': 14.8036, 'accuracy': 0.9675, 'precision': 0.6976, 'recall': 0.2321, 'f1': 0.3484, 'auc': 0.8396}
val: {'epoch': 30, 'loss': 0.0865, 'lr': 0.001, 'params': 1142405, 'time_iter': 2.9704, 'accuracy': 0.9796, 'precision': 0.4286, 'recall': 0.1111, 'f1': 0.1765, 'auc': 0.7589}
train: {'epoch': 30, 'eta': 1060083.5653, 'loss': 0.111, 'lr': 0.001, 'params': 1142405, 'time_iter': 15.1101, 'accuracy': 0.9688, 'precision': 0.7494, 'recall': 0.25, 'f1': 0.3749, 'auc': 0.8487}
val: {'epoch': 31, 'loss': 0.0831, 'lr': 0.001, 'params': 1142405, 'time_iter': 2.6029, 'accuracy': 0.981, 'precision': 0.6, 'recall': 0.1111, 'f1': 0.1875, 'auc': 0.8033}
train: {'epoch': 31, 'eta': 1045027.3016, 'loss': 0.1112, 'lr': 0.001, 'params': 1142405, 'time_iter': 15.0711, 'accuracy': 0.969, 'precision': 0.7518, 'recall': 0.2581, 'f1': 0.3843, 'auc': 0.8482}
val: {'epoch': 32, 'loss': 0.0815, 'lr': 0.001, 'params': 1142405, 'time_iter': 2.7187, 'accuracy': 0.9813, 'precision': 0.6111, 'recall': 0.1358, 'f1': 0.2222, 'auc': 0.8215}
train: {'epoch': 32, 'eta': 1029018.6403, 'loss': 0.1104, 'lr': 0.001, 'params': 1142405, 'time_iter': 14.6283, 'accuracy': 0.9686, 'precision': 0.7292, 'recall': 0.2557, 'f1': 0.3786, 'auc': 0.8474}
val: {'epoch': 33, 'loss': 0.0781, 'lr': 0.001, 'params': 1142405, 'time_iter': 2.5178, 'accuracy': 0.981, 'precision': 0.56, 'recall': 0.1728, 'f1': 0.2642, 'auc': 0.8155}
train: {'epoch': 33, 'eta': 1013036.9353, 'loss': 0.1113, 'lr': 0.001, 'params': 1142405, 'time_iter': 14.6136, 'accuracy': 0.9683, 'precision': 0.7295, 'recall': 0.2451, 'f1': 0.367, 'auc': 0.8474}
val: {'epoch': 34, 'loss': 0.083, 'lr': 0.001, 'params': 1142405, 'time_iter': 2.5549, 'accuracy': 0.982, 'precision': 0.7059, 'recall': 0.1481, 'f1': 0.2449, 'auc': 0.8097}
train: {'epoch': 34, 'eta': 997660.7498, 'loss': 0.1094, 'lr': 0.001, 'params': 1142405, 'time_iter': 14.9023, 'accuracy': 0.969, 'precision': 0.7494, 'recall': 0.2597, 'f1': 0.3858, 'auc': 0.8564}
val: {'epoch': 35, 'loss': 0.0816, 'lr': 0.001, 'params': 1142405, 'time_iter': 3.1181, 'accuracy': 0.9798, 'precision': 0.4737, 'recall': 0.2222, 'f1': 0.3025, 'auc': 0.8253}
train: {'epoch': 35, 'eta': 982002.4807, 'loss': 0.1094, 'lr': 0.001, 'params': 1142405, 'time_iter': 14.7468, 'accuracy': 0.9692, 'precision': 0.7477, 'recall': 0.267, 'f1': 0.3935, 'auc': 0.8528}
val: {'epoch': 36, 'loss': 0.0877, 'lr': 0.001, 'params': 1142405, 'time_iter': 2.6257, 'accuracy': 0.9798, 'precision': 0.4167, 'recall': 0.0617, 'f1': 0.1075, 'auc': 0.7796}
train: {'epoch': 36, 'eta': 968221.0251, 'loss': 0.1085, 'lr': 0.001, 'params': 1142405, 'time_iter': 15.8031, 'accuracy': 0.9692, 'precision': 0.7339, 'recall': 0.2776, 'f1': 0.4028, 'auc': 0.8571}
val: {'epoch': 37, 'loss': 0.0897, 'lr': 0.001, 'params': 1142405, 'time_iter': 2.625, 'accuracy': 0.9774, 'precision': 0.38, 'recall': 0.2346, 'f1': 0.2901, 'auc': 0.7752}
train: {'epoch': 37, 'eta': 953067.98, 'loss': 0.1076, 'lr': 0.001, 'params': 1142405, 'time_iter': 15.0638, 'accuracy': 0.9691, 'precision': 0.7358, 'recall': 0.2735, 'f1': 0.3988, 'auc': 0.8636}
val: {'epoch': 38, 'loss': 0.0804, 'lr': 0.001, 'params': 1142405, 'time_iter': 2.63, 'accuracy': 0.981, 'precision': 0.5517, 'recall': 0.1975, 'f1': 0.2909, 'auc': 0.8113}
train: {'epoch': 38, 'eta': 937790.1278, 'loss': 0.1073, 'lr': 0.001, 'params': 1142405, 'time_iter': 14.9974, 'accuracy': 0.9695, 'precision': 0.7452, 'recall': 0.2825, 'f1': 0.4097, 'auc': 0.8614}
val: {'epoch': 39, 'loss': 0.0839, 'lr': 0.001, 'params': 1142405, 'time_iter': 2.6408, 'accuracy': 0.9813, 'precision': 0.6429, 'recall': 0.1111, 'f1': 0.1895, 'auc': 0.8034}
train: {'epoch': 39, 'eta': 922909.2957, 'loss': 0.1077, 'lr': 0.001, 'params': 1142405, 'time_iter': 15.2596, 'accuracy': 0.9695, 'precision': 0.7462, 'recall': 0.2792, 'f1': 0.4064, 'auc': 0.8587}
val: {'epoch': 40, 'loss': 0.0938, 'lr': 0.001, 'params': 1142405, 'time_iter': 2.6909, 'accuracy': 0.9798, 'precision': 0.25, 'recall': 0.0123, 'f1': 0.0235, 'auc': 0.7466}
train: {'epoch': 40, 'eta': 908144.665, 'loss': 0.1068, 'lr': 0.001, 'params': 1142405, 'time_iter': 15.3651, 'accuracy': 0.9693, 'precision': 0.7326, 'recall': 0.2825, 'f1': 0.4077, 'auc': 0.8633}
val: {'epoch': 41, 'loss': 0.0806, 'lr': 0.001, 'params': 1142405, 'time_iter': 2.5651, 'accuracy': 0.9827, 'precision': 0.7273, 'recall': 0.1975, 'f1': 0.3107, 'auc': 0.8124}
train: {'epoch': 41, 'eta': 892820.6146, 'loss': 0.107, 'lr': 0.001, 'params': 1142405, 'time_iter': 15.0065, 'accuracy': 0.9694, 'precision': 0.7368, 'recall': 0.2841, 'f1': 0.4101, 'auc': 0.8646}
val: {'epoch': 42, 'loss': 0.0855, 'lr': 0.001, 'params': 1142405, 'time_iter': 2.6466, 'accuracy': 0.9815, 'precision': 0.6667, 'recall': 0.1235, 'f1': 0.2083, 'auc': 0.7631}
train: {'epoch': 42, 'eta': 877391.5859, 'loss': 0.1058, 'lr': 0.001, 'params': 1142405, 'time_iter': 14.9336, 'accuracy': 0.9698, 'precision': 0.7505, 'recall': 0.2881, 'f1': 0.4164, 'auc': 0.8694}
val: {'epoch': 43, 'loss': 0.0797, 'lr': 0.001, 'params': 1142405, 'time_iter': 2.7377, 'accuracy': 0.9808, 'precision': 0.5278, 'recall': 0.2346, 'f1': 0.3248, 'auc': 0.8127}
train: {'epoch': 43, 'eta': 861841.1584, 'loss': 0.1045, 'lr': 0.001, 'params': 1142405, 'time_iter': 14.8387, 'accuracy': 0.9702, 'precision': 0.75, 'recall': 0.3044, 'f1': 0.433, 'auc': 0.8726}
val: {'epoch': 44, 'loss': 0.0855, 'lr': 0.001, 'params': 1142405, 'time_iter': 2.6683, 'accuracy': 0.9803, 'precision': 0.5, 'recall': 0.1852, 'f1': 0.2703, 'auc': 0.8085}
train: {'epoch': 44, 'eta': 846950.6689, 'loss': 0.105, 'lr': 0.001, 'params': 1142405, 'time_iter': 15.3535, 'accuracy': 0.9696, 'precision': 0.7289, 'recall': 0.3011, 'f1': 0.4262, 'auc': 0.8696}
val: {'epoch': 45, 'loss': 0.0861, 'lr': 0.001, 'params': 1142405, 'time_iter': 2.6127, 'accuracy': 0.9815, 'precision': 0.7778, 'recall': 0.0864, 'f1': 0.1556, 'auc': 0.7959}
train: {'epoch': 45, 'eta': 831517.7793, 'loss': 0.105, 'lr': 0.001, 'params': 1142405, 'time_iter': 14.9371, 'accuracy': 0.9695, 'precision': 0.7426, 'recall': 0.2857, 'f1': 0.4127, 'auc': 0.8721}
val: {'epoch': 46, 'loss': 0.0832, 'lr': 0.001, 'params': 1142405, 'time_iter': 2.8886, 'accuracy': 0.9813, 'precision': 0.5667, 'recall': 0.2099, 'f1': 0.3063, 'auc': 0.808}
train: {'epoch': 46, 'eta': 816382.7864, 'loss': 0.1031, 'lr': 0.001, 'params': 1142405, 'time_iter': 15.1916, 'accuracy': 0.9698, 'precision': 0.7372, 'recall': 0.3028, 'f1': 0.4292, 'auc': 0.8784}
val: {'epoch': 47, 'loss': 0.0816, 'lr': 0.001, 'params': 1142405, 'time_iter': 2.6602, 'accuracy': 0.9791, 'precision': 0.3913, 'recall': 0.1111, 'f1': 0.1731, 'auc': 0.8036}
train: {'epoch': 47, 'eta': 800802.0513, 'loss': 0.1026, 'lr': 0.001, 'params': 1142405, 'time_iter': 14.8103, 'accuracy': 0.9709, 'precision': 0.7671, 'recall': 0.3182, 'f1': 0.4498, 'auc': 0.8771}
val: {'epoch': 48, 'loss': 0.0768, 'lr': 0.001, 'params': 1142405, 'time_iter': 2.7289, 'accuracy': 0.9803, 'precision': 0.5, 'recall': 0.2099, 'f1': 0.2957, 'auc': 0.8258}
train: {'epoch': 48, 'eta': 784856.8266, 'loss': 0.1026, 'lr': 0.001, 'params': 1142405, 'time_iter': 14.457, 'accuracy': 0.9704, 'precision': 0.7549, 'recall': 0.3101, 'f1': 0.4396, 'auc': 0.8802}
val: {'epoch': 49, 'loss': 0.0853, 'lr': 0.001, 'params': 1142405, 'time_iter': 2.4781, 'accuracy': 0.9798, 'precision': 0.4643, 'recall': 0.1605, 'f1': 0.2385, 'auc': 0.7777}
train: {'epoch': 49, 'eta': 769950.6593, 'loss': 0.1013, 'lr': 0.001, 'params': 1142405, 'time_iter': 15.4252, 'accuracy': 0.9701, 'precision': 0.7361, 'recall': 0.3125, 'f1': 0.4387, 'auc': 0.8839}
val: {'epoch': 50, 'loss': 0.0827, 'lr': 0.001, 'params': 1142405, 'time_iter': 2.7481, 'accuracy': 0.9818, 'precision': 0.625, 'recall': 0.1852, 'f1': 0.2857, 'auc': 0.8142}
train: {'epoch': 50, 'eta': 754714.0651, 'loss': 0.1017, 'lr': 0.001, 'params': 1142405, 'time_iter': 15.1293, 'accuracy': 0.9709, 'precision': 0.762, 'recall': 0.3222, 'f1': 0.4529, 'auc': 0.8821}
val: {'epoch': 51, 'loss': 0.0824, 'lr': 0.001, 'params': 1142405, 'time_iter': 2.9774, 'accuracy': 0.9823, 'precision': 0.6176, 'recall': 0.2593, 'f1': 0.3652, 'auc': 0.7935}
train: {'epoch': 51, 'eta': 739418.6255, 'loss': 0.0996, 'lr': 0.001, 'params': 1142405, 'time_iter': 15.0808, 'accuracy': 0.9708, 'precision': 0.7601, 'recall': 0.3214, 'f1': 0.4518, 'auc': 0.8862}
val: {'epoch': 52, 'loss': 0.0808, 'lr': 0.001, 'params': 1142405, 'time_iter': 2.627, 'accuracy': 0.9808, 'precision': 0.55, 'recall': 0.1358, 'f1': 0.2178, 'auc': 0.7892}
train: {'epoch': 52, 'eta': 724632.0299, 'loss': 0.1011, 'lr': 0.001, 'params': 1142405, 'time_iter': 15.6476, 'accuracy': 0.9708, 'precision': 0.7576, 'recall': 0.3222, 'f1': 0.4522, 'auc': 0.8829}
val: {'epoch': 53, 'loss': 0.0806, 'lr': 0.001, 'params': 1142405, 'time_iter': 2.768, 'accuracy': 0.982, 'precision': 0.8182, 'recall': 0.1111, 'f1': 0.1957, 'auc': 0.8075}
train: {'epoch': 53, 'eta': 709301.1052, 'loss': 0.1006, 'lr': 0.001, 'params': 1142405, 'time_iter': 15.0822, 'accuracy': 0.9708, 'precision': 0.7509, 'recall': 0.3304, 'f1': 0.4589, 'auc': 0.8819}
val: {'epoch': 54, 'loss': 0.079, 'lr': 0.001, 'params': 1142405, 'time_iter': 2.5812, 'accuracy': 0.9808, 'precision': 0.5333, 'recall': 0.1975, 'f1': 0.2883, 'auc': 0.8163}
train: {'epoch': 54, 'eta': 693959.7802, 'loss': 0.1006, 'lr': 0.001, 'params': 1142405, 'time_iter': 15.078, 'accuracy': 0.9714, 'precision': 0.7808, 'recall': 0.3295, 'f1': 0.4635, 'auc': 0.8842}
val: {'epoch': 55, 'loss': 0.0818, 'lr': 0.001, 'params': 1142405, 'time_iter': 2.6915, 'accuracy': 0.9805, 'precision': 0.5161, 'recall': 0.1975, 'f1': 0.2857, 'auc': 0.7958}
train: {'epoch': 55, 'eta': 678777.6056, 'loss': 0.0996, 'lr': 0.001, 'params': 1142405, 'time_iter': 15.2825, 'accuracy': 0.9705, 'precision': 0.7426, 'recall': 0.3255, 'f1': 0.4526, 'auc': 0.8884}
val: {'epoch': 56, 'loss': 0.0872, 'lr': 0.001, 'params': 1142405, 'time_iter': 2.8463, 'accuracy': 0.9815, 'precision': 0.6667, 'recall': 0.1235, 'f1': 0.2083, 'auc': 0.759}
train: {'epoch': 56, 'eta': 663126.7965, 'loss': 0.0996, 'lr': 0.001, 'params': 1142405, 'time_iter': 14.7034, 'accuracy': 0.9711, 'precision': 0.7583, 'recall': 0.3336, 'f1': 0.4634, 'auc': 0.8883}
val: {'epoch': 57, 'loss': 0.0821, 'lr': 0.001, 'params': 1142405, 'time_iter': 2.4779, 'accuracy': 0.9803, 'precision': 0.5, 'recall': 0.2469, 'f1': 0.3306, 'auc': 0.8096}
train: {'epoch': 57, 'eta': 647738.9208, 'loss': 0.0991, 'lr': 0.001, 'params': 1142405, 'time_iter': 15.0321, 'accuracy': 0.9712, 'precision': 0.7559, 'recall': 0.3393, 'f1': 0.4683, 'auc': 0.8886}
val: {'epoch': 58, 'loss': 0.0765, 'lr': 0.001, 'params': 1142405, 'time_iter': 2.5737, 'accuracy': 0.9825, 'precision': 0.6957, 'recall': 0.1975, 'f1': 0.3077, 'auc': 0.818}
train: {'epoch': 58, 'eta': 632266.9869, 'loss': 0.0981, 'lr': 0.001, 'params': 1142405, 'time_iter': 14.9184, 'accuracy': 0.9708, 'precision': 0.7586, 'recall': 0.3239, 'f1': 0.4539, 'auc': 0.8951}
val: {'epoch': 59, 'loss': 0.0909, 'lr': 0.001, 'params': 1142405, 'time_iter': 3.04, 'accuracy': 0.981, 'precision': 0.56, 'recall': 0.1728, 'f1': 0.2642, 'auc': 0.7545}
train: {'epoch': 59, 'eta': 616703.6257, 'loss': 0.0975, 'lr': 0.001, 'params': 1142405, 'time_iter': 14.7792, 'accuracy': 0.9716, 'precision': 0.7643, 'recall': 0.3474, 'f1': 0.4777, 'auc': 0.8929}
val: {'epoch': 60, 'loss': 0.0894, 'lr': 0.001, 'params': 1142405, 'time_iter': 2.6815, 'accuracy': 0.9808, 'precision': 0.75, 'recall': 0.037, 'f1': 0.0706, 'auc': 0.7745}
train: {'epoch': 60, 'eta': 601356.3717, 'loss': 0.0991, 'lr': 0.001, 'params': 1142405, 'time_iter': 15.09, 'accuracy': 0.9717, 'precision': 0.7702, 'recall': 0.3482, 'f1': 0.4796, 'auc': 0.8896}
val: {'epoch': 61, 'loss': 0.0869, 'lr': 0.001, 'params': 1142405, 'time_iter': 2.7417, 'accuracy': 0.9818, 'precision': 0.7143, 'recall': 0.1235, 'f1': 0.2105, 'auc': 0.7894}
train: {'epoch': 61, 'eta': 585905.8153, 'loss': 0.0965, 'lr': 0.001, 'params': 1142405, 'time_iter': 14.9354, 'accuracy': 0.9715, 'precision': 0.7565, 'recall': 0.3531, 'f1': 0.4815, 'auc': 0.901}
val: {'epoch': 62, 'loss': 0.0872, 'lr': 0.001, 'params': 1142405, 'time_iter': 2.5324, 'accuracy': 0.9815, 'precision': 0.6087, 'recall': 0.1728, 'f1': 0.2692, 'auc': 0.7822}
train: {'epoch': 62, 'eta': 570420.8409, 'loss': 0.0964, 'lr': 0.001, 'params': 1142405, 'time_iter': 14.8742, 'accuracy': 0.9712, 'precision': 0.7544, 'recall': 0.3442, 'f1': 0.4727, 'auc': 0.898}
val: {'epoch': 63, 'loss': 0.0912, 'lr': 0.001, 'params': 1142405, 'time_iter': 2.6656, 'accuracy': 0.9793, 'precision': 0.4333, 'recall': 0.1605, 'f1': 0.2342, 'auc': 0.7576}
train: {'epoch': 63, 'eta': 554861.547, 'loss': 0.0955, 'lr': 0.001, 'params': 1142405, 'time_iter': 14.7361, 'accuracy': 0.9719, 'precision': 0.7674, 'recall': 0.3588, 'f1': 0.4889, 'auc': 0.9038}
val: {'epoch': 64, 'loss': 0.0894, 'lr': 0.001, 'params': 1142405, 'time_iter': 2.8959, 'accuracy': 0.9796, 'precision': 0.4516, 'recall': 0.1728, 'f1': 0.25, 'auc': 0.7686}
train: {'epoch': 64, 'eta': 539313.5473, 'loss': 0.0955, 'lr': 0.001, 'params': 1142405, 'time_iter': 14.7345, 'accuracy': 0.9716, 'precision': 0.761, 'recall': 0.3515, 'f1': 0.4808, 'auc': 0.899}
val: {'epoch': 65, 'loss': 0.0844, 'lr': 0.001, 'params': 1142405, 'time_iter': 2.6002, 'accuracy': 0.981, 'precision': 0.56, 'recall': 0.1728, 'f1': 0.2642, 'auc': 0.7741}
train: {'epoch': 65, 'eta': 523886.4368, 'loss': 0.095, 'lr': 0.001, 'params': 1142405, 'time_iter': 14.9404, 'accuracy': 0.9721, 'precision': 0.7657, 'recall': 0.3661, 'f1': 0.4953, 'auc': 0.9007}
val: {'epoch': 66, 'loss': 0.0818, 'lr': 0.001, 'params': 1142405, 'time_iter': 2.7135, 'accuracy': 0.9823, 'precision': 0.75, 'recall': 0.1481, 'f1': 0.2474, 'auc': 0.7941}
train: {'epoch': 66, 'eta': 508326.5365, 'loss': 0.0963, 'lr': 0.001, 'params': 1142405, 'time_iter': 14.6753, 'accuracy': 0.9718, 'precision': 0.7681, 'recall': 0.3523, 'f1': 0.483, 'auc': 0.8999}
val: {'epoch': 67, 'loss': 0.0876, 'lr': 0.001, 'params': 1142405, 'time_iter': 2.5945, 'accuracy': 0.982, 'precision': 0.8889, 'recall': 0.0988, 'f1': 0.1778, 'auc': 0.7948}
train: {'epoch': 67, 'eta': 492611.9824, 'loss': 0.0952, 'lr': 0.001, 'params': 1142405, 'time_iter': 14.328, 'accuracy': 0.9714, 'precision': 0.747, 'recall': 0.3571, 'f1': 0.4833, 'auc': 0.9015}
val: {'epoch': 68, 'loss': 0.0928, 'lr': 0.001, 'params': 1142405, 'time_iter': 2.6922, 'accuracy': 0.9813, 'precision': 0.5714, 'recall': 0.1975, 'f1': 0.2936, 'auc': 0.7599}
train: {'epoch': 68, 'eta': 476921.8631, 'loss': 0.0936, 'lr': 0.001, 'params': 1142405, 'time_iter': 14.32, 'accuracy': 0.9721, 'precision': 0.7698, 'recall': 0.3636, 'f1': 0.4939, 'auc': 0.9066}
val: {'epoch': 69, 'loss': 0.0954, 'lr': 0.001, 'params': 1142405, 'time_iter': 2.7014, 'accuracy': 0.9805, 'precision': 0.5714, 'recall': 0.0494, 'f1': 0.0909, 'auc': 0.76}
train: {'epoch': 69, 'eta': 461557.9078, 'loss': 0.0932, 'lr': 0.001, 'params': 1142405, 'time_iter': 14.9978, 'accuracy': 0.9718, 'precision': 0.7555, 'recall': 0.3636, 'f1': 0.491, 'auc': 0.9094}
val: {'epoch': 70, 'loss': 0.0991, 'lr': 0.001, 'params': 1142405, 'time_iter': 2.5021, 'accuracy': 0.9818, 'precision': 1.0, 'recall': 0.0741, 'f1': 0.1379, 'auc': 0.7521}
train: {'epoch': 70, 'eta': 446354.9942, 'loss': 0.0935, 'lr': 0.001, 'params': 1142405, 'time_iter': 15.3855, 'accuracy': 0.9725, 'precision': 0.783, 'recall': 0.3661, 'f1': 0.4989, 'auc': 0.9094}
val: {'epoch': 71, 'loss': 0.0907, 'lr': 0.001, 'params': 1142405, 'time_iter': 2.6091, 'accuracy': 0.9803, 'precision': 0.5, 'recall': 0.1481, 'f1': 0.2286, 'auc': 0.7684}
train: {'epoch': 71, 'eta': 431049.5994, 'loss': 0.0922, 'lr': 0.001, 'params': 1142405, 'time_iter': 15.1731, 'accuracy': 0.9728, 'precision': 0.792, 'recall': 0.3709, 'f1': 0.5053, 'auc': 0.9107}
val: {'epoch': 72, 'loss': 0.0824, 'lr': 0.001, 'params': 1142405, 'time_iter': 3.2521, 'accuracy': 0.9818, 'precision': 0.6875, 'recall': 0.1358, 'f1': 0.2268, 'auc': 0.8178}
train: {'epoch': 72, 'eta': 415755.703, 'loss': 0.0928, 'lr': 0.001, 'params': 1142405, 'time_iter': 15.2254, 'accuracy': 0.9723, 'precision': 0.7653, 'recall': 0.3758, 'f1': 0.5041, 'auc': 0.9062}
val: {'epoch': 73, 'loss': 0.0928, 'lr': 0.001, 'params': 1142405, 'time_iter': 2.4646, 'accuracy': 0.9815, 'precision': 0.6667, 'recall': 0.1235, 'f1': 0.2083, 'auc': 0.7595}
train: {'epoch': 73, 'eta': 400324.8914, 'loss': 0.091, 'lr': 0.001, 'params': 1142405, 'time_iter': 14.8746, 'accuracy': 0.9722, 'precision': 0.7651, 'recall': 0.3701, 'f1': 0.4989, 'auc': 0.9134}
val: {'epoch': 74, 'loss': 0.0889, 'lr': 0.001, 'params': 1142405, 'time_iter': 2.7285, 'accuracy': 0.983, 'precision': 0.7895, 'recall': 0.1852, 'f1': 0.3, 'auc': 0.7525}
train: {'epoch': 74, 'eta': 385060.3668, 'loss': 0.0917, 'lr': 0.001, 'params': 1142405, 'time_iter': 15.3497, 'accuracy': 0.973, 'precision': 0.7899, 'recall': 0.3815, 'f1': 0.5145, 'auc': 0.9134}
val: {'epoch': 75, 'loss': 0.0924, 'lr': 0.001, 'params': 1142405, 'time_iter': 2.5873, 'accuracy': 0.9813, 'precision': 0.625, 'recall': 0.1235, 'f1': 0.2062, 'auc': 0.7797}
train: {'epoch': 75, 'eta': 369805.3102, 'loss': 0.0915, 'lr': 0.001, 'params': 1142405, 'time_iter': 15.4218, 'accuracy': 0.9731, 'precision': 0.7862, 'recall': 0.388, 'f1': 0.5196, 'auc': 0.91}
val: {'epoch': 76, 'loss': 0.096, 'lr': 0.001, 'params': 1142405, 'time_iter': 2.6259, 'accuracy': 0.9813, 'precision': 0.6111, 'recall': 0.1358, 'f1': 0.2222, 'auc': 0.7503}
train: {'epoch': 76, 'eta': 354397.9655, 'loss': 0.0909, 'lr': 0.001, 'params': 1142405, 'time_iter': 14.9782, 'accuracy': 0.9727, 'precision': 0.7778, 'recall': 0.3807, 'f1': 0.5112, 'auc': 0.9159}
val: {'epoch': 77, 'loss': 0.0943, 'lr': 0.001, 'params': 1142405, 'time_iter': 2.9373, 'accuracy': 0.9805, 'precision': 0.5238, 'recall': 0.1358, 'f1': 0.2157, 'auc': 0.766}
train: {'epoch': 77, 'eta': 339132.1677, 'loss': 0.0919, 'lr': 0.001, 'params': 1142405, 'time_iter': 15.4664, 'accuracy': 0.9725, 'precision': 0.7699, 'recall': 0.3774, 'f1': 0.5065, 'auc': 0.9134}
val: {'epoch': 78, 'loss': 0.0977, 'lr': 0.001, 'params': 1142405, 'time_iter': 2.5516, 'accuracy': 0.9818, 'precision': 0.75, 'recall': 0.1111, 'f1': 0.1935, 'auc': 0.7667}
train: {'epoch': 78, 'eta': 323847.8956, 'loss': 0.0893, 'lr': 0.001, 'params': 1142405, 'time_iter': 15.4589, 'accuracy': 0.9732, 'precision': 0.7801, 'recall': 0.3945, 'f1': 0.524, 'auc': 0.9151}
val: {'epoch': 79, 'loss': 0.0898, 'lr': 0.001, 'params': 1142405, 'time_iter': 2.7081, 'accuracy': 0.9823, 'precision': 0.7, 'recall': 0.1728, 'f1': 0.2772, 'auc': 0.7607}
train: {'epoch': 79, 'eta': 308333.9846, 'loss': 0.0889, 'lr': 0.001, 'params': 1142405, 'time_iter': 14.6268, 'accuracy': 0.9733, 'precision': 0.7842, 'recall': 0.3953, 'f1': 0.5256, 'auc': 0.9192}
val: {'epoch': 80, 'loss': 0.09, 'lr': 0.001, 'params': 1142405, 'time_iter': 2.6028, 'accuracy': 0.9825, 'precision': 0.7647, 'recall': 0.1605, 'f1': 0.2653, 'auc': 0.7812}
train: {'epoch': 80, 'eta': 293004.3663, 'loss': 0.0887, 'lr': 0.001, 'params': 1142405, 'time_iter': 15.343, 'accuracy': 0.9731, 'precision': 0.7753, 'recall': 0.3977, 'f1': 0.5258, 'auc': 0.9198}
val: {'epoch': 81, 'loss': 0.0905, 'lr': 0.001, 'params': 1142405, 'time_iter': 2.6892, 'accuracy': 0.9803, 'precision': 0.5, 'recall': 0.1605, 'f1': 0.243, 'auc': 0.7779}
train: {'epoch': 81, 'eta': 277637.5913, 'loss': 0.0887, 'lr': 0.001, 'params': 1142405, 'time_iter': 15.228, 'accuracy': 0.9731, 'precision': 0.783, 'recall': 0.3896, 'f1': 0.5203, 'auc': 0.9199}
val: {'epoch': 82, 'loss': 0.093, 'lr': 0.001, 'params': 1142405, 'time_iter': 2.6726, 'accuracy': 0.9813, 'precision': 0.6667, 'recall': 0.0988, 'f1': 0.172, 'auc': 0.7657}
train: {'epoch': 82, 'eta': 262238.5173, 'loss': 0.0892, 'lr': 0.001, 'params': 1142405, 'time_iter': 15.1094, 'accuracy': 0.9731, 'precision': 0.7737, 'recall': 0.3969, 'f1': 0.5247, 'auc': 0.9176}
val: {'epoch': 83, 'loss': 0.0951, 'lr': 0.001, 'params': 1142405, 'time_iter': 2.5033, 'accuracy': 0.9825, 'precision': 0.7647, 'recall': 0.1605, 'f1': 0.2653, 'auc': 0.7602}
train: {'epoch': 83, 'eta': 246832.9054, 'loss': 0.0888, 'lr': 0.001, 'params': 1142405, 'time_iter': 15.094, 'accuracy': 0.9729, 'precision': 0.7623, 'recall': 0.4034, 'f1': 0.5276, 'auc': 0.9187}
val: {'epoch': 84, 'loss': 0.0882, 'lr': 0.001, 'params': 1142405, 'time_iter': 2.5146, 'accuracy': 0.9825, 'precision': 0.6452, 'recall': 0.2469, 'f1': 0.3571, 'auc': 0.7834}
train: {'epoch': 84, 'eta': 231485.9694, 'loss': 0.0875, 'lr': 0.001, 'params': 1142405, 'time_iter': 15.4335, 'accuracy': 0.9734, 'precision': 0.7843, 'recall': 0.3985, 'f1': 0.5285, 'auc': 0.9232}
val: {'epoch': 85, 'loss': 0.0899, 'lr': 0.001, 'params': 1142405, 'time_iter': 2.8744, 'accuracy': 0.9805, 'precision': 0.5455, 'recall': 0.0741, 'f1': 0.1304, 'auc': 0.7907}
train: {'epoch': 85, 'eta': 216016.0564, 'loss': 0.0872, 'lr': 0.001, 'params': 1142405, 'time_iter': 14.7735, 'accuracy': 0.9729, 'precision': 0.7698, 'recall': 0.3937, 'f1': 0.5209, 'auc': 0.9264}
val: {'epoch': 86, 'loss': 0.0882, 'lr': 0.001, 'params': 1142405, 'time_iter': 2.5749, 'accuracy': 0.9825, 'precision': 0.6957, 'recall': 0.1975, 'f1': 0.3077, 'auc': 0.8084}
train: {'epoch': 86, 'eta': 200564.3768, 'loss': 0.0865, 'lr': 0.001, 'params': 1142405, 'time_iter': 14.852, 'accuracy': 0.9737, 'precision': 0.7842, 'recall': 0.4099, 'f1': 0.5384, 'auc': 0.9271}
val: {'epoch': 87, 'loss': 0.0939, 'lr': 0.001, 'params': 1142405, 'time_iter': 2.7181, 'accuracy': 0.9815, 'precision': 0.7273, 'recall': 0.0988, 'f1': 0.1739, 'auc': 0.7653}
train: {'epoch': 87, 'eta': 185077.5841, 'loss': 0.0868, 'lr': 0.001, 'params': 1142405, 'time_iter': 14.5744, 'accuracy': 0.9737, 'precision': 0.7896, 'recall': 0.405, 'f1': 0.5354, 'auc': 0.9239}
val: {'epoch': 88, 'loss': 0.095, 'lr': 0.001, 'params': 1142405, 'time_iter': 2.4871, 'accuracy': 0.9827, 'precision': 0.7083, 'recall': 0.2099, 'f1': 0.3238, 'auc': 0.7695}
train: {'epoch': 88, 'eta': 169623.7461, 'loss': 0.0862, 'lr': 0.001, 'params': 1142405, 'time_iter': 14.747, 'accuracy': 0.9736, 'precision': 0.7835, 'recall': 0.4083, 'f1': 0.5368, 'auc': 0.9252}
val: {'epoch': 89, 'loss': 0.0917, 'lr': 0.001, 'params': 1142405, 'time_iter': 2.6082, 'accuracy': 0.9823, 'precision': 0.7857, 'recall': 0.1358, 'f1': 0.2316, 'auc': 0.7929}
train: {'epoch': 89, 'eta': 154233.1794, 'loss': 0.0847, 'lr': 0.001, 'params': 1142405, 'time_iter': 15.2462, 'accuracy': 0.974, 'precision': 0.7821, 'recall': 0.4253, 'f1': 0.551, 'auc': 0.9296}
val: {'epoch': 90, 'loss': 0.09, 'lr': 0.001, 'params': 1142405, 'time_iter': 2.9597, 'accuracy': 0.982, 'precision': 0.7333, 'recall': 0.1358, 'f1': 0.2292, 'auc': 0.7759}
train: {'epoch': 90, 'eta': 138786.4477, 'loss': 0.0843, 'lr': 0.001, 'params': 1142405, 'time_iter': 14.7586, 'accuracy': 0.974, 'precision': 0.7899, 'recall': 0.418, 'f1': 0.5467, 'auc': 0.9333}
val: {'epoch': 91, 'loss': 0.0918, 'lr': 0.001, 'params': 1142405, 'time_iter': 2.6073, 'accuracy': 0.9818, 'precision': 0.65, 'recall': 0.1605, 'f1': 0.2574, 'auc': 0.7918}
train: {'epoch': 91, 'eta': 123353.7295, 'loss': 0.0851, 'lr': 0.001, 'params': 1142405, 'time_iter': 14.852, 'accuracy': 0.9733, 'precision': 0.7623, 'recall': 0.4164, 'f1': 0.5386, 'auc': 0.9291}
val: {'epoch': 92, 'loss': 0.1006, 'lr': 0.001, 'params': 1142405, 'time_iter': 2.759, 'accuracy': 0.9818, 'precision': 0.75, 'recall': 0.1111, 'f1': 0.1935, 'auc': 0.7586}
train: {'epoch': 92, 'eta': 107918.4007, 'loss': 0.0853, 'lr': 0.001, 'params': 1142405, 'time_iter': 14.7766, 'accuracy': 0.9743, 'precision': 0.7877, 'recall': 0.4278, 'f1': 0.5544, 'auc': 0.9272}
val: {'epoch': 93, 'loss': 0.1196, 'lr': 0.001, 'params': 1142405, 'time_iter': 2.4704, 'accuracy': 0.9813, 'precision': 0.8333, 'recall': 0.0617, 'f1': 0.1149, 'auc': 0.7235}
train: {'epoch': 93, 'eta': 92514.167, 'loss': 0.0837, 'lr': 0.001, 'params': 1142405, 'time_iter': 15.1755, 'accuracy': 0.9744, 'precision': 0.7925, 'recall': 0.4278, 'f1': 0.5556, 'auc': 0.9335}
val: {'epoch': 94, 'loss': 0.1024, 'lr': 0.001, 'params': 1142405, 'time_iter': 2.6488, 'accuracy': 0.9805, 'precision': 0.5385, 'recall': 0.0864, 'f1': 0.1489, 'auc': 0.7762}
train: {'epoch': 94, 'eta': 77097.1159, 'loss': 0.0846, 'lr': 0.001, 'params': 1142405, 'time_iter': 15.021, 'accuracy': 0.9731, 'precision': 0.7617, 'recall': 0.4099, 'f1': 0.533, 'auc': 0.9359}
val: {'epoch': 95, 'loss': 0.1135, 'lr': 0.001, 'params': 1142405, 'time_iter': 3.12, 'accuracy': 0.9823, 'precision': 0.8333, 'recall': 0.1235, 'f1': 0.2151, 'auc': 0.7223}
train: {'epoch': 95, 'eta': 61694.3974, 'loss': 0.0832, 'lr': 0.001, 'params': 1142405, 'time_iter': 15.3745, 'accuracy': 0.9742, 'precision': 0.7763, 'recall': 0.4367, 'f1': 0.559, 'auc': 0.9326}
val: {'epoch': 96, 'loss': 0.0932, 'lr': 0.001, 'params': 1142405, 'time_iter': 2.5392, 'accuracy': 0.9818, 'precision': 0.625, 'recall': 0.1852, 'f1': 0.2857, 'auc': 0.8137}
train: {'epoch': 96, 'eta': 46291.7805, 'loss': 0.0833, 'lr': 0.001, 'params': 1142405, 'time_iter': 15.6482, 'accuracy': 0.9739, 'precision': 0.7723, 'recall': 0.4294, 'f1': 0.5519, 'auc': 0.9332}
val: {'epoch': 97, 'loss': 0.1096, 'lr': 0.001, 'params': 1142405, 'time_iter': 2.8696, 'accuracy': 0.9818, 'precision': 0.75, 'recall': 0.1111, 'f1': 0.1935, 'auc': 0.7602}
train: {'epoch': 97, 'eta': 30862.4959, 'loss': 0.0814, 'lr': 0.001, 'params': 1142405, 'time_iter': 15.058, 'accuracy': 0.9742, 'precision': 0.7829, 'recall': 0.4302, 'f1': 0.5553, 'auc': 0.9385}
val: {'epoch': 98, 'loss': 0.1124, 'lr': 0.001, 'params': 1142405, 'time_iter': 2.578, 'accuracy': 0.981, 'precision': 0.5882, 'recall': 0.1235, 'f1': 0.2041, 'auc': 0.7502}
train: {'epoch': 98, 'eta': 15432.8366, 'loss': 0.083, 'lr': 0.001, 'params': 1142405, 'time_iter': 15.1492, 'accuracy': 0.9747, 'precision': 0.7893, 'recall': 0.444, 'f1': 0.5683, 'auc': 0.9349}
val: {'epoch': 99, 'loss': 0.1039, 'lr': 0.001, 'params': 1142405, 'time_iter': 2.6646, 'accuracy': 0.9813, 'precision': 0.625, 'recall': 0.1235, 'f1': 0.2062, 'auc': 0.7701}
train: {'epoch': 99, 'eta': 0.0, 'loss': 0.0824, 'lr': 0.001, 'params': 1142405, 'time_iter': 15.3155, 'accuracy': 0.9749, 'precision': 0.7968, 'recall': 0.4424, 'f1': 0.5689, 'auc': 0.9346}
test: {'epoch': 99, 'loss': 0.1835, 'lr': 0.001, 'params': 1142405, 'time_iter': 2.2746, 'accuracy': 0.9679, 'precision': 0.4545, 'recall': 0.0769, 'f1': 0.1316, 'auc': 0.7121}
test: {'epoch': 48, 'loss': 0.1359, 'lr': 0.001, 'params': 1142405, 'time_iter': 2.2814, 'accuracy': 0.9655, 'precision': 0.3421, 'recall': 0.1, 'f1': 0.1548, 'auc': 0.7613}
