GraphGymModule(
  (model): DilatedGNNModel(
    (encoder): FeatureEncoder(
      (node_encoder): AtomEncoder(
        (atom_embedding_list): ModuleList(
          (0): Embedding(119, 300)
          (1): Embedding(4, 300)
          (2): Embedding(12, 300)
          (3): Embedding(12, 300)
          (4): Embedding(10, 300)
          (5): Embedding(6, 300)
          (6): Embedding(6, 300)
          (7): Embedding(2, 300)
          (8): Embedding(2, 300)
        )
      )
      (edge_encoder): BondEncoder(
        (bond_embedding_list): ModuleList(
          (0): Embedding(5, 300)
          (1): Embedding(6, 300)
          (2): Embedding(2, 300)
        )
      )
    )
    (mp): GNNDilatedStage(
      (classic_layers): ModuleList(
        (0): GeneralLayer(
          (layer): EGINConv(
            (model): GINEConv(nn=Sequential(
              (0): Linear(300, 300, bias=True)
              (1): ReLU()
              (2): Linear(300, 300, bias=True)
            ))
          )
          (post_layer): Sequential(
            (0): BatchNorm1d(300, eps=1e-05, momentum=0.1, affine=True, track_running_stats=True)
            (1): Dropout(p=0.5, inplace=False)
            (2): ReLU()
          )
        )
        (1): GeneralLayer(
          (layer): EGINConv(
            (model): GINEConv(nn=Sequential(
              (0): Linear(300, 300, bias=True)
              (1): ReLU()
              (2): Linear(300, 300, bias=True)
            ))
          )
          (post_layer): Sequential(
            (0): BatchNorm1d(300, eps=1e-05, momentum=0.1, affine=True, track_running_stats=True)
            (1): Dropout(p=0.5, inplace=False)
            (2): ReLU()
          )
        )
      )
      (dilated_layers): ModuleList(
        (0): DilatedGeneralLayer(
          (layer): EGINConv(
            (model): GINEConv(nn=Sequential(
              (0): Linear(300, 300, bias=True)
              (1): ReLU()
              (2): Linear(300, 300, bias=True)
            ))
          )
          (post_layer): Sequential(
            (0): BatchNorm1d(300, eps=1e-05, momentum=0.1, affine=True, track_running_stats=True)
            (1): Dropout(p=0.5, inplace=False)
            (2): ReLU()
          )
          (gem): GeM(p=3.0000, eps=1e-06)
        )
      )
      (act): ReLU()
    )
    (post_mp): GNNGraphHead(
      (layer_post_mp): MLP(
        (model): Sequential(
          (0): Linear(
            (model): Linear(600, 1, bias=True)
          )
        )
      )
    )
  )
)
accelerator: cuda
benchmark: False
bn:
  eps: 1e-05
  mom: 0.1
cfg_dest: config.yaml
custom_metrics: []
dataset:
  cache_load: False
  cache_save: False
  dir: ./datasets
  edge_dim: 300
  edge_encoder: True
  edge_encoder_bn: False
  edge_encoder_name: Bond
  edge_message_ratio: 0.8
  edge_negative_sampling_ratio: 1.0
  edge_train_mode: all
  encoder: True
  encoder_bn: True
  encoder_dim: 128
  encoder_name: db
  fast_loader: False
  format: OGB
  label_column: none
  label_table: none
  location: local
  name: ogbg-molhiv
  node_encoder: True
  node_encoder_bn: False
  node_encoder_name: Atom
  remove_feature: False
  resample_disjoint: False
  resample_negative: False
  shuffle_split: True
  split: [0.8, 0.1, 0.1]
  split_mode: random
  task: graph
  task_type: classification
  to_undirected: False
  transductive: False
  transform: none
  tu_simple: True
devices: 1
gnn:
  act: relu
  act_on_last_layer_mp: False
  agg: none
  att_final_linear: False
  att_final_linear_bn: False
  att_heads: 1
  batchnorm: True
  clear_feature: True
  dilated_path_join: concat
  dim_inner: 300
  dropout: 0.5
  head: graph
  keep_edge: 0.5
  l2norm: True
  layer_type: eginconv
  layers_k1: 2
  layers_k2: 1
  layers_mp: 5
  layers_post_mp: 1
  layers_pre_mp: 0
  learn_alpha_residual_connection: False
  msg_direction: single
  normalize_adj: False
  self_msg: concat
  skip_every: 1
  stage_type: stack
  use_edge_features: True
gpu_mem: False
mem:
  inplace: False
metric_agg: argmax
metric_best: auc
model:
  edge_decoding: dot
  graph_pooling: mean
  loss_fun: cross_entropy
  match_upper: True
  size_average: mean
  thresh: 0.5
  type: dilated_gnn
num_threads: 6
num_workers: 16
optim:
  base_lr: 0.001
  lr_decay: 0.1
  max_epoch: 100
  momentum: 0.9
  optimizer: adam
  scheduler: none
  steps: [30, 60, 90]
  weight_decay: 0.0
out_dir: results_experiments/ogbg_molhiv_baseline_grid_design/ogbg_molhiv_baseline-type=dilated_gnn-layer_type=eginconv-layers_k1=2-layers_k2=1-dilated_path_join=concat-learn_alpha_residual_connection=False
params: 870902
print: both
round: 4
run_dir: results_experiments/ogbg_molhiv_baseline_grid_design/ogbg_molhiv_baseline-type=dilated_gnn-layer_type=eginconv-layers_k1=2-layers_k2=1-dilated_path_join=concat-learn_alpha_residual_connection=False/5
seed: 6
share:
  dim_in: 9
  dim_out: 2
  num_splits: 3
tensorboard_agg: True
tensorboard_each_run: False
train:
  auto_resume: False
  batch_size: 32
  ckpt_clean: True
  ckpt_period: 100
  enable_ckpt: True
  epoch_resume: -1
  eval_period: 1
  iter_per_epoch: 32
  neighbor_sizes: [20, 15, 10, 5]
  node_per_graph: 32
  radius: extend
  sample_node: False
  sampler: full_batch
  skip_train_eval: False
  walk_length: 4
val:
  node_per_graph: 32
  radius: extend
  sample_node: False
  sampler: full_batch
view_emb: False
Num parameters: 870902
val: {'epoch': 0, 'loss': 0.6804, 'lr': 0.001, 'params': 870902, 'time_iter': 0.9538, 'accuracy': 0.9844, 'precision': 0.0, 'recall': 0.0, 'f1': 0.0, 'auc': 0.5079}
val: {'epoch': 0, 'loss': 0.0962, 'lr': 0.001, 'params': 870902, 'time_iter': 2.2295, 'accuracy': 0.9803, 'precision': 0.0, 'recall': 0.0, 'f1': 0.0, 'auc': 0.5932}
train: {'epoch': 0, 'eta': 1277012.6165, 'loss': 0.1757, 'lr': 0.001, 'params': 870902, 'time_iter': 12.5356, 'accuracy': 0.962, 'precision': 0.0476, 'recall': 0.0008, 'f1': 0.0016, 'auc': 0.5715}
val: {'epoch': 1, 'loss': 0.0977, 'lr': 0.001, 'params': 870902, 'time_iter': 2.246, 'accuracy': 0.9803, 'precision': 0.0, 'recall': 0.0, 'f1': 0.0, 'auc': 0.6357}
train: {'epoch': 1, 'eta': 1252646.6157, 'loss': 0.1536, 'lr': 0.001, 'params': 870902, 'time_iter': 12.3082, 'accuracy': 0.9626, 'precision': 0.0, 'recall': 0.0, 'f1': 0.0, 'auc': 0.6562}
val: {'epoch': 2, 'loss': 0.0886, 'lr': 0.001, 'params': 870902, 'time_iter': 2.1445, 'accuracy': 0.9803, 'precision': 0.0, 'recall': 0.0, 'f1': 0.0, 'auc': 0.7166}
train: {'epoch': 2, 'eta': 1241698.7541, 'loss': 0.1501, 'lr': 0.001, 'params': 870902, 'time_iter': 12.477, 'accuracy': 0.9626, 'precision': 0.0, 'recall': 0.0, 'f1': 0.0, 'auc': 0.693}
val: {'epoch': 3, 'loss': 0.0977, 'lr': 0.001, 'params': 870902, 'time_iter': 2.1639, 'accuracy': 0.9781, 'precision': 0.0, 'recall': 0.0, 'f1': 0.0, 'auc': 0.6707}
train: {'epoch': 3, 'eta': 1224671.4845, 'loss': 0.1487, 'lr': 0.001, 'params': 870902, 'time_iter': 12.2691, 'accuracy': 0.9626, 'precision': 0.5, 'recall': 0.0008, 'f1': 0.0016, 'auc': 0.6998}
val: {'epoch': 4, 'loss': 0.0907, 'lr': 0.001, 'params': 870902, 'time_iter': 2.176, 'accuracy': 0.9803, 'precision': 0.0, 'recall': 0.0, 'f1': 0.0, 'auc': 0.7132}
train: {'epoch': 4, 'eta': 1212967.0598, 'loss': 0.1461, 'lr': 0.001, 'params': 870902, 'time_iter': 12.4513, 'accuracy': 0.9625, 'precision': 0.0, 'recall': 0.0, 'f1': 0.0, 'auc': 0.7163}
val: {'epoch': 5, 'loss': 0.0854, 'lr': 0.001, 'params': 870902, 'time_iter': 2.17, 'accuracy': 0.9803, 'precision': 0.0, 'recall': 0.0, 'f1': 0.0, 'auc': 0.7493}
train: {'epoch': 5, 'eta': 1204187.6822, 'loss': 0.1438, 'lr': 0.001, 'params': 870902, 'time_iter': 12.6557, 'accuracy': 0.9626, 'precision': 0.5, 'recall': 0.0008, 'f1': 0.0016, 'auc': 0.7296}
val: {'epoch': 6, 'loss': 0.0839, 'lr': 0.001, 'params': 870902, 'time_iter': 2.1996, 'accuracy': 0.9801, 'precision': 0.4, 'recall': 0.0247, 'f1': 0.0465, 'auc': 0.762}
train: {'epoch': 6, 'eta': 1190757.8024, 'loss': 0.14, 'lr': 0.001, 'params': 870902, 'time_iter': 12.4042, 'accuracy': 0.9625, 'precision': 0.3636, 'recall': 0.0032, 'f1': 0.0064, 'auc': 0.7477}
val: {'epoch': 7, 'loss': 0.0916, 'lr': 0.001, 'params': 870902, 'time_iter': 2.1365, 'accuracy': 0.9788, 'precision': 0.3929, 'recall': 0.1358, 'f1': 0.2018, 'auc': 0.7395}
train: {'epoch': 7, 'eta': 1178404.2747, 'loss': 0.1375, 'lr': 0.001, 'params': 870902, 'time_iter': 12.4811, 'accuracy': 0.9626, 'precision': 0.5652, 'recall': 0.0106, 'f1': 0.0207, 'auc': 0.7599}
val: {'epoch': 8, 'loss': 0.0861, 'lr': 0.001, 'params': 870902, 'time_iter': 2.4465, 'accuracy': 0.9798, 'precision': 0.3333, 'recall': 0.0247, 'f1': 0.046, 'auc': 0.762}
train: {'epoch': 8, 'eta': 1166358.2497, 'loss': 0.1364, 'lr': 0.001, 'params': 870902, 'time_iter': 12.5211, 'accuracy': 0.9628, 'precision': 0.5818, 'recall': 0.026, 'f1': 0.0497, 'auc': 0.7595}
val: {'epoch': 9, 'loss': 0.0827, 'lr': 0.001, 'params': 870902, 'time_iter': 2.1398, 'accuracy': 0.9813, 'precision': 0.6429, 'recall': 0.1111, 'f1': 0.1895, 'auc': 0.7753}
train: {'epoch': 9, 'eta': 1155015.5129, 'loss': 0.135, 'lr': 0.001, 'params': 870902, 'time_iter': 12.6151, 'accuracy': 0.9627, 'precision': 0.5362, 'recall': 0.03, 'f1': 0.0569, 'auc': 0.7679}
val: {'epoch': 10, 'loss': 0.0947, 'lr': 0.001, 'params': 870902, 'time_iter': 2.084, 'accuracy': 0.9796, 'precision': 0.2, 'recall': 0.0123, 'f1': 0.0233, 'auc': 0.7368}
train: {'epoch': 10, 'eta': 1141440.3276, 'loss': 0.1333, 'lr': 0.001, 'params': 870902, 'time_iter': 12.3827, 'accuracy': 0.9626, 'precision': 0.519, 'recall': 0.0333, 'f1': 0.0625, 'auc': 0.7783}
val: {'epoch': 11, 'loss': 0.0802, 'lr': 0.001, 'params': 870902, 'time_iter': 2.3217, 'accuracy': 0.9801, 'precision': 0.4737, 'recall': 0.1111, 'f1': 0.18, 'auc': 0.7743}
train: {'epoch': 11, 'eta': 1130623.1087, 'loss': 0.1324, 'lr': 0.001, 'params': 870902, 'time_iter': 12.7298, 'accuracy': 0.963, 'precision': 0.569, 'recall': 0.0536, 'f1': 0.0979, 'auc': 0.783}
val: {'epoch': 12, 'loss': 0.0805, 'lr': 0.001, 'params': 870902, 'time_iter': 2.1382, 'accuracy': 0.9798, 'precision': 0.4643, 'recall': 0.1605, 'f1': 0.2385, 'auc': 0.7869}
train: {'epoch': 12, 'eta': 1118661.9865, 'loss': 0.1312, 'lr': 0.001, 'params': 870902, 'time_iter': 12.6147, 'accuracy': 0.9632, 'precision': 0.5862, 'recall': 0.0552, 'f1': 0.1009, 'auc': 0.7879}
val: {'epoch': 13, 'loss': 0.0844, 'lr': 0.001, 'params': 870902, 'time_iter': 2.214, 'accuracy': 0.9813, 'precision': 0.625, 'recall': 0.1235, 'f1': 0.2062, 'auc': 0.7898}
train: {'epoch': 13, 'eta': 1104339.3199, 'loss': 0.1303, 'lr': 0.001, 'params': 870902, 'time_iter': 12.2641, 'accuracy': 0.9626, 'precision': 0.5101, 'recall': 0.0617, 'f1': 0.1101, 'auc': 0.7893}
val: {'epoch': 14, 'loss': 0.0776, 'lr': 0.001, 'params': 870902, 'time_iter': 2.1535, 'accuracy': 0.9823, 'precision': 0.8333, 'recall': 0.1235, 'f1': 0.2151, 'auc': 0.7802}
train: {'epoch': 14, 'eta': 1091881.2649, 'loss': 0.129, 'lr': 0.001, 'params': 870902, 'time_iter': 12.545, 'accuracy': 0.9629, 'precision': 0.538, 'recall': 0.069, 'f1': 0.1223, 'auc': 0.7943}
val: {'epoch': 15, 'loss': 0.0806, 'lr': 0.001, 'params': 870902, 'time_iter': 2.8732, 'accuracy': 0.9801, 'precision': 0.48, 'recall': 0.1481, 'f1': 0.2264, 'auc': 0.7851}
train: {'epoch': 15, 'eta': 1080161.0568, 'loss': 0.1275, 'lr': 0.001, 'params': 870902, 'time_iter': 12.692, 'accuracy': 0.9636, 'precision': 0.5957, 'recall': 0.0909, 'f1': 0.1577, 'auc': 0.7953}
val: {'epoch': 16, 'loss': 0.0794, 'lr': 0.001, 'params': 870902, 'time_iter': 2.1167, 'accuracy': 0.9815, 'precision': 0.7273, 'recall': 0.0988, 'f1': 0.1739, 'auc': 0.8028}
train: {'epoch': 16, 'eta': 1066733.3124, 'loss': 0.1266, 'lr': 0.001, 'params': 870902, 'time_iter': 12.3835, 'accuracy': 0.9636, 'precision': 0.5888, 'recall': 0.0942, 'f1': 0.1624, 'auc': 0.8004}
val: {'epoch': 17, 'loss': 0.0788, 'lr': 0.001, 'params': 870902, 'time_iter': 2.1514, 'accuracy': 0.9808, 'precision': 0.5625, 'recall': 0.1111, 'f1': 0.1856, 'auc': 0.7954}
train: {'epoch': 17, 'eta': 1053833.3663, 'loss': 0.1261, 'lr': 0.001, 'params': 870902, 'time_iter': 12.4798, 'accuracy': 0.9644, 'precision': 0.6459, 'recall': 0.1096, 'f1': 0.1874, 'auc': 0.8005}
val: {'epoch': 18, 'loss': 0.0771, 'lr': 0.001, 'params': 870902, 'time_iter': 2.3046, 'accuracy': 0.9808, 'precision': 0.55, 'recall': 0.1358, 'f1': 0.2178, 'auc': 0.8073}
train: {'epoch': 18, 'eta': 1039899.9584, 'loss': 0.1255, 'lr': 0.001, 'params': 870902, 'time_iter': 12.2428, 'accuracy': 0.9637, 'precision': 0.5844, 'recall': 0.1096, 'f1': 0.1846, 'auc': 0.8031}
val: {'epoch': 19, 'loss': 0.0821, 'lr': 0.001, 'params': 870902, 'time_iter': 2.2145, 'accuracy': 0.9791, 'precision': 0.439, 'recall': 0.2222, 'f1': 0.2951, 'auc': 0.7705}
train: {'epoch': 19, 'eta': 1026555.1095, 'loss': 0.1242, 'lr': 0.001, 'params': 870902, 'time_iter': 12.3534, 'accuracy': 0.9647, 'precision': 0.662, 'recall': 0.1161, 'f1': 0.1975, 'auc': 0.806}
val: {'epoch': 20, 'loss': 0.0909, 'lr': 0.001, 'params': 870902, 'time_iter': 2.1054, 'accuracy': 0.9796, 'precision': 0.4, 'recall': 0.0741, 'f1': 0.125, 'auc': 0.7839}
train: {'epoch': 20, 'eta': 1012986.1526, 'loss': 0.1237, 'lr': 0.001, 'params': 870902, 'time_iter': 12.2799, 'accuracy': 0.9641, 'precision': 0.5934, 'recall': 0.1315, 'f1': 0.2153, 'auc': 0.8113}
val: {'epoch': 21, 'loss': 0.0782, 'lr': 0.001, 'params': 870902, 'time_iter': 2.1431, 'accuracy': 0.9813, 'precision': 0.5769, 'recall': 0.1852, 'f1': 0.2804, 'auc': 0.8102}
train: {'epoch': 21, 'eta': 999285.6536, 'loss': 0.1227, 'lr': 0.001, 'params': 870902, 'time_iter': 12.2206, 'accuracy': 0.9645, 'precision': 0.6212, 'recall': 0.1331, 'f1': 0.2193, 'auc': 0.8145}
val: {'epoch': 22, 'loss': 0.0761, 'lr': 0.001, 'params': 870902, 'time_iter': 2.1371, 'accuracy': 0.9805, 'precision': 0.5294, 'recall': 0.1111, 'f1': 0.1837, 'auc': 0.8008}
train: {'epoch': 22, 'eta': 986761.527, 'loss': 0.1211, 'lr': 0.001, 'params': 870902, 'time_iter': 12.5337, 'accuracy': 0.965, 'precision': 0.6537, 'recall': 0.1364, 'f1': 0.2257, 'auc': 0.8165}
val: {'epoch': 23, 'loss': 0.0884, 'lr': 0.001, 'params': 870902, 'time_iter': 2.1277, 'accuracy': 0.9796, 'precision': 0.3636, 'recall': 0.0494, 'f1': 0.087, 'auc': 0.7988}
train: {'epoch': 23, 'eta': 974197.3287, 'loss': 0.1206, 'lr': 0.001, 'params': 870902, 'time_iter': 12.5309, 'accuracy': 0.9653, 'precision': 0.645, 'recall': 0.1607, 'f1': 0.2573, 'auc': 0.8192}
val: {'epoch': 24, 'loss': 0.0818, 'lr': 0.001, 'params': 870902, 'time_iter': 2.1358, 'accuracy': 0.981, 'precision': 1.0, 'recall': 0.037, 'f1': 0.0714, 'auc': 0.7971}
train: {'epoch': 24, 'eta': 960831.5641, 'loss': 0.1202, 'lr': 0.001, 'params': 870902, 'time_iter': 12.2798, 'accuracy': 0.9651, 'precision': 0.6409, 'recall': 0.155, 'f1': 0.2497, 'auc': 0.8231}
val: {'epoch': 25, 'loss': 0.0799, 'lr': 0.001, 'params': 870902, 'time_iter': 2.3108, 'accuracy': 0.9798, 'precision': 0.4375, 'recall': 0.0864, 'f1': 0.1443, 'auc': 0.8016}
train: {'epoch': 25, 'eta': 948033.7545, 'loss': 0.1191, 'lr': 0.001, 'params': 870902, 'time_iter': 12.4546, 'accuracy': 0.965, 'precision': 0.6314, 'recall': 0.1599, 'f1': 0.2552, 'auc': 0.824}
val: {'epoch': 26, 'loss': 0.0843, 'lr': 0.001, 'params': 870902, 'time_iter': 2.1336, 'accuracy': 0.9803, 'precision': 0.0, 'recall': 0.0, 'f1': 0.0, 'auc': 0.7928}
train: {'epoch': 26, 'eta': 934766.9591, 'loss': 0.1182, 'lr': 0.001, 'params': 870902, 'time_iter': 12.2865, 'accuracy': 0.9657, 'precision': 0.67, 'recall': 0.1648, 'f1': 0.2645, 'auc': 0.8296}
val: {'epoch': 27, 'loss': 0.0782, 'lr': 0.001, 'params': 870902, 'time_iter': 2.1003, 'accuracy': 0.9808, 'precision': 0.5385, 'recall': 0.1728, 'f1': 0.2617, 'auc': 0.8022}
train: {'epoch': 27, 'eta': 921581.4093, 'loss': 0.1171, 'lr': 0.001, 'params': 870902, 'time_iter': 12.3003, 'accuracy': 0.9656, 'precision': 0.6582, 'recall': 0.1688, 'f1': 0.2687, 'auc': 0.8302}
val: {'epoch': 28, 'loss': 0.0868, 'lr': 0.001, 'params': 870902, 'time_iter': 2.2665, 'accuracy': 0.9813, 'precision': 0.7, 'recall': 0.0864, 'f1': 0.1538, 'auc': 0.7893}
train: {'epoch': 28, 'eta': 908893.8547, 'loss': 0.1161, 'lr': 0.001, 'params': 870902, 'time_iter': 12.4835, 'accuracy': 0.9663, 'precision': 0.6713, 'recall': 0.194, 'f1': 0.301, 'auc': 0.8385}
val: {'epoch': 29, 'loss': 0.0784, 'lr': 0.001, 'params': 870902, 'time_iter': 2.1504, 'accuracy': 0.9823, 'precision': 0.7222, 'recall': 0.1605, 'f1': 0.2626, 'auc': 0.7899}
train: {'epoch': 29, 'eta': 896451.9173, 'loss': 0.1161, 'lr': 0.001, 'params': 870902, 'time_iter': 12.5902, 'accuracy': 0.9661, 'precision': 0.6638, 'recall': 0.1907, 'f1': 0.2963, 'auc': 0.8365}
val: {'epoch': 30, 'loss': 0.0779, 'lr': 0.001, 'params': 870902, 'time_iter': 2.1442, 'accuracy': 0.9827, 'precision': 0.625, 'recall': 0.3086, 'f1': 0.4132, 'auc': 0.7819}
train: {'epoch': 30, 'eta': 883227.4915, 'loss': 0.1151, 'lr': 0.001, 'params': 870902, 'time_iter': 12.263, 'accuracy': 0.9657, 'precision': 0.6444, 'recall': 0.1883, 'f1': 0.2915, 'auc': 0.839}
val: {'epoch': 31, 'loss': 0.0786, 'lr': 0.001, 'params': 870902, 'time_iter': 2.1625, 'accuracy': 0.9813, 'precision': 0.625, 'recall': 0.1235, 'f1': 0.2062, 'auc': 0.8007}
train: {'epoch': 31, 'eta': 870442.3816, 'loss': 0.115, 'lr': 0.001, 'params': 870902, 'time_iter': 12.4466, 'accuracy': 0.9664, 'precision': 0.6684, 'recall': 0.2029, 'f1': 0.3113, 'auc': 0.8373}
val: {'epoch': 32, 'loss': 0.0785, 'lr': 0.001, 'params': 870902, 'time_iter': 2.4439, 'accuracy': 0.9823, 'precision': 0.6333, 'recall': 0.2346, 'f1': 0.3423, 'auc': 0.7854}
train: {'epoch': 32, 'eta': 857739.1209, 'loss': 0.1144, 'lr': 0.001, 'params': 870902, 'time_iter': 12.4865, 'accuracy': 0.9669, 'precision': 0.7052, 'recall': 0.1981, 'f1': 0.3093, 'auc': 0.8416}
val: {'epoch': 33, 'loss': 0.0827, 'lr': 0.001, 'params': 870902, 'time_iter': 2.2083, 'accuracy': 0.9815, 'precision': 0.619, 'recall': 0.1605, 'f1': 0.2549, 'auc': 0.7937}
train: {'epoch': 33, 'eta': 845368.4205, 'loss': 0.1138, 'lr': 0.001, 'params': 870902, 'time_iter': 12.6572, 'accuracy': 0.9673, 'precision': 0.7151, 'recall': 0.2119, 'f1': 0.3269, 'auc': 0.8425}
val: {'epoch': 34, 'loss': 0.0828, 'lr': 0.001, 'params': 870902, 'time_iter': 2.158, 'accuracy': 0.9815, 'precision': 0.6316, 'recall': 0.1481, 'f1': 0.24, 'auc': 0.7896}
train: {'epoch': 34, 'eta': 832249.9509, 'loss': 0.1132, 'lr': 0.001, 'params': 870902, 'time_iter': 12.2855, 'accuracy': 0.9668, 'precision': 0.6742, 'recall': 0.2183, 'f1': 0.3299, 'auc': 0.8445}
val: {'epoch': 35, 'loss': 0.0769, 'lr': 0.001, 'params': 870902, 'time_iter': 2.282, 'accuracy': 0.983, 'precision': 0.6667, 'recall': 0.2716, 'f1': 0.386, 'auc': 0.7941}
train: {'epoch': 35, 'eta': 819181.3662, 'loss': 0.1131, 'lr': 0.001, 'params': 870902, 'time_iter': 12.2983, 'accuracy': 0.9671, 'precision': 0.6935, 'recall': 0.2167, 'f1': 0.3302, 'auc': 0.8434}
val: {'epoch': 36, 'loss': 0.0768, 'lr': 0.001, 'params': 870902, 'time_iter': 2.2203, 'accuracy': 0.9823, 'precision': 0.7, 'recall': 0.1728, 'f1': 0.2772, 'auc': 0.8095}
train: {'epoch': 36, 'eta': 806166.1052, 'loss': 0.1116, 'lr': 0.001, 'params': 870902, 'time_iter': 12.316, 'accuracy': 0.9676, 'precision': 0.6969, 'recall': 0.237, 'f1': 0.3537, 'auc': 0.8491}
val: {'epoch': 37, 'loss': 0.0839, 'lr': 0.001, 'params': 870902, 'time_iter': 2.2092, 'accuracy': 0.9818, 'precision': 0.5789, 'recall': 0.2716, 'f1': 0.3697, 'auc': 0.7642}
train: {'epoch': 37, 'eta': 793329.839, 'loss': 0.1119, 'lr': 0.001, 'params': 870902, 'time_iter': 12.4118, 'accuracy': 0.9671, 'precision': 0.6905, 'recall': 0.2192, 'f1': 0.3327, 'auc': 0.8513}
val: {'epoch': 38, 'loss': 0.0827, 'lr': 0.001, 'params': 870902, 'time_iter': 2.1659, 'accuracy': 0.982, 'precision': 0.6842, 'recall': 0.1605, 'f1': 0.26, 'auc': 0.7946}
train: {'epoch': 38, 'eta': 780394.7335, 'loss': 0.1103, 'lr': 0.001, 'params': 870902, 'time_iter': 12.3484, 'accuracy': 0.9681, 'precision': 0.7113, 'recall': 0.25, 'f1': 0.37, 'auc': 0.8519}
val: {'epoch': 39, 'loss': 0.0923, 'lr': 0.001, 'params': 870902, 'time_iter': 2.1363, 'accuracy': 0.982, 'precision': 0.7692, 'recall': 0.1235, 'f1': 0.2128, 'auc': 0.8015}
train: {'epoch': 39, 'eta': 767525.7285, 'loss': 0.1107, 'lr': 0.001, 'params': 870902, 'time_iter': 12.3838, 'accuracy': 0.968, 'precision': 0.7057, 'recall': 0.2492, 'f1': 0.3683, 'auc': 0.8482}
val: {'epoch': 40, 'loss': 0.0788, 'lr': 0.001, 'params': 870902, 'time_iter': 2.1364, 'accuracy': 0.9825, 'precision': 0.7368, 'recall': 0.1728, 'f1': 0.28, 'auc': 0.7978}
train: {'epoch': 40, 'eta': 754589.4776, 'loss': 0.1091, 'lr': 0.001, 'params': 870902, 'time_iter': 12.3342, 'accuracy': 0.9685, 'precision': 0.7254, 'recall': 0.2573, 'f1': 0.3799, 'auc': 0.8565}
val: {'epoch': 41, 'loss': 0.0812, 'lr': 0.001, 'params': 870902, 'time_iter': 2.1723, 'accuracy': 0.9825, 'precision': 0.6957, 'recall': 0.1975, 'f1': 0.3077, 'auc': 0.7934}
train: {'epoch': 41, 'eta': 741610.5095, 'loss': 0.1095, 'lr': 0.001, 'params': 870902, 'time_iter': 12.296, 'accuracy': 0.9684, 'precision': 0.7182, 'recall': 0.2565, 'f1': 0.378, 'auc': 0.8564}
val: {'epoch': 42, 'loss': 0.0791, 'lr': 0.001, 'params': 870902, 'time_iter': 2.4196, 'accuracy': 0.9823, 'precision': 0.7, 'recall': 0.1728, 'f1': 0.2772, 'auc': 0.7774}
train: {'epoch': 42, 'eta': 728964.0727, 'loss': 0.11, 'lr': 0.001, 'params': 870902, 'time_iter': 12.5286, 'accuracy': 0.9685, 'precision': 0.7156, 'recall': 0.2614, 'f1': 0.3829, 'auc': 0.8532}
val: {'epoch': 43, 'loss': 0.0808, 'lr': 0.001, 'params': 870902, 'time_iter': 2.1642, 'accuracy': 0.9808, 'precision': 0.5227, 'recall': 0.284, 'f1': 0.368, 'auc': 0.7932}
train: {'epoch': 43, 'eta': 716464.3645, 'loss': 0.1088, 'lr': 0.001, 'params': 870902, 'time_iter': 12.6492, 'accuracy': 0.9678, 'precision': 0.6957, 'recall': 0.2468, 'f1': 0.3643, 'auc': 0.859}
val: {'epoch': 44, 'loss': 0.0831, 'lr': 0.001, 'params': 870902, 'time_iter': 2.1268, 'accuracy': 0.983, 'precision': 0.9231, 'recall': 0.1481, 'f1': 0.2553, 'auc': 0.7817}
train: {'epoch': 44, 'eta': 703564.9575, 'loss': 0.1081, 'lr': 0.001, 'params': 870902, 'time_iter': 12.3496, 'accuracy': 0.9685, 'precision': 0.7094, 'recall': 0.2695, 'f1': 0.3906, 'auc': 0.8611}
val: {'epoch': 45, 'loss': 0.0812, 'lr': 0.001, 'params': 870902, 'time_iter': 2.2988, 'accuracy': 0.9823, 'precision': 0.7, 'recall': 0.1728, 'f1': 0.2772, 'auc': 0.7768}
train: {'epoch': 45, 'eta': 691005.225, 'loss': 0.1082, 'lr': 0.001, 'params': 870902, 'time_iter': 12.6239, 'accuracy': 0.9687, 'precision': 0.7215, 'recall': 0.267, 'f1': 0.3898, 'auc': 0.8614}
val: {'epoch': 46, 'loss': 0.0857, 'lr': 0.001, 'params': 870902, 'time_iter': 2.1293, 'accuracy': 0.9815, 'precision': 0.6923, 'recall': 0.1111, 'f1': 0.1915, 'auc': 0.7919}
train: {'epoch': 46, 'eta': 678308.0981, 'loss': 0.1075, 'lr': 0.001, 'params': 870902, 'time_iter': 12.5213, 'accuracy': 0.9688, 'precision': 0.7297, 'recall': 0.263, 'f1': 0.3866, 'auc': 0.8617}
val: {'epoch': 47, 'loss': 0.0871, 'lr': 0.001, 'params': 870902, 'time_iter': 2.1952, 'accuracy': 0.983, 'precision': 0.8667, 'recall': 0.1605, 'f1': 0.2708, 'auc': 0.7958}
train: {'epoch': 47, 'eta': 665370.4854, 'loss': 0.1074, 'lr': 0.001, 'params': 870902, 'time_iter': 12.3126, 'accuracy': 0.9691, 'precision': 0.7257, 'recall': 0.2792, 'f1': 0.4033, 'auc': 0.8658}
val: {'epoch': 48, 'loss': 0.0772, 'lr': 0.001, 'params': 870902, 'time_iter': 2.1658, 'accuracy': 0.9835, 'precision': 0.7826, 'recall': 0.2222, 'f1': 0.3462, 'auc': 0.807}
train: {'epoch': 48, 'eta': 652697.4137, 'loss': 0.1063, 'lr': 0.001, 'params': 870902, 'time_iter': 12.5494, 'accuracy': 0.9685, 'precision': 0.714, 'recall': 0.2654, 'f1': 0.387, 'auc': 0.8658}
val: {'epoch': 49, 'loss': 0.0844, 'lr': 0.001, 'params': 870902, 'time_iter': 2.3754, 'accuracy': 0.9827, 'precision': 0.8125, 'recall': 0.1605, 'f1': 0.268, 'auc': 0.7908}
train: {'epoch': 49, 'eta': 639906.5401, 'loss': 0.1062, 'lr': 0.001, 'params': 870902, 'time_iter': 12.4442, 'accuracy': 0.9691, 'precision': 0.7195, 'recall': 0.2873, 'f1': 0.4107, 'auc': 0.8639}
val: {'epoch': 50, 'loss': 0.0872, 'lr': 0.001, 'params': 870902, 'time_iter': 2.122, 'accuracy': 0.9823, 'precision': 0.75, 'recall': 0.1481, 'f1': 0.2474, 'auc': 0.7993}
train: {'epoch': 50, 'eta': 627497.4377, 'loss': 0.1061, 'lr': 0.001, 'params': 870902, 'time_iter': 12.8309, 'accuracy': 0.9687, 'precision': 0.7113, 'recall': 0.276, 'f1': 0.3977, 'auc': 0.8704}
val: {'epoch': 51, 'loss': 0.0778, 'lr': 0.001, 'params': 870902, 'time_iter': 2.1518, 'accuracy': 0.9852, 'precision': 0.8333, 'recall': 0.3086, 'f1': 0.4505, 'auc': 0.8078}
train: {'epoch': 51, 'eta': 614693.1563, 'loss': 0.1053, 'lr': 0.001, 'params': 870902, 'time_iter': 12.447, 'accuracy': 0.9691, 'precision': 0.7169, 'recall': 0.2898, 'f1': 0.4127, 'auc': 0.8687}
val: {'epoch': 52, 'loss': 0.0827, 'lr': 0.001, 'params': 870902, 'time_iter': 2.1965, 'accuracy': 0.9823, 'precision': 0.7222, 'recall': 0.1605, 'f1': 0.2626, 'auc': 0.782}
train: {'epoch': 52, 'eta': 601835.742, 'loss': 0.1059, 'lr': 0.001, 'params': 870902, 'time_iter': 12.389, 'accuracy': 0.9694, 'precision': 0.7267, 'recall': 0.2914, 'f1': 0.416, 'auc': 0.8683}
val: {'epoch': 53, 'loss': 0.0932, 'lr': 0.001, 'params': 870902, 'time_iter': 2.1805, 'accuracy': 0.9825, 'precision': 0.8462, 'recall': 0.1358, 'f1': 0.234, 'auc': 0.7952}
train: {'epoch': 53, 'eta': 589140.688, 'loss': 0.1045, 'lr': 0.001, 'params': 870902, 'time_iter': 12.5696, 'accuracy': 0.97, 'precision': 0.751, 'recall': 0.2963, 'f1': 0.4249, 'auc': 0.871}
val: {'epoch': 54, 'loss': 0.0801, 'lr': 0.001, 'params': 870902, 'time_iter': 2.1532, 'accuracy': 0.9832, 'precision': 0.8, 'recall': 0.1975, 'f1': 0.3168, 'auc': 0.7957}
train: {'epoch': 54, 'eta': 576235.0921, 'loss': 0.1039, 'lr': 0.001, 'params': 870902, 'time_iter': 12.3298, 'accuracy': 0.9695, 'precision': 0.7379, 'recall': 0.2857, 'f1': 0.4119, 'auc': 0.8773}
val: {'epoch': 55, 'loss': 0.077, 'lr': 0.001, 'params': 870902, 'time_iter': 2.1032, 'accuracy': 0.9835, 'precision': 0.7097, 'recall': 0.2716, 'f1': 0.3929, 'auc': 0.8167}
train: {'epoch': 55, 'eta': 563587.821, 'loss': 0.1029, 'lr': 0.001, 'params': 870902, 'time_iter': 12.6397, 'accuracy': 0.9696, 'precision': 0.7311, 'recall': 0.2979, 'f1': 0.4233, 'auc': 0.8792}
val: {'epoch': 56, 'loss': 0.0856, 'lr': 0.001, 'params': 870902, 'time_iter': 2.4259, 'accuracy': 0.982, 'precision': 0.7059, 'recall': 0.1481, 'f1': 0.2449, 'auc': 0.8099}
train: {'epoch': 56, 'eta': 550927.7924, 'loss': 0.1024, 'lr': 0.001, 'params': 870902, 'time_iter': 12.6395, 'accuracy': 0.9699, 'precision': 0.7341, 'recall': 0.3093, 'f1': 0.4352, 'auc': 0.8791}
val: {'epoch': 57, 'loss': 0.0809, 'lr': 0.001, 'params': 870902, 'time_iter': 2.1084, 'accuracy': 0.9825, 'precision': 0.7647, 'recall': 0.1605, 'f1': 0.2653, 'auc': 0.807}
train: {'epoch': 57, 'eta': 538336.6699, 'loss': 0.1025, 'lr': 0.001, 'params': 870902, 'time_iter': 12.748, 'accuracy': 0.9705, 'precision': 0.759, 'recall': 0.3093, 'f1': 0.4394, 'auc': 0.8813}
val: {'epoch': 58, 'loss': 0.0809, 'lr': 0.001, 'params': 870902, 'time_iter': 2.1924, 'accuracy': 0.9827, 'precision': 0.75, 'recall': 0.1852, 'f1': 0.297, 'auc': 0.8158}
train: {'epoch': 58, 'eta': 525421.5819, 'loss': 0.1028, 'lr': 0.001, 'params': 870902, 'time_iter': 12.3199, 'accuracy': 0.9699, 'precision': 0.7349, 'recall': 0.306, 'f1': 0.4321, 'auc': 0.8809}
val: {'epoch': 59, 'loss': 0.0876, 'lr': 0.001, 'params': 870902, 'time_iter': 2.2348, 'accuracy': 0.9835, 'precision': 0.8824, 'recall': 0.1852, 'f1': 0.3061, 'auc': 0.7885}
train: {'epoch': 59, 'eta': 512519.0486, 'loss': 0.1022, 'lr': 0.001, 'params': 870902, 'time_iter': 12.3266, 'accuracy': 0.9694, 'precision': 0.7216, 'recall': 0.2987, 'f1': 0.4225, 'auc': 0.8837}
val: {'epoch': 60, 'loss': 0.0894, 'lr': 0.001, 'params': 870902, 'time_iter': 2.159, 'accuracy': 0.9825, 'precision': 0.9091, 'recall': 0.1235, 'f1': 0.2174, 'auc': 0.7915}
train: {'epoch': 60, 'eta': 499731.0732, 'loss': 0.1014, 'lr': 0.001, 'params': 870902, 'time_iter': 12.4899, 'accuracy': 0.9703, 'precision': 0.7443, 'recall': 0.3166, 'f1': 0.4442, 'auc': 0.8839}
val: {'epoch': 61, 'loss': 0.0836, 'lr': 0.001, 'params': 870902, 'time_iter': 2.2098, 'accuracy': 0.9832, 'precision': 0.9286, 'recall': 0.1605, 'f1': 0.2737, 'auc': 0.8199}
train: {'epoch': 61, 'eta': 486859.5497, 'loss': 0.1014, 'lr': 0.001, 'params': 870902, 'time_iter': 12.3607, 'accuracy': 0.97, 'precision': 0.7319, 'recall': 0.3125, 'f1': 0.438, 'auc': 0.8836}
val: {'epoch': 62, 'loss': 0.0851, 'lr': 0.001, 'params': 870902, 'time_iter': 2.1649, 'accuracy': 0.9827, 'precision': 1.0, 'recall': 0.1235, 'f1': 0.2198, 'auc': 0.8178}
train: {'epoch': 62, 'eta': 474101.3671, 'loss': 0.1008, 'lr': 0.001, 'params': 870902, 'time_iter': 12.5402, 'accuracy': 0.9702, 'precision': 0.7333, 'recall': 0.3214, 'f1': 0.447, 'auc': 0.8854}
val: {'epoch': 63, 'loss': 0.0826, 'lr': 0.001, 'params': 870902, 'time_iter': 2.7879, 'accuracy': 0.9825, 'precision': 0.6957, 'recall': 0.1975, 'f1': 0.3077, 'auc': 0.7963}
train: {'epoch': 63, 'eta': 461410.0067, 'loss': 0.1007, 'lr': 0.001, 'params': 870902, 'time_iter': 12.6635, 'accuracy': 0.9703, 'precision': 0.7433, 'recall': 0.3149, 'f1': 0.4424, 'auc': 0.8868}
val: {'epoch': 64, 'loss': 0.0817, 'lr': 0.001, 'params': 870902, 'time_iter': 2.1631, 'accuracy': 0.9823, 'precision': 0.625, 'recall': 0.2469, 'f1': 0.354, 'auc': 0.7858}
train: {'epoch': 64, 'eta': 448425.7752, 'loss': 0.0997, 'lr': 0.001, 'params': 870902, 'time_iter': 12.1538, 'accuracy': 0.9702, 'precision': 0.733, 'recall': 0.3231, 'f1': 0.4485, 'auc': 0.8902}
val: {'epoch': 65, 'loss': 0.0866, 'lr': 0.001, 'params': 870902, 'time_iter': 2.173, 'accuracy': 0.982, 'precision': 0.7059, 'recall': 0.1481, 'f1': 0.2449, 'auc': 0.8131}
train: {'epoch': 65, 'eta': 435520.8173, 'loss': 0.1007, 'lr': 0.001, 'params': 870902, 'time_iter': 12.276, 'accuracy': 0.97, 'precision': 0.7351, 'recall': 0.3109, 'f1': 0.437, 'auc': 0.8878}
val: {'epoch': 66, 'loss': 0.0826, 'lr': 0.001, 'params': 870902, 'time_iter': 2.4539, 'accuracy': 0.9832, 'precision': 0.875, 'recall': 0.1728, 'f1': 0.2887, 'auc': 0.8061}
train: {'epoch': 66, 'eta': 422744.1203, 'loss': 0.0995, 'lr': 0.001, 'params': 870902, 'time_iter': 12.513, 'accuracy': 0.9712, 'precision': 0.7591, 'recall': 0.3377, 'f1': 0.4674, 'auc': 0.8879}
val: {'epoch': 67, 'loss': 0.0814, 'lr': 0.001, 'params': 870902, 'time_iter': 2.0915, 'accuracy': 0.9837, 'precision': 0.7692, 'recall': 0.2469, 'f1': 0.3738, 'auc': 0.8168}
train: {'epoch': 67, 'eta': 409931.3319, 'loss': 0.0986, 'lr': 0.001, 'params': 870902, 'time_iter': 12.4445, 'accuracy': 0.9714, 'precision': 0.7616, 'recall': 0.345, 'f1': 0.4749, 'auc': 0.8927}
val: {'epoch': 68, 'loss': 0.0833, 'lr': 0.001, 'params': 870902, 'time_iter': 2.1143, 'accuracy': 0.983, 'precision': 0.7037, 'recall': 0.2346, 'f1': 0.3519, 'auc': 0.8167}
train: {'epoch': 68, 'eta': 397043.3075, 'loss': 0.0991, 'lr': 0.001, 'params': 870902, 'time_iter': 12.2813, 'accuracy': 0.9708, 'precision': 0.7482, 'recall': 0.3328, 'f1': 0.4607, 'auc': 0.8916}
val: {'epoch': 69, 'loss': 0.0851, 'lr': 0.001, 'params': 870902, 'time_iter': 2.1749, 'accuracy': 0.9832, 'precision': 0.7727, 'recall': 0.2099, 'f1': 0.3301, 'auc': 0.81}
train: {'epoch': 69, 'eta': 384103.3096, 'loss': 0.0979, 'lr': 0.001, 'params': 870902, 'time_iter': 12.1472, 'accuracy': 0.9715, 'precision': 0.7688, 'recall': 0.3401, 'f1': 0.4716, 'auc': 0.8954}
val: {'epoch': 70, 'loss': 0.0808, 'lr': 0.001, 'params': 870902, 'time_iter': 2.1608, 'accuracy': 0.983, 'precision': 0.8235, 'recall': 0.1728, 'f1': 0.2857, 'auc': 0.8267}
train: {'epoch': 70, 'eta': 371251.8241, 'loss': 0.0971, 'lr': 0.001, 'params': 870902, 'time_iter': 12.3283, 'accuracy': 0.9713, 'precision': 0.7632, 'recall': 0.3401, 'f1': 0.4705, 'auc': 0.8962}
val: {'epoch': 71, 'loss': 0.0859, 'lr': 0.001, 'params': 870902, 'time_iter': 2.1367, 'accuracy': 0.983, 'precision': 0.72, 'recall': 0.2222, 'f1': 0.3396, 'auc': 0.8044}
train: {'epoch': 71, 'eta': 358350.8226, 'loss': 0.0976, 'lr': 0.001, 'params': 870902, 'time_iter': 12.1931, 'accuracy': 0.9717, 'precision': 0.7603, 'recall': 0.358, 'f1': 0.4868, 'auc': 0.896}
val: {'epoch': 72, 'loss': 0.0836, 'lr': 0.001, 'params': 870902, 'time_iter': 2.1062, 'accuracy': 0.9813, 'precision': 0.5625, 'recall': 0.2222, 'f1': 0.3186, 'auc': 0.8061}
train: {'epoch': 72, 'eta': 345536.1839, 'loss': 0.096, 'lr': 0.001, 'params': 870902, 'time_iter': 12.3945, 'accuracy': 0.9715, 'precision': 0.7644, 'recall': 0.345, 'f1': 0.4754, 'auc': 0.9018}
val: {'epoch': 73, 'loss': 0.088, 'lr': 0.001, 'params': 870902, 'time_iter': 2.9477, 'accuracy': 0.9823, 'precision': 0.8333, 'recall': 0.1235, 'f1': 0.2151, 'auc': 0.8041}
train: {'epoch': 73, 'eta': 332738.0985, 'loss': 0.0971, 'lr': 0.001, 'params': 870902, 'time_iter': 12.4357, 'accuracy': 0.9719, 'precision': 0.7675, 'recall': 0.3563, 'f1': 0.4867, 'auc': 0.8971}
val: {'epoch': 74, 'loss': 0.0831, 'lr': 0.001, 'params': 870902, 'time_iter': 2.1458, 'accuracy': 0.9827, 'precision': 0.6923, 'recall': 0.2222, 'f1': 0.3364, 'auc': 0.8211}
train: {'epoch': 74, 'eta': 320032.8468, 'loss': 0.097, 'lr': 0.001, 'params': 870902, 'time_iter': 12.7062, 'accuracy': 0.9718, 'precision': 0.7714, 'recall': 0.3506, 'f1': 0.4821, 'auc': 0.8976}
val: {'epoch': 75, 'loss': 0.089, 'lr': 0.001, 'params': 870902, 'time_iter': 2.2002, 'accuracy': 0.983, 'precision': 0.8667, 'recall': 0.1605, 'f1': 0.2708, 'auc': 0.8149}
train: {'epoch': 75, 'eta': 307220.288, 'loss': 0.0958, 'lr': 0.001, 'params': 870902, 'time_iter': 12.4059, 'accuracy': 0.9715, 'precision': 0.7565, 'recall': 0.3531, 'f1': 0.4815, 'auc': 0.9032}
val: {'epoch': 76, 'loss': 0.0872, 'lr': 0.001, 'params': 870902, 'time_iter': 2.1793, 'accuracy': 0.9832, 'precision': 0.9286, 'recall': 0.1605, 'f1': 0.2737, 'auc': 0.8238}
train: {'epoch': 76, 'eta': 294460.5377, 'loss': 0.0962, 'lr': 0.001, 'params': 870902, 'time_iter': 12.5738, 'accuracy': 0.9715, 'precision': 0.7592, 'recall': 0.3506, 'f1': 0.4797, 'auc': 0.9028}
val: {'epoch': 77, 'loss': 0.0893, 'lr': 0.001, 'params': 870902, 'time_iter': 2.1378, 'accuracy': 0.9825, 'precision': 0.9091, 'recall': 0.1235, 'f1': 0.2174, 'auc': 0.8026}
train: {'epoch': 77, 'eta': 281706.2795, 'loss': 0.0943, 'lr': 0.001, 'params': 870902, 'time_iter': 12.6085, 'accuracy': 0.9716, 'precision': 0.7569, 'recall': 0.3563, 'f1': 0.4845, 'auc': 0.9088}
val: {'epoch': 78, 'loss': 0.0937, 'lr': 0.001, 'params': 870902, 'time_iter': 2.1237, 'accuracy': 0.9827, 'precision': 1.0, 'recall': 0.1235, 'f1': 0.2198, 'auc': 0.8096}
train: {'epoch': 78, 'eta': 268867.4073, 'loss': 0.0949, 'lr': 0.001, 'params': 870902, 'time_iter': 12.3195, 'accuracy': 0.9714, 'precision': 0.7433, 'recall': 0.3596, 'f1': 0.4847, 'auc': 0.905}
val: {'epoch': 79, 'loss': 0.0851, 'lr': 0.001, 'params': 870902, 'time_iter': 2.0994, 'accuracy': 0.9825, 'precision': 0.7143, 'recall': 0.1852, 'f1': 0.2941, 'auc': 0.8197}
train: {'epoch': 79, 'eta': 256031.4023, 'loss': 0.0944, 'lr': 0.001, 'params': 870902, 'time_iter': 12.3149, 'accuracy': 0.9718, 'precision': 0.7538, 'recall': 0.3653, 'f1': 0.4921, 'auc': 0.9052}
val: {'epoch': 80, 'loss': 0.0943, 'lr': 0.001, 'params': 870902, 'time_iter': 2.433, 'accuracy': 0.9818, 'precision': 0.625, 'recall': 0.1852, 'f1': 0.2857, 'auc': 0.8076}
train: {'epoch': 80, 'eta': 243238.7052, 'loss': 0.0927, 'lr': 0.001, 'params': 870902, 'time_iter': 12.4775, 'accuracy': 0.9729, 'precision': 0.7805, 'recall': 0.3839, 'f1': 0.5147, 'auc': 0.9099}
val: {'epoch': 81, 'loss': 0.087, 'lr': 0.001, 'params': 870902, 'time_iter': 2.0909, 'accuracy': 0.9825, 'precision': 0.6957, 'recall': 0.1975, 'f1': 0.3077, 'auc': 0.8027}
train: {'epoch': 81, 'eta': 230343.2954, 'loss': 0.094, 'lr': 0.001, 'params': 870902, 'time_iter': 12.0279, 'accuracy': 0.9716, 'precision': 0.7483, 'recall': 0.3644, 'f1': 0.4902, 'auc': 0.9082}
val: {'epoch': 82, 'loss': 0.0938, 'lr': 0.001, 'params': 870902, 'time_iter': 2.2342, 'accuracy': 0.9832, 'precision': 0.8333, 'recall': 0.1852, 'f1': 0.303, 'auc': 0.8045}
train: {'epoch': 82, 'eta': 217590.871, 'loss': 0.0929, 'lr': 0.001, 'params': 870902, 'time_iter': 12.647, 'accuracy': 0.9723, 'precision': 0.7666, 'recall': 0.3758, 'f1': 0.5044, 'auc': 0.914}
val: {'epoch': 83, 'loss': 0.0877, 'lr': 0.001, 'params': 870902, 'time_iter': 2.2894, 'accuracy': 0.9825, 'precision': 0.6957, 'recall': 0.1975, 'f1': 0.3077, 'auc': 0.8238}
train: {'epoch': 83, 'eta': 204741.0766, 'loss': 0.0932, 'lr': 0.001, 'params': 870902, 'time_iter': 12.1819, 'accuracy': 0.9718, 'precision': 0.748, 'recall': 0.3709, 'f1': 0.4959, 'auc': 0.91}
val: {'epoch': 84, 'loss': 0.0912, 'lr': 0.001, 'params': 870902, 'time_iter': 2.1174, 'accuracy': 0.9815, 'precision': 0.619, 'recall': 0.1605, 'f1': 0.2549, 'auc': 0.8133}
train: {'epoch': 84, 'eta': 191953.1766, 'loss': 0.0921, 'lr': 0.001, 'params': 870902, 'time_iter': 12.482, 'accuracy': 0.9722, 'precision': 0.7696, 'recall': 0.3661, 'f1': 0.4961, 'auc': 0.9141}
val: {'epoch': 85, 'loss': 0.0874, 'lr': 0.001, 'params': 870902, 'time_iter': 2.092, 'accuracy': 0.9825, 'precision': 0.7143, 'recall': 0.1852, 'f1': 0.2941, 'auc': 0.8107}
train: {'epoch': 85, 'eta': 179225.1574, 'loss': 0.0915, 'lr': 0.001, 'params': 870902, 'time_iter': 12.8473, 'accuracy': 0.9722, 'precision': 0.7573, 'recall': 0.3799, 'f1': 0.5059, 'auc': 0.9167}
val: {'epoch': 86, 'loss': 0.0957, 'lr': 0.001, 'params': 870902, 'time_iter': 2.1002, 'accuracy': 0.982, 'precision': 0.8889, 'recall': 0.0988, 'f1': 0.1778, 'auc': 0.7994}
train: {'epoch': 86, 'eta': 166398.8605, 'loss': 0.0923, 'lr': 0.001, 'params': 870902, 'time_iter': 12.2817, 'accuracy': 0.9722, 'precision': 0.7642, 'recall': 0.3709, 'f1': 0.4995, 'auc': 0.9114}
val: {'epoch': 87, 'loss': 0.0941, 'lr': 0.001, 'params': 870902, 'time_iter': 2.1347, 'accuracy': 0.982, 'precision': 0.7059, 'recall': 0.1481, 'f1': 0.2449, 'auc': 0.8216}
train: {'epoch': 87, 'eta': 153633.9241, 'loss': 0.0911, 'lr': 0.001, 'params': 870902, 'time_iter': 12.6884, 'accuracy': 0.9724, 'precision': 0.77, 'recall': 0.375, 'f1': 0.5044, 'auc': 0.9162}
val: {'epoch': 88, 'loss': 0.0989, 'lr': 0.001, 'params': 870902, 'time_iter': 2.1444, 'accuracy': 0.9818, 'precision': 0.7143, 'recall': 0.1235, 'f1': 0.2105, 'auc': 0.8165}
train: {'epoch': 88, 'eta': 140809.0073, 'loss': 0.0922, 'lr': 0.001, 'params': 870902, 'time_iter': 12.2683, 'accuracy': 0.9718, 'precision': 0.7476, 'recall': 0.3726, 'f1': 0.4973, 'auc': 0.9156}
val: {'epoch': 89, 'loss': 0.0954, 'lr': 0.001, 'params': 870902, 'time_iter': 2.1091, 'accuracy': 0.9825, 'precision': 0.8462, 'recall': 0.1358, 'f1': 0.234, 'auc': 0.8073}
train: {'epoch': 89, 'eta': 127995.0574, 'loss': 0.0913, 'lr': 0.001, 'params': 870902, 'time_iter': 12.3252, 'accuracy': 0.9729, 'precision': 0.7881, 'recall': 0.3774, 'f1': 0.5104, 'auc': 0.9186}
val: {'epoch': 90, 'loss': 0.0881, 'lr': 0.001, 'params': 870902, 'time_iter': 2.392, 'accuracy': 0.9827, 'precision': 0.75, 'recall': 0.1852, 'f1': 0.297, 'auc': 0.821}
train: {'epoch': 90, 'eta': 115171.2754, 'loss': 0.0891, 'lr': 0.001, 'params': 870902, 'time_iter': 12.2002, 'accuracy': 0.9726, 'precision': 0.7737, 'recall': 0.3774, 'f1': 0.5074, 'auc': 0.9214}
val: {'epoch': 91, 'loss': 0.0946, 'lr': 0.001, 'params': 870902, 'time_iter': 2.1462, 'accuracy': 0.9832, 'precision': 0.9286, 'recall': 0.1605, 'f1': 0.2737, 'auc': 0.8108}
train: {'epoch': 91, 'eta': 102396.6037, 'loss': 0.0897, 'lr': 0.001, 'params': 870902, 'time_iter': 12.6836, 'accuracy': 0.9729, 'precision': 0.7822, 'recall': 0.3847, 'f1': 0.5158, 'auc': 0.9203}
val: {'epoch': 92, 'loss': 0.0997, 'lr': 0.001, 'params': 870902, 'time_iter': 2.1727, 'accuracy': 0.9827, 'precision': 0.7778, 'recall': 0.1728, 'f1': 0.2828, 'auc': 0.8123}
train: {'epoch': 92, 'eta': 89610.6615, 'loss': 0.0902, 'lr': 0.001, 'params': 870902, 'time_iter': 12.6149, 'accuracy': 0.9729, 'precision': 0.7751, 'recall': 0.3888, 'f1': 0.5178, 'auc': 0.9183}
val: {'epoch': 93, 'loss': 0.0931, 'lr': 0.001, 'params': 870902, 'time_iter': 2.2369, 'accuracy': 0.9832, 'precision': 0.8333, 'recall': 0.1852, 'f1': 0.303, 'auc': 0.8073}
train: {'epoch': 93, 'eta': 76806.4181, 'loss': 0.0895, 'lr': 0.001, 'params': 870902, 'time_iter': 12.3993, 'accuracy': 0.9725, 'precision': 0.7662, 'recall': 0.3831, 'f1': 0.5108, 'auc': 0.9223}
val: {'epoch': 94, 'loss': 0.089, 'lr': 0.001, 'params': 870902, 'time_iter': 2.1374, 'accuracy': 0.983, 'precision': 0.7619, 'recall': 0.1975, 'f1': 0.3137, 'auc': 0.8225}
train: {'epoch': 94, 'eta': 64012.2849, 'loss': 0.088, 'lr': 0.001, 'params': 870902, 'time_iter': 12.5684, 'accuracy': 0.9731, 'precision': 0.7821, 'recall': 0.3904, 'f1': 0.5208, 'auc': 0.9245}
val: {'epoch': 95, 'loss': 0.0907, 'lr': 0.001, 'params': 870902, 'time_iter': 2.1258, 'accuracy': 0.9825, 'precision': 0.7368, 'recall': 0.1728, 'f1': 0.28, 'auc': 0.8152}
train: {'epoch': 95, 'eta': 51201.0436, 'loss': 0.0897, 'lr': 0.001, 'params': 870902, 'time_iter': 12.2368, 'accuracy': 0.9729, 'precision': 0.7776, 'recall': 0.3888, 'f1': 0.5184, 'auc': 0.9222}
val: {'epoch': 96, 'loss': 0.0915, 'lr': 0.001, 'params': 870902, 'time_iter': 2.142, 'accuracy': 0.9827, 'precision': 0.8571, 'recall': 0.1481, 'f1': 0.2526, 'auc': 0.8325}
train: {'epoch': 96, 'eta': 38393.4975, 'loss': 0.0865, 'lr': 0.001, 'params': 870902, 'time_iter': 12.2106, 'accuracy': 0.9732, 'precision': 0.7792, 'recall': 0.3953, 'f1': 0.5245, 'auc': 0.9258}
val: {'epoch': 97, 'loss': 0.0977, 'lr': 0.001, 'params': 870902, 'time_iter': 2.3889, 'accuracy': 0.9823, 'precision': 0.6818, 'recall': 0.1852, 'f1': 0.2913, 'auc': 0.811}
train: {'epoch': 97, 'eta': 25593.3655, 'loss': 0.0879, 'lr': 0.001, 'params': 870902, 'time_iter': 12.3277, 'accuracy': 0.973, 'precision': 0.7626, 'recall': 0.4067, 'f1': 0.5304, 'auc': 0.9257}
val: {'epoch': 98, 'loss': 0.1049, 'lr': 0.001, 'params': 870902, 'time_iter': 2.1278, 'accuracy': 0.9815, 'precision': 0.6471, 'recall': 0.1358, 'f1': 0.2245, 'auc': 0.8188}
train: {'epoch': 98, 'eta': 12799.3001, 'loss': 0.0859, 'lr': 0.001, 'params': 870902, 'time_iter': 12.6879, 'accuracy': 0.973, 'precision': 0.7643, 'recall': 0.4026, 'f1': 0.5274, 'auc': 0.9338}
val: {'epoch': 99, 'loss': 0.095, 'lr': 0.001, 'params': 870902, 'time_iter': 2.1088, 'accuracy': 0.9813, 'precision': 0.6111, 'recall': 0.1358, 'f1': 0.2222, 'auc': 0.8044}
train: {'epoch': 99, 'eta': 0.0, 'loss': 0.0878, 'lr': 0.001, 'params': 870902, 'time_iter': 12.3085, 'accuracy': 0.9734, 'precision': 0.789, 'recall': 0.3945, 'f1': 0.526, 'auc': 0.9251}
test: {'epoch': 99, 'loss': 0.1706, 'lr': 0.001, 'params': 870902, 'time_iter': 1.9587, 'accuracy': 0.9703, 'precision': 0.7857, 'recall': 0.0846, 'f1': 0.1528, 'auc': 0.7816}
test: {'epoch': 96, 'loss': 0.1797, 'lr': 0.001, 'params': 870902, 'time_iter': 1.9614, 'accuracy': 0.9701, 'precision': 1.0, 'recall': 0.0538, 'f1': 0.1022, 'auc': 0.7634}
