GraphGymModule(
  (model): DilatedGNNModel(
    (encoder): FeatureEncoder(
      (node_encoder): AtomEncoder(
        (atom_embedding_list): ModuleList(
          (0): Embedding(119, 300)
          (1): Embedding(4, 300)
          (2): Embedding(12, 300)
          (3): Embedding(12, 300)
          (4): Embedding(10, 300)
          (5): Embedding(6, 300)
          (6): Embedding(6, 300)
          (7): Embedding(2, 300)
          (8): Embedding(2, 300)
        )
      )
      (edge_encoder): BondEncoder(
        (bond_embedding_list): ModuleList(
          (0): Embedding(5, 300)
          (1): Embedding(6, 300)
          (2): Embedding(2, 300)
        )
      )
    )
    (mp): GNNDilatedStage(
      (classic_layers): ModuleList(
        (0): GeneralLayer(
          (layer): EGINConv(
            (model): GINEConv(nn=Sequential(
              (0): Linear(300, 300, bias=True)
              (1): ReLU()
              (2): Linear(300, 300, bias=True)
            ))
          )
          (post_layer): Sequential(
            (0): BatchNorm1d(300, eps=1e-05, momentum=0.1, affine=True, track_running_stats=True)
            (1): Dropout(p=0.5, inplace=False)
            (2): ReLU()
          )
        )
        (1): GeneralLayer(
          (layer): EGINConv(
            (model): GINEConv(nn=Sequential(
              (0): Linear(300, 300, bias=True)
              (1): ReLU()
              (2): Linear(300, 300, bias=True)
            ))
          )
          (post_layer): Sequential(
            (0): BatchNorm1d(300, eps=1e-05, momentum=0.1, affine=True, track_running_stats=True)
            (1): Dropout(p=0.5, inplace=False)
            (2): ReLU()
          )
        )
        (2): GeneralLayer(
          (layer): EGINConv(
            (model): GINEConv(nn=Sequential(
              (0): Linear(300, 300, bias=True)
              (1): ReLU()
              (2): Linear(300, 300, bias=True)
            ))
          )
          (post_layer): Sequential(
            (0): BatchNorm1d(300, eps=1e-05, momentum=0.1, affine=True, track_running_stats=True)
            (1): Dropout(p=0.5, inplace=False)
            (2): ReLU()
          )
        )
      )
      (dilated_layers): ModuleList(
        (0): DilatedGeneralLayer(
          (layer): EGINConv(
            (model): GINEConv(nn=Sequential(
              (0): Linear(300, 300, bias=True)
              (1): ReLU()
              (2): Linear(300, 300, bias=True)
            ))
          )
          (post_layer): Sequential(
            (0): BatchNorm1d(300, eps=1e-05, momentum=0.1, affine=True, track_running_stats=True)
            (1): Dropout(p=0.5, inplace=False)
            (2): ReLU()
          )
          (gem): GeM(p=3.0000, eps=1e-06)
        )
        (1): DilatedGeneralLayer(
          (layer): EGINConv(
            (model): GINEConv(nn=Sequential(
              (0): Linear(300, 300, bias=True)
              (1): ReLU()
              (2): Linear(300, 300, bias=True)
            ))
          )
          (post_layer): Sequential(
            (0): BatchNorm1d(300, eps=1e-05, momentum=0.1, affine=True, track_running_stats=True)
            (1): Dropout(p=0.5, inplace=False)
            (2): ReLU()
          )
          (gem): GeM(p=3.0000, eps=1e-06)
        )
      )
      (act): ReLU()
    )
    (post_mp): GNNGraphHead(
      (layer_post_mp): MLP(
        (model): Sequential(
          (0): Linear(
            (model): Linear(300, 1, bias=True)
          )
        )
      )
    )
  )
)
accelerator: cuda
benchmark: False
bn:
  eps: 1e-05
  mom: 0.1
cfg_dest: config.yaml
custom_metrics: []
dataset:
  cache_load: False
  cache_save: False
  dir: ./datasets
  edge_dim: 300
  edge_encoder: True
  edge_encoder_bn: False
  edge_encoder_name: Bond
  edge_message_ratio: 0.8
  edge_negative_sampling_ratio: 1.0
  edge_train_mode: all
  encoder: True
  encoder_bn: True
  encoder_dim: 128
  encoder_name: db
  fast_loader: False
  format: OGB
  label_column: none
  label_table: none
  location: local
  name: ogbg-molhiv
  node_encoder: True
  node_encoder_bn: False
  node_encoder_name: Atom
  remove_feature: False
  resample_disjoint: False
  resample_negative: False
  shuffle_split: True
  split: [0.8, 0.1, 0.1]
  split_mode: random
  task: graph
  task_type: classification
  to_undirected: False
  transductive: False
  transform: none
  tu_simple: True
devices: 1
gnn:
  act: relu
  act_on_last_layer_mp: False
  agg: none
  att_final_linear: False
  att_final_linear_bn: False
  att_heads: 1
  batchnorm: True
  clear_feature: True
  dilated_path_join: add
  dim_inner: 300
  dropout: 0.5
  head: graph
  keep_edge: 0.5
  l2norm: True
  layer_type: eginconv
  layers_k1: 3
  layers_k2: 2
  layers_mp: 5
  layers_post_mp: 1
  layers_pre_mp: 0
  learn_alpha_residual_connection: False
  msg_direction: single
  normalize_adj: False
  self_msg: concat
  skip_every: 1
  stage_type: stack
  use_edge_features: True
gpu_mem: False
mem:
  inplace: False
metric_agg: argmax
metric_best: auc
model:
  edge_decoding: dot
  graph_pooling: mean
  loss_fun: cross_entropy
  match_upper: True
  size_average: mean
  thresh: 0.5
  type: dilated_gnn
num_threads: 6
num_workers: 16
optim:
  base_lr: 0.001
  lr_decay: 0.1
  max_epoch: 100
  momentum: 0.9
  optimizer: adam
  scheduler: none
  steps: [30, 60, 90]
  weight_decay: 0.0
out_dir: results_experiments/ogbg_molhiv_baseline_grid_design/ogbg_molhiv_baseline-type=dilated_gnn-layer_type=eginconv-layers_k1=3-layers_k2=2-dilated_path_join=add-learn_alpha_residual_connection=False
params: 1413603
print: both
round: 4
run_dir: results_experiments/ogbg_molhiv_baseline_grid_design/ogbg_molhiv_baseline-type=dilated_gnn-layer_type=eginconv-layers_k1=3-layers_k2=2-dilated_path_join=add-learn_alpha_residual_connection=False/5
seed: 6
share:
  dim_in: 9
  dim_out: 2
  num_splits: 3
tensorboard_agg: True
tensorboard_each_run: False
train:
  auto_resume: False
  batch_size: 32
  ckpt_clean: True
  ckpt_period: 100
  enable_ckpt: True
  epoch_resume: -1
  eval_period: 1
  iter_per_epoch: 32
  neighbor_sizes: [20, 15, 10, 5]
  node_per_graph: 32
  radius: extend
  sample_node: False
  sampler: full_batch
  skip_train_eval: False
  walk_length: 4
val:
  node_per_graph: 32
  radius: extend
  sample_node: False
  sampler: full_batch
view_emb: False
Num parameters: 1413603
val: {'epoch': 0, 'loss': 0.7167, 'lr': 0.001, 'params': 1413603, 'time_iter': 1.1889, 'accuracy': 0.0156, 'precision': 0.0156, 'recall': 1.0, 'f1': 0.0308, 'auc': 0.0794}
val: {'epoch': 0, 'loss': 0.0916, 'lr': 0.001, 'params': 1413603, 'time_iter': 2.921, 'accuracy': 0.9803, 'precision': 0.0, 'recall': 0.0, 'f1': 0.0, 'auc': 0.6545}
train: {'epoch': 0, 'eta': 1534819.3308, 'loss': 0.1683, 'lr': 0.001, 'params': 1413603, 'time_iter': 15.0663, 'accuracy': 0.9605, 'precision': 0.0843, 'recall': 0.0057, 'f1': 0.0106, 'auc': 0.6032}
val: {'epoch': 1, 'loss': 0.0921, 'lr': 0.001, 'params': 1413603, 'time_iter': 2.6907, 'accuracy': 0.9803, 'precision': 0.0, 'recall': 0.0, 'f1': 0.0, 'auc': 0.6857}
train: {'epoch': 1, 'eta': 1529114.9487, 'loss': 0.1512, 'lr': 0.001, 'params': 1413603, 'time_iter': 15.2606, 'accuracy': 0.9626, 'precision': 0.0, 'recall': 0.0, 'f1': 0.0, 'auc': 0.6449}
val: {'epoch': 2, 'loss': 0.0941, 'lr': 0.001, 'params': 1413603, 'time_iter': 2.8015, 'accuracy': 0.9808, 'precision': 1.0, 'recall': 0.0247, 'f1': 0.0482, 'auc': 0.6675}
train: {'epoch': 2, 'eta': 1528492.5244, 'loss': 0.1504, 'lr': 0.001, 'params': 1413603, 'time_iter': 15.6137, 'accuracy': 0.9626, 'precision': 0.0, 'recall': 0.0, 'f1': 0.0, 'auc': 0.6494}
val: {'epoch': 3, 'loss': 0.0927, 'lr': 0.001, 'params': 1413603, 'time_iter': 3.0522, 'accuracy': 0.9798, 'precision': 0.4, 'recall': 0.0494, 'f1': 0.0879, 'auc': 0.6627}
train: {'epoch': 3, 'eta': 1507860.842, 'loss': 0.1485, 'lr': 0.001, 'params': 1413603, 'time_iter': 15.1162, 'accuracy': 0.9627, 'precision': 0.6667, 'recall': 0.0081, 'f1': 0.016, 'auc': 0.6623}
val: {'epoch': 4, 'loss': 0.0935, 'lr': 0.001, 'params': 1413603, 'time_iter': 2.7799, 'accuracy': 0.9788, 'precision': 0.3846, 'recall': 0.1235, 'f1': 0.1869, 'auc': 0.6216}
train: {'epoch': 4, 'eta': 1500703.8166, 'loss': 0.1465, 'lr': 0.001, 'params': 1413603, 'time_iter': 15.7015, 'accuracy': 0.9632, 'precision': 0.6567, 'recall': 0.0357, 'f1': 0.0677, 'auc': 0.6853}
val: {'epoch': 5, 'loss': 0.0931, 'lr': 0.001, 'params': 1413603, 'time_iter': 3.0402, 'accuracy': 0.9786, 'precision': 0.3478, 'recall': 0.0988, 'f1': 0.1538, 'auc': 0.6659}
train: {'epoch': 5, 'eta': 1484714.856, 'loss': 0.1455, 'lr': 0.001, 'params': 1413603, 'time_iter': 15.3398, 'accuracy': 0.9634, 'precision': 0.6559, 'recall': 0.0495, 'f1': 0.0921, 'auc': 0.6951}
val: {'epoch': 6, 'loss': 0.094, 'lr': 0.001, 'params': 1413603, 'time_iter': 2.6187, 'accuracy': 0.9791, 'precision': 0.3684, 'recall': 0.0864, 'f1': 0.14, 'auc': 0.6686}
train: {'epoch': 6, 'eta': 1468432.1536, 'loss': 0.1447, 'lr': 0.001, 'params': 1413603, 'time_iter': 15.314, 'accuracy': 0.9635, 'precision': 0.6633, 'recall': 0.0528, 'f1': 0.0977, 'auc': 0.6995}
val: {'epoch': 7, 'loss': 0.0914, 'lr': 0.001, 'params': 1413603, 'time_iter': 2.7563, 'accuracy': 0.9801, 'precision': 0.4667, 'recall': 0.0864, 'f1': 0.1458, 'auc': 0.6891}
train: {'epoch': 7, 'eta': 1447760.9704, 'loss': 0.1444, 'lr': 0.001, 'params': 1413603, 'time_iter': 14.9321, 'accuracy': 0.9639, 'precision': 0.7048, 'recall': 0.0601, 'f1': 0.1107, 'auc': 0.7062}
val: {'epoch': 8, 'loss': 0.0919, 'lr': 0.001, 'params': 1413603, 'time_iter': 2.8767, 'accuracy': 0.9798, 'precision': 0.4375, 'recall': 0.0864, 'f1': 0.1443, 'auc': 0.6998}
train: {'epoch': 8, 'eta': 1430833.0502, 'loss': 0.143, 'lr': 0.001, 'params': 1413603, 'time_iter': 15.1785, 'accuracy': 0.9641, 'precision': 0.7321, 'recall': 0.0666, 'f1': 0.122, 'auc': 0.7174}
val: {'epoch': 9, 'loss': 0.0934, 'lr': 0.001, 'params': 1413603, 'time_iter': 2.8274, 'accuracy': 0.9796, 'precision': 0.4118, 'recall': 0.0864, 'f1': 0.1429, 'auc': 0.7028}
train: {'epoch': 9, 'eta': 1416483.0681, 'loss': 0.1428, 'lr': 0.001, 'params': 1413603, 'time_iter': 15.4286, 'accuracy': 0.964, 'precision': 0.7156, 'recall': 0.0633, 'f1': 0.1163, 'auc': 0.7192}
val: {'epoch': 10, 'loss': 0.0954, 'lr': 0.001, 'params': 1413603, 'time_iter': 2.8524, 'accuracy': 0.9788, 'precision': 0.35, 'recall': 0.0864, 'f1': 0.1386, 'auc': 0.7089}
train: {'epoch': 10, 'eta': 1403213.5258, 'loss': 0.1418, 'lr': 0.001, 'params': 1413603, 'time_iter': 15.5917, 'accuracy': 0.9641, 'precision': 0.7179, 'recall': 0.0682, 'f1': 0.1245, 'auc': 0.7244}
val: {'epoch': 11, 'loss': 0.0895, 'lr': 0.001, 'params': 1413603, 'time_iter': 2.6425, 'accuracy': 0.9791, 'precision': 0.3684, 'recall': 0.0864, 'f1': 0.14, 'auc': 0.7312}
train: {'epoch': 11, 'eta': 1389096.4736, 'loss': 0.1421, 'lr': 0.001, 'params': 1413603, 'time_iter': 15.5407, 'accuracy': 0.964, 'precision': 0.6917, 'recall': 0.0674, 'f1': 0.1228, 'auc': 0.7172}
val: {'epoch': 12, 'loss': 0.0971, 'lr': 0.001, 'params': 1413603, 'time_iter': 2.6684, 'accuracy': 0.9786, 'precision': 0.36, 'recall': 0.1111, 'f1': 0.1698, 'auc': 0.7241}
train: {'epoch': 12, 'eta': 1373306.996, 'loss': 0.1412, 'lr': 0.001, 'params': 1413603, 'time_iter': 15.3397, 'accuracy': 0.9641, 'precision': 0.7097, 'recall': 0.0714, 'f1': 0.1298, 'auc': 0.7263}
val: {'epoch': 13, 'loss': 0.0893, 'lr': 0.001, 'params': 1413603, 'time_iter': 2.8284, 'accuracy': 0.9808, 'precision': 0.6, 'recall': 0.0741, 'f1': 0.1319, 'auc': 0.7158}
train: {'epoch': 13, 'eta': 1356188.3744, 'loss': 0.1404, 'lr': 0.001, 'params': 1413603, 'time_iter': 15.1293, 'accuracy': 0.964, 'precision': 0.6788, 'recall': 0.0755, 'f1': 0.1359, 'auc': 0.7303}
val: {'epoch': 14, 'loss': 0.0959, 'lr': 0.001, 'params': 1413603, 'time_iter': 2.7544, 'accuracy': 0.9788, 'precision': 0.35, 'recall': 0.0864, 'f1': 0.1386, 'auc': 0.699}
train: {'epoch': 14, 'eta': 1342862.0096, 'loss': 0.14, 'lr': 0.001, 'params': 1413603, 'time_iter': 15.7442, 'accuracy': 0.964, 'precision': 0.6741, 'recall': 0.0739, 'f1': 0.1331, 'auc': 0.7369}
val: {'epoch': 15, 'loss': 0.0919, 'lr': 0.001, 'params': 1413603, 'time_iter': 2.7739, 'accuracy': 0.9793, 'precision': 0.4, 'recall': 0.0988, 'f1': 0.1584, 'auc': 0.7514}
train: {'epoch': 15, 'eta': 1326408.9947, 'loss': 0.1387, 'lr': 0.001, 'params': 1413603, 'time_iter': 15.232, 'accuracy': 0.9643, 'precision': 0.7197, 'recall': 0.0771, 'f1': 0.1393, 'auc': 0.7411}
val: {'epoch': 16, 'loss': 0.0924, 'lr': 0.001, 'params': 1413603, 'time_iter': 2.6275, 'accuracy': 0.9801, 'precision': 0.4667, 'recall': 0.0864, 'f1': 0.1458, 'auc': 0.7405}
train: {'epoch': 16, 'eta': 1310043.4035, 'loss': 0.1386, 'lr': 0.001, 'params': 1413603, 'time_iter': 15.2311, 'accuracy': 0.9643, 'precision': 0.6842, 'recall': 0.0844, 'f1': 0.1503, 'auc': 0.7405}
val: {'epoch': 17, 'loss': 0.0912, 'lr': 0.001, 'params': 1413603, 'time_iter': 2.7587, 'accuracy': 0.9803, 'precision': 0.5, 'recall': 0.0864, 'f1': 0.1474, 'auc': 0.732}
train: {'epoch': 17, 'eta': 1294103.2983, 'loss': 0.1373, 'lr': 0.001, 'params': 1413603, 'time_iter': 15.3055, 'accuracy': 0.9638, 'precision': 0.6376, 'recall': 0.0771, 'f1': 0.1376, 'auc': 0.7544}
val: {'epoch': 18, 'loss': 0.0916, 'lr': 0.001, 'params': 1413603, 'time_iter': 3.1415, 'accuracy': 0.9796, 'precision': 0.4, 'recall': 0.0741, 'f1': 0.125, 'auc': 0.716}
train: {'epoch': 18, 'eta': 1279595.7553, 'loss': 0.1369, 'lr': 0.001, 'params': 1413603, 'time_iter': 15.6274, 'accuracy': 0.9644, 'precision': 0.6962, 'recall': 0.0893, 'f1': 0.1583, 'auc': 0.7555}
val: {'epoch': 19, 'loss': 0.096, 'lr': 0.001, 'params': 1413603, 'time_iter': 2.6615, 'accuracy': 0.9791, 'precision': 0.3529, 'recall': 0.0741, 'f1': 0.1224, 'auc': 0.7448}
train: {'epoch': 19, 'eta': 1262729.7451, 'loss': 0.1362, 'lr': 0.001, 'params': 1413603, 'time_iter': 15.0927, 'accuracy': 0.9645, 'precision': 0.6882, 'recall': 0.095, 'f1': 0.1669, 'auc': 0.7542}
val: {'epoch': 20, 'loss': 0.0966, 'lr': 0.001, 'params': 1413603, 'time_iter': 2.7959, 'accuracy': 0.9788, 'precision': 0.375, 'recall': 0.1111, 'f1': 0.1714, 'auc': 0.7344}
train: {'epoch': 20, 'eta': 1245911.235, 'loss': 0.1356, 'lr': 0.001, 'params': 1413603, 'time_iter': 15.0721, 'accuracy': 0.9645, 'precision': 0.6818, 'recall': 0.0974, 'f1': 0.1705, 'auc': 0.7588}
val: {'epoch': 21, 'loss': 0.0991, 'lr': 0.001, 'params': 1413603, 'time_iter': 3.4461, 'accuracy': 0.9793, 'precision': 0.375, 'recall': 0.0741, 'f1': 0.1237, 'auc': 0.6956}
train: {'epoch': 21, 'eta': 1229315.2764, 'loss': 0.1347, 'lr': 0.001, 'params': 1413603, 'time_iter': 15.1004, 'accuracy': 0.9642, 'precision': 0.6571, 'recall': 0.0933, 'f1': 0.1635, 'auc': 0.7699}
val: {'epoch': 22, 'loss': 0.0947, 'lr': 0.001, 'params': 1413603, 'time_iter': 2.7319, 'accuracy': 0.9784, 'precision': 0.3333, 'recall': 0.0988, 'f1': 0.1524, 'auc': 0.7484}
train: {'epoch': 22, 'eta': 1212539.4288, 'loss': 0.1338, 'lr': 0.001, 'params': 1413603, 'time_iter': 15.0215, 'accuracy': 0.9652, 'precision': 0.7574, 'recall': 0.1039, 'f1': 0.1827, 'auc': 0.7706}
val: {'epoch': 23, 'loss': 0.0912, 'lr': 0.001, 'params': 1413603, 'time_iter': 2.86, 'accuracy': 0.9793, 'precision': 0.375, 'recall': 0.0741, 'f1': 0.1237, 'auc': 0.7534}
train: {'epoch': 23, 'eta': 1196711.1614, 'loss': 0.1333, 'lr': 0.001, 'params': 1413603, 'time_iter': 15.2786, 'accuracy': 0.9648, 'precision': 0.7072, 'recall': 0.1039, 'f1': 0.1812, 'auc': 0.7758}
val: {'epoch': 24, 'loss': 0.0911, 'lr': 0.001, 'params': 1413603, 'time_iter': 2.568, 'accuracy': 0.9801, 'precision': 0.4667, 'recall': 0.0864, 'f1': 0.1458, 'auc': 0.7367}
train: {'epoch': 24, 'eta': 1180681.4788, 'loss': 0.1328, 'lr': 0.001, 'params': 1413603, 'time_iter': 15.2106, 'accuracy': 0.9646, 'precision': 0.6809, 'recall': 0.1039, 'f1': 0.1803, 'auc': 0.7752}
val: {'epoch': 25, 'loss': 0.0967, 'lr': 0.001, 'params': 1413603, 'time_iter': 2.8199, 'accuracy': 0.9805, 'precision': 0.5455, 'recall': 0.0741, 'f1': 0.1304, 'auc': 0.7408}
train: {'epoch': 25, 'eta': 1165416.0116, 'loss': 0.1316, 'lr': 0.001, 'params': 1413603, 'time_iter': 15.4616, 'accuracy': 0.965, 'precision': 0.7151, 'recall': 0.108, 'f1': 0.1876, 'auc': 0.7843}
val: {'epoch': 26, 'loss': 0.0927, 'lr': 0.001, 'params': 1413603, 'time_iter': 3.0276, 'accuracy': 0.9805, 'precision': 0.5455, 'recall': 0.0741, 'f1': 0.1304, 'auc': 0.7321}
train: {'epoch': 26, 'eta': 1149928.5224, 'loss': 0.1315, 'lr': 0.001, 'params': 1413603, 'time_iter': 15.399, 'accuracy': 0.9651, 'precision': 0.6986, 'recall': 0.1185, 'f1': 0.2026, 'auc': 0.7826}
val: {'epoch': 27, 'loss': 0.0983, 'lr': 0.001, 'params': 1413603, 'time_iter': 2.7002, 'accuracy': 0.9793, 'precision': 0.4167, 'recall': 0.1235, 'f1': 0.1905, 'auc': 0.763}
train: {'epoch': 27, 'eta': 1134466.2579, 'loss': 0.1297, 'lr': 0.001, 'params': 1413603, 'time_iter': 15.4182, 'accuracy': 0.9653, 'precision': 0.731, 'recall': 0.1169, 'f1': 0.2015, 'auc': 0.79}
val: {'epoch': 28, 'loss': 0.0968, 'lr': 0.001, 'params': 1413603, 'time_iter': 2.7824, 'accuracy': 0.9803, 'precision': 0.5, 'recall': 0.0741, 'f1': 0.129, 'auc': 0.7238}
train: {'epoch': 28, 'eta': 1118756.5472, 'loss': 0.1306, 'lr': 0.001, 'params': 1413603, 'time_iter': 15.331, 'accuracy': 0.9655, 'precision': 0.7286, 'recall': 0.1242, 'f1': 0.2122, 'auc': 0.7862}
val: {'epoch': 29, 'loss': 0.0911, 'lr': 0.001, 'params': 1413603, 'time_iter': 2.5999, 'accuracy': 0.9805, 'precision': 0.5263, 'recall': 0.1235, 'f1': 0.2, 'auc': 0.731}
train: {'epoch': 29, 'eta': 1102766.4753, 'loss': 0.1289, 'lr': 0.001, 'params': 1413603, 'time_iter': 15.216, 'accuracy': 0.9652, 'precision': 0.7157, 'recall': 0.1185, 'f1': 0.2033, 'auc': 0.7957}
val: {'epoch': 30, 'loss': 0.0946, 'lr': 0.001, 'params': 1413603, 'time_iter': 2.7143, 'accuracy': 0.9779, 'precision': 0.3333, 'recall': 0.1235, 'f1': 0.1802, 'auc': 0.7547}
train: {'epoch': 30, 'eta': 1086399.1485, 'loss': 0.128, 'lr': 0.001, 'params': 1413603, 'time_iter': 15.042, 'accuracy': 0.9653, 'precision': 0.7009, 'recall': 0.1274, 'f1': 0.2157, 'auc': 0.798}
val: {'epoch': 31, 'loss': 0.0963, 'lr': 0.001, 'params': 1413603, 'time_iter': 2.9727, 'accuracy': 0.9791, 'precision': 0.3684, 'recall': 0.0864, 'f1': 0.14, 'auc': 0.756}
train: {'epoch': 31, 'eta': 1069960.7913, 'loss': 0.1274, 'lr': 0.001, 'params': 1413603, 'time_iter': 14.9841, 'accuracy': 0.9656, 'precision': 0.722, 'recall': 0.1307, 'f1': 0.2213, 'auc': 0.8026}
val: {'epoch': 32, 'loss': 0.0955, 'lr': 0.001, 'params': 1413603, 'time_iter': 2.7729, 'accuracy': 0.9801, 'precision': 0.4737, 'recall': 0.1111, 'f1': 0.18, 'auc': 0.7255}
train: {'epoch': 32, 'eta': 1053323.4186, 'loss': 0.1283, 'lr': 0.001, 'params': 1413603, 'time_iter': 14.8592, 'accuracy': 0.9654, 'precision': 0.711, 'recall': 0.1258, 'f1': 0.2138, 'auc': 0.7972}
val: {'epoch': 33, 'loss': 0.0983, 'lr': 0.001, 'params': 1413603, 'time_iter': 2.7501, 'accuracy': 0.9791, 'precision': 0.3913, 'recall': 0.1111, 'f1': 0.1731, 'auc': 0.7383}
train: {'epoch': 33, 'eta': 1036759.1992, 'loss': 0.1263, 'lr': 0.001, 'params': 1413603, 'time_iter': 14.8562, 'accuracy': 0.9656, 'precision': 0.7315, 'recall': 0.1282, 'f1': 0.2182, 'auc': 0.8062}
val: {'epoch': 34, 'loss': 0.09, 'lr': 0.001, 'params': 1413603, 'time_iter': 2.5358, 'accuracy': 0.9803, 'precision': 0.5, 'recall': 0.1481, 'f1': 0.2286, 'auc': 0.7565}
train: {'epoch': 34, 'eta': 1020656.3615, 'loss': 0.1254, 'lr': 0.001, 'params': 1413603, 'time_iter': 15.0594, 'accuracy': 0.9655, 'precision': 0.6902, 'recall': 0.1429, 'f1': 0.2367, 'auc': 0.8084}
val: {'epoch': 35, 'loss': 0.0923, 'lr': 0.001, 'params': 1413603, 'time_iter': 2.8408, 'accuracy': 0.9808, 'precision': 0.5714, 'recall': 0.0988, 'f1': 0.1684, 'auc': 0.7428}
train: {'epoch': 35, 'eta': 1004418.352, 'loss': 0.1251, 'lr': 0.001, 'params': 1413603, 'time_iter': 14.9671, 'accuracy': 0.9657, 'precision': 0.7222, 'recall': 0.1372, 'f1': 0.2306, 'auc': 0.8079}
val: {'epoch': 36, 'loss': 0.0904, 'lr': 0.001, 'params': 1413603, 'time_iter': 3.0942, 'accuracy': 0.9813, 'precision': 0.6111, 'recall': 0.1358, 'f1': 0.2222, 'auc': 0.766}
train: {'epoch': 36, 'eta': 988291.0363, 'loss': 0.1249, 'lr': 0.001, 'params': 1413603, 'time_iter': 15.0044, 'accuracy': 0.9657, 'precision': 0.7114, 'recall': 0.142, 'f1': 0.2368, 'auc': 0.8119}
val: {'epoch': 37, 'loss': 0.098, 'lr': 0.001, 'params': 1413603, 'time_iter': 2.8098, 'accuracy': 0.9801, 'precision': 0.4, 'recall': 0.0247, 'f1': 0.0465, 'auc': 0.7215}
train: {'epoch': 37, 'eta': 972883.2931, 'loss': 0.1238, 'lr': 0.001, 'params': 1413603, 'time_iter': 15.4115, 'accuracy': 0.966, 'precision': 0.7291, 'recall': 0.1485, 'f1': 0.2468, 'auc': 0.8128}
val: {'epoch': 38, 'loss': 0.0971, 'lr': 0.001, 'params': 1413603, 'time_iter': 2.9815, 'accuracy': 0.9788, 'precision': 0.35, 'recall': 0.0864, 'f1': 0.1386, 'auc': 0.7585}
train: {'epoch': 38, 'eta': 957774.5335, 'loss': 0.1228, 'lr': 0.001, 'params': 1413603, 'time_iter': 15.6116, 'accuracy': 0.9663, 'precision': 0.75, 'recall': 0.1485, 'f1': 0.248, 'auc': 0.8164}
val: {'epoch': 39, 'loss': 0.0893, 'lr': 0.001, 'params': 1413603, 'time_iter': 2.6978, 'accuracy': 0.9818, 'precision': 0.7143, 'recall': 0.1235, 'f1': 0.2105, 'auc': 0.7372}
train: {'epoch': 39, 'eta': 942313.8318, 'loss': 0.122, 'lr': 0.001, 'params': 1413603, 'time_iter': 15.4145, 'accuracy': 0.9658, 'precision': 0.7038, 'recall': 0.1485, 'f1': 0.2453, 'auc': 0.8244}
val: {'epoch': 40, 'loss': 0.0899, 'lr': 0.001, 'params': 1413603, 'time_iter': 2.7946, 'accuracy': 0.981, 'precision': 0.6154, 'recall': 0.0988, 'f1': 0.1702, 'auc': 0.7482}
train: {'epoch': 40, 'eta': 926850.2828, 'loss': 0.1221, 'lr': 0.001, 'params': 1413603, 'time_iter': 15.4258, 'accuracy': 0.9662, 'precision': 0.729, 'recall': 0.155, 'f1': 0.2557, 'auc': 0.8184}
val: {'epoch': 41, 'loss': 0.0996, 'lr': 0.001, 'params': 1413603, 'time_iter': 2.9011, 'accuracy': 0.9801, 'precision': 0.4706, 'recall': 0.0988, 'f1': 0.1633, 'auc': 0.7319}
train: {'epoch': 41, 'eta': 910952.7475, 'loss': 0.1198, 'lr': 0.001, 'params': 1413603, 'time_iter': 15.1341, 'accuracy': 0.9662, 'precision': 0.719, 'recall': 0.1599, 'f1': 0.2616, 'auc': 0.8316}
val: {'epoch': 42, 'loss': 0.0921, 'lr': 0.001, 'params': 1413603, 'time_iter': 2.5767, 'accuracy': 0.9808, 'precision': 0.5556, 'recall': 0.1235, 'f1': 0.202, 'auc': 0.7526}
train: {'epoch': 42, 'eta': 894842.9167, 'loss': 0.1204, 'lr': 0.001, 'params': 1413603, 'time_iter': 14.9674, 'accuracy': 0.9664, 'precision': 0.7353, 'recall': 0.1623, 'f1': 0.266, 'auc': 0.8234}
val: {'epoch': 43, 'loss': 0.0901, 'lr': 0.001, 'params': 1413603, 'time_iter': 2.8099, 'accuracy': 0.9801, 'precision': 0.4667, 'recall': 0.0864, 'f1': 0.1458, 'auc': 0.7691}
train: {'epoch': 43, 'eta': 879269.0317, 'loss': 0.12, 'lr': 0.001, 'params': 1413603, 'time_iter': 15.3521, 'accuracy': 0.9666, 'precision': 0.7209, 'recall': 0.1761, 'f1': 0.2831, 'auc': 0.8248}
val: {'epoch': 44, 'loss': 0.1008, 'lr': 0.001, 'params': 1413603, 'time_iter': 2.7466, 'accuracy': 0.975, 'precision': 0.28, 'recall': 0.1728, 'f1': 0.2137, 'auc': 0.7487}
train: {'epoch': 44, 'eta': 863625.8723, 'loss': 0.1196, 'lr': 0.001, 'params': 1413603, 'time_iter': 15.3049, 'accuracy': 0.9663, 'precision': 0.7214, 'recall': 0.164, 'f1': 0.2672, 'auc': 0.8256}
val: {'epoch': 45, 'loss': 0.0914, 'lr': 0.001, 'params': 1413603, 'time_iter': 2.8111, 'accuracy': 0.9808, 'precision': 0.5625, 'recall': 0.1111, 'f1': 0.1856, 'auc': 0.7668}
train: {'epoch': 45, 'eta': 847939.8347, 'loss': 0.1183, 'lr': 0.001, 'params': 1413603, 'time_iter': 15.2732, 'accuracy': 0.9671, 'precision': 0.7352, 'recall': 0.1916, 'f1': 0.3039, 'auc': 0.8307}
val: {'epoch': 46, 'loss': 0.0916, 'lr': 0.001, 'params': 1413603, 'time_iter': 2.7524, 'accuracy': 0.9815, 'precision': 0.7778, 'recall': 0.0864, 'f1': 0.1556, 'auc': 0.7791}
train: {'epoch': 46, 'eta': 832158.3755, 'loss': 0.1181, 'lr': 0.001, 'params': 1413603, 'time_iter': 15.1921, 'accuracy': 0.9671, 'precision': 0.7389, 'recall': 0.1883, 'f1': 0.3001, 'auc': 0.8323}
val: {'epoch': 47, 'loss': 0.095, 'lr': 0.001, 'params': 1413603, 'time_iter': 2.6949, 'accuracy': 0.9818, 'precision': 0.7143, 'recall': 0.1235, 'f1': 0.2105, 'auc': 0.7912}
train: {'epoch': 47, 'eta': 816798.4337, 'loss': 0.1167, 'lr': 0.001, 'params': 1413603, 'time_iter': 15.5646, 'accuracy': 0.9671, 'precision': 0.7373, 'recall': 0.1891, 'f1': 0.301, 'auc': 0.837}
val: {'epoch': 48, 'loss': 0.0903, 'lr': 0.001, 'params': 1413603, 'time_iter': 2.7462, 'accuracy': 0.9825, 'precision': 1.0, 'recall': 0.1111, 'f1': 0.2, 'auc': 0.7791}
train: {'epoch': 48, 'eta': 801210.4812, 'loss': 0.1174, 'lr': 0.001, 'params': 1413603, 'time_iter': 15.3768, 'accuracy': 0.9673, 'precision': 0.7393, 'recall': 0.1956, 'f1': 0.3094, 'auc': 0.8315}
val: {'epoch': 49, 'loss': 0.0901, 'lr': 0.001, 'params': 1413603, 'time_iter': 3.1041, 'accuracy': 0.9818, 'precision': 0.75, 'recall': 0.1111, 'f1': 0.1935, 'auc': 0.7712}
train: {'epoch': 49, 'eta': 785197.6048, 'loss': 0.1164, 'lr': 0.001, 'params': 1413603, 'time_iter': 14.9729, 'accuracy': 0.9671, 'precision': 0.724, 'recall': 0.1981, 'f1': 0.311, 'auc': 0.8329}
val: {'epoch': 50, 'loss': 0.0985, 'lr': 0.001, 'params': 1413603, 'time_iter': 2.6946, 'accuracy': 0.9805, 'precision': 0.5556, 'recall': 0.0617, 'f1': 0.1111, 'auc': 0.6963}
train: {'epoch': 50, 'eta': 769435.8603, 'loss': 0.1167, 'lr': 0.001, 'params': 1413603, 'time_iter': 15.2029, 'accuracy': 0.9669, 'precision': 0.7113, 'recall': 0.194, 'f1': 0.3048, 'auc': 0.8347}
val: {'epoch': 51, 'loss': 0.0994, 'lr': 0.001, 'params': 1413603, 'time_iter': 2.9929, 'accuracy': 0.9823, 'precision': 0.8333, 'recall': 0.1235, 'f1': 0.2151, 'auc': 0.7869}
train: {'epoch': 51, 'eta': 753496.9232, 'loss': 0.1145, 'lr': 0.001, 'params': 1413603, 'time_iter': 15.0116, 'accuracy': 0.9676, 'precision': 0.7298, 'recall': 0.2127, 'f1': 0.3294, 'auc': 0.8421}
val: {'epoch': 52, 'loss': 0.0908, 'lr': 0.001, 'params': 1413603, 'time_iter': 2.7519, 'accuracy': 0.9825, 'precision': 0.8, 'recall': 0.1481, 'f1': 0.25, 'auc': 0.7718}
train: {'epoch': 52, 'eta': 737888.7683, 'loss': 0.1145, 'lr': 0.001, 'params': 1413603, 'time_iter': 15.3537, 'accuracy': 0.9674, 'precision': 0.726, 'recall': 0.2086, 'f1': 0.3241, 'auc': 0.8408}
val: {'epoch': 53, 'loss': 0.0899, 'lr': 0.001, 'params': 1413603, 'time_iter': 2.8033, 'accuracy': 0.9813, 'precision': 0.6429, 'recall': 0.1111, 'f1': 0.1895, 'auc': 0.7473}
train: {'epoch': 53, 'eta': 721873.4872, 'loss': 0.1139, 'lr': 0.001, 'params': 1413603, 'time_iter': 14.8973, 'accuracy': 0.9679, 'precision': 0.7411, 'recall': 0.2208, 'f1': 0.3402, 'auc': 0.8465}
val: {'epoch': 54, 'loss': 0.1005, 'lr': 0.001, 'params': 1413603, 'time_iter': 2.8693, 'accuracy': 0.9827, 'precision': 1.0, 'recall': 0.1235, 'f1': 0.2198, 'auc': 0.7129}
train: {'epoch': 54, 'eta': 706056.3383, 'loss': 0.1136, 'lr': 0.001, 'params': 1413603, 'time_iter': 15.1031, 'accuracy': 0.968, 'precision': 0.7432, 'recall': 0.2208, 'f1': 0.3404, 'auc': 0.8446}
val: {'epoch': 55, 'loss': 0.096, 'lr': 0.001, 'params': 1413603, 'time_iter': 2.6398, 'accuracy': 0.9805, 'precision': 0.5152, 'recall': 0.2099, 'f1': 0.2982, 'auc': 0.7467}
train: {'epoch': 55, 'eta': 690676.8963, 'loss': 0.1138, 'lr': 0.001, 'params': 1413603, 'time_iter': 15.6322, 'accuracy': 0.9675, 'precision': 0.7177, 'recall': 0.2167, 'f1': 0.3329, 'auc': 0.8404}
val: {'epoch': 56, 'loss': 0.092, 'lr': 0.001, 'params': 1413603, 'time_iter': 2.8041, 'accuracy': 0.9823, 'precision': 0.7857, 'recall': 0.1358, 'f1': 0.2316, 'auc': 0.7737}
train: {'epoch': 56, 'eta': 675048.1809, 'loss': 0.1119, 'lr': 0.001, 'params': 1413603, 'time_iter': 15.343, 'accuracy': 0.9682, 'precision': 0.7367, 'recall': 0.2362, 'f1': 0.3577, 'auc': 0.8499}
val: {'epoch': 57, 'loss': 0.0981, 'lr': 0.001, 'params': 1413603, 'time_iter': 2.5862, 'accuracy': 0.9827, 'precision': 0.8125, 'recall': 0.1605, 'f1': 0.268, 'auc': 0.7458}
train: {'epoch': 57, 'eta': 659424.5427, 'loss': 0.1116, 'lr': 0.001, 'params': 1413603, 'time_iter': 15.3572, 'accuracy': 0.9679, 'precision': 0.7287, 'recall': 0.2289, 'f1': 0.3484, 'auc': 0.8507}
val: {'epoch': 58, 'loss': 0.0949, 'lr': 0.001, 'params': 1413603, 'time_iter': 2.7765, 'accuracy': 0.9825, 'precision': 0.8, 'recall': 0.1481, 'f1': 0.25, 'auc': 0.7736}
train: {'epoch': 58, 'eta': 643721.7549, 'loss': 0.1114, 'lr': 0.001, 'params': 1413603, 'time_iter': 15.255, 'accuracy': 0.9685, 'precision': 0.7462, 'recall': 0.2386, 'f1': 0.3616, 'auc': 0.8509}
val: {'epoch': 59, 'loss': 0.0918, 'lr': 0.001, 'params': 1413603, 'time_iter': 2.9486, 'accuracy': 0.9827, 'precision': 0.8571, 'recall': 0.1481, 'f1': 0.2526, 'auc': 0.7647}
train: {'epoch': 59, 'eta': 627674.2959, 'loss': 0.1115, 'lr': 0.001, 'params': 1413603, 'time_iter': 14.7523, 'accuracy': 0.9686, 'precision': 0.7426, 'recall': 0.2459, 'f1': 0.3695, 'auc': 0.8496}
val: {'epoch': 60, 'loss': 0.0951, 'lr': 0.001, 'params': 1413603, 'time_iter': 2.6549, 'accuracy': 0.9815, 'precision': 0.5806, 'recall': 0.2222, 'f1': 0.3214, 'auc': 0.7227}
train: {'epoch': 60, 'eta': 611962.9066, 'loss': 0.11, 'lr': 0.001, 'params': 1413603, 'time_iter': 15.2199, 'accuracy': 0.9682, 'precision': 0.7343, 'recall': 0.2378, 'f1': 0.3593, 'auc': 0.8571}
val: {'epoch': 61, 'loss': 0.0918, 'lr': 0.001, 'params': 1413603, 'time_iter': 3.0475, 'accuracy': 0.9825, 'precision': 0.7647, 'recall': 0.1605, 'f1': 0.2653, 'auc': 0.7775}
train: {'epoch': 61, 'eta': 596000.4263, 'loss': 0.1106, 'lr': 0.001, 'params': 1413603, 'time_iter': 14.8192, 'accuracy': 0.9682, 'precision': 0.7385, 'recall': 0.2338, 'f1': 0.3551, 'auc': 0.8558}
val: {'epoch': 62, 'loss': 0.092, 'lr': 0.001, 'params': 1413603, 'time_iter': 2.5191, 'accuracy': 0.9825, 'precision': 0.7647, 'recall': 0.1605, 'f1': 0.2653, 'auc': 0.7833}
train: {'epoch': 62, 'eta': 580295.8165, 'loss': 0.1089, 'lr': 0.001, 'params': 1413603, 'time_iter': 15.2085, 'accuracy': 0.9691, 'precision': 0.7512, 'recall': 0.2622, 'f1': 0.3887, 'auc': 0.8569}
val: {'epoch': 63, 'loss': 0.1002, 'lr': 0.001, 'params': 1413603, 'time_iter': 2.7483, 'accuracy': 0.9813, 'precision': 0.7, 'recall': 0.0864, 'f1': 0.1538, 'auc': 0.7521}
train: {'epoch': 63, 'eta': 564542.9158, 'loss': 0.1093, 'lr': 0.001, 'params': 1413603, 'time_iter': 15.1221, 'accuracy': 0.9683, 'precision': 0.722, 'recall': 0.2508, 'f1': 0.3723, 'auc': 0.8565}
val: {'epoch': 64, 'loss': 0.1, 'lr': 0.001, 'params': 1413603, 'time_iter': 2.7947, 'accuracy': 0.9818, 'precision': 0.875, 'recall': 0.0864, 'f1': 0.1573, 'auc': 0.7665}
train: {'epoch': 64, 'eta': 549180.0788, 'loss': 0.1096, 'lr': 0.001, 'params': 1413603, 'time_iter': 15.8154, 'accuracy': 0.9681, 'precision': 0.7116, 'recall': 0.2484, 'f1': 0.3682, 'auc': 0.8546}
val: {'epoch': 65, 'loss': 0.1006, 'lr': 0.001, 'params': 1413603, 'time_iter': 2.6856, 'accuracy': 0.9805, 'precision': 0.5455, 'recall': 0.0741, 'f1': 0.1304, 'auc': 0.7636}
train: {'epoch': 65, 'eta': 533538.5072, 'loss': 0.1086, 'lr': 0.001, 'params': 1413603, 'time_iter': 15.3416, 'accuracy': 0.9686, 'precision': 0.7347, 'recall': 0.2541, 'f1': 0.3776, 'auc': 0.8631}
val: {'epoch': 66, 'loss': 0.0928, 'lr': 0.001, 'params': 1413603, 'time_iter': 2.9168, 'accuracy': 0.982, 'precision': 0.6842, 'recall': 0.1605, 'f1': 0.26, 'auc': 0.7718}
train: {'epoch': 66, 'eta': 517802.9733, 'loss': 0.1075, 'lr': 0.001, 'params': 1413603, 'time_iter': 15.1648, 'accuracy': 0.9691, 'precision': 0.7471, 'recall': 0.2638, 'f1': 0.3899, 'auc': 0.8654}
val: {'epoch': 67, 'loss': 0.1004, 'lr': 0.001, 'params': 1413603, 'time_iter': 3.027, 'accuracy': 0.9818, 'precision': 0.75, 'recall': 0.1111, 'f1': 0.1935, 'auc': 0.76}
train: {'epoch': 67, 'eta': 501995.2094, 'loss': 0.1069, 'lr': 0.001, 'params': 1413603, 'time_iter': 15.0077, 'accuracy': 0.9696, 'precision': 0.7596, 'recall': 0.2744, 'f1': 0.4031, 'auc': 0.8623}
val: {'epoch': 68, 'loss': 0.0992, 'lr': 0.001, 'params': 1413603, 'time_iter': 2.8188, 'accuracy': 0.982, 'precision': 0.8182, 'recall': 0.1111, 'f1': 0.1957, 'auc': 0.755}
train: {'epoch': 68, 'eta': 486512.4996, 'loss': 0.1071, 'lr': 0.001, 'params': 1413603, 'time_iter': 15.6879, 'accuracy': 0.9693, 'precision': 0.7517, 'recall': 0.2703, 'f1': 0.3976, 'auc': 0.8638}
val: {'epoch': 69, 'loss': 0.0988, 'lr': 0.001, 'params': 1413603, 'time_iter': 2.8197, 'accuracy': 0.982, 'precision': 0.6842, 'recall': 0.1605, 'f1': 0.26, 'auc': 0.7494}
train: {'epoch': 69, 'eta': 470849.5016, 'loss': 0.107, 'lr': 0.001, 'params': 1413603, 'time_iter': 15.3218, 'accuracy': 0.9701, 'precision': 0.7724, 'recall': 0.2865, 'f1': 0.418, 'auc': 0.8626}
val: {'epoch': 70, 'loss': 0.0999, 'lr': 0.001, 'params': 1413603, 'time_iter': 2.5947, 'accuracy': 0.982, 'precision': 0.8182, 'recall': 0.1111, 'f1': 0.1957, 'auc': 0.7311}
train: {'epoch': 70, 'eta': 455081.8673, 'loss': 0.1072, 'lr': 0.001, 'params': 1413603, 'time_iter': 15.0798, 'accuracy': 0.9693, 'precision': 0.7472, 'recall': 0.2735, 'f1': 0.4005, 'auc': 0.8652}
val: {'epoch': 71, 'loss': 0.1102, 'lr': 0.001, 'params': 1413603, 'time_iter': 2.7661, 'accuracy': 0.9813, 'precision': 0.6429, 'recall': 0.1111, 'f1': 0.1895, 'auc': 0.7384}
train: {'epoch': 71, 'eta': 439415.17, 'loss': 0.1055, 'lr': 0.001, 'params': 1413603, 'time_iter': 15.3146, 'accuracy': 0.9701, 'precision': 0.7798, 'recall': 0.2817, 'f1': 0.4138, 'auc': 0.8675}
val: {'epoch': 72, 'loss': 0.1044, 'lr': 0.001, 'params': 1413603, 'time_iter': 3.1958, 'accuracy': 0.9796, 'precision': 0.3846, 'recall': 0.0617, 'f1': 0.1064, 'auc': 0.7506}
train: {'epoch': 72, 'eta': 423630.0836, 'loss': 0.1051, 'lr': 0.001, 'params': 1413603, 'time_iter': 15.0102, 'accuracy': 0.9701, 'precision': 0.7696, 'recall': 0.2873, 'f1': 0.4184, 'auc': 0.8713}
val: {'epoch': 73, 'loss': 0.104, 'lr': 0.001, 'params': 1413603, 'time_iter': 2.7209, 'accuracy': 0.981, 'precision': 0.6364, 'recall': 0.0864, 'f1': 0.1522, 'auc': 0.7236}
train: {'epoch': 73, 'eta': 408030.5534, 'loss': 0.1047, 'lr': 0.001, 'params': 1413603, 'time_iter': 15.4981, 'accuracy': 0.97, 'precision': 0.7657, 'recall': 0.2865, 'f1': 0.417, 'auc': 0.8754}
val: {'epoch': 74, 'loss': 0.1, 'lr': 0.001, 'params': 1413603, 'time_iter': 2.9131, 'accuracy': 0.9818, 'precision': 0.7143, 'recall': 0.1235, 'f1': 0.2105, 'auc': 0.7876}
train: {'epoch': 74, 'eta': 392142.7998, 'loss': 0.1047, 'lr': 0.001, 'params': 1413603, 'time_iter': 14.6848, 'accuracy': 0.9702, 'precision': 0.7604, 'recall': 0.2963, 'f1': 0.4264, 'auc': 0.8696}
val: {'epoch': 75, 'loss': 0.1019, 'lr': 0.001, 'params': 1413603, 'time_iter': 2.5739, 'accuracy': 0.981, 'precision': 0.6154, 'recall': 0.0988, 'f1': 0.1702, 'auc': 0.7416}
train: {'epoch': 75, 'eta': 376452.8171, 'loss': 0.1042, 'lr': 0.001, 'params': 1413603, 'time_iter': 15.2305, 'accuracy': 0.97, 'precision': 0.7552, 'recall': 0.293, 'f1': 0.4222, 'auc': 0.874}
val: {'epoch': 76, 'loss': 0.0966, 'lr': 0.001, 'params': 1413603, 'time_iter': 2.742, 'accuracy': 0.9827, 'precision': 0.8571, 'recall': 0.1481, 'f1': 0.2526, 'auc': 0.7705}
train: {'epoch': 76, 'eta': 360705.8702, 'loss': 0.1048, 'lr': 0.001, 'params': 1413603, 'time_iter': 15.0437, 'accuracy': 0.9691, 'precision': 0.7308, 'recall': 0.2776, 'f1': 0.4024, 'auc': 0.8738}
val: {'epoch': 77, 'loss': 0.0943, 'lr': 0.001, 'params': 1413603, 'time_iter': 2.8093, 'accuracy': 0.983, 'precision': 0.8667, 'recall': 0.1605, 'f1': 0.2708, 'auc': 0.773}
train: {'epoch': 77, 'eta': 344870.8241, 'loss': 0.1037, 'lr': 0.001, 'params': 1413603, 'time_iter': 14.7165, 'accuracy': 0.9703, 'precision': 0.7565, 'recall': 0.3052, 'f1': 0.4349, 'auc': 0.8751}
val: {'epoch': 78, 'loss': 0.1026, 'lr': 0.001, 'params': 1413603, 'time_iter': 2.7444, 'accuracy': 0.9803, 'precision': 0.5, 'recall': 0.0617, 'f1': 0.1099, 'auc': 0.7613}
train: {'epoch': 78, 'eta': 329249.5347, 'loss': 0.1019, 'lr': 0.001, 'params': 1413603, 'time_iter': 15.434, 'accuracy': 0.9706, 'precision': 0.7699, 'recall': 0.3068, 'f1': 0.4388, 'auc': 0.883}
val: {'epoch': 79, 'loss': 0.0931, 'lr': 0.001, 'params': 1413603, 'time_iter': 2.8913, 'accuracy': 0.983, 'precision': 0.8667, 'recall': 0.1605, 'f1': 0.2708, 'auc': 0.7949}
train: {'epoch': 79, 'eta': 313507.8676, 'loss': 0.1025, 'lr': 0.001, 'params': 1413603, 'time_iter': 14.9913, 'accuracy': 0.97, 'precision': 0.747, 'recall': 0.2995, 'f1': 0.4276, 'auc': 0.8789}
val: {'epoch': 80, 'loss': 0.1081, 'lr': 0.001, 'params': 1413603, 'time_iter': 2.5776, 'accuracy': 0.9823, 'precision': 0.9, 'recall': 0.1111, 'f1': 0.1978, 'auc': 0.7584}
train: {'epoch': 80, 'eta': 297860.4371, 'loss': 0.1018, 'lr': 0.001, 'params': 1413603, 'time_iter': 15.3495, 'accuracy': 0.9708, 'precision': 0.776, 'recall': 0.3093, 'f1': 0.4423, 'auc': 0.882}
val: {'epoch': 81, 'loss': 0.1014, 'lr': 0.001, 'params': 1413603, 'time_iter': 2.7692, 'accuracy': 0.9825, 'precision': 0.8, 'recall': 0.1481, 'f1': 0.25, 'auc': 0.7651}
train: {'epoch': 81, 'eta': 282185.8563, 'loss': 0.1034, 'lr': 0.001, 'params': 1413603, 'time_iter': 15.2452, 'accuracy': 0.9697, 'precision': 0.7369, 'recall': 0.2979, 'f1': 0.4243, 'auc': 0.8772}
val: {'epoch': 82, 'loss': 0.1012, 'lr': 0.001, 'params': 1413603, 'time_iter': 2.7997, 'accuracy': 0.981, 'precision': 0.5789, 'recall': 0.1358, 'f1': 0.22, 'auc': 0.7675}
train: {'epoch': 82, 'eta': 266462.0539, 'loss': 0.1037, 'lr': 0.001, 'params': 1413603, 'time_iter': 15.0131, 'accuracy': 0.9697, 'precision': 0.7388, 'recall': 0.2938, 'f1': 0.4204, 'auc': 0.8786}
val: {'epoch': 83, 'loss': 0.0968, 'lr': 0.001, 'params': 1413603, 'time_iter': 2.6231, 'accuracy': 0.9805, 'precision': 0.52, 'recall': 0.1605, 'f1': 0.2453, 'auc': 0.7612}
train: {'epoch': 83, 'eta': 250768.9115, 'loss': 0.1024, 'lr': 0.001, 'params': 1413603, 'time_iter': 15.136, 'accuracy': 0.9703, 'precision': 0.7555, 'recall': 0.306, 'f1': 0.4356, 'auc': 0.8788}
val: {'epoch': 84, 'loss': 0.0968, 'lr': 0.001, 'params': 1413603, 'time_iter': 2.7244, 'accuracy': 0.981, 'precision': 0.5652, 'recall': 0.1605, 'f1': 0.25, 'auc': 0.7665}
train: {'epoch': 84, 'eta': 235058.8379, 'loss': 0.1005, 'lr': 0.001, 'params': 1413603, 'time_iter': 15.0275, 'accuracy': 0.9715, 'precision': 0.7936, 'recall': 0.3214, 'f1': 0.4575, 'auc': 0.8857}
val: {'epoch': 85, 'loss': 0.1113, 'lr': 0.001, 'params': 1413603, 'time_iter': 3.3222, 'accuracy': 0.9813, 'precision': 0.7, 'recall': 0.0864, 'f1': 0.1538, 'auc': 0.7138}
train: {'epoch': 85, 'eta': 219444.6382, 'loss': 0.1017, 'lr': 0.001, 'params': 1413603, 'time_iter': 15.5656, 'accuracy': 0.9709, 'precision': 0.7805, 'recall': 0.3117, 'f1': 0.4455, 'auc': 0.8827}
val: {'epoch': 86, 'loss': 0.106, 'lr': 0.001, 'params': 1413603, 'time_iter': 2.6044, 'accuracy': 0.9798, 'precision': 0.4545, 'recall': 0.1235, 'f1': 0.1942, 'auc': 0.7816}
train: {'epoch': 86, 'eta': 203840.9797, 'loss': 0.0999, 'lr': 0.001, 'params': 1413603, 'time_iter': 15.6944, 'accuracy': 0.9707, 'precision': 0.7587, 'recall': 0.319, 'f1': 0.4491, 'auc': 0.8884}
val: {'epoch': 87, 'loss': 0.0964, 'lr': 0.001, 'params': 1413603, 'time_iter': 2.7746, 'accuracy': 0.982, 'precision': 0.6522, 'recall': 0.1852, 'f1': 0.2885, 'auc': 0.7597}
train: {'epoch': 87, 'eta': 188156.3305, 'loss': 0.1011, 'lr': 0.001, 'params': 1413603, 'time_iter': 15.2056, 'accuracy': 0.9706, 'precision': 0.7608, 'recall': 0.3149, 'f1': 0.4455, 'auc': 0.8865}
val: {'epoch': 88, 'loss': 0.0973, 'lr': 0.001, 'params': 1413603, 'time_iter': 2.582, 'accuracy': 0.9825, 'precision': 0.7647, 'recall': 0.1605, 'f1': 0.2653, 'auc': 0.7642}
train: {'epoch': 88, 'eta': 172535.0799, 'loss': 0.0998, 'lr': 0.001, 'params': 1413603, 'time_iter': 15.6973, 'accuracy': 0.9709, 'precision': 0.7692, 'recall': 0.3166, 'f1': 0.4485, 'auc': 0.8843}
val: {'epoch': 89, 'loss': 0.106, 'lr': 0.001, 'params': 1413603, 'time_iter': 2.6655, 'accuracy': 0.9808, 'precision': 0.5714, 'recall': 0.0988, 'f1': 0.1684, 'auc': 0.7445}
train: {'epoch': 89, 'eta': 156834.2419, 'loss': 0.1003, 'lr': 0.001, 'params': 1413603, 'time_iter': 15.1045, 'accuracy': 0.9714, 'precision': 0.7755, 'recall': 0.3336, 'f1': 0.4665, 'auc': 0.8836}
val: {'epoch': 90, 'loss': 0.1025, 'lr': 0.001, 'params': 1413603, 'time_iter': 2.8763, 'accuracy': 0.9815, 'precision': 0.6667, 'recall': 0.1235, 'f1': 0.2083, 'auc': 0.7638}
train: {'epoch': 90, 'eta': 141142.643, 'loss': 0.0986, 'lr': 0.001, 'params': 1413603, 'time_iter': 15.1611, 'accuracy': 0.9719, 'precision': 0.7821, 'recall': 0.3466, 'f1': 0.4803, 'auc': 0.889}
val: {'epoch': 91, 'loss': 0.105, 'lr': 0.001, 'params': 1413603, 'time_iter': 2.7853, 'accuracy': 0.9825, 'precision': 0.7647, 'recall': 0.1605, 'f1': 0.2653, 'auc': 0.7354}
train: {'epoch': 91, 'eta': 125485.9597, 'loss': 0.0988, 'lr': 0.001, 'params': 1413603, 'time_iter': 15.5292, 'accuracy': 0.971, 'precision': 0.7532, 'recall': 0.3369, 'f1': 0.4655, 'auc': 0.8897}
val: {'epoch': 92, 'loss': 0.1052, 'lr': 0.001, 'params': 1413603, 'time_iter': 2.9613, 'accuracy': 0.982, 'precision': 0.6842, 'recall': 0.1605, 'f1': 0.26, 'auc': 0.7392}
train: {'epoch': 92, 'eta': 109789.6596, 'loss': 0.0991, 'lr': 0.001, 'params': 1413603, 'time_iter': 15.1074, 'accuracy': 0.9711, 'precision': 0.7636, 'recall': 0.3304, 'f1': 0.4612, 'auc': 0.8883}
val: {'epoch': 93, 'loss': 0.104, 'lr': 0.001, 'params': 1413603, 'time_iter': 2.6592, 'accuracy': 0.9818, 'precision': 0.6875, 'recall': 0.1358, 'f1': 0.2268, 'auc': 0.7751}
train: {'epoch': 93, 'eta': 94115.9525, 'loss': 0.0987, 'lr': 0.001, 'params': 1413603, 'time_iter': 15.4025, 'accuracy': 0.9717, 'precision': 0.7768, 'recall': 0.3417, 'f1': 0.4746, 'auc': 0.8893}
val: {'epoch': 94, 'loss': 0.104, 'lr': 0.001, 'params': 1413603, 'time_iter': 2.7228, 'accuracy': 0.9818, 'precision': 0.6875, 'recall': 0.1358, 'f1': 0.2268, 'auc': 0.7678}
train: {'epoch': 94, 'eta': 78442.9507, 'loss': 0.098, 'lr': 0.001, 'params': 1413603, 'time_iter': 15.4838, 'accuracy': 0.9714, 'precision': 0.7641, 'recall': 0.3417, 'f1': 0.4722, 'auc': 0.8952}
val: {'epoch': 95, 'loss': 0.1017, 'lr': 0.001, 'params': 1413603, 'time_iter': 3.0066, 'accuracy': 0.9818, 'precision': 0.6875, 'recall': 0.1358, 'f1': 0.2268, 'auc': 0.7448}
train: {'epoch': 95, 'eta': 62739.5204, 'loss': 0.0965, 'lr': 0.001, 'params': 1413603, 'time_iter': 14.9003, 'accuracy': 0.9718, 'precision': 0.7815, 'recall': 0.3425, 'f1': 0.4763, 'auc': 0.8967}
val: {'epoch': 96, 'loss': 0.0951, 'lr': 0.001, 'params': 1413603, 'time_iter': 2.6958, 'accuracy': 0.9823, 'precision': 0.7222, 'recall': 0.1605, 'f1': 0.2626, 'auc': 0.7925}
train: {'epoch': 96, 'eta': 47071.8657, 'loss': 0.0975, 'lr': 0.001, 'params': 1413603, 'time_iter': 15.7841, 'accuracy': 0.9712, 'precision': 0.7582, 'recall': 0.3385, 'f1': 0.468, 'auc': 0.895}
val: {'epoch': 97, 'loss': 0.1018, 'lr': 0.001, 'params': 1413603, 'time_iter': 2.7997, 'accuracy': 0.9832, 'precision': 0.875, 'recall': 0.1728, 'f1': 0.2887, 'auc': 0.7685}
train: {'epoch': 97, 'eta': 31385.0069, 'loss': 0.0977, 'lr': 0.001, 'params': 1413603, 'time_iter': 15.4276, 'accuracy': 0.9713, 'precision': 0.7571, 'recall': 0.3442, 'f1': 0.4732, 'auc': 0.8928}
val: {'epoch': 98, 'loss': 0.099, 'lr': 0.001, 'params': 1413603, 'time_iter': 2.5706, 'accuracy': 0.9827, 'precision': 0.7778, 'recall': 0.1728, 'f1': 0.2828, 'auc': 0.8039}
train: {'epoch': 98, 'eta': 15689.8216, 'loss': 0.0968, 'lr': 0.001, 'params': 1413603, 'time_iter': 14.9922, 'accuracy': 0.9717, 'precision': 0.7778, 'recall': 0.3409, 'f1': 0.474, 'auc': 0.8957}
val: {'epoch': 99, 'loss': 0.1124, 'lr': 0.001, 'params': 1413603, 'time_iter': 2.7638, 'accuracy': 0.9823, 'precision': 0.75, 'recall': 0.1481, 'f1': 0.2474, 'auc': 0.7693}
train: {'epoch': 99, 'eta': 0.0, 'loss': 0.0955, 'lr': 0.001, 'params': 1413603, 'time_iter': 14.9188, 'accuracy': 0.9719, 'precision': 0.7707, 'recall': 0.3547, 'f1': 0.4858, 'auc': 0.9005}
test: {'epoch': 99, 'loss': 0.1881, 'lr': 0.001, 'params': 1413603, 'time_iter': 2.4756, 'accuracy': 0.9691, 'precision': 0.6, 'recall': 0.0692, 'f1': 0.1241, 'auc': 0.7333}
test: {'epoch': 98, 'loss': 0.1836, 'lr': 0.001, 'params': 1413603, 'time_iter': 2.5187, 'accuracy': 0.9686, 'precision': 0.5455, 'recall': 0.0462, 'f1': 0.0851, 'auc': 0.7186}
