GraphGymModule(
  (model): DilatedGNNModel(
    (encoder): FeatureEncoder(
      (node_encoder): AtomEncoder(
        (atom_embedding_list): ModuleList(
          (0): Embedding(119, 300)
          (1): Embedding(4, 300)
          (2): Embedding(12, 300)
          (3): Embedding(12, 300)
          (4): Embedding(10, 300)
          (5): Embedding(6, 300)
          (6): Embedding(6, 300)
          (7): Embedding(2, 300)
          (8): Embedding(2, 300)
        )
      )
      (edge_encoder): BondEncoder(
        (bond_embedding_list): ModuleList(
          (0): Embedding(5, 300)
          (1): Embedding(6, 300)
          (2): Embedding(2, 300)
        )
      )
    )
    (mp): GNNDilatedStage(
      (classic_layers): ModuleList(
        (0): GeneralLayer(
          (layer): EGATConv(
            (model): GATConv(300, 300, heads=1)
          )
          (post_layer): Sequential(
            (0): BatchNorm1d(300, eps=1e-05, momentum=0.1, affine=True, track_running_stats=True)
            (1): Dropout(p=0.5, inplace=False)
            (2): ReLU()
          )
        )
        (1): GeneralLayer(
          (layer): EGATConv(
            (model): GATConv(300, 300, heads=1)
          )
          (post_layer): Sequential(
            (0): BatchNorm1d(300, eps=1e-05, momentum=0.1, affine=True, track_running_stats=True)
            (1): Dropout(p=0.5, inplace=False)
            (2): ReLU()
          )
        )
        (2): GeneralLayer(
          (layer): EGATConv(
            (model): GATConv(300, 300, heads=1)
          )
          (post_layer): Sequential(
            (0): BatchNorm1d(300, eps=1e-05, momentum=0.1, affine=True, track_running_stats=True)
            (1): Dropout(p=0.5, inplace=False)
            (2): ReLU()
          )
        )
      )
      (dilated_layers): ModuleList(
        (0): DilatedGeneralLayer(
          (layer): EGATConv(
            (model): GATConv(300, 300, heads=1)
          )
          (post_layer): Sequential(
            (0): BatchNorm1d(300, eps=1e-05, momentum=0.1, affine=True, track_running_stats=True)
            (1): Dropout(p=0.5, inplace=False)
            (2): ReLU()
          )
          (gem): GeM(p=3.0000, eps=1e-06)
        )
      )
      (act): ReLU()
    )
    (post_mp): GNNGraphHead(
      (layer_post_mp): MLP(
        (model): Sequential(
          (0): Linear(
            (model): Linear(300, 1, bias=True)
          )
        )
      )
    )
  )
)
accelerator: cuda
benchmark: False
bn:
  eps: 1e-05
  mom: 0.1
cfg_dest: config.yaml
custom_metrics: []
dataset:
  cache_load: False
  cache_save: False
  dir: ./datasets
  edge_dim: 300
  edge_encoder: True
  edge_encoder_bn: False
  edge_encoder_name: Bond
  edge_message_ratio: 0.8
  edge_negative_sampling_ratio: 1.0
  edge_train_mode: all
  encoder: True
  encoder_bn: True
  encoder_dim: 128
  encoder_name: db
  fast_loader: False
  format: OGB
  label_column: none
  label_table: none
  location: local
  name: ogbg-molhiv
  node_encoder: True
  node_encoder_bn: False
  node_encoder_name: Atom
  remove_feature: False
  resample_disjoint: False
  resample_negative: False
  shuffle_split: True
  split: [0.8, 0.1, 0.1]
  split_mode: random
  task: graph
  task_type: classification
  to_undirected: False
  transductive: False
  transform: none
  tu_simple: True
devices: 1
gnn:
  act: relu
  act_on_last_layer_mp: False
  agg: none
  att_final_linear: False
  att_final_linear_bn: False
  att_heads: 1
  batchnorm: True
  clear_feature: True
  dilated_path_join: none
  dim_inner: 300
  dropout: 0.5
  head: graph
  keep_edge: 0.5
  l2norm: True
  layer_type: egatconv
  layers_k1: 3
  layers_k2: 1
  layers_mp: 5
  layers_post_mp: 1
  layers_pre_mp: 0
  learn_alpha_residual_connection: False
  msg_direction: single
  normalize_adj: False
  self_msg: concat
  skip_every: 1
  stage_type: stack
  use_edge_features: True
gpu_mem: False
mem:
  inplace: False
metric_agg: argmax
metric_best: auc
model:
  edge_decoding: dot
  graph_pooling: mean
  loss_fun: cross_entropy
  match_upper: True
  size_average: mean
  thresh: 0.5
  type: dilated_gnn
num_threads: 6
num_workers: 16
optim:
  base_lr: 0.001
  lr_decay: 0.1
  max_epoch: 100
  momentum: 0.9
  optimizer: adam
  scheduler: none
  steps: [30, 60, 90]
  weight_decay: 0.0
out_dir: results_experiments/ogbg_molhiv_baseline_grid_design/ogbg_molhiv_baseline-type=dilated_gnn-layer_type=egatconv-layers_k1=3-layers_k2=1-dilated_path_join=none-learn_alpha_residual_connection=False
params: 782102
print: both
round: 4
run_dir: results_experiments/ogbg_molhiv_baseline_grid_design/ogbg_molhiv_baseline-type=dilated_gnn-layer_type=egatconv-layers_k1=3-layers_k2=1-dilated_path_join=none-learn_alpha_residual_connection=False/4
seed: 5
share:
  dim_in: 9
  dim_out: 2
  num_splits: 3
tensorboard_agg: True
tensorboard_each_run: False
train:
  auto_resume: False
  batch_size: 32
  ckpt_clean: True
  ckpt_period: 100
  enable_ckpt: True
  epoch_resume: -1
  eval_period: 1
  iter_per_epoch: 32
  neighbor_sizes: [20, 15, 10, 5]
  node_per_graph: 32
  radius: extend
  sample_node: False
  sampler: full_batch
  skip_train_eval: False
  walk_length: 4
val:
  node_per_graph: 32
  radius: extend
  sample_node: False
  sampler: full_batch
view_emb: False
Num parameters: 782102
val: {'epoch': 0, 'loss': 0.7231, 'lr': 0.001, 'params': 782102, 'time_iter': 0.8631, 'accuracy': 0.0156, 'precision': 0.0156, 'recall': 1.0, 'f1': 0.0308, 'auc': 0.746}
val: {'epoch': 0, 'loss': 0.0961, 'lr': 0.001, 'params': 782102, 'time_iter': 1.9947, 'accuracy': 0.9803, 'precision': 0.0, 'recall': 0.0, 'f1': 0.0, 'auc': 0.6783}
train: {'epoch': 0, 'eta': 1550170.8262, 'loss': 0.1898, 'lr': 0.001, 'params': 782102, 'time_iter': 15.217, 'accuracy': 0.9622, 'precision': 0.0, 'recall': 0.0, 'f1': 0.0, 'auc': 0.5484}
val: {'epoch': 1, 'loss': 0.0972, 'lr': 0.001, 'params': 782102, 'time_iter': 2.0135, 'accuracy': 0.9803, 'precision': 0.0, 'recall': 0.0, 'f1': 0.0, 'auc': 0.6904}
train: {'epoch': 1, 'eta': 1527024.861, 'loss': 0.1557, 'lr': 0.001, 'params': 782102, 'time_iter': 15.0685, 'accuracy': 0.9626, 'precision': 0.0, 'recall': 0.0, 'f1': 0.0, 'auc': 0.6337}
val: {'epoch': 2, 'loss': 0.0947, 'lr': 0.001, 'params': 782102, 'time_iter': 2.23, 'accuracy': 0.9803, 'precision': 0.0, 'recall': 0.0, 'f1': 0.0, 'auc': 0.7214}
train: {'epoch': 2, 'eta': 1513401.896, 'loss': 0.1506, 'lr': 0.001, 'params': 782102, 'time_iter': 15.2016, 'accuracy': 0.9626, 'precision': 0.0, 'recall': 0.0, 'f1': 0.0, 'auc': 0.6816}
val: {'epoch': 3, 'loss': 0.092, 'lr': 0.001, 'params': 782102, 'time_iter': 1.9165, 'accuracy': 0.9803, 'precision': 0.0, 'recall': 0.0, 'f1': 0.0, 'auc': 0.7345}
train: {'epoch': 3, 'eta': 1500684.3148, 'loss': 0.1474, 'lr': 0.001, 'params': 782102, 'time_iter': 15.2792, 'accuracy': 0.9626, 'precision': 0.0, 'recall': 0.0, 'f1': 0.0, 'auc': 0.7105}
val: {'epoch': 4, 'loss': 0.0909, 'lr': 0.001, 'params': 782102, 'time_iter': 1.9273, 'accuracy': 0.9803, 'precision': 0.0, 'recall': 0.0, 'f1': 0.0, 'auc': 0.7163}
train: {'epoch': 4, 'eta': 1490396.6163, 'loss': 0.1461, 'lr': 0.001, 'params': 782102, 'time_iter': 15.4649, 'accuracy': 0.9626, 'precision': 0.0, 'recall': 0.0, 'f1': 0.0, 'auc': 0.7158}
val: {'epoch': 5, 'loss': 0.1011, 'lr': 0.001, 'params': 782102, 'time_iter': 2.0795, 'accuracy': 0.9803, 'precision': 0.0, 'recall': 0.0, 'f1': 0.0, 'auc': 0.6457}
train: {'epoch': 5, 'eta': 1469105.5364, 'loss': 0.1469, 'lr': 0.001, 'params': 782102, 'time_iter': 14.8987, 'accuracy': 0.9626, 'precision': 0.0, 'recall': 0.0, 'f1': 0.0, 'auc': 0.7074}
val: {'epoch': 6, 'loss': 0.0983, 'lr': 0.001, 'params': 782102, 'time_iter': 2.0146, 'accuracy': 0.9803, 'precision': 0.0, 'recall': 0.0, 'f1': 0.0, 'auc': 0.7313}
train: {'epoch': 6, 'eta': 1452575.3035, 'loss': 0.1474, 'lr': 0.001, 'params': 782102, 'time_iter': 15.1224, 'accuracy': 0.9626, 'precision': 0.0, 'recall': 0.0, 'f1': 0.0, 'auc': 0.7035}
val: {'epoch': 7, 'loss': 0.0972, 'lr': 0.001, 'params': 782102, 'time_iter': 1.9559, 'accuracy': 0.9803, 'precision': 0.0, 'recall': 0.0, 'f1': 0.0, 'auc': 0.7373}
train: {'epoch': 7, 'eta': 1437389.5905, 'loss': 0.1437, 'lr': 0.001, 'params': 782102, 'time_iter': 15.2155, 'accuracy': 0.9626, 'precision': 0.0, 'recall': 0.0, 'f1': 0.0, 'auc': 0.7244}
val: {'epoch': 8, 'loss': 0.1018, 'lr': 0.001, 'params': 782102, 'time_iter': 2.0909, 'accuracy': 0.9803, 'precision': 0.0, 'recall': 0.0, 'f1': 0.0, 'auc': 0.6583}
train: {'epoch': 8, 'eta': 1421057.5679, 'loss': 0.144, 'lr': 0.001, 'params': 782102, 'time_iter': 15.1154, 'accuracy': 0.9626, 'precision': 0.0, 'recall': 0.0, 'f1': 0.0, 'auc': 0.7242}
val: {'epoch': 9, 'loss': 0.1012, 'lr': 0.001, 'params': 782102, 'time_iter': 1.8595, 'accuracy': 0.9803, 'precision': 0.0, 'recall': 0.0, 'f1': 0.0, 'auc': 0.7329}
train: {'epoch': 9, 'eta': 1405019.6109, 'loss': 0.1435, 'lr': 0.001, 'params': 782102, 'time_iter': 15.1304, 'accuracy': 0.9626, 'precision': 0.5, 'recall': 0.0008, 'f1': 0.0016, 'auc': 0.7273}
val: {'epoch': 10, 'loss': 0.102, 'lr': 0.001, 'params': 782102, 'time_iter': 2.0006, 'accuracy': 0.9803, 'precision': 0.0, 'recall': 0.0, 'f1': 0.0, 'auc': 0.7416}
train: {'epoch': 10, 'eta': 1387273.6088, 'loss': 0.1433, 'lr': 0.001, 'params': 782102, 'time_iter': 14.915, 'accuracy': 0.9626, 'precision': 0.5, 'recall': 0.0016, 'f1': 0.0032, 'auc': 0.7276}
val: {'epoch': 11, 'loss': 0.0984, 'lr': 0.001, 'params': 782102, 'time_iter': 2.0551, 'accuracy': 0.9801, 'precision': 0.0, 'recall': 0.0, 'f1': 0.0, 'auc': 0.7254}
train: {'epoch': 11, 'eta': 1371136.4157, 'loss': 0.1442, 'lr': 0.001, 'params': 782102, 'time_iter': 15.0752, 'accuracy': 0.9626, 'precision': 0.5714, 'recall': 0.0032, 'f1': 0.0065, 'auc': 0.7263}
val: {'epoch': 12, 'loss': 0.1055, 'lr': 0.001, 'params': 782102, 'time_iter': 1.9636, 'accuracy': 0.9805, 'precision': 1.0, 'recall': 0.0123, 'f1': 0.0244, 'auc': 0.7464}
train: {'epoch': 12, 'eta': 1358067.1294, 'loss': 0.1427, 'lr': 0.001, 'params': 782102, 'time_iter': 15.5067, 'accuracy': 0.9626, 'precision': 0.5556, 'recall': 0.0041, 'f1': 0.0081, 'auc': 0.7341}
val: {'epoch': 13, 'loss': 0.1001, 'lr': 0.001, 'params': 782102, 'time_iter': 1.9581, 'accuracy': 0.9803, 'precision': 0.0, 'recall': 0.0, 'f1': 0.0, 'auc': 0.7023}
train: {'epoch': 13, 'eta': 1341897.1461, 'loss': 0.1433, 'lr': 0.001, 'params': 782102, 'time_iter': 15.0814, 'accuracy': 0.9625, 'precision': 0.4444, 'recall': 0.0032, 'f1': 0.0064, 'auc': 0.731}
val: {'epoch': 14, 'loss': 0.0982, 'lr': 0.001, 'params': 782102, 'time_iter': 2.0972, 'accuracy': 0.9803, 'precision': 0.0, 'recall': 0.0, 'f1': 0.0, 'auc': 0.7517}
train: {'epoch': 14, 'eta': 1326223.2384, 'loss': 0.142, 'lr': 0.001, 'params': 782102, 'time_iter': 15.1516, 'accuracy': 0.9624, 'precision': 0.381, 'recall': 0.0065, 'f1': 0.0128, 'auc': 0.7352}
val: {'epoch': 15, 'loss': 0.0975, 'lr': 0.001, 'params': 782102, 'time_iter': 1.9555, 'accuracy': 0.9805, 'precision': 1.0, 'recall': 0.0123, 'f1': 0.0244, 'auc': 0.7434}
train: {'epoch': 15, 'eta': 1312202.9942, 'loss': 0.1401, 'lr': 0.001, 'params': 782102, 'time_iter': 15.4558, 'accuracy': 0.9625, 'precision': 0.4348, 'recall': 0.0081, 'f1': 0.0159, 'auc': 0.7466}
val: {'epoch': 16, 'loss': 0.099, 'lr': 0.001, 'params': 782102, 'time_iter': 2.001, 'accuracy': 0.9803, 'precision': 0.0, 'recall': 0.0, 'f1': 0.0, 'auc': 0.739}
train: {'epoch': 16, 'eta': 1296853.6319, 'loss': 0.1394, 'lr': 0.001, 'params': 782102, 'time_iter': 15.2354, 'accuracy': 0.9627, 'precision': 0.5926, 'recall': 0.013, 'f1': 0.0254, 'auc': 0.7525}
val: {'epoch': 17, 'loss': 0.0982, 'lr': 0.001, 'params': 782102, 'time_iter': 2.0674, 'accuracy': 0.9798, 'precision': 0.3333, 'recall': 0.0247, 'f1': 0.046, 'auc': 0.7324}
train: {'epoch': 17, 'eta': 1280850.8183, 'loss': 0.1382, 'lr': 0.001, 'params': 782102, 'time_iter': 15.1037, 'accuracy': 0.9629, 'precision': 0.6279, 'recall': 0.0219, 'f1': 0.0424, 'auc': 0.7579}
val: {'epoch': 18, 'loss': 0.1048, 'lr': 0.001, 'params': 782102, 'time_iter': 1.9327, 'accuracy': 0.9803, 'precision': 0.5, 'recall': 0.0123, 'f1': 0.0241, 'auc': 0.708}
train: {'epoch': 18, 'eta': 1265989.1137, 'loss': 0.1422, 'lr': 0.001, 'params': 782102, 'time_iter': 15.3528, 'accuracy': 0.9626, 'precision': 0.5152, 'recall': 0.0138, 'f1': 0.0269, 'auc': 0.7383}
val: {'epoch': 19, 'loss': 0.1018, 'lr': 0.001, 'params': 782102, 'time_iter': 1.9695, 'accuracy': 0.9808, 'precision': 0.75, 'recall': 0.037, 'f1': 0.0706, 'auc': 0.7091}
train: {'epoch': 19, 'eta': 1250568.2625, 'loss': 0.1419, 'lr': 0.001, 'params': 782102, 'time_iter': 15.2397, 'accuracy': 0.9627, 'precision': 0.5676, 'recall': 0.017, 'f1': 0.0331, 'auc': 0.7392}
val: {'epoch': 20, 'loss': 0.1023, 'lr': 0.001, 'params': 782102, 'time_iter': 2.0639, 'accuracy': 0.9808, 'precision': 1.0, 'recall': 0.0247, 'f1': 0.0482, 'auc': 0.7077}
train: {'epoch': 20, 'eta': 1235466.9654, 'loss': 0.1404, 'lr': 0.001, 'params': 782102, 'time_iter': 15.3287, 'accuracy': 0.9628, 'precision': 0.5909, 'recall': 0.0211, 'f1': 0.0408, 'auc': 0.7464}
val: {'epoch': 21, 'loss': 0.0988, 'lr': 0.001, 'params': 782102, 'time_iter': 1.9921, 'accuracy': 0.981, 'precision': 1.0, 'recall': 0.037, 'f1': 0.0714, 'auc': 0.7376}
train: {'epoch': 21, 'eta': 1220036.6173, 'loss': 0.1398, 'lr': 0.001, 'params': 782102, 'time_iter': 15.2552, 'accuracy': 0.9623, 'precision': 0.4426, 'recall': 0.0219, 'f1': 0.0418, 'auc': 0.7569}
val: {'epoch': 22, 'loss': 0.102, 'lr': 0.001, 'params': 782102, 'time_iter': 1.9283, 'accuracy': 0.9808, 'precision': 1.0, 'recall': 0.0247, 'f1': 0.0482, 'auc': 0.7151}
train: {'epoch': 22, 'eta': 1204268.8613, 'loss': 0.1402, 'lr': 0.001, 'params': 782102, 'time_iter': 15.164, 'accuracy': 0.9626, 'precision': 0.5, 'recall': 0.017, 'f1': 0.033, 'auc': 0.7521}
val: {'epoch': 23, 'loss': 0.1069, 'lr': 0.001, 'params': 782102, 'time_iter': 2.1753, 'accuracy': 0.9805, 'precision': 0.6667, 'recall': 0.0247, 'f1': 0.0476, 'auc': 0.7112}
train: {'epoch': 23, 'eta': 1188092.6003, 'loss': 0.1393, 'lr': 0.001, 'params': 782102, 'time_iter': 15.0345, 'accuracy': 0.9624, 'precision': 0.4667, 'recall': 0.0227, 'f1': 0.0433, 'auc': 0.7581}
val: {'epoch': 24, 'loss': 0.1008, 'lr': 0.001, 'params': 782102, 'time_iter': 1.997, 'accuracy': 0.9805, 'precision': 0.6, 'recall': 0.037, 'f1': 0.0698, 'auc': 0.6876}
train: {'epoch': 24, 'eta': 1172451.2066, 'loss': 0.1383, 'lr': 0.001, 'params': 782102, 'time_iter': 15.1894, 'accuracy': 0.9626, 'precision': 0.5, 'recall': 0.0292, 'f1': 0.0552, 'auc': 0.7605}
val: {'epoch': 25, 'loss': 0.1056, 'lr': 0.001, 'params': 782102, 'time_iter': 1.9193, 'accuracy': 0.981, 'precision': 1.0, 'recall': 0.037, 'f1': 0.0714, 'auc': 0.6785}
train: {'epoch': 25, 'eta': 1157386.379, 'loss': 0.1391, 'lr': 0.001, 'params': 782102, 'time_iter': 15.386, 'accuracy': 0.9625, 'precision': 0.4727, 'recall': 0.0211, 'f1': 0.0404, 'auc': 0.7538}
val: {'epoch': 26, 'loss': 0.1066, 'lr': 0.001, 'params': 782102, 'time_iter': 2.0878, 'accuracy': 0.9805, 'precision': 1.0, 'recall': 0.0123, 'f1': 0.0244, 'auc': 0.6669}
train: {'epoch': 26, 'eta': 1141421.1364, 'loss': 0.1383, 'lr': 0.001, 'params': 782102, 'time_iter': 15.0828, 'accuracy': 0.9625, 'precision': 0.4789, 'recall': 0.0276, 'f1': 0.0522, 'auc': 0.7644}
val: {'epoch': 27, 'loss': 0.11, 'lr': 0.001, 'params': 782102, 'time_iter': 1.9613, 'accuracy': 0.9803, 'precision': 0.5, 'recall': 0.0247, 'f1': 0.0471, 'auc': 0.6631}
train: {'epoch': 27, 'eta': 1125933.6041, 'loss': 0.1375, 'lr': 0.001, 'params': 782102, 'time_iter': 15.2513, 'accuracy': 0.9626, 'precision': 0.5063, 'recall': 0.0325, 'f1': 0.061, 'auc': 0.7653}
val: {'epoch': 28, 'loss': 0.1087, 'lr': 0.001, 'params': 782102, 'time_iter': 1.9656, 'accuracy': 0.9803, 'precision': 0.0, 'recall': 0.0, 'f1': 0.0, 'auc': 0.6823}
train: {'epoch': 28, 'eta': 1110624.2564, 'loss': 0.1365, 'lr': 0.001, 'params': 782102, 'time_iter': 15.3277, 'accuracy': 0.9628, 'precision': 0.5476, 'recall': 0.0373, 'f1': 0.0699, 'auc': 0.7678}
val: {'epoch': 29, 'loss': 0.1185, 'lr': 0.001, 'params': 782102, 'time_iter': 2.0656, 'accuracy': 0.9796, 'precision': 0.0, 'recall': 0.0, 'f1': 0.0, 'auc': 0.6211}
train: {'epoch': 29, 'eta': 1094817.3235, 'loss': 0.1368, 'lr': 0.001, 'params': 782102, 'time_iter': 15.1333, 'accuracy': 0.9624, 'precision': 0.4706, 'recall': 0.0325, 'f1': 0.0607, 'auc': 0.7726}
val: {'epoch': 30, 'loss': 0.1105, 'lr': 0.001, 'params': 782102, 'time_iter': 1.9833, 'accuracy': 0.9805, 'precision': 1.0, 'recall': 0.0123, 'f1': 0.0244, 'auc': 0.6842}
train: {'epoch': 30, 'eta': 1079095.8689, 'loss': 0.1376, 'lr': 0.001, 'params': 782102, 'time_iter': 15.164, 'accuracy': 0.9626, 'precision': 0.5231, 'recall': 0.0276, 'f1': 0.0524, 'auc': 0.7677}
val: {'epoch': 31, 'loss': 0.1143, 'lr': 0.001, 'params': 782102, 'time_iter': 1.921, 'accuracy': 0.9808, 'precision': 1.0, 'recall': 0.0247, 'f1': 0.0482, 'auc': 0.6886}
train: {'epoch': 31, 'eta': 1063433.2102, 'loss': 0.1374, 'lr': 0.001, 'params': 782102, 'time_iter': 15.1875, 'accuracy': 0.9623, 'precision': 0.4583, 'recall': 0.0357, 'f1': 0.0663, 'auc': 0.7691}
val: {'epoch': 32, 'loss': 0.1152, 'lr': 0.001, 'params': 782102, 'time_iter': 2.0795, 'accuracy': 0.9805, 'precision': 0.6, 'recall': 0.037, 'f1': 0.0698, 'auc': 0.6896}
train: {'epoch': 32, 'eta': 1047610.896, 'loss': 0.1366, 'lr': 0.001, 'params': 782102, 'time_iter': 15.1101, 'accuracy': 0.9627, 'precision': 0.5333, 'recall': 0.039, 'f1': 0.0726, 'auc': 0.7715}
val: {'epoch': 33, 'loss': 0.1096, 'lr': 0.001, 'params': 782102, 'time_iter': 1.8952, 'accuracy': 0.9803, 'precision': 0.5, 'recall': 0.0123, 'f1': 0.0241, 'auc': 0.6835}
train: {'epoch': 33, 'eta': 1031831.8375, 'loss': 0.1363, 'lr': 0.001, 'params': 782102, 'time_iter': 15.1237, 'accuracy': 0.9625, 'precision': 0.4831, 'recall': 0.0349, 'f1': 0.0651, 'auc': 0.7677}
val: {'epoch': 34, 'loss': 0.1116, 'lr': 0.001, 'params': 782102, 'time_iter': 1.9018, 'accuracy': 0.9796, 'precision': 0.2857, 'recall': 0.0247, 'f1': 0.0455, 'auc': 0.6912}
train: {'epoch': 34, 'eta': 1016345.2278, 'loss': 0.1356, 'lr': 0.001, 'params': 782102, 'time_iter': 15.2702, 'accuracy': 0.9626, 'precision': 0.5049, 'recall': 0.0422, 'f1': 0.0779, 'auc': 0.7742}
val: {'epoch': 35, 'loss': 0.1202, 'lr': 0.001, 'params': 782102, 'time_iter': 2.0251, 'accuracy': 0.9801, 'precision': 0.3333, 'recall': 0.0123, 'f1': 0.0238, 'auc': 0.6399}
train: {'epoch': 35, 'eta': 1000841.6558, 'loss': 0.1348, 'lr': 0.001, 'params': 782102, 'time_iter': 15.2678, 'accuracy': 0.9626, 'precision': 0.5, 'recall': 0.0406, 'f1': 0.0751, 'auc': 0.781}
val: {'epoch': 36, 'loss': 0.1145, 'lr': 0.001, 'params': 782102, 'time_iter': 1.9295, 'accuracy': 0.9798, 'precision': 0.3333, 'recall': 0.0247, 'f1': 0.046, 'auc': 0.6936}
train: {'epoch': 36, 'eta': 984851.9628, 'loss': 0.1354, 'lr': 0.001, 'params': 782102, 'time_iter': 14.9968, 'accuracy': 0.9624, 'precision': 0.4808, 'recall': 0.0406, 'f1': 0.0749, 'auc': 0.7767}
val: {'epoch': 37, 'loss': 0.1183, 'lr': 0.001, 'params': 782102, 'time_iter': 2.0067, 'accuracy': 0.9803, 'precision': 0.0, 'recall': 0.0, 'f1': 0.0, 'auc': 0.6651}
train: {'epoch': 37, 'eta': 969212.383, 'loss': 0.1354, 'lr': 0.001, 'params': 782102, 'time_iter': 15.1878, 'accuracy': 0.9625, 'precision': 0.4839, 'recall': 0.0365, 'f1': 0.0679, 'auc': 0.77}
val: {'epoch': 38, 'loss': 0.1241, 'lr': 0.001, 'params': 782102, 'time_iter': 2.0065, 'accuracy': 0.9801, 'precision': 0.0, 'recall': 0.0, 'f1': 0.0, 'auc': 0.6849}
train: {'epoch': 38, 'eta': 953154.3976, 'loss': 0.1357, 'lr': 0.001, 'params': 782102, 'time_iter': 14.9275, 'accuracy': 0.9629, 'precision': 0.5579, 'recall': 0.043, 'f1': 0.0799, 'auc': 0.7729}
val: {'epoch': 39, 'loss': 0.1206, 'lr': 0.001, 'params': 782102, 'time_iter': 1.8977, 'accuracy': 0.9801, 'precision': 0.0, 'recall': 0.0, 'f1': 0.0, 'auc': 0.7047}
train: {'epoch': 39, 'eta': 936786.5965, 'loss': 0.1358, 'lr': 0.001, 'params': 782102, 'time_iter': 14.7042, 'accuracy': 0.9626, 'precision': 0.5119, 'recall': 0.0349, 'f1': 0.0653, 'auc': 0.7732}
val: {'epoch': 40, 'loss': 0.1193, 'lr': 0.001, 'params': 782102, 'time_iter': 2.0793, 'accuracy': 0.9801, 'precision': 0.0, 'recall': 0.0, 'f1': 0.0, 'auc': 0.6804}
train: {'epoch': 40, 'eta': 921004.9639, 'loss': 0.1345, 'lr': 0.001, 'params': 782102, 'time_iter': 15.0593, 'accuracy': 0.9624, 'precision': 0.4818, 'recall': 0.043, 'f1': 0.079, 'auc': 0.7789}
val: {'epoch': 41, 'loss': 0.1273, 'lr': 0.001, 'params': 782102, 'time_iter': 2.1239, 'accuracy': 0.9803, 'precision': 0.0, 'recall': 0.0, 'f1': 0.0, 'auc': 0.6732}
train: {'epoch': 41, 'eta': 904884.5336, 'loss': 0.1352, 'lr': 0.001, 'params': 782102, 'time_iter': 14.8113, 'accuracy': 0.9629, 'precision': 0.5567, 'recall': 0.0438, 'f1': 0.0813, 'auc': 0.7752}
val: {'epoch': 42, 'loss': 0.1214, 'lr': 0.001, 'params': 782102, 'time_iter': 2.2064, 'accuracy': 0.9801, 'precision': 0.4, 'recall': 0.0247, 'f1': 0.0465, 'auc': 0.6918}
train: {'epoch': 42, 'eta': 888653.9097, 'loss': 0.1343, 'lr': 0.001, 'params': 782102, 'time_iter': 14.7005, 'accuracy': 0.9628, 'precision': 0.5354, 'recall': 0.043, 'f1': 0.0796, 'auc': 0.777}
val: {'epoch': 43, 'loss': 0.1296, 'lr': 0.001, 'params': 782102, 'time_iter': 2.0031, 'accuracy': 0.9803, 'precision': 0.0, 'recall': 0.0, 'f1': 0.0, 'auc': 0.6791}
train: {'epoch': 43, 'eta': 872951.2826, 'loss': 0.1329, 'lr': 0.001, 'params': 782102, 'time_iter': 15.0654, 'accuracy': 0.9628, 'precision': 0.5421, 'recall': 0.0471, 'f1': 0.0866, 'auc': 0.7781}
val: {'epoch': 44, 'loss': 0.1317, 'lr': 0.001, 'params': 782102, 'time_iter': 1.975, 'accuracy': 0.9796, 'precision': 0.0, 'recall': 0.0, 'f1': 0.0, 'auc': 0.6494}
train: {'epoch': 44, 'eta': 857099.0146, 'loss': 0.133, 'lr': 0.001, 'params': 782102, 'time_iter': 14.9393, 'accuracy': 0.9632, 'precision': 0.5854, 'recall': 0.0584, 'f1': 0.1063, 'auc': 0.7806}
val: {'epoch': 45, 'loss': 0.1225, 'lr': 0.001, 'params': 782102, 'time_iter': 2.3661, 'accuracy': 0.9803, 'precision': 0.0, 'recall': 0.0, 'f1': 0.0, 'auc': 0.7234}
train: {'epoch': 45, 'eta': 841252.025, 'loss': 0.1328, 'lr': 0.001, 'params': 782102, 'time_iter': 14.9264, 'accuracy': 0.9634, 'precision': 0.6029, 'recall': 0.0666, 'f1': 0.1199, 'auc': 0.7784}
val: {'epoch': 46, 'loss': 0.1237, 'lr': 0.001, 'params': 782102, 'time_iter': 1.9902, 'accuracy': 0.9803, 'precision': 0.0, 'recall': 0.0, 'f1': 0.0, 'auc': 0.6289}
train: {'epoch': 46, 'eta': 825578.5671, 'loss': 0.1323, 'lr': 0.001, 'params': 782102, 'time_iter': 15.0581, 'accuracy': 0.9632, 'precision': 0.5766, 'recall': 0.0641, 'f1': 0.1154, 'auc': 0.7748}
val: {'epoch': 47, 'loss': 0.1269, 'lr': 0.001, 'params': 782102, 'time_iter': 2.0318, 'accuracy': 0.9803, 'precision': 0.0, 'recall': 0.0, 'f1': 0.0, 'auc': 0.7091}
train: {'epoch': 47, 'eta': 809653.7785, 'loss': 0.133, 'lr': 0.001, 'params': 782102, 'time_iter': 14.8259, 'accuracy': 0.9628, 'precision': 0.522, 'recall': 0.0674, 'f1': 0.1193, 'auc': 0.7735}
val: {'epoch': 48, 'loss': 0.1315, 'lr': 0.001, 'params': 782102, 'time_iter': 2.509, 'accuracy': 0.9803, 'precision': 0.0, 'recall': 0.0, 'f1': 0.0, 'auc': 0.6636}
train: {'epoch': 48, 'eta': 793784.3072, 'loss': 0.1341, 'lr': 0.001, 'params': 782102, 'time_iter': 14.8521, 'accuracy': 0.963, 'precision': 0.5532, 'recall': 0.0633, 'f1': 0.1136, 'auc': 0.7699}
val: {'epoch': 49, 'loss': 0.1343, 'lr': 0.001, 'params': 782102, 'time_iter': 1.9352, 'accuracy': 0.9803, 'precision': 0.0, 'recall': 0.0, 'f1': 0.0, 'auc': 0.6741}
train: {'epoch': 49, 'eta': 778198.3637, 'loss': 0.1322, 'lr': 0.001, 'params': 782102, 'time_iter': 15.1048, 'accuracy': 0.9633, 'precision': 0.5929, 'recall': 0.0674, 'f1': 0.121, 'auc': 0.778}
val: {'epoch': 50, 'loss': 0.1326, 'lr': 0.001, 'params': 782102, 'time_iter': 1.8914, 'accuracy': 0.9805, 'precision': 1.0, 'recall': 0.0123, 'f1': 0.0244, 'auc': 0.6502}
train: {'epoch': 50, 'eta': 762428.3434, 'loss': 0.1319, 'lr': 0.001, 'params': 782102, 'time_iter': 14.9169, 'accuracy': 0.9631, 'precision': 0.5497, 'recall': 0.0763, 'f1': 0.134, 'auc': 0.7785}
val: {'epoch': 51, 'loss': 0.1264, 'lr': 0.001, 'params': 782102, 'time_iter': 2.257, 'accuracy': 0.9803, 'precision': 0.0, 'recall': 0.0, 'f1': 0.0, 'auc': 0.6612}
train: {'epoch': 51, 'eta': 746558.2207, 'loss': 0.1325, 'lr': 0.001, 'params': 782102, 'time_iter': 14.7945, 'accuracy': 0.9633, 'precision': 0.5839, 'recall': 0.0649, 'f1': 0.1169, 'auc': 0.779}
val: {'epoch': 52, 'loss': 0.138, 'lr': 0.001, 'params': 782102, 'time_iter': 1.9537, 'accuracy': 0.9803, 'precision': 0.0, 'recall': 0.0, 'f1': 0.0, 'auc': 0.6939}
train: {'epoch': 52, 'eta': 731252.8888, 'loss': 0.1321, 'lr': 0.001, 'params': 782102, 'time_iter': 15.3867, 'accuracy': 0.963, 'precision': 0.5556, 'recall': 0.0649, 'f1': 0.1163, 'auc': 0.7799}
val: {'epoch': 53, 'loss': 0.1358, 'lr': 0.001, 'params': 782102, 'time_iter': 1.976, 'accuracy': 0.9803, 'precision': 0.0, 'recall': 0.0, 'f1': 0.0, 'auc': 0.6596}
train: {'epoch': 53, 'eta': 715596.1543, 'loss': 0.1315, 'lr': 0.001, 'params': 782102, 'time_iter': 15.0081, 'accuracy': 0.9632, 'precision': 0.5724, 'recall': 0.0674, 'f1': 0.1206, 'auc': 0.7841}
val: {'epoch': 54, 'loss': 0.1382, 'lr': 0.001, 'params': 782102, 'time_iter': 2.22, 'accuracy': 0.9803, 'precision': 0.0, 'recall': 0.0, 'f1': 0.0, 'auc': 0.6689}
train: {'epoch': 54, 'eta': 700003.0858, 'loss': 0.1301, 'lr': 0.001, 'params': 782102, 'time_iter': 15.0745, 'accuracy': 0.9637, 'precision': 0.6089, 'recall': 0.0885, 'f1': 0.1545, 'auc': 0.7859}
val: {'epoch': 55, 'loss': 0.135, 'lr': 0.001, 'params': 782102, 'time_iter': 1.9484, 'accuracy': 0.9805, 'precision': 1.0, 'recall': 0.0123, 'f1': 0.0244, 'auc': 0.6667}
train: {'epoch': 55, 'eta': 684773.4668, 'loss': 0.1298, 'lr': 0.001, 'params': 782102, 'time_iter': 15.5204, 'accuracy': 0.9629, 'precision': 0.5323, 'recall': 0.0804, 'f1': 0.1396, 'auc': 0.7916}
val: {'epoch': 56, 'loss': 0.1387, 'lr': 0.001, 'params': 782102, 'time_iter': 1.9469, 'accuracy': 0.9803, 'precision': 0.0, 'recall': 0.0, 'f1': 0.0, 'auc': 0.6705}
train: {'epoch': 56, 'eta': 669199.5277, 'loss': 0.1294, 'lr': 0.001, 'params': 782102, 'time_iter': 15.1104, 'accuracy': 0.9637, 'precision': 0.592, 'recall': 0.0966, 'f1': 0.1661, 'auc': 0.7922}
val: {'epoch': 57, 'loss': 0.1391, 'lr': 0.001, 'params': 782102, 'time_iter': 2.3615, 'accuracy': 0.9803, 'precision': 0.0, 'recall': 0.0, 'f1': 0.0, 'auc': 0.6693}
train: {'epoch': 57, 'eta': 653466.7976, 'loss': 0.1294, 'lr': 0.001, 'params': 782102, 'time_iter': 14.8961, 'accuracy': 0.9638, 'precision': 0.6105, 'recall': 0.0942, 'f1': 0.1632, 'auc': 0.7819}
val: {'epoch': 58, 'loss': 0.141, 'lr': 0.001, 'params': 782102, 'time_iter': 1.9878, 'accuracy': 0.9803, 'precision': 0.0, 'recall': 0.0, 'f1': 0.0, 'auc': 0.7299}
train: {'epoch': 58, 'eta': 637816.776, 'loss': 0.1287, 'lr': 0.001, 'params': 782102, 'time_iter': 14.9926, 'accuracy': 0.9641, 'precision': 0.634, 'recall': 0.0998, 'f1': 0.1725, 'auc': 0.796}
val: {'epoch': 59, 'loss': 0.1573, 'lr': 0.001, 'params': 782102, 'time_iter': 1.8837, 'accuracy': 0.9803, 'precision': 0.0, 'recall': 0.0, 'f1': 0.0, 'auc': 0.702}
train: {'epoch': 59, 'eta': 622185.0693, 'loss': 0.1356, 'lr': 0.001, 'params': 782102, 'time_iter': 15.0085, 'accuracy': 0.9625, 'precision': 0.4899, 'recall': 0.0593, 'f1': 0.1057, 'auc': 0.7678}
val: {'epoch': 60, 'loss': 0.1552, 'lr': 0.001, 'params': 782102, 'time_iter': 2.1663, 'accuracy': 0.9803, 'precision': 0.0, 'recall': 0.0, 'f1': 0.0, 'auc': 0.7187}
train: {'epoch': 60, 'eta': 606632.9095, 'loss': 0.1391, 'lr': 0.001, 'params': 782102, 'time_iter': 15.12, 'accuracy': 0.9623, 'precision': 0.4308, 'recall': 0.0227, 'f1': 0.0432, 'auc': 0.762}
val: {'epoch': 61, 'loss': 0.1541, 'lr': 0.001, 'params': 782102, 'time_iter': 2.0007, 'accuracy': 0.9803, 'precision': 0.0, 'recall': 0.0, 'f1': 0.0, 'auc': 0.7091}
train: {'epoch': 61, 'eta': 591161.1843, 'loss': 0.1374, 'lr': 0.001, 'params': 782102, 'time_iter': 15.2479, 'accuracy': 0.9627, 'precision': 0.5258, 'recall': 0.0414, 'f1': 0.0767, 'auc': 0.7608}
val: {'epoch': 62, 'loss': 0.1541, 'lr': 0.001, 'params': 782102, 'time_iter': 2.0396, 'accuracy': 0.9803, 'precision': 0.0, 'recall': 0.0, 'f1': 0.0, 'auc': 0.7115}
train: {'epoch': 62, 'eta': 575682.3113, 'loss': 0.1353, 'lr': 0.001, 'params': 782102, 'time_iter': 15.2475, 'accuracy': 0.9626, 'precision': 0.5, 'recall': 0.0446, 'f1': 0.082, 'auc': 0.7753}
val: {'epoch': 63, 'loss': 0.1641, 'lr': 0.001, 'params': 782102, 'time_iter': 2.1293, 'accuracy': 0.9803, 'precision': 0.0, 'recall': 0.0, 'f1': 0.0, 'auc': 0.6926}
train: {'epoch': 63, 'eta': 560135.5573, 'loss': 0.1344, 'lr': 0.001, 'params': 782102, 'time_iter': 15.1416, 'accuracy': 0.9626, 'precision': 0.5085, 'recall': 0.0487, 'f1': 0.0889, 'auc': 0.7709}
val: {'epoch': 64, 'loss': 0.1528, 'lr': 0.001, 'params': 782102, 'time_iter': 1.9571, 'accuracy': 0.9803, 'precision': 0.0, 'recall': 0.0, 'f1': 0.0, 'auc': 0.6939}
train: {'epoch': 64, 'eta': 544608.7732, 'loss': 0.1336, 'lr': 0.001, 'params': 782102, 'time_iter': 15.1795, 'accuracy': 0.9628, 'precision': 0.5276, 'recall': 0.0544, 'f1': 0.0986, 'auc': 0.7748}
val: {'epoch': 65, 'loss': 0.162, 'lr': 0.001, 'params': 782102, 'time_iter': 1.8856, 'accuracy': 0.9803, 'precision': 0.0, 'recall': 0.0, 'f1': 0.0, 'auc': 0.6691}
train: {'epoch': 65, 'eta': 529096.4895, 'loss': 0.1331, 'lr': 0.001, 'params': 782102, 'time_iter': 15.2122, 'accuracy': 0.9624, 'precision': 0.4848, 'recall': 0.0519, 'f1': 0.0938, 'auc': 0.7786}
val: {'epoch': 66, 'loss': 0.1655, 'lr': 0.001, 'params': 782102, 'time_iter': 2.2205, 'accuracy': 0.9803, 'precision': 0.0, 'recall': 0.0, 'f1': 0.0, 'auc': 0.6885}
train: {'epoch': 66, 'eta': 513586.6471, 'loss': 0.132, 'lr': 0.001, 'params': 782102, 'time_iter': 15.2253, 'accuracy': 0.9626, 'precision': 0.5, 'recall': 0.0609, 'f1': 0.1085, 'auc': 0.7849}
val: {'epoch': 67, 'loss': 0.1591, 'lr': 0.001, 'params': 782102, 'time_iter': 1.9531, 'accuracy': 0.9803, 'precision': 0.0, 'recall': 0.0, 'f1': 0.0, 'auc': 0.7357}
train: {'epoch': 67, 'eta': 498216.4694, 'loss': 0.1309, 'lr': 0.001, 'params': 782102, 'time_iter': 15.5233, 'accuracy': 0.9632, 'precision': 0.5734, 'recall': 0.0666, 'f1': 0.1193, 'auc': 0.7852}
val: {'epoch': 68, 'loss': 0.1608, 'lr': 0.001, 'params': 782102, 'time_iter': 2.015, 'accuracy': 0.9803, 'precision': 0.0, 'recall': 0.0, 'f1': 0.0, 'auc': 0.732}
train: {'epoch': 68, 'eta': 482572.1269, 'loss': 0.1301, 'lr': 0.001, 'params': 782102, 'time_iter': 14.9681, 'accuracy': 0.9633, 'precision': 0.5793, 'recall': 0.0771, 'f1': 0.1361, 'auc': 0.7886}
val: {'epoch': 69, 'loss': 0.1572, 'lr': 0.001, 'params': 782102, 'time_iter': 2.1048, 'accuracy': 0.9803, 'precision': 0.0, 'recall': 0.0, 'f1': 0.0, 'auc': 0.7238}
train: {'epoch': 69, 'eta': 466973.8092, 'loss': 0.1306, 'lr': 0.001, 'params': 782102, 'time_iter': 15.0568, 'accuracy': 0.9634, 'precision': 0.5771, 'recall': 0.082, 'f1': 0.1436, 'auc': 0.7816}
val: {'epoch': 70, 'loss': 0.1569, 'lr': 0.001, 'params': 782102, 'time_iter': 1.9166, 'accuracy': 0.9803, 'precision': 0.0, 'recall': 0.0, 'f1': 0.0, 'auc': 0.7063}
train: {'epoch': 70, 'eta': 451414.7188, 'loss': 0.1298, 'lr': 0.001, 'params': 782102, 'time_iter': 15.1431, 'accuracy': 0.9631, 'precision': 0.5464, 'recall': 0.0812, 'f1': 0.1413, 'auc': 0.7926}
val: {'epoch': 71, 'loss': 0.162, 'lr': 0.001, 'params': 782102, 'time_iter': 1.9234, 'accuracy': 0.9803, 'precision': 0.0, 'recall': 0.0, 'f1': 0.0, 'auc': 0.7172}
train: {'epoch': 71, 'eta': 435885.3173, 'loss': 0.1292, 'lr': 0.001, 'params': 782102, 'time_iter': 15.2189, 'accuracy': 0.9628, 'precision': 0.5176, 'recall': 0.0836, 'f1': 0.144, 'auc': 0.79}
val: {'epoch': 72, 'loss': 0.1516, 'lr': 0.001, 'params': 782102, 'time_iter': 2.1707, 'accuracy': 0.9803, 'precision': 0.0, 'recall': 0.0, 'f1': 0.0, 'auc': 0.7296}
train: {'epoch': 72, 'eta': 420367.2679, 'loss': 0.128, 'lr': 0.001, 'params': 782102, 'time_iter': 15.2581, 'accuracy': 0.9637, 'precision': 0.5853, 'recall': 0.1031, 'f1': 0.1753, 'auc': 0.7967}
val: {'epoch': 73, 'loss': 0.1504, 'lr': 0.001, 'params': 782102, 'time_iter': 2.0236, 'accuracy': 0.9803, 'precision': 0.0, 'recall': 0.0, 'f1': 0.0, 'auc': 0.7481}
train: {'epoch': 73, 'eta': 404811.2114, 'loss': 0.1292, 'lr': 0.001, 'params': 782102, 'time_iter': 15.1666, 'accuracy': 0.9638, 'precision': 0.5917, 'recall': 0.1047, 'f1': 0.1779, 'auc': 0.7884}
val: {'epoch': 74, 'loss': 0.1492, 'lr': 0.001, 'params': 782102, 'time_iter': 1.9431, 'accuracy': 0.9803, 'precision': 0.0, 'recall': 0.0, 'f1': 0.0, 'auc': 0.6965}
train: {'epoch': 74, 'eta': 389256.922, 'loss': 0.1277, 'lr': 0.001, 'params': 782102, 'time_iter': 15.1757, 'accuracy': 0.9641, 'precision': 0.6327, 'recall': 0.1006, 'f1': 0.1737, 'auc': 0.7961}
val: {'epoch': 75, 'loss': 0.1537, 'lr': 0.001, 'params': 782102, 'time_iter': 2.0977, 'accuracy': 0.9803, 'precision': 0.0, 'recall': 0.0, 'f1': 0.0, 'auc': 0.745}
train: {'epoch': 75, 'eta': 373735.0137, 'loss': 0.1272, 'lr': 0.001, 'params': 782102, 'time_iter': 15.2803, 'accuracy': 0.9639, 'precision': 0.6037, 'recall': 0.1063, 'f1': 0.1808, 'auc': 0.7984}
val: {'epoch': 76, 'loss': 0.1542, 'lr': 0.001, 'params': 782102, 'time_iter': 1.8885, 'accuracy': 0.9803, 'precision': 0.0, 'recall': 0.0, 'f1': 0.0, 'auc': 0.7621}
train: {'epoch': 76, 'eta': 358232.8774, 'loss': 0.1266, 'lr': 0.001, 'params': 782102, 'time_iter': 15.3617, 'accuracy': 0.9641, 'precision': 0.6136, 'recall': 0.1096, 'f1': 0.186, 'auc': 0.8047}
val: {'epoch': 77, 'loss': 0.1551, 'lr': 0.001, 'params': 782102, 'time_iter': 1.8819, 'accuracy': 0.9803, 'precision': 0.0, 'recall': 0.0, 'f1': 0.0, 'auc': 0.7134}
train: {'epoch': 77, 'eta': 342639.4629, 'loss': 0.1262, 'lr': 0.001, 'params': 782102, 'time_iter': 15.0741, 'accuracy': 0.9639, 'precision': 0.6, 'recall': 0.1047, 'f1': 0.1783, 'auc': 0.8049}
val: {'epoch': 78, 'loss': 0.15, 'lr': 0.001, 'params': 782102, 'time_iter': 2.0322, 'accuracy': 0.9803, 'precision': 0.0, 'recall': 0.0, 'f1': 0.0, 'auc': 0.7262}
train: {'epoch': 78, 'eta': 327045.6207, 'loss': 0.125, 'lr': 0.001, 'params': 782102, 'time_iter': 15.065, 'accuracy': 0.965, 'precision': 0.6872, 'recall': 0.1177, 'f1': 0.201, 'auc': 0.8024}
val: {'epoch': 79, 'loss': 0.1571, 'lr': 0.001, 'params': 782102, 'time_iter': 1.9026, 'accuracy': 0.9803, 'precision': 0.0, 'recall': 0.0, 'f1': 0.0, 'auc': 0.6933}
train: {'epoch': 79, 'eta': 311458.8535, 'loss': 0.1248, 'lr': 0.001, 'params': 782102, 'time_iter': 15.0835, 'accuracy': 0.9649, 'precision': 0.661, 'recall': 0.1266, 'f1': 0.2125, 'auc': 0.8074}
val: {'epoch': 80, 'loss': 0.1579, 'lr': 0.001, 'params': 782102, 'time_iter': 1.8926, 'accuracy': 0.9803, 'precision': 0.0, 'recall': 0.0, 'f1': 0.0, 'auc': 0.7302}
train: {'epoch': 80, 'eta': 295913.6831, 'loss': 0.1258, 'lr': 0.001, 'params': 782102, 'time_iter': 15.2491, 'accuracy': 0.965, 'precision': 0.6752, 'recall': 0.1282, 'f1': 0.2156, 'auc': 0.7972}
val: {'epoch': 81, 'loss': 0.1572, 'lr': 0.001, 'params': 782102, 'time_iter': 2.0716, 'accuracy': 0.9803, 'precision': 0.0, 'recall': 0.0, 'f1': 0.0, 'auc': 0.7244}
train: {'epoch': 81, 'eta': 280351.6867, 'loss': 0.1246, 'lr': 0.001, 'params': 782102, 'time_iter': 15.1904, 'accuracy': 0.9648, 'precision': 0.6443, 'recall': 0.1323, 'f1': 0.2195, 'auc': 0.8073}
val: {'epoch': 82, 'loss': 0.1577, 'lr': 0.001, 'params': 782102, 'time_iter': 1.9529, 'accuracy': 0.9803, 'precision': 0.0, 'recall': 0.0, 'f1': 0.0, 'auc': 0.698}
train: {'epoch': 82, 'eta': 264784.8658, 'loss': 0.1239, 'lr': 0.001, 'params': 782102, 'time_iter': 15.1754, 'accuracy': 0.9651, 'precision': 0.6707, 'recall': 0.1339, 'f1': 0.2233, 'auc': 0.8092}
val: {'epoch': 83, 'loss': 0.157, 'lr': 0.001, 'params': 782102, 'time_iter': 1.9543, 'accuracy': 0.9803, 'precision': 0.0, 'recall': 0.0, 'f1': 0.0, 'auc': 0.7165}
train: {'epoch': 83, 'eta': 249192.8514, 'loss': 0.124, 'lr': 0.001, 'params': 782102, 'time_iter': 15.0528, 'accuracy': 0.9646, 'precision': 0.6314, 'recall': 0.1307, 'f1': 0.2165, 'auc': 0.8137}
val: {'epoch': 84, 'loss': 0.1628, 'lr': 0.001, 'params': 782102, 'time_iter': 1.998, 'accuracy': 0.9803, 'precision': 0.0, 'recall': 0.0, 'f1': 0.0, 'auc': 0.7058}
train: {'epoch': 84, 'eta': 233628.0692, 'loss': 0.1266, 'lr': 0.001, 'params': 782102, 'time_iter': 15.1894, 'accuracy': 0.9638, 'precision': 0.6085, 'recall': 0.0933, 'f1': 0.1619, 'auc': 0.8039}
val: {'epoch': 85, 'loss': 0.1662, 'lr': 0.001, 'params': 782102, 'time_iter': 2.4043, 'accuracy': 0.9803, 'precision': 0.0, 'recall': 0.0, 'f1': 0.0, 'auc': 0.7064}
train: {'epoch': 85, 'eta': 218062.5157, 'loss': 0.1267, 'lr': 0.001, 'params': 782102, 'time_iter': 15.1939, 'accuracy': 0.9641, 'precision': 0.6308, 'recall': 0.0998, 'f1': 0.1724, 'auc': 0.8051}
val: {'epoch': 86, 'loss': 0.1579, 'lr': 0.001, 'params': 782102, 'time_iter': 1.9593, 'accuracy': 0.9803, 'precision': 0.0, 'recall': 0.0, 'f1': 0.0, 'auc': 0.6933}
train: {'epoch': 86, 'eta': 202477.3055, 'loss': 0.1249, 'lr': 0.001, 'params': 782102, 'time_iter': 15.0763, 'accuracy': 0.9649, 'precision': 0.6726, 'recall': 0.1218, 'f1': 0.2062, 'auc': 0.8087}
val: {'epoch': 87, 'loss': 0.1622, 'lr': 0.001, 'params': 782102, 'time_iter': 1.9899, 'accuracy': 0.9803, 'precision': 0.0, 'recall': 0.0, 'f1': 0.0, 'auc': 0.6629}
train: {'epoch': 87, 'eta': 186922.3485, 'loss': 0.1232, 'lr': 0.001, 'params': 782102, 'time_iter': 15.2803, 'accuracy': 0.9651, 'precision': 0.6641, 'recall': 0.138, 'f1': 0.2285, 'auc': 0.8151}
val: {'epoch': 88, 'loss': 0.1625, 'lr': 0.001, 'params': 782102, 'time_iter': 2.3452, 'accuracy': 0.9803, 'precision': 0.0, 'recall': 0.0, 'f1': 0.0, 'auc': 0.7462}
train: {'epoch': 88, 'eta': 171358.4127, 'loss': 0.1235, 'lr': 0.001, 'params': 782102, 'time_iter': 15.2395, 'accuracy': 0.9649, 'precision': 0.657, 'recall': 0.1291, 'f1': 0.2157, 'auc': 0.8102}
val: {'epoch': 89, 'loss': 0.1704, 'lr': 0.001, 'params': 782102, 'time_iter': 1.9399, 'accuracy': 0.9803, 'precision': 0.0, 'recall': 0.0, 'f1': 0.0, 'auc': 0.7355}
train: {'epoch': 89, 'eta': 155774.1188, 'loss': 0.123, 'lr': 0.001, 'params': 782102, 'time_iter': 15.0843, 'accuracy': 0.9653, 'precision': 0.6731, 'recall': 0.142, 'f1': 0.2346, 'auc': 0.8143}
val: {'epoch': 90, 'loss': 0.1644, 'lr': 0.001, 'params': 782102, 'time_iter': 1.9827, 'accuracy': 0.9803, 'precision': 0.0, 'recall': 0.0, 'f1': 0.0, 'auc': 0.6686}
train: {'epoch': 90, 'eta': 140214.6003, 'loss': 0.1222, 'lr': 0.001, 'params': 782102, 'time_iter': 15.3142, 'accuracy': 0.9651, 'precision': 0.6615, 'recall': 0.1396, 'f1': 0.2306, 'auc': 0.8164}
val: {'epoch': 91, 'loss': 0.1661, 'lr': 0.001, 'params': 782102, 'time_iter': 2.5121, 'accuracy': 0.9803, 'precision': 0.0, 'recall': 0.0, 'f1': 0.0, 'auc': 0.6574}
train: {'epoch': 91, 'eta': 124649.9315, 'loss': 0.1215, 'lr': 0.001, 'params': 782102, 'time_iter': 15.305, 'accuracy': 0.9653, 'precision': 0.6655, 'recall': 0.1485, 'f1': 0.2429, 'auc': 0.8188}
val: {'epoch': 92, 'loss': 0.165, 'lr': 0.001, 'params': 782102, 'time_iter': 1.9866, 'accuracy': 0.9803, 'precision': 0.0, 'recall': 0.0, 'f1': 0.0, 'auc': 0.7143}
train: {'epoch': 92, 'eta': 109072.2937, 'loss': 0.1235, 'lr': 0.001, 'params': 782102, 'time_iter': 15.1886, 'accuracy': 0.9647, 'precision': 0.634, 'recall': 0.1364, 'f1': 0.2244, 'auc': 0.814}
val: {'epoch': 93, 'loss': 0.1661, 'lr': 0.001, 'params': 782102, 'time_iter': 1.936, 'accuracy': 0.9803, 'precision': 0.0, 'recall': 0.0, 'f1': 0.0, 'auc': 0.6251}
train: {'epoch': 93, 'eta': 93486.6894, 'loss': 0.1245, 'lr': 0.001, 'params': 782102, 'time_iter': 15.084, 'accuracy': 0.9649, 'precision': 0.6653, 'recall': 0.1274, 'f1': 0.2139, 'auc': 0.8043}
val: {'epoch': 94, 'loss': 0.1676, 'lr': 0.001, 'params': 782102, 'time_iter': 1.936, 'accuracy': 0.9803, 'precision': 0.0, 'recall': 0.0, 'f1': 0.0, 'auc': 0.6177}
train: {'epoch': 94, 'eta': 77918.1139, 'loss': 0.1244, 'lr': 0.001, 'params': 782102, 'time_iter': 15.3735, 'accuracy': 0.9648, 'precision': 0.6454, 'recall': 0.1315, 'f1': 0.2185, 'auc': 0.805}
val: {'epoch': 95, 'loss': 0.1719, 'lr': 0.001, 'params': 782102, 'time_iter': 1.9525, 'accuracy': 0.9803, 'precision': 0.0, 'recall': 0.0, 'f1': 0.0, 'auc': 0.7124}
train: {'epoch': 95, 'eta': 62333.4295, 'loss': 0.1235, 'lr': 0.001, 'params': 782102, 'time_iter': 15.1197, 'accuracy': 0.9656, 'precision': 0.6882, 'recall': 0.1469, 'f1': 0.2421, 'auc': 0.8105}
val: {'epoch': 96, 'loss': 0.1746, 'lr': 0.001, 'params': 782102, 'time_iter': 2.0045, 'accuracy': 0.9803, 'precision': 0.0, 'recall': 0.0, 'f1': 0.0, 'auc': 0.6932}
train: {'epoch': 96, 'eta': 46755.1403, 'loss': 0.1267, 'lr': 0.001, 'params': 782102, 'time_iter': 15.3034, 'accuracy': 0.9647, 'precision': 0.6392, 'recall': 0.1323, 'f1': 0.2192, 'auc': 0.7988}
val: {'epoch': 97, 'loss': 0.1686, 'lr': 0.001, 'params': 782102, 'time_iter': 1.9107, 'accuracy': 0.9803, 'precision': 0.0, 'recall': 0.0, 'f1': 0.0, 'auc': 0.7052}
train: {'epoch': 97, 'eta': 31172.0087, 'loss': 0.1246, 'lr': 0.001, 'params': 782102, 'time_iter': 15.237, 'accuracy': 0.9652, 'precision': 0.6667, 'recall': 0.1396, 'f1': 0.2309, 'auc': 0.8078}
val: {'epoch': 98, 'loss': 0.1671, 'lr': 0.001, 'params': 782102, 'time_iter': 1.965, 'accuracy': 0.9803, 'precision': 0.0, 'recall': 0.0, 'f1': 0.0, 'auc': 0.6507}
train: {'epoch': 98, 'eta': 15583.5321, 'loss': 0.123, 'lr': 0.001, 'params': 782102, 'time_iter': 14.9089, 'accuracy': 0.9651, 'precision': 0.65, 'recall': 0.1477, 'f1': 0.2407, 'auc': 0.8087}
val: {'epoch': 99, 'loss': 0.1722, 'lr': 0.001, 'params': 782102, 'time_iter': 1.9603, 'accuracy': 0.9803, 'precision': 0.0, 'recall': 0.0, 'f1': 0.0, 'auc': 0.6487}
train: {'epoch': 99, 'eta': 0.0, 'loss': 0.1227, 'lr': 0.001, 'params': 782102, 'time_iter': 15.1096, 'accuracy': 0.9656, 'precision': 0.6774, 'recall': 0.1534, 'f1': 0.2502, 'auc': 0.8077}
test: {'epoch': 99, 'loss': 0.2789, 'lr': 0.001, 'params': 782102, 'time_iter': 1.783, 'accuracy': 0.9684, 'precision': 0.0, 'recall': 0.0, 'f1': 0.0, 'auc': 0.6794}
test: {'epoch': 76, 'loss': 0.2494, 'lr': 0.001, 'params': 782102, 'time_iter': 1.7282, 'accuracy': 0.9684, 'precision': 0.0, 'recall': 0.0, 'f1': 0.0, 'auc': 0.7049}
