GraphGymModule(
  (model): DilatedGNNModel(
    (encoder): FeatureEncoder(
      (node_encoder): AtomEncoder(
        (atom_embedding_list): ModuleList(
          (0): Embedding(119, 300)
          (1): Embedding(4, 300)
          (2): Embedding(12, 300)
          (3): Embedding(12, 300)
          (4): Embedding(10, 300)
          (5): Embedding(6, 300)
          (6): Embedding(6, 300)
          (7): Embedding(2, 300)
          (8): Embedding(2, 300)
        )
      )
      (edge_encoder): BondEncoder(
        (bond_embedding_list): ModuleList(
          (0): Embedding(5, 300)
          (1): Embedding(6, 300)
          (2): Embedding(2, 300)
        )
      )
    )
    (mp): GNNDilatedStage(
      (classic_layers): ModuleList(
        (0): GeneralLayer(
          (layer): EGINConv(
            (model): GINEConv(nn=Sequential(
              (0): Linear(300, 300, bias=True)
              (1): ReLU()
              (2): Linear(300, 300, bias=True)
            ))
          )
          (post_layer): Sequential(
            (0): BatchNorm1d(300, eps=1e-05, momentum=0.1, affine=True, track_running_stats=True)
            (1): Dropout(p=0.5, inplace=False)
            (2): ReLU()
          )
        )
      )
      (dilated_layers): ModuleList(
        (0): DilatedGeneralLayer(
          (layer): EGINConv(
            (model): GINEConv(nn=Sequential(
              (0): Linear(300, 300, bias=True)
              (1): ReLU()
              (2): Linear(300, 300, bias=True)
            ))
          )
          (post_layer): Sequential(
            (0): BatchNorm1d(300, eps=1e-05, momentum=0.1, affine=True, track_running_stats=True)
            (1): Dropout(p=0.5, inplace=False)
            (2): ReLU()
          )
          (gem): GeM(p=3.0000, eps=1e-06)
        )
      )
      (act): ReLU()
    )
    (post_mp): GNNGraphHead(
      (layer_post_mp): MLP(
        (model): Sequential(
          (0): Linear(
            (model): Linear(300, 1, bias=True)
          )
        )
      )
    )
  )
)
accelerator: cuda
benchmark: False
bn:
  eps: 1e-05
  mom: 0.1
cfg_dest: config.yaml
custom_metrics: []
dataset:
  cache_load: False
  cache_save: False
  dir: ./datasets
  edge_dim: 300
  edge_encoder: True
  edge_encoder_bn: False
  edge_encoder_name: Bond
  edge_message_ratio: 0.8
  edge_negative_sampling_ratio: 1.0
  edge_train_mode: all
  encoder: True
  encoder_bn: True
  encoder_dim: 128
  encoder_name: db
  fast_loader: False
  format: OGB
  label_column: none
  label_table: none
  location: local
  name: ogbg-molhiv
  node_encoder: True
  node_encoder_bn: False
  node_encoder_name: Atom
  remove_feature: False
  resample_disjoint: False
  resample_negative: False
  shuffle_split: True
  split: [0.8, 0.1, 0.1]
  split_mode: random
  task: graph
  task_type: classification
  to_undirected: False
  transductive: False
  transform: none
  tu_simple: True
devices: 1
gnn:
  act: relu
  act_on_last_layer_mp: False
  agg: none
  att_final_linear: False
  att_final_linear_bn: False
  att_heads: 1
  batchnorm: True
  clear_feature: True
  dilated_path_join: add
  dim_inner: 300
  dropout: 0.5
  head: graph
  keep_edge: 0.5
  l2norm: True
  layer_type: eginconv
  layers_k1: 1
  layers_k2: 1
  layers_mp: 5
  layers_post_mp: 1
  layers_pre_mp: 0
  learn_alpha_residual_connection: False
  msg_direction: single
  normalize_adj: False
  self_msg: concat
  skip_every: 1
  stage_type: stack
  use_edge_features: True
gpu_mem: False
mem:
  inplace: False
metric_agg: argmax
metric_best: auc
model:
  edge_decoding: dot
  graph_pooling: mean
  loss_fun: cross_entropy
  match_upper: True
  size_average: mean
  thresh: 0.5
  type: dilated_gnn
num_threads: 6
num_workers: 16
optim:
  base_lr: 0.001
  lr_decay: 0.1
  max_epoch: 100
  momentum: 0.9
  optimizer: adam
  scheduler: none
  steps: [30, 60, 90]
  weight_decay: 0.0
out_dir: results_experiments/ogbg_molhiv_baseline_grid_design/ogbg_molhiv_baseline-type=dilated_gnn-layer_type=eginconv-layers_k1=1-layers_k2=1-dilated_path_join=add-learn_alpha_residual_connection=False
print: both
round: 4
run_dir: results_experiments/ogbg_molhiv_baseline_grid_design/ogbg_molhiv_baseline-type=dilated_gnn-layer_type=eginconv-layers_k1=1-layers_k2=1-dilated_path_join=add-learn_alpha_residual_connection=False/0
seed: 1
share:
  dim_in: 9
  dim_out: 2
  num_splits: 3
tensorboard_agg: True
tensorboard_each_run: False
train:
  auto_resume: False
  batch_size: 32
  ckpt_clean: True
  ckpt_period: 100
  enable_ckpt: True
  epoch_resume: -1
  eval_period: 1
  iter_per_epoch: 32
  neighbor_sizes: [20, 15, 10, 5]
  node_per_graph: 32
  radius: extend
  sample_node: False
  sampler: full_batch
  skip_train_eval: False
  walk_length: 4
val:
  node_per_graph: 32
  radius: extend
  sample_node: False
  sampler: full_batch
view_emb: False
Num parameters: 599102
val: {'epoch': 0, 'loss': 0.786, 'lr': 0.001, 'params': 599102, 'time_iter': 2.0734, 'accuracy': 0.0156, 'precision': 0.0156, 'recall': 1.0, 'f1': 0.0308, 'auc': 0.3016}
val: {'epoch': 0, 'loss': 0.0975, 'lr': 0.001, 'params': 599102, 'time_iter': 1.3974, 'accuracy': 0.9803, 'precision': 0.0, 'recall': 0.0, 'f1': 0.0, 'auc': 0.6092}
train: {'epoch': 0, 'eta': 993342.516, 'loss': 0.1777, 'lr': 0.001, 'params': 599102, 'time_iter': 9.751, 'accuracy': 0.9595, 'precision': 0.0099, 'recall': 0.0008, 'f1': 0.0015, 'auc': 0.5675}
val: {'epoch': 1, 'loss': 0.0935, 'lr': 0.001, 'params': 599102, 'time_iter': 1.3997, 'accuracy': 0.9803, 'precision': 0.0, 'recall': 0.0, 'f1': 0.0, 'auc': 0.6633}
train: {'epoch': 1, 'eta': 977752.0846, 'loss': 0.1529, 'lr': 0.001, 'params': 599102, 'time_iter': 9.6408, 'accuracy': 0.9626, 'precision': 0.0, 'recall': 0.0, 'f1': 0.0, 'auc': 0.6696}
val: {'epoch': 2, 'loss': 0.0937, 'lr': 0.001, 'params': 599102, 'time_iter': 1.542, 'accuracy': 0.9793, 'precision': 0.0, 'recall': 0.0, 'f1': 0.0, 'auc': 0.6928}
train: {'epoch': 2, 'eta': 963118.0054, 'loss': 0.1473, 'lr': 0.001, 'params': 599102, 'time_iter': 9.5559, 'accuracy': 0.9626, 'precision': 1.0, 'recall': 0.0008, 'f1': 0.0016, 'auc': 0.7177}
val: {'epoch': 3, 'loss': 0.0842, 'lr': 0.001, 'params': 599102, 'time_iter': 1.3946, 'accuracy': 0.9805, 'precision': 0.6667, 'recall': 0.0247, 'f1': 0.0476, 'auc': 0.7742}
train: {'epoch': 3, 'eta': 955477.0948, 'loss': 0.1426, 'lr': 0.001, 'params': 599102, 'time_iter': 9.7419, 'accuracy': 0.9626, 'precision': 0.5, 'recall': 0.0041, 'f1': 0.0081, 'auc': 0.7407}
val: {'epoch': 4, 'loss': 0.0839, 'lr': 0.001, 'params': 599102, 'time_iter': 1.332, 'accuracy': 0.981, 'precision': 0.7143, 'recall': 0.0617, 'f1': 0.1136, 'auc': 0.7769}
train: {'epoch': 4, 'eta': 943966.9474, 'loss': 0.1401, 'lr': 0.001, 'params': 599102, 'time_iter': 9.5927, 'accuracy': 0.9622, 'precision': 0.3243, 'recall': 0.0097, 'f1': 0.0189, 'auc': 0.7464}
val: {'epoch': 5, 'loss': 0.0819, 'lr': 0.001, 'params': 599102, 'time_iter': 1.382, 'accuracy': 0.982, 'precision': 0.8182, 'recall': 0.1111, 'f1': 0.1957, 'auc': 0.7715}
train: {'epoch': 5, 'eta': 935375.0582, 'loss': 0.1373, 'lr': 0.001, 'params': 599102, 'time_iter': 9.7399, 'accuracy': 0.9623, 'precision': 0.4242, 'recall': 0.0227, 'f1': 0.0431, 'auc': 0.754}
val: {'epoch': 6, 'loss': 0.0843, 'lr': 0.001, 'params': 599102, 'time_iter': 1.3829, 'accuracy': 0.9798, 'precision': 0.4545, 'recall': 0.1235, 'f1': 0.1942, 'auc': 0.7364}
train: {'epoch': 6, 'eta': 926358.7098, 'loss': 0.1349, 'lr': 0.001, 'params': 599102, 'time_iter': 9.7387, 'accuracy': 0.9625, 'precision': 0.4943, 'recall': 0.0349, 'f1': 0.0652, 'auc': 0.7679}
val: {'epoch': 7, 'loss': 0.0784, 'lr': 0.001, 'params': 599102, 'time_iter': 1.383, 'accuracy': 0.9823, 'precision': 0.9, 'recall': 0.1111, 'f1': 0.1978, 'auc': 0.7826}
train: {'epoch': 7, 'eta': 917446.3213, 'loss': 0.1326, 'lr': 0.001, 'params': 599102, 'time_iter': 9.7687, 'accuracy': 0.963, 'precision': 0.5784, 'recall': 0.0479, 'f1': 0.0885, 'auc': 0.7753}
val: {'epoch': 8, 'loss': 0.0813, 'lr': 0.001, 'params': 599102, 'time_iter': 1.4001, 'accuracy': 0.9805, 'precision': 0.5263, 'recall': 0.1235, 'f1': 0.2, 'auc': 0.7955}
train: {'epoch': 8, 'eta': 906846.4735, 'loss': 0.1316, 'lr': 0.001, 'params': 599102, 'time_iter': 9.6309, 'accuracy': 0.9628, 'precision': 0.5357, 'recall': 0.0487, 'f1': 0.0893, 'auc': 0.7816}
val: {'epoch': 9, 'loss': 0.0797, 'lr': 0.001, 'params': 599102, 'time_iter': 1.7792, 'accuracy': 0.9803, 'precision': 0.5, 'recall': 0.1605, 'f1': 0.243, 'auc': 0.7911}
train: {'epoch': 9, 'eta': 899829.8571, 'loss': 0.1302, 'lr': 0.001, 'params': 599102, 'time_iter': 10.0029, 'accuracy': 0.963, 'precision': 0.55, 'recall': 0.0714, 'f1': 0.1264, 'auc': 0.7839}
val: {'epoch': 10, 'loss': 0.0768, 'lr': 0.001, 'params': 599102, 'time_iter': 1.3851, 'accuracy': 0.9808, 'precision': 0.5556, 'recall': 0.1235, 'f1': 0.202, 'auc': 0.7885}
train: {'epoch': 10, 'eta': 892385.1302, 'loss': 0.1281, 'lr': 0.001, 'params': 599102, 'time_iter': 10.023, 'accuracy': 0.9634, 'precision': 0.5805, 'recall': 0.082, 'f1': 0.1437, 'auc': 0.7878}
val: {'epoch': 11, 'loss': 0.0995, 'lr': 0.001, 'params': 599102, 'time_iter': 1.3682, 'accuracy': 0.9801, 'precision': 0.0, 'recall': 0.0, 'f1': 0.0, 'auc': 0.7517}
train: {'epoch': 11, 'eta': 882059.6365, 'loss': 0.1272, 'lr': 0.001, 'params': 599102, 'time_iter': 9.7046, 'accuracy': 0.9629, 'precision': 0.5345, 'recall': 0.0755, 'f1': 0.1323, 'auc': 0.7965}
val: {'epoch': 12, 'loss': 0.0821, 'lr': 0.001, 'params': 599102, 'time_iter': 1.3855, 'accuracy': 0.9798, 'precision': 0.4583, 'recall': 0.1358, 'f1': 0.2095, 'auc': 0.7743}
train: {'epoch': 12, 'eta': 873055.0677, 'loss': 0.1267, 'lr': 0.001, 'params': 599102, 'time_iter': 9.8889, 'accuracy': 0.9636, 'precision': 0.5873, 'recall': 0.0901, 'f1': 0.1562, 'auc': 0.8015}
val: {'epoch': 13, 'loss': 0.0755, 'lr': 0.001, 'params': 599102, 'time_iter': 1.3598, 'accuracy': 0.9813, 'precision': 0.6429, 'recall': 0.1111, 'f1': 0.1895, 'auc': 0.7962}
train: {'epoch': 13, 'eta': 864483.0224, 'loss': 0.1262, 'lr': 0.001, 'params': 599102, 'time_iter': 9.9838, 'accuracy': 0.9643, 'precision': 0.6436, 'recall': 0.1055, 'f1': 0.1813, 'auc': 0.7989}
val: {'epoch': 14, 'loss': 0.0787, 'lr': 0.001, 'params': 599102, 'time_iter': 1.4497, 'accuracy': 0.9803, 'precision': 0.5, 'recall': 0.1481, 'f1': 0.2286, 'auc': 0.793}
train: {'epoch': 14, 'eta': 853830.8563, 'loss': 0.1236, 'lr': 0.001, 'params': 599102, 'time_iter': 9.6659, 'accuracy': 0.9647, 'precision': 0.6456, 'recall': 0.1242, 'f1': 0.2083, 'auc': 0.8094}
val: {'epoch': 15, 'loss': 0.0779, 'lr': 0.001, 'params': 599102, 'time_iter': 1.4123, 'accuracy': 0.9805, 'precision': 0.5185, 'recall': 0.1728, 'f1': 0.2593, 'auc': 0.7975}
train: {'epoch': 15, 'eta': 844667.664, 'loss': 0.1231, 'lr': 0.001, 'params': 599102, 'time_iter': 9.9252, 'accuracy': 0.9647, 'precision': 0.6434, 'recall': 0.1274, 'f1': 0.2127, 'auc': 0.8134}
val: {'epoch': 16, 'loss': 0.0808, 'lr': 0.001, 'params': 599102, 'time_iter': 1.6394, 'accuracy': 0.9803, 'precision': 0.5, 'recall': 0.1852, 'f1': 0.2703, 'auc': 0.7921}
train: {'epoch': 16, 'eta': 834306.1214, 'loss': 0.1221, 'lr': 0.001, 'params': 599102, 'time_iter': 9.7113, 'accuracy': 0.9645, 'precision': 0.6275, 'recall': 0.1258, 'f1': 0.2096, 'auc': 0.8134}
val: {'epoch': 17, 'loss': 0.0779, 'lr': 0.001, 'params': 599102, 'time_iter': 1.4372, 'accuracy': 0.982, 'precision': 0.64, 'recall': 0.1975, 'f1': 0.3019, 'auc': 0.7948}
train: {'epoch': 17, 'eta': 827933.0365, 'loss': 0.1211, 'lr': 0.001, 'params': 599102, 'time_iter': 10.5534, 'accuracy': 0.9649, 'precision': 0.6475, 'recall': 0.1372, 'f1': 0.2264, 'auc': 0.8155}
val: {'epoch': 18, 'loss': 0.0751, 'lr': 0.001, 'params': 599102, 'time_iter': 1.4027, 'accuracy': 0.983, 'precision': 0.72, 'recall': 0.2222, 'f1': 0.3396, 'auc': 0.7985}
train: {'epoch': 18, 'eta': 817871.3741, 'loss': 0.1202, 'lr': 0.001, 'params': 599102, 'time_iter': 9.8202, 'accuracy': 0.9655, 'precision': 0.6678, 'recall': 0.155, 'f1': 0.2516, 'auc': 0.8146}
val: {'epoch': 19, 'loss': 0.0766, 'lr': 0.001, 'params': 599102, 'time_iter': 1.3545, 'accuracy': 0.9815, 'precision': 0.6, 'recall': 0.1852, 'f1': 0.283, 'auc': 0.8072}
train: {'epoch': 19, 'eta': 807436.1788, 'loss': 0.1193, 'lr': 0.001, 'params': 599102, 'time_iter': 9.7305, 'accuracy': 0.9654, 'precision': 0.6729, 'recall': 0.1453, 'f1': 0.239, 'auc': 0.8226}
val: {'epoch': 20, 'loss': 0.078, 'lr': 0.001, 'params': 599102, 'time_iter': 1.4043, 'accuracy': 0.9818, 'precision': 0.625, 'recall': 0.1852, 'f1': 0.2857, 'auc': 0.804}
train: {'epoch': 20, 'eta': 797567.7083, 'loss': 0.1182, 'lr': 0.001, 'params': 599102, 'time_iter': 9.8665, 'accuracy': 0.9664, 'precision': 0.6966, 'recall': 0.1826, 'f1': 0.2894, 'auc': 0.8238}
val: {'epoch': 21, 'loss': 0.075, 'lr': 0.001, 'params': 599102, 'time_iter': 1.3693, 'accuracy': 0.9823, 'precision': 0.6333, 'recall': 0.2346, 'f1': 0.3423, 'auc': 0.8007}
train: {'epoch': 21, 'eta': 788010.7413, 'loss': 0.1177, 'lr': 0.001, 'params': 599102, 'time_iter': 9.959, 'accuracy': 0.9658, 'precision': 0.6677, 'recall': 0.1729, 'f1': 0.2747, 'auc': 0.8283}
val: {'epoch': 22, 'loss': 0.0775, 'lr': 0.001, 'params': 599102, 'time_iter': 1.4005, 'accuracy': 0.9813, 'precision': 0.5588, 'recall': 0.2346, 'f1': 0.3304, 'auc': 0.8004}
train: {'epoch': 22, 'eta': 778185.7363, 'loss': 0.1167, 'lr': 0.001, 'params': 599102, 'time_iter': 9.8986, 'accuracy': 0.9662, 'precision': 0.6909, 'recall': 0.1778, 'f1': 0.2828, 'auc': 0.8292}
val: {'epoch': 23, 'loss': 0.0831, 'lr': 0.001, 'params': 599102, 'time_iter': 1.8863, 'accuracy': 0.9815, 'precision': 0.7273, 'recall': 0.0988, 'f1': 0.1739, 'auc': 0.8067}
train: {'epoch': 23, 'eta': 768968.8181, 'loss': 0.1155, 'lr': 0.001, 'params': 599102, 'time_iter': 10.0944, 'accuracy': 0.9668, 'precision': 0.7035, 'recall': 0.1964, 'f1': 0.3071, 'auc': 0.8366}
val: {'epoch': 24, 'loss': 0.0753, 'lr': 0.001, 'params': 599102, 'time_iter': 1.3856, 'accuracy': 0.9844, 'precision': 0.9048, 'recall': 0.2346, 'f1': 0.3725, 'auc': 0.7914}
train: {'epoch': 24, 'eta': 760209.0318, 'loss': 0.1151, 'lr': 0.001, 'params': 599102, 'time_iter': 10.2728, 'accuracy': 0.9665, 'precision': 0.6804, 'recall': 0.2005, 'f1': 0.3097, 'auc': 0.8355}
val: {'epoch': 25, 'loss': 0.0767, 'lr': 0.001, 'params': 599102, 'time_iter': 1.4065, 'accuracy': 0.982, 'precision': 0.6061, 'recall': 0.2469, 'f1': 0.3509, 'auc': 0.8073}
train: {'epoch': 25, 'eta': 750521.9542, 'loss': 0.1138, 'lr': 0.001, 'params': 599102, 'time_iter': 10.0038, 'accuracy': 0.9672, 'precision': 0.7104, 'recall': 0.211, 'f1': 0.3254, 'auc': 0.8437}
val: {'epoch': 26, 'loss': 0.0819, 'lr': 0.001, 'params': 599102, 'time_iter': 1.3688, 'accuracy': 0.9813, 'precision': 0.7, 'recall': 0.0864, 'f1': 0.1538, 'auc': 0.8048}
train: {'epoch': 26, 'eta': 740736.3545, 'loss': 0.1144, 'lr': 0.001, 'params': 599102, 'time_iter': 9.9845, 'accuracy': 0.9667, 'precision': 0.6856, 'recall': 0.2054, 'f1': 0.3161, 'auc': 0.8402}
val: {'epoch': 27, 'loss': 0.0781, 'lr': 0.001, 'params': 599102, 'time_iter': 1.4108, 'accuracy': 0.9813, 'precision': 0.6, 'recall': 0.1481, 'f1': 0.2376, 'auc': 0.7924}
train: {'epoch': 27, 'eta': 729996.7107, 'loss': 0.1134, 'lr': 0.001, 'params': 599102, 'time_iter': 9.6372, 'accuracy': 0.9681, 'precision': 0.7401, 'recall': 0.2265, 'f1': 0.3468, 'auc': 0.8417}
val: {'epoch': 28, 'loss': 0.0978, 'lr': 0.001, 'params': 599102, 'time_iter': 1.3807, 'accuracy': 0.973, 'precision': 0.2973, 'recall': 0.2716, 'f1': 0.2839, 'auc': 0.797}
train: {'epoch': 28, 'eta': 719836.9633, 'loss': 0.1127, 'lr': 0.001, 'params': 599102, 'time_iter': 9.8448, 'accuracy': 0.9681, 'precision': 0.7328, 'recall': 0.2338, 'f1': 0.3545, 'auc': 0.8435}
val: {'epoch': 29, 'loss': 0.0766, 'lr': 0.001, 'params': 599102, 'time_iter': 1.3751, 'accuracy': 0.982, 'precision': 0.64, 'recall': 0.1975, 'f1': 0.3019, 'auc': 0.7957}
train: {'epoch': 29, 'eta': 710066.254, 'loss': 0.1111, 'lr': 0.001, 'params': 599102, 'time_iter': 10.006, 'accuracy': 0.9683, 'precision': 0.722, 'recall': 0.2508, 'f1': 0.3723, 'auc': 0.8506}
val: {'epoch': 30, 'loss': 0.0755, 'lr': 0.001, 'params': 599102, 'time_iter': 1.661, 'accuracy': 0.9832, 'precision': 0.6667, 'recall': 0.2963, 'f1': 0.4103, 'auc': 0.8126}
train: {'epoch': 30, 'eta': 700812.2483, 'loss': 0.112, 'lr': 0.001, 'params': 599102, 'time_iter': 10.2464, 'accuracy': 0.9678, 'precision': 0.7176, 'recall': 0.2289, 'f1': 0.3471, 'auc': 0.8471}
val: {'epoch': 31, 'loss': 0.0813, 'lr': 0.001, 'params': 599102, 'time_iter': 1.4007, 'accuracy': 0.9813, 'precision': 0.5714, 'recall': 0.1975, 'f1': 0.2936, 'auc': 0.7954}
train: {'epoch': 31, 'eta': 691434.1747, 'loss': 0.111, 'lr': 0.001, 'params': 599102, 'time_iter': 10.2265, 'accuracy': 0.9678, 'precision': 0.7108, 'recall': 0.2354, 'f1': 0.3537, 'auc': 0.8512}
val: {'epoch': 32, 'loss': 0.077, 'lr': 0.001, 'params': 599102, 'time_iter': 1.3631, 'accuracy': 0.981, 'precision': 0.5429, 'recall': 0.2346, 'f1': 0.3276, 'auc': 0.8112}
train: {'epoch': 32, 'eta': 681265.4216, 'loss': 0.1109, 'lr': 0.001, 'params': 599102, 'time_iter': 9.8813, 'accuracy': 0.968, 'precision': 0.7089, 'recall': 0.2451, 'f1': 0.3643, 'auc': 0.854}
val: {'epoch': 33, 'loss': 0.0811, 'lr': 0.001, 'params': 599102, 'time_iter': 1.3855, 'accuracy': 0.9805, 'precision': 0.5161, 'recall': 0.1975, 'f1': 0.2857, 'auc': 0.8019}
train: {'epoch': 33, 'eta': 671319.7142, 'loss': 0.1104, 'lr': 0.001, 'params': 599102, 'time_iter': 9.9929, 'accuracy': 0.9683, 'precision': 0.7193, 'recall': 0.2516, 'f1': 0.3728, 'auc': 0.8534}
val: {'epoch': 34, 'loss': 0.0788, 'lr': 0.001, 'params': 599102, 'time_iter': 1.381, 'accuracy': 0.9818, 'precision': 0.6154, 'recall': 0.1975, 'f1': 0.2991, 'auc': 0.8178}
train: {'epoch': 34, 'eta': 661529.9953, 'loss': 0.1089, 'lr': 0.001, 'params': 599102, 'time_iter': 10.0846, 'accuracy': 0.9687, 'precision': 0.7258, 'recall': 0.2622, 'f1': 0.3852, 'auc': 0.8564}
val: {'epoch': 35, 'loss': 0.0797, 'lr': 0.001, 'params': 599102, 'time_iter': 1.3653, 'accuracy': 0.981, 'precision': 0.5484, 'recall': 0.2099, 'f1': 0.3036, 'auc': 0.8112}
train: {'epoch': 35, 'eta': 651433.7019, 'loss': 0.1084, 'lr': 0.001, 'params': 599102, 'time_iter': 9.9349, 'accuracy': 0.9688, 'precision': 0.7305, 'recall': 0.2662, 'f1': 0.3902, 'auc': 0.8591}
val: {'epoch': 36, 'loss': 0.0793, 'lr': 0.001, 'params': 599102, 'time_iter': 1.3589, 'accuracy': 0.9815, 'precision': 0.5714, 'recall': 0.2469, 'f1': 0.3448, 'auc': 0.7905}
train: {'epoch': 36, 'eta': 641203.4482, 'loss': 0.1078, 'lr': 0.001, 'params': 599102, 'time_iter': 9.8623, 'accuracy': 0.9691, 'precision': 0.7348, 'recall': 0.2744, 'f1': 0.3995, 'auc': 0.8633}
val: {'epoch': 37, 'loss': 0.0789, 'lr': 0.001, 'params': 599102, 'time_iter': 1.6285, 'accuracy': 0.9813, 'precision': 0.5769, 'recall': 0.1852, 'f1': 0.2804, 'auc': 0.8148}
train: {'epoch': 37, 'eta': 631441.0051, 'loss': 0.1079, 'lr': 0.001, 'params': 599102, 'time_iter': 10.1384, 'accuracy': 0.9691, 'precision': 0.7368, 'recall': 0.2727, 'f1': 0.3981, 'auc': 0.8627}
val: {'epoch': 38, 'loss': 0.0806, 'lr': 0.001, 'params': 599102, 'time_iter': 1.3751, 'accuracy': 0.982, 'precision': 0.6667, 'recall': 0.1728, 'f1': 0.2745, 'auc': 0.8023}
train: {'epoch': 38, 'eta': 622307.8813, 'loss': 0.1061, 'lr': 0.001, 'params': 599102, 'time_iter': 10.5508, 'accuracy': 0.97, 'precision': 0.7629, 'recall': 0.2873, 'f1': 0.4175, 'auc': 0.8701}
val: {'epoch': 39, 'loss': 0.0845, 'lr': 0.001, 'params': 599102, 'time_iter': 1.3585, 'accuracy': 0.9801, 'precision': 0.4615, 'recall': 0.0741, 'f1': 0.1277, 'auc': 0.7952}
train: {'epoch': 39, 'eta': 611589.5205, 'loss': 0.1056, 'lr': 0.001, 'params': 599102, 'time_iter': 9.5796, 'accuracy': 0.9694, 'precision': 0.7339, 'recall': 0.2865, 'f1': 0.4121, 'auc': 0.8719}
val: {'epoch': 40, 'loss': 0.0837, 'lr': 0.001, 'params': 599102, 'time_iter': 1.3775, 'accuracy': 0.9803, 'precision': 0.5, 'recall': 0.2593, 'f1': 0.3415, 'auc': 0.7985}
train: {'epoch': 40, 'eta': 601281.538, 'loss': 0.1064, 'lr': 0.001, 'params': 599102, 'time_iter': 9.8283, 'accuracy': 0.9687, 'precision': 0.7295, 'recall': 0.2606, 'f1': 0.384, 'auc': 0.8699}
val: {'epoch': 41, 'loss': 0.0844, 'lr': 0.001, 'params': 599102, 'time_iter': 1.3766, 'accuracy': 0.9791, 'precision': 0.4286, 'recall': 0.1852, 'f1': 0.2586, 'auc': 0.8181}
train: {'epoch': 41, 'eta': 591130.1105, 'loss': 0.1054, 'lr': 0.001, 'params': 599102, 'time_iter': 9.932, 'accuracy': 0.9692, 'precision': 0.7311, 'recall': 0.2825, 'f1': 0.4075, 'auc': 0.8715}
val: {'epoch': 42, 'loss': 0.079, 'lr': 0.001, 'params': 599102, 'time_iter': 1.4058, 'accuracy': 0.9808, 'precision': 0.5556, 'recall': 0.1235, 'f1': 0.202, 'auc': 0.8053}
train: {'epoch': 42, 'eta': 581083.2196, 'loss': 0.1053, 'lr': 0.001, 'params': 599102, 'time_iter': 10.011, 'accuracy': 0.9691, 'precision': 0.7284, 'recall': 0.2808, 'f1': 0.4054, 'auc': 0.8736}
val: {'epoch': 43, 'loss': 0.0808, 'lr': 0.001, 'params': 599102, 'time_iter': 1.3895, 'accuracy': 0.981, 'precision': 0.5882, 'recall': 0.1235, 'f1': 0.2041, 'auc': 0.7995}
train: {'epoch': 43, 'eta': 571067.6058, 'loss': 0.1046, 'lr': 0.001, 'params': 599102, 'time_iter': 10.0437, 'accuracy': 0.9692, 'precision': 0.7252, 'recall': 0.2849, 'f1': 0.4091, 'auc': 0.8745}
val: {'epoch': 44, 'loss': 0.0812, 'lr': 0.001, 'params': 599102, 'time_iter': 1.7447, 'accuracy': 0.9808, 'precision': 0.55, 'recall': 0.1358, 'f1': 0.2178, 'auc': 0.7998}
train: {'epoch': 44, 'eta': 560802.945, 'loss': 0.1039, 'lr': 0.001, 'params': 599102, 'time_iter': 9.8569, 'accuracy': 0.9699, 'precision': 0.751, 'recall': 0.2938, 'f1': 0.4224, 'auc': 0.878}
val: {'epoch': 45, 'loss': 0.0793, 'lr': 0.001, 'params': 599102, 'time_iter': 1.3837, 'accuracy': 0.9818, 'precision': 0.625, 'recall': 0.1852, 'f1': 0.2857, 'auc': 0.8035}
train: {'epoch': 45, 'eta': 550806.7877, 'loss': 0.1048, 'lr': 0.001, 'params': 599102, 'time_iter': 10.0748, 'accuracy': 0.9696, 'precision': 0.7452, 'recall': 0.2849, 'f1': 0.4122, 'auc': 0.8758}
val: {'epoch': 46, 'loss': 0.0829, 'lr': 0.001, 'params': 599102, 'time_iter': 1.4306, 'accuracy': 0.9801, 'precision': 0.4848, 'recall': 0.1975, 'f1': 0.2807, 'auc': 0.7859}
train: {'epoch': 46, 'eta': 540569.1515, 'loss': 0.1028, 'lr': 0.001, 'params': 599102, 'time_iter': 9.8803, 'accuracy': 0.9695, 'precision': 0.7244, 'recall': 0.2987, 'f1': 0.423, 'auc': 0.8848}
val: {'epoch': 47, 'loss': 0.0806, 'lr': 0.001, 'params': 599102, 'time_iter': 1.4618, 'accuracy': 0.9818, 'precision': 0.6364, 'recall': 0.1728, 'f1': 0.2718, 'auc': 0.8063}
train: {'epoch': 47, 'eta': 530336.3599, 'loss': 0.102, 'lr': 0.001, 'params': 599102, 'time_iter': 9.882, 'accuracy': 0.9701, 'precision': 0.7394, 'recall': 0.3109, 'f1': 0.4377, 'auc': 0.8841}
val: {'epoch': 48, 'loss': 0.0887, 'lr': 0.001, 'params': 599102, 'time_iter': 1.3683, 'accuracy': 0.9779, 'precision': 0.4138, 'recall': 0.2963, 'f1': 0.3453, 'auc': 0.7702}
train: {'epoch': 48, 'eta': 520241.5551, 'loss': 0.1018, 'lr': 0.001, 'params': 599102, 'time_iter': 10.0084, 'accuracy': 0.9703, 'precision': 0.749, 'recall': 0.3101, 'f1': 0.4386, 'auc': 0.8858}
val: {'epoch': 49, 'loss': 0.0813, 'lr': 0.001, 'params': 599102, 'time_iter': 1.3951, 'accuracy': 0.9825, 'precision': 0.6552, 'recall': 0.2346, 'f1': 0.3455, 'auc': 0.7871}
train: {'epoch': 49, 'eta': 510058.7931, 'loss': 0.1018, 'lr': 0.001, 'params': 599102, 'time_iter': 9.9309, 'accuracy': 0.9707, 'precision': 0.7553, 'recall': 0.3206, 'f1': 0.4501, 'auc': 0.8839}
val: {'epoch': 50, 'loss': 0.08, 'lr': 0.001, 'params': 599102, 'time_iter': 1.3851, 'accuracy': 0.9813, 'precision': 0.5556, 'recall': 0.2469, 'f1': 0.3419, 'auc': 0.7933}
train: {'epoch': 50, 'eta': 499922.1258, 'loss': 0.1005, 'lr': 0.001, 'params': 599102, 'time_iter': 9.9789, 'accuracy': 0.9702, 'precision': 0.7372, 'recall': 0.3166, 'f1': 0.4429, 'auc': 0.8906}
val: {'epoch': 51, 'loss': 0.0803, 'lr': 0.001, 'params': 599102, 'time_iter': 1.7248, 'accuracy': 0.983, 'precision': 0.8235, 'recall': 0.1728, 'f1': 0.2857, 'auc': 0.7901}
train: {'epoch': 51, 'eta': 489818.2802, 'loss': 0.0996, 'lr': 0.001, 'params': 599102, 'time_iter': 10.0188, 'accuracy': 0.9705, 'precision': 0.7422, 'recall': 0.3271, 'f1': 0.4541, 'auc': 0.8905}
val: {'epoch': 52, 'loss': 0.0856, 'lr': 0.001, 'params': 599102, 'time_iter': 1.3716, 'accuracy': 0.9823, 'precision': 0.8333, 'recall': 0.1235, 'f1': 0.2151, 'auc': 0.7957}
train: {'epoch': 52, 'eta': 479412.7378, 'loss': 0.0994, 'lr': 0.001, 'params': 599102, 'time_iter': 9.6967, 'accuracy': 0.9709, 'precision': 0.7546, 'recall': 0.3295, 'f1': 0.4588, 'auc': 0.8914}
val: {'epoch': 53, 'loss': 0.0863, 'lr': 0.001, 'params': 599102, 'time_iter': 1.3767, 'accuracy': 0.9803, 'precision': 0.5, 'recall': 0.0617, 'f1': 0.1099, 'auc': 0.7789}
train: {'epoch': 53, 'eta': 469294.1022, 'loss': 0.1, 'lr': 0.001, 'params': 599102, 'time_iter': 10.0059, 'accuracy': 0.9711, 'precision': 0.7607, 'recall': 0.3328, 'f1': 0.463, 'auc': 0.8921}
val: {'epoch': 54, 'loss': 0.0848, 'lr': 0.001, 'params': 599102, 'time_iter': 1.5797, 'accuracy': 0.9823, 'precision': 0.7857, 'recall': 0.1358, 'f1': 0.2316, 'auc': 0.7943}
train: {'epoch': 54, 'eta': 458979.5049, 'loss': 0.099, 'lr': 0.001, 'params': 599102, 'time_iter': 9.7808, 'accuracy': 0.9708, 'precision': 0.7491, 'recall': 0.3295, 'f1': 0.4577, 'auc': 0.8961}
val: {'epoch': 55, 'loss': 0.0762, 'lr': 0.001, 'params': 599102, 'time_iter': 1.3471, 'accuracy': 0.9825, 'precision': 0.6957, 'recall': 0.1975, 'f1': 0.3077, 'auc': 0.8042}
train: {'epoch': 55, 'eta': 448900.555, 'loss': 0.0979, 'lr': 0.001, 'params': 599102, 'time_iter': 10.0613, 'accuracy': 0.9712, 'precision': 0.7572, 'recall': 0.3393, 'f1': 0.4686, 'auc': 0.8978}
val: {'epoch': 56, 'loss': 0.0794, 'lr': 0.001, 'params': 599102, 'time_iter': 1.3837, 'accuracy': 0.9815, 'precision': 0.5806, 'recall': 0.2222, 'f1': 0.3214, 'auc': 0.7997}
train: {'epoch': 56, 'eta': 438739.1261, 'loss': 0.0979, 'lr': 0.001, 'params': 599102, 'time_iter': 9.9674, 'accuracy': 0.9709, 'precision': 0.7486, 'recall': 0.336, 'f1': 0.4639, 'auc': 0.8961}
val: {'epoch': 57, 'loss': 0.0865, 'lr': 0.001, 'params': 599102, 'time_iter': 1.4115, 'accuracy': 0.9808, 'precision': 0.5357, 'recall': 0.1852, 'f1': 0.2752, 'auc': 0.7852}
train: {'epoch': 57, 'eta': 428539.3086, 'loss': 0.0974, 'lr': 0.001, 'params': 599102, 'time_iter': 9.9203, 'accuracy': 0.9709, 'precision': 0.7416, 'recall': 0.3401, 'f1': 0.4663, 'auc': 0.899}
val: {'epoch': 58, 'loss': 0.0788, 'lr': 0.001, 'params': 599102, 'time_iter': 1.3699, 'accuracy': 0.9837, 'precision': 0.675, 'recall': 0.3333, 'f1': 0.4463, 'auc': 0.8015}
train: {'epoch': 58, 'eta': 418179.2842, 'loss': 0.0971, 'lr': 0.001, 'params': 599102, 'time_iter': 9.6966, 'accuracy': 0.9715, 'precision': 0.7621, 'recall': 0.3458, 'f1': 0.4757, 'auc': 0.8997}
val: {'epoch': 59, 'loss': 0.0881, 'lr': 0.001, 'params': 599102, 'time_iter': 1.3489, 'accuracy': 0.9769, 'precision': 0.3478, 'recall': 0.1975, 'f1': 0.252, 'auc': 0.796}
train: {'epoch': 59, 'eta': 407772.7756, 'loss': 0.097, 'lr': 0.001, 'params': 599102, 'time_iter': 9.6103, 'accuracy': 0.9716, 'precision': 0.7628, 'recall': 0.3498, 'f1': 0.4797, 'auc': 0.8981}
val: {'epoch': 60, 'loss': 0.0816, 'lr': 0.001, 'params': 599102, 'time_iter': 1.3736, 'accuracy': 0.9818, 'precision': 0.65, 'recall': 0.1605, 'f1': 0.2574, 'auc': 0.7995}
train: {'epoch': 60, 'eta': 397489.211, 'loss': 0.0956, 'lr': 0.001, 'params': 599102, 'time_iter': 9.7714, 'accuracy': 0.9714, 'precision': 0.7509, 'recall': 0.3523, 'f1': 0.4796, 'auc': 0.9051}
val: {'epoch': 61, 'loss': 0.0813, 'lr': 0.001, 'params': 599102, 'time_iter': 1.5278, 'accuracy': 0.9813, 'precision': 0.5625, 'recall': 0.2222, 'f1': 0.3186, 'auc': 0.7973}
train: {'epoch': 61, 'eta': 387245.1534, 'loss': 0.0949, 'lr': 0.001, 'params': 599102, 'time_iter': 9.8223, 'accuracy': 0.9713, 'precision': 0.7526, 'recall': 0.3482, 'f1': 0.4761, 'auc': 0.9038}
val: {'epoch': 62, 'loss': 0.0855, 'lr': 0.001, 'params': 599102, 'time_iter': 1.4048, 'accuracy': 0.9788, 'precision': 0.4118, 'recall': 0.1728, 'f1': 0.2435, 'auc': 0.7959}
train: {'epoch': 62, 'eta': 377082.4849, 'loss': 0.0955, 'lr': 0.001, 'params': 599102, 'time_iter': 9.9498, 'accuracy': 0.9713, 'precision': 0.7474, 'recall': 0.3531, 'f1': 0.4796, 'auc': 0.9038}
val: {'epoch': 63, 'loss': 0.0812, 'lr': 0.001, 'params': 599102, 'time_iter': 1.3579, 'accuracy': 0.9813, 'precision': 0.5769, 'recall': 0.1852, 'f1': 0.2804, 'auc': 0.7995}
train: {'epoch': 63, 'eta': 366817.7933, 'loss': 0.0939, 'lr': 0.001, 'params': 599102, 'time_iter': 9.7776, 'accuracy': 0.9726, 'precision': 0.7868, 'recall': 0.3685, 'f1': 0.5019, 'auc': 0.9086}
val: {'epoch': 64, 'loss': 0.083, 'lr': 0.001, 'params': 599102, 'time_iter': 1.4043, 'accuracy': 0.9815, 'precision': 0.6087, 'recall': 0.1728, 'f1': 0.2692, 'auc': 0.8075}
train: {'epoch': 64, 'eta': 356524.0518, 'loss': 0.0948, 'lr': 0.001, 'params': 599102, 'time_iter': 9.7139, 'accuracy': 0.9713, 'precision': 0.7487, 'recall': 0.3531, 'f1': 0.4799, 'auc': 0.9068}
val: {'epoch': 65, 'loss': 0.0878, 'lr': 0.001, 'params': 599102, 'time_iter': 2.1317, 'accuracy': 0.9798, 'precision': 0.4667, 'recall': 0.1728, 'f1': 0.2523, 'auc': 0.7748}
train: {'epoch': 65, 'eta': 346226.6723, 'loss': 0.0932, 'lr': 0.001, 'params': 599102, 'time_iter': 9.69, 'accuracy': 0.9718, 'precision': 0.7542, 'recall': 0.3661, 'f1': 0.4929, 'auc': 0.9096}
val: {'epoch': 66, 'loss': 0.0867, 'lr': 0.001, 'params': 599102, 'time_iter': 1.3647, 'accuracy': 0.9798, 'precision': 0.4583, 'recall': 0.1358, 'f1': 0.2095, 'auc': 0.7784}
train: {'epoch': 66, 'eta': 335981.6267, 'loss': 0.0942, 'lr': 0.001, 'params': 599102, 'time_iter': 9.774, 'accuracy': 0.9718, 'precision': 0.7512, 'recall': 0.3677, 'f1': 0.4937, 'auc': 0.9085}
val: {'epoch': 67, 'loss': 0.0824, 'lr': 0.001, 'params': 599102, 'time_iter': 1.3759, 'accuracy': 0.981, 'precision': 0.5556, 'recall': 0.1852, 'f1': 0.2778, 'auc': 0.7922}
train: {'epoch': 67, 'eta': 325753.7804, 'loss': 0.0929, 'lr': 0.001, 'params': 599102, 'time_iter': 9.7981, 'accuracy': 0.9721, 'precision': 0.7774, 'recall': 0.3571, 'f1': 0.4894, 'auc': 0.9101}
val: {'epoch': 68, 'loss': 0.0853, 'lr': 0.001, 'params': 599102, 'time_iter': 1.5302, 'accuracy': 0.9815, 'precision': 0.5862, 'recall': 0.2099, 'f1': 0.3091, 'auc': 0.7846}
train: {'epoch': 68, 'eta': 315468.719, 'loss': 0.0933, 'lr': 0.001, 'params': 599102, 'time_iter': 9.6652, 'accuracy': 0.9718, 'precision': 0.7576, 'recall': 0.3628, 'f1': 0.4907, 'auc': 0.9103}
val: {'epoch': 69, 'loss': 0.0886, 'lr': 0.001, 'params': 599102, 'time_iter': 1.4407, 'accuracy': 0.9801, 'precision': 0.4828, 'recall': 0.1728, 'f1': 0.2545, 'auc': 0.7827}
train: {'epoch': 69, 'eta': 305281.0842, 'loss': 0.0923, 'lr': 0.001, 'params': 599102, 'time_iter': 9.8642, 'accuracy': 0.9727, 'precision': 0.7798, 'recall': 0.3766, 'f1': 0.5079, 'auc': 0.9138}
val: {'epoch': 70, 'loss': 0.0854, 'lr': 0.001, 'params': 599102, 'time_iter': 1.3746, 'accuracy': 0.9798, 'precision': 0.4667, 'recall': 0.1728, 'f1': 0.2523, 'auc': 0.7811}
train: {'epoch': 70, 'eta': 295048.292, 'loss': 0.0911, 'lr': 0.001, 'params': 599102, 'time_iter': 9.7542, 'accuracy': 0.9728, 'precision': 0.7813, 'recall': 0.3799, 'f1': 0.5112, 'auc': 0.9165}
val: {'epoch': 71, 'loss': 0.0875, 'lr': 0.001, 'params': 599102, 'time_iter': 1.3733, 'accuracy': 0.981, 'precision': 0.5556, 'recall': 0.1852, 'f1': 0.2778, 'auc': 0.7688}
train: {'epoch': 71, 'eta': 284841.8029, 'loss': 0.0901, 'lr': 0.001, 'params': 599102, 'time_iter': 9.8064, 'accuracy': 0.9723, 'precision': 0.7605, 'recall': 0.3815, 'f1': 0.5081, 'auc': 0.9169}
val: {'epoch': 72, 'loss': 0.0802, 'lr': 0.001, 'params': 599102, 'time_iter': 1.4231, 'accuracy': 0.9813, 'precision': 0.55, 'recall': 0.2716, 'f1': 0.3636, 'auc': 0.7942}
train: {'epoch': 72, 'eta': 274703.9814, 'loss': 0.0916, 'lr': 0.001, 'params': 599102, 'time_iter': 9.9784, 'accuracy': 0.9724, 'precision': 0.7608, 'recall': 0.3847, 'f1': 0.5111, 'auc': 0.9171}
val: {'epoch': 73, 'loss': 0.0833, 'lr': 0.001, 'params': 599102, 'time_iter': 1.4414, 'accuracy': 0.982, 'precision': 0.6522, 'recall': 0.1852, 'f1': 0.2885, 'auc': 0.7847}
train: {'epoch': 73, 'eta': 264547.6048, 'loss': 0.0902, 'lr': 0.001, 'params': 599102, 'time_iter': 9.9368, 'accuracy': 0.972, 'precision': 0.7524, 'recall': 0.375, 'f1': 0.5005, 'auc': 0.9216}
val: {'epoch': 74, 'loss': 0.0859, 'lr': 0.001, 'params': 599102, 'time_iter': 1.3581, 'accuracy': 0.981, 'precision': 0.5714, 'recall': 0.1481, 'f1': 0.2353, 'auc': 0.7861}
train: {'epoch': 74, 'eta': 254380.7402, 'loss': 0.0894, 'lr': 0.001, 'params': 599102, 'time_iter': 9.9116, 'accuracy': 0.9726, 'precision': 0.7535, 'recall': 0.3969, 'f1': 0.5199, 'auc': 0.9201}
val: {'epoch': 75, 'loss': 0.0881, 'lr': 0.001, 'params': 599102, 'time_iter': 1.8874, 'accuracy': 0.9784, 'precision': 0.4048, 'recall': 0.2099, 'f1': 0.2764, 'auc': 0.7916}
train: {'epoch': 75, 'eta': 244209.1546, 'loss': 0.0908, 'lr': 0.001, 'params': 599102, 'time_iter': 9.8997, 'accuracy': 0.9727, 'precision': 0.7685, 'recall': 0.388, 'f1': 0.5156, 'auc': 0.9186}
val: {'epoch': 76, 'loss': 0.0888, 'lr': 0.001, 'params': 599102, 'time_iter': 1.3507, 'accuracy': 0.982, 'precision': 0.64, 'recall': 0.1975, 'f1': 0.3019, 'auc': 0.777}
train: {'epoch': 76, 'eta': 233983.3553, 'loss': 0.09, 'lr': 0.001, 'params': 599102, 'time_iter': 9.7246, 'accuracy': 0.9728, 'precision': 0.7752, 'recall': 0.3864, 'f1': 0.5157, 'auc': 0.9191}
val: {'epoch': 77, 'loss': 0.0873, 'lr': 0.001, 'params': 599102, 'time_iter': 1.3624, 'accuracy': 0.9818, 'precision': 0.6071, 'recall': 0.2099, 'f1': 0.3119, 'auc': 0.7781}
train: {'epoch': 77, 'eta': 223820.852, 'loss': 0.0881, 'lr': 0.001, 'params': 599102, 'time_iter': 9.9233, 'accuracy': 0.9726, 'precision': 0.7474, 'recall': 0.4034, 'f1': 0.524, 'auc': 0.9246}
val: {'epoch': 78, 'loss': 0.0885, 'lr': 0.001, 'params': 599102, 'time_iter': 1.4847, 'accuracy': 0.9818, 'precision': 0.65, 'recall': 0.1605, 'f1': 0.2574, 'auc': 0.7761}
train: {'epoch': 78, 'eta': 213712.9839, 'loss': 0.0886, 'lr': 0.001, 'params': 599102, 'time_iter': 10.1275, 'accuracy': 0.9731, 'precision': 0.7764, 'recall': 0.3945, 'f1': 0.5231, 'auc': 0.9208}
val: {'epoch': 79, 'loss': 0.0848, 'lr': 0.001, 'params': 599102, 'time_iter': 1.4113, 'accuracy': 0.9818, 'precision': 0.65, 'recall': 0.1605, 'f1': 0.2574, 'auc': 0.7941}
train: {'epoch': 79, 'eta': 203557.0017, 'loss': 0.0887, 'lr': 0.001, 'params': 599102, 'time_iter': 9.971, 'accuracy': 0.9726, 'precision': 0.7554, 'recall': 0.3985, 'f1': 0.5218, 'auc': 0.924}
val: {'epoch': 80, 'loss': 0.0869, 'lr': 0.001, 'params': 599102, 'time_iter': 1.4138, 'accuracy': 0.9803, 'precision': 0.5, 'recall': 0.1975, 'f1': 0.2832, 'auc': 0.7913}
train: {'epoch': 80, 'eta': 193379.024, 'loss': 0.0882, 'lr': 0.001, 'params': 599102, 'time_iter': 9.8905, 'accuracy': 0.9729, 'precision': 0.7664, 'recall': 0.3994, 'f1': 0.5251, 'auc': 0.9259}
val: {'epoch': 81, 'loss': 0.0898, 'lr': 0.001, 'params': 599102, 'time_iter': 1.4055, 'accuracy': 0.9815, 'precision': 0.6316, 'recall': 0.1481, 'f1': 0.24, 'auc': 0.7965}
train: {'epoch': 81, 'eta': 183155.3258, 'loss': 0.0872, 'lr': 0.001, 'params': 599102, 'time_iter': 9.688, 'accuracy': 0.9732, 'precision': 0.7639, 'recall': 0.4123, 'f1': 0.5356, 'auc': 0.9266}
val: {'epoch': 82, 'loss': 0.0883, 'lr': 0.001, 'params': 599102, 'time_iter': 1.3558, 'accuracy': 0.9803, 'precision': 0.5, 'recall': 0.1852, 'f1': 0.2703, 'auc': 0.7917}
train: {'epoch': 82, 'eta': 172952.6618, 'loss': 0.087, 'lr': 0.001, 'params': 599102, 'time_iter': 9.7587, 'accuracy': 0.9729, 'precision': 0.7584, 'recall': 0.405, 'f1': 0.528, 'auc': 0.9281}
val: {'epoch': 83, 'loss': 0.0907, 'lr': 0.001, 'params': 599102, 'time_iter': 1.4769, 'accuracy': 0.9798, 'precision': 0.475, 'recall': 0.2346, 'f1': 0.314, 'auc': 0.7789}
train: {'epoch': 83, 'eta': 162749.6156, 'loss': 0.0875, 'lr': 0.001, 'params': 599102, 'time_iter': 9.7372, 'accuracy': 0.9727, 'precision': 0.7621, 'recall': 0.3953, 'f1': 0.5206, 'auc': 0.9249}
val: {'epoch': 84, 'loss': 0.0859, 'lr': 0.001, 'params': 599102, 'time_iter': 1.3869, 'accuracy': 0.9788, 'precision': 0.425, 'recall': 0.2099, 'f1': 0.281, 'auc': 0.8083}
train: {'epoch': 84, 'eta': 152517.2086, 'loss': 0.0855, 'lr': 0.001, 'params': 599102, 'time_iter': 9.5517, 'accuracy': 0.9735, 'precision': 0.7852, 'recall': 0.4034, 'f1': 0.533, 'auc': 0.931}
val: {'epoch': 85, 'loss': 0.0907, 'lr': 0.001, 'params': 599102, 'time_iter': 1.8613, 'accuracy': 0.9813, 'precision': 0.625, 'recall': 0.1235, 'f1': 0.2062, 'auc': 0.7683}
train: {'epoch': 85, 'eta': 142314.9295, 'loss': 0.0853, 'lr': 0.001, 'params': 599102, 'time_iter': 9.6755, 'accuracy': 0.9729, 'precision': 0.7526, 'recall': 0.4099, 'f1': 0.5307, 'auc': 0.9324}
val: {'epoch': 86, 'loss': 0.0983, 'lr': 0.001, 'params': 599102, 'time_iter': 1.3761, 'accuracy': 0.9808, 'precision': 0.5714, 'recall': 0.0988, 'f1': 0.1684, 'auc': 0.7911}
train: {'epoch': 86, 'eta': 132181.075, 'loss': 0.0871, 'lr': 0.001, 'params': 599102, 'time_iter': 10.0837, 'accuracy': 0.9725, 'precision': 0.7492, 'recall': 0.4002, 'f1': 0.5217, 'auc': 0.9313}
val: {'epoch': 87, 'loss': 0.0888, 'lr': 0.001, 'params': 599102, 'time_iter': 1.3787, 'accuracy': 0.982, 'precision': 0.6207, 'recall': 0.2222, 'f1': 0.3273, 'auc': 0.8035}
train: {'epoch': 87, 'eta': 121992.6955, 'loss': 0.0852, 'lr': 0.001, 'params': 599102, 'time_iter': 9.7344, 'accuracy': 0.9734, 'precision': 0.779, 'recall': 0.4034, 'f1': 0.5316, 'auc': 0.9316}
val: {'epoch': 88, 'loss': 0.088, 'lr': 0.001, 'params': 599102, 'time_iter': 1.4135, 'accuracy': 0.9788, 'precision': 0.4286, 'recall': 0.2222, 'f1': 0.2927, 'auc': 0.8027}
train: {'epoch': 88, 'eta': 111820.2634, 'loss': 0.0837, 'lr': 0.001, 'params': 599102, 'time_iter': 9.8294, 'accuracy': 0.9741, 'precision': 0.7848, 'recall': 0.4261, 'f1': 0.5523, 'auc': 0.9347}
val: {'epoch': 89, 'loss': 0.0878, 'lr': 0.001, 'params': 599102, 'time_iter': 1.3567, 'accuracy': 0.9803, 'precision': 0.5, 'recall': 0.1852, 'f1': 0.2703, 'auc': 0.7848}
train: {'epoch': 89, 'eta': 101661.6147, 'loss': 0.0846, 'lr': 0.001, 'params': 599102, 'time_iter': 9.9387, 'accuracy': 0.973, 'precision': 0.759, 'recall': 0.4091, 'f1': 0.5316, 'auc': 0.9356}
val: {'epoch': 90, 'loss': 0.0907, 'lr': 0.001, 'params': 599102, 'time_iter': 1.3705, 'accuracy': 0.9788, 'precision': 0.4286, 'recall': 0.2222, 'f1': 0.2927, 'auc': 0.7691}
train: {'epoch': 90, 'eta': 91474.7226, 'loss': 0.0849, 'lr': 0.001, 'params': 599102, 'time_iter': 9.6759, 'accuracy': 0.9733, 'precision': 0.7667, 'recall': 0.4107, 'f1': 0.5349, 'auc': 0.9348}
val: {'epoch': 91, 'loss': 0.0891, 'lr': 0.001, 'params': 599102, 'time_iter': 1.366, 'accuracy': 0.9793, 'precision': 0.45, 'recall': 0.2222, 'f1': 0.2975, 'auc': 0.7803}
train: {'epoch': 91, 'eta': 81290.0999, 'loss': 0.0851, 'lr': 0.001, 'params': 599102, 'time_iter': 9.6453, 'accuracy': 0.9736, 'precision': 0.7768, 'recall': 0.4123, 'f1': 0.5387, 'auc': 0.9317}
val: {'epoch': 92, 'loss': 0.0874, 'lr': 0.001, 'params': 599102, 'time_iter': 2.2574, 'accuracy': 0.9796, 'precision': 0.4483, 'recall': 0.1605, 'f1': 0.2364, 'auc': 0.7874}
train: {'epoch': 92, 'eta': 71129.6322, 'loss': 0.0828, 'lr': 0.001, 'params': 599102, 'time_iter': 9.8852, 'accuracy': 0.9737, 'precision': 0.7679, 'recall': 0.4269, 'f1': 0.5488, 'auc': 0.9368}
val: {'epoch': 93, 'loss': 0.0914, 'lr': 0.001, 'params': 599102, 'time_iter': 1.3917, 'accuracy': 0.9793, 'precision': 0.4375, 'recall': 0.1728, 'f1': 0.2478, 'auc': 0.778}
train: {'epoch': 93, 'eta': 60986.229, 'loss': 0.0826, 'lr': 0.001, 'params': 599102, 'time_iter': 10.1486, 'accuracy': 0.9734, 'precision': 0.7688, 'recall': 0.4156, 'f1': 0.5395, 'auc': 0.9402}
val: {'epoch': 94, 'loss': 0.0895, 'lr': 0.001, 'params': 599102, 'time_iter': 1.3809, 'accuracy': 0.9805, 'precision': 0.5152, 'recall': 0.2099, 'f1': 0.2982, 'auc': 0.7807}
train: {'epoch': 94, 'eta': 50818.0292, 'loss': 0.0828, 'lr': 0.001, 'params': 599102, 'time_iter': 9.8072, 'accuracy': 0.9743, 'precision': 0.7726, 'recall': 0.444, 'f1': 0.5639, 'auc': 0.9398}
val: {'epoch': 95, 'loss': 0.089, 'lr': 0.001, 'params': 599102, 'time_iter': 1.4359, 'accuracy': 0.981, 'precision': 0.5556, 'recall': 0.1852, 'f1': 0.2778, 'auc': 0.7914}
train: {'epoch': 95, 'eta': 40645.7612, 'loss': 0.082, 'lr': 0.001, 'params': 599102, 'time_iter': 9.6751, 'accuracy': 0.9745, 'precision': 0.7877, 'recall': 0.4367, 'f1': 0.5619, 'auc': 0.9365}
val: {'epoch': 96, 'loss': 0.0867, 'lr': 0.001, 'params': 599102, 'time_iter': 1.4081, 'accuracy': 0.9805, 'precision': 0.5172, 'recall': 0.1852, 'f1': 0.2727, 'auc': 0.803}
train: {'epoch': 96, 'eta': 30477.5104, 'loss': 0.0822, 'lr': 0.001, 'params': 599102, 'time_iter': 9.6611, 'accuracy': 0.9745, 'precision': 0.7889, 'recall': 0.4367, 'f1': 0.5622, 'auc': 0.9379}
val: {'epoch': 97, 'loss': 0.0921, 'lr': 0.001, 'params': 599102, 'time_iter': 1.3844, 'accuracy': 0.9791, 'precision': 0.4359, 'recall': 0.2099, 'f1': 0.2833, 'auc': 0.7649}
train: {'epoch': 97, 'eta': 20317.7579, 'loss': 0.0815, 'lr': 0.001, 'params': 599102, 'time_iter': 9.8451, 'accuracy': 0.9741, 'precision': 0.7707, 'recall': 0.4391, 'f1': 0.5595, 'auc': 0.9384}
val: {'epoch': 98, 'loss': 0.0852, 'lr': 0.001, 'params': 599102, 'time_iter': 1.4454, 'accuracy': 0.9808, 'precision': 0.5385, 'recall': 0.1728, 'f1': 0.2617, 'auc': 0.8023}
train: {'epoch': 98, 'eta': 10157.8798, 'loss': 0.0811, 'lr': 0.001, 'params': 599102, 'time_iter': 9.7765, 'accuracy': 0.9743, 'precision': 0.7784, 'recall': 0.4391, 'f1': 0.5615, 'auc': 0.9399}
val: {'epoch': 99, 'loss': 0.0909, 'lr': 0.001, 'params': 599102, 'time_iter': 1.9136, 'accuracy': 0.9798, 'precision': 0.4643, 'recall': 0.1605, 'f1': 0.2385, 'auc': 0.7954}
train: {'epoch': 99, 'eta': 0.0, 'loss': 0.0806, 'lr': 0.001, 'params': 599102, 'time_iter': 9.9573, 'accuracy': 0.9741, 'precision': 0.7733, 'recall': 0.4375, 'f1': 0.5588, 'auc': 0.944}
test: {'epoch': 99, 'loss': 0.1518, 'lr': 0.001, 'params': 599102, 'time_iter': 1.3456, 'accuracy': 0.9635, 'precision': 0.25, 'recall': 0.0769, 'f1': 0.1176, 'auc': 0.7711}
test: {'epoch': 41, 'loss': 0.1345, 'lr': 0.001, 'params': 599102, 'time_iter': 1.2897, 'accuracy': 0.9696, 'precision': 0.6087, 'recall': 0.1077, 'f1': 0.183, 'auc': 0.7861}
