GraphGymModule(
  (model): DilatedGNNModel(
    (encoder): FeatureEncoder(
      (node_encoder): AtomEncoder(
        (atom_embedding_list): ModuleList(
          (0): Embedding(119, 300)
          (1): Embedding(4, 300)
          (2): Embedding(12, 300)
          (3): Embedding(12, 300)
          (4): Embedding(10, 300)
          (5): Embedding(6, 300)
          (6): Embedding(6, 300)
          (7): Embedding(2, 300)
          (8): Embedding(2, 300)
        )
      )
      (edge_encoder): BondEncoder(
        (bond_embedding_list): ModuleList(
          (0): Embedding(5, 300)
          (1): Embedding(6, 300)
          (2): Embedding(2, 300)
        )
      )
    )
    (mp): GNNDilatedEdgesFeatureStage(
      (classic_layers): ModuleList(
        (0): GeneralLayer(
          (layer): EGINConv(
            (model): GINEConv(nn=Sequential(
              (0): Linear(300, 300, bias=True)
              (1): ReLU()
              (2): Linear(300, 300, bias=True)
            ))
          )
          (post_layer): Sequential(
            (0): BatchNorm1d(300, eps=1e-05, momentum=0.1, affine=True, track_running_stats=True)
            (1): Dropout(p=0.5, inplace=False)
            (2): ReLU()
          )
        )
      )
      (dilated_layers): ModuleList(
        (0): DilatedGeneralLayer(
          (layer): EGINConv(
            (model): GINEConv(nn=Sequential(
              (0): Linear(300, 300, bias=True)
              (1): ReLU()
              (2): Linear(300, 300, bias=True)
            ))
          )
          (post_layer): Sequential(
            (0): BatchNorm1d(300, eps=1e-05, momentum=0.1, affine=True, track_running_stats=True)
            (1): Dropout(p=0.5, inplace=False)
            (2): ReLU()
          )
          (gem): GeM(p=3.0000, eps=1e-06)
        )
      )
      (act): ReLU()
    )
    (post_mp): GNNGraphHead(
      (layer_post_mp): MLP(
        (model): Sequential(
          (0): Linear(
            (model): Linear(600, 1, bias=True)
          )
        )
      )
    )
  )
)
accelerator: cuda
benchmark: False
bn:
  eps: 1e-05
  mom: 0.1
cfg_dest: config.yaml
custom_metrics: []
dataset:
  cache_load: False
  cache_save: False
  dir: ./datasets
  edge_dim: 300
  edge_encoder: True
  edge_encoder_bn: False
  edge_encoder_name: Bond
  edge_message_ratio: 0.8
  edge_negative_sampling_ratio: 1.0
  edge_train_mode: all
  encoder: True
  encoder_bn: True
  encoder_dim: 128
  encoder_name: db
  fast_loader: False
  format: OGB
  label_column: none
  label_table: none
  location: local
  name: ogbg-molhiv
  node_encoder: True
  node_encoder_bn: False
  node_encoder_name: Atom
  remove_feature: False
  resample_disjoint: False
  resample_negative: False
  shuffle_split: True
  split: [0.8, 0.1, 0.1]
  split_mode: random
  task: graph
  task_type: classification
  to_undirected: False
  transductive: False
  transform: none
  tu_simple: True
devices: 1
gnn:
  act: relu
  act_on_last_layer_mp: False
  agg: none
  att_final_linear: False
  att_final_linear_bn: False
  att_heads: 1
  batchnorm: True
  clear_feature: True
  dim_inner: 300
  dropout: 0.5
  head: graph
  keep_edge: 0.5
  l2norm: True
  layer_type: eginconv
  layers_k1: 1
  layers_k2: 1
  layers_mp: 5
  layers_post_mp: 1
  layers_pre_mp: 0
  msg_direction: single
  normalize_adj: False
  self_msg: concat
  skip_every: 1
  stage_type: dilated_stage
  use_edge_features: True
gpu_mem: False
mem:
  inplace: False
metric_agg: argmax
metric_best: auc
model:
  edge_decoding: dot
  graph_pooling: mean
  loss_fun: cross_entropy
  match_upper: True
  size_average: mean
  thresh: 0.5
  type: dilated_gnn
num_threads: 6
num_workers: 16
optim:
  base_lr: 0.001
  lr_decay: 0.1
  max_epoch: 100
  momentum: 0.9
  optimizer: adam
  scheduler: none
  steps: [30, 60, 90]
  weight_decay: 0.0
out_dir: results_experiments/ogbg_molhiv_baseline_grid_comparison/ogbg_molhiv_baseline-type=dilated_gnn-stage_type=dilated_stage-layer_type=eginconv-layers_k1=1-layers_k2=1-act_on_last_layer_mp=False
params: 599403
print: both
round: 4
run_dir: results_experiments/ogbg_molhiv_baseline_grid_comparison/ogbg_molhiv_baseline-type=dilated_gnn-stage_type=dilated_stage-layer_type=eginconv-layers_k1=1-layers_k2=1-act_on_last_layer_mp=False/1
seed: 2
share:
  dim_in: 9
  dim_out: 2
  num_splits: 3
tensorboard_agg: True
tensorboard_each_run: False
train:
  auto_resume: False
  batch_size: 32
  ckpt_clean: True
  ckpt_period: 100
  enable_ckpt: True
  epoch_resume: -1
  eval_period: 1
  iter_per_epoch: 32
  neighbor_sizes: [20, 15, 10, 5]
  node_per_graph: 32
  radius: extend
  sample_node: False
  sampler: full_batch
  skip_train_eval: False
  walk_length: 4
val:
  node_per_graph: 32
  radius: extend
  sample_node: False
  sampler: full_batch
view_emb: False
Num parameters: 599403
val: {'epoch': 0, 'loss': 0.6716, 'lr': 0.001, 'params': 599403, 'time_iter': 0.7992, 'accuracy': 0.9844, 'precision': 0.0, 'recall': 0.0, 'f1': 0.0, 'auc': 0.8413}
val: {'epoch': 0, 'loss': 0.0998, 'lr': 0.001, 'params': 599403, 'time_iter': 1.4487, 'accuracy': 0.9803, 'precision': 0.0, 'recall': 0.0, 'f1': 0.0, 'auc': 0.6128}
train: {'epoch': 0, 'eta': 972302.8999, 'loss': 0.1832, 'lr': 0.001, 'params': 599403, 'time_iter': 9.5445, 'accuracy': 0.9622, 'precision': 0.0667, 'recall': 0.0008, 'f1': 0.0016, 'auc': 0.5689}
val: {'epoch': 1, 'loss': 0.0941, 'lr': 0.001, 'params': 599403, 'time_iter': 1.4042, 'accuracy': 0.9803, 'precision': 0.0, 'recall': 0.0, 'f1': 0.0, 'auc': 0.6867}
train: {'epoch': 1, 'eta': 975184.7058, 'loss': 0.1532, 'lr': 0.001, 'params': 599403, 'time_iter': 9.7964, 'accuracy': 0.9626, 'precision': 0.0, 'recall': 0.0, 'f1': 0.0, 'auc': 0.6667}
val: {'epoch': 2, 'loss': 0.0956, 'lr': 0.001, 'params': 599403, 'time_iter': 1.3666, 'accuracy': 0.9803, 'precision': 0.0, 'recall': 0.0, 'f1': 0.0, 'auc': 0.7407}
train: {'epoch': 2, 'eta': 967982.9956, 'loss': 0.1486, 'lr': 0.001, 'params': 599403, 'time_iter': 9.7531, 'accuracy': 0.9626, 'precision': 0.0, 'recall': 0.0, 'f1': 0.0, 'auc': 0.707}
val: {'epoch': 3, 'loss': 0.0895, 'lr': 0.001, 'params': 599403, 'time_iter': 1.4609, 'accuracy': 0.9803, 'precision': 0.0, 'recall': 0.0, 'f1': 0.0, 'auc': 0.7552}
train: {'epoch': 3, 'eta': 957136.5366, 'loss': 0.1454, 'lr': 0.001, 'params': 599403, 'time_iter': 9.6628, 'accuracy': 0.9625, 'precision': 0.3333, 'recall': 0.0008, 'f1': 0.0016, 'auc': 0.7277}
val: {'epoch': 4, 'loss': 0.0864, 'lr': 0.001, 'params': 599403, 'time_iter': 1.7531, 'accuracy': 0.9805, 'precision': 1.0, 'recall': 0.0123, 'f1': 0.0244, 'auc': 0.7389}
train: {'epoch': 4, 'eta': 947034.0905, 'loss': 0.1415, 'lr': 0.001, 'params': 599403, 'time_iter': 9.6824, 'accuracy': 0.9625, 'precision': 0.0, 'recall': 0.0, 'f1': 0.0, 'auc': 0.7454}
val: {'epoch': 5, 'loss': 0.084, 'lr': 0.001, 'params': 599403, 'time_iter': 1.3512, 'accuracy': 0.9805, 'precision': 0.6, 'recall': 0.037, 'f1': 0.0698, 'auc': 0.7727}
train: {'epoch': 5, 'eta': 943685.7314, 'loss': 0.1379, 'lr': 0.001, 'params': 599403, 'time_iter': 10.0985, 'accuracy': 0.9626, 'precision': 0.5294, 'recall': 0.0073, 'f1': 0.0144, 'auc': 0.7647}
val: {'epoch': 6, 'loss': 0.082, 'lr': 0.001, 'params': 599403, 'time_iter': 1.4301, 'accuracy': 0.9813, 'precision': 0.6429, 'recall': 0.1111, 'f1': 0.1895, 'auc': 0.7524}
train: {'epoch': 6, 'eta': 931958.0608, 'loss': 0.1364, 'lr': 0.001, 'params': 599403, 'time_iter': 9.6328, 'accuracy': 0.9622, 'precision': 0.3333, 'recall': 0.0097, 'f1': 0.0189, 'auc': 0.7691}
val: {'epoch': 7, 'loss': 0.0815, 'lr': 0.001, 'params': 599403, 'time_iter': 1.4664, 'accuracy': 0.982, 'precision': 0.8182, 'recall': 0.1111, 'f1': 0.1957, 'auc': 0.7694}
train: {'epoch': 7, 'eta': 919649.8518, 'loss': 0.135, 'lr': 0.001, 'params': 599403, 'time_iter': 9.5454, 'accuracy': 0.9625, 'precision': 0.4688, 'recall': 0.0122, 'f1': 0.0237, 'auc': 0.7731}
val: {'epoch': 8, 'loss': 0.0811, 'lr': 0.001, 'params': 599403, 'time_iter': 1.3271, 'accuracy': 0.9808, 'precision': 0.625, 'recall': 0.0617, 'f1': 0.1124, 'auc': 0.7827}
train: {'epoch': 8, 'eta': 909984.8025, 'loss': 0.1333, 'lr': 0.001, 'params': 599403, 'time_iter': 9.7463, 'accuracy': 0.9623, 'precision': 0.4462, 'recall': 0.0235, 'f1': 0.0447, 'auc': 0.7795}
val: {'epoch': 9, 'loss': 0.0811, 'lr': 0.001, 'params': 599403, 'time_iter': 1.4631, 'accuracy': 0.9803, 'precision': 0.5, 'recall': 0.1358, 'f1': 0.2136, 'auc': 0.7509}
train: {'epoch': 9, 'eta': 898500.599, 'loss': 0.1319, 'lr': 0.001, 'params': 599403, 'time_iter': 9.5577, 'accuracy': 0.9625, 'precision': 0.4857, 'recall': 0.0276, 'f1': 0.0522, 'auc': 0.7877}
val: {'epoch': 10, 'loss': 0.0806, 'lr': 0.001, 'params': 599403, 'time_iter': 1.3875, 'accuracy': 0.9815, 'precision': 0.7778, 'recall': 0.0864, 'f1': 0.1556, 'auc': 0.7822}
train: {'epoch': 10, 'eta': 890568.6304, 'loss': 0.131, 'lr': 0.001, 'params': 599403, 'time_iter': 9.9484, 'accuracy': 0.9626, 'precision': 0.5185, 'recall': 0.0341, 'f1': 0.064, 'auc': 0.7919}
val: {'epoch': 11, 'loss': 0.076, 'lr': 0.001, 'params': 599403, 'time_iter': 1.7492, 'accuracy': 0.9818, 'precision': 0.6667, 'recall': 0.1481, 'f1': 0.2424, 'auc': 0.7827}
train: {'epoch': 11, 'eta': 882145.0531, 'loss': 0.1298, 'lr': 0.001, 'params': 599403, 'time_iter': 9.9341, 'accuracy': 0.9629, 'precision': 0.5612, 'recall': 0.0446, 'f1': 0.0827, 'auc': 0.7917}
val: {'epoch': 12, 'loss': 0.0792, 'lr': 0.001, 'params': 599403, 'time_iter': 1.317, 'accuracy': 0.982, 'precision': 0.7333, 'recall': 0.1358, 'f1': 0.2292, 'auc': 0.7656}
train: {'epoch': 12, 'eta': 874680.3042, 'loss': 0.1284, 'lr': 0.001, 'params': 599403, 'time_iter': 10.1136, 'accuracy': 0.9631, 'precision': 0.5682, 'recall': 0.0609, 'f1': 0.11, 'auc': 0.7979}
val: {'epoch': 13, 'loss': 0.0809, 'lr': 0.001, 'params': 599403, 'time_iter': 1.3458, 'accuracy': 0.9813, 'precision': 0.6111, 'recall': 0.1358, 'f1': 0.2222, 'auc': 0.7873}
train: {'epoch': 13, 'eta': 865235.1, 'loss': 0.1265, 'lr': 0.001, 'params': 599403, 'time_iter': 9.8667, 'accuracy': 0.963, 'precision': 0.5574, 'recall': 0.0552, 'f1': 0.1004, 'auc': 0.8074}
val: {'epoch': 14, 'loss': 0.0797, 'lr': 0.001, 'params': 599403, 'time_iter': 1.3381, 'accuracy': 0.9805, 'precision': 0.5263, 'recall': 0.1235, 'f1': 0.2, 'auc': 0.788}
train: {'epoch': 14, 'eta': 855279.0639, 'loss': 0.1268, 'lr': 0.001, 'params': 599403, 'time_iter': 9.7953, 'accuracy': 0.9633, 'precision': 0.5817, 'recall': 0.0722, 'f1': 0.1285, 'auc': 0.8016}
val: {'epoch': 15, 'loss': 0.079, 'lr': 0.001, 'params': 599403, 'time_iter': 1.4376, 'accuracy': 0.982, 'precision': 0.7692, 'recall': 0.1235, 'f1': 0.2128, 'auc': 0.7745}
train: {'epoch': 15, 'eta': 845156.1689, 'loss': 0.1249, 'lr': 0.001, 'params': 599403, 'time_iter': 9.7673, 'accuracy': 0.9638, 'precision': 0.634, 'recall': 0.0787, 'f1': 0.1401, 'auc': 0.8111}
val: {'epoch': 16, 'loss': 0.0788, 'lr': 0.001, 'params': 599403, 'time_iter': 1.3978, 'accuracy': 0.9818, 'precision': 0.5789, 'recall': 0.2716, 'f1': 0.3697, 'auc': 0.7743}
train: {'epoch': 16, 'eta': 835451.6456, 'loss': 0.1233, 'lr': 0.001, 'params': 599403, 'time_iter': 9.8489, 'accuracy': 0.9639, 'precision': 0.6229, 'recall': 0.0885, 'f1': 0.1549, 'auc': 0.8125}
val: {'epoch': 17, 'loss': 0.0799, 'lr': 0.001, 'params': 599403, 'time_iter': 1.4429, 'accuracy': 0.981, 'precision': 0.7143, 'recall': 0.0617, 'f1': 0.1136, 'auc': 0.7686}
train: {'epoch': 17, 'eta': 825343.7273, 'loss': 0.1233, 'lr': 0.001, 'params': 599403, 'time_iter': 9.773, 'accuracy': 0.9637, 'precision': 0.5911, 'recall': 0.0974, 'f1': 0.1672, 'auc': 0.8177}
val: {'epoch': 18, 'loss': 0.0791, 'lr': 0.001, 'params': 599403, 'time_iter': 1.8055, 'accuracy': 0.9827, 'precision': 0.7083, 'recall': 0.2099, 'f1': 0.3238, 'auc': 0.7778}
train: {'epoch': 18, 'eta': 816990.9641, 'loss': 0.1221, 'lr': 0.001, 'params': 599403, 'time_iter': 10.1719, 'accuracy': 0.964, 'precision': 0.6207, 'recall': 0.1023, 'f1': 0.1756, 'auc': 0.8188}
val: {'epoch': 19, 'loss': 0.0776, 'lr': 0.001, 'params': 599403, 'time_iter': 1.3639, 'accuracy': 0.9825, 'precision': 0.7647, 'recall': 0.1605, 'f1': 0.2653, 'auc': 0.7882}
train: {'epoch': 19, 'eta': 806693.1148, 'loss': 0.1214, 'lr': 0.001, 'params': 599403, 'time_iter': 9.7507, 'accuracy': 0.9649, 'precision': 0.6776, 'recall': 0.1177, 'f1': 0.2006, 'auc': 0.8177}
val: {'epoch': 20, 'loss': 0.0797, 'lr': 0.001, 'params': 599403, 'time_iter': 1.3376, 'accuracy': 0.9825, 'precision': 0.6364, 'recall': 0.2593, 'f1': 0.3684, 'auc': 0.7786}
train: {'epoch': 20, 'eta': 796225.8049, 'loss': 0.1198, 'lr': 0.001, 'params': 599403, 'time_iter': 9.7004, 'accuracy': 0.965, 'precision': 0.6802, 'recall': 0.1226, 'f1': 0.2077, 'auc': 0.8249}
val: {'epoch': 21, 'loss': 0.0801, 'lr': 0.001, 'params': 599403, 'time_iter': 1.559, 'accuracy': 0.9818, 'precision': 0.5789, 'recall': 0.2716, 'f1': 0.3697, 'auc': 0.762}
train: {'epoch': 21, 'eta': 786455.4897, 'loss': 0.1205, 'lr': 0.001, 'params': 599403, 'time_iter': 9.8793, 'accuracy': 0.9649, 'precision': 0.6681, 'recall': 0.1258, 'f1': 0.2117, 'auc': 0.8243}
val: {'epoch': 22, 'loss': 0.0761, 'lr': 0.001, 'params': 599403, 'time_iter': 1.3724, 'accuracy': 0.9832, 'precision': 0.7, 'recall': 0.2593, 'f1': 0.3784, 'auc': 0.7774}
train: {'epoch': 22, 'eta': 776351.6552, 'loss': 0.1184, 'lr': 0.001, 'params': 599403, 'time_iter': 9.7925, 'accuracy': 0.965, 'precision': 0.6552, 'recall': 0.1388, 'f1': 0.2291, 'auc': 0.8324}
val: {'epoch': 23, 'loss': 0.0794, 'lr': 0.001, 'params': 599403, 'time_iter': 1.3968, 'accuracy': 0.981, 'precision': 1.0, 'recall': 0.037, 'f1': 0.0714, 'auc': 0.7712}
train: {'epoch': 23, 'eta': 765997.4248, 'loss': 0.1176, 'lr': 0.001, 'params': 599403, 'time_iter': 9.7149, 'accuracy': 0.9649, 'precision': 0.638, 'recall': 0.1445, 'f1': 0.2356, 'auc': 0.831}
val: {'epoch': 24, 'loss': 0.0845, 'lr': 0.001, 'params': 599403, 'time_iter': 1.299, 'accuracy': 0.9813, 'precision': 0.5625, 'recall': 0.2222, 'f1': 0.3186, 'auc': 0.7626}
train: {'epoch': 24, 'eta': 756086.4205, 'loss': 0.1166, 'lr': 0.001, 'params': 599403, 'time_iter': 9.8493, 'accuracy': 0.9655, 'precision': 0.6738, 'recall': 0.1542, 'f1': 0.251, 'auc': 0.8385}
val: {'epoch': 25, 'loss': 0.0807, 'lr': 0.001, 'params': 599403, 'time_iter': 1.3242, 'accuracy': 0.9823, 'precision': 0.9, 'recall': 0.1111, 'f1': 0.1978, 'auc': 0.7812}
train: {'epoch': 25, 'eta': 746580.0539, 'loss': 0.1161, 'lr': 0.001, 'params': 599403, 'time_iter': 9.9933, 'accuracy': 0.9658, 'precision': 0.6815, 'recall': 0.1615, 'f1': 0.2612, 'auc': 0.8393}
val: {'epoch': 26, 'loss': 0.0793, 'lr': 0.001, 'params': 599403, 'time_iter': 1.3999, 'accuracy': 0.9815, 'precision': 0.6667, 'recall': 0.1235, 'f1': 0.2083, 'auc': 0.7867}
train: {'epoch': 26, 'eta': 736085.6104, 'loss': 0.1153, 'lr': 0.001, 'params': 599403, 'time_iter': 9.6588, 'accuracy': 0.9659, 'precision': 0.6821, 'recall': 0.1672, 'f1': 0.2686, 'auc': 0.8437}
val: {'epoch': 27, 'loss': 0.0777, 'lr': 0.001, 'params': 599403, 'time_iter': 1.3658, 'accuracy': 0.983, 'precision': 0.7619, 'recall': 0.1975, 'f1': 0.3137, 'auc': 0.7873}
train: {'epoch': 27, 'eta': 725720.724, 'loss': 0.1145, 'lr': 0.001, 'params': 599403, 'time_iter': 9.6928, 'accuracy': 0.9662, 'precision': 0.6935, 'recall': 0.1745, 'f1': 0.2789, 'auc': 0.8462}
val: {'epoch': 28, 'loss': 0.077, 'lr': 0.001, 'params': 599403, 'time_iter': 1.8352, 'accuracy': 0.9835, 'precision': 0.8421, 'recall': 0.1975, 'f1': 0.32, 'auc': 0.788}
train: {'epoch': 28, 'eta': 715245.5169, 'loss': 0.1148, 'lr': 0.001, 'params': 599403, 'time_iter': 9.6383, 'accuracy': 0.9659, 'precision': 0.6719, 'recall': 0.1745, 'f1': 0.2771, 'auc': 0.847}
val: {'epoch': 29, 'loss': 0.0803, 'lr': 0.001, 'params': 599403, 'time_iter': 1.3259, 'accuracy': 0.982, 'precision': 0.7059, 'recall': 0.1481, 'f1': 0.2449, 'auc': 0.7795}
train: {'epoch': 29, 'eta': 704827.0567, 'loss': 0.1136, 'lr': 0.001, 'params': 599403, 'time_iter': 9.6465, 'accuracy': 0.9663, 'precision': 0.6752, 'recall': 0.1924, 'f1': 0.2994, 'auc': 0.8478}
val: {'epoch': 30, 'loss': 0.0783, 'lr': 0.001, 'params': 599403, 'time_iter': 1.354, 'accuracy': 0.9815, 'precision': 0.5806, 'recall': 0.2222, 'f1': 0.3214, 'auc': 0.7755}
train: {'epoch': 30, 'eta': 694644.2212, 'loss': 0.1135, 'lr': 0.001, 'params': 599403, 'time_iter': 9.7355, 'accuracy': 0.9662, 'precision': 0.6818, 'recall': 0.1826, 'f1': 0.2881, 'auc': 0.8497}
val: {'epoch': 31, 'loss': 0.0769, 'lr': 0.001, 'params': 599403, 'time_iter': 1.4038, 'accuracy': 0.982, 'precision': 0.7333, 'recall': 0.1358, 'f1': 0.2292, 'auc': 0.7842}
train: {'epoch': 31, 'eta': 684767.2142, 'loss': 0.1131, 'lr': 0.001, 'params': 599403, 'time_iter': 9.8706, 'accuracy': 0.9664, 'precision': 0.6871, 'recall': 0.1907, 'f1': 0.2986, 'auc': 0.8501}
val: {'epoch': 32, 'loss': 0.0813, 'lr': 0.001, 'params': 599403, 'time_iter': 1.3862, 'accuracy': 0.9823, 'precision': 1.0, 'recall': 0.0988, 'f1': 0.1798, 'auc': 0.7856}
train: {'epoch': 32, 'eta': 674539.0139, 'loss': 0.1116, 'lr': 0.001, 'params': 599403, 'time_iter': 9.7106, 'accuracy': 0.9671, 'precision': 0.7035, 'recall': 0.2119, 'f1': 0.3256, 'auc': 0.8561}
val: {'epoch': 33, 'loss': 0.0844, 'lr': 0.001, 'params': 599403, 'time_iter': 1.3714, 'accuracy': 0.982, 'precision': 0.7059, 'recall': 0.1481, 'f1': 0.2449, 'auc': 0.7785}
train: {'epoch': 33, 'eta': 664377.0029, 'loss': 0.1109, 'lr': 0.001, 'params': 599403, 'time_iter': 9.7368, 'accuracy': 0.967, 'precision': 0.6881, 'recall': 0.2167, 'f1': 0.3296, 'auc': 0.8567}
val: {'epoch': 34, 'loss': 0.0788, 'lr': 0.001, 'params': 599403, 'time_iter': 1.4238, 'accuracy': 0.9808, 'precision': 0.5357, 'recall': 0.1852, 'f1': 0.2752, 'auc': 0.7935}
train: {'epoch': 34, 'eta': 654011.8913, 'loss': 0.1115, 'lr': 0.001, 'params': 599403, 'time_iter': 9.6263, 'accuracy': 0.9672, 'precision': 0.7062, 'recall': 0.2127, 'f1': 0.3269, 'auc': 0.8554}
val: {'epoch': 35, 'loss': 0.0784, 'lr': 0.001, 'params': 599403, 'time_iter': 2.4693, 'accuracy': 0.9815, 'precision': 0.6667, 'recall': 0.1235, 'f1': 0.2083, 'auc': 0.7916}
train: {'epoch': 35, 'eta': 644089.4427, 'loss': 0.1098, 'lr': 0.001, 'params': 599403, 'time_iter': 9.8543, 'accuracy': 0.9673, 'precision': 0.7093, 'recall': 0.2159, 'f1': 0.3311, 'auc': 0.863}
val: {'epoch': 36, 'loss': 0.081, 'lr': 0.001, 'params': 599403, 'time_iter': 1.3565, 'accuracy': 0.9823, 'precision': 0.6538, 'recall': 0.2099, 'f1': 0.3178, 'auc': 0.7643}
train: {'epoch': 36, 'eta': 634006.9955, 'loss': 0.1092, 'lr': 0.001, 'params': 599403, 'time_iter': 9.7697, 'accuracy': 0.9679, 'precision': 0.7174, 'recall': 0.237, 'f1': 0.3563, 'auc': 0.8594}
val: {'epoch': 37, 'loss': 0.0851, 'lr': 0.001, 'params': 599403, 'time_iter': 1.344, 'accuracy': 0.9815, 'precision': 0.6923, 'recall': 0.1111, 'f1': 0.1915, 'auc': 0.7668}
train: {'epoch': 37, 'eta': 624095.7566, 'loss': 0.1089, 'lr': 0.001, 'params': 599403, 'time_iter': 9.8707, 'accuracy': 0.9678, 'precision': 0.7122, 'recall': 0.233, 'f1': 0.3511, 'auc': 0.8648}
val: {'epoch': 38, 'loss': 0.0783, 'lr': 0.001, 'params': 599403, 'time_iter': 1.4875, 'accuracy': 0.982, 'precision': 0.7692, 'recall': 0.1235, 'f1': 0.2128, 'auc': 0.7969}
train: {'epoch': 38, 'eta': 613902.2893, 'loss': 0.1082, 'lr': 0.001, 'params': 599403, 'time_iter': 9.7032, 'accuracy': 0.9681, 'precision': 0.7201, 'recall': 0.2443, 'f1': 0.3648, 'auc': 0.8636}
val: {'epoch': 39, 'loss': 0.0841, 'lr': 0.001, 'params': 599403, 'time_iter': 1.3356, 'accuracy': 0.9818, 'precision': 0.875, 'recall': 0.0864, 'f1': 0.1573, 'auc': 0.7713}
train: {'epoch': 39, 'eta': 604033.5186, 'loss': 0.1083, 'lr': 0.001, 'params': 599403, 'time_iter': 9.9068, 'accuracy': 0.9681, 'precision': 0.722, 'recall': 0.2403, 'f1': 0.3605, 'auc': 0.8656}
val: {'epoch': 40, 'loss': 0.0807, 'lr': 0.001, 'params': 599403, 'time_iter': 1.4152, 'accuracy': 0.9832, 'precision': 0.75, 'recall': 0.2222, 'f1': 0.3429, 'auc': 0.7859}
train: {'epoch': 40, 'eta': 594127.0852, 'loss': 0.1068, 'lr': 0.001, 'params': 599403, 'time_iter': 9.8921, 'accuracy': 0.9684, 'precision': 0.7237, 'recall': 0.2508, 'f1': 0.3725, 'auc': 0.8686}
val: {'epoch': 41, 'loss': 0.0815, 'lr': 0.001, 'params': 599403, 'time_iter': 1.3181, 'accuracy': 0.9815, 'precision': 0.7778, 'recall': 0.0864, 'f1': 0.1556, 'auc': 0.7889}
train: {'epoch': 41, 'eta': 584266.6923, 'loss': 0.1076, 'lr': 0.001, 'params': 599403, 'time_iter': 9.9336, 'accuracy': 0.9681, 'precision': 0.7156, 'recall': 0.2451, 'f1': 0.3652, 'auc': 0.8662}
val: {'epoch': 42, 'loss': 0.079, 'lr': 0.001, 'params': 599403, 'time_iter': 1.3434, 'accuracy': 0.9832, 'precision': 0.875, 'recall': 0.1728, 'f1': 0.2887, 'auc': 0.7843}
train: {'epoch': 42, 'eta': 574281.8553, 'loss': 0.1062, 'lr': 0.001, 'params': 599403, 'time_iter': 9.8547, 'accuracy': 0.9683, 'precision': 0.707, 'recall': 0.2606, 'f1': 0.3808, 'auc': 0.8741}
val: {'epoch': 43, 'loss': 0.0788, 'lr': 0.001, 'params': 599403, 'time_iter': 1.4138, 'accuracy': 0.9803, 'precision': 0.5, 'recall': 0.2346, 'f1': 0.3193, 'auc': 0.7942}
train: {'epoch': 43, 'eta': 564057.813, 'loss': 0.107, 'lr': 0.001, 'params': 599403, 'time_iter': 9.6775, 'accuracy': 0.968, 'precision': 0.7009, 'recall': 0.2549, 'f1': 0.3738, 'auc': 0.872}
val: {'epoch': 44, 'loss': 0.0766, 'lr': 0.001, 'params': 599403, 'time_iter': 1.3642, 'accuracy': 0.9832, 'precision': 0.7143, 'recall': 0.2469, 'f1': 0.367, 'auc': 0.8002}
train: {'epoch': 44, 'eta': 553753.8636, 'loss': 0.1049, 'lr': 0.001, 'params': 599403, 'time_iter': 9.6045, 'accuracy': 0.9682, 'precision': 0.7058, 'recall': 0.2589, 'f1': 0.3789, 'auc': 0.8795}
val: {'epoch': 45, 'loss': 0.0772, 'lr': 0.001, 'params': 599403, 'time_iter': 2.3679, 'accuracy': 0.9827, 'precision': 0.6471, 'recall': 0.2716, 'f1': 0.3826, 'auc': 0.7857}
train: {'epoch': 45, 'eta': 543877.7261, 'loss': 0.1054, 'lr': 0.001, 'params': 599403, 'time_iter': 9.9435, 'accuracy': 0.9691, 'precision': 0.7411, 'recall': 0.2695, 'f1': 0.3952, 'auc': 0.8729}
val: {'epoch': 46, 'loss': 0.0787, 'lr': 0.001, 'params': 599403, 'time_iter': 1.3237, 'accuracy': 0.9823, 'precision': 0.6667, 'recall': 0.1975, 'f1': 0.3048, 'auc': 0.7918}
train: {'epoch': 46, 'eta': 534187.169, 'loss': 0.1046, 'lr': 0.001, 'params': 599403, 'time_iter': 10.1165, 'accuracy': 0.9687, 'precision': 0.7134, 'recall': 0.2727, 'f1': 0.3946, 'auc': 0.8797}
val: {'epoch': 47, 'loss': 0.0865, 'lr': 0.001, 'params': 599403, 'time_iter': 1.3586, 'accuracy': 0.9813, 'precision': 0.6667, 'recall': 0.0988, 'f1': 0.172, 'auc': 0.7972}
train: {'epoch': 47, 'eta': 524002.1971, 'loss': 0.1039, 'lr': 0.001, 'params': 599403, 'time_iter': 9.6999, 'accuracy': 0.9694, 'precision': 0.7378, 'recall': 0.2833, 'f1': 0.4094, 'auc': 0.8814}
val: {'epoch': 48, 'loss': 0.0815, 'lr': 0.001, 'params': 599403, 'time_iter': 1.4077, 'accuracy': 0.9827, 'precision': 0.7273, 'recall': 0.1975, 'f1': 0.3107, 'auc': 0.7807}
train: {'epoch': 48, 'eta': 513987.9977, 'loss': 0.1032, 'lr': 0.001, 'params': 599403, 'time_iter': 9.8516, 'accuracy': 0.9695, 'precision': 0.7495, 'recall': 0.2768, 'f1': 0.4043, 'auc': 0.8804}
val: {'epoch': 49, 'loss': 0.0802, 'lr': 0.001, 'params': 599403, 'time_iter': 1.3539, 'accuracy': 0.9813, 'precision': 0.5909, 'recall': 0.1605, 'f1': 0.2524, 'auc': 0.7988}
train: {'epoch': 49, 'eta': 503763.7744, 'loss': 0.1029, 'lr': 0.001, 'params': 599403, 'time_iter': 9.6523, 'accuracy': 0.9695, 'precision': 0.7441, 'recall': 0.2833, 'f1': 0.4103, 'auc': 0.8842}
val: {'epoch': 50, 'loss': 0.0811, 'lr': 0.001, 'params': 599403, 'time_iter': 1.3332, 'accuracy': 0.9818, 'precision': 0.6875, 'recall': 0.1358, 'f1': 0.2268, 'auc': 0.7788}
train: {'epoch': 50, 'eta': 493682.763, 'loss': 0.102, 'lr': 0.001, 'params': 599403, 'time_iter': 9.7855, 'accuracy': 0.9699, 'precision': 0.7386, 'recall': 0.3028, 'f1': 0.4295, 'auc': 0.8855}
val: {'epoch': 51, 'loss': 0.0815, 'lr': 0.001, 'params': 599403, 'time_iter': 1.4197, 'accuracy': 0.981, 'precision': 0.5789, 'recall': 0.1358, 'f1': 0.22, 'auc': 0.7993}
train: {'epoch': 51, 'eta': 483707.7182, 'loss': 0.1025, 'lr': 0.001, 'params': 599403, 'time_iter': 9.8966, 'accuracy': 0.9698, 'precision': 0.7399, 'recall': 0.2979, 'f1': 0.4248, 'auc': 0.8839}
val: {'epoch': 52, 'loss': 0.0841, 'lr': 0.001, 'params': 599403, 'time_iter': 2.029, 'accuracy': 0.9823, 'precision': 0.7222, 'recall': 0.1605, 'f1': 0.2626, 'auc': 0.7746}
train: {'epoch': 52, 'eta': 473467.7327, 'loss': 0.1028, 'lr': 0.001, 'params': 599403, 'time_iter': 9.6149, 'accuracy': 0.9691, 'precision': 0.7202, 'recall': 0.2841, 'f1': 0.4075, 'auc': 0.8841}
val: {'epoch': 53, 'loss': 0.0831, 'lr': 0.001, 'params': 599403, 'time_iter': 1.394, 'accuracy': 0.9815, 'precision': 0.6471, 'recall': 0.1358, 'f1': 0.2245, 'auc': 0.7903}
train: {'epoch': 53, 'eta': 463267.6326, 'loss': 0.1016, 'lr': 0.001, 'params': 599403, 'time_iter': 9.6458, 'accuracy': 0.9702, 'precision': 0.7625, 'recall': 0.2971, 'f1': 0.4276, 'auc': 0.8874}
val: {'epoch': 54, 'loss': 0.0831, 'lr': 0.001, 'params': 599403, 'time_iter': 1.3016, 'accuracy': 0.9805, 'precision': 0.5217, 'recall': 0.1481, 'f1': 0.2308, 'auc': 0.7911}
train: {'epoch': 54, 'eta': 453137.2239, 'loss': 0.1014, 'lr': 0.001, 'params': 599403, 'time_iter': 9.7167, 'accuracy': 0.9691, 'precision': 0.7219, 'recall': 0.2865, 'f1': 0.4102, 'auc': 0.892}
val: {'epoch': 55, 'loss': 0.0826, 'lr': 0.001, 'params': 599403, 'time_iter': 1.8052, 'accuracy': 0.9827, 'precision': 0.7273, 'recall': 0.1975, 'f1': 0.3107, 'auc': 0.7673}
train: {'epoch': 55, 'eta': 443119.0879, 'loss': 0.1012, 'lr': 0.001, 'params': 599403, 'time_iter': 9.8497, 'accuracy': 0.9698, 'precision': 0.7434, 'recall': 0.2963, 'f1': 0.4237, 'auc': 0.8923}
val: {'epoch': 56, 'loss': 0.0824, 'lr': 0.001, 'params': 599403, 'time_iter': 1.4079, 'accuracy': 0.9818, 'precision': 0.6, 'recall': 0.2222, 'f1': 0.3243, 'auc': 0.7775}
train: {'epoch': 56, 'eta': 432927.6798, 'loss': 0.0996, 'lr': 0.001, 'params': 599403, 'time_iter': 9.6318, 'accuracy': 0.9692, 'precision': 0.7102, 'recall': 0.3003, 'f1': 0.4221, 'auc': 0.8973}
val: {'epoch': 57, 'loss': 0.0824, 'lr': 0.001, 'params': 599403, 'time_iter': 1.3021, 'accuracy': 0.982, 'precision': 0.6129, 'recall': 0.2346, 'f1': 0.3393, 'auc': 0.7805}
train: {'epoch': 57, 'eta': 422779.4574, 'loss': 0.0992, 'lr': 0.001, 'params': 599403, 'time_iter': 9.6768, 'accuracy': 0.9702, 'precision': 0.7419, 'recall': 0.3149, 'f1': 0.4422, 'auc': 0.8941}
val: {'epoch': 58, 'loss': 0.0848, 'lr': 0.001, 'params': 599403, 'time_iter': 1.3857, 'accuracy': 0.982, 'precision': 0.6522, 'recall': 0.1852, 'f1': 0.2885, 'auc': 0.7761}
train: {'epoch': 58, 'eta': 412642.0102, 'loss': 0.1001, 'lr': 0.001, 'params': 599403, 'time_iter': 9.6828, 'accuracy': 0.9701, 'precision': 0.7345, 'recall': 0.3166, 'f1': 0.4424, 'auc': 0.8907}
val: {'epoch': 59, 'loss': 0.0844, 'lr': 0.001, 'params': 599403, 'time_iter': 1.4375, 'accuracy': 0.9815, 'precision': 0.5714, 'recall': 0.2469, 'f1': 0.3448, 'auc': 0.784}
train: {'epoch': 59, 'eta': 402586.8322, 'loss': 0.0984, 'lr': 0.001, 'params': 599403, 'time_iter': 9.7943, 'accuracy': 0.9705, 'precision': 0.7472, 'recall': 0.3214, 'f1': 0.4495, 'auc': 0.8996}
val: {'epoch': 60, 'loss': 0.0809, 'lr': 0.001, 'params': 599403, 'time_iter': 1.384, 'accuracy': 0.9813, 'precision': 0.5769, 'recall': 0.1852, 'f1': 0.2804, 'auc': 0.7877}
train: {'epoch': 60, 'eta': 392495.3608, 'loss': 0.0981, 'lr': 0.001, 'params': 599403, 'time_iter': 9.7403, 'accuracy': 0.9705, 'precision': 0.751, 'recall': 0.3182, 'f1': 0.447, 'auc': 0.9024}
val: {'epoch': 61, 'loss': 0.0853, 'lr': 0.001, 'params': 599403, 'time_iter': 1.421, 'accuracy': 0.9823, 'precision': 0.6333, 'recall': 0.2346, 'f1': 0.3423, 'auc': 0.774}
train: {'epoch': 61, 'eta': 382415.362, 'loss': 0.097, 'lr': 0.001, 'params': 599403, 'time_iter': 9.755, 'accuracy': 0.971, 'precision': 0.7495, 'recall': 0.3377, 'f1': 0.4656, 'auc': 0.9035}
val: {'epoch': 62, 'loss': 0.0832, 'lr': 0.001, 'params': 599403, 'time_iter': 1.978, 'accuracy': 0.982, 'precision': 0.6522, 'recall': 0.1852, 'f1': 0.2885, 'auc': 0.7856}
train: {'epoch': 62, 'eta': 372243.4518, 'loss': 0.0977, 'lr': 0.001, 'params': 599403, 'time_iter': 9.6007, 'accuracy': 0.9705, 'precision': 0.7458, 'recall': 0.3239, 'f1': 0.4516, 'auc': 0.9003}
val: {'epoch': 63, 'loss': 0.0864, 'lr': 0.001, 'params': 599403, 'time_iter': 1.4747, 'accuracy': 0.9813, 'precision': 0.5714, 'recall': 0.1975, 'f1': 0.2936, 'auc': 0.7806}
train: {'epoch': 63, 'eta': 362333.6167, 'loss': 0.0963, 'lr': 0.001, 'params': 599403, 'time_iter': 10.0376, 'accuracy': 0.9712, 'precision': 0.7645, 'recall': 0.332, 'f1': 0.4629, 'auc': 0.906}
val: {'epoch': 64, 'loss': 0.0871, 'lr': 0.001, 'params': 599403, 'time_iter': 1.4108, 'accuracy': 0.9813, 'precision': 0.625, 'recall': 0.1235, 'f1': 0.2062, 'auc': 0.7896}
train: {'epoch': 64, 'eta': 352177.1367, 'loss': 0.0967, 'lr': 0.001, 'params': 599403, 'time_iter': 9.6157, 'accuracy': 0.9709, 'precision': 0.7556, 'recall': 0.3287, 'f1': 0.4581, 'auc': 0.9049}
val: {'epoch': 65, 'loss': 0.0842, 'lr': 0.001, 'params': 599403, 'time_iter': 1.4529, 'accuracy': 0.9818, 'precision': 0.6875, 'recall': 0.1358, 'f1': 0.2268, 'auc': 0.7841}
train: {'epoch': 65, 'eta': 342051.3203, 'loss': 0.0961, 'lr': 0.001, 'params': 599403, 'time_iter': 9.6586, 'accuracy': 0.9708, 'precision': 0.7509, 'recall': 0.3304, 'f1': 0.4589, 'auc': 0.9038}
val: {'epoch': 66, 'loss': 0.0875, 'lr': 0.001, 'params': 599403, 'time_iter': 1.4458, 'accuracy': 0.9823, 'precision': 0.6818, 'recall': 0.1852, 'f1': 0.2913, 'auc': 0.7787}
train: {'epoch': 66, 'eta': 332032.2442, 'loss': 0.0952, 'lr': 0.001, 'params': 599403, 'time_iter': 9.8582, 'accuracy': 0.9716, 'precision': 0.7729, 'recall': 0.3425, 'f1': 0.4747, 'auc': 0.907}
val: {'epoch': 67, 'loss': 0.0819, 'lr': 0.001, 'params': 599403, 'time_iter': 1.3897, 'accuracy': 0.9825, 'precision': 0.68, 'recall': 0.2099, 'f1': 0.3208, 'auc': 0.7847}
train: {'epoch': 67, 'eta': 322072.8714, 'loss': 0.095, 'lr': 0.001, 'params': 599403, 'time_iter': 9.9891, 'accuracy': 0.9709, 'precision': 0.7482, 'recall': 0.3377, 'f1': 0.4653, 'auc': 0.91}
val: {'epoch': 68, 'loss': 0.0871, 'lr': 0.001, 'params': 599403, 'time_iter': 1.3433, 'accuracy': 0.983, 'precision': 0.7037, 'recall': 0.2346, 'f1': 0.3519, 'auc': 0.7597}
train: {'epoch': 68, 'eta': 311994.1843, 'loss': 0.0942, 'lr': 0.001, 'params': 599403, 'time_iter': 9.751, 'accuracy': 0.9718, 'precision': 0.7643, 'recall': 0.358, 'f1': 0.4876, 'auc': 0.9105}
val: {'epoch': 69, 'loss': 0.0836, 'lr': 0.001, 'params': 599403, 'time_iter': 1.4163, 'accuracy': 0.9827, 'precision': 0.7083, 'recall': 0.2099, 'f1': 0.3238, 'auc': 0.7965}
train: {'epoch': 69, 'eta': 301896.0793, 'loss': 0.0948, 'lr': 0.001, 'params': 599403, 'time_iter': 9.7041, 'accuracy': 0.9706, 'precision': 0.7349, 'recall': 0.3352, 'f1': 0.4604, 'auc': 0.9112}
val: {'epoch': 70, 'loss': 0.0831, 'lr': 0.001, 'params': 599403, 'time_iter': 1.4315, 'accuracy': 0.9803, 'precision': 0.5, 'recall': 0.1975, 'f1': 0.2832, 'auc': 0.7876}
train: {'epoch': 70, 'eta': 291816.6505, 'loss': 0.0941, 'lr': 0.001, 'params': 599403, 'time_iter': 9.741, 'accuracy': 0.9711, 'precision': 0.7487, 'recall': 0.3433, 'f1': 0.4708, 'auc': 0.9107}
val: {'epoch': 71, 'loss': 0.0852, 'lr': 0.001, 'params': 599403, 'time_iter': 1.4286, 'accuracy': 0.9808, 'precision': 0.5278, 'recall': 0.2346, 'f1': 0.3248, 'auc': 0.7985}
train: {'epoch': 71, 'eta': 281757.3636, 'loss': 0.0938, 'lr': 0.001, 'params': 599403, 'time_iter': 9.7874, 'accuracy': 0.9711, 'precision': 0.7482, 'recall': 0.3425, 'f1': 0.4699, 'auc': 0.9109}
val: {'epoch': 72, 'loss': 0.0875, 'lr': 0.001, 'params': 599403, 'time_iter': 1.5532, 'accuracy': 0.9815, 'precision': 0.6471, 'recall': 0.1358, 'f1': 0.2245, 'auc': 0.7942}
train: {'epoch': 72, 'eta': 271729.0891, 'loss': 0.0932, 'lr': 0.001, 'params': 599403, 'time_iter': 9.8698, 'accuracy': 0.9712, 'precision': 0.7509, 'recall': 0.345, 'f1': 0.4727, 'auc': 0.9125}
val: {'epoch': 73, 'loss': 0.0874, 'lr': 0.001, 'params': 599403, 'time_iter': 1.3561, 'accuracy': 0.9832, 'precision': 0.875, 'recall': 0.1728, 'f1': 0.2887, 'auc': 0.7886}
train: {'epoch': 73, 'eta': 261654.1841, 'loss': 0.0931, 'lr': 0.001, 'params': 599403, 'time_iter': 9.7504, 'accuracy': 0.9719, 'precision': 0.7684, 'recall': 0.3555, 'f1': 0.4861, 'auc': 0.9128}
val: {'epoch': 74, 'loss': 0.091, 'lr': 0.001, 'params': 599403, 'time_iter': 1.4606, 'accuracy': 0.9813, 'precision': 0.6, 'recall': 0.1481, 'f1': 0.2376, 'auc': 0.776}
train: {'epoch': 74, 'eta': 251640.7875, 'loss': 0.0928, 'lr': 0.001, 'params': 599403, 'time_iter': 9.9264, 'accuracy': 0.9715, 'precision': 0.7462, 'recall': 0.3604, 'f1': 0.486, 'auc': 0.9145}
val: {'epoch': 75, 'loss': 0.0857, 'lr': 0.001, 'params': 599403, 'time_iter': 1.3613, 'accuracy': 0.983, 'precision': 0.72, 'recall': 0.2222, 'f1': 0.3396, 'auc': 0.7965}
train: {'epoch': 75, 'eta': 241578.2767, 'loss': 0.0905, 'lr': 0.001, 'params': 599403, 'time_iter': 9.7916, 'accuracy': 0.972, 'precision': 0.7635, 'recall': 0.3669, 'f1': 0.4956, 'auc': 0.9219}
val: {'epoch': 76, 'loss': 0.0881, 'lr': 0.001, 'params': 599403, 'time_iter': 1.3935, 'accuracy': 0.9827, 'precision': 0.6786, 'recall': 0.2346, 'f1': 0.3486, 'auc': 0.7732}
train: {'epoch': 76, 'eta': 231511.3283, 'loss': 0.0921, 'lr': 0.001, 'params': 599403, 'time_iter': 9.7782, 'accuracy': 0.9719, 'precision': 0.7546, 'recall': 0.3693, 'f1': 0.4959, 'auc': 0.9175}
val: {'epoch': 77, 'loss': 0.09, 'lr': 0.001, 'params': 599403, 'time_iter': 1.3334, 'accuracy': 0.981, 'precision': 0.6154, 'recall': 0.0988, 'f1': 0.1702, 'auc': 0.7802}
train: {'epoch': 77, 'eta': 221469.1338, 'loss': 0.0918, 'lr': 0.001, 'params': 599403, 'time_iter': 9.8631, 'accuracy': 0.972, 'precision': 0.7504, 'recall': 0.3782, 'f1': 0.503, 'auc': 0.9178}
val: {'epoch': 78, 'loss': 0.0904, 'lr': 0.001, 'params': 599403, 'time_iter': 1.4881, 'accuracy': 0.9815, 'precision': 0.5862, 'recall': 0.2099, 'f1': 0.3091, 'auc': 0.7658}
train: {'epoch': 78, 'eta': 211382.4544, 'loss': 0.0893, 'lr': 0.001, 'params': 599403, 'time_iter': 9.7103, 'accuracy': 0.9724, 'precision': 0.766, 'recall': 0.3799, 'f1': 0.5079, 'auc': 0.9225}
val: {'epoch': 79, 'loss': 0.0866, 'lr': 0.001, 'params': 599403, 'time_iter': 1.8425, 'accuracy': 0.981, 'precision': 0.5429, 'recall': 0.2346, 'f1': 0.3276, 'auc': 0.7696}
train: {'epoch': 79, 'eta': 201316.1708, 'loss': 0.0901, 'lr': 0.001, 'params': 599403, 'time_iter': 9.7804, 'accuracy': 0.9722, 'precision': 0.7686, 'recall': 0.3693, 'f1': 0.4989, 'auc': 0.9245}
val: {'epoch': 80, 'loss': 0.0963, 'lr': 0.001, 'params': 599403, 'time_iter': 1.3038, 'accuracy': 0.9803, 'precision': 0.5, 'recall': 0.1728, 'f1': 0.2569, 'auc': 0.7568}
train: {'epoch': 80, 'eta': 191340.2929, 'loss': 0.09, 'lr': 0.001, 'params': 599403, 'time_iter': 10.1547, 'accuracy': 0.9725, 'precision': 0.7761, 'recall': 0.3742, 'f1': 0.5049, 'auc': 0.9215}
val: {'epoch': 81, 'loss': 0.0888, 'lr': 0.001, 'params': 599403, 'time_iter': 1.422, 'accuracy': 0.9818, 'precision': 0.6364, 'recall': 0.1728, 'f1': 0.2718, 'auc': 0.7779}
train: {'epoch': 81, 'eta': 181315.6948, 'loss': 0.0883, 'lr': 0.001, 'params': 599403, 'time_iter': 9.9901, 'accuracy': 0.9727, 'precision': 0.7738, 'recall': 0.3831, 'f1': 0.5125, 'auc': 0.9264}
val: {'epoch': 82, 'loss': 0.088, 'lr': 0.001, 'params': 599403, 'time_iter': 1.3957, 'accuracy': 0.9818, 'precision': 0.7143, 'recall': 0.1235, 'f1': 0.2105, 'auc': 0.79}
train: {'epoch': 82, 'eta': 171271.4338, 'loss': 0.0891, 'lr': 0.001, 'params': 599403, 'time_iter': 9.926, 'accuracy': 0.9727, 'precision': 0.7689, 'recall': 0.3888, 'f1': 0.5164, 'auc': 0.9233}
val: {'epoch': 83, 'loss': 0.0898, 'lr': 0.001, 'params': 599403, 'time_iter': 1.4779, 'accuracy': 0.9818, 'precision': 0.65, 'recall': 0.1605, 'f1': 0.2574, 'auc': 0.7774}
train: {'epoch': 83, 'eta': 161182.466, 'loss': 0.089, 'lr': 0.001, 'params': 599403, 'time_iter': 9.7185, 'accuracy': 0.9716, 'precision': 0.7435, 'recall': 0.3693, 'f1': 0.4935, 'auc': 0.9283}
val: {'epoch': 84, 'loss': 0.094, 'lr': 0.001, 'params': 599403, 'time_iter': 1.4311, 'accuracy': 0.9815, 'precision': 0.6087, 'recall': 0.1728, 'f1': 0.2692, 'auc': 0.7621}
train: {'epoch': 84, 'eta': 151103.9744, 'loss': 0.0888, 'lr': 0.001, 'params': 599403, 'time_iter': 9.7647, 'accuracy': 0.9728, 'precision': 0.7609, 'recall': 0.3977, 'f1': 0.5224, 'auc': 0.9274}
val: {'epoch': 85, 'loss': 0.0903, 'lr': 0.001, 'params': 599403, 'time_iter': 1.4352, 'accuracy': 0.9805, 'precision': 0.5135, 'recall': 0.2346, 'f1': 0.322, 'auc': 0.7703}
train: {'epoch': 85, 'eta': 141026.9767, 'loss': 0.088, 'lr': 0.001, 'params': 599403, 'time_iter': 9.7694, 'accuracy': 0.9731, 'precision': 0.7788, 'recall': 0.3945, 'f1': 0.5237, 'auc': 0.9258}
val: {'epoch': 86, 'loss': 0.0926, 'lr': 0.001, 'params': 599403, 'time_iter': 1.9526, 'accuracy': 0.9818, 'precision': 0.6071, 'recall': 0.2099, 'f1': 0.3119, 'auc': 0.7689}
train: {'epoch': 86, 'eta': 130960.6929, 'loss': 0.0871, 'lr': 0.001, 'params': 599403, 'time_iter': 9.8355, 'accuracy': 0.973, 'precision': 0.7735, 'recall': 0.3937, 'f1': 0.5218, 'auc': 0.9299}
val: {'epoch': 87, 'loss': 0.0968, 'lr': 0.001, 'params': 599403, 'time_iter': 1.4567, 'accuracy': 0.9813, 'precision': 0.6, 'recall': 0.1481, 'f1': 0.2376, 'auc': 0.7611}
train: {'epoch': 87, 'eta': 120918.947, 'loss': 0.0873, 'lr': 0.001, 'params': 599403, 'time_iter': 10.0191, 'accuracy': 0.9732, 'precision': 0.7692, 'recall': 0.4058, 'f1': 0.5313, 'auc': 0.9295}
val: {'epoch': 88, 'loss': 0.0924, 'lr': 0.001, 'params': 599403, 'time_iter': 1.3813, 'accuracy': 0.9818, 'precision': 0.6154, 'recall': 0.1975, 'f1': 0.2991, 'auc': 0.7802}
train: {'epoch': 88, 'eta': 110848.0894, 'loss': 0.0887, 'lr': 0.001, 'params': 599403, 'time_iter': 9.8376, 'accuracy': 0.9731, 'precision': 0.7845, 'recall': 0.3872, 'f1': 0.5185, 'auc': 0.9271}
val: {'epoch': 89, 'loss': 0.0914, 'lr': 0.001, 'params': 599403, 'time_iter': 1.4014, 'accuracy': 0.9835, 'precision': 0.7826, 'recall': 0.2222, 'f1': 0.3462, 'auc': 0.8078}
train: {'epoch': 89, 'eta': 100768.8111, 'loss': 0.0877, 'lr': 0.001, 'params': 599403, 'time_iter': 9.774, 'accuracy': 0.9723, 'precision': 0.7606, 'recall': 0.3791, 'f1': 0.506, 'auc': 0.9289}
val: {'epoch': 90, 'loss': 0.0936, 'lr': 0.001, 'params': 599403, 'time_iter': 1.3376, 'accuracy': 0.981, 'precision': 0.5652, 'recall': 0.1605, 'f1': 0.25, 'auc': 0.7892}
train: {'epoch': 90, 'eta': 90710.4681, 'loss': 0.0873, 'lr': 0.001, 'params': 599403, 'time_iter': 9.975, 'accuracy': 0.9732, 'precision': 0.7684, 'recall': 0.4067, 'f1': 0.5318, 'auc': 0.93}
val: {'epoch': 91, 'loss': 0.0949, 'lr': 0.001, 'params': 599403, 'time_iter': 1.4422, 'accuracy': 0.9823, 'precision': 0.6667, 'recall': 0.1975, 'f1': 0.3048, 'auc': 0.7835}
train: {'epoch': 91, 'eta': 80637.5849, 'loss': 0.0858, 'lr': 0.001, 'params': 599403, 'time_iter': 9.8626, 'accuracy': 0.9732, 'precision': 0.7872, 'recall': 0.3904, 'f1': 0.522, 'auc': 0.9344}
val: {'epoch': 92, 'loss': 0.0924, 'lr': 0.001, 'params': 599403, 'time_iter': 1.4263, 'accuracy': 0.9818, 'precision': 0.6154, 'recall': 0.1975, 'f1': 0.2991, 'auc': 0.785}
train: {'epoch': 92, 'eta': 70549.9114, 'loss': 0.0855, 'lr': 0.001, 'params': 599403, 'time_iter': 9.6927, 'accuracy': 0.9729, 'precision': 0.7737, 'recall': 0.3912, 'f1': 0.5197, 'auc': 0.9338}
val: {'epoch': 93, 'loss': 0.0938, 'lr': 0.001, 'params': 599403, 'time_iter': 1.8959, 'accuracy': 0.9818, 'precision': 0.625, 'recall': 0.1852, 'f1': 0.2857, 'auc': 0.7813}
train: {'epoch': 93, 'eta': 60464.8875, 'loss': 0.0848, 'lr': 0.001, 'params': 599403, 'time_iter': 9.6961, 'accuracy': 0.9738, 'precision': 0.7837, 'recall': 0.4148, 'f1': 0.5425, 'auc': 0.9355}
val: {'epoch': 94, 'loss': 0.0998, 'lr': 0.001, 'params': 599403, 'time_iter': 1.4949, 'accuracy': 0.9823, 'precision': 0.7, 'recall': 0.1728, 'f1': 0.2772, 'auc': 0.7705}
train: {'epoch': 94, 'eta': 50386.3211, 'loss': 0.0863, 'lr': 0.001, 'params': 599403, 'time_iter': 9.7734, 'accuracy': 0.9722, 'precision': 0.7446, 'recall': 0.3929, 'f1': 0.5143, 'auc': 0.9349}
val: {'epoch': 95, 'loss': 0.0945, 'lr': 0.001, 'params': 599403, 'time_iter': 1.3783, 'accuracy': 0.9813, 'precision': 0.5833, 'recall': 0.1728, 'f1': 0.2667, 'auc': 0.7749}
train: {'epoch': 95, 'eta': 40305.259, 'loss': 0.0852, 'lr': 0.001, 'params': 599403, 'time_iter': 9.7047, 'accuracy': 0.9727, 'precision': 0.7626, 'recall': 0.3937, 'f1': 0.5193, 'auc': 0.9365}
val: {'epoch': 96, 'loss': 0.0986, 'lr': 0.001, 'params': 599403, 'time_iter': 1.7461, 'accuracy': 0.9815, 'precision': 0.619, 'recall': 0.1605, 'f1': 0.2549, 'auc': 0.7825}
train: {'epoch': 96, 'eta': 30229.489, 'loss': 0.0851, 'lr': 0.001, 'params': 599403, 'time_iter': 9.8095, 'accuracy': 0.973, 'precision': 0.7541, 'recall': 0.4156, 'f1': 0.5358, 'auc': 0.9351}
val: {'epoch': 97, 'loss': 0.0932, 'lr': 0.001, 'params': 599403, 'time_iter': 1.3044, 'accuracy': 0.9808, 'precision': 0.5357, 'recall': 0.1852, 'f1': 0.2752, 'auc': 0.7906}
train: {'epoch': 97, 'eta': 20157.7986, 'loss': 0.0828, 'lr': 0.001, 'params': 599403, 'time_iter': 10.0214, 'accuracy': 0.9731, 'precision': 0.7593, 'recall': 0.4123, 'f1': 0.5345, 'auc': 0.9404}
val: {'epoch': 98, 'loss': 0.0973, 'lr': 0.001, 'params': 599403, 'time_iter': 1.4279, 'accuracy': 0.9818, 'precision': 0.625, 'recall': 0.1852, 'f1': 0.2857, 'auc': 0.7708}
train: {'epoch': 98, 'eta': 10079.8021, 'loss': 0.0843, 'lr': 0.001, 'params': 599403, 'time_iter': 9.8817, 'accuracy': 0.973, 'precision': 0.7634, 'recall': 0.4058, 'f1': 0.5299, 'auc': 0.9353}
val: {'epoch': 99, 'loss': 0.1017, 'lr': 0.001, 'params': 599403, 'time_iter': 1.3418, 'accuracy': 0.9805, 'precision': 0.5238, 'recall': 0.1358, 'f1': 0.2157, 'auc': 0.7773}
train: {'epoch': 99, 'eta': 0.0, 'loss': 0.0822, 'lr': 0.001, 'params': 599403, 'time_iter': 9.8125, 'accuracy': 0.9743, 'precision': 0.7903, 'recall': 0.4253, 'f1': 0.553, 'auc': 0.941}
test: {'epoch': 99, 'loss': 0.187, 'lr': 0.001, 'params': 599403, 'time_iter': 1.305, 'accuracy': 0.9633, 'precision': 0.0435, 'recall': 0.0077, 'f1': 0.0131, 'auc': 0.7456}
test: {'epoch': 89, 'loss': 0.1863, 'lr': 0.001, 'params': 599403, 'time_iter': 1.3212, 'accuracy': 0.9647, 'precision': 0.1053, 'recall': 0.0154, 'f1': 0.0268, 'auc': 0.7404}
