GraphGymModule(
  (model): DilatedGNNModel(
    (encoder): FeatureEncoder(
      (node_encoder): AtomEncoder(
        (atom_embedding_list): ModuleList(
          (0): Embedding(119, 300)
          (1): Embedding(4, 300)
          (2): Embedding(12, 300)
          (3): Embedding(12, 300)
          (4): Embedding(10, 300)
          (5): Embedding(6, 300)
          (6): Embedding(6, 300)
          (7): Embedding(2, 300)
          (8): Embedding(2, 300)
        )
      )
      (edge_encoder): BondEncoder(
        (bond_embedding_list): ModuleList(
          (0): Embedding(5, 300)
          (1): Embedding(6, 300)
          (2): Embedding(2, 300)
        )
      )
    )
    (mp): GNNDilatedStage(
      (classic_layers): ModuleList(
        (0): GeneralLayer(
          (layer): EGINConv(
            (model): GINEConv(nn=Sequential(
              (0): Linear(300, 300, bias=True)
              (1): ReLU()
              (2): Linear(300, 300, bias=True)
            ))
          )
          (post_layer): Sequential(
            (0): BatchNorm1d(300, eps=1e-05, momentum=0.1, affine=True, track_running_stats=True)
            (1): Dropout(p=0.5, inplace=False)
            (2): ReLU()
          )
        )
        (1): GeneralLayer(
          (layer): EGINConv(
            (model): GINEConv(nn=Sequential(
              (0): Linear(300, 300, bias=True)
              (1): ReLU()
              (2): Linear(300, 300, bias=True)
            ))
          )
          (post_layer): Sequential(
            (0): BatchNorm1d(300, eps=1e-05, momentum=0.1, affine=True, track_running_stats=True)
            (1): Dropout(p=0.5, inplace=False)
            (2): ReLU()
          )
        )
      )
      (dilated_layers): ModuleList(
        (0): DilatedGeneralLayer(
          (layer): EGINConv(
            (model): GINEConv(nn=Sequential(
              (0): Linear(300, 300, bias=True)
              (1): ReLU()
              (2): Linear(300, 300, bias=True)
            ))
          )
          (post_layer): Sequential(
            (0): BatchNorm1d(300, eps=1e-05, momentum=0.1, affine=True, track_running_stats=True)
            (1): Dropout(p=0.5, inplace=False)
            (2): ReLU()
          )
          (gem): GeM(p=3.0000, eps=1e-06)
        )
        (1): DilatedGeneralLayer(
          (layer): EGINConv(
            (model): GINEConv(nn=Sequential(
              (0): Linear(300, 300, bias=True)
              (1): ReLU()
              (2): Linear(300, 300, bias=True)
            ))
          )
          (post_layer): Sequential(
            (0): BatchNorm1d(300, eps=1e-05, momentum=0.1, affine=True, track_running_stats=True)
            (1): Dropout(p=0.5, inplace=False)
            (2): ReLU()
          )
          (gem): GeM(p=3.0000, eps=1e-06)
        )
      )
      (act): ReLU()
    )
    (post_mp): GNNGraphHead(
      (layer_post_mp): MLP(
        (model): Sequential(
          (0): Linear(
            (model): Linear(300, 1, bias=True)
          )
        )
      )
    )
  )
)
accelerator: cuda
benchmark: False
bn:
  eps: 1e-05
  mom: 0.1
cfg_dest: config.yaml
custom_metrics: []
dataset:
  cache_load: False
  cache_save: False
  dir: ./datasets
  edge_dim: 300
  edge_encoder: True
  edge_encoder_bn: False
  edge_encoder_name: Bond
  edge_message_ratio: 0.8
  edge_negative_sampling_ratio: 1.0
  edge_train_mode: all
  encoder: True
  encoder_bn: True
  encoder_dim: 128
  encoder_name: db
  fast_loader: False
  format: OGB
  label_column: none
  label_table: none
  location: local
  name: ogbg-molhiv
  node_encoder: True
  node_encoder_bn: False
  node_encoder_name: Atom
  remove_feature: False
  resample_disjoint: False
  resample_negative: False
  shuffle_split: True
  split: [0.8, 0.1, 0.1]
  split_mode: random
  task: graph
  task_type: classification
  to_undirected: False
  transductive: False
  transform: none
  tu_simple: True
devices: 1
gnn:
  act: relu
  act_on_last_layer_mp: False
  agg: none
  att_final_linear: False
  att_final_linear_bn: False
  att_heads: 1
  batchnorm: True
  clear_feature: True
  dilated_path_join: none
  dim_inner: 300
  dropout: 0.5
  head: graph
  keep_edge: 0.5
  l2norm: True
  layer_type: eginconv
  layers_k1: 2
  layers_k2: 2
  layers_mp: 5
  layers_post_mp: 1
  layers_pre_mp: 0
  learn_alpha_residual_connection: False
  msg_direction: single
  normalize_adj: False
  self_msg: concat
  skip_every: 1
  stage_type: stack
  use_edge_features: True
gpu_mem: False
mem:
  inplace: False
metric_agg: argmax
metric_best: auc
model:
  edge_decoding: dot
  graph_pooling: mean
  loss_fun: cross_entropy
  match_upper: True
  size_average: mean
  thresh: 0.5
  type: dilated_gnn
num_threads: 6
num_workers: 16
optim:
  base_lr: 0.001
  lr_decay: 0.1
  max_epoch: 100
  momentum: 0.9
  optimizer: adam
  scheduler: none
  steps: [30, 60, 90]
  weight_decay: 0.0
out_dir: results_experiments/ogbg_molhiv_baseline_grid_design/ogbg_molhiv_baseline-type=dilated_gnn-layer_type=eginconv-layers_k1=2-layers_k2=2-dilated_path_join=none-learn_alpha_residual_connection=False
print: both
round: 4
run_dir: results_experiments/ogbg_molhiv_baseline_grid_design/ogbg_molhiv_baseline-type=dilated_gnn-layer_type=eginconv-layers_k1=2-layers_k2=2-dilated_path_join=none-learn_alpha_residual_connection=False/0
seed: 1
share:
  dim_in: 9
  dim_out: 2
  num_splits: 3
tensorboard_agg: True
tensorboard_each_run: False
train:
  auto_resume: False
  batch_size: 32
  ckpt_clean: True
  ckpt_period: 100
  enable_ckpt: True
  epoch_resume: -1
  eval_period: 1
  iter_per_epoch: 32
  neighbor_sizes: [20, 15, 10, 5]
  node_per_graph: 32
  radius: extend
  sample_node: False
  sampler: full_batch
  skip_train_eval: False
  walk_length: 4
val:
  node_per_graph: 32
  radius: extend
  sample_node: False
  sampler: full_batch
view_emb: False
Num parameters: 1142103
val: {'epoch': 0, 'loss': 0.7525, 'lr': 0.001, 'params': 1142103, 'time_iter': 2.2682, 'accuracy': 0.0156, 'precision': 0.0156, 'recall': 1.0, 'f1': 0.0308, 'auc': 0.6032}
val: {'epoch': 0, 'loss': 0.0912, 'lr': 0.001, 'params': 1142103, 'time_iter': 2.4464, 'accuracy': 0.9803, 'precision': 0.0, 'recall': 0.0, 'f1': 0.0, 'auc': 0.7349}
train: {'epoch': 0, 'eta': 1413750.378, 'loss': 0.1781, 'lr': 0.001, 'params': 1142103, 'time_iter': 13.8778, 'accuracy': 0.9601, 'precision': 0.0556, 'recall': 0.0041, 'f1': 0.0076, 'auc': 0.5917}
val: {'epoch': 1, 'loss': 0.0965, 'lr': 0.001, 'params': 1142103, 'time_iter': 2.643, 'accuracy': 0.9803, 'precision': 0.0, 'recall': 0.0, 'f1': 0.0, 'auc': 0.5875}
train: {'epoch': 1, 'eta': 1408575.06, 'loss': 0.1539, 'lr': 0.001, 'params': 1142103, 'time_iter': 14.0584, 'accuracy': 0.9626, 'precision': 0.0, 'recall': 0.0, 'f1': 0.0, 'auc': 0.6203}
val: {'epoch': 2, 'loss': 0.092, 'lr': 0.001, 'params': 1142103, 'time_iter': 2.3848, 'accuracy': 0.9803, 'precision': 0.0, 'recall': 0.0, 'f1': 0.0, 'auc': 0.6819}
train: {'epoch': 2, 'eta': 1395003.0132, 'loss': 0.1535, 'lr': 0.001, 'params': 1142103, 'time_iter': 13.9922, 'accuracy': 0.9626, 'precision': 0.0, 'recall': 0.0, 'f1': 0.0, 'auc': 0.6406}
val: {'epoch': 3, 'loss': 0.0903, 'lr': 0.001, 'params': 1142103, 'time_iter': 2.5158, 'accuracy': 0.9803, 'precision': 0.0, 'recall': 0.0, 'f1': 0.0, 'auc': 0.6973}
train: {'epoch': 3, 'eta': 1383528.0457, 'loss': 0.1488, 'lr': 0.001, 'params': 1142103, 'time_iter': 14.0939, 'accuracy': 0.9626, 'precision': 0.0, 'recall': 0.0, 'f1': 0.0, 'auc': 0.6767}
val: {'epoch': 4, 'loss': 0.0924, 'lr': 0.001, 'params': 1142103, 'time_iter': 2.6942, 'accuracy': 0.9788, 'precision': 0.3636, 'recall': 0.0988, 'f1': 0.1553, 'auc': 0.7291}
train: {'epoch': 4, 'eta': 1364282.0261, 'loss': 0.1468, 'lr': 0.001, 'params': 1142103, 'time_iter': 13.7583, 'accuracy': 0.9629, 'precision': 0.7778, 'recall': 0.0114, 'f1': 0.0224, 'auc': 0.6858}
val: {'epoch': 5, 'loss': 0.0904, 'lr': 0.001, 'params': 1142103, 'time_iter': 2.4866, 'accuracy': 0.9808, 'precision': 0.625, 'recall': 0.0617, 'f1': 0.1124, 'auc': 0.721}
train: {'epoch': 5, 'eta': 1348484.8969, 'loss': 0.145, 'lr': 0.001, 'params': 1142103, 'time_iter': 13.867, 'accuracy': 0.9629, 'precision': 0.6078, 'recall': 0.0252, 'f1': 0.0483, 'auc': 0.703}
val: {'epoch': 6, 'loss': 0.086, 'lr': 0.001, 'params': 1142103, 'time_iter': 2.5745, 'accuracy': 0.9803, 'precision': 0.5, 'recall': 0.0988, 'f1': 0.1649, 'auc': 0.7498}
train: {'epoch': 6, 'eta': 1332184.165, 'loss': 0.1427, 'lr': 0.001, 'params': 1142103, 'time_iter': 13.7983, 'accuracy': 0.9634, 'precision': 0.68, 'recall': 0.0414, 'f1': 0.078, 'auc': 0.7107}
val: {'epoch': 7, 'loss': 0.0944, 'lr': 0.001, 'params': 1142103, 'time_iter': 2.8263, 'accuracy': 0.9767, 'precision': 0.2727, 'recall': 0.1111, 'f1': 0.1579, 'auc': 0.7312}
train: {'epoch': 7, 'eta': 1321218.6357, 'loss': 0.1419, 'lr': 0.001, 'params': 1142103, 'time_iter': 14.2047, 'accuracy': 0.9634, 'precision': 0.6667, 'recall': 0.0455, 'f1': 0.0851, 'auc': 0.7196}
val: {'epoch': 8, 'loss': 0.1038, 'lr': 0.001, 'params': 1142103, 'time_iter': 2.5926, 'accuracy': 0.9803, 'precision': 0.0, 'recall': 0.0, 'f1': 0.0, 'auc': 0.7196}
train: {'epoch': 8, 'eta': 1304550.3952, 'loss': 0.1384, 'lr': 0.001, 'params': 1142103, 'time_iter': 13.7346, 'accuracy': 0.964, 'precision': 0.6716, 'recall': 0.0731, 'f1': 0.1318, 'auc': 0.7356}
val: {'epoch': 9, 'loss': 0.0936, 'lr': 0.001, 'params': 1142103, 'time_iter': 2.6531, 'accuracy': 0.9803, 'precision': 0.5, 'recall': 0.0123, 'f1': 0.0241, 'auc': 0.7307}
train: {'epoch': 9, 'eta': 1291387.5894, 'loss': 0.137, 'lr': 0.001, 'params': 1142103, 'time_iter': 14.0584, 'accuracy': 0.964, 'precision': 0.6533, 'recall': 0.0795, 'f1': 0.1418, 'auc': 0.7447}
val: {'epoch': 10, 'loss': 0.0845, 'lr': 0.001, 'params': 1142103, 'time_iter': 2.486, 'accuracy': 0.9801, 'precision': 0.4762, 'recall': 0.1235, 'f1': 0.1961, 'auc': 0.7633}
train: {'epoch': 10, 'eta': 1277394.3905, 'loss': 0.1344, 'lr': 0.001, 'params': 1142103, 'time_iter': 13.9871, 'accuracy': 0.9647, 'precision': 0.6966, 'recall': 0.1006, 'f1': 0.1759, 'auc': 0.7544}
val: {'epoch': 11, 'loss': 0.0866, 'lr': 0.001, 'params': 1142103, 'time_iter': 2.6578, 'accuracy': 0.9796, 'precision': 0.44, 'recall': 0.1358, 'f1': 0.2075, 'auc': 0.7619}
train: {'epoch': 11, 'eta': 1262507.8518, 'loss': 0.1325, 'lr': 0.001, 'params': 1142103, 'time_iter': 13.8775, 'accuracy': 0.9643, 'precision': 0.6482, 'recall': 0.1047, 'f1': 0.1803, 'auc': 0.7705}
val: {'epoch': 12, 'loss': 0.0867, 'lr': 0.001, 'params': 1142103, 'time_iter': 2.5392, 'accuracy': 0.9813, 'precision': 0.6429, 'recall': 0.1111, 'f1': 0.1895, 'auc': 0.7668}
train: {'epoch': 12, 'eta': 1248031.5901, 'loss': 0.1316, 'lr': 0.001, 'params': 1142103, 'time_iter': 13.9235, 'accuracy': 0.9652, 'precision': 0.6933, 'recall': 0.1266, 'f1': 0.2141, 'auc': 0.7711}
val: {'epoch': 13, 'loss': 0.0828, 'lr': 0.001, 'params': 1142103, 'time_iter': 2.5637, 'accuracy': 0.9805, 'precision': 0.5217, 'recall': 0.1481, 'f1': 0.2308, 'auc': 0.7669}
train: {'epoch': 13, 'eta': 1236385.3845, 'loss': 0.1303, 'lr': 0.001, 'params': 1142103, 'time_iter': 14.3679, 'accuracy': 0.9649, 'precision': 0.6653, 'recall': 0.1274, 'f1': 0.2139, 'auc': 0.7819}
val: {'epoch': 14, 'loss': 0.0832, 'lr': 0.001, 'params': 1142103, 'time_iter': 2.6176, 'accuracy': 0.9803, 'precision': 0.5, 'recall': 0.1111, 'f1': 0.1818, 'auc': 0.7522}
train: {'epoch': 14, 'eta': 1221438.883, 'loss': 0.1293, 'lr': 0.001, 'params': 1142103, 'time_iter': 13.8737, 'accuracy': 0.9651, 'precision': 0.6628, 'recall': 0.1404, 'f1': 0.2317, 'auc': 0.7831}
val: {'epoch': 15, 'loss': 0.1018, 'lr': 0.001, 'params': 1142103, 'time_iter': 2.8568, 'accuracy': 0.9788, 'precision': 0.35, 'recall': 0.0864, 'f1': 0.1386, 'auc': 0.6474}
train: {'epoch': 15, 'eta': 1206921.491, 'loss': 0.1285, 'lr': 0.001, 'params': 1142103, 'time_iter': 13.9376, 'accuracy': 0.9649, 'precision': 0.6523, 'recall': 0.1356, 'f1': 0.2245, 'auc': 0.7885}
val: {'epoch': 16, 'loss': 0.0904, 'lr': 0.001, 'params': 1142103, 'time_iter': 2.6186, 'accuracy': 0.9823, 'precision': 1.0, 'recall': 0.0988, 'f1': 0.1798, 'auc': 0.7429}
train: {'epoch': 16, 'eta': 1193819.654, 'loss': 0.1275, 'lr': 0.001, 'params': 1142103, 'time_iter': 14.2152, 'accuracy': 0.9654, 'precision': 0.6691, 'recall': 0.1494, 'f1': 0.2442, 'auc': 0.7931}
val: {'epoch': 17, 'loss': 0.0885, 'lr': 0.001, 'params': 1142103, 'time_iter': 2.8246, 'accuracy': 0.9803, 'precision': 0.5, 'recall': 0.0494, 'f1': 0.0899, 'auc': 0.7841}
train: {'epoch': 17, 'eta': 1179666.8048, 'loss': 0.1252, 'lr': 0.001, 'params': 1142103, 'time_iter': 14.0272, 'accuracy': 0.9656, 'precision': 0.6772, 'recall': 0.1567, 'f1': 0.2544, 'auc': 0.8005}
val: {'epoch': 18, 'loss': 0.0899, 'lr': 0.001, 'params': 1142103, 'time_iter': 2.425, 'accuracy': 0.9784, 'precision': 0.3333, 'recall': 0.0988, 'f1': 0.1524, 'auc': 0.7791}
train: {'epoch': 18, 'eta': 1166170.3199, 'loss': 0.1249, 'lr': 0.001, 'params': 1142103, 'time_iter': 14.1836, 'accuracy': 0.9656, 'precision': 0.6689, 'recall': 0.1591, 'f1': 0.257, 'auc': 0.8018}
val: {'epoch': 19, 'loss': 0.0832, 'lr': 0.001, 'params': 1142103, 'time_iter': 2.6196, 'accuracy': 0.9791, 'precision': 0.3913, 'recall': 0.1111, 'f1': 0.1731, 'auc': 0.7725}
train: {'epoch': 19, 'eta': 1151928.4606, 'loss': 0.1238, 'lr': 0.001, 'params': 1142103, 'time_iter': 14.0291, 'accuracy': 0.9661, 'precision': 0.7071, 'recall': 0.1607, 'f1': 0.2619, 'auc': 0.8052}
val: {'epoch': 20, 'loss': 0.0815, 'lr': 0.001, 'params': 1142103, 'time_iter': 2.7487, 'accuracy': 0.9805, 'precision': 0.5185, 'recall': 0.1728, 'f1': 0.2593, 'auc': 0.7965}
train: {'epoch': 20, 'eta': 1138186.7226, 'loss': 0.1233, 'lr': 0.001, 'params': 1142103, 'time_iter': 14.1631, 'accuracy': 0.9657, 'precision': 0.6678, 'recall': 0.1648, 'f1': 0.2643, 'auc': 0.8086}
val: {'epoch': 21, 'loss': 0.0885, 'lr': 0.001, 'params': 1142103, 'time_iter': 2.5665, 'accuracy': 0.9791, 'precision': 0.4194, 'recall': 0.1605, 'f1': 0.2321, 'auc': 0.7422}
train: {'epoch': 21, 'eta': 1124269.242, 'loss': 0.1229, 'lr': 0.001, 'params': 1142103, 'time_iter': 14.1357, 'accuracy': 0.9659, 'precision': 0.6797, 'recall': 0.1688, 'f1': 0.2705, 'auc': 0.8095}
val: {'epoch': 22, 'loss': 0.0865, 'lr': 0.001, 'params': 1142103, 'time_iter': 2.6849, 'accuracy': 0.9779, 'precision': 0.3333, 'recall': 0.1235, 'f1': 0.1802, 'auc': 0.7819}
train: {'epoch': 22, 'eta': 1110379.9505, 'loss': 0.1231, 'lr': 0.001, 'params': 1142103, 'time_iter': 14.1597, 'accuracy': 0.9664, 'precision': 0.6984, 'recall': 0.1786, 'f1': 0.2844, 'auc': 0.8053}
val: {'epoch': 23, 'loss': 0.0818, 'lr': 0.001, 'params': 1142103, 'time_iter': 2.9573, 'accuracy': 0.9808, 'precision': 0.5417, 'recall': 0.1605, 'f1': 0.2476, 'auc': 0.7964}
train: {'epoch': 23, 'eta': 1096212.4296, 'loss': 0.1218, 'lr': 0.001, 'params': 1142103, 'time_iter': 14.0918, 'accuracy': 0.966, 'precision': 0.6718, 'recall': 0.1778, 'f1': 0.2811, 'auc': 0.8124}
val: {'epoch': 24, 'loss': 0.0828, 'lr': 0.001, 'params': 1142103, 'time_iter': 2.5471, 'accuracy': 0.9815, 'precision': 0.6316, 'recall': 0.1481, 'f1': 0.24, 'auc': 0.7936}
train: {'epoch': 24, 'eta': 1081142.1944, 'loss': 0.1207, 'lr': 0.001, 'params': 1142103, 'time_iter': 13.808, 'accuracy': 0.9662, 'precision': 0.6877, 'recall': 0.1769, 'f1': 0.2815, 'auc': 0.8187}
val: {'epoch': 25, 'loss': 0.0913, 'lr': 0.001, 'params': 1142103, 'time_iter': 2.6108, 'accuracy': 0.9793, 'precision': 0.4167, 'recall': 0.1235, 'f1': 0.1905, 'auc': 0.7322}
train: {'epoch': 25, 'eta': 1067827.6218, 'loss': 0.1194, 'lr': 0.001, 'params': 1142103, 'time_iter': 14.3848, 'accuracy': 0.9665, 'precision': 0.691, 'recall': 0.1924, 'f1': 0.301, 'auc': 0.8206}
val: {'epoch': 26, 'loss': 0.0794, 'lr': 0.001, 'params': 1142103, 'time_iter': 2.4762, 'accuracy': 0.9823, 'precision': 0.6667, 'recall': 0.1975, 'f1': 0.3048, 'auc': 0.7919}
train: {'epoch': 26, 'eta': 1053271.3675, 'loss': 0.1193, 'lr': 0.001, 'params': 1142103, 'time_iter': 13.9781, 'accuracy': 0.9664, 'precision': 0.679, 'recall': 0.194, 'f1': 0.3018, 'auc': 0.8182}
val: {'epoch': 27, 'loss': 0.0816, 'lr': 0.001, 'params': 1142103, 'time_iter': 2.5865, 'accuracy': 0.9813, 'precision': 0.6, 'recall': 0.1481, 'f1': 0.2376, 'auc': 0.809}
train: {'epoch': 27, 'eta': 1039192.5672, 'loss': 0.1185, 'lr': 0.001, 'params': 1142103, 'time_iter': 14.1539, 'accuracy': 0.9673, 'precision': 0.7236, 'recall': 0.2062, 'f1': 0.3209, 'auc': 0.8245}
val: {'epoch': 28, 'loss': 0.0811, 'lr': 0.001, 'params': 1142103, 'time_iter': 2.8146, 'accuracy': 0.9813, 'precision': 0.5769, 'recall': 0.1852, 'f1': 0.2804, 'auc': 0.805}
train: {'epoch': 28, 'eta': 1024888.7608, 'loss': 0.1181, 'lr': 0.001, 'params': 1142103, 'time_iter': 14.0778, 'accuracy': 0.9668, 'precision': 0.6986, 'recall': 0.2013, 'f1': 0.3125, 'auc': 0.8237}
val: {'epoch': 29, 'loss': 0.0817, 'lr': 0.001, 'params': 1142103, 'time_iter': 2.4444, 'accuracy': 0.9793, 'precision': 0.4286, 'recall': 0.1481, 'f1': 0.2202, 'auc': 0.784}
train: {'epoch': 29, 'eta': 1012451.9285, 'loss': 0.1171, 'lr': 0.001, 'params': 1142103, 'time_iter': 14.8605, 'accuracy': 0.9674, 'precision': 0.7202, 'recall': 0.211, 'f1': 0.3264, 'auc': 0.8255}
val: {'epoch': 30, 'loss': 0.085, 'lr': 0.001, 'params': 1142103, 'time_iter': 2.6319, 'accuracy': 0.9798, 'precision': 0.45, 'recall': 0.1111, 'f1': 0.1782, 'auc': 0.7709}
train: {'epoch': 30, 'eta': 998442.6411, 'loss': 0.1154, 'lr': 0.001, 'params': 1142103, 'time_iter': 14.2543, 'accuracy': 0.9674, 'precision': 0.7105, 'recall': 0.2192, 'f1': 0.335, 'auc': 0.8371}
val: {'epoch': 31, 'loss': 0.0825, 'lr': 0.001, 'params': 1142103, 'time_iter': 2.8758, 'accuracy': 0.9784, 'precision': 0.3889, 'recall': 0.1728, 'f1': 0.2393, 'auc': 0.7883}
train: {'epoch': 31, 'eta': 984799.6121, 'loss': 0.1155, 'lr': 0.001, 'params': 1142103, 'time_iter': 14.4407, 'accuracy': 0.9676, 'precision': 0.7139, 'recall': 0.2248, 'f1': 0.342, 'auc': 0.8337}
val: {'epoch': 32, 'loss': 0.0804, 'lr': 0.001, 'params': 1142103, 'time_iter': 2.6881, 'accuracy': 0.9815, 'precision': 0.6, 'recall': 0.1852, 'f1': 0.283, 'auc': 0.8113}
train: {'epoch': 32, 'eta': 970499.1373, 'loss': 0.1145, 'lr': 0.001, 'params': 1142103, 'time_iter': 14.1612, 'accuracy': 0.9677, 'precision': 0.715, 'recall': 0.2281, 'f1': 0.3458, 'auc': 0.8333}
val: {'epoch': 33, 'loss': 0.0817, 'lr': 0.001, 'params': 1142103, 'time_iter': 2.723, 'accuracy': 0.9808, 'precision': 0.6, 'recall': 0.0741, 'f1': 0.1319, 'auc': 0.7942}
train: {'epoch': 33, 'eta': 955477.159, 'loss': 0.1142, 'lr': 0.001, 'params': 1142103, 'time_iter': 13.808, 'accuracy': 0.9681, 'precision': 0.7335, 'recall': 0.2346, 'f1': 0.3555, 'auc': 0.8383}
val: {'epoch': 34, 'loss': 0.0782, 'lr': 0.001, 'params': 1142103, 'time_iter': 2.529, 'accuracy': 0.9815, 'precision': 0.5806, 'recall': 0.2222, 'f1': 0.3214, 'auc': 0.8176}
train: {'epoch': 34, 'eta': 941420.0638, 'loss': 0.1142, 'lr': 0.001, 'params': 1142103, 'time_iter': 14.2886, 'accuracy': 0.9677, 'precision': 0.7211, 'recall': 0.2224, 'f1': 0.34, 'auc': 0.8415}
val: {'epoch': 35, 'loss': 0.0829, 'lr': 0.001, 'params': 1142103, 'time_iter': 2.7717, 'accuracy': 0.9798, 'precision': 0.4706, 'recall': 0.1975, 'f1': 0.2783, 'auc': 0.7954}
train: {'epoch': 35, 'eta': 927453.7797, 'loss': 0.1123, 'lr': 0.001, 'params': 1142103, 'time_iter': 14.3579, 'accuracy': 0.9688, 'precision': 0.7389, 'recall': 0.2573, 'f1': 0.3817, 'auc': 0.843}
val: {'epoch': 36, 'loss': 0.0773, 'lr': 0.001, 'params': 1142103, 'time_iter': 2.6315, 'accuracy': 0.9832, 'precision': 0.75, 'recall': 0.2222, 'f1': 0.3429, 'auc': 0.7832}
train: {'epoch': 36, 'eta': 913541.0276, 'loss': 0.1131, 'lr': 0.001, 'params': 1142103, 'time_iter': 14.4134, 'accuracy': 0.9682, 'precision': 0.7273, 'recall': 0.2403, 'f1': 0.3612, 'auc': 0.8432}
val: {'epoch': 37, 'loss': 0.0769, 'lr': 0.001, 'params': 1142103, 'time_iter': 2.5809, 'accuracy': 0.982, 'precision': 0.64, 'recall': 0.1975, 'f1': 0.3019, 'auc': 0.797}
train: {'epoch': 37, 'eta': 899198.724, 'loss': 0.1112, 'lr': 0.001, 'params': 1142103, 'time_iter': 14.1863, 'accuracy': 0.9684, 'precision': 0.7249, 'recall': 0.2524, 'f1': 0.3745, 'auc': 0.8502}
val: {'epoch': 38, 'loss': 0.0805, 'lr': 0.001, 'params': 1142103, 'time_iter': 2.6455, 'accuracy': 0.982, 'precision': 0.6296, 'recall': 0.2099, 'f1': 0.3148, 'auc': 0.7854}
train: {'epoch': 38, 'eta': 885276.9288, 'loss': 0.1114, 'lr': 0.001, 'params': 1142103, 'time_iter': 14.4557, 'accuracy': 0.9687, 'precision': 0.7382, 'recall': 0.2541, 'f1': 0.378, 'auc': 0.8449}
val: {'epoch': 39, 'loss': 0.083, 'lr': 0.001, 'params': 1142103, 'time_iter': 2.8026, 'accuracy': 0.9798, 'precision': 0.4773, 'recall': 0.2593, 'f1': 0.336, 'auc': 0.7812}
train: {'epoch': 39, 'eta': 871518.581, 'loss': 0.1123, 'lr': 0.001, 'params': 1142103, 'time_iter': 14.5925, 'accuracy': 0.9686, 'precision': 0.7315, 'recall': 0.2565, 'f1': 0.3798, 'auc': 0.8402}
val: {'epoch': 40, 'loss': 0.0816, 'lr': 0.001, 'params': 1142103, 'time_iter': 2.4763, 'accuracy': 0.9825, 'precision': 0.6667, 'recall': 0.2222, 'f1': 0.3333, 'auc': 0.7922}
train: {'epoch': 40, 'eta': 857463.8289, 'loss': 0.1107, 'lr': 0.001, 'params': 1142103, 'time_iter': 14.4337, 'accuracy': 0.9688, 'precision': 0.7394, 'recall': 0.2557, 'f1': 0.38, 'auc': 0.8491}
val: {'epoch': 41, 'loss': 0.0778, 'lr': 0.001, 'params': 1142103, 'time_iter': 2.6516, 'accuracy': 0.9825, 'precision': 0.68, 'recall': 0.2099, 'f1': 0.3208, 'auc': 0.8002}
train: {'epoch': 41, 'eta': 843235.1124, 'loss': 0.11, 'lr': 0.001, 'params': 1142103, 'time_iter': 14.338, 'accuracy': 0.9698, 'precision': 0.7679, 'recall': 0.2792, 'f1': 0.4095, 'auc': 0.8512}
val: {'epoch': 42, 'loss': 0.0777, 'lr': 0.001, 'params': 1142103, 'time_iter': 2.4744, 'accuracy': 0.9827, 'precision': 0.6923, 'recall': 0.2222, 'f1': 0.3364, 'auc': 0.7868}
train: {'epoch': 42, 'eta': 829192.1709, 'loss': 0.1085, 'lr': 0.001, 'params': 1142103, 'time_iter': 14.4921, 'accuracy': 0.9698, 'precision': 0.7598, 'recall': 0.2825, 'f1': 0.4118, 'auc': 0.8526}
val: {'epoch': 43, 'loss': 0.0776, 'lr': 0.001, 'params': 1142103, 'time_iter': 2.7711, 'accuracy': 0.9823, 'precision': 0.6053, 'recall': 0.284, 'f1': 0.3866, 'auc': 0.7826}
train: {'epoch': 43, 'eta': 814707.1248, 'loss': 0.1092, 'lr': 0.001, 'params': 1142103, 'time_iter': 14.1847, 'accuracy': 0.9693, 'precision': 0.7517, 'recall': 0.2679, 'f1': 0.395, 'auc': 0.8563}
val: {'epoch': 44, 'loss': 0.087, 'lr': 0.001, 'params': 1142103, 'time_iter': 2.6842, 'accuracy': 0.9798, 'precision': 0.4722, 'recall': 0.2099, 'f1': 0.2906, 'auc': 0.7909}
train: {'epoch': 44, 'eta': 800504.3205, 'loss': 0.1098, 'lr': 0.001, 'params': 1142103, 'time_iter': 14.4131, 'accuracy': 0.9692, 'precision': 0.7461, 'recall': 0.2695, 'f1': 0.3959, 'auc': 0.8528}
val: {'epoch': 45, 'loss': 0.0787, 'lr': 0.001, 'params': 1142103, 'time_iter': 2.559, 'accuracy': 0.9813, 'precision': 0.5588, 'recall': 0.2346, 'f1': 0.3304, 'auc': 0.8088}
train: {'epoch': 45, 'eta': 785504.0214, 'loss': 0.1091, 'lr': 0.001, 'params': 1142103, 'time_iter': 13.7755, 'accuracy': 0.9696, 'precision': 0.7468, 'recall': 0.2849, 'f1': 0.4125, 'auc': 0.8528}
val: {'epoch': 46, 'loss': 0.0748, 'lr': 0.001, 'params': 1142103, 'time_iter': 2.5775, 'accuracy': 0.982, 'precision': 0.6, 'recall': 0.2593, 'f1': 0.3621, 'auc': 0.8081}
train: {'epoch': 46, 'eta': 771240.988, 'loss': 0.1068, 'lr': 0.001, 'params': 1142103, 'time_iter': 14.3806, 'accuracy': 0.9698, 'precision': 0.7469, 'recall': 0.2922, 'f1': 0.4201, 'auc': 0.8604}
val: {'epoch': 47, 'loss': 0.0801, 'lr': 0.001, 'params': 1142103, 'time_iter': 2.5347, 'accuracy': 0.9818, 'precision': 0.5938, 'recall': 0.2346, 'f1': 0.3363, 'auc': 0.7841}
train: {'epoch': 47, 'eta': 756944.0847, 'loss': 0.1076, 'lr': 0.001, 'params': 1142103, 'time_iter': 14.3702, 'accuracy': 0.9693, 'precision': 0.7387, 'recall': 0.2776, 'f1': 0.4035, 'auc': 0.8549}
val: {'epoch': 48, 'loss': 0.0802, 'lr': 0.001, 'params': 1142103, 'time_iter': 2.7324, 'accuracy': 0.9801, 'precision': 0.4889, 'recall': 0.2716, 'f1': 0.3492, 'auc': 0.799}
train: {'epoch': 48, 'eta': 742323.4951, 'loss': 0.1074, 'lr': 0.001, 'params': 1142103, 'time_iter': 14.0866, 'accuracy': 0.9698, 'precision': 0.7495, 'recall': 0.2914, 'f1': 0.4196, 'auc': 0.8604}
val: {'epoch': 49, 'loss': 0.0772, 'lr': 0.001, 'params': 1142103, 'time_iter': 2.7943, 'accuracy': 0.9825, 'precision': 0.6452, 'recall': 0.2469, 'f1': 0.3571, 'auc': 0.7839}
train: {'epoch': 49, 'eta': 727541.1169, 'loss': 0.107, 'lr': 0.001, 'params': 1142103, 'time_iter': 13.9245, 'accuracy': 0.9699, 'precision': 0.7474, 'recall': 0.2955, 'f1': 0.4235, 'auc': 0.8643}
val: {'epoch': 50, 'loss': 0.0768, 'lr': 0.001, 'params': 1142103, 'time_iter': 2.5252, 'accuracy': 0.983, 'precision': 0.72, 'recall': 0.2222, 'f1': 0.3396, 'auc': 0.7999}
train: {'epoch': 50, 'eta': 712658.3874, 'loss': 0.1062, 'lr': 0.001, 'params': 1142103, 'time_iter': 13.805, 'accuracy': 0.9699, 'precision': 0.7526, 'recall': 0.2914, 'f1': 0.4201, 'auc': 0.8645}
val: {'epoch': 51, 'loss': 0.0766, 'lr': 0.001, 'params': 1142103, 'time_iter': 2.5504, 'accuracy': 0.983, 'precision': 0.6486, 'recall': 0.2963, 'f1': 0.4068, 'auc': 0.7967}
train: {'epoch': 51, 'eta': 697832.9374, 'loss': 0.1066, 'lr': 0.001, 'params': 1142103, 'time_iter': 13.8379, 'accuracy': 0.9694, 'precision': 0.7278, 'recall': 0.293, 'f1': 0.4178, 'auc': 0.861}
val: {'epoch': 52, 'loss': 0.084, 'lr': 0.001, 'params': 1142103, 'time_iter': 2.7948, 'accuracy': 0.981, 'precision': 0.5484, 'recall': 0.2099, 'f1': 0.3036, 'auc': 0.8095}
train: {'epoch': 52, 'eta': 683039.9505, 'loss': 0.1047, 'lr': 0.001, 'params': 1142103, 'time_iter': 13.8492, 'accuracy': 0.9703, 'precision': 0.7623, 'recall': 0.3019, 'f1': 0.4326, 'auc': 0.8704}
val: {'epoch': 53, 'loss': 0.0786, 'lr': 0.001, 'params': 1142103, 'time_iter': 2.3665, 'accuracy': 0.9815, 'precision': 0.5862, 'recall': 0.2099, 'f1': 0.3091, 'auc': 0.816}
train: {'epoch': 53, 'eta': 668688.0889, 'loss': 0.1044, 'lr': 0.001, 'params': 1142103, 'time_iter': 14.3296, 'accuracy': 0.9705, 'precision': 0.7647, 'recall': 0.306, 'f1': 0.4371, 'auc': 0.8708}
val: {'epoch': 54, 'loss': 0.0841, 'lr': 0.001, 'params': 1142103, 'time_iter': 2.5904, 'accuracy': 0.9808, 'precision': 0.5385, 'recall': 0.1728, 'f1': 0.2617, 'auc': 0.8006}
train: {'epoch': 54, 'eta': 654450.3377, 'loss': 0.1043, 'lr': 0.001, 'params': 1142103, 'time_iter': 14.4821, 'accuracy': 0.9702, 'precision': 0.7535, 'recall': 0.3052, 'f1': 0.4344, 'auc': 0.8714}
val: {'epoch': 55, 'loss': 0.0798, 'lr': 0.001, 'params': 1142103, 'time_iter': 2.5528, 'accuracy': 0.9823, 'precision': 0.6429, 'recall': 0.2222, 'f1': 0.3303, 'auc': 0.8114}
train: {'epoch': 55, 'eta': 639827.9912, 'loss': 0.1025, 'lr': 0.001, 'params': 1142103, 'time_iter': 14.0358, 'accuracy': 0.9703, 'precision': 0.7629, 'recall': 0.3003, 'f1': 0.431, 'auc': 0.8793}
val: {'epoch': 56, 'loss': 0.0839, 'lr': 0.001, 'params': 1142103, 'time_iter': 2.5472, 'accuracy': 0.9813, 'precision': 0.5625, 'recall': 0.2222, 'f1': 0.3186, 'auc': 0.7668}
train: {'epoch': 56, 'eta': 625609.7001, 'loss': 0.1038, 'lr': 0.001, 'params': 1142103, 'time_iter': 14.5481, 'accuracy': 0.9708, 'precision': 0.7611, 'recall': 0.3206, 'f1': 0.4512, 'auc': 0.8703}
val: {'epoch': 57, 'loss': 0.0799, 'lr': 0.001, 'params': 1142103, 'time_iter': 2.7258, 'accuracy': 0.982, 'precision': 0.6061, 'recall': 0.2469, 'f1': 0.3509, 'auc': 0.7973}
train: {'epoch': 57, 'eta': 611041.3415, 'loss': 0.1028, 'lr': 0.001, 'params': 1142103, 'time_iter': 14.1131, 'accuracy': 0.9706, 'precision': 0.7568, 'recall': 0.3182, 'f1': 0.448, 'auc': 0.876}
val: {'epoch': 58, 'loss': 0.0812, 'lr': 0.001, 'params': 1142103, 'time_iter': 2.5287, 'accuracy': 0.9815, 'precision': 0.5806, 'recall': 0.2222, 'f1': 0.3214, 'auc': 0.8081}
train: {'epoch': 58, 'eta': 596691.3874, 'loss': 0.1025, 'lr': 0.001, 'params': 1142103, 'time_iter': 14.4164, 'accuracy': 0.9705, 'precision': 0.7642, 'recall': 0.3052, 'f1': 0.4362, 'auc': 0.8784}
val: {'epoch': 59, 'loss': 0.0788, 'lr': 0.001, 'params': 1142103, 'time_iter': 2.6164, 'accuracy': 0.9825, 'precision': 0.6154, 'recall': 0.2963, 'f1': 0.4, 'auc': 0.7948}
train: {'epoch': 59, 'eta': 582019.9093, 'loss': 0.1012, 'lr': 0.001, 'params': 1142103, 'time_iter': 13.9712, 'accuracy': 0.9707, 'precision': 0.7592, 'recall': 0.3174, 'f1': 0.4476, 'auc': 0.8807}
val: {'epoch': 60, 'loss': 0.0768, 'lr': 0.001, 'params': 1142103, 'time_iter': 2.7834, 'accuracy': 0.9832, 'precision': 0.6765, 'recall': 0.284, 'f1': 0.4, 'auc': 0.8161}
train: {'epoch': 60, 'eta': 567511.628, 'loss': 0.1011, 'lr': 0.001, 'params': 1142103, 'time_iter': 14.2046, 'accuracy': 0.9707, 'precision': 0.7562, 'recall': 0.3222, 'f1': 0.4519, 'auc': 0.8794}
val: {'epoch': 61, 'loss': 0.0787, 'lr': 0.001, 'params': 1142103, 'time_iter': 2.467, 'accuracy': 0.9825, 'precision': 0.6286, 'recall': 0.2716, 'f1': 0.3793, 'auc': 0.8259}
train: {'epoch': 61, 'eta': 553080.823, 'loss': 0.0998, 'lr': 0.001, 'params': 1142103, 'time_iter': 14.333, 'accuracy': 0.9709, 'precision': 0.7575, 'recall': 0.3295, 'f1': 0.4593, 'auc': 0.8874}
val: {'epoch': 62, 'loss': 0.0795, 'lr': 0.001, 'params': 1142103, 'time_iter': 2.6825, 'accuracy': 0.9808, 'precision': 0.5333, 'recall': 0.1975, 'f1': 0.2883, 'auc': 0.8259}
train: {'epoch': 62, 'eta': 538820.3297, 'loss': 0.1012, 'lr': 0.001, 'params': 1142103, 'time_iter': 14.6315, 'accuracy': 0.9714, 'precision': 0.7675, 'recall': 0.3377, 'f1': 0.469, 'auc': 0.881}
val: {'epoch': 63, 'loss': 0.0788, 'lr': 0.001, 'params': 1142103, 'time_iter': 2.4526, 'accuracy': 0.9827, 'precision': 0.6923, 'recall': 0.2222, 'f1': 0.3364, 'auc': 0.8348}
train: {'epoch': 63, 'eta': 524346.2962, 'loss': 0.1, 'lr': 0.001, 'params': 1142103, 'time_iter': 14.3055, 'accuracy': 0.9707, 'precision': 0.7582, 'recall': 0.3182, 'f1': 0.4483, 'auc': 0.8833}
val: {'epoch': 64, 'loss': 0.0955, 'lr': 0.001, 'params': 1142103, 'time_iter': 2.4535, 'accuracy': 0.9823, 'precision': 0.6818, 'recall': 0.1852, 'f1': 0.2913, 'auc': 0.7403}
train: {'epoch': 64, 'eta': 509807.4217, 'loss': 0.0994, 'lr': 0.001, 'params': 1142103, 'time_iter': 14.2022, 'accuracy': 0.9709, 'precision': 0.7556, 'recall': 0.3312, 'f1': 0.4605, 'auc': 0.8882}
val: {'epoch': 65, 'loss': 0.0812, 'lr': 0.001, 'params': 1142103, 'time_iter': 2.6196, 'accuracy': 0.9832, 'precision': 0.7308, 'recall': 0.2346, 'f1': 0.3551, 'auc': 0.7808}
train: {'epoch': 65, 'eta': 495185.6657, 'loss': 0.0994, 'lr': 0.001, 'params': 1142103, 'time_iter': 14.0501, 'accuracy': 0.971, 'precision': 0.7495, 'recall': 0.3377, 'f1': 0.4656, 'auc': 0.8883}
val: {'epoch': 66, 'loss': 0.0806, 'lr': 0.001, 'params': 1142103, 'time_iter': 2.4435, 'accuracy': 0.982, 'precision': 0.5897, 'recall': 0.284, 'f1': 0.3833, 'auc': 0.7942}
train: {'epoch': 66, 'eta': 480826.0395, 'loss': 0.098, 'lr': 0.001, 'params': 1142103, 'time_iter': 14.5576, 'accuracy': 0.9713, 'precision': 0.7765, 'recall': 0.3271, 'f1': 0.4603, 'auc': 0.8912}
val: {'epoch': 67, 'loss': 0.0839, 'lr': 0.001, 'params': 1142103, 'time_iter': 2.8331, 'accuracy': 0.9815, 'precision': 0.5714, 'recall': 0.2469, 'f1': 0.3448, 'auc': 0.8053}
train: {'epoch': 67, 'eta': 466393.0254, 'loss': 0.0983, 'lr': 0.001, 'params': 1142103, 'time_iter': 14.4437, 'accuracy': 0.9714, 'precision': 0.7695, 'recall': 0.336, 'f1': 0.4678, 'auc': 0.893}
val: {'epoch': 68, 'loss': 0.0762, 'lr': 0.001, 'params': 1142103, 'time_iter': 2.7644, 'accuracy': 0.9827, 'precision': 0.6389, 'recall': 0.284, 'f1': 0.3932, 'auc': 0.8213}
train: {'epoch': 68, 'eta': 451993.8283, 'loss': 0.0981, 'lr': 0.001, 'params': 1142103, 'time_iter': 14.5438, 'accuracy': 0.9712, 'precision': 0.7531, 'recall': 0.3442, 'f1': 0.4724, 'auc': 0.8911}
val: {'epoch': 69, 'loss': 0.0787, 'lr': 0.001, 'params': 1142103, 'time_iter': 2.5876, 'accuracy': 0.9827, 'precision': 0.6471, 'recall': 0.2716, 'f1': 0.3826, 'auc': 0.8255}
train: {'epoch': 69, 'eta': 437674.677, 'loss': 0.0975, 'lr': 0.001, 'params': 1142103, 'time_iter': 14.762, 'accuracy': 0.9715, 'precision': 0.7687, 'recall': 0.3425, 'f1': 0.4739, 'auc': 0.8941}
val: {'epoch': 70, 'loss': 0.0845, 'lr': 0.001, 'params': 1142103, 'time_iter': 2.6159, 'accuracy': 0.9815, 'precision': 0.5806, 'recall': 0.2222, 'f1': 0.3214, 'auc': 0.7918}
train: {'epoch': 70, 'eta': 423137.9796, 'loss': 0.0957, 'lr': 0.001, 'params': 1142103, 'time_iter': 14.3028, 'accuracy': 0.9718, 'precision': 0.7701, 'recall': 0.3506, 'f1': 0.4819, 'auc': 0.8993}
val: {'epoch': 71, 'loss': 0.079, 'lr': 0.001, 'params': 1142103, 'time_iter': 2.45, 'accuracy': 0.9825, 'precision': 0.6047, 'recall': 0.321, 'f1': 0.4194, 'auc': 0.8075}
train: {'epoch': 71, 'eta': 408793.3904, 'loss': 0.0956, 'lr': 0.001, 'params': 1142103, 'time_iter': 14.7954, 'accuracy': 0.9715, 'precision': 0.7639, 'recall': 0.3466, 'f1': 0.4768, 'auc': 0.9016}
val: {'epoch': 72, 'loss': 0.0823, 'lr': 0.001, 'params': 1142103, 'time_iter': 2.4858, 'accuracy': 0.9825, 'precision': 0.6, 'recall': 0.3333, 'f1': 0.4286, 'auc': 0.7932}
train: {'epoch': 72, 'eta': 394186.7463, 'loss': 0.0952, 'lr': 0.001, 'params': 1142103, 'time_iter': 14.1702, 'accuracy': 0.9715, 'precision': 0.7504, 'recall': 0.3563, 'f1': 0.4832, 'auc': 0.9017}
val: {'epoch': 73, 'loss': 0.0824, 'lr': 0.001, 'params': 1142103, 'time_iter': 2.8888, 'accuracy': 0.9815, 'precision': 0.5714, 'recall': 0.2469, 'f1': 0.3448, 'auc': 0.8005}
train: {'epoch': 73, 'eta': 379578.6155, 'loss': 0.095, 'lr': 0.001, 'params': 1142103, 'time_iter': 14.1642, 'accuracy': 0.9719, 'precision': 0.7656, 'recall': 0.358, 'f1': 0.4878, 'auc': 0.902}
val: {'epoch': 74, 'loss': 0.0823, 'lr': 0.001, 'params': 1142103, 'time_iter': 2.5509, 'accuracy': 0.9815, 'precision': 0.5676, 'recall': 0.2593, 'f1': 0.3559, 'auc': 0.7949}
train: {'epoch': 74, 'eta': 365064.1136, 'loss': 0.0944, 'lr': 0.001, 'params': 1142103, 'time_iter': 14.4346, 'accuracy': 0.9718, 'precision': 0.763, 'recall': 0.358, 'f1': 0.4873, 'auc': 0.9066}
val: {'epoch': 75, 'loss': 0.0902, 'lr': 0.001, 'params': 1142103, 'time_iter': 2.6657, 'accuracy': 0.9818, 'precision': 0.5789, 'recall': 0.2716, 'f1': 0.3697, 'auc': 0.7896}
train: {'epoch': 75, 'eta': 350356.6584, 'loss': 0.0939, 'lr': 0.001, 'params': 1142103, 'time_iter': 13.8682, 'accuracy': 0.9715, 'precision': 0.7462, 'recall': 0.3604, 'f1': 0.486, 'auc': 0.9078}
val: {'epoch': 76, 'loss': 0.085, 'lr': 0.001, 'params': 1142103, 'time_iter': 2.8234, 'accuracy': 0.983, 'precision': 0.72, 'recall': 0.2222, 'f1': 0.3396, 'auc': 0.7726}
train: {'epoch': 76, 'eta': 335716.9506, 'loss': 0.0939, 'lr': 0.001, 'params': 1142103, 'time_iter': 14.0517, 'accuracy': 0.9725, 'precision': 0.7847, 'recall': 0.3669, 'f1': 0.5, 'auc': 0.904}
val: {'epoch': 77, 'loss': 0.0862, 'lr': 0.001, 'params': 1142103, 'time_iter': 2.7456, 'accuracy': 0.9823, 'precision': 0.6538, 'recall': 0.2099, 'f1': 0.3178, 'auc': 0.7884}
train: {'epoch': 77, 'eta': 321184.6636, 'loss': 0.0937, 'lr': 0.001, 'params': 1142103, 'time_iter': 14.4059, 'accuracy': 0.972, 'precision': 0.7645, 'recall': 0.3636, 'f1': 0.4928, 'auc': 0.906}
val: {'epoch': 78, 'loss': 0.0842, 'lr': 0.001, 'params': 1142103, 'time_iter': 2.5501, 'accuracy': 0.9801, 'precision': 0.4878, 'recall': 0.2469, 'f1': 0.3279, 'auc': 0.8017}
train: {'epoch': 78, 'eta': 306532.893, 'loss': 0.094, 'lr': 0.001, 'params': 1142103, 'time_iter': 13.996, 'accuracy': 0.9721, 'precision': 0.7749, 'recall': 0.3604, 'f1': 0.492, 'auc': 0.9054}
val: {'epoch': 79, 'loss': 0.0834, 'lr': 0.001, 'params': 1142103, 'time_iter': 2.6017, 'accuracy': 0.9837, 'precision': 0.75, 'recall': 0.2593, 'f1': 0.3853, 'auc': 0.8099}
train: {'epoch': 79, 'eta': 291930.2965, 'loss': 0.092, 'lr': 0.001, 'params': 1142103, 'time_iter': 14.1629, 'accuracy': 0.9719, 'precision': 0.7614, 'recall': 0.3653, 'f1': 0.4937, 'auc': 0.9109}
val: {'epoch': 80, 'loss': 0.0881, 'lr': 0.001, 'params': 1142103, 'time_iter': 2.4628, 'accuracy': 0.982, 'precision': 0.6129, 'recall': 0.2346, 'f1': 0.3393, 'auc': 0.78}
train: {'epoch': 80, 'eta': 277262.0204, 'loss': 0.0917, 'lr': 0.001, 'params': 1142103, 'time_iter': 13.8878, 'accuracy': 0.9725, 'precision': 0.7689, 'recall': 0.3807, 'f1': 0.5092, 'auc': 0.9098}
val: {'epoch': 81, 'loss': 0.0867, 'lr': 0.001, 'params': 1142103, 'time_iter': 2.7153, 'accuracy': 0.9818, 'precision': 0.6, 'recall': 0.2222, 'f1': 0.3243, 'auc': 0.7923}
train: {'epoch': 81, 'eta': 262744.4672, 'loss': 0.0929, 'lr': 0.001, 'params': 1142103, 'time_iter': 14.5143, 'accuracy': 0.972, 'precision': 0.7516, 'recall': 0.3782, 'f1': 0.5032, 'auc': 0.9074}
val: {'epoch': 82, 'loss': 0.0839, 'lr': 0.001, 'params': 1142103, 'time_iter': 2.5596, 'accuracy': 0.9827, 'precision': 0.6667, 'recall': 0.2469, 'f1': 0.3604, 'auc': 0.809}
train: {'epoch': 82, 'eta': 248148.2168, 'loss': 0.0913, 'lr': 0.001, 'params': 1142103, 'time_iter': 14.1887, 'accuracy': 0.9731, 'precision': 0.7877, 'recall': 0.3856, 'f1': 0.5177, 'auc': 0.9093}
val: {'epoch': 83, 'loss': 0.0901, 'lr': 0.001, 'params': 1142103, 'time_iter': 2.5859, 'accuracy': 0.9808, 'precision': 0.5227, 'recall': 0.284, 'f1': 0.368, 'auc': 0.8003}
train: {'epoch': 83, 'eta': 233527.2308, 'loss': 0.0903, 'lr': 0.001, 'params': 1142103, 'time_iter': 14.063, 'accuracy': 0.9734, 'precision': 0.7887, 'recall': 0.3969, 'f1': 0.5281, 'auc': 0.9159}
val: {'epoch': 84, 'loss': 0.0875, 'lr': 0.001, 'params': 1142103, 'time_iter': 2.8225, 'accuracy': 0.984, 'precision': 0.8261, 'recall': 0.2346, 'f1': 0.3654, 'auc': 0.777}
train: {'epoch': 84, 'eta': 218965.3228, 'loss': 0.0915, 'lr': 0.001, 'params': 1142103, 'time_iter': 14.3688, 'accuracy': 0.9723, 'precision': 0.7667, 'recall': 0.3734, 'f1': 0.5022, 'auc': 0.9106}
val: {'epoch': 85, 'loss': 0.0847, 'lr': 0.001, 'params': 1142103, 'time_iter': 2.609, 'accuracy': 0.9825, 'precision': 0.6216, 'recall': 0.284, 'f1': 0.3898, 'auc': 0.8178}
train: {'epoch': 85, 'eta': 204464.2568, 'loss': 0.0897, 'lr': 0.001, 'params': 1142103, 'time_iter': 14.7631, 'accuracy': 0.9728, 'precision': 0.7726, 'recall': 0.3888, 'f1': 0.5173, 'auc': 0.9178}
val: {'epoch': 86, 'loss': 0.0846, 'lr': 0.001, 'params': 1142103, 'time_iter': 2.715, 'accuracy': 0.9827, 'precision': 0.7778, 'recall': 0.1728, 'f1': 0.2828, 'auc': 0.8323}
train: {'epoch': 86, 'eta': 189879.5261, 'loss': 0.0904, 'lr': 0.001, 'params': 1142103, 'time_iter': 14.3222, 'accuracy': 0.9732, 'precision': 0.7854, 'recall': 0.392, 'f1': 0.523, 'auc': 0.9177}
val: {'epoch': 87, 'loss': 0.0822, 'lr': 0.001, 'params': 1142103, 'time_iter': 2.4473, 'accuracy': 0.9805, 'precision': 0.5122, 'recall': 0.2593, 'f1': 0.3443, 'auc': 0.8276}
train: {'epoch': 87, 'eta': 175279.5175, 'loss': 0.0897, 'lr': 0.001, 'params': 1142103, 'time_iter': 14.238, 'accuracy': 0.9732, 'precision': 0.7832, 'recall': 0.3929, 'f1': 0.5232, 'auc': 0.9187}
val: {'epoch': 88, 'loss': 0.0876, 'lr': 0.001, 'params': 1142103, 'time_iter': 2.5181, 'accuracy': 0.9827, 'precision': 0.6471, 'recall': 0.2716, 'f1': 0.3826, 'auc': 0.7982}
train: {'epoch': 88, 'eta': 160705.7505, 'loss': 0.0902, 'lr': 0.001, 'params': 1142103, 'time_iter': 14.4533, 'accuracy': 0.9734, 'precision': 0.7811, 'recall': 0.4026, 'f1': 0.5313, 'auc': 0.9137}
val: {'epoch': 89, 'loss': 0.0953, 'lr': 0.001, 'params': 1142103, 'time_iter': 2.7166, 'accuracy': 0.9805, 'precision': 0.5116, 'recall': 0.2716, 'f1': 0.3548, 'auc': 0.7896}
train: {'epoch': 89, 'eta': 146112.7996, 'loss': 0.0887, 'lr': 0.001, 'params': 1142103, 'time_iter': 14.3436, 'accuracy': 0.9733, 'precision': 0.7855, 'recall': 0.3953, 'f1': 0.5259, 'auc': 0.9186}
val: {'epoch': 90, 'loss': 0.0956, 'lr': 0.001, 'params': 1142103, 'time_iter': 2.4545, 'accuracy': 0.9818, 'precision': 0.6071, 'recall': 0.2099, 'f1': 0.3119, 'auc': 0.759}
train: {'epoch': 90, 'eta': 131519.3011, 'loss': 0.0881, 'lr': 0.001, 'params': 1142103, 'time_iter': 14.3742, 'accuracy': 0.9734, 'precision': 0.7776, 'recall': 0.4058, 'f1': 0.5333, 'auc': 0.9205}
val: {'epoch': 91, 'loss': 0.0979, 'lr': 0.001, 'params': 1142103, 'time_iter': 2.6216, 'accuracy': 0.9823, 'precision': 0.6818, 'recall': 0.1852, 'f1': 0.2913, 'auc': 0.7858}
train: {'epoch': 91, 'eta': 116903.4754, 'loss': 0.087, 'lr': 0.001, 'params': 1142103, 'time_iter': 14.1727, 'accuracy': 0.9735, 'precision': 0.7792, 'recall': 0.4067, 'f1': 0.5344, 'auc': 0.9246}
val: {'epoch': 92, 'loss': 0.0873, 'lr': 0.001, 'params': 1142103, 'time_iter': 2.8468, 'accuracy': 0.9813, 'precision': 0.5556, 'recall': 0.2469, 'f1': 0.3419, 'auc': 0.8121}
train: {'epoch': 92, 'eta': 102320.6091, 'loss': 0.0879, 'lr': 0.001, 'params': 1142103, 'time_iter': 14.5893, 'accuracy': 0.9737, 'precision': 0.7923, 'recall': 0.4026, 'f1': 0.5339, 'auc': 0.9207}
val: {'epoch': 93, 'loss': 0.0918, 'lr': 0.001, 'params': 1142103, 'time_iter': 2.4518, 'accuracy': 0.981, 'precision': 0.5429, 'recall': 0.2346, 'f1': 0.3276, 'auc': 0.771}
train: {'epoch': 93, 'eta': 87746.222, 'loss': 0.0866, 'lr': 0.001, 'params': 1142103, 'time_iter': 14.8576, 'accuracy': 0.9741, 'precision': 0.7884, 'recall': 0.4205, 'f1': 0.5484, 'auc': 0.9229}
val: {'epoch': 94, 'loss': 0.1021, 'lr': 0.001, 'params': 1142103, 'time_iter': 2.567, 'accuracy': 0.9801, 'precision': 0.4839, 'recall': 0.1852, 'f1': 0.2679, 'auc': 0.7538}
train: {'epoch': 94, 'eta': 73120.1357, 'loss': 0.0873, 'lr': 0.001, 'params': 1142103, 'time_iter': 14.1805, 'accuracy': 0.9735, 'precision': 0.7804, 'recall': 0.4067, 'f1': 0.5347, 'auc': 0.9251}
val: {'epoch': 95, 'loss': 0.0882, 'lr': 0.001, 'params': 1142103, 'time_iter': 2.4147, 'accuracy': 0.982, 'precision': 0.6207, 'recall': 0.2222, 'f1': 0.3273, 'auc': 0.785}
train: {'epoch': 95, 'eta': 58507.1553, 'loss': 0.0855, 'lr': 0.001, 'params': 1142103, 'time_iter': 14.4695, 'accuracy': 0.9742, 'precision': 0.8003, 'recall': 0.4131, 'f1': 0.545, 'auc': 0.926}
val: {'epoch': 96, 'loss': 0.1014, 'lr': 0.001, 'params': 1142103, 'time_iter': 2.591, 'accuracy': 0.9813, 'precision': 0.5667, 'recall': 0.2099, 'f1': 0.3063, 'auc': 0.7676}
train: {'epoch': 96, 'eta': 43881.9276, 'loss': 0.0869, 'lr': 0.001, 'params': 1142103, 'time_iter': 14.2636, 'accuracy': 0.9743, 'precision': 0.807, 'recall': 0.414, 'f1': 0.5472, 'auc': 0.9231}
val: {'epoch': 97, 'loss': 0.0919, 'lr': 0.001, 'params': 1142103, 'time_iter': 2.6504, 'accuracy': 0.9823, 'precision': 0.5952, 'recall': 0.3086, 'f1': 0.4065, 'auc': 0.8019}
train: {'epoch': 97, 'eta': 29259.0385, 'loss': 0.0848, 'lr': 0.001, 'params': 1142103, 'time_iter': 14.4256, 'accuracy': 0.9737, 'precision': 0.781, 'recall': 0.414, 'f1': 0.5411, 'auc': 0.9294}
val: {'epoch': 98, 'loss': 0.1007, 'lr': 0.001, 'params': 1142103, 'time_iter': 2.5234, 'accuracy': 0.9818, 'precision': 0.65, 'recall': 0.1605, 'f1': 0.2574, 'auc': 0.7578}
train: {'epoch': 98, 'eta': 14635.6594, 'loss': 0.0848, 'lr': 0.001, 'params': 1142103, 'time_iter': 14.808, 'accuracy': 0.9737, 'precision': 0.7738, 'recall': 0.4221, 'f1': 0.5462, 'auc': 0.9305}
val: {'epoch': 99, 'loss': 0.0966, 'lr': 0.001, 'params': 1142103, 'time_iter': 2.4788, 'accuracy': 0.9815, 'precision': 0.5926, 'recall': 0.1975, 'f1': 0.2963, 'auc': 0.785}
train: {'epoch': 99, 'eta': 0.0, 'loss': 0.0837, 'lr': 0.001, 'params': 1142103, 'time_iter': 14.4699, 'accuracy': 0.974, 'precision': 0.7793, 'recall': 0.4269, 'f1': 0.5517, 'auc': 0.9303}
test: {'epoch': 99, 'loss': 0.1704, 'lr': 0.001, 'params': 1142103, 'time_iter': 2.2373, 'accuracy': 0.9674, 'precision': 0.4333, 'recall': 0.1, 'f1': 0.1625, 'auc': 0.7462}
test: {'epoch': 63, 'loss': 0.1541, 'lr': 0.001, 'params': 1142103, 'time_iter': 2.4011, 'accuracy': 0.9684, 'precision': 0.5, 'recall': 0.0923, 'f1': 0.1558, 'auc': 0.736}
