GraphGymModule(
  (model): DilatedGNNModel(
    (encoder): FeatureEncoder(
      (node_encoder): AtomEncoder(
        (atom_embedding_list): ModuleList(
          (0): Embedding(119, 300)
          (1): Embedding(4, 300)
          (2): Embedding(12, 300)
          (3): Embedding(12, 300)
          (4): Embedding(10, 300)
          (5): Embedding(6, 300)
          (6): Embedding(6, 300)
          (7): Embedding(2, 300)
          (8): Embedding(2, 300)
        )
      )
      (edge_encoder): BondEncoder(
        (bond_embedding_list): ModuleList(
          (0): Embedding(5, 300)
          (1): Embedding(6, 300)
          (2): Embedding(2, 300)
        )
      )
    )
    (mp): GNNDilatedStage(
      (classic_layers): ModuleList(
        (0): GeneralLayer(
          (layer): EGINConv(
            (model): GINEConv(nn=Sequential(
              (0): Linear(300, 300, bias=True)
              (1): ReLU()
              (2): Linear(300, 300, bias=True)
            ))
          )
          (post_layer): Sequential(
            (0): BatchNorm1d(300, eps=1e-05, momentum=0.1, affine=True, track_running_stats=True)
            (1): Dropout(p=0.5, inplace=False)
            (2): ReLU()
          )
        )
        (1): GeneralLayer(
          (layer): EGINConv(
            (model): GINEConv(nn=Sequential(
              (0): Linear(300, 300, bias=True)
              (1): ReLU()
              (2): Linear(300, 300, bias=True)
            ))
          )
          (post_layer): Sequential(
            (0): BatchNorm1d(300, eps=1e-05, momentum=0.1, affine=True, track_running_stats=True)
            (1): Dropout(p=0.5, inplace=False)
            (2): ReLU()
          )
        )
        (2): GeneralLayer(
          (layer): EGINConv(
            (model): GINEConv(nn=Sequential(
              (0): Linear(300, 300, bias=True)
              (1): ReLU()
              (2): Linear(300, 300, bias=True)
            ))
          )
          (post_layer): Sequential(
            (0): BatchNorm1d(300, eps=1e-05, momentum=0.1, affine=True, track_running_stats=True)
            (1): Dropout(p=0.5, inplace=False)
            (2): ReLU()
          )
        )
      )
      (dilated_layers): ModuleList(
        (0): DilatedGeneralLayer(
          (layer): EGINConv(
            (model): GINEConv(nn=Sequential(
              (0): Linear(300, 300, bias=True)
              (1): ReLU()
              (2): Linear(300, 300, bias=True)
            ))
          )
          (post_layer): Sequential(
            (0): BatchNorm1d(300, eps=1e-05, momentum=0.1, affine=True, track_running_stats=True)
            (1): Dropout(p=0.5, inplace=False)
            (2): ReLU()
          )
          (gem): GeM(p=3.0000, eps=1e-06)
        )
        (1): DilatedGeneralLayer(
          (layer): EGINConv(
            (model): GINEConv(nn=Sequential(
              (0): Linear(300, 300, bias=True)
              (1): ReLU()
              (2): Linear(300, 300, bias=True)
            ))
          )
          (post_layer): Sequential(
            (0): BatchNorm1d(300, eps=1e-05, momentum=0.1, affine=True, track_running_stats=True)
            (1): Dropout(p=0.5, inplace=False)
            (2): ReLU()
          )
          (gem): GeM(p=3.0000, eps=1e-06)
        )
        (2): DilatedGeneralLayer(
          (layer): EGINConv(
            (model): GINEConv(nn=Sequential(
              (0): Linear(300, 300, bias=True)
              (1): ReLU()
              (2): Linear(300, 300, bias=True)
            ))
          )
          (post_layer): Sequential(
            (0): BatchNorm1d(300, eps=1e-05, momentum=0.1, affine=True, track_running_stats=True)
            (1): Dropout(p=0.5, inplace=False)
            (2): ReLU()
          )
          (gem): GeM(p=3.0000, eps=1e-06)
        )
      )
      (act): ReLU()
    )
    (post_mp): GNNGraphHead(
      (layer_post_mp): MLP(
        (model): Sequential(
          (0): Linear(
            (model): Linear(600, 1, bias=True)
          )
        )
      )
    )
  )
)
accelerator: cuda
benchmark: False
bn:
  eps: 1e-05
  mom: 0.1
cfg_dest: config.yaml
custom_metrics: []
dataset:
  cache_load: False
  cache_save: False
  dir: ./datasets
  edge_dim: 300
  edge_encoder: True
  edge_encoder_bn: False
  edge_encoder_name: Bond
  edge_message_ratio: 0.8
  edge_negative_sampling_ratio: 1.0
  edge_train_mode: all
  encoder: True
  encoder_bn: True
  encoder_dim: 128
  encoder_name: db
  fast_loader: False
  format: OGB
  label_column: none
  label_table: none
  location: local
  name: ogbg-molhiv
  node_encoder: True
  node_encoder_bn: False
  node_encoder_name: Atom
  remove_feature: False
  resample_disjoint: False
  resample_negative: False
  shuffle_split: True
  split: [0.8, 0.1, 0.1]
  split_mode: random
  task: graph
  task_type: classification
  to_undirected: False
  transductive: False
  transform: none
  tu_simple: True
devices: 1
gnn:
  act: relu
  act_on_last_layer_mp: False
  agg: none
  att_final_linear: False
  att_final_linear_bn: False
  att_heads: 1
  batchnorm: True
  clear_feature: True
  dilated_path_join: concat
  dim_inner: 300
  dropout: 0.5
  head: graph
  keep_edge: 0.5
  l2norm: True
  layer_type: eginconv
  layers_k1: 3
  layers_k2: 3
  layers_mp: 5
  layers_post_mp: 1
  layers_pre_mp: 0
  learn_alpha_residual_connection: False
  msg_direction: single
  normalize_adj: False
  self_msg: concat
  skip_every: 1
  stage_type: stack
  use_edge_features: True
gpu_mem: False
mem:
  inplace: False
metric_agg: argmax
metric_best: auc
model:
  edge_decoding: dot
  graph_pooling: mean
  loss_fun: cross_entropy
  match_upper: True
  size_average: mean
  thresh: 0.5
  type: dilated_gnn
num_threads: 6
num_workers: 16
optim:
  base_lr: 0.001
  lr_decay: 0.1
  max_epoch: 100
  momentum: 0.9
  optimizer: adam
  scheduler: none
  steps: [30, 60, 90]
  weight_decay: 0.0
out_dir: results_experiments/ogbg_molhiv_baseline_grid_design/ogbg_molhiv_baseline-type=dilated_gnn-layer_type=eginconv-layers_k1=3-layers_k2=3-dilated_path_join=concat-learn_alpha_residual_connection=False
params: 1685404
print: both
round: 4
run_dir: results_experiments/ogbg_molhiv_baseline_grid_design/ogbg_molhiv_baseline-type=dilated_gnn-layer_type=eginconv-layers_k1=3-layers_k2=3-dilated_path_join=concat-learn_alpha_residual_connection=False/5
seed: 6
share:
  dim_in: 9
  dim_out: 2
  num_splits: 3
tensorboard_agg: True
tensorboard_each_run: False
train:
  auto_resume: False
  batch_size: 32
  ckpt_clean: True
  ckpt_period: 100
  enable_ckpt: True
  epoch_resume: -1
  eval_period: 1
  iter_per_epoch: 32
  neighbor_sizes: [20, 15, 10, 5]
  node_per_graph: 32
  radius: extend
  sample_node: False
  sampler: full_batch
  skip_train_eval: False
  walk_length: 4
val:
  node_per_graph: 32
  radius: extend
  sample_node: False
  sampler: full_batch
view_emb: False
Num parameters: 1685404
val: {'epoch': 0, 'loss': 0.6998, 'lr': 0.001, 'params': 1685404, 'time_iter': 0.9622, 'accuracy': 0.0156, 'precision': 0.0156, 'recall': 1.0, 'f1': 0.0308, 'auc': 0.9206}
val: {'epoch': 0, 'loss': 0.0937, 'lr': 0.001, 'params': 1685404, 'time_iter': 2.7059, 'accuracy': 0.9803, 'precision': 0.0, 'recall': 0.0, 'f1': 0.0, 'auc': 0.6612}
train: {'epoch': 0, 'eta': 1666601.4221, 'loss': 0.1706, 'lr': 0.001, 'params': 1685404, 'time_iter': 16.3599, 'accuracy': 0.9611, 'precision': 0.0377, 'recall': 0.0016, 'f1': 0.0031, 'auc': 0.595}
val: {'epoch': 1, 'loss': 0.0925, 'lr': 0.001, 'params': 1685404, 'time_iter': 2.7725, 'accuracy': 0.981, 'precision': 1.0, 'recall': 0.037, 'f1': 0.0714, 'auc': 0.6677}
train: {'epoch': 1, 'eta': 1639311.8304, 'loss': 0.15, 'lr': 0.001, 'params': 1685404, 'time_iter': 16.1526, 'accuracy': 0.9626, 'precision': 0.0, 'recall': 0.0, 'f1': 0.0, 'auc': 0.6609}
val: {'epoch': 2, 'loss': 0.091, 'lr': 0.001, 'params': 1685404, 'time_iter': 2.8616, 'accuracy': 0.981, 'precision': 1.0, 'recall': 0.037, 'f1': 0.0714, 'auc': 0.6637}
train: {'epoch': 2, 'eta': 1625726.5352, 'loss': 0.1491, 'lr': 0.001, 'params': 1685404, 'time_iter': 16.3507, 'accuracy': 0.9626, 'precision': 1.0, 'recall': 0.0024, 'f1': 0.0049, 'auc': 0.6728}
val: {'epoch': 3, 'loss': 0.095, 'lr': 0.001, 'params': 1685404, 'time_iter': 2.6434, 'accuracy': 0.9813, 'precision': 1.0, 'recall': 0.0494, 'f1': 0.0941, 'auc': 0.6476}
train: {'epoch': 3, 'eta': 1595432.3632, 'loss': 0.1479, 'lr': 0.001, 'params': 1685404, 'time_iter': 15.7397, 'accuracy': 0.9626, 'precision': 0.7143, 'recall': 0.0041, 'f1': 0.0081, 'auc': 0.687}
val: {'epoch': 4, 'loss': 0.0912, 'lr': 0.001, 'params': 1685404, 'time_iter': 2.896, 'accuracy': 0.9813, 'precision': 1.0, 'recall': 0.0494, 'f1': 0.0941, 'auc': 0.6598}
train: {'epoch': 4, 'eta': 1578143.5703, 'loss': 0.1473, 'lr': 0.001, 'params': 1685404, 'time_iter': 16.1165, 'accuracy': 0.9627, 'precision': 0.6667, 'recall': 0.0081, 'f1': 0.016, 'auc': 0.6941}
val: {'epoch': 5, 'loss': 0.0906, 'lr': 0.001, 'params': 1685404, 'time_iter': 2.9238, 'accuracy': 0.9813, 'precision': 1.0, 'recall': 0.0494, 'f1': 0.0941, 'auc': 0.6794}
train: {'epoch': 5, 'eta': 1562434.4169, 'loss': 0.1472, 'lr': 0.001, 'params': 1685404, 'time_iter': 16.1999, 'accuracy': 0.9626, 'precision': 0.8, 'recall': 0.0032, 'f1': 0.0065, 'auc': 0.693}
val: {'epoch': 6, 'loss': 0.0917, 'lr': 0.001, 'params': 1685404, 'time_iter': 2.732, 'accuracy': 0.981, 'precision': 0.8, 'recall': 0.0494, 'f1': 0.093, 'auc': 0.6927}
train: {'epoch': 6, 'eta': 1548795.8927, 'loss': 0.1468, 'lr': 0.001, 'params': 1685404, 'time_iter': 16.3714, 'accuracy': 0.9627, 'precision': 0.6429, 'recall': 0.0073, 'f1': 0.0144, 'auc': 0.6952}
val: {'epoch': 7, 'loss': 0.0923, 'lr': 0.001, 'params': 1685404, 'time_iter': 2.8743, 'accuracy': 0.9813, 'precision': 1.0, 'recall': 0.0494, 'f1': 0.0941, 'auc': 0.6885}
train: {'epoch': 7, 'eta': 1530604.6126, 'loss': 0.1455, 'lr': 0.001, 'params': 1685404, 'time_iter': 16.0544, 'accuracy': 0.9628, 'precision': 0.75, 'recall': 0.0097, 'f1': 0.0192, 'auc': 0.7079}
val: {'epoch': 8, 'loss': 0.0883, 'lr': 0.001, 'params': 1685404, 'time_iter': 2.8976, 'accuracy': 0.9813, 'precision': 1.0, 'recall': 0.0494, 'f1': 0.0941, 'auc': 0.709}
train: {'epoch': 8, 'eta': 1522625.2653, 'loss': 0.1453, 'lr': 0.001, 'params': 1685404, 'time_iter': 17.0003, 'accuracy': 0.9626, 'precision': 0.5833, 'recall': 0.0057, 'f1': 0.0113, 'auc': 0.7119}
val: {'epoch': 9, 'loss': 0.0891, 'lr': 0.001, 'params': 1685404, 'time_iter': 3.0579, 'accuracy': 0.9818, 'precision': 1.0, 'recall': 0.0741, 'f1': 0.1379, 'auc': 0.7039}
train: {'epoch': 9, 'eta': 1499275.7188, 'loss': 0.1447, 'lr': 0.001, 'params': 1685404, 'time_iter': 15.546, 'accuracy': 0.9628, 'precision': 0.7647, 'recall': 0.0106, 'f1': 0.0208, 'auc': 0.7125}
val: {'epoch': 10, 'loss': 0.0934, 'lr': 0.001, 'params': 1685404, 'time_iter': 2.7542, 'accuracy': 0.9818, 'precision': 1.0, 'recall': 0.0741, 'f1': 0.1379, 'auc': 0.671}
train: {'epoch': 10, 'eta': 1481721.4394, 'loss': 0.1445, 'lr': 0.001, 'params': 1685404, 'time_iter': 16.0816, 'accuracy': 0.9629, 'precision': 0.7083, 'recall': 0.0138, 'f1': 0.0271, 'auc': 0.715}
val: {'epoch': 11, 'loss': 0.0893, 'lr': 0.001, 'params': 1685404, 'time_iter': 2.908, 'accuracy': 0.9815, 'precision': 0.8571, 'recall': 0.0741, 'f1': 0.1364, 'auc': 0.7048}
train: {'epoch': 11, 'eta': 1465921.6275, 'loss': 0.1443, 'lr': 0.001, 'params': 1685404, 'time_iter': 16.2918, 'accuracy': 0.963, 'precision': 0.7917, 'recall': 0.0154, 'f1': 0.0303, 'auc': 0.7131}
val: {'epoch': 12, 'loss': 0.0903, 'lr': 0.001, 'params': 1685404, 'time_iter': 3.0438, 'accuracy': 0.9815, 'precision': 0.8571, 'recall': 0.0741, 'f1': 0.1364, 'auc': 0.7088}
train: {'epoch': 12, 'eta': 1448473.8116, 'loss': 0.144, 'lr': 0.001, 'params': 1685404, 'time_iter': 16.0741, 'accuracy': 0.963, 'precision': 0.7667, 'recall': 0.0187, 'f1': 0.0365, 'auc': 0.7195}
val: {'epoch': 13, 'loss': 0.0924, 'lr': 0.001, 'params': 1685404, 'time_iter': 2.8065, 'accuracy': 0.981, 'precision': 0.8, 'recall': 0.0494, 'f1': 0.093, 'auc': 0.7103}
train: {'epoch': 13, 'eta': 1431330.0515, 'loss': 0.1437, 'lr': 0.001, 'params': 1685404, 'time_iter': 16.1017, 'accuracy': 0.9629, 'precision': 0.6579, 'recall': 0.0203, 'f1': 0.0394, 'auc': 0.7187}
val: {'epoch': 14, 'loss': 0.0897, 'lr': 0.001, 'params': 1685404, 'time_iter': 2.9302, 'accuracy': 0.9801, 'precision': 0.4444, 'recall': 0.0494, 'f1': 0.0889, 'auc': 0.7021}
train: {'epoch': 14, 'eta': 1414013.7685, 'loss': 0.1429, 'lr': 0.001, 'params': 1685404, 'time_iter': 16.0589, 'accuracy': 0.9628, 'precision': 0.5614, 'recall': 0.026, 'f1': 0.0497, 'auc': 0.7234}
val: {'epoch': 15, 'loss': 0.0913, 'lr': 0.001, 'params': 1685404, 'time_iter': 2.9625, 'accuracy': 0.9803, 'precision': 0.5, 'recall': 0.0494, 'f1': 0.0899, 'auc': 0.7103}
train: {'epoch': 15, 'eta': 1399369.4992, 'loss': 0.1424, 'lr': 0.001, 'params': 1685404, 'time_iter': 16.5352, 'accuracy': 0.9631, 'precision': 0.6324, 'recall': 0.0349, 'f1': 0.0662, 'auc': 0.724}
val: {'epoch': 16, 'loss': 0.0918, 'lr': 0.001, 'params': 1685404, 'time_iter': 3.0303, 'accuracy': 0.9808, 'precision': 1.0, 'recall': 0.0247, 'f1': 0.0482, 'auc': 0.7047}
train: {'epoch': 16, 'eta': 1382290.5358, 'loss': 0.1427, 'lr': 0.001, 'params': 1685404, 'time_iter': 16.1061, 'accuracy': 0.9629, 'precision': 0.6066, 'recall': 0.03, 'f1': 0.0572, 'auc': 0.721}
val: {'epoch': 17, 'loss': 0.0914, 'lr': 0.001, 'params': 1685404, 'time_iter': 2.8027, 'accuracy': 0.981, 'precision': 0.6364, 'recall': 0.0864, 'f1': 0.1522, 'auc': 0.6919}
train: {'epoch': 17, 'eta': 1367877.6968, 'loss': 0.1424, 'lr': 0.001, 'params': 1685404, 'time_iter': 16.6629, 'accuracy': 0.9632, 'precision': 0.6515, 'recall': 0.0349, 'f1': 0.0663, 'auc': 0.7242}
val: {'epoch': 18, 'loss': 0.0949, 'lr': 0.001, 'params': 1685404, 'time_iter': 2.9225, 'accuracy': 0.981, 'precision': 0.6154, 'recall': 0.0988, 'f1': 0.1702, 'auc': 0.6858}
train: {'epoch': 18, 'eta': 1352800.4919, 'loss': 0.142, 'lr': 0.001, 'params': 1685404, 'time_iter': 16.577, 'accuracy': 0.9633, 'precision': 0.6582, 'recall': 0.0422, 'f1': 0.0793, 'auc': 0.7238}
val: {'epoch': 19, 'loss': 0.0911, 'lr': 0.001, 'params': 1685404, 'time_iter': 2.9711, 'accuracy': 0.981, 'precision': 0.8, 'recall': 0.0494, 'f1': 0.093, 'auc': 0.7194}
train: {'epoch': 19, 'eta': 1337555.3625, 'loss': 0.1417, 'lr': 0.001, 'params': 1685404, 'time_iter': 16.5843, 'accuracy': 0.9629, 'precision': 0.597, 'recall': 0.0325, 'f1': 0.0616, 'auc': 0.732}
val: {'epoch': 20, 'loss': 0.0917, 'lr': 0.001, 'params': 1685404, 'time_iter': 2.6838, 'accuracy': 0.9813, 'precision': 0.6667, 'recall': 0.0988, 'f1': 0.172, 'auc': 0.7202}
train: {'epoch': 20, 'eta': 1323013.3244, 'loss': 0.1408, 'lr': 0.001, 'params': 1685404, 'time_iter': 16.8107, 'accuracy': 0.9629, 'precision': 0.597, 'recall': 0.0325, 'f1': 0.0616, 'auc': 0.7377}
val: {'epoch': 21, 'loss': 0.0905, 'lr': 0.001, 'params': 1685404, 'time_iter': 2.9055, 'accuracy': 0.9813, 'precision': 0.6429, 'recall': 0.1111, 'f1': 0.1895, 'auc': 0.7327}
train: {'epoch': 21, 'eta': 1306046.6472, 'loss': 0.1393, 'lr': 0.001, 'params': 1685404, 'time_iter': 16.2148, 'accuracy': 0.9631, 'precision': 0.6173, 'recall': 0.0406, 'f1': 0.0762, 'auc': 0.7433}
val: {'epoch': 22, 'loss': 0.0906, 'lr': 0.001, 'params': 1685404, 'time_iter': 2.9312, 'accuracy': 0.981, 'precision': 0.6364, 'recall': 0.0864, 'f1': 0.1522, 'auc': 0.7383}
train: {'epoch': 22, 'eta': 1289190.3713, 'loss': 0.1383, 'lr': 0.001, 'params': 1685404, 'time_iter': 16.2398, 'accuracy': 0.9635, 'precision': 0.6633, 'recall': 0.0528, 'f1': 0.0977, 'auc': 0.7501}
val: {'epoch': 23, 'loss': 0.0921, 'lr': 0.001, 'params': 1685404, 'time_iter': 2.8563, 'accuracy': 0.9813, 'precision': 0.6429, 'recall': 0.1111, 'f1': 0.1895, 'auc': 0.7242}
train: {'epoch': 23, 'eta': 1273037.1413, 'loss': 0.138, 'lr': 0.001, 'params': 1685404, 'time_iter': 16.4518, 'accuracy': 0.9634, 'precision': 0.6489, 'recall': 0.0495, 'f1': 0.092, 'auc': 0.7513}
val: {'epoch': 24, 'loss': 0.087, 'lr': 0.001, 'params': 1685404, 'time_iter': 2.8049, 'accuracy': 0.9818, 'precision': 0.875, 'recall': 0.0864, 'f1': 0.1573, 'auc': 0.7558}
train: {'epoch': 24, 'eta': 1254958.679, 'loss': 0.1396, 'lr': 0.001, 'params': 1685404, 'time_iter': 15.8482, 'accuracy': 0.9632, 'precision': 0.6667, 'recall': 0.0341, 'f1': 0.0649, 'auc': 0.7464}
val: {'epoch': 25, 'loss': 0.087, 'lr': 0.001, 'params': 1685404, 'time_iter': 3.0041, 'accuracy': 0.9815, 'precision': 0.7273, 'recall': 0.0988, 'f1': 0.1739, 'auc': 0.7523}
train: {'epoch': 25, 'eta': 1238349.2415, 'loss': 0.1389, 'lr': 0.001, 'params': 1685404, 'time_iter': 16.3033, 'accuracy': 0.9635, 'precision': 0.7759, 'recall': 0.0365, 'f1': 0.0698, 'auc': 0.7476}
val: {'epoch': 26, 'loss': 0.0876, 'lr': 0.001, 'params': 1685404, 'time_iter': 2.7328, 'accuracy': 0.9813, 'precision': 0.6429, 'recall': 0.1111, 'f1': 0.1895, 'auc': 0.7463}
train: {'epoch': 26, 'eta': 1219856.097, 'loss': 0.137, 'lr': 0.001, 'params': 1685404, 'time_iter': 15.6307, 'accuracy': 0.9635, 'precision': 0.6535, 'recall': 0.0536, 'f1': 0.099, 'auc': 0.7583}
val: {'epoch': 27, 'loss': 0.089, 'lr': 0.001, 'params': 1685404, 'time_iter': 2.9546, 'accuracy': 0.981, 'precision': 0.6154, 'recall': 0.0988, 'f1': 0.1702, 'auc': 0.7328}
train: {'epoch': 27, 'eta': 1203234.2968, 'loss': 0.1365, 'lr': 0.001, 'params': 1685404, 'time_iter': 16.2729, 'accuracy': 0.9638, 'precision': 0.7143, 'recall': 0.0568, 'f1': 0.1053, 'auc': 0.7628}
val: {'epoch': 28, 'loss': 0.09, 'lr': 0.001, 'params': 1685404, 'time_iter': 2.863, 'accuracy': 0.9808, 'precision': 0.6667, 'recall': 0.0494, 'f1': 0.092, 'auc': 0.7578}
train: {'epoch': 28, 'eta': 1187148.1434, 'loss': 0.1354, 'lr': 0.001, 'params': 1685404, 'time_iter': 16.4889, 'accuracy': 0.9641, 'precision': 0.7167, 'recall': 0.0698, 'f1': 0.1272, 'auc': 0.7657}
val: {'epoch': 29, 'loss': 0.0867, 'lr': 0.001, 'params': 1685404, 'time_iter': 2.7902, 'accuracy': 0.9813, 'precision': 0.6667, 'recall': 0.0988, 'f1': 0.172, 'auc': 0.7514}
train: {'epoch': 29, 'eta': 1171018.5638, 'loss': 0.1347, 'lr': 0.001, 'params': 1685404, 'time_iter': 16.4952, 'accuracy': 0.964, 'precision': 0.7182, 'recall': 0.0641, 'f1': 0.1177, 'auc': 0.7696}
val: {'epoch': 30, 'loss': 0.0824, 'lr': 0.001, 'params': 1685404, 'time_iter': 2.9901, 'accuracy': 0.9815, 'precision': 0.7273, 'recall': 0.0988, 'f1': 0.1739, 'auc': 0.7766}
train: {'epoch': 30, 'eta': 1154666.9962, 'loss': 0.134, 'lr': 0.001, 'params': 1685404, 'time_iter': 16.4221, 'accuracy': 0.9643, 'precision': 0.7021, 'recall': 0.0804, 'f1': 0.1442, 'auc': 0.7718}
val: {'epoch': 31, 'loss': 0.0853, 'lr': 0.001, 'params': 1685404, 'time_iter': 3.0821, 'accuracy': 0.9803, 'precision': 0.5, 'recall': 0.1358, 'f1': 0.2136, 'auc': 0.7708}
train: {'epoch': 31, 'eta': 1138513.7862, 'loss': 0.1331, 'lr': 0.001, 'params': 1685404, 'time_iter': 16.5284, 'accuracy': 0.9643, 'precision': 0.7398, 'recall': 0.0739, 'f1': 0.1343, 'auc': 0.7754}
val: {'epoch': 32, 'loss': 0.0859, 'lr': 0.001, 'params': 1685404, 'time_iter': 2.6978, 'accuracy': 0.981, 'precision': 0.6154, 'recall': 0.0988, 'f1': 0.1702, 'auc': 0.7698}
train: {'epoch': 32, 'eta': 1121657.6667, 'loss': 0.1326, 'lr': 0.001, 'params': 1685404, 'time_iter': 16.2168, 'accuracy': 0.964, 'precision': 0.6967, 'recall': 0.069, 'f1': 0.1256, 'auc': 0.7795}
val: {'epoch': 33, 'loss': 0.0889, 'lr': 0.001, 'params': 1685404, 'time_iter': 2.9562, 'accuracy': 0.982, 'precision': 0.8182, 'recall': 0.1111, 'f1': 0.1957, 'auc': 0.7573}
train: {'epoch': 33, 'eta': 1104522.5511, 'loss': 0.1312, 'lr': 0.001, 'params': 1685404, 'time_iter': 16.0721, 'accuracy': 0.9643, 'precision': 0.6944, 'recall': 0.0812, 'f1': 0.1453, 'auc': 0.7855}
val: {'epoch': 34, 'loss': 0.0842, 'lr': 0.001, 'params': 1685404, 'time_iter': 2.8393, 'accuracy': 0.9818, 'precision': 0.7143, 'recall': 0.1235, 'f1': 0.2105, 'auc': 0.7766}
train: {'epoch': 34, 'eta': 1087625.5881, 'loss': 0.1305, 'lr': 0.001, 'params': 1685404, 'time_iter': 16.1789, 'accuracy': 0.9643, 'precision': 0.7034, 'recall': 0.0828, 'f1': 0.1481, 'auc': 0.7908}
val: {'epoch': 35, 'loss': 0.0855, 'lr': 0.001, 'params': 1685404, 'time_iter': 2.7204, 'accuracy': 0.982, 'precision': 0.7692, 'recall': 0.1235, 'f1': 0.2128, 'auc': 0.7661}
train: {'epoch': 35, 'eta': 1071592.6149, 'loss': 0.1301, 'lr': 0.001, 'params': 1685404, 'time_iter': 16.6436, 'accuracy': 0.9646, 'precision': 0.7048, 'recall': 0.095, 'f1': 0.1674, 'auc': 0.7933}
val: {'epoch': 36, 'loss': 0.086, 'lr': 0.001, 'params': 1685404, 'time_iter': 2.8338, 'accuracy': 0.9818, 'precision': 0.75, 'recall': 0.1111, 'f1': 0.1935, 'auc': 0.7528}
train: {'epoch': 36, 'eta': 1055531.4117, 'loss': 0.1285, 'lr': 0.001, 'params': 1685404, 'time_iter': 16.6613, 'accuracy': 0.9647, 'precision': 0.7188, 'recall': 0.0933, 'f1': 0.1652, 'auc': 0.7988}
val: {'epoch': 37, 'loss': 0.0826, 'lr': 0.001, 'params': 1685404, 'time_iter': 3.1091, 'accuracy': 0.9818, 'precision': 0.6875, 'recall': 0.1358, 'f1': 0.2268, 'auc': 0.792}
train: {'epoch': 37, 'eta': 1039213.4912, 'loss': 0.1292, 'lr': 0.001, 'params': 1685404, 'time_iter': 16.5423, 'accuracy': 0.9647, 'precision': 0.7, 'recall': 0.1023, 'f1': 0.1785, 'auc': 0.7911}
val: {'epoch': 38, 'loss': 0.0831, 'lr': 0.001, 'params': 1685404, 'time_iter': 2.7628, 'accuracy': 0.981, 'precision': 0.6, 'recall': 0.1111, 'f1': 0.1875, 'auc': 0.7884}
train: {'epoch': 38, 'eta': 1022718.209, 'loss': 0.1273, 'lr': 0.001, 'params': 1685404, 'time_iter': 16.4545, 'accuracy': 0.9653, 'precision': 0.7586, 'recall': 0.1071, 'f1': 0.1878, 'auc': 0.7989}
val: {'epoch': 39, 'loss': 0.0836, 'lr': 0.001, 'params': 1685404, 'time_iter': 2.8612, 'accuracy': 0.9818, 'precision': 0.75, 'recall': 0.1111, 'f1': 0.1935, 'auc': 0.8047}
train: {'epoch': 39, 'eta': 1006498.6353, 'loss': 0.1262, 'lr': 0.001, 'params': 1685404, 'time_iter': 16.6473, 'accuracy': 0.9655, 'precision': 0.7539, 'recall': 0.1169, 'f1': 0.2024, 'auc': 0.8001}
val: {'epoch': 40, 'loss': 0.0903, 'lr': 0.001, 'params': 1685404, 'time_iter': 2.876, 'accuracy': 0.9803, 'precision': 0.5, 'recall': 0.0494, 'f1': 0.0899, 'auc': 0.7718}
train: {'epoch': 40, 'eta': 989614.728, 'loss': 0.1255, 'lr': 0.001, 'params': 1685404, 'time_iter': 16.2286, 'accuracy': 0.9656, 'precision': 0.7371, 'recall': 0.1274, 'f1': 0.2173, 'auc': 0.8069}
val: {'epoch': 41, 'loss': 0.0858, 'lr': 0.001, 'params': 1685404, 'time_iter': 2.7682, 'accuracy': 0.982, 'precision': 0.8182, 'recall': 0.1111, 'f1': 0.1957, 'auc': 0.7873}
train: {'epoch': 41, 'eta': 973112.4613, 'loss': 0.126, 'lr': 0.001, 'params': 1685404, 'time_iter': 16.491, 'accuracy': 0.9652, 'precision': 0.7157, 'recall': 0.1185, 'f1': 0.2033, 'auc': 0.804}
val: {'epoch': 42, 'loss': 0.085, 'lr': 0.001, 'params': 1685404, 'time_iter': 2.8478, 'accuracy': 0.9808, 'precision': 0.5625, 'recall': 0.1111, 'f1': 0.1856, 'auc': 0.7643}
train: {'epoch': 42, 'eta': 956758.7332, 'loss': 0.1253, 'lr': 0.001, 'params': 1685404, 'time_iter': 16.6159, 'accuracy': 0.9652, 'precision': 0.7186, 'recall': 0.1161, 'f1': 0.1999, 'auc': 0.8075}
val: {'epoch': 43, 'loss': 0.0842, 'lr': 0.001, 'params': 1685404, 'time_iter': 2.7719, 'accuracy': 0.9813, 'precision': 0.75, 'recall': 0.0741, 'f1': 0.1348, 'auc': 0.8128}
train: {'epoch': 43, 'eta': 939791.851, 'loss': 0.1248, 'lr': 0.001, 'params': 1685404, 'time_iter': 16.1735, 'accuracy': 0.9654, 'precision': 0.734, 'recall': 0.1209, 'f1': 0.2077, 'auc': 0.8081}
val: {'epoch': 44, 'loss': 0.0897, 'lr': 0.001, 'params': 1685404, 'time_iter': 2.7183, 'accuracy': 0.9815, 'precision': 0.6923, 'recall': 0.1111, 'f1': 0.1915, 'auc': 0.7684}
train: {'epoch': 44, 'eta': 923042.2857, 'loss': 0.124, 'lr': 0.001, 'params': 1685404, 'time_iter': 16.3348, 'accuracy': 0.9656, 'precision': 0.7349, 'recall': 0.1282, 'f1': 0.2184, 'auc': 0.8089}
val: {'epoch': 45, 'loss': 0.0814, 'lr': 0.001, 'params': 1685404, 'time_iter': 2.8307, 'accuracy': 0.9815, 'precision': 0.7273, 'recall': 0.0988, 'f1': 0.1739, 'auc': 0.8074}
train: {'epoch': 45, 'eta': 907138.5991, 'loss': 0.1241, 'lr': 0.001, 'params': 1685404, 'time_iter': 17.0372, 'accuracy': 0.966, 'precision': 0.7545, 'recall': 0.1372, 'f1': 0.2321, 'auc': 0.81}
val: {'epoch': 46, 'loss': 0.0854, 'lr': 0.001, 'params': 1685404, 'time_iter': 2.8303, 'accuracy': 0.9805, 'precision': 0.5294, 'recall': 0.1111, 'f1': 0.1837, 'auc': 0.767}
train: {'epoch': 46, 'eta': 890439.7108, 'loss': 0.1227, 'lr': 0.001, 'params': 1685404, 'time_iter': 16.4116, 'accuracy': 0.9659, 'precision': 0.7121, 'recall': 0.1485, 'f1': 0.2458, 'auc': 0.8108}
val: {'epoch': 47, 'loss': 0.0779, 'lr': 0.001, 'params': 1685404, 'time_iter': 2.7185, 'accuracy': 0.9808, 'precision': 0.5556, 'recall': 0.1235, 'f1': 0.202, 'auc': 0.8138}
train: {'epoch': 47, 'eta': 873851.6628, 'loss': 0.1219, 'lr': 0.001, 'params': 1685404, 'time_iter': 16.5181, 'accuracy': 0.9657, 'precision': 0.7047, 'recall': 0.1453, 'f1': 0.2409, 'auc': 0.8183}
val: {'epoch': 48, 'loss': 0.0829, 'lr': 0.001, 'params': 1685404, 'time_iter': 3.0528, 'accuracy': 0.9803, 'precision': 0.5, 'recall': 0.1111, 'f1': 0.1818, 'auc': 0.7759}
train: {'epoch': 48, 'eta': 857021.0581, 'loss': 0.1215, 'lr': 0.001, 'params': 1685404, 'time_iter': 16.3072, 'accuracy': 0.9659, 'precision': 0.7063, 'recall': 0.1542, 'f1': 0.2532, 'auc': 0.8178}
val: {'epoch': 49, 'loss': 0.0844, 'lr': 0.001, 'params': 1685404, 'time_iter': 2.9362, 'accuracy': 0.9813, 'precision': 0.6667, 'recall': 0.0988, 'f1': 0.172, 'auc': 0.8016}
train: {'epoch': 49, 'eta': 840231.512, 'loss': 0.1219, 'lr': 0.001, 'params': 1685404, 'time_iter': 16.3451, 'accuracy': 0.966, 'precision': 0.7137, 'recall': 0.1518, 'f1': 0.2503, 'auc': 0.8138}
val: {'epoch': 50, 'loss': 0.0844, 'lr': 0.001, 'params': 1685404, 'time_iter': 2.8441, 'accuracy': 0.9808, 'precision': 0.5714, 'recall': 0.0988, 'f1': 0.1684, 'auc': 0.7917}
train: {'epoch': 50, 'eta': 823635.9125, 'loss': 0.1199, 'lr': 0.001, 'params': 1685404, 'time_iter': 16.5425, 'accuracy': 0.9668, 'precision': 0.7388, 'recall': 0.1745, 'f1': 0.2823, 'auc': 0.8215}
val: {'epoch': 51, 'loss': 0.084, 'lr': 0.001, 'params': 1685404, 'time_iter': 2.8161, 'accuracy': 0.9815, 'precision': 0.6923, 'recall': 0.1111, 'f1': 0.1915, 'auc': 0.7877}
train: {'epoch': 51, 'eta': 807178.3685, 'loss': 0.121, 'lr': 0.001, 'params': 1685404, 'time_iter': 16.7051, 'accuracy': 0.9656, 'precision': 0.6906, 'recall': 0.1485, 'f1': 0.2445, 'auc': 0.8199}
val: {'epoch': 52, 'loss': 0.0912, 'lr': 0.001, 'params': 1685404, 'time_iter': 2.8283, 'accuracy': 0.9803, 'precision': 0.5, 'recall': 0.0864, 'f1': 0.1474, 'auc': 0.7651}
train: {'epoch': 52, 'eta': 790529.6557, 'loss': 0.1203, 'lr': 0.001, 'params': 1685404, 'time_iter': 16.5259, 'accuracy': 0.9661, 'precision': 0.7214, 'recall': 0.1534, 'f1': 0.253, 'auc': 0.8183}
val: {'epoch': 53, 'loss': 0.0851, 'lr': 0.001, 'params': 1685404, 'time_iter': 2.8995, 'accuracy': 0.9818, 'precision': 0.8, 'recall': 0.0988, 'f1': 0.1758, 'auc': 0.8028}
train: {'epoch': 53, 'eta': 773554.2335, 'loss': 0.1197, 'lr': 0.001, 'params': 1685404, 'time_iter': 16.1682, 'accuracy': 0.966, 'precision': 0.6792, 'recall': 0.1753, 'f1': 0.2787, 'auc': 0.8242}
val: {'epoch': 54, 'loss': 0.0884, 'lr': 0.001, 'params': 1685404, 'time_iter': 2.7572, 'accuracy': 0.9808, 'precision': 1.0, 'recall': 0.0247, 'f1': 0.0482, 'auc': 0.8147}
train: {'epoch': 54, 'eta': 756842.742, 'loss': 0.1196, 'lr': 0.001, 'params': 1685404, 'time_iter': 16.4671, 'accuracy': 0.9663, 'precision': 0.7057, 'recall': 0.1713, 'f1': 0.2756, 'auc': 0.8188}
val: {'epoch': 55, 'loss': 0.0833, 'lr': 0.001, 'params': 1685404, 'time_iter': 2.8725, 'accuracy': 0.9813, 'precision': 0.6111, 'recall': 0.1358, 'f1': 0.2222, 'auc': 0.7893}
train: {'epoch': 55, 'eta': 739803.3817, 'loss': 0.1175, 'lr': 0.001, 'params': 1685404, 'time_iter': 16.0718, 'accuracy': 0.9666, 'precision': 0.7098, 'recall': 0.1826, 'f1': 0.2905, 'auc': 0.8293}
val: {'epoch': 56, 'loss': 0.0824, 'lr': 0.001, 'params': 1685404, 'time_iter': 2.9181, 'accuracy': 0.9818, 'precision': 0.75, 'recall': 0.1111, 'f1': 0.1935, 'auc': 0.8117}
train: {'epoch': 56, 'eta': 723266.6586, 'loss': 0.1175, 'lr': 0.001, 'params': 1685404, 'time_iter': 16.6967, 'accuracy': 0.9665, 'precision': 0.7079, 'recall': 0.181, 'f1': 0.2883, 'auc': 0.8305}
val: {'epoch': 57, 'loss': 0.0812, 'lr': 0.001, 'params': 1685404, 'time_iter': 2.8321, 'accuracy': 0.9818, 'precision': 0.65, 'recall': 0.1605, 'f1': 0.2574, 'auc': 0.796}
train: {'epoch': 57, 'eta': 706385.1726, 'loss': 0.1173, 'lr': 0.001, 'params': 1685404, 'time_iter': 16.2638, 'accuracy': 0.9669, 'precision': 0.7209, 'recall': 0.1907, 'f1': 0.3017, 'auc': 0.828}
val: {'epoch': 58, 'loss': 0.0876, 'lr': 0.001, 'params': 1685404, 'time_iter': 2.7398, 'accuracy': 0.9808, 'precision': 0.5625, 'recall': 0.1111, 'f1': 0.1856, 'auc': 0.7831}
train: {'epoch': 58, 'eta': 689469.93, 'loss': 0.1171, 'lr': 0.001, 'params': 1685404, 'time_iter': 16.2097, 'accuracy': 0.9665, 'precision': 0.6935, 'recall': 0.1891, 'f1': 0.2972, 'auc': 0.8344}
val: {'epoch': 59, 'loss': 0.0824, 'lr': 0.001, 'params': 1685404, 'time_iter': 2.8232, 'accuracy': 0.9818, 'precision': 0.6071, 'recall': 0.2099, 'f1': 0.3119, 'auc': 0.7901}
train: {'epoch': 59, 'eta': 672590.6314, 'loss': 0.1169, 'lr': 0.001, 'params': 1685404, 'time_iter': 16.2506, 'accuracy': 0.9668, 'precision': 0.7059, 'recall': 0.1948, 'f1': 0.3053, 'auc': 0.8341}
val: {'epoch': 60, 'loss': 0.0827, 'lr': 0.001, 'params': 1685404, 'time_iter': 2.7387, 'accuracy': 0.9801, 'precision': 0.4706, 'recall': 0.0988, 'f1': 0.1633, 'auc': 0.8104}
train: {'epoch': 60, 'eta': 655791.5851, 'loss': 0.1159, 'lr': 0.001, 'params': 1685404, 'time_iter': 16.3648, 'accuracy': 0.9671, 'precision': 0.7214, 'recall': 0.1997, 'f1': 0.3128, 'auc': 0.8331}
val: {'epoch': 61, 'loss': 0.0836, 'lr': 0.001, 'params': 1685404, 'time_iter': 3.3012, 'accuracy': 0.981, 'precision': 0.6, 'recall': 0.1111, 'f1': 0.1875, 'auc': 0.7978}
train: {'epoch': 61, 'eta': 639076.8007, 'loss': 0.1153, 'lr': 0.001, 'params': 1685404, 'time_iter': 16.5004, 'accuracy': 0.9677, 'precision': 0.7407, 'recall': 0.211, 'f1': 0.3285, 'auc': 0.8337}
val: {'epoch': 62, 'loss': 0.0843, 'lr': 0.001, 'params': 1685404, 'time_iter': 2.8313, 'accuracy': 0.9805, 'precision': 0.5217, 'recall': 0.1481, 'f1': 0.2308, 'auc': 0.8089}
train: {'epoch': 62, 'eta': 622207.8225, 'loss': 0.1168, 'lr': 0.001, 'params': 1685404, 'time_iter': 16.2592, 'accuracy': 0.9671, 'precision': 0.7219, 'recall': 0.1981, 'f1': 0.3108, 'auc': 0.8318}
val: {'epoch': 63, 'loss': 0.0847, 'lr': 0.001, 'params': 1685404, 'time_iter': 2.8972, 'accuracy': 0.9803, 'precision': 0.5, 'recall': 0.0988, 'f1': 0.1649, 'auc': 0.7972}
train: {'epoch': 63, 'eta': 605496.4827, 'loss': 0.1158, 'lr': 0.001, 'params': 1685404, 'time_iter': 16.5241, 'accuracy': 0.9667, 'precision': 0.6991, 'recall': 0.1924, 'f1': 0.3017, 'auc': 0.8363}
val: {'epoch': 64, 'loss': 0.0819, 'lr': 0.001, 'params': 1685404, 'time_iter': 2.722, 'accuracy': 0.9813, 'precision': 0.6667, 'recall': 0.0988, 'f1': 0.172, 'auc': 0.8299}
train: {'epoch': 64, 'eta': 588494.5483, 'loss': 0.1157, 'lr': 0.001, 'params': 1685404, 'time_iter': 16.0158, 'accuracy': 0.9675, 'precision': 0.7462, 'recall': 0.2005, 'f1': 0.3161, 'auc': 0.8368}
val: {'epoch': 65, 'loss': 0.083, 'lr': 0.001, 'params': 1685404, 'time_iter': 2.7668, 'accuracy': 0.9813, 'precision': 0.5909, 'recall': 0.1605, 'f1': 0.2524, 'auc': 0.8078}
train: {'epoch': 65, 'eta': 571627.6353, 'loss': 0.1157, 'lr': 0.001, 'params': 1685404, 'time_iter': 16.2407, 'accuracy': 0.9665, 'precision': 0.6796, 'recall': 0.1997, 'f1': 0.3087, 'auc': 0.8362}
val: {'epoch': 66, 'loss': 0.0844, 'lr': 0.001, 'params': 1685404, 'time_iter': 2.9057, 'accuracy': 0.9815, 'precision': 0.619, 'recall': 0.1605, 'f1': 0.2549, 'auc': 0.791}
train: {'epoch': 66, 'eta': 554822.1831, 'loss': 0.1154, 'lr': 0.001, 'params': 1685404, 'time_iter': 16.3528, 'accuracy': 0.9671, 'precision': 0.7147, 'recall': 0.2013, 'f1': 0.3141, 'auc': 0.8372}
val: {'epoch': 67, 'loss': 0.08, 'lr': 0.001, 'params': 1685404, 'time_iter': 2.723, 'accuracy': 0.982, 'precision': 0.6842, 'recall': 0.1605, 'f1': 0.26, 'auc': 0.8016}
train: {'epoch': 67, 'eta': 537902.4919, 'loss': 0.1148, 'lr': 0.001, 'params': 1685404, 'time_iter': 16.1182, 'accuracy': 0.9676, 'precision': 0.7255, 'recall': 0.2167, 'f1': 0.3338, 'auc': 0.8415}
val: {'epoch': 68, 'loss': 0.081, 'lr': 0.001, 'params': 1685404, 'time_iter': 2.8096, 'accuracy': 0.982, 'precision': 0.6667, 'recall': 0.1728, 'f1': 0.2745, 'auc': 0.8123}
train: {'epoch': 68, 'eta': 521314.8523, 'loss': 0.1135, 'lr': 0.001, 'params': 1685404, 'time_iter': 16.8155, 'accuracy': 0.9673, 'precision': 0.7199, 'recall': 0.2086, 'f1': 0.3235, 'auc': 0.8439}
val: {'epoch': 69, 'loss': 0.0828, 'lr': 0.001, 'params': 1685404, 'time_iter': 2.992, 'accuracy': 0.9801, 'precision': 0.4706, 'recall': 0.0988, 'f1': 0.1633, 'auc': 0.8014}
train: {'epoch': 69, 'eta': 504515.4233, 'loss': 0.1145, 'lr': 0.001, 'params': 1685404, 'time_iter': 16.3816, 'accuracy': 0.9678, 'precision': 0.7444, 'recall': 0.2151, 'f1': 0.3338, 'auc': 0.8372}
val: {'epoch': 70, 'loss': 0.0849, 'lr': 0.001, 'params': 1685404, 'time_iter': 2.7009, 'accuracy': 0.982, 'precision': 0.7059, 'recall': 0.1481, 'f1': 0.2449, 'auc': 0.8175}
train: {'epoch': 70, 'eta': 487678.5114, 'loss': 0.1133, 'lr': 0.001, 'params': 1685404, 'time_iter': 16.2963, 'accuracy': 0.9677, 'precision': 0.7322, 'recall': 0.2175, 'f1': 0.3354, 'auc': 0.8414}
val: {'epoch': 71, 'loss': 0.0909, 'lr': 0.001, 'params': 1685404, 'time_iter': 2.7305, 'accuracy': 0.9801, 'precision': 0.4737, 'recall': 0.1111, 'f1': 0.18, 'auc': 0.7912}
train: {'epoch': 71, 'eta': 470903.4029, 'loss': 0.1146, 'lr': 0.001, 'params': 1685404, 'time_iter': 16.446, 'accuracy': 0.9677, 'precision': 0.7302, 'recall': 0.2175, 'f1': 0.3352, 'auc': 0.8403}
val: {'epoch': 72, 'loss': 0.0819, 'lr': 0.001, 'params': 1685404, 'time_iter': 2.8933, 'accuracy': 0.9827, 'precision': 0.8571, 'recall': 0.1481, 'f1': 0.2526, 'auc': 0.7926}
train: {'epoch': 72, 'eta': 454235.8296, 'loss': 0.113, 'lr': 0.001, 'params': 1685404, 'time_iter': 16.7392, 'accuracy': 0.9682, 'precision': 0.748, 'recall': 0.2265, 'f1': 0.3477, 'auc': 0.8429}
val: {'epoch': 73, 'loss': 0.0838, 'lr': 0.001, 'params': 1685404, 'time_iter': 2.7508, 'accuracy': 0.9813, 'precision': 0.5909, 'recall': 0.1605, 'f1': 0.2524, 'auc': 0.7962}
train: {'epoch': 73, 'eta': 437483.2762, 'loss': 0.113, 'lr': 0.001, 'params': 1685404, 'time_iter': 16.5458, 'accuracy': 0.9674, 'precision': 0.717, 'recall': 0.2119, 'f1': 0.3271, 'auc': 0.8436}
val: {'epoch': 74, 'loss': 0.0871, 'lr': 0.001, 'params': 1685404, 'time_iter': 2.8331, 'accuracy': 0.9823, 'precision': 1.0, 'recall': 0.0988, 'f1': 0.1798, 'auc': 0.7821}
train: {'epoch': 74, 'eta': 420711.031, 'loss': 0.1119, 'lr': 0.001, 'params': 1685404, 'time_iter': 16.5096, 'accuracy': 0.9684, 'precision': 0.7243, 'recall': 0.2516, 'f1': 0.3735, 'auc': 0.8437}
val: {'epoch': 75, 'loss': 0.0898, 'lr': 0.001, 'params': 1685404, 'time_iter': 3.0096, 'accuracy': 0.981, 'precision': 0.6, 'recall': 0.1111, 'f1': 0.1875, 'auc': 0.7809}
train: {'epoch': 75, 'eta': 404034.8023, 'loss': 0.1125, 'lr': 0.001, 'params': 1685404, 'time_iter': 16.8226, 'accuracy': 0.9677, 'precision': 0.7066, 'recall': 0.2346, 'f1': 0.3522, 'auc': 0.8445}
val: {'epoch': 76, 'loss': 0.0853, 'lr': 0.001, 'params': 1685404, 'time_iter': 2.5744, 'accuracy': 0.9813, 'precision': 0.6429, 'recall': 0.1111, 'f1': 0.1895, 'auc': 0.804}
train: {'epoch': 76, 'eta': 387311.7413, 'loss': 0.1121, 'lr': 0.001, 'params': 1685404, 'time_iter': 16.7238, 'accuracy': 0.9677, 'precision': 0.7125, 'recall': 0.2313, 'f1': 0.3493, 'auc': 0.8488}
val: {'epoch': 77, 'loss': 0.0851, 'lr': 0.001, 'params': 1685404, 'time_iter': 2.7476, 'accuracy': 0.981, 'precision': 0.6154, 'recall': 0.0988, 'f1': 0.1702, 'auc': 0.8046}
train: {'epoch': 77, 'eta': 370568.3657, 'loss': 0.1118, 'lr': 0.001, 'params': 1685404, 'time_iter': 16.6967, 'accuracy': 0.9675, 'precision': 0.7117, 'recall': 0.2224, 'f1': 0.3389, 'auc': 0.8492}
val: {'epoch': 78, 'loss': 0.0847, 'lr': 0.001, 'params': 1685404, 'time_iter': 2.873, 'accuracy': 0.981, 'precision': 0.5882, 'recall': 0.1235, 'f1': 0.2041, 'auc': 0.8234}
train: {'epoch': 78, 'eta': 353709.892, 'loss': 0.1122, 'lr': 0.001, 'params': 1685404, 'time_iter': 16.3165, 'accuracy': 0.9677, 'precision': 0.7199, 'recall': 0.2232, 'f1': 0.3408, 'auc': 0.8474}
val: {'epoch': 79, 'loss': 0.0796, 'lr': 0.001, 'params': 1685404, 'time_iter': 2.5996, 'accuracy': 0.982, 'precision': 0.6667, 'recall': 0.1728, 'f1': 0.2745, 'auc': 0.8198}
train: {'epoch': 79, 'eta': 336882.0697, 'loss': 0.1113, 'lr': 0.001, 'params': 1685404, 'time_iter': 16.4289, 'accuracy': 0.9685, 'precision': 0.7468, 'recall': 0.2394, 'f1': 0.3626, 'auc': 0.8508}
val: {'epoch': 80, 'loss': 0.0857, 'lr': 0.001, 'params': 1685404, 'time_iter': 2.8991, 'accuracy': 0.9825, 'precision': 0.6957, 'recall': 0.1975, 'f1': 0.3077, 'auc': 0.787}
train: {'epoch': 80, 'eta': 320110.4261, 'loss': 0.1101, 'lr': 0.001, 'params': 1685404, 'time_iter': 16.6696, 'accuracy': 0.9689, 'precision': 0.7512, 'recall': 0.2549, 'f1': 0.3806, 'auc': 0.8522}
val: {'epoch': 81, 'loss': 0.0851, 'lr': 0.001, 'params': 1685404, 'time_iter': 3.0013, 'accuracy': 0.9803, 'precision': 0.5, 'recall': 0.1111, 'f1': 0.1818, 'auc': 0.8013}
train: {'epoch': 81, 'eta': 303329.051, 'loss': 0.1109, 'lr': 0.001, 'params': 1685404, 'time_iter': 16.6677, 'accuracy': 0.9688, 'precision': 0.7588, 'recall': 0.2451, 'f1': 0.3706, 'auc': 0.849}
val: {'epoch': 82, 'loss': 0.0844, 'lr': 0.001, 'params': 1685404, 'time_iter': 3.0389, 'accuracy': 0.9818, 'precision': 0.6667, 'recall': 0.1481, 'f1': 0.2424, 'auc': 0.8178}
train: {'epoch': 82, 'eta': 286422.9347, 'loss': 0.11, 'lr': 0.001, 'params': 1685404, 'time_iter': 16.1181, 'accuracy': 0.9688, 'precision': 0.7368, 'recall': 0.2614, 'f1': 0.3859, 'auc': 0.8546}
val: {'epoch': 83, 'loss': 0.0826, 'lr': 0.001, 'params': 1685404, 'time_iter': 2.8243, 'accuracy': 0.9813, 'precision': 0.5769, 'recall': 0.1852, 'f1': 0.2804, 'auc': 0.8283}
train: {'epoch': 83, 'eta': 269556.9992, 'loss': 0.1105, 'lr': 0.001, 'params': 1685404, 'time_iter': 16.2841, 'accuracy': 0.968, 'precision': 0.7243, 'recall': 0.2346, 'f1': 0.3544, 'auc': 0.8544}
val: {'epoch': 84, 'loss': 0.0896, 'lr': 0.001, 'params': 1685404, 'time_iter': 3.0668, 'accuracy': 0.9813, 'precision': 0.7, 'recall': 0.0864, 'f1': 0.1538, 'auc': 0.8093}
train: {'epoch': 84, 'eta': 252786.7669, 'loss': 0.109, 'lr': 0.001, 'params': 1685404, 'time_iter': 16.797, 'accuracy': 0.9686, 'precision': 0.7193, 'recall': 0.2662, 'f1': 0.3886, 'auc': 0.8534}
val: {'epoch': 85, 'loss': 0.0797, 'lr': 0.001, 'params': 1685404, 'time_iter': 2.9364, 'accuracy': 0.9832, 'precision': 0.8333, 'recall': 0.1852, 'f1': 0.303, 'auc': 0.8198}
train: {'epoch': 85, 'eta': 235963.3887, 'loss': 0.109, 'lr': 0.001, 'params': 1685404, 'time_iter': 16.5511, 'accuracy': 0.9686, 'precision': 0.7273, 'recall': 0.2597, 'f1': 0.3828, 'auc': 0.8585}
val: {'epoch': 86, 'loss': 0.0935, 'lr': 0.001, 'params': 1685404, 'time_iter': 3.0139, 'accuracy': 0.9818, 'precision': 0.875, 'recall': 0.0864, 'f1': 0.1573, 'auc': 0.8107}
train: {'epoch': 86, 'eta': 219073.1889, 'loss': 0.1097, 'lr': 0.001, 'params': 1685404, 'time_iter': 16.1475, 'accuracy': 0.9686, 'precision': 0.7304, 'recall': 0.2573, 'f1': 0.3806, 'auc': 0.8572}
val: {'epoch': 87, 'loss': 0.0844, 'lr': 0.001, 'params': 1685404, 'time_iter': 3.1613, 'accuracy': 0.9818, 'precision': 0.6875, 'recall': 0.1358, 'f1': 0.2268, 'auc': 0.8345}
train: {'epoch': 87, 'eta': 202204.7517, 'loss': 0.1089, 'lr': 0.001, 'params': 1685404, 'time_iter': 16.2582, 'accuracy': 0.9687, 'precision': 0.736, 'recall': 0.2557, 'f1': 0.3795, 'auc': 0.8562}
val: {'epoch': 88, 'loss': 0.0907, 'lr': 0.001, 'params': 1685404, 'time_iter': 2.9392, 'accuracy': 0.9791, 'precision': 0.381, 'recall': 0.0988, 'f1': 0.1569, 'auc': 0.8131}
train: {'epoch': 88, 'eta': 185380.4891, 'loss': 0.1085, 'lr': 0.001, 'params': 1685404, 'time_iter': 16.581, 'accuracy': 0.969, 'precision': 0.735, 'recall': 0.2679, 'f1': 0.3926, 'auc': 0.8586}
val: {'epoch': 89, 'loss': 0.0988, 'lr': 0.001, 'params': 1685404, 'time_iter': 2.9363, 'accuracy': 0.9818, 'precision': 0.8, 'recall': 0.0988, 'f1': 0.1758, 'auc': 0.7415}
train: {'epoch': 89, 'eta': 168552.9501, 'loss': 0.1079, 'lr': 0.001, 'params': 1685404, 'time_iter': 16.5985, 'accuracy': 0.969, 'precision': 0.7436, 'recall': 0.2614, 'f1': 0.3868, 'auc': 0.8649}
val: {'epoch': 90, 'loss': 0.0869, 'lr': 0.001, 'params': 1685404, 'time_iter': 2.9256, 'accuracy': 0.981, 'precision': 0.5882, 'recall': 0.1235, 'f1': 0.2041, 'auc': 0.8096}
train: {'epoch': 90, 'eta': 151677.7565, 'loss': 0.108, 'lr': 0.001, 'params': 1685404, 'time_iter': 16.1847, 'accuracy': 0.9696, 'precision': 0.7642, 'recall': 0.2735, 'f1': 0.4029, 'auc': 0.8597}
val: {'epoch': 91, 'loss': 0.0869, 'lr': 0.001, 'params': 1685404, 'time_iter': 2.8213, 'accuracy': 0.9827, 'precision': 0.8125, 'recall': 0.1605, 'f1': 0.268, 'auc': 0.8128}
train: {'epoch': 91, 'eta': 134821.9909, 'loss': 0.1075, 'lr': 0.001, 'params': 1685404, 'time_iter': 16.3481, 'accuracy': 0.969, 'precision': 0.7448, 'recall': 0.263, 'f1': 0.3887, 'auc': 0.8618}
val: {'epoch': 92, 'loss': 0.0927, 'lr': 0.001, 'params': 1685404, 'time_iter': 2.8868, 'accuracy': 0.9815, 'precision': 0.7273, 'recall': 0.0988, 'f1': 0.1739, 'auc': 0.8039}
train: {'epoch': 92, 'eta': 117947.9555, 'loss': 0.1082, 'lr': 0.001, 'params': 1685404, 'time_iter': 16.103, 'accuracy': 0.9691, 'precision': 0.7438, 'recall': 0.2662, 'f1': 0.3921, 'auc': 0.8608}
val: {'epoch': 93, 'loss': 0.0931, 'lr': 0.001, 'params': 1685404, 'time_iter': 2.9811, 'accuracy': 0.982, 'precision': 1.0, 'recall': 0.0864, 'f1': 0.1591, 'auc': 0.8095}
train: {'epoch': 93, 'eta': 101112.7422, 'loss': 0.1075, 'lr': 0.001, 'params': 1685404, 'time_iter': 16.5955, 'accuracy': 0.9696, 'precision': 0.7572, 'recall': 0.2784, 'f1': 0.4071, 'auc': 0.8622}
val: {'epoch': 94, 'loss': 0.087, 'lr': 0.001, 'params': 1685404, 'time_iter': 2.8444, 'accuracy': 0.9823, 'precision': 0.7857, 'recall': 0.1358, 'f1': 0.2316, 'auc': 0.8048}
train: {'epoch': 94, 'eta': 84285.6689, 'loss': 0.1076, 'lr': 0.001, 'params': 1685404, 'time_iter': 16.8397, 'accuracy': 0.9699, 'precision': 0.7637, 'recall': 0.2833, 'f1': 0.4133, 'auc': 0.8635}
val: {'epoch': 95, 'loss': 0.0904, 'lr': 0.001, 'params': 1685404, 'time_iter': 2.8754, 'accuracy': 0.9823, 'precision': 0.7, 'recall': 0.1728, 'f1': 0.2772, 'auc': 0.7988}
train: {'epoch': 95, 'eta': 67400.134, 'loss': 0.107, 'lr': 0.001, 'params': 1685404, 'time_iter': 15.7196, 'accuracy': 0.9695, 'precision': 0.7495, 'recall': 0.2792, 'f1': 0.4069, 'auc': 0.8619}
val: {'epoch': 96, 'loss': 0.0911, 'lr': 0.001, 'params': 1685404, 'time_iter': 2.7013, 'accuracy': 0.9815, 'precision': 0.6316, 'recall': 0.1481, 'f1': 0.24, 'auc': 0.811}
train: {'epoch': 96, 'eta': 50552.5725, 'loss': 0.1057, 'lr': 0.001, 'params': 1685404, 'time_iter': 16.4528, 'accuracy': 0.9698, 'precision': 0.7632, 'recall': 0.2825, 'f1': 0.4123, 'auc': 0.8689}
val: {'epoch': 97, 'loss': 0.0913, 'lr': 0.001, 'params': 1685404, 'time_iter': 3.0594, 'accuracy': 0.9815, 'precision': 0.6667, 'recall': 0.1235, 'f1': 0.2083, 'auc': 0.8059}
train: {'epoch': 97, 'eta': 33702.273, 'loss': 0.1065, 'lr': 0.001, 'params': 1685404, 'time_iter': 16.4025, 'accuracy': 0.9699, 'precision': 0.751, 'recall': 0.2938, 'f1': 0.4224, 'auc': 0.8673}
val: {'epoch': 98, 'loss': 0.1025, 'lr': 0.001, 'params': 1685404, 'time_iter': 2.8975, 'accuracy': 0.9818, 'precision': 0.875, 'recall': 0.0864, 'f1': 0.1573, 'auc': 0.7853}
train: {'epoch': 98, 'eta': 16854.4246, 'loss': 0.1066, 'lr': 0.001, 'params': 1685404, 'time_iter': 16.6926, 'accuracy': 0.9694, 'precision': 0.7456, 'recall': 0.276, 'f1': 0.4028, 'auc': 0.8678}
val: {'epoch': 99, 'loss': 0.0862, 'lr': 0.001, 'params': 1685404, 'time_iter': 2.8448, 'accuracy': 0.9818, 'precision': 0.7143, 'recall': 0.1235, 'f1': 0.2105, 'auc': 0.7999}
train: {'epoch': 99, 'eta': 0.0, 'loss': 0.1065, 'lr': 0.001, 'params': 1685404, 'time_iter': 16.669, 'accuracy': 0.9695, 'precision': 0.7389, 'recall': 0.2849, 'f1': 0.4112, 'auc': 0.8628}
test: {'epoch': 99, 'loss': 0.1506, 'lr': 0.001, 'params': 1685404, 'time_iter': 2.668, 'accuracy': 0.9684, 'precision': 0.5, 'recall': 0.1154, 'f1': 0.1875, 'auc': 0.743}
test: {'epoch': 87, 'loss': 0.157, 'lr': 0.001, 'params': 1685404, 'time_iter': 2.5743, 'accuracy': 0.9699, 'precision': 0.6, 'recall': 0.1385, 'f1': 0.225, 'auc': 0.7425}
