GraphGymModule(
  (model): DilatedGNNModel(
    (encoder): FeatureEncoder(
      (node_encoder): AtomEncoder(
        (atom_embedding_list): ModuleList(
          (0): Embedding(119, 300)
          (1): Embedding(4, 300)
          (2): Embedding(12, 300)
          (3): Embedding(12, 300)
          (4): Embedding(10, 300)
          (5): Embedding(6, 300)
          (6): Embedding(6, 300)
          (7): Embedding(2, 300)
          (8): Embedding(2, 300)
        )
      )
      (edge_encoder): BondEncoder(
        (bond_embedding_list): ModuleList(
          (0): Embedding(5, 300)
          (1): Embedding(6, 300)
          (2): Embedding(2, 300)
        )
      )
    )
    (mp): GNNDilatedStage(
      (classic_layers): ModuleList(
        (0): GeneralLayer(
          (layer): EGINConv(
            (model): GINEConv(nn=Sequential(
              (0): Linear(300, 300, bias=True)
              (1): ReLU()
              (2): Linear(300, 300, bias=True)
            ))
          )
          (post_layer): Sequential(
            (0): BatchNorm1d(300, eps=1e-05, momentum=0.1, affine=True, track_running_stats=True)
            (1): Dropout(p=0.5, inplace=False)
            (2): ReLU()
          )
        )
      )
      (dilated_layers): ModuleList(
        (0): DilatedGeneralLayer(
          (layer): EGINConv(
            (model): GINEConv(nn=Sequential(
              (0): Linear(300, 300, bias=True)
              (1): ReLU()
              (2): Linear(300, 300, bias=True)
            ))
          )
          (post_layer): Sequential(
            (0): BatchNorm1d(300, eps=1e-05, momentum=0.1, affine=True, track_running_stats=True)
            (1): Dropout(p=0.5, inplace=False)
            (2): ReLU()
          )
          (gem): GeM(p=3.0000, eps=1e-06)
        )
        (1): DilatedGeneralLayer(
          (layer): EGINConv(
            (model): GINEConv(nn=Sequential(
              (0): Linear(300, 300, bias=True)
              (1): ReLU()
              (2): Linear(300, 300, bias=True)
            ))
          )
          (post_layer): Sequential(
            (0): BatchNorm1d(300, eps=1e-05, momentum=0.1, affine=True, track_running_stats=True)
            (1): Dropout(p=0.5, inplace=False)
            (2): ReLU()
          )
          (gem): GeM(p=3.0000, eps=1e-06)
        )
      )
      (act): ReLU()
    )
    (post_mp): GNNGraphHead(
      (layer_post_mp): MLP(
        (model): Sequential(
          (0): Linear(
            (model): Linear(600, 1, bias=True)
          )
        )
      )
    )
  )
)
accelerator: cuda
benchmark: False
bn:
  eps: 1e-05
  mom: 0.1
cfg_dest: config.yaml
custom_metrics: []
dataset:
  cache_load: False
  cache_save: False
  dir: ./datasets
  edge_dim: 300
  edge_encoder: True
  edge_encoder_bn: False
  edge_encoder_name: Bond
  edge_message_ratio: 0.8
  edge_negative_sampling_ratio: 1.0
  edge_train_mode: all
  encoder: True
  encoder_bn: True
  encoder_dim: 128
  encoder_name: db
  fast_loader: False
  format: OGB
  label_column: none
  label_table: none
  location: local
  name: ogbg-molhiv
  node_encoder: True
  node_encoder_bn: False
  node_encoder_name: Atom
  remove_feature: False
  resample_disjoint: False
  resample_negative: False
  shuffle_split: True
  split: [0.8, 0.1, 0.1]
  split_mode: random
  task: graph
  task_type: classification
  to_undirected: False
  transductive: False
  transform: none
  tu_simple: True
devices: 1
gnn:
  act: relu
  act_on_last_layer_mp: False
  agg: none
  att_final_linear: False
  att_final_linear_bn: False
  att_heads: 1
  batchnorm: True
  clear_feature: True
  dilated_path_join: concat
  dim_inner: 300
  dropout: 0.5
  head: graph
  keep_edge: 0.5
  l2norm: True
  layer_type: eginconv
  layers_k1: 1
  layers_k2: 2
  layers_mp: 5
  layers_post_mp: 1
  layers_pre_mp: 0
  learn_alpha_residual_connection: True
  msg_direction: single
  normalize_adj: False
  self_msg: concat
  skip_every: 1
  stage_type: stack
  use_edge_features: True
gpu_mem: False
mem:
  inplace: False
metric_agg: argmax
metric_best: auc
model:
  edge_decoding: dot
  graph_pooling: mean
  loss_fun: cross_entropy
  match_upper: True
  size_average: mean
  thresh: 0.5
  type: dilated_gnn
num_threads: 6
num_workers: 16
optim:
  base_lr: 0.001
  lr_decay: 0.1
  max_epoch: 100
  momentum: 0.9
  optimizer: adam
  scheduler: none
  steps: [30, 60, 90]
  weight_decay: 0.0
out_dir: results_experiments/ogbg_molhiv_baseline_grid_design/ogbg_molhiv_baseline-type=dilated_gnn-layer_type=eginconv-layers_k1=1-layers_k2=2-dilated_path_join=concat-learn_alpha_residual_connection=True
params: 870905
print: both
round: 4
run_dir: results_experiments/ogbg_molhiv_baseline_grid_design/ogbg_molhiv_baseline-type=dilated_gnn-layer_type=eginconv-layers_k1=1-layers_k2=2-dilated_path_join=concat-learn_alpha_residual_connection=True/6
seed: 7
share:
  dim_in: 9
  dim_out: 2
  num_splits: 3
tensorboard_agg: True
tensorboard_each_run: False
train:
  auto_resume: False
  batch_size: 32
  ckpt_clean: True
  ckpt_period: 100
  enable_ckpt: True
  epoch_resume: -1
  eval_period: 1
  iter_per_epoch: 32
  neighbor_sizes: [20, 15, 10, 5]
  node_per_graph: 32
  radius: extend
  sample_node: False
  sampler: full_batch
  skip_train_eval: False
  walk_length: 4
val:
  node_per_graph: 32
  radius: extend
  sample_node: False
  sampler: full_batch
view_emb: False
Num parameters: 870905
val: {'epoch': 0, 'loss': 0.673, 'lr': 0.001, 'params': 870905, 'time_iter': 1.3201, 'accuracy': 0.9844, 'precision': 0.0, 'recall': 0.0, 'f1': 0.0, 'auc': 0.8254}
val: {'epoch': 0, 'loss': 0.0965, 'lr': 0.001, 'params': 870905, 'time_iter': 3.6387, 'accuracy': 0.9803, 'precision': 0.0, 'recall': 0.0, 'f1': 0.0, 'auc': 0.5858}
train: {'epoch': 0, 'eta': 1828968.9644, 'loss': 0.1843, 'lr': 0.001, 'params': 870905, 'time_iter': 17.9538, 'accuracy': 0.9626, 'precision': 0.0, 'recall': 0.0, 'f1': 0.0, 'auc': 0.5572}
val: {'epoch': 1, 'loss': 0.0976, 'lr': 0.001, 'params': 870905, 'time_iter': 3.0149, 'accuracy': 0.9803, 'precision': 0.0, 'recall': 0.0, 'f1': 0.0, 'auc': 0.6506}
train: {'epoch': 1, 'eta': 1820509.7921, 'loss': 0.1549, 'lr': 0.001, 'params': 870905, 'time_iter': 18.1524, 'accuracy': 0.9626, 'precision': 0.0, 'recall': 0.0, 'f1': 0.0, 'auc': 0.6541}
val: {'epoch': 2, 'loss': 0.0951, 'lr': 0.001, 'params': 870905, 'time_iter': 3.1129, 'accuracy': 0.9803, 'precision': 0.0, 'recall': 0.0, 'f1': 0.0, 'auc': 0.6339}
train: {'epoch': 2, 'eta': 1791023.6309, 'loss': 0.1516, 'lr': 0.001, 'params': 870905, 'time_iter': 17.7252, 'accuracy': 0.9626, 'precision': 0.0, 'recall': 0.0, 'f1': 0.0, 'auc': 0.6864}
val: {'epoch': 3, 'loss': 0.0859, 'lr': 0.001, 'params': 870905, 'time_iter': 3.7518, 'accuracy': 0.9803, 'precision': 0.0, 'recall': 0.0, 'f1': 0.0, 'auc': 0.7392}
train: {'epoch': 3, 'eta': 1766501.6365, 'loss': 0.1479, 'lr': 0.001, 'params': 870905, 'time_iter': 17.6985, 'accuracy': 0.9626, 'precision': 0.0, 'recall': 0.0, 'f1': 0.0, 'auc': 0.7145}
val: {'epoch': 4, 'loss': 0.0857, 'lr': 0.001, 'params': 870905, 'time_iter': 3.0821, 'accuracy': 0.9803, 'precision': 0.0, 'recall': 0.0, 'f1': 0.0, 'auc': 0.7509}
train: {'epoch': 4, 'eta': 1746116.3012, 'loss': 0.1432, 'lr': 0.001, 'params': 870905, 'time_iter': 17.781, 'accuracy': 0.9626, 'precision': 1.0, 'recall': 0.0008, 'f1': 0.0016, 'auc': 0.738}
val: {'epoch': 5, 'loss': 0.0832, 'lr': 0.001, 'params': 870905, 'time_iter': 3.2593, 'accuracy': 0.9805, 'precision': 1.0, 'recall': 0.0123, 'f1': 0.0244, 'auc': 0.7725}
train: {'epoch': 5, 'eta': 1725914.528, 'loss': 0.1394, 'lr': 0.001, 'params': 870905, 'time_iter': 17.7492, 'accuracy': 0.9625, 'precision': 0.25, 'recall': 0.0008, 'f1': 0.0016, 'auc': 0.7561}
val: {'epoch': 6, 'loss': 0.0827, 'lr': 0.001, 'params': 870905, 'time_iter': 3.1787, 'accuracy': 0.9815, 'precision': 0.7273, 'recall': 0.0988, 'f1': 0.1739, 'auc': 0.7675}
train: {'epoch': 6, 'eta': 1703050.4134, 'loss': 0.1365, 'lr': 0.001, 'params': 870905, 'time_iter': 17.5139, 'accuracy': 0.9625, 'precision': 0.2857, 'recall': 0.0016, 'f1': 0.0032, 'auc': 0.7686}
val: {'epoch': 7, 'loss': 0.0796, 'lr': 0.001, 'params': 870905, 'time_iter': 3.0609, 'accuracy': 0.981, 'precision': 0.5882, 'recall': 0.1235, 'f1': 0.2041, 'auc': 0.7763}
train: {'epoch': 7, 'eta': 1679601.0084, 'loss': 0.1332, 'lr': 0.001, 'params': 870905, 'time_iter': 17.3622, 'accuracy': 0.9625, 'precision': 0.4783, 'recall': 0.0179, 'f1': 0.0344, 'auc': 0.7789}
val: {'epoch': 8, 'loss': 0.0776, 'lr': 0.001, 'params': 870905, 'time_iter': 3.4586, 'accuracy': 0.9813, 'precision': 0.625, 'recall': 0.1235, 'f1': 0.2062, 'auc': 0.7711}
train: {'epoch': 8, 'eta': 1659830.4408, 'loss': 0.1312, 'lr': 0.001, 'params': 870905, 'time_iter': 17.5965, 'accuracy': 0.9629, 'precision': 0.5833, 'recall': 0.0284, 'f1': 0.0542, 'auc': 0.7848}
val: {'epoch': 9, 'loss': 0.0809, 'lr': 0.001, 'params': 870905, 'time_iter': 3.1529, 'accuracy': 0.9808, 'precision': 0.5625, 'recall': 0.1111, 'f1': 0.1856, 'auc': 0.7673}
train: {'epoch': 9, 'eta': 1642665.958, 'loss': 0.1291, 'lr': 0.001, 'params': 870905, 'time_iter': 17.842, 'accuracy': 0.9636, 'precision': 0.6842, 'recall': 0.0528, 'f1': 0.098, 'auc': 0.7926}
val: {'epoch': 10, 'loss': 0.0821, 'lr': 0.001, 'params': 870905, 'time_iter': 3.1434, 'accuracy': 0.9793, 'precision': 0.4333, 'recall': 0.1605, 'f1': 0.2342, 'auc': 0.7773}
train: {'epoch': 10, 'eta': 1620808.9499, 'loss': 0.1263, 'lr': 0.001, 'params': 870905, 'time_iter': 17.3044, 'accuracy': 0.9634, 'precision': 0.6029, 'recall': 0.0666, 'f1': 0.1199, 'auc': 0.802}
val: {'epoch': 11, 'loss': 0.0769, 'lr': 0.001, 'params': 870905, 'time_iter': 3.5376, 'accuracy': 0.982, 'precision': 0.8889, 'recall': 0.0988, 'f1': 0.1778, 'auc': 0.8019}
train: {'epoch': 11, 'eta': 1601839.6303, 'loss': 0.1258, 'lr': 0.001, 'params': 870905, 'time_iter': 17.5976, 'accuracy': 0.9634, 'precision': 0.596, 'recall': 0.0731, 'f1': 0.1302, 'auc': 0.8015}
val: {'epoch': 12, 'loss': 0.0936, 'lr': 0.001, 'params': 870905, 'time_iter': 3.1434, 'accuracy': 0.9745, 'precision': 0.3333, 'recall': 0.2963, 'f1': 0.3137, 'auc': 0.7663}
train: {'epoch': 12, 'eta': 1588313.7926, 'loss': 0.1239, 'lr': 0.001, 'params': 870905, 'time_iter': 18.3689, 'accuracy': 0.964, 'precision': 0.6219, 'recall': 0.1015, 'f1': 0.1745, 'auc': 0.8085}
val: {'epoch': 13, 'loss': 0.0867, 'lr': 0.001, 'params': 870905, 'time_iter': 3.0946, 'accuracy': 0.9759, 'precision': 0.375, 'recall': 0.3333, 'f1': 0.3529, 'auc': 0.8012}
train: {'epoch': 13, 'eta': 1568806.9742, 'loss': 0.1228, 'lr': 0.001, 'params': 870905, 'time_iter': 17.5442, 'accuracy': 0.9645, 'precision': 0.6425, 'recall': 0.1153, 'f1': 0.1955, 'auc': 0.8122}
val: {'epoch': 14, 'loss': 0.0727, 'lr': 0.001, 'params': 870905, 'time_iter': 3.1103, 'accuracy': 0.982, 'precision': 0.5946, 'recall': 0.2716, 'f1': 0.3729, 'auc': 0.8181}
train: {'epoch': 14, 'eta': 1552315.8082, 'loss': 0.1208, 'lr': 0.001, 'params': 870905, 'time_iter': 18.0281, 'accuracy': 0.9645, 'precision': 0.6207, 'recall': 0.1315, 'f1': 0.217, 'auc': 0.8226}
val: {'epoch': 15, 'loss': 0.0873, 'lr': 0.001, 'params': 870905, 'time_iter': 3.1294, 'accuracy': 0.9771, 'precision': 0.3673, 'recall': 0.2222, 'f1': 0.2769, 'auc': 0.7631}
train: {'epoch': 15, 'eta': 1533575.6502, 'loss': 0.1207, 'lr': 0.001, 'params': 870905, 'time_iter': 17.6594, 'accuracy': 0.9648, 'precision': 0.6299, 'recall': 0.1437, 'f1': 0.234, 'auc': 0.8184}
val: {'epoch': 16, 'loss': 0.083, 'lr': 0.001, 'params': 870905, 'time_iter': 3.371, 'accuracy': 0.9784, 'precision': 0.431, 'recall': 0.3086, 'f1': 0.3597, 'auc': 0.8089}
train: {'epoch': 16, 'eta': 1514861.5671, 'loss': 0.1194, 'lr': 0.001, 'params': 870905, 'time_iter': 17.6513, 'accuracy': 0.9652, 'precision': 0.6548, 'recall': 0.1494, 'f1': 0.2432, 'auc': 0.8226}
val: {'epoch': 17, 'loss': 0.0957, 'lr': 0.001, 'params': 870905, 'time_iter': 3.1258, 'accuracy': 0.972, 'precision': 0.2976, 'recall': 0.3086, 'f1': 0.303, 'auc': 0.7802}
train: {'epoch': 17, 'eta': 1495943.4445, 'loss': 0.1181, 'lr': 0.001, 'params': 870905, 'time_iter': 17.5947, 'accuracy': 0.9659, 'precision': 0.6773, 'recall': 0.1721, 'f1': 0.2744, 'auc': 0.8292}
val: {'epoch': 18, 'loss': 0.0886, 'lr': 0.001, 'params': 870905, 'time_iter': 3.0145, 'accuracy': 0.9745, 'precision': 0.3462, 'recall': 0.3333, 'f1': 0.3396, 'auc': 0.793}
train: {'epoch': 18, 'eta': 1479485.7493, 'loss': 0.1174, 'lr': 0.001, 'params': 870905, 'time_iter': 18.1361, 'accuracy': 0.9653, 'precision': 0.6459, 'recall': 0.1599, 'f1': 0.2563, 'auc': 0.8313}
val: {'epoch': 19, 'loss': 0.0843, 'lr': 0.001, 'params': 870905, 'time_iter': 3.4842, 'accuracy': 0.9779, 'precision': 0.4138, 'recall': 0.2963, 'f1': 0.3453, 'auc': 0.795}
train: {'epoch': 19, 'eta': 1461521.8178, 'loss': 0.1161, 'lr': 0.001, 'params': 870905, 'time_iter': 17.8237, 'accuracy': 0.9655, 'precision': 0.6424, 'recall': 0.1794, 'f1': 0.2805, 'auc': 0.8363}
val: {'epoch': 20, 'loss': 0.076, 'lr': 0.001, 'params': 870905, 'time_iter': 3.0898, 'accuracy': 0.9798, 'precision': 0.4815, 'recall': 0.321, 'f1': 0.3852, 'auc': 0.8215}
train: {'epoch': 20, 'eta': 1444518.6543, 'loss': 0.1144, 'lr': 0.001, 'params': 870905, 'time_iter': 18.0812, 'accuracy': 0.9668, 'precision': 0.688, 'recall': 0.2094, 'f1': 0.3211, 'auc': 0.8389}
val: {'epoch': 21, 'loss': 0.0847, 'lr': 0.001, 'params': 870905, 'time_iter': 3.083, 'accuracy': 0.9786, 'precision': 0.4255, 'recall': 0.2469, 'f1': 0.3125, 'auc': 0.7677}
train: {'epoch': 21, 'eta': 1425260.8431, 'loss': 0.1148, 'lr': 0.001, 'params': 870905, 'time_iter': 17.5031, 'accuracy': 0.9666, 'precision': 0.6916, 'recall': 0.1948, 'f1': 0.304, 'auc': 0.84}
val: {'epoch': 22, 'loss': 0.0879, 'lr': 0.001, 'params': 870905, 'time_iter': 3.7515, 'accuracy': 0.9767, 'precision': 0.3846, 'recall': 0.3086, 'f1': 0.3425, 'auc': 0.7943}
train: {'epoch': 22, 'eta': 1406220.7379, 'loss': 0.1139, 'lr': 0.001, 'params': 870905, 'time_iter': 17.5348, 'accuracy': 0.9675, 'precision': 0.7166, 'recall': 0.2175, 'f1': 0.3337, 'auc': 0.84}
val: {'epoch': 23, 'loss': 0.09, 'lr': 0.001, 'params': 870905, 'time_iter': 3.1855, 'accuracy': 0.9742, 'precision': 0.3457, 'recall': 0.3457, 'f1': 0.3457, 'auc': 0.7916}
train: {'epoch': 23, 'eta': 1388571.0522, 'loss': 0.112, 'lr': 0.001, 'params': 870905, 'time_iter': 17.936, 'accuracy': 0.9681, 'precision': 0.7359, 'recall': 0.233, 'f1': 0.3539, 'auc': 0.8463}
val: {'epoch': 24, 'loss': 0.0848, 'lr': 0.001, 'params': 870905, 'time_iter': 3.2547, 'accuracy': 0.9764, 'precision': 0.3857, 'recall': 0.3333, 'f1': 0.3576, 'auc': 0.7993}
train: {'epoch': 24, 'eta': 1370234.9344, 'loss': 0.1125, 'lr': 0.001, 'params': 870905, 'time_iter': 17.7346, 'accuracy': 0.9678, 'precision': 0.7132, 'recall': 0.2362, 'f1': 0.3549, 'auc': 0.844}
val: {'epoch': 25, 'loss': 0.0768, 'lr': 0.001, 'params': 870905, 'time_iter': 3.3723, 'accuracy': 0.9808, 'precision': 0.5263, 'recall': 0.2469, 'f1': 0.3361, 'auc': 0.7973}
train: {'epoch': 25, 'eta': 1351368.5061, 'loss': 0.1114, 'lr': 0.001, 'params': 870905, 'time_iter': 17.5512, 'accuracy': 0.9678, 'precision': 0.7146, 'recall': 0.2338, 'f1': 0.3523, 'auc': 0.8496}
val: {'epoch': 26, 'loss': 0.0781, 'lr': 0.001, 'params': 870905, 'time_iter': 3.0308, 'accuracy': 0.9798, 'precision': 0.4773, 'recall': 0.2593, 'f1': 0.336, 'auc': 0.7993}
train: {'epoch': 26, 'eta': 1332886.3703, 'loss': 0.1083, 'lr': 0.001, 'params': 870905, 'time_iter': 17.6679, 'accuracy': 0.9684, 'precision': 0.7303, 'recall': 0.2484, 'f1': 0.3707, 'auc': 0.858}
val: {'epoch': 27, 'loss': 0.0809, 'lr': 0.001, 'params': 870905, 'time_iter': 3.3068, 'accuracy': 0.9776, 'precision': 0.4127, 'recall': 0.321, 'f1': 0.3611, 'auc': 0.8178}
train: {'epoch': 27, 'eta': 1313921.1595, 'loss': 0.1087, 'lr': 0.001, 'params': 870905, 'time_iter': 17.4771, 'accuracy': 0.9685, 'precision': 0.7175, 'recall': 0.2597, 'f1': 0.3814, 'auc': 0.859}
val: {'epoch': 28, 'loss': 0.0796, 'lr': 0.001, 'params': 870905, 'time_iter': 2.9124, 'accuracy': 0.9798, 'precision': 0.48, 'recall': 0.2963, 'f1': 0.3664, 'auc': 0.7924}
train: {'epoch': 28, 'eta': 1296280.9706, 'loss': 0.1088, 'lr': 0.001, 'params': 870905, 'time_iter': 17.9762, 'accuracy': 0.9677, 'precision': 0.6858, 'recall': 0.2516, 'f1': 0.3682, 'auc': 0.8599}
val: {'epoch': 29, 'loss': 0.0801, 'lr': 0.001, 'params': 870905, 'time_iter': 3.1397, 'accuracy': 0.9798, 'precision': 0.4828, 'recall': 0.3457, 'f1': 0.4029, 'auc': 0.8045}
train: {'epoch': 29, 'eta': 1277703.3621, 'loss': 0.1071, 'lr': 0.001, 'params': 870905, 'time_iter': 17.6096, 'accuracy': 0.9692, 'precision': 0.738, 'recall': 0.2744, 'f1': 0.4, 'auc': 0.8656}
val: {'epoch': 30, 'loss': 0.0839, 'lr': 0.001, 'params': 870905, 'time_iter': 3.8686, 'accuracy': 0.9781, 'precision': 0.4262, 'recall': 0.321, 'f1': 0.3662, 'auc': 0.7994}
train: {'epoch': 30, 'eta': 1259369.9035, 'loss': 0.107, 'lr': 0.001, 'params': 870905, 'time_iter': 17.7033, 'accuracy': 0.969, 'precision': 0.7193, 'recall': 0.2808, 'f1': 0.404, 'auc': 0.8633}
val: {'epoch': 31, 'loss': 0.0792, 'lr': 0.001, 'params': 870905, 'time_iter': 3.1614, 'accuracy': 0.9801, 'precision': 0.4889, 'recall': 0.2716, 'f1': 0.3492, 'auc': 0.7961}
train: {'epoch': 31, 'eta': 1241123.5368, 'loss': 0.1069, 'lr': 0.001, 'params': 870905, 'time_iter': 17.7398, 'accuracy': 0.9693, 'precision': 0.7299, 'recall': 0.2873, 'f1': 0.4123, 'auc': 0.8647}
val: {'epoch': 32, 'loss': 0.079, 'lr': 0.001, 'params': 870905, 'time_iter': 3.2263, 'accuracy': 0.9793, 'precision': 0.463, 'recall': 0.3086, 'f1': 0.3704, 'auc': 0.8139}
train: {'epoch': 32, 'eta': 1222954.523, 'loss': 0.1064, 'lr': 0.001, 'params': 870905, 'time_iter': 17.7771, 'accuracy': 0.9699, 'precision': 0.7396, 'recall': 0.3044, 'f1': 0.4313, 'auc': 0.8636}
val: {'epoch': 33, 'loss': 0.0773, 'lr': 0.001, 'params': 870905, 'time_iter': 2.9708, 'accuracy': 0.9793, 'precision': 0.46, 'recall': 0.284, 'f1': 0.3511, 'auc': 0.7951}
train: {'epoch': 33, 'eta': 1204906.9435, 'loss': 0.1048, 'lr': 0.001, 'params': 870905, 'time_iter': 17.8415, 'accuracy': 0.9693, 'precision': 0.7188, 'recall': 0.2946, 'f1': 0.418, 'auc': 0.8699}
val: {'epoch': 34, 'loss': 0.1014, 'lr': 0.001, 'params': 870905, 'time_iter': 3.0932, 'accuracy': 0.9696, 'precision': 0.2885, 'recall': 0.3704, 'f1': 0.3243, 'auc': 0.7984}
train: {'epoch': 34, 'eta': 1186227.6829, 'loss': 0.104, 'lr': 0.001, 'params': 870905, 'time_iter': 17.5203, 'accuracy': 0.9699, 'precision': 0.7377, 'recall': 0.3036, 'f1': 0.4301, 'auc': 0.8724}
val: {'epoch': 35, 'loss': 0.0972, 'lr': 0.001, 'params': 870905, 'time_iter': 3.3711, 'accuracy': 0.9718, 'precision': 0.3118, 'recall': 0.358, 'f1': 0.3333, 'auc': 0.801}
train: {'epoch': 35, 'eta': 1167475.2068, 'loss': 0.1043, 'lr': 0.001, 'params': 870905, 'time_iter': 17.4605, 'accuracy': 0.9703, 'precision': 0.7555, 'recall': 0.306, 'f1': 0.4356, 'auc': 0.8732}
val: {'epoch': 36, 'loss': 0.0801, 'lr': 0.001, 'params': 870905, 'time_iter': 3.2008, 'accuracy': 0.9788, 'precision': 0.4444, 'recall': 0.2963, 'f1': 0.3556, 'auc': 0.8071}
train: {'epoch': 36, 'eta': 1149609.5592, 'loss': 0.1038, 'lr': 0.001, 'params': 870905, 'time_iter': 17.9424, 'accuracy': 0.9701, 'precision': 0.7431, 'recall': 0.3076, 'f1': 0.4351, 'auc': 0.8718}
val: {'epoch': 37, 'loss': 0.0747, 'lr': 0.001, 'params': 870905, 'time_iter': 3.1882, 'accuracy': 0.9798, 'precision': 0.4808, 'recall': 0.3086, 'f1': 0.3759, 'auc': 0.8198}
train: {'epoch': 37, 'eta': 1130667.1282, 'loss': 0.1033, 'lr': 0.001, 'params': 870905, 'time_iter': 17.3197, 'accuracy': 0.9701, 'precision': 0.7366, 'recall': 0.3133, 'f1': 0.4396, 'auc': 0.8774}
val: {'epoch': 38, 'loss': 0.0777, 'lr': 0.001, 'params': 870905, 'time_iter': 3.7458, 'accuracy': 0.9793, 'precision': 0.4677, 'recall': 0.358, 'f1': 0.4056, 'auc': 0.8174}
train: {'epoch': 38, 'eta': 1112403.0643, 'loss': 0.102, 'lr': 0.001, 'params': 870905, 'time_iter': 17.7055, 'accuracy': 0.9702, 'precision': 0.7358, 'recall': 0.3166, 'f1': 0.4427, 'auc': 0.8791}
val: {'epoch': 39, 'loss': 0.0762, 'lr': 0.001, 'params': 870905, 'time_iter': 3.087, 'accuracy': 0.9808, 'precision': 0.5208, 'recall': 0.3086, 'f1': 0.3876, 'auc': 0.8255}
train: {'epoch': 39, 'eta': 1093660.0714, 'loss': 0.1013, 'lr': 0.001, 'params': 870905, 'time_iter': 17.3938, 'accuracy': 0.9718, 'precision': 0.7905, 'recall': 0.3369, 'f1': 0.4724, 'auc': 0.8803}
val: {'epoch': 40, 'loss': 0.0761, 'lr': 0.001, 'params': 870905, 'time_iter': 3.2197, 'accuracy': 0.9818, 'precision': 0.5625, 'recall': 0.3333, 'f1': 0.4186, 'auc': 0.8104}
train: {'epoch': 40, 'eta': 1075238.4418, 'loss': 0.1018, 'lr': 0.001, 'params': 870905, 'time_iter': 17.583, 'accuracy': 0.9705, 'precision': 0.7372, 'recall': 0.3279, 'f1': 0.4539, 'auc': 0.8811}
val: {'epoch': 41, 'loss': 0.0856, 'lr': 0.001, 'params': 870905, 'time_iter': 3.0915, 'accuracy': 0.9793, 'precision': 0.4545, 'recall': 0.2469, 'f1': 0.32, 'auc': 0.7884}
train: {'epoch': 41, 'eta': 1056918.349, 'loss': 0.1008, 'lr': 0.001, 'params': 870905, 'time_iter': 17.6434, 'accuracy': 0.9708, 'precision': 0.7571, 'recall': 0.3239, 'f1': 0.4537, 'auc': 0.8839}
val: {'epoch': 42, 'loss': 0.0786, 'lr': 0.001, 'params': 870905, 'time_iter': 3.1331, 'accuracy': 0.9805, 'precision': 0.5116, 'recall': 0.2716, 'f1': 0.3548, 'auc': 0.8055}
train: {'epoch': 42, 'eta': 1038238.9098, 'loss': 0.1, 'lr': 0.001, 'params': 870905, 'time_iter': 17.3743, 'accuracy': 0.9713, 'precision': 0.7623, 'recall': 0.3409, 'f1': 0.4711, 'auc': 0.886}
val: {'epoch': 43, 'loss': 0.085, 'lr': 0.001, 'params': 870905, 'time_iter': 3.4071, 'accuracy': 0.9769, 'precision': 0.4054, 'recall': 0.3704, 'f1': 0.3871, 'auc': 0.8149}
train: {'epoch': 43, 'eta': 1019740.6367, 'loss': 0.0992, 'lr': 0.001, 'params': 870905, 'time_iter': 17.4849, 'accuracy': 0.9711, 'precision': 0.7611, 'recall': 0.3336, 'f1': 0.4639, 'auc': 0.8907}
val: {'epoch': 44, 'loss': 0.074, 'lr': 0.001, 'params': 870905, 'time_iter': 3.1622, 'accuracy': 0.9815, 'precision': 0.5556, 'recall': 0.3086, 'f1': 0.3968, 'auc': 0.8304}
train: {'epoch': 44, 'eta': 1001418.0011, 'loss': 0.1001, 'lr': 0.001, 'params': 870905, 'time_iter': 17.6066, 'accuracy': 0.9709, 'precision': 0.7451, 'recall': 0.3369, 'f1': 0.4639, 'auc': 0.8878}
val: {'epoch': 45, 'loss': 0.0852, 'lr': 0.001, 'params': 870905, 'time_iter': 3.2911, 'accuracy': 0.9798, 'precision': 0.4808, 'recall': 0.3086, 'f1': 0.3759, 'auc': 0.7751}
train: {'epoch': 45, 'eta': 982871.5836, 'loss': 0.0994, 'lr': 0.001, 'params': 870905, 'time_iter': 17.414, 'accuracy': 0.9713, 'precision': 0.7535, 'recall': 0.3474, 'f1': 0.4756, 'auc': 0.8888}
val: {'epoch': 46, 'loss': 0.0828, 'lr': 0.001, 'params': 870905, 'time_iter': 3.708, 'accuracy': 0.9788, 'precision': 0.4444, 'recall': 0.2963, 'f1': 0.3556, 'auc': 0.819}
train: {'epoch': 46, 'eta': 964840.85, 'loss': 0.0984, 'lr': 0.001, 'params': 870905, 'time_iter': 17.8354, 'accuracy': 0.9714, 'precision': 0.7566, 'recall': 0.3482, 'f1': 0.4769, 'auc': 0.8907}
val: {'epoch': 47, 'loss': 0.0863, 'lr': 0.001, 'params': 870905, 'time_iter': 2.9788, 'accuracy': 0.9801, 'precision': 0.4857, 'recall': 0.2099, 'f1': 0.2931, 'auc': 0.788}
train: {'epoch': 47, 'eta': 946887.2806, 'loss': 0.097, 'lr': 0.001, 'params': 870905, 'time_iter': 17.9166, 'accuracy': 0.9721, 'precision': 0.7712, 'recall': 0.3612, 'f1': 0.492, 'auc': 0.8971}
val: {'epoch': 48, 'loss': 0.0845, 'lr': 0.001, 'params': 870905, 'time_iter': 3.5055, 'accuracy': 0.9788, 'precision': 0.4516, 'recall': 0.3457, 'f1': 0.3916, 'auc': 0.8114}
train: {'epoch': 48, 'eta': 928077.4679, 'loss': 0.0979, 'lr': 0.001, 'params': 870905, 'time_iter': 17.1355, 'accuracy': 0.9715, 'precision': 0.7547, 'recall': 0.3547, 'f1': 0.4826, 'auc': 0.8931}
val: {'epoch': 49, 'loss': 0.0811, 'lr': 0.001, 'params': 870905, 'time_iter': 3.0111, 'accuracy': 0.9798, 'precision': 0.4762, 'recall': 0.2469, 'f1': 0.3252, 'auc': 0.8063}
train: {'epoch': 49, 'eta': 909473.5829, 'loss': 0.0974, 'lr': 0.001, 'params': 870905, 'time_iter': 17.2899, 'accuracy': 0.9716, 'precision': 0.7627, 'recall': 0.3523, 'f1': 0.482, 'auc': 0.8946}
val: {'epoch': 50, 'loss': 0.0789, 'lr': 0.001, 'params': 870905, 'time_iter': 3.2773, 'accuracy': 0.9813, 'precision': 0.55, 'recall': 0.2716, 'f1': 0.3636, 'auc': 0.8201}
train: {'epoch': 50, 'eta': 891162.6956, 'loss': 0.0949, 'lr': 0.001, 'params': 870905, 'time_iter': 17.554, 'accuracy': 0.9728, 'precision': 0.7847, 'recall': 0.3758, 'f1': 0.5082, 'auc': 0.9025}
val: {'epoch': 51, 'loss': 0.0892, 'lr': 0.001, 'params': 870905, 'time_iter': 3.2286, 'accuracy': 0.9767, 'precision': 0.3881, 'recall': 0.321, 'f1': 0.3514, 'auc': 0.8129}
train: {'epoch': 51, 'eta': 872654.8956, 'loss': 0.0973, 'lr': 0.001, 'params': 870905, 'time_iter': 17.3367, 'accuracy': 0.9723, 'precision': 0.7757, 'recall': 0.3677, 'f1': 0.4989, 'auc': 0.8934}
val: {'epoch': 52, 'loss': 0.083, 'lr': 0.001, 'params': 870905, 'time_iter': 3.1283, 'accuracy': 0.9793, 'precision': 0.463, 'recall': 0.3086, 'f1': 0.3704, 'auc': 0.8121}
train: {'epoch': 52, 'eta': 854477.9923, 'loss': 0.095, 'lr': 0.001, 'params': 870905, 'time_iter': 17.6717, 'accuracy': 0.9725, 'precision': 0.7808, 'recall': 0.3701, 'f1': 0.5022, 'auc': 0.9003}
val: {'epoch': 53, 'loss': 0.0781, 'lr': 0.001, 'params': 870905, 'time_iter': 3.2656, 'accuracy': 0.982, 'precision': 0.6129, 'recall': 0.2346, 'f1': 0.3393, 'auc': 0.812}
train: {'epoch': 53, 'eta': 836081.023, 'loss': 0.0944, 'lr': 0.001, 'params': 870905, 'time_iter': 17.4209, 'accuracy': 0.9723, 'precision': 0.7597, 'recall': 0.3799, 'f1': 0.5065, 'auc': 0.9028}
val: {'epoch': 54, 'loss': 0.0825, 'lr': 0.001, 'params': 870905, 'time_iter': 3.3592, 'accuracy': 0.9796, 'precision': 0.4651, 'recall': 0.2469, 'f1': 0.3226, 'auc': 0.8219}
train: {'epoch': 54, 'eta': 817945.6507, 'loss': 0.0951, 'lr': 0.001, 'params': 870905, 'time_iter': 17.7113, 'accuracy': 0.9726, 'precision': 0.7696, 'recall': 0.3823, 'f1': 0.5108, 'auc': 0.9013}
val: {'epoch': 55, 'loss': 0.0821, 'lr': 0.001, 'params': 870905, 'time_iter': 3.0575, 'accuracy': 0.9779, 'precision': 0.3913, 'recall': 0.2222, 'f1': 0.2835, 'auc': 0.8204}
train: {'epoch': 55, 'eta': 800412.1094, 'loss': 0.0943, 'lr': 0.001, 'params': 870905, 'time_iter': 18.4596, 'accuracy': 0.9724, 'precision': 0.7617, 'recall': 0.3839, 'f1': 0.5105, 'auc': 0.9021}
val: {'epoch': 56, 'loss': 0.0848, 'lr': 0.001, 'params': 870905, 'time_iter': 3.3551, 'accuracy': 0.981, 'precision': 0.5333, 'recall': 0.2963, 'f1': 0.381, 'auc': 0.7916}
train: {'epoch': 56, 'eta': 781921.062, 'loss': 0.0927, 'lr': 0.001, 'params': 870905, 'time_iter': 17.2922, 'accuracy': 0.9731, 'precision': 0.7896, 'recall': 0.3839, 'f1': 0.5167, 'auc': 0.9082}
val: {'epoch': 57, 'loss': 0.089, 'lr': 0.001, 'params': 870905, 'time_iter': 3.1021, 'accuracy': 0.9745, 'precision': 0.3571, 'recall': 0.3704, 'f1': 0.3636, 'auc': 0.8133}
train: {'epoch': 57, 'eta': 763475.7647, 'loss': 0.0925, 'lr': 0.001, 'params': 870905, 'time_iter': 17.3213, 'accuracy': 0.9722, 'precision': 0.7544, 'recall': 0.3815, 'f1': 0.5067, 'auc': 0.9113}
val: {'epoch': 58, 'loss': 0.0753, 'lr': 0.001, 'params': 870905, 'time_iter': 3.2988, 'accuracy': 0.9818, 'precision': 0.625, 'recall': 0.1852, 'f1': 0.2857, 'auc': 0.8286}
train: {'epoch': 58, 'eta': 745502.2113, 'loss': 0.0928, 'lr': 0.001, 'params': 870905, 'time_iter': 17.9516, 'accuracy': 0.973, 'precision': 0.7842, 'recall': 0.3864, 'f1': 0.5177, 'auc': 0.9091}
val: {'epoch': 59, 'loss': 0.0833, 'lr': 0.001, 'params': 870905, 'time_iter': 3.6354, 'accuracy': 0.9769, 'precision': 0.4028, 'recall': 0.358, 'f1': 0.3791, 'auc': 0.8315}
train: {'epoch': 59, 'eta': 727047.4024, 'loss': 0.0927, 'lr': 0.001, 'params': 870905, 'time_iter': 17.2743, 'accuracy': 0.9728, 'precision': 0.7726, 'recall': 0.3888, 'f1': 0.5173, 'auc': 0.9073}
val: {'epoch': 60, 'loss': 0.0788, 'lr': 0.001, 'params': 870905, 'time_iter': 2.9994, 'accuracy': 0.9825, 'precision': 0.6098, 'recall': 0.3086, 'f1': 0.4098, 'auc': 0.8167}
train: {'epoch': 60, 'eta': 708833.7711, 'loss': 0.0926, 'lr': 0.001, 'params': 870905, 'time_iter': 17.607, 'accuracy': 0.9726, 'precision': 0.7623, 'recall': 0.3904, 'f1': 0.5164, 'auc': 0.9089}
val: {'epoch': 61, 'loss': 0.0854, 'lr': 0.001, 'params': 870905, 'time_iter': 3.2375, 'accuracy': 0.9801, 'precision': 0.4884, 'recall': 0.2593, 'f1': 0.3387, 'auc': 0.8135}
train: {'epoch': 61, 'eta': 690468.8974, 'loss': 0.0902, 'lr': 0.001, 'params': 870905, 'time_iter': 17.3623, 'accuracy': 0.973, 'precision': 0.7783, 'recall': 0.3904, 'f1': 0.52, 'auc': 0.9167}
val: {'epoch': 62, 'loss': 0.0847, 'lr': 0.001, 'params': 870905, 'time_iter': 3.7348, 'accuracy': 0.9786, 'precision': 0.4386, 'recall': 0.3086, 'f1': 0.3623, 'auc': 0.8104}
train: {'epoch': 62, 'eta': 672480.914, 'loss': 0.0903, 'lr': 0.001, 'params': 870905, 'time_iter': 17.9597, 'accuracy': 0.9726, 'precision': 0.7538, 'recall': 0.3977, 'f1': 0.5207, 'auc': 0.915}
val: {'epoch': 63, 'loss': 0.0757, 'lr': 0.001, 'params': 870905, 'time_iter': 3.1696, 'accuracy': 0.9818, 'precision': 0.5714, 'recall': 0.2963, 'f1': 0.3902, 'auc': 0.8478}
train: {'epoch': 63, 'eta': 654739.139, 'loss': 0.089, 'lr': 0.001, 'params': 870905, 'time_iter': 18.4117, 'accuracy': 0.9736, 'precision': 0.7871, 'recall': 0.405, 'f1': 0.5348, 'auc': 0.9185}
val: {'epoch': 64, 'loss': 0.0795, 'lr': 0.001, 'params': 870905, 'time_iter': 3.4626, 'accuracy': 0.9791, 'precision': 0.4561, 'recall': 0.321, 'f1': 0.3768, 'auc': 0.8322}
train: {'epoch': 64, 'eta': 636633.1239, 'loss': 0.0897, 'lr': 0.001, 'params': 870905, 'time_iter': 17.8212, 'accuracy': 0.9729, 'precision': 0.7595, 'recall': 0.405, 'f1': 0.5283, 'auc': 0.917}
val: {'epoch': 65, 'loss': 0.08, 'lr': 0.001, 'params': 870905, 'time_iter': 3.7579, 'accuracy': 0.982, 'precision': 0.6061, 'recall': 0.2469, 'f1': 0.3509, 'auc': 0.8187}
train: {'epoch': 65, 'eta': 618486.4357, 'loss': 0.0894, 'lr': 0.001, 'params': 870905, 'time_iter': 17.7577, 'accuracy': 0.9726, 'precision': 0.7538, 'recall': 0.3977, 'f1': 0.5207, 'auc': 0.9212}
val: {'epoch': 66, 'loss': 0.0828, 'lr': 0.001, 'params': 870905, 'time_iter': 3.1485, 'accuracy': 0.9805, 'precision': 0.5111, 'recall': 0.284, 'f1': 0.3651, 'auc': 0.817}
train: {'epoch': 66, 'eta': 600238.7993, 'loss': 0.0894, 'lr': 0.001, 'params': 870905, 'time_iter': 17.5659, 'accuracy': 0.9737, 'precision': 0.7857, 'recall': 0.4107, 'f1': 0.5394, 'auc': 0.9177}
val: {'epoch': 67, 'loss': 0.0837, 'lr': 0.001, 'params': 870905, 'time_iter': 3.2335, 'accuracy': 0.9781, 'precision': 0.44, 'recall': 0.4074, 'f1': 0.4231, 'auc': 0.8271}
train: {'epoch': 67, 'eta': 582026.6227, 'loss': 0.0884, 'lr': 0.001, 'params': 870905, 'time_iter': 17.6287, 'accuracy': 0.973, 'precision': 0.7595, 'recall': 0.4075, 'f1': 0.5304, 'auc': 0.9248}
val: {'epoch': 68, 'loss': 0.0793, 'lr': 0.001, 'params': 870905, 'time_iter': 3.1626, 'accuracy': 0.9803, 'precision': 0.5, 'recall': 0.2593, 'f1': 0.3415, 'auc': 0.8184}
train: {'epoch': 68, 'eta': 563911.0399, 'loss': 0.0875, 'lr': 0.001, 'params': 870905, 'time_iter': 17.8331, 'accuracy': 0.9735, 'precision': 0.7812, 'recall': 0.4058, 'f1': 0.5342, 'auc': 0.923}
val: {'epoch': 69, 'loss': 0.0781, 'lr': 0.001, 'params': 870905, 'time_iter': 3.1087, 'accuracy': 0.982, 'precision': 0.6129, 'recall': 0.2346, 'f1': 0.3393, 'auc': 0.8145}
train: {'epoch': 69, 'eta': 545620.576, 'loss': 0.0869, 'lr': 0.001, 'params': 870905, 'time_iter': 17.4517, 'accuracy': 0.9739, 'precision': 0.787, 'recall': 0.414, 'f1': 0.5426, 'auc': 0.9218}
val: {'epoch': 70, 'loss': 0.0879, 'lr': 0.001, 'params': 870905, 'time_iter': 3.3028, 'accuracy': 0.9805, 'precision': 0.5098, 'recall': 0.321, 'f1': 0.3939, 'auc': 0.7937}
train: {'epoch': 70, 'eta': 527466.7022, 'loss': 0.0869, 'lr': 0.001, 'params': 870905, 'time_iter': 17.7544, 'accuracy': 0.9736, 'precision': 0.7853, 'recall': 0.4067, 'f1': 0.5358, 'auc': 0.9264}
val: {'epoch': 71, 'loss': 0.0838, 'lr': 0.001, 'params': 870905, 'time_iter': 3.2229, 'accuracy': 0.981, 'precision': 0.5405, 'recall': 0.2469, 'f1': 0.339, 'auc': 0.8259}
train: {'epoch': 71, 'eta': 509428.0302, 'loss': 0.0864, 'lr': 0.001, 'params': 870905, 'time_iter': 18.0503, 'accuracy': 0.9734, 'precision': 0.7689, 'recall': 0.4131, 'f1': 0.5375, 'auc': 0.9265}
val: {'epoch': 72, 'loss': 0.0788, 'lr': 0.001, 'params': 870905, 'time_iter': 3.1998, 'accuracy': 0.9825, 'precision': 0.6667, 'recall': 0.2222, 'f1': 0.3333, 'auc': 0.8222}
train: {'epoch': 72, 'eta': 491290.5397, 'loss': 0.0849, 'lr': 0.001, 'params': 870905, 'time_iter': 17.8292, 'accuracy': 0.9747, 'precision': 0.8043, 'recall': 0.4269, 'f1': 0.5578, 'auc': 0.9297}
val: {'epoch': 73, 'loss': 0.0824, 'lr': 0.001, 'params': 870905, 'time_iter': 3.6256, 'accuracy': 0.9808, 'precision': 0.5217, 'recall': 0.2963, 'f1': 0.378, 'auc': 0.8183}
train: {'epoch': 73, 'eta': 473135.4789, 'loss': 0.0854, 'lr': 0.001, 'params': 870905, 'time_iter': 17.7962, 'accuracy': 0.9741, 'precision': 0.7816, 'recall': 0.4269, 'f1': 0.5522, 'auc': 0.9294}
val: {'epoch': 74, 'loss': 0.0825, 'lr': 0.001, 'params': 870905, 'time_iter': 3.1015, 'accuracy': 0.9798, 'precision': 0.4821, 'recall': 0.3333, 'f1': 0.3942, 'auc': 0.8228}
train: {'epoch': 74, 'eta': 454918.9386, 'loss': 0.0847, 'lr': 0.001, 'params': 870905, 'time_iter': 17.6292, 'accuracy': 0.9741, 'precision': 0.7807, 'recall': 0.4278, 'f1': 0.5527, 'auc': 0.9288}
val: {'epoch': 75, 'loss': 0.086, 'lr': 0.001, 'params': 870905, 'time_iter': 3.508, 'accuracy': 0.9803, 'precision': 0.5, 'recall': 0.3086, 'f1': 0.3817, 'auc': 0.8061}
train: {'epoch': 75, 'eta': 436732.0746, 'loss': 0.0859, 'lr': 0.001, 'params': 870905, 'time_iter': 17.7144, 'accuracy': 0.974, 'precision': 0.766, 'recall': 0.4383, 'f1': 0.5576, 'auc': 0.9268}
val: {'epoch': 76, 'loss': 0.0765, 'lr': 0.001, 'params': 870905, 'time_iter': 3.0195, 'accuracy': 0.9813, 'precision': 0.5455, 'recall': 0.2963, 'f1': 0.384, 'auc': 0.8402}
train: {'epoch': 76, 'eta': 418716.8086, 'loss': 0.0826, 'lr': 0.001, 'params': 870905, 'time_iter': 18.2761, 'accuracy': 0.9748, 'precision': 0.7956, 'recall': 0.4391, 'f1': 0.5659, 'auc': 0.937}
val: {'epoch': 77, 'loss': 0.0823, 'lr': 0.001, 'params': 870905, 'time_iter': 3.1596, 'accuracy': 0.9796, 'precision': 0.4754, 'recall': 0.358, 'f1': 0.4085, 'auc': 0.8401}
train: {'epoch': 77, 'eta': 400388.6318, 'loss': 0.0837, 'lr': 0.001, 'params': 870905, 'time_iter': 17.2679, 'accuracy': 0.9746, 'precision': 0.7889, 'recall': 0.4399, 'f1': 0.5649, 'auc': 0.9319}
val: {'epoch': 78, 'loss': 0.0843, 'lr': 0.001, 'params': 870905, 'time_iter': 3.4602, 'accuracy': 0.9788, 'precision': 0.4464, 'recall': 0.3086, 'f1': 0.365, 'auc': 0.8221}
train: {'epoch': 78, 'eta': 382113.0335, 'loss': 0.0837, 'lr': 0.001, 'params': 870905, 'time_iter': 17.4083, 'accuracy': 0.9748, 'precision': 0.8036, 'recall': 0.4318, 'f1': 0.5618, 'auc': 0.933}
val: {'epoch': 79, 'loss': 0.0774, 'lr': 0.001, 'params': 870905, 'time_iter': 3.0325, 'accuracy': 0.9823, 'precision': 0.6176, 'recall': 0.2593, 'f1': 0.3652, 'auc': 0.8486}
train: {'epoch': 79, 'eta': 364001.5, 'loss': 0.0815, 'lr': 0.001, 'params': 870905, 'time_iter': 18.0108, 'accuracy': 0.9747, 'precision': 0.7849, 'recall': 0.4472, 'f1': 0.5698, 'auc': 0.9365}
val: {'epoch': 80, 'loss': 0.0865, 'lr': 0.001, 'params': 870905, 'time_iter': 3.2035, 'accuracy': 0.9793, 'precision': 0.4655, 'recall': 0.3333, 'f1': 0.3885, 'auc': 0.8136}
train: {'epoch': 80, 'eta': 345845.6554, 'loss': 0.083, 'lr': 0.001, 'params': 870905, 'time_iter': 17.8704, 'accuracy': 0.9743, 'precision': 0.7795, 'recall': 0.4391, 'f1': 0.5618, 'auc': 0.9357}
val: {'epoch': 81, 'loss': 0.0909, 'lr': 0.001, 'params': 870905, 'time_iter': 2.8961, 'accuracy': 0.9776, 'precision': 0.3922, 'recall': 0.2469, 'f1': 0.303, 'auc': 0.8002}
train: {'epoch': 81, 'eta': 327641.432, 'loss': 0.0802, 'lr': 0.001, 'params': 870905, 'time_iter': 17.6814, 'accuracy': 0.9752, 'precision': 0.802, 'recall': 0.4472, 'f1': 0.5743, 'auc': 0.9418}
val: {'epoch': 82, 'loss': 0.0821, 'lr': 0.001, 'params': 870905, 'time_iter': 3.2367, 'accuracy': 0.9801, 'precision': 0.4884, 'recall': 0.2593, 'f1': 0.3387, 'auc': 0.8274}
train: {'epoch': 82, 'eta': 309373.7172, 'loss': 0.081, 'lr': 0.001, 'params': 870905, 'time_iter': 17.3789, 'accuracy': 0.9748, 'precision': 0.7888, 'recall': 0.4456, 'f1': 0.5695, 'auc': 0.9405}
val: {'epoch': 83, 'loss': 0.084, 'lr': 0.001, 'params': 870905, 'time_iter': 3.3661, 'accuracy': 0.9815, 'precision': 0.5676, 'recall': 0.2593, 'f1': 0.3559, 'auc': 0.8182}
train: {'epoch': 83, 'eta': 291133.5773, 'loss': 0.0809, 'lr': 0.001, 'params': 870905, 'time_iter': 17.4729, 'accuracy': 0.9754, 'precision': 0.8081, 'recall': 0.4513, 'f1': 0.5792, 'auc': 0.9358}
val: {'epoch': 84, 'loss': 0.081, 'lr': 0.001, 'params': 870905, 'time_iter': 3.5506, 'accuracy': 0.9803, 'precision': 0.5, 'recall': 0.2716, 'f1': 0.352, 'auc': 0.8248}
train: {'epoch': 84, 'eta': 272881.1547, 'loss': 0.0795, 'lr': 0.001, 'params': 870905, 'time_iter': 17.3715, 'accuracy': 0.9748, 'precision': 0.7908, 'recall': 0.4448, 'f1': 0.5694, 'auc': 0.9428}
val: {'epoch': 85, 'loss': 0.0879, 'lr': 0.001, 'params': 870905, 'time_iter': 3.0438, 'accuracy': 0.981, 'precision': 0.5349, 'recall': 0.284, 'f1': 0.371, 'auc': 0.802}
train: {'epoch': 85, 'eta': 254686.5654, 'loss': 0.0782, 'lr': 0.001, 'params': 870905, 'time_iter': 17.6644, 'accuracy': 0.9754, 'precision': 0.7893, 'recall': 0.4683, 'f1': 0.5879, 'auc': 0.9437}
val: {'epoch': 86, 'loss': 0.0962, 'lr': 0.001, 'params': 870905, 'time_iter': 3.2789, 'accuracy': 0.9798, 'precision': 0.48, 'recall': 0.2963, 'f1': 0.3664, 'auc': 0.7985}
train: {'epoch': 86, 'eta': 236535.9027, 'loss': 0.0791, 'lr': 0.001, 'params': 870905, 'time_iter': 17.9474, 'accuracy': 0.975, 'precision': 0.7948, 'recall': 0.4464, 'f1': 0.5717, 'auc': 0.9439}
val: {'epoch': 87, 'loss': 0.1024, 'lr': 0.001, 'params': 870905, 'time_iter': 3.1728, 'accuracy': 0.974, 'precision': 0.3289, 'recall': 0.3086, 'f1': 0.3185, 'auc': 0.8132}
train: {'epoch': 87, 'eta': 218408.1138, 'loss': 0.0783, 'lr': 0.001, 'params': 870905, 'time_iter': 18.1618, 'accuracy': 0.9755, 'precision': 0.8003, 'recall': 0.4619, 'f1': 0.5857, 'auc': 0.946}
val: {'epoch': 88, 'loss': 0.091, 'lr': 0.001, 'params': 870905, 'time_iter': 3.0495, 'accuracy': 0.9759, 'precision': 0.3714, 'recall': 0.321, 'f1': 0.3444, 'auc': 0.8158}
train: {'epoch': 88, 'eta': 200159.1256, 'loss': 0.0771, 'lr': 0.001, 'params': 870905, 'time_iter': 17.3079, 'accuracy': 0.9756, 'precision': 0.7916, 'recall': 0.4716, 'f1': 0.591, 'auc': 0.9484}
val: {'epoch': 89, 'loss': 0.1011, 'lr': 0.001, 'params': 870905, 'time_iter': 3.5352, 'accuracy': 0.9788, 'precision': 0.35, 'recall': 0.0864, 'f1': 0.1386, 'auc': 0.7896}
train: {'epoch': 89, 'eta': 181984.6692, 'loss': 0.0788, 'lr': 0.001, 'params': 870905, 'time_iter': 17.8744, 'accuracy': 0.9754, 'precision': 0.792, 'recall': 0.4635, 'f1': 0.5847, 'auc': 0.9433}
val: {'epoch': 90, 'loss': 0.0867, 'lr': 0.001, 'params': 870905, 'time_iter': 3.0808, 'accuracy': 0.981, 'precision': 0.5306, 'recall': 0.321, 'f1': 0.4, 'auc': 0.8221}
train: {'epoch': 90, 'eta': 163831.8054, 'loss': 0.0791, 'lr': 0.001, 'params': 870905, 'time_iter': 18.1337, 'accuracy': 0.975, 'precision': 0.7808, 'recall': 0.4627, 'f1': 0.581, 'auc': 0.9428}
val: {'epoch': 91, 'loss': 0.0927, 'lr': 0.001, 'params': 870905, 'time_iter': 3.5026, 'accuracy': 0.9815, 'precision': 0.5556, 'recall': 0.3086, 'f1': 0.3968, 'auc': 0.8109}
train: {'epoch': 91, 'eta': 145608.2079, 'loss': 0.0744, 'lr': 0.001, 'params': 870905, 'time_iter': 17.4663, 'accuracy': 0.9768, 'precision': 0.8145, 'recall': 0.4919, 'f1': 0.6134, 'auc': 0.9509}
val: {'epoch': 92, 'loss': 0.0845, 'lr': 0.001, 'params': 870905, 'time_iter': 3.5723, 'accuracy': 0.9796, 'precision': 0.4754, 'recall': 0.358, 'f1': 0.4085, 'auc': 0.8284}
train: {'epoch': 92, 'eta': 127399.3202, 'loss': 0.0764, 'lr': 0.001, 'params': 870905, 'time_iter': 17.5866, 'accuracy': 0.9758, 'precision': 0.8003, 'recall': 0.4716, 'f1': 0.5935, 'auc': 0.9492}
val: {'epoch': 93, 'loss': 0.0845, 'lr': 0.001, 'params': 870905, 'time_iter': 2.9078, 'accuracy': 0.9803, 'precision': 0.5, 'recall': 0.3086, 'f1': 0.3817, 'auc': 0.8421}
train: {'epoch': 93, 'eta': 109188.2443, 'loss': 0.0768, 'lr': 0.001, 'params': 870905, 'time_iter': 17.5169, 'accuracy': 0.9756, 'precision': 0.7961, 'recall': 0.4692, 'f1': 0.5904, 'auc': 0.9498}
val: {'epoch': 94, 'loss': 0.0954, 'lr': 0.001, 'params': 870905, 'time_iter': 3.1197, 'accuracy': 0.9803, 'precision': 0.5, 'recall': 0.3086, 'f1': 0.3817, 'auc': 0.8021}
train: {'epoch': 94, 'eta': 90985.9691, 'loss': 0.0753, 'lr': 0.001, 'params': 870905, 'time_iter': 17.607, 'accuracy': 0.9754, 'precision': 0.7901, 'recall': 0.4675, 'f1': 0.5875, 'auc': 0.9535}
val: {'epoch': 95, 'loss': 0.0858, 'lr': 0.001, 'params': 870905, 'time_iter': 3.2468, 'accuracy': 0.9803, 'precision': 0.5, 'recall': 0.2716, 'f1': 0.352, 'auc': 0.8168}
train: {'epoch': 95, 'eta': 72801.9337, 'loss': 0.0743, 'lr': 0.001, 'params': 870905, 'time_iter': 17.9913, 'accuracy': 0.9766, 'precision': 0.8045, 'recall': 0.4943, 'f1': 0.6124, 'auc': 0.9532}
val: {'epoch': 96, 'loss': 0.0922, 'lr': 0.001, 'params': 870905, 'time_iter': 3.1718, 'accuracy': 0.9805, 'precision': 0.5111, 'recall': 0.284, 'f1': 0.3651, 'auc': 0.8135}
train: {'epoch': 96, 'eta': 54601.9819, 'loss': 0.0751, 'lr': 0.001, 'params': 870905, 'time_iter': 17.7043, 'accuracy': 0.9759, 'precision': 0.8022, 'recall': 0.474, 'f1': 0.5959, 'auc': 0.9511}
val: {'epoch': 97, 'loss': 0.0844, 'lr': 0.001, 'params': 870905, 'time_iter': 3.4151, 'accuracy': 0.9815, 'precision': 0.5676, 'recall': 0.2593, 'f1': 0.3559, 'auc': 0.8282}
train: {'epoch': 97, 'eta': 36397.8126, 'loss': 0.0748, 'lr': 0.001, 'params': 870905, 'time_iter': 17.5206, 'accuracy': 0.976, 'precision': 0.7942, 'recall': 0.4854, 'f1': 0.6025, 'auc': 0.9533}
val: {'epoch': 98, 'loss': 0.0877, 'lr': 0.001, 'params': 870905, 'time_iter': 2.9839, 'accuracy': 0.9818, 'precision': 0.5714, 'recall': 0.2963, 'f1': 0.3902, 'auc': 0.8229}
train: {'epoch': 98, 'eta': 18203.6224, 'loss': 0.073, 'lr': 0.001, 'params': 870905, 'time_iter': 18.1397, 'accuracy': 0.9767, 'precision': 0.8085, 'recall': 0.4935, 'f1': 0.6129, 'auc': 0.955}
val: {'epoch': 99, 'loss': 0.0891, 'lr': 0.001, 'params': 870905, 'time_iter': 3.0977, 'accuracy': 0.9791, 'precision': 0.4528, 'recall': 0.2963, 'f1': 0.3582, 'auc': 0.8393}
train: {'epoch': 99, 'eta': 0.0, 'loss': 0.0736, 'lr': 0.001, 'params': 870905, 'time_iter': 17.6818, 'accuracy': 0.9769, 'precision': 0.8124, 'recall': 0.4992, 'f1': 0.6184, 'auc': 0.9518}
test: {'epoch': 99, 'loss': 0.1678, 'lr': 0.001, 'params': 870905, 'time_iter': 2.782, 'accuracy': 0.9638, 'precision': 0.3855, 'recall': 0.2462, 'f1': 0.3005, 'auc': 0.7698}
test: {'epoch': 79, 'loss': 0.1527, 'lr': 0.001, 'params': 870905, 'time_iter': 2.8937, 'accuracy': 0.9686, 'precision': 0.5088, 'recall': 0.2231, 'f1': 0.3102, 'auc': 0.7681}
