GraphGymModule(
  (model): DilatedGNNModel(
    (encoder): FeatureEncoder(
      (node_encoder): AtomEncoder(
        (atom_embedding_list): ModuleList(
          (0): Embedding(119, 300)
          (1): Embedding(4, 300)
          (2): Embedding(12, 300)
          (3): Embedding(12, 300)
          (4): Embedding(10, 300)
          (5): Embedding(6, 300)
          (6): Embedding(6, 300)
          (7): Embedding(2, 300)
          (8): Embedding(2, 300)
        )
      )
      (edge_encoder): BondEncoder(
        (bond_embedding_list): ModuleList(
          (0): Embedding(5, 300)
          (1): Embedding(6, 300)
          (2): Embedding(2, 300)
        )
      )
    )
    (mp): GNNDilatedStage(
      (classic_layers): ModuleList(
        (0): GeneralLayer(
          (layer): EGINConv(
            (model): GINEConv(nn=Sequential(
              (0): Linear(300, 300, bias=True)
              (1): ReLU()
              (2): Linear(300, 300, bias=True)
            ))
          )
          (post_layer): Sequential(
            (0): BatchNorm1d(300, eps=1e-05, momentum=0.1, affine=True, track_running_stats=True)
            (1): Dropout(p=0.5, inplace=False)
            (2): ReLU()
          )
        )
        (1): GeneralLayer(
          (layer): EGINConv(
            (model): GINEConv(nn=Sequential(
              (0): Linear(300, 300, bias=True)
              (1): ReLU()
              (2): Linear(300, 300, bias=True)
            ))
          )
          (post_layer): Sequential(
            (0): BatchNorm1d(300, eps=1e-05, momentum=0.1, affine=True, track_running_stats=True)
            (1): Dropout(p=0.5, inplace=False)
            (2): ReLU()
          )
        )
        (2): GeneralLayer(
          (layer): EGINConv(
            (model): GINEConv(nn=Sequential(
              (0): Linear(300, 300, bias=True)
              (1): ReLU()
              (2): Linear(300, 300, bias=True)
            ))
          )
          (post_layer): Sequential(
            (0): BatchNorm1d(300, eps=1e-05, momentum=0.1, affine=True, track_running_stats=True)
            (1): Dropout(p=0.5, inplace=False)
            (2): ReLU()
          )
        )
      )
      (dilated_layers): ModuleList(
        (0): DilatedGeneralLayer(
          (layer): EGINConv(
            (model): GINEConv(nn=Sequential(
              (0): Linear(300, 300, bias=True)
              (1): ReLU()
              (2): Linear(300, 300, bias=True)
            ))
          )
          (post_layer): Sequential(
            (0): BatchNorm1d(300, eps=1e-05, momentum=0.1, affine=True, track_running_stats=True)
            (1): Dropout(p=0.5, inplace=False)
            (2): ReLU()
          )
          (gem): GeM(p=3.0000, eps=1e-06)
        )
      )
      (act): ReLU()
    )
    (post_mp): GNNGraphHead(
      (layer_post_mp): MLP(
        (model): Sequential(
          (0): Linear(
            (model): Linear(600, 1, bias=True)
          )
        )
      )
    )
  )
)
accelerator: cuda
benchmark: False
bn:
  eps: 1e-05
  mom: 0.1
cfg_dest: config.yaml
custom_metrics: []
dataset:
  cache_load: False
  cache_save: False
  dir: ./datasets
  edge_dim: 300
  edge_encoder: True
  edge_encoder_bn: False
  edge_encoder_name: Bond
  edge_message_ratio: 0.8
  edge_negative_sampling_ratio: 1.0
  edge_train_mode: all
  encoder: True
  encoder_bn: True
  encoder_dim: 128
  encoder_name: db
  fast_loader: False
  format: OGB
  label_column: none
  label_table: none
  location: local
  name: ogbg-molhiv
  node_encoder: True
  node_encoder_bn: False
  node_encoder_name: Atom
  remove_feature: False
  resample_disjoint: False
  resample_negative: False
  shuffle_split: True
  split: [0.8, 0.1, 0.1]
  split_mode: random
  task: graph
  task_type: classification
  to_undirected: False
  transductive: False
  transform: none
  tu_simple: True
devices: 1
gnn:
  act: relu
  act_on_last_layer_mp: False
  agg: none
  att_final_linear: False
  att_final_linear_bn: False
  att_heads: 1
  batchnorm: True
  clear_feature: True
  dilated_path_join: concat
  dim_inner: 300
  dropout: 0.5
  head: graph
  keep_edge: 0.5
  l2norm: True
  layer_type: eginconv
  layers_k1: 3
  layers_k2: 1
  layers_mp: 5
  layers_post_mp: 1
  layers_pre_mp: 0
  learn_alpha_residual_connection: False
  msg_direction: single
  normalize_adj: False
  self_msg: concat
  skip_every: 1
  stage_type: stack
  use_edge_features: True
gpu_mem: False
mem:
  inplace: False
metric_agg: argmax
metric_best: auc
model:
  edge_decoding: dot
  graph_pooling: mean
  loss_fun: cross_entropy
  match_upper: True
  size_average: mean
  thresh: 0.5
  type: dilated_gnn
num_threads: 6
num_workers: 16
optim:
  base_lr: 0.001
  lr_decay: 0.1
  max_epoch: 100
  momentum: 0.9
  optimizer: adam
  scheduler: none
  steps: [30, 60, 90]
  weight_decay: 0.0
out_dir: results_experiments/ogbg_molhiv_baseline_grid_design/ogbg_molhiv_baseline-type=dilated_gnn-layer_type=eginconv-layers_k1=3-layers_k2=1-dilated_path_join=concat-learn_alpha_residual_connection=False
params: 1142402
print: both
round: 4
run_dir: results_experiments/ogbg_molhiv_baseline_grid_design/ogbg_molhiv_baseline-type=dilated_gnn-layer_type=eginconv-layers_k1=3-layers_k2=1-dilated_path_join=concat-learn_alpha_residual_connection=False/3
seed: 4
share:
  dim_in: 9
  dim_out: 2
  num_splits: 3
tensorboard_agg: True
tensorboard_each_run: False
train:
  auto_resume: False
  batch_size: 32
  ckpt_clean: True
  ckpt_period: 100
  enable_ckpt: True
  epoch_resume: -1
  eval_period: 1
  iter_per_epoch: 32
  neighbor_sizes: [20, 15, 10, 5]
  node_per_graph: 32
  radius: extend
  sample_node: False
  sampler: full_batch
  skip_train_eval: False
  walk_length: 4
val:
  node_per_graph: 32
  radius: extend
  sample_node: False
  sampler: full_batch
view_emb: False
Num parameters: 1142402
val: {'epoch': 0, 'loss': 0.6309, 'lr': 0.001, 'params': 1142402, 'time_iter': 0.8852, 'accuracy': 0.9844, 'precision': 0.0, 'recall': 0.0, 'f1': 0.0, 'auc': 0.7143}
val: {'epoch': 0, 'loss': 0.0981, 'lr': 0.001, 'params': 1142402, 'time_iter': 2.262, 'accuracy': 0.9803, 'precision': 0.0, 'recall': 0.0, 'f1': 0.0, 'auc': 0.5501}
train: {'epoch': 0, 'eta': 1306199.5564, 'loss': 0.1756, 'lr': 0.001, 'params': 1142402, 'time_iter': 12.8221, 'accuracy': 0.9624, 'precision': 0.0, 'recall': 0.0, 'f1': 0.0, 'auc': 0.5527}
val: {'epoch': 1, 'loss': 0.0995, 'lr': 0.001, 'params': 1142402, 'time_iter': 2.015, 'accuracy': 0.9803, 'precision': 0.0, 'recall': 0.0, 'f1': 0.0, 'auc': 0.5438}
train: {'epoch': 1, 'eta': 1286583.5655, 'loss': 0.1563, 'lr': 0.001, 'params': 1142402, 'time_iter': 12.6947, 'accuracy': 0.9626, 'precision': 0.0, 'recall': 0.0, 'f1': 0.0, 'auc': 0.6312}
val: {'epoch': 2, 'loss': 0.1021, 'lr': 0.001, 'params': 1142402, 'time_iter': 1.9856, 'accuracy': 0.9803, 'precision': 0.0, 'recall': 0.0, 'f1': 0.0, 'auc': 0.534}
train: {'epoch': 2, 'eta': 1266875.1939, 'loss': 0.1546, 'lr': 0.001, 'params': 1142402, 'time_iter': 12.5606, 'accuracy': 0.9626, 'precision': 0.0, 'recall': 0.0, 'f1': 0.0, 'auc': 0.6564}
val: {'epoch': 3, 'loss': 0.0909, 'lr': 0.001, 'params': 1142402, 'time_iter': 2.0264, 'accuracy': 0.9803, 'precision': 0.0, 'recall': 0.0, 'f1': 0.0, 'auc': 0.6978}
train: {'epoch': 3, 'eta': 1249352.5723, 'loss': 0.1514, 'lr': 0.001, 'params': 1142402, 'time_iter': 12.5118, 'accuracy': 0.9626, 'precision': 0.0, 'recall': 0.0, 'f1': 0.0, 'auc': 0.6863}
val: {'epoch': 4, 'loss': 0.0863, 'lr': 0.001, 'params': 1142402, 'time_iter': 2.0136, 'accuracy': 0.9801, 'precision': 0.3333, 'recall': 0.0123, 'f1': 0.0238, 'auc': 0.7248}
train: {'epoch': 4, 'eta': 1234365.8635, 'loss': 0.147, 'lr': 0.001, 'params': 1142402, 'time_iter': 12.5464, 'accuracy': 0.9625, 'precision': 0.0, 'recall': 0.0, 'f1': 0.0, 'auc': 0.7114}
val: {'epoch': 5, 'loss': 0.0908, 'lr': 0.001, 'params': 1142402, 'time_iter': 1.9518, 'accuracy': 0.9805, 'precision': 1.0, 'recall': 0.0123, 'f1': 0.0244, 'auc': 0.7234}
train: {'epoch': 5, 'eta': 1221331.5649, 'loss': 0.1444, 'lr': 0.001, 'params': 1142402, 'time_iter': 12.6246, 'accuracy': 0.9626, 'precision': 0.0, 'recall': 0.0, 'f1': 0.0, 'auc': 0.7302}
val: {'epoch': 6, 'loss': 0.0802, 'lr': 0.001, 'params': 1142402, 'time_iter': 2.0207, 'accuracy': 0.9808, 'precision': 0.6, 'recall': 0.0741, 'f1': 0.1319, 'auc': 0.7598}
train: {'epoch': 6, 'eta': 1202816.8073, 'loss': 0.142, 'lr': 0.001, 'params': 1142402, 'time_iter': 12.2228, 'accuracy': 0.9624, 'precision': 0.1667, 'recall': 0.0008, 'f1': 0.0016, 'auc': 0.7395}
val: {'epoch': 7, 'loss': 0.0819, 'lr': 0.001, 'params': 1142402, 'time_iter': 2.222, 'accuracy': 0.9808, 'precision': 0.5556, 'recall': 0.1235, 'f1': 0.202, 'auc': 0.7629}
train: {'epoch': 7, 'eta': 1188457.6641, 'loss': 0.1402, 'lr': 0.001, 'params': 1142402, 'time_iter': 12.4485, 'accuracy': 0.9627, 'precision': 0.5769, 'recall': 0.0122, 'f1': 0.0238, 'auc': 0.7515}
val: {'epoch': 8, 'loss': 0.0827, 'lr': 0.001, 'params': 1142402, 'time_iter': 2.0421, 'accuracy': 0.9798, 'precision': 0.4643, 'recall': 0.1605, 'f1': 0.2385, 'auc': 0.7738}
train: {'epoch': 8, 'eta': 1178361.6582, 'loss': 0.1399, 'lr': 0.001, 'params': 1142402, 'time_iter': 12.8252, 'accuracy': 0.9624, 'precision': 0.3889, 'recall': 0.0057, 'f1': 0.0112, 'auc': 0.7529}
val: {'epoch': 9, 'loss': 0.0886, 'lr': 0.001, 'params': 1142402, 'time_iter': 1.9732, 'accuracy': 0.9815, 'precision': 0.6, 'recall': 0.1852, 'f1': 0.283, 'auc': 0.725}
train: {'epoch': 9, 'eta': 1165215.6403, 'loss': 0.1384, 'lr': 0.001, 'params': 1142402, 'time_iter': 12.5628, 'accuracy': 0.9626, 'precision': 0.5106, 'recall': 0.0195, 'f1': 0.0375, 'auc': 0.7544}
val: {'epoch': 10, 'loss': 0.0825, 'lr': 0.001, 'params': 1142402, 'time_iter': 2.1628, 'accuracy': 0.9818, 'precision': 0.6875, 'recall': 0.1358, 'f1': 0.2268, 'auc': 0.7759}
train: {'epoch': 10, 'eta': 1147963.9625, 'loss': 0.1373, 'lr': 0.001, 'params': 1142402, 'time_iter': 12.0649, 'accuracy': 0.9623, 'precision': 0.4182, 'recall': 0.0187, 'f1': 0.0357, 'auc': 0.7641}
val: {'epoch': 11, 'loss': 0.0822, 'lr': 0.001, 'params': 1142402, 'time_iter': 2.0232, 'accuracy': 0.9781, 'precision': 0.3548, 'recall': 0.1358, 'f1': 0.1964, 'auc': 0.7823}
train: {'epoch': 11, 'eta': 1132706.7737, 'loss': 0.1358, 'lr': 0.001, 'params': 1142402, 'time_iter': 12.2224, 'accuracy': 0.9628, 'precision': 0.5522, 'recall': 0.03, 'f1': 0.057, 'auc': 0.7705}
val: {'epoch': 12, 'loss': 0.0836, 'lr': 0.001, 'params': 1142402, 'time_iter': 1.9574, 'accuracy': 0.9815, 'precision': 0.7778, 'recall': 0.0864, 'f1': 0.1556, 'auc': 0.7487}
train: {'epoch': 12, 'eta': 1121408.2763, 'loss': 0.1355, 'lr': 0.001, 'params': 1142402, 'time_iter': 12.7374, 'accuracy': 0.963, 'precision': 0.5795, 'recall': 0.0414, 'f1': 0.0773, 'auc': 0.7733}
val: {'epoch': 13, 'loss': 0.0831, 'lr': 0.001, 'params': 1142402, 'time_iter': 2.0188, 'accuracy': 0.9781, 'precision': 0.3714, 'recall': 0.1605, 'f1': 0.2241, 'auc': 0.7925}
train: {'epoch': 13, 'eta': 1108290.7014, 'loss': 0.1334, 'lr': 0.001, 'params': 1142402, 'time_iter': 12.4904, 'accuracy': 0.9632, 'precision': 0.6, 'recall': 0.0487, 'f1': 0.0901, 'auc': 0.7803}
val: {'epoch': 14, 'loss': 0.0796, 'lr': 0.001, 'params': 1142402, 'time_iter': 2.471, 'accuracy': 0.9813, 'precision': 0.6429, 'recall': 0.1111, 'f1': 0.1895, 'auc': 0.7696}
train: {'epoch': 14, 'eta': 1097365.2298, 'loss': 0.1325, 'lr': 0.001, 'params': 1142402, 'time_iter': 12.8603, 'accuracy': 0.9628, 'precision': 0.528, 'recall': 0.0536, 'f1': 0.0973, 'auc': 0.7853}
val: {'epoch': 15, 'loss': 0.0787, 'lr': 0.001, 'params': 1142402, 'time_iter': 1.9612, 'accuracy': 0.9815, 'precision': 0.6, 'recall': 0.1852, 'f1': 0.283, 'auc': 0.7789}
train: {'epoch': 15, 'eta': 1085536.438, 'loss': 0.131, 'lr': 0.001, 'params': 1142402, 'time_iter': 12.7465, 'accuracy': 0.9631, 'precision': 0.575, 'recall': 0.056, 'f1': 0.1021, 'auc': 0.7935}
val: {'epoch': 16, 'loss': 0.0977, 'lr': 0.001, 'params': 1142402, 'time_iter': 2.0216, 'accuracy': 0.9733, 'precision': 0.3371, 'recall': 0.3704, 'f1': 0.3529, 'auc': 0.7861}
train: {'epoch': 16, 'eta': 1072024.9425, 'loss': 0.1294, 'lr': 0.001, 'params': 1142402, 'time_iter': 12.4417, 'accuracy': 0.9629, 'precision': 0.539, 'recall': 0.0617, 'f1': 0.1107, 'auc': 0.7984}
val: {'epoch': 17, 'loss': 0.0876, 'lr': 0.001, 'params': 1142402, 'time_iter': 2.0949, 'accuracy': 0.9759, 'precision': 0.3714, 'recall': 0.321, 'f1': 0.3444, 'auc': 0.8091}
train: {'epoch': 17, 'eta': 1058867.3734, 'loss': 0.1286, 'lr': 0.001, 'params': 1142402, 'time_iter': 12.5004, 'accuracy': 0.9627, 'precision': 0.5183, 'recall': 0.069, 'f1': 0.1218, 'auc': 0.7942}
val: {'epoch': 18, 'loss': 0.0775, 'lr': 0.001, 'params': 1142402, 'time_iter': 1.9484, 'accuracy': 0.9818, 'precision': 0.5938, 'recall': 0.2346, 'f1': 0.3363, 'auc': 0.7967}
train: {'epoch': 18, 'eta': 1045650.8694, 'loss': 0.1281, 'lr': 0.001, 'params': 1142402, 'time_iter': 12.4799, 'accuracy': 0.9635, 'precision': 0.5976, 'recall': 0.0795, 'f1': 0.1404, 'auc': 0.8031}
val: {'epoch': 19, 'loss': 0.0828, 'lr': 0.001, 'params': 1142402, 'time_iter': 2.047, 'accuracy': 0.9801, 'precision': 0.4783, 'recall': 0.1358, 'f1': 0.2115, 'auc': 0.7735}
train: {'epoch': 19, 'eta': 1033526.9084, 'loss': 0.1273, 'lr': 0.001, 'params': 1142402, 'time_iter': 12.7362, 'accuracy': 0.9633, 'precision': 0.5793, 'recall': 0.0771, 'f1': 0.1361, 'auc': 0.8032}
val: {'epoch': 20, 'loss': 0.0782, 'lr': 0.001, 'params': 1142402, 'time_iter': 2.0196, 'accuracy': 0.9818, 'precision': 0.6, 'recall': 0.2222, 'f1': 0.3243, 'auc': 0.7761}
train: {'epoch': 20, 'eta': 1019246.2464, 'loss': 0.127, 'lr': 0.001, 'params': 1142402, 'time_iter': 12.2033, 'accuracy': 0.9639, 'precision': 0.61, 'recall': 0.099, 'f1': 0.1704, 'auc': 0.8056}
val: {'epoch': 21, 'loss': 0.0774, 'lr': 0.001, 'params': 1142402, 'time_iter': 2.4469, 'accuracy': 0.9813, 'precision': 0.5769, 'recall': 0.1852, 'f1': 0.2804, 'auc': 0.7854}
train: {'epoch': 21, 'eta': 1005210.1837, 'loss': 0.1254, 'lr': 0.001, 'params': 1142402, 'time_iter': 12.2274, 'accuracy': 0.9639, 'precision': 0.6019, 'recall': 0.1055, 'f1': 0.1796, 'auc': 0.8045}
val: {'epoch': 22, 'loss': 0.0801, 'lr': 0.001, 'params': 1142402, 'time_iter': 1.9813, 'accuracy': 0.9818, 'precision': 0.5789, 'recall': 0.2716, 'f1': 0.3697, 'auc': 0.7781}
train: {'epoch': 22, 'eta': 992651.5112, 'loss': 0.1242, 'lr': 0.001, 'params': 1142402, 'time_iter': 12.6195, 'accuracy': 0.964, 'precision': 0.6143, 'recall': 0.1047, 'f1': 0.1789, 'auc': 0.8165}
val: {'epoch': 23, 'loss': 0.0744, 'lr': 0.001, 'params': 1142402, 'time_iter': 1.9328, 'accuracy': 0.9818, 'precision': 0.5882, 'recall': 0.2469, 'f1': 0.3478, 'auc': 0.8106}
train: {'epoch': 23, 'eta': 978966.9651, 'loss': 0.1228, 'lr': 0.001, 'params': 1142402, 'time_iter': 12.2849, 'accuracy': 0.9643, 'precision': 0.6208, 'recall': 0.1209, 'f1': 0.2024, 'auc': 0.8151}
val: {'epoch': 24, 'loss': 0.0843, 'lr': 0.001, 'params': 1142402, 'time_iter': 2.1985, 'accuracy': 0.9815, 'precision': 0.5862, 'recall': 0.2099, 'f1': 0.3091, 'auc': 0.7745}
train: {'epoch': 24, 'eta': 966091.2065, 'loss': 0.1223, 'lr': 0.001, 'params': 1142402, 'time_iter': 12.5199, 'accuracy': 0.9646, 'precision': 0.6367, 'recall': 0.1266, 'f1': 0.2112, 'auc': 0.8177}
val: {'epoch': 25, 'loss': 0.0783, 'lr': 0.001, 'params': 1142402, 'time_iter': 1.9534, 'accuracy': 0.9813, 'precision': 0.5588, 'recall': 0.2346, 'f1': 0.3304, 'auc': 0.7767}
train: {'epoch': 25, 'eta': 953885.0506, 'loss': 0.1215, 'lr': 0.001, 'params': 1142402, 'time_iter': 12.7487, 'accuracy': 0.9651, 'precision': 0.6628, 'recall': 0.1404, 'f1': 0.2317, 'auc': 0.8195}
val: {'epoch': 26, 'loss': 0.091, 'lr': 0.001, 'params': 1142402, 'time_iter': 2.0007, 'accuracy': 0.9781, 'precision': 0.3953, 'recall': 0.2099, 'f1': 0.2742, 'auc': 0.7785}
train: {'epoch': 26, 'eta': 940677.0574, 'loss': 0.1206, 'lr': 0.001, 'params': 1142402, 'time_iter': 12.4129, 'accuracy': 0.9651, 'precision': 0.6426, 'recall': 0.1518, 'f1': 0.2456, 'auc': 0.8198}
val: {'epoch': 27, 'loss': 0.0853, 'lr': 0.001, 'params': 1142402, 'time_iter': 2.1036, 'accuracy': 0.9793, 'precision': 0.4091, 'recall': 0.1111, 'f1': 0.1748, 'auc': 0.7624}
train: {'epoch': 27, 'eta': 927711.2911, 'loss': 0.1207, 'lr': 0.001, 'params': 1142402, 'time_iter': 12.4927, 'accuracy': 0.9653, 'precision': 0.6642, 'recall': 0.1461, 'f1': 0.2395, 'auc': 0.8234}
val: {'epoch': 28, 'loss': 0.0763, 'lr': 0.001, 'params': 1142402, 'time_iter': 1.9392, 'accuracy': 0.9825, 'precision': 0.6286, 'recall': 0.2716, 'f1': 0.3793, 'auc': 0.7982}
train: {'epoch': 28, 'eta': 915266.1707, 'loss': 0.1196, 'lr': 0.001, 'params': 1142402, 'time_iter': 12.6963, 'accuracy': 0.966, 'precision': 0.6887, 'recall': 0.1688, 'f1': 0.2712, 'auc': 0.8249}
val: {'epoch': 29, 'loss': 0.0807, 'lr': 0.001, 'params': 1142402, 'time_iter': 1.9839, 'accuracy': 0.981, 'precision': 0.5652, 'recall': 0.1605, 'f1': 0.25, 'auc': 0.7769}
train: {'epoch': 29, 'eta': 902969.3621, 'loss': 0.12, 'lr': 0.001, 'params': 1142402, 'time_iter': 12.7753, 'accuracy': 0.9661, 'precision': 0.6847, 'recall': 0.1745, 'f1': 0.2781, 'auc': 0.8203}
val: {'epoch': 30, 'loss': 0.0729, 'lr': 0.001, 'params': 1142402, 'time_iter': 2.0307, 'accuracy': 0.9832, 'precision': 0.6364, 'recall': 0.3457, 'f1': 0.448, 'auc': 0.8078}
train: {'epoch': 30, 'eta': 889853.4561, 'loss': 0.1175, 'lr': 0.001, 'params': 1142402, 'time_iter': 12.4416, 'accuracy': 0.9663, 'precision': 0.6883, 'recall': 0.181, 'f1': 0.2866, 'auc': 0.8316}
val: {'epoch': 31, 'loss': 0.0771, 'lr': 0.001, 'params': 1142402, 'time_iter': 2.5375, 'accuracy': 0.981, 'precision': 0.5366, 'recall': 0.2716, 'f1': 0.3607, 'auc': 0.774}
train: {'epoch': 31, 'eta': 876908.0231, 'loss': 0.117, 'lr': 0.001, 'params': 1142402, 'time_iter': 12.5106, 'accuracy': 0.967, 'precision': 0.7331, 'recall': 0.1851, 'f1': 0.2955, 'auc': 0.8307}
val: {'epoch': 32, 'loss': 0.0753, 'lr': 0.001, 'params': 1142402, 'time_iter': 1.9117, 'accuracy': 0.981, 'precision': 0.5333, 'recall': 0.2963, 'f1': 0.381, 'auc': 0.8181}
train: {'epoch': 32, 'eta': 864080.0978, 'loss': 0.1172, 'lr': 0.001, 'params': 1142402, 'time_iter': 12.5647, 'accuracy': 0.9662, 'precision': 0.6831, 'recall': 0.1802, 'f1': 0.2852, 'auc': 0.8308}
val: {'epoch': 33, 'loss': 0.0771, 'lr': 0.001, 'params': 1142402, 'time_iter': 2.0343, 'accuracy': 0.9815, 'precision': 0.6923, 'recall': 0.1111, 'f1': 0.1915, 'auc': 0.7989}
train: {'epoch': 33, 'eta': 850994.2667, 'loss': 0.1177, 'lr': 0.001, 'params': 1142402, 'time_iter': 12.4386, 'accuracy': 0.9666, 'precision': 0.693, 'recall': 0.1924, 'f1': 0.3011, 'auc': 0.8266}
val: {'epoch': 34, 'loss': 0.0769, 'lr': 0.001, 'params': 1142402, 'time_iter': 2.1148, 'accuracy': 0.9818, 'precision': 0.75, 'recall': 0.1111, 'f1': 0.1935, 'auc': 0.8057}
train: {'epoch': 34, 'eta': 838474.5327, 'loss': 0.116, 'lr': 0.001, 'params': 1142402, 'time_iter': 12.7262, 'accuracy': 0.9665, 'precision': 0.6825, 'recall': 0.1989, 'f1': 0.308, 'auc': 0.8339}
val: {'epoch': 35, 'loss': 0.0798, 'lr': 0.001, 'params': 1142402, 'time_iter': 2.0068, 'accuracy': 0.9813, 'precision': 0.5714, 'recall': 0.1975, 'f1': 0.2936, 'auc': 0.7738}
train: {'epoch': 35, 'eta': 825554.0912, 'loss': 0.1152, 'lr': 0.001, 'params': 1142402, 'time_iter': 12.5247, 'accuracy': 0.9666, 'precision': 0.6844, 'recall': 0.1989, 'f1': 0.3082, 'auc': 0.8363}
val: {'epoch': 36, 'loss': 0.0757, 'lr': 0.001, 'params': 1142402, 'time_iter': 2.0211, 'accuracy': 0.982, 'precision': 0.6667, 'recall': 0.1728, 'f1': 0.2745, 'auc': 0.7999}
train: {'epoch': 36, 'eta': 812262.3773, 'loss': 0.1155, 'lr': 0.001, 'params': 1142402, 'time_iter': 12.3118, 'accuracy': 0.9663, 'precision': 0.6685, 'recall': 0.1997, 'f1': 0.3075, 'auc': 0.8347}
val: {'epoch': 37, 'loss': 0.0816, 'lr': 0.001, 'params': 1142402, 'time_iter': 2.0935, 'accuracy': 0.9815, 'precision': 0.5581, 'recall': 0.2963, 'f1': 0.3871, 'auc': 0.7747}
train: {'epoch': 37, 'eta': 799318.6991, 'loss': 0.1153, 'lr': 0.001, 'params': 1142402, 'time_iter': 12.4995, 'accuracy': 0.9675, 'precision': 0.724, 'recall': 0.2151, 'f1': 0.3317, 'auc': 0.8389}
val: {'epoch': 38, 'loss': 0.0765, 'lr': 0.001, 'params': 1142402, 'time_iter': 2.1634, 'accuracy': 0.9823, 'precision': 0.6818, 'recall': 0.1852, 'f1': 0.2913, 'auc': 0.7888}
train: {'epoch': 38, 'eta': 786571.7501, 'loss': 0.1141, 'lr': 0.001, 'params': 1142402, 'time_iter': 12.6192, 'accuracy': 0.9674, 'precision': 0.7091, 'recall': 0.2216, 'f1': 0.3377, 'auc': 0.8429}
val: {'epoch': 39, 'loss': 0.0831, 'lr': 0.001, 'params': 1142402, 'time_iter': 2.1313, 'accuracy': 0.981, 'precision': 0.5789, 'recall': 0.1358, 'f1': 0.22, 'auc': 0.7775}
train: {'epoch': 39, 'eta': 773796.1, 'loss': 0.1136, 'lr': 0.001, 'params': 1142402, 'time_iter': 12.6083, 'accuracy': 0.9668, 'precision': 0.6776, 'recall': 0.2183, 'f1': 0.3303, 'auc': 0.8447}
val: {'epoch': 40, 'loss': 0.0824, 'lr': 0.001, 'params': 1142402, 'time_iter': 2.0587, 'accuracy': 0.9805, 'precision': 0.5217, 'recall': 0.1481, 'f1': 0.2308, 'auc': 0.8099}
train: {'epoch': 40, 'eta': 761333.7427, 'loss': 0.1132, 'lr': 0.001, 'params': 1142402, 'time_iter': 12.8264, 'accuracy': 0.9671, 'precision': 0.7038, 'recall': 0.2102, 'f1': 0.3238, 'auc': 0.8433}
val: {'epoch': 41, 'loss': 0.0759, 'lr': 0.001, 'params': 1142402, 'time_iter': 2.1993, 'accuracy': 0.9823, 'precision': 0.6053, 'recall': 0.284, 'f1': 0.3866, 'auc': 0.7886}
train: {'epoch': 41, 'eta': 748453.4483, 'loss': 0.1129, 'lr': 0.001, 'params': 1142402, 'time_iter': 12.5569, 'accuracy': 0.9672, 'precision': 0.6964, 'recall': 0.2216, 'f1': 0.3362, 'auc': 0.8446}
val: {'epoch': 42, 'loss': 0.0794, 'lr': 0.001, 'params': 1142402, 'time_iter': 1.9903, 'accuracy': 0.9825, 'precision': 0.68, 'recall': 0.2099, 'f1': 0.3208, 'auc': 0.7507}
train: {'epoch': 42, 'eta': 735885.2655, 'loss': 0.1122, 'lr': 0.001, 'params': 1142402, 'time_iter': 12.7872, 'accuracy': 0.9678, 'precision': 0.7143, 'recall': 0.2354, 'f1': 0.3541, 'auc': 0.8473}
val: {'epoch': 43, 'loss': 0.0803, 'lr': 0.001, 'params': 1142402, 'time_iter': 1.9266, 'accuracy': 0.981, 'precision': 0.5484, 'recall': 0.2099, 'f1': 0.3036, 'auc': 0.7928}
train: {'epoch': 43, 'eta': 723179.1261, 'loss': 0.1111, 'lr': 0.001, 'params': 1142402, 'time_iter': 12.7023, 'accuracy': 0.9684, 'precision': 0.7202, 'recall': 0.2549, 'f1': 0.3765, 'auc': 0.8498}
val: {'epoch': 44, 'loss': 0.0806, 'lr': 0.001, 'params': 1142402, 'time_iter': 2.0727, 'accuracy': 0.9825, 'precision': 0.68, 'recall': 0.2099, 'f1': 0.3208, 'auc': 0.7767}
train: {'epoch': 44, 'eta': 709944.8871, 'loss': 0.1128, 'lr': 0.001, 'params': 1142402, 'time_iter': 12.2953, 'accuracy': 0.9676, 'precision': 0.7139, 'recall': 0.2248, 'f1': 0.342, 'auc': 0.8452}
val: {'epoch': 45, 'loss': 0.0879, 'lr': 0.001, 'params': 1142402, 'time_iter': 2.2016, 'accuracy': 0.9784, 'precision': 0.431, 'recall': 0.3086, 'f1': 0.3597, 'auc': 0.7799}
train: {'epoch': 45, 'eta': 697128.1394, 'loss': 0.11, 'lr': 0.001, 'params': 1142402, 'time_iter': 12.6199, 'accuracy': 0.9685, 'precision': 0.7248, 'recall': 0.2565, 'f1': 0.3789, 'auc': 0.8512}
val: {'epoch': 46, 'loss': 0.0783, 'lr': 0.001, 'params': 1142402, 'time_iter': 1.9546, 'accuracy': 0.983, 'precision': 0.641, 'recall': 0.3086, 'f1': 0.4167, 'auc': 0.7925}
train: {'epoch': 46, 'eta': 684674.5311, 'loss': 0.1106, 'lr': 0.001, 'params': 1142402, 'time_iter': 12.9391, 'accuracy': 0.9673, 'precision': 0.685, 'recall': 0.233, 'f1': 0.3477, 'auc': 0.8558}
val: {'epoch': 47, 'loss': 0.0805, 'lr': 0.001, 'params': 1142402, 'time_iter': 1.9238, 'accuracy': 0.9805, 'precision': 0.5111, 'recall': 0.284, 'f1': 0.3651, 'auc': 0.8042}
train: {'epoch': 47, 'eta': 671581.4081, 'loss': 0.1106, 'lr': 0.001, 'params': 1142402, 'time_iter': 12.3976, 'accuracy': 0.9683, 'precision': 0.7193, 'recall': 0.2516, 'f1': 0.3728, 'auc': 0.8527}
val: {'epoch': 48, 'loss': 0.0774, 'lr': 0.001, 'params': 1142402, 'time_iter': 2.0741, 'accuracy': 0.9823, 'precision': 0.7222, 'recall': 0.1605, 'f1': 0.2626, 'auc': 0.7917}
train: {'epoch': 48, 'eta': 658550.2145, 'loss': 0.1086, 'lr': 0.001, 'params': 1142402, 'time_iter': 12.4426, 'accuracy': 0.9685, 'precision': 0.7269, 'recall': 0.2549, 'f1': 0.3774, 'auc': 0.86}
val: {'epoch': 49, 'loss': 0.0778, 'lr': 0.001, 'params': 1142402, 'time_iter': 1.962, 'accuracy': 0.9818, 'precision': 0.5833, 'recall': 0.2593, 'f1': 0.359, 'auc': 0.7879}
train: {'epoch': 49, 'eta': 645651.8777, 'loss': 0.1091, 'lr': 0.001, 'params': 1142402, 'time_iter': 12.5628, 'accuracy': 0.9685, 'precision': 0.7175, 'recall': 0.2597, 'f1': 0.3814, 'auc': 0.8576}
val: {'epoch': 50, 'loss': 0.0785, 'lr': 0.001, 'params': 1142402, 'time_iter': 1.9645, 'accuracy': 0.9827, 'precision': 0.75, 'recall': 0.1852, 'f1': 0.297, 'auc': 0.8144}
train: {'epoch': 50, 'eta': 632606.9535, 'loss': 0.1088, 'lr': 0.001, 'params': 1142402, 'time_iter': 12.4157, 'accuracy': 0.9692, 'precision': 0.7396, 'recall': 0.2744, 'f1': 0.4002, 'auc': 0.8596}
val: {'epoch': 51, 'loss': 0.0839, 'lr': 0.001, 'params': 1142402, 'time_iter': 2.0484, 'accuracy': 0.9808, 'precision': 0.6667, 'recall': 0.0494, 'f1': 0.092, 'auc': 0.7825}
train: {'epoch': 51, 'eta': 619640.151, 'loss': 0.1081, 'lr': 0.001, 'params': 1142402, 'time_iter': 12.4871, 'accuracy': 0.9682, 'precision': 0.7104, 'recall': 0.2549, 'f1': 0.3751, 'auc': 0.8614}
val: {'epoch': 52, 'loss': 0.0818, 'lr': 0.001, 'params': 1142402, 'time_iter': 2.485, 'accuracy': 0.9815, 'precision': 0.5862, 'recall': 0.2099, 'f1': 0.3091, 'auc': 0.7832}
train: {'epoch': 52, 'eta': 606790.6125, 'loss': 0.1096, 'lr': 0.001, 'params': 1142402, 'time_iter': 12.6107, 'accuracy': 0.9681, 'precision': 0.708, 'recall': 0.25, 'f1': 0.3695, 'auc': 0.8583}
val: {'epoch': 53, 'loss': 0.0755, 'lr': 0.001, 'params': 1142402, 'time_iter': 2.015, 'accuracy': 0.9815, 'precision': 0.619, 'recall': 0.1605, 'f1': 0.2549, 'auc': 0.7987}
train: {'epoch': 53, 'eta': 593863.9982, 'loss': 0.1071, 'lr': 0.001, 'params': 1142402, 'time_iter': 12.5281, 'accuracy': 0.9685, 'precision': 0.7056, 'recall': 0.2744, 'f1': 0.3951, 'auc': 0.8681}
val: {'epoch': 54, 'loss': 0.0801, 'lr': 0.001, 'params': 1142402, 'time_iter': 1.94, 'accuracy': 0.9835, 'precision': 0.7826, 'recall': 0.2222, 'f1': 0.3462, 'auc': 0.7581}
train: {'epoch': 54, 'eta': 580951.1322, 'loss': 0.1073, 'lr': 0.001, 'params': 1142402, 'time_iter': 12.5429, 'accuracy': 0.9697, 'precision': 0.7511, 'recall': 0.2865, 'f1': 0.4148, 'auc': 0.8644}
val: {'epoch': 55, 'loss': 0.0795, 'lr': 0.001, 'params': 1142402, 'time_iter': 2.1626, 'accuracy': 0.9818, 'precision': 0.5938, 'recall': 0.2346, 'f1': 0.3363, 'auc': 0.7843}
train: {'epoch': 55, 'eta': 567997.1708, 'loss': 0.1073, 'lr': 0.001, 'params': 1142402, 'time_iter': 12.4918, 'accuracy': 0.9689, 'precision': 0.7167, 'recall': 0.2792, 'f1': 0.4019, 'auc': 0.8666}
val: {'epoch': 56, 'loss': 0.0803, 'lr': 0.001, 'params': 1142402, 'time_iter': 1.9375, 'accuracy': 0.982, 'precision': 0.6061, 'recall': 0.2469, 'f1': 0.3509, 'auc': 0.7802}
train: {'epoch': 56, 'eta': 554929.0207, 'loss': 0.1059, 'lr': 0.001, 'params': 1142402, 'time_iter': 12.3402, 'accuracy': 0.9692, 'precision': 0.7311, 'recall': 0.2825, 'f1': 0.4075, 'auc': 0.8689}
val: {'epoch': 57, 'loss': 0.0812, 'lr': 0.001, 'params': 1142402, 'time_iter': 1.9937, 'accuracy': 0.9818, 'precision': 0.6154, 'recall': 0.1975, 'f1': 0.2991, 'auc': 0.752}
train: {'epoch': 57, 'eta': 542148.7112, 'loss': 0.106, 'lr': 0.001, 'params': 1142402, 'time_iter': 12.7094, 'accuracy': 0.9697, 'precision': 0.7489, 'recall': 0.2881, 'f1': 0.4162, 'auc': 0.8692}
val: {'epoch': 58, 'loss': 0.088, 'lr': 0.001, 'params': 1142402, 'time_iter': 2.1092, 'accuracy': 0.9815, 'precision': 0.619, 'recall': 0.1605, 'f1': 0.2549, 'auc': 0.7681}
train: {'epoch': 58, 'eta': 529064.9215, 'loss': 0.1048, 'lr': 0.001, 'params': 1142402, 'time_iter': 12.2991, 'accuracy': 0.9693, 'precision': 0.7284, 'recall': 0.2873, 'f1': 0.4121, 'auc': 0.8716}
val: {'epoch': 59, 'loss': 0.0797, 'lr': 0.001, 'params': 1142402, 'time_iter': 2.3097, 'accuracy': 0.9832, 'precision': 0.6875, 'recall': 0.2716, 'f1': 0.3894, 'auc': 0.7775}
train: {'epoch': 59, 'eta': 516148.3188, 'loss': 0.1038, 'lr': 0.001, 'params': 1142402, 'time_iter': 12.522, 'accuracy': 0.9701, 'precision': 0.7417, 'recall': 0.3076, 'f1': 0.4349, 'auc': 0.8731}
val: {'epoch': 60, 'loss': 0.0786, 'lr': 0.001, 'params': 1142402, 'time_iter': 1.9752, 'accuracy': 0.9832, 'precision': 0.7143, 'recall': 0.2469, 'f1': 0.367, 'auc': 0.7877}
train: {'epoch': 60, 'eta': 503312.6197, 'loss': 0.1046, 'lr': 0.001, 'params': 1142402, 'time_iter': 12.6434, 'accuracy': 0.9698, 'precision': 0.7361, 'recall': 0.3011, 'f1': 0.4274, 'auc': 0.8769}
val: {'epoch': 61, 'loss': 0.0873, 'lr': 0.001, 'params': 1142402, 'time_iter': 1.978, 'accuracy': 0.9827, 'precision': 1.0, 'recall': 0.1235, 'f1': 0.2198, 'auc': 0.7751}
train: {'epoch': 61, 'eta': 490474.1272, 'loss': 0.1038, 'lr': 0.001, 'params': 1142402, 'time_iter': 12.6479, 'accuracy': 0.9699, 'precision': 0.7405, 'recall': 0.3011, 'f1': 0.4282, 'auc': 0.8789}
val: {'epoch': 62, 'loss': 0.0851, 'lr': 0.001, 'params': 1142402, 'time_iter': 2.1464, 'accuracy': 0.9825, 'precision': 1.0, 'recall': 0.1111, 'f1': 0.2, 'auc': 0.7936}
train: {'epoch': 62, 'eta': 477415.411, 'loss': 0.1035, 'lr': 0.001, 'params': 1142402, 'time_iter': 12.2928, 'accuracy': 0.9693, 'precision': 0.7157, 'recall': 0.3003, 'f1': 0.4231, 'auc': 0.8788}
val: {'epoch': 63, 'loss': 0.079, 'lr': 0.001, 'params': 1142402, 'time_iter': 1.9372, 'accuracy': 0.9837, 'precision': 0.8182, 'recall': 0.2222, 'f1': 0.3495, 'auc': 0.7843}
train: {'epoch': 63, 'eta': 464307.9344, 'loss': 0.1024, 'lr': 0.001, 'params': 1142402, 'time_iter': 12.1864, 'accuracy': 0.9708, 'precision': 0.7668, 'recall': 0.3149, 'f1': 0.4465, 'auc': 0.8832}
val: {'epoch': 64, 'loss': 0.0846, 'lr': 0.001, 'params': 1142402, 'time_iter': 2.0773, 'accuracy': 0.9813, 'precision': 0.6429, 'recall': 0.1111, 'f1': 0.1895, 'auc': 0.7883}
train: {'epoch': 64, 'eta': 451497.8858, 'loss': 0.1031, 'lr': 0.001, 'params': 1142402, 'time_iter': 12.6917, 'accuracy': 0.9691, 'precision': 0.7131, 'recall': 0.2906, 'f1': 0.4129, 'auc': 0.8803}
val: {'epoch': 65, 'loss': 0.0818, 'lr': 0.001, 'params': 1142402, 'time_iter': 2.0893, 'accuracy': 0.9815, 'precision': 0.6471, 'recall': 0.1358, 'f1': 0.2245, 'auc': 0.7995}
train: {'epoch': 65, 'eta': 438624.0648, 'loss': 0.1019, 'lr': 0.001, 'params': 1142402, 'time_iter': 12.5857, 'accuracy': 0.9707, 'precision': 0.7553, 'recall': 0.3206, 'f1': 0.4501, 'auc': 0.8805}
val: {'epoch': 66, 'loss': 0.0852, 'lr': 0.001, 'params': 1142402, 'time_iter': 1.9329, 'accuracy': 0.9813, 'precision': 0.5714, 'recall': 0.1975, 'f1': 0.2936, 'auc': 0.7922}
train: {'epoch': 66, 'eta': 425738.8713, 'loss': 0.102, 'lr': 0.001, 'params': 1142402, 'time_iter': 12.5677, 'accuracy': 0.9699, 'precision': 0.7415, 'recall': 0.3003, 'f1': 0.4275, 'auc': 0.8852}
val: {'epoch': 67, 'loss': 0.0807, 'lr': 0.001, 'params': 1142402, 'time_iter': 1.9606, 'accuracy': 0.9827, 'precision': 0.6923, 'recall': 0.2222, 'f1': 0.3364, 'auc': 0.7901}
train: {'epoch': 67, 'eta': 412756.4954, 'loss': 0.1018, 'lr': 0.001, 'params': 1142402, 'time_iter': 12.3699, 'accuracy': 0.9706, 'precision': 0.7486, 'recall': 0.3239, 'f1': 0.4521, 'auc': 0.8864}
val: {'epoch': 68, 'loss': 0.0855, 'lr': 0.001, 'params': 1142402, 'time_iter': 1.9972, 'accuracy': 0.9798, 'precision': 0.4667, 'recall': 0.1728, 'f1': 0.2523, 'auc': 0.7876}
train: {'epoch': 68, 'eta': 399897.7883, 'loss': 0.1005, 'lr': 0.001, 'params': 1142402, 'time_iter': 12.6215, 'accuracy': 0.9704, 'precision': 0.7443, 'recall': 0.319, 'f1': 0.4466, 'auc': 0.8868}
val: {'epoch': 69, 'loss': 0.0851, 'lr': 0.001, 'params': 1142402, 'time_iter': 2.2396, 'accuracy': 0.982, 'precision': 0.7692, 'recall': 0.1235, 'f1': 0.2128, 'auc': 0.7903}
train: {'epoch': 69, 'eta': 387006.7673, 'loss': 0.1011, 'lr': 0.001, 'params': 1142402, 'time_iter': 12.5566, 'accuracy': 0.9705, 'precision': 0.7564, 'recall': 0.3125, 'f1': 0.4423, 'auc': 0.8852}
val: {'epoch': 70, 'loss': 0.0778, 'lr': 0.001, 'params': 1142402, 'time_iter': 1.9636, 'accuracy': 0.983, 'precision': 0.8235, 'recall': 0.1728, 'f1': 0.2857, 'auc': 0.7974}
train: {'epoch': 70, 'eta': 374217.3729, 'loss': 0.1011, 'lr': 0.001, 'params': 1142402, 'time_iter': 12.8004, 'accuracy': 0.9705, 'precision': 0.7529, 'recall': 0.3141, 'f1': 0.4433, 'auc': 0.8871}
val: {'epoch': 71, 'loss': 0.0864, 'lr': 0.001, 'params': 1142402, 'time_iter': 1.9755, 'accuracy': 0.982, 'precision': 0.8889, 'recall': 0.0988, 'f1': 0.1778, 'auc': 0.7839}
train: {'epoch': 71, 'eta': 361329.6209, 'loss': 0.0984, 'lr': 0.001, 'params': 1142402, 'time_iter': 12.5811, 'accuracy': 0.9712, 'precision': 0.7664, 'recall': 0.3328, 'f1': 0.4641, 'auc': 0.8939}
val: {'epoch': 72, 'loss': 0.0774, 'lr': 0.001, 'params': 1142402, 'time_iter': 2.1135, 'accuracy': 0.9837, 'precision': 0.8182, 'recall': 0.2222, 'f1': 0.3495, 'auc': 0.7912}
train: {'epoch': 72, 'eta': 348405.3451, 'loss': 0.0998, 'lr': 0.001, 'params': 1142402, 'time_iter': 12.4893, 'accuracy': 0.9705, 'precision': 0.749, 'recall': 0.3198, 'f1': 0.4482, 'auc': 0.8948}
val: {'epoch': 73, 'loss': 0.0958, 'lr': 0.001, 'params': 1142402, 'time_iter': 1.9625, 'accuracy': 0.9818, 'precision': 0.8, 'recall': 0.0988, 'f1': 0.1758, 'auc': 0.772}
train: {'epoch': 73, 'eta': 335466.2869, 'loss': 0.0986, 'lr': 0.001, 'params': 1142402, 'time_iter': 12.443, 'accuracy': 0.9701, 'precision': 0.7283, 'recall': 0.3198, 'f1': 0.4444, 'auc': 0.8986}
val: {'epoch': 74, 'loss': 0.0829, 'lr': 0.001, 'params': 1142402, 'time_iter': 1.9401, 'accuracy': 0.983, 'precision': 0.7619, 'recall': 0.1975, 'f1': 0.3137, 'auc': 0.7935}
train: {'epoch': 74, 'eta': 322536.6078, 'loss': 0.0987, 'lr': 0.001, 'params': 1142402, 'time_iter': 12.4598, 'accuracy': 0.9708, 'precision': 0.7482, 'recall': 0.3304, 'f1': 0.4583, 'auc': 0.8931}
val: {'epoch': 75, 'loss': 0.0904, 'lr': 0.001, 'params': 1142402, 'time_iter': 2.0932, 'accuracy': 0.9823, 'precision': 0.9, 'recall': 0.1111, 'f1': 0.1978, 'auc': 0.7735}
train: {'epoch': 75, 'eta': 309572.7006, 'loss': 0.0983, 'lr': 0.001, 'params': 1142402, 'time_iter': 12.3457, 'accuracy': 0.9708, 'precision': 0.7403, 'recall': 0.3401, 'f1': 0.4661, 'auc': 0.8958}
val: {'epoch': 76, 'loss': 0.0844, 'lr': 0.001, 'params': 1142402, 'time_iter': 1.93, 'accuracy': 0.9842, 'precision': 0.8333, 'recall': 0.2469, 'f1': 0.381, 'auc': 0.784}
train: {'epoch': 76, 'eta': 296751.0475, 'loss': 0.0972, 'lr': 0.001, 'params': 1142402, 'time_iter': 12.7865, 'accuracy': 0.9713, 'precision': 0.7567, 'recall': 0.3433, 'f1': 0.4724, 'auc': 0.8986}
val: {'epoch': 77, 'loss': 0.0824, 'lr': 0.001, 'params': 1142402, 'time_iter': 2.0011, 'accuracy': 0.983, 'precision': 1.0, 'recall': 0.1358, 'f1': 0.2391, 'auc': 0.7895}
train: {'epoch': 77, 'eta': 283798.4936, 'loss': 0.0979, 'lr': 0.001, 'params': 1142402, 'time_iter': 12.3652, 'accuracy': 0.9713, 'precision': 0.7549, 'recall': 0.345, 'f1': 0.4735, 'auc': 0.8989}
val: {'epoch': 78, 'loss': 0.0806, 'lr': 0.001, 'params': 1142402, 'time_iter': 1.9904, 'accuracy': 0.9835, 'precision': 0.8824, 'recall': 0.1852, 'f1': 0.3061, 'auc': 0.7865}
train: {'epoch': 78, 'eta': 270756.315, 'loss': 0.0971, 'lr': 0.001, 'params': 1142402, 'time_iter': 12.0163, 'accuracy': 0.9709, 'precision': 0.7473, 'recall': 0.3385, 'f1': 0.4659, 'auc': 0.9}
val: {'epoch': 79, 'loss': 0.0827, 'lr': 0.001, 'params': 1142402, 'time_iter': 2.1363, 'accuracy': 0.9832, 'precision': 0.875, 'recall': 0.1728, 'f1': 0.2887, 'auc': 0.7989}
train: {'epoch': 79, 'eta': 257837.6065, 'loss': 0.0959, 'lr': 0.001, 'params': 1142402, 'time_iter': 12.4305, 'accuracy': 0.9712, 'precision': 0.7474, 'recall': 0.3506, 'f1': 0.4773, 'auc': 0.9021}
val: {'epoch': 80, 'loss': 0.0802, 'lr': 0.001, 'params': 1142402, 'time_iter': 1.9741, 'accuracy': 0.9832, 'precision': 0.7143, 'recall': 0.2469, 'f1': 0.367, 'auc': 0.7883}
train: {'epoch': 80, 'eta': 244932.6137, 'loss': 0.0959, 'lr': 0.001, 'params': 1142402, 'time_iter': 12.4742, 'accuracy': 0.9716, 'precision': 0.7661, 'recall': 0.3482, 'f1': 0.4788, 'auc': 0.9039}
val: {'epoch': 81, 'loss': 0.0859, 'lr': 0.001, 'params': 1142402, 'time_iter': 1.9771, 'accuracy': 0.9818, 'precision': 0.75, 'recall': 0.1111, 'f1': 0.1935, 'auc': 0.7813}
train: {'epoch': 81, 'eta': 231937.7613, 'loss': 0.0951, 'lr': 0.001, 'params': 1142402, 'time_iter': 12.069, 'accuracy': 0.9721, 'precision': 0.7703, 'recall': 0.362, 'f1': 0.4925, 'auc': 0.9069}
val: {'epoch': 82, 'loss': 0.1013, 'lr': 0.001, 'params': 1142402, 'time_iter': 2.14, 'accuracy': 0.982, 'precision': 1.0, 'recall': 0.0864, 'f1': 0.1591, 'auc': 0.7552}
train: {'epoch': 82, 'eta': 219016.1616, 'loss': 0.0964, 'lr': 0.001, 'params': 1142402, 'time_iter': 12.3507, 'accuracy': 0.9719, 'precision': 0.7814, 'recall': 0.3482, 'f1': 0.4818, 'auc': 0.8978}
val: {'epoch': 83, 'loss': 0.0874, 'lr': 0.001, 'params': 1142402, 'time_iter': 1.9647, 'accuracy': 0.9832, 'precision': 0.875, 'recall': 0.1728, 'f1': 0.2887, 'auc': 0.7851}
train: {'epoch': 83, 'eta': 206129.7897, 'loss': 0.0959, 'lr': 0.001, 'params': 1142402, 'time_iter': 12.5046, 'accuracy': 0.9713, 'precision': 0.7445, 'recall': 0.3547, 'f1': 0.4805, 'auc': 0.9051}
val: {'epoch': 84, 'loss': 0.0933, 'lr': 0.001, 'params': 1142402, 'time_iter': 1.9605, 'accuracy': 0.9823, 'precision': 0.8333, 'recall': 0.1235, 'f1': 0.2151, 'auc': 0.7865}
train: {'epoch': 84, 'eta': 193230.1712, 'loss': 0.0954, 'lr': 0.001, 'params': 1142402, 'time_iter': 12.4291, 'accuracy': 0.9708, 'precision': 0.734, 'recall': 0.345, 'f1': 0.4694, 'auc': 0.9071}
val: {'epoch': 85, 'loss': 0.0855, 'lr': 0.001, 'params': 1142402, 'time_iter': 2.0149, 'accuracy': 0.9827, 'precision': 0.8571, 'recall': 0.1481, 'f1': 0.2526, 'auc': 0.7964}
train: {'epoch': 85, 'eta': 180311.5682, 'loss': 0.0951, 'lr': 0.001, 'params': 1142402, 'time_iter': 12.3005, 'accuracy': 0.9717, 'precision': 0.7577, 'recall': 0.358, 'f1': 0.4862, 'auc': 0.9063}
val: {'epoch': 86, 'loss': 0.0876, 'lr': 0.001, 'params': 1142402, 'time_iter': 2.2587, 'accuracy': 0.9815, 'precision': 0.5862, 'recall': 0.2099, 'f1': 0.3091, 'auc': 0.7896}
train: {'epoch': 86, 'eta': 167396.4255, 'loss': 0.0933, 'lr': 0.001, 'params': 1142402, 'time_iter': 12.2839, 'accuracy': 0.9724, 'precision': 0.7812, 'recall': 0.3653, 'f1': 0.4978, 'auc': 0.9124}
val: {'epoch': 87, 'loss': 0.0885, 'lr': 0.001, 'params': 1142402, 'time_iter': 1.9687, 'accuracy': 0.982, 'precision': 0.6667, 'recall': 0.1728, 'f1': 0.2745, 'auc': 0.7793}
train: {'epoch': 87, 'eta': 154566.0229, 'loss': 0.094, 'lr': 0.001, 'params': 1142402, 'time_iter': 12.8433, 'accuracy': 0.9716, 'precision': 0.7573, 'recall': 0.3571, 'f1': 0.4854, 'auc': 0.9107}
val: {'epoch': 88, 'loss': 0.0906, 'lr': 0.001, 'params': 1142402, 'time_iter': 1.9202, 'accuracy': 0.9823, 'precision': 0.6333, 'recall': 0.2346, 'f1': 0.3423, 'auc': 0.7842}
train: {'epoch': 88, 'eta': 141678.2713, 'loss': 0.0925, 'lr': 0.001, 'params': 1142402, 'time_iter': 12.4605, 'accuracy': 0.9719, 'precision': 0.7584, 'recall': 0.3669, 'f1': 0.4945, 'auc': 0.9173}
val: {'epoch': 89, 'loss': 0.0855, 'lr': 0.001, 'params': 1142402, 'time_iter': 2.2632, 'accuracy': 0.9827, 'precision': 0.7778, 'recall': 0.1728, 'f1': 0.2828, 'auc': 0.7997}
train: {'epoch': 89, 'eta': 128754.6929, 'loss': 0.0927, 'lr': 0.001, 'params': 1142402, 'time_iter': 12.1343, 'accuracy': 0.9715, 'precision': 0.743, 'recall': 0.3636, 'f1': 0.4883, 'auc': 0.9178}
val: {'epoch': 90, 'loss': 0.0867, 'lr': 0.001, 'params': 1142402, 'time_iter': 1.9533, 'accuracy': 0.9825, 'precision': 0.6667, 'recall': 0.2222, 'f1': 0.3333, 'auc': 0.7906}
train: {'epoch': 90, 'eta': 115846.1292, 'loss': 0.0925, 'lr': 0.001, 'params': 1142402, 'time_iter': 12.1874, 'accuracy': 0.9729, 'precision': 0.7792, 'recall': 0.3839, 'f1': 0.5144, 'auc': 0.9118}
val: {'epoch': 91, 'loss': 0.0947, 'lr': 0.001, 'params': 1142402, 'time_iter': 2.0057, 'accuracy': 0.982, 'precision': 0.7059, 'recall': 0.1481, 'f1': 0.2449, 'auc': 0.7909}
train: {'epoch': 91, 'eta': 102964.2757, 'loss': 0.0922, 'lr': 0.001, 'params': 1142402, 'time_iter': 12.3966, 'accuracy': 0.9725, 'precision': 0.777, 'recall': 0.3734, 'f1': 0.5044, 'auc': 0.9165}
val: {'epoch': 92, 'loss': 0.0846, 'lr': 0.001, 'params': 1142402, 'time_iter': 2.0685, 'accuracy': 0.9832, 'precision': 0.8, 'recall': 0.1975, 'f1': 0.3168, 'auc': 0.8068}
train: {'epoch': 92, 'eta': 90101.4561, 'loss': 0.0936, 'lr': 0.001, 'params': 1142402, 'time_iter': 12.6074, 'accuracy': 0.9712, 'precision': 0.7424, 'recall': 0.3555, 'f1': 0.4808, 'auc': 0.9135}
val: {'epoch': 93, 'loss': 0.0896, 'lr': 0.001, 'params': 1142402, 'time_iter': 2.3531, 'accuracy': 0.983, 'precision': 0.7391, 'recall': 0.2099, 'f1': 0.3269, 'auc': 0.7972}
train: {'epoch': 93, 'eta': 77223.1162, 'loss': 0.091, 'lr': 0.001, 'params': 1142402, 'time_iter': 12.4068, 'accuracy': 0.9721, 'precision': 0.7683, 'recall': 0.3661, 'f1': 0.4959, 'auc': 0.918}
val: {'epoch': 94, 'loss': 0.0971, 'lr': 0.001, 'params': 1142402, 'time_iter': 2.0161, 'accuracy': 0.9813, 'precision': 1.0, 'recall': 0.0494, 'f1': 0.0941, 'auc': 0.791}
train: {'epoch': 94, 'eta': 64366.8774, 'loss': 0.0913, 'lr': 0.001, 'params': 1142402, 'time_iter': 12.7715, 'accuracy': 0.9725, 'precision': 0.7637, 'recall': 0.3856, 'f1': 0.5124, 'auc': 0.918}
val: {'epoch': 95, 'loss': 0.0921, 'lr': 0.001, 'params': 1142402, 'time_iter': 2.0472, 'accuracy': 0.9827, 'precision': 0.8125, 'recall': 0.1605, 'f1': 0.268, 'auc': 0.7829}
train: {'epoch': 95, 'eta': 51500.6053, 'loss': 0.0912, 'lr': 0.001, 'params': 1142402, 'time_iter': 12.6762, 'accuracy': 0.9726, 'precision': 0.7767, 'recall': 0.3782, 'f1': 0.5087, 'auc': 0.9157}
val: {'epoch': 96, 'loss': 0.097, 'lr': 0.001, 'params': 1142402, 'time_iter': 2.2394, 'accuracy': 0.9837, 'precision': 1.0, 'recall': 0.1728, 'f1': 0.2947, 'auc': 0.7802}
train: {'epoch': 96, 'eta': 38625.1621, 'loss': 0.0893, 'lr': 0.001, 'params': 1142402, 'time_iter': 12.5031, 'accuracy': 0.9729, 'precision': 0.7794, 'recall': 0.3872, 'f1': 0.5174, 'auc': 0.9231}
val: {'epoch': 97, 'loss': 0.0887, 'lr': 0.001, 'params': 1142402, 'time_iter': 1.9, 'accuracy': 0.9827, 'precision': 0.7273, 'recall': 0.1975, 'f1': 0.3107, 'auc': 0.8091}
train: {'epoch': 97, 'eta': 25747.9475, 'loss': 0.0898, 'lr': 0.001, 'params': 1142402, 'time_iter': 12.4093, 'accuracy': 0.9729, 'precision': 0.774, 'recall': 0.392, 'f1': 0.5205, 'auc': 0.9198}
val: {'epoch': 98, 'loss': 0.0904, 'lr': 0.001, 'params': 1142402, 'time_iter': 2.0054, 'accuracy': 0.9825, 'precision': 0.68, 'recall': 0.2099, 'f1': 0.3208, 'auc': 0.7922}
train: {'epoch': 98, 'eta': 12873.6782, 'loss': 0.0892, 'lr': 0.001, 'params': 1142402, 'time_iter': 12.4827, 'accuracy': 0.9729, 'precision': 0.7818, 'recall': 0.3839, 'f1': 0.515, 'auc': 0.9228}
val: {'epoch': 99, 'loss': 0.0922, 'lr': 0.001, 'params': 1142402, 'time_iter': 2.1435, 'accuracy': 0.9837, 'precision': 0.8182, 'recall': 0.2222, 'f1': 0.3495, 'auc': 0.8033}
train: {'epoch': 99, 'eta': 0.0, 'loss': 0.0882, 'lr': 0.001, 'params': 1142402, 'time_iter': 12.4114, 'accuracy': 0.9727, 'precision': 0.7601, 'recall': 0.3961, 'f1': 0.5208, 'auc': 0.9263}
test: {'epoch': 99, 'loss': 0.1681, 'lr': 0.001, 'params': 1142402, 'time_iter': 1.8524, 'accuracy': 0.9674, 'precision': 0.4333, 'recall': 0.1, 'f1': 0.1625, 'auc': 0.7618}
test: {'epoch': 32, 'loss': 0.128, 'lr': 0.001, 'params': 1142402, 'time_iter': 1.8442, 'accuracy': 0.9689, 'precision': 0.5227, 'recall': 0.1769, 'f1': 0.2644, 'auc': 0.7872}
