GraphGymModule(
  (model): DilatedGNNModel(
    (encoder): FeatureEncoder(
      (node_encoder): AtomEncoder(
        (atom_embedding_list): ModuleList(
          (0): Embedding(119, 300)
          (1): Embedding(4, 300)
          (2): Embedding(12, 300)
          (3): Embedding(12, 300)
          (4): Embedding(10, 300)
          (5): Embedding(6, 300)
          (6): Embedding(6, 300)
          (7): Embedding(2, 300)
          (8): Embedding(2, 300)
        )
      )
      (edge_encoder): BondEncoder(
        (bond_embedding_list): ModuleList(
          (0): Embedding(5, 300)
          (1): Embedding(6, 300)
          (2): Embedding(2, 300)
        )
      )
    )
    (mp): GNNDilatedStage(
      (classic_layers): ModuleList(
        (0): GeneralLayer(
          (layer): EGATConv(
            (model): GATConv(300, 300, heads=1)
          )
          (post_layer): Sequential(
            (0): BatchNorm1d(300, eps=1e-05, momentum=0.1, affine=True, track_running_stats=True)
            (1): Dropout(p=0.5, inplace=False)
            (2): ReLU()
          )
        )
      )
      (dilated_layers): ModuleList(
        (0): DilatedGeneralLayer(
          (layer): EGATConv(
            (model): GATConv(300, 300, heads=1)
          )
          (post_layer): Sequential(
            (0): BatchNorm1d(300, eps=1e-05, momentum=0.1, affine=True, track_running_stats=True)
            (1): Dropout(p=0.5, inplace=False)
            (2): ReLU()
          )
          (gem): GeM(p=3.0000, eps=1e-06)
        )
      )
      (act): ReLU()
    )
    (post_mp): GNNGraphHead(
      (layer_post_mp): MLP(
        (model): Sequential(
          (0): Linear(
            (model): Linear(600, 1, bias=True)
          )
        )
      )
    )
  )
)
accelerator: cuda
benchmark: False
bn:
  eps: 1e-05
  mom: 0.1
cfg_dest: config.yaml
custom_metrics: []
dataset:
  cache_load: False
  cache_save: False
  dir: ./datasets
  edge_dim: 300
  edge_encoder: True
  edge_encoder_bn: False
  edge_encoder_name: Bond
  edge_message_ratio: 0.8
  edge_negative_sampling_ratio: 1.0
  edge_train_mode: all
  encoder: True
  encoder_bn: True
  encoder_dim: 128
  encoder_name: db
  fast_loader: False
  format: OGB
  label_column: none
  label_table: none
  location: local
  name: ogbg-molhiv
  node_encoder: True
  node_encoder_bn: False
  node_encoder_name: Atom
  remove_feature: False
  resample_disjoint: False
  resample_negative: False
  shuffle_split: True
  split: [0.8, 0.1, 0.1]
  split_mode: random
  task: graph
  task_type: classification
  to_undirected: False
  transductive: False
  transform: none
  tu_simple: True
devices: 1
gnn:
  act: relu
  act_on_last_layer_mp: False
  agg: none
  att_final_linear: False
  att_final_linear_bn: False
  att_heads: 1
  batchnorm: True
  clear_feature: True
  dilated_path_join: concat
  dim_inner: 300
  dropout: 0.5
  head: graph
  keep_edge: 0.5
  l2norm: True
  layer_type: egatconv
  layers_k1: 1
  layers_k2: 1
  layers_mp: 5
  layers_post_mp: 1
  layers_pre_mp: 0
  learn_alpha_residual_connection: False
  msg_direction: single
  normalize_adj: False
  self_msg: concat
  skip_every: 1
  stage_type: stack
  use_edge_features: True
gpu_mem: False
mem:
  inplace: False
metric_agg: argmax
metric_best: auc
model:
  edge_decoding: dot
  graph_pooling: mean
  loss_fun: cross_entropy
  match_upper: True
  size_average: mean
  thresh: 0.5
  type: dilated_gnn
num_threads: 6
num_workers: 16
optim:
  base_lr: 0.001
  lr_decay: 0.1
  max_epoch: 100
  momentum: 0.9
  optimizer: adam
  scheduler: none
  steps: [30, 60, 90]
  weight_decay: 0.0
out_dir: results_experiments/ogbg_molhiv_baseline_grid_design/ogbg_molhiv_baseline-type=dilated_gnn-layer_type=egatconv-layers_k1=1-layers_k2=1-dilated_path_join=concat-learn_alpha_residual_connection=False
params: 419402
print: both
round: 4
run_dir: results_experiments/ogbg_molhiv_baseline_grid_design/ogbg_molhiv_baseline-type=dilated_gnn-layer_type=egatconv-layers_k1=1-layers_k2=1-dilated_path_join=concat-learn_alpha_residual_connection=False/6
seed: 7
share:
  dim_in: 9
  dim_out: 2
  num_splits: 3
tensorboard_agg: True
tensorboard_each_run: False
train:
  auto_resume: False
  batch_size: 32
  ckpt_clean: True
  ckpt_period: 100
  enable_ckpt: True
  epoch_resume: -1
  eval_period: 1
  iter_per_epoch: 32
  neighbor_sizes: [20, 15, 10, 5]
  node_per_graph: 32
  radius: extend
  sample_node: False
  sampler: full_batch
  skip_train_eval: False
  walk_length: 4
val:
  node_per_graph: 32
  radius: extend
  sample_node: False
  sampler: full_batch
view_emb: False
Num parameters: 419402
val: {'epoch': 0, 'loss': 0.7162, 'lr': 0.001, 'params': 419402, 'time_iter': 0.9206, 'accuracy': 0.0156, 'precision': 0.0156, 'recall': 1.0, 'f1': 0.0308, 'auc': 0.3492}
val: {'epoch': 0, 'loss': 0.0992, 'lr': 0.001, 'params': 419402, 'time_iter': 1.8017, 'accuracy': 0.9803, 'precision': 0.0, 'recall': 0.0, 'f1': 0.0, 'auc': 0.5651}
train: {'epoch': 0, 'eta': 1524255.6288, 'loss': 0.1785, 'lr': 0.001, 'params': 419402, 'time_iter': 14.9626, 'accuracy': 0.9609, 'precision': 0.0339, 'recall': 0.0016, 'f1': 0.0031, 'auc': 0.5651}
val: {'epoch': 1, 'loss': 0.0968, 'lr': 0.001, 'params': 419402, 'time_iter': 1.8404, 'accuracy': 0.9803, 'precision': 0.0, 'recall': 0.0, 'f1': 0.0, 'auc': 0.6757}
train: {'epoch': 1, 'eta': 1479591.2672, 'loss': 0.1545, 'lr': 0.001, 'params': 419402, 'time_iter': 14.3821, 'accuracy': 0.9626, 'precision': 0.0, 'recall': 0.0, 'f1': 0.0, 'auc': 0.6587}
val: {'epoch': 2, 'loss': 0.0963, 'lr': 0.001, 'params': 419402, 'time_iter': 2.1717, 'accuracy': 0.9803, 'precision': 0.0, 'recall': 0.0, 'f1': 0.0, 'auc': 0.6487}
train: {'epoch': 2, 'eta': 1474855.0036, 'loss': 0.1535, 'lr': 0.001, 'params': 419402, 'time_iter': 14.9838, 'accuracy': 0.9626, 'precision': 1.0, 'recall': 0.0008, 'f1': 0.0016, 'auc': 0.6654}
val: {'epoch': 3, 'loss': 0.0949, 'lr': 0.001, 'params': 419402, 'time_iter': 1.7639, 'accuracy': 0.9803, 'precision': 0.0, 'recall': 0.0, 'f1': 0.0, 'auc': 0.6781}
train: {'epoch': 3, 'eta': 1461471.9874, 'loss': 0.1512, 'lr': 0.001, 'params': 419402, 'time_iter': 14.8499, 'accuracy': 0.9625, 'precision': 0.3333, 'recall': 0.0008, 'f1': 0.0016, 'auc': 0.6781}
val: {'epoch': 4, 'loss': 0.0946, 'lr': 0.001, 'params': 419402, 'time_iter': 1.9236, 'accuracy': 0.9803, 'precision': 0.0, 'recall': 0.0, 'f1': 0.0, 'auc': 0.7304}
train: {'epoch': 4, 'eta': 1445640.8427, 'loss': 0.1498, 'lr': 0.001, 'params': 419402, 'time_iter': 14.7636, 'accuracy': 0.9625, 'precision': 0.25, 'recall': 0.0008, 'f1': 0.0016, 'auc': 0.6879}
val: {'epoch': 5, 'loss': 0.0908, 'lr': 0.001, 'params': 419402, 'time_iter': 1.9073, 'accuracy': 0.9801, 'precision': 0.0, 'recall': 0.0, 'f1': 0.0, 'auc': 0.7087}
train: {'epoch': 5, 'eta': 1430430.628, 'loss': 0.1481, 'lr': 0.001, 'params': 419402, 'time_iter': 14.7888, 'accuracy': 0.9623, 'precision': 0.1538, 'recall': 0.0016, 'f1': 0.0032, 'auc': 0.6998}
val: {'epoch': 6, 'loss': 0.1066, 'lr': 0.001, 'params': 419402, 'time_iter': 1.8595, 'accuracy': 0.9803, 'precision': 0.0, 'recall': 0.0, 'f1': 0.0, 'auc': 0.6986}
train: {'epoch': 6, 'eta': 1413621.449, 'loss': 0.1474, 'lr': 0.001, 'params': 419402, 'time_iter': 14.672, 'accuracy': 0.9623, 'precision': 0.2941, 'recall': 0.0041, 'f1': 0.008, 'auc': 0.7102}
val: {'epoch': 7, 'loss': 0.1003, 'lr': 0.001, 'params': 419402, 'time_iter': 1.9686, 'accuracy': 0.9803, 'precision': 0.0, 'recall': 0.0, 'f1': 0.0, 'auc': 0.7082}
train: {'epoch': 7, 'eta': 1396752.1811, 'loss': 0.1491, 'lr': 0.001, 'params': 419402, 'time_iter': 14.6308, 'accuracy': 0.9623, 'precision': 0.2, 'recall': 0.0024, 'f1': 0.0048, 'auc': 0.6973}
val: {'epoch': 8, 'loss': 0.0954, 'lr': 0.001, 'params': 419402, 'time_iter': 1.8129, 'accuracy': 0.9803, 'precision': 0.0, 'recall': 0.0, 'f1': 0.0, 'auc': 0.7272}
train: {'epoch': 8, 'eta': 1381016.4609, 'loss': 0.1482, 'lr': 0.001, 'params': 419402, 'time_iter': 14.701, 'accuracy': 0.962, 'precision': 0.0952, 'recall': 0.0016, 'f1': 0.0032, 'auc': 0.7079}
val: {'epoch': 9, 'loss': 0.0973, 'lr': 0.001, 'params': 419402, 'time_iter': 2.3329, 'accuracy': 0.9803, 'precision': 0.0, 'recall': 0.0, 'f1': 0.0, 'auc': 0.6878}
train: {'epoch': 9, 'eta': 1364430.2153, 'loss': 0.15, 'lr': 0.001, 'params': 419402, 'time_iter': 14.596, 'accuracy': 0.9623, 'precision': 0.1, 'recall': 0.0008, 'f1': 0.0016, 'auc': 0.6997}
val: {'epoch': 10, 'loss': 0.0933, 'lr': 0.001, 'params': 419402, 'time_iter': 2.0555, 'accuracy': 0.9803, 'precision': 0.0, 'recall': 0.0, 'f1': 0.0, 'auc': 0.7201}
train: {'epoch': 10, 'eta': 1351119.5562, 'loss': 0.1485, 'lr': 0.001, 'params': 419402, 'time_iter': 14.9552, 'accuracy': 0.9625, 'precision': 0.2, 'recall': 0.0008, 'f1': 0.0016, 'auc': 0.7064}
val: {'epoch': 11, 'loss': 0.0912, 'lr': 0.001, 'params': 419402, 'time_iter': 1.9334, 'accuracy': 0.9803, 'precision': 0.0, 'recall': 0.0, 'f1': 0.0, 'auc': 0.7251}
train: {'epoch': 11, 'eta': 1336166.0528, 'loss': 0.1483, 'lr': 0.001, 'params': 419402, 'time_iter': 14.7834, 'accuracy': 0.9623, 'precision': 0.2143, 'recall': 0.0024, 'f1': 0.0048, 'auc': 0.7115}
val: {'epoch': 12, 'loss': 0.098, 'lr': 0.001, 'params': 419402, 'time_iter': 1.8908, 'accuracy': 0.9803, 'precision': 0.0, 'recall': 0.0, 'f1': 0.0, 'auc': 0.7423}
train: {'epoch': 12, 'eta': 1320022.9119, 'loss': 0.1484, 'lr': 0.001, 'params': 419402, 'time_iter': 14.6165, 'accuracy': 0.9623, 'precision': 0.1538, 'recall': 0.0016, 'f1': 0.0032, 'auc': 0.708}
val: {'epoch': 13, 'loss': 0.0933, 'lr': 0.001, 'params': 419402, 'time_iter': 1.9662, 'accuracy': 0.9801, 'precision': 0.0, 'recall': 0.0, 'f1': 0.0, 'auc': 0.7321}
train: {'epoch': 13, 'eta': 1307037.284, 'loss': 0.1484, 'lr': 0.001, 'params': 419402, 'time_iter': 15.0911, 'accuracy': 0.9624, 'precision': 0.0, 'recall': 0.0, 'f1': 0.0, 'auc': 0.7081}
val: {'epoch': 14, 'loss': 0.0924, 'lr': 0.001, 'params': 419402, 'time_iter': 1.8379, 'accuracy': 0.9801, 'precision': 0.0, 'recall': 0.0, 'f1': 0.0, 'auc': 0.7445}
train: {'epoch': 14, 'eta': 1291116.127, 'loss': 0.1475, 'lr': 0.001, 'params': 419402, 'time_iter': 14.6458, 'accuracy': 0.9621, 'precision': 0.1818, 'recall': 0.0032, 'f1': 0.0064, 'auc': 0.7142}
val: {'epoch': 15, 'loss': 0.0977, 'lr': 0.001, 'params': 419402, 'time_iter': 1.8273, 'accuracy': 0.9801, 'precision': 0.0, 'recall': 0.0, 'f1': 0.0, 'auc': 0.7423}
train: {'epoch': 15, 'eta': 1275101.2762, 'loss': 0.1483, 'lr': 0.001, 'params': 419402, 'time_iter': 14.6088, 'accuracy': 0.9622, 'precision': 0.0667, 'recall': 0.0008, 'f1': 0.0016, 'auc': 0.7097}
val: {'epoch': 16, 'loss': 0.1046, 'lr': 0.001, 'params': 419402, 'time_iter': 1.9356, 'accuracy': 0.9803, 'precision': 0.0, 'recall': 0.0, 'f1': 0.0, 'auc': 0.7329}
train: {'epoch': 16, 'eta': 1260899.7342, 'loss': 0.1476, 'lr': 0.001, 'params': 419402, 'time_iter': 14.9467, 'accuracy': 0.9622, 'precision': 0.1176, 'recall': 0.0016, 'f1': 0.0032, 'auc': 0.7152}
val: {'epoch': 17, 'loss': 0.0974, 'lr': 0.001, 'params': 419402, 'time_iter': 1.9666, 'accuracy': 0.9803, 'precision': 0.0, 'recall': 0.0, 'f1': 0.0, 'auc': 0.7478}
train: {'epoch': 17, 'eta': 1245014.2477, 'loss': 0.1468, 'lr': 0.001, 'params': 419402, 'time_iter': 14.6154, 'accuracy': 0.9622, 'precision': 0.0, 'recall': 0.0, 'f1': 0.0, 'auc': 0.7206}
val: {'epoch': 18, 'loss': 0.1009, 'lr': 0.001, 'params': 419402, 'time_iter': 1.9381, 'accuracy': 0.9801, 'precision': 0.0, 'recall': 0.0, 'f1': 0.0, 'auc': 0.733}
train: {'epoch': 18, 'eta': 1229966.0944, 'loss': 0.1472, 'lr': 0.001, 'params': 419402, 'time_iter': 14.786, 'accuracy': 0.9622, 'precision': 0.125, 'recall': 0.0016, 'f1': 0.0032, 'auc': 0.7238}
val: {'epoch': 19, 'loss': 0.101, 'lr': 0.001, 'params': 419402, 'time_iter': 2.21, 'accuracy': 0.9803, 'precision': 0.0, 'recall': 0.0, 'f1': 0.0, 'auc': 0.7446}
train: {'epoch': 19, 'eta': 1214529.1803, 'loss': 0.1461, 'lr': 0.001, 'params': 419402, 'time_iter': 14.6956, 'accuracy': 0.9622, 'precision': 0.1176, 'recall': 0.0016, 'f1': 0.0032, 'auc': 0.7278}
val: {'epoch': 20, 'loss': 0.0964, 'lr': 0.001, 'params': 419402, 'time_iter': 1.8479, 'accuracy': 0.9803, 'precision': 0.0, 'recall': 0.0, 'f1': 0.0, 'auc': 0.7556}
train: {'epoch': 20, 'eta': 1199160.6268, 'loss': 0.1458, 'lr': 0.001, 'params': 419402, 'time_iter': 14.7055, 'accuracy': 0.9622, 'precision': 0.0, 'recall': 0.0, 'f1': 0.0, 'auc': 0.7291}
val: {'epoch': 21, 'loss': 0.0994, 'lr': 0.001, 'params': 419402, 'time_iter': 1.7331, 'accuracy': 0.9798, 'precision': 0.0, 'recall': 0.0, 'f1': 0.0, 'auc': 0.7416}
train: {'epoch': 21, 'eta': 1183823.5157, 'loss': 0.1447, 'lr': 0.001, 'params': 419402, 'time_iter': 14.7082, 'accuracy': 0.9619, 'precision': 0.0455, 'recall': 0.0008, 'f1': 0.0016, 'auc': 0.7323}
val: {'epoch': 22, 'loss': 0.1008, 'lr': 0.001, 'params': 419402, 'time_iter': 1.8455, 'accuracy': 0.9798, 'precision': 0.0, 'recall': 0.0, 'f1': 0.0, 'auc': 0.7072}
train: {'epoch': 22, 'eta': 1168317.3062, 'loss': 0.1465, 'lr': 0.001, 'params': 419402, 'time_iter': 14.654, 'accuracy': 0.9623, 'precision': 0.1538, 'recall': 0.0016, 'f1': 0.0032, 'auc': 0.7236}
val: {'epoch': 23, 'loss': 0.1014, 'lr': 0.001, 'params': 419402, 'time_iter': 1.9548, 'accuracy': 0.9798, 'precision': 0.0, 'recall': 0.0, 'f1': 0.0, 'auc': 0.7215}
train: {'epoch': 23, 'eta': 1154106.9643, 'loss': 0.1464, 'lr': 0.001, 'params': 419402, 'time_iter': 15.0408, 'accuracy': 0.9622, 'precision': 0.1176, 'recall': 0.0016, 'f1': 0.0032, 'auc': 0.7237}
val: {'epoch': 24, 'loss': 0.1042, 'lr': 0.001, 'params': 419402, 'time_iter': 1.9032, 'accuracy': 0.9801, 'precision': 0.0, 'recall': 0.0, 'f1': 0.0, 'auc': 0.7233}
train: {'epoch': 24, 'eta': 1139229.1384, 'loss': 0.1476, 'lr': 0.001, 'params': 419402, 'time_iter': 14.8574, 'accuracy': 0.9621, 'precision': 0.0588, 'recall': 0.0008, 'f1': 0.0016, 'auc': 0.7172}
val: {'epoch': 25, 'loss': 0.1003, 'lr': 0.001, 'params': 419402, 'time_iter': 1.908, 'accuracy': 0.9801, 'precision': 0.0, 'recall': 0.0, 'f1': 0.0, 'auc': 0.7134}
train: {'epoch': 25, 'eta': 1123804.0413, 'loss': 0.1475, 'lr': 0.001, 'params': 419402, 'time_iter': 14.6813, 'accuracy': 0.9621, 'precision': 0.1429, 'recall': 0.0024, 'f1': 0.0048, 'auc': 0.7142}
val: {'epoch': 26, 'loss': 0.1034, 'lr': 0.001, 'params': 419402, 'time_iter': 1.9868, 'accuracy': 0.9801, 'precision': 0.0, 'recall': 0.0, 'f1': 0.0, 'auc': 0.7198}
train: {'epoch': 26, 'eta': 1109518.8988, 'loss': 0.1458, 'lr': 0.001, 'params': 419402, 'time_iter': 15.0825, 'accuracy': 0.9622, 'precision': 0.1765, 'recall': 0.0024, 'f1': 0.0048, 'auc': 0.7191}
val: {'epoch': 27, 'loss': 0.1024, 'lr': 0.001, 'params': 419402, 'time_iter': 1.7891, 'accuracy': 0.9803, 'precision': 0.0, 'recall': 0.0, 'f1': 0.0, 'auc': 0.7179}
train: {'epoch': 27, 'eta': 1093955.2597, 'loss': 0.1452, 'lr': 0.001, 'params': 419402, 'time_iter': 14.6327, 'accuracy': 0.9622, 'precision': 0.1667, 'recall': 0.0024, 'f1': 0.0048, 'auc': 0.7301}
val: {'epoch': 28, 'loss': 0.0979, 'lr': 0.001, 'params': 419402, 'time_iter': 1.7876, 'accuracy': 0.9803, 'precision': 0.0, 'recall': 0.0, 'f1': 0.0, 'auc': 0.7144}
train: {'epoch': 28, 'eta': 1078689.5365, 'loss': 0.1452, 'lr': 0.001, 'params': 419402, 'time_iter': 14.7371, 'accuracy': 0.962, 'precision': 0.1935, 'recall': 0.0049, 'f1': 0.0095, 'auc': 0.7303}
val: {'epoch': 29, 'loss': 0.0993, 'lr': 0.001, 'params': 419402, 'time_iter': 2.1703, 'accuracy': 0.9803, 'precision': 0.0, 'recall': 0.0, 'f1': 0.0, 'auc': 0.7378}
train: {'epoch': 29, 'eta': 1063241.8672, 'loss': 0.145, 'lr': 0.001, 'params': 419402, 'time_iter': 14.6585, 'accuracy': 0.9619, 'precision': 0.1379, 'recall': 0.0032, 'f1': 0.0063, 'auc': 0.7335}
val: {'epoch': 30, 'loss': 0.1009, 'lr': 0.001, 'params': 419402, 'time_iter': 2.0576, 'accuracy': 0.9803, 'precision': 0.0, 'recall': 0.0, 'f1': 0.0, 'auc': 0.7392}
train: {'epoch': 30, 'eta': 1049742.4949, 'loss': 0.145, 'lr': 0.001, 'params': 419402, 'time_iter': 15.4989, 'accuracy': 0.9622, 'precision': 0.25, 'recall': 0.0049, 'f1': 0.0096, 'auc': 0.7282}
val: {'epoch': 31, 'loss': 0.0999, 'lr': 0.001, 'params': 419402, 'time_iter': 1.9674, 'accuracy': 0.9803, 'precision': 0.0, 'recall': 0.0, 'f1': 0.0, 'auc': 0.7766}
train: {'epoch': 31, 'eta': 1034206.3981, 'loss': 0.1447, 'lr': 0.001, 'params': 419402, 'time_iter': 14.6374, 'accuracy': 0.9622, 'precision': 0.2105, 'recall': 0.0032, 'f1': 0.0064, 'auc': 0.7257}
val: {'epoch': 32, 'loss': 0.1017, 'lr': 0.001, 'params': 419402, 'time_iter': 1.8307, 'accuracy': 0.9803, 'precision': 0.0, 'recall': 0.0, 'f1': 0.0, 'auc': 0.7525}
train: {'epoch': 32, 'eta': 1019382.4353, 'loss': 0.1439, 'lr': 0.001, 'params': 419402, 'time_iter': 14.9646, 'accuracy': 0.9623, 'precision': 0.3043, 'recall': 0.0057, 'f1': 0.0112, 'auc': 0.7323}
val: {'epoch': 33, 'loss': 0.0983, 'lr': 0.001, 'params': 419402, 'time_iter': 1.7879, 'accuracy': 0.9801, 'precision': 0.0, 'recall': 0.0, 'f1': 0.0, 'auc': 0.743}
train: {'epoch': 33, 'eta': 1004638.4975, 'loss': 0.145, 'lr': 0.001, 'params': 419402, 'time_iter': 15.0215, 'accuracy': 0.9623, 'precision': 0.2353, 'recall': 0.0032, 'f1': 0.0064, 'auc': 0.7229}
val: {'epoch': 34, 'loss': 0.1008, 'lr': 0.001, 'params': 419402, 'time_iter': 1.8165, 'accuracy': 0.9803, 'precision': 0.0, 'recall': 0.0, 'f1': 0.0, 'auc': 0.7608}
train: {'epoch': 34, 'eta': 989447.6689, 'loss': 0.1457, 'lr': 0.001, 'params': 419402, 'time_iter': 14.809, 'accuracy': 0.9622, 'precision': 0.2273, 'recall': 0.0041, 'f1': 0.008, 'auc': 0.7175}
val: {'epoch': 35, 'loss': 0.0991, 'lr': 0.001, 'params': 419402, 'time_iter': 1.8711, 'accuracy': 0.9803, 'precision': 0.0, 'recall': 0.0, 'f1': 0.0, 'auc': 0.7327}
train: {'epoch': 35, 'eta': 974345.5133, 'loss': 0.145, 'lr': 0.001, 'params': 419402, 'time_iter': 14.8589, 'accuracy': 0.9623, 'precision': 0.3667, 'recall': 0.0089, 'f1': 0.0174, 'auc': 0.7281}
val: {'epoch': 36, 'loss': 0.0995, 'lr': 0.001, 'params': 419402, 'time_iter': 2.8101, 'accuracy': 0.9801, 'precision': 0.0, 'recall': 0.0, 'f1': 0.0, 'auc': 0.7161}
train: {'epoch': 36, 'eta': 958918.2915, 'loss': 0.1456, 'lr': 0.001, 'params': 419402, 'time_iter': 14.6792, 'accuracy': 0.9621, 'precision': 0.2, 'recall': 0.0041, 'f1': 0.008, 'auc': 0.7213}
val: {'epoch': 37, 'loss': 0.1015, 'lr': 0.001, 'params': 419402, 'time_iter': 1.8999, 'accuracy': 0.9801, 'precision': 0.0, 'recall': 0.0, 'f1': 0.0, 'auc': 0.7322}
train: {'epoch': 37, 'eta': 944427.6832, 'loss': 0.1455, 'lr': 0.001, 'params': 419402, 'time_iter': 15.227, 'accuracy': 0.9622, 'precision': 0.2609, 'recall': 0.0049, 'f1': 0.0096, 'auc': 0.7203}
val: {'epoch': 38, 'loss': 0.1001, 'lr': 0.001, 'params': 419402, 'time_iter': 1.9039, 'accuracy': 0.9801, 'precision': 0.0, 'recall': 0.0, 'f1': 0.0, 'auc': 0.7221}
train: {'epoch': 38, 'eta': 929098.7293, 'loss': 0.146, 'lr': 0.001, 'params': 419402, 'time_iter': 14.7436, 'accuracy': 0.9622, 'precision': 0.24, 'recall': 0.0049, 'f1': 0.0095, 'auc': 0.7153}
val: {'epoch': 39, 'loss': 0.0977, 'lr': 0.001, 'params': 419402, 'time_iter': 1.953, 'accuracy': 0.9801, 'precision': 0.0, 'recall': 0.0, 'f1': 0.0, 'auc': 0.7442}
train: {'epoch': 39, 'eta': 914620.2853, 'loss': 0.1441, 'lr': 0.001, 'params': 419402, 'time_iter': 15.2895, 'accuracy': 0.962, 'precision': 0.275, 'recall': 0.0089, 'f1': 0.0173, 'auc': 0.727}
val: {'epoch': 40, 'loss': 0.0948, 'lr': 0.001, 'params': 419402, 'time_iter': 1.8339, 'accuracy': 0.9801, 'precision': 0.0, 'recall': 0.0, 'f1': 0.0, 'auc': 0.7374}
train: {'epoch': 40, 'eta': 899911.9213, 'loss': 0.1439, 'lr': 0.001, 'params': 419402, 'time_iter': 15.1756, 'accuracy': 0.9621, 'precision': 0.2895, 'recall': 0.0089, 'f1': 0.0173, 'auc': 0.7292}
val: {'epoch': 41, 'loss': 0.0982, 'lr': 0.001, 'params': 419402, 'time_iter': 1.8996, 'accuracy': 0.9793, 'precision': 0.0, 'recall': 0.0, 'f1': 0.0, 'auc': 0.726}
train: {'epoch': 41, 'eta': 884395.9659, 'loss': 0.144, 'lr': 0.001, 'params': 419402, 'time_iter': 14.6377, 'accuracy': 0.9622, 'precision': 0.3429, 'recall': 0.0097, 'f1': 0.0189, 'auc': 0.7242}
val: {'epoch': 42, 'loss': 0.1029, 'lr': 0.001, 'params': 419402, 'time_iter': 1.7627, 'accuracy': 0.9798, 'precision': 0.0, 'recall': 0.0, 'f1': 0.0, 'auc': 0.7168}
train: {'epoch': 42, 'eta': 869022.5869, 'loss': 0.1444, 'lr': 0.001, 'params': 419402, 'time_iter': 14.7267, 'accuracy': 0.9621, 'precision': 0.3261, 'recall': 0.0122, 'f1': 0.0235, 'auc': 0.7229}
val: {'epoch': 43, 'loss': 0.0978, 'lr': 0.001, 'params': 419402, 'time_iter': 2.6198, 'accuracy': 0.9798, 'precision': 0.0, 'recall': 0.0, 'f1': 0.0, 'auc': 0.7421}
train: {'epoch': 43, 'eta': 853726.3306, 'loss': 0.1453, 'lr': 0.001, 'params': 419402, 'time_iter': 14.778, 'accuracy': 0.9619, 'precision': 0.2222, 'recall': 0.0065, 'f1': 0.0126, 'auc': 0.7164}
val: {'epoch': 44, 'loss': 0.1033, 'lr': 0.001, 'params': 419402, 'time_iter': 1.9147, 'accuracy': 0.9798, 'precision': 0.0, 'recall': 0.0, 'f1': 0.0, 'auc': 0.7514}
train: {'epoch': 44, 'eta': 838264.2973, 'loss': 0.1432, 'lr': 0.001, 'params': 419402, 'time_iter': 14.643, 'accuracy': 0.962, 'precision': 0.2979, 'recall': 0.0114, 'f1': 0.0219, 'auc': 0.7328}
val: {'epoch': 45, 'loss': 0.097, 'lr': 0.001, 'params': 419402, 'time_iter': 1.9733, 'accuracy': 0.9796, 'precision': 0.0, 'recall': 0.0, 'f1': 0.0, 'auc': 0.7186}
train: {'epoch': 45, 'eta': 822587.5789, 'loss': 0.1424, 'lr': 0.001, 'params': 419402, 'time_iter': 14.4511, 'accuracy': 0.9623, 'precision': 0.3958, 'recall': 0.0154, 'f1': 0.0297, 'auc': 0.7361}
val: {'epoch': 46, 'loss': 0.1076, 'lr': 0.001, 'params': 419402, 'time_iter': 2.616, 'accuracy': 0.9796, 'precision': 0.0, 'recall': 0.0, 'f1': 0.0, 'auc': 0.6913}
train: {'epoch': 46, 'eta': 807342.9643, 'loss': 0.1416, 'lr': 0.001, 'params': 419402, 'time_iter': 14.7939, 'accuracy': 0.9622, 'precision': 0.3962, 'recall': 0.017, 'f1': 0.0327, 'auc': 0.7416}
val: {'epoch': 47, 'loss': 0.1002, 'lr': 0.001, 'params': 419402, 'time_iter': 1.9465, 'accuracy': 0.9796, 'precision': 0.0, 'recall': 0.0, 'f1': 0.0, 'auc': 0.7155}
train: {'epoch': 47, 'eta': 792334.9493, 'loss': 0.141, 'lr': 0.001, 'params': 419402, 'time_iter': 15.0053, 'accuracy': 0.9624, 'precision': 0.4648, 'recall': 0.0268, 'f1': 0.0507, 'auc': 0.7425}
val: {'epoch': 48, 'loss': 0.0994, 'lr': 0.001, 'params': 419402, 'time_iter': 2.0016, 'accuracy': 0.9796, 'precision': 0.0, 'recall': 0.0, 'f1': 0.0, 'auc': 0.7387}
train: {'epoch': 48, 'eta': 777132.3347, 'loss': 0.1417, 'lr': 0.001, 'params': 419402, 'time_iter': 14.8401, 'accuracy': 0.9626, 'precision': 0.5, 'recall': 0.026, 'f1': 0.0494, 'auc': 0.7395}
val: {'epoch': 49, 'loss': 0.0942, 'lr': 0.001, 'params': 419402, 'time_iter': 1.8764, 'accuracy': 0.9803, 'precision': 0.5, 'recall': 0.037, 'f1': 0.069, 'auc': 0.7454}
train: {'epoch': 49, 'eta': 761693.7103, 'loss': 0.1416, 'lr': 0.001, 'params': 419402, 'time_iter': 14.6134, 'accuracy': 0.9627, 'precision': 0.5294, 'recall': 0.0292, 'f1': 0.0554, 'auc': 0.7394}
val: {'epoch': 50, 'loss': 0.0999, 'lr': 0.001, 'params': 419402, 'time_iter': 1.884, 'accuracy': 0.9803, 'precision': 0.5, 'recall': 0.0123, 'f1': 0.0241, 'auc': 0.7313}
train: {'epoch': 50, 'eta': 746409.7267, 'loss': 0.1425, 'lr': 0.001, 'params': 419402, 'time_iter': 14.7539, 'accuracy': 0.9623, 'precision': 0.4237, 'recall': 0.0203, 'f1': 0.0387, 'auc': 0.7393}
val: {'epoch': 51, 'loss': 0.1049, 'lr': 0.001, 'params': 419402, 'time_iter': 1.8677, 'accuracy': 0.9803, 'precision': 0.0, 'recall': 0.0, 'f1': 0.0, 'auc': 0.7128}
train: {'epoch': 51, 'eta': 731124.8651, 'loss': 0.145, 'lr': 0.001, 'params': 419402, 'time_iter': 14.7488, 'accuracy': 0.9624, 'precision': 0.2857, 'recall': 0.0032, 'f1': 0.0064, 'auc': 0.7305}
val: {'epoch': 52, 'loss': 0.1013, 'lr': 0.001, 'params': 419402, 'time_iter': 1.8782, 'accuracy': 0.9803, 'precision': 0.0, 'recall': 0.0, 'f1': 0.0, 'auc': 0.7342}
train: {'epoch': 52, 'eta': 715662.6596, 'loss': 0.1441, 'lr': 0.001, 'params': 419402, 'time_iter': 14.55, 'accuracy': 0.9622, 'precision': 0.3415, 'recall': 0.0114, 'f1': 0.022, 'auc': 0.7351}
val: {'epoch': 53, 'loss': 0.1006, 'lr': 0.001, 'params': 419402, 'time_iter': 2.1198, 'accuracy': 0.9798, 'precision': 0.3333, 'recall': 0.0247, 'f1': 0.046, 'auc': 0.7277}
train: {'epoch': 53, 'eta': 700684.1034, 'loss': 0.1441, 'lr': 0.001, 'params': 419402, 'time_iter': 15.081, 'accuracy': 0.9623, 'precision': 0.4474, 'recall': 0.0276, 'f1': 0.052, 'auc': 0.7252}
val: {'epoch': 54, 'loss': 0.0969, 'lr': 0.001, 'params': 419402, 'time_iter': 1.9832, 'accuracy': 0.9798, 'precision': 0.4167, 'recall': 0.0617, 'f1': 0.1075, 'auc': 0.717}
train: {'epoch': 54, 'eta': 685163.4594, 'loss': 0.1429, 'lr': 0.001, 'params': 419402, 'time_iter': 14.4604, 'accuracy': 0.9624, 'precision': 0.4643, 'recall': 0.0317, 'f1': 0.0593, 'auc': 0.734}
val: {'epoch': 55, 'loss': 0.1002, 'lr': 0.001, 'params': 419402, 'time_iter': 2.0589, 'accuracy': 0.9808, 'precision': 0.625, 'recall': 0.0617, 'f1': 0.1124, 'auc': 0.7151}
train: {'epoch': 55, 'eta': 669697.9283, 'loss': 0.1426, 'lr': 0.001, 'params': 419402, 'time_iter': 14.5003, 'accuracy': 0.9627, 'precision': 0.5258, 'recall': 0.0414, 'f1': 0.0767, 'auc': 0.7355}
val: {'epoch': 56, 'loss': 0.1019, 'lr': 0.001, 'params': 419402, 'time_iter': 2.3287, 'accuracy': 0.9803, 'precision': 0.5, 'recall': 0.0247, 'f1': 0.0471, 'auc': 0.7168}
train: {'epoch': 56, 'eta': 654616.0533, 'loss': 0.1434, 'lr': 0.001, 'params': 419402, 'time_iter': 14.9699, 'accuracy': 0.9625, 'precision': 0.4875, 'recall': 0.0317, 'f1': 0.0595, 'auc': 0.7256}
val: {'epoch': 57, 'loss': 0.1051, 'lr': 0.001, 'params': 419402, 'time_iter': 1.8613, 'accuracy': 0.9803, 'precision': 0.5, 'recall': 0.0247, 'f1': 0.0471, 'auc': 0.6987}
train: {'epoch': 57, 'eta': 639626.7874, 'loss': 0.1426, 'lr': 0.001, 'params': 419402, 'time_iter': 15.1091, 'accuracy': 0.9626, 'precision': 0.5, 'recall': 0.0357, 'f1': 0.0667, 'auc': 0.73}
val: {'epoch': 58, 'loss': 0.1038, 'lr': 0.001, 'params': 419402, 'time_iter': 1.9472, 'accuracy': 0.9815, 'precision': 1.0, 'recall': 0.0617, 'f1': 0.1163, 'auc': 0.7195}
train: {'epoch': 58, 'eta': 624329.1216, 'loss': 0.1421, 'lr': 0.001, 'params': 419402, 'time_iter': 14.7043, 'accuracy': 0.9627, 'precision': 0.5405, 'recall': 0.0325, 'f1': 0.0613, 'auc': 0.7338}
val: {'epoch': 59, 'loss': 0.0968, 'lr': 0.001, 'params': 419402, 'time_iter': 2.0013, 'accuracy': 0.9813, 'precision': 1.0, 'recall': 0.0494, 'f1': 0.0941, 'auc': 0.7589}
train: {'epoch': 59, 'eta': 609136.8253, 'loss': 0.1408, 'lr': 0.001, 'params': 419402, 'time_iter': 14.8498, 'accuracy': 0.9629, 'precision': 0.5663, 'recall': 0.0381, 'f1': 0.0715, 'auc': 0.7416}
val: {'epoch': 60, 'loss': 0.0951, 'lr': 0.001, 'params': 419402, 'time_iter': 1.8428, 'accuracy': 0.9808, 'precision': 0.6667, 'recall': 0.0494, 'f1': 0.092, 'auc': 0.7362}
train: {'epoch': 60, 'eta': 594035.3048, 'loss': 0.141, 'lr': 0.001, 'params': 419402, 'time_iter': 14.9921, 'accuracy': 0.9626, 'precision': 0.5057, 'recall': 0.0357, 'f1': 0.0667, 'auc': 0.7423}
val: {'epoch': 61, 'loss': 0.0964, 'lr': 0.001, 'params': 419402, 'time_iter': 1.8344, 'accuracy': 0.9803, 'precision': 0.5, 'recall': 0.037, 'f1': 0.069, 'auc': 0.7609}
train: {'epoch': 61, 'eta': 578751.9107, 'loss': 0.1412, 'lr': 0.001, 'params': 419402, 'time_iter': 14.7204, 'accuracy': 0.9625, 'precision': 0.4945, 'recall': 0.0365, 'f1': 0.068, 'auc': 0.7452}
val: {'epoch': 62, 'loss': 0.1098, 'lr': 0.001, 'params': 419402, 'time_iter': 2.0868, 'accuracy': 0.9798, 'precision': 0.3333, 'recall': 0.0247, 'f1': 0.046, 'auc': 0.7205}
train: {'epoch': 62, 'eta': 563537.0034, 'loss': 0.1446, 'lr': 0.001, 'params': 419402, 'time_iter': 14.8266, 'accuracy': 0.9623, 'precision': 0.4043, 'recall': 0.0154, 'f1': 0.0297, 'auc': 0.7266}
val: {'epoch': 63, 'loss': 0.1105, 'lr': 0.001, 'params': 419402, 'time_iter': 2.5824, 'accuracy': 0.9801, 'precision': 0.4, 'recall': 0.0247, 'f1': 0.0465, 'auc': 0.7091}
train: {'epoch': 63, 'eta': 548229.2422, 'loss': 0.146, 'lr': 0.001, 'params': 419402, 'time_iter': 14.6684, 'accuracy': 0.9621, 'precision': 0.3333, 'recall': 0.0114, 'f1': 0.022, 'auc': 0.7219}
val: {'epoch': 64, 'loss': 0.1045, 'lr': 0.001, 'params': 419402, 'time_iter': 1.956, 'accuracy': 0.9788, 'precision': 0.2, 'recall': 0.0247, 'f1': 0.044, 'auc': 0.7312}
train: {'epoch': 64, 'eta': 532916.9328, 'loss': 0.1435, 'lr': 0.001, 'params': 419402, 'time_iter': 14.6483, 'accuracy': 0.9621, 'precision': 0.4194, 'recall': 0.0317, 'f1': 0.0589, 'auc': 0.7341}
val: {'epoch': 65, 'loss': 0.1027, 'lr': 0.001, 'params': 419402, 'time_iter': 1.8745, 'accuracy': 0.9803, 'precision': 0.5, 'recall': 0.0247, 'f1': 0.0471, 'auc': 0.7677}
train: {'epoch': 65, 'eta': 517654.6251, 'loss': 0.1424, 'lr': 0.001, 'params': 419402, 'time_iter': 14.729, 'accuracy': 0.9625, 'precision': 0.4851, 'recall': 0.0398, 'f1': 0.0735, 'auc': 0.7355}
val: {'epoch': 66, 'loss': 0.1012, 'lr': 0.001, 'params': 419402, 'time_iter': 2.0911, 'accuracy': 0.9801, 'precision': 0.4, 'recall': 0.0247, 'f1': 0.0465, 'auc': 0.735}
train: {'epoch': 66, 'eta': 502332.6792, 'loss': 0.1415, 'lr': 0.001, 'params': 419402, 'time_iter': 14.605, 'accuracy': 0.9624, 'precision': 0.4725, 'recall': 0.0349, 'f1': 0.065, 'auc': 0.7402}
val: {'epoch': 67, 'loss': 0.1007, 'lr': 0.001, 'params': 419402, 'time_iter': 1.8981, 'accuracy': 0.9803, 'precision': 0.0, 'recall': 0.0, 'f1': 0.0, 'auc': 0.7477}
train: {'epoch': 67, 'eta': 487173.4034, 'loss': 0.1403, 'lr': 0.001, 'params': 419402, 'time_iter': 14.9231, 'accuracy': 0.9621, 'precision': 0.4271, 'recall': 0.0333, 'f1': 0.0617, 'auc': 0.7528}
val: {'epoch': 68, 'loss': 0.1062, 'lr': 0.001, 'params': 419402, 'time_iter': 1.9317, 'accuracy': 0.9798, 'precision': 0.0, 'recall': 0.0, 'f1': 0.0, 'auc': 0.7253}
train: {'epoch': 68, 'eta': 471925.1821, 'loss': 0.1427, 'lr': 0.001, 'params': 419402, 'time_iter': 14.7431, 'accuracy': 0.9626, 'precision': 0.5091, 'recall': 0.0227, 'f1': 0.0435, 'auc': 0.7411}
val: {'epoch': 69, 'loss': 0.1035, 'lr': 0.001, 'params': 419402, 'time_iter': 1.8892, 'accuracy': 0.9801, 'precision': 0.4, 'recall': 0.0247, 'f1': 0.0465, 'auc': 0.7231}
train: {'epoch': 69, 'eta': 456745.5718, 'loss': 0.144, 'lr': 0.001, 'params': 419402, 'time_iter': 14.8936, 'accuracy': 0.9615, 'precision': 0.2344, 'recall': 0.0122, 'f1': 0.0231, 'auc': 0.7384}
val: {'epoch': 70, 'loss': 0.1073, 'lr': 0.001, 'params': 419402, 'time_iter': 1.8332, 'accuracy': 0.9801, 'precision': 0.0, 'recall': 0.0, 'f1': 0.0, 'auc': 0.7036}
train: {'epoch': 70, 'eta': 441503.9036, 'loss': 0.1436, 'lr': 0.001, 'params': 419402, 'time_iter': 14.7558, 'accuracy': 0.9619, 'precision': 0.3226, 'recall': 0.0162, 'f1': 0.0309, 'auc': 0.7368}
val: {'epoch': 71, 'loss': 0.0995, 'lr': 0.001, 'params': 419402, 'time_iter': 2.051, 'accuracy': 0.9796, 'precision': 0.0, 'recall': 0.0, 'f1': 0.0, 'auc': 0.7511}
train: {'epoch': 71, 'eta': 426283.5979, 'loss': 0.1422, 'lr': 0.001, 'params': 419402, 'time_iter': 14.8051, 'accuracy': 0.9623, 'precision': 0.4474, 'recall': 0.0276, 'f1': 0.052, 'auc': 0.7428}
val: {'epoch': 72, 'loss': 0.1043, 'lr': 0.001, 'params': 419402, 'time_iter': 1.7942, 'accuracy': 0.9805, 'precision': 0.6667, 'recall': 0.0247, 'f1': 0.0476, 'auc': 0.7256}
train: {'epoch': 72, 'eta': 411021.4918, 'loss': 0.1414, 'lr': 0.001, 'params': 419402, 'time_iter': 14.6963, 'accuracy': 0.9625, 'precision': 0.4872, 'recall': 0.0308, 'f1': 0.058, 'auc': 0.7459}
val: {'epoch': 73, 'loss': 0.1044, 'lr': 0.001, 'params': 419402, 'time_iter': 2.3716, 'accuracy': 0.9808, 'precision': 1.0, 'recall': 0.0247, 'f1': 0.0482, 'auc': 0.7079}
train: {'epoch': 73, 'eta': 395966.8377, 'loss': 0.1416, 'lr': 0.001, 'params': 419402, 'time_iter': 15.2597, 'accuracy': 0.9625, 'precision': 0.4776, 'recall': 0.026, 'f1': 0.0493, 'auc': 0.739}
val: {'epoch': 74, 'loss': 0.0983, 'lr': 0.001, 'params': 419402, 'time_iter': 1.8938, 'accuracy': 0.9808, 'precision': 1.0, 'recall': 0.0247, 'f1': 0.0482, 'auc': 0.7471}
train: {'epoch': 74, 'eta': 380978.465, 'loss': 0.1403, 'lr': 0.001, 'params': 419402, 'time_iter': 15.5033, 'accuracy': 0.9625, 'precision': 0.4881, 'recall': 0.0333, 'f1': 0.0623, 'auc': 0.7403}
val: {'epoch': 75, 'loss': 0.1014, 'lr': 0.001, 'params': 419402, 'time_iter': 1.8005, 'accuracy': 0.981, 'precision': 0.8, 'recall': 0.0494, 'f1': 0.093, 'auc': 0.7394}
train: {'epoch': 75, 'eta': 365668.638, 'loss': 0.1408, 'lr': 0.001, 'params': 419402, 'time_iter': 14.5921, 'accuracy': 0.9623, 'precision': 0.4632, 'recall': 0.0357, 'f1': 0.0663, 'auc': 0.7423}
val: {'epoch': 76, 'loss': 0.0941, 'lr': 0.001, 'params': 419402, 'time_iter': 1.8444, 'accuracy': 0.9818, 'precision': 0.875, 'recall': 0.0864, 'f1': 0.1573, 'auc': 0.7557}
train: {'epoch': 76, 'eta': 350466.1476, 'loss': 0.14, 'lr': 0.001, 'params': 419402, 'time_iter': 14.9164, 'accuracy': 0.9625, 'precision': 0.486, 'recall': 0.0422, 'f1': 0.0777, 'auc': 0.745}
val: {'epoch': 77, 'loss': 0.0994, 'lr': 0.001, 'params': 419402, 'time_iter': 1.9181, 'accuracy': 0.9805, 'precision': 0.6667, 'recall': 0.0247, 'f1': 0.0476, 'auc': 0.7451}
train: {'epoch': 77, 'eta': 335261.7896, 'loss': 0.14, 'lr': 0.001, 'params': 419402, 'time_iter': 14.923, 'accuracy': 0.9625, 'precision': 0.4909, 'recall': 0.0438, 'f1': 0.0805, 'auc': 0.7418}
val: {'epoch': 78, 'loss': 0.0993, 'lr': 0.001, 'params': 419402, 'time_iter': 1.9053, 'accuracy': 0.9813, 'precision': 1.0, 'recall': 0.0494, 'f1': 0.0941, 'auc': 0.7361}
train: {'epoch': 78, 'eta': 319981.1069, 'loss': 0.1387, 'lr': 0.001, 'params': 419402, 'time_iter': 14.6579, 'accuracy': 0.9624, 'precision': 0.4821, 'recall': 0.0438, 'f1': 0.0804, 'auc': 0.7578}
val: {'epoch': 79, 'loss': 0.0984, 'lr': 0.001, 'params': 419402, 'time_iter': 2.0231, 'accuracy': 0.9815, 'precision': 0.8571, 'recall': 0.0741, 'f1': 0.1364, 'auc': 0.752}
train: {'epoch': 79, 'eta': 304713.7447, 'loss': 0.1389, 'lr': 0.001, 'params': 419402, 'time_iter': 14.6905, 'accuracy': 0.9626, 'precision': 0.5041, 'recall': 0.0495, 'f1': 0.0902, 'auc': 0.755}
val: {'epoch': 80, 'loss': 0.1006, 'lr': 0.001, 'params': 419402, 'time_iter': 2.4299, 'accuracy': 0.981, 'precision': 0.7143, 'recall': 0.0617, 'f1': 0.1136, 'auc': 0.7454}
train: {'epoch': 80, 'eta': 289443.9081, 'loss': 0.1384, 'lr': 0.001, 'params': 419402, 'time_iter': 14.6648, 'accuracy': 0.9621, 'precision': 0.4394, 'recall': 0.0471, 'f1': 0.085, 'auc': 0.7605}
val: {'epoch': 81, 'loss': 0.1024, 'lr': 0.001, 'params': 419402, 'time_iter': 2.028, 'accuracy': 0.9803, 'precision': 0.5, 'recall': 0.0247, 'f1': 0.0471, 'auc': 0.7367}
train: {'epoch': 81, 'eta': 274264.9897, 'loss': 0.1383, 'lr': 0.001, 'params': 419402, 'time_iter': 15.0479, 'accuracy': 0.9621, 'precision': 0.4493, 'recall': 0.0503, 'f1': 0.0905, 'auc': 0.7586}
val: {'epoch': 82, 'loss': 0.096, 'lr': 0.001, 'params': 419402, 'time_iter': 2.0201, 'accuracy': 0.9803, 'precision': 0.5, 'recall': 0.037, 'f1': 0.069, 'auc': 0.7533}
train: {'epoch': 82, 'eta': 258974.5272, 'loss': 0.1386, 'lr': 0.001, 'params': 419402, 'time_iter': 14.5536, 'accuracy': 0.9621, 'precision': 0.4348, 'recall': 0.0406, 'f1': 0.0742, 'auc': 0.7584}
val: {'epoch': 83, 'loss': 0.099, 'lr': 0.001, 'params': 419402, 'time_iter': 2.3103, 'accuracy': 0.9801, 'precision': 0.0, 'recall': 0.0, 'f1': 0.0, 'auc': 0.7418}
train: {'epoch': 83, 'eta': 243702.5656, 'loss': 0.1382, 'lr': 0.001, 'params': 419402, 'time_iter': 14.6097, 'accuracy': 0.9623, 'precision': 0.4706, 'recall': 0.0455, 'f1': 0.0829, 'auc': 0.7582}
val: {'epoch': 84, 'loss': 0.0987, 'lr': 0.001, 'params': 419402, 'time_iter': 1.8123, 'accuracy': 0.9803, 'precision': 0.5, 'recall': 0.0247, 'f1': 0.0471, 'auc': 0.747}
train: {'epoch': 84, 'eta': 228472.9534, 'loss': 0.1388, 'lr': 0.001, 'params': 419402, 'time_iter': 14.8121, 'accuracy': 0.9626, 'precision': 0.5088, 'recall': 0.0471, 'f1': 0.0862, 'auc': 0.7569}
val: {'epoch': 85, 'loss': 0.1024, 'lr': 0.001, 'params': 419402, 'time_iter': 1.8143, 'accuracy': 0.9805, 'precision': 0.5714, 'recall': 0.0494, 'f1': 0.0909, 'auc': 0.6851}
train: {'epoch': 85, 'eta': 213193.9033, 'loss': 0.1389, 'lr': 0.001, 'params': 419402, 'time_iter': 14.5186, 'accuracy': 0.9623, 'precision': 0.4602, 'recall': 0.0422, 'f1': 0.0773, 'auc': 0.7527}
val: {'epoch': 86, 'loss': 0.1026, 'lr': 0.001, 'params': 419402, 'time_iter': 1.9516, 'accuracy': 0.9805, 'precision': 1.0, 'recall': 0.0123, 'f1': 0.0244, 'auc': 0.7364}
train: {'epoch': 86, 'eta': 197945.3951, 'loss': 0.1426, 'lr': 0.001, 'params': 419402, 'time_iter': 14.6665, 'accuracy': 0.9618, 'precision': 0.3673, 'recall': 0.0292, 'f1': 0.0541, 'auc': 0.7329}
val: {'epoch': 87, 'loss': 0.1026, 'lr': 0.001, 'params': 419402, 'time_iter': 1.9357, 'accuracy': 0.9805, 'precision': 0.6667, 'recall': 0.0247, 'f1': 0.0476, 'auc': 0.7487}
train: {'epoch': 87, 'eta': 182702.9867, 'loss': 0.1387, 'lr': 0.001, 'params': 419402, 'time_iter': 14.6846, 'accuracy': 0.9624, 'precision': 0.4758, 'recall': 0.0479, 'f1': 0.087, 'auc': 0.755}
val: {'epoch': 88, 'loss': 0.1042, 'lr': 0.001, 'params': 419402, 'time_iter': 1.8871, 'accuracy': 0.981, 'precision': 1.0, 'recall': 0.037, 'f1': 0.0714, 'auc': 0.7444}
train: {'epoch': 88, 'eta': 167461.6919, 'loss': 0.1384, 'lr': 0.001, 'params': 419402, 'time_iter': 14.67, 'accuracy': 0.9626, 'precision': 0.5, 'recall': 0.0511, 'f1': 0.0928, 'auc': 0.755}
val: {'epoch': 89, 'loss': 0.1022, 'lr': 0.001, 'params': 419402, 'time_iter': 1.8807, 'accuracy': 0.9803, 'precision': 0.5, 'recall': 0.0123, 'f1': 0.0241, 'auc': 0.7543}
train: {'epoch': 89, 'eta': 152208.1789, 'loss': 0.1381, 'lr': 0.001, 'params': 419402, 'time_iter': 14.5348, 'accuracy': 0.9627, 'precision': 0.5294, 'recall': 0.0438, 'f1': 0.081, 'auc': 0.7602}
val: {'epoch': 90, 'loss': 0.0992, 'lr': 0.001, 'params': 419402, 'time_iter': 2.0479, 'accuracy': 0.9808, 'precision': 0.75, 'recall': 0.037, 'f1': 0.0706, 'auc': 0.7577}
train: {'epoch': 90, 'eta': 136964.4843, 'loss': 0.1387, 'lr': 0.001, 'params': 419402, 'time_iter': 14.5671, 'accuracy': 0.9628, 'precision': 0.5294, 'recall': 0.0511, 'f1': 0.0933, 'auc': 0.7558}
val: {'epoch': 91, 'loss': 0.0957, 'lr': 0.001, 'params': 419402, 'time_iter': 1.9616, 'accuracy': 0.981, 'precision': 0.6667, 'recall': 0.0741, 'f1': 0.1333, 'auc': 0.7546}
train: {'epoch': 91, 'eta': 121752.4654, 'loss': 0.1385, 'lr': 0.001, 'params': 419402, 'time_iter': 14.8593, 'accuracy': 0.9624, 'precision': 0.4821, 'recall': 0.0438, 'f1': 0.0804, 'auc': 0.7569}
val: {'epoch': 92, 'loss': 0.0991, 'lr': 0.001, 'params': 419402, 'time_iter': 1.8619, 'accuracy': 0.9805, 'precision': 0.5556, 'recall': 0.0617, 'f1': 0.1111, 'auc': 0.7362}
train: {'epoch': 92, 'eta': 106507.933, 'loss': 0.1402, 'lr': 0.001, 'params': 419402, 'time_iter': 14.4612, 'accuracy': 0.9625, 'precision': 0.4911, 'recall': 0.0446, 'f1': 0.0818, 'auc': 0.7506}
val: {'epoch': 93, 'loss': 0.101, 'lr': 0.001, 'params': 419402, 'time_iter': 1.9906, 'accuracy': 0.9805, 'precision': 0.5556, 'recall': 0.0617, 'f1': 0.1111, 'auc': 0.7638}
train: {'epoch': 93, 'eta': 91288.1226, 'loss': 0.1386, 'lr': 0.001, 'params': 419402, 'time_iter': 14.7197, 'accuracy': 0.9627, 'precision': 0.5273, 'recall': 0.0471, 'f1': 0.0864, 'auc': 0.7586}
val: {'epoch': 94, 'loss': 0.099, 'lr': 0.001, 'params': 419402, 'time_iter': 1.7701, 'accuracy': 0.9813, 'precision': 0.7, 'recall': 0.0864, 'f1': 0.1538, 'auc': 0.7462}
train: {'epoch': 94, 'eta': 76088.8499, 'loss': 0.1386, 'lr': 0.001, 'params': 419402, 'time_iter': 15.0705, 'accuracy': 0.9625, 'precision': 0.4914, 'recall': 0.0463, 'f1': 0.0846, 'auc': 0.7587}
val: {'epoch': 95, 'loss': 0.105, 'lr': 0.001, 'params': 419402, 'time_iter': 1.9716, 'accuracy': 0.9798, 'precision': 0.375, 'recall': 0.037, 'f1': 0.0674, 'auc': 0.757}
train: {'epoch': 95, 'eta': 60862.8372, 'loss': 0.1395, 'lr': 0.001, 'params': 419402, 'time_iter': 14.5966, 'accuracy': 0.9624, 'precision': 0.4741, 'recall': 0.0446, 'f1': 0.0816, 'auc': 0.7529}
val: {'epoch': 96, 'loss': 0.0997, 'lr': 0.001, 'params': 419402, 'time_iter': 1.8575, 'accuracy': 0.9798, 'precision': 0.0, 'recall': 0.0, 'f1': 0.0, 'auc': 0.776}
train: {'epoch': 96, 'eta': 45659.3437, 'loss': 0.1386, 'lr': 0.001, 'params': 419402, 'time_iter': 15.1707, 'accuracy': 0.9625, 'precision': 0.4923, 'recall': 0.0519, 'f1': 0.094, 'auc': 0.7571}
val: {'epoch': 97, 'loss': 0.1031, 'lr': 0.001, 'params': 419402, 'time_iter': 2.5296, 'accuracy': 0.9801, 'precision': 0.0, 'recall': 0.0, 'f1': 0.0, 'auc': 0.7718}
train: {'epoch': 97, 'eta': 30437.9655, 'loss': 0.1386, 'lr': 0.001, 'params': 419402, 'time_iter': 14.7148, 'accuracy': 0.9627, 'precision': 0.5229, 'recall': 0.0463, 'f1': 0.085, 'auc': 0.7593}
val: {'epoch': 98, 'loss': 0.1069, 'lr': 0.001, 'params': 419402, 'time_iter': 1.9929, 'accuracy': 0.9796, 'precision': 0.0, 'recall': 0.0, 'f1': 0.0, 'auc': 0.7447}
train: {'epoch': 98, 'eta': 15216.4133, 'loss': 0.1392, 'lr': 0.001, 'params': 419402, 'time_iter': 14.5429, 'accuracy': 0.9622, 'precision': 0.4476, 'recall': 0.0381, 'f1': 0.0703, 'auc': 0.7587}
val: {'epoch': 99, 'loss': 0.1039, 'lr': 0.001, 'params': 419402, 'time_iter': 1.9259, 'accuracy': 0.9803, 'precision': 0.5, 'recall': 0.0247, 'f1': 0.0471, 'auc': 0.7612}
train: {'epoch': 99, 'eta': 0.0, 'loss': 0.1387, 'lr': 0.001, 'params': 419402, 'time_iter': 14.5363, 'accuracy': 0.9622, 'precision': 0.4522, 'recall': 0.0422, 'f1': 0.0772, 'auc': 0.7564}
test: {'epoch': 99, 'loss': 0.1818, 'lr': 0.001, 'params': 419402, 'time_iter': 1.6854, 'accuracy': 0.9679, 'precision': 0.0, 'recall': 0.0, 'f1': 0.0, 'auc': 0.7155}
test: {'epoch': 31, 'loss': 0.1646, 'lr': 0.001, 'params': 419402, 'time_iter': 1.6293, 'accuracy': 0.9684, 'precision': 0.0, 'recall': 0.0, 'f1': 0.0, 'auc': 0.7121}
