GraphGymModule(
  (model): DilatedGNNModel(
    (encoder): FeatureEncoder(
      (node_encoder): AtomEncoder(
        (atom_embedding_list): ModuleList(
          (0): Embedding(119, 300)
          (1): Embedding(4, 300)
          (2): Embedding(12, 300)
          (3): Embedding(12, 300)
          (4): Embedding(10, 300)
          (5): Embedding(6, 300)
          (6): Embedding(6, 300)
          (7): Embedding(2, 300)
          (8): Embedding(2, 300)
        )
      )
      (edge_encoder): BondEncoder(
        (bond_embedding_list): ModuleList(
          (0): Embedding(5, 300)
          (1): Embedding(6, 300)
          (2): Embedding(2, 300)
        )
      )
    )
    (mp): GNNDilatedStage(
      (classic_layers): ModuleList(
        (0): GeneralLayer(
          (layer): EGINConv(
            (model): GINEConv(nn=Sequential(
              (0): Linear(300, 300, bias=True)
              (1): ReLU()
              (2): Linear(300, 300, bias=True)
            ))
          )
          (post_layer): Sequential(
            (0): BatchNorm1d(300, eps=1e-05, momentum=0.1, affine=True, track_running_stats=True)
            (1): Dropout(p=0.5, inplace=False)
            (2): ReLU()
          )
        )
        (1): GeneralLayer(
          (layer): EGINConv(
            (model): GINEConv(nn=Sequential(
              (0): Linear(300, 300, bias=True)
              (1): ReLU()
              (2): Linear(300, 300, bias=True)
            ))
          )
          (post_layer): Sequential(
            (0): BatchNorm1d(300, eps=1e-05, momentum=0.1, affine=True, track_running_stats=True)
            (1): Dropout(p=0.5, inplace=False)
            (2): ReLU()
          )
        )
        (2): GeneralLayer(
          (layer): EGINConv(
            (model): GINEConv(nn=Sequential(
              (0): Linear(300, 300, bias=True)
              (1): ReLU()
              (2): Linear(300, 300, bias=True)
            ))
          )
          (post_layer): Sequential(
            (0): BatchNorm1d(300, eps=1e-05, momentum=0.1, affine=True, track_running_stats=True)
            (1): Dropout(p=0.5, inplace=False)
            (2): ReLU()
          )
        )
      )
      (dilated_layers): ModuleList(
        (0): DilatedGeneralLayer(
          (layer): EGINConv(
            (model): GINEConv(nn=Sequential(
              (0): Linear(300, 300, bias=True)
              (1): ReLU()
              (2): Linear(300, 300, bias=True)
            ))
          )
          (post_layer): Sequential(
            (0): BatchNorm1d(300, eps=1e-05, momentum=0.1, affine=True, track_running_stats=True)
            (1): Dropout(p=0.5, inplace=False)
            (2): ReLU()
          )
          (gem): GeM(p=3.0000, eps=1e-06)
        )
        (1): DilatedGeneralLayer(
          (layer): EGINConv(
            (model): GINEConv(nn=Sequential(
              (0): Linear(300, 300, bias=True)
              (1): ReLU()
              (2): Linear(300, 300, bias=True)
            ))
          )
          (post_layer): Sequential(
            (0): BatchNorm1d(300, eps=1e-05, momentum=0.1, affine=True, track_running_stats=True)
            (1): Dropout(p=0.5, inplace=False)
            (2): ReLU()
          )
          (gem): GeM(p=3.0000, eps=1e-06)
        )
      )
      (act): ReLU()
    )
    (post_mp): GNNGraphHead(
      (layer_post_mp): MLP(
        (model): Sequential(
          (0): Linear(
            (model): Linear(600, 1, bias=True)
          )
        )
      )
    )
  )
)
accelerator: cuda
benchmark: False
bn:
  eps: 1e-05
  mom: 0.1
cfg_dest: config.yaml
custom_metrics: []
dataset:
  cache_load: False
  cache_save: False
  dir: ./datasets
  edge_dim: 300
  edge_encoder: True
  edge_encoder_bn: False
  edge_encoder_name: Bond
  edge_message_ratio: 0.8
  edge_negative_sampling_ratio: 1.0
  edge_train_mode: all
  encoder: True
  encoder_bn: True
  encoder_dim: 128
  encoder_name: db
  fast_loader: False
  format: OGB
  label_column: none
  label_table: none
  location: local
  name: ogbg-molhiv
  node_encoder: True
  node_encoder_bn: False
  node_encoder_name: Atom
  remove_feature: False
  resample_disjoint: False
  resample_negative: False
  shuffle_split: True
  split: [0.8, 0.1, 0.1]
  split_mode: random
  task: graph
  task_type: classification
  to_undirected: False
  transductive: False
  transform: none
  tu_simple: True
devices: 1
gnn:
  act: relu
  act_on_last_layer_mp: False
  agg: none
  att_final_linear: False
  att_final_linear_bn: False
  att_heads: 1
  batchnorm: True
  clear_feature: True
  dilated_path_join: concat
  dim_inner: 300
  dropout: 0.5
  head: graph
  keep_edge: 0.5
  l2norm: True
  layer_type: eginconv
  layers_k1: 3
  layers_k2: 2
  layers_mp: 5
  layers_post_mp: 1
  layers_pre_mp: 0
  learn_alpha_residual_connection: True
  msg_direction: single
  normalize_adj: False
  self_msg: concat
  skip_every: 1
  stage_type: stack
  use_edge_features: True
gpu_mem: False
mem:
  inplace: False
metric_agg: argmax
metric_best: auc
model:
  edge_decoding: dot
  graph_pooling: mean
  loss_fun: cross_entropy
  match_upper: True
  size_average: mean
  thresh: 0.5
  type: dilated_gnn
num_threads: 6
num_workers: 16
optim:
  base_lr: 0.001
  lr_decay: 0.1
  max_epoch: 100
  momentum: 0.9
  optimizer: adam
  scheduler: none
  steps: [30, 60, 90]
  weight_decay: 0.0
out_dir: results_experiments/ogbg_molhiv_baseline_grid_design/ogbg_molhiv_baseline-type=dilated_gnn-layer_type=eginconv-layers_k1=3-layers_k2=2-dilated_path_join=concat-learn_alpha_residual_connection=True
params: 1413905
print: both
round: 4
run_dir: results_experiments/ogbg_molhiv_baseline_grid_design/ogbg_molhiv_baseline-type=dilated_gnn-layer_type=eginconv-layers_k1=3-layers_k2=2-dilated_path_join=concat-learn_alpha_residual_connection=True/6
seed: 7
share:
  dim_in: 9
  dim_out: 2
  num_splits: 3
tensorboard_agg: True
tensorboard_each_run: False
train:
  auto_resume: False
  batch_size: 32
  ckpt_clean: True
  ckpt_period: 100
  enable_ckpt: True
  epoch_resume: -1
  eval_period: 1
  iter_per_epoch: 32
  neighbor_sizes: [20, 15, 10, 5]
  node_per_graph: 32
  radius: extend
  sample_node: False
  sampler: full_batch
  skip_train_eval: False
  walk_length: 4
val:
  node_per_graph: 32
  radius: extend
  sample_node: False
  sampler: full_batch
view_emb: False
Num parameters: 1413905
val: {'epoch': 0, 'loss': 0.6987, 'lr': 0.001, 'params': 1413905, 'time_iter': 0.9138, 'accuracy': 0.0156, 'precision': 0.0156, 'recall': 1.0, 'f1': 0.0308, 'auc': 0.3968}
val: {'epoch': 0, 'loss': 0.0959, 'lr': 0.001, 'params': 1413905, 'time_iter': 2.8376, 'accuracy': 0.9803, 'precision': 0.0, 'recall': 0.0, 'f1': 0.0, 'auc': 0.5998}
train: {'epoch': 0, 'eta': 1535636.0505, 'loss': 0.1796, 'lr': 0.001, 'params': 1413905, 'time_iter': 15.0743, 'accuracy': 0.9611, 'precision': 0.0862, 'recall': 0.0041, 'f1': 0.0078, 'auc': 0.5999}
val: {'epoch': 1, 'loss': 0.0918, 'lr': 0.001, 'params': 1413905, 'time_iter': 2.7785, 'accuracy': 0.9803, 'precision': 0.0, 'recall': 0.0, 'f1': 0.0, 'auc': 0.6578}
train: {'epoch': 1, 'eta': 1527009.9071, 'loss': 0.1512, 'lr': 0.001, 'params': 1413905, 'time_iter': 15.2109, 'accuracy': 0.9626, 'precision': 0.0, 'recall': 0.0, 'f1': 0.0, 'auc': 0.646}
val: {'epoch': 2, 'loss': 0.0924, 'lr': 0.001, 'params': 1413905, 'time_iter': 2.8807, 'accuracy': 0.9803, 'precision': 0.0, 'recall': 0.0, 'f1': 0.0, 'auc': 0.6912}
train: {'epoch': 2, 'eta': 1533494.1579, 'loss': 0.1493, 'lr': 0.001, 'params': 1413905, 'time_iter': 15.8058, 'accuracy': 0.9626, 'precision': 0.0, 'recall': 0.0, 'f1': 0.0, 'auc': 0.6694}
val: {'epoch': 3, 'loss': 0.0916, 'lr': 0.001, 'params': 1413905, 'time_iter': 2.7196, 'accuracy': 0.9808, 'precision': 1.0, 'recall': 0.0247, 'f1': 0.0482, 'auc': 0.6694}
train: {'epoch': 3, 'eta': 1520084.8833, 'loss': 0.1487, 'lr': 0.001, 'params': 1413905, 'time_iter': 15.4609, 'accuracy': 0.9626, 'precision': 0.0, 'recall': 0.0, 'f1': 0.0, 'auc': 0.676}
val: {'epoch': 4, 'loss': 0.0916, 'lr': 0.001, 'params': 1413905, 'time_iter': 3.2037, 'accuracy': 0.9803, 'precision': 0.0, 'recall': 0.0, 'f1': 0.0, 'auc': 0.6676}
train: {'epoch': 4, 'eta': 1517535.3688, 'loss': 0.1483, 'lr': 0.001, 'params': 1413905, 'time_iter': 16.0675, 'accuracy': 0.9625, 'precision': 0.0, 'recall': 0.0, 'f1': 0.0, 'auc': 0.6783}
val: {'epoch': 5, 'loss': 0.0917, 'lr': 0.001, 'params': 1413905, 'time_iter': 2.7982, 'accuracy': 0.981, 'precision': 1.0, 'recall': 0.037, 'f1': 0.0714, 'auc': 0.6755}
train: {'epoch': 5, 'eta': 1492144.847, 'loss': 0.1482, 'lr': 0.001, 'params': 1413905, 'time_iter': 14.9398, 'accuracy': 0.9624, 'precision': 0.3077, 'recall': 0.0032, 'f1': 0.0064, 'auc': 0.6711}
val: {'epoch': 6, 'loss': 0.0904, 'lr': 0.001, 'params': 1413905, 'time_iter': 3.0533, 'accuracy': 0.981, 'precision': 1.0, 'recall': 0.037, 'f1': 0.0714, 'auc': 0.6783}
train: {'epoch': 6, 'eta': 1468414.5316, 'loss': 0.1469, 'lr': 0.001, 'params': 1413905, 'time_iter': 14.8518, 'accuracy': 0.9628, 'precision': 0.6538, 'recall': 0.0138, 'f1': 0.027, 'auc': 0.6839}
val: {'epoch': 7, 'loss': 0.092, 'lr': 0.001, 'params': 1413905, 'time_iter': 2.6549, 'accuracy': 0.9803, 'precision': 0.5, 'recall': 0.037, 'f1': 0.069, 'auc': 0.6773}
train: {'epoch': 7, 'eta': 1450775.8619, 'loss': 0.1457, 'lr': 0.001, 'params': 1413905, 'time_iter': 15.1881, 'accuracy': 0.9628, 'precision': 0.6047, 'recall': 0.0211, 'f1': 0.0408, 'auc': 0.6998}
val: {'epoch': 8, 'loss': 0.0913, 'lr': 0.001, 'params': 1413905, 'time_iter': 2.8209, 'accuracy': 0.981, 'precision': 1.0, 'recall': 0.037, 'f1': 0.0714, 'auc': 0.6801}
train: {'epoch': 8, 'eta': 1434270.0575, 'loss': 0.1454, 'lr': 0.001, 'params': 1413905, 'time_iter': 15.2541, 'accuracy': 0.9627, 'precision': 0.55, 'recall': 0.0179, 'f1': 0.0346, 'auc': 0.6993}
val: {'epoch': 9, 'loss': 0.0927, 'lr': 0.001, 'params': 1413905, 'time_iter': 3.0063, 'accuracy': 0.9798, 'precision': 0.4167, 'recall': 0.0617, 'f1': 0.1075, 'auc': 0.6984}
train: {'epoch': 9, 'eta': 1419541.9243, 'loss': 0.1448, 'lr': 0.001, 'params': 1413905, 'time_iter': 15.4286, 'accuracy': 0.9626, 'precision': 0.525, 'recall': 0.017, 'f1': 0.033, 'auc': 0.7003}
val: {'epoch': 10, 'loss': 0.093, 'lr': 0.001, 'params': 1413905, 'time_iter': 2.8229, 'accuracy': 0.9796, 'precision': 0.3636, 'recall': 0.0494, 'f1': 0.087, 'auc': 0.6899}
train: {'epoch': 10, 'eta': 1399415.0654, 'loss': 0.144, 'lr': 0.001, 'params': 1413905, 'time_iter': 14.8052, 'accuracy': 0.9632, 'precision': 0.6721, 'recall': 0.0333, 'f1': 0.0634, 'auc': 0.7101}
val: {'epoch': 11, 'loss': 0.0918, 'lr': 0.001, 'params': 1413905, 'time_iter': 3.2896, 'accuracy': 0.9791, 'precision': 0.3077, 'recall': 0.0494, 'f1': 0.0851, 'auc': 0.7133}
train: {'epoch': 11, 'eta': 1383254.8366, 'loss': 0.144, 'lr': 0.001, 'params': 1413905, 'time_iter': 15.2228, 'accuracy': 0.9631, 'precision': 0.6324, 'recall': 0.0349, 'f1': 0.0662, 'auc': 0.7078}
val: {'epoch': 12, 'loss': 0.0942, 'lr': 0.001, 'params': 1413905, 'time_iter': 2.6736, 'accuracy': 0.9796, 'precision': 0.3846, 'recall': 0.0617, 'f1': 0.1064, 'auc': 0.6706}
train: {'epoch': 12, 'eta': 1369891.5718, 'loss': 0.1433, 'lr': 0.001, 'params': 1413905, 'time_iter': 15.6179, 'accuracy': 0.9629, 'precision': 0.5915, 'recall': 0.0341, 'f1': 0.0645, 'auc': 0.7136}
val: {'epoch': 13, 'loss': 0.0908, 'lr': 0.001, 'params': 1413905, 'time_iter': 2.6348, 'accuracy': 0.9793, 'precision': 0.3, 'recall': 0.037, 'f1': 0.0659, 'auc': 0.7166}
train: {'epoch': 13, 'eta': 1352944.802, 'loss': 0.1424, 'lr': 0.001, 'params': 1413905, 'time_iter': 15.1121, 'accuracy': 0.9636, 'precision': 0.7463, 'recall': 0.0406, 'f1': 0.077, 'auc': 0.7185}
val: {'epoch': 14, 'loss': 0.0897, 'lr': 0.001, 'params': 1413905, 'time_iter': 3.2392, 'accuracy': 0.9796, 'precision': 0.3636, 'recall': 0.0494, 'f1': 0.087, 'auc': 0.7247}
train: {'epoch': 14, 'eta': 1336121.0669, 'loss': 0.1418, 'lr': 0.001, 'params': 1413905, 'time_iter': 15.1013, 'accuracy': 0.9634, 'precision': 0.679, 'recall': 0.0446, 'f1': 0.0838, 'auc': 0.7224}
val: {'epoch': 15, 'loss': 0.0931, 'lr': 0.001, 'params': 1413905, 'time_iter': 3.0368, 'accuracy': 0.9801, 'precision': 0.4615, 'recall': 0.0741, 'f1': 0.1277, 'auc': 0.7223}
train: {'epoch': 15, 'eta': 1321668.7611, 'loss': 0.1408, 'lr': 0.001, 'params': 1413905, 'time_iter': 15.5106, 'accuracy': 0.9639, 'precision': 0.734, 'recall': 0.056, 'f1': 0.1041, 'auc': 0.7294}
val: {'epoch': 16, 'loss': 0.0906, 'lr': 0.001, 'params': 1413905, 'time_iter': 2.8043, 'accuracy': 0.9803, 'precision': 0.5, 'recall': 0.1111, 'f1': 0.1818, 'auc': 0.7219}
train: {'epoch': 16, 'eta': 1305041.8274, 'loss': 0.1401, 'lr': 0.001, 'params': 1413905, 'time_iter': 15.113, 'accuracy': 0.9636, 'precision': 0.6667, 'recall': 0.0584, 'f1': 0.1075, 'auc': 0.7341}
val: {'epoch': 17, 'loss': 0.0907, 'lr': 0.001, 'params': 1413905, 'time_iter': 2.7633, 'accuracy': 0.9791, 'precision': 0.3913, 'recall': 0.1111, 'f1': 0.1731, 'auc': 0.7323}
train: {'epoch': 17, 'eta': 1288558.771, 'loss': 0.1396, 'lr': 0.001, 'params': 1413905, 'time_iter': 15.1182, 'accuracy': 0.9642, 'precision': 0.7387, 'recall': 0.0666, 'f1': 0.1221, 'auc': 0.7351}
val: {'epoch': 18, 'loss': 0.0922, 'lr': 0.001, 'params': 1413905, 'time_iter': 3.0461, 'accuracy': 0.9798, 'precision': 0.4375, 'recall': 0.0864, 'f1': 0.1443, 'auc': 0.7334}
train: {'epoch': 18, 'eta': 1269693.297, 'loss': 0.1387, 'lr': 0.001, 'params': 1413905, 'time_iter': 14.5529, 'accuracy': 0.9644, 'precision': 0.7273, 'recall': 0.0779, 'f1': 0.1408, 'auc': 0.7416}
val: {'epoch': 19, 'loss': 0.0931, 'lr': 0.001, 'params': 1413905, 'time_iter': 3.0262, 'accuracy': 0.9796, 'precision': 0.4118, 'recall': 0.0864, 'f1': 0.1429, 'auc': 0.7306}
train: {'epoch': 19, 'eta': 1251796.0016, 'loss': 0.1378, 'lr': 0.001, 'params': 1413905, 'time_iter': 14.6936, 'accuracy': 0.9644, 'precision': 0.7259, 'recall': 0.0795, 'f1': 0.1434, 'auc': 0.746}
val: {'epoch': 20, 'loss': 0.101, 'lr': 0.001, 'params': 1413905, 'time_iter': 2.7443, 'accuracy': 0.9779, 'precision': 0.3529, 'recall': 0.1481, 'f1': 0.2087, 'auc': 0.7151}
train: {'epoch': 20, 'eta': 1237353.4471, 'loss': 0.137, 'lr': 0.001, 'params': 1413905, 'time_iter': 15.5177, 'accuracy': 0.9642, 'precision': 0.6875, 'recall': 0.0804, 'f1': 0.1439, 'auc': 0.7531}
val: {'epoch': 21, 'loss': 0.0949, 'lr': 0.001, 'params': 1413905, 'time_iter': 2.7253, 'accuracy': 0.9798, 'precision': 0.45, 'recall': 0.1111, 'f1': 0.1782, 'auc': 0.7239}
train: {'epoch': 21, 'eta': 1222380.4265, 'loss': 0.1366, 'lr': 0.001, 'params': 1413905, 'time_iter': 15.4103, 'accuracy': 0.9646, 'precision': 0.7089, 'recall': 0.0909, 'f1': 0.1612, 'auc': 0.7559}
val: {'epoch': 22, 'loss': 0.0959, 'lr': 0.001, 'params': 1413905, 'time_iter': 2.6749, 'accuracy': 0.9793, 'precision': 0.4, 'recall': 0.0988, 'f1': 0.1584, 'auc': 0.708}
train: {'epoch': 22, 'eta': 1206527.1186, 'loss': 0.1352, 'lr': 0.001, 'params': 1413905, 'time_iter': 15.1771, 'accuracy': 0.9647, 'precision': 0.7233, 'recall': 0.0933, 'f1': 0.1653, 'auc': 0.7625}
val: {'epoch': 23, 'loss': 0.0988, 'lr': 0.001, 'params': 1413905, 'time_iter': 2.6495, 'accuracy': 0.9788, 'precision': 0.3636, 'recall': 0.0988, 'f1': 0.1553, 'auc': 0.7265}
train: {'epoch': 23, 'eta': 1191099.7563, 'loss': 0.1346, 'lr': 0.001, 'params': 1413905, 'time_iter': 15.3018, 'accuracy': 0.9645, 'precision': 0.6721, 'recall': 0.0998, 'f1': 0.1739, 'auc': 0.7651}
val: {'epoch': 24, 'loss': 0.0928, 'lr': 0.001, 'params': 1413905, 'time_iter': 2.9712, 'accuracy': 0.9805, 'precision': 0.5333, 'recall': 0.0988, 'f1': 0.1667, 'auc': 0.7042}
train: {'epoch': 24, 'eta': 1177255.3321, 'loss': 0.1341, 'lr': 0.001, 'params': 1413905, 'time_iter': 15.8228, 'accuracy': 0.9648, 'precision': 0.7062, 'recall': 0.1015, 'f1': 0.1774, 'auc': 0.7704}
val: {'epoch': 25, 'loss': 0.0955, 'lr': 0.001, 'params': 1413905, 'time_iter': 2.5729, 'accuracy': 0.9793, 'precision': 0.4167, 'recall': 0.1235, 'f1': 0.1905, 'auc': 0.7111}
train: {'epoch': 25, 'eta': 1164236.7717, 'loss': 0.134, 'lr': 0.001, 'params': 1413905, 'time_iter': 16.1688, 'accuracy': 0.9652, 'precision': 0.7302, 'recall': 0.112, 'f1': 0.1942, 'auc': 0.7681}
val: {'epoch': 26, 'loss': 0.095, 'lr': 0.001, 'params': 1413905, 'time_iter': 3.2412, 'accuracy': 0.9805, 'precision': 0.5294, 'recall': 0.1111, 'f1': 0.1837, 'auc': 0.7105}
train: {'epoch': 26, 'eta': 1145972.2183, 'loss': 0.1328, 'lr': 0.001, 'params': 1413905, 'time_iter': 14.3796, 'accuracy': 0.9651, 'precision': 0.7085, 'recall': 0.1144, 'f1': 0.1971, 'auc': 0.7761}
val: {'epoch': 27, 'loss': 0.0969, 'lr': 0.001, 'params': 1413905, 'time_iter': 2.7322, 'accuracy': 0.9801, 'precision': 0.4667, 'recall': 0.0864, 'f1': 0.1458, 'auc': 0.7148}
train: {'epoch': 27, 'eta': 1129215.9654, 'loss': 0.132, 'lr': 0.001, 'params': 1413905, 'time_iter': 14.856, 'accuracy': 0.965, 'precision': 0.7098, 'recall': 0.1112, 'f1': 0.1923, 'auc': 0.7843}
val: {'epoch': 28, 'loss': 0.0964, 'lr': 0.001, 'params': 1413905, 'time_iter': 3.0351, 'accuracy': 0.9791, 'precision': 0.3913, 'recall': 0.1111, 'f1': 0.1731, 'auc': 0.7333}
train: {'epoch': 28, 'eta': 1112824.4117, 'loss': 0.1315, 'lr': 0.001, 'params': 1413905, 'time_iter': 14.9605, 'accuracy': 0.9654, 'precision': 0.7217, 'recall': 0.1242, 'f1': 0.2119, 'auc': 0.7837}
val: {'epoch': 29, 'loss': 0.0998, 'lr': 0.001, 'params': 1413905, 'time_iter': 2.7938, 'accuracy': 0.9779, 'precision': 0.3077, 'recall': 0.0988, 'f1': 0.1495, 'auc': 0.696}
train: {'epoch': 29, 'eta': 1097150.5211, 'loss': 0.1305, 'lr': 0.001, 'params': 1413905, 'time_iter': 15.2317, 'accuracy': 0.9651, 'precision': 0.7188, 'recall': 0.112, 'f1': 0.1938, 'auc': 0.7891}
val: {'epoch': 30, 'loss': 0.0968, 'lr': 0.001, 'params': 1413905, 'time_iter': 2.8801, 'accuracy': 0.9798, 'precision': 0.4444, 'recall': 0.0988, 'f1': 0.1616, 'auc': 0.7172}
train: {'epoch': 30, 'eta': 1080478.434, 'loss': 0.1308, 'lr': 0.001, 'params': 1413905, 'time_iter': 14.7959, 'accuracy': 0.9653, 'precision': 0.7228, 'recall': 0.1185, 'f1': 0.2036, 'auc': 0.7842}
val: {'epoch': 31, 'loss': 0.0929, 'lr': 0.001, 'params': 1413905, 'time_iter': 3.1429, 'accuracy': 0.9805, 'precision': 0.5455, 'recall': 0.0741, 'f1': 0.1304, 'auc': 0.7227}
train: {'epoch': 31, 'eta': 1066064.4745, 'loss': 0.1297, 'lr': 0.001, 'params': 1413905, 'time_iter': 15.7872, 'accuracy': 0.9653, 'precision': 0.7214, 'recall': 0.1177, 'f1': 0.2024, 'auc': 0.7911}
val: {'epoch': 32, 'loss': 0.0956, 'lr': 0.001, 'params': 1413905, 'time_iter': 2.8716, 'accuracy': 0.9805, 'precision': 0.5333, 'recall': 0.0988, 'f1': 0.1667, 'auc': 0.7163}
train: {'epoch': 32, 'eta': 1049490.4709, 'loss': 0.1288, 'lr': 0.001, 'params': 1413905, 'time_iter': 14.8064, 'accuracy': 0.9657, 'precision': 0.7512, 'recall': 0.125, 'f1': 0.2143, 'auc': 0.7958}
val: {'epoch': 33, 'loss': 0.0966, 'lr': 0.001, 'params': 1413905, 'time_iter': 3.0859, 'accuracy': 0.9798, 'precision': 0.45, 'recall': 0.1111, 'f1': 0.1782, 'auc': 0.7476}
train: {'epoch': 33, 'eta': 1033712.4893, 'loss': 0.1286, 'lr': 0.001, 'params': 1413905, 'time_iter': 15.1655, 'accuracy': 0.9652, 'precision': 0.7136, 'recall': 0.1193, 'f1': 0.2045, 'auc': 0.7957}
val: {'epoch': 34, 'loss': 0.1017, 'lr': 0.001, 'params': 1413905, 'time_iter': 2.9444, 'accuracy': 0.9776, 'precision': 0.28, 'recall': 0.0864, 'f1': 0.1321, 'auc': 0.6953}
train: {'epoch': 34, 'eta': 1018052.6168, 'loss': 0.1269, 'lr': 0.001, 'params': 1413905, 'time_iter': 15.2222, 'accuracy': 0.9653, 'precision': 0.7123, 'recall': 0.1226, 'f1': 0.2091, 'auc': 0.8007}
val: {'epoch': 35, 'loss': 0.092, 'lr': 0.001, 'params': 1413905, 'time_iter': 2.6359, 'accuracy': 0.9803, 'precision': 0.5, 'recall': 0.0741, 'f1': 0.129, 'auc': 0.7332}
train: {'epoch': 35, 'eta': 1002730.5245, 'loss': 0.1284, 'lr': 0.001, 'params': 1413905, 'time_iter': 15.4069, 'accuracy': 0.9654, 'precision': 0.7104, 'recall': 0.1274, 'f1': 0.2161, 'auc': 0.7964}
val: {'epoch': 36, 'loss': 0.0966, 'lr': 0.001, 'params': 1413905, 'time_iter': 2.7714, 'accuracy': 0.9805, 'precision': 0.5333, 'recall': 0.0988, 'f1': 0.1667, 'auc': 0.7304}
train: {'epoch': 36, 'eta': 986556.154, 'loss': 0.1265, 'lr': 0.001, 'params': 1413905, 'time_iter': 14.9369, 'accuracy': 0.9654, 'precision': 0.7039, 'recall': 0.1331, 'f1': 0.2239, 'auc': 0.8039}
val: {'epoch': 37, 'loss': 0.0959, 'lr': 0.001, 'params': 1413905, 'time_iter': 3.4462, 'accuracy': 0.9801, 'precision': 0.4737, 'recall': 0.1111, 'f1': 0.18, 'auc': 0.7755}
train: {'epoch': 37, 'eta': 970856.802, 'loss': 0.1253, 'lr': 0.001, 'params': 1413905, 'time_iter': 15.1946, 'accuracy': 0.9655, 'precision': 0.713, 'recall': 0.1331, 'f1': 0.2244, 'auc': 0.8054}
val: {'epoch': 38, 'loss': 0.1023, 'lr': 0.001, 'params': 1413905, 'time_iter': 2.6566, 'accuracy': 0.9771, 'precision': 0.2759, 'recall': 0.0988, 'f1': 0.1455, 'auc': 0.7087}
train: {'epoch': 38, 'eta': 955970.2892, 'loss': 0.1248, 'lr': 0.001, 'params': 1413905, 'time_iter': 15.6976, 'accuracy': 0.9657, 'precision': 0.7203, 'recall': 0.138, 'f1': 0.2316, 'auc': 0.8051}
val: {'epoch': 39, 'loss': 0.0957, 'lr': 0.001, 'params': 1413905, 'time_iter': 2.7264, 'accuracy': 0.9813, 'precision': 0.6667, 'recall': 0.0988, 'f1': 0.172, 'auc': 0.7647}
train: {'epoch': 39, 'eta': 940610.8797, 'loss': 0.1241, 'lr': 0.001, 'params': 1413905, 'time_iter': 15.4323, 'accuracy': 0.9658, 'precision': 0.7277, 'recall': 0.1388, 'f1': 0.2331, 'auc': 0.8077}
val: {'epoch': 40, 'loss': 0.0966, 'lr': 0.001, 'params': 1413905, 'time_iter': 2.555, 'accuracy': 0.9796, 'precision': 0.4211, 'recall': 0.0988, 'f1': 0.16, 'auc': 0.7505}
train: {'epoch': 40, 'eta': 925684.4278, 'loss': 0.1229, 'lr': 0.001, 'params': 1413905, 'time_iter': 15.7418, 'accuracy': 0.9654, 'precision': 0.6942, 'recall': 0.1364, 'f1': 0.228, 'auc': 0.8162}
val: {'epoch': 41, 'loss': 0.0939, 'lr': 0.001, 'params': 1413905, 'time_iter': 2.7667, 'accuracy': 0.9805, 'precision': 0.5333, 'recall': 0.0988, 'f1': 0.1667, 'auc': 0.7674}
train: {'epoch': 41, 'eta': 909903.0973, 'loss': 0.1223, 'lr': 0.001, 'params': 1413905, 'time_iter': 15.1828, 'accuracy': 0.9659, 'precision': 0.7183, 'recall': 0.1469, 'f1': 0.2439, 'auc': 0.816}
val: {'epoch': 42, 'loss': 0.096, 'lr': 0.001, 'params': 1413905, 'time_iter': 3.0545, 'accuracy': 0.9808, 'precision': 0.5625, 'recall': 0.1111, 'f1': 0.1856, 'auc': 0.7542}
train: {'epoch': 42, 'eta': 894878.4105, 'loss': 0.1226, 'lr': 0.001, 'params': 1413905, 'time_iter': 15.7321, 'accuracy': 0.9659, 'precision': 0.7052, 'recall': 0.1534, 'f1': 0.252, 'auc': 0.8137}
val: {'epoch': 43, 'loss': 0.0933, 'lr': 0.001, 'params': 1413905, 'time_iter': 2.8247, 'accuracy': 0.9815, 'precision': 0.7273, 'recall': 0.0988, 'f1': 0.1739, 'auc': 0.778}
train: {'epoch': 43, 'eta': 879935.7926, 'loss': 0.1213, 'lr': 0.001, 'params': 1413905, 'time_iter': 15.8352, 'accuracy': 0.9657, 'precision': 0.6981, 'recall': 0.1502, 'f1': 0.2472, 'auc': 0.8229}
val: {'epoch': 44, 'loss': 0.0962, 'lr': 0.001, 'params': 1413905, 'time_iter': 3.2521, 'accuracy': 0.981, 'precision': 0.6154, 'recall': 0.0988, 'f1': 0.1702, 'auc': 0.7729}
train: {'epoch': 44, 'eta': 864377.5256, 'loss': 0.1208, 'lr': 0.001, 'params': 1413905, 'time_iter': 15.3934, 'accuracy': 0.9662, 'precision': 0.7164, 'recall': 0.1599, 'f1': 0.2614, 'auc': 0.8234}
val: {'epoch': 45, 'loss': 0.0959, 'lr': 0.001, 'params': 1413905, 'time_iter': 2.7663, 'accuracy': 0.9805, 'precision': 0.5294, 'recall': 0.1111, 'f1': 0.1837, 'auc': 0.7787}
train: {'epoch': 45, 'eta': 848522.3494, 'loss': 0.1205, 'lr': 0.001, 'params': 1413905, 'time_iter': 15.1578, 'accuracy': 0.9663, 'precision': 0.7375, 'recall': 0.155, 'f1': 0.2562, 'auc': 0.8213}
val: {'epoch': 46, 'loss': 0.1, 'lr': 0.001, 'params': 1413905, 'time_iter': 2.7862, 'accuracy': 0.9791, 'precision': 0.3529, 'recall': 0.0741, 'f1': 0.1224, 'auc': 0.7653}
train: {'epoch': 46, 'eta': 832907.819, 'loss': 0.1193, 'lr': 0.001, 'params': 1413905, 'time_iter': 15.3557, 'accuracy': 0.9665, 'precision': 0.7266, 'recall': 0.1705, 'f1': 0.2761, 'auc': 0.8233}
val: {'epoch': 47, 'loss': 0.0969, 'lr': 0.001, 'params': 1413905, 'time_iter': 3.0707, 'accuracy': 0.981, 'precision': 0.6667, 'recall': 0.0741, 'f1': 0.1333, 'auc': 0.7796}
train: {'epoch': 47, 'eta': 817291.7891, 'loss': 0.1198, 'lr': 0.001, 'params': 1413905, 'time_iter': 15.3613, 'accuracy': 0.9666, 'precision': 0.734, 'recall': 0.168, 'f1': 0.2734, 'auc': 0.8232}
val: {'epoch': 48, 'loss': 0.0959, 'lr': 0.001, 'params': 1413905, 'time_iter': 2.6305, 'accuracy': 0.9813, 'precision': 0.75, 'recall': 0.0741, 'f1': 0.1348, 'auc': 0.7845}
train: {'epoch': 48, 'eta': 801977.9582, 'loss': 0.118, 'lr': 0.001, 'params': 1413905, 'time_iter': 15.6508, 'accuracy': 0.9668, 'precision': 0.7372, 'recall': 0.1753, 'f1': 0.2833, 'auc': 0.8273}
val: {'epoch': 49, 'loss': 0.1016, 'lr': 0.001, 'params': 1413905, 'time_iter': 3.048, 'accuracy': 0.981, 'precision': 0.6, 'recall': 0.1111, 'f1': 0.1875, 'auc': 0.79}
train: {'epoch': 49, 'eta': 785817.3513, 'loss': 0.1178, 'lr': 0.001, 'params': 1413905, 'time_iter': 14.8586, 'accuracy': 0.9666, 'precision': 0.7129, 'recall': 0.1794, 'f1': 0.2866, 'auc': 0.83}
val: {'epoch': 50, 'loss': 0.0968, 'lr': 0.001, 'params': 1413905, 'time_iter': 2.5673, 'accuracy': 0.982, 'precision': 1.0, 'recall': 0.0864, 'f1': 0.1591, 'auc': 0.7761}
train: {'epoch': 50, 'eta': 769374.7524, 'loss': 0.1177, 'lr': 0.001, 'params': 1413905, 'time_iter': 14.5388, 'accuracy': 0.967, 'precision': 0.7207, 'recall': 0.1948, 'f1': 0.3067, 'auc': 0.8311}
val: {'epoch': 51, 'loss': 0.0964, 'lr': 0.001, 'params': 1413905, 'time_iter': 2.8409, 'accuracy': 0.9803, 'precision': 0.5, 'recall': 0.1111, 'f1': 0.1818, 'auc': 0.7678}
train: {'epoch': 51, 'eta': 753885.047, 'loss': 0.1164, 'lr': 0.001, 'params': 1413905, 'time_iter': 15.482, 'accuracy': 0.9668, 'precision': 0.7156, 'recall': 0.1899, 'f1': 0.3002, 'auc': 0.836}
val: {'epoch': 52, 'loss': 0.0918, 'lr': 0.001, 'params': 1413905, 'time_iter': 3.0298, 'accuracy': 0.9818, 'precision': 0.65, 'recall': 0.1605, 'f1': 0.2574, 'auc': 0.762}
train: {'epoch': 52, 'eta': 738045.9809, 'loss': 0.1165, 'lr': 0.001, 'params': 1413905, 'time_iter': 15.1174, 'accuracy': 0.9672, 'precision': 0.7284, 'recall': 0.1981, 'f1': 0.3114, 'auc': 0.8312}
val: {'epoch': 53, 'loss': 0.0964, 'lr': 0.001, 'params': 1413905, 'time_iter': 2.9069, 'accuracy': 0.9805, 'precision': 0.5333, 'recall': 0.0988, 'f1': 0.1667, 'auc': 0.7769}
train: {'epoch': 53, 'eta': 722525.9876, 'loss': 0.115, 'lr': 0.001, 'params': 1413905, 'time_iter': 15.4695, 'accuracy': 0.9671, 'precision': 0.7242, 'recall': 0.194, 'f1': 0.306, 'auc': 0.8395}
val: {'epoch': 54, 'loss': 0.0994, 'lr': 0.001, 'params': 1413905, 'time_iter': 2.8742, 'accuracy': 0.9813, 'precision': 0.6667, 'recall': 0.0988, 'f1': 0.172, 'auc': 0.7597}
train: {'epoch': 54, 'eta': 707039.5336, 'loss': 0.1158, 'lr': 0.001, 'params': 1413905, 'time_iter': 15.5265, 'accuracy': 0.9671, 'precision': 0.7139, 'recall': 0.2045, 'f1': 0.318, 'auc': 0.8368}
val: {'epoch': 55, 'loss': 0.0939, 'lr': 0.001, 'params': 1413905, 'time_iter': 2.512, 'accuracy': 0.983, 'precision': 0.8667, 'recall': 0.1605, 'f1': 0.2708, 'auc': 0.7814}
train: {'epoch': 55, 'eta': 691747.9285, 'loss': 0.1141, 'lr': 0.001, 'params': 1413905, 'time_iter': 15.7891, 'accuracy': 0.9677, 'precision': 0.7354, 'recall': 0.2143, 'f1': 0.3319, 'auc': 0.8389}
val: {'epoch': 56, 'loss': 0.0956, 'lr': 0.001, 'params': 1413905, 'time_iter': 2.5493, 'accuracy': 0.9791, 'precision': 0.4194, 'recall': 0.1605, 'f1': 0.2321, 'auc': 0.7782}
train: {'epoch': 56, 'eta': 676567.2571, 'loss': 0.1145, 'lr': 0.001, 'params': 1413905, 'time_iter': 15.9752, 'accuracy': 0.9674, 'precision': 0.7105, 'recall': 0.2192, 'f1': 0.335, 'auc': 0.8431}
val: {'epoch': 57, 'loss': 0.0979, 'lr': 0.001, 'params': 1413905, 'time_iter': 3.1298, 'accuracy': 0.9801, 'precision': 0.4783, 'recall': 0.1358, 'f1': 0.2115, 'auc': 0.7657}
train: {'epoch': 57, 'eta': 660895.4755, 'loss': 0.1143, 'lr': 0.001, 'params': 1413905, 'time_iter': 15.3744, 'accuracy': 0.9674, 'precision': 0.7205, 'recall': 0.2135, 'f1': 0.3294, 'auc': 0.8426}
val: {'epoch': 58, 'loss': 0.0942, 'lr': 0.001, 'params': 1413905, 'time_iter': 2.8198, 'accuracy': 0.9798, 'precision': 0.4667, 'recall': 0.1728, 'f1': 0.2523, 'auc': 0.7526}
train: {'epoch': 58, 'eta': 645250.9533, 'loss': 0.1133, 'lr': 0.001, 'params': 1413905, 'time_iter': 15.4195, 'accuracy': 0.9679, 'precision': 0.7211, 'recall': 0.233, 'f1': 0.3521, 'auc': 0.8466}
val: {'epoch': 59, 'loss': 0.0969, 'lr': 0.001, 'params': 1413905, 'time_iter': 2.6951, 'accuracy': 0.9805, 'precision': 0.5238, 'recall': 0.1358, 'f1': 0.2157, 'auc': 0.7903}
train: {'epoch': 59, 'eta': 629906.1399, 'loss': 0.1125, 'lr': 0.001, 'params': 1413905, 'time_iter': 15.8672, 'accuracy': 0.9684, 'precision': 0.7581, 'recall': 0.2289, 'f1': 0.3516, 'auc': 0.8419}
val: {'epoch': 60, 'loss': 0.0955, 'lr': 0.001, 'params': 1413905, 'time_iter': 2.5378, 'accuracy': 0.9808, 'precision': 0.5625, 'recall': 0.1111, 'f1': 0.1856, 'auc': 0.7624}
train: {'epoch': 60, 'eta': 613753.6599, 'loss': 0.1127, 'lr': 0.001, 'params': 1413905, 'time_iter': 14.6885, 'accuracy': 0.968, 'precision': 0.725, 'recall': 0.2354, 'f1': 0.3554, 'auc': 0.8417}
val: {'epoch': 61, 'loss': 0.0987, 'lr': 0.001, 'params': 1413905, 'time_iter': 2.5739, 'accuracy': 0.9813, 'precision': 0.625, 'recall': 0.1235, 'f1': 0.2062, 'auc': 0.805}
train: {'epoch': 61, 'eta': 597593.9296, 'loss': 0.1123, 'lr': 0.001, 'params': 1413905, 'time_iter': 14.6239, 'accuracy': 0.9682, 'precision': 0.7429, 'recall': 0.2321, 'f1': 0.3537, 'auc': 0.8476}
val: {'epoch': 62, 'loss': 0.0924, 'lr': 0.001, 'params': 1413905, 'time_iter': 2.6838, 'accuracy': 0.9815, 'precision': 0.6667, 'recall': 0.1235, 'f1': 0.2083, 'auc': 0.7836}
train: {'epoch': 62, 'eta': 581265.156, 'loss': 0.1118, 'lr': 0.001, 'params': 1413905, 'time_iter': 14.2858, 'accuracy': 0.9681, 'precision': 0.7184, 'recall': 0.2443, 'f1': 0.3646, 'auc': 0.846}
val: {'epoch': 63, 'loss': 0.0881, 'lr': 0.001, 'params': 1413905, 'time_iter': 2.5072, 'accuracy': 0.9815, 'precision': 0.6471, 'recall': 0.1358, 'f1': 0.2245, 'auc': 0.787}
train: {'epoch': 63, 'eta': 565095.2753, 'loss': 0.1116, 'lr': 0.001, 'params': 1413905, 'time_iter': 14.4724, 'accuracy': 0.9682, 'precision': 0.733, 'recall': 0.2362, 'f1': 0.3573, 'auc': 0.8444}
val: {'epoch': 64, 'loss': 0.0937, 'lr': 0.001, 'params': 1413905, 'time_iter': 2.6437, 'accuracy': 0.9827, 'precision': 0.8571, 'recall': 0.1481, 'f1': 0.2526, 'auc': 0.7806}
train: {'epoch': 64, 'eta': 548624.2718, 'loss': 0.1097, 'lr': 0.001, 'params': 1413905, 'time_iter': 13.8579, 'accuracy': 0.9691, 'precision': 0.7589, 'recall': 0.2581, 'f1': 0.3852, 'auc': 0.8521}
val: {'epoch': 65, 'loss': 0.0965, 'lr': 0.001, 'params': 1413905, 'time_iter': 3.045, 'accuracy': 0.9818, 'precision': 0.75, 'recall': 0.1111, 'f1': 0.1935, 'auc': 0.7832}
train: {'epoch': 65, 'eta': 532412.7463, 'loss': 0.1103, 'lr': 0.001, 'params': 1413905, 'time_iter': 14.221, 'accuracy': 0.969, 'precision': 0.75, 'recall': 0.2581, 'f1': 0.3841, 'auc': 0.8497}
val: {'epoch': 66, 'loss': 0.0974, 'lr': 0.001, 'params': 1413905, 'time_iter': 2.5153, 'accuracy': 0.9823, 'precision': 0.8333, 'recall': 0.1235, 'f1': 0.2151, 'auc': 0.7855}
train: {'epoch': 66, 'eta': 516287.3715, 'loss': 0.1106, 'lr': 0.001, 'params': 1413905, 'time_iter': 14.2981, 'accuracy': 0.9685, 'precision': 0.7343, 'recall': 0.2468, 'f1': 0.3694, 'auc': 0.8523}
val: {'epoch': 67, 'loss': 0.0917, 'lr': 0.001, 'params': 1413905, 'time_iter': 2.7539, 'accuracy': 0.982, 'precision': 0.7692, 'recall': 0.1235, 'f1': 0.2128, 'auc': 0.7906}
train: {'epoch': 67, 'eta': 500348.3512, 'loss': 0.1102, 'lr': 0.001, 'params': 1413905, 'time_iter': 14.5971, 'accuracy': 0.9687, 'precision': 0.747, 'recall': 0.2492, 'f1': 0.3737, 'auc': 0.8524}
val: {'epoch': 68, 'loss': 0.0966, 'lr': 0.001, 'params': 1413905, 'time_iter': 2.7093, 'accuracy': 0.9825, 'precision': 0.7143, 'recall': 0.1852, 'f1': 0.2941, 'auc': 0.7547}
train: {'epoch': 68, 'eta': 484255.1157, 'loss': 0.1097, 'lr': 0.001, 'params': 1413905, 'time_iter': 14.2059, 'accuracy': 0.9691, 'precision': 0.7449, 'recall': 0.2679, 'f1': 0.394, 'auc': 0.8538}
val: {'epoch': 69, 'loss': 0.0987, 'lr': 0.001, 'params': 1413905, 'time_iter': 2.7041, 'accuracy': 0.9813, 'precision': 0.6111, 'recall': 0.1358, 'f1': 0.2222, 'auc': 0.7609}
train: {'epoch': 69, 'eta': 468422.7392, 'loss': 0.108, 'lr': 0.001, 'params': 1413905, 'time_iter': 14.7019, 'accuracy': 0.9692, 'precision': 0.7455, 'recall': 0.2687, 'f1': 0.395, 'auc': 0.8601}
val: {'epoch': 70, 'loss': 0.0977, 'lr': 0.001, 'params': 1413905, 'time_iter': 3.0764, 'accuracy': 0.9813, 'precision': 0.6429, 'recall': 0.1111, 'f1': 0.1895, 'auc': 0.79}
train: {'epoch': 70, 'eta': 452802.0655, 'loss': 0.1094, 'lr': 0.001, 'params': 1413905, 'time_iter': 15.1584, 'accuracy': 0.969, 'precision': 0.7409, 'recall': 0.2646, 'f1': 0.39, 'auc': 0.8565}
val: {'epoch': 71, 'loss': 0.094, 'lr': 0.001, 'params': 1413905, 'time_iter': 2.6815, 'accuracy': 0.9798, 'precision': 0.4615, 'recall': 0.1481, 'f1': 0.2243, 'auc': 0.7787}
train: {'epoch': 71, 'eta': 437336.6435, 'loss': 0.1079, 'lr': 0.001, 'params': 1413905, 'time_iter': 15.5448, 'accuracy': 0.9692, 'precision': 0.7477, 'recall': 0.267, 'f1': 0.3935, 'auc': 0.8628}
val: {'epoch': 72, 'loss': 0.0886, 'lr': 0.001, 'params': 1413905, 'time_iter': 2.8579, 'accuracy': 0.9801, 'precision': 0.4828, 'recall': 0.1728, 'f1': 0.2545, 'auc': 0.7961}
train: {'epoch': 72, 'eta': 421801.338, 'loss': 0.1087, 'lr': 0.001, 'params': 1413905, 'time_iter': 15.3993, 'accuracy': 0.969, 'precision': 0.7448, 'recall': 0.263, 'f1': 0.3887, 'auc': 0.8609}
val: {'epoch': 73, 'loss': 0.0945, 'lr': 0.001, 'params': 1413905, 'time_iter': 2.6369, 'accuracy': 0.9808, 'precision': 0.55, 'recall': 0.1358, 'f1': 0.2178, 'auc': 0.8014}
train: {'epoch': 73, 'eta': 406343.9587, 'loss': 0.1078, 'lr': 0.001, 'params': 1413905, 'time_iter': 15.6381, 'accuracy': 0.9693, 'precision': 0.7478, 'recall': 0.2719, 'f1': 0.3988, 'auc': 0.8621}
val: {'epoch': 74, 'loss': 0.0976, 'lr': 0.001, 'params': 1413905, 'time_iter': 2.7289, 'accuracy': 0.9823, 'precision': 0.9, 'recall': 0.1111, 'f1': 0.1978, 'auc': 0.7789}
train: {'epoch': 74, 'eta': 390842.0428, 'loss': 0.1084, 'lr': 0.001, 'params': 1413905, 'time_iter': 15.5575, 'accuracy': 0.9688, 'precision': 0.7201, 'recall': 0.2735, 'f1': 0.3965, 'auc': 0.8593}
val: {'epoch': 75, 'loss': 0.0941, 'lr': 0.001, 'params': 1413905, 'time_iter': 2.7761, 'accuracy': 0.982, 'precision': 0.7333, 'recall': 0.1358, 'f1': 0.2292, 'auc': 0.7975}
train: {'epoch': 75, 'eta': 375286.1366, 'loss': 0.1063, 'lr': 0.001, 'params': 1413905, 'time_iter': 15.4324, 'accuracy': 0.9697, 'precision': 0.7622, 'recall': 0.2784, 'f1': 0.4078, 'auc': 0.8665}
val: {'epoch': 76, 'loss': 0.0981, 'lr': 0.001, 'params': 1413905, 'time_iter': 2.6435, 'accuracy': 0.9823, 'precision': 0.8333, 'recall': 0.1235, 'f1': 0.2151, 'auc': 0.7744}
train: {'epoch': 76, 'eta': 359709.9559, 'loss': 0.1059, 'lr': 0.001, 'params': 1413905, 'time_iter': 15.3939, 'accuracy': 0.9697, 'precision': 0.7418, 'recall': 0.2938, 'f1': 0.4209, 'auc': 0.8664}
val: {'epoch': 77, 'loss': 0.0963, 'lr': 0.001, 'params': 1413905, 'time_iter': 3.1261, 'accuracy': 0.9808, 'precision': 0.5556, 'recall': 0.1235, 'f1': 0.202, 'auc': 0.7769}
train: {'epoch': 77, 'eta': 344071.7757, 'loss': 0.106, 'lr': 0.001, 'params': 1413905, 'time_iter': 15.2036, 'accuracy': 0.9695, 'precision': 0.7426, 'recall': 0.2857, 'f1': 0.4127, 'auc': 0.8683}
val: {'epoch': 78, 'loss': 0.1054, 'lr': 0.001, 'params': 1413905, 'time_iter': 2.5351, 'accuracy': 0.9818, 'precision': 0.8, 'recall': 0.0988, 'f1': 0.1758, 'auc': 0.78}
train: {'epoch': 78, 'eta': 328252.3635, 'loss': 0.1059, 'lr': 0.001, 'params': 1413905, 'time_iter': 14.5416, 'accuracy': 0.9695, 'precision': 0.7436, 'recall': 0.2825, 'f1': 0.4094, 'auc': 0.8681}
val: {'epoch': 79, 'loss': 0.0982, 'lr': 0.001, 'params': 1413905, 'time_iter': 2.8372, 'accuracy': 0.9813, 'precision': 0.5833, 'recall': 0.1728, 'f1': 0.2667, 'auc': 0.8016}
train: {'epoch': 79, 'eta': 312527.4779, 'loss': 0.1051, 'lr': 0.001, 'params': 1413905, 'time_iter': 14.8258, 'accuracy': 0.97, 'precision': 0.7617, 'recall': 0.2906, 'f1': 0.4207, 'auc': 0.8677}
val: {'epoch': 80, 'loss': 0.1036, 'lr': 0.001, 'params': 1413905, 'time_iter': 2.7088, 'accuracy': 0.9801, 'precision': 0.4815, 'recall': 0.1605, 'f1': 0.2407, 'auc': 0.7585}
train: {'epoch': 80, 'eta': 296883.2384, 'loss': 0.1045, 'lr': 0.001, 'params': 1413905, 'time_iter': 15.112, 'accuracy': 0.9695, 'precision': 0.7346, 'recall': 0.2898, 'f1': 0.4156, 'auc': 0.8717}
val: {'epoch': 81, 'loss': 0.1046, 'lr': 0.001, 'params': 1413905, 'time_iter': 2.4783, 'accuracy': 0.9788, 'precision': 0.3636, 'recall': 0.0988, 'f1': 0.1553, 'auc': 0.7909}
train: {'epoch': 81, 'eta': 281198.0581, 'loss': 0.104, 'lr': 0.001, 'params': 1413905, 'time_iter': 14.9206, 'accuracy': 0.9704, 'precision': 0.7616, 'recall': 0.306, 'f1': 0.4366, 'auc': 0.874}
val: {'epoch': 82, 'loss': 0.0984, 'lr': 0.001, 'params': 1413905, 'time_iter': 2.6126, 'accuracy': 0.9813, 'precision': 0.6667, 'recall': 0.0988, 'f1': 0.172, 'auc': 0.7765}
train: {'epoch': 82, 'eta': 265529.4764, 'loss': 0.1062, 'lr': 0.001, 'params': 1413905, 'time_iter': 14.9614, 'accuracy': 0.9695, 'precision': 0.7511, 'recall': 0.2792, 'f1': 0.4071, 'auc': 0.8698}
val: {'epoch': 83, 'loss': 0.0982, 'lr': 0.001, 'params': 1413905, 'time_iter': 3.3001, 'accuracy': 0.9823, 'precision': 0.9, 'recall': 0.1111, 'f1': 0.1978, 'auc': 0.7999}
train: {'epoch': 83, 'eta': 249866.0973, 'loss': 0.1046, 'lr': 0.001, 'params': 1413905, 'time_iter': 14.9547, 'accuracy': 0.9695, 'precision': 0.7375, 'recall': 0.2873, 'f1': 0.4136, 'auc': 0.8738}
val: {'epoch': 84, 'loss': 0.1027, 'lr': 0.001, 'params': 1413905, 'time_iter': 2.5585, 'accuracy': 0.9808, 'precision': 0.55, 'recall': 0.1358, 'f1': 0.2178, 'auc': 0.7931}
train: {'epoch': 84, 'eta': 234137.2877, 'loss': 0.1042, 'lr': 0.001, 'params': 1413905, 'time_iter': 14.5587, 'accuracy': 0.9708, 'precision': 0.7771, 'recall': 0.3084, 'f1': 0.4416, 'auc': 0.8748}
val: {'epoch': 85, 'loss': 0.1063, 'lr': 0.001, 'params': 1413905, 'time_iter': 2.5913, 'accuracy': 0.9813, 'precision': 0.6667, 'recall': 0.0988, 'f1': 0.172, 'auc': 0.7861}
train: {'epoch': 85, 'eta': 218361.1169, 'loss': 0.1039, 'lr': 0.001, 'params': 1413905, 'time_iter': 14.1722, 'accuracy': 0.9698, 'precision': 0.7543, 'recall': 0.2865, 'f1': 0.4153, 'auc': 0.8757}
val: {'epoch': 86, 'loss': 0.0991, 'lr': 0.001, 'params': 1413905, 'time_iter': 2.5285, 'accuracy': 0.982, 'precision': 0.7692, 'recall': 0.1235, 'f1': 0.2128, 'auc': 0.8127}
train: {'epoch': 86, 'eta': 202602.051, 'loss': 0.1025, 'lr': 0.001, 'params': 1413905, 'time_iter': 14.1051, 'accuracy': 0.9708, 'precision': 0.7591, 'recall': 0.3222, 'f1': 0.4524, 'auc': 0.8791}
val: {'epoch': 87, 'loss': 0.1047, 'lr': 0.001, 'params': 1413905, 'time_iter': 2.5295, 'accuracy': 0.9818, 'precision': 0.7143, 'recall': 0.1235, 'f1': 0.2105, 'auc': 0.7676}
train: {'epoch': 87, 'eta': 186890.66, 'loss': 0.1025, 'lr': 0.001, 'params': 1413905, 'time_iter': 14.2432, 'accuracy': 0.9706, 'precision': 0.75, 'recall': 0.3214, 'f1': 0.45, 'auc': 0.8792}
val: {'epoch': 88, 'loss': 0.1023, 'lr': 0.001, 'params': 1413905, 'time_iter': 2.7195, 'accuracy': 0.9796, 'precision': 0.44, 'recall': 0.1358, 'f1': 0.2075, 'auc': 0.7714}
train: {'epoch': 88, 'eta': 171223.7199, 'loss': 0.1021, 'lr': 0.001, 'params': 1413905, 'time_iter': 14.4063, 'accuracy': 0.9702, 'precision': 0.7665, 'recall': 0.293, 'f1': 0.424, 'auc': 0.8801}
val: {'epoch': 89, 'loss': 0.1009, 'lr': 0.001, 'params': 1413905, 'time_iter': 2.4519, 'accuracy': 0.9818, 'precision': 0.75, 'recall': 0.1111, 'f1': 0.1935, 'auc': 0.7914}
train: {'epoch': 89, 'eta': 155527.7575, 'loss': 0.103, 'lr': 0.001, 'params': 1413905, 'time_iter': 13.9886, 'accuracy': 0.9703, 'precision': 0.751, 'recall': 0.3084, 'f1': 0.4373, 'auc': 0.8773}
val: {'epoch': 90, 'loss': 0.0959, 'lr': 0.001, 'params': 1413905, 'time_iter': 2.5277, 'accuracy': 0.9825, 'precision': 0.8, 'recall': 0.1481, 'f1': 0.25, 'auc': 0.7922}
train: {'epoch': 90, 'eta': 139825.1452, 'loss': 0.1019, 'lr': 0.001, 'params': 1413905, 'time_iter': 13.6421, 'accuracy': 0.971, 'precision': 0.7821, 'recall': 0.3117, 'f1': 0.4457, 'auc': 0.8799}
val: {'epoch': 91, 'loss': 0.0958, 'lr': 0.001, 'params': 1413905, 'time_iter': 2.4238, 'accuracy': 0.9796, 'precision': 0.4348, 'recall': 0.1235, 'f1': 0.1923, 'auc': 0.7931}
train: {'epoch': 91, 'eta': 124196.7089, 'loss': 0.1017, 'lr': 0.001, 'params': 1413905, 'time_iter': 14.0666, 'accuracy': 0.9705, 'precision': 0.761, 'recall': 0.3101, 'f1': 0.4406, 'auc': 0.8829}
val: {'epoch': 92, 'loss': 0.0947, 'lr': 0.001, 'params': 1413905, 'time_iter': 2.6001, 'accuracy': 0.9813, 'precision': 0.6, 'recall': 0.1481, 'f1': 0.2376, 'auc': 0.7819}
train: {'epoch': 92, 'eta': 108576.8859, 'loss': 0.1009, 'lr': 0.001, 'params': 1413905, 'time_iter': 13.8575, 'accuracy': 0.9709, 'precision': 0.7655, 'recall': 0.3206, 'f1': 0.4519, 'auc': 0.8863}
val: {'epoch': 93, 'loss': 0.1032, 'lr': 0.001, 'params': 1413905, 'time_iter': 2.6141, 'accuracy': 0.9813, 'precision': 0.625, 'recall': 0.1235, 'f1': 0.2062, 'auc': 0.7924}
train: {'epoch': 93, 'eta': 92987.5667, 'loss': 0.0997, 'lr': 0.001, 'params': 1413905, 'time_iter': 13.8812, 'accuracy': 0.9709, 'precision': 0.7727, 'recall': 0.3174, 'f1': 0.4499, 'auc': 0.8879}
val: {'epoch': 94, 'loss': 0.0988, 'lr': 0.001, 'params': 1413905, 'time_iter': 2.4586, 'accuracy': 0.9815, 'precision': 0.6471, 'recall': 0.1358, 'f1': 0.2245, 'auc': 0.7881}
train: {'epoch': 94, 'eta': 77457.3136, 'loss': 0.1005, 'lr': 0.001, 'params': 1413905, 'time_iter': 14.4643, 'accuracy': 0.9709, 'precision': 0.7734, 'recall': 0.3157, 'f1': 0.4484, 'auc': 0.8877}
val: {'epoch': 95, 'loss': 0.1053, 'lr': 0.001, 'params': 1413905, 'time_iter': 2.6759, 'accuracy': 0.9815, 'precision': 0.6471, 'recall': 0.1358, 'f1': 0.2245, 'auc': 0.776}
train: {'epoch': 95, 'eta': 61935.6277, 'loss': 0.1006, 'lr': 0.001, 'params': 1413905, 'time_iter': 14.35, 'accuracy': 0.9709, 'precision': 0.7695, 'recall': 0.3198, 'f1': 0.4518, 'auc': 0.8851}
val: {'epoch': 96, 'loss': 0.0983, 'lr': 0.001, 'params': 1413905, 'time_iter': 3.3137, 'accuracy': 0.982, 'precision': 0.7692, 'recall': 0.1235, 'f1': 0.2128, 'auc': 0.7963}
train: {'epoch': 96, 'eta': 46447.0394, 'loss': 0.0996, 'lr': 0.001, 'params': 1413905, 'time_iter': 14.9004, 'accuracy': 0.9715, 'precision': 0.7801, 'recall': 0.3312, 'f1': 0.465, 'auc': 0.887}
val: {'epoch': 97, 'loss': 0.1021, 'lr': 0.001, 'params': 1413905, 'time_iter': 2.9381, 'accuracy': 0.9823, 'precision': 0.75, 'recall': 0.1481, 'f1': 0.2474, 'auc': 0.7937}
train: {'epoch': 97, 'eta': 30962.0937, 'loss': 0.0986, 'lr': 0.001, 'params': 1413905, 'time_iter': 14.9222, 'accuracy': 0.9714, 'precision': 0.7724, 'recall': 0.336, 'f1': 0.4683, 'auc': 0.89}
val: {'epoch': 98, 'loss': 0.1007, 'lr': 0.001, 'params': 1413905, 'time_iter': 2.8223, 'accuracy': 0.983, 'precision': 0.8235, 'recall': 0.1728, 'f1': 0.2857, 'auc': 0.7916}
train: {'epoch': 98, 'eta': 15474.6673, 'loss': 0.0986, 'lr': 0.001, 'params': 1413905, 'time_iter': 14.431, 'accuracy': 0.9714, 'precision': 0.7695, 'recall': 0.336, 'f1': 0.4678, 'auc': 0.8904}
val: {'epoch': 99, 'loss': 0.1049, 'lr': 0.001, 'params': 1413905, 'time_iter': 2.5386, 'accuracy': 0.9818, 'precision': 0.8, 'recall': 0.0988, 'f1': 0.1758, 'auc': 0.7899}
train: {'epoch': 99, 'eta': 0.0, 'loss': 0.0979, 'lr': 0.001, 'params': 1413905, 'time_iter': 14.9448, 'accuracy': 0.9715, 'precision': 0.7712, 'recall': 0.3393, 'f1': 0.4713, 'auc': 0.8956}
test: {'epoch': 99, 'loss': 0.1761, 'lr': 0.001, 'params': 1413905, 'time_iter': 2.4299, 'accuracy': 0.9696, 'precision': 0.6923, 'recall': 0.0692, 'f1': 0.1259, 'auc': 0.7528}
test: {'epoch': 86, 'loss': 0.1783, 'lr': 0.001, 'params': 1413905, 'time_iter': 2.353, 'accuracy': 0.9694, 'precision': 0.6667, 'recall': 0.0615, 'f1': 0.1127, 'auc': 0.7452}
