GraphGymModule(
  (model): DilatedGNNModel(
    (encoder): FeatureEncoder(
      (node_encoder): AtomEncoder(
        (atom_embedding_list): ModuleList(
          (0): Embedding(119, 300)
          (1): Embedding(4, 300)
          (2): Embedding(12, 300)
          (3): Embedding(12, 300)
          (4): Embedding(10, 300)
          (5): Embedding(6, 300)
          (6): Embedding(6, 300)
          (7): Embedding(2, 300)
          (8): Embedding(2, 300)
        )
      )
      (edge_encoder): BondEncoder(
        (bond_embedding_list): ModuleList(
          (0): Embedding(5, 300)
          (1): Embedding(6, 300)
          (2): Embedding(2, 300)
        )
      )
    )
    (mp): GNNDilatedStage(
      (classic_layers): ModuleList(
        (0): GeneralLayer(
          (layer): EGATConv(
            (model): GATConv(300, 300, heads=1)
          )
          (post_layer): Sequential(
            (0): BatchNorm1d(300, eps=1e-05, momentum=0.1, affine=True, track_running_stats=True)
            (1): Dropout(p=0.5, inplace=False)
            (2): ReLU()
          )
        )
        (1): GeneralLayer(
          (layer): EGATConv(
            (model): GATConv(300, 300, heads=1)
          )
          (post_layer): Sequential(
            (0): BatchNorm1d(300, eps=1e-05, momentum=0.1, affine=True, track_running_stats=True)
            (1): Dropout(p=0.5, inplace=False)
            (2): ReLU()
          )
        )
        (2): GeneralLayer(
          (layer): EGATConv(
            (model): GATConv(300, 300, heads=1)
          )
          (post_layer): Sequential(
            (0): BatchNorm1d(300, eps=1e-05, momentum=0.1, affine=True, track_running_stats=True)
            (1): Dropout(p=0.5, inplace=False)
            (2): ReLU()
          )
        )
      )
      (dilated_layers): ModuleList(
        (0): DilatedGeneralLayer(
          (layer): EGATConv(
            (model): GATConv(300, 300, heads=1)
          )
          (post_layer): Sequential(
            (0): BatchNorm1d(300, eps=1e-05, momentum=0.1, affine=True, track_running_stats=True)
            (1): Dropout(p=0.5, inplace=False)
            (2): ReLU()
          )
          (gem): GeM(p=3.0000, eps=1e-06)
        )
        (1): DilatedGeneralLayer(
          (layer): EGATConv(
            (model): GATConv(300, 300, heads=1)
          )
          (post_layer): Sequential(
            (0): BatchNorm1d(300, eps=1e-05, momentum=0.1, affine=True, track_running_stats=True)
            (1): Dropout(p=0.5, inplace=False)
            (2): ReLU()
          )
          (gem): GeM(p=3.0000, eps=1e-06)
        )
        (2): DilatedGeneralLayer(
          (layer): EGATConv(
            (model): GATConv(300, 300, heads=1)
          )
          (post_layer): Sequential(
            (0): BatchNorm1d(300, eps=1e-05, momentum=0.1, affine=True, track_running_stats=True)
            (1): Dropout(p=0.5, inplace=False)
            (2): ReLU()
          )
          (gem): GeM(p=3.0000, eps=1e-06)
        )
      )
      (act): ReLU()
    )
    (post_mp): GNNGraphHead(
      (layer_post_mp): MLP(
        (model): Sequential(
          (0): Linear(
            (model): Linear(600, 1, bias=True)
          )
        )
      )
    )
  )
)
accelerator: cuda
benchmark: False
bn:
  eps: 1e-05
  mom: 0.1
cfg_dest: config.yaml
custom_metrics: []
dataset:
  cache_load: False
  cache_save: False
  dir: ./datasets
  edge_dim: 300
  edge_encoder: True
  edge_encoder_bn: False
  edge_encoder_name: Bond
  edge_message_ratio: 0.8
  edge_negative_sampling_ratio: 1.0
  edge_train_mode: all
  encoder: True
  encoder_bn: True
  encoder_dim: 128
  encoder_name: db
  fast_loader: False
  format: OGB
  label_column: none
  label_table: none
  location: local
  name: ogbg-molhiv
  node_encoder: True
  node_encoder_bn: False
  node_encoder_name: Atom
  remove_feature: False
  resample_disjoint: False
  resample_negative: False
  shuffle_split: True
  split: [0.8, 0.1, 0.1]
  split_mode: random
  task: graph
  task_type: classification
  to_undirected: False
  transductive: False
  transform: none
  tu_simple: True
devices: 1
gnn:
  act: relu
  act_on_last_layer_mp: False
  agg: none
  att_final_linear: False
  att_final_linear_bn: False
  att_heads: 1
  batchnorm: True
  clear_feature: True
  dilated_path_join: concat
  dim_inner: 300
  dropout: 0.5
  head: graph
  keep_edge: 0.5
  l2norm: True
  layer_type: egatconv
  layers_k1: 3
  layers_k2: 3
  layers_mp: 5
  layers_post_mp: 1
  layers_pre_mp: 0
  learn_alpha_residual_connection: True
  msg_direction: single
  normalize_adj: False
  self_msg: concat
  skip_every: 1
  stage_type: stack
  use_edge_features: True
gpu_mem: False
mem:
  inplace: False
metric_agg: argmax
metric_best: auc
model:
  edge_decoding: dot
  graph_pooling: mean
  loss_fun: cross_entropy
  match_upper: True
  size_average: mean
  thresh: 0.5
  type: dilated_gnn
num_threads: 6
num_workers: 16
optim:
  base_lr: 0.001
  lr_decay: 0.1
  max_epoch: 100
  momentum: 0.9
  optimizer: adam
  scheduler: none
  steps: [30, 60, 90]
  weight_decay: 0.0
out_dir: results_experiments/ogbg_molhiv_baseline_grid_design/ogbg_molhiv_baseline-type=dilated_gnn-layer_type=egatconv-layers_k1=3-layers_k2=3-dilated_path_join=concat-learn_alpha_residual_connection=True
params: 1145407
print: both
round: 4
run_dir: results_experiments/ogbg_molhiv_baseline_grid_design/ogbg_molhiv_baseline-type=dilated_gnn-layer_type=egatconv-layers_k1=3-layers_k2=3-dilated_path_join=concat-learn_alpha_residual_connection=True/5
seed: 6
share:
  dim_in: 9
  dim_out: 2
  num_splits: 3
tensorboard_agg: True
tensorboard_each_run: False
train:
  auto_resume: False
  batch_size: 32
  ckpt_clean: True
  ckpt_period: 100
  enable_ckpt: True
  epoch_resume: -1
  eval_period: 1
  iter_per_epoch: 32
  neighbor_sizes: [20, 15, 10, 5]
  node_per_graph: 32
  radius: extend
  sample_node: False
  sampler: full_batch
  skip_train_eval: False
  walk_length: 4
val:
  node_per_graph: 32
  radius: extend
  sample_node: False
  sampler: full_batch
view_emb: False
Num parameters: 1145407
val: {'epoch': 0, 'loss': 0.7333, 'lr': 0.001, 'params': 1145407, 'time_iter': 1.0424, 'accuracy': 0.0156, 'precision': 0.0156, 'recall': 1.0, 'f1': 0.0308, 'auc': 0.3333}
val: {'epoch': 0, 'loss': 0.0987, 'lr': 0.001, 'params': 1145407, 'time_iter': 2.8068, 'accuracy': 0.9803, 'precision': 0.0, 'recall': 0.0, 'f1': 0.0, 'auc': 0.6068}
train: {'epoch': 0, 'eta': 2119155.9987, 'loss': 0.1901, 'lr': 0.001, 'params': 1145407, 'time_iter': 20.8023, 'accuracy': 0.9601, 'precision': 0.0543, 'recall': 0.0041, 'f1': 0.0076, 'auc': 0.5626}
val: {'epoch': 1, 'loss': 0.0984, 'lr': 0.001, 'params': 1145407, 'time_iter': 3.1191, 'accuracy': 0.9803, 'precision': 0.0, 'recall': 0.0, 'f1': 0.0, 'auc': 0.6274}
train: {'epoch': 1, 'eta': 2071967.2904, 'loss': 0.1517, 'lr': 0.001, 'params': 1145407, 'time_iter': 20.291, 'accuracy': 0.9626, 'precision': 0.0, 'recall': 0.0, 'f1': 0.0, 'auc': 0.664}
val: {'epoch': 2, 'loss': 0.0966, 'lr': 0.001, 'params': 1145407, 'time_iter': 3.1461, 'accuracy': 0.9803, 'precision': 0.0, 'recall': 0.0, 'f1': 0.0, 'auc': 0.6772}
train: {'epoch': 2, 'eta': 2046973.3955, 'loss': 0.15, 'lr': 0.001, 'params': 1145407, 'time_iter': 20.4309, 'accuracy': 0.9626, 'precision': 0.0, 'recall': 0.0, 'f1': 0.0, 'auc': 0.6787}
val: {'epoch': 3, 'loss': 0.1003, 'lr': 0.001, 'params': 1145407, 'time_iter': 2.982, 'accuracy': 0.9803, 'precision': 0.0, 'recall': 0.0, 'f1': 0.0, 'auc': 0.6405}
train: {'epoch': 3, 'eta': 2042275.2637, 'loss': 0.1475, 'lr': 0.001, 'params': 1145407, 'time_iter': 21.1723, 'accuracy': 0.9626, 'precision': 0.0, 'recall': 0.0, 'f1': 0.0, 'auc': 0.6931}
val: {'epoch': 4, 'loss': 0.1005, 'lr': 0.001, 'params': 1145407, 'time_iter': 2.9025, 'accuracy': 0.9803, 'precision': 0.0, 'recall': 0.0, 'f1': 0.0, 'auc': 0.659}
train: {'epoch': 4, 'eta': 2019151.5679, 'loss': 0.1474, 'lr': 0.001, 'params': 1145407, 'time_iter': 20.5795, 'accuracy': 0.9625, 'precision': 0.0, 'recall': 0.0, 'f1': 0.0, 'auc': 0.6843}
val: {'epoch': 5, 'loss': 0.1032, 'lr': 0.001, 'params': 1145407, 'time_iter': 2.911, 'accuracy': 0.9808, 'precision': 1.0, 'recall': 0.0247, 'f1': 0.0482, 'auc': 0.6994}
train: {'epoch': 5, 'eta': 1997896.6991, 'loss': 0.1443, 'lr': 0.001, 'params': 1145407, 'time_iter': 20.6552, 'accuracy': 0.9626, 'precision': 0.6154, 'recall': 0.0065, 'f1': 0.0129, 'auc': 0.7066}
val: {'epoch': 6, 'loss': 0.0985, 'lr': 0.001, 'params': 1145407, 'time_iter': 2.95, 'accuracy': 0.9808, 'precision': 0.75, 'recall': 0.037, 'f1': 0.0706, 'auc': 0.6639}
train: {'epoch': 6, 'eta': 1974302.8421, 'loss': 0.1455, 'lr': 0.001, 'params': 1145407, 'time_iter': 20.4841, 'accuracy': 0.9626, 'precision': 0.5217, 'recall': 0.0097, 'f1': 0.0191, 'auc': 0.6979}
val: {'epoch': 7, 'loss': 0.1069, 'lr': 0.001, 'params': 1145407, 'time_iter': 3.2273, 'accuracy': 0.9808, 'precision': 1.0, 'recall': 0.0247, 'f1': 0.0482, 'auc': 0.5909}
train: {'epoch': 7, 'eta': 1955901.0628, 'loss': 0.1471, 'lr': 0.001, 'params': 1145407, 'time_iter': 20.8697, 'accuracy': 0.9627, 'precision': 0.5556, 'recall': 0.0162, 'f1': 0.0315, 'auc': 0.6816}
val: {'epoch': 8, 'loss': 0.1064, 'lr': 0.001, 'params': 1145407, 'time_iter': 2.8614, 'accuracy': 0.9803, 'precision': 0.0, 'recall': 0.0, 'f1': 0.0, 'auc': 0.6826}
train: {'epoch': 8, 'eta': 1935711.9882, 'loss': 0.146, 'lr': 0.001, 'params': 1145407, 'time_iter': 20.7635, 'accuracy': 0.9627, 'precision': 0.5862, 'recall': 0.0138, 'f1': 0.027, 'auc': 0.6952}
val: {'epoch': 9, 'loss': 0.098, 'lr': 0.001, 'params': 1145407, 'time_iter': 2.9124, 'accuracy': 0.981, 'precision': 1.0, 'recall': 0.037, 'f1': 0.0714, 'auc': 0.6428}
train: {'epoch': 9, 'eta': 1914250.6289, 'loss': 0.1446, 'lr': 0.001, 'params': 1145407, 'time_iter': 20.6516, 'accuracy': 0.9632, 'precision': 0.7333, 'recall': 0.0268, 'f1': 0.0517, 'auc': 0.7042}
val: {'epoch': 10, 'loss': 0.106, 'lr': 0.001, 'params': 1145407, 'time_iter': 3.1557, 'accuracy': 0.9813, 'precision': 0.8333, 'recall': 0.0617, 'f1': 0.1149, 'auc': 0.6327}
train: {'epoch': 10, 'eta': 1891565.8957, 'loss': 0.1463, 'lr': 0.001, 'params': 1145407, 'time_iter': 20.5, 'accuracy': 0.9628, 'precision': 0.5957, 'recall': 0.0227, 'f1': 0.0438, 'auc': 0.6956}
val: {'epoch': 11, 'loss': 0.1066, 'lr': 0.001, 'params': 1145407, 'time_iter': 3.1753, 'accuracy': 0.9813, 'precision': 0.7, 'recall': 0.0864, 'f1': 0.1538, 'auc': 0.6051}
train: {'epoch': 11, 'eta': 1866695.3971, 'loss': 0.1439, 'lr': 0.001, 'params': 1145407, 'time_iter': 20.1752, 'accuracy': 0.963, 'precision': 0.6081, 'recall': 0.0365, 'f1': 0.0689, 'auc': 0.7126}
val: {'epoch': 12, 'loss': 0.1063, 'lr': 0.001, 'params': 1145407, 'time_iter': 3.2776, 'accuracy': 0.9803, 'precision': 0.0, 'recall': 0.0, 'f1': 0.0, 'auc': 0.6548}
train: {'epoch': 12, 'eta': 1846726.3318, 'loss': 0.1441, 'lr': 0.001, 'params': 1145407, 'time_iter': 20.7952, 'accuracy': 0.9629, 'precision': 0.6226, 'recall': 0.0268, 'f1': 0.0514, 'auc': 0.7102}
val: {'epoch': 13, 'loss': 0.1096, 'lr': 0.001, 'params': 1145407, 'time_iter': 2.8784, 'accuracy': 0.9803, 'precision': 0.0, 'recall': 0.0, 'f1': 0.0, 'auc': 0.6493}
train: {'epoch': 13, 'eta': 1826688.6483, 'loss': 0.1437, 'lr': 0.001, 'params': 1145407, 'time_iter': 20.8166, 'accuracy': 0.9629, 'precision': 0.5932, 'recall': 0.0284, 'f1': 0.0542, 'auc': 0.7108}
val: {'epoch': 14, 'loss': 0.1121, 'lr': 0.001, 'params': 1145407, 'time_iter': 3.0824, 'accuracy': 0.9803, 'precision': 0.0, 'recall': 0.0, 'f1': 0.0, 'auc': 0.5767}
train: {'epoch': 14, 'eta': 1803054.2187, 'loss': 0.1474, 'lr': 0.001, 'params': 1145407, 'time_iter': 20.2314, 'accuracy': 0.963, 'precision': 0.6379, 'recall': 0.03, 'f1': 0.0574, 'auc': 0.6842}
val: {'epoch': 15, 'loss': 0.1113, 'lr': 0.001, 'params': 1145407, 'time_iter': 2.8672, 'accuracy': 0.9803, 'precision': 0.0, 'recall': 0.0, 'f1': 0.0, 'auc': 0.5931}
train: {'epoch': 15, 'eta': 1780687.6298, 'loss': 0.1479, 'lr': 0.001, 'params': 1145407, 'time_iter': 20.4009, 'accuracy': 0.9629, 'precision': 0.5679, 'recall': 0.0373, 'f1': 0.0701, 'auc': 0.6629}
val: {'epoch': 16, 'loss': 0.11, 'lr': 0.001, 'params': 1145407, 'time_iter': 2.8744, 'accuracy': 0.9803, 'precision': 0.0, 'recall': 0.0, 'f1': 0.0, 'auc': 0.6685}
train: {'epoch': 16, 'eta': 1757646.8523, 'loss': 0.145, 'lr': 0.001, 'params': 1145407, 'time_iter': 20.2346, 'accuracy': 0.9631, 'precision': 0.5918, 'recall': 0.0471, 'f1': 0.0872, 'auc': 0.6819}
val: {'epoch': 17, 'loss': 0.1037, 'lr': 0.001, 'params': 1145407, 'time_iter': 2.7751, 'accuracy': 0.9818, 'precision': 1.0, 'recall': 0.0741, 'f1': 0.1379, 'auc': 0.6965}
train: {'epoch': 17, 'eta': 1734656.5104, 'loss': 0.1455, 'lr': 0.001, 'params': 1145407, 'time_iter': 20.1927, 'accuracy': 0.963, 'precision': 0.6143, 'recall': 0.0349, 'f1': 0.0661, 'auc': 0.6899}
val: {'epoch': 18, 'loss': 0.1057, 'lr': 0.001, 'params': 1145407, 'time_iter': 3.9148, 'accuracy': 0.9808, 'precision': 1.0, 'recall': 0.0247, 'f1': 0.0482, 'auc': 0.7266}
train: {'epoch': 18, 'eta': 1713050.1673, 'loss': 0.1473, 'lr': 0.001, 'params': 1145407, 'time_iter': 20.4551, 'accuracy': 0.9628, 'precision': 0.5488, 'recall': 0.0365, 'f1': 0.0685, 'auc': 0.6761}
val: {'epoch': 19, 'loss': 0.1089, 'lr': 0.001, 'params': 1145407, 'time_iter': 2.9356, 'accuracy': 0.9803, 'precision': 0.0, 'recall': 0.0, 'f1': 0.0, 'auc': 0.733}
train: {'epoch': 19, 'eta': 1690081.24, 'loss': 0.1433, 'lr': 0.001, 'params': 1145407, 'time_iter': 20.1105, 'accuracy': 0.9637, 'precision': 0.637, 'recall': 0.0698, 'f1': 0.1258, 'auc': 0.706}
val: {'epoch': 20, 'loss': 0.1009, 'lr': 0.001, 'params': 1145407, 'time_iter': 3.0464, 'accuracy': 0.981, 'precision': 0.6154, 'recall': 0.0988, 'f1': 0.1702, 'auc': 0.7306}
train: {'epoch': 20, 'eta': 1668328.9068, 'loss': 0.1422, 'lr': 0.001, 'params': 1145407, 'time_iter': 20.3688, 'accuracy': 0.9635, 'precision': 0.6027, 'recall': 0.0714, 'f1': 0.1277, 'auc': 0.7146}
val: {'epoch': 21, 'loss': 0.1023, 'lr': 0.001, 'params': 1145407, 'time_iter': 2.9344, 'accuracy': 0.981, 'precision': 0.6154, 'recall': 0.0988, 'f1': 0.1702, 'auc': 0.7164}
train: {'epoch': 21, 'eta': 1648244.4589, 'loss': 0.1436, 'lr': 0.001, 'params': 1145407, 'time_iter': 20.8062, 'accuracy': 0.9633, 'precision': 0.6083, 'recall': 0.0593, 'f1': 0.108, 'auc': 0.706}
val: {'epoch': 22, 'loss': 0.1047, 'lr': 0.001, 'params': 1145407, 'time_iter': 2.998, 'accuracy': 0.9803, 'precision': 0.0, 'recall': 0.0, 'f1': 0.0, 'auc': 0.6626}
train: {'epoch': 22, 'eta': 1626359.8203, 'loss': 0.1438, 'lr': 0.001, 'params': 1145407, 'time_iter': 20.3171, 'accuracy': 0.9634, 'precision': 0.6167, 'recall': 0.0601, 'f1': 0.1095, 'auc': 0.7012}
val: {'epoch': 23, 'loss': 0.1121, 'lr': 0.001, 'params': 1145407, 'time_iter': 2.9837, 'accuracy': 0.9803, 'precision': 0.0, 'recall': 0.0, 'f1': 0.0, 'auc': 0.6407}
train: {'epoch': 23, 'eta': 1604061.2558, 'loss': 0.1446, 'lr': 0.001, 'params': 1145407, 'time_iter': 20.1651, 'accuracy': 0.9628, 'precision': 0.5488, 'recall': 0.0365, 'f1': 0.0685, 'auc': 0.7033}
val: {'epoch': 24, 'loss': 0.0998, 'lr': 0.001, 'params': 1145407, 'time_iter': 2.902, 'accuracy': 0.9805, 'precision': 0.5556, 'recall': 0.0617, 'f1': 0.1111, 'auc': 0.7165}
train: {'epoch': 24, 'eta': 1582988.0392, 'loss': 0.1432, 'lr': 0.001, 'params': 1145407, 'time_iter': 20.5219, 'accuracy': 0.9633, 'precision': 0.6354, 'recall': 0.0495, 'f1': 0.0919, 'auc': 0.7074}
val: {'epoch': 25, 'loss': 0.1009, 'lr': 0.001, 'params': 1145407, 'time_iter': 2.9405, 'accuracy': 0.9815, 'precision': 0.8571, 'recall': 0.0741, 'f1': 0.1364, 'auc': 0.6845}
train: {'epoch': 25, 'eta': 1562539.6164, 'loss': 0.1428, 'lr': 0.001, 'params': 1145407, 'time_iter': 20.7364, 'accuracy': 0.9636, 'precision': 0.6371, 'recall': 0.0641, 'f1': 0.1165, 'auc': 0.7083}
val: {'epoch': 26, 'loss': 0.1085, 'lr': 0.001, 'params': 1145407, 'time_iter': 3.1166, 'accuracy': 0.9803, 'precision': 0.0, 'recall': 0.0, 'f1': 0.0, 'auc': 0.6643}
train: {'epoch': 26, 'eta': 1541187.3594, 'loss': 0.1457, 'lr': 0.001, 'params': 1145407, 'time_iter': 20.4352, 'accuracy': 0.9629, 'precision': 0.6, 'recall': 0.0292, 'f1': 0.0557, 'auc': 0.6947}
val: {'epoch': 27, 'loss': 0.1021, 'lr': 0.001, 'params': 1145407, 'time_iter': 2.8239, 'accuracy': 0.9813, 'precision': 0.6667, 'recall': 0.0988, 'f1': 0.172, 'auc': 0.6828}
train: {'epoch': 27, 'eta': 1520102.8161, 'loss': 0.143, 'lr': 0.001, 'params': 1145407, 'time_iter': 20.5276, 'accuracy': 0.963, 'precision': 0.5686, 'recall': 0.0471, 'f1': 0.087, 'auc': 0.7119}
val: {'epoch': 28, 'loss': 0.1045, 'lr': 0.001, 'params': 1145407, 'time_iter': 2.7871, 'accuracy': 0.9803, 'precision': 0.0, 'recall': 0.0, 'f1': 0.0, 'auc': 0.6484}
train: {'epoch': 28, 'eta': 1499119.8806, 'loss': 0.1422, 'lr': 0.001, 'params': 1145407, 'time_iter': 20.569, 'accuracy': 0.9634, 'precision': 0.6261, 'recall': 0.0584, 'f1': 0.1069, 'auc': 0.7131}
val: {'epoch': 29, 'loss': 0.1111, 'lr': 0.001, 'params': 1145407, 'time_iter': 3.0107, 'accuracy': 0.9803, 'precision': 0.0, 'recall': 0.0, 'f1': 0.0, 'auc': 0.6603}
train: {'epoch': 29, 'eta': 1478084.9775, 'loss': 0.1421, 'lr': 0.001, 'params': 1145407, 'time_iter': 20.5524, 'accuracy': 0.9632, 'precision': 0.5965, 'recall': 0.0552, 'f1': 0.101, 'auc': 0.7176}
val: {'epoch': 30, 'loss': 0.0987, 'lr': 0.001, 'params': 1145407, 'time_iter': 3.105, 'accuracy': 0.9815, 'precision': 0.7273, 'recall': 0.0988, 'f1': 0.1739, 'auc': 0.7204}
train: {'epoch': 30, 'eta': 1456996.9058, 'loss': 0.1408, 'lr': 0.001, 'params': 1145407, 'time_iter': 20.5324, 'accuracy': 0.9637, 'precision': 0.6489, 'recall': 0.069, 'f1': 0.1247, 'auc': 0.728}
val: {'epoch': 31, 'loss': 0.1085, 'lr': 0.001, 'params': 1145407, 'time_iter': 3.0062, 'accuracy': 0.9805, 'precision': 1.0, 'recall': 0.0123, 'f1': 0.0244, 'auc': 0.6837}
train: {'epoch': 31, 'eta': 1435747.2115, 'loss': 0.1415, 'lr': 0.001, 'params': 1145407, 'time_iter': 20.4596, 'accuracy': 0.9638, 'precision': 0.6389, 'recall': 0.0747, 'f1': 0.1337, 'auc': 0.7139}
val: {'epoch': 32, 'loss': 0.1064, 'lr': 0.001, 'params': 1145407, 'time_iter': 2.9519, 'accuracy': 0.9803, 'precision': 0.0, 'recall': 0.0, 'f1': 0.0, 'auc': 0.7039}
train: {'epoch': 32, 'eta': 1414691.2555, 'loss': 0.1425, 'lr': 0.001, 'params': 1145407, 'time_iter': 20.5466, 'accuracy': 0.9634, 'precision': 0.6028, 'recall': 0.069, 'f1': 0.1238, 'auc': 0.7167}
val: {'epoch': 33, 'loss': 0.099, 'lr': 0.001, 'params': 1145407, 'time_iter': 3.0577, 'accuracy': 0.981, 'precision': 1.0, 'recall': 0.037, 'f1': 0.0714, 'auc': 0.7337}
train: {'epoch': 33, 'eta': 1393202.9994, 'loss': 0.1418, 'lr': 0.001, 'params': 1145407, 'time_iter': 20.3328, 'accuracy': 0.9637, 'precision': 0.6412, 'recall': 0.0682, 'f1': 0.1233, 'auc': 0.7166}
val: {'epoch': 34, 'loss': 0.0987, 'lr': 0.001, 'params': 1145407, 'time_iter': 2.9389, 'accuracy': 0.981, 'precision': 1.0, 'recall': 0.037, 'f1': 0.0714, 'auc': 0.6735}
train: {'epoch': 34, 'eta': 1371961.8411, 'loss': 0.1417, 'lr': 0.001, 'params': 1145407, 'time_iter': 20.4451, 'accuracy': 0.9636, 'precision': 0.6324, 'recall': 0.0698, 'f1': 0.1257, 'auc': 0.7194}
val: {'epoch': 35, 'loss': 0.1141, 'lr': 0.001, 'params': 1145407, 'time_iter': 3.0154, 'accuracy': 0.9803, 'precision': 0.0, 'recall': 0.0, 'f1': 0.0, 'auc': 0.6602}
train: {'epoch': 35, 'eta': 1351156.8142, 'loss': 0.1414, 'lr': 0.001, 'params': 1145407, 'time_iter': 20.6774, 'accuracy': 0.9634, 'precision': 0.6077, 'recall': 0.0641, 'f1': 0.116, 'auc': 0.7198}
val: {'epoch': 36, 'loss': 0.1007, 'lr': 0.001, 'params': 1145407, 'time_iter': 2.8713, 'accuracy': 0.9815, 'precision': 0.8571, 'recall': 0.0741, 'f1': 0.1364, 'auc': 0.7045}
train: {'epoch': 36, 'eta': 1330571.7135, 'loss': 0.1433, 'lr': 0.001, 'params': 1145407, 'time_iter': 20.8175, 'accuracy': 0.9639, 'precision': 0.6641, 'recall': 0.0706, 'f1': 0.1277, 'auc': 0.7011}
val: {'epoch': 37, 'loss': 0.1128, 'lr': 0.001, 'params': 1145407, 'time_iter': 2.7126, 'accuracy': 0.9803, 'precision': 0.0, 'recall': 0.0, 'f1': 0.0, 'auc': 0.7024}
train: {'epoch': 37, 'eta': 1309242.6839, 'loss': 0.1427, 'lr': 0.001, 'params': 1145407, 'time_iter': 20.4006, 'accuracy': 0.9636, 'precision': 0.6241, 'recall': 0.0674, 'f1': 0.1216, 'auc': 0.7089}
val: {'epoch': 38, 'loss': 0.1082, 'lr': 0.001, 'params': 1145407, 'time_iter': 3.0672, 'accuracy': 0.9815, 'precision': 0.8571, 'recall': 0.0741, 'f1': 0.1364, 'auc': 0.6956}
train: {'epoch': 38, 'eta': 1287973.6279, 'loss': 0.1418, 'lr': 0.001, 'params': 1145407, 'time_iter': 20.4271, 'accuracy': 0.9636, 'precision': 0.6552, 'recall': 0.0617, 'f1': 0.1128, 'auc': 0.7204}
val: {'epoch': 39, 'loss': 0.1124, 'lr': 0.001, 'params': 1145407, 'time_iter': 2.9537, 'accuracy': 0.9803, 'precision': 0.0, 'recall': 0.0, 'f1': 0.0, 'auc': 0.6966}
train: {'epoch': 39, 'eta': 1267145.249, 'loss': 0.1411, 'lr': 0.001, 'params': 1145407, 'time_iter': 20.7045, 'accuracy': 0.9633, 'precision': 0.5874, 'recall': 0.0682, 'f1': 0.1222, 'auc': 0.7212}
val: {'epoch': 40, 'loss': 0.1026, 'lr': 0.001, 'params': 1145407, 'time_iter': 2.9853, 'accuracy': 0.9815, 'precision': 0.8571, 'recall': 0.0741, 'f1': 0.1364, 'auc': 0.6865}
train: {'epoch': 40, 'eta': 1246254.649, 'loss': 0.1411, 'lr': 0.001, 'params': 1145407, 'time_iter': 20.6782, 'accuracy': 0.9633, 'precision': 0.5752, 'recall': 0.0714, 'f1': 0.1271, 'auc': 0.7164}
val: {'epoch': 41, 'loss': 0.0974, 'lr': 0.001, 'params': 1145407, 'time_iter': 2.8969, 'accuracy': 0.9818, 'precision': 0.75, 'recall': 0.1111, 'f1': 0.1935, 'auc': 0.7197}
train: {'epoch': 41, 'eta': 1225502.017, 'loss': 0.1407, 'lr': 0.001, 'params': 1145407, 'time_iter': 20.7883, 'accuracy': 0.9632, 'precision': 0.5868, 'recall': 0.0576, 'f1': 0.105, 'auc': 0.7291}
val: {'epoch': 42, 'loss': 0.1083, 'lr': 0.001, 'params': 1145407, 'time_iter': 3.2266, 'accuracy': 0.9813, 'precision': 0.75, 'recall': 0.0741, 'f1': 0.1348, 'auc': 0.681}
train: {'epoch': 42, 'eta': 1204484.2955, 'loss': 0.1404, 'lr': 0.001, 'params': 1145407, 'time_iter': 20.6157, 'accuracy': 0.9632, 'precision': 0.5814, 'recall': 0.0609, 'f1': 0.1102, 'auc': 0.7305}
val: {'epoch': 43, 'loss': 0.1097, 'lr': 0.001, 'params': 1145407, 'time_iter': 2.89, 'accuracy': 0.9805, 'precision': 0.6, 'recall': 0.037, 'f1': 0.0698, 'auc': 0.6429}
train: {'epoch': 43, 'eta': 1183642.637, 'loss': 0.139, 'lr': 0.001, 'params': 1145407, 'time_iter': 20.7569, 'accuracy': 0.9641, 'precision': 0.6566, 'recall': 0.0885, 'f1': 0.1559, 'auc': 0.7273}
val: {'epoch': 44, 'loss': 0.1033, 'lr': 0.001, 'params': 1145407, 'time_iter': 2.9652, 'accuracy': 0.9815, 'precision': 0.7778, 'recall': 0.0864, 'f1': 0.1556, 'auc': 0.7395}
train: {'epoch': 44, 'eta': 1162944.3887, 'loss': 0.1393, 'lr': 0.001, 'params': 1145407, 'time_iter': 20.8892, 'accuracy': 0.9639, 'precision': 0.6358, 'recall': 0.0836, 'f1': 0.1478, 'auc': 0.7263}
val: {'epoch': 45, 'loss': 0.1017, 'lr': 0.001, 'params': 1145407, 'time_iter': 2.9353, 'accuracy': 0.982, 'precision': 0.8889, 'recall': 0.0988, 'f1': 0.1778, 'auc': 0.6599}
train: {'epoch': 45, 'eta': 1141853.6925, 'loss': 0.1409, 'lr': 0.001, 'params': 1145407, 'time_iter': 20.593, 'accuracy': 0.9639, 'precision': 0.6392, 'recall': 0.082, 'f1': 0.1453, 'auc': 0.7181}
val: {'epoch': 46, 'loss': 0.1168, 'lr': 0.001, 'params': 1145407, 'time_iter': 2.7992, 'accuracy': 0.9803, 'precision': 0.0, 'recall': 0.0, 'f1': 0.0, 'auc': 0.6608}
train: {'epoch': 46, 'eta': 1120453.6372, 'loss': 0.1418, 'lr': 0.001, 'params': 1145407, 'time_iter': 20.3301, 'accuracy': 0.9636, 'precision': 0.6542, 'recall': 0.0568, 'f1': 0.1046, 'auc': 0.7137}
val: {'epoch': 47, 'loss': 0.1203, 'lr': 0.001, 'params': 1145407, 'time_iter': 2.9197, 'accuracy': 0.9803, 'precision': 0.0, 'recall': 0.0, 'f1': 0.0, 'auc': 0.5999}
train: {'epoch': 47, 'eta': 1099300.9021, 'loss': 0.1409, 'lr': 0.001, 'params': 1145407, 'time_iter': 20.534, 'accuracy': 0.9639, 'precision': 0.7, 'recall': 0.0625, 'f1': 0.1148, 'auc': 0.7226}
val: {'epoch': 48, 'loss': 0.1089, 'lr': 0.001, 'params': 1145407, 'time_iter': 3.1687, 'accuracy': 0.981, 'precision': 1.0, 'recall': 0.037, 'f1': 0.0714, 'auc': 0.6728}
train: {'epoch': 48, 'eta': 1078069.7596, 'loss': 0.1414, 'lr': 0.001, 'params': 1145407, 'time_iter': 20.4599, 'accuracy': 0.9644, 'precision': 0.7419, 'recall': 0.0747, 'f1': 0.1357, 'auc': 0.7158}
val: {'epoch': 49, 'loss': 0.1044, 'lr': 0.001, 'params': 1145407, 'time_iter': 3.0842, 'accuracy': 0.9803, 'precision': 0.0, 'recall': 0.0, 'f1': 0.0, 'auc': 0.7186}
train: {'epoch': 49, 'eta': 1056741.8175, 'loss': 0.1432, 'lr': 0.001, 'params': 1145407, 'time_iter': 20.3589, 'accuracy': 0.9638, 'precision': 0.6667, 'recall': 0.0649, 'f1': 0.1183, 'auc': 0.6959}
val: {'epoch': 50, 'loss': 0.1028, 'lr': 0.001, 'params': 1145407, 'time_iter': 2.9572, 'accuracy': 0.9813, 'precision': 0.8333, 'recall': 0.0617, 'f1': 0.1149, 'auc': 0.7553}
train: {'epoch': 50, 'eta': 1035726.7163, 'loss': 0.1416, 'lr': 0.001, 'params': 1145407, 'time_iter': 20.6603, 'accuracy': 0.964, 'precision': 0.7143, 'recall': 0.0649, 'f1': 0.119, 'auc': 0.7122}
val: {'epoch': 51, 'loss': 0.114, 'lr': 0.001, 'params': 1145407, 'time_iter': 2.9817, 'accuracy': 0.9803, 'precision': 0.0, 'recall': 0.0, 'f1': 0.0, 'auc': 0.6971}
train: {'epoch': 51, 'eta': 1014681.7433, 'loss': 0.1418, 'lr': 0.001, 'params': 1145407, 'time_iter': 20.6388, 'accuracy': 0.9633, 'precision': 0.6168, 'recall': 0.0536, 'f1': 0.0986, 'auc': 0.716}
val: {'epoch': 52, 'loss': 0.1191, 'lr': 0.001, 'params': 1145407, 'time_iter': 3.0917, 'accuracy': 0.9803, 'precision': 0.0, 'recall': 0.0, 'f1': 0.0, 'auc': 0.7375}
train: {'epoch': 52, 'eta': 993687.1609, 'loss': 0.1398, 'lr': 0.001, 'params': 1145407, 'time_iter': 20.7019, 'accuracy': 0.9637, 'precision': 0.656, 'recall': 0.0666, 'f1': 0.1209, 'auc': 0.7241}
val: {'epoch': 53, 'loss': 0.105, 'lr': 0.001, 'params': 1145407, 'time_iter': 3.1665, 'accuracy': 0.9815, 'precision': 1.0, 'recall': 0.0617, 'f1': 0.1163, 'auc': 0.7265}
train: {'epoch': 53, 'eta': 972440.9931, 'loss': 0.1397, 'lr': 0.001, 'params': 1145407, 'time_iter': 20.4279, 'accuracy': 0.9639, 'precision': 0.6618, 'recall': 0.0731, 'f1': 0.1316, 'auc': 0.7226}
val: {'epoch': 54, 'loss': 0.1239, 'lr': 0.001, 'params': 1145407, 'time_iter': 3.0789, 'accuracy': 0.9803, 'precision': 0.0, 'recall': 0.0, 'f1': 0.0, 'auc': 0.7154}
train: {'epoch': 54, 'eta': 951281.6792, 'loss': 0.139, 'lr': 0.001, 'params': 1145407, 'time_iter': 20.5213, 'accuracy': 0.9637, 'precision': 0.6439, 'recall': 0.069, 'f1': 0.1246, 'auc': 0.7288}
val: {'epoch': 55, 'loss': 0.1157, 'lr': 0.001, 'params': 1145407, 'time_iter': 2.7537, 'accuracy': 0.9803, 'precision': 0.0, 'recall': 0.0, 'f1': 0.0, 'auc': 0.7068}
train: {'epoch': 55, 'eta': 929995.7171, 'loss': 0.1392, 'lr': 0.001, 'params': 1145407, 'time_iter': 20.3628, 'accuracy': 0.9643, 'precision': 0.7164, 'recall': 0.0779, 'f1': 0.1406, 'auc': 0.7302}
val: {'epoch': 56, 'loss': 0.1135, 'lr': 0.001, 'params': 1145407, 'time_iter': 2.8882, 'accuracy': 0.9803, 'precision': 0.0, 'recall': 0.0, 'f1': 0.0, 'auc': 0.7353}
train: {'epoch': 56, 'eta': 908792.644, 'loss': 0.1383, 'lr': 0.001, 'params': 1145407, 'time_iter': 20.4545, 'accuracy': 0.9647, 'precision': 0.7006, 'recall': 0.1006, 'f1': 0.176, 'auc': 0.7293}
val: {'epoch': 57, 'loss': 0.1189, 'lr': 0.001, 'params': 1145407, 'time_iter': 3.1471, 'accuracy': 0.9803, 'precision': 0.0, 'recall': 0.0, 'f1': 0.0, 'auc': 0.674}
train: {'epoch': 57, 'eta': 887425.6854, 'loss': 0.1391, 'lr': 0.001, 'params': 1145407, 'time_iter': 20.2274, 'accuracy': 0.964, 'precision': 0.6643, 'recall': 0.0771, 'f1': 0.1382, 'auc': 0.7343}
val: {'epoch': 58, 'loss': 0.12, 'lr': 0.001, 'params': 1145407, 'time_iter': 3.0194, 'accuracy': 0.9803, 'precision': 0.0, 'recall': 0.0, 'f1': 0.0, 'auc': 0.7154}
train: {'epoch': 58, 'eta': 866353.8542, 'loss': 0.1392, 'lr': 0.001, 'params': 1145407, 'time_iter': 20.6139, 'accuracy': 0.9639, 'precision': 0.6719, 'recall': 0.0698, 'f1': 0.1265, 'auc': 0.73}
val: {'epoch': 59, 'loss': 0.1143, 'lr': 0.001, 'params': 1145407, 'time_iter': 3.3087, 'accuracy': 0.9803, 'precision': 0.0, 'recall': 0.0, 'f1': 0.0, 'auc': 0.7078}
train: {'epoch': 59, 'eta': 845456.4437, 'loss': 0.1398, 'lr': 0.001, 'params': 1145407, 'time_iter': 20.875, 'accuracy': 0.9634, 'precision': 0.6186, 'recall': 0.0593, 'f1': 0.1081, 'auc': 0.7367}
val: {'epoch': 60, 'loss': 0.122, 'lr': 0.001, 'params': 1145407, 'time_iter': 3.0982, 'accuracy': 0.9803, 'precision': 0.0, 'recall': 0.0, 'f1': 0.0, 'auc': 0.6838}
train: {'epoch': 60, 'eta': 824293.3237, 'loss': 0.1405, 'lr': 0.001, 'params': 1145407, 'time_iter': 20.5001, 'accuracy': 0.9636, 'precision': 0.6496, 'recall': 0.0617, 'f1': 0.1127, 'auc': 0.7254}
val: {'epoch': 61, 'loss': 0.1187, 'lr': 0.001, 'params': 1145407, 'time_iter': 3.0308, 'accuracy': 0.9803, 'precision': 0.0, 'recall': 0.0, 'f1': 0.0, 'auc': 0.6866}
train: {'epoch': 61, 'eta': 803204.019, 'loss': 0.1397, 'lr': 0.001, 'params': 1145407, 'time_iter': 20.6137, 'accuracy': 0.9636, 'precision': 0.617, 'recall': 0.0706, 'f1': 0.1267, 'auc': 0.7337}
val: {'epoch': 62, 'loss': 0.1267, 'lr': 0.001, 'params': 1145407, 'time_iter': 3.2296, 'accuracy': 0.9803, 'precision': 0.0, 'recall': 0.0, 'f1': 0.0, 'auc': 0.6952}
train: {'epoch': 62, 'eta': 782101.5489, 'loss': 0.1384, 'lr': 0.001, 'params': 1145407, 'time_iter': 20.5983, 'accuracy': 0.9638, 'precision': 0.6454, 'recall': 0.0739, 'f1': 0.1326, 'auc': 0.7365}
val: {'epoch': 63, 'loss': 0.1191, 'lr': 0.001, 'params': 1145407, 'time_iter': 2.9336, 'accuracy': 0.9803, 'precision': 0.0, 'recall': 0.0, 'f1': 0.0, 'auc': 0.7271}
train: {'epoch': 63, 'eta': 760922.116, 'loss': 0.1383, 'lr': 0.001, 'params': 1145407, 'time_iter': 20.4704, 'accuracy': 0.9647, 'precision': 0.7018, 'recall': 0.0974, 'f1': 0.1711, 'auc': 0.7346}
val: {'epoch': 64, 'loss': 0.1184, 'lr': 0.001, 'params': 1145407, 'time_iter': 2.803, 'accuracy': 0.9803, 'precision': 0.0, 'recall': 0.0, 'f1': 0.0, 'auc': 0.7025}
train: {'epoch': 64, 'eta': 740022.4469, 'loss': 0.1371, 'lr': 0.001, 'params': 1145407, 'time_iter': 20.9689, 'accuracy': 0.9643, 'precision': 0.6556, 'recall': 0.0958, 'f1': 0.1671, 'auc': 0.7418}
val: {'epoch': 65, 'loss': 0.1249, 'lr': 0.001, 'params': 1145407, 'time_iter': 2.9451, 'accuracy': 0.9803, 'precision': 0.0, 'recall': 0.0, 'f1': 0.0, 'auc': 0.7139}
train: {'epoch': 65, 'eta': 718831.3051, 'loss': 0.1369, 'lr': 0.001, 'params': 1145407, 'time_iter': 20.4577, 'accuracy': 0.9642, 'precision': 0.6846, 'recall': 0.0828, 'f1': 0.1477, 'auc': 0.7412}
val: {'epoch': 66, 'loss': 0.1186, 'lr': 0.001, 'params': 1145407, 'time_iter': 3.6585, 'accuracy': 0.9803, 'precision': 0.0, 'recall': 0.0, 'f1': 0.0, 'auc': 0.7133}
train: {'epoch': 66, 'eta': 697561.3741, 'loss': 0.1367, 'lr': 0.001, 'params': 1145407, 'time_iter': 20.294, 'accuracy': 0.9639, 'precision': 0.6619, 'recall': 0.0747, 'f1': 0.1342, 'auc': 0.7461}
val: {'epoch': 67, 'loss': 0.1301, 'lr': 0.001, 'params': 1145407, 'time_iter': 3.083, 'accuracy': 0.9803, 'precision': 0.0, 'recall': 0.0, 'f1': 0.0, 'auc': 0.6951}
train: {'epoch': 67, 'eta': 676312.0525, 'loss': 0.136, 'lr': 0.001, 'params': 1145407, 'time_iter': 20.3131, 'accuracy': 0.9645, 'precision': 0.6994, 'recall': 0.0925, 'f1': 0.1634, 'auc': 0.748}
val: {'epoch': 68, 'loss': 0.1273, 'lr': 0.001, 'params': 1145407, 'time_iter': 3.1374, 'accuracy': 0.9803, 'precision': 0.0, 'recall': 0.0, 'f1': 0.0, 'auc': 0.7262}
train: {'epoch': 68, 'eta': 655236.9386, 'loss': 0.1362, 'lr': 0.001, 'params': 1145407, 'time_iter': 20.6681, 'accuracy': 0.9637, 'precision': 0.6118, 'recall': 0.0844, 'f1': 0.1484, 'auc': 0.7478}
val: {'epoch': 69, 'loss': 0.1261, 'lr': 0.001, 'params': 1145407, 'time_iter': 2.9993, 'accuracy': 0.9803, 'precision': 0.0, 'recall': 0.0, 'f1': 0.0, 'auc': 0.6922}
train: {'epoch': 69, 'eta': 634153.6818, 'loss': 0.1369, 'lr': 0.001, 'params': 1145407, 'time_iter': 20.6621, 'accuracy': 0.9644, 'precision': 0.6829, 'recall': 0.0909, 'f1': 0.1605, 'auc': 0.7417}
val: {'epoch': 70, 'loss': 0.1279, 'lr': 0.001, 'params': 1145407, 'time_iter': 2.9081, 'accuracy': 0.9803, 'precision': 0.0, 'recall': 0.0, 'f1': 0.0, 'auc': 0.7518}
train: {'epoch': 70, 'eta': 613196.1763, 'loss': 0.1364, 'lr': 0.001, 'params': 1145407, 'time_iter': 20.9732, 'accuracy': 0.9644, 'precision': 0.6923, 'recall': 0.0877, 'f1': 0.1556, 'auc': 0.7431}
val: {'epoch': 71, 'loss': 0.1337, 'lr': 0.001, 'params': 1145407, 'time_iter': 3.0011, 'accuracy': 0.9803, 'precision': 0.0, 'recall': 0.0, 'f1': 0.0, 'auc': 0.6851}
train: {'epoch': 71, 'eta': 592105.9867, 'loss': 0.1362, 'lr': 0.001, 'params': 1145407, 'time_iter': 20.685, 'accuracy': 0.964, 'precision': 0.6198, 'recall': 0.0966, 'f1': 0.1671, 'auc': 0.7445}
val: {'epoch': 72, 'loss': 0.1306, 'lr': 0.001, 'params': 1145407, 'time_iter': 2.9901, 'accuracy': 0.9803, 'precision': 0.0, 'recall': 0.0, 'f1': 0.0, 'auc': 0.6747}
train: {'epoch': 72, 'eta': 570975.8083, 'loss': 0.1359, 'lr': 0.001, 'params': 1145407, 'time_iter': 20.5939, 'accuracy': 0.9646, 'precision': 0.6618, 'recall': 0.1096, 'f1': 0.188, 'auc': 0.7386}
val: {'epoch': 73, 'loss': 0.1277, 'lr': 0.001, 'params': 1145407, 'time_iter': 3.0492, 'accuracy': 0.9803, 'precision': 0.0, 'recall': 0.0, 'f1': 0.0, 'auc': 0.691}
train: {'epoch': 73, 'eta': 549802.1567, 'loss': 0.1368, 'lr': 0.001, 'params': 1145407, 'time_iter': 20.4782, 'accuracy': 0.9642, 'precision': 0.6503, 'recall': 0.0966, 'f1': 0.1682, 'auc': 0.7386}
val: {'epoch': 74, 'loss': 0.1293, 'lr': 0.001, 'params': 1145407, 'time_iter': 2.9179, 'accuracy': 0.9803, 'precision': 0.0, 'recall': 0.0, 'f1': 0.0, 'auc': 0.6246}
train: {'epoch': 74, 'eta': 528649.9815, 'loss': 0.1368, 'lr': 0.001, 'params': 1145407, 'time_iter': 20.533, 'accuracy': 0.9648, 'precision': 0.716, 'recall': 0.0982, 'f1': 0.1727, 'auc': 0.7342}
val: {'epoch': 75, 'loss': 0.13, 'lr': 0.001, 'params': 1145407, 'time_iter': 2.9228, 'accuracy': 0.9803, 'precision': 0.0, 'recall': 0.0, 'f1': 0.0, 'auc': 0.6173}
train: {'epoch': 75, 'eta': 507492.6654, 'loss': 0.1393, 'lr': 0.001, 'params': 1145407, 'time_iter': 20.5152, 'accuracy': 0.9643, 'precision': 0.6887, 'recall': 0.0844, 'f1': 0.1504, 'auc': 0.724}
val: {'epoch': 76, 'loss': 0.1363, 'lr': 0.001, 'params': 1145407, 'time_iter': 3.1653, 'accuracy': 0.9803, 'precision': 0.0, 'recall': 0.0, 'f1': 0.0, 'auc': 0.5935}
train: {'epoch': 76, 'eta': 486312.3667, 'loss': 0.1383, 'lr': 0.001, 'params': 1145407, 'time_iter': 20.4365, 'accuracy': 0.9643, 'precision': 0.6748, 'recall': 0.0893, 'f1': 0.1577, 'auc': 0.7309}
val: {'epoch': 77, 'loss': 0.1335, 'lr': 0.001, 'params': 1145407, 'time_iter': 3.2665, 'accuracy': 0.9803, 'precision': 0.0, 'recall': 0.0, 'f1': 0.0, 'auc': 0.5666}
train: {'epoch': 77, 'eta': 465231.5939, 'loss': 0.139, 'lr': 0.001, 'params': 1145407, 'time_iter': 20.766, 'accuracy': 0.9638, 'precision': 0.6316, 'recall': 0.0779, 'f1': 0.1387, 'auc': 0.7348}
val: {'epoch': 78, 'loss': 0.1379, 'lr': 0.001, 'params': 1145407, 'time_iter': 2.972, 'accuracy': 0.9803, 'precision': 0.0, 'recall': 0.0, 'f1': 0.0, 'auc': 0.6138}
train: {'epoch': 78, 'eta': 444153.616, 'loss': 0.1385, 'lr': 0.001, 'params': 1145407, 'time_iter': 20.8029, 'accuracy': 0.9643, 'precision': 0.6835, 'recall': 0.0877, 'f1': 0.1554, 'auc': 0.7311}
val: {'epoch': 79, 'loss': 0.1318, 'lr': 0.001, 'params': 1145407, 'time_iter': 3.0544, 'accuracy': 0.9803, 'precision': 0.0, 'recall': 0.0, 'f1': 0.0, 'auc': 0.6472}
train: {'epoch': 79, 'eta': 423027.2488, 'loss': 0.1382, 'lr': 0.001, 'params': 1145407, 'time_iter': 20.6466, 'accuracy': 0.9648, 'precision': 0.7202, 'recall': 0.0982, 'f1': 0.1729, 'auc': 0.7278}
val: {'epoch': 80, 'loss': 0.1382, 'lr': 0.001, 'params': 1145407, 'time_iter': 2.9343, 'accuracy': 0.9803, 'precision': 0.0, 'recall': 0.0, 'f1': 0.0, 'auc': 0.6026}
train: {'epoch': 80, 'eta': 401954.2805, 'loss': 0.1372, 'lr': 0.001, 'params': 1145407, 'time_iter': 20.88, 'accuracy': 0.9641, 'precision': 0.6512, 'recall': 0.0909, 'f1': 0.1595, 'auc': 0.7411}
val: {'epoch': 81, 'loss': 0.1377, 'lr': 0.001, 'params': 1145407, 'time_iter': 3.0882, 'accuracy': 0.9803, 'precision': 0.0, 'recall': 0.0, 'f1': 0.0, 'auc': 0.6173}
train: {'epoch': 81, 'eta': 380820.4289, 'loss': 0.1359, 'lr': 0.001, 'params': 1145407, 'time_iter': 20.6551, 'accuracy': 0.9647, 'precision': 0.6667, 'recall': 0.1136, 'f1': 0.1942, 'auc': 0.7377}
val: {'epoch': 82, 'loss': 0.1404, 'lr': 0.001, 'params': 1145407, 'time_iter': 2.9101, 'accuracy': 0.9803, 'precision': 0.0, 'recall': 0.0, 'f1': 0.0, 'auc': 0.6146}
train: {'epoch': 82, 'eta': 359593.5025, 'loss': 0.1359, 'lr': 0.001, 'params': 1145407, 'time_iter': 20.2272, 'accuracy': 0.9645, 'precision': 0.6498, 'recall': 0.1144, 'f1': 0.1946, 'auc': 0.7433}
val: {'epoch': 83, 'loss': 0.1373, 'lr': 0.001, 'params': 1145407, 'time_iter': 3.0197, 'accuracy': 0.9803, 'precision': 0.0, 'recall': 0.0, 'f1': 0.0, 'auc': 0.6362}
train: {'epoch': 83, 'eta': 338416.5261, 'loss': 0.1366, 'lr': 0.001, 'params': 1145407, 'time_iter': 20.4318, 'accuracy': 0.9644, 'precision': 0.6615, 'recall': 0.1031, 'f1': 0.1784, 'auc': 0.7385}
val: {'epoch': 84, 'loss': 0.1439, 'lr': 0.001, 'params': 1145407, 'time_iter': 2.8185, 'accuracy': 0.9803, 'precision': 0.0, 'recall': 0.0, 'f1': 0.0, 'auc': 0.6253}
train: {'epoch': 84, 'eta': 317296.9589, 'loss': 0.1358, 'lr': 0.001, 'params': 1145407, 'time_iter': 20.7282, 'accuracy': 0.9645, 'precision': 0.6721, 'recall': 0.0998, 'f1': 0.1739, 'auc': 0.7432}
val: {'epoch': 85, 'loss': 0.124, 'lr': 0.001, 'params': 1145407, 'time_iter': 2.9883, 'accuracy': 0.9803, 'precision': 0.0, 'recall': 0.0, 'f1': 0.0, 'auc': 0.7157}
train: {'epoch': 85, 'eta': 296087.8189, 'loss': 0.1351, 'lr': 0.001, 'params': 1145407, 'time_iter': 20.2226, 'accuracy': 0.965, 'precision': 0.6927, 'recall': 0.1153, 'f1': 0.1976, 'auc': 0.7473}
val: {'epoch': 86, 'loss': 0.1351, 'lr': 0.001, 'params': 1145407, 'time_iter': 2.7912, 'accuracy': 0.9803, 'precision': 0.0, 'recall': 0.0, 'f1': 0.0, 'auc': 0.6941}
train: {'epoch': 86, 'eta': 274915.1415, 'loss': 0.1352, 'lr': 0.001, 'params': 1145407, 'time_iter': 20.3999, 'accuracy': 0.9647, 'precision': 0.6751, 'recall': 0.108, 'f1': 0.1861, 'auc': 0.7461}
val: {'epoch': 87, 'loss': 0.1401, 'lr': 0.001, 'params': 1145407, 'time_iter': 3.2471, 'accuracy': 0.9803, 'precision': 0.0, 'recall': 0.0, 'f1': 0.0, 'auc': 0.6801}
train: {'epoch': 87, 'eta': 253755.9994, 'loss': 0.1341, 'lr': 0.001, 'params': 1145407, 'time_iter': 20.4671, 'accuracy': 0.9643, 'precision': 0.6351, 'recall': 0.1088, 'f1': 0.1857, 'auc': 0.755}
val: {'epoch': 88, 'loss': 0.147, 'lr': 0.001, 'params': 1145407, 'time_iter': 3.2589, 'accuracy': 0.9803, 'precision': 0.0, 'recall': 0.0, 'f1': 0.0, 'auc': 0.6051}
train: {'epoch': 88, 'eta': 232581.8667, 'loss': 0.1353, 'lr': 0.001, 'params': 1145407, 'time_iter': 20.3318, 'accuracy': 0.9646, 'precision': 0.6736, 'recall': 0.1055, 'f1': 0.1825, 'auc': 0.7517}
val: {'epoch': 89, 'loss': 0.1401, 'lr': 0.001, 'params': 1145407, 'time_iter': 3.1271, 'accuracy': 0.9803, 'precision': 0.0, 'recall': 0.0, 'f1': 0.0, 'auc': 0.6097}
train: {'epoch': 89, 'eta': 211427.3162, 'loss': 0.1348, 'lr': 0.001, 'params': 1145407, 'time_iter': 20.4539, 'accuracy': 0.9644, 'precision': 0.6632, 'recall': 0.1023, 'f1': 0.1772, 'auc': 0.751}
val: {'epoch': 90, 'loss': 0.1409, 'lr': 0.001, 'params': 1145407, 'time_iter': 3.031, 'accuracy': 0.9803, 'precision': 0.0, 'recall': 0.0, 'f1': 0.0, 'auc': 0.6311}
train: {'epoch': 90, 'eta': 190303.8002, 'loss': 0.1339, 'lr': 0.001, 'params': 1145407, 'time_iter': 20.7357, 'accuracy': 0.9647, 'precision': 0.6699, 'recall': 0.112, 'f1': 0.1919, 'auc': 0.7572}
val: {'epoch': 91, 'loss': 0.1382, 'lr': 0.001, 'params': 1145407, 'time_iter': 2.8962, 'accuracy': 0.9803, 'precision': 0.0, 'recall': 0.0, 'f1': 0.0, 'auc': 0.6295}
train: {'epoch': 91, 'eta': 169169.2066, 'loss': 0.1342, 'lr': 0.001, 'params': 1145407, 'time_iter': 20.6638, 'accuracy': 0.9647, 'precision': 0.6636, 'recall': 0.1153, 'f1': 0.1964, 'auc': 0.7516}
val: {'epoch': 92, 'loss': 0.1343, 'lr': 0.001, 'params': 1145407, 'time_iter': 3.0689, 'accuracy': 0.9803, 'precision': 0.0, 'recall': 0.0, 'f1': 0.0, 'auc': 0.6697}
train: {'epoch': 92, 'eta': 148019.3309, 'loss': 0.1334, 'lr': 0.001, 'params': 1145407, 'time_iter': 20.5021, 'accuracy': 0.9651, 'precision': 0.693, 'recall': 0.1209, 'f1': 0.2059, 'auc': 0.7568}
val: {'epoch': 93, 'loss': 0.1325, 'lr': 0.001, 'params': 1145407, 'time_iter': 2.9871, 'accuracy': 0.9803, 'precision': 0.0, 'recall': 0.0, 'f1': 0.0, 'auc': 0.6532}
train: {'epoch': 93, 'eta': 126864.9079, 'loss': 0.1335, 'lr': 0.001, 'params': 1145407, 'time_iter': 20.4156, 'accuracy': 0.9651, 'precision': 0.7073, 'recall': 0.1177, 'f1': 0.2018, 'auc': 0.7531}
val: {'epoch': 94, 'loss': 0.1461, 'lr': 0.001, 'params': 1145407, 'time_iter': 2.8667, 'accuracy': 0.9803, 'precision': 0.0, 'recall': 0.0, 'f1': 0.0, 'auc': 0.6116}
train: {'epoch': 94, 'eta': 105706.63, 'loss': 0.1338, 'lr': 0.001, 'params': 1145407, 'time_iter': 20.2874, 'accuracy': 0.9653, 'precision': 0.7051, 'recall': 0.1242, 'f1': 0.2112, 'auc': 0.7491}
val: {'epoch': 95, 'loss': 0.142, 'lr': 0.001, 'params': 1145407, 'time_iter': 2.8865, 'accuracy': 0.9803, 'precision': 0.0, 'recall': 0.0, 'f1': 0.0, 'auc': 0.6769}
train: {'epoch': 95, 'eta': 84546.8896, 'loss': 0.1364, 'lr': 0.001, 'params': 1145407, 'time_iter': 20.116, 'accuracy': 0.9648, 'precision': 0.6814, 'recall': 0.1128, 'f1': 0.1936, 'auc': 0.7397}
val: {'epoch': 96, 'loss': 0.1391, 'lr': 0.001, 'params': 1145407, 'time_iter': 3.2332, 'accuracy': 0.9803, 'precision': 0.0, 'recall': 0.0, 'f1': 0.0, 'auc': 0.6128}
train: {'epoch': 96, 'eta': 63403.9209, 'loss': 0.1355, 'lr': 0.001, 'params': 1145407, 'time_iter': 20.3448, 'accuracy': 0.9645, 'precision': 0.6617, 'recall': 0.108, 'f1': 0.1856, 'auc': 0.7483}
val: {'epoch': 97, 'loss': 0.133, 'lr': 0.001, 'params': 1145407, 'time_iter': 3.0588, 'accuracy': 0.9803, 'precision': 0.0, 'recall': 0.0, 'f1': 0.0, 'auc': 0.6839}
train: {'epoch': 97, 'eta': 42271.5443, 'loss': 0.1345, 'lr': 0.001, 'params': 1145407, 'time_iter': 20.6468, 'accuracy': 0.9645, 'precision': 0.6468, 'recall': 0.1144, 'f1': 0.1945, 'auc': 0.7557}
val: {'epoch': 98, 'loss': 0.1322, 'lr': 0.001, 'params': 1145407, 'time_iter': 3.3357, 'accuracy': 0.9803, 'precision': 0.0, 'recall': 0.0, 'f1': 0.0, 'auc': 0.6611}
train: {'epoch': 98, 'eta': 21139.7034, 'loss': 0.134, 'lr': 0.001, 'params': 1145407, 'time_iter': 20.9183, 'accuracy': 0.9648, 'precision': 0.6866, 'recall': 0.112, 'f1': 0.1926, 'auc': 0.7558}
val: {'epoch': 99, 'loss': 0.1331, 'lr': 0.001, 'params': 1145407, 'time_iter': 3.0892, 'accuracy': 0.9803, 'precision': 0.0, 'recall': 0.0, 'f1': 0.0, 'auc': 0.6574}
train: {'epoch': 99, 'eta': 0.0, 'loss': 0.1326, 'lr': 0.001, 'params': 1145407, 'time_iter': 20.6383, 'accuracy': 0.9648, 'precision': 0.6594, 'recall': 0.1226, 'f1': 0.2067, 'auc': 0.7649}
test: {'epoch': 99, 'loss': 0.2168, 'lr': 0.001, 'params': 1145407, 'time_iter': 2.6825, 'accuracy': 0.9679, 'precision': 0.0, 'recall': 0.0, 'f1': 0.0, 'auc': 0.6499}
test: {'epoch': 50, 'loss': 0.1681, 'lr': 0.001, 'params': 1145407, 'time_iter': 3.0509, 'accuracy': 0.9686, 'precision': 0.6667, 'recall': 0.0154, 'f1': 0.0301, 'auc': 0.7064}
