GraphGymModule(
  (model): DilatedGNNModel(
    (encoder): FeatureEncoder(
      (node_encoder): AtomEncoder(
        (atom_embedding_list): ModuleList(
          (0): Embedding(119, 300)
          (1): Embedding(4, 300)
          (2): Embedding(12, 300)
          (3): Embedding(12, 300)
          (4): Embedding(10, 300)
          (5): Embedding(6, 300)
          (6): Embedding(6, 300)
          (7): Embedding(2, 300)
          (8): Embedding(2, 300)
        )
      )
      (edge_encoder): BondEncoder(
        (bond_embedding_list): ModuleList(
          (0): Embedding(5, 300)
          (1): Embedding(6, 300)
          (2): Embedding(2, 300)
        )
      )
    )
    (mp): GNNDilatedEdgesFeatureStage(
      (classic_layers): ModuleList(
        (0): GeneralLayer(
          (layer): EGATConv(
            (model): GATConv(300, 300, heads=1)
          )
          (post_layer): Sequential(
            (0): BatchNorm1d(300, eps=1e-05, momentum=0.1, affine=True, track_running_stats=True)
            (1): Dropout(p=0.5, inplace=False)
            (2): ReLU()
          )
        )
        (1): GeneralLayer(
          (layer): EGATConv(
            (model): GATConv(300, 300, heads=1)
          )
          (post_layer): Sequential(
            (0): BatchNorm1d(300, eps=1e-05, momentum=0.1, affine=True, track_running_stats=True)
            (1): Dropout(p=0.5, inplace=False)
            (2): ReLU()
          )
        )
        (2): GeneralLayer(
          (layer): EGATConv(
            (model): GATConv(300, 300, heads=1)
          )
          (post_layer): Sequential(
            (0): BatchNorm1d(300, eps=1e-05, momentum=0.1, affine=True, track_running_stats=True)
            (1): Dropout(p=0.5, inplace=False)
            (2): ReLU()
          )
        )
      )
      (dilated_layers): ModuleList(
        (0): DilatedGeneralLayer(
          (layer): EGATConv(
            (model): GATConv(300, 300, heads=1)
          )
          (post_layer): Sequential(
            (0): BatchNorm1d(300, eps=1e-05, momentum=0.1, affine=True, track_running_stats=True)
            (1): Dropout(p=0.5, inplace=False)
            (2): ReLU()
          )
          (gem): GeM(p=3.0000, eps=1e-06)
        )
        (1): DilatedGeneralLayer(
          (layer): EGATConv(
            (model): GATConv(300, 300, heads=1)
          )
          (post_layer): Sequential(
            (0): BatchNorm1d(300, eps=1e-05, momentum=0.1, affine=True, track_running_stats=True)
            (1): Dropout(p=0.5, inplace=False)
            (2): ReLU()
          )
          (gem): GeM(p=3.0000, eps=1e-06)
        )
      )
      (act): ReLU()
    )
    (post_mp): GNNGraphHead(
      (layer_post_mp): MLP(
        (model): Sequential(
          (0): Linear(
            (model): Linear(600, 1, bias=True)
          )
        )
      )
    )
  )
)
accelerator: cuda
benchmark: False
bn:
  eps: 1e-05
  mom: 0.1
cfg_dest: config.yaml
custom_metrics: []
dataset:
  cache_load: False
  cache_save: False
  dir: ./datasets
  edge_dim: 300
  edge_encoder: True
  edge_encoder_bn: False
  edge_encoder_name: Bond
  edge_message_ratio: 0.8
  edge_negative_sampling_ratio: 1.0
  edge_train_mode: all
  encoder: True
  encoder_bn: True
  encoder_dim: 128
  encoder_name: db
  fast_loader: False
  format: OGB
  label_column: none
  label_table: none
  location: local
  name: ogbg-molhiv
  node_encoder: True
  node_encoder_bn: False
  node_encoder_name: Atom
  remove_feature: False
  resample_disjoint: False
  resample_negative: False
  shuffle_split: True
  split: [0.8, 0.1, 0.1]
  split_mode: random
  task: graph
  task_type: classification
  to_undirected: False
  transductive: False
  transform: none
  tu_simple: True
devices: 1
gnn:
  act: relu
  act_on_last_layer_mp: False
  agg: none
  att_final_linear: False
  att_final_linear_bn: False
  att_heads: 1
  batchnorm: True
  clear_feature: True
  dim_inner: 300
  dropout: 0.5
  head: graph
  keep_edge: 0.5
  l2norm: True
  layer_type: egatconv
  layers_k1: 3
  layers_k2: 2
  layers_mp: 5
  layers_post_mp: 1
  layers_pre_mp: 0
  msg_direction: single
  normalize_adj: False
  self_msg: concat
  skip_every: 1
  stage_type: dilated_stage
  use_edge_features: True
gpu_mem: False
mem:
  inplace: False
metric_agg: argmax
metric_best: auc
model:
  edge_decoding: dot
  graph_pooling: mean
  loss_fun: cross_entropy
  match_upper: True
  size_average: mean
  thresh: 0.5
  type: dilated_gnn
num_threads: 6
num_workers: 16
optim:
  base_lr: 0.001
  lr_decay: 0.1
  max_epoch: 100
  momentum: 0.9
  optimizer: adam
  scheduler: none
  steps: [30, 60, 90]
  weight_decay: 0.0
out_dir: results_experiments/ogbg_molhiv_baseline_grid_comparison/ogbg_molhiv_baseline-type=dilated_gnn-stage_type=dilated_stage-layer_type=egatconv-layers_k1=3-layers_k2=2-act_on_last_layer_mp=False
params: 963905
print: both
round: 4
run_dir: results_experiments/ogbg_molhiv_baseline_grid_comparison/ogbg_molhiv_baseline-type=dilated_gnn-stage_type=dilated_stage-layer_type=egatconv-layers_k1=3-layers_k2=2-act_on_last_layer_mp=False/3
seed: 4
share:
  dim_in: 9
  dim_out: 2
  num_splits: 3
tensorboard_agg: True
tensorboard_each_run: False
train:
  auto_resume: False
  batch_size: 32
  ckpt_clean: True
  ckpt_period: 100
  enable_ckpt: True
  epoch_resume: -1
  eval_period: 1
  iter_per_epoch: 32
  neighbor_sizes: [20, 15, 10, 5]
  node_per_graph: 32
  radius: extend
  sample_node: False
  sampler: full_batch
  skip_train_eval: False
  walk_length: 4
val:
  node_per_graph: 32
  radius: extend
  sample_node: False
  sampler: full_batch
view_emb: False
Num parameters: 963905
val: {'epoch': 0, 'loss': 0.7118, 'lr': 0.001, 'params': 963905, 'time_iter': 1.1695, 'accuracy': 0.0156, 'precision': 0.0156, 'recall': 1.0, 'f1': 0.0308, 'auc': 0.3333}
val: {'epoch': 0, 'loss': 0.0918, 'lr': 0.001, 'params': 963905, 'time_iter': 2.9954, 'accuracy': 0.9803, 'precision': 0.0, 'recall': 0.0, 'f1': 0.0, 'auc': 0.7498}
train: {'epoch': 0, 'eta': 2063355.4985, 'loss': 0.1864, 'lr': 0.001, 'params': 963905, 'time_iter': 20.2546, 'accuracy': 0.9626, 'precision': 0.0, 'recall': 0.0, 'f1': 0.0, 'auc': 0.5801}
val: {'epoch': 1, 'loss': 0.0971, 'lr': 0.001, 'params': 963905, 'time_iter': 3.1484, 'accuracy': 0.9803, 'precision': 0.0, 'recall': 0.0, 'f1': 0.0, 'auc': 0.6656}
train: {'epoch': 1, 'eta': 2009841.8695, 'loss': 0.1496, 'lr': 0.001, 'params': 963905, 'time_iter': 19.6066, 'accuracy': 0.9626, 'precision': 0.0, 'recall': 0.0, 'f1': 0.0, 'auc': 0.6858}
val: {'epoch': 2, 'loss': 0.1048, 'lr': 0.001, 'params': 963905, 'time_iter': 2.8725, 'accuracy': 0.9803, 'precision': 0.0, 'recall': 0.0, 'f1': 0.0, 'auc': 0.6708}
train: {'epoch': 2, 'eta': 2003743.2566, 'loss': 0.1468, 'lr': 0.001, 'params': 963905, 'time_iter': 20.3637, 'accuracy': 0.9626, 'precision': 0.0, 'recall': 0.0, 'f1': 0.0, 'auc': 0.711}
val: {'epoch': 3, 'loss': 0.1109, 'lr': 0.001, 'params': 963905, 'time_iter': 2.9111, 'accuracy': 0.9803, 'precision': 0.0, 'recall': 0.0, 'f1': 0.0, 'auc': 0.7109}
train: {'epoch': 3, 'eta': 1955609.3911, 'loss': 0.1454, 'lr': 0.001, 'params': 963905, 'time_iter': 18.9624, 'accuracy': 0.9626, 'precision': 0.0, 'recall': 0.0, 'f1': 0.0, 'auc': 0.7133}
val: {'epoch': 4, 'loss': 0.0971, 'lr': 0.001, 'params': 963905, 'time_iter': 2.9332, 'accuracy': 0.9803, 'precision': 0.0, 'recall': 0.0, 'f1': 0.0, 'auc': 0.7112}
train: {'epoch': 4, 'eta': 1926973.9032, 'loss': 0.1442, 'lr': 0.001, 'params': 963905, 'time_iter': 19.3741, 'accuracy': 0.9626, 'precision': 0.0, 'recall': 0.0, 'f1': 0.0, 'auc': 0.7208}
val: {'epoch': 5, 'loss': 0.1011, 'lr': 0.001, 'params': 963905, 'time_iter': 2.8048, 'accuracy': 0.9803, 'precision': 0.0, 'recall': 0.0, 'f1': 0.0, 'auc': 0.6979}
train: {'epoch': 5, 'eta': 1907791.1177, 'loss': 0.1419, 'lr': 0.001, 'params': 963905, 'time_iter': 19.7806, 'accuracy': 0.9625, 'precision': 0.0, 'recall': 0.0, 'f1': 0.0, 'auc': 0.7289}
val: {'epoch': 6, 'loss': 0.1008, 'lr': 0.001, 'params': 963905, 'time_iter': 3.1099, 'accuracy': 0.9803, 'precision': 0.0, 'recall': 0.0, 'f1': 0.0, 'auc': 0.6933}
train: {'epoch': 6, 'eta': 1880277.522, 'loss': 0.1431, 'lr': 0.001, 'params': 963905, 'time_iter': 19.1957, 'accuracy': 0.9626, 'precision': 0.0, 'recall': 0.0, 'f1': 0.0, 'auc': 0.7101}
val: {'epoch': 7, 'loss': 0.0985, 'lr': 0.001, 'params': 963905, 'time_iter': 2.9057, 'accuracy': 0.9803, 'precision': 0.0, 'recall': 0.0, 'f1': 0.0, 'auc': 0.743}
train: {'epoch': 7, 'eta': 1860709.0976, 'loss': 0.1451, 'lr': 0.001, 'params': 963905, 'time_iter': 19.7031, 'accuracy': 0.9626, 'precision': 1.0, 'recall': 0.0008, 'f1': 0.0016, 'auc': 0.7047}
val: {'epoch': 8, 'loss': 0.1027, 'lr': 0.001, 'params': 963905, 'time_iter': 3.1687, 'accuracy': 0.9803, 'precision': 0.0, 'recall': 0.0, 'f1': 0.0, 'auc': 0.7477}
train: {'epoch': 8, 'eta': 1842739.5635, 'loss': 0.1424, 'lr': 0.001, 'params': 963905, 'time_iter': 19.8719, 'accuracy': 0.9626, 'precision': 0.75, 'recall': 0.0024, 'f1': 0.0049, 'auc': 0.7162}
val: {'epoch': 9, 'loss': 0.1138, 'lr': 0.001, 'params': 963905, 'time_iter': 3.1902, 'accuracy': 0.9803, 'precision': 0.0, 'recall': 0.0, 'f1': 0.0, 'auc': 0.6894}
train: {'epoch': 9, 'eta': 1827647.7695, 'loss': 0.1421, 'lr': 0.001, 'params': 963905, 'time_iter': 20.2362, 'accuracy': 0.9625, 'precision': 0.3636, 'recall': 0.0032, 'f1': 0.0064, 'auc': 0.7198}
val: {'epoch': 10, 'loss': 0.1156, 'lr': 0.001, 'params': 963905, 'time_iter': 2.8675, 'accuracy': 0.9803, 'precision': 0.0, 'recall': 0.0, 'f1': 0.0, 'auc': 0.6585}
train: {'epoch': 10, 'eta': 1807483.8169, 'loss': 0.1436, 'lr': 0.001, 'params': 963905, 'time_iter': 19.7521, 'accuracy': 0.9628, 'precision': 0.6667, 'recall': 0.0114, 'f1': 0.0223, 'auc': 0.7127}
val: {'epoch': 11, 'loss': 0.1026, 'lr': 0.001, 'params': 963905, 'time_iter': 2.97, 'accuracy': 0.9801, 'precision': 0.4444, 'recall': 0.0494, 'f1': 0.0889, 'auc': 0.6982}
train: {'epoch': 11, 'eta': 1785174.2669, 'loss': 0.1464, 'lr': 0.001, 'params': 963905, 'time_iter': 19.4713, 'accuracy': 0.9624, 'precision': 0.4091, 'recall': 0.0073, 'f1': 0.0144, 'auc': 0.695}
val: {'epoch': 12, 'loss': 0.0986, 'lr': 0.001, 'params': 963905, 'time_iter': 2.7212, 'accuracy': 0.981, 'precision': 0.6667, 'recall': 0.0741, 'f1': 0.1333, 'auc': 0.7065}
train: {'epoch': 12, 'eta': 1764765.3092, 'loss': 0.1446, 'lr': 0.001, 'params': 963905, 'time_iter': 19.6965, 'accuracy': 0.9626, 'precision': 0.55, 'recall': 0.0089, 'f1': 0.0176, 'auc': 0.6985}
val: {'epoch': 13, 'loss': 0.1167, 'lr': 0.001, 'params': 963905, 'time_iter': 3.1293, 'accuracy': 0.9803, 'precision': 0.0, 'recall': 0.0, 'f1': 0.0, 'auc': 0.6775}
train: {'epoch': 13, 'eta': 1742337.8653, 'loss': 0.1475, 'lr': 0.001, 'params': 963905, 'time_iter': 19.374, 'accuracy': 0.9624, 'precision': 0.3, 'recall': 0.0024, 'f1': 0.0048, 'auc': 0.6987}
val: {'epoch': 14, 'loss': 0.1119, 'lr': 0.001, 'params': 963905, 'time_iter': 2.9882, 'accuracy': 0.9803, 'precision': 0.0, 'recall': 0.0, 'f1': 0.0, 'auc': 0.6753}
train: {'epoch': 14, 'eta': 1721924.5127, 'loss': 0.1428, 'lr': 0.001, 'params': 963905, 'time_iter': 19.6624, 'accuracy': 0.9627, 'precision': 0.6471, 'recall': 0.0089, 'f1': 0.0176, 'auc': 0.7196}
val: {'epoch': 15, 'loss': 0.1057, 'lr': 0.001, 'params': 963905, 'time_iter': 3.1843, 'accuracy': 0.9805, 'precision': 1.0, 'recall': 0.0123, 'f1': 0.0244, 'auc': 0.7253}
train: {'epoch': 15, 'eta': 1699412.239, 'loss': 0.1408, 'lr': 0.001, 'params': 963905, 'time_iter': 19.2697, 'accuracy': 0.9633, 'precision': 0.7609, 'recall': 0.0284, 'f1': 0.0548, 'auc': 0.7245}
val: {'epoch': 16, 'loss': 0.1021, 'lr': 0.001, 'params': 963905, 'time_iter': 3.0427, 'accuracy': 0.9803, 'precision': 0.0, 'recall': 0.0, 'f1': 0.0, 'auc': 0.753}
train: {'epoch': 16, 'eta': 1680052.8947, 'loss': 0.1396, 'lr': 0.001, 'params': 963905, 'time_iter': 19.8345, 'accuracy': 0.9631, 'precision': 0.7209, 'recall': 0.0252, 'f1': 0.0486, 'auc': 0.7356}
val: {'epoch': 17, 'loss': 0.105, 'lr': 0.001, 'params': 963905, 'time_iter': 2.8201, 'accuracy': 0.9803, 'precision': 0.0, 'recall': 0.0, 'f1': 0.0, 'auc': 0.7213}
train: {'epoch': 17, 'eta': 1658786.4257, 'loss': 0.1407, 'lr': 0.001, 'params': 963905, 'time_iter': 19.4525, 'accuracy': 0.9631, 'precision': 0.6809, 'recall': 0.026, 'f1': 0.05, 'auc': 0.7289}
val: {'epoch': 18, 'loss': 0.1024, 'lr': 0.001, 'params': 963905, 'time_iter': 3.0138, 'accuracy': 0.9813, 'precision': 0.7, 'recall': 0.0864, 'f1': 0.1538, 'auc': 0.6969}
train: {'epoch': 18, 'eta': 1636962.2017, 'loss': 0.1445, 'lr': 0.001, 'params': 963905, 'time_iter': 19.2954, 'accuracy': 0.9628, 'precision': 0.5946, 'recall': 0.0179, 'f1': 0.0347, 'auc': 0.7088}
val: {'epoch': 19, 'loss': 0.1016, 'lr': 0.001, 'params': 963905, 'time_iter': 2.9157, 'accuracy': 0.9815, 'precision': 0.7778, 'recall': 0.0864, 'f1': 0.1556, 'auc': 0.6883}
train: {'epoch': 19, 'eta': 1616675.4858, 'loss': 0.1405, 'lr': 0.001, 'params': 963905, 'time_iter': 19.6211, 'accuracy': 0.9629, 'precision': 0.5632, 'recall': 0.0398, 'f1': 0.0743, 'auc': 0.7337}
val: {'epoch': 20, 'loss': 0.1034, 'lr': 0.001, 'params': 963905, 'time_iter': 2.9662, 'accuracy': 0.9798, 'precision': 0.0, 'recall': 0.0, 'f1': 0.0, 'auc': 0.6963}
train: {'epoch': 20, 'eta': 1594755.6321, 'loss': 0.1397, 'lr': 0.001, 'params': 963905, 'time_iter': 19.1968, 'accuracy': 0.9635, 'precision': 0.7162, 'recall': 0.043, 'f1': 0.0812, 'auc': 0.7374}
val: {'epoch': 21, 'loss': 0.1087, 'lr': 0.001, 'params': 963905, 'time_iter': 2.8965, 'accuracy': 0.9801, 'precision': 0.0, 'recall': 0.0, 'f1': 0.0, 'auc': 0.706}
train: {'epoch': 21, 'eta': 1573528.5445, 'loss': 0.1423, 'lr': 0.001, 'params': 963905, 'time_iter': 19.3327, 'accuracy': 0.9628, 'precision': 0.5763, 'recall': 0.0276, 'f1': 0.0527, 'auc': 0.7216}
val: {'epoch': 22, 'loss': 0.0979, 'lr': 0.001, 'params': 963905, 'time_iter': 3.4737, 'accuracy': 0.982, 'precision': 1.0, 'recall': 0.0864, 'f1': 0.1591, 'auc': 0.7338}
train: {'epoch': 22, 'eta': 1552884.2776, 'loss': 0.14, 'lr': 0.001, 'params': 963905, 'time_iter': 19.4682, 'accuracy': 0.9633, 'precision': 0.6579, 'recall': 0.0406, 'f1': 0.0765, 'auc': 0.7269}
val: {'epoch': 23, 'loss': 0.117, 'lr': 0.001, 'params': 963905, 'time_iter': 3.1435, 'accuracy': 0.9801, 'precision': 0.0, 'recall': 0.0, 'f1': 0.0, 'auc': 0.6718}
train: {'epoch': 23, 'eta': 1533583.8126, 'loss': 0.1389, 'lr': 0.001, 'params': 963905, 'time_iter': 19.865, 'accuracy': 0.9635, 'precision': 0.6705, 'recall': 0.0479, 'f1': 0.0894, 'auc': 0.7382}
val: {'epoch': 24, 'loss': 0.1086, 'lr': 0.001, 'params': 963905, 'time_iter': 2.8409, 'accuracy': 0.9803, 'precision': 0.0, 'recall': 0.0, 'f1': 0.0, 'auc': 0.7119}
train: {'epoch': 24, 'eta': 1513188.8392, 'loss': 0.1419, 'lr': 0.001, 'params': 963905, 'time_iter': 19.54, 'accuracy': 0.9631, 'precision': 0.6125, 'recall': 0.0398, 'f1': 0.0747, 'auc': 0.7225}
val: {'epoch': 25, 'loss': 0.1132, 'lr': 0.001, 'params': 963905, 'time_iter': 2.9582, 'accuracy': 0.9803, 'precision': 0.0, 'recall': 0.0, 'f1': 0.0, 'auc': 0.7279}
train: {'epoch': 25, 'eta': 1493451.9813, 'loss': 0.1425, 'lr': 0.001, 'params': 963905, 'time_iter': 19.7571, 'accuracy': 0.9631, 'precision': 0.6792, 'recall': 0.0292, 'f1': 0.056, 'auc': 0.723}
val: {'epoch': 26, 'loss': 0.1119, 'lr': 0.001, 'params': 963905, 'time_iter': 2.7891, 'accuracy': 0.9801, 'precision': 0.0, 'recall': 0.0, 'f1': 0.0, 'auc': 0.7314}
train: {'epoch': 26, 'eta': 1472630.9096, 'loss': 0.1397, 'lr': 0.001, 'params': 963905, 'time_iter': 19.3832, 'accuracy': 0.9629, 'precision': 0.5968, 'recall': 0.03, 'f1': 0.0572, 'auc': 0.7383}
val: {'epoch': 27, 'loss': 0.1078, 'lr': 0.001, 'params': 963905, 'time_iter': 3.4329, 'accuracy': 0.9801, 'precision': 0.0, 'recall': 0.0, 'f1': 0.0, 'auc': 0.7332}
train: {'epoch': 27, 'eta': 1452923.7793, 'loss': 0.1391, 'lr': 0.001, 'params': 963905, 'time_iter': 19.7806, 'accuracy': 0.9627, 'precision': 0.5405, 'recall': 0.0325, 'f1': 0.0613, 'auc': 0.7447}
val: {'epoch': 28, 'loss': 0.1139, 'lr': 0.001, 'params': 963905, 'time_iter': 2.9814, 'accuracy': 0.9801, 'precision': 0.0, 'recall': 0.0, 'f1': 0.0, 'auc': 0.7461}
train: {'epoch': 28, 'eta': 1432687.2589, 'loss': 0.1363, 'lr': 0.001, 'params': 963905, 'time_iter': 19.5881, 'accuracy': 0.9632, 'precision': 0.6571, 'recall': 0.0373, 'f1': 0.0707, 'auc': 0.7575}
val: {'epoch': 29, 'loss': 0.1135, 'lr': 0.001, 'params': 963905, 'time_iter': 2.8074, 'accuracy': 0.9801, 'precision': 0.0, 'recall': 0.0, 'f1': 0.0, 'auc': 0.7054}
train: {'epoch': 29, 'eta': 1412494.582, 'loss': 0.1374, 'lr': 0.001, 'params': 963905, 'time_iter': 19.6042, 'accuracy': 0.9629, 'precision': 0.5565, 'recall': 0.0519, 'f1': 0.095, 'auc': 0.7496}
val: {'epoch': 30, 'loss': 0.1065, 'lr': 0.001, 'params': 963905, 'time_iter': 2.8738, 'accuracy': 0.9803, 'precision': 0.5, 'recall': 0.0617, 'f1': 0.1099, 'auc': 0.6926}
train: {'epoch': 30, 'eta': 1391080.7513, 'loss': 0.1393, 'lr': 0.001, 'params': 963905, 'time_iter': 19.0704, 'accuracy': 0.9633, 'precision': 0.6471, 'recall': 0.0446, 'f1': 0.0835, 'auc': 0.7396}
val: {'epoch': 31, 'loss': 0.1068, 'lr': 0.001, 'params': 963905, 'time_iter': 2.8736, 'accuracy': 0.9803, 'precision': 0.0, 'recall': 0.0, 'f1': 0.0, 'auc': 0.6986}
train: {'epoch': 31, 'eta': 1370321.3612, 'loss': 0.1398, 'lr': 0.001, 'params': 963905, 'time_iter': 19.3186, 'accuracy': 0.9633, 'precision': 0.6186, 'recall': 0.0487, 'f1': 0.0903, 'auc': 0.737}
val: {'epoch': 32, 'loss': 0.1121, 'lr': 0.001, 'params': 963905, 'time_iter': 2.8851, 'accuracy': 0.9803, 'precision': 0.0, 'recall': 0.0, 'f1': 0.0, 'auc': 0.7352}
train: {'epoch': 32, 'eta': 1349162.6413, 'loss': 0.1391, 'lr': 0.001, 'params': 963905, 'time_iter': 19.1019, 'accuracy': 0.9629, 'precision': 0.5811, 'recall': 0.0349, 'f1': 0.0658, 'auc': 0.743}
val: {'epoch': 33, 'loss': 0.0971, 'lr': 0.001, 'params': 963905, 'time_iter': 2.9374, 'accuracy': 0.9818, 'precision': 0.875, 'recall': 0.0864, 'f1': 0.1573, 'auc': 0.7521}
train: {'epoch': 33, 'eta': 1328664.9045, 'loss': 0.1359, 'lr': 0.001, 'params': 963905, 'time_iter': 19.3885, 'accuracy': 0.9633, 'precision': 0.6075, 'recall': 0.0528, 'f1': 0.0971, 'auc': 0.7535}
val: {'epoch': 34, 'loss': 0.0993, 'lr': 0.001, 'params': 963905, 'time_iter': 3.0983, 'accuracy': 0.982, 'precision': 1.0, 'recall': 0.0864, 'f1': 0.1591, 'auc': 0.7056}
train: {'epoch': 34, 'eta': 1307482.717, 'loss': 0.136, 'lr': 0.001, 'params': 963905, 'time_iter': 19.014, 'accuracy': 0.9639, 'precision': 0.6618, 'recall': 0.0731, 'f1': 0.1316, 'auc': 0.755}
val: {'epoch': 35, 'loss': 0.0988, 'lr': 0.001, 'params': 963905, 'time_iter': 2.9652, 'accuracy': 0.9823, 'precision': 1.0, 'recall': 0.0988, 'f1': 0.1798, 'auc': 0.7143}
train: {'epoch': 35, 'eta': 1287486.2959, 'loss': 0.1354, 'lr': 0.001, 'params': 963905, 'time_iter': 19.6131, 'accuracy': 0.9635, 'precision': 0.6136, 'recall': 0.0657, 'f1': 0.1188, 'auc': 0.7544}
val: {'epoch': 36, 'loss': 0.0995, 'lr': 0.001, 'params': 963905, 'time_iter': 2.8986, 'accuracy': 0.9813, 'precision': 1.0, 'recall': 0.0494, 'f1': 0.0941, 'auc': 0.7161}
train: {'epoch': 36, 'eta': 1267833.5064, 'loss': 0.1344, 'lr': 0.001, 'params': 963905, 'time_iter': 19.815, 'accuracy': 0.9639, 'precision': 0.6641, 'recall': 0.0706, 'f1': 0.1277, 'auc': 0.7585}
val: {'epoch': 37, 'loss': 0.1028, 'lr': 0.001, 'params': 963905, 'time_iter': 2.8867, 'accuracy': 0.9803, 'precision': 0.0, 'recall': 0.0, 'f1': 0.0, 'auc': 0.7226}
train: {'epoch': 37, 'eta': 1246844.6442, 'loss': 0.1363, 'lr': 0.001, 'params': 963905, 'time_iter': 19.0422, 'accuracy': 0.9635, 'precision': 0.6339, 'recall': 0.0576, 'f1': 0.1057, 'auc': 0.7536}
val: {'epoch': 38, 'loss': 0.104, 'lr': 0.001, 'params': 963905, 'time_iter': 2.7433, 'accuracy': 0.9803, 'precision': 0.0, 'recall': 0.0, 'f1': 0.0, 'auc': 0.7157}
train: {'epoch': 38, 'eta': 1226876.8035, 'loss': 0.136, 'lr': 0.001, 'params': 963905, 'time_iter': 19.6322, 'accuracy': 0.9636, 'precision': 0.6897, 'recall': 0.0487, 'f1': 0.091, 'auc': 0.7567}
val: {'epoch': 39, 'loss': 0.0983, 'lr': 0.001, 'params': 963905, 'time_iter': 3.3903, 'accuracy': 0.9815, 'precision': 0.8571, 'recall': 0.0741, 'f1': 0.1364, 'auc': 0.7194}
train: {'epoch': 39, 'eta': 1206373.3843, 'loss': 0.1353, 'lr': 0.001, 'params': 963905, 'time_iter': 19.2928, 'accuracy': 0.964, 'precision': 0.7168, 'recall': 0.0657, 'f1': 0.1204, 'auc': 0.7574}
val: {'epoch': 40, 'loss': 0.1037, 'lr': 0.001, 'params': 963905, 'time_iter': 2.9557, 'accuracy': 0.9805, 'precision': 1.0, 'recall': 0.0123, 'f1': 0.0244, 'auc': 0.7164}
train: {'epoch': 40, 'eta': 1186384.7975, 'loss': 0.1346, 'lr': 0.001, 'params': 963905, 'time_iter': 19.619, 'accuracy': 0.9642, 'precision': 0.7165, 'recall': 0.0739, 'f1': 0.1339, 'auc': 0.7589}
val: {'epoch': 41, 'loss': 0.1, 'lr': 0.001, 'params': 963905, 'time_iter': 3.2706, 'accuracy': 0.9813, 'precision': 0.6429, 'recall': 0.1111, 'f1': 0.1895, 'auc': 0.7003}
train: {'epoch': 41, 'eta': 1166418.0412, 'loss': 0.1343, 'lr': 0.001, 'params': 963905, 'time_iter': 19.6411, 'accuracy': 0.964, 'precision': 0.6622, 'recall': 0.0795, 'f1': 0.142, 'auc': 0.7615}
val: {'epoch': 42, 'loss': 0.1122, 'lr': 0.001, 'params': 963905, 'time_iter': 2.9789, 'accuracy': 0.9803, 'precision': 0.0, 'recall': 0.0, 'f1': 0.0, 'auc': 0.7012}
train: {'epoch': 42, 'eta': 1147498.2866, 'loss': 0.134, 'lr': 0.001, 'params': 963905, 'time_iter': 20.417, 'accuracy': 0.9643, 'precision': 0.6842, 'recall': 0.0844, 'f1': 0.1503, 'auc': 0.7657}
val: {'epoch': 43, 'loss': 0.1124, 'lr': 0.001, 'params': 963905, 'time_iter': 2.8446, 'accuracy': 0.9801, 'precision': 0.0, 'recall': 0.0, 'f1': 0.0, 'auc': 0.7282}
train: {'epoch': 43, 'eta': 1127215.5528, 'loss': 0.134, 'lr': 0.001, 'params': 963905, 'time_iter': 19.4487, 'accuracy': 0.964, 'precision': 0.6935, 'recall': 0.0698, 'f1': 0.1268, 'auc': 0.7681}
val: {'epoch': 44, 'loss': 0.1201, 'lr': 0.001, 'params': 963905, 'time_iter': 3.0775, 'accuracy': 0.9801, 'precision': 0.0, 'recall': 0.0, 'f1': 0.0, 'auc': 0.6754}
train: {'epoch': 44, 'eta': 1107399.2173, 'loss': 0.1339, 'lr': 0.001, 'params': 963905, 'time_iter': 19.8101, 'accuracy': 0.9645, 'precision': 0.7254, 'recall': 0.0836, 'f1': 0.1499, 'auc': 0.7612}
val: {'epoch': 45, 'loss': 0.1186, 'lr': 0.001, 'params': 963905, 'time_iter': 2.7688, 'accuracy': 0.9803, 'precision': 0.0, 'recall': 0.0, 'f1': 0.0, 'auc': 0.6966}
train: {'epoch': 45, 'eta': 1087113.9113, 'loss': 0.1322, 'lr': 0.001, 'params': 963905, 'time_iter': 19.4423, 'accuracy': 0.964, 'precision': 0.6643, 'recall': 0.0771, 'f1': 0.1382, 'auc': 0.7701}
val: {'epoch': 46, 'loss': 0.1055, 'lr': 0.001, 'params': 963905, 'time_iter': 2.9396, 'accuracy': 0.9818, 'precision': 1.0, 'recall': 0.0741, 'f1': 0.1379, 'auc': 0.6651}
train: {'epoch': 46, 'eta': 1066907.6394, 'loss': 0.1321, 'lr': 0.001, 'params': 963905, 'time_iter': 19.5001, 'accuracy': 0.9642, 'precision': 0.671, 'recall': 0.0844, 'f1': 0.15, 'auc': 0.7748}
val: {'epoch': 47, 'loss': 0.1035, 'lr': 0.001, 'params': 963905, 'time_iter': 2.8828, 'accuracy': 0.982, 'precision': 1.0, 'recall': 0.0864, 'f1': 0.1591, 'auc': 0.7048}
train: {'epoch': 47, 'eta': 1046479.9094, 'loss': 0.1308, 'lr': 0.001, 'params': 963905, 'time_iter': 19.2962, 'accuracy': 0.9644, 'precision': 0.6824, 'recall': 0.0942, 'f1': 0.1655, 'auc': 0.7755}
val: {'epoch': 48, 'loss': 0.1099, 'lr': 0.001, 'params': 963905, 'time_iter': 3.036, 'accuracy': 0.9803, 'precision': 0.0, 'recall': 0.0, 'f1': 0.0, 'auc': 0.7004}
train: {'epoch': 48, 'eta': 1026039.9816, 'loss': 0.1313, 'lr': 0.001, 'params': 963905, 'time_iter': 19.263, 'accuracy': 0.964, 'precision': 0.6395, 'recall': 0.0893, 'f1': 0.1567, 'auc': 0.7806}
val: {'epoch': 49, 'loss': 0.108, 'lr': 0.001, 'params': 963905, 'time_iter': 2.7675, 'accuracy': 0.9818, 'precision': 0.875, 'recall': 0.0864, 'f1': 0.1573, 'auc': 0.6933}
train: {'epoch': 49, 'eta': 1007014.9246, 'loss': 0.1312, 'lr': 0.001, 'params': 963905, 'time_iter': 20.614, 'accuracy': 0.9642, 'precision': 0.6708, 'recall': 0.0877, 'f1': 0.1551, 'auc': 0.7727}
val: {'epoch': 50, 'loss': 0.1105, 'lr': 0.001, 'params': 963905, 'time_iter': 2.8699, 'accuracy': 0.9803, 'precision': 0.0, 'recall': 0.0, 'f1': 0.0, 'auc': 0.7292}
train: {'epoch': 50, 'eta': 986789.9335, 'loss': 0.1316, 'lr': 0.001, 'params': 963905, 'time_iter': 19.487, 'accuracy': 0.9646, 'precision': 0.6754, 'recall': 0.1047, 'f1': 0.1813, 'auc': 0.7717}
val: {'epoch': 51, 'loss': 0.1113, 'lr': 0.001, 'params': 963905, 'time_iter': 2.9351, 'accuracy': 0.9803, 'precision': 0.0, 'recall': 0.0, 'f1': 0.0, 'auc': 0.7438}
train: {'epoch': 51, 'eta': 966489.4787, 'loss': 0.1314, 'lr': 0.001, 'params': 963905, 'time_iter': 19.4006, 'accuracy': 0.9643, 'precision': 0.6386, 'recall': 0.1047, 'f1': 0.1799, 'auc': 0.7751}
val: {'epoch': 52, 'loss': 0.1105, 'lr': 0.001, 'params': 963905, 'time_iter': 2.9056, 'accuracy': 0.9813, 'precision': 1.0, 'recall': 0.0494, 'f1': 0.0941, 'auc': 0.7332}
train: {'epoch': 52, 'eta': 946363.3276, 'loss': 0.1314, 'lr': 0.001, 'params': 963905, 'time_iter': 19.5776, 'accuracy': 0.9647, 'precision': 0.6806, 'recall': 0.1055, 'f1': 0.1827, 'auc': 0.7714}
val: {'epoch': 53, 'loss': 0.1107, 'lr': 0.001, 'params': 963905, 'time_iter': 3.0199, 'accuracy': 0.9823, 'precision': 0.9, 'recall': 0.1111, 'f1': 0.1978, 'auc': 0.7423}
train: {'epoch': 53, 'eta': 926523.1813, 'loss': 0.1313, 'lr': 0.001, 'params': 963905, 'time_iter': 19.9047, 'accuracy': 0.9648, 'precision': 0.6947, 'recall': 0.1071, 'f1': 0.1857, 'auc': 0.7696}
val: {'epoch': 54, 'loss': 0.1162, 'lr': 0.001, 'params': 963905, 'time_iter': 2.9875, 'accuracy': 0.9803, 'precision': 0.0, 'recall': 0.0, 'f1': 0.0, 'auc': 0.7088}
train: {'epoch': 54, 'eta': 906308.2334, 'loss': 0.1313, 'lr': 0.001, 'params': 963905, 'time_iter': 19.4873, 'accuracy': 0.9651, 'precision': 0.7065, 'recall': 0.1153, 'f1': 0.1982, 'auc': 0.7709}
val: {'epoch': 55, 'loss': 0.1153, 'lr': 0.001, 'params': 963905, 'time_iter': 3.0094, 'accuracy': 0.981, 'precision': 1.0, 'recall': 0.037, 'f1': 0.0714, 'auc': 0.6926}
train: {'epoch': 55, 'eta': 886192.229, 'loss': 0.1306, 'lr': 0.001, 'params': 963905, 'time_iter': 19.6025, 'accuracy': 0.9648, 'precision': 0.6911, 'recall': 0.1071, 'f1': 0.1855, 'auc': 0.7752}
val: {'epoch': 56, 'loss': 0.1204, 'lr': 0.001, 'params': 963905, 'time_iter': 2.8824, 'accuracy': 0.9803, 'precision': 0.0, 'recall': 0.0, 'f1': 0.0, 'auc': 0.7213}
train: {'epoch': 56, 'eta': 866136.8812, 'loss': 0.1314, 'lr': 0.001, 'params': 963905, 'time_iter': 19.6831, 'accuracy': 0.9651, 'precision': 0.7188, 'recall': 0.112, 'f1': 0.1938, 'auc': 0.773}
val: {'epoch': 57, 'loss': 0.1215, 'lr': 0.001, 'params': 963905, 'time_iter': 2.7287, 'accuracy': 0.9803, 'precision': 0.0, 'recall': 0.0, 'f1': 0.0, 'auc': 0.7059}
train: {'epoch': 57, 'eta': 845701.5436, 'loss': 0.1307, 'lr': 0.001, 'params': 963905, 'time_iter': 19.1823, 'accuracy': 0.9648, 'precision': 0.6812, 'recall': 0.1144, 'f1': 0.196, 'auc': 0.7799}
val: {'epoch': 58, 'loss': 0.1232, 'lr': 0.001, 'params': 963905, 'time_iter': 2.9905, 'accuracy': 0.9803, 'precision': 0.0, 'recall': 0.0, 'f1': 0.0, 'auc': 0.7043}
train: {'epoch': 58, 'eta': 825794.6274, 'loss': 0.1297, 'lr': 0.001, 'params': 963905, 'time_iter': 19.8883, 'accuracy': 0.9656, 'precision': 0.7252, 'recall': 0.1307, 'f1': 0.2215, 'auc': 0.778}
val: {'epoch': 59, 'loss': 0.1256, 'lr': 0.001, 'params': 963905, 'time_iter': 2.762, 'accuracy': 0.9803, 'precision': 0.0, 'recall': 0.0, 'f1': 0.0, 'auc': 0.7159}
train: {'epoch': 59, 'eta': 805873.8341, 'loss': 0.1301, 'lr': 0.001, 'params': 963905, 'time_iter': 19.8952, 'accuracy': 0.9648, 'precision': 0.6923, 'recall': 0.1096, 'f1': 0.1892, 'auc': 0.7798}
val: {'epoch': 60, 'loss': 0.1327, 'lr': 0.001, 'params': 963905, 'time_iter': 2.8823, 'accuracy': 0.9803, 'precision': 0.0, 'recall': 0.0, 'f1': 0.0, 'auc': 0.6751}
train: {'epoch': 60, 'eta': 785724.2848, 'loss': 0.13, 'lr': 0.001, 'params': 963905, 'time_iter': 19.5749, 'accuracy': 0.9647, 'precision': 0.68, 'recall': 0.1104, 'f1': 0.1899, 'auc': 0.7793}
val: {'epoch': 61, 'loss': 0.1269, 'lr': 0.001, 'params': 963905, 'time_iter': 2.8367, 'accuracy': 0.9803, 'precision': 0.0, 'recall': 0.0, 'f1': 0.0, 'auc': 0.6496}
train: {'epoch': 61, 'eta': 765609.2646, 'loss': 0.1305, 'lr': 0.001, 'params': 963905, 'time_iter': 19.6293, 'accuracy': 0.9647, 'precision': 0.675, 'recall': 0.1096, 'f1': 0.1885, 'auc': 0.7755}
val: {'epoch': 62, 'loss': 0.1288, 'lr': 0.001, 'params': 963905, 'time_iter': 3.1531, 'accuracy': 0.9803, 'precision': 0.0, 'recall': 0.0, 'f1': 0.0, 'auc': 0.605}
train: {'epoch': 62, 'eta': 745281.0714, 'loss': 0.1307, 'lr': 0.001, 'params': 963905, 'time_iter': 19.281, 'accuracy': 0.9649, 'precision': 0.699, 'recall': 0.1112, 'f1': 0.1919, 'auc': 0.774}
val: {'epoch': 63, 'loss': 0.121, 'lr': 0.001, 'params': 963905, 'time_iter': 2.8607, 'accuracy': 0.9803, 'precision': 0.0, 'recall': 0.0, 'f1': 0.0, 'auc': 0.6588}
train: {'epoch': 63, 'eta': 725117.1065, 'loss': 0.1369, 'lr': 0.001, 'params': 963905, 'time_iter': 19.5384, 'accuracy': 0.9645, 'precision': 0.6909, 'recall': 0.0925, 'f1': 0.1632, 'auc': 0.7377}
val: {'epoch': 64, 'loss': 0.1294, 'lr': 0.001, 'params': 963905, 'time_iter': 2.7479, 'accuracy': 0.9803, 'precision': 0.0, 'recall': 0.0, 'f1': 0.0, 'auc': 0.6159}
train: {'epoch': 64, 'eta': 704871.9229, 'loss': 0.136, 'lr': 0.001, 'params': 963905, 'time_iter': 19.3885, 'accuracy': 0.9644, 'precision': 0.6987, 'recall': 0.0885, 'f1': 0.1571, 'auc': 0.7516}
val: {'epoch': 65, 'loss': 0.1304, 'lr': 0.001, 'params': 963905, 'time_iter': 2.9694, 'accuracy': 0.9803, 'precision': 0.0, 'recall': 0.0, 'f1': 0.0, 'auc': 0.5267}
train: {'epoch': 65, 'eta': 684573.9631, 'loss': 0.1345, 'lr': 0.001, 'params': 963905, 'time_iter': 19.2721, 'accuracy': 0.9647, 'precision': 0.6902, 'recall': 0.1031, 'f1': 0.1794, 'auc': 0.7553}
val: {'epoch': 66, 'loss': 0.1348, 'lr': 0.001, 'params': 963905, 'time_iter': 2.8766, 'accuracy': 0.9803, 'precision': 0.0, 'recall': 0.0, 'f1': 0.0, 'auc': 0.4933}
train: {'epoch': 66, 'eta': 664458.5796, 'loss': 0.1327, 'lr': 0.001, 'params': 963905, 'time_iter': 19.6049, 'accuracy': 0.9644, 'precision': 0.6649, 'recall': 0.0998, 'f1': 0.1736, 'auc': 0.7656}
val: {'epoch': 67, 'loss': 0.1296, 'lr': 0.001, 'params': 963905, 'time_iter': 2.9986, 'accuracy': 0.9803, 'precision': 0.0, 'recall': 0.0, 'f1': 0.0, 'auc': 0.5853}
train: {'epoch': 67, 'eta': 644317.4619, 'loss': 0.1322, 'lr': 0.001, 'params': 963905, 'time_iter': 19.5552, 'accuracy': 0.9648, 'precision': 0.6952, 'recall': 0.1055, 'f1': 0.1832, 'auc': 0.7725}
val: {'epoch': 68, 'loss': 0.1311, 'lr': 0.001, 'params': 963905, 'time_iter': 2.7964, 'accuracy': 0.9803, 'precision': 0.0, 'recall': 0.0, 'f1': 0.0, 'auc': 0.5853}
train: {'epoch': 68, 'eta': 624146.7442, 'loss': 0.1317, 'lr': 0.001, 'params': 963905, 'time_iter': 19.49, 'accuracy': 0.9644, 'precision': 0.6703, 'recall': 0.099, 'f1': 0.1726, 'auc': 0.7706}
val: {'epoch': 69, 'loss': 0.1215, 'lr': 0.001, 'params': 963905, 'time_iter': 3.5362, 'accuracy': 0.9803, 'precision': 0.0, 'recall': 0.0, 'f1': 0.0, 'auc': 0.6531}
train: {'epoch': 69, 'eta': 603913.0522, 'loss': 0.1312, 'lr': 0.001, 'params': 963905, 'time_iter': 19.3398, 'accuracy': 0.9646, 'precision': 0.6828, 'recall': 0.1031, 'f1': 0.1791, 'auc': 0.7721}
val: {'epoch': 70, 'loss': 0.1325, 'lr': 0.001, 'params': 963905, 'time_iter': 3.0611, 'accuracy': 0.9803, 'precision': 0.0, 'recall': 0.0, 'f1': 0.0, 'auc': 0.6166}
train: {'epoch': 70, 'eta': 583787.2851, 'loss': 0.1316, 'lr': 0.001, 'params': 963905, 'time_iter': 19.5742, 'accuracy': 0.9648, 'precision': 0.7176, 'recall': 0.099, 'f1': 0.174, 'auc': 0.7704}
val: {'epoch': 71, 'loss': 0.1343, 'lr': 0.001, 'params': 963905, 'time_iter': 2.7752, 'accuracy': 0.9803, 'precision': 0.0, 'recall': 0.0, 'f1': 0.0, 'auc': 0.5461}
train: {'epoch': 71, 'eta': 563602.2047, 'loss': 0.1305, 'lr': 0.001, 'params': 963905, 'time_iter': 19.4271, 'accuracy': 0.9647, 'precision': 0.6919, 'recall': 0.1039, 'f1': 0.1807, 'auc': 0.7748}
val: {'epoch': 72, 'loss': 0.1315, 'lr': 0.001, 'params': 963905, 'time_iter': 2.974, 'accuracy': 0.9803, 'precision': 0.0, 'recall': 0.0, 'f1': 0.0, 'auc': 0.6747}
train: {'epoch': 72, 'eta': 543469.4209, 'loss': 0.1296, 'lr': 0.001, 'params': 963905, 'time_iter': 19.5505, 'accuracy': 0.9649, 'precision': 0.6954, 'recall': 0.1112, 'f1': 0.1917, 'auc': 0.7781}
val: {'epoch': 73, 'loss': 0.134, 'lr': 0.001, 'params': 963905, 'time_iter': 2.8549, 'accuracy': 0.9803, 'precision': 0.0, 'recall': 0.0, 'f1': 0.0, 'auc': 0.6298}
train: {'epoch': 73, 'eta': 523528.3112, 'loss': 0.1297, 'lr': 0.001, 'params': 963905, 'time_iter': 20.0795, 'accuracy': 0.9652, 'precision': 0.7067, 'recall': 0.1193, 'f1': 0.2042, 'auc': 0.7725}
val: {'epoch': 74, 'loss': 0.1381, 'lr': 0.001, 'params': 963905, 'time_iter': 3.0011, 'accuracy': 0.9803, 'precision': 0.0, 'recall': 0.0, 'f1': 0.0, 'auc': 0.5501}
train: {'epoch': 74, 'eta': 503417.8005, 'loss': 0.1295, 'lr': 0.001, 'params': 963905, 'time_iter': 19.6417, 'accuracy': 0.9644, 'precision': 0.6402, 'recall': 0.1112, 'f1': 0.1895, 'auc': 0.7763}
val: {'epoch': 75, 'loss': 0.1336, 'lr': 0.001, 'params': 963905, 'time_iter': 2.8965, 'accuracy': 0.9803, 'precision': 0.0, 'recall': 0.0, 'f1': 0.0, 'auc': 0.5416}
train: {'epoch': 75, 'eta': 483444.3753, 'loss': 0.1291, 'lr': 0.001, 'params': 963905, 'time_iter': 20.0717, 'accuracy': 0.9651, 'precision': 0.6959, 'recall': 0.1226, 'f1': 0.2084, 'auc': 0.7811}
val: {'epoch': 76, 'loss': 0.1365, 'lr': 0.001, 'params': 963905, 'time_iter': 2.897, 'accuracy': 0.9803, 'precision': 0.0, 'recall': 0.0, 'f1': 0.0, 'auc': 0.6085}
train: {'epoch': 76, 'eta': 463258.7536, 'loss': 0.1298, 'lr': 0.001, 'params': 963905, 'time_iter': 19.4388, 'accuracy': 0.9647, 'precision': 0.6607, 'recall': 0.1201, 'f1': 0.2033, 'auc': 0.7767}
val: {'epoch': 77, 'loss': 0.1371, 'lr': 0.001, 'params': 963905, 'time_iter': 2.9103, 'accuracy': 0.9803, 'precision': 0.0, 'recall': 0.0, 'f1': 0.0, 'auc': 0.5944}
train: {'epoch': 77, 'eta': 442963.0754, 'loss': 0.1288, 'lr': 0.001, 'params': 963905, 'time_iter': 19.0434, 'accuracy': 0.965, 'precision': 0.6934, 'recall': 0.1193, 'f1': 0.2036, 'auc': 0.7882}
val: {'epoch': 78, 'loss': 0.1306, 'lr': 0.001, 'params': 963905, 'time_iter': 2.8006, 'accuracy': 0.9803, 'precision': 0.0, 'recall': 0.0, 'f1': 0.0, 'auc': 0.6032}
train: {'epoch': 78, 'eta': 422667.6988, 'loss': 0.1285, 'lr': 0.001, 'params': 963905, 'time_iter': 18.9798, 'accuracy': 0.9647, 'precision': 0.6392, 'recall': 0.1323, 'f1': 0.2192, 'auc': 0.7891}
val: {'epoch': 79, 'loss': 0.1375, 'lr': 0.001, 'params': 963905, 'time_iter': 3.1371, 'accuracy': 0.9803, 'precision': 0.0, 'recall': 0.0, 'f1': 0.0, 'auc': 0.5735}
train: {'epoch': 79, 'eta': 402560.3467, 'loss': 0.1281, 'lr': 0.001, 'params': 963905, 'time_iter': 19.6363, 'accuracy': 0.9651, 'precision': 0.6667, 'recall': 0.1364, 'f1': 0.2264, 'auc': 0.7884}
val: {'epoch': 80, 'loss': 0.1437, 'lr': 0.001, 'params': 963905, 'time_iter': 2.9454, 'accuracy': 0.9803, 'precision': 0.0, 'recall': 0.0, 'f1': 0.0, 'auc': 0.5343}
train: {'epoch': 80, 'eta': 382439.9918, 'loss': 0.1279, 'lr': 0.001, 'params': 963905, 'time_iter': 19.5925, 'accuracy': 0.9647, 'precision': 0.6498, 'recall': 0.125, 'f1': 0.2097, 'auc': 0.7892}
val: {'epoch': 81, 'loss': 0.1306, 'lr': 0.001, 'params': 963905, 'time_iter': 3.0306, 'accuracy': 0.9803, 'precision': 0.0, 'recall': 0.0, 'f1': 0.0, 'auc': 0.6445}
train: {'epoch': 81, 'eta': 362357.0383, 'loss': 0.132, 'lr': 0.001, 'params': 963905, 'time_iter': 19.7624, 'accuracy': 0.9639, 'precision': 0.6188, 'recall': 0.0909, 'f1': 0.1585, 'auc': 0.7806}
val: {'epoch': 82, 'loss': 0.1361, 'lr': 0.001, 'params': 963905, 'time_iter': 3.1257, 'accuracy': 0.9803, 'precision': 0.0, 'recall': 0.0, 'f1': 0.0, 'auc': 0.5927}
train: {'epoch': 82, 'eta': 342231.0907, 'loss': 0.1291, 'lr': 0.001, 'params': 963905, 'time_iter': 19.5873, 'accuracy': 0.9645, 'precision': 0.6495, 'recall': 0.1128, 'f1': 0.1923, 'auc': 0.7876}
val: {'epoch': 83, 'loss': 0.1357, 'lr': 0.001, 'params': 963905, 'time_iter': 2.8722, 'accuracy': 0.9803, 'precision': 0.0, 'recall': 0.0, 'f1': 0.0, 'auc': 0.5391}
train: {'epoch': 83, 'eta': 322149.8169, 'loss': 0.1307, 'lr': 0.001, 'params': 963905, 'time_iter': 19.8188, 'accuracy': 0.964, 'precision': 0.6034, 'recall': 0.1136, 'f1': 0.1913, 'auc': 0.785}
val: {'epoch': 84, 'loss': 0.1422, 'lr': 0.001, 'params': 963905, 'time_iter': 3.0918, 'accuracy': 0.9803, 'precision': 0.0, 'recall': 0.0, 'f1': 0.0, 'auc': 0.5708}
train: {'epoch': 84, 'eta': 301971.7989, 'loss': 0.1275, 'lr': 0.001, 'params': 963905, 'time_iter': 19.3265, 'accuracy': 0.9649, 'precision': 0.6598, 'recall': 0.1291, 'f1': 0.2159, 'auc': 0.7907}
val: {'epoch': 85, 'loss': 0.1399, 'lr': 0.001, 'params': 963905, 'time_iter': 2.6335, 'accuracy': 0.9803, 'precision': 0.0, 'recall': 0.0, 'f1': 0.0, 'auc': 0.5643}
train: {'epoch': 85, 'eta': 281801.6263, 'loss': 0.1261, 'lr': 0.001, 'params': 963905, 'time_iter': 19.3329, 'accuracy': 0.965, 'precision': 0.6562, 'recall': 0.1364, 'f1': 0.2258, 'auc': 0.7928}
val: {'epoch': 86, 'loss': 0.1456, 'lr': 0.001, 'params': 963905, 'time_iter': 3.1755, 'accuracy': 0.9803, 'precision': 0.0, 'recall': 0.0, 'f1': 0.0, 'auc': 0.4694}
train: {'epoch': 86, 'eta': 261731.2452, 'loss': 0.1253, 'lr': 0.001, 'params': 963905, 'time_iter': 19.9406, 'accuracy': 0.965, 'precision': 0.6507, 'recall': 0.1437, 'f1': 0.2354, 'auc': 0.8006}
val: {'epoch': 87, 'loss': 0.1464, 'lr': 0.001, 'params': 963905, 'time_iter': 3.0388, 'accuracy': 0.9803, 'precision': 0.0, 'recall': 0.0, 'f1': 0.0, 'auc': 0.5311}
train: {'epoch': 87, 'eta': 241584.6698, 'loss': 0.1275, 'lr': 0.001, 'params': 963905, 'time_iter': 19.4702, 'accuracy': 0.9654, 'precision': 0.6917, 'recall': 0.1347, 'f1': 0.2255, 'auc': 0.786}
val: {'epoch': 88, 'loss': 0.1465, 'lr': 0.001, 'params': 963905, 'time_iter': 3.1198, 'accuracy': 0.9803, 'precision': 0.0, 'recall': 0.0, 'f1': 0.0, 'auc': 0.5637}
train: {'epoch': 88, 'eta': 221499.3642, 'loss': 0.1266, 'lr': 0.001, 'params': 963905, 'time_iter': 19.9323, 'accuracy': 0.9648, 'precision': 0.6391, 'recall': 0.138, 'f1': 0.227, 'auc': 0.7921}
val: {'epoch': 89, 'loss': 0.1455, 'lr': 0.001, 'params': 963905, 'time_iter': 3.0427, 'accuracy': 0.9803, 'precision': 0.0, 'recall': 0.0, 'f1': 0.0, 'auc': 0.5625}
train: {'epoch': 89, 'eta': 201414.9866, 'loss': 0.1269, 'lr': 0.001, 'params': 963905, 'time_iter': 20.023, 'accuracy': 0.9651, 'precision': 0.6735, 'recall': 0.1339, 'f1': 0.2234, 'auc': 0.79}
val: {'epoch': 90, 'loss': 0.1394, 'lr': 0.001, 'params': 963905, 'time_iter': 2.9283, 'accuracy': 0.9803, 'precision': 0.0, 'recall': 0.0, 'f1': 0.0, 'auc': 0.6064}
train: {'epoch': 90, 'eta': 181240.1934, 'loss': 0.1263, 'lr': 0.001, 'params': 963905, 'time_iter': 19.2467, 'accuracy': 0.9652, 'precision': 0.6789, 'recall': 0.1356, 'f1': 0.226, 'auc': 0.7994}
val: {'epoch': 91, 'loss': 0.1469, 'lr': 0.001, 'params': 963905, 'time_iter': 3.033, 'accuracy': 0.9803, 'precision': 0.0, 'recall': 0.0, 'f1': 0.0, 'auc': 0.5547}
train: {'epoch': 91, 'eta': 161084.0069, 'loss': 0.125, 'lr': 0.001, 'params': 963905, 'time_iter': 19.3648, 'accuracy': 0.9657, 'precision': 0.67, 'recall': 0.1648, 'f1': 0.2645, 'auc': 0.8023}
val: {'epoch': 92, 'loss': 0.1398, 'lr': 0.001, 'params': 963905, 'time_iter': 2.7646, 'accuracy': 0.9803, 'precision': 0.0, 'recall': 0.0, 'f1': 0.0, 'auc': 0.5932}
train: {'epoch': 92, 'eta': 140939.7679, 'loss': 0.1252, 'lr': 0.001, 'params': 963905, 'time_iter': 19.4552, 'accuracy': 0.9658, 'precision': 0.6803, 'recall': 0.1623, 'f1': 0.2621, 'auc': 0.799}
val: {'epoch': 93, 'loss': 0.145, 'lr': 0.001, 'params': 963905, 'time_iter': 3.4879, 'accuracy': 0.9803, 'precision': 0.0, 'recall': 0.0, 'f1': 0.0, 'auc': 0.5697}
train: {'epoch': 93, 'eta': 120824.1945, 'loss': 0.126, 'lr': 0.001, 'params': 963905, 'time_iter': 19.8512, 'accuracy': 0.9654, 'precision': 0.662, 'recall': 0.1526, 'f1': 0.248, 'auc': 0.797}
val: {'epoch': 94, 'loss': 0.1444, 'lr': 0.001, 'params': 963905, 'time_iter': 2.9678, 'accuracy': 0.9803, 'precision': 0.0, 'recall': 0.0, 'f1': 0.0, 'auc': 0.5485}
train: {'epoch': 94, 'eta': 100668.0195, 'loss': 0.1252, 'lr': 0.001, 'params': 963905, 'time_iter': 19.2225, 'accuracy': 0.9652, 'precision': 0.6593, 'recall': 0.1461, 'f1': 0.2392, 'auc': 0.8041}
val: {'epoch': 95, 'loss': 0.1389, 'lr': 0.001, 'params': 963905, 'time_iter': 3.3658, 'accuracy': 0.9803, 'precision': 0.0, 'recall': 0.0, 'f1': 0.0, 'auc': 0.6323}
train: {'epoch': 95, 'eta': 80536.6517, 'loss': 0.1247, 'lr': 0.001, 'params': 963905, 'time_iter': 19.6183, 'accuracy': 0.9656, 'precision': 0.6645, 'recall': 0.164, 'f1': 0.263, 'auc': 0.8023}
val: {'epoch': 96, 'loss': 0.1402, 'lr': 0.001, 'params': 963905, 'time_iter': 2.9852, 'accuracy': 0.9803, 'precision': 0.0, 'recall': 0.0, 'f1': 0.0, 'auc': 0.5899}
train: {'epoch': 96, 'eta': 60399.8883, 'loss': 0.1244, 'lr': 0.001, 'params': 963905, 'time_iter': 19.485, 'accuracy': 0.9661, 'precision': 0.7042, 'recall': 0.1623, 'f1': 0.2639, 'auc': 0.7979}
val: {'epoch': 97, 'loss': 0.1437, 'lr': 0.001, 'params': 963905, 'time_iter': 2.7385, 'accuracy': 0.9803, 'precision': 0.0, 'recall': 0.0, 'f1': 0.0, 'auc': 0.5596}
train: {'epoch': 97, 'eta': 40268.1107, 'loss': 0.1243, 'lr': 0.001, 'params': 963905, 'time_iter': 19.6382, 'accuracy': 0.966, 'precision': 0.6952, 'recall': 0.1648, 'f1': 0.2664, 'auc': 0.7972}
val: {'epoch': 98, 'loss': 0.1461, 'lr': 0.001, 'params': 963905, 'time_iter': 2.9735, 'accuracy': 0.9803, 'precision': 0.0, 'recall': 0.0, 'f1': 0.0, 'auc': 0.526}
train: {'epoch': 98, 'eta': 20135.9951, 'loss': 0.1242, 'lr': 0.001, 'params': 963905, 'time_iter': 19.7533, 'accuracy': 0.9658, 'precision': 0.6743, 'recall': 0.1664, 'f1': 0.2669, 'auc': 0.8015}
val: {'epoch': 99, 'loss': 0.144, 'lr': 0.001, 'params': 963905, 'time_iter': 2.8625, 'accuracy': 0.9803, 'precision': 0.0, 'recall': 0.0, 'f1': 0.0, 'auc': 0.5675}
train: {'epoch': 99, 'eta': 0.0, 'loss': 0.1234, 'lr': 0.001, 'params': 963905, 'time_iter': 19.7098, 'accuracy': 0.9662, 'precision': 0.6958, 'recall': 0.1745, 'f1': 0.279, 'auc': 0.8068}
test: {'epoch': 99, 'loss': 0.2295, 'lr': 0.001, 'params': 963905, 'time_iter': 2.6004, 'accuracy': 0.9684, 'precision': 0.0, 'recall': 0.0, 'f1': 0.0, 'auc': 0.591}
test: {'epoch': 16, 'loss': 0.1699, 'lr': 0.001, 'params': 963905, 'time_iter': 2.4918, 'accuracy': 0.9684, 'precision': 0.0, 'recall': 0.0, 'f1': 0.0, 'auc': 0.7098}
