GraphGymModule(
  (model): DilatedGNNModel(
    (encoder): FeatureEncoder(
      (node_encoder): AtomEncoder(
        (atom_embedding_list): ModuleList(
          (0): Embedding(119, 300)
          (1): Embedding(4, 300)
          (2): Embedding(12, 300)
          (3): Embedding(12, 300)
          (4): Embedding(10, 300)
          (5): Embedding(6, 300)
          (6): Embedding(6, 300)
          (7): Embedding(2, 300)
          (8): Embedding(2, 300)
        )
      )
      (edge_encoder): BondEncoder(
        (bond_embedding_list): ModuleList(
          (0): Embedding(5, 300)
          (1): Embedding(6, 300)
          (2): Embedding(2, 300)
        )
      )
    )
    (mp): GNNDilatedStage(
      (classic_layers): ModuleList(
        (0): GeneralLayer(
          (layer): EGINConv(
            (model): GINEConv(nn=Sequential(
              (0): Linear(300, 300, bias=True)
              (1): ReLU()
              (2): Linear(300, 300, bias=True)
            ))
          )
          (post_layer): Sequential(
            (0): BatchNorm1d(300, eps=1e-05, momentum=0.1, affine=True, track_running_stats=True)
            (1): Dropout(p=0.5, inplace=False)
            (2): ReLU()
          )
        )
      )
      (dilated_layers): ModuleList(
        (0): DilatedGeneralLayer(
          (layer): EGINConv(
            (model): GINEConv(nn=Sequential(
              (0): Linear(300, 300, bias=True)
              (1): ReLU()
              (2): Linear(300, 300, bias=True)
            ))
          )
          (post_layer): Sequential(
            (0): BatchNorm1d(300, eps=1e-05, momentum=0.1, affine=True, track_running_stats=True)
            (1): Dropout(p=0.5, inplace=False)
            (2): ReLU()
          )
          (gem): GeM(p=3.0000, eps=1e-06)
        )
      )
      (act): ReLU()
    )
    (post_mp): GNNGraphHead(
      (layer_post_mp): MLP(
        (model): Sequential(
          (0): Linear(
            (model): Linear(300, 1, bias=True)
          )
        )
      )
    )
  )
)
accelerator: cuda
benchmark: False
bn:
  eps: 1e-05
  mom: 0.1
cfg_dest: config.yaml
custom_metrics: []
dataset:
  cache_load: False
  cache_save: False
  dir: ./datasets
  edge_dim: 300
  edge_encoder: True
  edge_encoder_bn: False
  edge_encoder_name: Bond
  edge_message_ratio: 0.8
  edge_negative_sampling_ratio: 1.0
  edge_train_mode: all
  encoder: True
  encoder_bn: True
  encoder_dim: 128
  encoder_name: db
  fast_loader: False
  format: OGB
  label_column: none
  label_table: none
  location: local
  name: ogbg-molhiv
  node_encoder: True
  node_encoder_bn: False
  node_encoder_name: Atom
  remove_feature: False
  resample_disjoint: False
  resample_negative: False
  shuffle_split: True
  split: [0.8, 0.1, 0.1]
  split_mode: random
  task: graph
  task_type: classification
  to_undirected: False
  transductive: False
  transform: none
  tu_simple: True
devices: 1
gnn:
  act: relu
  act_on_last_layer_mp: False
  agg: none
  att_final_linear: False
  att_final_linear_bn: False
  att_heads: 1
  batchnorm: True
  clear_feature: True
  dilated_path_join: add
  dim_inner: 300
  dropout: 0.5
  head: graph
  keep_edge: 0.5
  l2norm: True
  layer_type: eginconv
  layers_k1: 1
  layers_k2: 1
  layers_mp: 5
  layers_post_mp: 1
  layers_pre_mp: 0
  learn_alpha_residual_connection: True
  msg_direction: single
  normalize_adj: False
  self_msg: concat
  skip_every: 1
  stage_type: stack
  use_edge_features: True
gpu_mem: False
mem:
  inplace: False
metric_agg: argmax
metric_best: auc
model:
  edge_decoding: dot
  graph_pooling: mean
  loss_fun: cross_entropy
  match_upper: True
  size_average: mean
  thresh: 0.5
  type: dilated_gnn
num_threads: 6
num_workers: 16
optim:
  base_lr: 0.001
  lr_decay: 0.1
  max_epoch: 100
  momentum: 0.9
  optimizer: adam
  scheduler: none
  steps: [30, 60, 90]
  weight_decay: 0.0
out_dir: results_experiments/ogbg_molhiv_baseline_grid_design/ogbg_molhiv_baseline-type=dilated_gnn-layer_type=eginconv-layers_k1=1-layers_k2=1-dilated_path_join=add-learn_alpha_residual_connection=True
params: 599103
print: both
round: 4
run_dir: results_experiments/ogbg_molhiv_baseline_grid_design/ogbg_molhiv_baseline-type=dilated_gnn-layer_type=eginconv-layers_k1=1-layers_k2=1-dilated_path_join=add-learn_alpha_residual_connection=True/7
seed: 8
share:
  dim_in: 9
  dim_out: 2
  num_splits: 3
tensorboard_agg: True
tensorboard_each_run: False
train:
  auto_resume: False
  batch_size: 32
  ckpt_clean: True
  ckpt_period: 100
  enable_ckpt: True
  epoch_resume: -1
  eval_period: 1
  iter_per_epoch: 32
  neighbor_sizes: [20, 15, 10, 5]
  node_per_graph: 32
  radius: extend
  sample_node: False
  sampler: full_batch
  skip_train_eval: False
  walk_length: 4
val:
  node_per_graph: 32
  radius: extend
  sample_node: False
  sampler: full_batch
view_emb: False
Num parameters: 599103
val: {'epoch': 0, 'loss': 0.7146, 'lr': 0.001, 'params': 599103, 'time_iter': 0.9221, 'accuracy': 0.0156, 'precision': 0.0156, 'recall': 1.0, 'f1': 0.0308, 'auc': 0.9841}
val: {'epoch': 0, 'loss': 0.0962, 'lr': 0.001, 'params': 599103, 'time_iter': 1.4442, 'accuracy': 0.9803, 'precision': 0.0, 'recall': 0.0, 'f1': 0.0, 'auc': 0.6151}
train: {'epoch': 0, 'eta': 1075777.2395, 'loss': 0.1862, 'lr': 0.001, 'params': 599103, 'time_iter': 10.5602, 'accuracy': 0.96, 'precision': 0.0619, 'recall': 0.0049, 'f1': 0.009, 'auc': 0.547}
val: {'epoch': 1, 'loss': 0.0969, 'lr': 0.001, 'params': 599103, 'time_iter': 1.4769, 'accuracy': 0.9803, 'precision': 0.0, 'recall': 0.0, 'f1': 0.0, 'auc': 0.6043}
train: {'epoch': 1, 'eta': 1051042.0677, 'loss': 0.1558, 'lr': 0.001, 'params': 599103, 'time_iter': 10.2851, 'accuracy': 0.9626, 'precision': 0.0, 'recall': 0.0, 'f1': 0.0, 'auc': 0.6426}
val: {'epoch': 2, 'loss': 0.099, 'lr': 0.001, 'params': 599103, 'time_iter': 1.7573, 'accuracy': 0.9803, 'precision': 0.0, 'recall': 0.0, 'f1': 0.0, 'auc': 0.6242}
train: {'epoch': 2, 'eta': 1026093.1783, 'loss': 0.1523, 'lr': 0.001, 'params': 599103, 'time_iter': 9.9951, 'accuracy': 0.9625, 'precision': 0.0, 'recall': 0.0, 'f1': 0.0, 'auc': 0.6819}
val: {'epoch': 3, 'loss': 0.0893, 'lr': 0.001, 'params': 599103, 'time_iter': 1.3964, 'accuracy': 0.9805, 'precision': 1.0, 'recall': 0.0123, 'f1': 0.0244, 'auc': 0.7286}
train: {'epoch': 3, 'eta': 1017898.2151, 'loss': 0.1477, 'lr': 0.001, 'params': 599103, 'time_iter': 10.3767, 'accuracy': 0.9625, 'precision': 0.0, 'recall': 0.0, 'f1': 0.0, 'auc': 0.7138}
val: {'epoch': 4, 'loss': 0.0873, 'lr': 0.001, 'params': 599103, 'time_iter': 1.4488, 'accuracy': 0.9808, 'precision': 1.0, 'recall': 0.0247, 'f1': 0.0482, 'auc': 0.7478}
train: {'epoch': 4, 'eta': 1001909.1351, 'loss': 0.1434, 'lr': 0.001, 'params': 599103, 'time_iter': 10.0288, 'accuracy': 0.9624, 'precision': 0.25, 'recall': 0.0016, 'f1': 0.0032, 'auc': 0.7402}
val: {'epoch': 5, 'loss': 0.0952, 'lr': 0.001, 'params': 599103, 'time_iter': 1.4568, 'accuracy': 0.9808, 'precision': 0.75, 'recall': 0.037, 'f1': 0.0706, 'auc': 0.7319}
train: {'epoch': 5, 'eta': 988613.1616, 'loss': 0.1395, 'lr': 0.001, 'params': 599103, 'time_iter': 10.0786, 'accuracy': 0.9623, 'precision': 0.2667, 'recall': 0.0032, 'f1': 0.0064, 'auc': 0.757}
val: {'epoch': 6, 'loss': 0.0833, 'lr': 0.001, 'params': 599103, 'time_iter': 1.4271, 'accuracy': 0.9823, 'precision': 0.9, 'recall': 0.1111, 'f1': 0.1978, 'auc': 0.7742}
train: {'epoch': 6, 'eta': 978480.2481, 'loss': 0.1363, 'lr': 0.001, 'params': 599103, 'time_iter': 10.2489, 'accuracy': 0.9625, 'precision': 0.4634, 'recall': 0.0154, 'f1': 0.0299, 'auc': 0.7665}
val: {'epoch': 7, 'loss': 0.0853, 'lr': 0.001, 'params': 599103, 'time_iter': 1.441, 'accuracy': 0.9808, 'precision': 0.5625, 'recall': 0.1111, 'f1': 0.1856, 'auc': 0.756}
train: {'epoch': 7, 'eta': 967871.9474, 'loss': 0.1341, 'lr': 0.001, 'params': 599103, 'time_iter': 10.2174, 'accuracy': 0.9624, 'precision': 0.4648, 'recall': 0.0268, 'f1': 0.0507, 'auc': 0.7746}
val: {'epoch': 8, 'loss': 0.082, 'lr': 0.001, 'params': 599103, 'time_iter': 1.4307, 'accuracy': 0.9823, 'precision': 0.75, 'recall': 0.1481, 'f1': 0.2474, 'auc': 0.7709}
train: {'epoch': 8, 'eta': 958216.4488, 'loss': 0.1325, 'lr': 0.001, 'params': 599103, 'time_iter': 10.307, 'accuracy': 0.9631, 'precision': 0.6184, 'recall': 0.0381, 'f1': 0.0719, 'auc': 0.7815}
val: {'epoch': 9, 'loss': 0.0881, 'lr': 0.001, 'params': 599103, 'time_iter': 2.1971, 'accuracy': 0.9813, 'precision': 0.8333, 'recall': 0.0617, 'f1': 0.1149, 'auc': 0.7774}
train: {'epoch': 9, 'eta': 945856.8123, 'loss': 0.1305, 'lr': 0.001, 'params': 599103, 'time_iter': 10.0355, 'accuracy': 0.9629, 'precision': 0.5546, 'recall': 0.0536, 'f1': 0.0977, 'auc': 0.786}
val: {'epoch': 10, 'loss': 0.0802, 'lr': 0.001, 'params': 599103, 'time_iter': 1.4567, 'accuracy': 0.9808, 'precision': 0.625, 'recall': 0.0617, 'f1': 0.1124, 'auc': 0.7674}
train: {'epoch': 10, 'eta': 934973.474, 'loss': 0.1285, 'lr': 0.001, 'params': 599103, 'time_iter': 10.1684, 'accuracy': 0.9637, 'precision': 0.6484, 'recall': 0.0674, 'f1': 0.1221, 'auc': 0.7936}
val: {'epoch': 11, 'loss': 0.083, 'lr': 0.001, 'params': 599103, 'time_iter': 1.5023, 'accuracy': 0.9805, 'precision': 0.5455, 'recall': 0.0741, 'f1': 0.1304, 'auc': 0.7693}
train: {'epoch': 11, 'eta': 924341.2852, 'loss': 0.1275, 'lr': 0.001, 'params': 599103, 'time_iter': 10.1924, 'accuracy': 0.9633, 'precision': 0.5776, 'recall': 0.0755, 'f1': 0.1335, 'auc': 0.7971}
val: {'epoch': 12, 'loss': 0.0886, 'lr': 0.001, 'params': 599103, 'time_iter': 1.5547, 'accuracy': 0.9808, 'precision': 0.6667, 'recall': 0.0494, 'f1': 0.092, 'auc': 0.7453}
train: {'epoch': 12, 'eta': 911783.7477, 'loss': 0.1257, 'lr': 0.001, 'params': 599103, 'time_iter': 9.9096, 'accuracy': 0.9639, 'precision': 0.6375, 'recall': 0.0828, 'f1': 0.1466, 'auc': 0.802}
val: {'epoch': 13, 'loss': 0.0776, 'lr': 0.001, 'params': 599103, 'time_iter': 1.4455, 'accuracy': 0.9808, 'precision': 0.5385, 'recall': 0.1728, 'f1': 0.2617, 'auc': 0.7943}
train: {'epoch': 13, 'eta': 901294.4167, 'loss': 0.1248, 'lr': 0.001, 'params': 599103, 'time_iter': 10.1835, 'accuracy': 0.9637, 'precision': 0.5969, 'recall': 0.095, 'f1': 0.1639, 'auc': 0.8031}
val: {'epoch': 14, 'loss': 0.0801, 'lr': 0.001, 'params': 599103, 'time_iter': 1.4229, 'accuracy': 0.9805, 'precision': 0.5238, 'recall': 0.1358, 'f1': 0.2157, 'auc': 0.7745}
train: {'epoch': 14, 'eta': 889213.1935, 'loss': 0.1235, 'lr': 0.001, 'params': 599103, 'time_iter': 9.9102, 'accuracy': 0.9644, 'precision': 0.6515, 'recall': 0.1047, 'f1': 0.1804, 'auc': 0.809}
val: {'epoch': 15, 'loss': 0.0826, 'lr': 0.001, 'params': 599103, 'time_iter': 1.5118, 'accuracy': 0.9801, 'precision': 0.4545, 'recall': 0.0617, 'f1': 0.1087, 'auc': 0.7929}
train: {'epoch': 15, 'eta': 878801.2293, 'loss': 0.1226, 'lr': 0.001, 'params': 599103, 'time_iter': 10.1756, 'accuracy': 0.9648, 'precision': 0.673, 'recall': 0.1153, 'f1': 0.1968, 'auc': 0.8105}
val: {'epoch': 16, 'loss': 0.0831, 'lr': 0.001, 'params': 599103, 'time_iter': 1.4436, 'accuracy': 0.9803, 'precision': 0.5, 'recall': 0.0247, 'f1': 0.0471, 'auc': 0.789}
train: {'epoch': 16, 'eta': 869077.9753, 'loss': 0.1204, 'lr': 0.001, 'params': 599103, 'time_iter': 10.3141, 'accuracy': 0.9652, 'precision': 0.6913, 'recall': 0.1291, 'f1': 0.2175, 'auc': 0.8247}
val: {'epoch': 17, 'loss': 0.078, 'lr': 0.001, 'params': 599103, 'time_iter': 1.4398, 'accuracy': 0.9813, 'precision': 0.5435, 'recall': 0.3086, 'f1': 0.3937, 'auc': 0.7829}
train: {'epoch': 17, 'eta': 858036.9258, 'loss': 0.1204, 'lr': 0.001, 'params': 599103, 'time_iter': 10.0541, 'accuracy': 0.9647, 'precision': 0.6364, 'recall': 0.1307, 'f1': 0.2168, 'auc': 0.8231}
val: {'epoch': 18, 'loss': 0.0812, 'lr': 0.001, 'params': 599103, 'time_iter': 1.4379, 'accuracy': 0.9808, 'precision': 0.5385, 'recall': 0.1728, 'f1': 0.2617, 'auc': 0.7928}
train: {'epoch': 18, 'eta': 848058.9115, 'loss': 0.1196, 'lr': 0.001, 'params': 599103, 'time_iter': 10.2797, 'accuracy': 0.9655, 'precision': 0.686, 'recall': 0.1437, 'f1': 0.2376, 'auc': 0.8223}
val: {'epoch': 19, 'loss': 0.0818, 'lr': 0.001, 'params': 599103, 'time_iter': 2.0434, 'accuracy': 0.9801, 'precision': 0.4884, 'recall': 0.2593, 'f1': 0.3387, 'auc': 0.7694}
train: {'epoch': 19, 'eta': 837157.5657, 'loss': 0.1192, 'lr': 0.001, 'params': 599103, 'time_iter': 10.07, 'accuracy': 0.9653, 'precision': 0.6717, 'recall': 0.1445, 'f1': 0.2378, 'auc': 0.828}
val: {'epoch': 20, 'loss': 0.0806, 'lr': 0.001, 'params': 599103, 'time_iter': 1.4543, 'accuracy': 0.9818, 'precision': 0.575, 'recall': 0.284, 'f1': 0.3802, 'auc': 0.7766}
train: {'epoch': 20, 'eta': 827692.3002, 'loss': 0.1173, 'lr': 0.001, 'params': 599103, 'time_iter': 10.4277, 'accuracy': 0.9659, 'precision': 0.6926, 'recall': 0.1591, 'f1': 0.2587, 'auc': 0.8318}
val: {'epoch': 21, 'loss': 0.0835, 'lr': 0.001, 'params': 599103, 'time_iter': 1.4068, 'accuracy': 0.9808, 'precision': 0.625, 'recall': 0.0617, 'f1': 0.1124, 'auc': 0.7935}
train: {'epoch': 21, 'eta': 817077.1893, 'loss': 0.1168, 'lr': 0.001, 'params': 599103, 'time_iter': 10.144, 'accuracy': 0.9663, 'precision': 0.6925, 'recall': 0.181, 'f1': 0.287, 'auc': 0.8337}
val: {'epoch': 22, 'loss': 0.0794, 'lr': 0.001, 'params': 599103, 'time_iter': 1.4995, 'accuracy': 0.982, 'precision': 0.6296, 'recall': 0.2099, 'f1': 0.3148, 'auc': 0.7967}
train: {'epoch': 22, 'eta': 807020.4325, 'loss': 0.1166, 'lr': 0.001, 'params': 599103, 'time_iter': 10.3016, 'accuracy': 0.9662, 'precision': 0.699, 'recall': 0.1696, 'f1': 0.273, 'auc': 0.8329}
val: {'epoch': 23, 'loss': 0.0838, 'lr': 0.001, 'params': 599103, 'time_iter': 1.4406, 'accuracy': 0.9808, 'precision': 0.5714, 'recall': 0.0988, 'f1': 0.1684, 'auc': 0.7771}
train: {'epoch': 23, 'eta': 796385.6317, 'loss': 0.1145, 'lr': 0.001, 'params': 599103, 'time_iter': 10.1381, 'accuracy': 0.9662, 'precision': 0.6817, 'recall': 0.1843, 'f1': 0.2901, 'auc': 0.842}
val: {'epoch': 24, 'loss': 0.0797, 'lr': 0.001, 'params': 599103, 'time_iter': 1.4663, 'accuracy': 0.9835, 'precision': 0.697, 'recall': 0.284, 'f1': 0.4035, 'auc': 0.7815}
train: {'epoch': 24, 'eta': 785550.2465, 'loss': 0.1148, 'lr': 0.001, 'params': 599103, 'time_iter': 10.0679, 'accuracy': 0.967, 'precision': 0.7262, 'recall': 0.1916, 'f1': 0.3031, 'auc': 0.8387}
val: {'epoch': 25, 'loss': 0.0824, 'lr': 0.001, 'params': 599103, 'time_iter': 1.4781, 'accuracy': 0.981, 'precision': 0.5714, 'recall': 0.1481, 'f1': 0.2353, 'auc': 0.7727}
train: {'epoch': 25, 'eta': 774770.5003, 'loss': 0.1145, 'lr': 0.001, 'params': 599103, 'time_iter': 10.0744, 'accuracy': 0.9666, 'precision': 0.6803, 'recall': 0.2021, 'f1': 0.3116, 'auc': 0.8414}
val: {'epoch': 26, 'loss': 0.077, 'lr': 0.001, 'params': 599103, 'time_iter': 2.3479, 'accuracy': 0.9827, 'precision': 0.6667, 'recall': 0.2469, 'f1': 0.3604, 'auc': 0.796}
train: {'epoch': 26, 'eta': 764844.8982, 'loss': 0.113, 'lr': 0.001, 'params': 599103, 'time_iter': 10.3704, 'accuracy': 0.9674, 'precision': 0.7297, 'recall': 0.2037, 'f1': 0.3185, 'auc': 0.8463}
val: {'epoch': 27, 'loss': 0.0822, 'lr': 0.001, 'params': 599103, 'time_iter': 1.4468, 'accuracy': 0.9823, 'precision': 0.6429, 'recall': 0.2222, 'f1': 0.3303, 'auc': 0.7853}
train: {'epoch': 27, 'eta': 753997.1914, 'loss': 0.1118, 'lr': 0.001, 'params': 599103, 'time_iter': 10.0421, 'accuracy': 0.9674, 'precision': 0.7094, 'recall': 0.22, 'f1': 0.3358, 'auc': 0.8538}
val: {'epoch': 28, 'loss': 0.0873, 'lr': 0.001, 'params': 599103, 'time_iter': 1.5052, 'accuracy': 0.9793, 'precision': 0.4565, 'recall': 0.2593, 'f1': 0.3307, 'auc': 0.7706}
train: {'epoch': 28, 'eta': 742966.7754, 'loss': 0.1123, 'lr': 0.001, 'params': 599103, 'time_iter': 9.9555, 'accuracy': 0.9672, 'precision': 0.6929, 'recall': 0.2216, 'f1': 0.3358, 'auc': 0.8508}
val: {'epoch': 29, 'loss': 0.0817, 'lr': 0.001, 'params': 599103, 'time_iter': 1.5092, 'accuracy': 0.9818, 'precision': 0.6364, 'recall': 0.1728, 'f1': 0.2718, 'auc': 0.774}
train: {'epoch': 29, 'eta': 732479.1509, 'loss': 0.1111, 'lr': 0.001, 'params': 599103, 'time_iter': 10.1597, 'accuracy': 0.9675, 'precision': 0.7088, 'recall': 0.2232, 'f1': 0.3395, 'auc': 0.8521}
val: {'epoch': 30, 'loss': 0.0808, 'lr': 0.001, 'params': 599103, 'time_iter': 1.4149, 'accuracy': 0.982, 'precision': 0.6061, 'recall': 0.2469, 'f1': 0.3509, 'auc': 0.7716}
train: {'epoch': 30, 'eta': 722384.5265, 'loss': 0.1103, 'lr': 0.001, 'params': 599103, 'time_iter': 10.3304, 'accuracy': 0.9678, 'precision': 0.7101, 'recall': 0.2346, 'f1': 0.3527, 'auc': 0.8568}
val: {'epoch': 31, 'loss': 0.0818, 'lr': 0.001, 'params': 599103, 'time_iter': 1.4071, 'accuracy': 0.9815, 'precision': 0.5676, 'recall': 0.2593, 'f1': 0.3559, 'auc': 0.788}
train: {'epoch': 31, 'eta': 712330.5732, 'loss': 0.1095, 'lr': 0.001, 'params': 599103, 'time_iter': 10.3643, 'accuracy': 0.9678, 'precision': 0.7087, 'recall': 0.237, 'f1': 0.3552, 'auc': 0.8597}
val: {'epoch': 32, 'loss': 0.0832, 'lr': 0.001, 'params': 599103, 'time_iter': 1.464, 'accuracy': 0.9815, 'precision': 0.6, 'recall': 0.1852, 'f1': 0.283, 'auc': 0.7836}
train: {'epoch': 32, 'eta': 701792.5724, 'loss': 0.1089, 'lr': 0.001, 'params': 599103, 'time_iter': 10.1503, 'accuracy': 0.9678, 'precision': 0.7007, 'recall': 0.2451, 'f1': 0.3632, 'auc': 0.8635}
val: {'epoch': 33, 'loss': 0.0796, 'lr': 0.001, 'params': 599103, 'time_iter': 1.8284, 'accuracy': 0.9835, 'precision': 0.697, 'recall': 0.284, 'f1': 0.4035, 'auc': 0.7881}
train: {'epoch': 33, 'eta': 691482.6664, 'loss': 0.1086, 'lr': 0.001, 'params': 599103, 'time_iter': 10.2617, 'accuracy': 0.9686, 'precision': 0.7415, 'recall': 0.2468, 'f1': 0.3703, 'auc': 0.8627}
val: {'epoch': 34, 'loss': 0.0867, 'lr': 0.001, 'params': 599103, 'time_iter': 1.4239, 'accuracy': 0.9805, 'precision': 0.52, 'recall': 0.1605, 'f1': 0.2453, 'auc': 0.7579}
train: {'epoch': 34, 'eta': 680905.2647, 'loss': 0.1086, 'lr': 0.001, 'params': 599103, 'time_iter': 10.1292, 'accuracy': 0.9677, 'precision': 0.6944, 'recall': 0.2435, 'f1': 0.3606, 'auc': 0.8644}
val: {'epoch': 35, 'loss': 0.083, 'lr': 0.001, 'params': 599103, 'time_iter': 1.4587, 'accuracy': 0.9805, 'precision': 0.52, 'recall': 0.1605, 'f1': 0.2453, 'auc': 0.7672}
train: {'epoch': 35, 'eta': 670260.6156, 'loss': 0.1072, 'lr': 0.001, 'params': 599103, 'time_iter': 10.0878, 'accuracy': 0.9685, 'precision': 0.714, 'recall': 0.2654, 'f1': 0.387, 'auc': 0.865}
val: {'epoch': 36, 'loss': 0.0843, 'lr': 0.001, 'params': 599103, 'time_iter': 1.6005, 'accuracy': 0.9813, 'precision': 0.625, 'recall': 0.1235, 'f1': 0.2062, 'auc': 0.7791}
train: {'epoch': 36, 'eta': 659661.5058, 'loss': 0.1064, 'lr': 0.001, 'params': 599103, 'time_iter': 10.1056, 'accuracy': 0.9691, 'precision': 0.746, 'recall': 0.267, 'f1': 0.3933, 'auc': 0.867}
val: {'epoch': 37, 'loss': 0.0813, 'lr': 0.001, 'params': 599103, 'time_iter': 1.4159, 'accuracy': 0.9815, 'precision': 0.5676, 'recall': 0.2593, 'f1': 0.3559, 'auc': 0.7869}
train: {'epoch': 37, 'eta': 649407.9353, 'loss': 0.1065, 'lr': 0.001, 'params': 599103, 'time_iter': 10.3051, 'accuracy': 0.9689, 'precision': 0.7407, 'recall': 0.2597, 'f1': 0.3846, 'auc': 0.8692}
val: {'epoch': 38, 'loss': 0.0843, 'lr': 0.001, 'params': 599103, 'time_iter': 1.4368, 'accuracy': 0.9791, 'precision': 0.4286, 'recall': 0.1852, 'f1': 0.2586, 'auc': 0.7736}
train: {'epoch': 38, 'eta': 638816.1394, 'loss': 0.105, 'lr': 0.001, 'params': 599103, 'time_iter': 10.1061, 'accuracy': 0.9693, 'precision': 0.7392, 'recall': 0.2784, 'f1': 0.4045, 'auc': 0.8739}
val: {'epoch': 39, 'loss': 0.083, 'lr': 0.001, 'params': 599103, 'time_iter': 1.4402, 'accuracy': 0.9803, 'precision': 0.5, 'recall': 0.1481, 'f1': 0.2286, 'auc': 0.7893}
train: {'epoch': 39, 'eta': 628296.9354, 'loss': 0.1052, 'lr': 0.001, 'params': 599103, 'time_iter': 10.1469, 'accuracy': 0.9685, 'precision': 0.7097, 'recall': 0.2679, 'f1': 0.3889, 'auc': 0.8732}
val: {'epoch': 40, 'loss': 0.0844, 'lr': 0.001, 'params': 599103, 'time_iter': 1.4324, 'accuracy': 0.9805, 'precision': 0.5217, 'recall': 0.1481, 'f1': 0.2308, 'auc': 0.7839}
train: {'epoch': 40, 'eta': 618049.5228, 'loss': 0.1049, 'lr': 0.001, 'params': 599103, 'time_iter': 10.3279, 'accuracy': 0.9688, 'precision': 0.7289, 'recall': 0.2662, 'f1': 0.39, 'auc': 0.8769}
val: {'epoch': 41, 'loss': 0.0856, 'lr': 0.001, 'params': 599103, 'time_iter': 1.4377, 'accuracy': 0.981, 'precision': 0.5385, 'recall': 0.2593, 'f1': 0.35, 'auc': 0.7781}
train: {'epoch': 41, 'eta': 607390.6882, 'loss': 0.1041, 'lr': 0.001, 'params': 599103, 'time_iter': 10.0511, 'accuracy': 0.969, 'precision': 0.7242, 'recall': 0.2792, 'f1': 0.403, 'auc': 0.8784}
val: {'epoch': 42, 'loss': 0.0826, 'lr': 0.001, 'params': 599103, 'time_iter': 1.4889, 'accuracy': 0.9813, 'precision': 0.5667, 'recall': 0.2099, 'f1': 0.3063, 'auc': 0.78}
train: {'epoch': 42, 'eta': 596794.7319, 'loss': 0.1038, 'lr': 0.001, 'params': 599103, 'time_iter': 10.0864, 'accuracy': 0.9691, 'precision': 0.725, 'recall': 0.2825, 'f1': 0.4065, 'auc': 0.8786}
val: {'epoch': 43, 'loss': 0.0811, 'lr': 0.001, 'params': 599103, 'time_iter': 2.0006, 'accuracy': 0.9818, 'precision': 0.6154, 'recall': 0.1975, 'f1': 0.2991, 'auc': 0.7856}
train: {'epoch': 43, 'eta': 586231.5985, 'loss': 0.1029, 'lr': 0.001, 'params': 599103, 'time_iter': 10.104, 'accuracy': 0.9697, 'precision': 0.7233, 'recall': 0.3076, 'f1': 0.4317, 'auc': 0.8819}
val: {'epoch': 44, 'loss': 0.0865, 'lr': 0.001, 'params': 599103, 'time_iter': 1.3955, 'accuracy': 0.9808, 'precision': 0.525, 'recall': 0.2593, 'f1': 0.3471, 'auc': 0.7782}
train: {'epoch': 44, 'eta': 577020.1019, 'loss': 0.1017, 'lr': 0.001, 'params': 599103, 'time_iter': 11.1728, 'accuracy': 0.97, 'precision': 0.7531, 'recall': 0.2946, 'f1': 0.4236, 'auc': 0.885}
val: {'epoch': 45, 'loss': 0.0835, 'lr': 0.001, 'params': 599103, 'time_iter': 1.4295, 'accuracy': 0.9815, 'precision': 0.6471, 'recall': 0.1358, 'f1': 0.2245, 'auc': 0.7849}
train: {'epoch': 45, 'eta': 566421.7254, 'loss': 0.1018, 'lr': 0.001, 'params': 599103, 'time_iter': 10.1069, 'accuracy': 0.9703, 'precision': 0.752, 'recall': 0.3101, 'f1': 0.4391, 'auc': 0.8867}
val: {'epoch': 46, 'loss': 0.0868, 'lr': 0.001, 'params': 599103, 'time_iter': 1.4268, 'accuracy': 0.9793, 'precision': 0.4545, 'recall': 0.2469, 'f1': 0.32, 'auc': 0.769}
train: {'epoch': 46, 'eta': 555921.4833, 'loss': 0.1018, 'lr': 0.001, 'params': 599103, 'time_iter': 10.1842, 'accuracy': 0.9698, 'precision': 0.7413, 'recall': 0.2955, 'f1': 0.4225, 'auc': 0.8859}
val: {'epoch': 47, 'loss': 0.0813, 'lr': 0.001, 'params': 599103, 'time_iter': 1.4281, 'accuracy': 0.9818, 'precision': 0.575, 'recall': 0.284, 'f1': 0.3802, 'auc': 0.7991}
train: {'epoch': 47, 'eta': 545275.9312, 'loss': 0.1019, 'lr': 0.001, 'params': 599103, 'time_iter': 10.0531, 'accuracy': 0.9699, 'precision': 0.7327, 'recall': 0.3093, 'f1': 0.4349, 'auc': 0.8837}
val: {'epoch': 48, 'loss': 0.0853, 'lr': 0.001, 'params': 599103, 'time_iter': 1.4602, 'accuracy': 0.9801, 'precision': 0.4762, 'recall': 0.1235, 'f1': 0.1961, 'auc': 0.772}
train: {'epoch': 48, 'eta': 534664.6299, 'loss': 0.1013, 'lr': 0.001, 'params': 599103, 'time_iter': 10.0736, 'accuracy': 0.9695, 'precision': 0.7255, 'recall': 0.3003, 'f1': 0.4248, 'auc': 0.8856}
val: {'epoch': 49, 'loss': 0.0845, 'lr': 0.001, 'params': 599103, 'time_iter': 1.4602, 'accuracy': 0.9815, 'precision': 0.5641, 'recall': 0.2716, 'f1': 0.3667, 'auc': 0.7667}
train: {'epoch': 49, 'eta': 523890.1151, 'loss': 0.1004, 'lr': 0.001, 'params': 599103, 'time_iter': 9.9055, 'accuracy': 0.9709, 'precision': 0.7625, 'recall': 0.3231, 'f1': 0.4538, 'auc': 0.887}
val: {'epoch': 50, 'loss': 0.0839, 'lr': 0.001, 'params': 599103, 'time_iter': 1.7939, 'accuracy': 0.982, 'precision': 0.6522, 'recall': 0.1852, 'f1': 0.2885, 'auc': 0.7832}
train: {'epoch': 50, 'eta': 513421.9605, 'loss': 0.0997, 'lr': 0.001, 'params': 599103, 'time_iter': 10.1923, 'accuracy': 0.9705, 'precision': 0.7481, 'recall': 0.3206, 'f1': 0.4489, 'auc': 0.8899}
val: {'epoch': 51, 'loss': 0.0832, 'lr': 0.001, 'params': 599103, 'time_iter': 1.4651, 'accuracy': 0.9825, 'precision': 0.6216, 'recall': 0.284, 'f1': 0.3898, 'auc': 0.7832}
train: {'epoch': 51, 'eta': 503069.4076, 'loss': 0.0992, 'lr': 0.001, 'params': 599103, 'time_iter': 10.3148, 'accuracy': 0.9711, 'precision': 0.7662, 'recall': 0.3271, 'f1': 0.4585, 'auc': 0.8912}
val: {'epoch': 52, 'loss': 0.084, 'lr': 0.001, 'params': 599103, 'time_iter': 1.466, 'accuracy': 0.9798, 'precision': 0.4815, 'recall': 0.321, 'f1': 0.3852, 'auc': 0.7867}
train: {'epoch': 52, 'eta': 492401.8271, 'loss': 0.0992, 'lr': 0.001, 'params': 599103, 'time_iter': 9.9803, 'accuracy': 0.9697, 'precision': 0.7233, 'recall': 0.3076, 'f1': 0.4317, 'auc': 0.8941}
val: {'epoch': 53, 'loss': 0.0852, 'lr': 0.001, 'params': 599103, 'time_iter': 1.4585, 'accuracy': 0.9798, 'precision': 0.4762, 'recall': 0.2469, 'f1': 0.3252, 'auc': 0.7865}
train: {'epoch': 53, 'eta': 481890.928, 'loss': 0.0982, 'lr': 0.001, 'params': 599103, 'time_iter': 10.1423, 'accuracy': 0.9705, 'precision': 0.7387, 'recall': 0.3304, 'f1': 0.4565, 'auc': 0.899}
val: {'epoch': 54, 'loss': 0.0861, 'lr': 0.001, 'params': 599103, 'time_iter': 1.456, 'accuracy': 0.9801, 'precision': 0.4884, 'recall': 0.2593, 'f1': 0.3387, 'auc': 0.7645}
train: {'epoch': 54, 'eta': 471290.4843, 'loss': 0.0983, 'lr': 0.001, 'params': 599103, 'time_iter': 10.0327, 'accuracy': 0.9707, 'precision': 0.7495, 'recall': 0.3279, 'f1': 0.4562, 'auc': 0.8967}
val: {'epoch': 55, 'loss': 0.0851, 'lr': 0.001, 'params': 599103, 'time_iter': 1.4398, 'accuracy': 0.9788, 'precision': 0.425, 'recall': 0.2099, 'f1': 0.281, 'auc': 0.7918}
train: {'epoch': 55, 'eta': 460841.4855, 'loss': 0.0976, 'lr': 0.001, 'params': 599103, 'time_iter': 10.2078, 'accuracy': 0.9703, 'precision': 0.737, 'recall': 0.3231, 'f1': 0.4492, 'auc': 0.8996}
val: {'epoch': 56, 'loss': 0.0844, 'lr': 0.001, 'params': 599103, 'time_iter': 1.4272, 'accuracy': 0.982, 'precision': 0.5814, 'recall': 0.3086, 'f1': 0.4032, 'auc': 0.7772}
train: {'epoch': 56, 'eta': 450274.4797, 'loss': 0.0959, 'lr': 0.001, 'params': 599103, 'time_iter': 10.0583, 'accuracy': 0.9707, 'precision': 0.7505, 'recall': 0.3247, 'f1': 0.4533, 'auc': 0.9034}
val: {'epoch': 57, 'loss': 0.0904, 'lr': 0.001, 'params': 599103, 'time_iter': 1.7038, 'accuracy': 0.9784, 'precision': 0.4091, 'recall': 0.2222, 'f1': 0.288, 'auc': 0.7825}
train: {'epoch': 57, 'eta': 439837.0546, 'loss': 0.0973, 'lr': 0.001, 'params': 599103, 'time_iter': 10.2221, 'accuracy': 0.9705, 'precision': 0.7339, 'recall': 0.3336, 'f1': 0.4587, 'auc': 0.9011}
val: {'epoch': 58, 'loss': 0.0881, 'lr': 0.001, 'params': 599103, 'time_iter': 1.3876, 'accuracy': 0.9791, 'precision': 0.4324, 'recall': 0.1975, 'f1': 0.2712, 'auc': 0.7688}
train: {'epoch': 58, 'eta': 429476.6351, 'loss': 0.0957, 'lr': 0.001, 'params': 599103, 'time_iter': 10.3336, 'accuracy': 0.9712, 'precision': 0.7527, 'recall': 0.3433, 'f1': 0.4716, 'auc': 0.9031}
val: {'epoch': 59, 'loss': 0.0866, 'lr': 0.001, 'params': 599103, 'time_iter': 1.4141, 'accuracy': 0.9788, 'precision': 0.4062, 'recall': 0.1605, 'f1': 0.2301, 'auc': 0.7909}
train: {'epoch': 59, 'eta': 418988.4837, 'loss': 0.0968, 'lr': 0.001, 'params': 599103, 'time_iter': 10.1607, 'accuracy': 0.9712, 'precision': 0.7535, 'recall': 0.345, 'f1': 0.4733, 'auc': 0.9001}
val: {'epoch': 60, 'loss': 0.0884, 'lr': 0.001, 'params': 599103, 'time_iter': 1.4756, 'accuracy': 0.9779, 'precision': 0.4074, 'recall': 0.2716, 'f1': 0.3259, 'auc': 0.7833}
train: {'epoch': 60, 'eta': 408487.3145, 'loss': 0.0948, 'lr': 0.001, 'params': 599103, 'time_iter': 10.1393, 'accuracy': 0.9722, 'precision': 0.7766, 'recall': 0.3612, 'f1': 0.4931, 'auc': 0.9039}
val: {'epoch': 61, 'loss': 0.0867, 'lr': 0.001, 'params': 599103, 'time_iter': 1.4172, 'accuracy': 0.9815, 'precision': 0.6471, 'recall': 0.1358, 'f1': 0.2245, 'auc': 0.7834}
train: {'epoch': 61, 'eta': 397971.0155, 'loss': 0.0953, 'lr': 0.001, 'params': 599103, 'time_iter': 10.1118, 'accuracy': 0.9713, 'precision': 0.7553, 'recall': 0.3458, 'f1': 0.4744, 'auc': 0.9068}
val: {'epoch': 62, 'loss': 0.0831, 'lr': 0.001, 'params': 599103, 'time_iter': 1.4593, 'accuracy': 0.9801, 'precision': 0.4815, 'recall': 0.1605, 'f1': 0.2407, 'auc': 0.8028}
train: {'epoch': 62, 'eta': 387409.2469, 'loss': 0.0945, 'lr': 0.001, 'params': 599103, 'time_iter': 10.0307, 'accuracy': 0.9715, 'precision': 0.7534, 'recall': 0.3547, 'f1': 0.4823, 'auc': 0.9094}
val: {'epoch': 63, 'loss': 0.0844, 'lr': 0.001, 'params': 599103, 'time_iter': 1.4709, 'accuracy': 0.9801, 'precision': 0.4857, 'recall': 0.2099, 'f1': 0.2931, 'auc': 0.7892}
train: {'epoch': 63, 'eta': 376868.4987, 'loss': 0.0937, 'lr': 0.001, 'params': 599103, 'time_iter': 10.0541, 'accuracy': 0.9721, 'precision': 0.7595, 'recall': 0.3718, 'f1': 0.4992, 'auc': 0.91}
val: {'epoch': 64, 'loss': 0.0838, 'lr': 0.001, 'params': 599103, 'time_iter': 1.6984, 'accuracy': 0.9798, 'precision': 0.4808, 'recall': 0.3086, 'f1': 0.3759, 'auc': 0.7917}
train: {'epoch': 64, 'eta': 366517.5577, 'loss': 0.0935, 'lr': 0.001, 'params': 599103, 'time_iter': 10.3858, 'accuracy': 0.9722, 'precision': 0.7766, 'recall': 0.3612, 'f1': 0.4931, 'auc': 0.9111}
val: {'epoch': 65, 'loss': 0.0881, 'lr': 0.001, 'params': 599103, 'time_iter': 1.4485, 'accuracy': 0.9781, 'precision': 0.4043, 'recall': 0.2346, 'f1': 0.2969, 'auc': 0.7834}
train: {'epoch': 65, 'eta': 356333.269, 'loss': 0.0933, 'lr': 0.001, 'params': 599103, 'time_iter': 10.7194, 'accuracy': 0.9713, 'precision': 0.7457, 'recall': 0.3547, 'f1': 0.4807, 'auc': 0.9104}
val: {'epoch': 66, 'loss': 0.0836, 'lr': 0.001, 'params': 599103, 'time_iter': 1.4858, 'accuracy': 0.9818, 'precision': 0.5882, 'recall': 0.2469, 'f1': 0.3478, 'auc': 0.7868}
train: {'epoch': 66, 'eta': 345903.7998, 'loss': 0.093, 'lr': 0.001, 'params': 599103, 'time_iter': 10.2855, 'accuracy': 0.972, 'precision': 0.7714, 'recall': 0.3588, 'f1': 0.4898, 'auc': 0.9105}
val: {'epoch': 67, 'loss': 0.0931, 'lr': 0.001, 'params': 599103, 'time_iter': 1.4646, 'accuracy': 0.9774, 'precision': 0.35, 'recall': 0.1728, 'f1': 0.2314, 'auc': 0.7665}
train: {'epoch': 67, 'eta': 335452.821, 'loss': 0.0923, 'lr': 0.001, 'params': 599103, 'time_iter': 10.2504, 'accuracy': 0.9723, 'precision': 0.7694, 'recall': 0.3709, 'f1': 0.5005, 'auc': 0.9128}
val: {'epoch': 68, 'loss': 0.087, 'lr': 0.001, 'params': 599103, 'time_iter': 1.3823, 'accuracy': 0.9801, 'precision': 0.4848, 'recall': 0.1975, 'f1': 0.2807, 'auc': 0.7869}
train: {'epoch': 68, 'eta': 324961.6779, 'loss': 0.0925, 'lr': 0.001, 'params': 599103, 'time_iter': 10.1696, 'accuracy': 0.972, 'precision': 0.769, 'recall': 0.362, 'f1': 0.4923, 'auc': 0.9128}
val: {'epoch': 69, 'loss': 0.087, 'lr': 0.001, 'params': 599103, 'time_iter': 1.3968, 'accuracy': 0.9805, 'precision': 0.52, 'recall': 0.1605, 'f1': 0.2453, 'auc': 0.7813}
train: {'epoch': 69, 'eta': 314379.237, 'loss': 0.0923, 'lr': 0.001, 'params': 599103, 'time_iter': 9.9609, 'accuracy': 0.9722, 'precision': 0.7655, 'recall': 0.3709, 'f1': 0.4997, 'auc': 0.913}
val: {'epoch': 70, 'loss': 0.0963, 'lr': 0.001, 'params': 599103, 'time_iter': 1.4249, 'accuracy': 0.9793, 'precision': 0.4167, 'recall': 0.1235, 'f1': 0.1905, 'auc': 0.7684}
train: {'epoch': 70, 'eta': 303922.8434, 'loss': 0.0931, 'lr': 0.001, 'params': 599103, 'time_iter': 10.2385, 'accuracy': 0.9718, 'precision': 0.7476, 'recall': 0.3726, 'f1': 0.4973, 'auc': 0.9116}
val: {'epoch': 71, 'loss': 0.0875, 'lr': 0.001, 'params': 599103, 'time_iter': 2.1108, 'accuracy': 0.9796, 'precision': 0.4483, 'recall': 0.1605, 'f1': 0.2364, 'auc': 0.7748}
train: {'epoch': 71, 'eta': 293455.7479, 'loss': 0.0905, 'lr': 0.001, 'params': 599103, 'time_iter': 10.2172, 'accuracy': 0.9725, 'precision': 0.7699, 'recall': 0.3774, 'f1': 0.5065, 'auc': 0.9173}
val: {'epoch': 72, 'loss': 0.0898, 'lr': 0.001, 'params': 599103, 'time_iter': 1.4184, 'accuracy': 0.9805, 'precision': 0.5143, 'recall': 0.2222, 'f1': 0.3103, 'auc': 0.7764}
train: {'epoch': 72, 'eta': 283042.1903, 'loss': 0.0922, 'lr': 0.001, 'params': 599103, 'time_iter': 10.3612, 'accuracy': 0.9721, 'precision': 0.7603, 'recall': 0.3734, 'f1': 0.5008, 'auc': 0.9129}
val: {'epoch': 73, 'loss': 0.0856, 'lr': 0.001, 'params': 599103, 'time_iter': 1.3815, 'accuracy': 0.9825, 'precision': 0.6552, 'recall': 0.2346, 'f1': 0.3455, 'auc': 0.7895}
train: {'epoch': 73, 'eta': 272481.7536, 'loss': 0.0904, 'lr': 0.001, 'params': 599103, 'time_iter': 9.9735, 'accuracy': 0.9724, 'precision': 0.7551, 'recall': 0.388, 'f1': 0.5126, 'auc': 0.9167}
val: {'epoch': 74, 'loss': 0.0869, 'lr': 0.001, 'params': 599103, 'time_iter': 1.5103, 'accuracy': 0.9818, 'precision': 0.6667, 'recall': 0.1481, 'f1': 0.2424, 'auc': 0.7833}
train: {'epoch': 74, 'eta': 261922.8372, 'loss': 0.0902, 'lr': 0.001, 'params': 599103, 'time_iter': 9.9548, 'accuracy': 0.9731, 'precision': 0.7764, 'recall': 0.3945, 'f1': 0.5231, 'auc': 0.9166}
val: {'epoch': 75, 'loss': 0.0864, 'lr': 0.001, 'params': 599103, 'time_iter': 1.4227, 'accuracy': 0.9805, 'precision': 0.5172, 'recall': 0.1852, 'f1': 0.2727, 'auc': 0.7776}
train: {'epoch': 75, 'eta': 251417.2546, 'loss': 0.0908, 'lr': 0.001, 'params': 599103, 'time_iter': 10.0934, 'accuracy': 0.9719, 'precision': 0.7492, 'recall': 0.3734, 'f1': 0.4984, 'auc': 0.9169}
val: {'epoch': 76, 'loss': 0.0827, 'lr': 0.001, 'params': 599103, 'time_iter': 1.4416, 'accuracy': 0.9808, 'precision': 0.5294, 'recall': 0.2222, 'f1': 0.313, 'auc': 0.7946}
train: {'epoch': 76, 'eta': 240904.6971, 'loss': 0.089, 'lr': 0.001, 'params': 599103, 'time_iter': 10.0606, 'accuracy': 0.9727, 'precision': 0.768, 'recall': 0.3896, 'f1': 0.517, 'auc': 0.9223}
val: {'epoch': 77, 'loss': 0.0904, 'lr': 0.001, 'params': 599103, 'time_iter': 1.4543, 'accuracy': 0.9786, 'precision': 0.4146, 'recall': 0.2099, 'f1': 0.2787, 'auc': 0.7882}
train: {'epoch': 77, 'eta': 230380.4474, 'loss': 0.0884, 'lr': 0.001, 'params': 599103, 'time_iter': 10.0062, 'accuracy': 0.9735, 'precision': 0.7774, 'recall': 0.4083, 'f1': 0.5354, 'auc': 0.9222}
val: {'epoch': 78, 'loss': 0.0884, 'lr': 0.001, 'params': 599103, 'time_iter': 1.461, 'accuracy': 0.9805, 'precision': 0.5172, 'recall': 0.1852, 'f1': 0.2727, 'auc': 0.787}
train: {'epoch': 78, 'eta': 219908.7101, 'loss': 0.0894, 'lr': 0.001, 'params': 599103, 'time_iter': 10.1771, 'accuracy': 0.9729, 'precision': 0.7644, 'recall': 0.3977, 'f1': 0.5232, 'auc': 0.9191}
val: {'epoch': 79, 'loss': 0.0897, 'lr': 0.001, 'params': 599103, 'time_iter': 1.4577, 'accuracy': 0.9796, 'precision': 0.4516, 'recall': 0.1728, 'f1': 0.25, 'auc': 0.7785}
train: {'epoch': 79, 'eta': 209409.6653, 'loss': 0.0887, 'lr': 0.001, 'params': 599103, 'time_iter': 10.071, 'accuracy': 0.9735, 'precision': 0.7885, 'recall': 0.3994, 'f1': 0.5302, 'auc': 0.9188}
val: {'epoch': 80, 'loss': 0.0902, 'lr': 0.001, 'params': 599103, 'time_iter': 1.3775, 'accuracy': 0.9801, 'precision': 0.4839, 'recall': 0.1852, 'f1': 0.2679, 'auc': 0.7816}
train: {'epoch': 80, 'eta': 198940.2649, 'loss': 0.0878, 'lr': 0.001, 'params': 599103, 'time_iter': 10.1799, 'accuracy': 0.9731, 'precision': 0.7755, 'recall': 0.3953, 'f1': 0.5237, 'auc': 0.9216}
val: {'epoch': 81, 'loss': 0.0963, 'lr': 0.001, 'params': 599103, 'time_iter': 2.0872, 'accuracy': 0.9803, 'precision': 0.5, 'recall': 0.1235, 'f1': 0.198, 'auc': 0.7665}
train: {'epoch': 81, 'eta': 188476.9023, 'loss': 0.0879, 'lr': 0.001, 'params': 599103, 'time_iter': 10.2072, 'accuracy': 0.973, 'precision': 0.7654, 'recall': 0.4026, 'f1': 0.5277, 'auc': 0.9257}
val: {'epoch': 82, 'loss': 0.0877, 'lr': 0.001, 'params': 599103, 'time_iter': 1.4559, 'accuracy': 0.9815, 'precision': 0.6087, 'recall': 0.1728, 'f1': 0.2692, 'auc': 0.7814}
train: {'epoch': 82, 'eta': 178044.104, 'loss': 0.0859, 'lr': 0.001, 'params': 599103, 'time_iter': 10.3568, 'accuracy': 0.9735, 'precision': 0.7807, 'recall': 0.4075, 'f1': 0.5355, 'auc': 0.9289}
val: {'epoch': 83, 'loss': 0.0848, 'lr': 0.001, 'params': 599103, 'time_iter': 1.4787, 'accuracy': 0.9823, 'precision': 0.6333, 'recall': 0.2346, 'f1': 0.3423, 'auc': 0.7844}
train: {'epoch': 83, 'eta': 167529.0872, 'loss': 0.0867, 'lr': 0.001, 'params': 599103, 'time_iter': 9.9646, 'accuracy': 0.9733, 'precision': 0.7804, 'recall': 0.401, 'f1': 0.5298, 'auc': 0.9286}
val: {'epoch': 84, 'loss': 0.0931, 'lr': 0.001, 'params': 599103, 'time_iter': 1.4286, 'accuracy': 0.9805, 'precision': 0.52, 'recall': 0.1605, 'f1': 0.2453, 'auc': 0.7751}
train: {'epoch': 84, 'eta': 157058.3707, 'loss': 0.0868, 'lr': 0.001, 'params': 599103, 'time_iter': 10.1747, 'accuracy': 0.9732, 'precision': 0.7671, 'recall': 0.4091, 'f1': 0.5336, 'auc': 0.9279}
val: {'epoch': 85, 'loss': 0.0894, 'lr': 0.001, 'params': 599103, 'time_iter': 1.4323, 'accuracy': 0.9818, 'precision': 0.6, 'recall': 0.2222, 'f1': 0.3243, 'auc': 0.7694}
train: {'epoch': 85, 'eta': 146585.362, 'loss': 0.0861, 'lr': 0.001, 'params': 599103, 'time_iter': 10.1608, 'accuracy': 0.9734, 'precision': 0.7681, 'recall': 0.414, 'f1': 0.538, 'auc': 0.9298}
val: {'epoch': 86, 'loss': 0.0918, 'lr': 0.001, 'params': 599103, 'time_iter': 1.3848, 'accuracy': 0.9818, 'precision': 0.6875, 'recall': 0.1358, 'f1': 0.2268, 'auc': 0.7779}
train: {'epoch': 86, 'eta': 136113.5814, 'loss': 0.0857, 'lr': 0.001, 'params': 599103, 'time_iter': 10.1662, 'accuracy': 0.9735, 'precision': 0.7722, 'recall': 0.4156, 'f1': 0.5404, 'auc': 0.9293}
val: {'epoch': 87, 'loss': 0.0925, 'lr': 0.001, 'params': 599103, 'time_iter': 1.4459, 'accuracy': 0.9801, 'precision': 0.4839, 'recall': 0.1852, 'f1': 0.2679, 'auc': 0.7751}
train: {'epoch': 87, 'eta': 125612.8065, 'loss': 0.0849, 'lr': 0.001, 'params': 599103, 'time_iter': 9.9578, 'accuracy': 0.9739, 'precision': 0.7856, 'recall': 0.4164, 'f1': 0.5443, 'auc': 0.9322}
val: {'epoch': 88, 'loss': 0.09, 'lr': 0.001, 'params': 599103, 'time_iter': 1.8452, 'accuracy': 0.9788, 'precision': 0.4375, 'recall': 0.2593, 'f1': 0.3256, 'auc': 0.7865}
train: {'epoch': 88, 'eta': 115158.5144, 'loss': 0.0853, 'lr': 0.001, 'params': 599103, 'time_iter': 10.2784, 'accuracy': 0.9735, 'precision': 0.7683, 'recall': 0.4172, 'f1': 0.5408, 'auc': 0.9308}
val: {'epoch': 89, 'loss': 0.0942, 'lr': 0.001, 'params': 599103, 'time_iter': 1.426, 'accuracy': 0.9798, 'precision': 0.4706, 'recall': 0.1975, 'f1': 0.2783, 'auc': 0.7842}
train: {'epoch': 89, 'eta': 104653.5508, 'loss': 0.0847, 'lr': 0.001, 'params': 599103, 'time_iter': 9.859, 'accuracy': 0.9739, 'precision': 0.7801, 'recall': 0.4205, 'f1': 0.5464, 'auc': 0.9332}
val: {'epoch': 90, 'loss': 0.0909, 'lr': 0.001, 'params': 599103, 'time_iter': 1.4523, 'accuracy': 0.9815, 'precision': 0.6923, 'recall': 0.1111, 'f1': 0.1915, 'auc': 0.7678}
train: {'epoch': 90, 'eta': 94190.3221, 'loss': 0.0839, 'lr': 0.001, 'params': 599103, 'time_iter': 10.1913, 'accuracy': 0.9742, 'precision': 0.7783, 'recall': 0.4359, 'f1': 0.5588, 'auc': 0.9343}
val: {'epoch': 91, 'loss': 0.0917, 'lr': 0.001, 'params': 599103, 'time_iter': 1.5237, 'accuracy': 0.981, 'precision': 0.56, 'recall': 0.1728, 'f1': 0.2642, 'auc': 0.7721}
train: {'epoch': 91, 'eta': 83721.1968, 'loss': 0.0841, 'lr': 0.001, 'params': 599103, 'time_iter': 10.1311, 'accuracy': 0.9738, 'precision': 0.7729, 'recall': 0.4253, 'f1': 0.5487, 'auc': 0.9332}
val: {'epoch': 92, 'loss': 0.0957, 'lr': 0.001, 'params': 599103, 'time_iter': 1.4618, 'accuracy': 0.9788, 'precision': 0.3929, 'recall': 0.1358, 'f1': 0.2018, 'auc': 0.7659}
train: {'epoch': 92, 'eta': 73272.1941, 'loss': 0.0835, 'lr': 0.001, 'params': 599103, 'time_iter': 10.3787, 'accuracy': 0.9741, 'precision': 0.7791, 'recall': 0.4294, 'f1': 0.5536, 'auc': 0.9361}
val: {'epoch': 93, 'loss': 0.0945, 'lr': 0.001, 'params': 599103, 'time_iter': 1.4678, 'accuracy': 0.9805, 'precision': 0.5217, 'recall': 0.1481, 'f1': 0.2308, 'auc': 0.7713}
train: {'epoch': 93, 'eta': 62787.5836, 'loss': 0.0836, 'lr': 0.001, 'params': 599103, 'time_iter': 9.9113, 'accuracy': 0.9746, 'precision': 0.7886, 'recall': 0.4391, 'f1': 0.5641, 'auc': 0.9326}
val: {'epoch': 94, 'loss': 0.0951, 'lr': 0.001, 'params': 599103, 'time_iter': 1.5001, 'accuracy': 0.9803, 'precision': 0.5, 'recall': 0.1481, 'f1': 0.2286, 'auc': 0.7793}
train: {'epoch': 94, 'eta': 52317.2689, 'loss': 0.0835, 'lr': 0.001, 'params': 599103, 'time_iter': 10.0641, 'accuracy': 0.9738, 'precision': 0.7724, 'recall': 0.4269, 'f1': 0.5499, 'auc': 0.9367}
val: {'epoch': 95, 'loss': 0.0913, 'lr': 0.001, 'params': 599103, 'time_iter': 1.4617, 'accuracy': 0.981, 'precision': 0.5385, 'recall': 0.2593, 'f1': 0.35, 'auc': 0.7805}
train: {'epoch': 95, 'eta': 41870.4837, 'loss': 0.0836, 'lr': 0.001, 'params': 599103, 'time_iter': 10.5573, 'accuracy': 0.974, 'precision': 0.777, 'recall': 0.4269, 'f1': 0.5511, 'auc': 0.936}
val: {'epoch': 96, 'loss': 0.0857, 'lr': 0.001, 'params': 599103, 'time_iter': 1.4385, 'accuracy': 0.9798, 'precision': 0.4615, 'recall': 0.1481, 'f1': 0.2243, 'auc': 0.7987}
train: {'epoch': 96, 'eta': 31403.3521, 'loss': 0.0819, 'lr': 0.001, 'params': 599103, 'time_iter': 10.188, 'accuracy': 0.9743, 'precision': 0.7836, 'recall': 0.4351, 'f1': 0.5595, 'auc': 0.9384}
val: {'epoch': 97, 'loss': 0.0966, 'lr': 0.001, 'params': 599103, 'time_iter': 1.4603, 'accuracy': 0.981, 'precision': 0.56, 'recall': 0.1728, 'f1': 0.2642, 'auc': 0.7634}
train: {'epoch': 97, 'eta': 20936.6716, 'loss': 0.0842, 'lr': 0.001, 'params': 599103, 'time_iter': 10.2253, 'accuracy': 0.9736, 'precision': 0.7623, 'recall': 0.4269, 'f1': 0.5473, 'auc': 0.9328}
val: {'epoch': 98, 'loss': 0.0915, 'lr': 0.001, 'params': 599103, 'time_iter': 1.7944, 'accuracy': 0.9796, 'precision': 0.4571, 'recall': 0.1975, 'f1': 0.2759, 'auc': 0.7881}
train: {'epoch': 98, 'eta': 10466.8492, 'loss': 0.0821, 'lr': 0.001, 'params': 599103, 'time_iter': 10.0303, 'accuracy': 0.9739, 'precision': 0.7763, 'recall': 0.4253, 'f1': 0.5496, 'auc': 0.9383}
val: {'epoch': 99, 'loss': 0.0947, 'lr': 0.001, 'params': 599103, 'time_iter': 1.4308, 'accuracy': 0.9791, 'precision': 0.4194, 'recall': 0.1605, 'f1': 0.2321, 'auc': 0.7717}
train: {'epoch': 99, 'eta': 0.0, 'loss': 0.0818, 'lr': 0.001, 'params': 599103, 'time_iter': 10.1654, 'accuracy': 0.9747, 'precision': 0.7904, 'recall': 0.4407, 'f1': 0.5659, 'auc': 0.9386}
test: {'epoch': 99, 'loss': 0.1505, 'lr': 0.001, 'params': 599103, 'time_iter': 1.3532, 'accuracy': 0.9655, 'precision': 0.2857, 'recall': 0.0615, 'f1': 0.1013, 'auc': 0.7665}
test: {'epoch': 62, 'loss': 0.1388, 'lr': 0.001, 'params': 599103, 'time_iter': 1.3449, 'accuracy': 0.9672, 'precision': 0.4324, 'recall': 0.1231, 'f1': 0.1916, 'auc': 0.7656}
