GraphGymModule(
  (model): DilatedGNNModel(
    (encoder): FeatureEncoder(
      (node_encoder): AtomEncoder(
        (atom_embedding_list): ModuleList(
          (0): Embedding(119, 300)
          (1): Embedding(4, 300)
          (2): Embedding(12, 300)
          (3): Embedding(12, 300)
          (4): Embedding(10, 300)
          (5): Embedding(6, 300)
          (6): Embedding(6, 300)
          (7): Embedding(2, 300)
          (8): Embedding(2, 300)
        )
      )
      (edge_encoder): BondEncoder(
        (bond_embedding_list): ModuleList(
          (0): Embedding(5, 300)
          (1): Embedding(6, 300)
          (2): Embedding(2, 300)
        )
      )
    )
    (mp): GNNDilatedStage(
      (classic_layers): ModuleList(
        (0): GeneralLayer(
          (layer): EGATConv(
            (model): GATConv(300, 300, heads=1)
          )
          (post_layer): Sequential(
            (0): BatchNorm1d(300, eps=1e-05, momentum=0.1, affine=True, track_running_stats=True)
            (1): Dropout(p=0.5, inplace=False)
            (2): ReLU()
          )
        )
        (1): GeneralLayer(
          (layer): EGATConv(
            (model): GATConv(300, 300, heads=1)
          )
          (post_layer): Sequential(
            (0): BatchNorm1d(300, eps=1e-05, momentum=0.1, affine=True, track_running_stats=True)
            (1): Dropout(p=0.5, inplace=False)
            (2): ReLU()
          )
        )
      )
      (dilated_layers): ModuleList(
        (0): DilatedGeneralLayer(
          (layer): EGATConv(
            (model): GATConv(300, 300, heads=1)
          )
          (post_layer): Sequential(
            (0): BatchNorm1d(300, eps=1e-05, momentum=0.1, affine=True, track_running_stats=True)
            (1): Dropout(p=0.5, inplace=False)
            (2): ReLU()
          )
          (gem): GeM(p=3.0000, eps=1e-06)
        )
        (1): DilatedGeneralLayer(
          (layer): EGATConv(
            (model): GATConv(300, 300, heads=1)
          )
          (post_layer): Sequential(
            (0): BatchNorm1d(300, eps=1e-05, momentum=0.1, affine=True, track_running_stats=True)
            (1): Dropout(p=0.5, inplace=False)
            (2): ReLU()
          )
          (gem): GeM(p=3.0000, eps=1e-06)
        )
        (2): DilatedGeneralLayer(
          (layer): EGATConv(
            (model): GATConv(300, 300, heads=1)
          )
          (post_layer): Sequential(
            (0): BatchNorm1d(300, eps=1e-05, momentum=0.1, affine=True, track_running_stats=True)
            (1): Dropout(p=0.5, inplace=False)
            (2): ReLU()
          )
          (gem): GeM(p=3.0000, eps=1e-06)
        )
      )
      (act): ReLU()
    )
    (post_mp): GNNGraphHead(
      (layer_post_mp): MLP(
        (model): Sequential(
          (0): Linear(
            (model): Linear(300, 1, bias=True)
          )
        )
      )
    )
  )
)
accelerator: cuda
benchmark: False
bn:
  eps: 1e-05
  mom: 0.1
cfg_dest: config.yaml
custom_metrics: []
dataset:
  cache_load: False
  cache_save: False
  dir: ./datasets
  edge_dim: 300
  edge_encoder: True
  edge_encoder_bn: False
  edge_encoder_name: Bond
  edge_message_ratio: 0.8
  edge_negative_sampling_ratio: 1.0
  edge_train_mode: all
  encoder: True
  encoder_bn: True
  encoder_dim: 128
  encoder_name: db
  fast_loader: False
  format: OGB
  label_column: none
  label_table: none
  location: local
  name: ogbg-molhiv
  node_encoder: True
  node_encoder_bn: False
  node_encoder_name: Atom
  remove_feature: False
  resample_disjoint: False
  resample_negative: False
  shuffle_split: True
  split: [0.8, 0.1, 0.1]
  split_mode: random
  task: graph
  task_type: classification
  to_undirected: False
  transductive: False
  transform: none
  tu_simple: True
devices: 1
gnn:
  act: relu
  act_on_last_layer_mp: False
  agg: none
  att_final_linear: False
  att_final_linear_bn: False
  att_heads: 1
  batchnorm: True
  clear_feature: True
  dilated_path_join: none
  dim_inner: 300
  dropout: 0.5
  head: graph
  keep_edge: 0.5
  l2norm: True
  layer_type: egatconv
  layers_k1: 2
  layers_k2: 3
  layers_mp: 5
  layers_post_mp: 1
  layers_pre_mp: 0
  learn_alpha_residual_connection: True
  msg_direction: single
  normalize_adj: False
  self_msg: concat
  skip_every: 1
  stage_type: stack
  use_edge_features: True
gpu_mem: False
mem:
  inplace: False
metric_agg: argmax
metric_best: auc
model:
  edge_decoding: dot
  graph_pooling: mean
  loss_fun: cross_entropy
  match_upper: True
  size_average: mean
  thresh: 0.5
  type: dilated_gnn
num_threads: 6
num_workers: 16
optim:
  base_lr: 0.001
  lr_decay: 0.1
  max_epoch: 100
  momentum: 0.9
  optimizer: adam
  scheduler: none
  steps: [30, 60, 90]
  weight_decay: 0.0
out_dir: results_experiments/ogbg_molhiv_baseline_grid_design/ogbg_molhiv_baseline-type=dilated_gnn-layer_type=egatconv-layers_k1=2-layers_k2=3-dilated_path_join=none-learn_alpha_residual_connection=True
params: 963607
print: both
round: 4
run_dir: results_experiments/ogbg_molhiv_baseline_grid_design/ogbg_molhiv_baseline-type=dilated_gnn-layer_type=egatconv-layers_k1=2-layers_k2=3-dilated_path_join=none-learn_alpha_residual_connection=True/7
seed: 8
share:
  dim_in: 9
  dim_out: 2
  num_splits: 3
tensorboard_agg: True
tensorboard_each_run: False
train:
  auto_resume: False
  batch_size: 32
  ckpt_clean: True
  ckpt_period: 100
  enable_ckpt: True
  epoch_resume: -1
  eval_period: 1
  iter_per_epoch: 32
  neighbor_sizes: [20, 15, 10, 5]
  node_per_graph: 32
  radius: extend
  sample_node: False
  sampler: full_batch
  skip_train_eval: False
  walk_length: 4
val:
  node_per_graph: 32
  radius: extend
  sample_node: False
  sampler: full_batch
view_emb: False
Num parameters: 963607
val: {'epoch': 0, 'loss': 0.693, 'lr': 0.001, 'params': 963607, 'time_iter': 1.0569, 'accuracy': 0.5938, 'precision': 0.037, 'recall': 1.0, 'f1': 0.0714, 'auc': 0.8889}
val: {'epoch': 0, 'loss': 0.0955, 'lr': 0.001, 'params': 963607, 'time_iter': 3.0459, 'accuracy': 0.9803, 'precision': 0.0, 'recall': 0.0, 'f1': 0.0, 'auc': 0.64}
train: {'epoch': 0, 'eta': 2023426.7359, 'loss': 0.2125, 'lr': 0.001, 'params': 963607, 'time_iter': 19.8626, 'accuracy': 0.9616, 'precision': 0.0, 'recall': 0.0, 'f1': 0.0, 'auc': 0.5479}
val: {'epoch': 1, 'loss': 0.1012, 'lr': 0.001, 'params': 963607, 'time_iter': 2.876, 'accuracy': 0.9803, 'precision': 0.0, 'recall': 0.0, 'f1': 0.0, 'auc': 0.6366}
train: {'epoch': 1, 'eta': 2003256.6966, 'loss': 0.1512, 'lr': 0.001, 'params': 963607, 'time_iter': 19.868, 'accuracy': 0.9626, 'precision': 0.0, 'recall': 0.0, 'f1': 0.0, 'auc': 0.6738}
val: {'epoch': 2, 'loss': 0.0979, 'lr': 0.001, 'params': 963607, 'time_iter': 3.3335, 'accuracy': 0.9803, 'precision': 0.0, 'recall': 0.0, 'f1': 0.0, 'auc': 0.7251}
train: {'epoch': 2, 'eta': 1967896.3925, 'loss': 0.1482, 'lr': 0.001, 'params': 963607, 'time_iter': 19.4169, 'accuracy': 0.9626, 'precision': 0.0, 'recall': 0.0, 'f1': 0.0, 'auc': 0.6941}
val: {'epoch': 3, 'loss': 0.1075, 'lr': 0.001, 'params': 963607, 'time_iter': 3.0736, 'accuracy': 0.9803, 'precision': 0.0, 'recall': 0.0, 'f1': 0.0, 'auc': 0.7034}
train: {'epoch': 3, 'eta': 1942722.3077, 'loss': 0.1467, 'lr': 0.001, 'params': 963607, 'time_iter': 19.518, 'accuracy': 0.9626, 'precision': 0.0, 'recall': 0.0, 'f1': 0.0, 'auc': 0.7026}
val: {'epoch': 4, 'loss': 0.0975, 'lr': 0.001, 'params': 963607, 'time_iter': 3.2645, 'accuracy': 0.9803, 'precision': 0.0, 'recall': 0.0, 'f1': 0.0, 'auc': 0.7157}
train: {'epoch': 4, 'eta': 1925755.1932, 'loss': 0.145, 'lr': 0.001, 'params': 963607, 'time_iter': 19.8336, 'accuracy': 0.9626, 'precision': 0.0, 'recall': 0.0, 'f1': 0.0, 'auc': 0.7084}
val: {'epoch': 5, 'loss': 0.0945, 'lr': 0.001, 'params': 963607, 'time_iter': 3.0039, 'accuracy': 0.9803, 'precision': 0.0, 'recall': 0.0, 'f1': 0.0, 'auc': 0.7326}
train: {'epoch': 5, 'eta': 1900050.9659, 'loss': 0.1435, 'lr': 0.001, 'params': 963607, 'time_iter': 19.3628, 'accuracy': 0.9626, 'precision': 0.0, 'recall': 0.0, 'f1': 0.0, 'auc': 0.7168}
val: {'epoch': 6, 'loss': 0.0967, 'lr': 0.001, 'params': 963607, 'time_iter': 3.0008, 'accuracy': 0.9803, 'precision': 0.0, 'recall': 0.0, 'f1': 0.0, 'auc': 0.7498}
train: {'epoch': 6, 'eta': 1875762.5769, 'loss': 0.1447, 'lr': 0.001, 'params': 963607, 'time_iter': 19.3456, 'accuracy': 0.9626, 'precision': 0.0, 'recall': 0.0, 'f1': 0.0, 'auc': 0.7017}
val: {'epoch': 7, 'loss': 0.0939, 'lr': 0.001, 'params': 963607, 'time_iter': 3.4394, 'accuracy': 0.9803, 'precision': 0.0, 'recall': 0.0, 'f1': 0.0, 'auc': 0.7548}
train: {'epoch': 7, 'eta': 1854919.8076, 'loss': 0.1445, 'lr': 0.001, 'params': 963607, 'time_iter': 19.5442, 'accuracy': 0.9626, 'precision': 0.6667, 'recall': 0.0016, 'f1': 0.0032, 'auc': 0.7076}
val: {'epoch': 8, 'loss': 0.0911, 'lr': 0.001, 'params': 963607, 'time_iter': 3.2876, 'accuracy': 0.9808, 'precision': 1.0, 'recall': 0.0247, 'f1': 0.0482, 'auc': 0.7443}
train: {'epoch': 8, 'eta': 1831391.2829, 'loss': 0.1451, 'lr': 0.001, 'params': 963607, 'time_iter': 19.2704, 'accuracy': 0.9628, 'precision': 0.8889, 'recall': 0.0065, 'f1': 0.0129, 'auc': 0.7026}
val: {'epoch': 9, 'loss': 0.0884, 'lr': 0.001, 'params': 963607, 'time_iter': 2.9932, 'accuracy': 0.9808, 'precision': 1.0, 'recall': 0.0247, 'f1': 0.0482, 'auc': 0.7591}
train: {'epoch': 9, 'eta': 1815281.2078, 'loss': 0.1441, 'lr': 0.001, 'params': 963607, 'time_iter': 19.9915, 'accuracy': 0.9627, 'precision': 0.6154, 'recall': 0.013, 'f1': 0.0254, 'auc': 0.7084}
val: {'epoch': 10, 'loss': 0.0901, 'lr': 0.001, 'params': 963607, 'time_iter': 3.0962, 'accuracy': 0.9813, 'precision': 1.0, 'recall': 0.0494, 'f1': 0.0941, 'auc': 0.7151}
train: {'epoch': 10, 'eta': 1794098.5171, 'loss': 0.1437, 'lr': 0.001, 'params': 963607, 'time_iter': 19.4797, 'accuracy': 0.9629, 'precision': 0.6154, 'recall': 0.026, 'f1': 0.0498, 'auc': 0.7052}
val: {'epoch': 11, 'loss': 0.0935, 'lr': 0.001, 'params': 963607, 'time_iter': 3.0098, 'accuracy': 0.9808, 'precision': 1.0, 'recall': 0.0247, 'f1': 0.0482, 'auc': 0.7242}
train: {'epoch': 11, 'eta': 1774397.053, 'loss': 0.1424, 'lr': 0.001, 'params': 963607, 'time_iter': 19.6508, 'accuracy': 0.9634, 'precision': 0.7593, 'recall': 0.0333, 'f1': 0.0638, 'auc': 0.7134}
val: {'epoch': 12, 'loss': 0.1008, 'lr': 0.001, 'params': 963607, 'time_iter': 2.8496, 'accuracy': 0.9801, 'precision': 0.0, 'recall': 0.0, 'f1': 0.0, 'auc': 0.6684}
train: {'epoch': 12, 'eta': 1751425.0639, 'loss': 0.1419, 'lr': 0.001, 'params': 963607, 'time_iter': 19.1875, 'accuracy': 0.9634, 'precision': 0.7377, 'recall': 0.0365, 'f1': 0.0696, 'auc': 0.7173}
val: {'epoch': 13, 'loss': 0.0964, 'lr': 0.001, 'params': 963607, 'time_iter': 3.6801, 'accuracy': 0.9815, 'precision': 1.0, 'recall': 0.0617, 'f1': 0.1163, 'auc': 0.7175}
train: {'epoch': 13, 'eta': 1730653.6264, 'loss': 0.1413, 'lr': 0.001, 'params': 963607, 'time_iter': 19.4627, 'accuracy': 0.9635, 'precision': 0.7143, 'recall': 0.0406, 'f1': 0.0768, 'auc': 0.7166}
val: {'epoch': 14, 'loss': 0.0962, 'lr': 0.001, 'params': 963607, 'time_iter': 3.2341, 'accuracy': 0.982, 'precision': 0.8889, 'recall': 0.0988, 'f1': 0.1778, 'auc': 0.6507}
train: {'epoch': 14, 'eta': 1712173.9049, 'loss': 0.144, 'lr': 0.001, 'params': 963607, 'time_iter': 19.8387, 'accuracy': 0.963, 'precision': 0.6029, 'recall': 0.0333, 'f1': 0.0631, 'auc': 0.6919}
val: {'epoch': 15, 'loss': 0.1069, 'lr': 0.001, 'params': 963607, 'time_iter': 3.0263, 'accuracy': 0.9803, 'precision': 0.0, 'recall': 0.0, 'f1': 0.0, 'auc': 0.6504}
train: {'epoch': 15, 'eta': 1690132.5899, 'loss': 0.1488, 'lr': 0.001, 'params': 963607, 'time_iter': 19.2242, 'accuracy': 0.9626, 'precision': 0.5172, 'recall': 0.0122, 'f1': 0.0238, 'auc': 0.6669}
val: {'epoch': 16, 'loss': 0.1091, 'lr': 0.001, 'params': 963607, 'time_iter': 3.1101, 'accuracy': 0.9808, 'precision': 1.0, 'recall': 0.0247, 'f1': 0.0482, 'auc': 0.5838}
train: {'epoch': 16, 'eta': 1669915.4203, 'loss': 0.1471, 'lr': 0.001, 'params': 963607, 'time_iter': 19.5344, 'accuracy': 0.9626, 'precision': 0.52, 'recall': 0.0106, 'f1': 0.0207, 'auc': 0.6811}
val: {'epoch': 17, 'loss': 0.1053, 'lr': 0.001, 'params': 963607, 'time_iter': 2.9316, 'accuracy': 0.9808, 'precision': 0.75, 'recall': 0.037, 'f1': 0.0706, 'auc': 0.5659}
train: {'epoch': 17, 'eta': 1649425.2679, 'loss': 0.1443, 'lr': 0.001, 'params': 963607, 'time_iter': 19.4734, 'accuracy': 0.9627, 'precision': 0.5476, 'recall': 0.0187, 'f1': 0.0361, 'auc': 0.7007}
val: {'epoch': 18, 'loss': 0.1062, 'lr': 0.001, 'params': 963607, 'time_iter': 2.866, 'accuracy': 0.9801, 'precision': 0.0, 'recall': 0.0, 'f1': 0.0, 'auc': 0.6301}
train: {'epoch': 18, 'eta': 1629526.3448, 'loss': 0.1441, 'lr': 0.001, 'params': 963607, 'time_iter': 19.5973, 'accuracy': 0.9629, 'precision': 0.6154, 'recall': 0.026, 'f1': 0.0498, 'auc': 0.7015}
val: {'epoch': 19, 'loss': 0.1041, 'lr': 0.001, 'params': 963607, 'time_iter': 3.1394, 'accuracy': 0.981, 'precision': 1.0, 'recall': 0.037, 'f1': 0.0714, 'auc': 0.5898}
train: {'epoch': 19, 'eta': 1607424.309, 'loss': 0.1443, 'lr': 0.001, 'params': 963607, 'time_iter': 19.0685, 'accuracy': 0.9628, 'precision': 0.5556, 'recall': 0.0284, 'f1': 0.0541, 'auc': 0.6994}
val: {'epoch': 20, 'loss': 0.1037, 'lr': 0.001, 'params': 963607, 'time_iter': 3.0845, 'accuracy': 0.981, 'precision': 1.0, 'recall': 0.037, 'f1': 0.0714, 'auc': 0.6538}
train: {'epoch': 20, 'eta': 1587742.3016, 'loss': 0.1439, 'lr': 0.001, 'params': 963607, 'time_iter': 19.6327, 'accuracy': 0.9631, 'precision': 0.6667, 'recall': 0.0276, 'f1': 0.053, 'auc': 0.699}
val: {'epoch': 21, 'loss': 0.1057, 'lr': 0.001, 'params': 963607, 'time_iter': 3.2451, 'accuracy': 0.981, 'precision': 1.0, 'recall': 0.037, 'f1': 0.0714, 'auc': 0.6034}
train: {'epoch': 21, 'eta': 1567516.8022, 'loss': 0.1436, 'lr': 0.001, 'params': 963607, 'time_iter': 19.4966, 'accuracy': 0.9633, 'precision': 0.7222, 'recall': 0.0317, 'f1': 0.0607, 'auc': 0.6983}
val: {'epoch': 22, 'loss': 0.1049, 'lr': 0.001, 'params': 963607, 'time_iter': 2.9184, 'accuracy': 0.981, 'precision': 1.0, 'recall': 0.037, 'f1': 0.0714, 'auc': 0.6127}
train: {'epoch': 22, 'eta': 1546324.4667, 'loss': 0.1446, 'lr': 0.001, 'params': 963607, 'time_iter': 19.2119, 'accuracy': 0.9632, 'precision': 0.678, 'recall': 0.0325, 'f1': 0.062, 'auc': 0.6868}
val: {'epoch': 23, 'loss': 0.1035, 'lr': 0.001, 'params': 963607, 'time_iter': 2.9712, 'accuracy': 0.9815, 'precision': 1.0, 'recall': 0.0617, 'f1': 0.1163, 'auc': 0.6085}
train: {'epoch': 23, 'eta': 1525976.6902, 'loss': 0.1431, 'lr': 0.001, 'params': 963607, 'time_iter': 19.4346, 'accuracy': 0.9635, 'precision': 0.7586, 'recall': 0.0357, 'f1': 0.0682, 'auc': 0.7022}
val: {'epoch': 24, 'loss': 0.1029, 'lr': 0.001, 'params': 963607, 'time_iter': 3.1584, 'accuracy': 0.9815, 'precision': 1.0, 'recall': 0.0617, 'f1': 0.1163, 'auc': 0.6211}
train: {'epoch': 24, 'eta': 1506468.5614, 'loss': 0.1421, 'lr': 0.001, 'params': 963607, 'time_iter': 19.6976, 'accuracy': 0.9635, 'precision': 0.7123, 'recall': 0.0422, 'f1': 0.0797, 'auc': 0.7141}
val: {'epoch': 25, 'loss': 0.1063, 'lr': 0.001, 'params': 963607, 'time_iter': 3.0475, 'accuracy': 0.9815, 'precision': 1.0, 'recall': 0.0617, 'f1': 0.1163, 'auc': 0.6472}
train: {'epoch': 25, 'eta': 1487172.6805, 'loss': 0.1423, 'lr': 0.001, 'params': 963607, 'time_iter': 19.79, 'accuracy': 0.9634, 'precision': 0.6849, 'recall': 0.0406, 'f1': 0.0766, 'auc': 0.7124}
val: {'epoch': 26, 'loss': 0.1012, 'lr': 0.001, 'params': 963607, 'time_iter': 3.1576, 'accuracy': 0.981, 'precision': 1.0, 'recall': 0.037, 'f1': 0.0714, 'auc': 0.6301}
train: {'epoch': 26, 'eta': 1466628.5884, 'loss': 0.1453, 'lr': 0.001, 'params': 963607, 'time_iter': 19.3698, 'accuracy': 0.9631, 'precision': 0.6418, 'recall': 0.0349, 'f1': 0.0662, 'auc': 0.6891}
val: {'epoch': 27, 'loss': 0.1138, 'lr': 0.001, 'params': 963607, 'time_iter': 2.9783, 'accuracy': 0.9808, 'precision': 1.0, 'recall': 0.0247, 'f1': 0.0482, 'auc': 0.6383}
train: {'epoch': 27, 'eta': 1446184.1585, 'loss': 0.1425, 'lr': 0.001, 'params': 963607, 'time_iter': 19.3909, 'accuracy': 0.9633, 'precision': 0.6456, 'recall': 0.0414, 'f1': 0.0778, 'auc': 0.7071}
val: {'epoch': 28, 'loss': 0.1047, 'lr': 0.001, 'params': 963607, 'time_iter': 2.8404, 'accuracy': 0.9813, 'precision': 1.0, 'recall': 0.0494, 'f1': 0.0941, 'auc': 0.6867}
train: {'epoch': 28, 'eta': 1426015.4919, 'loss': 0.1425, 'lr': 0.001, 'params': 963607, 'time_iter': 19.487, 'accuracy': 0.9629, 'precision': 0.5647, 'recall': 0.039, 'f1': 0.0729, 'auc': 0.7096}
val: {'epoch': 29, 'loss': 0.1114, 'lr': 0.001, 'params': 963607, 'time_iter': 3.0905, 'accuracy': 0.981, 'precision': 1.0, 'recall': 0.037, 'f1': 0.0714, 'auc': 0.6649}
train: {'epoch': 29, 'eta': 1405403.9759, 'loss': 0.1414, 'lr': 0.001, 'params': 963607, 'time_iter': 19.2993, 'accuracy': 0.9628, 'precision': 0.5517, 'recall': 0.039, 'f1': 0.0728, 'auc': 0.7206}
val: {'epoch': 30, 'loss': 0.1081, 'lr': 0.001, 'params': 963607, 'time_iter': 3.5927, 'accuracy': 0.9805, 'precision': 0.5556, 'recall': 0.0617, 'f1': 0.1111, 'auc': 0.7233}
train: {'epoch': 30, 'eta': 1386659.4535, 'loss': 0.1422, 'lr': 0.001, 'params': 963607, 'time_iter': 20.0932, 'accuracy': 0.9632, 'precision': 0.6105, 'recall': 0.0471, 'f1': 0.0874, 'auc': 0.7164}
val: {'epoch': 31, 'loss': 0.1114, 'lr': 0.001, 'params': 963607, 'time_iter': 3.1171, 'accuracy': 0.9803, 'precision': 0.0, 'recall': 0.0, 'f1': 0.0, 'auc': 0.6982}
train: {'epoch': 31, 'eta': 1365713.6504, 'loss': 0.142, 'lr': 0.001, 'params': 963607, 'time_iter': 19.1417, 'accuracy': 0.9632, 'precision': 0.5862, 'recall': 0.0552, 'f1': 0.1009, 'auc': 0.7055}
val: {'epoch': 32, 'loss': 0.1081, 'lr': 0.001, 'params': 963607, 'time_iter': 2.9815, 'accuracy': 0.9815, 'precision': 1.0, 'recall': 0.0617, 'f1': 0.1163, 'auc': 0.6052}
train: {'epoch': 32, 'eta': 1344991.0014, 'loss': 0.1419, 'lr': 0.001, 'params': 963607, 'time_iter': 19.2123, 'accuracy': 0.9628, 'precision': 0.5304, 'recall': 0.0495, 'f1': 0.0906, 'auc': 0.7139}
val: {'epoch': 33, 'loss': 0.117, 'lr': 0.001, 'params': 963607, 'time_iter': 2.8453, 'accuracy': 0.9803, 'precision': 0.0, 'recall': 0.0, 'f1': 0.0, 'auc': 0.6951}
train: {'epoch': 33, 'eta': 1324703.0777, 'loss': 0.1424, 'lr': 0.001, 'params': 963607, 'time_iter': 19.4019, 'accuracy': 0.9626, 'precision': 0.5041, 'recall': 0.0495, 'f1': 0.0902, 'auc': 0.7069}
val: {'epoch': 34, 'loss': 0.1086, 'lr': 0.001, 'params': 963607, 'time_iter': 3.5024, 'accuracy': 0.9813, 'precision': 1.0, 'recall': 0.0494, 'f1': 0.0941, 'auc': 0.7047}
train: {'epoch': 34, 'eta': 1303911.4901, 'loss': 0.1413, 'lr': 0.001, 'params': 963607, 'time_iter': 19.1287, 'accuracy': 0.9631, 'precision': 0.581, 'recall': 0.0495, 'f1': 0.0912, 'auc': 0.7141}
val: {'epoch': 35, 'loss': 0.1081, 'lr': 0.001, 'params': 963607, 'time_iter': 2.9472, 'accuracy': 0.9805, 'precision': 1.0, 'recall': 0.0123, 'f1': 0.0244, 'auc': 0.6919}
train: {'epoch': 35, 'eta': 1283803.3505, 'loss': 0.1421, 'lr': 0.001, 'params': 963607, 'time_iter': 19.4686, 'accuracy': 0.9634, 'precision': 0.64, 'recall': 0.0519, 'f1': 0.0961, 'auc': 0.6961}
val: {'epoch': 36, 'loss': 0.1087, 'lr': 0.001, 'params': 963607, 'time_iter': 3.0207, 'accuracy': 0.9815, 'precision': 1.0, 'recall': 0.0617, 'f1': 0.1163, 'auc': 0.6777}
train: {'epoch': 36, 'eta': 1264198.4817, 'loss': 0.1411, 'lr': 0.001, 'params': 963607, 'time_iter': 19.7535, 'accuracy': 0.9633, 'precision': 0.6075, 'recall': 0.0528, 'f1': 0.0971, 'auc': 0.7146}
val: {'epoch': 37, 'loss': 0.1081, 'lr': 0.001, 'params': 963607, 'time_iter': 2.9996, 'accuracy': 0.9813, 'precision': 0.6667, 'recall': 0.0988, 'f1': 0.172, 'auc': 0.6677}
train: {'epoch': 37, 'eta': 1243903.8422, 'loss': 0.1397, 'lr': 0.001, 'params': 963607, 'time_iter': 19.3653, 'accuracy': 0.9637, 'precision': 0.6357, 'recall': 0.0722, 'f1': 0.1297, 'auc': 0.7097}
val: {'epoch': 38, 'loss': 0.1097, 'lr': 0.001, 'params': 963607, 'time_iter': 2.9196, 'accuracy': 0.9805, 'precision': 1.0, 'recall': 0.0123, 'f1': 0.0244, 'auc': 0.6633}
train: {'epoch': 38, 'eta': 1224141.9346, 'loss': 0.1398, 'lr': 0.001, 'params': 963607, 'time_iter': 19.6846, 'accuracy': 0.964, 'precision': 0.6581, 'recall': 0.0828, 'f1': 0.1471, 'auc': 0.7071}
val: {'epoch': 39, 'loss': 0.1111, 'lr': 0.001, 'params': 963607, 'time_iter': 2.8882, 'accuracy': 0.9803, 'precision': 0.0, 'recall': 0.0, 'f1': 0.0, 'auc': 0.6369}
train: {'epoch': 39, 'eta': 1203107.9457, 'loss': 0.1406, 'lr': 0.001, 'params': 963607, 'time_iter': 18.8764, 'accuracy': 0.9633, 'precision': 0.5896, 'recall': 0.0641, 'f1': 0.1157, 'auc': 0.7121}
val: {'epoch': 40, 'loss': 0.108, 'lr': 0.001, 'params': 963607, 'time_iter': 3.3469, 'accuracy': 0.9805, 'precision': 1.0, 'recall': 0.0123, 'f1': 0.0244, 'auc': 0.6849}
train: {'epoch': 40, 'eta': 1183227.3764, 'loss': 0.1425, 'lr': 0.001, 'params': 963607, 'time_iter': 19.6023, 'accuracy': 0.9636, 'precision': 0.716, 'recall': 0.0471, 'f1': 0.0883, 'auc': 0.7023}
val: {'epoch': 41, 'loss': 0.1145, 'lr': 0.001, 'params': 963607, 'time_iter': 2.9876, 'accuracy': 0.9803, 'precision': 0.0, 'recall': 0.0, 'f1': 0.0, 'auc': 0.633}
train: {'epoch': 41, 'eta': 1162763.9455, 'loss': 0.1416, 'lr': 0.001, 'params': 963607, 'time_iter': 19.2019, 'accuracy': 0.9641, 'precision': 0.6809, 'recall': 0.0779, 'f1': 0.1398, 'auc': 0.7093}
val: {'epoch': 42, 'loss': 0.1065, 'lr': 0.001, 'params': 963607, 'time_iter': 2.9751, 'accuracy': 0.9808, 'precision': 1.0, 'recall': 0.0247, 'f1': 0.0482, 'auc': 0.6431}
train: {'epoch': 42, 'eta': 1142000.7237, 'loss': 0.1421, 'lr': 0.001, 'params': 963607, 'time_iter': 18.9581, 'accuracy': 0.9637, 'precision': 0.6331, 'recall': 0.0714, 'f1': 0.1284, 'auc': 0.7059}
val: {'epoch': 43, 'loss': 0.1006, 'lr': 0.001, 'params': 963607, 'time_iter': 3.0345, 'accuracy': 0.9818, 'precision': 1.0, 'recall': 0.0741, 'f1': 0.1379, 'auc': 0.6723}
train: {'epoch': 43, 'eta': 1121578.407, 'loss': 0.1417, 'lr': 0.001, 'params': 963607, 'time_iter': 19.1748, 'accuracy': 0.9633, 'precision': 0.6016, 'recall': 0.0625, 'f1': 0.1132, 'auc': 0.7086}
val: {'epoch': 44, 'loss': 0.1036, 'lr': 0.001, 'params': 963607, 'time_iter': 2.9196, 'accuracy': 0.9815, 'precision': 1.0, 'recall': 0.0617, 'f1': 0.1163, 'auc': 0.6698}
train: {'epoch': 44, 'eta': 1101497.4017, 'loss': 0.1409, 'lr': 0.001, 'params': 963607, 'time_iter': 19.4217, 'accuracy': 0.9639, 'precision': 0.651, 'recall': 0.0787, 'f1': 0.1405, 'auc': 0.7109}
val: {'epoch': 45, 'loss': 0.0998, 'lr': 0.001, 'params': 963607, 'time_iter': 3.2627, 'accuracy': 0.9805, 'precision': 0.5556, 'recall': 0.0617, 'f1': 0.1111, 'auc': 0.6596}
train: {'epoch': 45, 'eta': 1081049.3127, 'loss': 0.1412, 'lr': 0.001, 'params': 963607, 'time_iter': 19.1144, 'accuracy': 0.964, 'precision': 0.6769, 'recall': 0.0714, 'f1': 0.1292, 'auc': 0.7139}
val: {'epoch': 46, 'loss': 0.1086, 'lr': 0.001, 'params': 963607, 'time_iter': 2.9987, 'accuracy': 0.9803, 'precision': 0.0, 'recall': 0.0, 'f1': 0.0, 'auc': 0.6625}
train: {'epoch': 46, 'eta': 1060735.1554, 'loss': 0.1417, 'lr': 0.001, 'params': 963607, 'time_iter': 19.2012, 'accuracy': 0.9637, 'precision': 0.6319, 'recall': 0.0739, 'f1': 0.1323, 'auc': 0.7078}
val: {'epoch': 47, 'loss': 0.1026, 'lr': 0.001, 'params': 963607, 'time_iter': 3.1655, 'accuracy': 0.981, 'precision': 1.0, 'recall': 0.037, 'f1': 0.0714, 'auc': 0.627}
train: {'epoch': 47, 'eta': 1040550.9494, 'loss': 0.1415, 'lr': 0.001, 'params': 963607, 'time_iter': 19.297, 'accuracy': 0.9636, 'precision': 0.6341, 'recall': 0.0633, 'f1': 0.1151, 'auc': 0.7185}
val: {'epoch': 48, 'loss': 0.109, 'lr': 0.001, 'params': 963607, 'time_iter': 3.0974, 'accuracy': 0.9815, 'precision': 0.6667, 'recall': 0.1235, 'f1': 0.2083, 'auc': 0.6195}
train: {'epoch': 48, 'eta': 1020063.0424, 'loss': 0.1433, 'lr': 0.001, 'params': 963607, 'time_iter': 19.001, 'accuracy': 0.9635, 'precision': 0.6099, 'recall': 0.0698, 'f1': 0.1253, 'auc': 0.7049}
val: {'epoch': 49, 'loss': 0.1095, 'lr': 0.001, 'params': 963607, 'time_iter': 2.8864, 'accuracy': 0.9823, 'precision': 1.0, 'recall': 0.0988, 'f1': 0.1798, 'auc': 0.6619}
train: {'epoch': 49, 'eta': 999876.3915, 'loss': 0.1428, 'lr': 0.001, 'params': 963607, 'time_iter': 19.2574, 'accuracy': 0.9634, 'precision': 0.6107, 'recall': 0.0649, 'f1': 0.1174, 'auc': 0.7065}
val: {'epoch': 50, 'loss': 0.1076, 'lr': 0.001, 'params': 963607, 'time_iter': 3.3174, 'accuracy': 0.982, 'precision': 0.8889, 'recall': 0.0988, 'f1': 0.1778, 'auc': 0.6679}
train: {'epoch': 50, 'eta': 979938.3393, 'loss': 0.1395, 'lr': 0.001, 'params': 963607, 'time_iter': 19.4941, 'accuracy': 0.9639, 'precision': 0.6642, 'recall': 0.0722, 'f1': 0.1303, 'auc': 0.7253}
val: {'epoch': 51, 'loss': 0.1136, 'lr': 0.001, 'params': 963607, 'time_iter': 3.0569, 'accuracy': 0.9823, 'precision': 1.0, 'recall': 0.0988, 'f1': 0.1798, 'auc': 0.6403}
train: {'epoch': 51, 'eta': 959804.397, 'loss': 0.1413, 'lr': 0.001, 'params': 963607, 'time_iter': 19.2928, 'accuracy': 0.9636, 'precision': 0.6446, 'recall': 0.0633, 'f1': 0.1153, 'auc': 0.7047}
val: {'epoch': 52, 'loss': 0.1105, 'lr': 0.001, 'params': 963607, 'time_iter': 3.3811, 'accuracy': 0.9823, 'precision': 1.0, 'recall': 0.0988, 'f1': 0.1798, 'auc': 0.6318}
train: {'epoch': 52, 'eta': 940366.5256, 'loss': 0.1416, 'lr': 0.001, 'params': 963607, 'time_iter': 20.0439, 'accuracy': 0.9637, 'precision': 0.6357, 'recall': 0.0722, 'f1': 0.1297, 'auc': 0.7026}
val: {'epoch': 53, 'loss': 0.1144, 'lr': 0.001, 'params': 963607, 'time_iter': 3.0833, 'accuracy': 0.981, 'precision': 1.0, 'recall': 0.037, 'f1': 0.0714, 'auc': 0.635}
train: {'epoch': 53, 'eta': 920437.816, 'loss': 0.1436, 'lr': 0.001, 'params': 963607, 'time_iter': 19.5342, 'accuracy': 0.9637, 'precision': 0.6403, 'recall': 0.0722, 'f1': 0.1298, 'auc': 0.6959}
val: {'epoch': 54, 'loss': 0.1146, 'lr': 0.001, 'params': 963607, 'time_iter': 2.9154, 'accuracy': 0.9818, 'precision': 0.8, 'recall': 0.0988, 'f1': 0.1758, 'auc': 0.5853}
train: {'epoch': 54, 'eta': 900485.4265, 'loss': 0.1449, 'lr': 0.001, 'params': 963607, 'time_iter': 19.5135, 'accuracy': 0.9635, 'precision': 0.6231, 'recall': 0.0657, 'f1': 0.1189, 'auc': 0.6904}
val: {'epoch': 55, 'loss': 0.1164, 'lr': 0.001, 'params': 963607, 'time_iter': 2.8807, 'accuracy': 0.9818, 'precision': 1.0, 'recall': 0.0741, 'f1': 0.1379, 'auc': 0.6532}
train: {'epoch': 55, 'eta': 880601.1858, 'loss': 0.1433, 'lr': 0.001, 'params': 963607, 'time_iter': 19.6033, 'accuracy': 0.9639, 'precision': 0.6642, 'recall': 0.0739, 'f1': 0.1329, 'auc': 0.7077}
val: {'epoch': 56, 'loss': 0.1096, 'lr': 0.001, 'params': 963607, 'time_iter': 3.3531, 'accuracy': 0.9818, 'precision': 0.8, 'recall': 0.0988, 'f1': 0.1758, 'auc': 0.6879}
train: {'epoch': 56, 'eta': 860750.4964, 'loss': 0.1428, 'lr': 0.001, 'params': 963607, 'time_iter': 19.6596, 'accuracy': 0.9637, 'precision': 0.6423, 'recall': 0.0714, 'f1': 0.1286, 'auc': 0.7063}
val: {'epoch': 57, 'loss': 0.1105, 'lr': 0.001, 'params': 963607, 'time_iter': 3.2513, 'accuracy': 0.982, 'precision': 0.8889, 'recall': 0.0988, 'f1': 0.1778, 'auc': 0.6369}
train: {'epoch': 57, 'eta': 840821.534, 'loss': 0.1416, 'lr': 0.001, 'params': 963607, 'time_iter': 19.5721, 'accuracy': 0.9636, 'precision': 0.6169, 'recall': 0.0771, 'f1': 0.1371, 'auc': 0.7116}
val: {'epoch': 58, 'loss': 0.1094, 'lr': 0.001, 'params': 963607, 'time_iter': 2.9688, 'accuracy': 0.9825, 'precision': 1.0, 'recall': 0.1111, 'f1': 0.2, 'auc': 0.6398}
train: {'epoch': 58, 'eta': 820881.6186, 'loss': 0.142, 'lr': 0.001, 'params': 963607, 'time_iter': 19.5667, 'accuracy': 0.9633, 'precision': 0.5906, 'recall': 0.0609, 'f1': 0.1104, 'auc': 0.7145}
val: {'epoch': 59, 'loss': 0.12, 'lr': 0.001, 'params': 963607, 'time_iter': 2.9703, 'accuracy': 0.9803, 'precision': 0.0, 'recall': 0.0, 'f1': 0.0, 'auc': 0.6588}
train: {'epoch': 59, 'eta': 800818.3004, 'loss': 0.1409, 'lr': 0.001, 'params': 963607, 'time_iter': 19.3963, 'accuracy': 0.9634, 'precision': 0.6014, 'recall': 0.0674, 'f1': 0.1212, 'auc': 0.714}
val: {'epoch': 60, 'loss': 0.1095, 'lr': 0.001, 'params': 963607, 'time_iter': 2.9448, 'accuracy': 0.9823, 'precision': 1.0, 'recall': 0.0988, 'f1': 0.1798, 'auc': 0.6372}
train: {'epoch': 60, 'eta': 780628.2078, 'loss': 0.1424, 'lr': 0.001, 'params': 963607, 'time_iter': 19.1984, 'accuracy': 0.9633, 'precision': 0.6182, 'recall': 0.0552, 'f1': 0.1013, 'auc': 0.7104}
val: {'epoch': 61, 'loss': 0.1124, 'lr': 0.001, 'params': 963607, 'time_iter': 3.656, 'accuracy': 0.9823, 'precision': 1.0, 'recall': 0.0988, 'f1': 0.1798, 'auc': 0.5973}
train: {'epoch': 61, 'eta': 760546.6027, 'loss': 0.1404, 'lr': 0.001, 'params': 963607, 'time_iter': 19.3481, 'accuracy': 0.9638, 'precision': 0.6376, 'recall': 0.0771, 'f1': 0.1376, 'auc': 0.7198}
val: {'epoch': 62, 'loss': 0.1093, 'lr': 0.001, 'params': 963607, 'time_iter': 3.0356, 'accuracy': 0.9823, 'precision': 1.0, 'recall': 0.0988, 'f1': 0.1798, 'auc': 0.6024}
train: {'epoch': 62, 'eta': 740750.4811, 'loss': 0.1417, 'lr': 0.001, 'params': 963607, 'time_iter': 19.8115, 'accuracy': 0.964, 'precision': 0.6765, 'recall': 0.0747, 'f1': 0.1345, 'auc': 0.7132}
val: {'epoch': 63, 'loss': 0.1108, 'lr': 0.001, 'params': 963607, 'time_iter': 3.0842, 'accuracy': 0.9813, 'precision': 1.0, 'recall': 0.0494, 'f1': 0.0941, 'auc': 0.6648}
train: {'epoch': 63, 'eta': 720921.5131, 'loss': 0.1417, 'lr': 0.001, 'params': 963607, 'time_iter': 19.7866, 'accuracy': 0.9637, 'precision': 0.6757, 'recall': 0.0609, 'f1': 0.1117, 'auc': 0.7144}
val: {'epoch': 64, 'loss': 0.1053, 'lr': 0.001, 'params': 963607, 'time_iter': 2.9062, 'accuracy': 0.9823, 'precision': 1.0, 'recall': 0.0988, 'f1': 0.1798, 'auc': 0.6923}
train: {'epoch': 64, 'eta': 701004.1961, 'loss': 0.1423, 'lr': 0.001, 'params': 963607, 'time_iter': 19.6566, 'accuracy': 0.9637, 'precision': 0.6667, 'recall': 0.0633, 'f1': 0.1156, 'auc': 0.7123}
val: {'epoch': 65, 'loss': 0.1046, 'lr': 0.001, 'params': 963607, 'time_iter': 2.8408, 'accuracy': 0.981, 'precision': 1.0, 'recall': 0.037, 'f1': 0.0714, 'auc': 0.6935}
train: {'epoch': 65, 'eta': 680802.4918, 'loss': 0.1422, 'lr': 0.001, 'params': 963607, 'time_iter': 19.1378, 'accuracy': 0.9639, 'precision': 0.6667, 'recall': 0.0714, 'f1': 0.129, 'auc': 0.7095}
val: {'epoch': 66, 'loss': 0.108, 'lr': 0.001, 'params': 963607, 'time_iter': 3.5226, 'accuracy': 0.9808, 'precision': 1.0, 'recall': 0.0247, 'f1': 0.0482, 'auc': 0.6865}
train: {'epoch': 66, 'eta': 660328.4655, 'loss': 0.1421, 'lr': 0.001, 'params': 963607, 'time_iter': 18.5706, 'accuracy': 0.9638, 'precision': 0.6449, 'recall': 0.0722, 'f1': 0.1299, 'auc': 0.7064}
val: {'epoch': 67, 'loss': 0.1117, 'lr': 0.001, 'params': 963607, 'time_iter': 3.0587, 'accuracy': 0.981, 'precision': 1.0, 'recall': 0.037, 'f1': 0.0714, 'auc': 0.6367}
train: {'epoch': 67, 'eta': 640198.6868, 'loss': 0.1447, 'lr': 0.001, 'params': 963607, 'time_iter': 19.1986, 'accuracy': 0.9635, 'precision': 0.6422, 'recall': 0.0568, 'f1': 0.1044, 'auc': 0.6859}
val: {'epoch': 68, 'loss': 0.1171, 'lr': 0.001, 'params': 963607, 'time_iter': 3.0377, 'accuracy': 0.9803, 'precision': 0.0, 'recall': 0.0, 'f1': 0.0, 'auc': 0.6287}
train: {'epoch': 68, 'eta': 620048.8266, 'loss': 0.1465, 'lr': 0.001, 'params': 963607, 'time_iter': 19.1317, 'accuracy': 0.9632, 'precision': 0.6019, 'recall': 0.0528, 'f1': 0.097, 'auc': 0.6837}
val: {'epoch': 69, 'loss': 0.1237, 'lr': 0.001, 'params': 963607, 'time_iter': 2.9955, 'accuracy': 0.9803, 'precision': 0.0, 'recall': 0.0, 'f1': 0.0, 'auc': 0.6262}
train: {'epoch': 69, 'eta': 599944.6567, 'loss': 0.1463, 'lr': 0.001, 'params': 963607, 'time_iter': 19.2052, 'accuracy': 0.9634, 'precision': 0.6273, 'recall': 0.056, 'f1': 0.1028, 'auc': 0.6775}
val: {'epoch': 70, 'loss': 0.125, 'lr': 0.001, 'params': 963607, 'time_iter': 2.8659, 'accuracy': 0.9803, 'precision': 0.0, 'recall': 0.0, 'f1': 0.0, 'auc': 0.6619}
train: {'epoch': 70, 'eta': 579783.7009, 'loss': 0.1469, 'lr': 0.001, 'params': 963607, 'time_iter': 19.0472, 'accuracy': 0.963, 'precision': 0.5702, 'recall': 0.0528, 'f1': 0.0966, 'auc': 0.6776}
val: {'epoch': 71, 'loss': 0.1142, 'lr': 0.001, 'params': 963607, 'time_iter': 2.7668, 'accuracy': 0.9803, 'precision': 0.0, 'recall': 0.0, 'f1': 0.0, 'auc': 0.6515}
train: {'epoch': 71, 'eta': 559548.7331, 'loss': 0.1468, 'lr': 0.001, 'params': 963607, 'time_iter': 18.8233, 'accuracy': 0.9633, 'precision': 0.6168, 'recall': 0.0536, 'f1': 0.0986, 'auc': 0.6674}
val: {'epoch': 72, 'loss': 0.1172, 'lr': 0.001, 'params': 963607, 'time_iter': 2.9746, 'accuracy': 0.9803, 'precision': 0.0, 'recall': 0.0, 'f1': 0.0, 'auc': 0.7038}
train: {'epoch': 72, 'eta': 539500.3326, 'loss': 0.1454, 'lr': 0.001, 'params': 963607, 'time_iter': 19.2512, 'accuracy': 0.9633, 'precision': 0.6437, 'recall': 0.0455, 'f1': 0.0849, 'auc': 0.6882}
val: {'epoch': 73, 'loss': 0.1192, 'lr': 0.001, 'params': 963607, 'time_iter': 2.947, 'accuracy': 0.9803, 'precision': 0.0, 'recall': 0.0, 'f1': 0.0, 'auc': 0.7064}
train: {'epoch': 73, 'eta': 519424.1525, 'loss': 0.1437, 'lr': 0.001, 'params': 963607, 'time_iter': 19.1565, 'accuracy': 0.9634, 'precision': 0.6707, 'recall': 0.0446, 'f1': 0.0837, 'auc': 0.7031}
val: {'epoch': 74, 'loss': 0.1214, 'lr': 0.001, 'params': 963607, 'time_iter': 2.8949, 'accuracy': 0.9803, 'precision': 0.0, 'recall': 0.0, 'f1': 0.0, 'auc': 0.7049}
train: {'epoch': 74, 'eta': 499135.0828, 'loss': 0.1439, 'lr': 0.001, 'params': 963607, 'time_iter': 18.5075, 'accuracy': 0.9628, 'precision': 0.5464, 'recall': 0.043, 'f1': 0.0798, 'auc': 0.6974}
val: {'epoch': 75, 'loss': 0.123, 'lr': 0.001, 'params': 963607, 'time_iter': 2.8305, 'accuracy': 0.9803, 'precision': 0.0, 'recall': 0.0, 'f1': 0.0, 'auc': 0.6462}
train: {'epoch': 75, 'eta': 479057.3529, 'loss': 0.142, 'lr': 0.001, 'params': 963607, 'time_iter': 19.057, 'accuracy': 0.9633, 'precision': 0.5952, 'recall': 0.0609, 'f1': 0.1105, 'auc': 0.7081}
val: {'epoch': 76, 'loss': 0.1204, 'lr': 0.001, 'params': 963607, 'time_iter': 2.8933, 'accuracy': 0.9808, 'precision': 1.0, 'recall': 0.0247, 'f1': 0.0482, 'auc': 0.6601}
train: {'epoch': 76, 'eta': 458939.5016, 'loss': 0.1404, 'lr': 0.001, 'params': 963607, 'time_iter': 18.887, 'accuracy': 0.9636, 'precision': 0.6288, 'recall': 0.0674, 'f1': 0.1217, 'auc': 0.714}
val: {'epoch': 77, 'loss': 0.1201, 'lr': 0.001, 'params': 963607, 'time_iter': 3.3753, 'accuracy': 0.9803, 'precision': 0.0, 'recall': 0.0, 'f1': 0.0, 'auc': 0.6505}
train: {'epoch': 77, 'eta': 438815.307, 'loss': 0.1419, 'lr': 0.001, 'params': 963607, 'time_iter': 18.8048, 'accuracy': 0.9637, 'precision': 0.6508, 'recall': 0.0666, 'f1': 0.1208, 'auc': 0.7051}
val: {'epoch': 78, 'loss': 0.1217, 'lr': 0.001, 'params': 963607, 'time_iter': 3.0324, 'accuracy': 0.9803, 'precision': 0.0, 'recall': 0.0, 'f1': 0.0, 'auc': 0.6794}
train: {'epoch': 78, 'eta': 418791.3293, 'loss': 0.1405, 'lr': 0.001, 'params': 963607, 'time_iter': 19.0995, 'accuracy': 0.9639, 'precision': 0.6507, 'recall': 0.0771, 'f1': 0.1379, 'auc': 0.7156}
val: {'epoch': 79, 'loss': 0.125, 'lr': 0.001, 'params': 963607, 'time_iter': 3.0116, 'accuracy': 0.9803, 'precision': 0.0, 'recall': 0.0, 'f1': 0.0, 'auc': 0.6844}
train: {'epoch': 79, 'eta': 398766.9574, 'loss': 0.1402, 'lr': 0.001, 'params': 963607, 'time_iter': 19.0619, 'accuracy': 0.964, 'precision': 0.6818, 'recall': 0.0731, 'f1': 0.132, 'auc': 0.7202}
val: {'epoch': 80, 'loss': 0.1264, 'lr': 0.001, 'params': 963607, 'time_iter': 3.1039, 'accuracy': 0.9803, 'precision': 0.5, 'recall': 0.0123, 'f1': 0.0241, 'auc': 0.6422}
train: {'epoch': 80, 'eta': 378728.7481, 'loss': 0.1403, 'lr': 0.001, 'params': 963607, 'time_iter': 18.9627, 'accuracy': 0.9642, 'precision': 0.6992, 'recall': 0.0755, 'f1': 0.1363, 'auc': 0.7142}
val: {'epoch': 81, 'loss': 0.1315, 'lr': 0.001, 'params': 963607, 'time_iter': 2.8477, 'accuracy': 0.9803, 'precision': 0.0, 'recall': 0.0, 'f1': 0.0, 'auc': 0.677}
train: {'epoch': 81, 'eta': 358732.6975, 'loss': 0.1411, 'lr': 0.001, 'params': 963607, 'time_iter': 19.0926, 'accuracy': 0.9633, 'precision': 0.6, 'recall': 0.0633, 'f1': 0.1145, 'auc': 0.7143}
val: {'epoch': 82, 'loss': 0.1217, 'lr': 0.001, 'params': 963607, 'time_iter': 3.2038, 'accuracy': 0.9808, 'precision': 1.0, 'recall': 0.0247, 'f1': 0.0482, 'auc': 0.701}
train: {'epoch': 82, 'eta': 338696.119, 'loss': 0.141, 'lr': 0.001, 'params': 963607, 'time_iter': 18.8603, 'accuracy': 0.963, 'precision': 0.5688, 'recall': 0.0503, 'f1': 0.0925, 'auc': 0.7231}
val: {'epoch': 83, 'loss': 0.1263, 'lr': 0.001, 'params': 963607, 'time_iter': 3.0361, 'accuracy': 0.9803, 'precision': 0.0, 'recall': 0.0, 'f1': 0.0, 'auc': 0.7004}
train: {'epoch': 83, 'eta': 318666.7384, 'loss': 0.1422, 'lr': 0.001, 'params': 963607, 'time_iter': 18.8206, 'accuracy': 0.9632, 'precision': 0.602, 'recall': 0.0479, 'f1': 0.0887, 'auc': 0.7148}
val: {'epoch': 84, 'loss': 0.1225, 'lr': 0.001, 'params': 963607, 'time_iter': 2.9184, 'accuracy': 0.9803, 'precision': 0.0, 'recall': 0.0, 'f1': 0.0, 'auc': 0.6808}
train: {'epoch': 84, 'eta': 298610.1132, 'loss': 0.1418, 'lr': 0.001, 'params': 963607, 'time_iter': 18.5846, 'accuracy': 0.9629, 'precision': 0.5647, 'recall': 0.039, 'f1': 0.0729, 'auc': 0.7148}
val: {'epoch': 85, 'loss': 0.1303, 'lr': 0.001, 'params': 963607, 'time_iter': 2.9897, 'accuracy': 0.9803, 'precision': 0.0, 'recall': 0.0, 'f1': 0.0, 'auc': 0.599}
train: {'epoch': 85, 'eta': 278654.7365, 'loss': 0.1422, 'lr': 0.001, 'params': 963607, 'time_iter': 19.0595, 'accuracy': 0.9632, 'precision': 0.617, 'recall': 0.0471, 'f1': 0.0875, 'auc': 0.7095}
val: {'epoch': 86, 'loss': 0.1274, 'lr': 0.001, 'params': 963607, 'time_iter': 2.9069, 'accuracy': 0.9803, 'precision': 0.0, 'recall': 0.0, 'f1': 0.0, 'auc': 0.6054}
train: {'epoch': 86, 'eta': 258706.4224, 'loss': 0.1414, 'lr': 0.001, 'params': 963607, 'time_iter': 19.0542, 'accuracy': 0.9629, 'precision': 0.5508, 'recall': 0.0528, 'f1': 0.0963, 'auc': 0.7215}
val: {'epoch': 87, 'loss': 0.1243, 'lr': 0.001, 'params': 963607, 'time_iter': 2.8375, 'accuracy': 0.9803, 'precision': 0.0, 'recall': 0.0, 'f1': 0.0, 'auc': 0.6187}
train: {'epoch': 87, 'eta': 238722.7318, 'loss': 0.1406, 'lr': 0.001, 'params': 963607, 'time_iter': 18.7467, 'accuracy': 0.9635, 'precision': 0.6165, 'recall': 0.0666, 'f1': 0.1201, 'auc': 0.7209}
val: {'epoch': 88, 'loss': 0.1263, 'lr': 0.001, 'params': 963607, 'time_iter': 3.1275, 'accuracy': 0.9803, 'precision': 0.0, 'recall': 0.0, 'f1': 0.0, 'auc': 0.617}
train: {'epoch': 88, 'eta': 218768.4385, 'loss': 0.1415, 'lr': 0.001, 'params': 963607, 'time_iter': 18.8554, 'accuracy': 0.964, 'precision': 0.6667, 'recall': 0.0747, 'f1': 0.1343, 'auc': 0.7117}
val: {'epoch': 89, 'loss': 0.129, 'lr': 0.001, 'params': 963607, 'time_iter': 2.9288, 'accuracy': 0.9803, 'precision': 0.0, 'recall': 0.0, 'f1': 0.0, 'auc': 0.6058}
train: {'epoch': 89, 'eta': 198882.3889, 'loss': 0.1412, 'lr': 0.001, 'params': 963607, 'time_iter': 19.3449, 'accuracy': 0.9635, 'precision': 0.6562, 'recall': 0.0511, 'f1': 0.0949, 'auc': 0.7202}
val: {'epoch': 90, 'loss': 0.1264, 'lr': 0.001, 'params': 963607, 'time_iter': 2.8626, 'accuracy': 0.9803, 'precision': 0.0, 'recall': 0.0, 'f1': 0.0, 'auc': 0.5616}
train: {'epoch': 90, 'eta': 178957.645, 'loss': 0.1419, 'lr': 0.001, 'params': 963607, 'time_iter': 18.969, 'accuracy': 0.964, 'precision': 0.6975, 'recall': 0.0674, 'f1': 0.1229, 'auc': 0.7102}
val: {'epoch': 91, 'loss': 0.1305, 'lr': 0.001, 'params': 963607, 'time_iter': 2.9141, 'accuracy': 0.9803, 'precision': 0.0, 'recall': 0.0, 'f1': 0.0, 'auc': 0.5442}
train: {'epoch': 91, 'eta': 159026.3883, 'loss': 0.1427, 'lr': 0.001, 'params': 963607, 'time_iter': 18.7977, 'accuracy': 0.9642, 'precision': 0.7143, 'recall': 0.0731, 'f1': 0.1325, 'auc': 0.7028}
val: {'epoch': 92, 'loss': 0.1351, 'lr': 0.001, 'params': 963607, 'time_iter': 2.9237, 'accuracy': 0.9803, 'precision': 0.0, 'recall': 0.0, 'f1': 0.0, 'auc': 0.5747}
train: {'epoch': 92, 'eta': 139112.7962, 'loss': 0.1487, 'lr': 0.001, 'params': 963607, 'time_iter': 18.8624, 'accuracy': 0.9633, 'precision': 0.6757, 'recall': 0.0406, 'f1': 0.0766, 'auc': 0.6612}
val: {'epoch': 93, 'loss': 0.1327, 'lr': 0.001, 'params': 963607, 'time_iter': 2.7643, 'accuracy': 0.9803, 'precision': 0.0, 'recall': 0.0, 'f1': 0.0, 'auc': 0.5828}
train: {'epoch': 93, 'eta': 119215.1049, 'loss': 0.149, 'lr': 0.001, 'params': 963607, 'time_iter': 18.9412, 'accuracy': 0.9636, 'precision': 0.6941, 'recall': 0.0479, 'f1': 0.0896, 'auc': 0.6589}
val: {'epoch': 94, 'loss': 0.1318, 'lr': 0.001, 'params': 963607, 'time_iter': 3.0889, 'accuracy': 0.9803, 'precision': 0.0, 'recall': 0.0, 'f1': 0.0, 'auc': 0.6558}
train: {'epoch': 94, 'eta': 99321.4394, 'loss': 0.1464, 'lr': 0.001, 'params': 963607, 'time_iter': 18.8572, 'accuracy': 0.9638, 'precision': 0.6852, 'recall': 0.0601, 'f1': 0.1104, 'auc': 0.6815}
val: {'epoch': 95, 'loss': 0.1251, 'lr': 0.001, 'params': 963607, 'time_iter': 3.1883, 'accuracy': 0.9803, 'precision': 0.0, 'recall': 0.0, 'f1': 0.0, 'auc': 0.6085}
train: {'epoch': 95, 'eta': 79424.7855, 'loss': 0.1457, 'lr': 0.001, 'params': 963607, 'time_iter': 18.5496, 'accuracy': 0.9636, 'precision': 0.6452, 'recall': 0.0649, 'f1': 0.118, 'auc': 0.6852}
val: {'epoch': 96, 'loss': 0.128, 'lr': 0.001, 'params': 963607, 'time_iter': 2.8663, 'accuracy': 0.9803, 'precision': 0.0, 'recall': 0.0, 'f1': 0.0, 'auc': 0.6141}
train: {'epoch': 96, 'eta': 59559.4551, 'loss': 0.1459, 'lr': 0.001, 'params': 963607, 'time_iter': 19.0096, 'accuracy': 0.9635, 'precision': 0.6396, 'recall': 0.0576, 'f1': 0.1057, 'auc': 0.6827}
val: {'epoch': 97, 'loss': 0.1332, 'lr': 0.001, 'params': 963607, 'time_iter': 2.9112, 'accuracy': 0.9803, 'precision': 0.0, 'recall': 0.0, 'f1': 0.0, 'auc': 0.6179}
train: {'epoch': 97, 'eta': 39698.0611, 'loss': 0.1459, 'lr': 0.001, 'params': 963607, 'time_iter': 18.9011, 'accuracy': 0.9637, 'precision': 0.6947, 'recall': 0.0536, 'f1': 0.0995, 'auc': 0.6848}
val: {'epoch': 98, 'loss': 0.134, 'lr': 0.001, 'params': 963607, 'time_iter': 2.9603, 'accuracy': 0.9803, 'precision': 0.0, 'recall': 0.0, 'f1': 0.0, 'auc': 0.6348}
train: {'epoch': 98, 'eta': 19849.8289, 'loss': 0.145, 'lr': 0.001, 'params': 963607, 'time_iter': 19.3664, 'accuracy': 0.9638, 'precision': 0.6724, 'recall': 0.0633, 'f1': 0.1157, 'auc': 0.6938}
val: {'epoch': 99, 'loss': 0.1362, 'lr': 0.001, 'params': 963607, 'time_iter': 2.8207, 'accuracy': 0.9803, 'precision': 0.0, 'recall': 0.0, 'f1': 0.0, 'auc': 0.6388}
train: {'epoch': 99, 'eta': 0.0, 'loss': 0.1444, 'lr': 0.001, 'params': 963607, 'time_iter': 18.7423, 'accuracy': 0.9638, 'precision': 0.675, 'recall': 0.0657, 'f1': 0.1198, 'auc': 0.6996}
test: {'epoch': 99, 'loss': 0.2125, 'lr': 0.001, 'params': 963607, 'time_iter': 2.5803, 'accuracy': 0.9684, 'precision': 0.0, 'recall': 0.0, 'f1': 0.0, 'auc': 0.6513}
test: {'epoch': 9, 'loss': 0.142, 'lr': 0.001, 'params': 963607, 'time_iter': 2.5763, 'accuracy': 0.9686, 'precision': 1.0, 'recall': 0.0077, 'f1': 0.0153, 'auc': 0.6577}
