GraphGymModule(
  (model): DilatedGNNModel(
    (encoder): FeatureEncoder(
      (node_encoder): AtomEncoder(
        (atom_embedding_list): ModuleList(
          (0): Embedding(119, 300)
          (1): Embedding(4, 300)
          (2): Embedding(12, 300)
          (3): Embedding(12, 300)
          (4): Embedding(10, 300)
          (5): Embedding(6, 300)
          (6): Embedding(6, 300)
          (7): Embedding(2, 300)
          (8): Embedding(2, 300)
        )
      )
      (edge_encoder): BondEncoder(
        (bond_embedding_list): ModuleList(
          (0): Embedding(5, 300)
          (1): Embedding(6, 300)
          (2): Embedding(2, 300)
        )
      )
    )
    (mp): GNNDilatedStage(
      (classic_layers): ModuleList(
        (0): GeneralLayer(
          (layer): EGATConv(
            (model): GATConv(300, 300, heads=1)
          )
          (post_layer): Sequential(
            (0): BatchNorm1d(300, eps=1e-05, momentum=0.1, affine=True, track_running_stats=True)
            (1): Dropout(p=0.5, inplace=False)
            (2): ReLU()
          )
        )
        (1): GeneralLayer(
          (layer): EGATConv(
            (model): GATConv(300, 300, heads=1)
          )
          (post_layer): Sequential(
            (0): BatchNorm1d(300, eps=1e-05, momentum=0.1, affine=True, track_running_stats=True)
            (1): Dropout(p=0.5, inplace=False)
            (2): ReLU()
          )
        )
        (2): GeneralLayer(
          (layer): EGATConv(
            (model): GATConv(300, 300, heads=1)
          )
          (post_layer): Sequential(
            (0): BatchNorm1d(300, eps=1e-05, momentum=0.1, affine=True, track_running_stats=True)
            (1): Dropout(p=0.5, inplace=False)
            (2): ReLU()
          )
        )
      )
      (dilated_layers): ModuleList(
        (0): DilatedGeneralLayer(
          (layer): EGATConv(
            (model): GATConv(300, 300, heads=1)
          )
          (post_layer): Sequential(
            (0): BatchNorm1d(300, eps=1e-05, momentum=0.1, affine=True, track_running_stats=True)
            (1): Dropout(p=0.5, inplace=False)
            (2): ReLU()
          )
          (gem): GeM(p=3.0000, eps=1e-06)
        )
      )
      (act): ReLU()
    )
    (post_mp): GNNGraphHead(
      (layer_post_mp): MLP(
        (model): Sequential(
          (0): Linear(
            (model): Linear(300, 1, bias=True)
          )
        )
      )
    )
  )
)
accelerator: cuda
benchmark: False
bn:
  eps: 1e-05
  mom: 0.1
cfg_dest: config.yaml
custom_metrics: []
dataset:
  cache_load: False
  cache_save: False
  dir: ./datasets
  edge_dim: 300
  edge_encoder: True
  edge_encoder_bn: False
  edge_encoder_name: Bond
  edge_message_ratio: 0.8
  edge_negative_sampling_ratio: 1.0
  edge_train_mode: all
  encoder: True
  encoder_bn: True
  encoder_dim: 128
  encoder_name: db
  fast_loader: False
  format: OGB
  label_column: none
  label_table: none
  location: local
  name: ogbg-molhiv
  node_encoder: True
  node_encoder_bn: False
  node_encoder_name: Atom
  remove_feature: False
  resample_disjoint: False
  resample_negative: False
  shuffle_split: True
  split: [0.8, 0.1, 0.1]
  split_mode: random
  task: graph
  task_type: classification
  to_undirected: False
  transductive: False
  transform: none
  tu_simple: True
devices: 1
gnn:
  act: relu
  act_on_last_layer_mp: False
  agg: none
  att_final_linear: False
  att_final_linear_bn: False
  att_heads: 1
  batchnorm: True
  clear_feature: True
  dilated_path_join: add
  dim_inner: 300
  dropout: 0.5
  head: graph
  keep_edge: 0.5
  l2norm: True
  layer_type: egatconv
  layers_k1: 3
  layers_k2: 1
  layers_mp: 5
  layers_post_mp: 1
  layers_pre_mp: 0
  learn_alpha_residual_connection: True
  msg_direction: single
  normalize_adj: False
  self_msg: concat
  skip_every: 1
  stage_type: stack
  use_edge_features: True
gpu_mem: False
mem:
  inplace: False
metric_agg: argmax
metric_best: auc
model:
  edge_decoding: dot
  graph_pooling: mean
  loss_fun: cross_entropy
  match_upper: True
  size_average: mean
  thresh: 0.5
  type: dilated_gnn
num_threads: 6
num_workers: 16
optim:
  base_lr: 0.001
  lr_decay: 0.1
  max_epoch: 100
  momentum: 0.9
  optimizer: adam
  scheduler: none
  steps: [30, 60, 90]
  weight_decay: 0.0
out_dir: results_experiments/ogbg_molhiv_baseline_grid_design/ogbg_molhiv_baseline-type=dilated_gnn-layer_type=egatconv-layers_k1=3-layers_k2=1-dilated_path_join=add-learn_alpha_residual_connection=True
params: 782103
print: both
round: 4
run_dir: results_experiments/ogbg_molhiv_baseline_grid_design/ogbg_molhiv_baseline-type=dilated_gnn-layer_type=egatconv-layers_k1=3-layers_k2=1-dilated_path_join=add-learn_alpha_residual_connection=True/3
seed: 4
share:
  dim_in: 9
  dim_out: 2
  num_splits: 3
tensorboard_agg: True
tensorboard_each_run: False
train:
  auto_resume: False
  batch_size: 32
  ckpt_clean: True
  ckpt_period: 100
  enable_ckpt: True
  epoch_resume: -1
  eval_period: 1
  iter_per_epoch: 32
  neighbor_sizes: [20, 15, 10, 5]
  node_per_graph: 32
  radius: extend
  sample_node: False
  sampler: full_batch
  skip_train_eval: False
  walk_length: 4
val:
  node_per_graph: 32
  radius: extend
  sample_node: False
  sampler: full_batch
view_emb: False
Num parameters: 782103
val: {'epoch': 0, 'loss': 0.6822, 'lr': 0.001, 'params': 782103, 'time_iter': 1.1658, 'accuracy': 0.9688, 'precision': 0.0, 'recall': 0.0, 'f1': 0.0, 'auc': 0.381}
val: {'epoch': 0, 'loss': 0.102, 'lr': 0.001, 'params': 782103, 'time_iter': 2.1064, 'accuracy': 0.9803, 'precision': 0.0, 'recall': 0.0, 'f1': 0.0, 'auc': 0.6222}
train: {'epoch': 0, 'eta': 1656093.881, 'loss': 0.189, 'lr': 0.001, 'params': 782103, 'time_iter': 16.2568, 'accuracy': 0.9619, 'precision': 0.0, 'recall': 0.0, 'f1': 0.0, 'auc': 0.5486}
val: {'epoch': 1, 'loss': 0.0915, 'lr': 0.001, 'params': 782103, 'time_iter': 2.1658, 'accuracy': 0.9803, 'precision': 0.0, 'recall': 0.0, 'f1': 0.0, 'auc': 0.6729}
train: {'epoch': 1, 'eta': 1629026.6036, 'loss': 0.1537, 'lr': 0.001, 'params': 782103, 'time_iter': 16.0517, 'accuracy': 0.9626, 'precision': 0.0, 'recall': 0.0, 'f1': 0.0, 'auc': 0.6602}
val: {'epoch': 2, 'loss': 0.0963, 'lr': 0.001, 'params': 782103, 'time_iter': 2.5426, 'accuracy': 0.9803, 'precision': 0.0, 'recall': 0.0, 'f1': 0.0, 'auc': 0.6998}
train: {'epoch': 2, 'eta': 1612304.1095, 'loss': 0.1494, 'lr': 0.001, 'params': 782103, 'time_iter': 16.1512, 'accuracy': 0.9626, 'precision': 0.0, 'recall': 0.0, 'f1': 0.0, 'auc': 0.6971}
val: {'epoch': 3, 'loss': 0.0933, 'lr': 0.001, 'params': 782103, 'time_iter': 2.1345, 'accuracy': 0.9803, 'precision': 0.0, 'recall': 0.0, 'f1': 0.0, 'auc': 0.7363}
train: {'epoch': 3, 'eta': 1591700.7324, 'loss': 0.1479, 'lr': 0.001, 'params': 782103, 'time_iter': 15.992, 'accuracy': 0.9626, 'precision': 0.0, 'recall': 0.0, 'f1': 0.0, 'auc': 0.7004}
val: {'epoch': 4, 'loss': 0.089, 'lr': 0.001, 'params': 782103, 'time_iter': 2.1212, 'accuracy': 0.9803, 'precision': 0.0, 'recall': 0.0, 'f1': 0.0, 'auc': 0.7492}
train: {'epoch': 4, 'eta': 1573443.0644, 'loss': 0.1446, 'lr': 0.001, 'params': 782103, 'time_iter': 16.0271, 'accuracy': 0.9626, 'precision': 0.0, 'recall': 0.0, 'f1': 0.0, 'auc': 0.7255}
val: {'epoch': 5, 'loss': 0.0937, 'lr': 0.001, 'params': 782103, 'time_iter': 2.7953, 'accuracy': 0.9803, 'precision': 0.0, 'recall': 0.0, 'f1': 0.0, 'auc': 0.7754}
train: {'epoch': 5, 'eta': 1552069.3178, 'loss': 0.1441, 'lr': 0.001, 'params': 782103, 'time_iter': 15.7973, 'accuracy': 0.9625, 'precision': 0.3333, 'recall': 0.0008, 'f1': 0.0016, 'auc': 0.7221}
val: {'epoch': 6, 'loss': 0.0999, 'lr': 0.001, 'params': 782103, 'time_iter': 2.099, 'accuracy': 0.9803, 'precision': 0.0, 'recall': 0.0, 'f1': 0.0, 'auc': 0.6445}
train: {'epoch': 6, 'eta': 1534435.108, 'loss': 0.1455, 'lr': 0.001, 'params': 782103, 'time_iter': 15.9639, 'accuracy': 0.9625, 'precision': 0.25, 'recall': 0.0008, 'f1': 0.0016, 'auc': 0.7137}
val: {'epoch': 7, 'loss': 0.0945, 'lr': 0.001, 'params': 782103, 'time_iter': 2.1859, 'accuracy': 0.9803, 'precision': 0.0, 'recall': 0.0, 'f1': 0.0, 'auc': 0.76}
train: {'epoch': 7, 'eta': 1515507.4264, 'loss': 0.1428, 'lr': 0.001, 'params': 782103, 'time_iter': 15.8291, 'accuracy': 0.9625, 'precision': 0.3333, 'recall': 0.0016, 'f1': 0.0032, 'auc': 0.7368}
val: {'epoch': 8, 'loss': 0.0975, 'lr': 0.001, 'params': 782103, 'time_iter': 2.5051, 'accuracy': 0.9803, 'precision': 0.0, 'recall': 0.0, 'f1': 0.0, 'auc': 0.7558}
train: {'epoch': 8, 'eta': 1498475.1461, 'loss': 0.1437, 'lr': 0.001, 'params': 782103, 'time_iter': 15.9549, 'accuracy': 0.9626, 'precision': 0.5, 'recall': 0.0049, 'f1': 0.0096, 'auc': 0.7208}
val: {'epoch': 9, 'loss': 0.0983, 'lr': 0.001, 'params': 782103, 'time_iter': 2.1109, 'accuracy': 0.9808, 'precision': 0.75, 'recall': 0.037, 'f1': 0.0706, 'auc': 0.6993}
train: {'epoch': 9, 'eta': 1481221.2916, 'loss': 0.1448, 'lr': 0.001, 'params': 782103, 'time_iter': 15.9177, 'accuracy': 0.9625, 'precision': 0.4375, 'recall': 0.0057, 'f1': 0.0112, 'auc': 0.7213}
val: {'epoch': 10, 'loss': 0.1013, 'lr': 0.001, 'params': 782103, 'time_iter': 2.2685, 'accuracy': 0.9803, 'precision': 0.0, 'recall': 0.0, 'f1': 0.0, 'auc': 0.7404}
train: {'epoch': 10, 'eta': 1461229.824, 'loss': 0.1453, 'lr': 0.001, 'params': 782103, 'time_iter': 15.5698, 'accuracy': 0.9622, 'precision': 0.2857, 'recall': 0.0065, 'f1': 0.0127, 'auc': 0.7148}
val: {'epoch': 11, 'loss': 0.1037, 'lr': 0.001, 'params': 782103, 'time_iter': 3.1786, 'accuracy': 0.9801, 'precision': 0.3333, 'recall': 0.0123, 'f1': 0.0238, 'auc': 0.7199}
train: {'epoch': 11, 'eta': 1443762.8518, 'loss': 0.1453, 'lr': 0.001, 'params': 782103, 'time_iter': 15.8166, 'accuracy': 0.9622, 'precision': 0.2273, 'recall': 0.0041, 'f1': 0.008, 'auc': 0.7167}
val: {'epoch': 12, 'loss': 0.0984, 'lr': 0.001, 'params': 782103, 'time_iter': 2.1117, 'accuracy': 0.9808, 'precision': 1.0, 'recall': 0.0247, 'f1': 0.0482, 'auc': 0.7285}
train: {'epoch': 12, 'eta': 1429157.9495, 'loss': 0.1438, 'lr': 0.001, 'params': 782103, 'time_iter': 16.2056, 'accuracy': 0.9622, 'precision': 0.2273, 'recall': 0.0041, 'f1': 0.008, 'auc': 0.7251}
val: {'epoch': 13, 'loss': 0.1023, 'lr': 0.001, 'params': 782103, 'time_iter': 2.1328, 'accuracy': 0.9803, 'precision': 0.0, 'recall': 0.0, 'f1': 0.0, 'auc': 0.7083}
train: {'epoch': 13, 'eta': 1412229.2828, 'loss': 0.143, 'lr': 0.001, 'params': 782103, 'time_iter': 15.8848, 'accuracy': 0.962, 'precision': 0.275, 'recall': 0.0089, 'f1': 0.0173, 'auc': 0.7277}
val: {'epoch': 14, 'loss': 0.0969, 'lr': 0.001, 'params': 782103, 'time_iter': 2.7027, 'accuracy': 0.9805, 'precision': 1.0, 'recall': 0.0123, 'f1': 0.0244, 'auc': 0.73}
train: {'epoch': 14, 'eta': 1397229.0717, 'loss': 0.1429, 'lr': 0.001, 'params': 782103, 'time_iter': 16.2022, 'accuracy': 0.9621, 'precision': 0.1818, 'recall': 0.0032, 'f1': 0.0064, 'auc': 0.7322}
val: {'epoch': 15, 'loss': 0.1005, 'lr': 0.001, 'params': 782103, 'time_iter': 2.1278, 'accuracy': 0.9803, 'precision': 0.0, 'recall': 0.0, 'f1': 0.0, 'auc': 0.7295}
train: {'epoch': 15, 'eta': 1384450.7925, 'loss': 0.1425, 'lr': 0.001, 'params': 782103, 'time_iter': 16.6522, 'accuracy': 0.9623, 'precision': 0.2, 'recall': 0.0024, 'f1': 0.0048, 'auc': 0.7344}
val: {'epoch': 16, 'loss': 0.097, 'lr': 0.001, 'params': 782103, 'time_iter': 2.1493, 'accuracy': 0.9803, 'precision': 0.5, 'recall': 0.0123, 'f1': 0.0241, 'auc': 0.7448}
train: {'epoch': 16, 'eta': 1368395.8874, 'loss': 0.1424, 'lr': 0.001, 'params': 782103, 'time_iter': 16.102, 'accuracy': 0.9622, 'precision': 0.3514, 'recall': 0.0106, 'f1': 0.0205, 'auc': 0.7303}
val: {'epoch': 17, 'loss': 0.0962, 'lr': 0.001, 'params': 782103, 'time_iter': 2.1291, 'accuracy': 0.9803, 'precision': 0.0, 'recall': 0.0, 'f1': 0.0, 'auc': 0.761}
train: {'epoch': 17, 'eta': 1351374.777, 'loss': 0.1417, 'lr': 0.001, 'params': 782103, 'time_iter': 15.9081, 'accuracy': 0.9621, 'precision': 0.3585, 'recall': 0.0154, 'f1': 0.0296, 'auc': 0.7444}
val: {'epoch': 18, 'loss': 0.1009, 'lr': 0.001, 'params': 782103, 'time_iter': 2.0804, 'accuracy': 0.9803, 'precision': 0.5, 'recall': 0.0123, 'f1': 0.0241, 'auc': 0.7593}
train: {'epoch': 18, 'eta': 1335130.9649, 'loss': 0.1442, 'lr': 0.001, 'params': 782103, 'time_iter': 16.0696, 'accuracy': 0.9622, 'precision': 0.3235, 'recall': 0.0089, 'f1': 0.0174, 'auc': 0.7259}
val: {'epoch': 19, 'loss': 0.0967, 'lr': 0.001, 'params': 782103, 'time_iter': 2.3296, 'accuracy': 0.9803, 'precision': 0.0, 'recall': 0.0, 'f1': 0.0, 'auc': 0.7622}
train: {'epoch': 19, 'eta': 1319696.7043, 'loss': 0.143, 'lr': 0.001, 'params': 782103, 'time_iter': 16.2734, 'accuracy': 0.9622, 'precision': 0.3226, 'recall': 0.0081, 'f1': 0.0158, 'auc': 0.734}
val: {'epoch': 20, 'loss': 0.1016, 'lr': 0.001, 'params': 782103, 'time_iter': 2.1525, 'accuracy': 0.9803, 'precision': 0.0, 'recall': 0.0, 'f1': 0.0, 'auc': 0.7356}
train: {'epoch': 20, 'eta': 1301446.6093, 'loss': 0.1426, 'lr': 0.001, 'params': 782103, 'time_iter': 15.5782, 'accuracy': 0.962, 'precision': 0.2564, 'recall': 0.0081, 'f1': 0.0157, 'auc': 0.7395}
val: {'epoch': 21, 'loss': 0.1033, 'lr': 0.001, 'params': 782103, 'time_iter': 2.1118, 'accuracy': 0.9803, 'precision': 0.0, 'recall': 0.0, 'f1': 0.0, 'auc': 0.6968}
train: {'epoch': 21, 'eta': 1284011.6139, 'loss': 0.1433, 'lr': 0.001, 'params': 782103, 'time_iter': 15.7463, 'accuracy': 0.9623, 'precision': 0.3704, 'recall': 0.0081, 'f1': 0.0159, 'auc': 0.7354}
val: {'epoch': 22, 'loss': 0.1078, 'lr': 0.001, 'params': 782103, 'time_iter': 2.2566, 'accuracy': 0.9803, 'precision': 0.0, 'recall': 0.0, 'f1': 0.0, 'auc': 0.767}
train: {'epoch': 22, 'eta': 1267802.5625, 'loss': 0.1422, 'lr': 0.001, 'params': 782103, 'time_iter': 16.0711, 'accuracy': 0.9623, 'precision': 0.381, 'recall': 0.013, 'f1': 0.0251, 'auc': 0.7421}
val: {'epoch': 23, 'loss': 0.1095, 'lr': 0.001, 'params': 782103, 'time_iter': 2.1627, 'accuracy': 0.9803, 'precision': 0.0, 'recall': 0.0, 'f1': 0.0, 'auc': 0.7064}
train: {'epoch': 23, 'eta': 1252449.6154, 'loss': 0.1418, 'lr': 0.001, 'params': 782103, 'time_iter': 16.3422, 'accuracy': 0.9624, 'precision': 0.425, 'recall': 0.0138, 'f1': 0.0267, 'auc': 0.7377}
val: {'epoch': 24, 'loss': 0.1057, 'lr': 0.001, 'params': 782103, 'time_iter': 2.0351, 'accuracy': 0.9805, 'precision': 1.0, 'recall': 0.0123, 'f1': 0.0244, 'auc': 0.7269}
train: {'epoch': 24, 'eta': 1235289.6164, 'loss': 0.1424, 'lr': 0.001, 'params': 782103, 'time_iter': 15.7948, 'accuracy': 0.9621, 'precision': 0.3333, 'recall': 0.0114, 'f1': 0.022, 'auc': 0.7398}
val: {'epoch': 25, 'loss': 0.1096, 'lr': 0.001, 'params': 782103, 'time_iter': 2.2063, 'accuracy': 0.9805, 'precision': 0.6667, 'recall': 0.0247, 'f1': 0.0476, 'auc': 0.7201}
train: {'epoch': 25, 'eta': 1219423.4351, 'loss': 0.1416, 'lr': 0.001, 'params': 782103, 'time_iter': 16.2127, 'accuracy': 0.9623, 'precision': 0.4222, 'recall': 0.0154, 'f1': 0.0298, 'auc': 0.7469}
val: {'epoch': 26, 'loss': 0.1131, 'lr': 0.001, 'params': 782103, 'time_iter': 2.0857, 'accuracy': 0.9805, 'precision': 1.0, 'recall': 0.0123, 'f1': 0.0244, 'auc': 0.7183}
train: {'epoch': 26, 'eta': 1202979.453, 'loss': 0.1413, 'lr': 0.001, 'params': 782103, 'time_iter': 16.0268, 'accuracy': 0.9623, 'precision': 0.4259, 'recall': 0.0187, 'f1': 0.0358, 'auc': 0.7474}
val: {'epoch': 27, 'loss': 0.1113, 'lr': 0.001, 'params': 782103, 'time_iter': 2.1128, 'accuracy': 0.9803, 'precision': 0.5, 'recall': 0.0123, 'f1': 0.0241, 'auc': 0.7047}
train: {'epoch': 27, 'eta': 1185543.8033, 'loss': 0.1391, 'lr': 0.001, 'params': 782103, 'time_iter': 15.6533, 'accuracy': 0.962, 'precision': 0.3111, 'recall': 0.0114, 'f1': 0.0219, 'auc': 0.755}
val: {'epoch': 28, 'loss': 0.1115, 'lr': 0.001, 'params': 782103, 'time_iter': 2.3631, 'accuracy': 0.9805, 'precision': 1.0, 'recall': 0.0123, 'f1': 0.0244, 'auc': 0.7385}
train: {'epoch': 28, 'eta': 1168469.2349, 'loss': 0.1392, 'lr': 0.001, 'params': 782103, 'time_iter': 15.7602, 'accuracy': 0.9621, 'precision': 0.3793, 'recall': 0.0179, 'f1': 0.0341, 'auc': 0.7497}
val: {'epoch': 29, 'loss': 0.1091, 'lr': 0.001, 'params': 782103, 'time_iter': 2.1526, 'accuracy': 0.9808, 'precision': 1.0, 'recall': 0.0247, 'f1': 0.0482, 'auc': 0.7223}
train: {'epoch': 29, 'eta': 1151682.4532, 'loss': 0.1391, 'lr': 0.001, 'params': 782103, 'time_iter': 15.8563, 'accuracy': 0.9623, 'precision': 0.4444, 'recall': 0.0227, 'f1': 0.0432, 'auc': 0.7528}
val: {'epoch': 30, 'loss': 0.1109, 'lr': 0.001, 'params': 782103, 'time_iter': 2.0987, 'accuracy': 0.9808, 'precision': 1.0, 'recall': 0.0247, 'f1': 0.0482, 'auc': 0.6918}
train: {'epoch': 30, 'eta': 1134388.6094, 'loss': 0.1391, 'lr': 0.001, 'params': 782103, 'time_iter': 15.6216, 'accuracy': 0.9625, 'precision': 0.4795, 'recall': 0.0284, 'f1': 0.0536, 'auc': 0.7521}
val: {'epoch': 31, 'loss': 0.1146, 'lr': 0.001, 'params': 782103, 'time_iter': 2.2252, 'accuracy': 0.9803, 'precision': 0.0, 'recall': 0.0, 'f1': 0.0, 'auc': 0.7598}
train: {'epoch': 31, 'eta': 1117418.9314, 'loss': 0.1385, 'lr': 0.001, 'params': 782103, 'time_iter': 15.735, 'accuracy': 0.9618, 'precision': 0.3563, 'recall': 0.0252, 'f1': 0.047, 'auc': 0.7616}
val: {'epoch': 32, 'loss': 0.1146, 'lr': 0.001, 'params': 782103, 'time_iter': 2.0724, 'accuracy': 0.9803, 'precision': 0.0, 'recall': 0.0, 'f1': 0.0, 'auc': 0.7475}
train: {'epoch': 32, 'eta': 1100636.1737, 'loss': 0.1402, 'lr': 0.001, 'params': 782103, 'time_iter': 15.8019, 'accuracy': 0.9623, 'precision': 0.4507, 'recall': 0.026, 'f1': 0.0491, 'auc': 0.7457}
val: {'epoch': 33, 'loss': 0.1144, 'lr': 0.001, 'params': 782103, 'time_iter': 2.1766, 'accuracy': 0.9803, 'precision': 0.0, 'recall': 0.0, 'f1': 0.0, 'auc': 0.7381}
train: {'epoch': 33, 'eta': 1083531.6292, 'loss': 0.1404, 'lr': 0.001, 'params': 782103, 'time_iter': 15.6254, 'accuracy': 0.9622, 'precision': 0.4231, 'recall': 0.0268, 'f1': 0.0504, 'auc': 0.7419}
val: {'epoch': 34, 'loss': 0.1146, 'lr': 0.001, 'params': 782103, 'time_iter': 2.3008, 'accuracy': 0.9803, 'precision': 0.0, 'recall': 0.0, 'f1': 0.0, 'auc': 0.6845}
train: {'epoch': 34, 'eta': 1067149.9131, 'loss': 0.1392, 'lr': 0.001, 'params': 782103, 'time_iter': 15.973, 'accuracy': 0.9624, 'precision': 0.4423, 'recall': 0.0187, 'f1': 0.0358, 'auc': 0.7524}
val: {'epoch': 35, 'loss': 0.1142, 'lr': 0.001, 'params': 782103, 'time_iter': 2.1845, 'accuracy': 0.9803, 'precision': 0.0, 'recall': 0.0, 'f1': 0.0, 'auc': 0.7558}
train: {'epoch': 35, 'eta': 1049832.057, 'loss': 0.1405, 'lr': 0.001, 'params': 782103, 'time_iter': 15.4629, 'accuracy': 0.9623, 'precision': 0.4182, 'recall': 0.0187, 'f1': 0.0357, 'auc': 0.7438}
val: {'epoch': 36, 'loss': 0.119, 'lr': 0.001, 'params': 782103, 'time_iter': 2.1323, 'accuracy': 0.9803, 'precision': 0.0, 'recall': 0.0, 'f1': 0.0, 'auc': 0.6998}
train: {'epoch': 36, 'eta': 1033281.3942, 'loss': 0.1401, 'lr': 0.001, 'params': 782103, 'time_iter': 15.8574, 'accuracy': 0.9625, 'precision': 0.4444, 'recall': 0.0097, 'f1': 0.0191, 'auc': 0.7516}
val: {'epoch': 37, 'loss': 0.1245, 'lr': 0.001, 'params': 782103, 'time_iter': 2.2197, 'accuracy': 0.9803, 'precision': 0.0, 'recall': 0.0, 'f1': 0.0, 'auc': 0.7336}
train: {'epoch': 37, 'eta': 1016645.1541, 'loss': 0.1388, 'lr': 0.001, 'params': 782103, 'time_iter': 15.7991, 'accuracy': 0.9628, 'precision': 0.587, 'recall': 0.0219, 'f1': 0.0423, 'auc': 0.7528}
val: {'epoch': 38, 'loss': 0.1224, 'lr': 0.001, 'params': 782103, 'time_iter': 2.0515, 'accuracy': 0.9803, 'precision': 0.0, 'recall': 0.0, 'f1': 0.0, 'auc': 0.7037}
train: {'epoch': 38, 'eta': 1000483.7087, 'loss': 0.1372, 'lr': 0.001, 'params': 782103, 'time_iter': 16.082, 'accuracy': 0.9626, 'precision': 0.5192, 'recall': 0.0219, 'f1': 0.0421, 'auc': 0.7591}
val: {'epoch': 39, 'loss': 0.1236, 'lr': 0.001, 'params': 782103, 'time_iter': 2.1289, 'accuracy': 0.9803, 'precision': 0.0, 'recall': 0.0, 'f1': 0.0, 'auc': 0.7076}
train: {'epoch': 39, 'eta': 983697.0201, 'loss': 0.1377, 'lr': 0.001, 'params': 782103, 'time_iter': 15.6895, 'accuracy': 0.963, 'precision': 0.625, 'recall': 0.0284, 'f1': 0.0543, 'auc': 0.7597}
val: {'epoch': 40, 'loss': 0.1212, 'lr': 0.001, 'params': 782103, 'time_iter': 2.2758, 'accuracy': 0.9803, 'precision': 0.0, 'recall': 0.0, 'f1': 0.0, 'auc': 0.7137}
train: {'epoch': 40, 'eta': 966888.575, 'loss': 0.1384, 'lr': 0.001, 'params': 782103, 'time_iter': 15.6537, 'accuracy': 0.9623, 'precision': 0.4222, 'recall': 0.0154, 'f1': 0.0298, 'auc': 0.7543}
val: {'epoch': 41, 'loss': 0.1232, 'lr': 0.001, 'params': 782103, 'time_iter': 2.0752, 'accuracy': 0.9803, 'precision': 0.0, 'recall': 0.0, 'f1': 0.0, 'auc': 0.7115}
train: {'epoch': 41, 'eta': 950235.4093, 'loss': 0.1391, 'lr': 0.001, 'params': 782103, 'time_iter': 15.7394, 'accuracy': 0.9626, 'precision': 0.5172, 'recall': 0.0244, 'f1': 0.0465, 'auc': 0.7409}
val: {'epoch': 42, 'loss': 0.1191, 'lr': 0.001, 'params': 782103, 'time_iter': 2.1933, 'accuracy': 0.9803, 'precision': 0.0, 'recall': 0.0, 'f1': 0.0, 'auc': 0.7139}
train: {'epoch': 42, 'eta': 933542.6946, 'loss': 0.1425, 'lr': 0.001, 'params': 782103, 'time_iter': 15.6949, 'accuracy': 0.9623, 'precision': 0.4182, 'recall': 0.0187, 'f1': 0.0357, 'auc': 0.7245}
val: {'epoch': 43, 'loss': 0.1203, 'lr': 0.001, 'params': 782103, 'time_iter': 2.4976, 'accuracy': 0.9803, 'precision': 0.0, 'recall': 0.0, 'f1': 0.0, 'auc': 0.7317}
train: {'epoch': 43, 'eta': 917211.6312, 'loss': 0.1387, 'lr': 0.001, 'params': 782103, 'time_iter': 15.9522, 'accuracy': 0.9626, 'precision': 0.5185, 'recall': 0.0341, 'f1': 0.064, 'auc': 0.7421}
val: {'epoch': 44, 'loss': 0.1208, 'lr': 0.001, 'params': 782103, 'time_iter': 2.0585, 'accuracy': 0.9803, 'precision': 0.0, 'recall': 0.0, 'f1': 0.0, 'auc': 0.7617}
train: {'epoch': 44, 'eta': 900804.5724, 'loss': 0.1377, 'lr': 0.001, 'params': 782103, 'time_iter': 15.8947, 'accuracy': 0.9626, 'precision': 0.5, 'recall': 0.0308, 'f1': 0.0581, 'auc': 0.7476}
val: {'epoch': 45, 'loss': 0.1223, 'lr': 0.001, 'params': 782103, 'time_iter': 2.1028, 'accuracy': 0.9803, 'precision': 0.0, 'recall': 0.0, 'f1': 0.0, 'auc': 0.7354}
train: {'epoch': 45, 'eta': 884301.2084, 'loss': 0.1369, 'lr': 0.001, 'params': 782103, 'time_iter': 15.8131, 'accuracy': 0.9624, 'precision': 0.4747, 'recall': 0.0381, 'f1': 0.0706, 'auc': 0.7579}
val: {'epoch': 46, 'loss': 0.122, 'lr': 0.001, 'params': 782103, 'time_iter': 2.3502, 'accuracy': 0.9803, 'precision': 0.0, 'recall': 0.0, 'f1': 0.0, 'auc': 0.7419}
train: {'epoch': 46, 'eta': 867901.4361, 'loss': 0.1367, 'lr': 0.001, 'params': 782103, 'time_iter': 15.8939, 'accuracy': 0.9626, 'precision': 0.5114, 'recall': 0.0365, 'f1': 0.0682, 'auc': 0.7516}
val: {'epoch': 47, 'loss': 0.1204, 'lr': 0.001, 'params': 782103, 'time_iter': 2.1033, 'accuracy': 0.9803, 'precision': 0.0, 'recall': 0.0, 'f1': 0.0, 'auc': 0.7084}
train: {'epoch': 47, 'eta': 851340.0343, 'loss': 0.138, 'lr': 0.001, 'params': 782103, 'time_iter': 15.7472, 'accuracy': 0.9626, 'precision': 0.5, 'recall': 0.0357, 'f1': 0.0667, 'auc': 0.7507}
val: {'epoch': 48, 'loss': 0.1262, 'lr': 0.001, 'params': 782103, 'time_iter': 2.1089, 'accuracy': 0.9803, 'precision': 0.0, 'recall': 0.0, 'f1': 0.0, 'auc': 0.7111}
train: {'epoch': 48, 'eta': 834936.873, 'loss': 0.1377, 'lr': 0.001, 'params': 782103, 'time_iter': 15.8814, 'accuracy': 0.9624, 'precision': 0.4595, 'recall': 0.0276, 'f1': 0.0521, 'auc': 0.7528}
val: {'epoch': 49, 'loss': 0.1232, 'lr': 0.001, 'params': 782103, 'time_iter': 2.2581, 'accuracy': 0.9803, 'precision': 0.0, 'recall': 0.0, 'f1': 0.0, 'auc': 0.7107}
train: {'epoch': 49, 'eta': 818312.8435, 'loss': 0.1402, 'lr': 0.001, 'params': 782103, 'time_iter': 15.6643, 'accuracy': 0.9625, 'precision': 0.493, 'recall': 0.0284, 'f1': 0.0537, 'auc': 0.7357}
val: {'epoch': 50, 'loss': 0.1274, 'lr': 0.001, 'params': 782103, 'time_iter': 2.1381, 'accuracy': 0.9803, 'precision': 0.0, 'recall': 0.0, 'f1': 0.0, 'auc': 0.6932}
train: {'epoch': 50, 'eta': 801912.4369, 'loss': 0.1381, 'lr': 0.001, 'params': 782103, 'time_iter': 15.8705, 'accuracy': 0.9624, 'precision': 0.4674, 'recall': 0.0349, 'f1': 0.065, 'auc': 0.7488}
val: {'epoch': 51, 'loss': 0.1271, 'lr': 0.001, 'params': 782103, 'time_iter': 2.104, 'accuracy': 0.9803, 'precision': 0.0, 'recall': 0.0, 'f1': 0.0, 'auc': 0.7279}
train: {'epoch': 51, 'eta': 785925.9761, 'loss': 0.1374, 'lr': 0.001, 'params': 782103, 'time_iter': 16.3035, 'accuracy': 0.9627, 'precision': 0.5213, 'recall': 0.0398, 'f1': 0.0739, 'auc': 0.7527}
val: {'epoch': 52, 'loss': 0.1226, 'lr': 0.001, 'params': 782103, 'time_iter': 2.3367, 'accuracy': 0.9803, 'precision': 0.0, 'recall': 0.0, 'f1': 0.0, 'auc': 0.7377}
train: {'epoch': 52, 'eta': 769885.0901, 'loss': 0.136, 'lr': 0.001, 'params': 782103, 'time_iter': 16.2765, 'accuracy': 0.9627, 'precision': 0.5319, 'recall': 0.0406, 'f1': 0.0754, 'auc': 0.7615}
val: {'epoch': 53, 'loss': 0.1304, 'lr': 0.001, 'params': 782103, 'time_iter': 2.1651, 'accuracy': 0.9803, 'precision': 0.0, 'recall': 0.0, 'f1': 0.0, 'auc': 0.6851}
train: {'epoch': 53, 'eta': 753350.4174, 'loss': 0.1384, 'lr': 0.001, 'params': 782103, 'time_iter': 15.743, 'accuracy': 0.9625, 'precision': 0.4878, 'recall': 0.0325, 'f1': 0.0609, 'auc': 0.7491}
val: {'epoch': 54, 'loss': 0.1245, 'lr': 0.001, 'params': 782103, 'time_iter': 2.0935, 'accuracy': 0.9803, 'precision': 0.0, 'recall': 0.0, 'f1': 0.0, 'auc': 0.6798}
train: {'epoch': 54, 'eta': 736805.5229, 'loss': 0.1373, 'lr': 0.001, 'params': 782103, 'time_iter': 15.7164, 'accuracy': 0.9625, 'precision': 0.4946, 'recall': 0.0373, 'f1': 0.0694, 'auc': 0.7547}
val: {'epoch': 55, 'loss': 0.1284, 'lr': 0.001, 'params': 782103, 'time_iter': 2.4834, 'accuracy': 0.9803, 'precision': 0.0, 'recall': 0.0, 'f1': 0.0, 'auc': 0.691}
train: {'epoch': 55, 'eta': 720285.2447, 'loss': 0.1373, 'lr': 0.001, 'params': 782103, 'time_iter': 15.7304, 'accuracy': 0.9625, 'precision': 0.4831, 'recall': 0.0349, 'f1': 0.0651, 'auc': 0.753}
val: {'epoch': 56, 'loss': 0.1322, 'lr': 0.001, 'params': 782103, 'time_iter': 2.092, 'accuracy': 0.9803, 'precision': 0.0, 'recall': 0.0, 'f1': 0.0, 'auc': 0.6697}
train: {'epoch': 56, 'eta': 703961.6932, 'loss': 0.1366, 'lr': 0.001, 'params': 782103, 'time_iter': 15.9688, 'accuracy': 0.9625, 'precision': 0.4894, 'recall': 0.0373, 'f1': 0.0694, 'auc': 0.7553}
val: {'epoch': 57, 'loss': 0.1289, 'lr': 0.001, 'params': 782103, 'time_iter': 2.1443, 'accuracy': 0.9803, 'precision': 0.0, 'recall': 0.0, 'f1': 0.0, 'auc': 0.6759}
train: {'epoch': 57, 'eta': 687475.9673, 'loss': 0.1351, 'lr': 0.001, 'params': 782103, 'time_iter': 15.7561, 'accuracy': 0.9629, 'precision': 0.541, 'recall': 0.0536, 'f1': 0.0975, 'auc': 0.7581}
val: {'epoch': 58, 'loss': 0.1354, 'lr': 0.001, 'params': 782103, 'time_iter': 2.308, 'accuracy': 0.9803, 'precision': 0.0, 'recall': 0.0, 'f1': 0.0, 'auc': 0.6396}
train: {'epoch': 58, 'eta': 671003.1413, 'loss': 0.1366, 'lr': 0.001, 'params': 782103, 'time_iter': 15.7612, 'accuracy': 0.9624, 'precision': 0.4717, 'recall': 0.0406, 'f1': 0.0747, 'auc': 0.7553}
val: {'epoch': 59, 'loss': 0.1285, 'lr': 0.001, 'params': 782103, 'time_iter': 2.1534, 'accuracy': 0.9803, 'precision': 0.0, 'recall': 0.0, 'f1': 0.0, 'auc': 0.7233}
train: {'epoch': 59, 'eta': 654677.2123, 'loss': 0.1362, 'lr': 0.001, 'params': 782103, 'time_iter': 15.963, 'accuracy': 0.9629, 'precision': 0.552, 'recall': 0.056, 'f1': 0.1017, 'auc': 0.7571}
val: {'epoch': 60, 'loss': 0.1374, 'lr': 0.001, 'params': 782103, 'time_iter': 2.0793, 'accuracy': 0.9803, 'precision': 0.0, 'recall': 0.0, 'f1': 0.0, 'auc': 0.733}
train: {'epoch': 60, 'eta': 638052.3028, 'loss': 0.1354, 'lr': 0.001, 'params': 782103, 'time_iter': 15.5135, 'accuracy': 0.963, 'precision': 0.5769, 'recall': 0.0487, 'f1': 0.0898, 'auc': 0.7585}
val: {'epoch': 61, 'loss': 0.1269, 'lr': 0.001, 'params': 782103, 'time_iter': 2.377, 'accuracy': 0.9803, 'precision': 0.0, 'recall': 0.0, 'f1': 0.0, 'auc': 0.6929}
train: {'epoch': 61, 'eta': 621698.2515, 'loss': 0.1346, 'lr': 0.001, 'params': 782103, 'time_iter': 15.9092, 'accuracy': 0.9629, 'precision': 0.5528, 'recall': 0.0552, 'f1': 0.1004, 'auc': 0.7607}
val: {'epoch': 62, 'loss': 0.1293, 'lr': 0.001, 'params': 782103, 'time_iter': 2.1209, 'accuracy': 0.9803, 'precision': 0.0, 'recall': 0.0, 'f1': 0.0, 'auc': 0.6806}
train: {'epoch': 62, 'eta': 605444.4382, 'loss': 0.1343, 'lr': 0.001, 'params': 782103, 'time_iter': 16.0759, 'accuracy': 0.9633, 'precision': 0.5865, 'recall': 0.0633, 'f1': 0.1143, 'auc': 0.7621}
val: {'epoch': 63, 'loss': 0.1325, 'lr': 0.001, 'params': 782103, 'time_iter': 2.1564, 'accuracy': 0.9803, 'precision': 0.0, 'recall': 0.0, 'f1': 0.0, 'auc': 0.7147}
train: {'epoch': 63, 'eta': 589058.6266, 'loss': 0.1332, 'lr': 0.001, 'params': 782103, 'time_iter': 15.8634, 'accuracy': 0.9632, 'precision': 0.5778, 'recall': 0.0633, 'f1': 0.1141, 'auc': 0.7725}
val: {'epoch': 64, 'loss': 0.1329, 'lr': 0.001, 'params': 782103, 'time_iter': 2.4102, 'accuracy': 0.9803, 'precision': 0.0, 'recall': 0.0, 'f1': 0.0, 'auc': 0.7017}
train: {'epoch': 64, 'eta': 572555.4746, 'loss': 0.1339, 'lr': 0.001, 'params': 782103, 'time_iter': 15.6482, 'accuracy': 0.9633, 'precision': 0.5839, 'recall': 0.0706, 'f1': 0.126, 'auc': 0.7656}
val: {'epoch': 65, 'loss': 0.1402, 'lr': 0.001, 'params': 782103, 'time_iter': 2.1011, 'accuracy': 0.9803, 'precision': 0.0, 'recall': 0.0, 'f1': 0.0, 'auc': 0.6655}
train: {'epoch': 65, 'eta': 556055.6033, 'loss': 0.1334, 'lr': 0.001, 'params': 782103, 'time_iter': 15.6314, 'accuracy': 0.9633, 'precision': 0.5952, 'recall': 0.0609, 'f1': 0.1105, 'auc': 0.7659}
val: {'epoch': 66, 'loss': 0.1418, 'lr': 0.001, 'params': 782103, 'time_iter': 2.1638, 'accuracy': 0.9803, 'precision': 0.0, 'recall': 0.0, 'f1': 0.0, 'auc': 0.7048}
train: {'epoch': 66, 'eta': 539653.2393, 'loss': 0.1327, 'lr': 0.001, 'params': 782103, 'time_iter': 15.7994, 'accuracy': 0.9636, 'precision': 0.6181, 'recall': 0.0722, 'f1': 0.1294, 'auc': 0.771}
val: {'epoch': 67, 'loss': 0.1313, 'lr': 0.001, 'params': 782103, 'time_iter': 2.6302, 'accuracy': 0.9803, 'precision': 0.0, 'recall': 0.0, 'f1': 0.0, 'auc': 0.6749}
train: {'epoch': 67, 'eta': 523239.4041, 'loss': 0.1349, 'lr': 0.001, 'params': 782103, 'time_iter': 15.7669, 'accuracy': 0.9633, 'precision': 0.594, 'recall': 0.0641, 'f1': 0.1158, 'auc': 0.7596}
val: {'epoch': 68, 'loss': 0.1302, 'lr': 0.001, 'params': 782103, 'time_iter': 2.1317, 'accuracy': 0.9803, 'precision': 0.0, 'recall': 0.0, 'f1': 0.0, 'auc': 0.7235}
train: {'epoch': 68, 'eta': 506976.1643, 'loss': 0.135, 'lr': 0.001, 'params': 782103, 'time_iter': 16.0807, 'accuracy': 0.9629, 'precision': 0.5431, 'recall': 0.0511, 'f1': 0.0935, 'auc': 0.7632}
val: {'epoch': 69, 'loss': 0.139, 'lr': 0.001, 'params': 782103, 'time_iter': 2.184, 'accuracy': 0.9803, 'precision': 0.0, 'recall': 0.0, 'f1': 0.0, 'auc': 0.7135}
train: {'epoch': 69, 'eta': 490459.5758, 'loss': 0.1336, 'lr': 0.001, 'params': 782103, 'time_iter': 15.5246, 'accuracy': 0.9629, 'precision': 0.5407, 'recall': 0.0593, 'f1': 0.1068, 'auc': 0.7663}
val: {'epoch': 70, 'loss': 0.1456, 'lr': 0.001, 'params': 782103, 'time_iter': 2.305, 'accuracy': 0.9803, 'precision': 0.0, 'recall': 0.0, 'f1': 0.0, 'auc': 0.6759}
train: {'epoch': 70, 'eta': 474140.876, 'loss': 0.1337, 'lr': 0.001, 'params': 782103, 'time_iter': 15.9592, 'accuracy': 0.9631, 'precision': 0.5704, 'recall': 0.0625, 'f1': 0.1127, 'auc': 0.7628}
val: {'epoch': 71, 'loss': 0.1353, 'lr': 0.001, 'params': 782103, 'time_iter': 2.1301, 'accuracy': 0.9803, 'precision': 0.0, 'recall': 0.0, 'f1': 0.0, 'auc': 0.6849}
train: {'epoch': 71, 'eta': 457891.6677, 'loss': 0.1359, 'lr': 0.001, 'params': 782103, 'time_iter': 16.14, 'accuracy': 0.9636, 'precision': 0.6214, 'recall': 0.0706, 'f1': 0.1268, 'auc': 0.7574}
val: {'epoch': 72, 'loss': 0.1434, 'lr': 0.001, 'params': 782103, 'time_iter': 2.185, 'accuracy': 0.9803, 'precision': 0.0, 'recall': 0.0, 'f1': 0.0, 'auc': 0.7158}
train: {'epoch': 72, 'eta': 441456.5512, 'loss': 0.1335, 'lr': 0.001, 'params': 782103, 'time_iter': 15.6774, 'accuracy': 0.9635, 'precision': 0.6042, 'recall': 0.0706, 'f1': 0.1265, 'auc': 0.7643}
val: {'epoch': 73, 'loss': 0.1358, 'lr': 0.001, 'params': 782103, 'time_iter': 2.6482, 'accuracy': 0.9803, 'precision': 0.0, 'recall': 0.0, 'f1': 0.0, 'auc': 0.6848}
train: {'epoch': 73, 'eta': 425270.4755, 'loss': 0.1341, 'lr': 0.001, 'params': 782103, 'time_iter': 16.3435, 'accuracy': 0.964, 'precision': 0.65, 'recall': 0.0844, 'f1': 0.1494, 'auc': 0.7565}
val: {'epoch': 74, 'loss': 0.1385, 'lr': 0.001, 'params': 782103, 'time_iter': 2.1262, 'accuracy': 0.9803, 'precision': 0.0, 'recall': 0.0, 'f1': 0.0, 'auc': 0.6749}
train: {'epoch': 74, 'eta': 408960.6109, 'loss': 0.1328, 'lr': 0.001, 'params': 782103, 'time_iter': 16.0317, 'accuracy': 0.9636, 'precision': 0.6071, 'recall': 0.0828, 'f1': 0.1457, 'auc': 0.7676}
val: {'epoch': 75, 'loss': 0.1415, 'lr': 0.001, 'params': 782103, 'time_iter': 2.1882, 'accuracy': 0.9803, 'precision': 0.0, 'recall': 0.0, 'f1': 0.0, 'auc': 0.6961}
train: {'epoch': 75, 'eta': 392770.1462, 'loss': 0.1322, 'lr': 0.001, 'params': 782103, 'time_iter': 16.4143, 'accuracy': 0.9638, 'precision': 0.6358, 'recall': 0.0779, 'f1': 0.1388, 'auc': 0.7686}
val: {'epoch': 76, 'loss': 0.1389, 'lr': 0.001, 'params': 782103, 'time_iter': 2.6865, 'accuracy': 0.9803, 'precision': 0.0, 'recall': 0.0, 'f1': 0.0, 'auc': 0.6802}
train: {'epoch': 76, 'eta': 376445.305, 'loss': 0.1326, 'lr': 0.001, 'params': 782103, 'time_iter': 16.0362, 'accuracy': 0.9636, 'precision': 0.6101, 'recall': 0.0787, 'f1': 0.1395, 'auc': 0.7713}
val: {'epoch': 77, 'loss': 0.1424, 'lr': 0.001, 'params': 782103, 'time_iter': 2.0868, 'accuracy': 0.9803, 'precision': 0.0, 'recall': 0.0, 'f1': 0.0, 'auc': 0.6608}
train: {'epoch': 77, 'eta': 360344.7922, 'loss': 0.1315, 'lr': 0.001, 'params': 782103, 'time_iter': 16.8248, 'accuracy': 0.964, 'precision': 0.6333, 'recall': 0.0925, 'f1': 0.1615, 'auc': 0.7751}
val: {'epoch': 78, 'loss': 0.1398, 'lr': 0.001, 'params': 782103, 'time_iter': 2.2232, 'accuracy': 0.9803, 'precision': 0.0, 'recall': 0.0, 'f1': 0.0, 'auc': 0.6778}
train: {'epoch': 78, 'eta': 344020.2232, 'loss': 0.13, 'lr': 0.001, 'params': 782103, 'time_iter': 16.1178, 'accuracy': 0.9642, 'precision': 0.6467, 'recall': 0.0966, 'f1': 0.1681, 'auc': 0.7808}
val: {'epoch': 79, 'loss': 0.1492, 'lr': 0.001, 'params': 782103, 'time_iter': 2.0832, 'accuracy': 0.9803, 'precision': 0.0, 'recall': 0.0, 'f1': 0.0, 'auc': 0.6845}
train: {'epoch': 79, 'eta': 327671.0778, 'loss': 0.1301, 'lr': 0.001, 'params': 782103, 'time_iter': 16.0476, 'accuracy': 0.9641, 'precision': 0.6425, 'recall': 0.0933, 'f1': 0.163, 'auc': 0.7768}
val: {'epoch': 80, 'loss': 0.1419, 'lr': 0.001, 'params': 782103, 'time_iter': 2.1941, 'accuracy': 0.9803, 'precision': 0.0, 'recall': 0.0, 'f1': 0.0, 'auc': 0.6831}
train: {'epoch': 80, 'eta': 311308.1898, 'loss': 0.131, 'lr': 0.001, 'params': 782103, 'time_iter': 16.0074, 'accuracy': 0.9643, 'precision': 0.6611, 'recall': 0.0966, 'f1': 0.1686, 'auc': 0.7718}
val: {'epoch': 81, 'loss': 0.1358, 'lr': 0.001, 'params': 782103, 'time_iter': 2.2982, 'accuracy': 0.9803, 'precision': 0.0, 'recall': 0.0, 'f1': 0.0, 'auc': 0.6838}
train: {'epoch': 81, 'eta': 294994.6879, 'loss': 0.13, 'lr': 0.001, 'params': 782103, 'time_iter': 16.2378, 'accuracy': 0.9641, 'precision': 0.6276, 'recall': 0.0998, 'f1': 0.1723, 'auc': 0.778}
val: {'epoch': 82, 'loss': 0.1402, 'lr': 0.001, 'params': 782103, 'time_iter': 2.1173, 'accuracy': 0.9803, 'precision': 0.0, 'recall': 0.0, 'f1': 0.0, 'auc': 0.6803}
train: {'epoch': 82, 'eta': 278681.0319, 'loss': 0.1303, 'lr': 0.001, 'params': 782103, 'time_iter': 16.2823, 'accuracy': 0.9642, 'precision': 0.6382, 'recall': 0.1031, 'f1': 0.1775, 'auc': 0.7843}
val: {'epoch': 83, 'loss': 0.1347, 'lr': 0.001, 'params': 782103, 'time_iter': 2.1489, 'accuracy': 0.9803, 'precision': 0.0, 'recall': 0.0, 'f1': 0.0, 'auc': 0.6593}
train: {'epoch': 83, 'eta': 262339.3498, 'loss': 0.1284, 'lr': 0.001, 'params': 782103, 'time_iter': 16.1928, 'accuracy': 0.9643, 'precision': 0.6318, 'recall': 0.1128, 'f1': 0.1915, 'auc': 0.7894}
val: {'epoch': 84, 'loss': 0.143, 'lr': 0.001, 'params': 782103, 'time_iter': 2.3522, 'accuracy': 0.9803, 'precision': 0.0, 'recall': 0.0, 'f1': 0.0, 'auc': 0.6461}
train: {'epoch': 84, 'eta': 245956.9523, 'loss': 0.1286, 'lr': 0.001, 'params': 782103, 'time_iter': 16.0102, 'accuracy': 0.9646, 'precision': 0.6489, 'recall': 0.1185, 'f1': 0.2004, 'auc': 0.7837}
val: {'epoch': 85, 'loss': 0.1375, 'lr': 0.001, 'params': 782103, 'time_iter': 2.0822, 'accuracy': 0.9803, 'precision': 0.0, 'recall': 0.0, 'f1': 0.0, 'auc': 0.6305}
train: {'epoch': 85, 'eta': 229643.9923, 'loss': 0.13, 'lr': 0.001, 'params': 782103, 'time_iter': 16.4375, 'accuracy': 0.9645, 'precision': 0.6555, 'recall': 0.1112, 'f1': 0.1901, 'auc': 0.7754}
val: {'epoch': 86, 'loss': 0.1396, 'lr': 0.001, 'params': 782103, 'time_iter': 2.0736, 'accuracy': 0.9803, 'precision': 0.0, 'recall': 0.0, 'f1': 0.0, 'auc': 0.6652}
train: {'epoch': 86, 'eta': 213264.9295, 'loss': 0.1281, 'lr': 0.001, 'params': 782103, 'time_iter': 16.0975, 'accuracy': 0.9647, 'precision': 0.6575, 'recall': 0.1169, 'f1': 0.1985, 'auc': 0.7862}
val: {'epoch': 87, 'loss': 0.1445, 'lr': 0.001, 'params': 782103, 'time_iter': 2.3917, 'accuracy': 0.9803, 'precision': 0.0, 'recall': 0.0, 'f1': 0.0, 'auc': 0.6631}
train: {'epoch': 87, 'eta': 196852.1648, 'loss': 0.1296, 'lr': 0.001, 'params': 782103, 'time_iter': 15.8873, 'accuracy': 0.9644, 'precision': 0.6502, 'recall': 0.1071, 'f1': 0.184, 'auc': 0.7863}
val: {'epoch': 88, 'loss': 0.1372, 'lr': 0.001, 'params': 782103, 'time_iter': 2.0973, 'accuracy': 0.9803, 'precision': 0.0, 'recall': 0.0, 'f1': 0.0, 'auc': 0.685}
train: {'epoch': 88, 'eta': 180450.1263, 'loss': 0.1309, 'lr': 0.001, 'params': 782103, 'time_iter': 15.9602, 'accuracy': 0.964, 'precision': 0.6223, 'recall': 0.095, 'f1': 0.1648, 'auc': 0.779}
val: {'epoch': 89, 'loss': 0.1378, 'lr': 0.001, 'params': 782103, 'time_iter': 2.1488, 'accuracy': 0.9803, 'precision': 0.0, 'recall': 0.0, 'f1': 0.0, 'auc': 0.6664}
train: {'epoch': 89, 'eta': 164065.5202, 'loss': 0.1277, 'lr': 0.001, 'params': 782103, 'time_iter': 16.1167, 'accuracy': 0.9646, 'precision': 0.641, 'recall': 0.1218, 'f1': 0.2046, 'auc': 0.7905}
val: {'epoch': 90, 'loss': 0.1368, 'lr': 0.001, 'params': 782103, 'time_iter': 2.3219, 'accuracy': 0.9803, 'precision': 0.0, 'recall': 0.0, 'f1': 0.0, 'auc': 0.6659}
train: {'epoch': 90, 'eta': 147667.1724, 'loss': 0.1278, 'lr': 0.001, 'params': 782103, 'time_iter': 16.0248, 'accuracy': 0.9648, 'precision': 0.6622, 'recall': 0.1209, 'f1': 0.2045, 'auc': 0.785}
val: {'epoch': 91, 'loss': 0.1429, 'lr': 0.001, 'params': 782103, 'time_iter': 2.0847, 'accuracy': 0.9803, 'precision': 0.0, 'recall': 0.0, 'f1': 0.0, 'auc': 0.6636}
train: {'epoch': 91, 'eta': 131274.0949, 'loss': 0.1266, 'lr': 0.001, 'params': 782103, 'time_iter': 16.1058, 'accuracy': 0.9651, 'precision': 0.6781, 'recall': 0.1282, 'f1': 0.2157, 'auc': 0.7947}
val: {'epoch': 92, 'loss': 0.1462, 'lr': 0.001, 'params': 782103, 'time_iter': 2.1503, 'accuracy': 0.9803, 'precision': 0.0, 'recall': 0.0, 'f1': 0.0, 'auc': 0.6619}
train: {'epoch': 92, 'eta': 114871.8177, 'loss': 0.1276, 'lr': 0.001, 'params': 782103, 'time_iter': 16.037, 'accuracy': 0.9647, 'precision': 0.6511, 'recall': 0.1242, 'f1': 0.2086, 'auc': 0.7857}
val: {'epoch': 93, 'loss': 0.1464, 'lr': 0.001, 'params': 782103, 'time_iter': 2.3147, 'accuracy': 0.9803, 'precision': 0.0, 'recall': 0.0, 'f1': 0.0, 'auc': 0.6548}
train: {'epoch': 93, 'eta': 98444.7732, 'loss': 0.1261, 'lr': 0.001, 'params': 782103, 'time_iter': 15.6922, 'accuracy': 0.9645, 'precision': 0.6316, 'recall': 0.1266, 'f1': 0.211, 'auc': 0.794}
val: {'epoch': 94, 'loss': 0.144, 'lr': 0.001, 'params': 782103, 'time_iter': 2.1363, 'accuracy': 0.9803, 'precision': 0.0, 'recall': 0.0, 'f1': 0.0, 'auc': 0.642}
train: {'epoch': 94, 'eta': 82050.3418, 'loss': 0.126, 'lr': 0.001, 'params': 782103, 'time_iter': 16.1857, 'accuracy': 0.9644, 'precision': 0.6169, 'recall': 0.1307, 'f1': 0.2157, 'auc': 0.7944}
val: {'epoch': 95, 'loss': 0.1465, 'lr': 0.001, 'params': 782103, 'time_iter': 2.1032, 'accuracy': 0.9803, 'precision': 0.0, 'recall': 0.0, 'f1': 0.0, 'auc': 0.6479}
train: {'epoch': 95, 'eta': 65626.9572, 'loss': 0.1255, 'lr': 0.001, 'params': 782103, 'time_iter': 15.637, 'accuracy': 0.9651, 'precision': 0.6667, 'recall': 0.1364, 'f1': 0.2264, 'auc': 0.7955}
val: {'epoch': 96, 'loss': 0.1479, 'lr': 0.001, 'params': 782103, 'time_iter': 2.4032, 'accuracy': 0.9803, 'precision': 0.0, 'recall': 0.0, 'f1': 0.0, 'auc': 0.6933}
train: {'epoch': 96, 'eta': 49212.8634, 'loss': 0.1255, 'lr': 0.001, 'params': 782103, 'time_iter': 15.7133, 'accuracy': 0.9649, 'precision': 0.6523, 'recall': 0.1356, 'f1': 0.2245, 'auc': 0.7957}
val: {'epoch': 97, 'loss': 0.142, 'lr': 0.001, 'params': 782103, 'time_iter': 2.0591, 'accuracy': 0.9803, 'precision': 0.0, 'recall': 0.0, 'f1': 0.0, 'auc': 0.6576}
train: {'epoch': 97, 'eta': 32804.7348, 'loss': 0.126, 'lr': 0.001, 'params': 782103, 'time_iter': 15.7591, 'accuracy': 0.9651, 'precision': 0.6824, 'recall': 0.1291, 'f1': 0.2171, 'auc': 0.7934}
val: {'epoch': 98, 'loss': 0.147, 'lr': 0.001, 'params': 782103, 'time_iter': 2.0867, 'accuracy': 0.9803, 'precision': 0.0, 'recall': 0.0, 'f1': 0.0, 'auc': 0.6514}
train: {'epoch': 98, 'eta': 16399.0338, 'loss': 0.1248, 'lr': 0.001, 'params': 782103, 'time_iter': 15.6194, 'accuracy': 0.9656, 'precision': 0.6911, 'recall': 0.1453, 'f1': 0.2401, 'auc': 0.7994}
val: {'epoch': 99, 'loss': 0.1506, 'lr': 0.001, 'params': 782103, 'time_iter': 2.4294, 'accuracy': 0.9803, 'precision': 0.0, 'recall': 0.0, 'f1': 0.0, 'auc': 0.6718}
train: {'epoch': 99, 'eta': 0.0, 'loss': 0.126, 'lr': 0.001, 'params': 782103, 'time_iter': 16.0208, 'accuracy': 0.9656, 'precision': 0.7033, 'recall': 0.1404, 'f1': 0.2341, 'auc': 0.7969}
test: {'epoch': 99, 'loss': 0.246, 'lr': 0.001, 'params': 782103, 'time_iter': 2.5987, 'accuracy': 0.9684, 'precision': 0.0, 'recall': 0.0, 'f1': 0.0, 'auc': 0.6476}
test: {'epoch': 5, 'loss': 0.1581, 'lr': 0.001, 'params': 782103, 'time_iter': 1.8763, 'accuracy': 0.9684, 'precision': 0.0, 'recall': 0.0, 'f1': 0.0, 'auc': 0.698}
