GraphGymModule(
  (model): DilatedGNNModel(
    (encoder): FeatureEncoder(
      (node_encoder): AtomEncoder(
        (atom_embedding_list): ModuleList(
          (0): Embedding(119, 300)
          (1): Embedding(4, 300)
          (2): Embedding(12, 300)
          (3): Embedding(12, 300)
          (4): Embedding(10, 300)
          (5): Embedding(6, 300)
          (6): Embedding(6, 300)
          (7): Embedding(2, 300)
          (8): Embedding(2, 300)
        )
      )
      (edge_encoder): BondEncoder(
        (bond_embedding_list): ModuleList(
          (0): Embedding(5, 300)
          (1): Embedding(6, 300)
          (2): Embedding(2, 300)
        )
      )
    )
    (mp): GNNDilatedEdgesFeatureStage(
      (classic_layers): ModuleList(
        (0): GeneralLayer(
          (layer): EGINConv(
            (model): GINEConv(nn=Sequential(
              (0): Linear(300, 300, bias=True)
              (1): ReLU()
              (2): Linear(300, 300, bias=True)
            ))
          )
          (post_layer): Sequential(
            (0): BatchNorm1d(300, eps=1e-05, momentum=0.1, affine=True, track_running_stats=True)
            (1): Dropout(p=0.5, inplace=False)
            (2): ReLU()
          )
        )
      )
      (dilated_layers): ModuleList(
        (0): DilatedGeneralLayer(
          (layer): EGINConv(
            (model): GINEConv(nn=Sequential(
              (0): Linear(300, 300, bias=True)
              (1): ReLU()
              (2): Linear(300, 300, bias=True)
            ))
          )
          (post_layer): Sequential(
            (0): BatchNorm1d(300, eps=1e-05, momentum=0.1, affine=True, track_running_stats=True)
            (1): Dropout(p=0.5, inplace=False)
            (2): ReLU()
          )
          (gem): GeM(p=3.0000, eps=1e-06)
        )
        (1): DilatedGeneralLayer(
          (layer): EGINConv(
            (model): GINEConv(nn=Sequential(
              (0): Linear(300, 300, bias=True)
              (1): ReLU()
              (2): Linear(300, 300, bias=True)
            ))
          )
          (post_layer): Sequential(
            (0): BatchNorm1d(300, eps=1e-05, momentum=0.1, affine=True, track_running_stats=True)
            (1): Dropout(p=0.5, inplace=False)
            (2): ReLU()
          )
          (gem): GeM(p=3.0000, eps=1e-06)
        )
      )
      (act): ReLU()
    )
    (post_mp): GNNGraphHead(
      (layer_post_mp): MLP(
        (model): Sequential(
          (0): Linear(
            (model): Linear(600, 1, bias=True)
          )
        )
      )
    )
  )
)
accelerator: cuda
benchmark: False
bn:
  eps: 1e-05
  mom: 0.1
cfg_dest: config.yaml
custom_metrics: []
dataset:
  cache_load: False
  cache_save: False
  dir: ./datasets
  edge_dim: 300
  edge_encoder: True
  edge_encoder_bn: False
  edge_encoder_name: Bond
  edge_message_ratio: 0.8
  edge_negative_sampling_ratio: 1.0
  edge_train_mode: all
  encoder: True
  encoder_bn: True
  encoder_dim: 128
  encoder_name: db
  fast_loader: False
  format: OGB
  label_column: none
  label_table: none
  location: local
  name: ogbg-molhiv
  node_encoder: True
  node_encoder_bn: False
  node_encoder_name: Atom
  remove_feature: False
  resample_disjoint: False
  resample_negative: False
  shuffle_split: True
  split: [0.8, 0.1, 0.1]
  split_mode: random
  task: graph
  task_type: classification
  to_undirected: False
  transductive: False
  transform: none
  tu_simple: True
devices: 1
gnn:
  act: relu
  act_on_last_layer_mp: False
  agg: none
  att_final_linear: False
  att_final_linear_bn: False
  att_heads: 1
  batchnorm: True
  clear_feature: True
  dim_inner: 300
  dropout: 0.5
  head: graph
  keep_edge: 0.5
  l2norm: True
  layer_type: eginconv
  layers_k1: 1
  layers_k2: 2
  layers_mp: 5
  layers_post_mp: 1
  layers_pre_mp: 0
  msg_direction: single
  normalize_adj: False
  self_msg: concat
  skip_every: 1
  stage_type: dilated_stage
  use_edge_features: True
gpu_mem: False
mem:
  inplace: False
metric_agg: argmax
metric_best: auc
model:
  edge_decoding: dot
  graph_pooling: mean
  loss_fun: cross_entropy
  match_upper: True
  size_average: mean
  thresh: 0.5
  type: dilated_gnn
num_threads: 6
num_workers: 16
optim:
  base_lr: 0.001
  lr_decay: 0.1
  max_epoch: 100
  momentum: 0.9
  optimizer: adam
  scheduler: none
  steps: [30, 60, 90]
  weight_decay: 0.0
out_dir: results_experiments/ogbg_molhiv_baseline_grid_comparison/ogbg_molhiv_baseline-type=dilated_gnn-stage_type=dilated_stage-layer_type=eginconv-layers_k1=1-layers_k2=2-act_on_last_layer_mp=False
params: 870905
print: both
round: 4
run_dir: results_experiments/ogbg_molhiv_baseline_grid_comparison/ogbg_molhiv_baseline-type=dilated_gnn-stage_type=dilated_stage-layer_type=eginconv-layers_k1=1-layers_k2=2-act_on_last_layer_mp=False/3
seed: 4
share:
  dim_in: 9
  dim_out: 2
  num_splits: 3
tensorboard_agg: True
tensorboard_each_run: False
train:
  auto_resume: False
  batch_size: 32
  ckpt_clean: True
  ckpt_period: 100
  enable_ckpt: True
  epoch_resume: -1
  eval_period: 1
  iter_per_epoch: 32
  neighbor_sizes: [20, 15, 10, 5]
  node_per_graph: 32
  radius: extend
  sample_node: False
  sampler: full_batch
  skip_train_eval: False
  walk_length: 4
val:
  node_per_graph: 32
  radius: extend
  sample_node: False
  sampler: full_batch
view_emb: False
Num parameters: 870905
val: {'epoch': 0, 'loss': 0.6768, 'lr': 0.001, 'params': 870905, 'time_iter': 1.0451, 'accuracy': 0.9844, 'precision': 0.0, 'recall': 0.0, 'f1': 0.0, 'auc': 0.3333}
val: {'epoch': 0, 'loss': 0.0992, 'lr': 0.001, 'params': 870905, 'time_iter': 2.2818, 'accuracy': 0.9803, 'precision': 0.0, 'recall': 0.0, 'f1': 0.0, 'auc': 0.57}
train: {'epoch': 0, 'eta': 1398615.2065, 'loss': 0.1839, 'lr': 0.001, 'params': 870905, 'time_iter': 13.7293, 'accuracy': 0.9625, 'precision': 0.0, 'recall': 0.0, 'f1': 0.0, 'auc': 0.5701}
val: {'epoch': 1, 'loss': 0.0885, 'lr': 0.001, 'params': 870905, 'time_iter': 2.2272, 'accuracy': 0.9803, 'precision': 0.0, 'recall': 0.0, 'f1': 0.0, 'auc': 0.7243}
train: {'epoch': 1, 'eta': 1357638.4627, 'loss': 0.1518, 'lr': 0.001, 'params': 870905, 'time_iter': 13.1968, 'accuracy': 0.9626, 'precision': 0.0, 'recall': 0.0, 'f1': 0.0, 'auc': 0.6817}
val: {'epoch': 2, 'loss': 0.0837, 'lr': 0.001, 'params': 870905, 'time_iter': 2.5753, 'accuracy': 0.9803, 'precision': 0.0, 'recall': 0.0, 'f1': 0.0, 'auc': 0.754}
train: {'epoch': 2, 'eta': 1346552.2022, 'loss': 0.1475, 'lr': 0.001, 'params': 870905, 'time_iter': 13.5462, 'accuracy': 0.9626, 'precision': 0.0, 'recall': 0.0, 'f1': 0.0, 'auc': 0.7081}
val: {'epoch': 3, 'loss': 0.0914, 'lr': 0.001, 'params': 870905, 'time_iter': 2.3669, 'accuracy': 0.9803, 'precision': 0.0, 'recall': 0.0, 'f1': 0.0, 'auc': 0.7465}
train: {'epoch': 3, 'eta': 1340034.2582, 'loss': 0.1434, 'lr': 0.001, 'params': 870905, 'time_iter': 13.7889, 'accuracy': 0.9626, 'precision': 0.0, 'recall': 0.0, 'f1': 0.0, 'auc': 0.7382}
val: {'epoch': 4, 'loss': 0.0833, 'lr': 0.001, 'params': 870905, 'time_iter': 2.3629, 'accuracy': 0.9803, 'precision': 0.0, 'recall': 0.0, 'f1': 0.0, 'auc': 0.7656}
train: {'epoch': 4, 'eta': 1327478.7704, 'loss': 0.1403, 'lr': 0.001, 'params': 870905, 'time_iter': 13.6371, 'accuracy': 0.9626, 'precision': 1.0, 'recall': 0.0008, 'f1': 0.0016, 'auc': 0.7456}
val: {'epoch': 5, 'loss': 0.0805, 'lr': 0.001, 'params': 870905, 'time_iter': 2.1847, 'accuracy': 0.9805, 'precision': 1.0, 'recall': 0.0123, 'f1': 0.0244, 'auc': 0.7902}
train: {'epoch': 5, 'eta': 1318936.1393, 'loss': 0.1374, 'lr': 0.001, 'params': 870905, 'time_iter': 13.9165, 'accuracy': 0.9626, 'precision': 1.0, 'recall': 0.0008, 'f1': 0.0016, 'auc': 0.7629}
val: {'epoch': 6, 'loss': 0.0795, 'lr': 0.001, 'params': 870905, 'time_iter': 2.292, 'accuracy': 0.9815, 'precision': 1.0, 'recall': 0.0617, 'f1': 0.1163, 'auc': 0.7925}
train: {'epoch': 6, 'eta': 1307126.7719, 'loss': 0.1352, 'lr': 0.001, 'params': 870905, 'time_iter': 13.7983, 'accuracy': 0.9626, 'precision': 0.5, 'recall': 0.0016, 'f1': 0.0032, 'auc': 0.7673}
val: {'epoch': 7, 'loss': 0.0763, 'lr': 0.001, 'params': 870905, 'time_iter': 3.0636, 'accuracy': 0.9818, 'precision': 0.75, 'recall': 0.1111, 'f1': 0.1935, 'auc': 0.794}
train: {'epoch': 7, 'eta': 1298449.9821, 'loss': 0.1333, 'lr': 0.001, 'params': 870905, 'time_iter': 14.1135, 'accuracy': 0.9627, 'precision': 0.6154, 'recall': 0.013, 'f1': 0.0254, 'auc': 0.7761}
val: {'epoch': 8, 'loss': 0.0833, 'lr': 0.001, 'params': 870905, 'time_iter': 2.3326, 'accuracy': 0.981, 'precision': 0.5882, 'recall': 0.1235, 'f1': 0.2041, 'auc': 0.7746}
train: {'epoch': 8, 'eta': 1288812.4588, 'loss': 0.1318, 'lr': 0.001, 'params': 870905, 'time_iter': 14.146, 'accuracy': 0.9629, 'precision': 0.6512, 'recall': 0.0227, 'f1': 0.0439, 'auc': 0.782}
val: {'epoch': 9, 'loss': 0.0804, 'lr': 0.001, 'params': 870905, 'time_iter': 2.528, 'accuracy': 0.9805, 'precision': 0.5217, 'recall': 0.1481, 'f1': 0.2308, 'auc': 0.8069}
train: {'epoch': 9, 'eta': 1274481.9616, 'loss': 0.1294, 'lr': 0.001, 'params': 870905, 'time_iter': 13.7455, 'accuracy': 0.963, 'precision': 0.5843, 'recall': 0.0422, 'f1': 0.0787, 'auc': 0.7925}
val: {'epoch': 10, 'loss': 0.0769, 'lr': 0.001, 'params': 870905, 'time_iter': 2.3387, 'accuracy': 0.9813, 'precision': 0.75, 'recall': 0.0741, 'f1': 0.1348, 'auc': 0.8026}
train: {'epoch': 10, 'eta': 1263214.4563, 'loss': 0.1282, 'lr': 0.001, 'params': 870905, 'time_iter': 14.1094, 'accuracy': 0.9632, 'precision': 0.5946, 'recall': 0.0536, 'f1': 0.0983, 'auc': 0.7939}
val: {'epoch': 11, 'loss': 0.0779, 'lr': 0.001, 'params': 870905, 'time_iter': 2.4285, 'accuracy': 0.9805, 'precision': 0.5385, 'recall': 0.0864, 'f1': 0.1489, 'auc': 0.7827}
train: {'epoch': 11, 'eta': 1247842.406, 'loss': 0.1266, 'lr': 0.001, 'params': 870905, 'time_iter': 13.6372, 'accuracy': 0.9633, 'precision': 0.6048, 'recall': 0.0609, 'f1': 0.1106, 'auc': 0.798}
val: {'epoch': 12, 'loss': 0.0883, 'lr': 0.001, 'params': 870905, 'time_iter': 2.5673, 'accuracy': 0.9813, 'precision': 0.5625, 'recall': 0.2222, 'f1': 0.3186, 'auc': 0.773}
train: {'epoch': 12, 'eta': 1234612.1843, 'loss': 0.1267, 'lr': 0.001, 'params': 870905, 'time_iter': 13.9183, 'accuracy': 0.9639, 'precision': 0.6443, 'recall': 0.0779, 'f1': 0.139, 'auc': 0.8016}
val: {'epoch': 13, 'loss': 0.0806, 'lr': 0.001, 'params': 870905, 'time_iter': 2.2316, 'accuracy': 0.9813, 'precision': 0.5476, 'recall': 0.284, 'f1': 0.374, 'auc': 0.7923}
train: {'epoch': 13, 'eta': 1220467.8772, 'loss': 0.1236, 'lr': 0.001, 'params': 870905, 'time_iter': 13.7984, 'accuracy': 0.9645, 'precision': 0.6649, 'recall': 0.1031, 'f1': 0.1785, 'auc': 0.8096}
val: {'epoch': 14, 'loss': 0.0797, 'lr': 0.001, 'params': 870905, 'time_iter': 2.6053, 'accuracy': 0.9815, 'precision': 0.5926, 'recall': 0.1975, 'f1': 0.2963, 'auc': 0.7736}
train: {'epoch': 14, 'eta': 1203935.3764, 'loss': 0.1241, 'lr': 0.001, 'params': 870905, 'time_iter': 13.3901, 'accuracy': 0.9642, 'precision': 0.6267, 'recall': 0.1104, 'f1': 0.1877, 'auc': 0.8064}
val: {'epoch': 15, 'loss': 0.0756, 'lr': 0.001, 'params': 870905, 'time_iter': 2.2207, 'accuracy': 0.9823, 'precision': 0.6333, 'recall': 0.2346, 'f1': 0.3423, 'auc': 0.7978}
train: {'epoch': 15, 'eta': 1190150.4741, 'loss': 0.1223, 'lr': 0.001, 'params': 870905, 'time_iter': 13.8349, 'accuracy': 0.9645, 'precision': 0.6212, 'recall': 0.1331, 'f1': 0.2193, 'auc': 0.8105}
val: {'epoch': 16, 'loss': 0.0747, 'lr': 0.001, 'params': 870905, 'time_iter': 2.3876, 'accuracy': 0.9808, 'precision': 0.5294, 'recall': 0.2222, 'f1': 0.313, 'auc': 0.8171}
train: {'epoch': 16, 'eta': 1175039.2333, 'loss': 0.1204, 'lr': 0.001, 'params': 870905, 'time_iter': 13.5815, 'accuracy': 0.9651, 'precision': 0.6693, 'recall': 0.1364, 'f1': 0.2266, 'auc': 0.816}
val: {'epoch': 17, 'loss': 0.075, 'lr': 0.001, 'params': 870905, 'time_iter': 2.8518, 'accuracy': 0.9818, 'precision': 0.5882, 'recall': 0.2469, 'f1': 0.3478, 'auc': 0.8094}
train: {'epoch': 17, 'eta': 1159950.7063, 'loss': 0.1194, 'lr': 0.001, 'params': 870905, 'time_iter': 13.5594, 'accuracy': 0.9659, 'precision': 0.6975, 'recall': 0.1591, 'f1': 0.2591, 'auc': 0.8154}
val: {'epoch': 18, 'loss': 0.0756, 'lr': 0.001, 'params': 870905, 'time_iter': 2.3993, 'accuracy': 0.983, 'precision': 0.72, 'recall': 0.2222, 'f1': 0.3396, 'auc': 0.7976}
train: {'epoch': 18, 'eta': 1144967.278, 'loss': 0.1201, 'lr': 0.001, 'params': 870905, 'time_iter': 13.5561, 'accuracy': 0.9652, 'precision': 0.6475, 'recall': 0.155, 'f1': 0.2502, 'auc': 0.8189}
val: {'epoch': 19, 'loss': 0.0754, 'lr': 0.001, 'params': 870905, 'time_iter': 2.6159, 'accuracy': 0.9823, 'precision': 0.7, 'recall': 0.1728, 'f1': 0.2772, 'auc': 0.7895}
train: {'epoch': 19, 'eta': 1129825.863, 'loss': 0.1177, 'lr': 0.001, 'params': 870905, 'time_iter': 13.4926, 'accuracy': 0.9659, 'precision': 0.674, 'recall': 0.1745, 'f1': 0.2772, 'auc': 0.8259}
val: {'epoch': 20, 'loss': 0.0767, 'lr': 0.001, 'params': 870905, 'time_iter': 2.311, 'accuracy': 0.982, 'precision': 0.7059, 'recall': 0.1481, 'f1': 0.2449, 'auc': 0.7912}
train: {'epoch': 20, 'eta': 1115158.9039, 'loss': 0.1176, 'lr': 0.001, 'params': 870905, 'time_iter': 13.5842, 'accuracy': 0.9659, 'precision': 0.6627, 'recall': 0.1818, 'f1': 0.2854, 'auc': 0.8286}
val: {'epoch': 21, 'loss': 0.0768, 'lr': 0.001, 'params': 870905, 'time_iter': 2.3013, 'accuracy': 0.9818, 'precision': 0.65, 'recall': 0.1605, 'f1': 0.2574, 'auc': 0.7692}
train: {'epoch': 21, 'eta': 1100592.3551, 'loss': 0.1164, 'lr': 0.001, 'params': 870905, 'time_iter': 13.5946, 'accuracy': 0.9661, 'precision': 0.6686, 'recall': 0.1867, 'f1': 0.2919, 'auc': 0.8305}
val: {'epoch': 22, 'loss': 0.075, 'lr': 0.001, 'params': 870905, 'time_iter': 2.7644, 'accuracy': 0.9827, 'precision': 0.8125, 'recall': 0.1605, 'f1': 0.268, 'auc': 0.7739}
train: {'epoch': 22, 'eta': 1086865.6072, 'loss': 0.1151, 'lr': 0.001, 'params': 870905, 'time_iter': 13.8238, 'accuracy': 0.9664, 'precision': 0.6801, 'recall': 0.1916, 'f1': 0.2989, 'auc': 0.8357}
val: {'epoch': 23, 'loss': 0.0745, 'lr': 0.001, 'params': 870905, 'time_iter': 2.2672, 'accuracy': 0.9818, 'precision': 0.6071, 'recall': 0.2099, 'f1': 0.3119, 'auc': 0.8122}
train: {'epoch': 23, 'eta': 1074646.4656, 'loss': 0.1143, 'lr': 0.001, 'params': 870905, 'time_iter': 14.2992, 'accuracy': 0.9672, 'precision': 0.6979, 'recall': 0.2175, 'f1': 0.3317, 'auc': 0.8369}
val: {'epoch': 24, 'loss': 0.0761, 'lr': 0.001, 'params': 870905, 'time_iter': 2.4449, 'accuracy': 0.9823, 'precision': 0.6176, 'recall': 0.2593, 'f1': 0.3652, 'auc': 0.8101}
train: {'epoch': 24, 'eta': 1061717.2704, 'loss': 0.1135, 'lr': 0.001, 'params': 870905, 'time_iter': 14.1338, 'accuracy': 0.9664, 'precision': 0.6693, 'recall': 0.2037, 'f1': 0.3124, 'auc': 0.8425}
val: {'epoch': 25, 'loss': 0.0794, 'lr': 0.001, 'params': 870905, 'time_iter': 2.2743, 'accuracy': 0.9818, 'precision': 0.6875, 'recall': 0.1358, 'f1': 0.2268, 'auc': 0.793}
train: {'epoch': 25, 'eta': 1048655.2194, 'loss': 0.1136, 'lr': 0.001, 'params': 870905, 'time_iter': 14.1309, 'accuracy': 0.9674, 'precision': 0.7113, 'recall': 0.22, 'f1': 0.336, 'auc': 0.8394}
val: {'epoch': 26, 'loss': 0.076, 'lr': 0.001, 'params': 870905, 'time_iter': 2.476, 'accuracy': 0.983, 'precision': 0.7391, 'recall': 0.2099, 'f1': 0.3269, 'auc': 0.785}
train: {'epoch': 26, 'eta': 1035056.5589, 'loss': 0.1128, 'lr': 0.001, 'params': 870905, 'time_iter': 13.9774, 'accuracy': 0.9665, 'precision': 0.6693, 'recall': 0.2102, 'f1': 0.32, 'auc': 0.8454}
val: {'epoch': 27, 'loss': 0.0727, 'lr': 0.001, 'params': 870905, 'time_iter': 2.3468, 'accuracy': 0.981, 'precision': 0.5652, 'recall': 0.1605, 'f1': 0.25, 'auc': 0.8075}
train: {'epoch': 27, 'eta': 1021029.302, 'loss': 0.1105, 'lr': 0.001, 'params': 870905, 'time_iter': 13.8366, 'accuracy': 0.968, 'precision': 0.7228, 'recall': 0.237, 'f1': 0.357, 'auc': 0.8498}
val: {'epoch': 28, 'loss': 0.0819, 'lr': 0.001, 'params': 870905, 'time_iter': 2.2877, 'accuracy': 0.9832, 'precision': 0.8, 'recall': 0.1975, 'f1': 0.3168, 'auc': 0.7816}
train: {'epoch': 28, 'eta': 1006686.9677, 'loss': 0.1097, 'lr': 0.001, 'params': 870905, 'time_iter': 13.7172, 'accuracy': 0.9685, 'precision': 0.7321, 'recall': 0.2484, 'f1': 0.3709, 'auc': 0.8479}
val: {'epoch': 29, 'loss': 0.0767, 'lr': 0.001, 'params': 870905, 'time_iter': 2.5066, 'accuracy': 0.9825, 'precision': 0.6452, 'recall': 0.2469, 'f1': 0.3571, 'auc': 0.7814}
train: {'epoch': 29, 'eta': 992693.4217, 'loss': 0.1087, 'lr': 0.001, 'params': 870905, 'time_iter': 13.8562, 'accuracy': 0.9689, 'precision': 0.7344, 'recall': 0.267, 'f1': 0.3917, 'auc': 0.8512}
val: {'epoch': 30, 'loss': 0.075, 'lr': 0.001, 'params': 870905, 'time_iter': 2.2775, 'accuracy': 0.9827, 'precision': 0.75, 'recall': 0.1852, 'f1': 0.297, 'auc': 0.8}
train: {'epoch': 30, 'eta': 979841.0494, 'loss': 0.1091, 'lr': 0.001, 'params': 870905, 'time_iter': 14.3619, 'accuracy': 0.9676, 'precision': 0.6902, 'recall': 0.2459, 'f1': 0.3627, 'auc': 0.8554}
val: {'epoch': 31, 'loss': 0.0741, 'lr': 0.001, 'params': 870905, 'time_iter': 2.4007, 'accuracy': 0.9825, 'precision': 0.6552, 'recall': 0.2346, 'f1': 0.3455, 'auc': 0.7989}
train: {'epoch': 31, 'eta': 965760.8806, 'loss': 0.1091, 'lr': 0.001, 'params': 870905, 'time_iter': 13.8555, 'accuracy': 0.9691, 'precision': 0.746, 'recall': 0.2646, 'f1': 0.3907, 'auc': 0.8512}
val: {'epoch': 32, 'loss': 0.076, 'lr': 0.001, 'params': 870905, 'time_iter': 2.2381, 'accuracy': 0.9825, 'precision': 0.68, 'recall': 0.2099, 'f1': 0.3208, 'auc': 0.7935}
train: {'epoch': 32, 'eta': 951580.3804, 'loss': 0.1073, 'lr': 0.001, 'params': 870905, 'time_iter': 13.8126, 'accuracy': 0.9693, 'precision': 0.7397, 'recall': 0.2768, 'f1': 0.4028, 'auc': 0.8575}
val: {'epoch': 33, 'loss': 0.0684, 'lr': 0.001, 'params': 870905, 'time_iter': 2.2448, 'accuracy': 0.9837, 'precision': 0.7333, 'recall': 0.2716, 'f1': 0.3964, 'auc': 0.819}
train: {'epoch': 33, 'eta': 937159.0536, 'loss': 0.1077, 'lr': 0.001, 'params': 870905, 'time_iter': 13.693, 'accuracy': 0.9686, 'precision': 0.7177, 'recall': 0.2662, 'f1': 0.3884, 'auc': 0.8572}
val: {'epoch': 34, 'loss': 0.0785, 'lr': 0.001, 'params': 870905, 'time_iter': 2.5461, 'accuracy': 0.983, 'precision': 0.6486, 'recall': 0.2963, 'f1': 0.4068, 'auc': 0.7853}
train: {'epoch': 34, 'eta': 922698.7775, 'loss': 0.1062, 'lr': 0.001, 'params': 870905, 'time_iter': 13.6627, 'accuracy': 0.9691, 'precision': 0.7304, 'recall': 0.2792, 'f1': 0.404, 'auc': 0.8646}
val: {'epoch': 35, 'loss': 0.086, 'lr': 0.001, 'params': 870905, 'time_iter': 2.2525, 'accuracy': 0.982, 'precision': 0.7059, 'recall': 0.1481, 'f1': 0.2449, 'auc': 0.7746}
train: {'epoch': 35, 'eta': 908799.6849, 'loss': 0.1061, 'lr': 0.001, 'params': 870905, 'time_iter': 13.9573, 'accuracy': 0.9693, 'precision': 0.7299, 'recall': 0.2873, 'f1': 0.4123, 'auc': 0.8667}
val: {'epoch': 36, 'loss': 0.0719, 'lr': 0.001, 'params': 870905, 'time_iter': 2.4109, 'accuracy': 0.9844, 'precision': 0.7742, 'recall': 0.2963, 'f1': 0.4286, 'auc': 0.8215}
train: {'epoch': 36, 'eta': 894979.7474, 'loss': 0.1045, 'lr': 0.001, 'params': 870905, 'time_iter': 14.0167, 'accuracy': 0.97, 'precision': 0.745, 'recall': 0.3036, 'f1': 0.4314, 'auc': 0.8697}
val: {'epoch': 37, 'loss': 0.0739, 'lr': 0.001, 'params': 870905, 'time_iter': 2.2532, 'accuracy': 0.9844, 'precision': 0.7742, 'recall': 0.2963, 'f1': 0.4286, 'auc': 0.7809}
train: {'epoch': 37, 'eta': 880901.8114, 'loss': 0.1053, 'lr': 0.001, 'params': 870905, 'time_iter': 13.882, 'accuracy': 0.9697, 'precision': 0.7438, 'recall': 0.2922, 'f1': 0.4196, 'auc': 0.8706}
val: {'epoch': 38, 'loss': 0.0724, 'lr': 0.001, 'params': 870905, 'time_iter': 2.3654, 'accuracy': 0.9835, 'precision': 0.6667, 'recall': 0.321, 'f1': 0.4333, 'auc': 0.7979}
train: {'epoch': 38, 'eta': 866386.8888, 'loss': 0.1048, 'lr': 0.001, 'params': 870905, 'time_iter': 13.617, 'accuracy': 0.9695, 'precision': 0.7209, 'recall': 0.3019, 'f1': 0.4256, 'auc': 0.8685}
val: {'epoch': 39, 'loss': 0.076, 'lr': 0.001, 'params': 870905, 'time_iter': 2.561, 'accuracy': 0.9815, 'precision': 0.6, 'recall': 0.1852, 'f1': 0.283, 'auc': 0.795}
train: {'epoch': 39, 'eta': 852200.3068, 'loss': 0.1027, 'lr': 0.001, 'params': 870905, 'time_iter': 13.8135, 'accuracy': 0.9695, 'precision': 0.73, 'recall': 0.2963, 'f1': 0.4215, 'auc': 0.8782}
val: {'epoch': 40, 'loss': 0.081, 'lr': 0.001, 'params': 870905, 'time_iter': 2.2848, 'accuracy': 0.9815, 'precision': 0.619, 'recall': 0.1605, 'f1': 0.2549, 'auc': 0.7893}
train: {'epoch': 40, 'eta': 838894.9306, 'loss': 0.1028, 'lr': 0.001, 'params': 870905, 'time_iter': 14.4095, 'accuracy': 0.9703, 'precision': 0.749, 'recall': 0.3101, 'f1': 0.4386, 'auc': 0.8742}
val: {'epoch': 41, 'loss': 0.0762, 'lr': 0.001, 'params': 870905, 'time_iter': 2.4819, 'accuracy': 0.9827, 'precision': 0.6389, 'recall': 0.284, 'f1': 0.3932, 'auc': 0.7812}
train: {'epoch': 41, 'eta': 824792.5214, 'loss': 0.1028, 'lr': 0.001, 'params': 870905, 'time_iter': 13.8996, 'accuracy': 0.9703, 'precision': 0.7388, 'recall': 0.3214, 'f1': 0.448, 'auc': 0.876}
val: {'epoch': 42, 'loss': 0.0733, 'lr': 0.001, 'params': 870905, 'time_iter': 2.2792, 'accuracy': 0.9827, 'precision': 0.6923, 'recall': 0.2222, 'f1': 0.3364, 'auc': 0.8011}
train: {'epoch': 42, 'eta': 810618.6522, 'loss': 0.1019, 'lr': 0.001, 'params': 870905, 'time_iter': 13.854, 'accuracy': 0.9707, 'precision': 0.7486, 'recall': 0.3287, 'f1': 0.4569, 'auc': 0.876}
val: {'epoch': 43, 'loss': 0.0771, 'lr': 0.001, 'params': 870905, 'time_iter': 2.3157, 'accuracy': 0.9827, 'precision': 0.6923, 'recall': 0.2222, 'f1': 0.3364, 'auc': 0.7962}
train: {'epoch': 43, 'eta': 796586.7441, 'loss': 0.1011, 'lr': 0.001, 'params': 870905, 'time_iter': 13.9653, 'accuracy': 0.9706, 'precision': 0.7519, 'recall': 0.3198, 'f1': 0.4487, 'auc': 0.8833}
val: {'epoch': 44, 'loss': 0.0776, 'lr': 0.001, 'params': 870905, 'time_iter': 2.449, 'accuracy': 0.9835, 'precision': 0.7097, 'recall': 0.2716, 'f1': 0.3929, 'auc': 0.7941}
train: {'epoch': 44, 'eta': 782360.705, 'loss': 0.1005, 'lr': 0.001, 'params': 870905, 'time_iter': 13.8229, 'accuracy': 0.9705, 'precision': 0.749, 'recall': 0.3174, 'f1': 0.4458, 'auc': 0.8818}
val: {'epoch': 45, 'loss': 0.0753, 'lr': 0.001, 'params': 870905, 'time_iter': 2.446, 'accuracy': 0.982, 'precision': 0.6129, 'recall': 0.2346, 'f1': 0.3393, 'auc': 0.8119}
train: {'epoch': 45, 'eta': 768624.4018, 'loss': 0.0992, 'lr': 0.001, 'params': 870905, 'time_iter': 14.2282, 'accuracy': 0.971, 'precision': 0.7509, 'recall': 0.3377, 'f1': 0.4658, 'auc': 0.8895}
val: {'epoch': 46, 'loss': 0.08, 'lr': 0.001, 'params': 870905, 'time_iter': 2.3965, 'accuracy': 0.9823, 'precision': 0.6333, 'recall': 0.2346, 'f1': 0.3423, 'auc': 0.7925}
train: {'epoch': 46, 'eta': 754578.4303, 'loss': 0.0989, 'lr': 0.001, 'params': 870905, 'time_iter': 13.9945, 'accuracy': 0.9716, 'precision': 0.7643, 'recall': 0.3474, 'f1': 0.4777, 'auc': 0.8934}
val: {'epoch': 47, 'loss': 0.0742, 'lr': 0.001, 'params': 870905, 'time_iter': 2.3877, 'accuracy': 0.9825, 'precision': 0.6286, 'recall': 0.2716, 'f1': 0.3793, 'auc': 0.8129}
train: {'epoch': 47, 'eta': 739952.9709, 'loss': 0.0991, 'lr': 0.001, 'params': 870905, 'time_iter': 13.4879, 'accuracy': 0.971, 'precision': 0.7541, 'recall': 0.336, 'f1': 0.4649, 'auc': 0.886}
val: {'epoch': 48, 'loss': 0.0781, 'lr': 0.001, 'params': 870905, 'time_iter': 2.2858, 'accuracy': 0.9823, 'precision': 0.5909, 'recall': 0.321, 'f1': 0.416, 'auc': 0.8018}
train: {'epoch': 48, 'eta': 725471.5349, 'loss': 0.0971, 'lr': 0.001, 'params': 870905, 'time_iter': 13.5939, 'accuracy': 0.9711, 'precision': 0.7456, 'recall': 0.3474, 'f1': 0.474, 'auc': 0.8992}
val: {'epoch': 49, 'loss': 0.0818, 'lr': 0.001, 'params': 870905, 'time_iter': 2.5149, 'accuracy': 0.9818, 'precision': 0.65, 'recall': 0.1605, 'f1': 0.2574, 'auc': 0.7901}
train: {'epoch': 49, 'eta': 710851.7272, 'loss': 0.0984, 'lr': 0.001, 'params': 870905, 'time_iter': 13.4403, 'accuracy': 0.9714, 'precision': 0.7535, 'recall': 0.3523, 'f1': 0.4801, 'auc': 0.892}
val: {'epoch': 50, 'loss': 0.0823, 'lr': 0.001, 'params': 870905, 'time_iter': 2.2282, 'accuracy': 0.9827, 'precision': 0.8125, 'recall': 0.1605, 'f1': 0.268, 'auc': 0.7841}
train: {'epoch': 50, 'eta': 697282.286, 'loss': 0.0975, 'lr': 0.001, 'params': 870905, 'time_iter': 14.4714, 'accuracy': 0.9712, 'precision': 0.7469, 'recall': 0.3474, 'f1': 0.4742, 'auc': 0.8915}
val: {'epoch': 51, 'loss': 0.0805, 'lr': 0.001, 'params': 870905, 'time_iter': 2.446, 'accuracy': 0.982, 'precision': 0.6667, 'recall': 0.1728, 'f1': 0.2745, 'auc': 0.7953}
train: {'epoch': 51, 'eta': 683163.1563, 'loss': 0.0957, 'lr': 0.001, 'params': 870905, 'time_iter': 13.9462, 'accuracy': 0.972, 'precision': 0.7828, 'recall': 0.3482, 'f1': 0.482, 'auc': 0.8979}
val: {'epoch': 52, 'loss': 0.0806, 'lr': 0.001, 'params': 870905, 'time_iter': 2.2455, 'accuracy': 0.9835, 'precision': 0.76, 'recall': 0.2346, 'f1': 0.3585, 'auc': 0.7991}
train: {'epoch': 52, 'eta': 668987.9422, 'loss': 0.0964, 'lr': 0.001, 'params': 870905, 'time_iter': 13.8943, 'accuracy': 0.9713, 'precision': 0.7535, 'recall': 0.3474, 'f1': 0.4756, 'auc': 0.9007}
val: {'epoch': 53, 'loss': 0.079, 'lr': 0.001, 'params': 870905, 'time_iter': 2.3003, 'accuracy': 0.9827, 'precision': 0.6786, 'recall': 0.2346, 'f1': 0.3486, 'auc': 0.8112}
train: {'epoch': 53, 'eta': 654696.4795, 'loss': 0.0955, 'lr': 0.001, 'params': 870905, 'time_iter': 13.7668, 'accuracy': 0.9714, 'precision': 0.7496, 'recall': 0.3547, 'f1': 0.4815, 'auc': 0.904}
val: {'epoch': 54, 'loss': 0.0806, 'lr': 0.001, 'params': 870905, 'time_iter': 2.505, 'accuracy': 0.9823, 'precision': 0.6818, 'recall': 0.1852, 'f1': 0.2913, 'auc': 0.7982}
train: {'epoch': 54, 'eta': 640210.6998, 'loss': 0.0944, 'lr': 0.001, 'params': 870905, 'time_iter': 13.5306, 'accuracy': 0.9725, 'precision': 0.773, 'recall': 0.3758, 'f1': 0.5057, 'auc': 0.9022}
val: {'epoch': 55, 'loss': 0.076, 'lr': 0.001, 'params': 870905, 'time_iter': 2.2575, 'accuracy': 0.984, 'precision': 0.7778, 'recall': 0.2593, 'f1': 0.3889, 'auc': 0.8128}
train: {'epoch': 55, 'eta': 625859.6075, 'loss': 0.0941, 'lr': 0.001, 'params': 870905, 'time_iter': 13.6723, 'accuracy': 0.972, 'precision': 0.7718, 'recall': 0.3596, 'f1': 0.4906, 'auc': 0.9052}
val: {'epoch': 56, 'loss': 0.0756, 'lr': 0.001, 'params': 870905, 'time_iter': 2.2705, 'accuracy': 0.9827, 'precision': 0.6389, 'recall': 0.284, 'f1': 0.3932, 'auc': 0.8166}
train: {'epoch': 56, 'eta': 611611.7761, 'loss': 0.0946, 'lr': 0.001, 'params': 870905, 'time_iter': 13.7926, 'accuracy': 0.9726, 'precision': 0.7754, 'recall': 0.3782, 'f1': 0.5085, 'auc': 0.9035}
val: {'epoch': 57, 'loss': 0.085, 'lr': 0.001, 'params': 870905, 'time_iter': 2.5919, 'accuracy': 0.9815, 'precision': 0.6, 'recall': 0.1852, 'f1': 0.283, 'auc': 0.7708}
train: {'epoch': 57, 'eta': 597181.9093, 'loss': 0.093, 'lr': 0.001, 'params': 870905, 'time_iter': 13.5458, 'accuracy': 0.9722, 'precision': 0.7642, 'recall': 0.3709, 'f1': 0.4995, 'auc': 0.9102}
val: {'epoch': 58, 'loss': 0.1001, 'lr': 0.001, 'params': 870905, 'time_iter': 2.3214, 'accuracy': 0.9801, 'precision': 0.4, 'recall': 0.0247, 'f1': 0.0465, 'auc': 0.7839}
train: {'epoch': 58, 'eta': 582691.5103, 'loss': 0.0927, 'lr': 0.001, 'params': 870905, 'time_iter': 13.4378, 'accuracy': 0.9713, 'precision': 0.7437, 'recall': 0.358, 'f1': 0.4833, 'auc': 0.914}
val: {'epoch': 59, 'loss': 0.0784, 'lr': 0.001, 'params': 870905, 'time_iter': 2.4151, 'accuracy': 0.9827, 'precision': 0.6786, 'recall': 0.2346, 'f1': 0.3486, 'auc': 0.8171}
train: {'epoch': 59, 'eta': 568226.5132, 'loss': 0.0924, 'lr': 0.001, 'params': 870905, 'time_iter': 13.4426, 'accuracy': 0.9729, 'precision': 0.7796, 'recall': 0.3847, 'f1': 0.5152, 'auc': 0.9104}
val: {'epoch': 60, 'loss': 0.0798, 'lr': 0.001, 'params': 870905, 'time_iter': 2.3048, 'accuracy': 0.9825, 'precision': 0.6552, 'recall': 0.2346, 'f1': 0.3455, 'auc': 0.8024}
train: {'epoch': 60, 'eta': 553977.374, 'loss': 0.092, 'lr': 0.001, 'params': 870905, 'time_iter': 13.7392, 'accuracy': 0.9721, 'precision': 0.7565, 'recall': 0.3758, 'f1': 0.5022, 'auc': 0.9121}
val: {'epoch': 61, 'loss': 0.0743, 'lr': 0.001, 'params': 870905, 'time_iter': 2.2514, 'accuracy': 0.9832, 'precision': 0.65, 'recall': 0.321, 'f1': 0.4298, 'auc': 0.8181}
train: {'epoch': 61, 'eta': 539741.1101, 'loss': 0.0921, 'lr': 0.001, 'params': 870905, 'time_iter': 13.7539, 'accuracy': 0.9721, 'precision': 0.757, 'recall': 0.3742, 'f1': 0.5008, 'auc': 0.9121}
val: {'epoch': 62, 'loss': 0.0815, 'lr': 0.001, 'params': 870905, 'time_iter': 2.5543, 'accuracy': 0.9815, 'precision': 0.5806, 'recall': 0.2222, 'f1': 0.3214, 'auc': 0.8205}
train: {'epoch': 62, 'eta': 525442.2859, 'loss': 0.0896, 'lr': 0.001, 'params': 870905, 'time_iter': 13.646, 'accuracy': 0.9731, 'precision': 0.7715, 'recall': 0.4002, 'f1': 0.527, 'auc': 0.9178}
val: {'epoch': 63, 'loss': 0.0814, 'lr': 0.001, 'params': 870905, 'time_iter': 2.2171, 'accuracy': 0.982, 'precision': 0.6296, 'recall': 0.2099, 'f1': 0.3148, 'auc': 0.8126}
train: {'epoch': 63, 'eta': 511404.8959, 'loss': 0.0906, 'lr': 0.001, 'params': 870905, 'time_iter': 14.0838, 'accuracy': 0.9727, 'precision': 0.7622, 'recall': 0.3929, 'f1': 0.5185, 'auc': 0.9169}
val: {'epoch': 64, 'loss': 0.0862, 'lr': 0.001, 'params': 870905, 'time_iter': 2.4059, 'accuracy': 0.982, 'precision': 0.64, 'recall': 0.1975, 'f1': 0.3019, 'auc': 0.7992}
train: {'epoch': 64, 'eta': 497288.0028, 'loss': 0.0899, 'lr': 0.001, 'params': 870905, 'time_iter': 13.9656, 'accuracy': 0.9735, 'precision': 0.7843, 'recall': 0.4042, 'f1': 0.5335, 'auc': 0.9207}
val: {'epoch': 65, 'loss': 0.0826, 'lr': 0.001, 'params': 870905, 'time_iter': 2.1906, 'accuracy': 0.9832, 'precision': 0.8333, 'recall': 0.1852, 'f1': 0.303, 'auc': 0.7986}
train: {'epoch': 65, 'eta': 483226.4709, 'loss': 0.0896, 'lr': 0.001, 'params': 870905, 'time_iter': 14.0845, 'accuracy': 0.973, 'precision': 0.773, 'recall': 0.3953, 'f1': 0.5231, 'auc': 0.9194}
val: {'epoch': 66, 'loss': 0.0804, 'lr': 0.001, 'params': 870905, 'time_iter': 2.3303, 'accuracy': 0.984, 'precision': 0.8, 'recall': 0.2469, 'f1': 0.3774, 'auc': 0.8177}
train: {'epoch': 66, 'eta': 469058.1459, 'loss': 0.0895, 'lr': 0.001, 'params': 870905, 'time_iter': 13.8992, 'accuracy': 0.9732, 'precision': 0.7721, 'recall': 0.4042, 'f1': 0.5306, 'auc': 0.9198}
val: {'epoch': 67, 'loss': 0.086, 'lr': 0.001, 'params': 870905, 'time_iter': 2.7467, 'accuracy': 0.9815, 'precision': 0.6, 'recall': 0.1852, 'f1': 0.283, 'auc': 0.803}
train: {'epoch': 67, 'eta': 454848.2752, 'loss': 0.0874, 'lr': 0.001, 'params': 870905, 'time_iter': 13.8216, 'accuracy': 0.9736, 'precision': 0.7797, 'recall': 0.4107, 'f1': 0.538, 'auc': 0.9256}
val: {'epoch': 68, 'loss': 0.082, 'lr': 0.001, 'params': 870905, 'time_iter': 2.2673, 'accuracy': 0.9823, 'precision': 0.6538, 'recall': 0.2099, 'f1': 0.3178, 'auc': 0.8035}
train: {'epoch': 68, 'eta': 440570.0145, 'loss': 0.0884, 'lr': 0.001, 'params': 870905, 'time_iter': 13.6744, 'accuracy': 0.9727, 'precision': 0.7565, 'recall': 0.401, 'f1': 0.5241, 'auc': 0.9203}
val: {'epoch': 69, 'loss': 0.0847, 'lr': 0.001, 'params': 870905, 'time_iter': 2.4768, 'accuracy': 0.981, 'precision': 0.5385, 'recall': 0.2593, 'f1': 0.35, 'auc': 0.8066}
train: {'epoch': 69, 'eta': 426195.8679, 'loss': 0.0882, 'lr': 0.001, 'params': 870905, 'time_iter': 13.4436, 'accuracy': 0.9741, 'precision': 0.7853, 'recall': 0.4245, 'f1': 0.5511, 'auc': 0.9192}
val: {'epoch': 70, 'loss': 0.0832, 'lr': 0.001, 'params': 870905, 'time_iter': 2.1335, 'accuracy': 0.9815, 'precision': 0.5926, 'recall': 0.1975, 'f1': 0.2963, 'auc': 0.8183}
train: {'epoch': 70, 'eta': 412013.0716, 'loss': 0.0884, 'lr': 0.001, 'params': 870905, 'time_iter': 13.8626, 'accuracy': 0.9731, 'precision': 0.7613, 'recall': 0.4091, 'f1': 0.5322, 'auc': 0.922}
val: {'epoch': 71, 'loss': 0.0954, 'lr': 0.001, 'params': 870905, 'time_iter': 2.4398, 'accuracy': 0.981, 'precision': 0.5789, 'recall': 0.1358, 'f1': 0.22, 'auc': 0.8139}
train: {'epoch': 71, 'eta': 398006.1783, 'loss': 0.085, 'lr': 0.001, 'params': 870905, 'time_iter': 14.3079, 'accuracy': 0.9739, 'precision': 0.7851, 'recall': 0.418, 'f1': 0.5456, 'auc': 0.9323}
val: {'epoch': 72, 'loss': 0.0815, 'lr': 0.001, 'params': 870905, 'time_iter': 2.26, 'accuracy': 0.9808, 'precision': 0.5208, 'recall': 0.3086, 'f1': 0.3876, 'auc': 0.8312}
train: {'epoch': 72, 'eta': 383903.6894, 'loss': 0.0868, 'lr': 0.001, 'params': 870905, 'time_iter': 14.1082, 'accuracy': 0.9739, 'precision': 0.7913, 'recall': 0.4123, 'f1': 0.5422, 'auc': 0.9258}
val: {'epoch': 73, 'loss': 0.0871, 'lr': 0.001, 'params': 870905, 'time_iter': 2.2986, 'accuracy': 0.9788, 'precision': 0.4348, 'recall': 0.2469, 'f1': 0.315, 'auc': 0.8193}
train: {'epoch': 73, 'eta': 369654.9168, 'loss': 0.0843, 'lr': 0.001, 'params': 870905, 'time_iter': 13.7346, 'accuracy': 0.9739, 'precision': 0.7813, 'recall': 0.4205, 'f1': 0.5467, 'auc': 0.9368}
val: {'epoch': 74, 'loss': 0.0873, 'lr': 0.001, 'params': 870905, 'time_iter': 2.604, 'accuracy': 0.9815, 'precision': 0.5806, 'recall': 0.2222, 'f1': 0.3214, 'auc': 0.8101}
train: {'epoch': 74, 'eta': 355475.2057, 'loss': 0.0843, 'lr': 0.001, 'params': 870905, 'time_iter': 13.927, 'accuracy': 0.9739, 'precision': 0.7702, 'recall': 0.4326, 'f1': 0.5541, 'auc': 0.9343}
val: {'epoch': 75, 'loss': 0.0999, 'lr': 0.001, 'params': 870905, 'time_iter': 2.3262, 'accuracy': 0.9823, 'precision': 0.7, 'recall': 0.1728, 'f1': 0.2772, 'auc': 0.7874}
train: {'epoch': 75, 'eta': 341288.7522, 'loss': 0.083, 'lr': 0.001, 'params': 870905, 'time_iter': 13.9185, 'accuracy': 0.9742, 'precision': 0.7883, 'recall': 0.4261, 'f1': 0.5532, 'auc': 0.9364}
val: {'epoch': 76, 'loss': 0.0836, 'lr': 0.001, 'params': 870905, 'time_iter': 2.3749, 'accuracy': 0.9815, 'precision': 0.5862, 'recall': 0.2099, 'f1': 0.3091, 'auc': 0.824}
train: {'epoch': 76, 'eta': 326920.2782, 'loss': 0.0836, 'lr': 0.001, 'params': 870905, 'time_iter': 13.3377, 'accuracy': 0.9735, 'precision': 0.7675, 'recall': 0.418, 'f1': 0.5413, 'auc': 0.9345}
val: {'epoch': 77, 'loss': 0.0863, 'lr': 0.001, 'params': 870905, 'time_iter': 2.734, 'accuracy': 0.9837, 'precision': 0.7333, 'recall': 0.2716, 'f1': 0.3964, 'auc': 0.8044}
train: {'epoch': 77, 'eta': 312630.3883, 'loss': 0.083, 'lr': 0.001, 'params': 870905, 'time_iter': 13.5516, 'accuracy': 0.9746, 'precision': 0.7881, 'recall': 0.4407, 'f1': 0.5653, 'auc': 0.9343}
val: {'epoch': 78, 'loss': 0.0866, 'lr': 0.001, 'params': 870905, 'time_iter': 2.3041, 'accuracy': 0.9832, 'precision': 0.6667, 'recall': 0.2963, 'f1': 0.4103, 'auc': 0.8152}
train: {'epoch': 78, 'eta': 298310.347, 'loss': 0.0832, 'lr': 0.001, 'params': 870905, 'time_iter': 13.4094, 'accuracy': 0.9743, 'precision': 0.776, 'recall': 0.4416, 'f1': 0.5629, 'auc': 0.9364}
val: {'epoch': 79, 'loss': 0.0875, 'lr': 0.001, 'params': 870905, 'time_iter': 2.4437, 'accuracy': 0.981, 'precision': 0.5385, 'recall': 0.2593, 'f1': 0.35, 'auc': 0.819}
train: {'epoch': 79, 'eta': 284033.419, 'loss': 0.0819, 'lr': 0.001, 'params': 870905, 'time_iter': 13.5263, 'accuracy': 0.9742, 'precision': 0.7705, 'recall': 0.4416, 'f1': 0.5614, 'auc': 0.941}
val: {'epoch': 80, 'loss': 0.0899, 'lr': 0.001, 'params': 870905, 'time_iter': 2.2832, 'accuracy': 0.982, 'precision': 0.5946, 'recall': 0.2716, 'f1': 0.3729, 'auc': 0.7971}
train: {'epoch': 80, 'eta': 269879.3489, 'loss': 0.081, 'lr': 0.001, 'params': 870905, 'time_iter': 13.9986, 'accuracy': 0.9743, 'precision': 0.7812, 'recall': 0.4375, 'f1': 0.5609, 'auc': 0.9435}
val: {'epoch': 81, 'loss': 0.0843, 'lr': 0.001, 'params': 870905, 'time_iter': 2.3907, 'accuracy': 0.9825, 'precision': 0.6154, 'recall': 0.2963, 'f1': 0.4, 'auc': 0.8181}
train: {'epoch': 81, 'eta': 255597.0535, 'loss': 0.0801, 'lr': 0.001, 'params': 870905, 'time_iter': 13.458, 'accuracy': 0.9748, 'precision': 0.7855, 'recall': 0.4489, 'f1': 0.5713, 'auc': 0.9407}
val: {'epoch': 82, 'loss': 0.0899, 'lr': 0.001, 'params': 870905, 'time_iter': 2.9092, 'accuracy': 0.9808, 'precision': 0.5263, 'recall': 0.2469, 'f1': 0.3361, 'auc': 0.7964}
train: {'epoch': 82, 'eta': 241353.5997, 'loss': 0.0815, 'lr': 0.001, 'params': 870905, 'time_iter': 13.5927, 'accuracy': 0.9739, 'precision': 0.7627, 'recall': 0.4383, 'f1': 0.5567, 'auc': 0.94}
val: {'epoch': 83, 'loss': 0.0933, 'lr': 0.001, 'params': 870905, 'time_iter': 2.2651, 'accuracy': 0.982, 'precision': 0.6667, 'recall': 0.1728, 'f1': 0.2745, 'auc': 0.8078}
train: {'epoch': 83, 'eta': 227132.392, 'loss': 0.0802, 'lr': 0.001, 'params': 870905, 'time_iter': 13.675, 'accuracy': 0.9747, 'precision': 0.791, 'recall': 0.4424, 'f1': 0.5674, 'auc': 0.9437}
val: {'epoch': 84, 'loss': 0.0893, 'lr': 0.001, 'params': 870905, 'time_iter': 2.4074, 'accuracy': 0.981, 'precision': 0.5405, 'recall': 0.2469, 'f1': 0.339, 'auc': 0.813}
train: {'epoch': 84, 'eta': 212970.4413, 'loss': 0.0801, 'lr': 0.001, 'params': 870905, 'time_iter': 13.982, 'accuracy': 0.9746, 'precision': 0.7781, 'recall': 0.4497, 'f1': 0.57, 'auc': 0.9437}
val: {'epoch': 85, 'loss': 0.0995, 'lr': 0.001, 'params': 870905, 'time_iter': 2.2905, 'accuracy': 0.981, 'precision': 0.5789, 'recall': 0.1358, 'f1': 0.22, 'auc': 0.7944}
train: {'epoch': 85, 'eta': 198757.0857, 'loss': 0.0785, 'lr': 0.001, 'params': 870905, 'time_iter': 13.7064, 'accuracy': 0.9753, 'precision': 0.793, 'recall': 0.4602, 'f1': 0.5824, 'auc': 0.9452}
val: {'epoch': 86, 'loss': 0.0979, 'lr': 0.001, 'params': 870905, 'time_iter': 2.2831, 'accuracy': 0.981, 'precision': 0.5366, 'recall': 0.2716, 'f1': 0.3607, 'auc': 0.8004}
train: {'epoch': 86, 'eta': 184551.6231, 'loss': 0.0779, 'lr': 0.001, 'params': 870905, 'time_iter': 13.7414, 'accuracy': 0.9751, 'precision': 0.788, 'recall': 0.4586, 'f1': 0.5798, 'auc': 0.9462}
val: {'epoch': 87, 'loss': 0.0955, 'lr': 0.001, 'params': 870905, 'time_iter': 2.9415, 'accuracy': 0.9823, 'precision': 0.6053, 'recall': 0.284, 'f1': 0.3866, 'auc': 0.8128}
train: {'epoch': 87, 'eta': 170350.8938, 'loss': 0.0773, 'lr': 0.001, 'params': 870905, 'time_iter': 13.7645, 'accuracy': 0.9753, 'precision': 0.7966, 'recall': 0.4578, 'f1': 0.5814, 'auc': 0.9499}
val: {'epoch': 88, 'loss': 0.0981, 'lr': 0.001, 'params': 870905, 'time_iter': 2.3133, 'accuracy': 0.9827, 'precision': 0.6923, 'recall': 0.2222, 'f1': 0.3364, 'auc': 0.8018}
train: {'epoch': 88, 'eta': 156160.07, 'loss': 0.0771, 'lr': 0.001, 'params': 870905, 'time_iter': 13.8358, 'accuracy': 0.9749, 'precision': 0.783, 'recall': 0.457, 'f1': 0.5771, 'auc': 0.9498}
val: {'epoch': 89, 'loss': 0.0929, 'lr': 0.001, 'params': 870905, 'time_iter': 2.4185, 'accuracy': 0.9805, 'precision': 0.5111, 'recall': 0.284, 'f1': 0.3651, 'auc': 0.8242}
train: {'epoch': 89, 'eta': 142015.2097, 'loss': 0.077, 'lr': 0.001, 'params': 870905, 'time_iter': 14.2468, 'accuracy': 0.9744, 'precision': 0.7746, 'recall': 0.4464, 'f1': 0.5664, 'auc': 0.9518}
val: {'epoch': 90, 'loss': 0.0895, 'lr': 0.001, 'params': 870905, 'time_iter': 2.3112, 'accuracy': 0.982, 'precision': 0.6207, 'recall': 0.2222, 'f1': 0.3273, 'auc': 0.8125}
train: {'epoch': 90, 'eta': 127815.844, 'loss': 0.0759, 'lr': 0.001, 'params': 870905, 'time_iter': 13.8225, 'accuracy': 0.9764, 'precision': 0.8032, 'recall': 0.4903, 'f1': 0.6089, 'auc': 0.95}
val: {'epoch': 91, 'loss': 0.0935, 'lr': 0.001, 'params': 870905, 'time_iter': 2.3529, 'accuracy': 0.9805, 'precision': 0.5143, 'recall': 0.2222, 'f1': 0.3103, 'auc': 0.8229}
train: {'epoch': 91, 'eta': 113620.7737, 'loss': 0.076, 'lr': 0.001, 'params': 870905, 'time_iter': 13.8763, 'accuracy': 0.9749, 'precision': 0.7754, 'recall': 0.4651, 'f1': 0.5814, 'auc': 0.9511}
val: {'epoch': 92, 'loss': 0.1016, 'lr': 0.001, 'params': 870905, 'time_iter': 2.2831, 'accuracy': 0.9827, 'precision': 0.7083, 'recall': 0.2099, 'f1': 0.3238, 'auc': 0.8098}
train: {'epoch': 92, 'eta': 99405.4998, 'loss': 0.0748, 'lr': 0.001, 'params': 870905, 'time_iter': 13.6387, 'accuracy': 0.9764, 'precision': 0.804, 'recall': 0.4894, 'f1': 0.6085, 'auc': 0.953}
val: {'epoch': 93, 'loss': 0.0939, 'lr': 0.001, 'params': 870905, 'time_iter': 2.3988, 'accuracy': 0.9825, 'precision': 0.6667, 'recall': 0.2222, 'f1': 0.3333, 'auc': 0.8204}
train: {'epoch': 93, 'eta': 85186.6466, 'loss': 0.0747, 'lr': 0.001, 'params': 870905, 'time_iter': 13.5255, 'accuracy': 0.976, 'precision': 0.7931, 'recall': 0.4854, 'f1': 0.6022, 'auc': 0.9545}
val: {'epoch': 94, 'loss': 0.1001, 'lr': 0.001, 'params': 870905, 'time_iter': 2.5468, 'accuracy': 0.9827, 'precision': 0.6786, 'recall': 0.2346, 'f1': 0.3486, 'auc': 0.8163}
train: {'epoch': 94, 'eta': 70989.2703, 'loss': 0.0748, 'lr': 0.001, 'params': 870905, 'time_iter': 13.805, 'accuracy': 0.9758, 'precision': 0.7925, 'recall': 0.4805, 'f1': 0.5983, 'auc': 0.9528}
val: {'epoch': 95, 'loss': 0.1001, 'lr': 0.001, 'params': 870905, 'time_iter': 2.2893, 'accuracy': 0.9823, 'precision': 0.7, 'recall': 0.1728, 'f1': 0.2772, 'auc': 0.8164}
train: {'epoch': 95, 'eta': 56814.7934, 'loss': 0.0731, 'lr': 0.001, 'params': 870905, 'time_iter': 14.343, 'accuracy': 0.976, 'precision': 0.7898, 'recall': 0.4911, 'f1': 0.6056, 'auc': 0.9574}
val: {'epoch': 96, 'loss': 0.0946, 'lr': 0.001, 'params': 870905, 'time_iter': 2.4009, 'accuracy': 0.982, 'precision': 0.6, 'recall': 0.2593, 'f1': 0.3621, 'auc': 0.8165}
train: {'epoch': 96, 'eta': 42607.6053, 'loss': 0.0736, 'lr': 0.001, 'params': 870905, 'time_iter': 13.6937, 'accuracy': 0.9764, 'precision': 0.8008, 'recall': 0.4927, 'f1': 0.6101, 'auc': 0.9553}
val: {'epoch': 97, 'loss': 0.0966, 'lr': 0.001, 'params': 870905, 'time_iter': 2.2828, 'accuracy': 0.983, 'precision': 0.6667, 'recall': 0.2716, 'f1': 0.386, 'auc': 0.8163}
train: {'epoch': 97, 'eta': 28398.0106, 'loss': 0.0719, 'lr': 0.001, 'params': 870905, 'time_iter': 13.4661, 'accuracy': 0.9756, 'precision': 0.7874, 'recall': 0.4781, 'f1': 0.5949, 'auc': 0.9611}
val: {'epoch': 98, 'loss': 0.0978, 'lr': 0.001, 'params': 870905, 'time_iter': 2.3483, 'accuracy': 0.9818, 'precision': 0.6, 'recall': 0.2222, 'f1': 0.3243, 'auc': 0.814}
train: {'epoch': 98, 'eta': 14199.205, 'loss': 0.072, 'lr': 0.001, 'params': 870905, 'time_iter': 13.8181, 'accuracy': 0.9762, 'precision': 0.8074, 'recall': 0.4797, 'f1': 0.6018, 'auc': 0.9578}
val: {'epoch': 99, 'loss': 0.0934, 'lr': 0.001, 'params': 870905, 'time_iter': 2.4901, 'accuracy': 0.9793, 'precision': 0.4474, 'recall': 0.2099, 'f1': 0.2857, 'auc': 0.8187}
train: {'epoch': 99, 'eta': 0.0, 'loss': 0.0728, 'lr': 0.001, 'params': 870905, 'time_iter': 13.5862, 'accuracy': 0.9764, 'precision': 0.8027, 'recall': 0.4886, 'f1': 0.6075, 'auc': 0.9572}
test: {'epoch': 99, 'loss': 0.192, 'lr': 0.001, 'params': 870905, 'time_iter': 2.2923, 'accuracy': 0.9662, 'precision': 0.32, 'recall': 0.0615, 'f1': 0.1032, 'auc': 0.749}
test: {'epoch': 72, 'loss': 0.157, 'lr': 0.001, 'params': 870905, 'time_iter': 2.0628, 'accuracy': 0.9669, 'precision': 0.4118, 'recall': 0.1077, 'f1': 0.1707, 'auc': 0.7527}
