GraphGymModule(
  (model): DilatedGNNModel(
    (encoder): FeatureEncoder(
      (node_encoder): AtomEncoder(
        (atom_embedding_list): ModuleList(
          (0): Embedding(119, 300)
          (1): Embedding(4, 300)
          (2): Embedding(12, 300)
          (3): Embedding(12, 300)
          (4): Embedding(10, 300)
          (5): Embedding(6, 300)
          (6): Embedding(6, 300)
          (7): Embedding(2, 300)
          (8): Embedding(2, 300)
        )
      )
      (edge_encoder): BondEncoder(
        (bond_embedding_list): ModuleList(
          (0): Embedding(5, 300)
          (1): Embedding(6, 300)
          (2): Embedding(2, 300)
        )
      )
    )
    (mp): GNNDilatedStage(
      (classic_layers): ModuleList(
        (0): GeneralLayer(
          (layer): EGINConv(
            (model): GINEConv(nn=Sequential(
              (0): Linear(300, 300, bias=True)
              (1): ReLU()
              (2): Linear(300, 300, bias=True)
            ))
          )
          (post_layer): Sequential(
            (0): BatchNorm1d(300, eps=1e-05, momentum=0.1, affine=True, track_running_stats=True)
            (1): Dropout(p=0.5, inplace=False)
            (2): ReLU()
          )
        )
        (1): GeneralLayer(
          (layer): EGINConv(
            (model): GINEConv(nn=Sequential(
              (0): Linear(300, 300, bias=True)
              (1): ReLU()
              (2): Linear(300, 300, bias=True)
            ))
          )
          (post_layer): Sequential(
            (0): BatchNorm1d(300, eps=1e-05, momentum=0.1, affine=True, track_running_stats=True)
            (1): Dropout(p=0.5, inplace=False)
            (2): ReLU()
          )
        )
      )
      (dilated_layers): ModuleList(
        (0): DilatedGeneralLayer(
          (layer): EGINConv(
            (model): GINEConv(nn=Sequential(
              (0): Linear(300, 300, bias=True)
              (1): ReLU()
              (2): Linear(300, 300, bias=True)
            ))
          )
          (post_layer): Sequential(
            (0): BatchNorm1d(300, eps=1e-05, momentum=0.1, affine=True, track_running_stats=True)
            (1): Dropout(p=0.5, inplace=False)
            (2): ReLU()
          )
          (gem): GeM(p=3.0000, eps=1e-06)
        )
        (1): DilatedGeneralLayer(
          (layer): EGINConv(
            (model): GINEConv(nn=Sequential(
              (0): Linear(300, 300, bias=True)
              (1): ReLU()
              (2): Linear(300, 300, bias=True)
            ))
          )
          (post_layer): Sequential(
            (0): BatchNorm1d(300, eps=1e-05, momentum=0.1, affine=True, track_running_stats=True)
            (1): Dropout(p=0.5, inplace=False)
            (2): ReLU()
          )
          (gem): GeM(p=3.0000, eps=1e-06)
        )
        (2): DilatedGeneralLayer(
          (layer): EGINConv(
            (model): GINEConv(nn=Sequential(
              (0): Linear(300, 300, bias=True)
              (1): ReLU()
              (2): Linear(300, 300, bias=True)
            ))
          )
          (post_layer): Sequential(
            (0): BatchNorm1d(300, eps=1e-05, momentum=0.1, affine=True, track_running_stats=True)
            (1): Dropout(p=0.5, inplace=False)
            (2): ReLU()
          )
          (gem): GeM(p=3.0000, eps=1e-06)
        )
      )
      (act): ReLU()
    )
    (post_mp): GNNGraphHead(
      (layer_post_mp): MLP(
        (model): Sequential(
          (0): Linear(
            (model): Linear(600, 1, bias=True)
          )
        )
      )
    )
  )
)
accelerator: cuda
benchmark: False
bn:
  eps: 1e-05
  mom: 0.1
cfg_dest: config.yaml
custom_metrics: []
dataset:
  cache_load: False
  cache_save: False
  dir: ./datasets
  edge_dim: 300
  edge_encoder: True
  edge_encoder_bn: False
  edge_encoder_name: Bond
  edge_message_ratio: 0.8
  edge_negative_sampling_ratio: 1.0
  edge_train_mode: all
  encoder: True
  encoder_bn: True
  encoder_dim: 128
  encoder_name: db
  fast_loader: False
  format: OGB
  label_column: none
  label_table: none
  location: local
  name: ogbg-molhiv
  node_encoder: True
  node_encoder_bn: False
  node_encoder_name: Atom
  remove_feature: False
  resample_disjoint: False
  resample_negative: False
  shuffle_split: True
  split: [0.8, 0.1, 0.1]
  split_mode: random
  task: graph
  task_type: classification
  to_undirected: False
  transductive: False
  transform: none
  tu_simple: True
devices: 1
gnn:
  act: relu
  act_on_last_layer_mp: False
  agg: none
  att_final_linear: False
  att_final_linear_bn: False
  att_heads: 1
  batchnorm: True
  clear_feature: True
  dilated_path_join: concat
  dim_inner: 300
  dropout: 0.5
  head: graph
  keep_edge: 0.5
  l2norm: True
  layer_type: eginconv
  layers_k1: 2
  layers_k2: 3
  layers_mp: 5
  layers_post_mp: 1
  layers_pre_mp: 0
  learn_alpha_residual_connection: True
  msg_direction: single
  normalize_adj: False
  self_msg: concat
  skip_every: 1
  stage_type: stack
  use_edge_features: True
gpu_mem: False
mem:
  inplace: False
metric_agg: argmax
metric_best: auc
model:
  edge_decoding: dot
  graph_pooling: mean
  loss_fun: cross_entropy
  match_upper: True
  size_average: mean
  thresh: 0.5
  type: dilated_gnn
num_threads: 6
num_workers: 16
optim:
  base_lr: 0.001
  lr_decay: 0.1
  max_epoch: 100
  momentum: 0.9
  optimizer: adam
  scheduler: none
  steps: [30, 60, 90]
  weight_decay: 0.0
out_dir: results_experiments/ogbg_molhiv_baseline_grid_design/ogbg_molhiv_baseline-type=dilated_gnn-layer_type=eginconv-layers_k1=2-layers_k2=3-dilated_path_join=concat-learn_alpha_residual_connection=True
params: 1413907
print: both
round: 4
run_dir: results_experiments/ogbg_molhiv_baseline_grid_design/ogbg_molhiv_baseline-type=dilated_gnn-layer_type=eginconv-layers_k1=2-layers_k2=3-dilated_path_join=concat-learn_alpha_residual_connection=True/8
seed: 9
share:
  dim_in: 9
  dim_out: 2
  num_splits: 3
tensorboard_agg: True
tensorboard_each_run: False
train:
  auto_resume: False
  batch_size: 32
  ckpt_clean: True
  ckpt_period: 100
  enable_ckpt: True
  epoch_resume: -1
  eval_period: 1
  iter_per_epoch: 32
  neighbor_sizes: [20, 15, 10, 5]
  node_per_graph: 32
  radius: extend
  sample_node: False
  sampler: full_batch
  skip_train_eval: False
  walk_length: 4
val:
  node_per_graph: 32
  radius: extend
  sample_node: False
  sampler: full_batch
view_emb: False
Num parameters: 1413907
val: {'epoch': 0, 'loss': 0.6956, 'lr': 0.001, 'params': 1413907, 'time_iter': 0.8566, 'accuracy': 0.0156, 'precision': 0.0156, 'recall': 1.0, 'f1': 0.0308, 'auc': 0.0794}
val: {'epoch': 0, 'loss': 0.0907, 'lr': 0.001, 'params': 1413907, 'time_iter': 2.7475, 'accuracy': 0.9803, 'precision': 0.0, 'recall': 0.0, 'f1': 0.0, 'auc': 0.6982}
train: {'epoch': 0, 'eta': 1579170.5708, 'loss': 0.1821, 'lr': 0.001, 'params': 1413907, 'time_iter': 15.5017, 'accuracy': 0.9622, 'precision': 0.0, 'recall': 0.0, 'f1': 0.0, 'auc': 0.5772}
val: {'epoch': 1, 'loss': 0.0952, 'lr': 0.001, 'params': 1413907, 'time_iter': 2.873, 'accuracy': 0.9803, 'precision': 0.0, 'recall': 0.0, 'f1': 0.0, 'auc': 0.6227}
train: {'epoch': 1, 'eta': 1538352.6171, 'loss': 0.1507, 'lr': 0.001, 'params': 1413907, 'time_iter': 15.0085, 'accuracy': 0.9626, 'precision': 0.0, 'recall': 0.0, 'f1': 0.0, 'auc': 0.6684}
val: {'epoch': 2, 'loss': 0.0885, 'lr': 0.001, 'params': 1413907, 'time_iter': 2.7445, 'accuracy': 0.9803, 'precision': 0.0, 'recall': 0.0, 'f1': 0.0, 'auc': 0.7227}
train: {'epoch': 2, 'eta': 1531315.7944, 'loss': 0.1475, 'lr': 0.001, 'params': 1413907, 'time_iter': 15.5154, 'accuracy': 0.9626, 'precision': 0.0, 'recall': 0.0, 'f1': 0.0, 'auc': 0.6902}
val: {'epoch': 3, 'loss': 0.0904, 'lr': 0.001, 'params': 1413907, 'time_iter': 2.6145, 'accuracy': 0.9803, 'precision': 0.0, 'recall': 0.0, 'f1': 0.0, 'auc': 0.7011}
train: {'epoch': 3, 'eta': 1515241.9747, 'loss': 0.146, 'lr': 0.001, 'params': 1413907, 'time_iter': 15.3302, 'accuracy': 0.9626, 'precision': 0.0, 'recall': 0.0, 'f1': 0.0, 'auc': 0.6962}
val: {'epoch': 4, 'loss': 0.09, 'lr': 0.001, 'params': 1413907, 'time_iter': 2.6934, 'accuracy': 0.981, 'precision': 0.8, 'recall': 0.0494, 'f1': 0.093, 'auc': 0.7203}
train: {'epoch': 4, 'eta': 1502483.1252, 'loss': 0.1446, 'lr': 0.001, 'params': 1413907, 'time_iter': 15.4937, 'accuracy': 0.9626, 'precision': 1.0, 'recall': 0.0008, 'f1': 0.0016, 'auc': 0.7124}
val: {'epoch': 5, 'loss': 0.0905, 'lr': 0.001, 'params': 1413907, 'time_iter': 2.6819, 'accuracy': 0.9803, 'precision': 0.0, 'recall': 0.0, 'f1': 0.0, 'auc': 0.711}
train: {'epoch': 5, 'eta': 1494350.4014, 'loss': 0.142, 'lr': 0.001, 'params': 1413907, 'time_iter': 15.8465, 'accuracy': 0.9626, 'precision': 0.5, 'recall': 0.0008, 'f1': 0.0016, 'auc': 0.7297}
val: {'epoch': 6, 'loss': 0.0866, 'lr': 0.001, 'params': 1413907, 'time_iter': 2.7817, 'accuracy': 0.9803, 'precision': 0.0, 'recall': 0.0, 'f1': 0.0, 'auc': 0.7771}
train: {'epoch': 6, 'eta': 1483607.0544, 'loss': 0.1407, 'lr': 0.001, 'params': 1413907, 'time_iter': 15.8263, 'accuracy': 0.9626, 'precision': 0.5333, 'recall': 0.0065, 'f1': 0.0128, 'auc': 0.7368}
val: {'epoch': 7, 'loss': 0.0819, 'lr': 0.001, 'params': 1413907, 'time_iter': 2.6979, 'accuracy': 0.981, 'precision': 0.7143, 'recall': 0.0617, 'f1': 0.1136, 'auc': 0.7852}
train: {'epoch': 7, 'eta': 1465059.899, 'loss': 0.1396, 'lr': 0.001, 'params': 1413907, 'time_iter': 15.2839, 'accuracy': 0.9627, 'precision': 0.5926, 'recall': 0.013, 'f1': 0.0254, 'auc': 0.7428}
val: {'epoch': 8, 'loss': 0.0823, 'lr': 0.001, 'params': 1413907, 'time_iter': 2.8715, 'accuracy': 0.9818, 'precision': 1.0, 'recall': 0.0741, 'f1': 0.1379, 'auc': 0.7736}
train: {'epoch': 8, 'eta': 1446360.7903, 'loss': 0.1374, 'lr': 0.001, 'params': 1413907, 'time_iter': 15.2091, 'accuracy': 0.9635, 'precision': 0.7183, 'recall': 0.0414, 'f1': 0.0783, 'auc': 0.7568}
val: {'epoch': 9, 'loss': 0.0822, 'lr': 0.001, 'params': 1413907, 'time_iter': 2.7253, 'accuracy': 0.9815, 'precision': 0.6923, 'recall': 0.1111, 'f1': 0.1915, 'auc': 0.7915}
train: {'epoch': 9, 'eta': 1430096.6464, 'loss': 0.1355, 'lr': 0.001, 'params': 1413907, 'time_iter': 15.4062, 'accuracy': 0.9634, 'precision': 0.7059, 'recall': 0.039, 'f1': 0.0738, 'auc': 0.764}
val: {'epoch': 10, 'loss': 0.0797, 'lr': 0.001, 'params': 1413907, 'time_iter': 2.9021, 'accuracy': 0.982, 'precision': 0.8889, 'recall': 0.0988, 'f1': 0.1778, 'auc': 0.79}
train: {'epoch': 10, 'eta': 1413282.8489, 'loss': 0.1341, 'lr': 0.001, 'params': 1413907, 'time_iter': 15.3312, 'accuracy': 0.9638, 'precision': 0.7019, 'recall': 0.0593, 'f1': 0.1093, 'auc': 0.7667}
val: {'epoch': 11, 'loss': 0.0784, 'lr': 0.001, 'params': 1413907, 'time_iter': 2.7357, 'accuracy': 0.9825, 'precision': 0.7368, 'recall': 0.1728, 'f1': 0.28, 'auc': 0.7893}
train: {'epoch': 11, 'eta': 1398334.8418, 'loss': 0.1332, 'lr': 0.001, 'params': 1413907, 'time_iter': 15.5555, 'accuracy': 0.9638, 'precision': 0.6952, 'recall': 0.0593, 'f1': 0.1092, 'auc': 0.7714}
val: {'epoch': 12, 'loss': 0.0787, 'lr': 0.001, 'params': 1413907, 'time_iter': 2.7289, 'accuracy': 0.9815, 'precision': 0.6667, 'recall': 0.1235, 'f1': 0.2083, 'auc': 0.8006}
train: {'epoch': 12, 'eta': 1383882.2321, 'loss': 0.1322, 'lr': 0.001, 'params': 1413907, 'time_iter': 15.6511, 'accuracy': 0.964, 'precision': 0.7117, 'recall': 0.0641, 'f1': 0.1176, 'auc': 0.7771}
val: {'epoch': 13, 'loss': 0.0824, 'lr': 0.001, 'params': 1413907, 'time_iter': 2.8039, 'accuracy': 0.9815, 'precision': 0.8571, 'recall': 0.0741, 'f1': 0.1364, 'auc': 0.7877}
train: {'epoch': 13, 'eta': 1367314.3812, 'loss': 0.1314, 'lr': 0.001, 'params': 1413907, 'time_iter': 15.3538, 'accuracy': 0.9641, 'precision': 0.7107, 'recall': 0.0698, 'f1': 0.1271, 'auc': 0.7799}
val: {'epoch': 14, 'loss': 0.0795, 'lr': 0.001, 'params': 1413907, 'time_iter': 2.7374, 'accuracy': 0.981, 'precision': 0.5789, 'recall': 0.1358, 'f1': 0.22, 'auc': 0.7755}
train: {'epoch': 14, 'eta': 1351254.3087, 'loss': 0.131, 'lr': 0.001, 'params': 1413907, 'time_iter': 15.4233, 'accuracy': 0.9637, 'precision': 0.6357, 'recall': 0.0722, 'f1': 0.1297, 'auc': 0.784}
val: {'epoch': 15, 'loss': 0.0764, 'lr': 0.001, 'params': 1413907, 'time_iter': 2.9097, 'accuracy': 0.981, 'precision': 0.5652, 'recall': 0.1605, 'f1': 0.25, 'auc': 0.7961}
train: {'epoch': 15, 'eta': 1333633.4749, 'loss': 0.129, 'lr': 0.001, 'params': 1413907, 'time_iter': 15.13, 'accuracy': 0.9639, 'precision': 0.6392, 'recall': 0.082, 'f1': 0.1453, 'auc': 0.7904}
val: {'epoch': 16, 'loss': 0.0794, 'lr': 0.001, 'params': 1413907, 'time_iter': 2.7896, 'accuracy': 0.9813, 'precision': 0.5625, 'recall': 0.2222, 'f1': 0.3186, 'auc': 0.7808}
train: {'epoch': 16, 'eta': 1317823.4977, 'loss': 0.1285, 'lr': 0.001, 'params': 1413907, 'time_iter': 15.4424, 'accuracy': 0.964, 'precision': 0.6353, 'recall': 0.0877, 'f1': 0.1541, 'auc': 0.7899}
val: {'epoch': 17, 'loss': 0.08, 'lr': 0.001, 'params': 1413907, 'time_iter': 2.9184, 'accuracy': 0.9818, 'precision': 0.6875, 'recall': 0.1358, 'f1': 0.2268, 'auc': 0.7977}
train: {'epoch': 17, 'eta': 1300448.3643, 'loss': 0.1283, 'lr': 0.001, 'params': 1413907, 'time_iter': 15.1104, 'accuracy': 0.9639, 'precision': 0.6178, 'recall': 0.0958, 'f1': 0.1658, 'auc': 0.7864}
val: {'epoch': 18, 'loss': 0.0804, 'lr': 0.001, 'params': 1413907, 'time_iter': 2.7613, 'accuracy': 0.9798, 'precision': 0.475, 'recall': 0.2346, 'f1': 0.314, 'auc': 0.7938}
train: {'epoch': 18, 'eta': 1282294.8478, 'loss': 0.1274, 'lr': 0.001, 'params': 1413907, 'time_iter': 14.8892, 'accuracy': 0.9643, 'precision': 0.6377, 'recall': 0.1071, 'f1': 0.1835, 'auc': 0.7936}
val: {'epoch': 19, 'loss': 0.0807, 'lr': 0.001, 'params': 1413907, 'time_iter': 2.7025, 'accuracy': 0.9798, 'precision': 0.4688, 'recall': 0.1852, 'f1': 0.2655, 'auc': 0.7843}
train: {'epoch': 19, 'eta': 1265315.9191, 'loss': 0.1265, 'lr': 0.001, 'params': 1413907, 'time_iter': 15.1057, 'accuracy': 0.9639, 'precision': 0.6078, 'recall': 0.1006, 'f1': 0.1727, 'auc': 0.8006}
val: {'epoch': 20, 'loss': 0.0773, 'lr': 0.001, 'params': 1413907, 'time_iter': 2.7657, 'accuracy': 0.982, 'precision': 0.5946, 'recall': 0.2716, 'f1': 0.3729, 'auc': 0.8062}
train: {'epoch': 20, 'eta': 1248619.5562, 'loss': 0.1254, 'lr': 0.001, 'params': 1413907, 'time_iter': 15.1434, 'accuracy': 0.964, 'precision': 0.6043, 'recall': 0.1128, 'f1': 0.1902, 'auc': 0.8079}
val: {'epoch': 21, 'loss': 0.0785, 'lr': 0.001, 'params': 1413907, 'time_iter': 2.7298, 'accuracy': 0.9803, 'precision': 0.5, 'recall': 0.1728, 'f1': 0.2569, 'auc': 0.793}
train: {'epoch': 21, 'eta': 1232069.5598, 'loss': 0.1249, 'lr': 0.001, 'params': 1413907, 'time_iter': 15.1558, 'accuracy': 0.9652, 'precision': 0.7018, 'recall': 0.1242, 'f1': 0.211, 'auc': 0.802}
val: {'epoch': 22, 'loss': 0.0803, 'lr': 0.001, 'params': 1413907, 'time_iter': 2.8581, 'accuracy': 0.9784, 'precision': 0.42, 'recall': 0.2593, 'f1': 0.3206, 'auc': 0.8029}
train: {'epoch': 22, 'eta': 1215898.1233, 'loss': 0.1254, 'lr': 0.001, 'params': 1413907, 'time_iter': 15.2415, 'accuracy': 0.9645, 'precision': 0.6383, 'recall': 0.1218, 'f1': 0.2045, 'auc': 0.804}
val: {'epoch': 23, 'loss': 0.081, 'lr': 0.001, 'params': 1413907, 'time_iter': 2.8258, 'accuracy': 0.9803, 'precision': 0.5, 'recall': 0.1975, 'f1': 0.2832, 'auc': 0.7816}
train: {'epoch': 23, 'eta': 1201111.0493, 'loss': 0.1239, 'lr': 0.001, 'params': 1413907, 'time_iter': 15.6539, 'accuracy': 0.9653, 'precision': 0.6772, 'recall': 0.1396, 'f1': 0.2315, 'auc': 0.8077}
val: {'epoch': 24, 'loss': 0.0764, 'lr': 0.001, 'params': 1413907, 'time_iter': 2.7024, 'accuracy': 0.9808, 'precision': 0.5357, 'recall': 0.1852, 'f1': 0.2752, 'auc': 0.812}
train: {'epoch': 24, 'eta': 1184713.4036, 'loss': 0.1231, 'lr': 0.001, 'params': 1413907, 'time_iter': 15.1664, 'accuracy': 0.9644, 'precision': 0.6136, 'recall': 0.1315, 'f1': 0.2166, 'auc': 0.8074}
val: {'epoch': 25, 'loss': 0.0802, 'lr': 0.001, 'params': 1413907, 'time_iter': 2.7654, 'accuracy': 0.9796, 'precision': 0.4444, 'recall': 0.1481, 'f1': 0.2222, 'auc': 0.795}
train: {'epoch': 25, 'eta': 1168785.0056, 'loss': 0.124, 'lr': 0.001, 'params': 1413907, 'time_iter': 15.3059, 'accuracy': 0.9646, 'precision': 0.6192, 'recall': 0.1412, 'f1': 0.23, 'auc': 0.8104}
val: {'epoch': 26, 'loss': 0.0964, 'lr': 0.001, 'params': 1413907, 'time_iter': 2.6946, 'accuracy': 0.9733, 'precision': 0.3253, 'recall': 0.3333, 'f1': 0.3293, 'auc': 0.7696}
train: {'epoch': 26, 'eta': 1151818.2784, 'loss': 0.1211, 'lr': 0.001, 'params': 1413907, 'time_iter': 14.9279, 'accuracy': 0.965, 'precision': 0.6429, 'recall': 0.1461, 'f1': 0.2381, 'auc': 0.8166}
val: {'epoch': 27, 'loss': 0.0806, 'lr': 0.001, 'params': 1413907, 'time_iter': 2.8127, 'accuracy': 0.981, 'precision': 0.5789, 'recall': 0.1358, 'f1': 0.22, 'auc': 0.7938}
train: {'epoch': 27, 'eta': 1135659.168, 'loss': 0.122, 'lr': 0.001, 'params': 1413907, 'time_iter': 15.1897, 'accuracy': 0.9652, 'precision': 0.6477, 'recall': 0.1567, 'f1': 0.2523, 'auc': 0.8167}
val: {'epoch': 28, 'loss': 0.0863, 'lr': 0.001, 'params': 1413907, 'time_iter': 2.7128, 'accuracy': 0.9803, 'precision': 0.5, 'recall': 0.1111, 'f1': 0.1818, 'auc': 0.7776}
train: {'epoch': 28, 'eta': 1119657.6929, 'loss': 0.1224, 'lr': 0.001, 'params': 1413907, 'time_iter': 15.2378, 'accuracy': 0.9647, 'precision': 0.6241, 'recall': 0.1429, 'f1': 0.2325, 'auc': 0.8113}
val: {'epoch': 29, 'loss': 0.0818, 'lr': 0.001, 'params': 1413907, 'time_iter': 2.8443, 'accuracy': 0.9798, 'precision': 0.4722, 'recall': 0.2099, 'f1': 0.2906, 'auc': 0.7953}
train: {'epoch': 29, 'eta': 1103319.7038, 'loss': 0.1208, 'lr': 0.001, 'params': 1413907, 'time_iter': 15.0888, 'accuracy': 0.9658, 'precision': 0.6732, 'recall': 0.1672, 'f1': 0.2679, 'auc': 0.8153}
val: {'epoch': 30, 'loss': 0.081, 'lr': 0.001, 'params': 1413907, 'time_iter': 2.7845, 'accuracy': 0.9793, 'precision': 0.4412, 'recall': 0.1852, 'f1': 0.2609, 'auc': 0.7962}
train: {'epoch': 30, 'eta': 1088287.53, 'loss': 0.1209, 'lr': 0.001, 'params': 1413907, 'time_iter': 15.636, 'accuracy': 0.9658, 'precision': 0.6699, 'recall': 0.1696, 'f1': 0.2707, 'auc': 0.8138}
val: {'epoch': 31, 'loss': 0.0821, 'lr': 0.001, 'params': 1413907, 'time_iter': 2.9251, 'accuracy': 0.9798, 'precision': 0.4583, 'recall': 0.1358, 'f1': 0.2095, 'auc': 0.7867}
train: {'epoch': 31, 'eta': 1072610.8972, 'loss': 0.1203, 'lr': 0.001, 'params': 1413907, 'time_iter': 15.3715, 'accuracy': 0.9656, 'precision': 0.6689, 'recall': 0.1623, 'f1': 0.2613, 'auc': 0.8176}
val: {'epoch': 32, 'loss': 0.0788, 'lr': 0.001, 'params': 1413907, 'time_iter': 2.6963, 'accuracy': 0.9801, 'precision': 0.4815, 'recall': 0.1605, 'f1': 0.2407, 'auc': 0.7893}
train: {'epoch': 32, 'eta': 1057021.7739, 'loss': 0.1183, 'lr': 0.001, 'params': 1413907, 'time_iter': 15.4175, 'accuracy': 0.9662, 'precision': 0.6806, 'recall': 0.1851, 'f1': 0.291, 'auc': 0.8232}
val: {'epoch': 33, 'loss': 0.0768, 'lr': 0.001, 'params': 1413907, 'time_iter': 2.687, 'accuracy': 0.9798, 'precision': 0.4762, 'recall': 0.2469, 'f1': 0.3252, 'auc': 0.8177}
train: {'epoch': 33, 'eta': 1041159.3263, 'loss': 0.1198, 'lr': 0.001, 'params': 1413907, 'time_iter': 15.2888, 'accuracy': 0.9656, 'precision': 0.6535, 'recall': 0.1745, 'f1': 0.2755, 'auc': 0.82}
val: {'epoch': 34, 'loss': 0.0821, 'lr': 0.001, 'params': 1413907, 'time_iter': 2.8478, 'accuracy': 0.9801, 'precision': 0.4872, 'recall': 0.2346, 'f1': 0.3167, 'auc': 0.7898}
train: {'epoch': 34, 'eta': 1025105.9616, 'loss': 0.1181, 'lr': 0.001, 'params': 1413907, 'time_iter': 15.185, 'accuracy': 0.9658, 'precision': 0.6596, 'recall': 0.1778, 'f1': 0.2801, 'auc': 0.83}
val: {'epoch': 35, 'loss': 0.0807, 'lr': 0.001, 'params': 1413907, 'time_iter': 2.6881, 'accuracy': 0.9818, 'precision': 0.6364, 'recall': 0.1728, 'f1': 0.2718, 'auc': 0.7958}
train: {'epoch': 35, 'eta': 1009366.2512, 'loss': 0.1184, 'lr': 0.001, 'params': 1413907, 'time_iter': 15.3434, 'accuracy': 0.9666, 'precision': 0.705, 'recall': 0.1843, 'f1': 0.2921, 'auc': 0.8235}
val: {'epoch': 36, 'loss': 0.0816, 'lr': 0.001, 'params': 1413907, 'time_iter': 2.794, 'accuracy': 0.9801, 'precision': 0.4848, 'recall': 0.1975, 'f1': 0.2807, 'auc': 0.7743}
train: {'epoch': 36, 'eta': 993601.8879, 'loss': 0.118, 'lr': 0.001, 'params': 1413907, 'time_iter': 15.3309, 'accuracy': 0.967, 'precision': 0.7074, 'recall': 0.2021, 'f1': 0.3144, 'auc': 0.8215}
val: {'epoch': 37, 'loss': 0.0836, 'lr': 0.001, 'params': 1413907, 'time_iter': 2.7251, 'accuracy': 0.981, 'precision': 0.5789, 'recall': 0.1358, 'f1': 0.22, 'auc': 0.776}
train: {'epoch': 37, 'eta': 977254.8291, 'loss': 0.1177, 'lr': 0.001, 'params': 1413907, 'time_iter': 14.9841, 'accuracy': 0.9667, 'precision': 0.6938, 'recall': 0.2005, 'f1': 0.3111, 'auc': 0.8209}
val: {'epoch': 38, 'loss': 0.0836, 'lr': 0.001, 'params': 1413907, 'time_iter': 2.9152, 'accuracy': 0.9781, 'precision': 0.4043, 'recall': 0.2346, 'f1': 0.2969, 'auc': 0.7645}
train: {'epoch': 38, 'eta': 960848.43, 'loss': 0.1161, 'lr': 0.001, 'params': 1413907, 'time_iter': 14.9177, 'accuracy': 0.9665, 'precision': 0.6877, 'recall': 0.1948, 'f1': 0.3036, 'auc': 0.8322}
val: {'epoch': 39, 'loss': 0.083, 'lr': 0.001, 'params': 1413907, 'time_iter': 2.774, 'accuracy': 0.9791, 'precision': 0.4324, 'recall': 0.1975, 'f1': 0.2712, 'auc': 0.7997}
train: {'epoch': 39, 'eta': 945531.7358, 'loss': 0.1162, 'lr': 0.001, 'params': 1413907, 'time_iter': 15.5895, 'accuracy': 0.9669, 'precision': 0.7037, 'recall': 0.2005, 'f1': 0.3121, 'auc': 0.8335}
val: {'epoch': 40, 'loss': 0.0801, 'lr': 0.001, 'params': 1413907, 'time_iter': 2.7143, 'accuracy': 0.9815, 'precision': 0.6, 'recall': 0.1852, 'f1': 0.283, 'auc': 0.8186}
train: {'epoch': 40, 'eta': 929736.0498, 'loss': 0.116, 'lr': 0.001, 'params': 1413907, 'time_iter': 15.2899, 'accuracy': 0.9671, 'precision': 0.7049, 'recall': 0.2094, 'f1': 0.3229, 'auc': 0.8281}
val: {'epoch': 41, 'loss': 0.0917, 'lr': 0.001, 'params': 1413907, 'time_iter': 2.761, 'accuracy': 0.9803, 'precision': 0.5, 'recall': 0.0741, 'f1': 0.129, 'auc': 0.7921}
train: {'epoch': 41, 'eta': 914108.1836, 'loss': 0.1154, 'lr': 0.001, 'params': 1413907, 'time_iter': 15.4059, 'accuracy': 0.9677, 'precision': 0.7265, 'recall': 0.22, 'f1': 0.3377, 'auc': 0.8326}
val: {'epoch': 42, 'loss': 0.0774, 'lr': 0.001, 'params': 1413907, 'time_iter': 2.674, 'accuracy': 0.9793, 'precision': 0.46, 'recall': 0.284, 'f1': 0.3511, 'auc': 0.8293}
train: {'epoch': 42, 'eta': 898284.0872, 'loss': 0.1158, 'lr': 0.001, 'params': 1413907, 'time_iter': 15.2697, 'accuracy': 0.9667, 'precision': 0.6838, 'recall': 0.2054, 'f1': 0.3159, 'auc': 0.8294}
val: {'epoch': 43, 'loss': 0.0897, 'lr': 0.001, 'params': 1413907, 'time_iter': 2.8375, 'accuracy': 0.9801, 'precision': 0.4783, 'recall': 0.1358, 'f1': 0.2115, 'auc': 0.7943}
train: {'epoch': 43, 'eta': 882614.3262, 'loss': 0.1147, 'lr': 0.001, 'params': 1413907, 'time_iter': 15.3837, 'accuracy': 0.9676, 'precision': 0.7107, 'recall': 0.2273, 'f1': 0.3444, 'auc': 0.836}
val: {'epoch': 44, 'loss': 0.0913, 'lr': 0.001, 'params': 1413907, 'time_iter': 2.7668, 'accuracy': 0.9803, 'precision': 0.5, 'recall': 0.0617, 'f1': 0.1099, 'auc': 0.7945}
train: {'epoch': 44, 'eta': 867346.2256, 'loss': 0.1139, 'lr': 0.001, 'params': 1413907, 'time_iter': 15.7087, 'accuracy': 0.9677, 'precision': 0.7128, 'recall': 0.2297, 'f1': 0.3475, 'auc': 0.84}
val: {'epoch': 45, 'loss': 0.0789, 'lr': 0.001, 'params': 1413907, 'time_iter': 2.9436, 'accuracy': 0.9825, 'precision': 0.6667, 'recall': 0.2222, 'f1': 0.3333, 'auc': 0.808}
train: {'epoch': 45, 'eta': 851743.0248, 'loss': 0.1141, 'lr': 0.001, 'params': 1413907, 'time_iter': 15.4635, 'accuracy': 0.9674, 'precision': 0.6988, 'recall': 0.2297, 'f1': 0.3458, 'auc': 0.8404}
val: {'epoch': 46, 'loss': 0.0798, 'lr': 0.001, 'params': 1413907, 'time_iter': 2.7176, 'accuracy': 0.981, 'precision': 0.5517, 'recall': 0.1975, 'f1': 0.2909, 'auc': 0.8318}
train: {'epoch': 46, 'eta': 835925.587, 'loss': 0.1128, 'lr': 0.001, 'params': 1413907, 'time_iter': 15.2902, 'accuracy': 0.9676, 'precision': 0.6965, 'recall': 0.2403, 'f1': 0.3573, 'auc': 0.8436}
val: {'epoch': 47, 'loss': 0.0843, 'lr': 0.001, 'params': 1413907, 'time_iter': 2.6407, 'accuracy': 0.9813, 'precision': 0.6429, 'recall': 0.1111, 'f1': 0.1895, 'auc': 0.8176}
train: {'epoch': 47, 'eta': 820370.3321, 'loss': 0.113, 'lr': 0.001, 'params': 1413907, 'time_iter': 15.5223, 'accuracy': 0.9679, 'precision': 0.704, 'recall': 0.2451, 'f1': 0.3636, 'auc': 0.8423}
val: {'epoch': 48, 'loss': 0.0798, 'lr': 0.001, 'params': 1413907, 'time_iter': 2.7319, 'accuracy': 0.9815, 'precision': 0.6316, 'recall': 0.1481, 'f1': 0.24, 'auc': 0.8099}
train: {'epoch': 48, 'eta': 804868.6996, 'loss': 0.114, 'lr': 0.001, 'params': 1413907, 'time_iter': 15.5882, 'accuracy': 0.967, 'precision': 0.6738, 'recall': 0.2313, 'f1': 0.3444, 'auc': 0.841}
val: {'epoch': 49, 'loss': 0.0895, 'lr': 0.001, 'params': 1413907, 'time_iter': 2.66, 'accuracy': 0.9791, 'precision': 0.4138, 'recall': 0.1481, 'f1': 0.2182, 'auc': 0.7783}
train: {'epoch': 49, 'eta': 789095.5022, 'loss': 0.1122, 'lr': 0.001, 'params': 1413907, 'time_iter': 15.3453, 'accuracy': 0.9677, 'precision': 0.7114, 'recall': 0.2321, 'f1': 0.3501, 'auc': 0.8463}
val: {'epoch': 50, 'loss': 0.0806, 'lr': 0.001, 'params': 1413907, 'time_iter': 2.7937, 'accuracy': 0.9808, 'precision': 0.5385, 'recall': 0.1728, 'f1': 0.2617, 'auc': 0.81}
train: {'epoch': 50, 'eta': 773276.1065, 'loss': 0.1133, 'lr': 0.001, 'params': 1413907, 'time_iter': 15.2992, 'accuracy': 0.9678, 'precision': 0.6993, 'recall': 0.2435, 'f1': 0.3612, 'auc': 0.8425}
val: {'epoch': 51, 'loss': 0.0808, 'lr': 0.001, 'params': 1413907, 'time_iter': 2.7028, 'accuracy': 0.9798, 'precision': 0.4706, 'recall': 0.1975, 'f1': 0.2783, 'auc': 0.806}
train: {'epoch': 51, 'eta': 757779.8627, 'loss': 0.1111, 'lr': 0.001, 'params': 1413907, 'time_iter': 15.6363, 'accuracy': 0.9681, 'precision': 0.7212, 'recall': 0.2435, 'f1': 0.3641, 'auc': 0.8464}
val: {'epoch': 52, 'loss': 0.0777, 'lr': 0.001, 'params': 1413907, 'time_iter': 2.6505, 'accuracy': 0.9796, 'precision': 0.4634, 'recall': 0.2346, 'f1': 0.3115, 'auc': 0.8192}
train: {'epoch': 52, 'eta': 742241.849, 'loss': 0.1109, 'lr': 0.001, 'params': 1413907, 'time_iter': 15.6151, 'accuracy': 0.9683, 'precision': 0.7193, 'recall': 0.2516, 'f1': 0.3728, 'auc': 0.8513}
val: {'epoch': 53, 'loss': 0.0854, 'lr': 0.001, 'params': 1413907, 'time_iter': 2.7933, 'accuracy': 0.9803, 'precision': 0.5, 'recall': 0.0864, 'f1': 0.1474, 'auc': 0.7836}
train: {'epoch': 53, 'eta': 726416.1439, 'loss': 0.1116, 'lr': 0.001, 'params': 1413907, 'time_iter': 15.3093, 'accuracy': 0.9673, 'precision': 0.6733, 'recall': 0.2476, 'f1': 0.362, 'auc': 0.852}
val: {'epoch': 54, 'loss': 0.0827, 'lr': 0.001, 'params': 1413907, 'time_iter': 2.725, 'accuracy': 0.9796, 'precision': 0.4348, 'recall': 0.1235, 'f1': 0.1923, 'auc': 0.8172}
train: {'epoch': 54, 'eta': 710446.2849, 'loss': 0.1102, 'lr': 0.001, 'params': 1413907, 'time_iter': 15.1349, 'accuracy': 0.968, 'precision': 0.7041, 'recall': 0.2492, 'f1': 0.3681, 'auc': 0.8539}
val: {'epoch': 55, 'loss': 0.079, 'lr': 0.001, 'params': 1413907, 'time_iter': 2.7923, 'accuracy': 0.9813, 'precision': 0.5833, 'recall': 0.1728, 'f1': 0.2667, 'auc': 0.8232}
train: {'epoch': 55, 'eta': 694742.825, 'loss': 0.1112, 'lr': 0.001, 'params': 1413907, 'time_iter': 15.4469, 'accuracy': 0.9684, 'precision': 0.7222, 'recall': 0.2532, 'f1': 0.375, 'auc': 0.8493}
val: {'epoch': 56, 'loss': 0.0805, 'lr': 0.001, 'params': 1413907, 'time_iter': 2.7595, 'accuracy': 0.9815, 'precision': 0.6471, 'recall': 0.1358, 'f1': 0.2245, 'auc': 0.8252}
train: {'epoch': 56, 'eta': 678864.9774, 'loss': 0.11, 'lr': 0.001, 'params': 1413907, 'time_iter': 15.2309, 'accuracy': 0.9677, 'precision': 0.6892, 'recall': 0.2484, 'f1': 0.3652, 'auc': 0.8548}
val: {'epoch': 57, 'loss': 0.0769, 'lr': 0.001, 'params': 1413907, 'time_iter': 2.8104, 'accuracy': 0.983, 'precision': 0.7037, 'recall': 0.2346, 'f1': 0.3519, 'auc': 0.8233}
train: {'epoch': 57, 'eta': 663033.97, 'loss': 0.1126, 'lr': 0.001, 'params': 1413907, 'time_iter': 15.2843, 'accuracy': 0.9679, 'precision': 0.7122, 'recall': 0.2411, 'f1': 0.3602, 'auc': 0.8468}
val: {'epoch': 58, 'loss': 0.0828, 'lr': 0.001, 'params': 1413907, 'time_iter': 2.743, 'accuracy': 0.9815, 'precision': 0.6, 'recall': 0.1852, 'f1': 0.283, 'auc': 0.8016}
train: {'epoch': 58, 'eta': 647491.6912, 'loss': 0.1097, 'lr': 0.001, 'params': 1413907, 'time_iter': 15.6832, 'accuracy': 0.9684, 'precision': 0.7162, 'recall': 0.2581, 'f1': 0.3795, 'auc': 0.8575}
val: {'epoch': 59, 'loss': 0.0865, 'lr': 0.001, 'params': 1413907, 'time_iter': 2.8988, 'accuracy': 0.9805, 'precision': 0.5185, 'recall': 0.1728, 'f1': 0.2593, 'auc': 0.8025}
train: {'epoch': 59, 'eta': 631605.9768, 'loss': 0.1092, 'lr': 0.001, 'params': 1413907, 'time_iter': 15.2115, 'accuracy': 0.9686, 'precision': 0.7262, 'recall': 0.2606, 'f1': 0.3835, 'auc': 0.8576}
val: {'epoch': 60, 'loss': 0.08, 'lr': 0.001, 'params': 1413907, 'time_iter': 2.7516, 'accuracy': 0.981, 'precision': 0.5652, 'recall': 0.1605, 'f1': 0.25, 'auc': 0.8355}
train: {'epoch': 60, 'eta': 615807.8505, 'loss': 0.1076, 'lr': 0.001, 'params': 1413907, 'time_iter': 15.333, 'accuracy': 0.9689, 'precision': 0.7176, 'recall': 0.2784, 'f1': 0.4012, 'auc': 0.8624}
val: {'epoch': 61, 'loss': 0.0832, 'lr': 0.001, 'params': 1413907, 'time_iter': 2.6969, 'accuracy': 0.9818, 'precision': 0.7143, 'recall': 0.1235, 'f1': 0.2105, 'auc': 0.7941}
train: {'epoch': 61, 'eta': 600223.2491, 'loss': 0.1072, 'lr': 0.001, 'params': 1413907, 'time_iter': 15.6705, 'accuracy': 0.9685, 'precision': 0.7031, 'recall': 0.2768, 'f1': 0.3972, 'auc': 0.8645}
val: {'epoch': 62, 'loss': 0.0858, 'lr': 0.001, 'params': 1413907, 'time_iter': 2.7964, 'accuracy': 0.982, 'precision': 0.7692, 'recall': 0.1235, 'f1': 0.2128, 'auc': 0.781}
train: {'epoch': 62, 'eta': 584269.8687, 'loss': 0.1083, 'lr': 0.001, 'params': 1413907, 'time_iter': 15.0887, 'accuracy': 0.9693, 'precision': 0.7407, 'recall': 0.276, 'f1': 0.4021, 'auc': 0.856}
val: {'epoch': 63, 'loss': 0.0842, 'lr': 0.001, 'params': 1413907, 'time_iter': 2.7307, 'accuracy': 0.9825, 'precision': 0.8, 'recall': 0.1481, 'f1': 0.25, 'auc': 0.8047}
train: {'epoch': 63, 'eta': 568619.5158, 'loss': 0.1076, 'lr': 0.001, 'params': 1413907, 'time_iter': 15.5892, 'accuracy': 0.969, 'precision': 0.7261, 'recall': 0.2776, 'f1': 0.4016, 'auc': 0.8648}
val: {'epoch': 64, 'loss': 0.0938, 'lr': 0.001, 'params': 1413907, 'time_iter': 2.8241, 'accuracy': 0.9801, 'precision': 0.4545, 'recall': 0.0617, 'f1': 0.1087, 'auc': 0.7596}
train: {'epoch': 64, 'eta': 552654.2847, 'loss': 0.1077, 'lr': 0.001, 'params': 1413907, 'time_iter': 15.0426, 'accuracy': 0.9693, 'precision': 0.7278, 'recall': 0.2865, 'f1': 0.4112, 'auc': 0.8609}
val: {'epoch': 65, 'loss': 0.0959, 'lr': 0.001, 'params': 1413907, 'time_iter': 2.7441, 'accuracy': 0.9823, 'precision': 0.9, 'recall': 0.1111, 'f1': 0.1978, 'auc': 0.7652}
train: {'epoch': 65, 'eta': 536884.3806, 'loss': 0.1079, 'lr': 0.001, 'params': 1413907, 'time_iter': 15.3833, 'accuracy': 0.9692, 'precision': 0.7271, 'recall': 0.2833, 'f1': 0.4077, 'auc': 0.8608}
val: {'epoch': 66, 'loss': 0.0887, 'lr': 0.001, 'params': 1413907, 'time_iter': 2.8186, 'accuracy': 0.9808, 'precision': 0.5714, 'recall': 0.0988, 'f1': 0.1684, 'auc': 0.7701}
train: {'epoch': 66, 'eta': 520887.8328, 'loss': 0.1067, 'lr': 0.001, 'params': 1413907, 'time_iter': 14.9396, 'accuracy': 0.9695, 'precision': 0.742, 'recall': 0.2825, 'f1': 0.4092, 'auc': 0.8663}
val: {'epoch': 67, 'loss': 0.0888, 'lr': 0.001, 'params': 1413907, 'time_iter': 2.7502, 'accuracy': 0.9791, 'precision': 0.3913, 'recall': 0.1111, 'f1': 0.1731, 'auc': 0.7827}
train: {'epoch': 67, 'eta': 505241.995, 'loss': 0.1068, 'lr': 0.001, 'params': 1413907, 'time_iter': 15.6259, 'accuracy': 0.9693, 'precision': 0.726, 'recall': 0.2881, 'f1': 0.4126, 'auc': 0.8641}
val: {'epoch': 68, 'loss': 0.082, 'lr': 0.001, 'params': 1413907, 'time_iter': 2.9197, 'accuracy': 0.982, 'precision': 0.6522, 'recall': 0.1852, 'f1': 0.2885, 'auc': 0.8132}
train: {'epoch': 68, 'eta': 489448.9863, 'loss': 0.1074, 'lr': 0.001, 'params': 1413907, 'time_iter': 15.3348, 'accuracy': 0.9694, 'precision': 0.7403, 'recall': 0.28, 'f1': 0.4064, 'auc': 0.8639}
val: {'epoch': 69, 'loss': 0.0877, 'lr': 0.001, 'params': 1413907, 'time_iter': 2.6842, 'accuracy': 0.9815, 'precision': 0.6087, 'recall': 0.1728, 'f1': 0.2692, 'auc': 0.7935}
train: {'epoch': 69, 'eta': 473774.2878, 'loss': 0.1053, 'lr': 0.001, 'params': 1413907, 'time_iter': 15.6022, 'accuracy': 0.9691, 'precision': 0.7166, 'recall': 0.2873, 'f1': 0.4102, 'auc': 0.8712}
val: {'epoch': 70, 'loss': 0.0838, 'lr': 0.001, 'params': 1413907, 'time_iter': 2.6373, 'accuracy': 0.9808, 'precision': 0.5455, 'recall': 0.1481, 'f1': 0.233, 'auc': 0.8041}
train: {'epoch': 70, 'eta': 458019.1297, 'loss': 0.1071, 'lr': 0.001, 'params': 1413907, 'time_iter': 15.4362, 'accuracy': 0.9689, 'precision': 0.7103, 'recall': 0.2865, 'f1': 0.4083, 'auc': 0.867}
val: {'epoch': 71, 'loss': 0.0865, 'lr': 0.001, 'params': 1413907, 'time_iter': 2.789, 'accuracy': 0.9818, 'precision': 0.65, 'recall': 0.1605, 'f1': 0.2574, 'auc': 0.8181}
train: {'epoch': 71, 'eta': 442221.502, 'loss': 0.1054, 'lr': 0.001, 'params': 1413907, 'time_iter': 15.339, 'accuracy': 0.9694, 'precision': 0.7301, 'recall': 0.2898, 'f1': 0.4149, 'auc': 0.8766}
val: {'epoch': 72, 'loss': 0.0905, 'lr': 0.001, 'params': 1413907, 'time_iter': 2.6737, 'accuracy': 0.9813, 'precision': 0.6429, 'recall': 0.1111, 'f1': 0.1895, 'auc': 0.795}
train: {'epoch': 72, 'eta': 426506.643, 'loss': 0.1041, 'lr': 0.001, 'params': 1413907, 'time_iter': 15.5555, 'accuracy': 0.9695, 'precision': 0.7258, 'recall': 0.2987, 'f1': 0.4232, 'auc': 0.8718}
val: {'epoch': 73, 'loss': 0.0857, 'lr': 0.001, 'params': 1413907, 'time_iter': 2.7833, 'accuracy': 0.982, 'precision': 0.6061, 'recall': 0.2469, 'f1': 0.3509, 'auc': 0.7877}
train: {'epoch': 73, 'eta': 410725.0623, 'loss': 0.1049, 'lr': 0.001, 'params': 1413907, 'time_iter': 15.3927, 'accuracy': 0.9698, 'precision': 0.7381, 'recall': 0.3019, 'f1': 0.4286, 'auc': 0.8727}
val: {'epoch': 74, 'loss': 0.0861, 'lr': 0.001, 'params': 1413907, 'time_iter': 2.7238, 'accuracy': 0.9818, 'precision': 0.7143, 'recall': 0.1235, 'f1': 0.2105, 'auc': 0.8147}
train: {'epoch': 74, 'eta': 395005.0409, 'loss': 0.1045, 'lr': 0.001, 'params': 1413907, 'time_iter': 15.5767, 'accuracy': 0.9699, 'precision': 0.7345, 'recall': 0.3076, 'f1': 0.4336, 'auc': 0.8728}
val: {'epoch': 75, 'loss': 0.087, 'lr': 0.001, 'params': 1413907, 'time_iter': 2.93, 'accuracy': 0.9815, 'precision': 0.6087, 'recall': 0.1728, 'f1': 0.2692, 'auc': 0.7923}
train: {'epoch': 75, 'eta': 379267.089, 'loss': 0.104, 'lr': 0.001, 'params': 1413907, 'time_iter': 15.5465, 'accuracy': 0.9698, 'precision': 0.7294, 'recall': 0.3084, 'f1': 0.4335, 'auc': 0.8798}
val: {'epoch': 76, 'loss': 0.0973, 'lr': 0.001, 'params': 1413907, 'time_iter': 2.7693, 'accuracy': 0.9813, 'precision': 0.5833, 'recall': 0.1728, 'f1': 0.2667, 'auc': 0.7564}
train: {'epoch': 76, 'eta': 363434.7768, 'loss': 0.1043, 'lr': 0.001, 'params': 1413907, 'time_iter': 15.2614, 'accuracy': 0.9693, 'precision': 0.7173, 'recall': 0.2987, 'f1': 0.4218, 'auc': 0.8774}
val: {'epoch': 77, 'loss': 0.0877, 'lr': 0.001, 'params': 1413907, 'time_iter': 2.6929, 'accuracy': 0.9813, 'precision': 0.5667, 'recall': 0.2099, 'f1': 0.3063, 'auc': 0.7826}
train: {'epoch': 77, 'eta': 347569.0345, 'loss': 0.1033, 'lr': 0.001, 'params': 1413907, 'time_iter': 15.1349, 'accuracy': 0.9699, 'precision': 0.7297, 'recall': 0.3133, 'f1': 0.4384, 'auc': 0.8765}
val: {'epoch': 78, 'loss': 0.0873, 'lr': 0.001, 'params': 1413907, 'time_iter': 2.7846, 'accuracy': 0.9803, 'precision': 0.5, 'recall': 0.1605, 'f1': 0.243, 'auc': 0.818}
train: {'epoch': 78, 'eta': 331695.8133, 'loss': 0.1027, 'lr': 0.001, 'params': 1413907, 'time_iter': 15.0805, 'accuracy': 0.9701, 'precision': 0.7475, 'recall': 0.3052, 'f1': 0.4334, 'auc': 0.8784}
val: {'epoch': 79, 'loss': 0.0911, 'lr': 0.001, 'params': 1413907, 'time_iter': 2.7693, 'accuracy': 0.9798, 'precision': 0.4545, 'recall': 0.1235, 'f1': 0.1942, 'auc': 0.7757}
train: {'epoch': 79, 'eta': 315850.7108, 'loss': 0.101, 'lr': 0.001, 'params': 1413907, 'time_iter': 15.1553, 'accuracy': 0.9705, 'precision': 0.7444, 'recall': 0.3214, 'f1': 0.449, 'auc': 0.8846}
val: {'epoch': 80, 'loss': 0.0964, 'lr': 0.001, 'params': 1413907, 'time_iter': 2.8916, 'accuracy': 0.9818, 'precision': 0.6875, 'recall': 0.1358, 'f1': 0.2268, 'auc': 0.7861}
train: {'epoch': 80, 'eta': 300043.9739, 'loss': 0.1024, 'lr': 0.001, 'params': 1413907, 'time_iter': 15.2886, 'accuracy': 0.9698, 'precision': 0.7232, 'recall': 0.3117, 'f1': 0.4356, 'auc': 0.8801}
val: {'epoch': 81, 'loss': 0.0907, 'lr': 0.001, 'params': 1413907, 'time_iter': 2.7768, 'accuracy': 0.9823, 'precision': 0.75, 'recall': 0.1481, 'f1': 0.2474, 'auc': 0.7664}
train: {'epoch': 81, 'eta': 284340.122, 'loss': 0.1008, 'lr': 0.001, 'params': 1413907, 'time_iter': 15.736, 'accuracy': 0.971, 'precision': 0.7725, 'recall': 0.3198, 'f1': 0.4524, 'auc': 0.8846}
val: {'epoch': 82, 'loss': 0.0941, 'lr': 0.001, 'params': 1413907, 'time_iter': 2.6829, 'accuracy': 0.9803, 'precision': 0.5, 'recall': 0.0864, 'f1': 0.1474, 'auc': 0.7615}
train: {'epoch': 82, 'eta': 268569.8052, 'loss': 0.1008, 'lr': 0.001, 'params': 1413907, 'time_iter': 15.4765, 'accuracy': 0.9705, 'precision': 0.7408, 'recall': 0.3271, 'f1': 0.4538, 'auc': 0.886}
val: {'epoch': 83, 'loss': 0.0867, 'lr': 0.001, 'params': 1413907, 'time_iter': 2.7771, 'accuracy': 0.9818, 'precision': 0.6154, 'recall': 0.1975, 'f1': 0.2991, 'auc': 0.7795}
train: {'epoch': 83, 'eta': 252741.6062, 'loss': 0.1031, 'lr': 0.001, 'params': 1413907, 'time_iter': 15.2001, 'accuracy': 0.9702, 'precision': 0.7409, 'recall': 0.3133, 'f1': 0.4404, 'auc': 0.8773}
val: {'epoch': 84, 'loss': 0.092, 'lr': 0.001, 'params': 1413907, 'time_iter': 2.7455, 'accuracy': 0.9818, 'precision': 0.75, 'recall': 0.1111, 'f1': 0.1935, 'auc': 0.7631}
train: {'epoch': 84, 'eta': 236965.4095, 'loss': 0.1016, 'lr': 0.001, 'params': 1413907, 'time_iter': 15.4622, 'accuracy': 0.9705, 'precision': 0.7471, 'recall': 0.319, 'f1': 0.4471, 'auc': 0.8822}
val: {'epoch': 85, 'loss': 0.0881, 'lr': 0.001, 'params': 1413907, 'time_iter': 2.8908, 'accuracy': 0.9808, 'precision': 0.5357, 'recall': 0.1852, 'f1': 0.2752, 'auc': 0.8023}
train: {'epoch': 85, 'eta': 221195.5225, 'loss': 0.0999, 'lr': 0.001, 'params': 1413907, 'time_iter': 15.5185, 'accuracy': 0.9705, 'precision': 0.733, 'recall': 0.332, 'f1': 0.457, 'auc': 0.8899}
val: {'epoch': 86, 'loss': 0.0995, 'lr': 0.001, 'params': 1413907, 'time_iter': 2.7635, 'accuracy': 0.981, 'precision': 0.6364, 'recall': 0.0864, 'f1': 0.1522, 'auc': 0.7415}
train: {'epoch': 86, 'eta': 205443.6135, 'loss': 0.1002, 'lr': 0.001, 'params': 1413907, 'time_iter': 15.6651, 'accuracy': 0.9708, 'precision': 0.75, 'recall': 0.3312, 'f1': 0.4595, 'auc': 0.8855}
val: {'epoch': 87, 'loss': 0.085, 'lr': 0.001, 'params': 1413907, 'time_iter': 2.9466, 'accuracy': 0.9815, 'precision': 0.5926, 'recall': 0.1975, 'f1': 0.2963, 'auc': 0.8117}
train: {'epoch': 87, 'eta': 189695.3876, 'loss': 0.1, 'lr': 0.001, 'params': 1413907, 'time_iter': 15.7509, 'accuracy': 0.9704, 'precision': 0.7349, 'recall': 0.3263, 'f1': 0.4519, 'auc': 0.886}
val: {'epoch': 88, 'loss': 0.0875, 'lr': 0.001, 'params': 1413907, 'time_iter': 2.7432, 'accuracy': 0.9813, 'precision': 0.5833, 'recall': 0.1728, 'f1': 0.2667, 'auc': 0.7819}
train: {'epoch': 88, 'eta': 173871.0758, 'loss': 0.1008, 'lr': 0.001, 'params': 1413907, 'time_iter': 15.2338, 'accuracy': 0.9701, 'precision': 0.7225, 'recall': 0.3255, 'f1': 0.4488, 'auc': 0.8902}
val: {'epoch': 89, 'loss': 0.0893, 'lr': 0.001, 'params': 1413907, 'time_iter': 2.7077, 'accuracy': 0.9818, 'precision': 0.6667, 'recall': 0.1481, 'f1': 0.2424, 'auc': 0.7846}
train: {'epoch': 89, 'eta': 158044.7165, 'loss': 0.099, 'lr': 0.001, 'params': 1413907, 'time_iter': 15.187, 'accuracy': 0.9712, 'precision': 0.755, 'recall': 0.3401, 'f1': 0.4689, 'auc': 0.8957}
val: {'epoch': 90, 'loss': 0.0795, 'lr': 0.001, 'params': 1413907, 'time_iter': 2.7569, 'accuracy': 0.982, 'precision': 0.64, 'recall': 0.1975, 'f1': 0.3019, 'auc': 0.8275}
train: {'epoch': 90, 'eta': 142251.9649, 'loss': 0.0991, 'lr': 0.001, 'params': 1413907, 'time_iter': 15.4742, 'accuracy': 0.9714, 'precision': 0.7553, 'recall': 0.3482, 'f1': 0.4767, 'auc': 0.8905}
val: {'epoch': 91, 'loss': 0.0951, 'lr': 0.001, 'params': 1413907, 'time_iter': 2.7139, 'accuracy': 0.9798, 'precision': 0.4643, 'recall': 0.1605, 'f1': 0.2385, 'auc': 0.7679}
train: {'epoch': 91, 'eta': 126455.8849, 'loss': 0.0986, 'lr': 0.001, 'params': 1413907, 'time_iter': 15.4687, 'accuracy': 0.9715, 'precision': 0.7653, 'recall': 0.3442, 'f1': 0.4748, 'auc': 0.8908}
val: {'epoch': 92, 'loss': 0.0883, 'lr': 0.001, 'params': 1413907, 'time_iter': 2.8301, 'accuracy': 0.9808, 'precision': 0.5625, 'recall': 0.1111, 'f1': 0.1856, 'auc': 0.7872}
train: {'epoch': 92, 'eta': 110619.8057, 'loss': 0.099, 'lr': 0.001, 'params': 1413907, 'time_iter': 14.9859, 'accuracy': 0.9708, 'precision': 0.7373, 'recall': 0.3417, 'f1': 0.467, 'auc': 0.8885}
val: {'epoch': 93, 'loss': 0.0952, 'lr': 0.001, 'params': 1413907, 'time_iter': 2.7221, 'accuracy': 0.9803, 'precision': 0.5, 'recall': 0.1975, 'f1': 0.2832, 'auc': 0.7399}
train: {'epoch': 93, 'eta': 94818.5739, 'loss': 0.0975, 'lr': 0.001, 'params': 1413907, 'time_iter': 15.3818, 'accuracy': 0.9716, 'precision': 0.7565, 'recall': 0.3555, 'f1': 0.4837, 'auc': 0.8945}
val: {'epoch': 94, 'loss': 0.0889, 'lr': 0.001, 'params': 1413907, 'time_iter': 2.8846, 'accuracy': 0.9815, 'precision': 0.6087, 'recall': 0.1728, 'f1': 0.2692, 'auc': 0.7736}
train: {'epoch': 94, 'eta': 79011.4688, 'loss': 0.0975, 'lr': 0.001, 'params': 1413907, 'time_iter': 15.2837, 'accuracy': 0.9714, 'precision': 0.7522, 'recall': 0.3523, 'f1': 0.4798, 'auc': 0.896}
val: {'epoch': 95, 'loss': 0.0935, 'lr': 0.001, 'params': 1413907, 'time_iter': 2.7348, 'accuracy': 0.9805, 'precision': 0.5161, 'recall': 0.1975, 'f1': 0.2857, 'auc': 0.7774}
train: {'epoch': 95, 'eta': 63217.6305, 'loss': 0.0974, 'lr': 0.001, 'params': 1413907, 'time_iter': 15.5542, 'accuracy': 0.9719, 'precision': 0.7611, 'recall': 0.362, 'f1': 0.4906, 'auc': 0.8945}
val: {'epoch': 96, 'loss': 0.0931, 'lr': 0.001, 'params': 1413907, 'time_iter': 2.734, 'accuracy': 0.9813, 'precision': 0.625, 'recall': 0.1235, 'f1': 0.2062, 'auc': 0.7644}
train: {'epoch': 96, 'eta': 47412.1233, 'loss': 0.0962, 'lr': 0.001, 'params': 1413907, 'time_iter': 15.3244, 'accuracy': 0.9716, 'precision': 0.753, 'recall': 0.3612, 'f1': 0.4882, 'auc': 0.8984}
val: {'epoch': 97, 'loss': 0.0903, 'lr': 0.001, 'params': 1413907, 'time_iter': 2.7371, 'accuracy': 0.9823, 'precision': 0.7222, 'recall': 0.1605, 'f1': 0.2626, 'auc': 0.7831}
train: {'epoch': 97, 'eta': 31599.041, 'loss': 0.0974, 'lr': 0.001, 'params': 1413907, 'time_iter': 14.9281, 'accuracy': 0.9712, 'precision': 0.7435, 'recall': 0.3506, 'f1': 0.4766, 'auc': 0.8954}
val: {'epoch': 98, 'loss': 0.0904, 'lr': 0.001, 'params': 1413907, 'time_iter': 2.7153, 'accuracy': 0.9803, 'precision': 0.5, 'recall': 0.2346, 'f1': 0.3193, 'auc': 0.7744}
train: {'epoch': 98, 'eta': 15798.3624, 'loss': 0.096, 'lr': 0.001, 'params': 1413907, 'time_iter': 15.2428, 'accuracy': 0.9713, 'precision': 0.7437, 'recall': 0.358, 'f1': 0.4833, 'auc': 0.9015}
val: {'epoch': 99, 'loss': 0.0912, 'lr': 0.001, 'params': 1413907, 'time_iter': 2.824, 'accuracy': 0.9808, 'precision': 0.5455, 'recall': 0.1481, 'f1': 0.233, 'auc': 0.7482}
train: {'epoch': 99, 'eta': 0.0, 'loss': 0.0965, 'lr': 0.001, 'params': 1413907, 'time_iter': 15.2142, 'accuracy': 0.9716, 'precision': 0.7605, 'recall': 0.3531, 'f1': 0.4823, 'auc': 0.897}
test: {'epoch': 99, 'loss': 0.1473, 'lr': 0.001, 'params': 1413907, 'time_iter': 2.6147, 'accuracy': 0.9696, 'precision': 0.6316, 'recall': 0.0923, 'f1': 0.1611, 'auc': 0.7668}
test: {'epoch': 60, 'loss': 0.1347, 'lr': 0.001, 'params': 1413907, 'time_iter': 2.694, 'accuracy': 0.9699, 'precision': 0.6071, 'recall': 0.1308, 'f1': 0.2152, 'auc': 0.7681}
