GraphGymModule(
  (model): DilatedGNNModel(
    (encoder): FeatureEncoder(
      (node_encoder): AtomEncoder(
        (atom_embedding_list): ModuleList(
          (0): Embedding(119, 300)
          (1): Embedding(4, 300)
          (2): Embedding(12, 300)
          (3): Embedding(12, 300)
          (4): Embedding(10, 300)
          (5): Embedding(6, 300)
          (6): Embedding(6, 300)
          (7): Embedding(2, 300)
          (8): Embedding(2, 300)
        )
      )
      (edge_encoder): BondEncoder(
        (bond_embedding_list): ModuleList(
          (0): Embedding(5, 300)
          (1): Embedding(6, 300)
          (2): Embedding(2, 300)
        )
      )
    )
    (mp): GNNDilatedStage(
      (classic_layers): ModuleList(
        (0): GeneralLayer(
          (layer): EGATConv(
            (model): GATConv(300, 300, heads=1)
          )
          (post_layer): Sequential(
            (0): BatchNorm1d(300, eps=1e-05, momentum=0.1, affine=True, track_running_stats=True)
            (1): Dropout(p=0.5, inplace=False)
            (2): ReLU()
          )
        )
      )
      (dilated_layers): ModuleList(
        (0): DilatedGeneralLayer(
          (layer): EGATConv(
            (model): GATConv(300, 300, heads=1)
          )
          (post_layer): Sequential(
            (0): BatchNorm1d(300, eps=1e-05, momentum=0.1, affine=True, track_running_stats=True)
            (1): Dropout(p=0.5, inplace=False)
            (2): ReLU()
          )
          (gem): GeM(p=3.0000, eps=1e-06)
        )
        (1): DilatedGeneralLayer(
          (layer): EGATConv(
            (model): GATConv(300, 300, heads=1)
          )
          (post_layer): Sequential(
            (0): BatchNorm1d(300, eps=1e-05, momentum=0.1, affine=True, track_running_stats=True)
            (1): Dropout(p=0.5, inplace=False)
            (2): ReLU()
          )
          (gem): GeM(p=3.0000, eps=1e-06)
        )
        (2): DilatedGeneralLayer(
          (layer): EGATConv(
            (model): GATConv(300, 300, heads=1)
          )
          (post_layer): Sequential(
            (0): BatchNorm1d(300, eps=1e-05, momentum=0.1, affine=True, track_running_stats=True)
            (1): Dropout(p=0.5, inplace=False)
            (2): ReLU()
          )
          (gem): GeM(p=3.0000, eps=1e-06)
        )
      )
      (act): ReLU()
    )
    (post_mp): GNNGraphHead(
      (layer_post_mp): MLP(
        (model): Sequential(
          (0): Linear(
            (model): Linear(300, 1, bias=True)
          )
        )
      )
    )
  )
)
accelerator: cuda
benchmark: False
bn:
  eps: 1e-05
  mom: 0.1
cfg_dest: config.yaml
custom_metrics: []
dataset:
  cache_load: False
  cache_save: False
  dir: ./datasets
  edge_dim: 300
  edge_encoder: True
  edge_encoder_bn: False
  edge_encoder_name: Bond
  edge_message_ratio: 0.8
  edge_negative_sampling_ratio: 1.0
  edge_train_mode: all
  encoder: True
  encoder_bn: True
  encoder_dim: 128
  encoder_name: db
  fast_loader: False
  format: OGB
  label_column: none
  label_table: none
  location: local
  name: ogbg-molhiv
  node_encoder: True
  node_encoder_bn: False
  node_encoder_name: Atom
  remove_feature: False
  resample_disjoint: False
  resample_negative: False
  shuffle_split: True
  split: [0.8, 0.1, 0.1]
  split_mode: random
  task: graph
  task_type: classification
  to_undirected: False
  transductive: False
  transform: none
  tu_simple: True
devices: 1
gnn:
  act: relu
  act_on_last_layer_mp: False
  agg: none
  att_final_linear: False
  att_final_linear_bn: False
  att_heads: 1
  batchnorm: True
  clear_feature: True
  dilated_path_join: add
  dim_inner: 300
  dropout: 0.5
  head: graph
  keep_edge: 0.5
  l2norm: True
  layer_type: egatconv
  layers_k1: 1
  layers_k2: 3
  layers_mp: 5
  layers_post_mp: 1
  layers_pre_mp: 0
  learn_alpha_residual_connection: True
  msg_direction: single
  normalize_adj: False
  self_msg: concat
  skip_every: 1
  stage_type: stack
  use_edge_features: True
gpu_mem: False
mem:
  inplace: False
metric_agg: argmax
metric_best: auc
model:
  edge_decoding: dot
  graph_pooling: mean
  loss_fun: cross_entropy
  match_upper: True
  size_average: mean
  thresh: 0.5
  type: dilated_gnn
num_threads: 6
num_workers: 16
optim:
  base_lr: 0.001
  lr_decay: 0.1
  max_epoch: 100
  momentum: 0.9
  optimizer: adam
  scheduler: none
  steps: [30, 60, 90]
  weight_decay: 0.0
out_dir: results_experiments/ogbg_molhiv_baseline_grid_design/ogbg_molhiv_baseline-type=dilated_gnn-layer_type=egatconv-layers_k1=1-layers_k2=3-dilated_path_join=add-learn_alpha_residual_connection=True
params: 782107
print: both
round: 4
run_dir: results_experiments/ogbg_molhiv_baseline_grid_design/ogbg_molhiv_baseline-type=dilated_gnn-layer_type=egatconv-layers_k1=1-layers_k2=3-dilated_path_join=add-learn_alpha_residual_connection=True/8
seed: 9
share:
  dim_in: 9
  dim_out: 2
  num_splits: 3
tensorboard_agg: True
tensorboard_each_run: False
train:
  auto_resume: False
  batch_size: 32
  ckpt_clean: True
  ckpt_period: 100
  enable_ckpt: True
  epoch_resume: -1
  eval_period: 1
  iter_per_epoch: 32
  neighbor_sizes: [20, 15, 10, 5]
  node_per_graph: 32
  radius: extend
  sample_node: False
  sampler: full_batch
  skip_train_eval: False
  walk_length: 4
val:
  node_per_graph: 32
  radius: extend
  sample_node: False
  sampler: full_batch
view_emb: False
Num parameters: 782107
val: {'epoch': 0, 'loss': 0.6966, 'lr': 0.001, 'params': 782107, 'time_iter': 0.9728, 'accuracy': 0.2188, 'precision': 0.0196, 'recall': 1.0, 'f1': 0.0385, 'auc': 0.6508}
val: {'epoch': 0, 'loss': 0.0983, 'lr': 0.001, 'params': 782107, 'time_iter': 3.0231, 'accuracy': 0.9803, 'precision': 0.0, 'recall': 0.0, 'f1': 0.0, 'auc': 0.6234}
train: {'epoch': 0, 'eta': 2429150.8416, 'loss': 0.185, 'lr': 0.001, 'params': 782107, 'time_iter': 23.8454, 'accuracy': 0.9624, 'precision': 0.0, 'recall': 0.0, 'f1': 0.0, 'auc': 0.5766}
val: {'epoch': 1, 'loss': 0.1011, 'lr': 0.001, 'params': 782107, 'time_iter': 3.1944, 'accuracy': 0.9803, 'precision': 0.0, 'recall': 0.0, 'f1': 0.0, 'auc': 0.556}
train: {'epoch': 1, 'eta': 2373305.8694, 'loss': 0.1529, 'lr': 0.001, 'params': 782107, 'time_iter': 23.2244, 'accuracy': 0.9626, 'precision': 0.0, 'recall': 0.0, 'f1': 0.0, 'auc': 0.6648}
val: {'epoch': 2, 'loss': 0.0944, 'lr': 0.001, 'params': 782107, 'time_iter': 3.292, 'accuracy': 0.9803, 'precision': 0.0, 'recall': 0.0, 'f1': 0.0, 'auc': 0.6652}
train: {'epoch': 2, 'eta': 2335079.5533, 'loss': 0.1506, 'lr': 0.001, 'params': 782107, 'time_iter': 23.1138, 'accuracy': 0.9626, 'precision': 0.0, 'recall': 0.0, 'f1': 0.0, 'auc': 0.6837}
val: {'epoch': 3, 'loss': 0.1026, 'lr': 0.001, 'params': 782107, 'time_iter': 3.1524, 'accuracy': 0.9803, 'precision': 0.0, 'recall': 0.0, 'f1': 0.0, 'auc': 0.6131}
train: {'epoch': 3, 'eta': 2319302.5876, 'loss': 0.148, 'lr': 0.001, 'params': 782107, 'time_iter': 23.7305, 'accuracy': 0.9626, 'precision': 0.0, 'recall': 0.0, 'f1': 0.0, 'auc': 0.6968}
val: {'epoch': 4, 'loss': 0.1001, 'lr': 0.001, 'params': 782107, 'time_iter': 3.3164, 'accuracy': 0.9803, 'precision': 0.0, 'recall': 0.0, 'f1': 0.0, 'auc': 0.6467}
train: {'epoch': 4, 'eta': 2292204.8971, 'loss': 0.1467, 'lr': 0.001, 'params': 782107, 'time_iter': 23.3282, 'accuracy': 0.9626, 'precision': 0.0, 'recall': 0.0, 'f1': 0.0, 'auc': 0.7056}
val: {'epoch': 5, 'loss': 0.0994, 'lr': 0.001, 'params': 782107, 'time_iter': 3.741, 'accuracy': 0.9803, 'precision': 0.0, 'recall': 0.0, 'f1': 0.0, 'auc': 0.6497}
train: {'epoch': 5, 'eta': 2254955.7335, 'loss': 0.149, 'lr': 0.001, 'params': 782107, 'time_iter': 22.6346, 'accuracy': 0.9626, 'precision': 0.0, 'recall': 0.0, 'f1': 0.0, 'auc': 0.6815}
val: {'epoch': 6, 'loss': 0.0996, 'lr': 0.001, 'params': 782107, 'time_iter': 3.1309, 'accuracy': 0.9803, 'precision': 0.0, 'recall': 0.0, 'f1': 0.0, 'auc': 0.6069}
train: {'epoch': 6, 'eta': 2227979.7987, 'loss': 0.1475, 'lr': 0.001, 'params': 782107, 'time_iter': 23.0943, 'accuracy': 0.9626, 'precision': 0.0, 'recall': 0.0, 'f1': 0.0, 'auc': 0.686}
val: {'epoch': 7, 'loss': 0.1012, 'lr': 0.001, 'params': 782107, 'time_iter': 3.0012, 'accuracy': 0.9803, 'precision': 0.0, 'recall': 0.0, 'f1': 0.0, 'auc': 0.6355}
train: {'epoch': 7, 'eta': 2207648.8089, 'loss': 0.1479, 'lr': 0.001, 'params': 782107, 'time_iter': 23.588, 'accuracy': 0.9626, 'precision': 0.0, 'recall': 0.0, 'f1': 0.0, 'auc': 0.6787}
val: {'epoch': 8, 'loss': 0.103, 'lr': 0.001, 'params': 782107, 'time_iter': 3.0474, 'accuracy': 0.9803, 'precision': 0.0, 'recall': 0.0, 'f1': 0.0, 'auc': 0.6121}
train: {'epoch': 8, 'eta': 2183597.1398, 'loss': 0.1468, 'lr': 0.001, 'params': 782107, 'time_iter': 23.3146, 'accuracy': 0.9626, 'precision': 0.0, 'recall': 0.0, 'f1': 0.0, 'auc': 0.689}
val: {'epoch': 9, 'loss': 0.1048, 'lr': 0.001, 'params': 782107, 'time_iter': 2.9697, 'accuracy': 0.9803, 'precision': 0.0, 'recall': 0.0, 'f1': 0.0, 'auc': 0.6364}
train: {'epoch': 9, 'eta': 2163833.8014, 'loss': 0.147, 'lr': 0.001, 'params': 782107, 'time_iter': 23.7763, 'accuracy': 0.9626, 'precision': 1.0, 'recall': 0.0008, 'f1': 0.0016, 'auc': 0.6881}
val: {'epoch': 10, 'loss': 0.1024, 'lr': 0.001, 'params': 782107, 'time_iter': 2.8747, 'accuracy': 0.9803, 'precision': 0.0, 'recall': 0.0, 'f1': 0.0, 'auc': 0.6196}
train: {'epoch': 10, 'eta': 2123690.0598, 'loss': 0.1462, 'lr': 0.001, 'params': 782107, 'time_iter': 21.4311, 'accuracy': 0.9625, 'precision': 0.0, 'recall': 0.0, 'f1': 0.0, 'auc': 0.6907}
val: {'epoch': 11, 'loss': 0.1027, 'lr': 0.001, 'params': 782107, 'time_iter': 3.3476, 'accuracy': 0.9803, 'precision': 0.0, 'recall': 0.0, 'f1': 0.0, 'auc': 0.6125}
train: {'epoch': 11, 'eta': 2098081.0745, 'loss': 0.1465, 'lr': 0.001, 'params': 782107, 'time_iter': 22.9576, 'accuracy': 0.9625, 'precision': 0.0, 'recall': 0.0, 'f1': 0.0, 'auc': 0.6886}
val: {'epoch': 12, 'loss': 0.1095, 'lr': 0.001, 'params': 782107, 'time_iter': 3.2282, 'accuracy': 0.9803, 'precision': 0.0, 'recall': 0.0, 'f1': 0.0, 'auc': 0.6346}
train: {'epoch': 12, 'eta': 2082719.2365, 'loss': 0.1471, 'lr': 0.001, 'params': 782107, 'time_iter': 24.4013, 'accuracy': 0.9625, 'precision': 0.3333, 'recall': 0.0008, 'f1': 0.0016, 'auc': 0.6933}
val: {'epoch': 13, 'loss': 0.1099, 'lr': 0.001, 'params': 782107, 'time_iter': 3.1, 'accuracy': 0.9803, 'precision': 0.0, 'recall': 0.0, 'f1': 0.0, 'auc': 0.6927}
train: {'epoch': 13, 'eta': 2063369.8397, 'loss': 0.1484, 'lr': 0.001, 'params': 782107, 'time_iter': 23.9908, 'accuracy': 0.9626, 'precision': 0.5, 'recall': 0.0008, 'f1': 0.0016, 'auc': 0.6789}
val: {'epoch': 14, 'loss': 0.1037, 'lr': 0.001, 'params': 782107, 'time_iter': 3.0499, 'accuracy': 0.9803, 'precision': 0.0, 'recall': 0.0, 'f1': 0.0, 'auc': 0.6448}
train: {'epoch': 14, 'eta': 2045264.782, 'loss': 0.1465, 'lr': 0.001, 'params': 782107, 'time_iter': 24.3262, 'accuracy': 0.9626, 'precision': 0.6667, 'recall': 0.0049, 'f1': 0.0097, 'auc': 0.6953}
val: {'epoch': 15, 'loss': 0.0984, 'lr': 0.001, 'params': 782107, 'time_iter': 2.886, 'accuracy': 0.981, 'precision': 1.0, 'recall': 0.037, 'f1': 0.0714, 'auc': 0.6515}
train: {'epoch': 15, 'eta': 2020461.9928, 'loss': 0.145, 'lr': 0.001, 'params': 782107, 'time_iter': 23.2467, 'accuracy': 0.9627, 'precision': 0.6, 'recall': 0.0122, 'f1': 0.0239, 'auc': 0.6952}
val: {'epoch': 16, 'loss': 0.0976, 'lr': 0.001, 'params': 782107, 'time_iter': 3.4755, 'accuracy': 0.9808, 'precision': 0.625, 'recall': 0.0617, 'f1': 0.1124, 'auc': 0.7187}
train: {'epoch': 16, 'eta': 1996429.4168, 'loss': 0.1439, 'lr': 0.001, 'params': 782107, 'time_iter': 23.3793, 'accuracy': 0.9629, 'precision': 0.7391, 'recall': 0.0138, 'f1': 0.0271, 'auc': 0.7014}
val: {'epoch': 17, 'loss': 0.1008, 'lr': 0.001, 'params': 782107, 'time_iter': 3.31, 'accuracy': 0.981, 'precision': 1.0, 'recall': 0.037, 'f1': 0.0714, 'auc': 0.7049}
train: {'epoch': 17, 'eta': 1974181.5542, 'loss': 0.1433, 'lr': 0.001, 'params': 782107, 'time_iter': 23.7606, 'accuracy': 0.9629, 'precision': 0.6875, 'recall': 0.0179, 'f1': 0.0348, 'auc': 0.7061}
val: {'epoch': 18, 'loss': 0.1034, 'lr': 0.001, 'params': 782107, 'time_iter': 3.5392, 'accuracy': 0.9813, 'precision': 1.0, 'recall': 0.0494, 'f1': 0.0941, 'auc': 0.6954}
train: {'epoch': 18, 'eta': 1954764.4243, 'loss': 0.1434, 'lr': 0.001, 'params': 782107, 'time_iter': 24.4588, 'accuracy': 0.963, 'precision': 0.8261, 'recall': 0.0154, 'f1': 0.0303, 'auc': 0.7073}
val: {'epoch': 19, 'loss': 0.0984, 'lr': 0.001, 'params': 782107, 'time_iter': 3.1815, 'accuracy': 0.982, 'precision': 1.0, 'recall': 0.0864, 'f1': 0.1591, 'auc': 0.7016}
train: {'epoch': 19, 'eta': 1930277.4258, 'loss': 0.143, 'lr': 0.001, 'params': 782107, 'time_iter': 23.3667, 'accuracy': 0.9631, 'precision': 0.7073, 'recall': 0.0235, 'f1': 0.0456, 'auc': 0.7057}
val: {'epoch': 20, 'loss': 0.1008, 'lr': 0.001, 'params': 782107, 'time_iter': 3.2282, 'accuracy': 0.9815, 'precision': 1.0, 'recall': 0.0617, 'f1': 0.1163, 'auc': 0.7163}
train: {'epoch': 20, 'eta': 1906655.5049, 'loss': 0.1418, 'lr': 0.001, 'params': 782107, 'time_iter': 23.5793, 'accuracy': 0.9638, 'precision': 0.8226, 'recall': 0.0414, 'f1': 0.0788, 'auc': 0.7123}
val: {'epoch': 21, 'loss': 0.1022, 'lr': 0.001, 'params': 782107, 'time_iter': 2.9321, 'accuracy': 0.9813, 'precision': 1.0, 'recall': 0.0494, 'f1': 0.0941, 'auc': 0.6843}
train: {'epoch': 21, 'eta': 1885131.2246, 'loss': 0.1423, 'lr': 0.001, 'params': 782107, 'time_iter': 24.1703, 'accuracy': 0.9633, 'precision': 0.7222, 'recall': 0.0317, 'f1': 0.0607, 'auc': 0.7105}
val: {'epoch': 22, 'loss': 0.0954, 'lr': 0.001, 'params': 782107, 'time_iter': 3.2626, 'accuracy': 0.9818, 'precision': 0.875, 'recall': 0.0864, 'f1': 0.1573, 'auc': 0.6253}
train: {'epoch': 22, 'eta': 1863704.6424, 'loss': 0.1431, 'lr': 0.001, 'params': 782107, 'time_iter': 24.2831, 'accuracy': 0.9636, 'precision': 0.7045, 'recall': 0.0503, 'f1': 0.0939, 'auc': 0.695}
val: {'epoch': 23, 'loss': 0.0966, 'lr': 0.001, 'params': 782107, 'time_iter': 3.5571, 'accuracy': 0.9813, 'precision': 0.6667, 'recall': 0.0988, 'f1': 0.172, 'auc': 0.654}
train: {'epoch': 23, 'eta': 1842056.1838, 'loss': 0.143, 'lr': 0.001, 'params': 782107, 'time_iter': 24.3061, 'accuracy': 0.9632, 'precision': 0.6196, 'recall': 0.0463, 'f1': 0.0861, 'auc': 0.7017}
val: {'epoch': 24, 'loss': 0.1035, 'lr': 0.001, 'params': 782107, 'time_iter': 3.1563, 'accuracy': 0.9803, 'precision': 0.5, 'recall': 0.0123, 'f1': 0.0241, 'auc': 0.6394}
train: {'epoch': 24, 'eta': 1812982.1423, 'loss': 0.1441, 'lr': 0.001, 'params': 782107, 'time_iter': 21.9878, 'accuracy': 0.9636, 'precision': 0.6768, 'recall': 0.0544, 'f1': 0.1007, 'auc': 0.6928}
val: {'epoch': 25, 'loss': 0.1021, 'lr': 0.001, 'params': 782107, 'time_iter': 3.1496, 'accuracy': 0.9813, 'precision': 0.75, 'recall': 0.0741, 'f1': 0.1348, 'auc': 0.6321}
train: {'epoch': 25, 'eta': 1789641.4583, 'loss': 0.1428, 'lr': 0.001, 'params': 782107, 'time_iter': 23.7761, 'accuracy': 0.9633, 'precision': 0.5969, 'recall': 0.0625, 'f1': 0.1132, 'auc': 0.7006}
val: {'epoch': 26, 'loss': 0.1042, 'lr': 0.001, 'params': 782107, 'time_iter': 3.2833, 'accuracy': 0.9803, 'precision': 0.0, 'recall': 0.0, 'f1': 0.0, 'auc': 0.712}
train: {'epoch': 26, 'eta': 1766794.6906, 'loss': 0.1447, 'lr': 0.001, 'params': 782107, 'time_iter': 23.9835, 'accuracy': 0.9633, 'precision': 0.6316, 'recall': 0.0487, 'f1': 0.0904, 'auc': 0.691}
val: {'epoch': 27, 'loss': 0.1008, 'lr': 0.001, 'params': 782107, 'time_iter': 3.3101, 'accuracy': 0.9803, 'precision': 0.0, 'recall': 0.0, 'f1': 0.0, 'auc': 0.6347}
train: {'epoch': 27, 'eta': 1741814.4701, 'loss': 0.1445, 'lr': 0.001, 'params': 782107, 'time_iter': 23.2267, 'accuracy': 0.9635, 'precision': 0.663, 'recall': 0.0495, 'f1': 0.0921, 'auc': 0.6945}
val: {'epoch': 28, 'loss': 0.1019, 'lr': 0.001, 'params': 782107, 'time_iter': 3.1117, 'accuracy': 0.9815, 'precision': 0.8571, 'recall': 0.0741, 'f1': 0.1364, 'auc': 0.6376}
train: {'epoch': 28, 'eta': 1717576.19, 'loss': 0.1422, 'lr': 0.001, 'params': 782107, 'time_iter': 23.4917, 'accuracy': 0.9634, 'precision': 0.6373, 'recall': 0.0528, 'f1': 0.0975, 'auc': 0.7086}
val: {'epoch': 29, 'loss': 0.1023, 'lr': 0.001, 'params': 782107, 'time_iter': 3.9175, 'accuracy': 0.9818, 'precision': 0.8, 'recall': 0.0988, 'f1': 0.1758, 'auc': 0.6631}
train: {'epoch': 29, 'eta': 1693322.4019, 'loss': 0.1414, 'lr': 0.001, 'params': 782107, 'time_iter': 23.4834, 'accuracy': 0.9638, 'precision': 0.7442, 'recall': 0.0519, 'f1': 0.0971, 'auc': 0.7178}
val: {'epoch': 30, 'loss': 0.0998, 'lr': 0.001, 'params': 782107, 'time_iter': 3.2351, 'accuracy': 0.9815, 'precision': 0.7778, 'recall': 0.0864, 'f1': 0.1556, 'auc': 0.7049}
train: {'epoch': 30, 'eta': 1668463.0649, 'loss': 0.1432, 'lr': 0.001, 'params': 782107, 'time_iter': 23.2165, 'accuracy': 0.9635, 'precision': 0.7313, 'recall': 0.0398, 'f1': 0.0754, 'auc': 0.7188}
val: {'epoch': 31, 'loss': 0.0978, 'lr': 0.001, 'params': 782107, 'time_iter': 3.2715, 'accuracy': 0.9815, 'precision': 0.7778, 'recall': 0.0864, 'f1': 0.1556, 'auc': 0.6855}
train: {'epoch': 31, 'eta': 1645416.0403, 'loss': 0.1428, 'lr': 0.001, 'params': 782107, 'time_iter': 24.0176, 'accuracy': 0.964, 'precision': 0.7196, 'recall': 0.0625, 'f1': 0.115, 'auc': 0.707}
val: {'epoch': 32, 'loss': 0.093, 'lr': 0.001, 'params': 782107, 'time_iter': 3.144, 'accuracy': 0.981, 'precision': 0.7143, 'recall': 0.0617, 'f1': 0.1136, 'auc': 0.6707}
train: {'epoch': 32, 'eta': 1623387.4212, 'loss': 0.1432, 'lr': 0.001, 'params': 782107, 'time_iter': 24.5534, 'accuracy': 0.9636, 'precision': 0.6542, 'recall': 0.0568, 'f1': 0.1046, 'auc': 0.7025}
val: {'epoch': 33, 'loss': 0.1003, 'lr': 0.001, 'params': 782107, 'time_iter': 3.3098, 'accuracy': 0.9818, 'precision': 0.875, 'recall': 0.0864, 'f1': 0.1573, 'auc': 0.6935}
train: {'epoch': 33, 'eta': 1598946.4714, 'loss': 0.143, 'lr': 0.001, 'params': 782107, 'time_iter': 23.441, 'accuracy': 0.9639, 'precision': 0.6864, 'recall': 0.0657, 'f1': 0.12, 'auc': 0.7057}
val: {'epoch': 34, 'loss': 0.1011, 'lr': 0.001, 'params': 782107, 'time_iter': 2.9349, 'accuracy': 0.9815, 'precision': 0.7273, 'recall': 0.0988, 'f1': 0.1739, 'auc': 0.6915}
train: {'epoch': 34, 'eta': 1575037.6974, 'loss': 0.1419, 'lr': 0.001, 'params': 782107, 'time_iter': 23.7099, 'accuracy': 0.9638, 'precision': 0.7143, 'recall': 0.0568, 'f1': 0.1053, 'auc': 0.7131}
val: {'epoch': 35, 'loss': 0.1037, 'lr': 0.001, 'params': 782107, 'time_iter': 3.4258, 'accuracy': 0.9818, 'precision': 0.875, 'recall': 0.0864, 'f1': 0.1573, 'auc': 0.6605}
train: {'epoch': 35, 'eta': 1548306.3422, 'loss': 0.1416, 'lr': 0.001, 'params': 782107, 'time_iter': 22.1818, 'accuracy': 0.9636, 'precision': 0.65, 'recall': 0.0633, 'f1': 0.1154, 'auc': 0.7128}
val: {'epoch': 36, 'loss': 0.104, 'lr': 0.001, 'params': 782107, 'time_iter': 3.2107, 'accuracy': 0.9818, 'precision': 1.0, 'recall': 0.0741, 'f1': 0.1379, 'auc': 0.6733}
train: {'epoch': 36, 'eta': 1525711.4501, 'loss': 0.1416, 'lr': 0.001, 'params': 782107, 'time_iter': 24.4222, 'accuracy': 0.9635, 'precision': 0.7027, 'recall': 0.0422, 'f1': 0.0796, 'auc': 0.7156}
val: {'epoch': 37, 'loss': 0.1008, 'lr': 0.001, 'params': 782107, 'time_iter': 3.6891, 'accuracy': 0.9818, 'precision': 0.875, 'recall': 0.0864, 'f1': 0.1573, 'auc': 0.68}
train: {'epoch': 37, 'eta': 1502145.6047, 'loss': 0.141, 'lr': 0.001, 'params': 782107, 'time_iter': 23.9234, 'accuracy': 0.9636, 'precision': 0.6602, 'recall': 0.0552, 'f1': 0.1019, 'auc': 0.7183}
val: {'epoch': 38, 'loss': 0.1055, 'lr': 0.001, 'params': 782107, 'time_iter': 3.5314, 'accuracy': 0.9803, 'precision': 0.5, 'recall': 0.0494, 'f1': 0.0899, 'auc': 0.6372}
train: {'epoch': 38, 'eta': 1478036.0931, 'loss': 0.1405, 'lr': 0.001, 'params': 782107, 'time_iter': 23.6191, 'accuracy': 0.9635, 'precision': 0.6442, 'recall': 0.0544, 'f1': 0.1003, 'auc': 0.7262}
val: {'epoch': 39, 'loss': 0.1004, 'lr': 0.001, 'params': 782107, 'time_iter': 3.0458, 'accuracy': 0.9803, 'precision': 0.5, 'recall': 0.0864, 'f1': 0.1474, 'auc': 0.6857}
train: {'epoch': 39, 'eta': 1454319.387, 'loss': 0.1412, 'lr': 0.001, 'params': 782107, 'time_iter': 23.8798, 'accuracy': 0.9637, 'precision': 0.6762, 'recall': 0.0576, 'f1': 0.1062, 'auc': 0.7156}
val: {'epoch': 40, 'loss': 0.1046, 'lr': 0.001, 'params': 782107, 'time_iter': 2.8988, 'accuracy': 0.9801, 'precision': 0.3333, 'recall': 0.0123, 'f1': 0.0238, 'auc': 0.6405}
train: {'epoch': 40, 'eta': 1430039.9153, 'loss': 0.1408, 'lr': 0.001, 'params': 782107, 'time_iter': 23.528, 'accuracy': 0.9631, 'precision': 0.5634, 'recall': 0.0649, 'f1': 0.1164, 'auc': 0.7219}
val: {'epoch': 41, 'loss': 0.1053, 'lr': 0.001, 'params': 782107, 'time_iter': 3.8622, 'accuracy': 0.9801, 'precision': 0.4286, 'recall': 0.037, 'f1': 0.0682, 'auc': 0.6202}
train: {'epoch': 41, 'eta': 1403762.6641, 'loss': 0.1407, 'lr': 0.001, 'params': 782107, 'time_iter': 22.1198, 'accuracy': 0.9628, 'precision': 0.5506, 'recall': 0.0398, 'f1': 0.0742, 'auc': 0.7328}
val: {'epoch': 42, 'loss': 0.1046, 'lr': 0.001, 'params': 782107, 'time_iter': 3.1796, 'accuracy': 0.9805, 'precision': 0.6, 'recall': 0.037, 'f1': 0.0698, 'auc': 0.6414}
train: {'epoch': 42, 'eta': 1380319.2158, 'loss': 0.1403, 'lr': 0.001, 'params': 782107, 'time_iter': 24.0774, 'accuracy': 0.963, 'precision': 0.5862, 'recall': 0.0414, 'f1': 0.0773, 'auc': 0.7334}
val: {'epoch': 43, 'loss': 0.1081, 'lr': 0.001, 'params': 782107, 'time_iter': 3.3918, 'accuracy': 0.9805, 'precision': 0.5714, 'recall': 0.0494, 'f1': 0.0909, 'auc': 0.6378}
train: {'epoch': 43, 'eta': 1355283.4517, 'loss': 0.1397, 'lr': 0.001, 'params': 782107, 'time_iter': 22.9078, 'accuracy': 0.9638, 'precision': 0.6923, 'recall': 0.0584, 'f1': 0.1078, 'auc': 0.7356}
val: {'epoch': 44, 'loss': 0.1158, 'lr': 0.001, 'params': 782107, 'time_iter': 3.2068, 'accuracy': 0.9803, 'precision': 0.0, 'recall': 0.0, 'f1': 0.0, 'auc': 0.6375}
train: {'epoch': 44, 'eta': 1331818.8716, 'loss': 0.1468, 'lr': 0.001, 'params': 782107, 'time_iter': 24.1054, 'accuracy': 0.9627, 'precision': 0.5455, 'recall': 0.0195, 'f1': 0.0376, 'auc': 0.6966}
val: {'epoch': 45, 'loss': 0.1103, 'lr': 0.001, 'params': 782107, 'time_iter': 2.9819, 'accuracy': 0.9803, 'precision': 0.0, 'recall': 0.0, 'f1': 0.0, 'auc': 0.6785}
train: {'epoch': 45, 'eta': 1308573.1469, 'loss': 0.1468, 'lr': 0.001, 'params': 782107, 'time_iter': 24.3348, 'accuracy': 0.9623, 'precision': 0.3784, 'recall': 0.0114, 'f1': 0.0221, 'auc': 0.6995}
val: {'epoch': 46, 'loss': 0.1129, 'lr': 0.001, 'params': 782107, 'time_iter': 4.785, 'accuracy': 0.981, 'precision': 0.6364, 'recall': 0.0864, 'f1': 0.1522, 'auc': 0.6036}
train: {'epoch': 46, 'eta': 1283941.524, 'loss': 0.1418, 'lr': 0.001, 'params': 782107, 'time_iter': 23.2062, 'accuracy': 0.9631, 'precision': 0.6286, 'recall': 0.0357, 'f1': 0.0676, 'auc': 0.7145}
val: {'epoch': 47, 'loss': 0.1182, 'lr': 0.001, 'params': 782107, 'time_iter': 3.3217, 'accuracy': 0.9803, 'precision': 0.0, 'recall': 0.0, 'f1': 0.0, 'auc': 0.6511}
train: {'epoch': 47, 'eta': 1259248.6278, 'loss': 0.1395, 'lr': 0.001, 'params': 782107, 'time_iter': 23.1231, 'accuracy': 0.9636, 'precision': 0.6423, 'recall': 0.0641, 'f1': 0.1166, 'auc': 0.7271}
val: {'epoch': 48, 'loss': 0.1171, 'lr': 0.001, 'params': 782107, 'time_iter': 3.5396, 'accuracy': 0.9803, 'precision': 0.5, 'recall': 0.0741, 'f1': 0.129, 'auc': 0.647}
train: {'epoch': 48, 'eta': 1234451.1086, 'loss': 0.1388, 'lr': 0.001, 'params': 782107, 'time_iter': 22.9912, 'accuracy': 0.9632, 'precision': 0.582, 'recall': 0.0576, 'f1': 0.1049, 'auc': 0.7362}
val: {'epoch': 49, 'loss': 0.11, 'lr': 0.001, 'params': 782107, 'time_iter': 3.0848, 'accuracy': 0.9803, 'precision': 0.5, 'recall': 0.0741, 'f1': 0.129, 'auc': 0.7001}
train: {'epoch': 49, 'eta': 1209214.713, 'loss': 0.1388, 'lr': 0.001, 'params': 782107, 'time_iter': 22.5204, 'accuracy': 0.9636, 'precision': 0.6204, 'recall': 0.069, 'f1': 0.1242, 'auc': 0.7253}
val: {'epoch': 50, 'loss': 0.1115, 'lr': 0.001, 'params': 782107, 'time_iter': 3.569, 'accuracy': 0.9808, 'precision': 0.75, 'recall': 0.037, 'f1': 0.0706, 'auc': 0.6857}
train: {'epoch': 50, 'eta': 1185755.3266, 'loss': 0.1391, 'lr': 0.001, 'params': 782107, 'time_iter': 24.2359, 'accuracy': 0.9641, 'precision': 0.6786, 'recall': 0.0771, 'f1': 0.1385, 'auc': 0.7184}
val: {'epoch': 51, 'loss': 0.1144, 'lr': 0.001, 'params': 782107, 'time_iter': 3.2774, 'accuracy': 0.9805, 'precision': 0.6667, 'recall': 0.0247, 'f1': 0.0476, 'auc': 0.6748}
train: {'epoch': 51, 'eta': 1161129.8263, 'loss': 0.1416, 'lr': 0.001, 'params': 782107, 'time_iter': 23.0682, 'accuracy': 0.9632, 'precision': 0.6375, 'recall': 0.0414, 'f1': 0.0777, 'auc': 0.7206}
val: {'epoch': 52, 'loss': 0.1151, 'lr': 0.001, 'params': 782107, 'time_iter': 3.0701, 'accuracy': 0.981, 'precision': 1.0, 'recall': 0.037, 'f1': 0.0714, 'auc': 0.665}
train: {'epoch': 52, 'eta': 1136832.4323, 'loss': 0.1399, 'lr': 0.001, 'params': 782107, 'time_iter': 23.391, 'accuracy': 0.9629, 'precision': 0.56, 'recall': 0.0455, 'f1': 0.0841, 'auc': 0.7292}
val: {'epoch': 53, 'loss': 0.1107, 'lr': 0.001, 'params': 782107, 'time_iter': 3.2784, 'accuracy': 0.9801, 'precision': 0.0, 'recall': 0.0, 'f1': 0.0, 'auc': 0.6923}
train: {'epoch': 53, 'eta': 1112421.877, 'loss': 0.1428, 'lr': 0.001, 'params': 782107, 'time_iter': 23.2523, 'accuracy': 0.9627, 'precision': 0.5357, 'recall': 0.0244, 'f1': 0.0466, 'auc': 0.7166}
val: {'epoch': 54, 'loss': 0.1179, 'lr': 0.001, 'params': 782107, 'time_iter': 3.1198, 'accuracy': 0.9801, 'precision': 0.0, 'recall': 0.0, 'f1': 0.0, 'auc': 0.6967}
train: {'epoch': 54, 'eta': 1088309.5624, 'loss': 0.1406, 'lr': 0.001, 'params': 782107, 'time_iter': 23.5856, 'accuracy': 0.9627, 'precision': 0.5405, 'recall': 0.0325, 'f1': 0.0613, 'auc': 0.7242}
val: {'epoch': 55, 'loss': 0.1175, 'lr': 0.001, 'params': 782107, 'time_iter': 3.2268, 'accuracy': 0.9803, 'precision': 0.0, 'recall': 0.0, 'f1': 0.0, 'auc': 0.7063}
train: {'epoch': 55, 'eta': 1063527.9446, 'loss': 0.1402, 'lr': 0.001, 'params': 782107, 'time_iter': 22.7647, 'accuracy': 0.9629, 'precision': 0.5481, 'recall': 0.0463, 'f1': 0.0853, 'auc': 0.7221}
val: {'epoch': 56, 'loss': 0.1175, 'lr': 0.001, 'params': 782107, 'time_iter': 3.0888, 'accuracy': 0.9803, 'precision': 0.0, 'recall': 0.0, 'f1': 0.0, 'auc': 0.7057}
train: {'epoch': 56, 'eta': 1038395.9397, 'loss': 0.1387, 'lr': 0.001, 'params': 782107, 'time_iter': 22.252, 'accuracy': 0.9633, 'precision': 0.6238, 'recall': 0.0511, 'f1': 0.0945, 'auc': 0.7334}
val: {'epoch': 57, 'loss': 0.1139, 'lr': 0.001, 'params': 782107, 'time_iter': 2.995, 'accuracy': 0.9808, 'precision': 1.0, 'recall': 0.0247, 'f1': 0.0482, 'auc': 0.7117}
train: {'epoch': 57, 'eta': 1013460.3305, 'loss': 0.14, 'lr': 0.001, 'params': 782107, 'time_iter': 22.4122, 'accuracy': 0.9633, 'precision': 0.6016, 'recall': 0.0601, 'f1': 0.1092, 'auc': 0.7161}
val: {'epoch': 58, 'loss': 0.1113, 'lr': 0.001, 'params': 782107, 'time_iter': 3.582, 'accuracy': 0.9805, 'precision': 1.0, 'recall': 0.0123, 'f1': 0.0244, 'auc': 0.7024}
train: {'epoch': 58, 'eta': 989626.5536, 'loss': 0.1392, 'lr': 0.001, 'params': 782107, 'time_iter': 23.8642, 'accuracy': 0.9635, 'precision': 0.6455, 'recall': 0.0576, 'f1': 0.1058, 'auc': 0.724}
val: {'epoch': 59, 'loss': 0.1162, 'lr': 0.001, 'params': 782107, 'time_iter': 3.2344, 'accuracy': 0.9803, 'precision': 0.0, 'recall': 0.0, 'f1': 0.0, 'auc': 0.6949}
train: {'epoch': 59, 'eta': 965715.1175, 'loss': 0.1383, 'lr': 0.001, 'params': 782107, 'time_iter': 23.7861, 'accuracy': 0.9639, 'precision': 0.6719, 'recall': 0.0698, 'f1': 0.1265, 'auc': 0.7302}
val: {'epoch': 60, 'loss': 0.1084, 'lr': 0.001, 'params': 782107, 'time_iter': 3.2964, 'accuracy': 0.9801, 'precision': 0.0, 'recall': 0.0, 'f1': 0.0, 'auc': 0.7109}
train: {'epoch': 60, 'eta': 941376.5258, 'loss': 0.1392, 'lr': 0.001, 'params': 782107, 'time_iter': 23.165, 'accuracy': 0.9632, 'precision': 0.5943, 'recall': 0.0511, 'f1': 0.0942, 'auc': 0.729}
val: {'epoch': 61, 'loss': 0.1099, 'lr': 0.001, 'params': 782107, 'time_iter': 3.239, 'accuracy': 0.9803, 'precision': 0.0, 'recall': 0.0, 'f1': 0.0, 'auc': 0.7218}
train: {'epoch': 61, 'eta': 917054.3162, 'loss': 0.1384, 'lr': 0.001, 'params': 782107, 'time_iter': 23.1653, 'accuracy': 0.9634, 'precision': 0.6436, 'recall': 0.0528, 'f1': 0.0975, 'auc': 0.7381}
val: {'epoch': 62, 'loss': 0.1111, 'lr': 0.001, 'params': 782107, 'time_iter': 3.2624, 'accuracy': 0.9803, 'precision': 0.0, 'recall': 0.0, 'f1': 0.0, 'auc': 0.7427}
train: {'epoch': 62, 'eta': 892801.6627, 'loss': 0.1376, 'lr': 0.001, 'params': 782107, 'time_iter': 23.2549, 'accuracy': 0.9638, 'precision': 0.6641, 'recall': 0.069, 'f1': 0.125, 'auc': 0.7408}
val: {'epoch': 63, 'loss': 0.1197, 'lr': 0.001, 'params': 782107, 'time_iter': 3.4111, 'accuracy': 0.9798, 'precision': 0.0, 'recall': 0.0, 'f1': 0.0, 'auc': 0.7341}
train: {'epoch': 63, 'eta': 868880.0706, 'loss': 0.1378, 'lr': 0.001, 'params': 782107, 'time_iter': 23.8094, 'accuracy': 0.9639, 'precision': 0.672, 'recall': 0.0682, 'f1': 0.1238, 'auc': 0.7425}
val: {'epoch': 64, 'loss': 0.1116, 'lr': 0.001, 'params': 782107, 'time_iter': 3.2175, 'accuracy': 0.9808, 'precision': 0.625, 'recall': 0.0617, 'f1': 0.1124, 'auc': 0.7161}
train: {'epoch': 64, 'eta': 845035.0639, 'loss': 0.1381, 'lr': 0.001, 'params': 782107, 'time_iter': 23.9797, 'accuracy': 0.9638, 'precision': 0.6522, 'recall': 0.0731, 'f1': 0.1314, 'auc': 0.7364}
val: {'epoch': 65, 'loss': 0.1097, 'lr': 0.001, 'params': 782107, 'time_iter': 3.3693, 'accuracy': 0.9803, 'precision': 0.5, 'recall': 0.0247, 'f1': 0.0471, 'auc': 0.7148}
train: {'epoch': 65, 'eta': 820987.9413, 'loss': 0.1379, 'lr': 0.001, 'params': 782107, 'time_iter': 23.6459, 'accuracy': 0.9635, 'precision': 0.6159, 'recall': 0.069, 'f1': 0.1241, 'auc': 0.7358}
val: {'epoch': 66, 'loss': 0.1165, 'lr': 0.001, 'params': 782107, 'time_iter': 2.9149, 'accuracy': 0.9808, 'precision': 1.0, 'recall': 0.0247, 'f1': 0.0482, 'auc': 0.7145}
train: {'epoch': 66, 'eta': 796116.1381, 'loss': 0.137, 'lr': 0.001, 'params': 782107, 'time_iter': 22.0355, 'accuracy': 0.9644, 'precision': 0.6685, 'recall': 0.0998, 'f1': 0.1737, 'auc': 0.7389}
val: {'epoch': 67, 'loss': 0.1185, 'lr': 0.001, 'params': 782107, 'time_iter': 3.3376, 'accuracy': 0.9803, 'precision': 0.0, 'recall': 0.0, 'f1': 0.0, 'auc': 0.7529}
train: {'epoch': 67, 'eta': 772183.8459, 'loss': 0.1382, 'lr': 0.001, 'params': 782107, 'time_iter': 23.8422, 'accuracy': 0.964, 'precision': 0.6713, 'recall': 0.0779, 'f1': 0.1396, 'auc': 0.7343}
val: {'epoch': 68, 'loss': 0.1138, 'lr': 0.001, 'params': 782107, 'time_iter': 2.987, 'accuracy': 0.9801, 'precision': 0.0, 'recall': 0.0, 'f1': 0.0, 'auc': 0.7455}
train: {'epoch': 68, 'eta': 747878.8828, 'loss': 0.1363, 'lr': 0.001, 'params': 782107, 'time_iter': 23.0738, 'accuracy': 0.9645, 'precision': 0.6667, 'recall': 0.1023, 'f1': 0.1773, 'auc': 0.7389}
val: {'epoch': 69, 'loss': 0.1173, 'lr': 0.001, 'params': 782107, 'time_iter': 3.9494, 'accuracy': 0.9801, 'precision': 0.0, 'recall': 0.0, 'f1': 0.0, 'auc': 0.749}
train: {'epoch': 69, 'eta': 723739.4891, 'loss': 0.1363, 'lr': 0.001, 'params': 782107, 'time_iter': 23.4129, 'accuracy': 0.9641, 'precision': 0.6548, 'recall': 0.0893, 'f1': 0.1571, 'auc': 0.7435}
val: {'epoch': 70, 'loss': 0.111, 'lr': 0.001, 'params': 782107, 'time_iter': 3.1898, 'accuracy': 0.981, 'precision': 0.7143, 'recall': 0.0617, 'f1': 0.1136, 'auc': 0.739}
train: {'epoch': 70, 'eta': 698912.7275, 'loss': 0.1362, 'lr': 0.001, 'params': 782107, 'time_iter': 21.7742, 'accuracy': 0.9644, 'precision': 0.6685, 'recall': 0.0966, 'f1': 0.1688, 'auc': 0.7445}
val: {'epoch': 71, 'loss': 0.1093, 'lr': 0.001, 'params': 782107, 'time_iter': 3.4349, 'accuracy': 0.9803, 'precision': 0.5, 'recall': 0.0123, 'f1': 0.0241, 'auc': 0.7418}
train: {'epoch': 71, 'eta': 674918.6579, 'loss': 0.1366, 'lr': 0.001, 'params': 782107, 'time_iter': 23.687, 'accuracy': 0.9646, 'precision': 0.6717, 'recall': 0.108, 'f1': 0.186, 'auc': 0.7348}
val: {'epoch': 72, 'loss': 0.1198, 'lr': 0.001, 'params': 782107, 'time_iter': 2.9312, 'accuracy': 0.9803, 'precision': 0.0, 'recall': 0.0, 'f1': 0.0, 'auc': 0.7277}
train: {'epoch': 72, 'eta': 650891.4262, 'loss': 0.1425, 'lr': 0.001, 'params': 782107, 'time_iter': 23.6272, 'accuracy': 0.9638, 'precision': 0.703, 'recall': 0.0576, 'f1': 0.1065, 'auc': 0.7117}
val: {'epoch': 73, 'loss': 0.111, 'lr': 0.001, 'params': 782107, 'time_iter': 3.388, 'accuracy': 0.9801, 'precision': 0.0, 'recall': 0.0, 'f1': 0.0, 'auc': 0.7315}
train: {'epoch': 73, 'eta': 626837.1775, 'loss': 0.1417, 'lr': 0.001, 'params': 782107, 'time_iter': 23.5738, 'accuracy': 0.9633, 'precision': 0.6548, 'recall': 0.0446, 'f1': 0.0836, 'auc': 0.7162}
val: {'epoch': 74, 'loss': 0.123, 'lr': 0.001, 'params': 782107, 'time_iter': 2.7946, 'accuracy': 0.9805, 'precision': 1.0, 'recall': 0.0123, 'f1': 0.0244, 'auc': 0.7388}
train: {'epoch': 74, 'eta': 602519.9957, 'loss': 0.1418, 'lr': 0.001, 'params': 782107, 'time_iter': 22.8231, 'accuracy': 0.9642, 'precision': 0.7023, 'recall': 0.0747, 'f1': 0.135, 'auc': 0.7181}
val: {'epoch': 75, 'loss': 0.1242, 'lr': 0.001, 'params': 782107, 'time_iter': 4.3249, 'accuracy': 0.9803, 'precision': 0.0, 'recall': 0.0, 'f1': 0.0, 'auc': 0.749}
train: {'epoch': 75, 'eta': 577969.0363, 'loss': 0.1405, 'lr': 0.001, 'params': 782107, 'time_iter': 22.0362, 'accuracy': 0.9638, 'precision': 0.6981, 'recall': 0.0601, 'f1': 0.1106, 'auc': 0.7271}
val: {'epoch': 76, 'loss': 0.1348, 'lr': 0.001, 'params': 782107, 'time_iter': 3.5043, 'accuracy': 0.9803, 'precision': 0.0, 'recall': 0.0, 'f1': 0.0, 'auc': 0.691}
train: {'epoch': 76, 'eta': 553882.3119, 'loss': 0.1398, 'lr': 0.001, 'params': 782107, 'time_iter': 23.3881, 'accuracy': 0.9646, 'precision': 0.7429, 'recall': 0.0844, 'f1': 0.1516, 'auc': 0.7248}
val: {'epoch': 77, 'loss': 0.1219, 'lr': 0.001, 'params': 782107, 'time_iter': 3.1059, 'accuracy': 0.9808, 'precision': 0.75, 'recall': 0.037, 'f1': 0.0706, 'auc': 0.7245}
train: {'epoch': 77, 'eta': 529397.7847, 'loss': 0.1381, 'lr': 0.001, 'params': 782107, 'time_iter': 22.0157, 'accuracy': 0.9644, 'precision': 0.6744, 'recall': 0.0942, 'f1': 0.1652, 'auc': 0.7316}
val: {'epoch': 78, 'loss': 0.1175, 'lr': 0.001, 'params': 782107, 'time_iter': 3.1824, 'accuracy': 0.9798, 'precision': 0.375, 'recall': 0.037, 'f1': 0.0674, 'auc': 0.7382}
train: {'epoch': 78, 'eta': 505378.6213, 'loss': 0.1378, 'lr': 0.001, 'params': 782107, 'time_iter': 23.5476, 'accuracy': 0.9648, 'precision': 0.711, 'recall': 0.0998, 'f1': 0.1751, 'auc': 0.7337}
val: {'epoch': 79, 'loss': 0.1211, 'lr': 0.001, 'params': 782107, 'time_iter': 3.0451, 'accuracy': 0.9803, 'precision': 0.5, 'recall': 0.0123, 'f1': 0.0241, 'auc': 0.7271}
train: {'epoch': 79, 'eta': 481235.6017, 'loss': 0.1386, 'lr': 0.001, 'params': 782107, 'time_iter': 23.0867, 'accuracy': 0.964, 'precision': 0.6522, 'recall': 0.0852, 'f1': 0.1508, 'auc': 0.7302}
val: {'epoch': 80, 'loss': 0.1277, 'lr': 0.001, 'params': 782107, 'time_iter': 3.5298, 'accuracy': 0.9801, 'precision': 0.0, 'recall': 0.0, 'f1': 0.0, 'auc': 0.7207}
train: {'epoch': 80, 'eta': 457220.3957, 'loss': 0.1373, 'lr': 0.001, 'params': 782107, 'time_iter': 23.5766, 'accuracy': 0.9644, 'precision': 0.7163, 'recall': 0.082, 'f1': 0.1471, 'auc': 0.7398}
val: {'epoch': 81, 'loss': 0.1145, 'lr': 0.001, 'params': 782107, 'time_iter': 3.6729, 'accuracy': 0.9805, 'precision': 0.5333, 'recall': 0.0988, 'f1': 0.1667, 'auc': 0.7026}
train: {'epoch': 81, 'eta': 433494.3952, 'loss': 0.1371, 'lr': 0.001, 'params': 782107, 'time_iter': 24.8834, 'accuracy': 0.9646, 'precision': 0.7055, 'recall': 0.0933, 'f1': 0.1649, 'auc': 0.7356}
val: {'epoch': 82, 'loss': 0.12, 'lr': 0.001, 'params': 782107, 'time_iter': 3.2198, 'accuracy': 0.9805, 'precision': 0.5714, 'recall': 0.0494, 'f1': 0.0909, 'auc': 0.7336}
train: {'epoch': 82, 'eta': 409607.1118, 'loss': 0.1368, 'lr': 0.001, 'params': 782107, 'time_iter': 24.333, 'accuracy': 0.9644, 'precision': 0.6667, 'recall': 0.1006, 'f1': 0.1749, 'auc': 0.7417}
val: {'epoch': 83, 'loss': 0.1188, 'lr': 0.001, 'params': 782107, 'time_iter': 3.1557, 'accuracy': 0.9808, 'precision': 1.0, 'recall': 0.0247, 'f1': 0.0482, 'auc': 0.735}
train: {'epoch': 83, 'eta': 385496.502, 'loss': 0.1382, 'lr': 0.001, 'params': 782107, 'time_iter': 23.3335, 'accuracy': 0.9639, 'precision': 0.6358, 'recall': 0.0836, 'f1': 0.1478, 'auc': 0.7392}
val: {'epoch': 84, 'loss': 0.127, 'lr': 0.001, 'params': 782107, 'time_iter': 3.121, 'accuracy': 0.9803, 'precision': 0.0, 'recall': 0.0, 'f1': 0.0, 'auc': 0.7253}
train: {'epoch': 84, 'eta': 361331.6022, 'loss': 0.1386, 'lr': 0.001, 'params': 782107, 'time_iter': 23.0215, 'accuracy': 0.9644, 'precision': 0.6805, 'recall': 0.0933, 'f1': 0.1642, 'auc': 0.73}
val: {'epoch': 85, 'loss': 0.118, 'lr': 0.001, 'params': 782107, 'time_iter': 3.0167, 'accuracy': 0.9801, 'precision': 0.0, 'recall': 0.0, 'f1': 0.0, 'auc': 0.7289}
train: {'epoch': 85, 'eta': 337124.5573, 'loss': 0.1383, 'lr': 0.001, 'params': 782107, 'time_iter': 22.7038, 'accuracy': 0.9645, 'precision': 0.6901, 'recall': 0.0958, 'f1': 0.1682, 'auc': 0.737}
val: {'epoch': 86, 'loss': 0.1179, 'lr': 0.001, 'params': 782107, 'time_iter': 3.4921, 'accuracy': 0.9803, 'precision': 0.0, 'recall': 0.0, 'f1': 0.0, 'auc': 0.7404}
train: {'epoch': 86, 'eta': 313103.3533, 'loss': 0.1375, 'lr': 0.001, 'params': 782107, 'time_iter': 23.7862, 'accuracy': 0.9643, 'precision': 0.6812, 'recall': 0.0885, 'f1': 0.1566, 'auc': 0.7408}
val: {'epoch': 87, 'loss': 0.1419, 'lr': 0.001, 'params': 782107, 'time_iter': 2.9742, 'accuracy': 0.9803, 'precision': 0.0, 'recall': 0.0, 'f1': 0.0, 'auc': 0.6397}
train: {'epoch': 87, 'eta': 288965.7426, 'loss': 0.1401, 'lr': 0.001, 'params': 782107, 'time_iter': 23.0303, 'accuracy': 0.964, 'precision': 0.7168, 'recall': 0.0657, 'f1': 0.1204, 'auc': 0.7241}
val: {'epoch': 88, 'loss': 0.1261, 'lr': 0.001, 'params': 782107, 'time_iter': 3.0134, 'accuracy': 0.9803, 'precision': 0.0, 'recall': 0.0, 'f1': 0.0, 'auc': 0.6497}
train: {'epoch': 88, 'eta': 264813.0759, 'loss': 0.142, 'lr': 0.001, 'params': 782107, 'time_iter': 22.8342, 'accuracy': 0.9643, 'precision': 0.7222, 'recall': 0.0739, 'f1': 0.134, 'auc': 0.7016}
val: {'epoch': 89, 'loss': 0.1378, 'lr': 0.001, 'params': 782107, 'time_iter': 2.8235, 'accuracy': 0.9803, 'precision': 0.0, 'recall': 0.0, 'f1': 0.0, 'auc': 0.6762}
train: {'epoch': 89, 'eta': 240578.8238, 'loss': 0.1411, 'lr': 0.001, 'params': 782107, 'time_iter': 21.9931, 'accuracy': 0.964, 'precision': 0.7059, 'recall': 0.0682, 'f1': 0.1244, 'auc': 0.7081}
val: {'epoch': 90, 'loss': 0.1228, 'lr': 0.001, 'params': 782107, 'time_iter': 2.8458, 'accuracy': 0.9801, 'precision': 0.0, 'recall': 0.0, 'f1': 0.0, 'auc': 0.698}
train: {'epoch': 90, 'eta': 216457.1773, 'loss': 0.1412, 'lr': 0.001, 'params': 782107, 'time_iter': 22.7533, 'accuracy': 0.9641, 'precision': 0.7, 'recall': 0.0739, 'f1': 0.1336, 'auc': 0.7212}
val: {'epoch': 91, 'loss': 0.1272, 'lr': 0.001, 'params': 782107, 'time_iter': 3.4239, 'accuracy': 0.9801, 'precision': 0.0, 'recall': 0.0, 'f1': 0.0, 'auc': 0.6709}
train: {'epoch': 91, 'eta': 192425.7737, 'loss': 0.141, 'lr': 0.001, 'params': 782107, 'time_iter': 23.5897, 'accuracy': 0.9645, 'precision': 0.7222, 'recall': 0.0844, 'f1': 0.1512, 'auc': 0.7186}
val: {'epoch': 92, 'loss': 0.1292, 'lr': 0.001, 'params': 782107, 'time_iter': 3.5728, 'accuracy': 0.9803, 'precision': 0.0, 'recall': 0.0, 'f1': 0.0, 'auc': 0.6877}
train: {'epoch': 92, 'eta': 168405.9117, 'loss': 0.1404, 'lr': 0.001, 'params': 782107, 'time_iter': 23.8061, 'accuracy': 0.9646, 'precision': 0.7445, 'recall': 0.0828, 'f1': 0.149, 'auc': 0.7211}
val: {'epoch': 93, 'loss': 0.1248, 'lr': 0.001, 'params': 782107, 'time_iter': 3.1427, 'accuracy': 0.9803, 'precision': 0.0, 'recall': 0.0, 'f1': 0.0, 'auc': 0.6524}
train: {'epoch': 93, 'eta': 144371.2916, 'loss': 0.1401, 'lr': 0.001, 'params': 782107, 'time_iter': 23.7357, 'accuracy': 0.9644, 'precision': 0.7308, 'recall': 0.0771, 'f1': 0.1395, 'auc': 0.7249}
val: {'epoch': 94, 'loss': 0.1321, 'lr': 0.001, 'params': 782107, 'time_iter': 3.4274, 'accuracy': 0.9803, 'precision': 0.0, 'recall': 0.0, 'f1': 0.0, 'auc': 0.6097}
train: {'epoch': 94, 'eta': 120267.1976, 'loss': 0.1404, 'lr': 0.001, 'params': 782107, 'time_iter': 22.6043, 'accuracy': 0.9646, 'precision': 0.7463, 'recall': 0.0812, 'f1': 0.1464, 'auc': 0.7188}
val: {'epoch': 95, 'loss': 0.1283, 'lr': 0.001, 'params': 782107, 'time_iter': 3.1762, 'accuracy': 0.9803, 'precision': 0.0, 'recall': 0.0, 'f1': 0.0, 'auc': 0.6733}
train: {'epoch': 95, 'eta': 96210.0542, 'loss': 0.1408, 'lr': 0.001, 'params': 782107, 'time_iter': 23.2892, 'accuracy': 0.9642, 'precision': 0.7087, 'recall': 0.0731, 'f1': 0.1325, 'auc': 0.722}
val: {'epoch': 96, 'loss': 0.1345, 'lr': 0.001, 'params': 782107, 'time_iter': 2.9389, 'accuracy': 0.9803, 'precision': 0.0, 'recall': 0.0, 'f1': 0.0, 'auc': 0.6723}
train: {'epoch': 96, 'eta': 72154.8923, 'loss': 0.14, 'lr': 0.001, 'params': 782107, 'time_iter': 23.2914, 'accuracy': 0.9647, 'precision': 0.7571, 'recall': 0.086, 'f1': 0.1545, 'auc': 0.7199}
val: {'epoch': 97, 'loss': 0.1458, 'lr': 0.001, 'params': 782107, 'time_iter': 3.5513, 'accuracy': 0.9803, 'precision': 0.0, 'recall': 0.0, 'f1': 0.0, 'auc': 0.5929}
train: {'epoch': 97, 'eta': 48064.8558, 'loss': 0.1406, 'lr': 0.001, 'params': 782107, 'time_iter': 21.5449, 'accuracy': 0.9647, 'precision': 0.7886, 'recall': 0.0787, 'f1': 0.1432, 'auc': 0.7166}
val: {'epoch': 98, 'loss': 0.1399, 'lr': 0.001, 'params': 782107, 'time_iter': 3.4862, 'accuracy': 0.9803, 'precision': 0.0, 'recall': 0.0, 'f1': 0.0, 'auc': 0.6337}
train: {'epoch': 98, 'eta': 24036.0363, 'loss': 0.1401, 'lr': 0.001, 'params': 782107, 'time_iter': 23.7023, 'accuracy': 0.9645, 'precision': 0.7603, 'recall': 0.0747, 'f1': 0.136, 'auc': 0.7204}
val: {'epoch': 99, 'loss': 0.1295, 'lr': 0.001, 'params': 782107, 'time_iter': 3.053, 'accuracy': 0.9803, 'precision': 0.0, 'recall': 0.0, 'f1': 0.0, 'auc': 0.6573}
train: {'epoch': 99, 'eta': 0.0, 'loss': 0.1412, 'lr': 0.001, 'params': 782107, 'time_iter': 23.2793, 'accuracy': 0.9645, 'precision': 0.7444, 'recall': 0.0804, 'f1': 0.1451, 'auc': 0.7138}
test: {'epoch': 99, 'loss': 0.2059, 'lr': 0.001, 'params': 782107, 'time_iter': 2.8105, 'accuracy': 0.9684, 'precision': 0.0, 'recall': 0.0, 'f1': 0.0, 'auc': 0.7003}
test: {'epoch': 67, 'loss': 0.2026, 'lr': 0.001, 'params': 782107, 'time_iter': 2.9243, 'accuracy': 0.9684, 'precision': 0.0, 'recall': 0.0, 'f1': 0.0, 'auc': 0.6711}
