GraphGymModule(
  (model): DilatedGNNModel(
    (encoder): FeatureEncoder(
      (node_encoder): AtomEncoder(
        (atom_embedding_list): ModuleList(
          (0): Embedding(119, 300)
          (1): Embedding(4, 300)
          (2): Embedding(12, 300)
          (3): Embedding(12, 300)
          (4): Embedding(10, 300)
          (5): Embedding(6, 300)
          (6): Embedding(6, 300)
          (7): Embedding(2, 300)
          (8): Embedding(2, 300)
        )
      )
      (edge_encoder): BondEncoder(
        (bond_embedding_list): ModuleList(
          (0): Embedding(5, 300)
          (1): Embedding(6, 300)
          (2): Embedding(2, 300)
        )
      )
    )
    (mp): GNNDilatedStage(
      (classic_layers): ModuleList(
        (0): GeneralLayer(
          (layer): EGINConv(
            (model): GINEConv(nn=Sequential(
              (0): Linear(300, 300, bias=True)
              (1): ReLU()
              (2): Linear(300, 300, bias=True)
            ))
          )
          (post_layer): Sequential(
            (0): BatchNorm1d(300, eps=1e-05, momentum=0.1, affine=True, track_running_stats=True)
            (1): Dropout(p=0.5, inplace=False)
            (2): ReLU()
          )
        )
      )
      (dilated_layers): ModuleList(
        (0): DilatedGeneralLayer(
          (layer): EGINConv(
            (model): GINEConv(nn=Sequential(
              (0): Linear(300, 300, bias=True)
              (1): ReLU()
              (2): Linear(300, 300, bias=True)
            ))
          )
          (post_layer): Sequential(
            (0): BatchNorm1d(300, eps=1e-05, momentum=0.1, affine=True, track_running_stats=True)
            (1): Dropout(p=0.5, inplace=False)
            (2): ReLU()
          )
          (gem): GeM(p=3.0000, eps=1e-06)
        )
        (1): DilatedGeneralLayer(
          (layer): EGINConv(
            (model): GINEConv(nn=Sequential(
              (0): Linear(300, 300, bias=True)
              (1): ReLU()
              (2): Linear(300, 300, bias=True)
            ))
          )
          (post_layer): Sequential(
            (0): BatchNorm1d(300, eps=1e-05, momentum=0.1, affine=True, track_running_stats=True)
            (1): Dropout(p=0.5, inplace=False)
            (2): ReLU()
          )
          (gem): GeM(p=3.0000, eps=1e-06)
        )
      )
      (act): ReLU()
    )
    (post_mp): GNNGraphHead(
      (layer_post_mp): MLP(
        (model): Sequential(
          (0): Linear(
            (model): Linear(300, 1, bias=True)
          )
        )
      )
    )
  )
)
accelerator: cuda
benchmark: False
bn:
  eps: 1e-05
  mom: 0.1
cfg_dest: config.yaml
custom_metrics: []
dataset:
  cache_load: False
  cache_save: False
  dir: ./datasets
  edge_dim: 300
  edge_encoder: True
  edge_encoder_bn: False
  edge_encoder_name: Bond
  edge_message_ratio: 0.8
  edge_negative_sampling_ratio: 1.0
  edge_train_mode: all
  encoder: True
  encoder_bn: True
  encoder_dim: 128
  encoder_name: db
  fast_loader: False
  format: OGB
  label_column: none
  label_table: none
  location: local
  name: ogbg-molhiv
  node_encoder: True
  node_encoder_bn: False
  node_encoder_name: Atom
  remove_feature: False
  resample_disjoint: False
  resample_negative: False
  shuffle_split: True
  split: [0.8, 0.1, 0.1]
  split_mode: random
  task: graph
  task_type: classification
  to_undirected: False
  transductive: False
  transform: none
  tu_simple: True
devices: 1
gnn:
  act: relu
  act_on_last_layer_mp: False
  agg: none
  att_final_linear: False
  att_final_linear_bn: False
  att_heads: 1
  batchnorm: True
  clear_feature: True
  dilated_path_join: none
  dim_inner: 300
  dropout: 0.5
  head: graph
  keep_edge: 0.5
  l2norm: True
  layer_type: eginconv
  layers_k1: 1
  layers_k2: 2
  layers_mp: 5
  layers_post_mp: 1
  layers_pre_mp: 0
  learn_alpha_residual_connection: True
  msg_direction: single
  normalize_adj: False
  self_msg: concat
  skip_every: 1
  stage_type: stack
  use_edge_features: True
gpu_mem: False
mem:
  inplace: False
metric_agg: argmax
metric_best: auc
model:
  edge_decoding: dot
  graph_pooling: mean
  loss_fun: cross_entropy
  match_upper: True
  size_average: mean
  thresh: 0.5
  type: dilated_gnn
num_threads: 6
num_workers: 16
optim:
  base_lr: 0.001
  lr_decay: 0.1
  max_epoch: 100
  momentum: 0.9
  optimizer: adam
  scheduler: none
  steps: [30, 60, 90]
  weight_decay: 0.0
out_dir: results_experiments/ogbg_molhiv_baseline_grid_design/ogbg_molhiv_baseline-type=dilated_gnn-layer_type=eginconv-layers_k1=1-layers_k2=2-dilated_path_join=none-learn_alpha_residual_connection=True
params: 870605
print: both
round: 4
run_dir: results_experiments/ogbg_molhiv_baseline_grid_design/ogbg_molhiv_baseline-type=dilated_gnn-layer_type=eginconv-layers_k1=1-layers_k2=2-dilated_path_join=none-learn_alpha_residual_connection=True/1
seed: 2
share:
  dim_in: 9
  dim_out: 2
  num_splits: 3
tensorboard_agg: True
tensorboard_each_run: False
train:
  auto_resume: False
  batch_size: 32
  ckpt_clean: True
  ckpt_period: 100
  enable_ckpt: True
  epoch_resume: -1
  eval_period: 1
  iter_per_epoch: 32
  neighbor_sizes: [20, 15, 10, 5]
  node_per_graph: 32
  radius: extend
  sample_node: False
  sampler: full_batch
  skip_train_eval: False
  walk_length: 4
val:
  node_per_graph: 32
  radius: extend
  sample_node: False
  sampler: full_batch
view_emb: False
Num parameters: 870605
val: {'epoch': 0, 'loss': 0.7038, 'lr': 0.001, 'params': 870605, 'time_iter': 1.423, 'accuracy': 0.0156, 'precision': 0.0156, 'recall': 1.0, 'f1': 0.0308, 'auc': 0.1905}
val: {'epoch': 0, 'loss': 0.0991, 'lr': 0.001, 'params': 870605, 'time_iter': 2.9944, 'accuracy': 0.9803, 'precision': 0.0, 'recall': 0.0, 'f1': 0.0, 'auc': 0.6034}
train: {'epoch': 0, 'eta': 1724689.9924, 'loss': 0.2098, 'lr': 0.001, 'params': 870605, 'time_iter': 16.9301, 'accuracy': 0.96, 'precision': 0.044, 'recall': 0.0032, 'f1': 0.006, 'auc': 0.5322}
val: {'epoch': 1, 'loss': 0.0873, 'lr': 0.001, 'params': 870605, 'time_iter': 3.3167, 'accuracy': 0.9803, 'precision': 0.0, 'recall': 0.0, 'f1': 0.0, 'auc': 0.736}
train: {'epoch': 1, 'eta': 1730181.0836, 'loss': 0.1518, 'lr': 0.001, 'params': 870605, 'time_iter': 17.3846, 'accuracy': 0.9626, 'precision': 0.0, 'recall': 0.0, 'f1': 0.0, 'auc': 0.6574}
val: {'epoch': 2, 'loss': 0.0879, 'lr': 0.001, 'params': 870605, 'time_iter': 3.5086, 'accuracy': 0.9803, 'precision': 0.0, 'recall': 0.0, 'f1': 0.0, 'auc': 0.7472}
train: {'epoch': 2, 'eta': 1727596.3524, 'loss': 0.147, 'lr': 0.001, 'params': 870605, 'time_iter': 17.6103, 'accuracy': 0.9626, 'precision': 0.0, 'recall': 0.0, 'f1': 0.0, 'auc': 0.6916}
val: {'epoch': 3, 'loss': 0.0873, 'lr': 0.001, 'params': 870605, 'time_iter': 3.044, 'accuracy': 0.9803, 'precision': 0.0, 'recall': 0.0, 'f1': 0.0, 'auc': 0.7215}
train: {'epoch': 3, 'eta': 1713013.8738, 'loss': 0.1431, 'lr': 0.001, 'params': 870605, 'time_iter': 17.439, 'accuracy': 0.9626, 'precision': 0.0, 'recall': 0.0, 'f1': 0.0, 'auc': 0.7237}
val: {'epoch': 4, 'loss': 0.0974, 'lr': 0.001, 'params': 870605, 'time_iter': 3.3651, 'accuracy': 0.9796, 'precision': 0.4118, 'recall': 0.0864, 'f1': 0.1429, 'auc': 0.7393}
train: {'epoch': 4, 'eta': 1680406.5861, 'loss': 0.1404, 'lr': 0.001, 'params': 870605, 'time_iter': 16.5859, 'accuracy': 0.9626, 'precision': 0.5, 'recall': 0.0008, 'f1': 0.0016, 'auc': 0.7382}
val: {'epoch': 5, 'loss': 0.0847, 'lr': 0.001, 'params': 870605, 'time_iter': 3.5692, 'accuracy': 0.981, 'precision': 0.8, 'recall': 0.0494, 'f1': 0.093, 'auc': 0.7591}
train: {'epoch': 5, 'eta': 1652847.3381, 'loss': 0.1379, 'lr': 0.001, 'params': 870605, 'time_iter': 16.5777, 'accuracy': 0.9626, 'precision': 0.5714, 'recall': 0.0032, 'f1': 0.0065, 'auc': 0.7493}
val: {'epoch': 6, 'loss': 0.0901, 'lr': 0.001, 'params': 870605, 'time_iter': 3.1237, 'accuracy': 0.9813, 'precision': 0.6111, 'recall': 0.1358, 'f1': 0.2222, 'auc': 0.7548}
train: {'epoch': 6, 'eta': 1638207.3285, 'loss': 0.1354, 'lr': 0.001, 'params': 870605, 'time_iter': 17.3032, 'accuracy': 0.9629, 'precision': 0.7083, 'recall': 0.0138, 'f1': 0.0271, 'auc': 0.766}
val: {'epoch': 7, 'loss': 0.0853, 'lr': 0.001, 'params': 870605, 'time_iter': 3.3777, 'accuracy': 0.9808, 'precision': 0.5714, 'recall': 0.0988, 'f1': 0.1684, 'auc': 0.7572}
train: {'epoch': 7, 'eta': 1619089.7625, 'loss': 0.1344, 'lr': 0.001, 'params': 870605, 'time_iter': 16.9917, 'accuracy': 0.9624, 'precision': 0.439, 'recall': 0.0146, 'f1': 0.0283, 'auc': 0.7692}
val: {'epoch': 8, 'loss': 0.0809, 'lr': 0.001, 'params': 870605, 'time_iter': 3.6504, 'accuracy': 0.9813, 'precision': 0.6429, 'recall': 0.1111, 'f1': 0.1895, 'auc': 0.7646}
train: {'epoch': 8, 'eta': 1604540.6177, 'loss': 0.1331, 'lr': 0.001, 'params': 870605, 'time_iter': 17.3959, 'accuracy': 0.9632, 'precision': 0.6389, 'recall': 0.0373, 'f1': 0.0706, 'auc': 0.7709}
val: {'epoch': 9, 'loss': 0.0805, 'lr': 0.001, 'params': 870605, 'time_iter': 3.1041, 'accuracy': 0.9815, 'precision': 0.5806, 'recall': 0.2222, 'f1': 0.3214, 'auc': 0.7678}
train: {'epoch': 9, 'eta': 1585570.6482, 'loss': 0.131, 'lr': 0.001, 'params': 870605, 'time_iter': 16.9909, 'accuracy': 0.9633, 'precision': 0.6395, 'recall': 0.0446, 'f1': 0.0835, 'auc': 0.7789}
val: {'epoch': 10, 'loss': 0.0868, 'lr': 0.001, 'params': 870605, 'time_iter': 3.5731, 'accuracy': 0.9801, 'precision': 0.4706, 'recall': 0.0988, 'f1': 0.1633, 'auc': 0.7227}
train: {'epoch': 10, 'eta': 1566684.754, 'loss': 0.1306, 'lr': 0.001, 'params': 870605, 'time_iter': 16.9686, 'accuracy': 0.9633, 'precision': 0.5968, 'recall': 0.0601, 'f1': 0.1091, 'auc': 0.7795}
val: {'epoch': 11, 'loss': 0.1078, 'lr': 0.001, 'params': 870605, 'time_iter': 3.2641, 'accuracy': 0.9691, 'precision': 0.2195, 'recall': 0.2222, 'f1': 0.2209, 'auc': 0.7631}
train: {'epoch': 11, 'eta': 1553175.9344, 'loss': 0.1283, 'lr': 0.001, 'params': 870605, 'time_iter': 17.6497, 'accuracy': 0.9636, 'precision': 0.6122, 'recall': 0.0731, 'f1': 0.1305, 'auc': 0.7905}
val: {'epoch': 12, 'loss': 0.0842, 'lr': 0.001, 'params': 870605, 'time_iter': 3.2117, 'accuracy': 0.9793, 'precision': 0.45, 'recall': 0.2222, 'f1': 0.2975, 'auc': 0.7679}
train: {'epoch': 12, 'eta': 1534019.9923, 'loss': 0.1281, 'lr': 0.001, 'params': 870605, 'time_iter': 16.9336, 'accuracy': 0.9639, 'precision': 0.641, 'recall': 0.0812, 'f1': 0.1441, 'auc': 0.7907}
val: {'epoch': 13, 'loss': 0.0845, 'lr': 0.001, 'params': 870605, 'time_iter': 3.2951, 'accuracy': 0.9808, 'precision': 0.75, 'recall': 0.037, 'f1': 0.0706, 'auc': 0.777}
train: {'epoch': 13, 'eta': 1515755.8378, 'loss': 0.127, 'lr': 0.001, 'params': 870605, 'time_iter': 17.0355, 'accuracy': 0.9639, 'precision': 0.6294, 'recall': 0.0869, 'f1': 0.1526, 'auc': 0.7959}
val: {'epoch': 14, 'loss': 0.0765, 'lr': 0.001, 'params': 870605, 'time_iter': 3.4432, 'accuracy': 0.9823, 'precision': 0.6111, 'recall': 0.2716, 'f1': 0.3761, 'auc': 0.7871}
train: {'epoch': 14, 'eta': 1498227.436, 'loss': 0.1262, 'lr': 0.001, 'params': 870605, 'time_iter': 17.1449, 'accuracy': 0.9643, 'precision': 0.6497, 'recall': 0.1039, 'f1': 0.1791, 'auc': 0.7993}
val: {'epoch': 15, 'loss': 0.0778, 'lr': 0.001, 'params': 870605, 'time_iter': 3.2844, 'accuracy': 0.9815, 'precision': 0.5714, 'recall': 0.2469, 'f1': 0.3448, 'auc': 0.7795}
train: {'epoch': 15, 'eta': 1479971.3885, 'loss': 0.1252, 'lr': 0.001, 'params': 870605, 'time_iter': 17.0129, 'accuracy': 0.9643, 'precision': 0.6197, 'recall': 0.1177, 'f1': 0.1978, 'auc': 0.8039}
val: {'epoch': 16, 'loss': 0.0799, 'lr': 0.001, 'params': 870605, 'time_iter': 3.6168, 'accuracy': 0.981, 'precision': 0.5484, 'recall': 0.2099, 'f1': 0.3036, 'auc': 0.79}
train: {'epoch': 16, 'eta': 1460679.0504, 'loss': 0.1233, 'lr': 0.001, 'params': 870605, 'time_iter': 16.789, 'accuracy': 0.9653, 'precision': 0.6862, 'recall': 0.1331, 'f1': 0.223, 'auc': 0.8113}
val: {'epoch': 17, 'loss': 0.0831, 'lr': 0.001, 'params': 870605, 'time_iter': 3.0859, 'accuracy': 0.9805, 'precision': 0.6667, 'recall': 0.0247, 'f1': 0.0476, 'auc': 0.7839}
train: {'epoch': 17, 'eta': 1444608.2173, 'loss': 0.1235, 'lr': 0.001, 'params': 870605, 'time_iter': 17.4285, 'accuracy': 0.9647, 'precision': 0.652, 'recall': 0.1201, 'f1': 0.2029, 'auc': 0.8055}
val: {'epoch': 18, 'loss': 0.0805, 'lr': 0.001, 'params': 870605, 'time_iter': 3.6401, 'accuracy': 0.9803, 'precision': 0.5, 'recall': 0.2716, 'f1': 0.352, 'auc': 0.8069}
train: {'epoch': 18, 'eta': 1426317.2896, 'loss': 0.1212, 'lr': 0.001, 'params': 870605, 'time_iter': 16.9671, 'accuracy': 0.9651, 'precision': 0.6641, 'recall': 0.138, 'f1': 0.2285, 'auc': 0.8145}
val: {'epoch': 19, 'loss': 0.0785, 'lr': 0.001, 'params': 870605, 'time_iter': 3.5522, 'accuracy': 0.9815, 'precision': 0.619, 'recall': 0.1605, 'f1': 0.2549, 'auc': 0.8011}
train: {'epoch': 19, 'eta': 1407811.4821, 'loss': 0.1219, 'lr': 0.001, 'params': 870605, 'time_iter': 16.8947, 'accuracy': 0.9652, 'precision': 0.6641, 'recall': 0.1412, 'f1': 0.2329, 'auc': 0.8137}
val: {'epoch': 20, 'loss': 0.0814, 'lr': 0.001, 'params': 870605, 'time_iter': 3.263, 'accuracy': 0.9798, 'precision': 0.4375, 'recall': 0.0864, 'f1': 0.1443, 'auc': 0.7805}
train: {'epoch': 20, 'eta': 1389489.2206, 'loss': 0.1206, 'lr': 0.001, 'params': 870605, 'time_iter': 16.9145, 'accuracy': 0.9655, 'precision': 0.675, 'recall': 0.1534, 'f1': 0.25, 'auc': 0.8183}
val: {'epoch': 21, 'loss': 0.0807, 'lr': 0.001, 'params': 870605, 'time_iter': 3.4478, 'accuracy': 0.9803, 'precision': 0.5, 'recall': 0.1975, 'f1': 0.2832, 'auc': 0.7821}
train: {'epoch': 21, 'eta': 1372349.1202, 'loss': 0.1216, 'lr': 0.001, 'params': 870605, 'time_iter': 17.2157, 'accuracy': 0.9652, 'precision': 0.6526, 'recall': 0.151, 'f1': 0.2452, 'auc': 0.8166}
val: {'epoch': 22, 'loss': 0.0781, 'lr': 0.001, 'params': 870605, 'time_iter': 3.1601, 'accuracy': 0.9808, 'precision': 0.5294, 'recall': 0.2222, 'f1': 0.313, 'auc': 0.8108}
train: {'epoch': 22, 'eta': 1354756.229, 'loss': 0.1185, 'lr': 0.001, 'params': 870605, 'time_iter': 17.0988, 'accuracy': 0.9657, 'precision': 0.6699, 'recall': 0.168, 'f1': 0.2687, 'auc': 0.8254}
val: {'epoch': 23, 'loss': 0.0778, 'lr': 0.001, 'params': 870605, 'time_iter': 3.1438, 'accuracy': 0.9805, 'precision': 0.5385, 'recall': 0.0864, 'f1': 0.1489, 'auc': 0.8105}
train: {'epoch': 23, 'eta': 1336193.7393, 'loss': 0.1186, 'lr': 0.001, 'params': 870605, 'time_iter': 16.8012, 'accuracy': 0.9654, 'precision': 0.6599, 'recall': 0.1575, 'f1': 0.2543, 'auc': 0.8259}
val: {'epoch': 24, 'loss': 0.078, 'lr': 0.001, 'params': 870605, 'time_iter': 3.4115, 'accuracy': 0.9815, 'precision': 0.6923, 'recall': 0.1111, 'f1': 0.1915, 'auc': 0.7991}
train: {'epoch': 24, 'eta': 1318349.3445, 'loss': 0.1173, 'lr': 0.001, 'params': 870605, 'time_iter': 17.0008, 'accuracy': 0.9664, 'precision': 0.6951, 'recall': 0.1851, 'f1': 0.2923, 'auc': 0.8307}
val: {'epoch': 25, 'loss': 0.0801, 'lr': 0.001, 'params': 870605, 'time_iter': 2.9864, 'accuracy': 0.9805, 'precision': 0.5116, 'recall': 0.2716, 'f1': 0.3548, 'auc': 0.8089}
train: {'epoch': 25, 'eta': 1302164.4483, 'loss': 0.118, 'lr': 0.001, 'params': 870605, 'time_iter': 17.5583, 'accuracy': 0.9661, 'precision': 0.6871, 'recall': 0.1729, 'f1': 0.2763, 'auc': 0.8295}
val: {'epoch': 26, 'loss': 0.08, 'lr': 0.001, 'params': 870605, 'time_iter': 3.3615, 'accuracy': 0.9818, 'precision': 0.6364, 'recall': 0.1728, 'f1': 0.2718, 'auc': 0.7931}
train: {'epoch': 26, 'eta': 1283858.3448, 'loss': 0.1167, 'lr': 0.001, 'params': 870605, 'time_iter': 16.8459, 'accuracy': 0.9663, 'precision': 0.6805, 'recall': 0.1867, 'f1': 0.293, 'auc': 0.831}
val: {'epoch': 27, 'loss': 0.0777, 'lr': 0.001, 'params': 870605, 'time_iter': 3.5419, 'accuracy': 0.9823, 'precision': 0.6818, 'recall': 0.1852, 'f1': 0.2913, 'auc': 0.8039}
train: {'epoch': 27, 'eta': 1266440.4664, 'loss': 0.117, 'lr': 0.001, 'params': 870605, 'time_iter': 17.1554, 'accuracy': 0.9669, 'precision': 0.7061, 'recall': 0.1989, 'f1': 0.3103, 'auc': 0.8296}
val: {'epoch': 28, 'loss': 0.0853, 'lr': 0.001, 'params': 870605, 'time_iter': 3.3251, 'accuracy': 0.9808, 'precision': 0.75, 'recall': 0.037, 'f1': 0.0706, 'auc': 0.7925}
train: {'epoch': 28, 'eta': 1249774.0077, 'loss': 0.1158, 'lr': 0.001, 'params': 870605, 'time_iter': 17.4601, 'accuracy': 0.9667, 'precision': 0.6983, 'recall': 0.1972, 'f1': 0.3076, 'auc': 0.8306}
val: {'epoch': 29, 'loss': 0.0834, 'lr': 0.001, 'params': 870605, 'time_iter': 3.3155, 'accuracy': 0.9808, 'precision': 0.5625, 'recall': 0.1111, 'f1': 0.1856, 'auc': 0.7798}
train: {'epoch': 29, 'eta': 1232743.4927, 'loss': 0.1143, 'lr': 0.001, 'params': 870605, 'time_iter': 17.3446, 'accuracy': 0.9668, 'precision': 0.6932, 'recall': 0.2054, 'f1': 0.3168, 'auc': 0.8407}
val: {'epoch': 30, 'loss': 0.0775, 'lr': 0.001, 'params': 870605, 'time_iter': 3.2182, 'accuracy': 0.9815, 'precision': 0.6923, 'recall': 0.1111, 'f1': 0.1915, 'auc': 0.8002}
train: {'epoch': 30, 'eta': 1215143.559, 'loss': 0.1153, 'lr': 0.001, 'params': 870605, 'time_iter': 17.119, 'accuracy': 0.967, 'precision': 0.6944, 'recall': 0.2102, 'f1': 0.3227, 'auc': 0.8361}
val: {'epoch': 31, 'loss': 0.0779, 'lr': 0.001, 'params': 870605, 'time_iter': 3.2447, 'accuracy': 0.9815, 'precision': 0.6471, 'recall': 0.1358, 'f1': 0.2245, 'auc': 0.7923}
train: {'epoch': 31, 'eta': 1196990.1007, 'loss': 0.1135, 'lr': 0.001, 'params': 870605, 'time_iter': 16.8663, 'accuracy': 0.9673, 'precision': 0.7039, 'recall': 0.22, 'f1': 0.3352, 'auc': 0.8397}
val: {'epoch': 32, 'loss': 0.0773, 'lr': 0.001, 'params': 870605, 'time_iter': 3.5213, 'accuracy': 0.9813, 'precision': 0.6111, 'recall': 0.1358, 'f1': 0.2222, 'auc': 0.8009}
train: {'epoch': 32, 'eta': 1178706.0098, 'loss': 0.1134, 'lr': 0.001, 'params': 870605, 'time_iter': 16.7806, 'accuracy': 0.9677, 'precision': 0.7249, 'recall': 0.2224, 'f1': 0.3404, 'auc': 0.8409}
val: {'epoch': 33, 'loss': 0.0776, 'lr': 0.001, 'params': 870605, 'time_iter': 3.4162, 'accuracy': 0.9815, 'precision': 0.5862, 'recall': 0.2099, 'f1': 0.3091, 'auc': 0.8255}
train: {'epoch': 33, 'eta': 1161601.922, 'loss': 0.1131, 'lr': 0.001, 'params': 870605, 'time_iter': 17.3414, 'accuracy': 0.9675, 'precision': 0.706, 'recall': 0.2281, 'f1': 0.3448, 'auc': 0.8384}
val: {'epoch': 34, 'loss': 0.0848, 'lr': 0.001, 'params': 870605, 'time_iter': 3.0495, 'accuracy': 0.9805, 'precision': 0.5714, 'recall': 0.0494, 'f1': 0.0909, 'auc': 0.7863}
train: {'epoch': 34, 'eta': 1144132.3712, 'loss': 0.1113, 'lr': 0.001, 'params': 870605, 'time_iter': 17.1723, 'accuracy': 0.9679, 'precision': 0.7182, 'recall': 0.2338, 'f1': 0.3527, 'auc': 0.8496}
val: {'epoch': 35, 'loss': 0.0822, 'lr': 0.001, 'params': 870605, 'time_iter': 3.3289, 'accuracy': 0.9798, 'precision': 0.4722, 'recall': 0.2099, 'f1': 0.2906, 'auc': 0.7988}
train: {'epoch': 35, 'eta': 1126493.1802, 'loss': 0.1112, 'lr': 0.001, 'params': 870605, 'time_iter': 17.0857, 'accuracy': 0.9684, 'precision': 0.737, 'recall': 0.2411, 'f1': 0.3633, 'auc': 0.8492}
val: {'epoch': 36, 'loss': 0.0829, 'lr': 0.001, 'params': 870605, 'time_iter': 3.1231, 'accuracy': 0.9813, 'precision': 0.7, 'recall': 0.0864, 'f1': 0.1538, 'auc': 0.786}
train: {'epoch': 36, 'eta': 1109226.8578, 'loss': 0.1117, 'lr': 0.001, 'params': 870605, 'time_iter': 17.2967, 'accuracy': 0.9685, 'precision': 0.7401, 'recall': 0.2427, 'f1': 0.3655, 'auc': 0.8477}
val: {'epoch': 37, 'loss': 0.0795, 'lr': 0.001, 'params': 870605, 'time_iter': 3.2115, 'accuracy': 0.9815, 'precision': 0.6, 'recall': 0.1852, 'f1': 0.283, 'auc': 0.8096}
train: {'epoch': 37, 'eta': 1091394.344, 'loss': 0.1101, 'lr': 0.001, 'params': 870605, 'time_iter': 16.9761, 'accuracy': 0.9684, 'precision': 0.7237, 'recall': 0.2508, 'f1': 0.3725, 'auc': 0.856}
val: {'epoch': 38, 'loss': 0.0829, 'lr': 0.001, 'params': 870605, 'time_iter': 3.4113, 'accuracy': 0.9779, 'precision': 0.4107, 'recall': 0.284, 'f1': 0.3358, 'auc': 0.8152}
train: {'epoch': 38, 'eta': 1073980.7933, 'loss': 0.1095, 'lr': 0.001, 'params': 870605, 'time_iter': 17.2248, 'accuracy': 0.9685, 'precision': 0.7333, 'recall': 0.25, 'f1': 0.3729, 'auc': 0.8551}
val: {'epoch': 39, 'loss': 0.0822, 'lr': 0.001, 'params': 870605, 'time_iter': 3.182, 'accuracy': 0.9803, 'precision': 0.5, 'recall': 0.1481, 'f1': 0.2286, 'auc': 0.8041}
train: {'epoch': 39, 'eta': 1056508.5598, 'loss': 0.1093, 'lr': 0.001, 'params': 870605, 'time_iter': 17.1969, 'accuracy': 0.9686, 'precision': 0.7152, 'recall': 0.267, 'f1': 0.3889, 'auc': 0.8583}
val: {'epoch': 40, 'loss': 0.0817, 'lr': 0.001, 'params': 870605, 'time_iter': 3.5544, 'accuracy': 0.9805, 'precision': 0.5122, 'recall': 0.2593, 'f1': 0.3443, 'auc': 0.8031}
train: {'epoch': 40, 'eta': 1038434.8804, 'loss': 0.1093, 'lr': 0.001, 'params': 870605, 'time_iter': 16.7981, 'accuracy': 0.9681, 'precision': 0.7113, 'recall': 0.25, 'f1': 0.37, 'auc': 0.8557}
val: {'epoch': 41, 'loss': 0.079, 'lr': 0.001, 'params': 870605, 'time_iter': 3.1277, 'accuracy': 0.9796, 'precision': 0.4667, 'recall': 0.2593, 'f1': 0.3333, 'auc': 0.8189}
train: {'epoch': 41, 'eta': 1021331.8546, 'loss': 0.1091, 'lr': 0.001, 'params': 870605, 'time_iter': 17.4547, 'accuracy': 0.9682, 'precision': 0.719, 'recall': 0.2492, 'f1': 0.3701, 'auc': 0.8572}
val: {'epoch': 42, 'loss': 0.0857, 'lr': 0.001, 'params': 870605, 'time_iter': 3.1882, 'accuracy': 0.9815, 'precision': 0.8571, 'recall': 0.0741, 'f1': 0.1364, 'auc': 0.791}
train: {'epoch': 42, 'eta': 1003839.8281, 'loss': 0.1084, 'lr': 0.001, 'params': 870605, 'time_iter': 17.1988, 'accuracy': 0.9688, 'precision': 0.7318, 'recall': 0.2614, 'f1': 0.3852, 'auc': 0.8575}
val: {'epoch': 43, 'loss': 0.0793, 'lr': 0.001, 'params': 870605, 'time_iter': 3.4702, 'accuracy': 0.9815, 'precision': 0.8571, 'recall': 0.0741, 'f1': 0.1364, 'auc': 0.8142}
train: {'epoch': 43, 'eta': 986102.5683, 'loss': 0.1068, 'lr': 0.001, 'params': 870605, 'time_iter': 17.0187, 'accuracy': 0.9688, 'precision': 0.7295, 'recall': 0.267, 'f1': 0.391, 'auc': 0.8645}
val: {'epoch': 44, 'loss': 0.0806, 'lr': 0.001, 'params': 870605, 'time_iter': 3.2694, 'accuracy': 0.9813, 'precision': 0.55, 'recall': 0.2716, 'f1': 0.3636, 'auc': 0.8014}
train: {'epoch': 44, 'eta': 968545.4646, 'loss': 0.1067, 'lr': 0.001, 'params': 870605, 'time_iter': 17.1539, 'accuracy': 0.9694, 'precision': 0.7489, 'recall': 0.276, 'f1': 0.4033, 'auc': 0.8625}
val: {'epoch': 45, 'loss': 0.1072, 'lr': 0.001, 'params': 870605, 'time_iter': 3.1329, 'accuracy': 0.9801, 'precision': 0.0, 'recall': 0.0, 'f1': 0.0, 'auc': 0.6796}
train: {'epoch': 45, 'eta': 950558.6129, 'loss': 0.1069, 'lr': 0.001, 'params': 870605, 'time_iter': 16.8016, 'accuracy': 0.9691, 'precision': 0.7332, 'recall': 0.2744, 'f1': 0.3993, 'auc': 0.8677}
val: {'epoch': 46, 'loss': 0.0829, 'lr': 0.001, 'params': 870605, 'time_iter': 3.5423, 'accuracy': 0.9815, 'precision': 0.8571, 'recall': 0.0741, 'f1': 0.1364, 'auc': 0.8134}
train: {'epoch': 46, 'eta': 933125.2541, 'loss': 0.1054, 'lr': 0.001, 'params': 870605, 'time_iter': 17.253, 'accuracy': 0.9693, 'precision': 0.7342, 'recall': 0.2825, 'f1': 0.408, 'auc': 0.8718}
val: {'epoch': 47, 'loss': 0.0849, 'lr': 0.001, 'params': 870605, 'time_iter': 3.2814, 'accuracy': 0.9805, 'precision': 1.0, 'recall': 0.0123, 'f1': 0.0244, 'auc': 0.796}
train: {'epoch': 47, 'eta': 916032.8197, 'loss': 0.1052, 'lr': 0.001, 'params': 870605, 'time_iter': 17.5708, 'accuracy': 0.9694, 'precision': 0.7384, 'recall': 0.2841, 'f1': 0.4103, 'auc': 0.8687}
val: {'epoch': 48, 'loss': 0.0785, 'lr': 0.001, 'params': 870605, 'time_iter': 3.1588, 'accuracy': 0.9818, 'precision': 0.75, 'recall': 0.1111, 'f1': 0.1935, 'auc': 0.8253}
train: {'epoch': 48, 'eta': 898979.9997, 'loss': 0.1053, 'lr': 0.001, 'params': 870605, 'time_iter': 17.6454, 'accuracy': 0.969, 'precision': 0.7203, 'recall': 0.28, 'f1': 0.4033, 'auc': 0.8699}
val: {'epoch': 49, 'loss': 0.0809, 'lr': 0.001, 'params': 870605, 'time_iter': 3.4949, 'accuracy': 0.981, 'precision': 0.5789, 'recall': 0.1358, 'f1': 0.22, 'auc': 0.8073}
train: {'epoch': 49, 'eta': 881743.2008, 'loss': 0.1042, 'lr': 0.001, 'params': 870605, 'time_iter': 17.5095, 'accuracy': 0.9696, 'precision': 0.7397, 'recall': 0.2906, 'f1': 0.4172, 'auc': 0.8709}
val: {'epoch': 50, 'loss': 0.0787, 'lr': 0.001, 'params': 870605, 'time_iter': 3.0693, 'accuracy': 0.9801, 'precision': 0.4884, 'recall': 0.2593, 'f1': 0.3387, 'auc': 0.8193}
train: {'epoch': 50, 'eta': 864377.8112, 'loss': 0.104, 'lr': 0.001, 'params': 870605, 'time_iter': 17.4104, 'accuracy': 0.9694, 'precision': 0.7344, 'recall': 0.2873, 'f1': 0.4131, 'auc': 0.8741}
val: {'epoch': 51, 'loss': 0.0811, 'lr': 0.001, 'params': 870605, 'time_iter': 3.1733, 'accuracy': 0.9793, 'precision': 0.4524, 'recall': 0.2346, 'f1': 0.3089, 'auc': 0.8074}
train: {'epoch': 51, 'eta': 846841.198, 'loss': 0.1027, 'lr': 0.001, 'params': 870605, 'time_iter': 17.2524, 'accuracy': 0.9703, 'precision': 0.7481, 'recall': 0.3133, 'f1': 0.4416, 'auc': 0.8771}
val: {'epoch': 52, 'loss': 0.0836, 'lr': 0.001, 'params': 870605, 'time_iter': 3.0252, 'accuracy': 0.9813, 'precision': 0.5909, 'recall': 0.1605, 'f1': 0.2524, 'auc': 0.7951}
train: {'epoch': 52, 'eta': 830061.5791, 'loss': 0.1027, 'lr': 0.001, 'params': 870605, 'time_iter': 18.091, 'accuracy': 0.9706, 'precision': 0.7609, 'recall': 0.3125, 'f1': 0.443, 'auc': 0.8748}
val: {'epoch': 53, 'loss': 0.078, 'lr': 0.001, 'params': 870605, 'time_iter': 3.0709, 'accuracy': 0.9813, 'precision': 0.625, 'recall': 0.1235, 'f1': 0.2062, 'auc': 0.8222}
train: {'epoch': 53, 'eta': 812364.9137, 'loss': 0.1018, 'lr': 0.001, 'params': 870605, 'time_iter': 17.1223, 'accuracy': 0.9702, 'precision': 0.735, 'recall': 0.3174, 'f1': 0.4433, 'auc': 0.8802}
val: {'epoch': 54, 'loss': 0.0808, 'lr': 0.001, 'params': 870605, 'time_iter': 3.3963, 'accuracy': 0.9805, 'precision': 0.5135, 'recall': 0.2346, 'f1': 0.322, 'auc': 0.8238}
train: {'epoch': 54, 'eta': 795016.3685, 'loss': 0.1022, 'lr': 0.001, 'params': 870605, 'time_iter': 17.5325, 'accuracy': 0.9704, 'precision': 0.7529, 'recall': 0.3117, 'f1': 0.4409, 'auc': 0.8798}
val: {'epoch': 55, 'loss': 0.0881, 'lr': 0.001, 'params': 870605, 'time_iter': 3.4592, 'accuracy': 0.9791, 'precision': 0.381, 'recall': 0.0988, 'f1': 0.1569, 'auc': 0.7929}
train: {'epoch': 55, 'eta': 777571.6222, 'loss': 0.1017, 'lr': 0.001, 'params': 870605, 'time_iter': 17.4441, 'accuracy': 0.9711, 'precision': 0.7697, 'recall': 0.3255, 'f1': 0.4575, 'auc': 0.878}
val: {'epoch': 56, 'loss': 0.0859, 'lr': 0.001, 'params': 870605, 'time_iter': 3.2987, 'accuracy': 0.9805, 'precision': 0.5294, 'recall': 0.1111, 'f1': 0.1837, 'auc': 0.8105}
train: {'epoch': 56, 'eta': 759945.5033, 'loss': 0.101, 'lr': 0.001, 'params': 870605, 'time_iter': 17.2332, 'accuracy': 0.9703, 'precision': 0.7429, 'recall': 0.3166, 'f1': 0.4439, 'auc': 0.8855}
val: {'epoch': 57, 'loss': 0.0822, 'lr': 0.001, 'params': 870605, 'time_iter': 3.5955, 'accuracy': 0.981, 'precision': 0.56, 'recall': 0.1728, 'f1': 0.2642, 'auc': 0.8026}
train: {'epoch': 57, 'eta': 742441.8145, 'loss': 0.1018, 'lr': 0.001, 'params': 870605, 'time_iter': 17.4025, 'accuracy': 0.9705, 'precision': 0.7584, 'recall': 0.3109, 'f1': 0.441, 'auc': 0.8792}
val: {'epoch': 58, 'loss': 0.0819, 'lr': 0.001, 'params': 870605, 'time_iter': 3.0707, 'accuracy': 0.981, 'precision': 0.5517, 'recall': 0.1975, 'f1': 0.2909, 'auc': 0.7975}
train: {'epoch': 58, 'eta': 724712.4801, 'loss': 0.1005, 'lr': 0.001, 'params': 870605, 'time_iter': 17.1061, 'accuracy': 0.9707, 'precision': 0.7441, 'recall': 0.3304, 'f1': 0.4576, 'auc': 0.8854}
val: {'epoch': 59, 'loss': 0.0833, 'lr': 0.001, 'params': 870605, 'time_iter': 3.1907, 'accuracy': 0.982, 'precision': 0.6, 'recall': 0.2593, 'f1': 0.3621, 'auc': 0.799}
train: {'epoch': 59, 'eta': 707041.1884, 'loss': 0.0986, 'lr': 0.001, 'params': 870605, 'time_iter': 17.1845, 'accuracy': 0.9708, 'precision': 0.7576, 'recall': 0.3222, 'f1': 0.4522, 'auc': 0.8917}
val: {'epoch': 60, 'loss': 0.0913, 'lr': 0.001, 'params': 870605, 'time_iter': 3.1601, 'accuracy': 0.9815, 'precision': 0.7273, 'recall': 0.0988, 'f1': 0.1739, 'auc': 0.7949}
train: {'epoch': 60, 'eta': 689463.3024, 'loss': 0.0995, 'lr': 0.001, 'params': 870605, 'time_iter': 17.3271, 'accuracy': 0.9702, 'precision': 0.7355, 'recall': 0.3182, 'f1': 0.4442, 'auc': 0.8929}
val: {'epoch': 61, 'loss': 0.0797, 'lr': 0.001, 'params': 870605, 'time_iter': 3.1168, 'accuracy': 0.9815, 'precision': 0.6316, 'recall': 0.1481, 'f1': 0.24, 'auc': 0.8073}
train: {'epoch': 61, 'eta': 671497.2799, 'loss': 0.1005, 'lr': 0.001, 'params': 870605, 'time_iter': 16.7245, 'accuracy': 0.9705, 'precision': 0.7476, 'recall': 0.3222, 'f1': 0.4504, 'auc': 0.887}
val: {'epoch': 62, 'loss': 0.0931, 'lr': 0.001, 'params': 870605, 'time_iter': 3.4202, 'accuracy': 0.9769, 'precision': 0.2812, 'recall': 0.1111, 'f1': 0.1593, 'auc': 0.753}
train: {'epoch': 62, 'eta': 653922.7792, 'loss': 0.0983, 'lr': 0.001, 'params': 870605, 'time_iter': 17.3326, 'accuracy': 0.9708, 'precision': 0.7491, 'recall': 0.3295, 'f1': 0.4577, 'auc': 0.8932}
val: {'epoch': 63, 'loss': 0.0832, 'lr': 0.001, 'params': 870605, 'time_iter': 3.2298, 'accuracy': 0.9803, 'precision': 0.5, 'recall': 0.1605, 'f1': 0.243, 'auc': 0.8056}
train: {'epoch': 63, 'eta': 636459.7491, 'loss': 0.0984, 'lr': 0.001, 'params': 870605, 'time_iter': 17.5393, 'accuracy': 0.971, 'precision': 0.756, 'recall': 0.332, 'f1': 0.4614, 'auc': 0.8946}
val: {'epoch': 64, 'loss': 0.0908, 'lr': 0.001, 'params': 870605, 'time_iter': 3.2187, 'accuracy': 0.9815, 'precision': 0.7273, 'recall': 0.0988, 'f1': 0.1739, 'auc': 0.7743}
train: {'epoch': 64, 'eta': 618703.9247, 'loss': 0.0972, 'lr': 0.001, 'params': 870605, 'time_iter': 17.0433, 'accuracy': 0.9711, 'precision': 0.7564, 'recall': 0.3377, 'f1': 0.4669, 'auc': 0.8961}
val: {'epoch': 65, 'loss': 0.0902, 'lr': 0.001, 'params': 870605, 'time_iter': 4.0539, 'accuracy': 0.9805, 'precision': 0.5238, 'recall': 0.1358, 'f1': 0.2157, 'auc': 0.7887}
train: {'epoch': 65, 'eta': 601221.5051, 'loss': 0.0971, 'lr': 0.001, 'params': 870605, 'time_iter': 17.5466, 'accuracy': 0.9714, 'precision': 0.7539, 'recall': 0.3506, 'f1': 0.4787, 'auc': 0.897}
val: {'epoch': 66, 'loss': 0.0828, 'lr': 0.001, 'params': 870605, 'time_iter': 3.0886, 'accuracy': 0.9815, 'precision': 0.5676, 'recall': 0.2593, 'f1': 0.3559, 'auc': 0.7939}
train: {'epoch': 66, 'eta': 583466.8487, 'loss': 0.0975, 'lr': 0.001, 'params': 870605, 'time_iter': 17.0432, 'accuracy': 0.971, 'precision': 0.755, 'recall': 0.3352, 'f1': 0.4643, 'auc': 0.8941}
val: {'epoch': 67, 'loss': 0.0846, 'lr': 0.001, 'params': 870605, 'time_iter': 3.2905, 'accuracy': 0.9805, 'precision': 0.5172, 'recall': 0.1852, 'f1': 0.2727, 'auc': 0.8169}
train: {'epoch': 67, 'eta': 565691.6088, 'loss': 0.0942, 'lr': 0.001, 'params': 870605, 'time_iter': 16.9875, 'accuracy': 0.9721, 'precision': 0.7722, 'recall': 0.3604, 'f1': 0.4914, 'auc': 0.9031}
val: {'epoch': 68, 'loss': 0.083, 'lr': 0.001, 'params': 870605, 'time_iter': 3.2744, 'accuracy': 0.9825, 'precision': 0.6667, 'recall': 0.2222, 'f1': 0.3333, 'auc': 0.8025}
train: {'epoch': 68, 'eta': 547938.6797, 'loss': 0.0964, 'lr': 0.001, 'params': 870605, 'time_iter': 17.0173, 'accuracy': 0.9716, 'precision': 0.7715, 'recall': 0.3425, 'f1': 0.4744, 'auc': 0.8983}
val: {'epoch': 69, 'loss': 0.0927, 'lr': 0.001, 'params': 870605, 'time_iter': 3.3745, 'accuracy': 0.9813, 'precision': 0.625, 'recall': 0.1235, 'f1': 0.2062, 'auc': 0.77}
train: {'epoch': 69, 'eta': 530149.5224, 'loss': 0.0947, 'lr': 0.001, 'params': 870605, 'time_iter': 16.9194, 'accuracy': 0.9713, 'precision': 0.7623, 'recall': 0.3409, 'f1': 0.4711, 'auc': 0.9055}
val: {'epoch': 70, 'loss': 0.0849, 'lr': 0.001, 'params': 870605, 'time_iter': 3.5426, 'accuracy': 0.9825, 'precision': 0.8, 'recall': 0.1481, 'f1': 0.25, 'auc': 0.7984}
train: {'epoch': 70, 'eta': 512382.6462, 'loss': 0.0958, 'lr': 0.001, 'params': 870605, 'time_iter': 16.947, 'accuracy': 0.9719, 'precision': 0.7688, 'recall': 0.3563, 'f1': 0.487, 'auc': 0.9024}
val: {'epoch': 71, 'loss': 0.0819, 'lr': 0.001, 'params': 870605, 'time_iter': 3.0698, 'accuracy': 0.9815, 'precision': 0.561, 'recall': 0.284, 'f1': 0.377, 'auc': 0.8072}
train: {'epoch': 71, 'eta': 494844.811, 'loss': 0.0955, 'lr': 0.001, 'params': 870605, 'time_iter': 17.4966, 'accuracy': 0.9713, 'precision': 0.7558, 'recall': 0.3442, 'f1': 0.473, 'auc': 0.9}
val: {'epoch': 72, 'loss': 0.0895, 'lr': 0.001, 'params': 870605, 'time_iter': 3.4237, 'accuracy': 0.9805, 'precision': 0.52, 'recall': 0.1605, 'f1': 0.2453, 'auc': 0.7977}
train: {'epoch': 72, 'eta': 477211.4183, 'loss': 0.0939, 'lr': 0.001, 'params': 870605, 'time_iter': 17.2791, 'accuracy': 0.9716, 'precision': 0.7547, 'recall': 0.3596, 'f1': 0.4871, 'auc': 0.9072}
val: {'epoch': 73, 'loss': 0.0878, 'lr': 0.001, 'params': 870605, 'time_iter': 4.1211, 'accuracy': 0.9805, 'precision': 0.5185, 'recall': 0.1728, 'f1': 0.2593, 'auc': 0.7993}
train: {'epoch': 73, 'eta': 459595.3915, 'loss': 0.0932, 'lr': 0.001, 'params': 870605, 'time_iter': 17.3381, 'accuracy': 0.9725, 'precision': 0.7685, 'recall': 0.3799, 'f1': 0.5084, 'auc': 0.9087}
val: {'epoch': 74, 'loss': 0.0946, 'lr': 0.001, 'params': 870605, 'time_iter': 3.0609, 'accuracy': 0.9805, 'precision': 0.5333, 'recall': 0.0988, 'f1': 0.1667, 'auc': 0.7819}
train: {'epoch': 74, 'eta': 441887.082, 'loss': 0.0942, 'lr': 0.001, 'params': 870605, 'time_iter': 17.0865, 'accuracy': 0.972, 'precision': 0.7672, 'recall': 0.3612, 'f1': 0.4912, 'auc': 0.9058}
val: {'epoch': 75, 'loss': 0.0837, 'lr': 0.001, 'params': 870605, 'time_iter': 3.0629, 'accuracy': 0.9801, 'precision': 0.48, 'recall': 0.1481, 'f1': 0.2264, 'auc': 0.8174}
train: {'epoch': 75, 'eta': 424206.6118, 'loss': 0.0924, 'lr': 0.001, 'params': 870605, 'time_iter': 17.162, 'accuracy': 0.9723, 'precision': 0.7654, 'recall': 0.3734, 'f1': 0.5019, 'auc': 0.9129}
val: {'epoch': 76, 'loss': 0.0983, 'lr': 0.001, 'params': 870605, 'time_iter': 3.2089, 'accuracy': 0.9786, 'precision': 0.4054, 'recall': 0.1852, 'f1': 0.2542, 'auc': 0.7542}
train: {'epoch': 76, 'eta': 406650.9107, 'loss': 0.0929, 'lr': 0.001, 'params': 870605, 'time_iter': 17.5662, 'accuracy': 0.9726, 'precision': 0.7746, 'recall': 0.3766, 'f1': 0.5068, 'auc': 0.9075}
val: {'epoch': 77, 'loss': 0.094, 'lr': 0.001, 'params': 870605, 'time_iter': 3.3635, 'accuracy': 0.9801, 'precision': 0.4762, 'recall': 0.1235, 'f1': 0.1961, 'auc': 0.7898}
train: {'epoch': 77, 'eta': 388934.7427, 'loss': 0.0926, 'lr': 0.001, 'params': 870605, 'time_iter': 17.0592, 'accuracy': 0.9723, 'precision': 0.7516, 'recall': 0.388, 'f1': 0.5118, 'auc': 0.9123}
val: {'epoch': 78, 'loss': 0.0934, 'lr': 0.001, 'params': 870605, 'time_iter': 3.5111, 'accuracy': 0.9815, 'precision': 0.7273, 'recall': 0.0988, 'f1': 0.1739, 'auc': 0.7891}
train: {'epoch': 78, 'eta': 371195.3566, 'loss': 0.0915, 'lr': 0.001, 'params': 870605, 'time_iter': 16.9593, 'accuracy': 0.973, 'precision': 0.7829, 'recall': 0.3864, 'f1': 0.5174, 'auc': 0.918}
val: {'epoch': 79, 'loss': 0.0859, 'lr': 0.001, 'params': 870605, 'time_iter': 3.0591, 'accuracy': 0.9818, 'precision': 0.6154, 'recall': 0.1975, 'f1': 0.2991, 'auc': 0.8008}
train: {'epoch': 79, 'eta': 353588.5731, 'loss': 0.0906, 'lr': 0.001, 'params': 870605, 'time_iter': 17.4468, 'accuracy': 0.9727, 'precision': 0.7634, 'recall': 0.3929, 'f1': 0.5188, 'auc': 0.9166}
val: {'epoch': 80, 'loss': 0.0958, 'lr': 0.001, 'params': 870605, 'time_iter': 3.1773, 'accuracy': 0.9818, 'precision': 0.65, 'recall': 0.1605, 'f1': 0.2574, 'auc': 0.7746}
train: {'epoch': 80, 'eta': 335910.0604, 'loss': 0.0916, 'lr': 0.001, 'params': 870605, 'time_iter': 17.185, 'accuracy': 0.9716, 'precision': 0.7455, 'recall': 0.3685, 'f1': 0.4932, 'auc': 0.9163}
val: {'epoch': 81, 'loss': 0.0955, 'lr': 0.001, 'params': 870605, 'time_iter': 3.4561, 'accuracy': 0.9779, 'precision': 0.3438, 'recall': 0.1358, 'f1': 0.1947, 'auc': 0.7712}
train: {'epoch': 81, 'eta': 318248.3458, 'loss': 0.092, 'lr': 0.001, 'params': 870605, 'time_iter': 17.2599, 'accuracy': 0.9724, 'precision': 0.7626, 'recall': 0.3807, 'f1': 0.5079, 'auc': 0.9137}
val: {'epoch': 82, 'loss': 0.1019, 'lr': 0.001, 'params': 870605, 'time_iter': 3.081, 'accuracy': 0.982, 'precision': 0.7692, 'recall': 0.1235, 'f1': 0.2128, 'auc': 0.7913}
train: {'epoch': 82, 'eta': 300626.8694, 'loss': 0.0903, 'lr': 0.001, 'params': 870605, 'time_iter': 17.4621, 'accuracy': 0.9723, 'precision': 0.7618, 'recall': 0.3791, 'f1': 0.5062, 'auc': 0.9171}
val: {'epoch': 83, 'loss': 0.0891, 'lr': 0.001, 'params': 870605, 'time_iter': 3.2965, 'accuracy': 0.9808, 'precision': 0.5556, 'recall': 0.1235, 'f1': 0.202, 'auc': 0.8094}
train: {'epoch': 83, 'eta': 282967.8088, 'loss': 0.0897, 'lr': 0.001, 'params': 870605, 'time_iter': 17.3125, 'accuracy': 0.973, 'precision': 0.7842, 'recall': 0.3864, 'f1': 0.5177, 'auc': 0.9164}
val: {'epoch': 84, 'loss': 0.0907, 'lr': 0.001, 'params': 870605, 'time_iter': 3.2331, 'accuracy': 0.9813, 'precision': 0.6, 'recall': 0.1481, 'f1': 0.2376, 'auc': 0.807}
train: {'epoch': 84, 'eta': 265284.8711, 'loss': 0.0894, 'lr': 0.001, 'params': 870605, 'time_iter': 17.2011, 'accuracy': 0.9724, 'precision': 0.763, 'recall': 0.3815, 'f1': 0.5087, 'auc': 0.9205}
val: {'epoch': 85, 'loss': 0.0904, 'lr': 0.001, 'params': 870605, 'time_iter': 3.2116, 'accuracy': 0.981, 'precision': 0.56, 'recall': 0.1728, 'f1': 0.2642, 'auc': 0.8045}
train: {'epoch': 85, 'eta': 247587.2942, 'loss': 0.0885, 'lr': 0.001, 'params': 870605, 'time_iter': 17.1161, 'accuracy': 0.9728, 'precision': 0.7633, 'recall': 0.3953, 'f1': 0.5209, 'auc': 0.9248}
val: {'epoch': 86, 'loss': 0.1001, 'lr': 0.001, 'params': 870605, 'time_iter': 3.3364, 'accuracy': 0.9813, 'precision': 0.6429, 'recall': 0.1111, 'f1': 0.1895, 'auc': 0.7701}
train: {'epoch': 86, 'eta': 229884.1503, 'loss': 0.091, 'lr': 0.001, 'params': 870605, 'time_iter': 17.0671, 'accuracy': 0.9724, 'precision': 0.7592, 'recall': 0.3864, 'f1': 0.5121, 'auc': 0.9175}
val: {'epoch': 87, 'loss': 0.0967, 'lr': 0.001, 'params': 870605, 'time_iter': 2.9929, 'accuracy': 0.9793, 'precision': 0.4444, 'recall': 0.1975, 'f1': 0.2735, 'auc': 0.7712}
train: {'epoch': 87, 'eta': 212207.2336, 'loss': 0.089, 'lr': 0.001, 'params': 870605, 'time_iter': 17.2312, 'accuracy': 0.9726, 'precision': 0.7574, 'recall': 0.3953, 'f1': 0.5195, 'auc': 0.9249}
val: {'epoch': 88, 'loss': 0.0972, 'lr': 0.001, 'params': 870605, 'time_iter': 3.2699, 'accuracy': 0.9771, 'precision': 0.3333, 'recall': 0.1605, 'f1': 0.2167, 'auc': 0.7756}
train: {'epoch': 88, 'eta': 194488.0577, 'loss': 0.0873, 'lr': 0.001, 'params': 870605, 'time_iter': 16.9085, 'accuracy': 0.9734, 'precision': 0.7806, 'recall': 0.4042, 'f1': 0.5326, 'auc': 0.9269}
val: {'epoch': 89, 'loss': 0.0992, 'lr': 0.001, 'params': 870605, 'time_iter': 3.5955, 'accuracy': 0.9808, 'precision': 0.5357, 'recall': 0.1852, 'f1': 0.2752, 'auc': 0.7651}
train: {'epoch': 89, 'eta': 176813.5162, 'loss': 0.088, 'lr': 0.001, 'params': 870605, 'time_iter': 17.2366, 'accuracy': 0.9734, 'precision': 0.7754, 'recall': 0.4091, 'f1': 0.5356, 'auc': 0.9213}
val: {'epoch': 90, 'loss': 0.0953, 'lr': 0.001, 'params': 870605, 'time_iter': 3.1339, 'accuracy': 0.9791, 'precision': 0.4242, 'recall': 0.1728, 'f1': 0.2456, 'auc': 0.7907}
train: {'epoch': 90, 'eta': 159147.1643, 'loss': 0.0877, 'lr': 0.001, 'params': 870605, 'time_iter': 17.3304, 'accuracy': 0.9727, 'precision': 0.753, 'recall': 0.4034, 'f1': 0.5254, 'auc': 0.9262}
val: {'epoch': 91, 'loss': 0.0997, 'lr': 0.001, 'params': 870605, 'time_iter': 3.3938, 'accuracy': 0.9805, 'precision': 0.5385, 'recall': 0.0864, 'f1': 0.1489, 'auc': 0.8051}
train: {'epoch': 91, 'eta': 141468.0201, 'loss': 0.0871, 'lr': 0.001, 'params': 870605, 'time_iter': 17.228, 'accuracy': 0.9732, 'precision': 0.7778, 'recall': 0.3977, 'f1': 0.5263, 'auc': 0.9283}
val: {'epoch': 92, 'loss': 0.1079, 'lr': 0.001, 'params': 870605, 'time_iter': 3.2049, 'accuracy': 0.9776, 'precision': 0.3659, 'recall': 0.1852, 'f1': 0.2459, 'auc': 0.7658}
train: {'epoch': 92, 'eta': 123793.4548, 'loss': 0.0867, 'lr': 0.001, 'params': 870605, 'time_iter': 17.3005, 'accuracy': 0.9739, 'precision': 0.7931, 'recall': 0.4107, 'f1': 0.5412, 'auc': 0.9277}
val: {'epoch': 93, 'loss': 0.1044, 'lr': 0.001, 'params': 870605, 'time_iter': 3.3506, 'accuracy': 0.9796, 'precision': 0.4634, 'recall': 0.2346, 'f1': 0.3115, 'auc': 0.7543}
train: {'epoch': 93, 'eta': 106098.7588, 'loss': 0.0859, 'lr': 0.001, 'params': 870605, 'time_iter': 17.0354, 'accuracy': 0.9735, 'precision': 0.7836, 'recall': 0.4026, 'f1': 0.5319, 'auc': 0.9271}
val: {'epoch': 94, 'loss': 0.0923, 'lr': 0.001, 'params': 870605, 'time_iter': 3.4977, 'accuracy': 0.9803, 'precision': 0.5, 'recall': 0.2222, 'f1': 0.3077, 'auc': 0.8061}
train: {'epoch': 94, 'eta': 88413.5145, 'loss': 0.086, 'lr': 0.001, 'params': 870605, 'time_iter': 17.1457, 'accuracy': 0.9739, 'precision': 0.7768, 'recall': 0.4237, 'f1': 0.5483, 'auc': 0.9282}
val: {'epoch': 95, 'loss': 0.0903, 'lr': 0.001, 'params': 870605, 'time_iter': 3.1124, 'accuracy': 0.9803, 'precision': 0.5, 'recall': 0.2099, 'f1': 0.2957, 'auc': 0.8016}
train: {'epoch': 95, 'eta': 70734.1159, 'loss': 0.0854, 'lr': 0.001, 'params': 870605, 'time_iter': 17.2614, 'accuracy': 0.9733, 'precision': 0.7731, 'recall': 0.4067, 'f1': 0.533, 'auc': 0.9312}
val: {'epoch': 96, 'loss': 0.1115, 'lr': 0.001, 'params': 870605, 'time_iter': 3.4301, 'accuracy': 0.9808, 'precision': 0.5833, 'recall': 0.0864, 'f1': 0.1505, 'auc': 0.7471}
train: {'epoch': 96, 'eta': 53029.1316, 'loss': 0.0861, 'lr': 0.001, 'params': 870605, 'time_iter': 16.511, 'accuracy': 0.9733, 'precision': 0.7603, 'recall': 0.4196, 'f1': 0.5408, 'auc': 0.9299}
val: {'epoch': 97, 'loss': 0.0921, 'lr': 0.001, 'params': 870605, 'time_iter': 3.8108, 'accuracy': 0.9786, 'precision': 0.3939, 'recall': 0.1605, 'f1': 0.2281, 'auc': 0.8081}
train: {'epoch': 97, 'eta': 35346.2599, 'loss': 0.0858, 'lr': 0.001, 'params': 870605, 'time_iter': 16.8689, 'accuracy': 0.9735, 'precision': 0.7724, 'recall': 0.4131, 'f1': 0.5383, 'auc': 0.9315}
val: {'epoch': 98, 'loss': 0.0964, 'lr': 0.001, 'params': 870605, 'time_iter': 3.1006, 'accuracy': 0.9801, 'precision': 0.4783, 'recall': 0.1358, 'f1': 0.2115, 'auc': 0.7891}
train: {'epoch': 98, 'eta': 17675.6082, 'loss': 0.0842, 'lr': 0.001, 'params': 870605, 'time_iter': 17.4135, 'accuracy': 0.9747, 'precision': 0.8024, 'recall': 0.4318, 'f1': 0.5615, 'auc': 0.9336}
val: {'epoch': 99, 'loss': 0.0979, 'lr': 0.001, 'params': 870605, 'time_iter': 3.4289, 'accuracy': 0.9781, 'precision': 0.4, 'recall': 0.2222, 'f1': 0.2857, 'auc': 0.772}
train: {'epoch': 99, 'eta': 0.0, 'loss': 0.0821, 'lr': 0.001, 'params': 870605, 'time_iter': 17.0323, 'accuracy': 0.9748, 'precision': 0.8009, 'recall': 0.4343, 'f1': 0.5632, 'auc': 0.9372}
test: {'epoch': 99, 'loss': 0.1534, 'lr': 0.001, 'params': 870605, 'time_iter': 2.8016, 'accuracy': 0.9706, 'precision': 0.5763, 'recall': 0.2615, 'f1': 0.3598, 'auc': 0.7677}
test: {'epoch': 33, 'loss': 0.1282, 'lr': 0.001, 'params': 870605, 'time_iter': 2.9616, 'accuracy': 0.9701, 'precision': 0.5946, 'recall': 0.1692, 'f1': 0.2635, 'auc': 0.7912}
