GraphGymModule(
  (model): GNN(
    (encoder): FeatureEncoder(
      (node_encoder): AtomEncoder(
        (atom_embedding_list): ModuleList(
          (0): Embedding(119, 300)
          (1): Embedding(4, 300)
          (2): Embedding(12, 300)
          (3): Embedding(12, 300)
          (4): Embedding(10, 300)
          (5): Embedding(6, 300)
          (6): Embedding(6, 300)
          (7): Embedding(2, 300)
          (8): Embedding(2, 300)
        )
      )
      (edge_encoder): BondEncoder(
        (bond_embedding_list): ModuleList(
          (0): Embedding(5, 300)
          (1): Embedding(6, 300)
          (2): Embedding(2, 300)
        )
      )
    )
    (mp): GNNStackStage(
      (layer0): GeneralLayer(
        (layer): EGINConv(
          (model): GINEConv(nn=Sequential(
            (0): Linear(300, 300, bias=True)
            (1): ReLU()
            (2): Linear(300, 300, bias=True)
          ))
        )
        (post_layer): Sequential(
          (0): BatchNorm1d(300, eps=1e-05, momentum=0.1, affine=True, track_running_stats=True)
          (1): Dropout(p=0.5, inplace=False)
          (2): ReLU()
        )
      )
      (layer1): GeneralLayer(
        (layer): EGINConv(
          (model): GINEConv(nn=Sequential(
            (0): Linear(300, 300, bias=True)
            (1): ReLU()
            (2): Linear(300, 300, bias=True)
          ))
        )
        (post_layer): Sequential(
          (0): BatchNorm1d(300, eps=1e-05, momentum=0.1, affine=True, track_running_stats=True)
          (1): Dropout(p=0.5, inplace=False)
          (2): ReLU()
        )
      )
      (layer2): GeneralLayer(
        (layer): EGINConv(
          (model): GINEConv(nn=Sequential(
            (0): Linear(300, 300, bias=True)
            (1): ReLU()
            (2): Linear(300, 300, bias=True)
          ))
        )
        (post_layer): Sequential(
          (0): BatchNorm1d(300, eps=1e-05, momentum=0.1, affine=True, track_running_stats=True)
          (1): Dropout(p=0.5, inplace=False)
          (2): ReLU()
        )
      )
      (layer3): GeneralLayer(
        (layer): EGINConv(
          (model): GINEConv(nn=Sequential(
            (0): Linear(300, 300, bias=True)
            (1): ReLU()
            (2): Linear(300, 300, bias=True)
          ))
        )
        (post_layer): Sequential(
          (0): BatchNorm1d(300, eps=1e-05, momentum=0.1, affine=True, track_running_stats=True)
          (1): Dropout(p=0.5, inplace=False)
          (2): ReLU()
        )
      )
      (layer4): GeneralLayer(
        (layer): EGINConv(
          (model): GINEConv(nn=Sequential(
            (0): Linear(300, 300, bias=True)
            (1): ReLU()
            (2): Linear(300, 300, bias=True)
          ))
        )
        (post_layer): Sequential(
          (0): BatchNorm1d(300, eps=1e-05, momentum=0.1, affine=True, track_running_stats=True)
          (1): Dropout(p=0.5, inplace=False)
          (2): ReLU()
        )
      )
    )
    (post_mp): GNNGraphHead(
      (layer_post_mp): MLP(
        (model): Sequential(
          (0): Linear(
            (model): Linear(300, 1, bias=True)
          )
        )
      )
    )
  )
)
accelerator: cuda
benchmark: False
bn:
  eps: 1e-05
  mom: 0.1
cfg_dest: config.yaml
custom_metrics: []
dataset:
  cache_load: False
  cache_save: False
  dir: ./datasets
  edge_dim: 300
  edge_encoder: True
  edge_encoder_bn: False
  edge_encoder_name: Bond
  edge_message_ratio: 0.8
  edge_negative_sampling_ratio: 1.0
  edge_train_mode: all
  encoder: True
  encoder_bn: True
  encoder_dim: 128
  encoder_name: db
  fast_loader: False
  format: OGB
  label_column: none
  label_table: none
  location: local
  name: ogbg-molhiv
  node_encoder: True
  node_encoder_bn: False
  node_encoder_name: Atom
  remove_feature: False
  resample_disjoint: False
  resample_negative: False
  shuffle_split: True
  split: [0.8, 0.1, 0.1]
  split_mode: random
  task: graph
  task_type: classification
  to_undirected: False
  transductive: False
  transform: none
  tu_simple: True
devices: 1
gnn:
  act: relu
  act_on_last_layer_mp: True
  agg: none
  att_final_linear: False
  att_final_linear_bn: False
  att_heads: 1
  batchnorm: True
  clear_feature: True
  dim_inner: 300
  dropout: 0.5
  head: graph
  keep_edge: 0.5
  l2norm: True
  layer_type: eginconv
  layers_k1: 3
  layers_k2: 3
  layers_mp: 5
  layers_post_mp: 1
  layers_pre_mp: 0
  msg_direction: single
  normalize_adj: False
  self_msg: concat
  skip_every: 1
  stage_type: standard_stage
  use_edge_features: True
gpu_mem: False
mem:
  inplace: False
metric_agg: argmax
metric_best: auc
model:
  edge_decoding: dot
  graph_pooling: mean
  loss_fun: cross_entropy
  match_upper: True
  size_average: mean
  thresh: 0.5
  type: standard_gnn
num_threads: 6
num_workers: 16
optim:
  base_lr: 0.001
  lr_decay: 0.1
  max_epoch: 100
  momentum: 0.9
  optimizer: adam
  scheduler: none
  steps: [30, 60, 90]
  weight_decay: 0.0
out_dir: results_experiments/ogbg_molhiv_baseline_grid_comparison/ogbg_molhiv_baseline-type=standard_gnn-stage_type=standard_stage-layer_type=eginconv-act_on_last_layer_mp=True
params: 1413601
print: both
round: 4
run_dir: results_experiments/ogbg_molhiv_baseline_grid_comparison/ogbg_molhiv_baseline-type=standard_gnn-stage_type=standard_stage-layer_type=eginconv-act_on_last_layer_mp=True/8
seed: 9
share:
  dim_in: 9
  dim_out: 2
  num_splits: 3
tensorboard_agg: True
tensorboard_each_run: False
train:
  auto_resume: False
  batch_size: 32
  ckpt_clean: True
  ckpt_period: 100
  enable_ckpt: True
  epoch_resume: -1
  eval_period: 1
  iter_per_epoch: 32
  neighbor_sizes: [20, 15, 10, 5]
  node_per_graph: 32
  radius: extend
  sample_node: False
  sampler: full_batch
  skip_train_eval: False
  walk_length: 4
val:
  node_per_graph: 32
  radius: extend
  sample_node: False
  sampler: full_batch
view_emb: False
Num parameters: 1413601
val: {'epoch': 0, 'loss': 0.6904, 'lr': 0.001, 'params': 1413601, 'time_iter': 0.535, 'accuracy': 0.9844, 'precision': 0.0, 'recall': 0.0, 'f1': 0.0, 'auc': 0.8095}
val: {'epoch': 0, 'loss': 0.0985, 'lr': 0.001, 'params': 1413601, 'time_iter': 1.0056, 'accuracy': 0.9803, 'precision': 0.0, 'recall': 0.0, 'f1': 0.0, 'auc': 0.5203}
train: {'epoch': 0, 'eta': 1195940.7586, 'loss': 0.2146, 'lr': 0.001, 'params': 1413601, 'time_iter': 11.7398, 'accuracy': 0.9609, 'precision': 0.0179, 'recall': 0.0008, 'f1': 0.0016, 'auc': 0.5073}
val: {'epoch': 1, 'loss': 0.0971, 'lr': 0.001, 'params': 1413601, 'time_iter': 1.0163, 'accuracy': 0.9803, 'precision': 0.0, 'recall': 0.0, 'f1': 0.0, 'auc': 0.6063}
train: {'epoch': 1, 'eta': 1189249.2071, 'loss': 0.1579, 'lr': 0.001, 'params': 1413601, 'time_iter': 11.8466, 'accuracy': 0.9626, 'precision': 0.0, 'recall': 0.0, 'f1': 0.0, 'auc': 0.595}
val: {'epoch': 2, 'loss': 0.0986, 'lr': 0.001, 'params': 1413601, 'time_iter': 1.0649, 'accuracy': 0.9803, 'precision': 0.0, 'recall': 0.0, 'f1': 0.0, 'auc': 0.5706}
train: {'epoch': 2, 'eta': 1182873.6707, 'loss': 0.1568, 'lr': 0.001, 'params': 1413601, 'time_iter': 11.9663, 'accuracy': 0.9626, 'precision': 0.0, 'recall': 0.0, 'f1': 0.0, 'auc': 0.6197}
val: {'epoch': 3, 'loss': 0.099, 'lr': 0.001, 'params': 1413601, 'time_iter': 0.9569, 'accuracy': 0.9803, 'precision': 0.0, 'recall': 0.0, 'f1': 0.0, 'auc': 0.5842}
train: {'epoch': 3, 'eta': 1176122.1598, 'loss': 0.1556, 'lr': 0.001, 'params': 1413601, 'time_iter': 12.0713, 'accuracy': 0.9626, 'precision': 0.0, 'recall': 0.0, 'f1': 0.0, 'auc': 0.6422}
val: {'epoch': 4, 'loss': 0.099, 'lr': 0.001, 'params': 1413601, 'time_iter': 0.9562, 'accuracy': 0.9803, 'precision': 0.0, 'recall': 0.0, 'f1': 0.0, 'auc': 0.5792}
train: {'epoch': 4, 'eta': 1162504.4512, 'loss': 0.1558, 'lr': 0.001, 'params': 1413601, 'time_iter': 11.8361, 'accuracy': 0.9626, 'precision': 0.0, 'recall': 0.0, 'f1': 0.0, 'auc': 0.6383}
val: {'epoch': 5, 'loss': 0.0968, 'lr': 0.001, 'params': 1413601, 'time_iter': 1.0188, 'accuracy': 0.9803, 'precision': 0.0, 'recall': 0.0, 'f1': 0.0, 'auc': 0.6203}
train: {'epoch': 5, 'eta': 1150247.7328, 'loss': 0.1554, 'lr': 0.001, 'params': 1413601, 'time_iter': 11.8908, 'accuracy': 0.9626, 'precision': 0.0, 'recall': 0.0, 'f1': 0.0, 'auc': 0.648}
val: {'epoch': 6, 'loss': 0.0962, 'lr': 0.001, 'params': 1413601, 'time_iter': 0.9467, 'accuracy': 0.9803, 'precision': 0.0, 'recall': 0.0, 'f1': 0.0, 'auc': 0.6419}
train: {'epoch': 6, 'eta': 1136279.8313, 'loss': 0.1549, 'lr': 0.001, 'params': 1413601, 'time_iter': 11.7652, 'accuracy': 0.9626, 'precision': 0.0, 'recall': 0.0, 'f1': 0.0, 'auc': 0.6538}
val: {'epoch': 7, 'loss': 0.0985, 'lr': 0.001, 'params': 1413601, 'time_iter': 0.9812, 'accuracy': 0.9803, 'precision': 0.0, 'recall': 0.0, 'f1': 0.0, 'auc': 0.6053}
train: {'epoch': 7, 'eta': 1123178.5182, 'loss': 0.1549, 'lr': 0.001, 'params': 1413601, 'time_iter': 11.7991, 'accuracy': 0.9626, 'precision': 0.0, 'recall': 0.0, 'f1': 0.0, 'auc': 0.6549}
val: {'epoch': 8, 'loss': 0.0972, 'lr': 0.001, 'params': 1413601, 'time_iter': 1.016, 'accuracy': 0.9803, 'precision': 0.0, 'recall': 0.0, 'f1': 0.0, 'auc': 0.6307}
train: {'epoch': 8, 'eta': 1111503.3514, 'loss': 0.1544, 'lr': 0.001, 'params': 1413601, 'time_iter': 11.9157, 'accuracy': 0.9626, 'precision': 0.0, 'recall': 0.0, 'f1': 0.0, 'auc': 0.6674}
val: {'epoch': 9, 'loss': 0.0946, 'lr': 0.001, 'params': 1413601, 'time_iter': 0.9365, 'accuracy': 0.9803, 'precision': 0.0, 'recall': 0.0, 'f1': 0.0, 'auc': 0.6748}
train: {'epoch': 9, 'eta': 1098812.0723, 'loss': 0.1541, 'lr': 0.001, 'params': 1413601, 'time_iter': 11.8186, 'accuracy': 0.9626, 'precision': 0.0, 'recall': 0.0, 'f1': 0.0, 'auc': 0.6685}
val: {'epoch': 10, 'loss': 0.1022, 'lr': 0.001, 'params': 1413601, 'time_iter': 1.0107, 'accuracy': 0.9803, 'precision': 0.0, 'recall': 0.0, 'f1': 0.0, 'auc': 0.5386}
train: {'epoch': 10, 'eta': 1084830.867, 'loss': 0.1539, 'lr': 0.001, 'params': 1413601, 'time_iter': 11.6521, 'accuracy': 0.9626, 'precision': 0.0, 'recall': 0.0, 'f1': 0.0, 'auc': 0.6711}
val: {'epoch': 11, 'loss': 0.0949, 'lr': 0.001, 'params': 1413601, 'time_iter': 0.9817, 'accuracy': 0.9803, 'precision': 0.0, 'recall': 0.0, 'f1': 0.0, 'auc': 0.6649}
train: {'epoch': 11, 'eta': 1075529.1875, 'loss': 0.1538, 'lr': 0.001, 'params': 1413601, 'time_iter': 12.2282, 'accuracy': 0.9626, 'precision': 0.0, 'recall': 0.0, 'f1': 0.0, 'auc': 0.6715}
val: {'epoch': 12, 'loss': 0.099, 'lr': 0.001, 'params': 1413601, 'time_iter': 1.02, 'accuracy': 0.9803, 'precision': 0.0, 'recall': 0.0, 'f1': 0.0, 'auc': 0.6272}
train: {'epoch': 12, 'eta': 1063218.9472, 'loss': 0.1535, 'lr': 0.001, 'params': 1413601, 'time_iter': 11.8647, 'accuracy': 0.9626, 'precision': 0.0, 'recall': 0.0, 'f1': 0.0, 'auc': 0.6771}
val: {'epoch': 13, 'loss': 0.097, 'lr': 0.001, 'params': 1413601, 'time_iter': 1.041, 'accuracy': 0.9803, 'precision': 0.0, 'recall': 0.0, 'f1': 0.0, 'auc': 0.6536}
train: {'epoch': 13, 'eta': 1050601.0085, 'loss': 0.1532, 'lr': 0.001, 'params': 1413601, 'time_iter': 11.8137, 'accuracy': 0.9626, 'precision': 0.0, 'recall': 0.0, 'f1': 0.0, 'auc': 0.6778}
val: {'epoch': 14, 'loss': 0.0948, 'lr': 0.001, 'params': 1413601, 'time_iter': 1.0328, 'accuracy': 0.9803, 'precision': 0.0, 'recall': 0.0, 'f1': 0.0, 'auc': 0.6637}
train: {'epoch': 14, 'eta': 1038209.6031, 'loss': 0.1533, 'lr': 0.001, 'params': 1413601, 'time_iter': 11.842, 'accuracy': 0.9626, 'precision': 0.0, 'recall': 0.0, 'f1': 0.0, 'auc': 0.6784}
val: {'epoch': 15, 'loss': 0.0955, 'lr': 0.001, 'params': 1413601, 'time_iter': 1.0159, 'accuracy': 0.9803, 'precision': 0.0, 'recall': 0.0, 'f1': 0.0, 'auc': 0.6613}
train: {'epoch': 15, 'eta': 1027894.6788, 'loss': 0.1531, 'lr': 0.001, 'params': 1413601, 'time_iter': 12.2216, 'accuracy': 0.9626, 'precision': 0.0, 'recall': 0.0, 'f1': 0.0, 'auc': 0.6788}
val: {'epoch': 16, 'loss': 0.0978, 'lr': 0.001, 'params': 1413601, 'time_iter': 1.045, 'accuracy': 0.9803, 'precision': 0.0, 'recall': 0.0, 'f1': 0.0, 'auc': 0.6513}
train: {'epoch': 16, 'eta': 1015222.1968, 'loss': 0.1531, 'lr': 0.001, 'params': 1413601, 'time_iter': 11.8053, 'accuracy': 0.9626, 'precision': 0.0, 'recall': 0.0, 'f1': 0.0, 'auc': 0.6824}
val: {'epoch': 17, 'loss': 0.0975, 'lr': 0.001, 'params': 1413601, 'time_iter': 0.9754, 'accuracy': 0.9803, 'precision': 0.0, 'recall': 0.0, 'f1': 0.0, 'auc': 0.6435}
train: {'epoch': 17, 'eta': 1003248.4893, 'loss': 0.1531, 'lr': 0.001, 'params': 1413601, 'time_iter': 11.9419, 'accuracy': 0.9626, 'precision': 0.0, 'recall': 0.0, 'f1': 0.0, 'auc': 0.6776}
val: {'epoch': 18, 'loss': 0.0973, 'lr': 0.001, 'params': 1413601, 'time_iter': 0.9841, 'accuracy': 0.9803, 'precision': 0.0, 'recall': 0.0, 'f1': 0.0, 'auc': 0.643}
train: {'epoch': 18, 'eta': 990966.701, 'loss': 0.1529, 'lr': 0.001, 'params': 1413601, 'time_iter': 11.8792, 'accuracy': 0.9626, 'precision': 0.0, 'recall': 0.0, 'f1': 0.0, 'auc': 0.6815}
val: {'epoch': 19, 'loss': 0.0966, 'lr': 0.001, 'params': 1413601, 'time_iter': 0.9923, 'accuracy': 0.9803, 'precision': 0.0, 'recall': 0.0, 'f1': 0.0, 'auc': 0.6556}
train: {'epoch': 19, 'eta': 978238.3642, 'loss': 0.1529, 'lr': 0.001, 'params': 1413601, 'time_iter': 11.7693, 'accuracy': 0.9626, 'precision': 0.0, 'recall': 0.0, 'f1': 0.0, 'auc': 0.6812}
val: {'epoch': 20, 'loss': 0.0959, 'lr': 0.001, 'params': 1413601, 'time_iter': 0.9622, 'accuracy': 0.9803, 'precision': 0.0, 'recall': 0.0, 'f1': 0.0, 'auc': 0.6623}
train: {'epoch': 20, 'eta': 966019.6138, 'loss': 0.1528, 'lr': 0.001, 'params': 1413601, 'time_iter': 11.8857, 'accuracy': 0.9625, 'precision': 0.0, 'recall': 0.0, 'f1': 0.0, 'auc': 0.6823}
val: {'epoch': 21, 'loss': 0.0968, 'lr': 0.001, 'params': 1413601, 'time_iter': 0.9854, 'accuracy': 0.9803, 'precision': 0.0, 'recall': 0.0, 'f1': 0.0, 'auc': 0.6576}
train: {'epoch': 21, 'eta': 953197.7992, 'loss': 0.1527, 'lr': 0.001, 'params': 1413601, 'time_iter': 11.7207, 'accuracy': 0.9626, 'precision': 0.0, 'recall': 0.0, 'f1': 0.0, 'auc': 0.6834}
val: {'epoch': 22, 'loss': 0.0962, 'lr': 0.001, 'params': 1413601, 'time_iter': 0.989, 'accuracy': 0.9803, 'precision': 0.0, 'recall': 0.0, 'f1': 0.0, 'auc': 0.6498}
train: {'epoch': 22, 'eta': 940802.9824, 'loss': 0.1528, 'lr': 0.001, 'params': 1413601, 'time_iter': 11.8255, 'accuracy': 0.9625, 'precision': 0.0, 'recall': 0.0, 'f1': 0.0, 'auc': 0.6805}
val: {'epoch': 23, 'loss': 0.0957, 'lr': 0.001, 'params': 1413601, 'time_iter': 1.0027, 'accuracy': 0.9803, 'precision': 0.0, 'recall': 0.0, 'f1': 0.0, 'auc': 0.6516}
train: {'epoch': 23, 'eta': 929349.8964, 'loss': 0.1531, 'lr': 0.001, 'params': 1413601, 'time_iter': 12.1087, 'accuracy': 0.9625, 'precision': 0.0, 'recall': 0.0, 'f1': 0.0, 'auc': 0.6769}
val: {'epoch': 24, 'loss': 0.0961, 'lr': 0.001, 'params': 1413601, 'time_iter': 0.9891, 'accuracy': 0.9803, 'precision': 0.0, 'recall': 0.0, 'f1': 0.0, 'auc': 0.6593}
train: {'epoch': 24, 'eta': 917464.1668, 'loss': 0.1527, 'lr': 0.001, 'params': 1413601, 'time_iter': 11.9946, 'accuracy': 0.9626, 'precision': 0.0, 'recall': 0.0, 'f1': 0.0, 'auc': 0.6818}
val: {'epoch': 25, 'loss': 0.096, 'lr': 0.001, 'params': 1413601, 'time_iter': 1.0027, 'accuracy': 0.9803, 'precision': 0.0, 'recall': 0.0, 'f1': 0.0, 'auc': 0.672}
train: {'epoch': 25, 'eta': 905606.3438, 'loss': 0.1524, 'lr': 0.001, 'params': 1413601, 'time_iter': 12.0162, 'accuracy': 0.9626, 'precision': 0.0, 'recall': 0.0, 'f1': 0.0, 'auc': 0.6859}
val: {'epoch': 26, 'loss': 0.0979, 'lr': 0.001, 'params': 1413601, 'time_iter': 0.9712, 'accuracy': 0.9803, 'precision': 0.0, 'recall': 0.0, 'f1': 0.0, 'auc': 0.642}
train: {'epoch': 26, 'eta': 893579.6415, 'loss': 0.1525, 'lr': 0.001, 'params': 1413601, 'time_iter': 11.9689, 'accuracy': 0.9625, 'precision': 0.0, 'recall': 0.0, 'f1': 0.0, 'auc': 0.684}
val: {'epoch': 27, 'loss': 0.0963, 'lr': 0.001, 'params': 1413601, 'time_iter': 0.9861, 'accuracy': 0.9803, 'precision': 0.0, 'recall': 0.0, 'f1': 0.0, 'auc': 0.6457}
train: {'epoch': 27, 'eta': 882023.6307, 'loss': 0.1525, 'lr': 0.001, 'params': 1413601, 'time_iter': 12.1546, 'accuracy': 0.9625, 'precision': 0.0, 'recall': 0.0, 'f1': 0.0, 'auc': 0.6831}
val: {'epoch': 28, 'loss': 0.0961, 'lr': 0.001, 'params': 1413601, 'time_iter': 1.0155, 'accuracy': 0.9803, 'precision': 0.0, 'recall': 0.0, 'f1': 0.0, 'auc': 0.6514}
train: {'epoch': 28, 'eta': 870025.7318, 'loss': 0.1526, 'lr': 0.001, 'params': 1413601, 'time_iter': 12.0053, 'accuracy': 0.9626, 'precision': 0.0, 'recall': 0.0, 'f1': 0.0, 'auc': 0.6817}
val: {'epoch': 29, 'loss': 0.0977, 'lr': 0.001, 'params': 1413601, 'time_iter': 0.99, 'accuracy': 0.9803, 'precision': 0.0, 'recall': 0.0, 'f1': 0.0, 'auc': 0.656}
train: {'epoch': 29, 'eta': 857790.6336, 'loss': 0.1523, 'lr': 0.001, 'params': 1413601, 'time_iter': 11.9164, 'accuracy': 0.9626, 'precision': 0.0, 'recall': 0.0, 'f1': 0.0, 'auc': 0.6854}
val: {'epoch': 30, 'loss': 0.0949, 'lr': 0.001, 'params': 1413601, 'time_iter': 1.0032, 'accuracy': 0.9803, 'precision': 0.0, 'recall': 0.0, 'f1': 0.0, 'auc': 0.6656}
train: {'epoch': 30, 'eta': 845561.1643, 'loss': 0.1521, 'lr': 0.001, 'params': 1413601, 'time_iter': 11.9196, 'accuracy': 0.9625, 'precision': 0.0, 'recall': 0.0, 'f1': 0.0, 'auc': 0.6849}
val: {'epoch': 31, 'loss': 0.0939, 'lr': 0.001, 'params': 1413601, 'time_iter': 0.9721, 'accuracy': 0.9803, 'precision': 0.0, 'recall': 0.0, 'f1': 0.0, 'auc': 0.6861}
train: {'epoch': 31, 'eta': 833707.5955, 'loss': 0.152, 'lr': 0.001, 'params': 1413601, 'time_iter': 12.0925, 'accuracy': 0.9625, 'precision': 0.0, 'recall': 0.0, 'f1': 0.0, 'auc': 0.685}
val: {'epoch': 32, 'loss': 0.0994, 'lr': 0.001, 'params': 1413601, 'time_iter': 0.9889, 'accuracy': 0.9803, 'precision': 0.0, 'recall': 0.0, 'f1': 0.0, 'auc': 0.6535}
train: {'epoch': 32, 'eta': 821738.4616, 'loss': 0.1527, 'lr': 0.001, 'params': 1413601, 'time_iter': 12.0543, 'accuracy': 0.9625, 'precision': 0.0, 'recall': 0.0, 'f1': 0.0, 'auc': 0.6788}
val: {'epoch': 33, 'loss': 0.095, 'lr': 0.001, 'params': 1413601, 'time_iter': 0.9866, 'accuracy': 0.9803, 'precision': 0.0, 'recall': 0.0, 'f1': 0.0, 'auc': 0.6857}
train: {'epoch': 33, 'eta': 809652.121, 'loss': 0.1521, 'lr': 0.001, 'params': 1413601, 'time_iter': 12.0084, 'accuracy': 0.9625, 'precision': 0.0, 'recall': 0.0, 'f1': 0.0, 'auc': 0.687}
val: {'epoch': 34, 'loss': 0.0973, 'lr': 0.001, 'params': 1413601, 'time_iter': 0.9978, 'accuracy': 0.9801, 'precision': 0.0, 'recall': 0.0, 'f1': 0.0, 'auc': 0.6796}
train: {'epoch': 34, 'eta': 797181.2241, 'loss': 0.1518, 'lr': 0.001, 'params': 1413601, 'time_iter': 11.8153, 'accuracy': 0.9625, 'precision': 0.0, 'recall': 0.0, 'f1': 0.0, 'auc': 0.686}
val: {'epoch': 35, 'loss': 0.0947, 'lr': 0.001, 'params': 1413601, 'time_iter': 0.9773, 'accuracy': 0.9801, 'precision': 0.0, 'recall': 0.0, 'f1': 0.0, 'auc': 0.6872}
train: {'epoch': 35, 'eta': 785152.9, 'loss': 0.1505, 'lr': 0.001, 'params': 1413601, 'time_iter': 12.0477, 'accuracy': 0.9626, 'precision': 0.0, 'recall': 0.0, 'f1': 0.0, 'auc': 0.696}
val: {'epoch': 36, 'loss': 0.0972, 'lr': 0.001, 'params': 1413601, 'time_iter': 1.0195, 'accuracy': 0.9803, 'precision': 0.0, 'recall': 0.0, 'f1': 0.0, 'auc': 0.6746}
train: {'epoch': 36, 'eta': 772797.9005, 'loss': 0.1502, 'lr': 0.001, 'params': 1413601, 'time_iter': 11.8726, 'accuracy': 0.9625, 'precision': 0.0, 'recall': 0.0, 'f1': 0.0, 'auc': 0.6972}
val: {'epoch': 37, 'loss': 0.0926, 'lr': 0.001, 'params': 1413601, 'time_iter': 0.9623, 'accuracy': 0.9803, 'precision': 0.0, 'recall': 0.0, 'f1': 0.0, 'auc': 0.6905}
train: {'epoch': 37, 'eta': 760658.1552, 'loss': 0.1496, 'lr': 0.001, 'params': 1413601, 'time_iter': 11.9965, 'accuracy': 0.9625, 'precision': 0.0, 'recall': 0.0, 'f1': 0.0, 'auc': 0.701}
val: {'epoch': 38, 'loss': 0.0936, 'lr': 0.001, 'params': 1413601, 'time_iter': 1.0254, 'accuracy': 0.9803, 'precision': 0.0, 'recall': 0.0, 'f1': 0.0, 'auc': 0.6796}
train: {'epoch': 38, 'eta': 748373.3068, 'loss': 0.1497, 'lr': 0.001, 'params': 1413601, 'time_iter': 11.9129, 'accuracy': 0.9625, 'precision': 0.0, 'recall': 0.0, 'f1': 0.0, 'auc': 0.6975}
val: {'epoch': 39, 'loss': 0.0958, 'lr': 0.001, 'params': 1413601, 'time_iter': 0.9832, 'accuracy': 0.9801, 'precision': 0.0, 'recall': 0.0, 'f1': 0.0, 'auc': 0.6728}
train: {'epoch': 39, 'eta': 736330.477, 'loss': 0.1488, 'lr': 0.001, 'params': 1413601, 'time_iter': 12.0688, 'accuracy': 0.9626, 'precision': 0.0, 'recall': 0.0, 'f1': 0.0, 'auc': 0.7077}
val: {'epoch': 40, 'loss': 0.107, 'lr': 0.001, 'params': 1413601, 'time_iter': 0.9931, 'accuracy': 0.9803, 'precision': 0.0, 'recall': 0.0, 'f1': 0.0, 'auc': 0.6695}
train: {'epoch': 40, 'eta': 723591.0654, 'loss': 0.1487, 'lr': 0.001, 'params': 1413601, 'time_iter': 11.6108, 'accuracy': 0.9625, 'precision': 0.0, 'recall': 0.0, 'f1': 0.0, 'auc': 0.7059}
val: {'epoch': 41, 'loss': 0.0918, 'lr': 0.001, 'params': 1413601, 'time_iter': 1.0107, 'accuracy': 0.9803, 'precision': 0.0, 'recall': 0.0, 'f1': 0.0, 'auc': 0.7045}
train: {'epoch': 41, 'eta': 711245.8981, 'loss': 0.1487, 'lr': 0.001, 'params': 1413601, 'time_iter': 11.8617, 'accuracy': 0.9625, 'precision': 0.0, 'recall': 0.0, 'f1': 0.0, 'auc': 0.7038}
val: {'epoch': 42, 'loss': 0.092, 'lr': 0.001, 'params': 1413601, 'time_iter': 0.9958, 'accuracy': 0.9803, 'precision': 0.0, 'recall': 0.0, 'f1': 0.0, 'auc': 0.678}
train: {'epoch': 42, 'eta': 699083.3328, 'loss': 0.148, 'lr': 0.001, 'params': 1413601, 'time_iter': 11.9908, 'accuracy': 0.9625, 'precision': 0.0, 'recall': 0.0, 'f1': 0.0, 'auc': 0.7092}
val: {'epoch': 43, 'loss': 0.094, 'lr': 0.001, 'params': 1413601, 'time_iter': 0.9813, 'accuracy': 0.9803, 'precision': 0.0, 'recall': 0.0, 'f1': 0.0, 'auc': 0.718}
train: {'epoch': 43, 'eta': 686957.0779, 'loss': 0.1469, 'lr': 0.001, 'params': 1413601, 'time_iter': 12.0246, 'accuracy': 0.9625, 'precision': 0.0, 'recall': 0.0, 'f1': 0.0, 'auc': 0.7197}
val: {'epoch': 44, 'loss': 0.0902, 'lr': 0.001, 'params': 1413601, 'time_iter': 0.9764, 'accuracy': 0.9803, 'precision': 0.0, 'recall': 0.0, 'f1': 0.0, 'auc': 0.7235}
train: {'epoch': 44, 'eta': 674553.5995, 'loss': 0.1461, 'lr': 0.001, 'params': 1413601, 'time_iter': 11.8129, 'accuracy': 0.9625, 'precision': 0.0, 'recall': 0.0, 'f1': 0.0, 'auc': 0.7209}
val: {'epoch': 45, 'loss': 0.0963, 'lr': 0.001, 'params': 1413601, 'time_iter': 0.9712, 'accuracy': 0.9803, 'precision': 0.0, 'recall': 0.0, 'f1': 0.0, 'auc': 0.6668}
train: {'epoch': 45, 'eta': 662229.4487, 'loss': 0.146, 'lr': 0.001, 'params': 1413601, 'time_iter': 11.8697, 'accuracy': 0.9626, 'precision': 0.0, 'recall': 0.0, 'f1': 0.0, 'auc': 0.7229}
val: {'epoch': 46, 'loss': 0.0971, 'lr': 0.001, 'params': 1413601, 'time_iter': 1.1127, 'accuracy': 0.9796, 'precision': 0.0, 'recall': 0.0, 'f1': 0.0, 'auc': 0.7096}
train: {'epoch': 46, 'eta': 650092.8056, 'loss': 0.1448, 'lr': 0.001, 'params': 1413601, 'time_iter': 12.0272, 'accuracy': 0.9625, 'precision': 0.0, 'recall': 0.0, 'f1': 0.0, 'auc': 0.7321}
val: {'epoch': 47, 'loss': 0.0954, 'lr': 0.001, 'params': 1413601, 'time_iter': 0.9966, 'accuracy': 0.9793, 'precision': 0.1667, 'recall': 0.0123, 'f1': 0.023, 'auc': 0.6931}
train: {'epoch': 47, 'eta': 637746.2264, 'loss': 0.1455, 'lr': 0.001, 'params': 1413601, 'time_iter': 11.8478, 'accuracy': 0.9625, 'precision': 0.3333, 'recall': 0.0008, 'f1': 0.0016, 'auc': 0.7274}
val: {'epoch': 48, 'loss': 0.0924, 'lr': 0.001, 'params': 1413601, 'time_iter': 0.9738, 'accuracy': 0.9803, 'precision': 0.5, 'recall': 0.0123, 'f1': 0.0241, 'auc': 0.7346}
train: {'epoch': 48, 'eta': 625247.1268, 'loss': 0.1438, 'lr': 0.001, 'params': 1413601, 'time_iter': 11.6995, 'accuracy': 0.9625, 'precision': 0.0, 'recall': 0.0, 'f1': 0.0, 'auc': 0.7357}
val: {'epoch': 49, 'loss': 0.091, 'lr': 0.001, 'params': 1413601, 'time_iter': 0.9597, 'accuracy': 0.9803, 'precision': 0.0, 'recall': 0.0, 'f1': 0.0, 'auc': 0.7366}
train: {'epoch': 49, 'eta': 612730.5518, 'loss': 0.1432, 'lr': 0.001, 'params': 1413601, 'time_iter': 11.6646, 'accuracy': 0.9625, 'precision': 0.0, 'recall': 0.0, 'f1': 0.0, 'auc': 0.7411}
val: {'epoch': 50, 'loss': 0.0959, 'lr': 0.001, 'params': 1413601, 'time_iter': 1.0266, 'accuracy': 0.9801, 'precision': 0.0, 'recall': 0.0, 'f1': 0.0, 'auc': 0.7177}
train: {'epoch': 50, 'eta': 600309.0084, 'loss': 0.1428, 'lr': 0.001, 'params': 1413601, 'time_iter': 11.7404, 'accuracy': 0.9626, 'precision': 0.0, 'recall': 0.0, 'f1': 0.0, 'auc': 0.737}
val: {'epoch': 51, 'loss': 0.0857, 'lr': 0.001, 'params': 1413601, 'time_iter': 1.0008, 'accuracy': 0.9793, 'precision': 0.0, 'recall': 0.0, 'f1': 0.0, 'auc': 0.7718}
train: {'epoch': 51, 'eta': 587962.7218, 'loss': 0.144, 'lr': 0.001, 'params': 1413601, 'time_iter': 11.8058, 'accuracy': 0.9626, 'precision': 0.5, 'recall': 0.0008, 'f1': 0.0016, 'auc': 0.7285}
val: {'epoch': 52, 'loss': 0.0908, 'lr': 0.001, 'params': 1413601, 'time_iter': 0.998, 'accuracy': 0.9803, 'precision': 0.0, 'recall': 0.0, 'f1': 0.0, 'auc': 0.7418}
train: {'epoch': 52, 'eta': 575653.3681, 'loss': 0.14, 'lr': 0.001, 'params': 1413601, 'time_iter': 11.8381, 'accuracy': 0.9626, 'precision': 0.5, 'recall': 0.0016, 'f1': 0.0032, 'auc': 0.7501}
val: {'epoch': 53, 'loss': 0.0928, 'lr': 0.001, 'params': 1413601, 'time_iter': 0.9792, 'accuracy': 0.9803, 'precision': 0.5, 'recall': 0.0123, 'f1': 0.0241, 'auc': 0.7128}
train: {'epoch': 53, 'eta': 563172.5338, 'loss': 0.1406, 'lr': 0.001, 'params': 1413601, 'time_iter': 11.6371, 'accuracy': 0.9625, 'precision': 0.375, 'recall': 0.0024, 'f1': 0.0048, 'auc': 0.7477}
val: {'epoch': 54, 'loss': 0.0895, 'lr': 0.001, 'params': 1413601, 'time_iter': 1.0115, 'accuracy': 0.9805, 'precision': 0.6, 'recall': 0.037, 'f1': 0.0698, 'auc': 0.7412}
train: {'epoch': 54, 'eta': 550985.1427, 'loss': 0.1393, 'lr': 0.001, 'params': 1413601, 'time_iter': 11.9638, 'accuracy': 0.9625, 'precision': 0.2857, 'recall': 0.0016, 'f1': 0.0032, 'auc': 0.7561}
val: {'epoch': 55, 'loss': 0.0914, 'lr': 0.001, 'params': 1413601, 'time_iter': 1.0124, 'accuracy': 0.981, 'precision': 1.0, 'recall': 0.037, 'f1': 0.0714, 'auc': 0.7309}
train: {'epoch': 55, 'eta': 538766.7988, 'loss': 0.139, 'lr': 0.001, 'params': 1413601, 'time_iter': 11.9309, 'accuracy': 0.9625, 'precision': 0.4667, 'recall': 0.0057, 'f1': 0.0112, 'auc': 0.7521}
val: {'epoch': 56, 'loss': 0.084, 'lr': 0.001, 'params': 1413601, 'time_iter': 1.0043, 'accuracy': 0.981, 'precision': 0.6667, 'recall': 0.0741, 'f1': 0.1333, 'auc': 0.749}
train: {'epoch': 56, 'eta': 526456.0623, 'loss': 0.1386, 'lr': 0.001, 'params': 1413601, 'time_iter': 11.8145, 'accuracy': 0.9624, 'precision': 0.381, 'recall': 0.0065, 'f1': 0.0128, 'auc': 0.7547}
val: {'epoch': 57, 'loss': 0.0843, 'lr': 0.001, 'params': 1413601, 'time_iter': 1.0158, 'accuracy': 0.9801, 'precision': 0.4, 'recall': 0.0247, 'f1': 0.0465, 'auc': 0.7549}
train: {'epoch': 57, 'eta': 514027.5066, 'loss': 0.1372, 'lr': 0.001, 'params': 1413601, 'time_iter': 11.6493, 'accuracy': 0.9628, 'precision': 0.6207, 'recall': 0.0146, 'f1': 0.0285, 'auc': 0.7616}
val: {'epoch': 58, 'loss': 0.0845, 'lr': 0.001, 'params': 1413601, 'time_iter': 0.9953, 'accuracy': 0.9815, 'precision': 0.7778, 'recall': 0.0864, 'f1': 0.1556, 'auc': 0.7521}
train: {'epoch': 58, 'eta': 501759.8412, 'loss': 0.137, 'lr': 0.001, 'params': 1413601, 'time_iter': 11.8534, 'accuracy': 0.9626, 'precision': 0.5278, 'recall': 0.0154, 'f1': 0.03, 'auc': 0.7612}
val: {'epoch': 59, 'loss': 0.0831, 'lr': 0.001, 'params': 1413601, 'time_iter': 0.9731, 'accuracy': 0.9805, 'precision': 0.6, 'recall': 0.037, 'f1': 0.0698, 'auc': 0.7581}
train: {'epoch': 59, 'eta': 489653.0222, 'loss': 0.1374, 'lr': 0.001, 'params': 1413601, 'time_iter': 12.0844, 'accuracy': 0.9626, 'precision': 0.5312, 'recall': 0.0138, 'f1': 0.0269, 'auc': 0.76}
val: {'epoch': 60, 'loss': 0.0841, 'lr': 0.001, 'params': 1413601, 'time_iter': 1.0439, 'accuracy': 0.9805, 'precision': 0.6, 'recall': 0.037, 'f1': 0.0698, 'auc': 0.7563}
train: {'epoch': 60, 'eta': 477311.3547, 'loss': 0.1365, 'lr': 0.001, 'params': 1413601, 'time_iter': 11.7438, 'accuracy': 0.9626, 'precision': 0.5278, 'recall': 0.0154, 'f1': 0.03, 'auc': 0.7633}
val: {'epoch': 61, 'loss': 0.0911, 'lr': 0.001, 'params': 1413601, 'time_iter': 1.0633, 'accuracy': 0.9808, 'precision': 1.0, 'recall': 0.0247, 'f1': 0.0482, 'auc': 0.7654}
train: {'epoch': 61, 'eta': 464928.0498, 'loss': 0.1355, 'lr': 0.001, 'params': 1413601, 'time_iter': 11.6646, 'accuracy': 0.9628, 'precision': 0.5897, 'recall': 0.0187, 'f1': 0.0362, 'auc': 0.7691}
val: {'epoch': 62, 'loss': 0.0917, 'lr': 0.001, 'params': 1413601, 'time_iter': 0.9765, 'accuracy': 0.9796, 'precision': 0.44, 'recall': 0.1358, 'f1': 0.2075, 'auc': 0.7626}
train: {'epoch': 62, 'eta': 452579.1324, 'loss': 0.1349, 'lr': 0.001, 'params': 1413601, 'time_iter': 11.7015, 'accuracy': 0.963, 'precision': 0.6667, 'recall': 0.0244, 'f1': 0.047, 'auc': 0.7701}
val: {'epoch': 63, 'loss': 0.0984, 'lr': 0.001, 'params': 1413601, 'time_iter': 0.9658, 'accuracy': 0.9808, 'precision': 1.0, 'recall': 0.0247, 'f1': 0.0482, 'auc': 0.7074}
train: {'epoch': 63, 'eta': 440477.3428, 'loss': 0.1341, 'lr': 0.001, 'params': 1413601, 'time_iter': 12.1119, 'accuracy': 0.9629, 'precision': 0.6087, 'recall': 0.0227, 'f1': 0.0438, 'auc': 0.7778}
val: {'epoch': 64, 'loss': 0.0888, 'lr': 0.001, 'params': 1413601, 'time_iter': 1.0042, 'accuracy': 0.9808, 'precision': 0.6, 'recall': 0.0741, 'f1': 0.1319, 'auc': 0.7543}
train: {'epoch': 64, 'eta': 428319.3823, 'loss': 0.1342, 'lr': 0.001, 'params': 1413601, 'time_iter': 12.0306, 'accuracy': 0.963, 'precision': 0.6429, 'recall': 0.0292, 'f1': 0.0559, 'auc': 0.7698}
val: {'epoch': 65, 'loss': 0.0845, 'lr': 0.001, 'params': 1413601, 'time_iter': 1.0074, 'accuracy': 0.9815, 'precision': 0.7273, 'recall': 0.0988, 'f1': 0.1739, 'auc': 0.7671}
train: {'epoch': 65, 'eta': 416061.7884, 'loss': 0.134, 'lr': 0.001, 'params': 1413601, 'time_iter': 11.8553, 'accuracy': 0.9626, 'precision': 0.5079, 'recall': 0.026, 'f1': 0.0494, 'auc': 0.7751}
val: {'epoch': 66, 'loss': 0.0835, 'lr': 0.001, 'params': 1413601, 'time_iter': 0.9724, 'accuracy': 0.9815, 'precision': 0.6923, 'recall': 0.1111, 'f1': 0.1915, 'auc': 0.7541}
train: {'epoch': 66, 'eta': 403736.2324, 'loss': 0.1332, 'lr': 0.001, 'params': 1413601, 'time_iter': 11.7177, 'accuracy': 0.963, 'precision': 0.6026, 'recall': 0.0381, 'f1': 0.0718, 'auc': 0.7812}
val: {'epoch': 67, 'loss': 0.0853, 'lr': 0.001, 'params': 1413601, 'time_iter': 0.9658, 'accuracy': 0.9813, 'precision': 1.0, 'recall': 0.0494, 'f1': 0.0941, 'auc': 0.7754}
train: {'epoch': 67, 'eta': 391577.2483, 'loss': 0.1331, 'lr': 0.001, 'params': 1413601, 'time_iter': 12.0454, 'accuracy': 0.9631, 'precision': 0.6216, 'recall': 0.0373, 'f1': 0.0704, 'auc': 0.7769}
val: {'epoch': 68, 'loss': 0.0837, 'lr': 0.001, 'params': 1413601, 'time_iter': 0.9755, 'accuracy': 0.9818, 'precision': 0.6667, 'recall': 0.1481, 'f1': 0.2424, 'auc': 0.7584}
train: {'epoch': 68, 'eta': 379337.8939, 'loss': 0.1329, 'lr': 0.001, 'params': 1413601, 'time_iter': 11.8864, 'accuracy': 0.9633, 'precision': 0.6533, 'recall': 0.0398, 'f1': 0.075, 'auc': 0.7798}
val: {'epoch': 69, 'loss': 0.0823, 'lr': 0.001, 'params': 1413601, 'time_iter': 1.0178, 'accuracy': 0.9805, 'precision': 0.6, 'recall': 0.037, 'f1': 0.0698, 'auc': 0.7622}
train: {'epoch': 69, 'eta': 367089.2511, 'loss': 0.1333, 'lr': 0.001, 'params': 1413601, 'time_iter': 11.8648, 'accuracy': 0.9629, 'precision': 0.5873, 'recall': 0.03, 'f1': 0.0571, 'auc': 0.7802}
val: {'epoch': 70, 'loss': 0.0804, 'lr': 0.001, 'params': 1413601, 'time_iter': 1.1046, 'accuracy': 0.9813, 'precision': 0.8333, 'recall': 0.0617, 'f1': 0.1149, 'auc': 0.7797}
train: {'epoch': 70, 'eta': 354784.5939, 'loss': 0.1318, 'lr': 0.001, 'params': 1413601, 'time_iter': 11.7288, 'accuracy': 0.9633, 'precision': 0.642, 'recall': 0.0422, 'f1': 0.0792, 'auc': 0.7848}
val: {'epoch': 71, 'loss': 0.0907, 'lr': 0.001, 'params': 1413601, 'time_iter': 0.9995, 'accuracy': 0.9803, 'precision': 0.5, 'recall': 0.0123, 'f1': 0.0241, 'auc': 0.743}
train: {'epoch': 71, 'eta': 342515.9061, 'loss': 0.1328, 'lr': 0.001, 'params': 1413601, 'time_iter': 11.8024, 'accuracy': 0.963, 'precision': 0.6026, 'recall': 0.0381, 'f1': 0.0718, 'auc': 0.7831}
val: {'epoch': 72, 'loss': 0.0819, 'lr': 0.001, 'params': 1413601, 'time_iter': 0.9703, 'accuracy': 0.9813, 'precision': 0.75, 'recall': 0.0741, 'f1': 0.1348, 'auc': 0.7558}
train: {'epoch': 72, 'eta': 330306.1468, 'loss': 0.1324, 'lr': 0.001, 'params': 1413601, 'time_iter': 11.9483, 'accuracy': 0.9633, 'precision': 0.6456, 'recall': 0.0414, 'f1': 0.0778, 'auc': 0.7786}
val: {'epoch': 73, 'loss': 0.0876, 'lr': 0.001, 'params': 1413601, 'time_iter': 0.9951, 'accuracy': 0.981, 'precision': 1.0, 'recall': 0.037, 'f1': 0.0714, 'auc': 0.7707}
train: {'epoch': 73, 'eta': 318011.081, 'loss': 0.132, 'lr': 0.001, 'params': 1413601, 'time_iter': 11.7187, 'accuracy': 0.9629, 'precision': 0.5698, 'recall': 0.0398, 'f1': 0.0744, 'auc': 0.7816}
val: {'epoch': 74, 'loss': 0.1037, 'lr': 0.001, 'params': 1413601, 'time_iter': 0.9909, 'accuracy': 0.9805, 'precision': 1.0, 'recall': 0.0123, 'f1': 0.0244, 'auc': 0.6999}
train: {'epoch': 74, 'eta': 305762.7704, 'loss': 0.1295, 'lr': 0.001, 'params': 1413601, 'time_iter': 11.8366, 'accuracy': 0.9635, 'precision': 0.6476, 'recall': 0.0552, 'f1': 0.1017, 'auc': 0.7956}
val: {'epoch': 75, 'loss': 0.0841, 'lr': 0.001, 'params': 1413601, 'time_iter': 0.9712, 'accuracy': 0.9808, 'precision': 0.6, 'recall': 0.0741, 'f1': 0.1319, 'auc': 0.777}
train: {'epoch': 75, 'eta': 293523.8926, 'loss': 0.1307, 'lr': 0.001, 'params': 1413601, 'time_iter': 11.8601, 'accuracy': 0.9633, 'precision': 0.6395, 'recall': 0.0446, 'f1': 0.0835, 'auc': 0.7898}
val: {'epoch': 76, 'loss': 0.0845, 'lr': 0.001, 'params': 1413601, 'time_iter': 1.0001, 'accuracy': 0.981, 'precision': 0.7143, 'recall': 0.0617, 'f1': 0.1136, 'auc': 0.7715}
train: {'epoch': 76, 'eta': 281326.4493, 'loss': 0.1299, 'lr': 0.001, 'params': 1413601, 'time_iter': 11.9919, 'accuracy': 0.9632, 'precision': 0.5943, 'recall': 0.0511, 'f1': 0.0942, 'auc': 0.7915}
val: {'epoch': 77, 'loss': 0.0924, 'lr': 0.001, 'params': 1413601, 'time_iter': 1.0109, 'accuracy': 0.9808, 'precision': 1.0, 'recall': 0.0247, 'f1': 0.0482, 'auc': 0.7292}
train: {'epoch': 77, 'eta': 269101.4812, 'loss': 0.1298, 'lr': 0.001, 'params': 1413601, 'time_iter': 11.9097, 'accuracy': 0.9632, 'precision': 0.5893, 'recall': 0.0536, 'f1': 0.0982, 'auc': 0.7918}
val: {'epoch': 78, 'loss': 0.0849, 'lr': 0.001, 'params': 1413601, 'time_iter': 1.1691, 'accuracy': 0.9815, 'precision': 0.7778, 'recall': 0.0864, 'f1': 0.1556, 'auc': 0.7676}
train: {'epoch': 78, 'eta': 256938.1009, 'loss': 0.1293, 'lr': 0.001, 'params': 1413601, 'time_iter': 12.1376, 'accuracy': 0.9631, 'precision': 0.5882, 'recall': 0.0487, 'f1': 0.09, 'auc': 0.7941}
val: {'epoch': 79, 'loss': 0.0837, 'lr': 0.001, 'params': 1413601, 'time_iter': 1.0068, 'accuracy': 0.9813, 'precision': 0.7, 'recall': 0.0864, 'f1': 0.1538, 'auc': 0.7717}
train: {'epoch': 79, 'eta': 244719.1474, 'loss': 0.1292, 'lr': 0.001, 'params': 1413601, 'time_iter': 11.9533, 'accuracy': 0.9629, 'precision': 0.5468, 'recall': 0.0617, 'f1': 0.1109, 'auc': 0.7944}
val: {'epoch': 80, 'loss': 0.0824, 'lr': 0.001, 'params': 1413601, 'time_iter': 0.9789, 'accuracy': 0.9823, 'precision': 0.75, 'recall': 0.1481, 'f1': 0.2474, 'auc': 0.7704}
train: {'epoch': 80, 'eta': 232497.2047, 'loss': 0.1293, 'lr': 0.001, 'params': 1413601, 'time_iter': 11.9492, 'accuracy': 0.9634, 'precision': 0.6134, 'recall': 0.0593, 'f1': 0.1081, 'auc': 0.7932}
val: {'epoch': 81, 'loss': 0.0793, 'lr': 0.001, 'params': 1413601, 'time_iter': 1.015, 'accuracy': 0.9815, 'precision': 0.6471, 'recall': 0.1358, 'f1': 0.2245, 'auc': 0.7658}
train: {'epoch': 81, 'eta': 220254.5991, 'loss': 0.1292, 'lr': 0.001, 'params': 1413601, 'time_iter': 11.8657, 'accuracy': 0.9631, 'precision': 0.5725, 'recall': 0.0609, 'f1': 0.1101, 'auc': 0.7939}
val: {'epoch': 82, 'loss': 0.0852, 'lr': 0.001, 'params': 1413601, 'time_iter': 0.964, 'accuracy': 0.9805, 'precision': 0.6667, 'recall': 0.0247, 'f1': 0.0476, 'auc': 0.7615}
train: {'epoch': 82, 'eta': 208038.8126, 'loss': 0.1284, 'lr': 0.001, 'params': 1413601, 'time_iter': 11.9892, 'accuracy': 0.9631, 'precision': 0.5693, 'recall': 0.0633, 'f1': 0.114, 'auc': 0.7953}
val: {'epoch': 83, 'loss': 0.0878, 'lr': 0.001, 'params': 1413601, 'time_iter': 0.9916, 'accuracy': 0.9813, 'precision': 1.0, 'recall': 0.0494, 'f1': 0.0941, 'auc': 0.7555}
train: {'epoch': 83, 'eta': 195796.463, 'loss': 0.1275, 'lr': 0.001, 'params': 1413601, 'time_iter': 11.8683, 'accuracy': 0.9638, 'precision': 0.625, 'recall': 0.0812, 'f1': 0.1437, 'auc': 0.7968}
val: {'epoch': 84, 'loss': 0.0844, 'lr': 0.001, 'params': 1413601, 'time_iter': 0.9959, 'accuracy': 0.9808, 'precision': 0.6667, 'recall': 0.0494, 'f1': 0.092, 'auc': 0.7553}
train: {'epoch': 84, 'eta': 183547.8866, 'loss': 0.1281, 'lr': 0.001, 'params': 1413601, 'time_iter': 11.8302, 'accuracy': 0.9635, 'precision': 0.6, 'recall': 0.0731, 'f1': 0.1302, 'auc': 0.7957}
val: {'epoch': 85, 'loss': 0.1012, 'lr': 0.001, 'params': 1413601, 'time_iter': 1.0026, 'accuracy': 0.9808, 'precision': 0.75, 'recall': 0.037, 'f1': 0.0706, 'auc': 0.7452}
train: {'epoch': 85, 'eta': 171302.4379, 'loss': 0.1263, 'lr': 0.001, 'params': 1413601, 'time_iter': 11.8384, 'accuracy': 0.9637, 'precision': 0.6338, 'recall': 0.0731, 'f1': 0.131, 'auc': 0.8038}
val: {'epoch': 86, 'loss': 0.0831, 'lr': 0.001, 'params': 1413601, 'time_iter': 1.0206, 'accuracy': 0.9815, 'precision': 0.7273, 'recall': 0.0988, 'f1': 0.1739, 'auc': 0.7577}
train: {'epoch': 86, 'eta': 159061.0812, 'loss': 0.1279, 'lr': 0.001, 'params': 1413601, 'time_iter': 11.8555, 'accuracy': 0.9633, 'precision': 0.5779, 'recall': 0.0722, 'f1': 0.1284, 'auc': 0.7954}
val: {'epoch': 87, 'loss': 0.0874, 'lr': 0.001, 'params': 1413601, 'time_iter': 0.9637, 'accuracy': 0.9805, 'precision': 0.5714, 'recall': 0.0494, 'f1': 0.0909, 'auc': 0.7392}
train: {'epoch': 87, 'eta': 146820.6998, 'loss': 0.1269, 'lr': 0.001, 'params': 1413601, 'time_iter': 11.8556, 'accuracy': 0.9635, 'precision': 0.6099, 'recall': 0.0698, 'f1': 0.1253, 'auc': 0.8024}
val: {'epoch': 88, 'loss': 0.0865, 'lr': 0.001, 'params': 1413601, 'time_iter': 0.9694, 'accuracy': 0.981, 'precision': 0.6667, 'recall': 0.0741, 'f1': 0.1333, 'auc': 0.766}
train: {'epoch': 88, 'eta': 134579.4533, 'loss': 0.1262, 'lr': 0.001, 'params': 1413601, 'time_iter': 11.8416, 'accuracy': 0.9636, 'precision': 0.6076, 'recall': 0.0779, 'f1': 0.1381, 'auc': 0.8036}
val: {'epoch': 89, 'loss': 0.0828, 'lr': 0.001, 'params': 1413601, 'time_iter': 0.9712, 'accuracy': 0.9827, 'precision': 0.6786, 'recall': 0.2346, 'f1': 0.3486, 'auc': 0.76}
train: {'epoch': 89, 'eta': 122346.4828, 'loss': 0.1271, 'lr': 0.001, 'params': 1413601, 'time_iter': 11.903, 'accuracy': 0.9634, 'precision': 0.5875, 'recall': 0.0763, 'f1': 0.1351, 'auc': 0.8001}
val: {'epoch': 90, 'loss': 0.0834, 'lr': 0.001, 'params': 1413601, 'time_iter': 1.0067, 'accuracy': 0.9805, 'precision': 0.5556, 'recall': 0.0617, 'f1': 0.1111, 'auc': 0.7718}
train: {'epoch': 90, 'eta': 110126.8404, 'loss': 0.1253, 'lr': 0.001, 'params': 1413601, 'time_iter': 12.0373, 'accuracy': 0.9638, 'precision': 0.6158, 'recall': 0.0885, 'f1': 0.1547, 'auc': 0.8047}
val: {'epoch': 91, 'loss': 0.0867, 'lr': 0.001, 'params': 1413601, 'time_iter': 0.9808, 'accuracy': 0.9793, 'precision': 0.4, 'recall': 0.0988, 'f1': 0.1584, 'auc': 0.7854}
train: {'epoch': 91, 'eta': 97892.0951, 'loss': 0.1266, 'lr': 0.001, 'params': 1413601, 'time_iter': 11.909, 'accuracy': 0.9639, 'precision': 0.6294, 'recall': 0.0869, 'f1': 0.1526, 'auc': 0.801}
val: {'epoch': 92, 'loss': 0.153, 'lr': 0.001, 'params': 1413601, 'time_iter': 1.0628, 'accuracy': 0.9533, 'precision': 0.2032, 'recall': 0.4691, 'f1': 0.2836, 'auc': 0.7492}
train: {'epoch': 92, 'eta': 85648.9188, 'loss': 0.1243, 'lr': 0.001, 'params': 1413601, 'time_iter': 11.8056, 'accuracy': 0.9636, 'precision': 0.5926, 'recall': 0.0909, 'f1': 0.1576, 'auc': 0.8126}
val: {'epoch': 93, 'loss': 0.099, 'lr': 0.001, 'params': 1413601, 'time_iter': 1.0126, 'accuracy': 0.9793, 'precision': 0.1667, 'recall': 0.0123, 'f1': 0.023, 'auc': 0.7356}
train: {'epoch': 93, 'eta': 73414.5521, 'loss': 0.1251, 'lr': 0.001, 'params': 1413601, 'time_iter': 11.9089, 'accuracy': 0.9636, 'precision': 0.5943, 'recall': 0.0844, 'f1': 0.1478, 'auc': 0.8133}
val: {'epoch': 94, 'loss': 0.0833, 'lr': 0.001, 'params': 1413601, 'time_iter': 1.0051, 'accuracy': 0.982, 'precision': 0.6842, 'recall': 0.1605, 'f1': 0.26, 'auc': 0.77}
train: {'epoch': 94, 'eta': 61174.1346, 'loss': 0.1247, 'lr': 0.001, 'params': 1413601, 'time_iter': 11.8049, 'accuracy': 0.9637, 'precision': 0.6022, 'recall': 0.0885, 'f1': 0.1543, 'auc': 0.8134}
val: {'epoch': 95, 'loss': 0.0822, 'lr': 0.001, 'params': 1413601, 'time_iter': 1.0414, 'accuracy': 0.981, 'precision': 0.5882, 'recall': 0.1235, 'f1': 0.2041, 'auc': 0.7629}
train: {'epoch': 95, 'eta': 48936.1765, 'loss': 0.1252, 'lr': 0.001, 'params': 1413601, 'time_iter': 11.817, 'accuracy': 0.9634, 'precision': 0.5814, 'recall': 0.0812, 'f1': 0.1425, 'auc': 0.8077}
val: {'epoch': 96, 'loss': 0.0798, 'lr': 0.001, 'params': 1413601, 'time_iter': 1.0044, 'accuracy': 0.982, 'precision': 0.6842, 'recall': 0.1605, 'f1': 0.26, 'auc': 0.7622}
train: {'epoch': 96, 'eta': 36702.9556, 'loss': 0.1235, 'lr': 0.001, 'params': 1413601, 'time_iter': 11.9151, 'accuracy': 0.9641, 'precision': 0.6215, 'recall': 0.108, 'f1': 0.184, 'auc': 0.8132}
val: {'epoch': 97, 'loss': 0.0796, 'lr': 0.001, 'params': 1413601, 'time_iter': 0.9878, 'accuracy': 0.983, 'precision': 0.72, 'recall': 0.2222, 'f1': 0.3396, 'auc': 0.79}
train: {'epoch': 97, 'eta': 24462.8748, 'loss': 0.1237, 'lr': 0.001, 'params': 1413601, 'time_iter': 11.6151, 'accuracy': 0.9638, 'precision': 0.6073, 'recall': 0.0942, 'f1': 0.163, 'auc': 0.8152}
val: {'epoch': 98, 'loss': 0.0831, 'lr': 0.001, 'params': 1413601, 'time_iter': 0.9743, 'accuracy': 0.981, 'precision': 0.6154, 'recall': 0.0988, 'f1': 0.1702, 'auc': 0.7859}
train: {'epoch': 98, 'eta': 12233.6295, 'loss': 0.1247, 'lr': 0.001, 'params': 1413601, 'time_iter': 12.0976, 'accuracy': 0.9638, 'precision': 0.601, 'recall': 0.0966, 'f1': 0.1664, 'auc': 0.8107}
val: {'epoch': 99, 'loss': 0.0805, 'lr': 0.001, 'params': 1413601, 'time_iter': 0.9996, 'accuracy': 0.9825, 'precision': 0.7143, 'recall': 0.1852, 'f1': 0.2941, 'auc': 0.7912}
train: {'epoch': 99, 'eta': 0.0, 'loss': 0.1233, 'lr': 0.001, 'params': 1413601, 'time_iter': 12.0217, 'accuracy': 0.9643, 'precision': 0.633, 'recall': 0.112, 'f1': 0.1903, 'auc': 0.8136}
test: {'epoch': 99, 'loss': 0.1498, 'lr': 0.001, 'params': 1413601, 'time_iter': 0.9748, 'accuracy': 0.9652, 'precision': 0.1176, 'recall': 0.0154, 'f1': 0.0272, 'auc': 0.7482}
test: {'epoch': 99, 'loss': 0.1498, 'lr': 0.001, 'params': 1413601, 'time_iter': 1.0042, 'accuracy': 0.9652, 'precision': 0.1176, 'recall': 0.0154, 'f1': 0.0272, 'auc': 0.7482}
