GraphGymModule(
  (model): DilatedGNNModel(
    (encoder): FeatureEncoder(
      (node_encoder): AtomEncoder(
        (atom_embedding_list): ModuleList(
          (0): Embedding(119, 300)
          (1): Embedding(4, 300)
          (2): Embedding(12, 300)
          (3): Embedding(12, 300)
          (4): Embedding(10, 300)
          (5): Embedding(6, 300)
          (6): Embedding(6, 300)
          (7): Embedding(2, 300)
          (8): Embedding(2, 300)
        )
      )
      (edge_encoder): BondEncoder(
        (bond_embedding_list): ModuleList(
          (0): Embedding(5, 300)
          (1): Embedding(6, 300)
          (2): Embedding(2, 300)
        )
      )
    )
    (mp): GNNDilatedStage(
      (classic_layers): ModuleList(
        (0): GeneralLayer(
          (layer): EGINConv(
            (model): GINEConv(nn=Sequential(
              (0): Linear(300, 300, bias=True)
              (1): ReLU()
              (2): Linear(300, 300, bias=True)
            ))
          )
          (post_layer): Sequential(
            (0): BatchNorm1d(300, eps=1e-05, momentum=0.1, affine=True, track_running_stats=True)
            (1): Dropout(p=0.5, inplace=False)
            (2): ReLU()
          )
        )
        (1): GeneralLayer(
          (layer): EGINConv(
            (model): GINEConv(nn=Sequential(
              (0): Linear(300, 300, bias=True)
              (1): ReLU()
              (2): Linear(300, 300, bias=True)
            ))
          )
          (post_layer): Sequential(
            (0): BatchNorm1d(300, eps=1e-05, momentum=0.1, affine=True, track_running_stats=True)
            (1): Dropout(p=0.5, inplace=False)
            (2): ReLU()
          )
        )
        (2): GeneralLayer(
          (layer): EGINConv(
            (model): GINEConv(nn=Sequential(
              (0): Linear(300, 300, bias=True)
              (1): ReLU()
              (2): Linear(300, 300, bias=True)
            ))
          )
          (post_layer): Sequential(
            (0): BatchNorm1d(300, eps=1e-05, momentum=0.1, affine=True, track_running_stats=True)
            (1): Dropout(p=0.5, inplace=False)
            (2): ReLU()
          )
        )
      )
      (dilated_layers): ModuleList(
        (0): DilatedGeneralLayer(
          (layer): EGINConv(
            (model): GINEConv(nn=Sequential(
              (0): Linear(300, 300, bias=True)
              (1): ReLU()
              (2): Linear(300, 300, bias=True)
            ))
          )
          (post_layer): Sequential(
            (0): BatchNorm1d(300, eps=1e-05, momentum=0.1, affine=True, track_running_stats=True)
            (1): Dropout(p=0.5, inplace=False)
            (2): ReLU()
          )
          (gem): GeM(p=3.0000, eps=1e-06)
        )
        (1): DilatedGeneralLayer(
          (layer): EGINConv(
            (model): GINEConv(nn=Sequential(
              (0): Linear(300, 300, bias=True)
              (1): ReLU()
              (2): Linear(300, 300, bias=True)
            ))
          )
          (post_layer): Sequential(
            (0): BatchNorm1d(300, eps=1e-05, momentum=0.1, affine=True, track_running_stats=True)
            (1): Dropout(p=0.5, inplace=False)
            (2): ReLU()
          )
          (gem): GeM(p=3.0000, eps=1e-06)
        )
      )
      (act): ReLU()
    )
    (post_mp): GNNGraphHead(
      (layer_post_mp): MLP(
        (model): Sequential(
          (0): Linear(
            (model): Linear(600, 1, bias=True)
          )
        )
      )
    )
  )
)
accelerator: cuda
benchmark: False
bn:
  eps: 1e-05
  mom: 0.1
cfg_dest: config.yaml
custom_metrics: []
dataset:
  cache_load: False
  cache_save: False
  dir: ./datasets
  edge_dim: 300
  edge_encoder: True
  edge_encoder_bn: False
  edge_encoder_name: Bond
  edge_message_ratio: 0.8
  edge_negative_sampling_ratio: 1.0
  edge_train_mode: all
  encoder: True
  encoder_bn: True
  encoder_dim: 128
  encoder_name: db
  fast_loader: False
  format: OGB
  label_column: none
  label_table: none
  location: local
  name: ogbg-molhiv
  node_encoder: True
  node_encoder_bn: False
  node_encoder_name: Atom
  remove_feature: False
  resample_disjoint: False
  resample_negative: False
  shuffle_split: True
  split: [0.8, 0.1, 0.1]
  split_mode: random
  task: graph
  task_type: classification
  to_undirected: False
  transductive: False
  transform: none
  tu_simple: True
devices: 1
gnn:
  act: relu
  act_on_last_layer_mp: False
  agg: none
  att_final_linear: False
  att_final_linear_bn: False
  att_heads: 1
  batchnorm: True
  clear_feature: True
  dilated_path_join: concat
  dim_inner: 300
  dropout: 0.5
  head: graph
  keep_edge: 0.5
  l2norm: True
  layer_type: eginconv
  layers_k1: 3
  layers_k2: 2
  layers_mp: 5
  layers_post_mp: 1
  layers_pre_mp: 0
  learn_alpha_residual_connection: False
  msg_direction: single
  normalize_adj: False
  self_msg: concat
  skip_every: 1
  stage_type: stack
  use_edge_features: True
gpu_mem: False
mem:
  inplace: False
metric_agg: argmax
metric_best: auc
model:
  edge_decoding: dot
  graph_pooling: mean
  loss_fun: cross_entropy
  match_upper: True
  size_average: mean
  thresh: 0.5
  type: dilated_gnn
num_threads: 6
num_workers: 16
optim:
  base_lr: 0.001
  lr_decay: 0.1
  max_epoch: 100
  momentum: 0.9
  optimizer: adam
  scheduler: none
  steps: [30, 60, 90]
  weight_decay: 0.0
out_dir: results_experiments/ogbg_molhiv_baseline_grid_design/ogbg_molhiv_baseline-type=dilated_gnn-layer_type=eginconv-layers_k1=3-layers_k2=2-dilated_path_join=concat-learn_alpha_residual_connection=False
params: 1413903
print: both
round: 4
run_dir: results_experiments/ogbg_molhiv_baseline_grid_design/ogbg_molhiv_baseline-type=dilated_gnn-layer_type=eginconv-layers_k1=3-layers_k2=2-dilated_path_join=concat-learn_alpha_residual_connection=False/8
seed: 9
share:
  dim_in: 9
  dim_out: 2
  num_splits: 3
tensorboard_agg: True
tensorboard_each_run: False
train:
  auto_resume: False
  batch_size: 32
  ckpt_clean: True
  ckpt_period: 100
  enable_ckpt: True
  epoch_resume: -1
  eval_period: 1
  iter_per_epoch: 32
  neighbor_sizes: [20, 15, 10, 5]
  node_per_graph: 32
  radius: extend
  sample_node: False
  sampler: full_batch
  skip_train_eval: False
  walk_length: 4
val:
  node_per_graph: 32
  radius: extend
  sample_node: False
  sampler: full_batch
view_emb: False
Num parameters: 1413903
val: {'epoch': 0, 'loss': 0.6795, 'lr': 0.001, 'params': 1413903, 'time_iter': 0.9885, 'accuracy': 0.9844, 'precision': 0.0, 'recall': 0.0, 'f1': 0.0, 'auc': 0.5714}
val: {'epoch': 0, 'loss': 0.0947, 'lr': 0.001, 'params': 1413903, 'time_iter': 3.596, 'accuracy': 0.9803, 'precision': 0.0, 'recall': 0.0, 'f1': 0.0, 'auc': 0.6609}
train: {'epoch': 0, 'eta': 1430208.6042, 'loss': 0.1674, 'lr': 0.001, 'params': 1413903, 'time_iter': 14.0394, 'accuracy': 0.9623, 'precision': 0.0, 'recall': 0.0, 'f1': 0.0, 'auc': 0.6084}
val: {'epoch': 1, 'loss': 0.0939, 'lr': 0.001, 'params': 1413903, 'time_iter': 2.6235, 'accuracy': 0.9803, 'precision': 0.0, 'recall': 0.0, 'f1': 0.0, 'auc': 0.6498}
train: {'epoch': 1, 'eta': 1418229.4626, 'loss': 0.1507, 'lr': 0.001, 'params': 1413903, 'time_iter': 14.0883, 'accuracy': 0.9626, 'precision': 0.0, 'recall': 0.0, 'f1': 0.0, 'auc': 0.65}
val: {'epoch': 2, 'loss': 0.0934, 'lr': 0.001, 'params': 1413903, 'time_iter': 2.7938, 'accuracy': 0.9803, 'precision': 0.0, 'recall': 0.0, 'f1': 0.0, 'auc': 0.6635}
train: {'epoch': 2, 'eta': 1415966.0064, 'loss': 0.1496, 'lr': 0.001, 'params': 1413903, 'time_iter': 14.4308, 'accuracy': 0.9626, 'precision': 0.0, 'recall': 0.0, 'f1': 0.0, 'auc': 0.6638}
val: {'epoch': 3, 'loss': 0.0928, 'lr': 0.001, 'params': 1413903, 'time_iter': 2.5856, 'accuracy': 0.9803, 'precision': 0.0, 'recall': 0.0, 'f1': 0.0, 'auc': 0.6691}
train: {'epoch': 3, 'eta': 1399175.8669, 'loss': 0.1491, 'lr': 0.001, 'params': 1413903, 'time_iter': 14.0974, 'accuracy': 0.9626, 'precision': 0.0, 'recall': 0.0, 'f1': 0.0, 'auc': 0.663}
val: {'epoch': 4, 'loss': 0.0902, 'lr': 0.001, 'params': 1413903, 'time_iter': 2.7176, 'accuracy': 0.9813, 'precision': 1.0, 'recall': 0.0494, 'f1': 0.0941, 'auc': 0.6653}
train: {'epoch': 4, 'eta': 1385046.0501, 'loss': 0.148, 'lr': 0.001, 'params': 1413903, 'time_iter': 14.1868, 'accuracy': 0.9627, 'precision': 0.875, 'recall': 0.0057, 'f1': 0.0113, 'auc': 0.6783}
val: {'epoch': 5, 'loss': 0.0911, 'lr': 0.001, 'params': 1413903, 'time_iter': 2.8814, 'accuracy': 0.9813, 'precision': 1.0, 'recall': 0.0494, 'f1': 0.0941, 'auc': 0.6617}
train: {'epoch': 5, 'eta': 1375992.8234, 'loss': 0.1476, 'lr': 0.001, 'params': 1413903, 'time_iter': 14.5113, 'accuracy': 0.9627, 'precision': 0.7273, 'recall': 0.0065, 'f1': 0.0129, 'auc': 0.68}
val: {'epoch': 6, 'loss': 0.0912, 'lr': 0.001, 'params': 1413903, 'time_iter': 2.5522, 'accuracy': 0.9808, 'precision': 0.75, 'recall': 0.037, 'f1': 0.0706, 'auc': 0.65}
train: {'epoch': 6, 'eta': 1363519.9679, 'loss': 0.1471, 'lr': 0.001, 'params': 1413903, 'time_iter': 14.3841, 'accuracy': 0.9628, 'precision': 0.7692, 'recall': 0.0081, 'f1': 0.0161, 'auc': 0.6856}
val: {'epoch': 7, 'loss': 0.0912, 'lr': 0.001, 'params': 1413903, 'time_iter': 2.5667, 'accuracy': 0.9798, 'precision': 0.4167, 'recall': 0.0617, 'f1': 0.1075, 'auc': 0.6883}
train: {'epoch': 7, 'eta': 1346556.2033, 'loss': 0.1458, 'lr': 0.001, 'params': 1413903, 'time_iter': 14.0537, 'accuracy': 0.9625, 'precision': 0.3636, 'recall': 0.0032, 'f1': 0.0064, 'auc': 0.7}
val: {'epoch': 8, 'loss': 0.0905, 'lr': 0.001, 'params': 1413903, 'time_iter': 2.801, 'accuracy': 0.9808, 'precision': 0.75, 'recall': 0.037, 'f1': 0.0706, 'auc': 0.6824}
train: {'epoch': 8, 'eta': 1335794.8294, 'loss': 0.1457, 'lr': 0.001, 'params': 1413903, 'time_iter': 14.5964, 'accuracy': 0.9627, 'precision': 0.6, 'recall': 0.0097, 'f1': 0.0192, 'auc': 0.7011}
val: {'epoch': 9, 'loss': 0.0923, 'lr': 0.001, 'params': 1413903, 'time_iter': 2.7125, 'accuracy': 0.9798, 'precision': 0.4375, 'recall': 0.0864, 'f1': 0.1443, 'auc': 0.6939}
train: {'epoch': 9, 'eta': 1320873.6388, 'loss': 0.1448, 'lr': 0.001, 'params': 1413903, 'time_iter': 14.2392, 'accuracy': 0.9629, 'precision': 0.6897, 'recall': 0.0162, 'f1': 0.0317, 'auc': 0.7056}
val: {'epoch': 10, 'loss': 0.0913, 'lr': 0.001, 'params': 1413903, 'time_iter': 2.7857, 'accuracy': 0.981, 'precision': 1.0, 'recall': 0.037, 'f1': 0.0714, 'auc': 0.6923}
train: {'epoch': 10, 'eta': 1310258.1077, 'loss': 0.1446, 'lr': 0.001, 'params': 1413903, 'time_iter': 14.7505, 'accuracy': 0.9629, 'precision': 0.6222, 'recall': 0.0227, 'f1': 0.0439, 'auc': 0.7098}
val: {'epoch': 11, 'loss': 0.0906, 'lr': 0.001, 'params': 1413903, 'time_iter': 2.697, 'accuracy': 0.9808, 'precision': 0.5833, 'recall': 0.0864, 'f1': 0.1505, 'auc': 0.6934}
train: {'epoch': 11, 'eta': 1295747.426, 'loss': 0.1436, 'lr': 0.001, 'params': 1413903, 'time_iter': 14.3351, 'accuracy': 0.9628, 'precision': 0.5667, 'recall': 0.0276, 'f1': 0.0526, 'auc': 0.7173}
val: {'epoch': 12, 'loss': 0.0884, 'lr': 0.001, 'params': 1413903, 'time_iter': 2.6355, 'accuracy': 0.9803, 'precision': 0.5, 'recall': 0.0864, 'f1': 0.1474, 'auc': 0.7063}
train: {'epoch': 12, 'eta': 1281495.7712, 'loss': 0.1431, 'lr': 0.001, 'params': 1413903, 'time_iter': 14.3781, 'accuracy': 0.9633, 'precision': 0.7031, 'recall': 0.0365, 'f1': 0.0694, 'auc': 0.7149}
val: {'epoch': 13, 'loss': 0.0931, 'lr': 0.001, 'params': 1413903, 'time_iter': 2.9056, 'accuracy': 0.9796, 'precision': 0.4118, 'recall': 0.0864, 'f1': 0.1429, 'auc': 0.7021}
train: {'epoch': 13, 'eta': 1269133.4039, 'loss': 0.1454, 'lr': 0.001, 'params': 1413903, 'time_iter': 14.6893, 'accuracy': 0.9633, 'precision': 0.6667, 'recall': 0.0406, 'f1': 0.0765, 'auc': 0.7023}
val: {'epoch': 14, 'loss': 0.0924, 'lr': 0.001, 'params': 1413903, 'time_iter': 2.5973, 'accuracy': 0.9786, 'precision': 0.3793, 'recall': 0.1358, 'f1': 0.2, 'auc': 0.7117}
train: {'epoch': 14, 'eta': 1254192.4078, 'loss': 0.1429, 'lr': 0.001, 'params': 1413903, 'time_iter': 14.31, 'accuracy': 0.9637, 'precision': 0.7375, 'recall': 0.0479, 'f1': 0.0899, 'auc': 0.7132}
val: {'epoch': 15, 'loss': 0.0896, 'lr': 0.001, 'params': 1413903, 'time_iter': 2.5267, 'accuracy': 0.9796, 'precision': 0.4118, 'recall': 0.0864, 'f1': 0.1429, 'auc': 0.7358}
train: {'epoch': 15, 'eta': 1238904.6947, 'loss': 0.1422, 'lr': 0.001, 'params': 1413903, 'time_iter': 14.2408, 'accuracy': 0.9636, 'precision': 0.7089, 'recall': 0.0455, 'f1': 0.0854, 'auc': 0.7197}
val: {'epoch': 16, 'loss': 0.0909, 'lr': 0.001, 'params': 1413903, 'time_iter': 2.4732, 'accuracy': 0.9786, 'precision': 0.36, 'recall': 0.1111, 'f1': 0.1698, 'auc': 0.7265}
train: {'epoch': 16, 'eta': 1223897.6082, 'loss': 0.1406, 'lr': 0.001, 'params': 1413903, 'time_iter': 14.2818, 'accuracy': 0.9639, 'precision': 0.7363, 'recall': 0.0544, 'f1': 0.1013, 'auc': 0.7329}
val: {'epoch': 17, 'loss': 0.0936, 'lr': 0.001, 'params': 1413903, 'time_iter': 2.6046, 'accuracy': 0.9801, 'precision': 0.4706, 'recall': 0.0988, 'f1': 0.1633, 'auc': 0.701}
train: {'epoch': 17, 'eta': 1207206.9382, 'loss': 0.1399, 'lr': 0.001, 'params': 1413903, 'time_iter': 13.9153, 'accuracy': 0.9638, 'precision': 0.6881, 'recall': 0.0609, 'f1': 0.1119, 'auc': 0.7376}
val: {'epoch': 18, 'loss': 0.092, 'lr': 0.001, 'params': 1413903, 'time_iter': 2.6655, 'accuracy': 0.9796, 'precision': 0.4118, 'recall': 0.0864, 'f1': 0.1429, 'auc': 0.7309}
train: {'epoch': 18, 'eta': 1191323.597, 'loss': 0.1389, 'lr': 0.001, 'params': 1413903, 'time_iter': 14.0424, 'accuracy': 0.9639, 'precision': 0.6807, 'recall': 0.0657, 'f1': 0.1199, 'auc': 0.7437}
val: {'epoch': 19, 'loss': 0.0972, 'lr': 0.001, 'params': 1413903, 'time_iter': 2.4536, 'accuracy': 0.9754, 'precision': 0.2222, 'recall': 0.0988, 'f1': 0.1368, 'auc': 0.7398}
train: {'epoch': 19, 'eta': 1175783.1739, 'loss': 0.1388, 'lr': 0.001, 'params': 1413903, 'time_iter': 14.0909, 'accuracy': 0.9637, 'precision': 0.6667, 'recall': 0.0617, 'f1': 0.1129, 'auc': 0.7418}
val: {'epoch': 20, 'loss': 0.0955, 'lr': 0.001, 'params': 1413903, 'time_iter': 2.584, 'accuracy': 0.9764, 'precision': 0.2778, 'recall': 0.1235, 'f1': 0.1709, 'auc': 0.7531}
train: {'epoch': 20, 'eta': 1160155.6392, 'loss': 0.1369, 'lr': 0.001, 'params': 1413903, 'time_iter': 14.0428, 'accuracy': 0.964, 'precision': 0.6797, 'recall': 0.0706, 'f1': 0.1279, 'auc': 0.7554}
val: {'epoch': 21, 'loss': 0.0932, 'lr': 0.001, 'params': 1413903, 'time_iter': 2.744, 'accuracy': 0.9781, 'precision': 0.32, 'recall': 0.0988, 'f1': 0.1509, 'auc': 0.7373}
train: {'epoch': 21, 'eta': 1144887.277, 'loss': 0.1361, 'lr': 0.001, 'params': 1413903, 'time_iter': 14.1119, 'accuracy': 0.964, 'precision': 0.6875, 'recall': 0.0714, 'f1': 0.1294, 'auc': 0.7622}
val: {'epoch': 22, 'loss': 0.0914, 'lr': 0.001, 'params': 1413903, 'time_iter': 2.7166, 'accuracy': 0.9796, 'precision': 0.4118, 'recall': 0.0864, 'f1': 0.1429, 'auc': 0.7499}
train: {'epoch': 22, 'eta': 1131805.5223, 'loss': 0.1352, 'lr': 0.001, 'params': 1413903, 'time_iter': 14.7278, 'accuracy': 0.9644, 'precision': 0.7143, 'recall': 0.0812, 'f1': 0.1458, 'auc': 0.7678}
val: {'epoch': 23, 'loss': 0.0941, 'lr': 0.001, 'params': 1413903, 'time_iter': 2.7546, 'accuracy': 0.9786, 'precision': 0.3333, 'recall': 0.0864, 'f1': 0.1373, 'auc': 0.7043}
train: {'epoch': 23, 'eta': 1117381.6353, 'loss': 0.1347, 'lr': 0.001, 'params': 1413903, 'time_iter': 14.3689, 'accuracy': 0.9641, 'precision': 0.6645, 'recall': 0.082, 'f1': 0.146, 'auc': 0.768}
val: {'epoch': 24, 'loss': 0.0931, 'lr': 0.001, 'params': 1413903, 'time_iter': 2.4823, 'accuracy': 0.9788, 'precision': 0.3846, 'recall': 0.1235, 'f1': 0.1869, 'auc': 0.7623}
train: {'epoch': 24, 'eta': 1102123.1794, 'loss': 0.1339, 'lr': 0.001, 'params': 1413903, 'time_iter': 14.1079, 'accuracy': 0.9642, 'precision': 0.6849, 'recall': 0.0812, 'f1': 0.1451, 'auc': 0.7702}
val: {'epoch': 25, 'loss': 0.0936, 'lr': 0.001, 'params': 1413903, 'time_iter': 2.6156, 'accuracy': 0.9784, 'precision': 0.3182, 'recall': 0.0864, 'f1': 0.1359, 'auc': 0.7714}
train: {'epoch': 25, 'eta': 1086835.1458, 'loss': 0.1327, 'lr': 0.001, 'params': 1413903, 'time_iter': 14.0783, 'accuracy': 0.9647, 'precision': 0.7215, 'recall': 0.0925, 'f1': 0.164, 'auc': 0.7763}
val: {'epoch': 26, 'loss': 0.0951, 'lr': 0.001, 'params': 1413903, 'time_iter': 3.1281, 'accuracy': 0.9771, 'precision': 0.303, 'recall': 0.1235, 'f1': 0.1754, 'auc': 0.7514}
train: {'epoch': 26, 'eta': 1071733.8231, 'loss': 0.1318, 'lr': 0.001, 'params': 1413903, 'time_iter': 14.1241, 'accuracy': 0.9651, 'precision': 0.75, 'recall': 0.1023, 'f1': 0.18, 'auc': 0.7802}
val: {'epoch': 27, 'loss': 0.0919, 'lr': 0.001, 'params': 1413903, 'time_iter': 2.5101, 'accuracy': 0.9793, 'precision': 0.3889, 'recall': 0.0864, 'f1': 0.1414, 'auc': 0.7529}
train: {'epoch': 27, 'eta': 1058165.8654, 'loss': 0.1318, 'lr': 0.001, 'params': 1413903, 'time_iter': 14.6883, 'accuracy': 0.965, 'precision': 0.7263, 'recall': 0.1055, 'f1': 0.1843, 'auc': 0.7828}
val: {'epoch': 28, 'loss': 0.0973, 'lr': 0.001, 'params': 1413903, 'time_iter': 2.6269, 'accuracy': 0.9788, 'precision': 0.375, 'recall': 0.1111, 'f1': 0.1714, 'auc': 0.7455}
train: {'epoch': 28, 'eta': 1043686.1456, 'loss': 0.1297, 'lr': 0.001, 'params': 1413903, 'time_iter': 14.3687, 'accuracy': 0.965, 'precision': 0.7143, 'recall': 0.1096, 'f1': 0.19, 'auc': 0.7939}
val: {'epoch': 29, 'loss': 0.097, 'lr': 0.001, 'params': 1413903, 'time_iter': 2.4996, 'accuracy': 0.981, 'precision': 0.6364, 'recall': 0.0864, 'f1': 0.1522, 'auc': 0.7159}
train: {'epoch': 29, 'eta': 1027881.9486, 'loss': 0.1315, 'lr': 0.001, 'params': 1413903, 'time_iter': 13.8256, 'accuracy': 0.9653, 'precision': 0.7486, 'recall': 0.1088, 'f1': 0.1899, 'auc': 0.7845}
val: {'epoch': 30, 'loss': 0.0955, 'lr': 0.001, 'params': 1413903, 'time_iter': 2.6951, 'accuracy': 0.9813, 'precision': 0.7, 'recall': 0.0864, 'f1': 0.1538, 'auc': 0.7045}
train: {'epoch': 30, 'eta': 1012289.5586, 'loss': 0.1293, 'lr': 0.001, 'params': 1413903, 'time_iter': 13.8736, 'accuracy': 0.9651, 'precision': 0.7249, 'recall': 0.1112, 'f1': 0.1928, 'auc': 0.7941}
val: {'epoch': 31, 'loss': 0.0919, 'lr': 0.001, 'params': 1413903, 'time_iter': 2.6587, 'accuracy': 0.9808, 'precision': 0.5833, 'recall': 0.0864, 'f1': 0.1505, 'auc': 0.7479}
train: {'epoch': 31, 'eta': 998053.2305, 'loss': 0.1282, 'lr': 0.001, 'params': 1413903, 'time_iter': 14.4561, 'accuracy': 0.9651, 'precision': 0.7079, 'recall': 0.1161, 'f1': 0.1994, 'auc': 0.7954}
val: {'epoch': 32, 'loss': 0.0952, 'lr': 0.001, 'params': 1413903, 'time_iter': 2.5336, 'accuracy': 0.9805, 'precision': 0.5385, 'recall': 0.0864, 'f1': 0.1489, 'auc': 0.7358}
train: {'epoch': 32, 'eta': 984615.7888, 'loss': 0.1276, 'lr': 0.001, 'params': 1413903, 'time_iter': 14.8571, 'accuracy': 0.965, 'precision': 0.7083, 'recall': 0.1104, 'f1': 0.191, 'auc': 0.7994}
val: {'epoch': 33, 'loss': 0.094, 'lr': 0.001, 'params': 1413903, 'time_iter': 2.7146, 'accuracy': 0.9796, 'precision': 0.4211, 'recall': 0.0988, 'f1': 0.16, 'auc': 0.7485}
train: {'epoch': 33, 'eta': 970849.3716, 'loss': 0.1269, 'lr': 0.001, 'params': 1413903, 'time_iter': 14.7469, 'accuracy': 0.9654, 'precision': 0.7323, 'recall': 0.1177, 'f1': 0.2028, 'auc': 0.8028}
val: {'epoch': 34, 'loss': 0.0958, 'lr': 0.001, 'params': 1413903, 'time_iter': 2.4542, 'accuracy': 0.9808, 'precision': 0.5833, 'recall': 0.0864, 'f1': 0.1505, 'auc': 0.726}
train: {'epoch': 34, 'eta': 955698.9316, 'loss': 0.1271, 'lr': 0.001, 'params': 1413903, 'time_iter': 14.0647, 'accuracy': 0.9654, 'precision': 0.7156, 'recall': 0.1266, 'f1': 0.2152, 'auc': 0.8}
val: {'epoch': 35, 'loss': 0.0932, 'lr': 0.001, 'params': 1413903, 'time_iter': 2.5249, 'accuracy': 0.9801, 'precision': 0.4286, 'recall': 0.037, 'f1': 0.0682, 'auc': 0.7623}
train: {'epoch': 35, 'eta': 940498.0563, 'loss': 0.1261, 'lr': 0.001, 'params': 1413903, 'time_iter': 14.0166, 'accuracy': 0.9657, 'precision': 0.7342, 'recall': 0.1323, 'f1': 0.2242, 'auc': 0.8032}
val: {'epoch': 36, 'loss': 0.0988, 'lr': 0.001, 'params': 1413903, 'time_iter': 2.6875, 'accuracy': 0.9805, 'precision': 0.5385, 'recall': 0.0864, 'f1': 0.1489, 'auc': 0.7048}
train: {'epoch': 36, 'eta': 925811.9816, 'loss': 0.127, 'lr': 0.001, 'params': 1413903, 'time_iter': 14.2864, 'accuracy': 0.9654, 'precision': 0.7123, 'recall': 0.1266, 'f1': 0.215, 'auc': 0.7966}
val: {'epoch': 37, 'loss': 0.0925, 'lr': 0.001, 'params': 1413903, 'time_iter': 2.5381, 'accuracy': 0.9801, 'precision': 0.4667, 'recall': 0.0864, 'f1': 0.1458, 'auc': 0.767}
train: {'epoch': 37, 'eta': 910783.1324, 'loss': 0.1251, 'lr': 0.001, 'params': 1413903, 'time_iter': 14.0827, 'accuracy': 0.9659, 'precision': 0.7477, 'recall': 0.1347, 'f1': 0.2283, 'auc': 0.8054}
val: {'epoch': 38, 'loss': 0.0889, 'lr': 0.001, 'params': 1413903, 'time_iter': 2.5517, 'accuracy': 0.9805, 'precision': 0.5333, 'recall': 0.0988, 'f1': 0.1667, 'auc': 0.7659}
train: {'epoch': 38, 'eta': 896220.6927, 'loss': 0.1248, 'lr': 0.001, 'params': 1413903, 'time_iter': 14.3553, 'accuracy': 0.9659, 'precision': 0.7273, 'recall': 0.1429, 'f1': 0.2388, 'auc': 0.8088}
val: {'epoch': 39, 'loss': 0.0913, 'lr': 0.001, 'params': 1413903, 'time_iter': 3.4058, 'accuracy': 0.9798, 'precision': 0.4375, 'recall': 0.0864, 'f1': 0.1443, 'auc': 0.7354}
train: {'epoch': 39, 'eta': 882638.3333, 'loss': 0.1242, 'lr': 0.001, 'params': 1413903, 'time_iter': 14.9971, 'accuracy': 0.9656, 'precision': 0.7186, 'recall': 0.1347, 'f1': 0.2269, 'auc': 0.8128}
val: {'epoch': 40, 'loss': 0.0915, 'lr': 0.001, 'params': 1413903, 'time_iter': 2.6292, 'accuracy': 0.9796, 'precision': 0.4118, 'recall': 0.0864, 'f1': 0.1429, 'auc': 0.7679}
train: {'epoch': 40, 'eta': 868239.9009, 'loss': 0.1236, 'lr': 0.001, 'params': 1413903, 'time_iter': 14.5069, 'accuracy': 0.9662, 'precision': 0.739, 'recall': 0.1494, 'f1': 0.2485, 'auc': 0.8116}
val: {'epoch': 41, 'loss': 0.0939, 'lr': 0.001, 'params': 1413903, 'time_iter': 2.6129, 'accuracy': 0.9769, 'precision': 0.2941, 'recall': 0.1235, 'f1': 0.1739, 'auc': 0.7362}
train: {'epoch': 41, 'eta': 853089.0505, 'loss': 0.1238, 'lr': 0.001, 'params': 1413903, 'time_iter': 13.9951, 'accuracy': 0.9659, 'precision': 0.7273, 'recall': 0.1429, 'f1': 0.2388, 'auc': 0.8099}
val: {'epoch': 42, 'loss': 0.0858, 'lr': 0.001, 'params': 1413903, 'time_iter': 2.4799, 'accuracy': 0.9798, 'precision': 0.45, 'recall': 0.1111, 'f1': 0.1782, 'auc': 0.7656}
train: {'epoch': 42, 'eta': 838096.7238, 'loss': 0.1231, 'lr': 0.001, 'params': 1413903, 'time_iter': 14.0858, 'accuracy': 0.9662, 'precision': 0.728, 'recall': 0.1542, 'f1': 0.2545, 'auc': 0.8093}
val: {'epoch': 43, 'loss': 0.091, 'lr': 0.001, 'params': 1413903, 'time_iter': 2.6392, 'accuracy': 0.9808, 'precision': 0.5714, 'recall': 0.0988, 'f1': 0.1684, 'auc': 0.7364}
train: {'epoch': 43, 'eta': 823110.3238, 'loss': 0.1217, 'lr': 0.001, 'params': 1413903, 'time_iter': 14.073, 'accuracy': 0.9668, 'precision': 0.7769, 'recall': 0.1583, 'f1': 0.263, 'auc': 0.816}
val: {'epoch': 44, 'loss': 0.0882, 'lr': 0.001, 'params': 1413903, 'time_iter': 2.5702, 'accuracy': 0.9808, 'precision': 0.5833, 'recall': 0.0864, 'f1': 0.1505, 'auc': 0.7844}
train: {'epoch': 44, 'eta': 808657.1563, 'loss': 0.122, 'lr': 0.001, 'params': 1413903, 'time_iter': 14.4791, 'accuracy': 0.9659, 'precision': 0.7068, 'recall': 0.1526, 'f1': 0.251, 'auc': 0.8174}
val: {'epoch': 45, 'loss': 0.0871, 'lr': 0.001, 'params': 1413903, 'time_iter': 2.5949, 'accuracy': 0.981, 'precision': 0.6154, 'recall': 0.0988, 'f1': 0.1702, 'auc': 0.7845}
train: {'epoch': 45, 'eta': 794154.3712, 'loss': 0.121, 'lr': 0.001, 'params': 1413903, 'time_iter': 14.4541, 'accuracy': 0.966, 'precision': 0.7018, 'recall': 0.1623, 'f1': 0.2637, 'auc': 0.8192}
val: {'epoch': 46, 'loss': 0.0926, 'lr': 0.001, 'params': 1413903, 'time_iter': 2.5351, 'accuracy': 0.9808, 'precision': 0.5625, 'recall': 0.1111, 'f1': 0.1856, 'auc': 0.7432}
train: {'epoch': 46, 'eta': 778934.5589, 'loss': 0.1217, 'lr': 0.001, 'params': 1413903, 'time_iter': 13.8498, 'accuracy': 0.9663, 'precision': 0.7123, 'recall': 0.1688, 'f1': 0.273, 'auc': 0.8203}
val: {'epoch': 47, 'loss': 0.0894, 'lr': 0.001, 'params': 1413903, 'time_iter': 2.8628, 'accuracy': 0.9805, 'precision': 0.5294, 'recall': 0.1111, 'f1': 0.1837, 'auc': 0.7575}
train: {'epoch': 47, 'eta': 764296.1927, 'loss': 0.121, 'lr': 0.001, 'params': 1413903, 'time_iter': 14.3352, 'accuracy': 0.9667, 'precision': 0.7379, 'recall': 0.1737, 'f1': 0.2812, 'auc': 0.819}
val: {'epoch': 48, 'loss': 0.0904, 'lr': 0.001, 'params': 1413903, 'time_iter': 2.5591, 'accuracy': 0.981, 'precision': 0.6154, 'recall': 0.0988, 'f1': 0.1702, 'auc': 0.7684}
train: {'epoch': 48, 'eta': 749740.9226, 'loss': 0.1198, 'lr': 0.001, 'params': 1413903, 'time_iter': 14.417, 'accuracy': 0.9665, 'precision': 0.7181, 'recall': 0.1737, 'f1': 0.2797, 'auc': 0.8245}
val: {'epoch': 49, 'loss': 0.0886, 'lr': 0.001, 'params': 1413903, 'time_iter': 2.7217, 'accuracy': 0.9805, 'precision': 0.5294, 'recall': 0.1111, 'f1': 0.1837, 'auc': 0.7785}
train: {'epoch': 49, 'eta': 734949.4638, 'loss': 0.1195, 'lr': 0.001, 'params': 1413903, 'time_iter': 14.1984, 'accuracy': 0.9664, 'precision': 0.7086, 'recall': 0.1737, 'f1': 0.279, 'auc': 0.824}
val: {'epoch': 50, 'loss': 0.0829, 'lr': 0.001, 'params': 1413903, 'time_iter': 2.5274, 'accuracy': 0.9813, 'precision': 0.7, 'recall': 0.0864, 'f1': 0.1538, 'auc': 0.7729}
train: {'epoch': 50, 'eta': 720342.5758, 'loss': 0.1199, 'lr': 0.001, 'params': 1413903, 'time_iter': 14.3779, 'accuracy': 0.966, 'precision': 0.683, 'recall': 0.1696, 'f1': 0.2718, 'auc': 0.8274}
val: {'epoch': 51, 'loss': 0.0886, 'lr': 0.001, 'params': 1413903, 'time_iter': 2.7161, 'accuracy': 0.9813, 'precision': 0.6429, 'recall': 0.1111, 'f1': 0.1895, 'auc': 0.7646}
train: {'epoch': 51, 'eta': 705979.7565, 'loss': 0.1187, 'lr': 0.001, 'params': 1413903, 'time_iter': 14.6425, 'accuracy': 0.9668, 'precision': 0.7288, 'recall': 0.181, 'f1': 0.29, 'auc': 0.8253}
val: {'epoch': 52, 'loss': 0.0915, 'lr': 0.001, 'params': 1413903, 'time_iter': 2.6621, 'accuracy': 0.9801, 'precision': 0.4737, 'recall': 0.1111, 'f1': 0.18, 'auc': 0.7569}
train: {'epoch': 52, 'eta': 691496.8098, 'loss': 0.1193, 'lr': 0.001, 'params': 1413903, 'time_iter': 14.5399, 'accuracy': 0.9667, 'precision': 0.7246, 'recall': 0.1794, 'f1': 0.2876, 'auc': 0.827}
val: {'epoch': 53, 'loss': 0.0864, 'lr': 0.001, 'params': 1413903, 'time_iter': 2.6313, 'accuracy': 0.9813, 'precision': 0.625, 'recall': 0.1235, 'f1': 0.2062, 'auc': 0.7746}
train: {'epoch': 53, 'eta': 677155.8059, 'loss': 0.1186, 'lr': 0.001, 'params': 1413903, 'time_iter': 14.7221, 'accuracy': 0.9664, 'precision': 0.7133, 'recall': 0.1696, 'f1': 0.2741, 'auc': 0.8274}
val: {'epoch': 54, 'loss': 0.0844, 'lr': 0.001, 'params': 1413903, 'time_iter': 2.7295, 'accuracy': 0.9818, 'precision': 0.8, 'recall': 0.0988, 'f1': 0.1758, 'auc': 0.7755}
train: {'epoch': 54, 'eta': 662399.8737, 'loss': 0.1181, 'lr': 0.001, 'params': 1413903, 'time_iter': 14.2642, 'accuracy': 0.9668, 'precision': 0.7188, 'recall': 0.1867, 'f1': 0.2964, 'auc': 0.8282}
val: {'epoch': 55, 'loss': 0.0914, 'lr': 0.001, 'params': 1413903, 'time_iter': 2.3917, 'accuracy': 0.982, 'precision': 0.8889, 'recall': 0.0988, 'f1': 0.1778, 'auc': 0.7685}
train: {'epoch': 55, 'eta': 647493.1716, 'loss': 0.1172, 'lr': 0.001, 'params': 1413903, 'time_iter': 14.0742, 'accuracy': 0.9669, 'precision': 0.7247, 'recall': 0.1859, 'f1': 0.2959, 'auc': 0.83}
val: {'epoch': 56, 'loss': 0.0913, 'lr': 0.001, 'params': 1413903, 'time_iter': 2.8037, 'accuracy': 0.9808, 'precision': 0.5625, 'recall': 0.1111, 'f1': 0.1856, 'auc': 0.7733}
train: {'epoch': 56, 'eta': 632534.7733, 'loss': 0.1162, 'lr': 0.001, 'params': 1413903, 'time_iter': 13.9884, 'accuracy': 0.9673, 'precision': 0.7302, 'recall': 0.2021, 'f1': 0.3166, 'auc': 0.8378}
val: {'epoch': 57, 'loss': 0.0889, 'lr': 0.001, 'params': 1413903, 'time_iter': 2.7156, 'accuracy': 0.9803, 'precision': 0.5, 'recall': 0.0988, 'f1': 0.1649, 'auc': 0.7826}
train: {'epoch': 57, 'eta': 617701.3388, 'loss': 0.1173, 'lr': 0.001, 'params': 1413903, 'time_iter': 14.13, 'accuracy': 0.9677, 'precision': 0.7471, 'recall': 0.2062, 'f1': 0.3232, 'auc': 0.8275}
val: {'epoch': 58, 'loss': 0.0894, 'lr': 0.001, 'params': 1413903, 'time_iter': 2.5075, 'accuracy': 0.981, 'precision': 0.6, 'recall': 0.1111, 'f1': 0.1875, 'auc': 0.7765}
train: {'epoch': 58, 'eta': 603066.5066, 'loss': 0.1161, 'lr': 0.001, 'params': 1413903, 'time_iter': 14.3939, 'accuracy': 0.9675, 'precision': 0.7425, 'recall': 0.2013, 'f1': 0.3167, 'auc': 0.8373}
val: {'epoch': 59, 'loss': 0.0945, 'lr': 0.001, 'params': 1413903, 'time_iter': 2.4932, 'accuracy': 0.9796, 'precision': 0.4286, 'recall': 0.1111, 'f1': 0.1765, 'auc': 0.7761}
train: {'epoch': 59, 'eta': 588292.5802, 'loss': 0.1148, 'lr': 0.001, 'params': 1413903, 'time_iter': 14.1997, 'accuracy': 0.9677, 'precision': 0.7386, 'recall': 0.211, 'f1': 0.3283, 'auc': 0.8425}
val: {'epoch': 60, 'loss': 0.0834, 'lr': 0.001, 'params': 1413903, 'time_iter': 3.3491, 'accuracy': 0.9815, 'precision': 0.7273, 'recall': 0.0988, 'f1': 0.1739, 'auc': 0.7987}
train: {'epoch': 60, 'eta': 573782.8055, 'loss': 0.1153, 'lr': 0.001, 'params': 1413903, 'time_iter': 14.5931, 'accuracy': 0.9679, 'precision': 0.7595, 'recall': 0.2102, 'f1': 0.3293, 'auc': 0.8354}
val: {'epoch': 61, 'loss': 0.0864, 'lr': 0.001, 'params': 1413903, 'time_iter': 2.6494, 'accuracy': 0.9808, 'precision': 0.5625, 'recall': 0.1111, 'f1': 0.1856, 'auc': 0.777}
train: {'epoch': 61, 'eta': 558981.1944, 'loss': 0.1152, 'lr': 0.001, 'params': 1413903, 'time_iter': 14.1563, 'accuracy': 0.9675, 'precision': 0.7301, 'recall': 0.2086, 'f1': 0.3245, 'auc': 0.8347}
val: {'epoch': 62, 'loss': 0.095, 'lr': 0.001, 'params': 1413903, 'time_iter': 2.6133, 'accuracy': 0.9798, 'precision': 0.4444, 'recall': 0.0988, 'f1': 0.1616, 'auc': 0.7635}
train: {'epoch': 62, 'eta': 544272.5234, 'loss': 0.1139, 'lr': 0.001, 'params': 1413903, 'time_iter': 14.2977, 'accuracy': 0.9678, 'precision': 0.7314, 'recall': 0.2232, 'f1': 0.342, 'auc': 0.8427}
val: {'epoch': 63, 'loss': 0.086, 'lr': 0.001, 'params': 1413903, 'time_iter': 2.4887, 'accuracy': 0.9815, 'precision': 0.6667, 'recall': 0.1235, 'f1': 0.2083, 'auc': 0.7825}
train: {'epoch': 63, 'eta': 529615.6682, 'loss': 0.1144, 'lr': 0.001, 'params': 1413903, 'time_iter': 14.3874, 'accuracy': 0.9674, 'precision': 0.7293, 'recall': 0.2078, 'f1': 0.3234, 'auc': 0.8415}
val: {'epoch': 64, 'loss': 0.0958, 'lr': 0.001, 'params': 1413903, 'time_iter': 2.5459, 'accuracy': 0.9808, 'precision': 0.5833, 'recall': 0.0864, 'f1': 0.1505, 'auc': 0.7641}
train: {'epoch': 64, 'eta': 514792.279, 'loss': 0.1145, 'lr': 0.001, 'params': 1413903, 'time_iter': 14.0951, 'accuracy': 0.9681, 'precision': 0.7479, 'recall': 0.2216, 'f1': 0.3419, 'auc': 0.8411}
val: {'epoch': 65, 'loss': 0.0876, 'lr': 0.001, 'params': 1413903, 'time_iter': 2.5769, 'accuracy': 0.9818, 'precision': 0.75, 'recall': 0.1111, 'f1': 0.1935, 'auc': 0.7951}
train: {'epoch': 65, 'eta': 500039.4433, 'loss': 0.1135, 'lr': 0.001, 'params': 1413903, 'time_iter': 14.2099, 'accuracy': 0.9676, 'precision': 0.7339, 'recall': 0.2127, 'f1': 0.3298, 'auc': 0.8457}
val: {'epoch': 66, 'loss': 0.0923, 'lr': 0.001, 'params': 1413903, 'time_iter': 2.5343, 'accuracy': 0.9815, 'precision': 0.6923, 'recall': 0.1111, 'f1': 0.1915, 'auc': 0.7613}
train: {'epoch': 66, 'eta': 485372.5231, 'loss': 0.1127, 'lr': 0.001, 'params': 1413903, 'time_iter': 14.3717, 'accuracy': 0.9677, 'precision': 0.7191, 'recall': 0.2265, 'f1': 0.3444, 'auc': 0.849}
val: {'epoch': 67, 'loss': 0.1033, 'lr': 0.001, 'params': 1413903, 'time_iter': 2.6055, 'accuracy': 0.9801, 'precision': 0.3333, 'recall': 0.0123, 'f1': 0.0238, 'auc': 0.7628}
train: {'epoch': 67, 'eta': 470574.1239, 'loss': 0.1122, 'lr': 0.001, 'params': 1413903, 'time_iter': 14.1076, 'accuracy': 0.9681, 'precision': 0.7275, 'recall': 0.2362, 'f1': 0.3566, 'auc': 0.8518}
val: {'epoch': 68, 'loss': 0.1009, 'lr': 0.001, 'params': 1413903, 'time_iter': 2.9063, 'accuracy': 0.9803, 'precision': 0.5, 'recall': 0.1235, 'f1': 0.198, 'auc': 0.7597}
train: {'epoch': 68, 'eta': 455873.9853, 'loss': 0.113, 'lr': 0.001, 'params': 1413903, 'time_iter': 14.3025, 'accuracy': 0.9678, 'precision': 0.7251, 'recall': 0.2248, 'f1': 0.3432, 'auc': 0.847}
val: {'epoch': 69, 'loss': 0.0907, 'lr': 0.001, 'params': 1413903, 'time_iter': 2.4939, 'accuracy': 0.9791, 'precision': 0.3913, 'recall': 0.1111, 'f1': 0.1731, 'auc': 0.7666}
train: {'epoch': 69, 'eta': 441143.9332, 'loss': 0.1124, 'lr': 0.001, 'params': 1413903, 'time_iter': 14.2357, 'accuracy': 0.9678, 'precision': 0.7247, 'recall': 0.2265, 'f1': 0.3451, 'auc': 0.8515}
val: {'epoch': 70, 'loss': 0.0834, 'lr': 0.001, 'params': 1413903, 'time_iter': 2.7853, 'accuracy': 0.9813, 'precision': 0.6429, 'recall': 0.1111, 'f1': 0.1895, 'auc': 0.7914}
train: {'epoch': 70, 'eta': 426411.0782, 'loss': 0.1122, 'lr': 0.001, 'params': 1413903, 'time_iter': 14.2236, 'accuracy': 0.968, 'precision': 0.7146, 'recall': 0.2419, 'f1': 0.3614, 'auc': 0.8481}
val: {'epoch': 71, 'loss': 0.0827, 'lr': 0.001, 'params': 1413903, 'time_iter': 2.5571, 'accuracy': 0.9805, 'precision': 0.52, 'recall': 0.1605, 'f1': 0.2453, 'auc': 0.7868}
train: {'epoch': 71, 'eta': 411782.1534, 'loss': 0.1105, 'lr': 0.001, 'params': 1413903, 'time_iter': 14.4766, 'accuracy': 0.9685, 'precision': 0.7338, 'recall': 0.2484, 'f1': 0.3711, 'auc': 0.8549}
val: {'epoch': 72, 'loss': 0.0937, 'lr': 0.001, 'params': 1413903, 'time_iter': 2.5224, 'accuracy': 0.981, 'precision': 0.6154, 'recall': 0.0988, 'f1': 0.1702, 'auc': 0.7735}
train: {'epoch': 72, 'eta': 396904.0643, 'loss': 0.1107, 'lr': 0.001, 'params': 1413903, 'time_iter': 13.8412, 'accuracy': 0.9681, 'precision': 0.723, 'recall': 0.2394, 'f1': 0.3598, 'auc': 0.8543}
val: {'epoch': 73, 'loss': 0.0875, 'lr': 0.001, 'params': 1413903, 'time_iter': 2.7264, 'accuracy': 0.9803, 'precision': 0.5, 'recall': 0.0864, 'f1': 0.1474, 'auc': 0.8015}
train: {'epoch': 73, 'eta': 382302.4364, 'loss': 0.1107, 'lr': 0.001, 'params': 1413903, 'time_iter': 14.5584, 'accuracy': 0.9678, 'precision': 0.7098, 'recall': 0.2362, 'f1': 0.3544, 'auc': 0.8539}
val: {'epoch': 74, 'loss': 0.0912, 'lr': 0.001, 'params': 1413903, 'time_iter': 2.5633, 'accuracy': 0.9813, 'precision': 0.6111, 'recall': 0.1358, 'f1': 0.2222, 'auc': 0.7921}
train: {'epoch': 74, 'eta': 367623.7882, 'loss': 0.1103, 'lr': 0.001, 'params': 1413903, 'time_iter': 14.3633, 'accuracy': 0.9679, 'precision': 0.7261, 'recall': 0.2281, 'f1': 0.3471, 'auc': 0.8577}
val: {'epoch': 75, 'loss': 0.0858, 'lr': 0.001, 'params': 1413903, 'time_iter': 2.593, 'accuracy': 0.9793, 'precision': 0.4167, 'recall': 0.1235, 'f1': 0.1905, 'auc': 0.7989}
train: {'epoch': 75, 'eta': 352900.4369, 'loss': 0.1108, 'lr': 0.001, 'params': 1413903, 'time_iter': 14.2339, 'accuracy': 0.9681, 'precision': 0.7241, 'recall': 0.2386, 'f1': 0.359, 'auc': 0.8521}
val: {'epoch': 76, 'loss': 0.0937, 'lr': 0.001, 'params': 1413903, 'time_iter': 2.4296, 'accuracy': 0.9798, 'precision': 0.4444, 'recall': 0.0988, 'f1': 0.1616, 'auc': 0.7724}
train: {'epoch': 76, 'eta': 338095.3897, 'loss': 0.1096, 'lr': 0.001, 'params': 1413903, 'time_iter': 13.9616, 'accuracy': 0.969, 'precision': 0.7518, 'recall': 0.2581, 'f1': 0.3843, 'auc': 0.8581}
val: {'epoch': 77, 'loss': 0.0886, 'lr': 0.001, 'params': 1413903, 'time_iter': 2.5102, 'accuracy': 0.9813, 'precision': 0.6667, 'recall': 0.0988, 'f1': 0.172, 'auc': 0.7964}
train: {'epoch': 77, 'eta': 323463.1102, 'loss': 0.1099, 'lr': 0.001, 'params': 1413903, 'time_iter': 14.5182, 'accuracy': 0.9689, 'precision': 0.7543, 'recall': 0.2516, 'f1': 0.3774, 'auc': 0.8566}
val: {'epoch': 78, 'loss': 0.0869, 'lr': 0.001, 'params': 1413903, 'time_iter': 2.5874, 'accuracy': 0.9808, 'precision': 0.5455, 'recall': 0.1481, 'f1': 0.233, 'auc': 0.7873}
train: {'epoch': 78, 'eta': 308691.8988, 'loss': 0.1087, 'lr': 0.001, 'params': 1413903, 'time_iter': 14.0386, 'accuracy': 0.9689, 'precision': 0.7342, 'recall': 0.2646, 'f1': 0.389, 'auc': 0.8614}
val: {'epoch': 79, 'loss': 0.0923, 'lr': 0.001, 'params': 1413903, 'time_iter': 2.6055, 'accuracy': 0.9801, 'precision': 0.4706, 'recall': 0.0988, 'f1': 0.1633, 'auc': 0.7681}
train: {'epoch': 79, 'eta': 294004.6375, 'loss': 0.1083, 'lr': 0.001, 'params': 1413903, 'time_iter': 14.3334, 'accuracy': 0.9693, 'precision': 0.7575, 'recall': 0.2662, 'f1': 0.394, 'auc': 0.861}
val: {'epoch': 80, 'loss': 0.0944, 'lr': 0.001, 'params': 1413903, 'time_iter': 3.0356, 'accuracy': 0.9805, 'precision': 0.5263, 'recall': 0.1235, 'f1': 0.2, 'auc': 0.7646}
train: {'epoch': 80, 'eta': 279239.9891, 'loss': 0.1085, 'lr': 0.001, 'params': 1413903, 'time_iter': 14.0191, 'accuracy': 0.9684, 'precision': 0.7175, 'recall': 0.2557, 'f1': 0.377, 'auc': 0.8654}
val: {'epoch': 81, 'loss': 0.0922, 'lr': 0.001, 'params': 1413903, 'time_iter': 2.9097, 'accuracy': 0.9798, 'precision': 0.45, 'recall': 0.1111, 'f1': 0.1782, 'auc': 0.7572}
train: {'epoch': 81, 'eta': 264531.7572, 'loss': 0.1075, 'lr': 0.001, 'params': 1413903, 'time_iter': 14.2322, 'accuracy': 0.9691, 'precision': 0.7352, 'recall': 0.2727, 'f1': 0.3979, 'auc': 0.8663}
val: {'epoch': 82, 'loss': 0.0971, 'lr': 0.001, 'params': 1413903, 'time_iter': 2.5372, 'accuracy': 0.9808, 'precision': 0.5625, 'recall': 0.1111, 'f1': 0.1856, 'auc': 0.7563}
train: {'epoch': 82, 'eta': 249765.7174, 'loss': 0.1085, 'lr': 0.001, 'params': 1413903, 'time_iter': 13.9507, 'accuracy': 0.9691, 'precision': 0.7438, 'recall': 0.2687, 'f1': 0.3948, 'auc': 0.8615}
val: {'epoch': 83, 'loss': 0.0896, 'lr': 0.001, 'params': 1413903, 'time_iter': 2.6529, 'accuracy': 0.9803, 'precision': 0.5, 'recall': 0.1235, 'f1': 0.198, 'auc': 0.7906}
train: {'epoch': 83, 'eta': 235021.7733, 'loss': 0.1073, 'lr': 0.001, 'params': 1413903, 'time_iter': 14.0135, 'accuracy': 0.969, 'precision': 0.733, 'recall': 0.2719, 'f1': 0.3967, 'auc': 0.8664}
val: {'epoch': 84, 'loss': 0.0905, 'lr': 0.001, 'params': 1413903, 'time_iter': 2.5633, 'accuracy': 0.9808, 'precision': 0.5625, 'recall': 0.1111, 'f1': 0.1856, 'auc': 0.8053}
train: {'epoch': 84, 'eta': 220389.6177, 'loss': 0.1079, 'lr': 0.001, 'params': 1413903, 'time_iter': 14.5872, 'accuracy': 0.9688, 'precision': 0.7299, 'recall': 0.2654, 'f1': 0.3893, 'auc': 0.864}
val: {'epoch': 85, 'loss': 0.0904, 'lr': 0.001, 'params': 1413903, 'time_iter': 2.5788, 'accuracy': 0.9805, 'precision': 0.5263, 'recall': 0.1235, 'f1': 0.2, 'auc': 0.7949}
train: {'epoch': 85, 'eta': 205721.4921, 'loss': 0.1061, 'lr': 0.001, 'params': 1413903, 'time_iter': 14.4249, 'accuracy': 0.9696, 'precision': 0.773, 'recall': 0.2654, 'f1': 0.3952, 'auc': 0.871}
val: {'epoch': 86, 'loss': 0.0864, 'lr': 0.001, 'params': 1413903, 'time_iter': 2.6887, 'accuracy': 0.9803, 'precision': 0.5, 'recall': 0.1358, 'f1': 0.2136, 'auc': 0.7909}
train: {'epoch': 86, 'eta': 190997.5402, 'loss': 0.1059, 'lr': 0.001, 'params': 1413903, 'time_iter': 14.088, 'accuracy': 0.9693, 'precision': 0.7278, 'recall': 0.2865, 'f1': 0.4112, 'auc': 0.8739}
val: {'epoch': 87, 'loss': 0.0895, 'lr': 0.001, 'params': 1413903, 'time_iter': 2.5276, 'accuracy': 0.9823, 'precision': 0.7857, 'recall': 0.1358, 'f1': 0.2316, 'auc': 0.78}
train: {'epoch': 87, 'eta': 176338.4133, 'loss': 0.1061, 'lr': 0.001, 'params': 1413903, 'time_iter': 14.5132, 'accuracy': 0.9696, 'precision': 0.7495, 'recall': 0.2841, 'f1': 0.412, 'auc': 0.8706}
val: {'epoch': 88, 'loss': 0.0909, 'lr': 0.001, 'params': 1413903, 'time_iter': 2.5071, 'accuracy': 0.982, 'precision': 0.6842, 'recall': 0.1605, 'f1': 0.26, 'auc': 0.7541}
train: {'epoch': 88, 'eta': 161645.2573, 'loss': 0.1064, 'lr': 0.001, 'params': 1413903, 'time_iter': 14.2942, 'accuracy': 0.9691, 'precision': 0.741, 'recall': 0.267, 'f1': 0.3926, 'auc': 0.8716}
val: {'epoch': 89, 'loss': 0.0913, 'lr': 0.001, 'params': 1413903, 'time_iter': 2.8138, 'accuracy': 0.9791, 'precision': 0.4138, 'recall': 0.1481, 'f1': 0.2182, 'auc': 0.7618}
train: {'epoch': 89, 'eta': 146941.7743, 'loss': 0.1064, 'lr': 0.001, 'params': 1413903, 'time_iter': 14.2069, 'accuracy': 0.9689, 'precision': 0.7333, 'recall': 0.2679, 'f1': 0.3924, 'auc': 0.8689}
val: {'epoch': 90, 'loss': 0.0947, 'lr': 0.001, 'params': 1413903, 'time_iter': 2.5337, 'accuracy': 0.9827, 'precision': 0.8571, 'recall': 0.1481, 'f1': 0.2526, 'auc': 0.801}
train: {'epoch': 90, 'eta': 132236.2386, 'loss': 0.1062, 'lr': 0.001, 'params': 1413903, 'time_iter': 14.1684, 'accuracy': 0.9689, 'precision': 0.7365, 'recall': 0.2654, 'f1': 0.3902, 'auc': 0.8731}
val: {'epoch': 91, 'loss': 0.0883, 'lr': 0.001, 'params': 1413903, 'time_iter': 2.8677, 'accuracy': 0.9818, 'precision': 0.6364, 'recall': 0.1728, 'f1': 0.2718, 'auc': 0.785}
train: {'epoch': 91, 'eta': 117559.0736, 'loss': 0.1047, 'lr': 0.001, 'params': 1413903, 'time_iter': 14.4549, 'accuracy': 0.9701, 'precision': 0.7578, 'recall': 0.2946, 'f1': 0.4243, 'auc': 0.8738}
val: {'epoch': 92, 'loss': 0.0918, 'lr': 0.001, 'params': 1413903, 'time_iter': 2.5337, 'accuracy': 0.981, 'precision': 0.5789, 'recall': 0.1358, 'f1': 0.22, 'auc': 0.791}
train: {'epoch': 92, 'eta': 102920.4147, 'loss': 0.1042, 'lr': 0.001, 'params': 1413903, 'time_iter': 15.0067, 'accuracy': 0.9698, 'precision': 0.757, 'recall': 0.2833, 'f1': 0.4123, 'auc': 0.8788}
val: {'epoch': 93, 'loss': 0.0893, 'lr': 0.001, 'params': 1413903, 'time_iter': 2.5531, 'accuracy': 0.9808, 'precision': 0.5556, 'recall': 0.1235, 'f1': 0.202, 'auc': 0.8027}
train: {'epoch': 93, 'eta': 88202.8212, 'loss': 0.1042, 'lr': 0.001, 'params': 1413903, 'time_iter': 14.0651, 'accuracy': 0.9694, 'precision': 0.7368, 'recall': 0.2841, 'f1': 0.4101, 'auc': 0.8768}
val: {'epoch': 94, 'loss': 0.0898, 'lr': 0.001, 'params': 1413903, 'time_iter': 2.9535, 'accuracy': 0.9805, 'precision': 0.5238, 'recall': 0.1358, 'f1': 0.2157, 'auc': 0.7999}
train: {'epoch': 94, 'eta': 73502.289, 'loss': 0.1044, 'lr': 0.001, 'params': 1413903, 'time_iter': 14.285, 'accuracy': 0.9696, 'precision': 0.7495, 'recall': 0.2841, 'f1': 0.412, 'auc': 0.8754}
val: {'epoch': 95, 'loss': 0.0923, 'lr': 0.001, 'params': 1413903, 'time_iter': 2.6759, 'accuracy': 0.9808, 'precision': 0.5625, 'recall': 0.1111, 'f1': 0.1856, 'auc': 0.8023}
train: {'epoch': 95, 'eta': 58815.4293, 'loss': 0.105, 'lr': 0.001, 'params': 1413903, 'time_iter': 14.6033, 'accuracy': 0.9696, 'precision': 0.7583, 'recall': 0.2776, 'f1': 0.4064, 'auc': 0.8775}
val: {'epoch': 96, 'loss': 0.0995, 'lr': 0.001, 'params': 1413903, 'time_iter': 2.6697, 'accuracy': 0.9805, 'precision': 0.5263, 'recall': 0.1235, 'f1': 0.2, 'auc': 0.7656}
train: {'epoch': 96, 'eta': 44111.4071, 'loss': 0.1031, 'lr': 0.001, 'params': 1413903, 'time_iter': 14.2843, 'accuracy': 0.9703, 'precision': 0.7657, 'recall': 0.2971, 'f1': 0.4281, 'auc': 0.8801}
val: {'epoch': 97, 'loss': 0.0974, 'lr': 0.001, 'params': 1413903, 'time_iter': 2.4374, 'accuracy': 0.9786, 'precision': 0.36, 'recall': 0.1111, 'f1': 0.1698, 'auc': 0.8069}
train: {'epoch': 97, 'eta': 29400.523, 'loss': 0.1037, 'lr': 0.001, 'params': 1413903, 'time_iter': 13.9522, 'accuracy': 0.9696, 'precision': 0.7458, 'recall': 0.2857, 'f1': 0.4131, 'auc': 0.8787}
val: {'epoch': 98, 'loss': 0.094, 'lr': 0.001, 'params': 1413903, 'time_iter': 2.5446, 'accuracy': 0.9801, 'precision': 0.48, 'recall': 0.1481, 'f1': 0.2264, 'auc': 0.7777}
train: {'epoch': 98, 'eta': 14699.7105, 'loss': 0.1032, 'lr': 0.001, 'params': 1413903, 'time_iter': 14.233, 'accuracy': 0.9702, 'precision': 0.7669, 'recall': 0.2938, 'f1': 0.4249, 'auc': 0.8806}
val: {'epoch': 99, 'loss': 0.0942, 'lr': 0.001, 'params': 1413903, 'time_iter': 2.6508, 'accuracy': 0.981, 'precision': 0.6, 'recall': 0.1111, 'f1': 0.1875, 'auc': 0.8043}
train: {'epoch': 99, 'eta': 0.0, 'loss': 0.1036, 'lr': 0.001, 'params': 1413903, 'time_iter': 14.1709, 'accuracy': 0.9696, 'precision': 0.7367, 'recall': 0.293, 'f1': 0.4193, 'auc': 0.882}
test: {'epoch': 99, 'loss': 0.1763, 'lr': 0.001, 'params': 1413903, 'time_iter': 2.4586, 'accuracy': 0.9684, 'precision': 0.5, 'recall': 0.0385, 'f1': 0.0714, 'auc': 0.7199}
test: {'epoch': 97, 'loss': 0.1687, 'lr': 0.001, 'params': 1413903, 'time_iter': 2.4202, 'accuracy': 0.9677, 'precision': 0.44, 'recall': 0.0846, 'f1': 0.1419, 'auc': 0.7105}
