GraphGymModule(
  (model): DilatedGNNModel(
    (encoder): FeatureEncoder(
      (node_encoder): AtomEncoder(
        (atom_embedding_list): ModuleList(
          (0): Embedding(119, 300)
          (1): Embedding(4, 300)
          (2): Embedding(12, 300)
          (3): Embedding(12, 300)
          (4): Embedding(10, 300)
          (5): Embedding(6, 300)
          (6): Embedding(6, 300)
          (7): Embedding(2, 300)
          (8): Embedding(2, 300)
        )
      )
      (edge_encoder): BondEncoder(
        (bond_embedding_list): ModuleList(
          (0): Embedding(5, 300)
          (1): Embedding(6, 300)
          (2): Embedding(2, 300)
        )
      )
    )
    (mp): GNNDilatedStage(
      (classic_layers): ModuleList(
        (0): GeneralLayer(
          (layer): EGINConv(
            (model): GINEConv(nn=Sequential(
              (0): Linear(300, 300, bias=True)
              (1): ReLU()
              (2): Linear(300, 300, bias=True)
            ))
          )
          (post_layer): Sequential(
            (0): BatchNorm1d(300, eps=1e-05, momentum=0.1, affine=True, track_running_stats=True)
            (1): Dropout(p=0.5, inplace=False)
            (2): ReLU()
          )
        )
        (1): GeneralLayer(
          (layer): EGINConv(
            (model): GINEConv(nn=Sequential(
              (0): Linear(300, 300, bias=True)
              (1): ReLU()
              (2): Linear(300, 300, bias=True)
            ))
          )
          (post_layer): Sequential(
            (0): BatchNorm1d(300, eps=1e-05, momentum=0.1, affine=True, track_running_stats=True)
            (1): Dropout(p=0.5, inplace=False)
            (2): ReLU()
          )
        )
      )
      (dilated_layers): ModuleList(
        (0): DilatedGeneralLayer(
          (layer): EGINConv(
            (model): GINEConv(nn=Sequential(
              (0): Linear(300, 300, bias=True)
              (1): ReLU()
              (2): Linear(300, 300, bias=True)
            ))
          )
          (post_layer): Sequential(
            (0): BatchNorm1d(300, eps=1e-05, momentum=0.1, affine=True, track_running_stats=True)
            (1): Dropout(p=0.5, inplace=False)
            (2): ReLU()
          )
          (gem): GeM(p=3.0000, eps=1e-06)
        )
        (1): DilatedGeneralLayer(
          (layer): EGINConv(
            (model): GINEConv(nn=Sequential(
              (0): Linear(300, 300, bias=True)
              (1): ReLU()
              (2): Linear(300, 300, bias=True)
            ))
          )
          (post_layer): Sequential(
            (0): BatchNorm1d(300, eps=1e-05, momentum=0.1, affine=True, track_running_stats=True)
            (1): Dropout(p=0.5, inplace=False)
            (2): ReLU()
          )
          (gem): GeM(p=3.0000, eps=1e-06)
        )
        (2): DilatedGeneralLayer(
          (layer): EGINConv(
            (model): GINEConv(nn=Sequential(
              (0): Linear(300, 300, bias=True)
              (1): ReLU()
              (2): Linear(300, 300, bias=True)
            ))
          )
          (post_layer): Sequential(
            (0): BatchNorm1d(300, eps=1e-05, momentum=0.1, affine=True, track_running_stats=True)
            (1): Dropout(p=0.5, inplace=False)
            (2): ReLU()
          )
          (gem): GeM(p=3.0000, eps=1e-06)
        )
      )
      (act): ReLU()
    )
    (post_mp): GNNGraphHead(
      (layer_post_mp): MLP(
        (model): Sequential(
          (0): Linear(
            (model): Linear(300, 1, bias=True)
          )
        )
      )
    )
  )
)
accelerator: cuda
benchmark: False
bn:
  eps: 1e-05
  mom: 0.1
cfg_dest: config.yaml
custom_metrics: []
dataset:
  cache_load: False
  cache_save: False
  dir: ./datasets
  edge_dim: 300
  edge_encoder: True
  edge_encoder_bn: False
  edge_encoder_name: Bond
  edge_message_ratio: 0.8
  edge_negative_sampling_ratio: 1.0
  edge_train_mode: all
  encoder: True
  encoder_bn: True
  encoder_dim: 128
  encoder_name: db
  fast_loader: False
  format: OGB
  label_column: none
  label_table: none
  location: local
  name: ogbg-molhiv
  node_encoder: True
  node_encoder_bn: False
  node_encoder_name: Atom
  remove_feature: False
  resample_disjoint: False
  resample_negative: False
  shuffle_split: True
  split: [0.8, 0.1, 0.1]
  split_mode: random
  task: graph
  task_type: classification
  to_undirected: False
  transductive: False
  transform: none
  tu_simple: True
devices: 1
gnn:
  act: relu
  act_on_last_layer_mp: False
  agg: none
  att_final_linear: False
  att_final_linear_bn: False
  att_heads: 1
  batchnorm: True
  clear_feature: True
  dilated_path_join: add
  dim_inner: 300
  dropout: 0.5
  head: graph
  keep_edge: 0.5
  l2norm: True
  layer_type: eginconv
  layers_k1: 2
  layers_k2: 3
  layers_mp: 5
  layers_post_mp: 1
  layers_pre_mp: 0
  learn_alpha_residual_connection: True
  msg_direction: single
  normalize_adj: False
  self_msg: concat
  skip_every: 1
  stage_type: stack
  use_edge_features: True
gpu_mem: False
mem:
  inplace: False
metric_agg: argmax
metric_best: auc
model:
  edge_decoding: dot
  graph_pooling: mean
  loss_fun: cross_entropy
  match_upper: True
  size_average: mean
  thresh: 0.5
  type: dilated_gnn
num_threads: 6
num_workers: 16
optim:
  base_lr: 0.001
  lr_decay: 0.1
  max_epoch: 100
  momentum: 0.9
  optimizer: adam
  scheduler: none
  steps: [30, 60, 90]
  weight_decay: 0.0
out_dir: results_experiments/ogbg_molhiv_baseline_grid_design/ogbg_molhiv_baseline-type=dilated_gnn-layer_type=eginconv-layers_k1=2-layers_k2=3-dilated_path_join=add-learn_alpha_residual_connection=True
params: 1413607
print: both
round: 4
run_dir: results_experiments/ogbg_molhiv_baseline_grid_design/ogbg_molhiv_baseline-type=dilated_gnn-layer_type=eginconv-layers_k1=2-layers_k2=3-dilated_path_join=add-learn_alpha_residual_connection=True/9
seed: 10
share:
  dim_in: 9
  dim_out: 2
  num_splits: 3
tensorboard_agg: True
tensorboard_each_run: False
train:
  auto_resume: False
  batch_size: 32
  ckpt_clean: True
  ckpt_period: 100
  enable_ckpt: True
  epoch_resume: -1
  eval_period: 1
  iter_per_epoch: 32
  neighbor_sizes: [20, 15, 10, 5]
  node_per_graph: 32
  radius: extend
  sample_node: False
  sampler: full_batch
  skip_train_eval: False
  walk_length: 4
val:
  node_per_graph: 32
  radius: extend
  sample_node: False
  sampler: full_batch
view_emb: False
Num parameters: 1413607
val: {'epoch': 0, 'loss': 0.7289, 'lr': 0.001, 'params': 1413607, 'time_iter': 1.0947, 'accuracy': 0.0156, 'precision': 0.0156, 'recall': 1.0, 'f1': 0.0308, 'auc': 0.8413}
val: {'epoch': 0, 'loss': 0.0914, 'lr': 0.001, 'params': 1413607, 'time_iter': 2.7891, 'accuracy': 0.9803, 'precision': 0.0, 'recall': 0.0, 'f1': 0.0, 'auc': 0.7254}
train: {'epoch': 0, 'eta': 1593413.8624, 'loss': 0.1798, 'lr': 0.001, 'params': 1413607, 'time_iter': 15.6415, 'accuracy': 0.962, 'precision': 0.0952, 'recall': 0.0016, 'f1': 0.0032, 'auc': 0.5909}
val: {'epoch': 1, 'loss': 0.0939, 'lr': 0.001, 'params': 1413607, 'time_iter': 2.731, 'accuracy': 0.9803, 'precision': 0.0, 'recall': 0.0, 'f1': 0.0, 'auc': 0.6642}
train: {'epoch': 1, 'eta': 1550974.3555, 'loss': 0.151, 'lr': 0.001, 'params': 1413607, 'time_iter': 15.119, 'accuracy': 0.9626, 'precision': 0.0, 'recall': 0.0, 'f1': 0.0, 'auc': 0.6584}
val: {'epoch': 2, 'loss': 0.0909, 'lr': 0.001, 'params': 1413607, 'time_iter': 2.8693, 'accuracy': 0.9803, 'precision': 0.0, 'recall': 0.0, 'f1': 0.0, 'auc': 0.721}
train: {'epoch': 2, 'eta': 1511007.1367, 'loss': 0.1485, 'lr': 0.001, 'params': 1413607, 'time_iter': 14.6547, 'accuracy': 0.9626, 'precision': 0.0, 'recall': 0.0, 'f1': 0.0, 'auc': 0.6826}
val: {'epoch': 3, 'loss': 0.0867, 'lr': 0.001, 'params': 1413607, 'time_iter': 2.6993, 'accuracy': 0.9803, 'precision': 0.0, 'recall': 0.0, 'f1': 0.0, 'auc': 0.7466}
train: {'epoch': 3, 'eta': 1504801.7519, 'loss': 0.1471, 'lr': 0.001, 'params': 1413607, 'time_iter': 15.5179, 'accuracy': 0.9626, 'precision': 0.0, 'recall': 0.0, 'f1': 0.0, 'auc': 0.6955}
val: {'epoch': 4, 'loss': 0.0897, 'lr': 0.001, 'params': 1413607, 'time_iter': 2.6672, 'accuracy': 0.9803, 'precision': 0.0, 'recall': 0.0, 'f1': 0.0, 'auc': 0.726}
train: {'epoch': 4, 'eta': 1482715.3546, 'loss': 0.1446, 'lr': 0.001, 'params': 1413607, 'time_iter': 14.9053, 'accuracy': 0.9627, 'precision': 1.0, 'recall': 0.0041, 'f1': 0.0081, 'auc': 0.7108}
val: {'epoch': 5, 'loss': 0.0873, 'lr': 0.001, 'params': 1413607, 'time_iter': 2.7585, 'accuracy': 0.9803, 'precision': 0.5, 'recall': 0.0494, 'f1': 0.0899, 'auc': 0.7495}
train: {'epoch': 5, 'eta': 1466559.0348, 'loss': 0.1427, 'lr': 0.001, 'params': 1413607, 'time_iter': 15.1336, 'accuracy': 0.9627, 'precision': 0.6364, 'recall': 0.0114, 'f1': 0.0223, 'auc': 0.721}
val: {'epoch': 6, 'loss': 0.0858, 'lr': 0.001, 'params': 1413607, 'time_iter': 2.6751, 'accuracy': 0.9808, 'precision': 0.6667, 'recall': 0.0494, 'f1': 0.092, 'auc': 0.7607}
train: {'epoch': 6, 'eta': 1445847.394, 'loss': 0.1413, 'lr': 0.001, 'params': 1413607, 'time_iter': 14.7882, 'accuracy': 0.963, 'precision': 0.6591, 'recall': 0.0235, 'f1': 0.0455, 'auc': 0.7267}
val: {'epoch': 7, 'loss': 0.0926, 'lr': 0.001, 'params': 1413607, 'time_iter': 2.7432, 'accuracy': 0.9796, 'precision': 0.4516, 'recall': 0.1728, 'f1': 0.25, 'auc': 0.7502}
train: {'epoch': 7, 'eta': 1423551.5669, 'loss': 0.1386, 'lr': 0.001, 'params': 1413607, 'time_iter': 14.5383, 'accuracy': 0.9635, 'precision': 0.7067, 'recall': 0.043, 'f1': 0.0811, 'auc': 0.7454}
val: {'epoch': 8, 'loss': 0.0827, 'lr': 0.001, 'params': 1413607, 'time_iter': 2.7128, 'accuracy': 0.9801, 'precision': 0.4783, 'recall': 0.1358, 'f1': 0.2115, 'auc': 0.773}
train: {'epoch': 8, 'eta': 1406525.5276, 'loss': 0.1379, 'lr': 0.001, 'params': 1413607, 'time_iter': 14.8881, 'accuracy': 0.9637, 'precision': 0.6893, 'recall': 0.0576, 'f1': 0.1064, 'auc': 0.7494}
val: {'epoch': 9, 'loss': 0.0818, 'lr': 0.001, 'params': 1413607, 'time_iter': 2.7596, 'accuracy': 0.9801, 'precision': 0.4762, 'recall': 0.1235, 'f1': 0.1961, 'auc': 0.7841}
train: {'epoch': 9, 'eta': 1384878.7365, 'loss': 0.1355, 'lr': 0.001, 'params': 1413607, 'time_iter': 14.3523, 'accuracy': 0.9638, 'precision': 0.6695, 'recall': 0.0641, 'f1': 0.117, 'auc': 0.7595}
val: {'epoch': 10, 'loss': 0.0914, 'lr': 0.001, 'params': 1413607, 'time_iter': 2.7262, 'accuracy': 0.9801, 'precision': 0.4615, 'recall': 0.0741, 'f1': 0.1277, 'auc': 0.7425}
train: {'epoch': 10, 'eta': 1371697.6942, 'loss': 0.1338, 'lr': 0.001, 'params': 1413607, 'time_iter': 15.2189, 'accuracy': 0.9639, 'precision': 0.6452, 'recall': 0.0812, 'f1': 0.1442, 'auc': 0.7697}
val: {'epoch': 11, 'loss': 0.0815, 'lr': 0.001, 'params': 1413607, 'time_iter': 2.8065, 'accuracy': 0.9803, 'precision': 0.5, 'recall': 0.1481, 'f1': 0.2286, 'auc': 0.7769}
train: {'epoch': 11, 'eta': 1355115.0339, 'loss': 0.1319, 'lr': 0.001, 'params': 1413607, 'time_iter': 14.8229, 'accuracy': 0.9644, 'precision': 0.6761, 'recall': 0.0966, 'f1': 0.169, 'auc': 0.7743}
val: {'epoch': 12, 'loss': 0.0832, 'lr': 0.001, 'params': 1413607, 'time_iter': 2.7299, 'accuracy': 0.9808, 'precision': 0.5833, 'recall': 0.0864, 'f1': 0.1505, 'auc': 0.7484}
train: {'epoch': 12, 'eta': 1339819.7596, 'loss': 0.1304, 'lr': 0.001, 'params': 1413607, 'time_iter': 14.9801, 'accuracy': 0.9646, 'precision': 0.6893, 'recall': 0.099, 'f1': 0.1732, 'auc': 0.7821}
val: {'epoch': 13, 'loss': 0.0809, 'lr': 0.001, 'params': 1413607, 'time_iter': 2.8899, 'accuracy': 0.9786, 'precision': 0.3704, 'recall': 0.1235, 'f1': 0.1852, 'auc': 0.8078}
train: {'epoch': 13, 'eta': 1325195.9971, 'loss': 0.1289, 'lr': 0.001, 'params': 1413607, 'time_iter': 15.089, 'accuracy': 0.9647, 'precision': 0.6804, 'recall': 0.1071, 'f1': 0.1851, 'auc': 0.7884}
val: {'epoch': 14, 'loss': 0.084, 'lr': 0.001, 'params': 1413607, 'time_iter': 2.7388, 'accuracy': 0.9798, 'precision': 0.45, 'recall': 0.1111, 'f1': 0.1782, 'auc': 0.7424}
train: {'epoch': 14, 'eta': 1309603.7072, 'loss': 0.1286, 'lr': 0.001, 'params': 1413607, 'time_iter': 14.9436, 'accuracy': 0.9647, 'precision': 0.6605, 'recall': 0.1153, 'f1': 0.1963, 'auc': 0.7863}
val: {'epoch': 15, 'loss': 0.0789, 'lr': 0.001, 'params': 1413607, 'time_iter': 2.9032, 'accuracy': 0.9808, 'precision': 0.5357, 'recall': 0.1852, 'f1': 0.2752, 'auc': 0.786}
train: {'epoch': 15, 'eta': 1293390.004, 'loss': 0.1276, 'lr': 0.001, 'params': 1413607, 'time_iter': 14.8236, 'accuracy': 0.9647, 'precision': 0.6346, 'recall': 0.1339, 'f1': 0.2212, 'auc': 0.7899}
val: {'epoch': 16, 'loss': 0.0839, 'lr': 0.001, 'params': 1413607, 'time_iter': 2.7216, 'accuracy': 0.9796, 'precision': 0.4348, 'recall': 0.1235, 'f1': 0.1923, 'auc': 0.7699}
train: {'epoch': 16, 'eta': 1277941.267, 'loss': 0.1256, 'lr': 0.001, 'params': 1413607, 'time_iter': 14.9534, 'accuracy': 0.9654, 'precision': 0.6885, 'recall': 0.1364, 'f1': 0.2276, 'auc': 0.7996}
val: {'epoch': 17, 'loss': 0.0867, 'lr': 0.001, 'params': 1413607, 'time_iter': 2.9123, 'accuracy': 0.9779, 'precision': 0.3333, 'recall': 0.1235, 'f1': 0.1802, 'auc': 0.756}
train: {'epoch': 17, 'eta': 1261212.6992, 'loss': 0.1247, 'lr': 0.001, 'params': 1413607, 'time_iter': 14.6789, 'accuracy': 0.9654, 'precision': 0.6678, 'recall': 0.1534, 'f1': 0.2495, 'auc': 0.8017}
val: {'epoch': 18, 'loss': 0.0755, 'lr': 0.001, 'params': 1413607, 'time_iter': 2.7427, 'accuracy': 0.9815, 'precision': 0.6316, 'recall': 0.1481, 'f1': 0.24, 'auc': 0.7984}
train: {'epoch': 18, 'eta': 1245515.4427, 'loss': 0.1251, 'lr': 0.001, 'params': 1413607, 'time_iter': 14.875, 'accuracy': 0.9654, 'precision': 0.6632, 'recall': 0.1534, 'f1': 0.2492, 'auc': 0.804}
val: {'epoch': 19, 'loss': 0.0803, 'lr': 0.001, 'params': 1413607, 'time_iter': 2.6382, 'accuracy': 0.9798, 'precision': 0.4643, 'recall': 0.1605, 'f1': 0.2385, 'auc': 0.7832}
train: {'epoch': 19, 'eta': 1230880.0829, 'loss': 0.1247, 'lr': 0.001, 'params': 1413607, 'time_iter': 15.1235, 'accuracy': 0.9654, 'precision': 0.6678, 'recall': 0.1534, 'f1': 0.2495, 'auc': 0.8037}
val: {'epoch': 20, 'loss': 0.082, 'lr': 0.001, 'params': 1413607, 'time_iter': 2.7662, 'accuracy': 0.9808, 'precision': 0.5625, 'recall': 0.1111, 'f1': 0.1856, 'auc': 0.7809}
train: {'epoch': 20, 'eta': 1215680.1629, 'loss': 0.1231, 'lr': 0.001, 'params': 1413607, 'time_iter': 15.0005, 'accuracy': 0.9658, 'precision': 0.68, 'recall': 0.1656, 'f1': 0.2663, 'auc': 0.8041}
val: {'epoch': 21, 'loss': 0.0783, 'lr': 0.001, 'params': 1413607, 'time_iter': 2.616, 'accuracy': 0.9818, 'precision': 0.6364, 'recall': 0.1728, 'f1': 0.2718, 'auc': 0.8145}
train: {'epoch': 21, 'eta': 1200977.2409, 'loss': 0.1216, 'lr': 0.001, 'params': 1413607, 'time_iter': 15.1426, 'accuracy': 0.9654, 'precision': 0.6525, 'recall': 0.1615, 'f1': 0.2589, 'auc': 0.8082}
val: {'epoch': 22, 'loss': 0.0856, 'lr': 0.001, 'params': 1413607, 'time_iter': 2.7729, 'accuracy': 0.9803, 'precision': 0.5, 'recall': 0.1358, 'f1': 0.2136, 'auc': 0.7672}
train: {'epoch': 22, 'eta': 1185601.4173, 'loss': 0.1223, 'lr': 0.001, 'params': 1413607, 'time_iter': 14.9694, 'accuracy': 0.9657, 'precision': 0.6604, 'recall': 0.1705, 'f1': 0.271, 'auc': 0.807}
val: {'epoch': 23, 'loss': 0.0803, 'lr': 0.001, 'params': 1413607, 'time_iter': 2.7055, 'accuracy': 0.9798, 'precision': 0.48, 'recall': 0.2963, 'f1': 0.3664, 'auc': 0.7776}
train: {'epoch': 23, 'eta': 1169574.6071, 'loss': 0.1217, 'lr': 0.001, 'params': 1413607, 'time_iter': 14.7703, 'accuracy': 0.966, 'precision': 0.6842, 'recall': 0.1688, 'f1': 0.2708, 'auc': 0.8124}
val: {'epoch': 24, 'loss': 0.0743, 'lr': 0.001, 'params': 1413607, 'time_iter': 2.7549, 'accuracy': 0.9818, 'precision': 0.5938, 'recall': 0.2346, 'f1': 0.3363, 'auc': 0.8045}
train: {'epoch': 24, 'eta': 1153243.3311, 'loss': 0.1221, 'lr': 0.001, 'params': 1413607, 'time_iter': 14.6502, 'accuracy': 0.9662, 'precision': 0.6926, 'recall': 0.1737, 'f1': 0.2777, 'auc': 0.8099}
val: {'epoch': 25, 'loss': 0.0813, 'lr': 0.001, 'params': 1413607, 'time_iter': 2.7273, 'accuracy': 0.9793, 'precision': 0.4615, 'recall': 0.2963, 'f1': 0.3609, 'auc': 0.7911}
train: {'epoch': 25, 'eta': 1137670.2258, 'loss': 0.121, 'lr': 0.001, 'params': 1413607, 'time_iter': 14.8761, 'accuracy': 0.9657, 'precision': 0.6576, 'recall': 0.1761, 'f1': 0.2778, 'auc': 0.8189}
val: {'epoch': 26, 'loss': 0.0886, 'lr': 0.001, 'params': 1413607, 'time_iter': 2.787, 'accuracy': 0.9805, 'precision': 0.5385, 'recall': 0.0864, 'f1': 0.1489, 'auc': 0.7571}
train: {'epoch': 26, 'eta': 1122684.9923, 'loss': 0.1199, 'lr': 0.001, 'params': 1413607, 'time_iter': 15.0804, 'accuracy': 0.9662, 'precision': 0.6724, 'recall': 0.1916, 'f1': 0.2982, 'auc': 0.8168}
val: {'epoch': 27, 'loss': 0.082, 'lr': 0.001, 'params': 1413607, 'time_iter': 2.6891, 'accuracy': 0.9798, 'precision': 0.4615, 'recall': 0.1481, 'f1': 0.2243, 'auc': 0.806}
train: {'epoch': 27, 'eta': 1107756.1891, 'loss': 0.1187, 'lr': 0.001, 'params': 1413607, 'time_iter': 15.1161, 'accuracy': 0.9661, 'precision': 0.6696, 'recall': 0.1875, 'f1': 0.293, 'auc': 0.8234}
val: {'epoch': 28, 'loss': 0.0805, 'lr': 0.001, 'params': 1413607, 'time_iter': 2.7546, 'accuracy': 0.982, 'precision': 0.64, 'recall': 0.1975, 'f1': 0.3019, 'auc': 0.7875}
train: {'epoch': 28, 'eta': 1091974.1495, 'loss': 0.1191, 'lr': 0.001, 'params': 1413607, 'time_iter': 14.7945, 'accuracy': 0.9663, 'precision': 0.6752, 'recall': 0.1924, 'f1': 0.2994, 'auc': 0.8205}
val: {'epoch': 29, 'loss': 0.0822, 'lr': 0.001, 'params': 1413607, 'time_iter': 2.7025, 'accuracy': 0.981, 'precision': 0.5652, 'recall': 0.1605, 'f1': 0.25, 'auc': 0.8049}
train: {'epoch': 29, 'eta': 1077301.6508, 'loss': 0.1181, 'lr': 0.001, 'params': 1413607, 'time_iter': 15.2411, 'accuracy': 0.9662, 'precision': 0.663, 'recall': 0.1981, 'f1': 0.305, 'auc': 0.8231}
val: {'epoch': 30, 'loss': 0.0809, 'lr': 0.001, 'params': 1413607, 'time_iter': 2.825, 'accuracy': 0.9805, 'precision': 0.5238, 'recall': 0.1358, 'f1': 0.2157, 'auc': 0.7872}
train: {'epoch': 30, 'eta': 1062274.3258, 'loss': 0.1172, 'lr': 0.001, 'params': 1413607, 'time_iter': 15.1147, 'accuracy': 0.9667, 'precision': 0.6825, 'recall': 0.2094, 'f1': 0.3205, 'auc': 0.8294}
val: {'epoch': 31, 'loss': 0.0898, 'lr': 0.001, 'params': 1413607, 'time_iter': 2.7177, 'accuracy': 0.9805, 'precision': 0.5714, 'recall': 0.0494, 'f1': 0.0909, 'auc': 0.8197}
train: {'epoch': 31, 'eta': 1047504.7409, 'loss': 0.1178, 'lr': 0.001, 'params': 1413607, 'time_iter': 15.2475, 'accuracy': 0.9665, 'precision': 0.6756, 'recall': 0.2045, 'f1': 0.314, 'auc': 0.8254}
val: {'epoch': 32, 'loss': 0.0781, 'lr': 0.001, 'params': 1413607, 'time_iter': 2.9092, 'accuracy': 0.9825, 'precision': 0.6364, 'recall': 0.2593, 'f1': 0.3684, 'auc': 0.8099}
train: {'epoch': 32, 'eta': 1031209.0881, 'loss': 0.1171, 'lr': 0.001, 'params': 1413607, 'time_iter': 14.5438, 'accuracy': 0.9668, 'precision': 0.6749, 'recall': 0.2208, 'f1': 0.3327, 'auc': 0.8248}
val: {'epoch': 33, 'loss': 0.0775, 'lr': 0.001, 'params': 1413607, 'time_iter': 2.7368, 'accuracy': 0.9798, 'precision': 0.4722, 'recall': 0.2099, 'f1': 0.2906, 'auc': 0.8246}
train: {'epoch': 33, 'eta': 1015574.2735, 'loss': 0.117, 'lr': 0.001, 'params': 1413607, 'time_iter': 14.8354, 'accuracy': 0.9671, 'precision': 0.6923, 'recall': 0.2192, 'f1': 0.3329, 'auc': 0.8251}
val: {'epoch': 34, 'loss': 0.0782, 'lr': 0.001, 'params': 1413607, 'time_iter': 2.6365, 'accuracy': 0.9801, 'precision': 0.4872, 'recall': 0.2346, 'f1': 0.3167, 'auc': 0.8178}
train: {'epoch': 34, 'eta': 1000233.902, 'loss': 0.1165, 'lr': 0.001, 'params': 1413607, 'time_iter': 14.9785, 'accuracy': 0.9665, 'precision': 0.6785, 'recall': 0.2021, 'f1': 0.3114, 'auc': 0.8281}
val: {'epoch': 35, 'loss': 0.0773, 'lr': 0.001, 'params': 1413607, 'time_iter': 2.731, 'accuracy': 0.9805, 'precision': 0.5294, 'recall': 0.1111, 'f1': 0.1837, 'auc': 0.8257}
train: {'epoch': 35, 'eta': 985316.0526, 'loss': 0.1163, 'lr': 0.001, 'params': 1413607, 'time_iter': 15.2117, 'accuracy': 0.9666, 'precision': 0.6719, 'recall': 0.2094, 'f1': 0.3193, 'auc': 0.8322}
val: {'epoch': 36, 'loss': 0.0804, 'lr': 0.001, 'params': 1413607, 'time_iter': 2.6929, 'accuracy': 0.981, 'precision': 0.5455, 'recall': 0.2222, 'f1': 0.3158, 'auc': 0.8287}
train: {'epoch': 36, 'eta': 969663.1163, 'loss': 0.1148, 'lr': 0.001, 'params': 1413607, 'time_iter': 14.8148, 'accuracy': 0.9671, 'precision': 0.6911, 'recall': 0.2216, 'f1': 0.3356, 'auc': 0.8338}
val: {'epoch': 37, 'loss': 0.0735, 'lr': 0.001, 'params': 1413607, 'time_iter': 2.7538, 'accuracy': 0.9813, 'precision': 0.5476, 'recall': 0.284, 'f1': 0.374, 'auc': 0.8268}
train: {'epoch': 37, 'eta': 954172.0763, 'loss': 0.1148, 'lr': 0.001, 'params': 1413607, 'time_iter': 14.8984, 'accuracy': 0.9671, 'precision': 0.6892, 'recall': 0.2232, 'f1': 0.3372, 'auc': 0.8355}
val: {'epoch': 38, 'loss': 0.0847, 'lr': 0.001, 'params': 1413607, 'time_iter': 2.7075, 'accuracy': 0.9774, 'precision': 0.4032, 'recall': 0.3086, 'f1': 0.3497, 'auc': 0.8196}
train: {'epoch': 38, 'eta': 939450.2055, 'loss': 0.1149, 'lr': 0.001, 'params': 1413607, 'time_iter': 15.3712, 'accuracy': 0.9673, 'precision': 0.6977, 'recall': 0.2248, 'f1': 0.3401, 'auc': 0.8383}
val: {'epoch': 39, 'loss': 0.0809, 'lr': 0.001, 'params': 1413607, 'time_iter': 2.8075, 'accuracy': 0.9813, 'precision': 0.5714, 'recall': 0.1975, 'f1': 0.2936, 'auc': 0.8183}
train: {'epoch': 39, 'eta': 923296.5642, 'loss': 0.1151, 'lr': 0.001, 'params': 1413607, 'time_iter': 14.4791, 'accuracy': 0.9676, 'precision': 0.7158, 'recall': 0.2248, 'f1': 0.3422, 'auc': 0.8318}
val: {'epoch': 40, 'loss': 0.0822, 'lr': 0.001, 'params': 1413607, 'time_iter': 2.7304, 'accuracy': 0.9805, 'precision': 0.5152, 'recall': 0.2099, 'f1': 0.2982, 'auc': 0.7951}
train: {'epoch': 40, 'eta': 907946.9564, 'loss': 0.1128, 'lr': 0.001, 'params': 1413607, 'time_iter': 14.9807, 'accuracy': 0.9674, 'precision': 0.6896, 'recall': 0.2362, 'f1': 0.3519, 'auc': 0.8448}
val: {'epoch': 41, 'loss': 0.076, 'lr': 0.001, 'params': 1413607, 'time_iter': 2.944, 'accuracy': 0.9815, 'precision': 0.5806, 'recall': 0.2222, 'f1': 0.3214, 'auc': 0.8129}
train: {'epoch': 41, 'eta': 892521.9702, 'loss': 0.1135, 'lr': 0.001, 'params': 1413607, 'time_iter': 14.9299, 'accuracy': 0.9677, 'precision': 0.695, 'recall': 0.2459, 'f1': 0.3633, 'auc': 0.838}
val: {'epoch': 42, 'loss': 0.0808, 'lr': 0.001, 'params': 1413607, 'time_iter': 2.7038, 'accuracy': 0.9815, 'precision': 0.5758, 'recall': 0.2346, 'f1': 0.3333, 'auc': 0.7855}
train: {'epoch': 42, 'eta': 877158.5485, 'loss': 0.1127, 'lr': 0.001, 'params': 1413607, 'time_iter': 14.9729, 'accuracy': 0.9681, 'precision': 0.7212, 'recall': 0.2435, 'f1': 0.3641, 'auc': 0.8431}
val: {'epoch': 43, 'loss': 0.0819, 'lr': 0.001, 'params': 1413607, 'time_iter': 2.9287, 'accuracy': 0.981, 'precision': 0.6154, 'recall': 0.0988, 'f1': 0.1702, 'auc': 0.8157}
train: {'epoch': 43, 'eta': 861447.2758, 'loss': 0.1139, 'lr': 0.001, 'params': 1413607, 'time_iter': 14.7088, 'accuracy': 0.9676, 'precision': 0.7065, 'recall': 0.2305, 'f1': 0.3476, 'auc': 0.8404}
val: {'epoch': 44, 'loss': 0.0741, 'lr': 0.001, 'params': 1413607, 'time_iter': 2.665, 'accuracy': 0.9813, 'precision': 0.5833, 'recall': 0.1728, 'f1': 0.2667, 'auc': 0.8253}
train: {'epoch': 44, 'eta': 846458.8428, 'loss': 0.1126, 'lr': 0.001, 'params': 1413607, 'time_iter': 15.2632, 'accuracy': 0.9677, 'precision': 0.6909, 'recall': 0.2468, 'f1': 0.3636, 'auc': 0.8433}
val: {'epoch': 45, 'loss': 0.0807, 'lr': 0.001, 'params': 1413607, 'time_iter': 2.8593, 'accuracy': 0.9825, 'precision': 0.7143, 'recall': 0.1852, 'f1': 0.2941, 'auc': 0.807}
train: {'epoch': 45, 'eta': 830861.4533, 'loss': 0.1123, 'lr': 0.001, 'params': 1413607, 'time_iter': 14.7849, 'accuracy': 0.9676, 'precision': 0.6835, 'recall': 0.2524, 'f1': 0.3687, 'auc': 0.8451}
val: {'epoch': 46, 'loss': 0.0793, 'lr': 0.001, 'params': 1413607, 'time_iter': 2.7171, 'accuracy': 0.9815, 'precision': 0.619, 'recall': 0.1605, 'f1': 0.2549, 'auc': 0.8026}
train: {'epoch': 46, 'eta': 815607.7774, 'loss': 0.1121, 'lr': 0.001, 'params': 1413607, 'time_iter': 15.067, 'accuracy': 0.9678, 'precision': 0.6977, 'recall': 0.2492, 'f1': 0.3672, 'auc': 0.848}
val: {'epoch': 47, 'loss': 0.0842, 'lr': 0.001, 'params': 1413607, 'time_iter': 2.8787, 'accuracy': 0.9808, 'precision': 0.5556, 'recall': 0.1235, 'f1': 0.202, 'auc': 0.7935}
train: {'epoch': 47, 'eta': 799703.3242, 'loss': 0.1106, 'lr': 0.001, 'params': 1413607, 'time_iter': 14.4926, 'accuracy': 0.9685, 'precision': 0.7211, 'recall': 0.2581, 'f1': 0.3802, 'auc': 0.8524}
val: {'epoch': 48, 'loss': 0.0814, 'lr': 0.001, 'params': 1413607, 'time_iter': 2.7324, 'accuracy': 0.9801, 'precision': 0.4848, 'recall': 0.1975, 'f1': 0.2807, 'auc': 0.815}
train: {'epoch': 48, 'eta': 784479.5974, 'loss': 0.1115, 'lr': 0.001, 'params': 1413607, 'time_iter': 15.0904, 'accuracy': 0.9678, 'precision': 0.6911, 'recall': 0.2524, 'f1': 0.3698, 'auc': 0.8484}
val: {'epoch': 49, 'loss': 0.0772, 'lr': 0.001, 'params': 1413607, 'time_iter': 2.655, 'accuracy': 0.9808, 'precision': 0.55, 'recall': 0.1358, 'f1': 0.2178, 'auc': 0.8226}
train: {'epoch': 49, 'eta': 768857.6901, 'loss': 0.1102, 'lr': 0.001, 'params': 1413607, 'time_iter': 14.7153, 'accuracy': 0.9686, 'precision': 0.723, 'recall': 0.2606, 'f1': 0.3831, 'auc': 0.8516}
val: {'epoch': 50, 'loss': 0.0749, 'lr': 0.001, 'params': 1413607, 'time_iter': 2.7885, 'accuracy': 0.9818, 'precision': 0.5714, 'recall': 0.2963, 'f1': 0.3902, 'auc': 0.8317}
train: {'epoch': 50, 'eta': 753540.0069, 'loss': 0.1096, 'lr': 0.001, 'params': 1413607, 'time_iter': 15.0039, 'accuracy': 0.9693, 'precision': 0.7429, 'recall': 0.2744, 'f1': 0.4007, 'auc': 0.853}
val: {'epoch': 51, 'loss': 0.0794, 'lr': 0.001, 'params': 1413607, 'time_iter': 2.6195, 'accuracy': 0.9823, 'precision': 0.75, 'recall': 0.1481, 'f1': 0.2474, 'auc': 0.8372}
train: {'epoch': 51, 'eta': 738030.4691, 'loss': 0.1114, 'lr': 0.001, 'params': 1413607, 'time_iter': 14.8069, 'accuracy': 0.9676, 'precision': 0.6788, 'recall': 0.2573, 'f1': 0.3732, 'auc': 0.8512}
val: {'epoch': 52, 'loss': 0.0746, 'lr': 0.001, 'params': 1413607, 'time_iter': 2.7878, 'accuracy': 0.982, 'precision': 0.64, 'recall': 0.1975, 'f1': 0.3019, 'auc': 0.8306}
train: {'epoch': 52, 'eta': 722761.6821, 'loss': 0.1089, 'lr': 0.001, 'params': 1413607, 'time_iter': 15.0594, 'accuracy': 0.969, 'precision': 0.732, 'recall': 0.2727, 'f1': 0.3974, 'auc': 0.858}
val: {'epoch': 53, 'loss': 0.0821, 'lr': 0.001, 'params': 1413607, 'time_iter': 2.7344, 'accuracy': 0.981, 'precision': 0.5714, 'recall': 0.1481, 'f1': 0.2353, 'auc': 0.8144}
train: {'epoch': 53, 'eta': 707479.899, 'loss': 0.1088, 'lr': 0.001, 'params': 1413607, 'time_iter': 15.0542, 'accuracy': 0.9692, 'precision': 0.7186, 'recall': 0.2922, 'f1': 0.4155, 'auc': 0.8581}
val: {'epoch': 54, 'loss': 0.0831, 'lr': 0.001, 'params': 1413607, 'time_iter': 2.811, 'accuracy': 0.9813, 'precision': 0.5909, 'recall': 0.1605, 'f1': 0.2524, 'auc': 0.8023}
train: {'epoch': 54, 'eta': 692427.9827, 'loss': 0.1081, 'lr': 0.001, 'params': 1413607, 'time_iter': 15.3362, 'accuracy': 0.9689, 'precision': 0.72, 'recall': 0.2776, 'f1': 0.4007, 'auc': 0.859}
val: {'epoch': 55, 'loss': 0.0815, 'lr': 0.001, 'params': 1413607, 'time_iter': 2.7548, 'accuracy': 0.9805, 'precision': 0.5185, 'recall': 0.1728, 'f1': 0.2593, 'auc': 0.7932}
train: {'epoch': 55, 'eta': 676894.8768, 'loss': 0.1083, 'lr': 0.001, 'params': 1413607, 'time_iter': 14.7733, 'accuracy': 0.969, 'precision': 0.7193, 'recall': 0.2808, 'f1': 0.404, 'auc': 0.8579}
val: {'epoch': 56, 'loss': 0.0758, 'lr': 0.001, 'params': 1413607, 'time_iter': 2.7979, 'accuracy': 0.9813, 'precision': 0.5588, 'recall': 0.2346, 'f1': 0.3304, 'auc': 0.817}
train: {'epoch': 56, 'eta': 661490.81, 'loss': 0.1081, 'lr': 0.001, 'params': 1413607, 'time_iter': 14.9245, 'accuracy': 0.9689, 'precision': 0.7086, 'recall': 0.2881, 'f1': 0.4097, 'auc': 0.8604}
val: {'epoch': 57, 'loss': 0.0829, 'lr': 0.001, 'params': 1413607, 'time_iter': 2.714, 'accuracy': 0.9813, 'precision': 0.6111, 'recall': 0.1358, 'f1': 0.2222, 'auc': 0.8073}
train: {'epoch': 57, 'eta': 645871.805, 'loss': 0.1074, 'lr': 0.001, 'params': 1413607, 'time_iter': 14.6339, 'accuracy': 0.9691, 'precision': 0.7284, 'recall': 0.2808, 'f1': 0.4054, 'auc': 0.8614}
val: {'epoch': 58, 'loss': 0.0751, 'lr': 0.001, 'params': 1413607, 'time_iter': 2.7734, 'accuracy': 0.9813, 'precision': 0.5556, 'recall': 0.2469, 'f1': 0.3419, 'auc': 0.811}
train: {'epoch': 58, 'eta': 630649.1509, 'loss': 0.1076, 'lr': 0.001, 'params': 1413607, 'time_iter': 15.1616, 'accuracy': 0.9695, 'precision': 0.7452, 'recall': 0.2825, 'f1': 0.4097, 'auc': 0.8584}
val: {'epoch': 59, 'loss': 0.0738, 'lr': 0.001, 'params': 1413607, 'time_iter': 2.7332, 'accuracy': 0.9818, 'precision': 0.5833, 'recall': 0.2593, 'f1': 0.359, 'auc': 0.8348}
train: {'epoch': 59, 'eta': 615455.3446, 'loss': 0.1077, 'lr': 0.001, 'params': 1413607, 'time_iter': 15.2221, 'accuracy': 0.9691, 'precision': 0.7275, 'recall': 0.2817, 'f1': 0.4061, 'auc': 0.8616}
val: {'epoch': 60, 'loss': 0.0767, 'lr': 0.001, 'params': 1413607, 'time_iter': 2.6431, 'accuracy': 0.9808, 'precision': 0.5312, 'recall': 0.2099, 'f1': 0.3009, 'auc': 0.8143}
train: {'epoch': 60, 'eta': 600138.7193, 'loss': 0.1078, 'lr': 0.001, 'params': 1413607, 'time_iter': 15.0588, 'accuracy': 0.9693, 'precision': 0.7185, 'recall': 0.2963, 'f1': 0.4195, 'auc': 0.8584}
val: {'epoch': 61, 'loss': 0.0748, 'lr': 0.001, 'params': 1413607, 'time_iter': 2.7134, 'accuracy': 0.9805, 'precision': 0.5161, 'recall': 0.1975, 'f1': 0.2857, 'auc': 0.8419}
train: {'epoch': 61, 'eta': 584518.2725, 'loss': 0.1067, 'lr': 0.001, 'params': 1413607, 'time_iter': 14.5862, 'accuracy': 0.9695, 'precision': 0.7253, 'recall': 0.2979, 'f1': 0.4223, 'auc': 0.8636}
val: {'epoch': 62, 'loss': 0.0767, 'lr': 0.001, 'params': 1413607, 'time_iter': 2.6853, 'accuracy': 0.9825, 'precision': 0.6216, 'recall': 0.284, 'f1': 0.3898, 'auc': 0.8073}
train: {'epoch': 62, 'eta': 569190.0692, 'loss': 0.1066, 'lr': 0.001, 'params': 1413607, 'time_iter': 15.0377, 'accuracy': 0.9695, 'precision': 0.7258, 'recall': 0.2987, 'f1': 0.4232, 'auc': 0.8642}
val: {'epoch': 63, 'loss': 0.0798, 'lr': 0.001, 'params': 1413607, 'time_iter': 2.743, 'accuracy': 0.981, 'precision': 0.5517, 'recall': 0.1975, 'f1': 0.2909, 'auc': 0.8048}
train: {'epoch': 63, 'eta': 553679.6893, 'loss': 0.1062, 'lr': 0.001, 'params': 1413607, 'time_iter': 14.7308, 'accuracy': 0.9695, 'precision': 0.7327, 'recall': 0.2914, 'f1': 0.417, 'auc': 0.8676}
val: {'epoch': 64, 'loss': 0.0752, 'lr': 0.001, 'params': 1413607, 'time_iter': 2.6712, 'accuracy': 0.9823, 'precision': 0.6818, 'recall': 0.1852, 'f1': 0.2913, 'auc': 0.8371}
train: {'epoch': 64, 'eta': 538393.1341, 'loss': 0.1059, 'lr': 0.001, 'params': 1413607, 'time_iter': 15.1152, 'accuracy': 0.9697, 'precision': 0.7407, 'recall': 0.2922, 'f1': 0.4191, 'auc': 0.8666}
val: {'epoch': 65, 'loss': 0.0781, 'lr': 0.001, 'params': 1413607, 'time_iter': 2.722, 'accuracy': 0.9815, 'precision': 0.6, 'recall': 0.1852, 'f1': 0.283, 'auc': 0.8475}
train: {'epoch': 65, 'eta': 522819.2167, 'loss': 0.1065, 'lr': 0.001, 'params': 1413607, 'time_iter': 14.5883, 'accuracy': 0.9694, 'precision': 0.7353, 'recall': 0.2841, 'f1': 0.4098, 'auc': 0.8671}
val: {'epoch': 66, 'loss': 0.0806, 'lr': 0.001, 'params': 1413607, 'time_iter': 2.7047, 'accuracy': 0.9823, 'precision': 0.6333, 'recall': 0.2346, 'f1': 0.3423, 'auc': 0.7937}
train: {'epoch': 66, 'eta': 507338.3018, 'loss': 0.1071, 'lr': 0.001, 'params': 1413607, 'time_iter': 14.7387, 'accuracy': 0.9695, 'precision': 0.7244, 'recall': 0.2987, 'f1': 0.423, 'auc': 0.8645}
val: {'epoch': 67, 'loss': 0.083, 'lr': 0.001, 'params': 1413607, 'time_iter': 2.7518, 'accuracy': 0.9818, 'precision': 0.6364, 'recall': 0.1728, 'f1': 0.2718, 'auc': 0.7973}
train: {'epoch': 67, 'eta': 491762.9054, 'loss': 0.1047, 'lr': 0.001, 'params': 1413607, 'time_iter': 14.5245, 'accuracy': 0.9704, 'precision': 0.7505, 'recall': 0.3149, 'f1': 0.4437, 'auc': 0.8721}
val: {'epoch': 68, 'loss': 0.0784, 'lr': 0.001, 'params': 1413607, 'time_iter': 2.715, 'accuracy': 0.982, 'precision': 0.5778, 'recall': 0.321, 'f1': 0.4127, 'auc': 0.8256}
train: {'epoch': 68, 'eta': 476307.6281, 'loss': 0.1047, 'lr': 0.001, 'params': 1413607, 'time_iter': 14.7448, 'accuracy': 0.9699, 'precision': 0.7526, 'recall': 0.2938, 'f1': 0.4227, 'auc': 0.8745}
val: {'epoch': 69, 'loss': 0.0828, 'lr': 0.001, 'params': 1413607, 'time_iter': 2.7799, 'accuracy': 0.9801, 'precision': 0.4872, 'recall': 0.2346, 'f1': 0.3167, 'auc': 0.8021}
train: {'epoch': 69, 'eta': 460894.5432, 'loss': 0.1053, 'lr': 0.001, 'params': 1413607, 'time_iter': 14.8222, 'accuracy': 0.9697, 'precision': 0.7318, 'recall': 0.3011, 'f1': 0.4267, 'auc': 0.8731}
val: {'epoch': 70, 'loss': 0.0822, 'lr': 0.001, 'params': 1413607, 'time_iter': 2.6958, 'accuracy': 0.9818, 'precision': 0.6154, 'recall': 0.1975, 'f1': 0.2991, 'auc': 0.7873}
train: {'epoch': 70, 'eta': 445669.32, 'loss': 0.1054, 'lr': 0.001, 'params': 1413607, 'time_iter': 15.2583, 'accuracy': 0.9696, 'precision': 0.7266, 'recall': 0.3019, 'f1': 0.4266, 'auc': 0.8732}
val: {'epoch': 71, 'loss': 0.0849, 'lr': 0.001, 'params': 1413607, 'time_iter': 2.8238, 'accuracy': 0.9815, 'precision': 0.619, 'recall': 0.1605, 'f1': 0.2549, 'auc': 0.8003}
train: {'epoch': 71, 'eta': 430268.7908, 'loss': 0.1036, 'lr': 0.001, 'params': 1413607, 'time_iter': 14.8533, 'accuracy': 0.9705, 'precision': 0.7573, 'recall': 0.3141, 'f1': 0.4441, 'auc': 0.8777}
val: {'epoch': 72, 'loss': 0.0813, 'lr': 0.001, 'params': 1413607, 'time_iter': 2.7213, 'accuracy': 0.982, 'precision': 0.6842, 'recall': 0.1605, 'f1': 0.26, 'auc': 0.7907}
train: {'epoch': 72, 'eta': 415064.5053, 'loss': 0.1041, 'lr': 0.001, 'params': 1413607, 'time_iter': 15.3605, 'accuracy': 0.97, 'precision': 0.7388, 'recall': 0.3076, 'f1': 0.4344, 'auc': 0.8731}
val: {'epoch': 73, 'loss': 0.0832, 'lr': 0.001, 'params': 1413607, 'time_iter': 2.838, 'accuracy': 0.9818, 'precision': 0.625, 'recall': 0.1852, 'f1': 0.2857, 'auc': 0.8034}
train: {'epoch': 73, 'eta': 399624.4559, 'loss': 0.1049, 'lr': 0.001, 'params': 1413607, 'time_iter': 14.7534, 'accuracy': 0.97, 'precision': 0.7312, 'recall': 0.3157, 'f1': 0.441, 'auc': 0.8712}
val: {'epoch': 74, 'loss': 0.0778, 'lr': 0.001, 'params': 1413607, 'time_iter': 2.7222, 'accuracy': 0.9813, 'precision': 0.5625, 'recall': 0.2222, 'f1': 0.3186, 'auc': 0.8125}
train: {'epoch': 74, 'eta': 384319.758, 'loss': 0.1031, 'lr': 0.001, 'params': 1413607, 'time_iter': 15.1279, 'accuracy': 0.9709, 'precision': 0.763, 'recall': 0.3214, 'f1': 0.4523, 'auc': 0.8767}
val: {'epoch': 75, 'loss': 0.0791, 'lr': 0.001, 'params': 1413607, 'time_iter': 2.8827, 'accuracy': 0.9808, 'precision': 0.5417, 'recall': 0.1605, 'f1': 0.2476, 'auc': 0.8247}
train: {'epoch': 75, 'eta': 368917.3981, 'loss': 0.1029, 'lr': 0.001, 'params': 1413607, 'time_iter': 14.8485, 'accuracy': 0.97, 'precision': 0.7355, 'recall': 0.3093, 'f1': 0.4354, 'auc': 0.88}
val: {'epoch': 76, 'loss': 0.0795, 'lr': 0.001, 'params': 1413607, 'time_iter': 2.7521, 'accuracy': 0.9818, 'precision': 0.6364, 'recall': 0.1728, 'f1': 0.2718, 'auc': 0.816}
train: {'epoch': 76, 'eta': 353565.3275, 'loss': 0.1041, 'lr': 0.001, 'params': 1413607, 'time_iter': 15.0017, 'accuracy': 0.9697, 'precision': 0.7264, 'recall': 0.306, 'f1': 0.4306, 'auc': 0.8764}
val: {'epoch': 77, 'loss': 0.0774, 'lr': 0.001, 'params': 1413607, 'time_iter': 2.6433, 'accuracy': 0.9818, 'precision': 0.6364, 'recall': 0.1728, 'f1': 0.2718, 'auc': 0.8304}
train: {'epoch': 77, 'eta': 338271.3393, 'loss': 0.1026, 'lr': 0.001, 'params': 1413607, 'time_iter': 15.2094, 'accuracy': 0.9704, 'precision': 0.7495, 'recall': 0.3157, 'f1': 0.4443, 'auc': 0.8791}
val: {'epoch': 78, 'loss': 0.0818, 'lr': 0.001, 'params': 1413607, 'time_iter': 2.7609, 'accuracy': 0.9832, 'precision': 0.8, 'recall': 0.1975, 'f1': 0.3168, 'auc': 0.7979}
train: {'epoch': 78, 'eta': 322868.6872, 'loss': 0.1008, 'lr': 0.001, 'params': 1413607, 'time_iter': 14.8451, 'accuracy': 0.9707, 'precision': 0.7587, 'recall': 0.319, 'f1': 0.4491, 'auc': 0.8845}
val: {'epoch': 79, 'loss': 0.0876, 'lr': 0.001, 'params': 1413607, 'time_iter': 2.6881, 'accuracy': 0.9813, 'precision': 0.6667, 'recall': 0.0988, 'f1': 0.172, 'auc': 0.7789}
train: {'epoch': 79, 'eta': 307597.0555, 'loss': 0.1011, 'lr': 0.001, 'params': 1413607, 'time_iter': 15.3421, 'accuracy': 0.9706, 'precision': 0.7467, 'recall': 0.3255, 'f1': 0.4534, 'auc': 0.8849}
val: {'epoch': 80, 'loss': 0.0868, 'lr': 0.001, 'params': 1413607, 'time_iter': 2.8036, 'accuracy': 0.9818, 'precision': 0.75, 'recall': 0.1111, 'f1': 0.1935, 'auc': 0.7997}
train: {'epoch': 80, 'eta': 292206.301, 'loss': 0.1009, 'lr': 0.001, 'params': 1413607, 'time_iter': 14.9012, 'accuracy': 0.9701, 'precision': 0.7296, 'recall': 0.3198, 'f1': 0.4447, 'auc': 0.8862}
val: {'epoch': 81, 'loss': 0.0857, 'lr': 0.001, 'params': 1413607, 'time_iter': 2.6849, 'accuracy': 0.9818, 'precision': 0.6364, 'recall': 0.1728, 'f1': 0.2718, 'auc': 0.7972}
train: {'epoch': 81, 'eta': 276814.0015, 'loss': 0.1013, 'lr': 0.001, 'params': 1413607, 'time_iter': 14.8882, 'accuracy': 0.9712, 'precision': 0.762, 'recall': 0.3352, 'f1': 0.4656, 'auc': 0.8828}
val: {'epoch': 82, 'loss': 0.0906, 'lr': 0.001, 'params': 1413607, 'time_iter': 2.7456, 'accuracy': 0.9815, 'precision': 0.8571, 'recall': 0.0741, 'f1': 0.1364, 'auc': 0.7965}
train: {'epoch': 82, 'eta': 261367.7396, 'loss': 0.1021, 'lr': 0.001, 'params': 1413607, 'time_iter': 14.6239, 'accuracy': 0.9704, 'precision': 0.7457, 'recall': 0.3166, 'f1': 0.4444, 'auc': 0.8794}
val: {'epoch': 83, 'loss': 0.0887, 'lr': 0.001, 'params': 1413607, 'time_iter': 2.7104, 'accuracy': 0.981, 'precision': 0.5556, 'recall': 0.1852, 'f1': 0.2778, 'auc': 0.7922}
train: {'epoch': 83, 'eta': 245998.4097, 'loss': 0.0999, 'lr': 0.001, 'params': 1413607, 'time_iter': 14.968, 'accuracy': 0.9711, 'precision': 0.7541, 'recall': 0.3385, 'f1': 0.4672, 'auc': 0.886}
val: {'epoch': 84, 'loss': 0.0811, 'lr': 0.001, 'params': 1413607, 'time_iter': 2.7971, 'accuracy': 0.9825, 'precision': 0.7143, 'recall': 0.1852, 'f1': 0.2941, 'auc': 0.8202}
train: {'epoch': 84, 'eta': 230547.1745, 'loss': 0.0992, 'lr': 0.001, 'params': 1413607, 'time_iter': 14.5212, 'accuracy': 0.9708, 'precision': 0.7373, 'recall': 0.3417, 'f1': 0.467, 'auc': 0.8903}
val: {'epoch': 85, 'loss': 0.0919, 'lr': 0.001, 'params': 1413607, 'time_iter': 2.7374, 'accuracy': 0.9805, 'precision': 0.5185, 'recall': 0.1728, 'f1': 0.2593, 'auc': 0.7817}
train: {'epoch': 85, 'eta': 215172.5061, 'loss': 0.0989, 'lr': 0.001, 'params': 1413607, 'time_iter': 14.9077, 'accuracy': 0.9712, 'precision': 0.7563, 'recall': 0.3401, 'f1': 0.4692, 'auc': 0.892}
val: {'epoch': 86, 'loss': 0.0847, 'lr': 0.001, 'params': 1413607, 'time_iter': 2.8144, 'accuracy': 0.9818, 'precision': 0.7143, 'recall': 0.1235, 'f1': 0.2105, 'auc': 0.8157}
train: {'epoch': 86, 'eta': 199801.8498, 'loss': 0.1002, 'lr': 0.001, 'params': 1413607, 'time_iter': 14.9286, 'accuracy': 0.9709, 'precision': 0.7434, 'recall': 0.3409, 'f1': 0.4674, 'auc': 0.8912}
val: {'epoch': 87, 'loss': 0.0991, 'lr': 0.001, 'params': 1413607, 'time_iter': 2.7402, 'accuracy': 0.9803, 'precision': 0.0, 'recall': 0.0, 'f1': 0.0, 'auc': 0.7621}
train: {'epoch': 87, 'eta': 184420.4967, 'loss': 0.0987, 'lr': 0.001, 'params': 1413607, 'time_iter': 14.8508, 'accuracy': 0.9713, 'precision': 0.7549, 'recall': 0.3474, 'f1': 0.4758, 'auc': 0.8948}
val: {'epoch': 88, 'loss': 0.0868, 'lr': 0.001, 'params': 1413607, 'time_iter': 2.7829, 'accuracy': 0.9827, 'precision': 0.8571, 'recall': 0.1481, 'f1': 0.2526, 'auc': 0.8045}
train: {'epoch': 88, 'eta': 169005.9942, 'loss': 0.0994, 'lr': 0.001, 'params': 1413607, 'time_iter': 14.5726, 'accuracy': 0.9714, 'precision': 0.7562, 'recall': 0.3474, 'f1': 0.4761, 'auc': 0.8924}
val: {'epoch': 89, 'loss': 0.0905, 'lr': 0.001, 'params': 1413607, 'time_iter': 2.7072, 'accuracy': 0.9825, 'precision': 0.7368, 'recall': 0.1728, 'f1': 0.28, 'auc': 0.7379}
train: {'epoch': 89, 'eta': 153639.2232, 'loss': 0.0975, 'lr': 0.001, 'params': 1413607, 'time_iter': 14.9085, 'accuracy': 0.9718, 'precision': 0.7672, 'recall': 0.3531, 'f1': 0.4836, 'auc': 0.8953}
val: {'epoch': 90, 'loss': 0.0837, 'lr': 0.001, 'params': 1413607, 'time_iter': 2.8601, 'accuracy': 0.9818, 'precision': 0.5882, 'recall': 0.2469, 'f1': 0.3478, 'auc': 0.8039}
train: {'epoch': 90, 'eta': 138247.7107, 'loss': 0.0976, 'lr': 0.001, 'params': 1413607, 'time_iter': 14.6598, 'accuracy': 0.9717, 'precision': 0.7702, 'recall': 0.3482, 'f1': 0.4796, 'auc': 0.8941}
val: {'epoch': 91, 'loss': 0.0915, 'lr': 0.001, 'params': 1413607, 'time_iter': 2.6814, 'accuracy': 0.9808, 'precision': 0.5625, 'recall': 0.1111, 'f1': 0.1856, 'auc': 0.7933}
train: {'epoch': 91, 'eta': 122919.2461, 'loss': 0.0976, 'lr': 0.001, 'params': 1413607, 'time_iter': 15.29, 'accuracy': 0.9716, 'precision': 0.7569, 'recall': 0.3539, 'f1': 0.4823, 'auc': 0.8959}
val: {'epoch': 92, 'loss': 0.0795, 'lr': 0.001, 'params': 1413607, 'time_iter': 2.9016, 'accuracy': 0.982, 'precision': 0.64, 'recall': 0.1975, 'f1': 0.3019, 'auc': 0.8213}
train: {'epoch': 92, 'eta': 107570.8198, 'loss': 0.0987, 'lr': 0.001, 'params': 1413607, 'time_iter': 15.1447, 'accuracy': 0.9707, 'precision': 0.7376, 'recall': 0.3377, 'f1': 0.4633, 'auc': 0.8959}
val: {'epoch': 93, 'loss': 0.08, 'lr': 0.001, 'params': 1413607, 'time_iter': 2.7348, 'accuracy': 0.983, 'precision': 0.6897, 'recall': 0.2469, 'f1': 0.3636, 'auc': 0.8185}
train: {'epoch': 93, 'eta': 92216.3258, 'loss': 0.0984, 'lr': 0.001, 'params': 1413607, 'time_iter': 15.1285, 'accuracy': 0.9712, 'precision': 0.7491, 'recall': 0.349, 'f1': 0.4762, 'auc': 0.8947}
val: {'epoch': 94, 'loss': 0.0834, 'lr': 0.001, 'params': 1413607, 'time_iter': 2.6587, 'accuracy': 0.9815, 'precision': 0.6, 'recall': 0.1852, 'f1': 0.283, 'auc': 0.8025}
train: {'epoch': 94, 'eta': 76862.6599, 'loss': 0.0975, 'lr': 0.001, 'params': 1413607, 'time_iter': 15.2265, 'accuracy': 0.9714, 'precision': 0.7526, 'recall': 0.3531, 'f1': 0.4807, 'auc': 0.8964}
val: {'epoch': 95, 'loss': 0.0926, 'lr': 0.001, 'params': 1413607, 'time_iter': 2.6166, 'accuracy': 0.9808, 'precision': 0.5714, 'recall': 0.0988, 'f1': 0.1684, 'auc': 0.7763}
train: {'epoch': 95, 'eta': 61485.2014, 'loss': 0.0969, 'lr': 0.001, 'params': 1413607, 'time_iter': 14.8244, 'accuracy': 0.9713, 'precision': 0.7531, 'recall': 0.349, 'f1': 0.477, 'auc': 0.9026}
val: {'epoch': 96, 'loss': 0.0835, 'lr': 0.001, 'params': 1413607, 'time_iter': 2.7114, 'accuracy': 0.9823, 'precision': 0.6538, 'recall': 0.2099, 'f1': 0.3178, 'auc': 0.8238}
train: {'epoch': 96, 'eta': 46122.7839, 'loss': 0.0963, 'lr': 0.001, 'params': 1413607, 'time_iter': 15.2172, 'accuracy': 0.9712, 'precision': 0.7428, 'recall': 0.3539, 'f1': 0.4794, 'auc': 0.8998}
val: {'epoch': 97, 'loss': 0.0867, 'lr': 0.001, 'params': 1413607, 'time_iter': 2.7565, 'accuracy': 0.9823, 'precision': 0.6818, 'recall': 0.1852, 'f1': 0.2913, 'auc': 0.8007}
train: {'epoch': 97, 'eta': 30738.4327, 'loss': 0.0968, 'lr': 0.001, 'params': 1413607, 'time_iter': 14.4605, 'accuracy': 0.9717, 'precision': 0.7641, 'recall': 0.3523, 'f1': 0.4822, 'auc': 0.8975}
val: {'epoch': 98, 'loss': 0.0864, 'lr': 0.001, 'params': 1413607, 'time_iter': 2.7134, 'accuracy': 0.983, 'precision': 0.7895, 'recall': 0.1852, 'f1': 0.3, 'auc': 0.7813}
train: {'epoch': 98, 'eta': 15368.7491, 'loss': 0.0972, 'lr': 0.001, 'params': 1413607, 'time_iter': 14.8911, 'accuracy': 0.9715, 'precision': 0.7496, 'recall': 0.3596, 'f1': 0.486, 'auc': 0.8985}
val: {'epoch': 99, 'loss': 0.0862, 'lr': 0.001, 'params': 1413607, 'time_iter': 2.8609, 'accuracy': 0.981, 'precision': 0.56, 'recall': 0.1728, 'f1': 0.2642, 'auc': 0.7918}
train: {'epoch': 99, 'eta': 0.0, 'loss': 0.0948, 'lr': 0.001, 'params': 1413607, 'time_iter': 14.8942, 'accuracy': 0.9723, 'precision': 0.7757, 'recall': 0.3677, 'f1': 0.4989, 'auc': 0.9062}
test: {'epoch': 99, 'loss': 0.1454, 'lr': 0.001, 'params': 1413607, 'time_iter': 2.6107, 'accuracy': 0.9689, 'precision': 0.5294, 'recall': 0.1385, 'f1': 0.2195, 'auc': 0.7766}
test: {'epoch': 65, 'loss': 0.1387, 'lr': 0.001, 'params': 1413607, 'time_iter': 2.677, 'accuracy': 0.9718, 'precision': 0.7188, 'recall': 0.1769, 'f1': 0.284, 'auc': 0.7706}
Results aggregated across runs saved in results_experiments/ogbg_molhiv_baseline_grid_design/ogbg_molhiv_baseline-type=dilated_gnn-layer_type=eginconv-layers_k1=2-layers_k2=3-dilated_path_join=add-learn_alpha_residual_connection=True/agg
