GraphGymModule(
  (model): DilatedGNNModel(
    (encoder): FeatureEncoder(
      (node_encoder): AtomEncoder(
        (atom_embedding_list): ModuleList(
          (0): Embedding(119, 300)
          (1): Embedding(4, 300)
          (2): Embedding(12, 300)
          (3): Embedding(12, 300)
          (4): Embedding(10, 300)
          (5): Embedding(6, 300)
          (6): Embedding(6, 300)
          (7): Embedding(2, 300)
          (8): Embedding(2, 300)
        )
      )
      (edge_encoder): BondEncoder(
        (bond_embedding_list): ModuleList(
          (0): Embedding(5, 300)
          (1): Embedding(6, 300)
          (2): Embedding(2, 300)
        )
      )
    )
    (mp): GNNDilatedStage(
      (classic_layers): ModuleList(
        (0): GeneralLayer(
          (layer): EGINConv(
            (model): GINEConv(nn=Sequential(
              (0): Linear(300, 300, bias=True)
              (1): ReLU()
              (2): Linear(300, 300, bias=True)
            ))
          )
          (post_layer): Sequential(
            (0): BatchNorm1d(300, eps=1e-05, momentum=0.1, affine=True, track_running_stats=True)
            (1): Dropout(p=0.5, inplace=False)
            (2): ReLU()
          )
        )
        (1): GeneralLayer(
          (layer): EGINConv(
            (model): GINEConv(nn=Sequential(
              (0): Linear(300, 300, bias=True)
              (1): ReLU()
              (2): Linear(300, 300, bias=True)
            ))
          )
          (post_layer): Sequential(
            (0): BatchNorm1d(300, eps=1e-05, momentum=0.1, affine=True, track_running_stats=True)
            (1): Dropout(p=0.5, inplace=False)
            (2): ReLU()
          )
        )
        (2): GeneralLayer(
          (layer): EGINConv(
            (model): GINEConv(nn=Sequential(
              (0): Linear(300, 300, bias=True)
              (1): ReLU()
              (2): Linear(300, 300, bias=True)
            ))
          )
          (post_layer): Sequential(
            (0): BatchNorm1d(300, eps=1e-05, momentum=0.1, affine=True, track_running_stats=True)
            (1): Dropout(p=0.5, inplace=False)
            (2): ReLU()
          )
        )
      )
      (dilated_layers): ModuleList(
        (0): DilatedGeneralLayer(
          (layer): EGINConv(
            (model): GINEConv(nn=Sequential(
              (0): Linear(300, 300, bias=True)
              (1): ReLU()
              (2): Linear(300, 300, bias=True)
            ))
          )
          (post_layer): Sequential(
            (0): BatchNorm1d(300, eps=1e-05, momentum=0.1, affine=True, track_running_stats=True)
            (1): Dropout(p=0.5, inplace=False)
            (2): ReLU()
          )
          (gem): GeM(p=3.0000, eps=1e-06)
        )
      )
      (act): ReLU()
    )
    (post_mp): GNNGraphHead(
      (layer_post_mp): MLP(
        (model): Sequential(
          (0): Linear(
            (model): Linear(600, 1, bias=True)
          )
        )
      )
    )
  )
)
accelerator: cuda
benchmark: False
bn:
  eps: 1e-05
  mom: 0.1
cfg_dest: config.yaml
custom_metrics: []
dataset:
  cache_load: False
  cache_save: False
  dir: ./datasets
  edge_dim: 300
  edge_encoder: True
  edge_encoder_bn: False
  edge_encoder_name: Bond
  edge_message_ratio: 0.8
  edge_negative_sampling_ratio: 1.0
  edge_train_mode: all
  encoder: True
  encoder_bn: True
  encoder_dim: 128
  encoder_name: db
  fast_loader: False
  format: OGB
  label_column: none
  label_table: none
  location: local
  name: ogbg-molhiv
  node_encoder: True
  node_encoder_bn: False
  node_encoder_name: Atom
  remove_feature: False
  resample_disjoint: False
  resample_negative: False
  shuffle_split: True
  split: [0.8, 0.1, 0.1]
  split_mode: random
  task: graph
  task_type: classification
  to_undirected: False
  transductive: False
  transform: none
  tu_simple: True
devices: 1
gnn:
  act: relu
  act_on_last_layer_mp: False
  agg: none
  att_final_linear: False
  att_final_linear_bn: False
  att_heads: 1
  batchnorm: True
  clear_feature: True
  dilated_path_join: concat
  dim_inner: 300
  dropout: 0.5
  head: graph
  keep_edge: 0.5
  l2norm: True
  layer_type: eginconv
  layers_k1: 3
  layers_k2: 1
  layers_mp: 5
  layers_post_mp: 1
  layers_pre_mp: 0
  learn_alpha_residual_connection: False
  msg_direction: single
  normalize_adj: False
  self_msg: concat
  skip_every: 1
  stage_type: stack
  use_edge_features: True
gpu_mem: False
mem:
  inplace: False
metric_agg: argmax
metric_best: auc
model:
  edge_decoding: dot
  graph_pooling: mean
  loss_fun: cross_entropy
  match_upper: True
  size_average: mean
  thresh: 0.5
  type: dilated_gnn
num_threads: 6
num_workers: 16
optim:
  base_lr: 0.001
  lr_decay: 0.1
  max_epoch: 100
  momentum: 0.9
  optimizer: adam
  scheduler: none
  steps: [30, 60, 90]
  weight_decay: 0.0
out_dir: results_experiments/ogbg_molhiv_baseline_grid_design/ogbg_molhiv_baseline-type=dilated_gnn-layer_type=eginconv-layers_k1=3-layers_k2=1-dilated_path_join=concat-learn_alpha_residual_connection=False
params: 1142402
print: both
round: 4
run_dir: results_experiments/ogbg_molhiv_baseline_grid_design/ogbg_molhiv_baseline-type=dilated_gnn-layer_type=eginconv-layers_k1=3-layers_k2=1-dilated_path_join=concat-learn_alpha_residual_connection=False/9
seed: 10
share:
  dim_in: 9
  dim_out: 2
  num_splits: 3
tensorboard_agg: True
tensorboard_each_run: False
train:
  auto_resume: False
  batch_size: 32
  ckpt_clean: True
  ckpt_period: 100
  enable_ckpt: True
  epoch_resume: -1
  eval_period: 1
  iter_per_epoch: 32
  neighbor_sizes: [20, 15, 10, 5]
  node_per_graph: 32
  radius: extend
  sample_node: False
  sampler: full_batch
  skip_train_eval: False
  walk_length: 4
val:
  node_per_graph: 32
  radius: extend
  sample_node: False
  sampler: full_batch
view_emb: False
Num parameters: 1142402
val: {'epoch': 0, 'loss': 0.6806, 'lr': 0.001, 'params': 1142402, 'time_iter': 0.9864, 'accuracy': 0.9844, 'precision': 0.0, 'recall': 0.0, 'f1': 0.0, 'auc': 0.5079}
val: {'epoch': 0, 'loss': 0.0983, 'lr': 0.001, 'params': 1142402, 'time_iter': 2.0132, 'accuracy': 0.9803, 'precision': 0.0, 'recall': 0.0, 'f1': 0.0, 'auc': 0.5712}
train: {'epoch': 0, 'eta': 1319404.0783, 'loss': 0.1738, 'lr': 0.001, 'params': 1142402, 'time_iter': 12.9517, 'accuracy': 0.9623, 'precision': 0.0, 'recall': 0.0, 'f1': 0.0, 'auc': 0.5741}
val: {'epoch': 1, 'loss': 0.0956, 'lr': 0.001, 'params': 1142402, 'time_iter': 2.0328, 'accuracy': 0.9803, 'precision': 0.0, 'recall': 0.0, 'f1': 0.0, 'auc': 0.6381}
train: {'epoch': 1, 'eta': 1289398.4522, 'loss': 0.1565, 'lr': 0.001, 'params': 1142402, 'time_iter': 12.6209, 'accuracy': 0.9626, 'precision': 0.0, 'recall': 0.0, 'f1': 0.0, 'auc': 0.6283}
val: {'epoch': 2, 'loss': 0.0965, 'lr': 0.001, 'params': 1142402, 'time_iter': 2.3277, 'accuracy': 0.9803, 'precision': 0.0, 'recall': 0.0, 'f1': 0.0, 'auc': 0.6413}
train: {'epoch': 2, 'eta': 1269113.2443, 'loss': 0.154, 'lr': 0.001, 'params': 1142402, 'time_iter': 12.5721, 'accuracy': 0.9626, 'precision': 0.0, 'recall': 0.0, 'f1': 0.0, 'auc': 0.6625}
val: {'epoch': 3, 'loss': 0.0947, 'lr': 0.001, 'params': 1142402, 'time_iter': 2.0769, 'accuracy': 0.9803, 'precision': 0.0, 'recall': 0.0, 'f1': 0.0, 'auc': 0.6636}
train: {'epoch': 3, 'eta': 1260146.099, 'loss': 0.152, 'lr': 0.001, 'params': 1142402, 'time_iter': 12.8816, 'accuracy': 0.9626, 'precision': 0.0, 'recall': 0.0, 'f1': 0.0, 'auc': 0.6877}
val: {'epoch': 4, 'loss': 0.0909, 'lr': 0.001, 'params': 1142402, 'time_iter': 2.0654, 'accuracy': 0.9803, 'precision': 0.0, 'recall': 0.0, 'f1': 0.0, 'auc': 0.7084}
train: {'epoch': 4, 'eta': 1249190.7343, 'loss': 0.1495, 'lr': 0.001, 'params': 1142402, 'time_iter': 12.8676, 'accuracy': 0.9626, 'precision': 0.0, 'recall': 0.0, 'f1': 0.0, 'auc': 0.7074}
val: {'epoch': 5, 'loss': 0.0932, 'lr': 0.001, 'params': 1142402, 'time_iter': 2.1178, 'accuracy': 0.9803, 'precision': 0.0, 'recall': 0.0, 'f1': 0.0, 'auc': 0.7}
train: {'epoch': 5, 'eta': 1241050.1928, 'loss': 0.1483, 'lr': 0.001, 'params': 1142402, 'time_iter': 13.0895, 'accuracy': 0.9626, 'precision': 0.0, 'recall': 0.0, 'f1': 0.0, 'auc': 0.7116}
val: {'epoch': 6, 'loss': 0.0942, 'lr': 0.001, 'params': 1142402, 'time_iter': 1.9679, 'accuracy': 0.9801, 'precision': 0.0, 'recall': 0.0, 'f1': 0.0, 'auc': 0.6757}
train: {'epoch': 6, 'eta': 1232049.1601, 'loss': 0.1467, 'lr': 0.001, 'params': 1142402, 'time_iter': 13.1379, 'accuracy': 0.9626, 'precision': 0.0, 'recall': 0.0, 'f1': 0.0, 'auc': 0.7217}
val: {'epoch': 7, 'loss': 0.0909, 'lr': 0.001, 'params': 1142402, 'time_iter': 2.0085, 'accuracy': 0.9803, 'precision': 0.0, 'recall': 0.0, 'f1': 0.0, 'auc': 0.7024}
train: {'epoch': 7, 'eta': 1217323.9917, 'loss': 0.1448, 'lr': 0.001, 'params': 1142402, 'time_iter': 12.7496, 'accuracy': 0.9626, 'precision': 0.0, 'recall': 0.0, 'f1': 0.0, 'auc': 0.7324}
val: {'epoch': 8, 'loss': 0.0935, 'lr': 0.001, 'params': 1142402, 'time_iter': 2.1468, 'accuracy': 0.9803, 'precision': 0.0, 'recall': 0.0, 'f1': 0.0, 'auc': 0.7018}
train: {'epoch': 8, 'eta': 1198346.2905, 'loss': 0.1437, 'lr': 0.001, 'params': 1142402, 'time_iter': 12.3066, 'accuracy': 0.9625, 'precision': 0.0, 'recall': 0.0, 'f1': 0.0, 'auc': 0.7411}
val: {'epoch': 9, 'loss': 0.0864, 'lr': 0.001, 'params': 1142402, 'time_iter': 2.8569, 'accuracy': 0.9808, 'precision': 1.0, 'recall': 0.0247, 'f1': 0.0482, 'auc': 0.753}
train: {'epoch': 9, 'eta': 1182997.6221, 'loss': 0.1416, 'lr': 0.001, 'params': 1142402, 'time_iter': 12.5621, 'accuracy': 0.9624, 'precision': 0.0, 'recall': 0.0, 'f1': 0.0, 'auc': 0.7486}
val: {'epoch': 10, 'loss': 0.0892, 'lr': 0.001, 'params': 1142402, 'time_iter': 2.0176, 'accuracy': 0.9818, 'precision': 1.0, 'recall': 0.0741, 'f1': 0.1379, 'auc': 0.7492}
train: {'epoch': 10, 'eta': 1170453.181, 'loss': 0.1408, 'lr': 0.001, 'params': 1142402, 'time_iter': 12.846, 'accuracy': 0.9626, 'precision': 0.5714, 'recall': 0.0032, 'f1': 0.0065, 'auc': 0.7492}
val: {'epoch': 11, 'loss': 0.0873, 'lr': 0.001, 'params': 1142402, 'time_iter': 2.2172, 'accuracy': 0.9813, 'precision': 0.7, 'recall': 0.0864, 'f1': 0.1538, 'auc': 0.7516}
train: {'epoch': 11, 'eta': 1159186.2637, 'loss': 0.1386, 'lr': 0.001, 'params': 1142402, 'time_iter': 13.0302, 'accuracy': 0.9626, 'precision': 0.5, 'recall': 0.0041, 'f1': 0.0081, 'auc': 0.7624}
val: {'epoch': 12, 'loss': 0.0883, 'lr': 0.001, 'params': 1142402, 'time_iter': 2.376, 'accuracy': 0.9803, 'precision': 0.5, 'recall': 0.0123, 'f1': 0.0241, 'auc': 0.7637}
train: {'epoch': 12, 'eta': 1149533.9165, 'loss': 0.137, 'lr': 0.001, 'params': 1142402, 'time_iter': 13.3125, 'accuracy': 0.9629, 'precision': 0.6667, 'recall': 0.0179, 'f1': 0.0348, 'auc': 0.7679}
val: {'epoch': 13, 'loss': 0.0914, 'lr': 0.001, 'params': 1142402, 'time_iter': 2.0495, 'accuracy': 0.9791, 'precision': 0.3913, 'recall': 0.1111, 'f1': 0.1731, 'auc': 0.7498}
train: {'epoch': 13, 'eta': 1137206.1454, 'loss': 0.1363, 'lr': 0.001, 'params': 1142402, 'time_iter': 12.9807, 'accuracy': 0.9627, 'precision': 0.5652, 'recall': 0.0211, 'f1': 0.0407, 'auc': 0.7693}
val: {'epoch': 14, 'loss': 0.0849, 'lr': 0.001, 'params': 1142402, 'time_iter': 1.945, 'accuracy': 0.9815, 'precision': 0.7778, 'recall': 0.0864, 'f1': 0.1556, 'auc': 0.7782}
train: {'epoch': 14, 'eta': 1122846.6901, 'loss': 0.1344, 'lr': 0.001, 'params': 1142402, 'time_iter': 12.6558, 'accuracy': 0.963, 'precision': 0.6094, 'recall': 0.0317, 'f1': 0.0602, 'auc': 0.7772}
val: {'epoch': 15, 'loss': 0.0883, 'lr': 0.001, 'params': 1142402, 'time_iter': 2.1396, 'accuracy': 0.981, 'precision': 0.6154, 'recall': 0.0988, 'f1': 0.1702, 'auc': 0.7657}
train: {'epoch': 15, 'eta': 1106842.5249, 'loss': 0.133, 'lr': 0.001, 'params': 1142402, 'time_iter': 12.3204, 'accuracy': 0.9632, 'precision': 0.6375, 'recall': 0.0414, 'f1': 0.0777, 'auc': 0.7837}
val: {'epoch': 16, 'loss': 0.0851, 'lr': 0.001, 'params': 1142402, 'time_iter': 1.9406, 'accuracy': 0.9781, 'precision': 0.3636, 'recall': 0.1481, 'f1': 0.2105, 'auc': 0.785}
train: {'epoch': 16, 'eta': 1096051.1709, 'loss': 0.1319, 'lr': 0.001, 'params': 1142402, 'time_iter': 13.2801, 'accuracy': 0.9636, 'precision': 0.6988, 'recall': 0.0471, 'f1': 0.0882, 'auc': 0.7864}
val: {'epoch': 17, 'loss': 0.0837, 'lr': 0.001, 'params': 1142402, 'time_iter': 1.9837, 'accuracy': 0.9818, 'precision': 0.75, 'recall': 0.1111, 'f1': 0.1935, 'auc': 0.7787}
train: {'epoch': 17, 'eta': 1083975.7541, 'loss': 0.1306, 'lr': 0.001, 'params': 1142402, 'time_iter': 13.0743, 'accuracy': 0.9638, 'precision': 0.6814, 'recall': 0.0625, 'f1': 0.1145, 'auc': 0.7926}
val: {'epoch': 18, 'loss': 0.0825, 'lr': 0.001, 'params': 1142402, 'time_iter': 2.0987, 'accuracy': 0.9805, 'precision': 0.5556, 'recall': 0.0617, 'f1': 0.1111, 'auc': 0.7892}
train: {'epoch': 18, 'eta': 1070484.0847, 'loss': 0.1285, 'lr': 0.001, 'params': 1142402, 'time_iter': 12.7846, 'accuracy': 0.9643, 'precision': 0.6966, 'recall': 0.082, 'f1': 0.1467, 'auc': 0.8014}
val: {'epoch': 19, 'loss': 0.0843, 'lr': 0.001, 'params': 1142402, 'time_iter': 2.2363, 'accuracy': 0.9803, 'precision': 0.5, 'recall': 0.1235, 'f1': 0.198, 'auc': 0.7878}
train: {'epoch': 19, 'eta': 1058778.8367, 'loss': 0.1274, 'lr': 0.001, 'params': 1142402, 'time_iter': 13.2104, 'accuracy': 0.9638, 'precision': 0.6589, 'recall': 0.069, 'f1': 0.1249, 'auc': 0.8067}
val: {'epoch': 20, 'loss': 0.0891, 'lr': 0.001, 'params': 1142402, 'time_iter': 1.9582, 'accuracy': 0.9805, 'precision': 0.6, 'recall': 0.037, 'f1': 0.0698, 'auc': 0.7711}
train: {'epoch': 20, 'eta': 1046768.1366, 'loss': 0.1278, 'lr': 0.001, 'params': 1142402, 'time_iter': 13.178, 'accuracy': 0.9641, 'precision': 0.6667, 'recall': 0.0844, 'f1': 0.1499, 'auc': 0.8032}
val: {'epoch': 21, 'loss': 0.087, 'lr': 0.001, 'params': 1142402, 'time_iter': 2.014, 'accuracy': 0.9801, 'precision': 0.4783, 'recall': 0.1358, 'f1': 0.2115, 'auc': 0.7663}
train: {'epoch': 21, 'eta': 1033138.1132, 'loss': 0.126, 'lr': 0.001, 'params': 1142402, 'time_iter': 12.7727, 'accuracy': 0.9643, 'precision': 0.6859, 'recall': 0.0869, 'f1': 0.1542, 'auc': 0.8075}
val: {'epoch': 22, 'loss': 0.0814, 'lr': 0.001, 'params': 1142402, 'time_iter': 2.1766, 'accuracy': 0.9818, 'precision': 0.6667, 'recall': 0.1481, 'f1': 0.2424, 'auc': 0.7813}
train: {'epoch': 22, 'eta': 1020620.9121, 'loss': 0.1241, 'lr': 0.001, 'params': 1142402, 'time_iter': 13.0834, 'accuracy': 0.9649, 'precision': 0.7016, 'recall': 0.1088, 'f1': 0.1883, 'auc': 0.8132}
val: {'epoch': 23, 'loss': 0.0875, 'lr': 0.001, 'params': 1142402, 'time_iter': 1.9849, 'accuracy': 0.9808, 'precision': 0.5714, 'recall': 0.0988, 'f1': 0.1684, 'auc': 0.7883}
train: {'epoch': 23, 'eta': 1008380.2719, 'loss': 0.1235, 'lr': 0.001, 'params': 1142402, 'time_iter': 13.1925, 'accuracy': 0.9647, 'precision': 0.6837, 'recall': 0.1088, 'f1': 0.1877, 'auc': 0.8155}
val: {'epoch': 24, 'loss': 0.0848, 'lr': 0.001, 'params': 1142402, 'time_iter': 1.9756, 'accuracy': 0.983, 'precision': 0.8667, 'recall': 0.1605, 'f1': 0.2708, 'auc': 0.7778}
train: {'epoch': 24, 'eta': 995438.599, 'loss': 0.1222, 'lr': 0.001, 'params': 1142402, 'time_iter': 13.0, 'accuracy': 0.9655, 'precision': 0.7513, 'recall': 0.1177, 'f1': 0.2035, 'auc': 0.8204}
val: {'epoch': 25, 'loss': 0.0876, 'lr': 0.001, 'params': 1142402, 'time_iter': 2.1778, 'accuracy': 0.982, 'precision': 0.7692, 'recall': 0.1235, 'f1': 0.2128, 'auc': 0.7775}
train: {'epoch': 25, 'eta': 982429.0161, 'loss': 0.1206, 'lr': 0.001, 'params': 1142402, 'time_iter': 12.9882, 'accuracy': 0.9658, 'precision': 0.719, 'recall': 0.1412, 'f1': 0.2361, 'auc': 0.8287}
val: {'epoch': 26, 'loss': 0.0834, 'lr': 0.001, 'params': 1142402, 'time_iter': 2.3372, 'accuracy': 0.9818, 'precision': 0.7143, 'recall': 0.1235, 'f1': 0.2105, 'auc': 0.7847}
train: {'epoch': 26, 'eta': 968065.5132, 'loss': 0.1199, 'lr': 0.001, 'params': 1142402, 'time_iter': 12.511, 'accuracy': 0.9658, 'precision': 0.7093, 'recall': 0.1485, 'f1': 0.2456, 'auc': 0.8298}
val: {'epoch': 27, 'loss': 0.0823, 'lr': 0.001, 'params': 1142402, 'time_iter': 1.9933, 'accuracy': 0.9803, 'precision': 0.5, 'recall': 0.1728, 'f1': 0.2569, 'auc': 0.8195}
train: {'epoch': 27, 'eta': 954831.8382, 'loss': 0.1188, 'lr': 0.001, 'params': 1142402, 'time_iter': 12.8978, 'accuracy': 0.9659, 'precision': 0.7466, 'recall': 0.1339, 'f1': 0.2271, 'auc': 0.835}
val: {'epoch': 28, 'loss': 0.0882, 'lr': 0.001, 'params': 1142402, 'time_iter': 1.9805, 'accuracy': 0.9825, 'precision': 0.8, 'recall': 0.1481, 'f1': 0.25, 'auc': 0.7802}
train: {'epoch': 28, 'eta': 940630.7913, 'loss': 0.1184, 'lr': 0.001, 'params': 1142402, 'time_iter': 12.5149, 'accuracy': 0.9666, 'precision': 0.7324, 'recall': 0.1688, 'f1': 0.2744, 'auc': 0.8321}
val: {'epoch': 29, 'loss': 0.0888, 'lr': 0.001, 'params': 1142402, 'time_iter': 2.3388, 'accuracy': 0.9813, 'precision': 0.7, 'recall': 0.0864, 'f1': 0.1538, 'auc': 0.7789}
train: {'epoch': 29, 'eta': 927518.1237, 'loss': 0.1175, 'lr': 0.001, 'params': 1142402, 'time_iter': 12.9314, 'accuracy': 0.9664, 'precision': 0.7358, 'recall': 0.1583, 'f1': 0.2605, 'auc': 0.8358}
val: {'epoch': 30, 'loss': 0.0888, 'lr': 0.001, 'params': 1142402, 'time_iter': 2.0503, 'accuracy': 0.9813, 'precision': 0.6111, 'recall': 0.1358, 'f1': 0.2222, 'auc': 0.7911}
train: {'epoch': 30, 'eta': 914197.5996, 'loss': 0.1166, 'lr': 0.001, 'params': 1142402, 'time_iter': 12.8462, 'accuracy': 0.9667, 'precision': 0.7413, 'recall': 0.1721, 'f1': 0.2793, 'auc': 0.84}
val: {'epoch': 31, 'loss': 0.0857, 'lr': 0.001, 'params': 1142402, 'time_iter': 1.9895, 'accuracy': 0.9813, 'precision': 0.6111, 'recall': 0.1358, 'f1': 0.2222, 'auc': 0.7887}
train: {'epoch': 31, 'eta': 901678.229, 'loss': 0.1158, 'lr': 0.001, 'params': 1142402, 'time_iter': 13.2096, 'accuracy': 0.9668, 'precision': 0.7224, 'recall': 0.1859, 'f1': 0.2957, 'auc': 0.8444}
val: {'epoch': 32, 'loss': 0.0834, 'lr': 0.001, 'params': 1142402, 'time_iter': 2.2122, 'accuracy': 0.9818, 'precision': 0.65, 'recall': 0.1605, 'f1': 0.2574, 'auc': 0.7943}
train: {'epoch': 32, 'eta': 888998.4208, 'loss': 0.1145, 'lr': 0.001, 'params': 1142402, 'time_iter': 13.164, 'accuracy': 0.9672, 'precision': 0.7429, 'recall': 0.1899, 'f1': 0.3025, 'auc': 0.8476}
val: {'epoch': 33, 'loss': 0.0884, 'lr': 0.001, 'params': 1142402, 'time_iter': 2.0165, 'accuracy': 0.9813, 'precision': 0.8333, 'recall': 0.0617, 'f1': 0.1149, 'auc': 0.7967}
train: {'epoch': 33, 'eta': 875945.976, 'loss': 0.1143, 'lr': 0.001, 'params': 1142402, 'time_iter': 13.0029, 'accuracy': 0.9671, 'precision': 0.7301, 'recall': 0.1932, 'f1': 0.3055, 'auc': 0.846}
val: {'epoch': 34, 'loss': 0.0828, 'lr': 0.001, 'params': 1142402, 'time_iter': 2.0688, 'accuracy': 0.9808, 'precision': 0.5417, 'recall': 0.1605, 'f1': 0.2476, 'auc': 0.7987}
train: {'epoch': 34, 'eta': 862565.6492, 'loss': 0.1135, 'lr': 0.001, 'params': 1142402, 'time_iter': 12.8411, 'accuracy': 0.9679, 'precision': 0.755, 'recall': 0.2127, 'f1': 0.3319, 'auc': 0.8512}
val: {'epoch': 35, 'loss': 0.0906, 'lr': 0.001, 'params': 1142402, 'time_iter': 2.1057, 'accuracy': 0.9815, 'precision': 0.6923, 'recall': 0.1111, 'f1': 0.1915, 'auc': 0.7847}
train: {'epoch': 35, 'eta': 849985.344, 'loss': 0.1133, 'lr': 0.001, 'params': 1142402, 'time_iter': 13.2734, 'accuracy': 0.9673, 'precision': 0.7221, 'recall': 0.2045, 'f1': 0.3188, 'auc': 0.8505}
val: {'epoch': 36, 'loss': 0.0874, 'lr': 0.001, 'params': 1142402, 'time_iter': 2.4589, 'accuracy': 0.9813, 'precision': 0.5769, 'recall': 0.1852, 'f1': 0.2804, 'auc': 0.7959}
train: {'epoch': 36, 'eta': 837365.1608, 'loss': 0.1119, 'lr': 0.001, 'params': 1142402, 'time_iter': 13.2839, 'accuracy': 0.9677, 'precision': 0.7457, 'recall': 0.2094, 'f1': 0.327, 'auc': 0.8547}
val: {'epoch': 37, 'loss': 0.0858, 'lr': 0.001, 'params': 1142402, 'time_iter': 2.0633, 'accuracy': 0.982, 'precision': 0.7059, 'recall': 0.1481, 'f1': 0.2449, 'auc': 0.7897}
train: {'epoch': 37, 'eta': 824406.8913, 'loss': 0.1112, 'lr': 0.001, 'params': 1142402, 'time_iter': 13.1154, 'accuracy': 0.9684, 'precision': 0.756, 'recall': 0.2289, 'f1': 0.3514, 'auc': 0.857}
val: {'epoch': 38, 'loss': 0.0886, 'lr': 0.001, 'params': 1142402, 'time_iter': 2.01, 'accuracy': 0.9823, 'precision': 0.7857, 'recall': 0.1358, 'f1': 0.2316, 'auc': 0.7778}
train: {'epoch': 38, 'eta': 810236.6972, 'loss': 0.11, 'lr': 0.001, 'params': 1142402, 'time_iter': 12.3795, 'accuracy': 0.9683, 'precision': 0.75, 'recall': 0.2313, 'f1': 0.3536, 'auc': 0.8621}
val: {'epoch': 39, 'loss': 0.0912, 'lr': 0.001, 'params': 1142402, 'time_iter': 2.204, 'accuracy': 0.9815, 'precision': 0.619, 'recall': 0.1605, 'f1': 0.2549, 'auc': 0.7614}
train: {'epoch': 39, 'eta': 796424.7307, 'loss': 0.1111, 'lr': 0.001, 'params': 1142402, 'time_iter': 12.5652, 'accuracy': 0.9681, 'precision': 0.7514, 'recall': 0.2208, 'f1': 0.3413, 'auc': 0.8626}
val: {'epoch': 40, 'loss': 0.0906, 'lr': 0.001, 'params': 1142402, 'time_iter': 2.0405, 'accuracy': 0.981, 'precision': 0.5714, 'recall': 0.1481, 'f1': 0.2353, 'auc': 0.7779}
train: {'epoch': 40, 'eta': 782933.2182, 'loss': 0.11, 'lr': 0.001, 'params': 1142402, 'time_iter': 12.7526, 'accuracy': 0.9685, 'precision': 0.7469, 'recall': 0.2419, 'f1': 0.3654, 'auc': 0.861}
val: {'epoch': 41, 'loss': 0.0842, 'lr': 0.001, 'params': 1142402, 'time_iter': 2.0329, 'accuracy': 0.981, 'precision': 0.5556, 'recall': 0.1852, 'f1': 0.2778, 'auc': 0.7968}
train: {'epoch': 41, 'eta': 769507.0586, 'loss': 0.1086, 'lr': 0.001, 'params': 1142402, 'time_iter': 12.7862, 'accuracy': 0.9686, 'precision': 0.7618, 'recall': 0.2362, 'f1': 0.3606, 'auc': 0.8679}
val: {'epoch': 42, 'loss': 0.0877, 'lr': 0.001, 'params': 1142402, 'time_iter': 2.2198, 'accuracy': 0.981, 'precision': 0.56, 'recall': 0.1728, 'f1': 0.2642, 'auc': 0.7832}
train: {'epoch': 42, 'eta': 755752.0102, 'loss': 0.109, 'lr': 0.001, 'params': 1142402, 'time_iter': 12.5359, 'accuracy': 0.968, 'precision': 0.7266, 'recall': 0.233, 'f1': 0.3528, 'auc': 0.8673}
val: {'epoch': 43, 'loss': 0.0896, 'lr': 0.001, 'params': 1142402, 'time_iter': 2.5688, 'accuracy': 0.9815, 'precision': 0.6316, 'recall': 0.1481, 'f1': 0.24, 'auc': 0.7876}
train: {'epoch': 43, 'eta': 742354.3941, 'loss': 0.1089, 'lr': 0.001, 'params': 1142402, 'time_iter': 12.7791, 'accuracy': 0.9684, 'precision': 0.7455, 'recall': 0.2378, 'f1': 0.3606, 'auc': 0.8671}
val: {'epoch': 44, 'loss': 0.0896, 'lr': 0.001, 'params': 1142402, 'time_iter': 2.0624, 'accuracy': 0.9825, 'precision': 1.0, 'recall': 0.1111, 'f1': 0.2, 'auc': 0.7875}
train: {'epoch': 44, 'eta': 729081.291, 'loss': 0.108, 'lr': 0.001, 'params': 1142402, 'time_iter': 12.8694, 'accuracy': 0.9686, 'precision': 0.7475, 'recall': 0.2451, 'f1': 0.3692, 'auc': 0.8691}
val: {'epoch': 45, 'loss': 0.0847, 'lr': 0.001, 'params': 1142402, 'time_iter': 1.9957, 'accuracy': 0.9825, 'precision': 0.8, 'recall': 0.1481, 'f1': 0.25, 'auc': 0.8024}
train: {'epoch': 45, 'eta': 715631.1628, 'loss': 0.1066, 'lr': 0.001, 'params': 1142402, 'time_iter': 12.7217, 'accuracy': 0.9691, 'precision': 0.7628, 'recall': 0.2532, 'f1': 0.3803, 'auc': 0.8756}
val: {'epoch': 46, 'loss': 0.0825, 'lr': 0.001, 'params': 1142402, 'time_iter': 2.162, 'accuracy': 0.9808, 'precision': 0.5417, 'recall': 0.1605, 'f1': 0.2476, 'auc': 0.7912}
train: {'epoch': 46, 'eta': 702150.639, 'loss': 0.1053, 'lr': 0.001, 'params': 1142402, 'time_iter': 12.6824, 'accuracy': 0.9695, 'precision': 0.7707, 'recall': 0.2646, 'f1': 0.394, 'auc': 0.8779}
val: {'epoch': 47, 'loss': 0.0902, 'lr': 0.001, 'params': 1142402, 'time_iter': 2.0205, 'accuracy': 0.982, 'precision': 0.7059, 'recall': 0.1481, 'f1': 0.2449, 'auc': 0.7978}
train: {'epoch': 47, 'eta': 689221.6021, 'loss': 0.106, 'lr': 0.001, 'params': 1142402, 'time_iter': 13.161, 'accuracy': 0.9685, 'precision': 0.73, 'recall': 0.2524, 'f1': 0.3752, 'auc': 0.8765}
val: {'epoch': 48, 'loss': 0.0956, 'lr': 0.001, 'params': 1142402, 'time_iter': 2.0057, 'accuracy': 0.982, 'precision': 0.6842, 'recall': 0.1605, 'f1': 0.26, 'auc': 0.7855}
train: {'epoch': 48, 'eta': 676141.5217, 'loss': 0.1046, 'lr': 0.001, 'params': 1142402, 'time_iter': 13.0434, 'accuracy': 0.9694, 'precision': 0.7586, 'recall': 0.2679, 'f1': 0.3959, 'auc': 0.8801}
val: {'epoch': 49, 'loss': 0.0863, 'lr': 0.001, 'params': 1142402, 'time_iter': 2.2376, 'accuracy': 0.981, 'precision': 0.5556, 'recall': 0.1852, 'f1': 0.2778, 'auc': 0.7873}
train: {'epoch': 49, 'eta': 663110.8436, 'loss': 0.1042, 'lr': 0.001, 'params': 1142402, 'time_iter': 13.1046, 'accuracy': 0.9698, 'precision': 0.7747, 'recall': 0.2735, 'f1': 0.4043, 'auc': 0.8837}
val: {'epoch': 50, 'loss': 0.0898, 'lr': 0.001, 'params': 1142402, 'time_iter': 1.9804, 'accuracy': 0.9823, 'precision': 0.7222, 'recall': 0.1605, 'f1': 0.2626, 'auc': 0.7993}
train: {'epoch': 50, 'eta': 649930.1665, 'loss': 0.1025, 'lr': 0.001, 'params': 1142402, 'time_iter': 12.9709, 'accuracy': 0.9698, 'precision': 0.7668, 'recall': 0.2776, 'f1': 0.4076, 'auc': 0.8873}
val: {'epoch': 51, 'loss': 0.0925, 'lr': 0.001, 'params': 1142402, 'time_iter': 2.0633, 'accuracy': 0.9825, 'precision': 0.8, 'recall': 0.1481, 'f1': 0.25, 'auc': 0.7746}
train: {'epoch': 51, 'eta': 636654.7778, 'loss': 0.1029, 'lr': 0.001, 'params': 1142402, 'time_iter': 12.878, 'accuracy': 0.9696, 'precision': 0.7538, 'recall': 0.2784, 'f1': 0.4066, 'auc': 0.8848}
val: {'epoch': 52, 'loss': 0.0832, 'lr': 0.001, 'params': 1142402, 'time_iter': 2.0501, 'accuracy': 0.9823, 'precision': 0.6333, 'recall': 0.2346, 'f1': 0.3423, 'auc': 0.7918}
train: {'epoch': 52, 'eta': 623136.1385, 'loss': 0.102, 'lr': 0.001, 'params': 1142402, 'time_iter': 12.6104, 'accuracy': 0.9705, 'precision': 0.7916, 'recall': 0.2898, 'f1': 0.4242, 'auc': 0.8895}
val: {'epoch': 53, 'loss': 0.0891, 'lr': 0.001, 'params': 1142402, 'time_iter': 2.2125, 'accuracy': 0.9818, 'precision': 0.65, 'recall': 0.1605, 'f1': 0.2574, 'auc': 0.7865}
train: {'epoch': 53, 'eta': 610046.2691, 'loss': 0.1022, 'lr': 0.001, 'params': 1142402, 'time_iter': 13.0766, 'accuracy': 0.9701, 'precision': 0.7677, 'recall': 0.2898, 'f1': 0.4207, 'auc': 0.8887}
val: {'epoch': 54, 'loss': 0.0862, 'lr': 0.001, 'params': 1142402, 'time_iter': 1.99, 'accuracy': 0.9823, 'precision': 0.7, 'recall': 0.1728, 'f1': 0.2772, 'auc': 0.804}
train: {'epoch': 54, 'eta': 596694.7935, 'loss': 0.1013, 'lr': 0.001, 'params': 1142402, 'time_iter': 12.7817, 'accuracy': 0.9699, 'precision': 0.7537, 'recall': 0.2906, 'f1': 0.4194, 'auc': 0.8918}
val: {'epoch': 55, 'loss': 0.0905, 'lr': 0.001, 'params': 1142402, 'time_iter': 2.0339, 'accuracy': 0.9818, 'precision': 0.7143, 'recall': 0.1235, 'f1': 0.2105, 'auc': 0.8004}
train: {'epoch': 55, 'eta': 583325.1637, 'loss': 0.1003, 'lr': 0.001, 'params': 1142402, 'time_iter': 12.7504, 'accuracy': 0.9708, 'precision': 0.7857, 'recall': 0.3036, 'f1': 0.4379, 'auc': 0.8907}
val: {'epoch': 56, 'loss': 0.0857, 'lr': 0.001, 'params': 1142402, 'time_iter': 2.2113, 'accuracy': 0.9805, 'precision': 0.5135, 'recall': 0.2346, 'f1': 0.322, 'auc': 0.8203}
train: {'epoch': 56, 'eta': 569882.4515, 'loss': 0.1004, 'lr': 0.001, 'params': 1142402, 'time_iter': 12.645, 'accuracy': 0.9698, 'precision': 0.7553, 'recall': 0.2881, 'f1': 0.4172, 'auc': 0.8942}
val: {'epoch': 57, 'loss': 0.0944, 'lr': 0.001, 'params': 1142402, 'time_iter': 1.9611, 'accuracy': 0.982, 'precision': 0.7692, 'recall': 0.1235, 'f1': 0.2128, 'auc': 0.7849}
train: {'epoch': 57, 'eta': 556883.4009, 'loss': 0.0983, 'lr': 0.001, 'params': 1142402, 'time_iter': 13.2205, 'accuracy': 0.9708, 'precision': 0.7647, 'recall': 0.3166, 'f1': 0.4478, 'auc': 0.8977}
val: {'epoch': 58, 'loss': 0.0945, 'lr': 0.001, 'params': 1142402, 'time_iter': 2.0806, 'accuracy': 0.9818, 'precision': 0.6875, 'recall': 0.1358, 'f1': 0.2268, 'auc': 0.779}
train: {'epoch': 58, 'eta': 543733.3564, 'loss': 0.0988, 'lr': 0.001, 'params': 1142402, 'time_iter': 13.038, 'accuracy': 0.9708, 'precision': 0.7798, 'recall': 0.3076, 'f1': 0.4412, 'auc': 0.8971}
val: {'epoch': 59, 'loss': 0.0896, 'lr': 0.001, 'params': 1142402, 'time_iter': 2.0262, 'accuracy': 0.9818, 'precision': 0.75, 'recall': 0.1111, 'f1': 0.1935, 'auc': 0.7926}
train: {'epoch': 59, 'eta': 530496.5272, 'loss': 0.0981, 'lr': 0.001, 'params': 1142402, 'time_iter': 12.9244, 'accuracy': 0.9703, 'precision': 0.754, 'recall': 0.306, 'f1': 0.4353, 'auc': 0.8997}
val: {'epoch': 60, 'loss': 0.0986, 'lr': 0.001, 'params': 1142402, 'time_iter': 2.1651, 'accuracy': 0.981, 'precision': 0.6667, 'recall': 0.0741, 'f1': 0.1333, 'auc': 0.7687}
train: {'epoch': 60, 'eta': 516980.8847, 'loss': 0.0973, 'lr': 0.001, 'params': 1142402, 'time_iter': 12.5037, 'accuracy': 0.9706, 'precision': 0.7666, 'recall': 0.3093, 'f1': 0.4407, 'auc': 0.9044}
val: {'epoch': 61, 'loss': 0.0938, 'lr': 0.001, 'params': 1142402, 'time_iter': 1.9578, 'accuracy': 0.9827, 'precision': 0.7778, 'recall': 0.1728, 'f1': 0.2828, 'auc': 0.7957}
train: {'epoch': 61, 'eta': 503935.3162, 'loss': 0.0975, 'lr': 0.001, 'params': 1142402, 'time_iter': 13.2159, 'accuracy': 0.9703, 'precision': 0.749, 'recall': 0.3125, 'f1': 0.441, 'auc': 0.9036}
val: {'epoch': 62, 'loss': 0.1063, 'lr': 0.001, 'params': 1142402, 'time_iter': 1.9998, 'accuracy': 0.9813, 'precision': 0.75, 'recall': 0.0741, 'f1': 0.1348, 'auc': 0.784}
train: {'epoch': 62, 'eta': 490660.6303, 'loss': 0.0964, 'lr': 0.001, 'params': 1142402, 'time_iter': 12.8658, 'accuracy': 0.9706, 'precision': 0.751, 'recall': 0.3206, 'f1': 0.4494, 'auc': 0.9061}
val: {'epoch': 63, 'loss': 0.0928, 'lr': 0.001, 'params': 1142402, 'time_iter': 2.0835, 'accuracy': 0.982, 'precision': 0.7333, 'recall': 0.1358, 'f1': 0.2292, 'auc': 0.7826}
train: {'epoch': 63, 'eta': 477352.8059, 'loss': 0.096, 'lr': 0.001, 'params': 1142402, 'time_iter': 12.8066, 'accuracy': 0.9708, 'precision': 0.7616, 'recall': 0.319, 'f1': 0.4497, 'auc': 0.9076}
val: {'epoch': 64, 'loss': 0.0879, 'lr': 0.001, 'params': 1142402, 'time_iter': 2.0035, 'accuracy': 0.9823, 'precision': 0.7222, 'recall': 0.1605, 'f1': 0.2626, 'auc': 0.794}
train: {'epoch': 64, 'eta': 464230.2522, 'loss': 0.0958, 'lr': 0.001, 'params': 1142402, 'time_iter': 13.1338, 'accuracy': 0.9715, 'precision': 0.7769, 'recall': 0.3336, 'f1': 0.4668, 'auc': 0.9063}
val: {'epoch': 65, 'loss': 0.0959, 'lr': 0.001, 'params': 1142402, 'time_iter': 2.0349, 'accuracy': 0.9827, 'precision': 0.9167, 'recall': 0.1358, 'f1': 0.2366, 'auc': 0.7754}
train: {'epoch': 65, 'eta': 451066.5529, 'loss': 0.0961, 'lr': 0.001, 'params': 1142402, 'time_iter': 13.0786, 'accuracy': 0.971, 'precision': 0.7514, 'recall': 0.336, 'f1': 0.4644, 'auc': 0.9045}
val: {'epoch': 66, 'loss': 0.085, 'lr': 0.001, 'params': 1142402, 'time_iter': 2.0082, 'accuracy': 0.9825, 'precision': 0.6667, 'recall': 0.2222, 'f1': 0.3333, 'auc': 0.8088}
train: {'epoch': 66, 'eta': 437833.3317, 'loss': 0.0943, 'lr': 0.001, 'params': 1142402, 'time_iter': 12.9588, 'accuracy': 0.9715, 'precision': 0.7834, 'recall': 0.3287, 'f1': 0.4631, 'auc': 0.9134}
val: {'epoch': 67, 'loss': 0.0895, 'lr': 0.001, 'params': 1142402, 'time_iter': 2.5595, 'accuracy': 0.9818, 'precision': 0.6154, 'recall': 0.1975, 'f1': 0.2991, 'auc': 0.7997}
train: {'epoch': 67, 'eta': 424539.1869, 'loss': 0.0935, 'lr': 0.001, 'params': 1142402, 'time_iter': 12.8391, 'accuracy': 0.9721, 'precision': 0.783, 'recall': 0.3515, 'f1': 0.4852, 'auc': 0.9122}
val: {'epoch': 68, 'loss': 0.0896, 'lr': 0.001, 'params': 1142402, 'time_iter': 2.0327, 'accuracy': 0.9825, 'precision': 0.6452, 'recall': 0.2469, 'f1': 0.3571, 'auc': 0.791}
train: {'epoch': 68, 'eta': 411314.8906, 'loss': 0.0925, 'lr': 0.001, 'params': 1142402, 'time_iter': 12.985, 'accuracy': 0.972, 'precision': 0.7772, 'recall': 0.3539, 'f1': 0.4863, 'auc': 0.9151}
val: {'epoch': 69, 'loss': 0.0982, 'lr': 0.001, 'params': 1142402, 'time_iter': 2.0019, 'accuracy': 0.9827, 'precision': 0.9167, 'recall': 0.1358, 'f1': 0.2366, 'auc': 0.7733}
train: {'epoch': 69, 'eta': 398134.2887, 'loss': 0.0922, 'lr': 0.001, 'params': 1142402, 'time_iter': 13.093, 'accuracy': 0.9715, 'precision': 0.7702, 'recall': 0.3401, 'f1': 0.4718, 'auc': 0.9176}
val: {'epoch': 70, 'loss': 0.0897, 'lr': 0.001, 'params': 1142402, 'time_iter': 2.162, 'accuracy': 0.983, 'precision': 0.6897, 'recall': 0.2469, 'f1': 0.3636, 'auc': 0.8003}
train: {'epoch': 70, 'eta': 384850.3973, 'loss': 0.0931, 'lr': 0.001, 'params': 1142402, 'time_iter': 12.8668, 'accuracy': 0.9713, 'precision': 0.7681, 'recall': 0.336, 'f1': 0.4675, 'auc': 0.9156}
val: {'epoch': 71, 'loss': 0.0879, 'lr': 0.001, 'params': 1142402, 'time_iter': 2.0995, 'accuracy': 0.982, 'precision': 0.6296, 'recall': 0.2099, 'f1': 0.3148, 'auc': 0.7978}
train: {'epoch': 71, 'eta': 371765.7334, 'loss': 0.0922, 'lr': 0.001, 'params': 1142402, 'time_iter': 13.3616, 'accuracy': 0.9714, 'precision': 0.7616, 'recall': 0.345, 'f1': 0.4749, 'auc': 0.9195}
val: {'epoch': 72, 'loss': 0.0963, 'lr': 0.001, 'params': 1142402, 'time_iter': 2.0813, 'accuracy': 0.9832, 'precision': 0.875, 'recall': 0.1728, 'f1': 0.2887, 'auc': 0.789}
train: {'epoch': 72, 'eta': 358472.6369, 'loss': 0.0907, 'lr': 0.001, 'params': 1142402, 'time_iter': 12.8618, 'accuracy': 0.972, 'precision': 0.7658, 'recall': 0.3636, 'f1': 0.4931, 'auc': 0.9228}
val: {'epoch': 73, 'loss': 0.0951, 'lr': 0.001, 'params': 1142402, 'time_iter': 2.1539, 'accuracy': 0.982, 'precision': 0.7692, 'recall': 0.1235, 'f1': 0.2128, 'auc': 0.7863}
train: {'epoch': 73, 'eta': 345320.8305, 'loss': 0.0914, 'lr': 0.001, 'params': 1142402, 'time_iter': 13.2482, 'accuracy': 0.9726, 'precision': 0.795, 'recall': 0.362, 'f1': 0.4975, 'auc': 0.9169}
val: {'epoch': 74, 'loss': 0.0943, 'lr': 0.001, 'params': 1142402, 'time_iter': 1.9933, 'accuracy': 0.983, 'precision': 0.7895, 'recall': 0.1852, 'f1': 0.3, 'auc': 0.7749}
train: {'epoch': 74, 'eta': 332049.3617, 'loss': 0.0913, 'lr': 0.001, 'params': 1142402, 'time_iter': 12.9367, 'accuracy': 0.9717, 'precision': 0.7603, 'recall': 0.358, 'f1': 0.4868, 'auc': 0.9213}
val: {'epoch': 75, 'loss': 0.0893, 'lr': 0.001, 'params': 1142402, 'time_iter': 1.9973, 'accuracy': 0.9825, 'precision': 0.6957, 'recall': 0.1975, 'f1': 0.3077, 'auc': 0.8061}
train: {'epoch': 75, 'eta': 318592.4697, 'loss': 0.0902, 'lr': 0.001, 'params': 1142402, 'time_iter': 12.3694, 'accuracy': 0.9718, 'precision': 0.7705, 'recall': 0.3515, 'f1': 0.4827, 'auc': 0.9224}
val: {'epoch': 76, 'loss': 0.0937, 'lr': 0.001, 'params': 1142402, 'time_iter': 2.0586, 'accuracy': 0.9835, 'precision': 0.8824, 'recall': 0.1852, 'f1': 0.3061, 'auc': 0.8032}
train: {'epoch': 76, 'eta': 305280.9822, 'loss': 0.0888, 'lr': 0.001, 'params': 1142402, 'time_iter': 12.7808, 'accuracy': 0.972, 'precision': 0.7671, 'recall': 0.3636, 'f1': 0.4934, 'auc': 0.926}
val: {'epoch': 77, 'loss': 0.0969, 'lr': 0.001, 'params': 1142402, 'time_iter': 2.5445, 'accuracy': 0.9815, 'precision': 0.6471, 'recall': 0.1358, 'f1': 0.2245, 'auc': 0.8053}
train: {'epoch': 77, 'eta': 291968.1003, 'loss': 0.0878, 'lr': 0.001, 'params': 1142402, 'time_iter': 12.7619, 'accuracy': 0.9719, 'precision': 0.7641, 'recall': 0.3628, 'f1': 0.492, 'auc': 0.9289}
val: {'epoch': 78, 'loss': 0.1007, 'lr': 0.001, 'params': 1142402, 'time_iter': 1.9828, 'accuracy': 0.983, 'precision': 0.9231, 'recall': 0.1481, 'f1': 0.2553, 'auc': 0.7951}
train: {'epoch': 78, 'eta': 278738.8, 'loss': 0.0886, 'lr': 0.001, 'params': 1142402, 'time_iter': 13.0507, 'accuracy': 0.9723, 'precision': 0.7807, 'recall': 0.3612, 'f1': 0.4939, 'auc': 0.928}
val: {'epoch': 79, 'loss': 0.1038, 'lr': 0.001, 'params': 1142402, 'time_iter': 2.0357, 'accuracy': 0.9815, 'precision': 0.7273, 'recall': 0.0988, 'f1': 0.1739, 'auc': 0.7763}
train: {'epoch': 79, 'eta': 265510.5518, 'loss': 0.0875, 'lr': 0.001, 'params': 1142402, 'time_iter': 13.0742, 'accuracy': 0.9725, 'precision': 0.7724, 'recall': 0.3774, 'f1': 0.5071, 'auc': 0.9307}
val: {'epoch': 80, 'loss': 0.1008, 'lr': 0.001, 'params': 1142402, 'time_iter': 2.145, 'accuracy': 0.981, 'precision': 0.5882, 'recall': 0.1235, 'f1': 0.2041, 'auc': 0.7854}
train: {'epoch': 80, 'eta': 252273.3719, 'loss': 0.0866, 'lr': 0.001, 'params': 1142402, 'time_iter': 13.0603, 'accuracy': 0.9722, 'precision': 0.7586, 'recall': 0.3774, 'f1': 0.5041, 'auc': 0.9332}
val: {'epoch': 81, 'loss': 0.1008, 'lr': 0.001, 'params': 1142402, 'time_iter': 2.0088, 'accuracy': 0.9827, 'precision': 0.8571, 'recall': 0.1481, 'f1': 0.2526, 'auc': 0.7815}
train: {'epoch': 81, 'eta': 238920.448, 'loss': 0.086, 'lr': 0.001, 'params': 1142402, 'time_iter': 12.5696, 'accuracy': 0.9731, 'precision': 0.7973, 'recall': 0.3766, 'f1': 0.5116, 'auc': 0.9328}
val: {'epoch': 82, 'loss': 0.0933, 'lr': 0.001, 'params': 1142402, 'time_iter': 2.0086, 'accuracy': 0.981, 'precision': 0.5556, 'recall': 0.1852, 'f1': 0.2778, 'auc': 0.7767}
train: {'epoch': 82, 'eta': 225527.3605, 'loss': 0.0857, 'lr': 0.001, 'params': 1142402, 'time_iter': 12.3312, 'accuracy': 0.9729, 'precision': 0.7841, 'recall': 0.3831, 'f1': 0.5147, 'auc': 0.9319}
val: {'epoch': 83, 'loss': 0.0937, 'lr': 0.001, 'params': 1142402, 'time_iter': 2.1929, 'accuracy': 0.982, 'precision': 0.6522, 'recall': 0.1852, 'f1': 0.2885, 'auc': 0.783}
train: {'epoch': 83, 'eta': 212188.2873, 'loss': 0.0862, 'lr': 0.001, 'params': 1142402, 'time_iter': 12.5212, 'accuracy': 0.9729, 'precision': 0.7905, 'recall': 0.3766, 'f1': 0.5102, 'auc': 0.9358}
val: {'epoch': 84, 'loss': 0.0993, 'lr': 0.001, 'params': 1142402, 'time_iter': 2.3316, 'accuracy': 0.9825, 'precision': 0.7143, 'recall': 0.1852, 'f1': 0.2941, 'auc': 0.7907}
train: {'epoch': 84, 'eta': 198908.3053, 'loss': 0.0856, 'lr': 0.001, 'params': 1142402, 'time_iter': 12.7877, 'accuracy': 0.9732, 'precision': 0.7872, 'recall': 0.3904, 'f1': 0.522, 'auc': 0.9334}
val: {'epoch': 85, 'loss': 0.0999, 'lr': 0.001, 'params': 1142402, 'time_iter': 2.054, 'accuracy': 0.9825, 'precision': 0.7647, 'recall': 0.1605, 'f1': 0.2653, 'auc': 0.7809}
train: {'epoch': 85, 'eta': 185684.4133, 'loss': 0.0853, 'lr': 0.001, 'params': 1142402, 'time_iter': 13.1057, 'accuracy': 0.973, 'precision': 0.7753, 'recall': 0.392, 'f1': 0.5208, 'auc': 0.9335}
val: {'epoch': 86, 'loss': 0.1046, 'lr': 0.001, 'params': 1142402, 'time_iter': 2.0073, 'accuracy': 0.9815, 'precision': 0.6923, 'recall': 0.1111, 'f1': 0.1915, 'auc': 0.7806}
train: {'epoch': 86, 'eta': 172404.3072, 'loss': 0.0842, 'lr': 0.001, 'params': 1142402, 'time_iter': 12.7792, 'accuracy': 0.9738, 'precision': 0.7918, 'recall': 0.4075, 'f1': 0.538, 'auc': 0.937}
val: {'epoch': 87, 'loss': 0.1033, 'lr': 0.001, 'params': 1142402, 'time_iter': 2.3024, 'accuracy': 0.9808, 'precision': 0.5417, 'recall': 0.1605, 'f1': 0.2476, 'auc': 0.7703}
train: {'epoch': 87, 'eta': 159142.0757, 'loss': 0.085, 'lr': 0.001, 'params': 1142402, 'time_iter': 12.8855, 'accuracy': 0.9726, 'precision': 0.7627, 'recall': 0.3912, 'f1': 0.5172, 'auc': 0.9349}
val: {'epoch': 88, 'loss': 0.0965, 'lr': 0.001, 'params': 1142402, 'time_iter': 1.9332, 'accuracy': 0.981, 'precision': 0.6, 'recall': 0.1111, 'f1': 0.1875, 'auc': 0.803}
train: {'epoch': 88, 'eta': 145896.3373, 'loss': 0.0823, 'lr': 0.001, 'params': 1142402, 'time_iter': 13.0147, 'accuracy': 0.9737, 'precision': 0.7859, 'recall': 0.4083, 'f1': 0.5374, 'auc': 0.9422}
val: {'epoch': 89, 'loss': 0.1006, 'lr': 0.001, 'params': 1142402, 'time_iter': 1.9906, 'accuracy': 0.981, 'precision': 0.5652, 'recall': 0.1605, 'f1': 0.25, 'auc': 0.7928}
train: {'epoch': 89, 'eta': 132655.0782, 'loss': 0.0829, 'lr': 0.001, 'params': 1142402, 'time_iter': 13.0823, 'accuracy': 0.9739, 'precision': 0.7906, 'recall': 0.4107, 'f1': 0.5406, 'auc': 0.9394}
val: {'epoch': 90, 'loss': 0.1059, 'lr': 0.001, 'params': 1142402, 'time_iter': 2.131, 'accuracy': 0.983, 'precision': 0.9231, 'recall': 0.1481, 'f1': 0.2553, 'auc': 0.7722}
train: {'epoch': 90, 'eta': 119378.9817, 'loss': 0.0821, 'lr': 0.001, 'params': 1142402, 'time_iter': 12.7876, 'accuracy': 0.9732, 'precision': 0.7817, 'recall': 0.3953, 'f1': 0.5251, 'auc': 0.942}
val: {'epoch': 91, 'loss': 0.1002, 'lr': 0.001, 'params': 1142402, 'time_iter': 2.5485, 'accuracy': 0.9815, 'precision': 0.6667, 'recall': 0.1235, 'f1': 0.2083, 'auc': 0.7875}
train: {'epoch': 91, 'eta': 106121.6416, 'loss': 0.0818, 'lr': 0.001, 'params': 1142402, 'time_iter': 12.9686, 'accuracy': 0.9741, 'precision': 0.7911, 'recall': 0.418, 'f1': 0.547, 'auc': 0.94}
val: {'epoch': 92, 'loss': 0.1034, 'lr': 0.001, 'params': 1142402, 'time_iter': 2.1005, 'accuracy': 0.9818, 'precision': 0.6875, 'recall': 0.1358, 'f1': 0.2268, 'auc': 0.7813}
train: {'epoch': 92, 'eta': 92861.214, 'loss': 0.0811, 'lr': 0.001, 'params': 1142402, 'time_iter': 12.953, 'accuracy': 0.9737, 'precision': 0.7845, 'recall': 0.4107, 'f1': 0.5392, 'auc': 0.9445}
val: {'epoch': 93, 'loss': 0.1149, 'lr': 0.001, 'params': 1142402, 'time_iter': 2.0508, 'accuracy': 0.982, 'precision': 0.6842, 'recall': 0.1605, 'f1': 0.26, 'auc': 0.727}
train: {'epoch': 93, 'eta': 79580.746, 'loss': 0.0804, 'lr': 0.001, 'params': 1142402, 'time_iter': 12.67, 'accuracy': 0.9733, 'precision': 0.7626, 'recall': 0.4172, 'f1': 0.5393, 'auc': 0.9462}
val: {'epoch': 94, 'loss': 0.1146, 'lr': 0.001, 'params': 1142402, 'time_iter': 2.2497, 'accuracy': 0.9818, 'precision': 0.65, 'recall': 0.1605, 'f1': 0.2574, 'auc': 0.7305}
train: {'epoch': 94, 'eta': 66298.794, 'loss': 0.0806, 'lr': 0.001, 'params': 1142402, 'time_iter': 12.5482, 'accuracy': 0.9739, 'precision': 0.7891, 'recall': 0.4131, 'f1': 0.5424, 'auc': 0.9441}
val: {'epoch': 95, 'loss': 0.1055, 'lr': 0.001, 'params': 1142402, 'time_iter': 1.9111, 'accuracy': 0.9823, 'precision': 0.6667, 'recall': 0.1975, 'f1': 0.3048, 'auc': 0.7748}
train: {'epoch': 95, 'eta': 53026.4562, 'loss': 0.0808, 'lr': 0.001, 'params': 1142402, 'time_iter': 12.5927, 'accuracy': 0.9734, 'precision': 0.7649, 'recall': 0.4172, 'f1': 0.5399, 'auc': 0.944}
val: {'epoch': 96, 'loss': 0.102, 'lr': 0.001, 'params': 1142402, 'time_iter': 2.0432, 'accuracy': 0.9823, 'precision': 0.6818, 'recall': 0.1852, 'f1': 0.2913, 'auc': 0.7893}
train: {'epoch': 96, 'eta': 39758.8929, 'loss': 0.0794, 'lr': 0.001, 'params': 1142402, 'time_iter': 12.539, 'accuracy': 0.9745, 'precision': 0.8, 'recall': 0.4253, 'f1': 0.5554, 'auc': 0.9474}
val: {'epoch': 97, 'loss': 0.1131, 'lr': 0.001, 'params': 1142402, 'time_iter': 2.2766, 'accuracy': 0.9823, 'precision': 0.7222, 'recall': 0.1605, 'f1': 0.2626, 'auc': 0.758}
train: {'epoch': 97, 'eta': 26494.2806, 'loss': 0.0807, 'lr': 0.001, 'params': 1142402, 'time_iter': 12.3248, 'accuracy': 0.9747, 'precision': 0.7997, 'recall': 0.431, 'f1': 0.5601, 'auc': 0.9436}
val: {'epoch': 98, 'loss': 0.1024, 'lr': 0.001, 'params': 1142402, 'time_iter': 1.9565, 'accuracy': 0.9793, 'precision': 0.4286, 'recall': 0.1481, 'f1': 0.2202, 'auc': 0.7932}
train: {'epoch': 98, 'eta': 13245.4369, 'loss': 0.0784, 'lr': 0.001, 'params': 1142402, 'time_iter': 12.7099, 'accuracy': 0.9745, 'precision': 0.7982, 'recall': 0.4269, 'f1': 0.5563, 'auc': 0.9481}
val: {'epoch': 99, 'loss': 0.118, 'lr': 0.001, 'params': 1142402, 'time_iter': 2.0311, 'accuracy': 0.9798, 'precision': 0.4, 'recall': 0.0494, 'f1': 0.0879, 'auc': 0.7721}
train: {'epoch': 99, 'eta': 0.0, 'loss': 0.0777, 'lr': 0.001, 'params': 1142402, 'time_iter': 12.8037, 'accuracy': 0.974, 'precision': 0.7796, 'recall': 0.4278, 'f1': 0.5524, 'auc': 0.9515}
test: {'epoch': 99, 'loss': 0.1787, 'lr': 0.001, 'params': 1142402, 'time_iter': 1.752, 'accuracy': 0.9696, 'precision': 0.7778, 'recall': 0.0538, 'f1': 0.1007, 'auc': 0.7717}
test: {'epoch': 56, 'loss': 0.1396, 'lr': 0.001, 'params': 1142402, 'time_iter': 1.852, 'accuracy': 0.9699, 'precision': 0.5536, 'recall': 0.2385, 'f1': 0.3333, 'auc': 0.783}
Results aggregated across runs saved in results_experiments/ogbg_molhiv_baseline_grid_design/ogbg_molhiv_baseline-type=dilated_gnn-layer_type=eginconv-layers_k1=3-layers_k2=1-dilated_path_join=concat-learn_alpha_residual_connection=False/agg
