GraphGymModule(
  (model): DilatedGNNModel(
    (encoder): FeatureEncoder(
      (node_encoder): AtomEncoder(
        (atom_embedding_list): ModuleList(
          (0): Embedding(119, 300)
          (1): Embedding(4, 300)
          (2): Embedding(12, 300)
          (3): Embedding(12, 300)
          (4): Embedding(10, 300)
          (5): Embedding(6, 300)
          (6): Embedding(6, 300)
          (7): Embedding(2, 300)
          (8): Embedding(2, 300)
        )
      )
      (edge_encoder): BondEncoder(
        (bond_embedding_list): ModuleList(
          (0): Embedding(5, 300)
          (1): Embedding(6, 300)
          (2): Embedding(2, 300)
        )
      )
    )
    (mp): GNNDilatedStage(
      (classic_layers): ModuleList(
        (0): GeneralLayer(
          (layer): EGATConv(
            (model): GATConv(300, 300, heads=1)
          )
          (post_layer): Sequential(
            (0): BatchNorm1d(300, eps=1e-05, momentum=0.1, affine=True, track_running_stats=True)
            (1): Dropout(p=0.5, inplace=False)
            (2): ReLU()
          )
        )
        (1): GeneralLayer(
          (layer): EGATConv(
            (model): GATConv(300, 300, heads=1)
          )
          (post_layer): Sequential(
            (0): BatchNorm1d(300, eps=1e-05, momentum=0.1, affine=True, track_running_stats=True)
            (1): Dropout(p=0.5, inplace=False)
            (2): ReLU()
          )
        )
        (2): GeneralLayer(
          (layer): EGATConv(
            (model): GATConv(300, 300, heads=1)
          )
          (post_layer): Sequential(
            (0): BatchNorm1d(300, eps=1e-05, momentum=0.1, affine=True, track_running_stats=True)
            (1): Dropout(p=0.5, inplace=False)
            (2): ReLU()
          )
        )
      )
      (dilated_layers): ModuleList(
        (0): DilatedGeneralLayer(
          (layer): EGATConv(
            (model): GATConv(300, 300, heads=1)
          )
          (post_layer): Sequential(
            (0): BatchNorm1d(300, eps=1e-05, momentum=0.1, affine=True, track_running_stats=True)
            (1): Dropout(p=0.5, inplace=False)
            (2): ReLU()
          )
          (gem): GeM(p=3.0000, eps=1e-06)
        )
      )
      (act): ReLU()
    )
    (post_mp): GNNGraphHead(
      (layer_post_mp): MLP(
        (model): Sequential(
          (0): Linear(
            (model): Linear(300, 1, bias=True)
          )
        )
      )
    )
  )
)
accelerator: cuda
benchmark: False
bn:
  eps: 1e-05
  mom: 0.1
cfg_dest: config.yaml
custom_metrics: []
dataset:
  cache_load: False
  cache_save: False
  dir: ./datasets
  edge_dim: 300
  edge_encoder: True
  edge_encoder_bn: False
  edge_encoder_name: Bond
  edge_message_ratio: 0.8
  edge_negative_sampling_ratio: 1.0
  edge_train_mode: all
  encoder: True
  encoder_bn: True
  encoder_dim: 128
  encoder_name: db
  fast_loader: False
  format: OGB
  label_column: none
  label_table: none
  location: local
  name: ogbg-molhiv
  node_encoder: True
  node_encoder_bn: False
  node_encoder_name: Atom
  remove_feature: False
  resample_disjoint: False
  resample_negative: False
  shuffle_split: True
  split: [0.8, 0.1, 0.1]
  split_mode: random
  task: graph
  task_type: classification
  to_undirected: False
  transductive: False
  transform: none
  tu_simple: True
devices: 1
gnn:
  act: relu
  act_on_last_layer_mp: False
  agg: none
  att_final_linear: False
  att_final_linear_bn: False
  att_heads: 1
  batchnorm: True
  clear_feature: True
  dilated_path_join: add
  dim_inner: 300
  dropout: 0.5
  head: graph
  keep_edge: 0.5
  l2norm: True
  layer_type: egatconv
  layers_k1: 3
  layers_k2: 1
  layers_mp: 5
  layers_post_mp: 1
  layers_pre_mp: 0
  learn_alpha_residual_connection: False
  msg_direction: single
  normalize_adj: False
  self_msg: concat
  skip_every: 1
  stage_type: stack
  use_edge_features: True
gpu_mem: False
mem:
  inplace: False
metric_agg: argmax
metric_best: auc
model:
  edge_decoding: dot
  graph_pooling: mean
  loss_fun: cross_entropy
  match_upper: True
  size_average: mean
  thresh: 0.5
  type: dilated_gnn
num_threads: 6
num_workers: 16
optim:
  base_lr: 0.001
  lr_decay: 0.1
  max_epoch: 100
  momentum: 0.9
  optimizer: adam
  scheduler: none
  steps: [30, 60, 90]
  weight_decay: 0.0
out_dir: results_experiments/ogbg_molhiv_baseline_grid_design/ogbg_molhiv_baseline-type=dilated_gnn-layer_type=egatconv-layers_k1=3-layers_k2=1-dilated_path_join=add-learn_alpha_residual_connection=False
params: 782102
print: both
round: 4
run_dir: results_experiments/ogbg_molhiv_baseline_grid_design/ogbg_molhiv_baseline-type=dilated_gnn-layer_type=egatconv-layers_k1=3-layers_k2=1-dilated_path_join=add-learn_alpha_residual_connection=False/8
seed: 9
share:
  dim_in: 9
  dim_out: 2
  num_splits: 3
tensorboard_agg: True
tensorboard_each_run: False
train:
  auto_resume: False
  batch_size: 32
  ckpt_clean: True
  ckpt_period: 100
  enable_ckpt: True
  epoch_resume: -1
  eval_period: 1
  iter_per_epoch: 32
  neighbor_sizes: [20, 15, 10, 5]
  node_per_graph: 32
  radius: extend
  sample_node: False
  sampler: full_batch
  skip_train_eval: False
  walk_length: 4
val:
  node_per_graph: 32
  radius: extend
  sample_node: False
  sampler: full_batch
view_emb: False
Num parameters: 782102
val: {'epoch': 0, 'loss': 0.6287, 'lr': 0.001, 'params': 782102, 'time_iter': 1.0603, 'accuracy': 0.9844, 'precision': 0.0, 'recall': 0.0, 'f1': 0.0, 'auc': 0.0476}
val: {'epoch': 0, 'loss': 0.0995, 'lr': 0.001, 'params': 782102, 'time_iter': 2.0899, 'accuracy': 0.9803, 'precision': 0.0, 'recall': 0.0, 'f1': 0.0, 'auc': 0.6439}
train: {'epoch': 0, 'eta': 1626798.8566, 'loss': 0.1766, 'lr': 0.001, 'params': 782102, 'time_iter': 15.9692, 'accuracy': 0.9623, 'precision': 0.0, 'recall': 0.0, 'f1': 0.0, 'auc': 0.5988}
val: {'epoch': 1, 'loss': 0.097, 'lr': 0.001, 'params': 782102, 'time_iter': 2.1034, 'accuracy': 0.9803, 'precision': 0.0, 'recall': 0.0, 'f1': 0.0, 'auc': 0.642}
train: {'epoch': 1, 'eta': 1597728.4972, 'loss': 0.15, 'lr': 0.001, 'params': 782102, 'time_iter': 15.7186, 'accuracy': 0.9626, 'precision': 0.0, 'recall': 0.0, 'f1': 0.0, 'auc': 0.6938}
val: {'epoch': 2, 'loss': 0.0925, 'lr': 0.001, 'params': 782102, 'time_iter': 2.1064, 'accuracy': 0.9803, 'precision': 0.0, 'recall': 0.0, 'f1': 0.0, 'auc': 0.7262}
train: {'epoch': 2, 'eta': 1576423.0761, 'loss': 0.1493, 'lr': 0.001, 'params': 782102, 'time_iter': 15.6935, 'accuracy': 0.9626, 'precision': 0.0, 'recall': 0.0, 'f1': 0.0, 'auc': 0.7009}
val: {'epoch': 3, 'loss': 0.0972, 'lr': 0.001, 'params': 782102, 'time_iter': 1.9729, 'accuracy': 0.9803, 'precision': 0.0, 'recall': 0.0, 'f1': 0.0, 'auc': 0.7044}
train: {'epoch': 3, 'eta': 1563355.0485, 'loss': 0.1481, 'lr': 0.001, 'params': 782102, 'time_iter': 15.9227, 'accuracy': 0.9626, 'precision': 0.0, 'recall': 0.0, 'f1': 0.0, 'auc': 0.7046}
val: {'epoch': 4, 'loss': 0.0898, 'lr': 0.001, 'params': 782102, 'time_iter': 2.0812, 'accuracy': 0.9803, 'precision': 0.0, 'recall': 0.0, 'f1': 0.0, 'auc': 0.7376}
train: {'epoch': 4, 'eta': 1553925.0491, 'loss': 0.1459, 'lr': 0.001, 'params': 782102, 'time_iter': 16.1766, 'accuracy': 0.9626, 'precision': 0.5, 'recall': 0.0008, 'f1': 0.0016, 'auc': 0.7185}
val: {'epoch': 5, 'loss': 0.1006, 'lr': 0.001, 'params': 782102, 'time_iter': 2.3109, 'accuracy': 0.9803, 'precision': 0.0, 'recall': 0.0, 'f1': 0.0, 'auc': 0.7233}
train: {'epoch': 5, 'eta': 1534312.7427, 'loss': 0.1458, 'lr': 0.001, 'params': 782102, 'time_iter': 15.6942, 'accuracy': 0.9624, 'precision': 0.2, 'recall': 0.0016, 'f1': 0.0032, 'auc': 0.7189}
val: {'epoch': 6, 'loss': 0.0942, 'lr': 0.001, 'params': 782102, 'time_iter': 2.0031, 'accuracy': 0.9803, 'precision': 0.0, 'recall': 0.0, 'f1': 0.0, 'auc': 0.742}
train: {'epoch': 6, 'eta': 1519811.6686, 'loss': 0.1463, 'lr': 0.001, 'params': 782102, 'time_iter': 15.9957, 'accuracy': 0.9625, 'precision': 0.3333, 'recall': 0.0016, 'f1': 0.0032, 'auc': 0.7043}
val: {'epoch': 7, 'loss': 0.1004, 'lr': 0.001, 'params': 782102, 'time_iter': 2.1637, 'accuracy': 0.9803, 'precision': 0.0, 'recall': 0.0, 'f1': 0.0, 'auc': 0.7318}
train: {'epoch': 7, 'eta': 1502613.543, 'loss': 0.1425, 'lr': 0.001, 'params': 782102, 'time_iter': 15.8092, 'accuracy': 0.9625, 'precision': 0.4737, 'recall': 0.0073, 'f1': 0.0144, 'auc': 0.7199}
val: {'epoch': 8, 'loss': 0.1, 'lr': 0.001, 'params': 782102, 'time_iter': 2.2148, 'accuracy': 0.9798, 'precision': 0.0, 'recall': 0.0, 'f1': 0.0, 'auc': 0.7413}
train: {'epoch': 8, 'eta': 1485749.6309, 'loss': 0.1424, 'lr': 0.001, 'params': 782102, 'time_iter': 15.8214, 'accuracy': 0.9623, 'precision': 0.3871, 'recall': 0.0097, 'f1': 0.019, 'auc': 0.7241}
val: {'epoch': 9, 'loss': 0.0989, 'lr': 0.001, 'params': 782102, 'time_iter': 2.1092, 'accuracy': 0.9801, 'precision': 0.0, 'recall': 0.0, 'f1': 0.0, 'auc': 0.7429}
train: {'epoch': 9, 'eta': 1468660.4424, 'loss': 0.1423, 'lr': 0.001, 'params': 782102, 'time_iter': 15.7845, 'accuracy': 0.9623, 'precision': 0.3529, 'recall': 0.0097, 'f1': 0.019, 'auc': 0.731}
val: {'epoch': 10, 'loss': 0.1058, 'lr': 0.001, 'params': 782102, 'time_iter': 2.0306, 'accuracy': 0.9803, 'precision': 0.0, 'recall': 0.0, 'f1': 0.0, 'auc': 0.7641}
train: {'epoch': 10, 'eta': 1453381.7823, 'loss': 0.1416, 'lr': 0.001, 'params': 782102, 'time_iter': 15.9834, 'accuracy': 0.9624, 'precision': 0.4211, 'recall': 0.013, 'f1': 0.0252, 'auc': 0.7317}
val: {'epoch': 11, 'loss': 0.1232, 'lr': 0.001, 'params': 782102, 'time_iter': 2.1931, 'accuracy': 0.9798, 'precision': 0.0, 'recall': 0.0, 'f1': 0.0, 'auc': 0.6713}
train: {'epoch': 11, 'eta': 1435558.2935, 'loss': 0.1422, 'lr': 0.001, 'params': 782102, 'time_iter': 15.672, 'accuracy': 0.9623, 'precision': 0.3684, 'recall': 0.0114, 'f1': 0.022, 'auc': 0.7263}
val: {'epoch': 12, 'loss': 0.1008, 'lr': 0.001, 'params': 782102, 'time_iter': 2.0958, 'accuracy': 0.9805, 'precision': 0.6, 'recall': 0.037, 'f1': 0.0698, 'auc': 0.7393}
train: {'epoch': 12, 'eta': 1418305.0739, 'loss': 0.14, 'lr': 0.001, 'params': 782102, 'time_iter': 15.7169, 'accuracy': 0.9626, 'precision': 0.5254, 'recall': 0.0252, 'f1': 0.048, 'auc': 0.739}
val: {'epoch': 13, 'loss': 0.1074, 'lr': 0.001, 'params': 782102, 'time_iter': 2.0617, 'accuracy': 0.9808, 'precision': 0.625, 'recall': 0.0617, 'f1': 0.1124, 'auc': 0.6968}
train: {'epoch': 13, 'eta': 1400856.1079, 'loss': 0.1378, 'lr': 0.001, 'params': 782102, 'time_iter': 15.6615, 'accuracy': 0.9624, 'precision': 0.4615, 'recall': 0.0292, 'f1': 0.055, 'auc': 0.75}
val: {'epoch': 14, 'loss': 0.0997, 'lr': 0.001, 'params': 782102, 'time_iter': 2.2101, 'accuracy': 0.9805, 'precision': 0.6667, 'recall': 0.0247, 'f1': 0.0476, 'auc': 0.7557}
train: {'epoch': 14, 'eta': 1383580.522, 'loss': 0.1368, 'lr': 0.001, 'params': 782102, 'time_iter': 15.6608, 'accuracy': 0.9628, 'precision': 0.5429, 'recall': 0.0463, 'f1': 0.0853, 'auc': 0.7539}
val: {'epoch': 15, 'loss': 0.104, 'lr': 0.001, 'params': 782102, 'time_iter': 2.0229, 'accuracy': 0.9801, 'precision': 0.0, 'recall': 0.0, 'f1': 0.0, 'auc': 0.729}
train: {'epoch': 15, 'eta': 1370815.5017, 'loss': 0.1373, 'lr': 0.001, 'params': 782102, 'time_iter': 16.4688, 'accuracy': 0.963, 'precision': 0.5603, 'recall': 0.0528, 'f1': 0.0964, 'auc': 0.7507}
val: {'epoch': 16, 'loss': 0.11, 'lr': 0.001, 'params': 782102, 'time_iter': 2.0835, 'accuracy': 0.9803, 'precision': 0.0, 'recall': 0.0, 'f1': 0.0, 'auc': 0.7821}
train: {'epoch': 16, 'eta': 1356437.6125, 'loss': 0.134, 'lr': 0.001, 'params': 782102, 'time_iter': 16.2457, 'accuracy': 0.9633, 'precision': 0.5789, 'recall': 0.0714, 'f1': 0.1272, 'auc': 0.7687}
val: {'epoch': 17, 'loss': 0.1006, 'lr': 0.001, 'params': 782102, 'time_iter': 2.4693, 'accuracy': 0.9813, 'precision': 0.75, 'recall': 0.0741, 'f1': 0.1348, 'auc': 0.7511}
train: {'epoch': 17, 'eta': 1340051.4741, 'loss': 0.1397, 'lr': 0.001, 'params': 782102, 'time_iter': 15.8728, 'accuracy': 0.9629, 'precision': 0.5426, 'recall': 0.0568, 'f1': 0.1029, 'auc': 0.7324}
val: {'epoch': 18, 'loss': 0.098, 'lr': 0.001, 'params': 782102, 'time_iter': 2.0801, 'accuracy': 0.9813, 'precision': 0.7, 'recall': 0.0864, 'f1': 0.1538, 'auc': 0.7465}
train: {'epoch': 18, 'eta': 1323504.9778, 'loss': 0.1389, 'lr': 0.001, 'params': 782102, 'time_iter': 15.8349, 'accuracy': 0.9627, 'precision': 0.5243, 'recall': 0.0438, 'f1': 0.0809, 'auc': 0.7459}
val: {'epoch': 19, 'loss': 0.1063, 'lr': 0.001, 'params': 782102, 'time_iter': 2.0544, 'accuracy': 0.9808, 'precision': 1.0, 'recall': 0.0247, 'f1': 0.0482, 'auc': 0.6125}
train: {'epoch': 19, 'eta': 1305753.2309, 'loss': 0.1383, 'lr': 0.001, 'params': 782102, 'time_iter': 15.536, 'accuracy': 0.9626, 'precision': 0.5068, 'recall': 0.0601, 'f1': 0.1074, 'auc': 0.7455}
val: {'epoch': 20, 'loss': 0.1015, 'lr': 0.001, 'params': 782102, 'time_iter': 2.2659, 'accuracy': 0.9803, 'precision': 0.0, 'recall': 0.0, 'f1': 0.0, 'auc': 0.6605}
train: {'epoch': 20, 'eta': 1288598.9234, 'loss': 0.1357, 'lr': 0.001, 'params': 782102, 'time_iter': 15.6469, 'accuracy': 0.963, 'precision': 0.5422, 'recall': 0.0731, 'f1': 0.1288, 'auc': 0.7518}
val: {'epoch': 21, 'loss': 0.1036, 'lr': 0.001, 'params': 782102, 'time_iter': 2.0163, 'accuracy': 0.9801, 'precision': 0.0, 'recall': 0.0, 'f1': 0.0, 'auc': 0.7397}
train: {'epoch': 21, 'eta': 1271057.5041, 'loss': 0.1354, 'lr': 0.001, 'params': 782102, 'time_iter': 15.5145, 'accuracy': 0.9633, 'precision': 0.5796, 'recall': 0.0739, 'f1': 0.131, 'auc': 0.7521}
val: {'epoch': 22, 'loss': 0.0991, 'lr': 0.001, 'params': 782102, 'time_iter': 2.0659, 'accuracy': 0.9803, 'precision': 0.5, 'recall': 0.0247, 'f1': 0.0471, 'auc': 0.7601}
train: {'epoch': 22, 'eta': 1254929.9607, 'loss': 0.1348, 'lr': 0.001, 'params': 782102, 'time_iter': 15.8851, 'accuracy': 0.9636, 'precision': 0.619, 'recall': 0.0739, 'f1': 0.132, 'auc': 0.7543}
val: {'epoch': 23, 'loss': 0.12, 'lr': 0.001, 'params': 782102, 'time_iter': 2.4036, 'accuracy': 0.9805, 'precision': 1.0, 'recall': 0.0123, 'f1': 0.0244, 'auc': 0.6733}
train: {'epoch': 23, 'eta': 1237230.0762, 'loss': 0.1352, 'lr': 0.001, 'params': 782102, 'time_iter': 15.4082, 'accuracy': 0.9632, 'precision': 0.551, 'recall': 0.0877, 'f1': 0.1513, 'auc': 0.7537}
val: {'epoch': 24, 'loss': 0.1225, 'lr': 0.001, 'params': 782102, 'time_iter': 2.0558, 'accuracy': 0.9803, 'precision': 0.0, 'recall': 0.0, 'f1': 0.0, 'auc': 0.7548}
train: {'epoch': 24, 'eta': 1220435.2591, 'loss': 0.1343, 'lr': 0.001, 'params': 782102, 'time_iter': 15.6536, 'accuracy': 0.9627, 'precision': 0.5169, 'recall': 0.0747, 'f1': 0.1305, 'auc': 0.7666}
val: {'epoch': 25, 'loss': 0.1222, 'lr': 0.001, 'params': 782102, 'time_iter': 2.1151, 'accuracy': 0.9801, 'precision': 0.0, 'recall': 0.0, 'f1': 0.0, 'auc': 0.7344}
train: {'epoch': 25, 'eta': 1203607.0367, 'loss': 0.1328, 'lr': 0.001, 'params': 782102, 'time_iter': 15.6241, 'accuracy': 0.9633, 'precision': 0.569, 'recall': 0.0804, 'f1': 0.1408, 'auc': 0.7719}
val: {'epoch': 26, 'loss': 0.1153, 'lr': 0.001, 'params': 782102, 'time_iter': 2.1915, 'accuracy': 0.9805, 'precision': 0.6667, 'recall': 0.0247, 'f1': 0.0476, 'auc': 0.7487}
train: {'epoch': 26, 'eta': 1186461.5978, 'loss': 0.1347, 'lr': 0.001, 'params': 782102, 'time_iter': 15.4901, 'accuracy': 0.9633, 'precision': 0.5732, 'recall': 0.0763, 'f1': 0.1347, 'auc': 0.7591}
val: {'epoch': 27, 'loss': 0.1122, 'lr': 0.001, 'params': 782102, 'time_iter': 2.0375, 'accuracy': 0.9801, 'precision': 0.0, 'recall': 0.0, 'f1': 0.0, 'auc': 0.7284}
train: {'epoch': 27, 'eta': 1169374.3913, 'loss': 0.1361, 'lr': 0.001, 'params': 782102, 'time_iter': 15.4795, 'accuracy': 0.9629, 'precision': 0.54, 'recall': 0.0657, 'f1': 0.1172, 'auc': 0.7592}
val: {'epoch': 28, 'loss': 0.114, 'lr': 0.001, 'params': 782102, 'time_iter': 2.0507, 'accuracy': 0.9801, 'precision': 0.0, 'recall': 0.0, 'f1': 0.0, 'auc': 0.7229}
train: {'epoch': 28, 'eta': 1152807.4586, 'loss': 0.1348, 'lr': 0.001, 'params': 782102, 'time_iter': 15.6543, 'accuracy': 0.9635, 'precision': 0.6067, 'recall': 0.0739, 'f1': 0.1317, 'auc': 0.7596}
val: {'epoch': 29, 'loss': 0.1126, 'lr': 0.001, 'params': 782102, 'time_iter': 2.3288, 'accuracy': 0.9805, 'precision': 1.0, 'recall': 0.0123, 'f1': 0.0244, 'auc': 0.7293}
train: {'epoch': 29, 'eta': 1136417.7275, 'loss': 0.1341, 'lr': 0.001, 'params': 782102, 'time_iter': 15.7154, 'accuracy': 0.9633, 'precision': 0.5628, 'recall': 0.0836, 'f1': 0.1456, 'auc': 0.7599}
val: {'epoch': 30, 'loss': 0.1089, 'lr': 0.001, 'params': 782102, 'time_iter': 2.1118, 'accuracy': 0.9805, 'precision': 1.0, 'recall': 0.0123, 'f1': 0.0244, 'auc': 0.7065}
train: {'epoch': 30, 'eta': 1120472.882, 'loss': 0.1317, 'lr': 0.001, 'params': 782102, 'time_iter': 15.9035, 'accuracy': 0.9638, 'precision': 0.5935, 'recall': 0.1031, 'f1': 0.1757, 'auc': 0.7737}
val: {'epoch': 31, 'loss': 0.1155, 'lr': 0.001, 'params': 782102, 'time_iter': 1.9562, 'accuracy': 0.9803, 'precision': 0.0, 'recall': 0.0, 'f1': 0.0, 'auc': 0.7323}
train: {'epoch': 31, 'eta': 1103791.4927, 'loss': 0.1302, 'lr': 0.001, 'params': 782102, 'time_iter': 15.5786, 'accuracy': 0.9641, 'precision': 0.6398, 'recall': 0.0966, 'f1': 0.1678, 'auc': 0.7771}
val: {'epoch': 32, 'loss': 0.1198, 'lr': 0.001, 'params': 782102, 'time_iter': 2.3677, 'accuracy': 0.9801, 'precision': 0.0, 'recall': 0.0, 'f1': 0.0, 'auc': 0.7614}
train: {'epoch': 32, 'eta': 1087349.3673, 'loss': 0.1307, 'lr': 0.001, 'params': 782102, 'time_iter': 15.6743, 'accuracy': 0.9639, 'precision': 0.6087, 'recall': 0.1023, 'f1': 0.1751, 'auc': 0.7762}
val: {'epoch': 33, 'loss': 0.1273, 'lr': 0.001, 'params': 782102, 'time_iter': 2.03, 'accuracy': 0.9803, 'precision': 0.0, 'recall': 0.0, 'f1': 0.0, 'auc': 0.7684}
train: {'epoch': 33, 'eta': 1070929.3247, 'loss': 0.1308, 'lr': 0.001, 'params': 782102, 'time_iter': 15.6761, 'accuracy': 0.9637, 'precision': 0.5853, 'recall': 0.1031, 'f1': 0.1753, 'auc': 0.7772}
val: {'epoch': 34, 'loss': 0.1261, 'lr': 0.001, 'params': 782102, 'time_iter': 2.0851, 'accuracy': 0.9803, 'precision': 0.0, 'recall': 0.0, 'f1': 0.0, 'auc': 0.7419}
train: {'epoch': 34, 'eta': 1053702.2232, 'loss': 0.1289, 'lr': 0.001, 'params': 782102, 'time_iter': 15.2451, 'accuracy': 0.9644, 'precision': 0.624, 'recall': 0.1226, 'f1': 0.2049, 'auc': 0.7814}
val: {'epoch': 35, 'loss': 0.1293, 'lr': 0.001, 'params': 782102, 'time_iter': 2.2912, 'accuracy': 0.9805, 'precision': 0.6667, 'recall': 0.0247, 'f1': 0.0476, 'auc': 0.7497}
train: {'epoch': 35, 'eta': 1037621.9571, 'loss': 0.1283, 'lr': 0.001, 'params': 782102, 'time_iter': 15.8253, 'accuracy': 0.9643, 'precision': 0.6214, 'recall': 0.1226, 'f1': 0.2047, 'auc': 0.7879}
val: {'epoch': 36, 'loss': 0.1273, 'lr': 0.001, 'params': 782102, 'time_iter': 2.1003, 'accuracy': 0.981, 'precision': 1.0, 'recall': 0.037, 'f1': 0.0714, 'auc': 0.7762}
train: {'epoch': 36, 'eta': 1021243.9792, 'loss': 0.1269, 'lr': 0.001, 'params': 782102, 'time_iter': 15.6617, 'accuracy': 0.9644, 'precision': 0.6055, 'recall': 0.142, 'f1': 0.2301, 'auc': 0.7916}
val: {'epoch': 37, 'loss': 0.1293, 'lr': 0.001, 'params': 782102, 'time_iter': 2.1298, 'accuracy': 0.9808, 'precision': 1.0, 'recall': 0.0247, 'f1': 0.0482, 'auc': 0.7353}
train: {'epoch': 37, 'eta': 1005174.1072, 'loss': 0.1281, 'lr': 0.001, 'params': 782102, 'time_iter': 15.837, 'accuracy': 0.9639, 'precision': 0.5917, 'recall': 0.1153, 'f1': 0.1929, 'auc': 0.7894}
val: {'epoch': 38, 'loss': 0.1335, 'lr': 0.001, 'params': 782102, 'time_iter': 2.3511, 'accuracy': 0.9803, 'precision': 0.0, 'recall': 0.0, 'f1': 0.0, 'auc': 0.745}
train: {'epoch': 38, 'eta': 988229.6882, 'loss': 0.1277, 'lr': 0.001, 'params': 782102, 'time_iter': 15.3008, 'accuracy': 0.9639, 'precision': 0.5801, 'recall': 0.1323, 'f1': 0.2155, 'auc': 0.7922}
val: {'epoch': 39, 'loss': 0.1338, 'lr': 0.001, 'params': 782102, 'time_iter': 2.0919, 'accuracy': 0.9803, 'precision': 0.0, 'recall': 0.0, 'f1': 0.0, 'auc': 0.7543}
train: {'epoch': 39, 'eta': 971788.5794, 'loss': 0.1273, 'lr': 0.001, 'params': 782102, 'time_iter': 15.588, 'accuracy': 0.9646, 'precision': 0.6375, 'recall': 0.1242, 'f1': 0.2079, 'auc': 0.7876}
val: {'epoch': 40, 'loss': 0.1319, 'lr': 0.001, 'params': 782102, 'time_iter': 2.0612, 'accuracy': 0.9808, 'precision': 1.0, 'recall': 0.0247, 'f1': 0.0482, 'auc': 0.7351}
train: {'epoch': 40, 'eta': 955313.1113, 'loss': 0.1265, 'lr': 0.001, 'params': 782102, 'time_iter': 15.5516, 'accuracy': 0.9645, 'precision': 0.629, 'recall': 0.1266, 'f1': 0.2108, 'auc': 0.7975}
val: {'epoch': 41, 'loss': 0.1283, 'lr': 0.001, 'params': 782102, 'time_iter': 2.1586, 'accuracy': 0.9798, 'precision': 0.0, 'recall': 0.0, 'f1': 0.0, 'auc': 0.7338}
train: {'epoch': 41, 'eta': 938764.1292, 'loss': 0.1285, 'lr': 0.001, 'params': 782102, 'time_iter': 15.484, 'accuracy': 0.9639, 'precision': 0.5878, 'recall': 0.1169, 'f1': 0.195, 'auc': 0.7853}
val: {'epoch': 42, 'loss': 0.1257, 'lr': 0.001, 'params': 782102, 'time_iter': 2.0237, 'accuracy': 0.9805, 'precision': 1.0, 'recall': 0.0123, 'f1': 0.0244, 'auc': 0.7511}
train: {'epoch': 42, 'eta': 922180.44, 'loss': 0.1347, 'lr': 0.001, 'params': 782102, 'time_iter': 15.4376, 'accuracy': 0.9633, 'precision': 0.5767, 'recall': 0.0763, 'f1': 0.1348, 'auc': 0.7639}
val: {'epoch': 43, 'loss': 0.132, 'lr': 0.001, 'params': 782102, 'time_iter': 2.0932, 'accuracy': 0.9803, 'precision': 0.0, 'recall': 0.0, 'f1': 0.0, 'auc': 0.7575}
train: {'epoch': 43, 'eta': 905771.2563, 'loss': 0.1311, 'lr': 0.001, 'params': 782102, 'time_iter': 15.5466, 'accuracy': 0.9638, 'precision': 0.6108, 'recall': 0.0917, 'f1': 0.1595, 'auc': 0.7815}
val: {'epoch': 44, 'loss': 0.1364, 'lr': 0.001, 'params': 782102, 'time_iter': 2.0902, 'accuracy': 0.9803, 'precision': 0.0, 'recall': 0.0, 'f1': 0.0, 'auc': 0.7344}
train: {'epoch': 44, 'eta': 889796.1121, 'loss': 0.1292, 'lr': 0.001, 'params': 782102, 'time_iter': 15.8771, 'accuracy': 0.9638, 'precision': 0.5877, 'recall': 0.1088, 'f1': 0.1836, 'auc': 0.7854}
val: {'epoch': 45, 'loss': 0.1327, 'lr': 0.001, 'params': 782102, 'time_iter': 2.122, 'accuracy': 0.9803, 'precision': 0.0, 'recall': 0.0, 'f1': 0.0, 'auc': 0.7238}
train: {'epoch': 45, 'eta': 873641.2732, 'loss': 0.1289, 'lr': 0.001, 'params': 782102, 'time_iter': 15.7414, 'accuracy': 0.9647, 'precision': 0.6524, 'recall': 0.1234, 'f1': 0.2075, 'auc': 0.7847}
val: {'epoch': 46, 'loss': 0.1399, 'lr': 0.001, 'params': 782102, 'time_iter': 2.0449, 'accuracy': 0.9805, 'precision': 1.0, 'recall': 0.0123, 'f1': 0.0244, 'auc': 0.7215}
train: {'epoch': 46, 'eta': 857449.2404, 'loss': 0.1293, 'lr': 0.001, 'params': 782102, 'time_iter': 15.711, 'accuracy': 0.9651, 'precision': 0.6751, 'recall': 0.1299, 'f1': 0.2178, 'auc': 0.7833}
val: {'epoch': 47, 'loss': 0.1399, 'lr': 0.001, 'params': 782102, 'time_iter': 2.2443, 'accuracy': 0.9803, 'precision': 0.0, 'recall': 0.0, 'f1': 0.0, 'auc': 0.7508}
train: {'epoch': 47, 'eta': 841405.6646, 'loss': 0.1315, 'lr': 0.001, 'params': 782102, 'time_iter': 15.8432, 'accuracy': 0.9641, 'precision': 0.6269, 'recall': 0.1023, 'f1': 0.1759, 'auc': 0.7752}
val: {'epoch': 48, 'loss': 0.1385, 'lr': 0.001, 'params': 782102, 'time_iter': 2.0669, 'accuracy': 0.9803, 'precision': 0.0, 'recall': 0.0, 'f1': 0.0, 'auc': 0.7473}
train: {'epoch': 48, 'eta': 825254.723, 'loss': 0.1318, 'lr': 0.001, 'params': 782102, 'time_iter': 15.7528, 'accuracy': 0.9648, 'precision': 0.6866, 'recall': 0.112, 'f1': 0.1926, 'auc': 0.7674}
val: {'epoch': 49, 'loss': 0.1433, 'lr': 0.001, 'params': 782102, 'time_iter': 2.1181, 'accuracy': 0.9803, 'precision': 0.0, 'recall': 0.0, 'f1': 0.0, 'auc': 0.7296}
train: {'epoch': 49, 'eta': 809010.6777, 'loss': 0.131, 'lr': 0.001, 'params': 782102, 'time_iter': 15.6646, 'accuracy': 0.9649, 'precision': 0.7151, 'recall': 0.1039, 'f1': 0.1814, 'auc': 0.7649}
val: {'epoch': 50, 'loss': 0.1462, 'lr': 0.001, 'params': 782102, 'time_iter': 2.2728, 'accuracy': 0.9803, 'precision': 0.0, 'recall': 0.0, 'f1': 0.0, 'auc': 0.7087}
train: {'epoch': 50, 'eta': 792816.2385, 'loss': 0.1288, 'lr': 0.001, 'params': 782102, 'time_iter': 15.7098, 'accuracy': 0.9649, 'precision': 0.6611, 'recall': 0.1282, 'f1': 0.2148, 'auc': 0.787}
val: {'epoch': 51, 'loss': 0.1425, 'lr': 0.001, 'params': 782102, 'time_iter': 2.0427, 'accuracy': 0.9803, 'precision': 0.0, 'recall': 0.0, 'f1': 0.0, 'auc': 0.741}
train: {'epoch': 51, 'eta': 776706.0962, 'loss': 0.1287, 'lr': 0.001, 'params': 782102, 'time_iter': 15.7974, 'accuracy': 0.9645, 'precision': 0.6498, 'recall': 0.1144, 'f1': 0.1946, 'auc': 0.7836}
val: {'epoch': 52, 'loss': 0.1398, 'lr': 0.001, 'params': 782102, 'time_iter': 2.1131, 'accuracy': 0.9803, 'precision': 0.0, 'recall': 0.0, 'f1': 0.0, 'auc': 0.7082}
train: {'epoch': 52, 'eta': 760608.4232, 'loss': 0.1277, 'lr': 0.001, 'params': 782102, 'time_iter': 15.8171, 'accuracy': 0.965, 'precision': 0.6866, 'recall': 0.1209, 'f1': 0.2057, 'auc': 0.7843}
val: {'epoch': 53, 'loss': 0.1417, 'lr': 0.001, 'params': 782102, 'time_iter': 2.1878, 'accuracy': 0.9803, 'precision': 0.0, 'recall': 0.0, 'f1': 0.0, 'auc': 0.7044}
train: {'epoch': 53, 'eta': 744116.7757, 'loss': 0.1269, 'lr': 0.001, 'params': 782102, 'time_iter': 15.3751, 'accuracy': 0.9654, 'precision': 0.6783, 'recall': 0.142, 'f1': 0.2349, 'auc': 0.7876}
val: {'epoch': 54, 'loss': 0.1416, 'lr': 0.001, 'params': 782102, 'time_iter': 3.4155, 'accuracy': 0.9803, 'precision': 0.0, 'recall': 0.0, 'f1': 0.0, 'auc': 0.7105}
train: {'epoch': 54, 'eta': 727696.9202, 'loss': 0.1296, 'lr': 0.001, 'params': 782102, 'time_iter': 15.4314, 'accuracy': 0.9648, 'precision': 0.6594, 'recall': 0.1226, 'f1': 0.2067, 'auc': 0.7826}
val: {'epoch': 55, 'loss': 0.1423, 'lr': 0.001, 'params': 782102, 'time_iter': 2.0777, 'accuracy': 0.9803, 'precision': 0.0, 'recall': 0.0, 'f1': 0.0, 'auc': 0.7392}
train: {'epoch': 55, 'eta': 711369.5761, 'loss': 0.1286, 'lr': 0.001, 'params': 782102, 'time_iter': 15.522, 'accuracy': 0.9653, 'precision': 0.692, 'recall': 0.1331, 'f1': 0.2233, 'auc': 0.7865}
val: {'epoch': 56, 'loss': 0.1441, 'lr': 0.001, 'params': 782102, 'time_iter': 2.0859, 'accuracy': 0.9803, 'precision': 0.0, 'recall': 0.0, 'f1': 0.0, 'auc': 0.7533}
train: {'epoch': 56, 'eta': 695026.1994, 'loss': 0.1278, 'lr': 0.001, 'params': 782102, 'time_iter': 15.4853, 'accuracy': 0.9653, 'precision': 0.694, 'recall': 0.1307, 'f1': 0.2199, 'auc': 0.7851}
val: {'epoch': 57, 'loss': 0.1377, 'lr': 0.001, 'params': 782102, 'time_iter': 2.448, 'accuracy': 0.9803, 'precision': 0.0, 'recall': 0.0, 'f1': 0.0, 'auc': 0.7351}
train: {'epoch': 57, 'eta': 678451.7756, 'loss': 0.1265, 'lr': 0.001, 'params': 782102, 'time_iter': 15.1563, 'accuracy': 0.9657, 'precision': 0.6917, 'recall': 0.1494, 'f1': 0.2457, 'auc': 0.7866}
val: {'epoch': 58, 'loss': 0.1388, 'lr': 0.001, 'params': 782102, 'time_iter': 2.0625, 'accuracy': 0.9803, 'precision': 0.0, 'recall': 0.0, 'f1': 0.0, 'auc': 0.7224}
train: {'epoch': 58, 'eta': 662210.9417, 'loss': 0.1289, 'lr': 0.001, 'params': 782102, 'time_iter': 15.5764, 'accuracy': 0.965, 'precision': 0.6849, 'recall': 0.1218, 'f1': 0.2068, 'auc': 0.7808}
val: {'epoch': 59, 'loss': 0.1424, 'lr': 0.001, 'params': 782102, 'time_iter': 2.1299, 'accuracy': 0.9803, 'precision': 0.0, 'recall': 0.0, 'f1': 0.0, 'auc': 0.7313}
train: {'epoch': 59, 'eta': 645921.6054, 'loss': 0.1253, 'lr': 0.001, 'params': 782102, 'time_iter': 15.4953, 'accuracy': 0.9651, 'precision': 0.65, 'recall': 0.1477, 'f1': 0.2407, 'auc': 0.7955}
val: {'epoch': 60, 'loss': 0.1452, 'lr': 0.001, 'params': 782102, 'time_iter': 2.391, 'accuracy': 0.9803, 'precision': 0.0, 'recall': 0.0, 'f1': 0.0, 'auc': 0.726}
train: {'epoch': 60, 'eta': 629853.3516, 'loss': 0.1256, 'lr': 0.001, 'params': 782102, 'time_iter': 15.8142, 'accuracy': 0.9653, 'precision': 0.6744, 'recall': 0.1412, 'f1': 0.2336, 'auc': 0.7959}
val: {'epoch': 61, 'loss': 0.1487, 'lr': 0.001, 'params': 782102, 'time_iter': 2.1117, 'accuracy': 0.9803, 'precision': 0.0, 'recall': 0.0, 'f1': 0.0, 'auc': 0.7407}
train: {'epoch': 61, 'eta': 613801.0283, 'loss': 0.1232, 'lr': 0.001, 'params': 782102, 'time_iter': 15.8499, 'accuracy': 0.9661, 'precision': 0.7, 'recall': 0.1648, 'f1': 0.2668, 'auc': 0.8033}
val: {'epoch': 62, 'loss': 0.1512, 'lr': 0.001, 'params': 782102, 'time_iter': 2.1389, 'accuracy': 0.9803, 'precision': 0.0, 'recall': 0.0, 'f1': 0.0, 'auc': 0.7028}
train: {'epoch': 62, 'eta': 597657.7526, 'loss': 0.124, 'lr': 0.001, 'params': 782102, 'time_iter': 15.713, 'accuracy': 0.9656, 'precision': 0.6613, 'recall': 0.1664, 'f1': 0.2659, 'auc': 0.8033}
val: {'epoch': 63, 'loss': 0.1508, 'lr': 0.001, 'params': 782102, 'time_iter': 2.3081, 'accuracy': 0.9803, 'precision': 0.0, 'recall': 0.0, 'f1': 0.0, 'auc': 0.7139}
train: {'epoch': 63, 'eta': 581399.9597, 'loss': 0.1245, 'lr': 0.001, 'params': 782102, 'time_iter': 15.5165, 'accuracy': 0.9665, 'precision': 0.7425, 'recall': 0.1615, 'f1': 0.2653, 'auc': 0.7974}
val: {'epoch': 64, 'loss': 0.1493, 'lr': 0.001, 'params': 782102, 'time_iter': 2.0562, 'accuracy': 0.9803, 'precision': 0.0, 'recall': 0.0, 'f1': 0.0, 'auc': 0.675}
train: {'epoch': 64, 'eta': 565559.5325, 'loss': 0.1273, 'lr': 0.001, 'params': 782102, 'time_iter': 16.2536, 'accuracy': 0.9654, 'precision': 0.6768, 'recall': 0.1445, 'f1': 0.2381, 'auc': 0.7867}
val: {'epoch': 65, 'loss': 0.1545, 'lr': 0.001, 'params': 782102, 'time_iter': 2.1429, 'accuracy': 0.9803, 'precision': 0.0, 'recall': 0.0, 'f1': 0.0, 'auc': 0.7117}
train: {'epoch': 65, 'eta': 549150.6032, 'loss': 0.1267, 'lr': 0.001, 'params': 782102, 'time_iter': 15.2317, 'accuracy': 0.9654, 'precision': 0.6926, 'recall': 0.1372, 'f1': 0.229, 'auc': 0.7924}
val: {'epoch': 66, 'loss': 0.1549, 'lr': 0.001, 'params': 782102, 'time_iter': 2.3834, 'accuracy': 0.9803, 'precision': 0.0, 'recall': 0.0, 'f1': 0.0, 'auc': 0.6845}
train: {'epoch': 66, 'eta': 532859.1186, 'loss': 0.126, 'lr': 0.001, 'params': 782102, 'time_iter': 15.4201, 'accuracy': 0.9655, 'precision': 0.6751, 'recall': 0.1518, 'f1': 0.2478, 'auc': 0.7962}
val: {'epoch': 67, 'loss': 0.1572, 'lr': 0.001, 'params': 782102, 'time_iter': 2.0935, 'accuracy': 0.9803, 'precision': 0.0, 'recall': 0.0, 'f1': 0.0, 'auc': 0.66}
train: {'epoch': 67, 'eta': 516767.1409, 'loss': 0.1255, 'lr': 0.001, 'params': 782102, 'time_iter': 15.8063, 'accuracy': 0.9654, 'precision': 0.6667, 'recall': 0.1494, 'f1': 0.244, 'auc': 0.7988}
val: {'epoch': 68, 'loss': 0.1476, 'lr': 0.001, 'params': 782102, 'time_iter': 2.0581, 'accuracy': 0.9803, 'precision': 0.0, 'recall': 0.0, 'f1': 0.0, 'auc': 0.6885}
train: {'epoch': 68, 'eta': 500609.0388, 'loss': 0.1253, 'lr': 0.001, 'params': 782102, 'time_iter': 15.6741, 'accuracy': 0.9656, 'precision': 0.6762, 'recall': 0.1542, 'f1': 0.2512, 'auc': 0.7963}
val: {'epoch': 69, 'loss': 0.1485, 'lr': 0.001, 'params': 782102, 'time_iter': 2.3493, 'accuracy': 0.9803, 'precision': 0.0, 'recall': 0.0, 'f1': 0.0, 'auc': 0.6682}
train: {'epoch': 69, 'eta': 484271.0635, 'loss': 0.1248, 'lr': 0.001, 'params': 782102, 'time_iter': 15.2643, 'accuracy': 0.9661, 'precision': 0.7049, 'recall': 0.1648, 'f1': 0.2671, 'auc': 0.7948}
val: {'epoch': 70, 'loss': 0.1479, 'lr': 0.001, 'params': 782102, 'time_iter': 2.0524, 'accuracy': 0.9803, 'precision': 0.0, 'recall': 0.0, 'f1': 0.0, 'auc': 0.7074}
train: {'epoch': 70, 'eta': 468168.6803, 'loss': 0.1224, 'lr': 0.001, 'params': 782102, 'time_iter': 15.7826, 'accuracy': 0.9664, 'precision': 0.7162, 'recall': 0.1721, 'f1': 0.2775, 'auc': 0.8045}
val: {'epoch': 71, 'loss': 0.1493, 'lr': 0.001, 'params': 782102, 'time_iter': 2.1646, 'accuracy': 0.9803, 'precision': 0.0, 'recall': 0.0, 'f1': 0.0, 'auc': 0.6637}
train: {'epoch': 71, 'eta': 451975.8044, 'loss': 0.1241, 'lr': 0.001, 'params': 782102, 'time_iter': 15.566, 'accuracy': 0.966, 'precision': 0.7, 'recall': 0.1591, 'f1': 0.2593, 'auc': 0.7989}
val: {'epoch': 72, 'loss': 0.1516, 'lr': 0.001, 'params': 782102, 'time_iter': 2.2468, 'accuracy': 0.9803, 'precision': 0.0, 'recall': 0.0, 'f1': 0.0, 'auc': 0.6719}
train: {'epoch': 72, 'eta': 435897.1011, 'loss': 0.124, 'lr': 0.001, 'params': 782102, 'time_iter': 15.8534, 'accuracy': 0.9657, 'precision': 0.6857, 'recall': 0.1558, 'f1': 0.254, 'auc': 0.7992}
val: {'epoch': 73, 'loss': 0.1585, 'lr': 0.001, 'params': 782102, 'time_iter': 2.1255, 'accuracy': 0.9803, 'precision': 0.0, 'recall': 0.0, 'f1': 0.0, 'auc': 0.6708}
train: {'epoch': 73, 'eta': 419708.9465, 'loss': 0.1235, 'lr': 0.001, 'params': 782102, 'time_iter': 15.5681, 'accuracy': 0.9662, 'precision': 0.6887, 'recall': 0.1778, 'f1': 0.2826, 'auc': 0.796}
val: {'epoch': 74, 'loss': 0.1551, 'lr': 0.001, 'params': 782102, 'time_iter': 2.1434, 'accuracy': 0.9803, 'precision': 0.0, 'recall': 0.0, 'f1': 0.0, 'auc': 0.7162}
train: {'epoch': 74, 'eta': 403469.2504, 'loss': 0.1264, 'lr': 0.001, 'params': 782102, 'time_iter': 15.4048, 'accuracy': 0.9655, 'precision': 0.675, 'recall': 0.1534, 'f1': 0.25, 'auc': 0.7874}
val: {'epoch': 75, 'loss': 0.1529, 'lr': 0.001, 'params': 782102, 'time_iter': 2.2141, 'accuracy': 0.9803, 'precision': 0.0, 'recall': 0.0, 'f1': 0.0, 'auc': 0.6886}
train: {'epoch': 75, 'eta': 387300.4952, 'loss': 0.123, 'lr': 0.001, 'params': 782102, 'time_iter': 15.5917, 'accuracy': 0.966, 'precision': 0.7122, 'recall': 0.1567, 'f1': 0.2568, 'auc': 0.8007}
val: {'epoch': 76, 'loss': 0.1522, 'lr': 0.001, 'params': 782102, 'time_iter': 2.0701, 'accuracy': 0.9803, 'precision': 0.0, 'recall': 0.0, 'f1': 0.0, 'auc': 0.6954}
train: {'epoch': 76, 'eta': 371196.3887, 'loss': 0.1218, 'lr': 0.001, 'params': 782102, 'time_iter': 15.7914, 'accuracy': 0.9671, 'precision': 0.7525, 'recall': 0.1826, 'f1': 0.2939, 'auc': 0.8035}
val: {'epoch': 77, 'loss': 0.1538, 'lr': 0.001, 'params': 782102, 'time_iter': 2.1631, 'accuracy': 0.9803, 'precision': 0.0, 'recall': 0.0, 'f1': 0.0, 'auc': 0.7024}
train: {'epoch': 77, 'eta': 355016.6984, 'loss': 0.1214, 'lr': 0.001, 'params': 782102, 'time_iter': 15.5438, 'accuracy': 0.9658, 'precision': 0.671, 'recall': 0.1688, 'f1': 0.2698, 'auc': 0.8113}
val: {'epoch': 78, 'loss': 0.1553, 'lr': 0.001, 'params': 782102, 'time_iter': 2.2573, 'accuracy': 0.9803, 'precision': 0.0, 'recall': 0.0, 'f1': 0.0, 'auc': 0.7386}
train: {'epoch': 78, 'eta': 338777.3106, 'loss': 0.1194, 'lr': 0.001, 'params': 782102, 'time_iter': 15.3085, 'accuracy': 0.9667, 'precision': 0.7091, 'recall': 0.1899, 'f1': 0.2996, 'auc': 0.8178}
val: {'epoch': 79, 'loss': 0.1649, 'lr': 0.001, 'params': 782102, 'time_iter': 2.1599, 'accuracy': 0.9803, 'precision': 0.0, 'recall': 0.0, 'f1': 0.0, 'auc': 0.64}
train: {'epoch': 79, 'eta': 322642.6667, 'loss': 0.1228, 'lr': 0.001, 'params': 782102, 'time_iter': 15.6683, 'accuracy': 0.9661, 'precision': 0.7024, 'recall': 0.1648, 'f1': 0.2669, 'auc': 0.8061}
val: {'epoch': 80, 'loss': 0.1576, 'lr': 0.001, 'params': 782102, 'time_iter': 2.0695, 'accuracy': 0.9803, 'precision': 0.0, 'recall': 0.0, 'f1': 0.0, 'auc': 0.7045}
train: {'epoch': 80, 'eta': 306437.2096, 'loss': 0.1325, 'lr': 0.001, 'params': 782102, 'time_iter': 15.3737, 'accuracy': 0.9648, 'precision': 0.6847, 'recall': 0.1128, 'f1': 0.1937, 'auc': 0.7683}
val: {'epoch': 81, 'loss': 0.1502, 'lr': 0.001, 'params': 782102, 'time_iter': 2.1484, 'accuracy': 0.9803, 'precision': 0.0, 'recall': 0.0, 'f1': 0.0, 'auc': 0.7302}
train: {'epoch': 81, 'eta': 290231.9902, 'loss': 0.1282, 'lr': 0.001, 'params': 782102, 'time_iter': 15.3331, 'accuracy': 0.9656, 'precision': 0.6891, 'recall': 0.1494, 'f1': 0.2455, 'auc': 0.7798}
val: {'epoch': 82, 'loss': 0.1509, 'lr': 0.001, 'params': 782102, 'time_iter': 2.0943, 'accuracy': 0.9803, 'precision': 0.0, 'recall': 0.0, 'f1': 0.0, 'auc': 0.6964}
train: {'epoch': 82, 'eta': 274067.5002, 'loss': 0.1287, 'lr': 0.001, 'params': 782102, 'time_iter': 15.4775, 'accuracy': 0.9654, 'precision': 0.6877, 'recall': 0.1412, 'f1': 0.2343, 'auc': 0.7823}
val: {'epoch': 83, 'loss': 0.1632, 'lr': 0.001, 'params': 782102, 'time_iter': 2.1337, 'accuracy': 0.9803, 'precision': 0.0, 'recall': 0.0, 'f1': 0.0, 'auc': 0.6415}
train: {'epoch': 83, 'eta': 257842.0515, 'loss': 0.1264, 'lr': 0.001, 'params': 782102, 'time_iter': 15.1375, 'accuracy': 0.9661, 'precision': 0.7287, 'recall': 0.1526, 'f1': 0.2523, 'auc': 0.784}
val: {'epoch': 84, 'loss': 0.1603, 'lr': 0.001, 'params': 782102, 'time_iter': 2.0924, 'accuracy': 0.9803, 'precision': 0.0, 'recall': 0.0, 'f1': 0.0, 'auc': 0.682}
train: {'epoch': 84, 'eta': 241683.8035, 'loss': 0.1247, 'lr': 0.001, 'params': 782102, 'time_iter': 15.4235, 'accuracy': 0.9664, 'precision': 0.7192, 'recall': 0.1705, 'f1': 0.2756, 'auc': 0.7914}
val: {'epoch': 85, 'loss': 0.1549, 'lr': 0.001, 'params': 782102, 'time_iter': 2.0187, 'accuracy': 0.9803, 'precision': 0.0, 'recall': 0.0, 'f1': 0.0, 'auc': 0.714}
train: {'epoch': 85, 'eta': 225521.5829, 'loss': 0.1253, 'lr': 0.001, 'params': 782102, 'time_iter': 15.3599, 'accuracy': 0.9661, 'precision': 0.7122, 'recall': 0.1607, 'f1': 0.2623, 'auc': 0.7915}
val: {'epoch': 86, 'loss': 0.1635, 'lr': 0.001, 'params': 782102, 'time_iter': 2.0645, 'accuracy': 0.9803, 'precision': 0.0, 'recall': 0.0, 'f1': 0.0, 'auc': 0.6473}
train: {'epoch': 86, 'eta': 209414.3246, 'loss': 0.1236, 'lr': 0.001, 'params': 782102, 'time_iter': 15.664, 'accuracy': 0.9667, 'precision': 0.7258, 'recall': 0.1761, 'f1': 0.2835, 'auc': 0.7984}
val: {'epoch': 87, 'loss': 0.1641, 'lr': 0.001, 'params': 782102, 'time_iter': 2.2417, 'accuracy': 0.9803, 'precision': 0.0, 'recall': 0.0, 'f1': 0.0, 'auc': 0.6482}
train: {'epoch': 87, 'eta': 193362.7508, 'loss': 0.1226, 'lr': 0.001, 'params': 782102, 'time_iter': 16.0626, 'accuracy': 0.9667, 'precision': 0.7273, 'recall': 0.1753, 'f1': 0.2825, 'auc': 0.8025}
val: {'epoch': 88, 'loss': 0.1636, 'lr': 0.001, 'params': 782102, 'time_iter': 2.0916, 'accuracy': 0.9803, 'precision': 0.0, 'recall': 0.0, 'f1': 0.0, 'auc': 0.7161}
train: {'epoch': 88, 'eta': 177253.5792, 'loss': 0.122, 'lr': 0.001, 'params': 782102, 'time_iter': 15.694, 'accuracy': 0.9667, 'precision': 0.7213, 'recall': 0.1786, 'f1': 0.2863, 'auc': 0.8041}
val: {'epoch': 89, 'loss': 0.162, 'lr': 0.001, 'params': 782102, 'time_iter': 2.1189, 'accuracy': 0.9803, 'precision': 0.0, 'recall': 0.0, 'f1': 0.0, 'auc': 0.6785}
train: {'epoch': 89, 'eta': 161103.1145, 'loss': 0.1196, 'lr': 0.001, 'params': 782102, 'time_iter': 15.3406, 'accuracy': 0.9671, 'precision': 0.7344, 'recall': 0.1907, 'f1': 0.3028, 'auc': 0.8135}
val: {'epoch': 90, 'loss': 0.1604, 'lr': 0.001, 'params': 782102, 'time_iter': 2.2612, 'accuracy': 0.9803, 'precision': 0.0, 'recall': 0.0, 'f1': 0.0, 'auc': 0.7076}
train: {'epoch': 90, 'eta': 144956.1818, 'loss': 0.1194, 'lr': 0.001, 'params': 782102, 'time_iter': 15.2964, 'accuracy': 0.9677, 'precision': 0.7386, 'recall': 0.211, 'f1': 0.3283, 'auc': 0.8096}
val: {'epoch': 91, 'loss': 0.1636, 'lr': 0.001, 'params': 782102, 'time_iter': 2.0282, 'accuracy': 0.9803, 'precision': 0.0, 'recall': 0.0, 'f1': 0.0, 'auc': 0.7128}
train: {'epoch': 91, 'eta': 128821.7978, 'loss': 0.1229, 'lr': 0.001, 'params': 782102, 'time_iter': 15.3378, 'accuracy': 0.966, 'precision': 0.6818, 'recall': 0.1705, 'f1': 0.2727, 'auc': 0.8025}
val: {'epoch': 92, 'loss': 0.1634, 'lr': 0.001, 'params': 782102, 'time_iter': 2.0613, 'accuracy': 0.9803, 'precision': 0.0, 'recall': 0.0, 'f1': 0.0, 'auc': 0.7176}
train: {'epoch': 92, 'eta': 112691.2086, 'loss': 0.1186, 'lr': 0.001, 'params': 782102, 'time_iter': 15.2891, 'accuracy': 0.9675, 'precision': 0.7477, 'recall': 0.1997, 'f1': 0.3152, 'auc': 0.8177}
val: {'epoch': 93, 'loss': 0.1592, 'lr': 0.001, 'params': 782102, 'time_iter': 2.2087, 'accuracy': 0.9803, 'precision': 0.0, 'recall': 0.0, 'f1': 0.0, 'auc': 0.7021}
train: {'epoch': 93, 'eta': 96606.5167, 'loss': 0.1173, 'lr': 0.001, 'params': 782102, 'time_iter': 15.859, 'accuracy': 0.9671, 'precision': 0.7193, 'recall': 0.1997, 'f1': 0.3126, 'auc': 0.8181}
val: {'epoch': 94, 'loss': 0.1619, 'lr': 0.001, 'params': 782102, 'time_iter': 2.118, 'accuracy': 0.9803, 'precision': 0.0, 'recall': 0.0, 'f1': 0.0, 'auc': 0.6731}
train: {'epoch': 94, 'eta': 80499.4525, 'loss': 0.1171, 'lr': 0.001, 'params': 782102, 'time_iter': 15.5369, 'accuracy': 0.9679, 'precision': 0.7472, 'recall': 0.2159, 'f1': 0.335, 'auc': 0.8198}
val: {'epoch': 95, 'loss': 0.1624, 'lr': 0.001, 'params': 782102, 'time_iter': 2.1074, 'accuracy': 0.9803, 'precision': 0.0, 'recall': 0.0, 'f1': 0.0, 'auc': 0.668}
train: {'epoch': 95, 'eta': 64403.7545, 'loss': 0.1166, 'lr': 0.001, 'params': 782102, 'time_iter': 15.7439, 'accuracy': 0.9679, 'precision': 0.7378, 'recall': 0.2216, 'f1': 0.3408, 'auc': 0.8244}
val: {'epoch': 96, 'loss': 0.1736, 'lr': 0.001, 'params': 782102, 'time_iter': 2.1928, 'accuracy': 0.9803, 'precision': 0.0, 'recall': 0.0, 'f1': 0.0, 'auc': 0.6863}
train: {'epoch': 96, 'eta': 48296.7058, 'loss': 0.1168, 'lr': 0.001, 'params': 782102, 'time_iter': 15.4552, 'accuracy': 0.9676, 'precision': 0.726, 'recall': 0.2151, 'f1': 0.3319, 'auc': 0.8265}
val: {'epoch': 97, 'loss': 0.1633, 'lr': 0.001, 'params': 782102, 'time_iter': 2.0952, 'accuracy': 0.9803, 'precision': 0.0, 'recall': 0.0, 'f1': 0.0, 'auc': 0.7317}
train: {'epoch': 97, 'eta': 32197.043, 'loss': 0.1162, 'lr': 0.001, 'params': 782102, 'time_iter': 15.609, 'accuracy': 0.9676, 'precision': 0.7263, 'recall': 0.2175, 'f1': 0.3348, 'auc': 0.8253}
val: {'epoch': 98, 'loss': 0.1652, 'lr': 0.001, 'params': 782102, 'time_iter': 2.0547, 'accuracy': 0.9803, 'precision': 0.0, 'recall': 0.0, 'f1': 0.0, 'auc': 0.6754}
train: {'epoch': 98, 'eta': 16098.3303, 'loss': 0.1182, 'lr': 0.001, 'params': 782102, 'time_iter': 15.6264, 'accuracy': 0.9673, 'precision': 0.7294, 'recall': 0.2013, 'f1': 0.3155, 'auc': 0.8198}
val: {'epoch': 99, 'loss': 0.1714, 'lr': 0.001, 'params': 782102, 'time_iter': 2.213, 'accuracy': 0.9803, 'precision': 0.0, 'recall': 0.0, 'f1': 0.0, 'auc': 0.6564}
train: {'epoch': 99, 'eta': 0.0, 'loss': 0.1197, 'lr': 0.001, 'params': 782102, 'time_iter': 15.6283, 'accuracy': 0.967, 'precision': 0.7259, 'recall': 0.1891, 'f1': 0.3001, 'auc': 0.8145}
test: {'epoch': 99, 'loss': 0.2769, 'lr': 0.001, 'params': 782102, 'time_iter': 1.9012, 'accuracy': 0.9684, 'precision': 0.0, 'recall': 0.0, 'f1': 0.0, 'auc': 0.5887}
test: {'epoch': 16, 'loss': 0.1873, 'lr': 0.001, 'params': 782102, 'time_iter': 1.9436, 'accuracy': 0.9681, 'precision': 0.0, 'recall': 0.0, 'f1': 0.0, 'auc': 0.6606}
