GraphGymModule(
  (model): DilatedGNNModel(
    (encoder): FeatureEncoder(
      (node_encoder): AtomEncoder(
        (atom_embedding_list): ModuleList(
          (0): Embedding(119, 300)
          (1): Embedding(4, 300)
          (2): Embedding(12, 300)
          (3): Embedding(12, 300)
          (4): Embedding(10, 300)
          (5): Embedding(6, 300)
          (6): Embedding(6, 300)
          (7): Embedding(2, 300)
          (8): Embedding(2, 300)
        )
      )
      (edge_encoder): BondEncoder(
        (bond_embedding_list): ModuleList(
          (0): Embedding(5, 300)
          (1): Embedding(6, 300)
          (2): Embedding(2, 300)
        )
      )
    )
    (mp): GNNDilatedStage(
      (classic_layers): ModuleList(
        (0): GeneralLayer(
          (layer): EGINConv(
            (model): GINEConv(nn=Sequential(
              (0): Linear(300, 300, bias=True)
              (1): ReLU()
              (2): Linear(300, 300, bias=True)
            ))
          )
          (post_layer): Sequential(
            (0): BatchNorm1d(300, eps=1e-05, momentum=0.1, affine=True, track_running_stats=True)
            (1): Dropout(p=0.5, inplace=False)
            (2): ReLU()
          )
        )
        (1): GeneralLayer(
          (layer): EGINConv(
            (model): GINEConv(nn=Sequential(
              (0): Linear(300, 300, bias=True)
              (1): ReLU()
              (2): Linear(300, 300, bias=True)
            ))
          )
          (post_layer): Sequential(
            (0): BatchNorm1d(300, eps=1e-05, momentum=0.1, affine=True, track_running_stats=True)
            (1): Dropout(p=0.5, inplace=False)
            (2): ReLU()
          )
        )
      )
      (dilated_layers): ModuleList(
        (0): DilatedGeneralLayer(
          (layer): EGINConv(
            (model): GINEConv(nn=Sequential(
              (0): Linear(300, 300, bias=True)
              (1): ReLU()
              (2): Linear(300, 300, bias=True)
            ))
          )
          (post_layer): Sequential(
            (0): BatchNorm1d(300, eps=1e-05, momentum=0.1, affine=True, track_running_stats=True)
            (1): Dropout(p=0.5, inplace=False)
            (2): ReLU()
          )
          (gem): GeM(p=3.0000, eps=1e-06)
        )
        (1): DilatedGeneralLayer(
          (layer): EGINConv(
            (model): GINEConv(nn=Sequential(
              (0): Linear(300, 300, bias=True)
              (1): ReLU()
              (2): Linear(300, 300, bias=True)
            ))
          )
          (post_layer): Sequential(
            (0): BatchNorm1d(300, eps=1e-05, momentum=0.1, affine=True, track_running_stats=True)
            (1): Dropout(p=0.5, inplace=False)
            (2): ReLU()
          )
          (gem): GeM(p=3.0000, eps=1e-06)
        )
        (2): DilatedGeneralLayer(
          (layer): EGINConv(
            (model): GINEConv(nn=Sequential(
              (0): Linear(300, 300, bias=True)
              (1): ReLU()
              (2): Linear(300, 300, bias=True)
            ))
          )
          (post_layer): Sequential(
            (0): BatchNorm1d(300, eps=1e-05, momentum=0.1, affine=True, track_running_stats=True)
            (1): Dropout(p=0.5, inplace=False)
            (2): ReLU()
          )
          (gem): GeM(p=3.0000, eps=1e-06)
        )
      )
      (act): ReLU()
    )
    (post_mp): GNNGraphHead(
      (layer_post_mp): MLP(
        (model): Sequential(
          (0): Linear(
            (model): Linear(600, 1, bias=True)
          )
        )
      )
    )
  )
)
accelerator: cuda
benchmark: False
bn:
  eps: 1e-05
  mom: 0.1
cfg_dest: config.yaml
custom_metrics: []
dataset:
  cache_load: False
  cache_save: False
  dir: ./datasets
  edge_dim: 300
  edge_encoder: True
  edge_encoder_bn: False
  edge_encoder_name: Bond
  edge_message_ratio: 0.8
  edge_negative_sampling_ratio: 1.0
  edge_train_mode: all
  encoder: True
  encoder_bn: True
  encoder_dim: 128
  encoder_name: db
  fast_loader: False
  format: OGB
  label_column: none
  label_table: none
  location: local
  name: ogbg-molhiv
  node_encoder: True
  node_encoder_bn: False
  node_encoder_name: Atom
  remove_feature: False
  resample_disjoint: False
  resample_negative: False
  shuffle_split: True
  split: [0.8, 0.1, 0.1]
  split_mode: random
  task: graph
  task_type: classification
  to_undirected: False
  transductive: False
  transform: none
  tu_simple: True
devices: 1
gnn:
  act: relu
  act_on_last_layer_mp: False
  agg: none
  att_final_linear: False
  att_final_linear_bn: False
  att_heads: 1
  batchnorm: True
  clear_feature: True
  dilated_path_join: concat
  dim_inner: 300
  dropout: 0.5
  head: graph
  keep_edge: 0.5
  l2norm: True
  layer_type: eginconv
  layers_k1: 2
  layers_k2: 3
  layers_mp: 5
  layers_post_mp: 1
  layers_pre_mp: 0
  learn_alpha_residual_connection: False
  msg_direction: single
  normalize_adj: False
  self_msg: concat
  skip_every: 1
  stage_type: stack
  use_edge_features: True
gpu_mem: False
mem:
  inplace: False
metric_agg: argmax
metric_best: auc
model:
  edge_decoding: dot
  graph_pooling: mean
  loss_fun: cross_entropy
  match_upper: True
  size_average: mean
  thresh: 0.5
  type: dilated_gnn
num_threads: 6
num_workers: 16
optim:
  base_lr: 0.001
  lr_decay: 0.1
  max_epoch: 100
  momentum: 0.9
  optimizer: adam
  scheduler: none
  steps: [30, 60, 90]
  weight_decay: 0.0
out_dir: results_experiments/ogbg_molhiv_baseline_grid_design/ogbg_molhiv_baseline-type=dilated_gnn-layer_type=eginconv-layers_k1=2-layers_k2=3-dilated_path_join=concat-learn_alpha_residual_connection=False
params: 1413904
print: both
round: 4
run_dir: results_experiments/ogbg_molhiv_baseline_grid_design/ogbg_molhiv_baseline-type=dilated_gnn-layer_type=eginconv-layers_k1=2-layers_k2=3-dilated_path_join=concat-learn_alpha_residual_connection=False/8
seed: 9
share:
  dim_in: 9
  dim_out: 2
  num_splits: 3
tensorboard_agg: True
tensorboard_each_run: False
train:
  auto_resume: False
  batch_size: 32
  ckpt_clean: True
  ckpt_period: 100
  enable_ckpt: True
  epoch_resume: -1
  eval_period: 1
  iter_per_epoch: 32
  neighbor_sizes: [20, 15, 10, 5]
  node_per_graph: 32
  radius: extend
  sample_node: False
  sampler: full_batch
  skip_train_eval: False
  walk_length: 4
val:
  node_per_graph: 32
  radius: extend
  sample_node: False
  sampler: full_batch
view_emb: False
Num parameters: 1413904
val: {'epoch': 0, 'loss': 0.7085, 'lr': 0.001, 'params': 1413904, 'time_iter': 0.9249, 'accuracy': 0.0156, 'precision': 0.0156, 'recall': 1.0, 'f1': 0.0308, 'auc': 0.0}
val: {'epoch': 0, 'loss': 0.0965, 'lr': 0.001, 'params': 1413904, 'time_iter': 2.9625, 'accuracy': 0.9803, 'precision': 0.0, 'recall': 0.0, 'f1': 0.0, 'auc': 0.6509}
train: {'epoch': 0, 'eta': 1638165.8315, 'loss': 0.1703, 'lr': 0.001, 'params': 1413904, 'time_iter': 16.0808, 'accuracy': 0.962, 'precision': 0.0, 'recall': 0.0, 'f1': 0.0, 'auc': 0.6041}
val: {'epoch': 1, 'loss': 0.0926, 'lr': 0.001, 'params': 1413904, 'time_iter': 2.815, 'accuracy': 0.9803, 'precision': 0.0, 'recall': 0.0, 'f1': 0.0, 'auc': 0.6974}
train: {'epoch': 1, 'eta': 1541744.8889, 'loss': 0.1504, 'lr': 0.001, 'params': 1413904, 'time_iter': 14.4966, 'accuracy': 0.9626, 'precision': 0.0, 'recall': 0.0, 'f1': 0.0, 'auc': 0.6708}
val: {'epoch': 2, 'loss': 0.0893, 'lr': 0.001, 'params': 1413904, 'time_iter': 2.7772, 'accuracy': 0.9803, 'precision': 0.0, 'recall': 0.0, 'f1': 0.0, 'auc': 0.7124}
train: {'epoch': 2, 'eta': 1515337.8682, 'loss': 0.1479, 'lr': 0.001, 'params': 1413904, 'time_iter': 14.9679, 'accuracy': 0.9626, 'precision': 0.0, 'recall': 0.0, 'f1': 0.0, 'auc': 0.6876}
val: {'epoch': 3, 'loss': 0.0978, 'lr': 0.001, 'params': 1413904, 'time_iter': 2.9372, 'accuracy': 0.9793, 'precision': 0.4, 'recall': 0.0988, 'f1': 0.1584, 'auc': 0.6728}
train: {'epoch': 3, 'eta': 1488463.938, 'loss': 0.1444, 'lr': 0.001, 'params': 1413904, 'time_iter': 14.7262, 'accuracy': 0.9626, 'precision': 0.8, 'recall': 0.0032, 'f1': 0.0065, 'auc': 0.7097}
val: {'epoch': 4, 'loss': 0.0943, 'lr': 0.001, 'params': 1413904, 'time_iter': 2.736, 'accuracy': 0.9791, 'precision': 0.3913, 'recall': 0.1111, 'f1': 0.1731, 'auc': 0.7121}
train: {'epoch': 4, 'eta': 1471146.9689, 'loss': 0.1426, 'lr': 0.001, 'params': 1413904, 'time_iter': 14.9752, 'accuracy': 0.9628, 'precision': 0.5593, 'recall': 0.0268, 'f1': 0.0511, 'auc': 0.7176}
val: {'epoch': 5, 'loss': 0.0869, 'lr': 0.001, 'params': 1413904, 'time_iter': 2.8935, 'accuracy': 0.981, 'precision': 0.6154, 'recall': 0.0988, 'f1': 0.1702, 'auc': 0.7289}
train: {'epoch': 5, 'eta': 1454192.0202, 'loss': 0.1411, 'lr': 0.001, 'params': 1413904, 'time_iter': 14.9582, 'accuracy': 0.9636, 'precision': 0.6977, 'recall': 0.0487, 'f1': 0.091, 'auc': 0.7284}
val: {'epoch': 6, 'loss': 0.0904, 'lr': 0.001, 'params': 1413904, 'time_iter': 2.9095, 'accuracy': 0.9803, 'precision': 0.5, 'recall': 0.0988, 'f1': 0.1649, 'auc': 0.7566}
train: {'epoch': 6, 'eta': 1437816.6755, 'loss': 0.1392, 'lr': 0.001, 'params': 1413904, 'time_iter': 14.9679, 'accuracy': 0.9638, 'precision': 0.6721, 'recall': 0.0666, 'f1': 0.1211, 'auc': 0.7395}
val: {'epoch': 7, 'loss': 0.0862, 'lr': 0.001, 'params': 1413904, 'time_iter': 2.8406, 'accuracy': 0.9803, 'precision': 0.5, 'recall': 0.1605, 'f1': 0.243, 'auc': 0.7636}
train: {'epoch': 7, 'eta': 1421069.2816, 'loss': 0.1373, 'lr': 0.001, 'params': 1413904, 'time_iter': 14.9159, 'accuracy': 0.9638, 'precision': 0.6641, 'recall': 0.069, 'f1': 0.125, 'auc': 0.7499}
val: {'epoch': 8, 'loss': 0.0819, 'lr': 0.001, 'params': 1413904, 'time_iter': 2.8564, 'accuracy': 0.9803, 'precision': 0.5, 'recall': 0.1235, 'f1': 0.198, 'auc': 0.7739}
train: {'epoch': 8, 'eta': 1405432.2559, 'loss': 0.1353, 'lr': 0.001, 'params': 1413904, 'time_iter': 14.9928, 'accuracy': 0.964, 'precision': 0.6412, 'recall': 0.0885, 'f1': 0.1555, 'auc': 0.7576}
val: {'epoch': 9, 'loss': 0.0855, 'lr': 0.001, 'params': 1413904, 'time_iter': 2.7658, 'accuracy': 0.9803, 'precision': 0.5, 'recall': 0.1481, 'f1': 0.2286, 'auc': 0.7677}
train: {'epoch': 9, 'eta': 1388696.9093, 'loss': 0.1335, 'lr': 0.001, 'params': 1413904, 'time_iter': 14.8696, 'accuracy': 0.9643, 'precision': 0.6686, 'recall': 0.0933, 'f1': 0.1638, 'auc': 0.7688}
val: {'epoch': 10, 'loss': 0.0906, 'lr': 0.001, 'params': 1413904, 'time_iter': 2.8434, 'accuracy': 0.9808, 'precision': 0.5556, 'recall': 0.1235, 'f1': 0.202, 'auc': 0.7587}
train: {'epoch': 10, 'eta': 1369597.9681, 'loss': 0.1333, 'lr': 0.001, 'params': 1413904, 'time_iter': 14.5544, 'accuracy': 0.9647, 'precision': 0.6714, 'recall': 0.1144, 'f1': 0.1956, 'auc': 0.7673}
val: {'epoch': 11, 'loss': 0.0905, 'lr': 0.001, 'params': 1413904, 'time_iter': 2.7258, 'accuracy': 0.9808, 'precision': 0.5714, 'recall': 0.0988, 'f1': 0.1684, 'auc': 0.732}
train: {'epoch': 11, 'eta': 1356720.9909, 'loss': 0.131, 'lr': 0.001, 'params': 1413904, 'time_iter': 15.2879, 'accuracy': 0.9651, 'precision': 0.6858, 'recall': 0.1258, 'f1': 0.2126, 'auc': 0.7701}
val: {'epoch': 12, 'loss': 0.085, 'lr': 0.001, 'params': 1413904, 'time_iter': 2.8123, 'accuracy': 0.9813, 'precision': 0.6667, 'recall': 0.0988, 'f1': 0.172, 'auc': 0.7517}
train: {'epoch': 12, 'eta': 1343490.4415, 'loss': 0.1304, 'lr': 0.001, 'params': 1413904, 'time_iter': 15.3003, 'accuracy': 0.965, 'precision': 0.6667, 'recall': 0.1299, 'f1': 0.2174, 'auc': 0.7744}
val: {'epoch': 13, 'loss': 0.0847, 'lr': 0.001, 'params': 1413904, 'time_iter': 2.7502, 'accuracy': 0.9818, 'precision': 0.8, 'recall': 0.0988, 'f1': 0.1758, 'auc': 0.7448}
train: {'epoch': 13, 'eta': 1328084.3888, 'loss': 0.1286, 'lr': 0.001, 'params': 1413904, 'time_iter': 15.013, 'accuracy': 0.965, 'precision': 0.6612, 'recall': 0.1315, 'f1': 0.2194, 'auc': 0.7843}
val: {'epoch': 14, 'loss': 0.0839, 'lr': 0.001, 'params': 1413904, 'time_iter': 2.8383, 'accuracy': 0.9801, 'precision': 0.4783, 'recall': 0.1358, 'f1': 0.2115, 'auc': 0.7767}
train: {'epoch': 14, 'eta': 1312673.4899, 'loss': 0.1294, 'lr': 0.001, 'params': 1413904, 'time_iter': 15.0131, 'accuracy': 0.9649, 'precision': 0.6546, 'recall': 0.1323, 'f1': 0.2201, 'auc': 0.7807}
val: {'epoch': 15, 'loss': 0.0823, 'lr': 0.001, 'params': 1413904, 'time_iter': 2.7816, 'accuracy': 0.981, 'precision': 0.5882, 'recall': 0.1235, 'f1': 0.2041, 'auc': 0.7794}
train: {'epoch': 15, 'eta': 1297324.0297, 'loss': 0.1272, 'lr': 0.001, 'params': 1413904, 'time_iter': 15.0253, 'accuracy': 0.9656, 'precision': 0.695, 'recall': 0.1461, 'f1': 0.2414, 'auc': 0.7857}
val: {'epoch': 16, 'loss': 0.0886, 'lr': 0.001, 'params': 1413904, 'time_iter': 2.9701, 'accuracy': 0.9776, 'precision': 0.3778, 'recall': 0.2099, 'f1': 0.2698, 'auc': 0.7733}
train: {'epoch': 16, 'eta': 1281373.2859, 'loss': 0.126, 'lr': 0.001, 'params': 1413904, 'time_iter': 14.9083, 'accuracy': 0.9651, 'precision': 0.6522, 'recall': 0.1461, 'f1': 0.2387, 'auc': 0.7878}
val: {'epoch': 17, 'loss': 0.0907, 'lr': 0.001, 'params': 1413904, 'time_iter': 2.788, 'accuracy': 0.981, 'precision': 0.5882, 'recall': 0.1235, 'f1': 0.2041, 'auc': 0.7705}
train: {'epoch': 17, 'eta': 1266791.1905, 'loss': 0.1257, 'lr': 0.001, 'params': 1413904, 'time_iter': 15.1858, 'accuracy': 0.9657, 'precision': 0.6846, 'recall': 0.155, 'f1': 0.2528, 'auc': 0.7943}
val: {'epoch': 18, 'loss': 0.081, 'lr': 0.001, 'params': 1413904, 'time_iter': 2.9751, 'accuracy': 0.9803, 'precision': 0.5, 'recall': 0.1605, 'f1': 0.243, 'auc': 0.8034}
train: {'epoch': 18, 'eta': 1249770.7109, 'loss': 0.1254, 'lr': 0.001, 'params': 1413904, 'time_iter': 14.655, 'accuracy': 0.9655, 'precision': 0.6816, 'recall': 0.1477, 'f1': 0.2428, 'auc': 0.7982}
val: {'epoch': 19, 'loss': 0.0817, 'lr': 0.001, 'params': 1413904, 'time_iter': 2.7823, 'accuracy': 0.9801, 'precision': 0.48, 'recall': 0.1481, 'f1': 0.2264, 'auc': 0.7944}
train: {'epoch': 19, 'eta': 1232691.4736, 'loss': 0.1245, 'lr': 0.001, 'params': 1413904, 'time_iter': 14.5936, 'accuracy': 0.9656, 'precision': 0.6868, 'recall': 0.1477, 'f1': 0.2432, 'auc': 0.8018}
val: {'epoch': 20, 'loss': 0.0832, 'lr': 0.001, 'params': 1413904, 'time_iter': 2.9617, 'accuracy': 0.9801, 'precision': 0.4828, 'recall': 0.1728, 'f1': 0.2545, 'auc': 0.7775}
train: {'epoch': 20, 'eta': 1218171.2009, 'loss': 0.1228, 'lr': 0.001, 'params': 1413904, 'time_iter': 15.2039, 'accuracy': 0.9661, 'precision': 0.7042, 'recall': 0.1623, 'f1': 0.2639, 'auc': 0.8062}
val: {'epoch': 21, 'loss': 0.0859, 'lr': 0.001, 'params': 1413904, 'time_iter': 2.8237, 'accuracy': 0.9815, 'precision': 0.5926, 'recall': 0.1975, 'f1': 0.2963, 'auc': 0.7639}
train: {'epoch': 21, 'eta': 1201634.7345, 'loss': 0.1244, 'lr': 0.001, 'params': 1413904, 'time_iter': 14.6793, 'accuracy': 0.9652, 'precision': 0.6517, 'recall': 0.1534, 'f1': 0.2484, 'auc': 0.8006}
val: {'epoch': 22, 'loss': 0.0857, 'lr': 0.001, 'params': 1413904, 'time_iter': 2.6972, 'accuracy': 0.9813, 'precision': 0.6111, 'recall': 0.1358, 'f1': 0.2222, 'auc': 0.7837}
train: {'epoch': 22, 'eta': 1186565.9839, 'loss': 0.1238, 'lr': 0.001, 'params': 1413904, 'time_iter': 15.0692, 'accuracy': 0.9656, 'precision': 0.6773, 'recall': 0.155, 'f1': 0.2523, 'auc': 0.8025}
val: {'epoch': 23, 'loss': 0.0856, 'lr': 0.001, 'params': 1413904, 'time_iter': 2.7158, 'accuracy': 0.9808, 'precision': 0.5556, 'recall': 0.1235, 'f1': 0.202, 'auc': 0.779}
train: {'epoch': 23, 'eta': 1171137.3581, 'loss': 0.1224, 'lr': 0.001, 'params': 1413904, 'time_iter': 14.9699, 'accuracy': 0.966, 'precision': 0.683, 'recall': 0.1696, 'f1': 0.2718, 'auc': 0.8056}
val: {'epoch': 24, 'loss': 0.1001, 'lr': 0.001, 'params': 1413904, 'time_iter': 2.6735, 'accuracy': 0.9752, 'precision': 0.2941, 'recall': 0.1852, 'f1': 0.2273, 'auc': 0.7522}
train: {'epoch': 24, 'eta': 1155406.7371, 'loss': 0.1222, 'lr': 0.001, 'params': 1413904, 'time_iter': 14.8715, 'accuracy': 0.966, 'precision': 0.6865, 'recall': 0.1688, 'f1': 0.271, 'auc': 0.8092}
val: {'epoch': 25, 'loss': 0.0913, 'lr': 0.001, 'params': 1413904, 'time_iter': 2.7763, 'accuracy': 0.9803, 'precision': 0.5, 'recall': 0.0741, 'f1': 0.129, 'auc': 0.7573}
train: {'epoch': 25, 'eta': 1140868.9399, 'loss': 0.1214, 'lr': 0.001, 'params': 1413904, 'time_iter': 15.2675, 'accuracy': 0.966, 'precision': 0.6707, 'recall': 0.1818, 'f1': 0.2861, 'auc': 0.8127}
val: {'epoch': 26, 'loss': 0.0803, 'lr': 0.001, 'params': 1413904, 'time_iter': 2.6379, 'accuracy': 0.9805, 'precision': 0.5161, 'recall': 0.1975, 'f1': 0.2857, 'auc': 0.7973}
train: {'epoch': 26, 'eta': 1125014.9639, 'loss': 0.1208, 'lr': 0.001, 'params': 1413904, 'time_iter': 14.8256, 'accuracy': 0.9662, 'precision': 0.701, 'recall': 0.1713, 'f1': 0.2753, 'auc': 0.8118}
val: {'epoch': 27, 'loss': 0.088, 'lr': 0.001, 'params': 1413904, 'time_iter': 2.7291, 'accuracy': 0.981, 'precision': 0.6364, 'recall': 0.0864, 'f1': 0.1522, 'auc': 0.7607}
train: {'epoch': 27, 'eta': 1109655.0839, 'loss': 0.1209, 'lr': 0.001, 'params': 1413904, 'time_iter': 14.9962, 'accuracy': 0.9664, 'precision': 0.6981, 'recall': 0.1802, 'f1': 0.2865, 'auc': 0.8153}
val: {'epoch': 28, 'loss': 0.0916, 'lr': 0.001, 'params': 1413904, 'time_iter': 2.6687, 'accuracy': 0.9798, 'precision': 0.4545, 'recall': 0.1235, 'f1': 0.1942, 'auc': 0.7703}
train: {'epoch': 28, 'eta': 1094541.4772, 'loss': 0.1206, 'lr': 0.001, 'params': 1413904, 'time_iter': 15.0959, 'accuracy': 0.9663, 'precision': 0.6667, 'recall': 0.1981, 'f1': 0.3054, 'auc': 0.8092}
val: {'epoch': 29, 'loss': 0.1059, 'lr': 0.001, 'params': 1413904, 'time_iter': 2.7898, 'accuracy': 0.9803, 'precision': 0.0, 'recall': 0.0, 'f1': 0.0, 'auc': 0.7256}
train: {'epoch': 29, 'eta': 1079103.999, 'loss': 0.1198, 'lr': 0.001, 'params': 1413904, 'time_iter': 14.9727, 'accuracy': 0.9671, 'precision': 0.7242, 'recall': 0.194, 'f1': 0.306, 'auc': 0.8136}
val: {'epoch': 30, 'loss': 0.0899, 'lr': 0.001, 'params': 1413904, 'time_iter': 2.6591, 'accuracy': 0.9813, 'precision': 0.5769, 'recall': 0.1852, 'f1': 0.2804, 'auc': 0.7864}
train: {'epoch': 30, 'eta': 1064171.3554, 'loss': 0.1206, 'lr': 0.001, 'params': 1413904, 'time_iter': 15.1923, 'accuracy': 0.9664, 'precision': 0.6933, 'recall': 0.1834, 'f1': 0.2901, 'auc': 0.8128}
val: {'epoch': 31, 'loss': 0.0866, 'lr': 0.001, 'params': 1413904, 'time_iter': 2.7294, 'accuracy': 0.9815, 'precision': 0.6087, 'recall': 0.1728, 'f1': 0.2692, 'auc': 0.759}
train: {'epoch': 31, 'eta': 1048292.9907, 'loss': 0.1181, 'lr': 0.001, 'params': 1413904, 'time_iter': 14.7798, 'accuracy': 0.9671, 'precision': 0.7038, 'recall': 0.2102, 'f1': 0.3238, 'auc': 0.8214}
val: {'epoch': 32, 'loss': 0.0824, 'lr': 0.001, 'params': 1413904, 'time_iter': 2.709, 'accuracy': 0.9823, 'precision': 0.6333, 'recall': 0.2346, 'f1': 0.3423, 'auc': 0.7786}
train: {'epoch': 32, 'eta': 1033183.26, 'loss': 0.1182, 'lr': 0.001, 'params': 1413904, 'time_iter': 15.1282, 'accuracy': 0.9669, 'precision': 0.7029, 'recall': 0.1997, 'f1': 0.311, 'auc': 0.8243}
val: {'epoch': 33, 'loss': 0.0803, 'lr': 0.001, 'params': 1413904, 'time_iter': 2.7833, 'accuracy': 0.9825, 'precision': 0.6667, 'recall': 0.2222, 'f1': 0.3333, 'auc': 0.799}
train: {'epoch': 33, 'eta': 1017624.966, 'loss': 0.1172, 'lr': 0.001, 'params': 1413904, 'time_iter': 14.9171, 'accuracy': 0.9674, 'precision': 0.7109, 'recall': 0.2175, 'f1': 0.3331, 'auc': 0.8256}
val: {'epoch': 34, 'loss': 0.0826, 'lr': 0.001, 'params': 1413904, 'time_iter': 2.7686, 'accuracy': 0.9818, 'precision': 0.625, 'recall': 0.1852, 'f1': 0.2857, 'auc': 0.8178}
train: {'epoch': 34, 'eta': 1001845.8635, 'loss': 0.1174, 'lr': 0.001, 'params': 1413904, 'time_iter': 14.7954, 'accuracy': 0.9673, 'precision': 0.7151, 'recall': 0.2119, 'f1': 0.3269, 'auc': 0.8271}
val: {'epoch': 35, 'loss': 0.0827, 'lr': 0.001, 'params': 1413904, 'time_iter': 2.8495, 'accuracy': 0.982, 'precision': 0.6842, 'recall': 0.1605, 'f1': 0.26, 'auc': 0.7763}
train: {'epoch': 35, 'eta': 986216.8093, 'loss': 0.1173, 'lr': 0.001, 'params': 1413904, 'time_iter': 14.8605, 'accuracy': 0.9676, 'precision': 0.726, 'recall': 0.2151, 'f1': 0.3319, 'auc': 0.8259}
val: {'epoch': 36, 'loss': 0.079, 'lr': 0.001, 'params': 1413904, 'time_iter': 2.7548, 'accuracy': 0.9818, 'precision': 0.6154, 'recall': 0.1975, 'f1': 0.2991, 'auc': 0.796}
train: {'epoch': 36, 'eta': 971077.1626, 'loss': 0.1171, 'lr': 0.001, 'params': 1413904, 'time_iter': 15.1294, 'accuracy': 0.967, 'precision': 0.7014, 'recall': 0.2078, 'f1': 0.3206, 'auc': 0.827}
val: {'epoch': 37, 'loss': 0.08, 'lr': 0.001, 'params': 1413904, 'time_iter': 2.836, 'accuracy': 0.9832, 'precision': 0.8333, 'recall': 0.1852, 'f1': 0.303, 'auc': 0.8101}
train: {'epoch': 37, 'eta': 955415.4988, 'loss': 0.1157, 'lr': 0.001, 'params': 1413904, 'time_iter': 14.832, 'accuracy': 0.9678, 'precision': 0.724, 'recall': 0.2256, 'f1': 0.3441, 'auc': 0.8287}
val: {'epoch': 38, 'loss': 0.0887, 'lr': 0.001, 'params': 1413904, 'time_iter': 2.7328, 'accuracy': 0.9803, 'precision': 0.5, 'recall': 0.1605, 'f1': 0.243, 'auc': 0.7512}
train: {'epoch': 38, 'eta': 939557.7778, 'loss': 0.1162, 'lr': 0.001, 'params': 1413904, 'time_iter': 14.6974, 'accuracy': 0.9669, 'precision': 0.6848, 'recall': 0.2151, 'f1': 0.3274, 'auc': 0.831}
val: {'epoch': 39, 'loss': 0.0867, 'lr': 0.001, 'params': 1413904, 'time_iter': 2.8345, 'accuracy': 0.9798, 'precision': 0.4643, 'recall': 0.1605, 'f1': 0.2385, 'auc': 0.7934}
train: {'epoch': 39, 'eta': 924164.5039, 'loss': 0.1165, 'lr': 0.001, 'params': 1413904, 'time_iter': 14.9745, 'accuracy': 0.9671, 'precision': 0.7033, 'recall': 0.2078, 'f1': 0.3208, 'auc': 0.8316}
val: {'epoch': 40, 'loss': 0.0849, 'lr': 0.001, 'params': 1413904, 'time_iter': 2.8055, 'accuracy': 0.9823, 'precision': 0.6818, 'recall': 0.1852, 'f1': 0.2913, 'auc': 0.7742}
train: {'epoch': 40, 'eta': 908554.0386, 'loss': 0.1141, 'lr': 0.001, 'params': 1413904, 'time_iter': 14.8284, 'accuracy': 0.9684, 'precision': 0.7406, 'recall': 0.2411, 'f1': 0.3637, 'auc': 0.8373}
val: {'epoch': 41, 'loss': 0.0895, 'lr': 0.001, 'params': 1413904, 'time_iter': 2.841, 'accuracy': 0.9798, 'precision': 0.4545, 'recall': 0.1235, 'f1': 0.1942, 'auc': 0.7649}
train: {'epoch': 41, 'eta': 893463.8744, 'loss': 0.1161, 'lr': 0.001, 'params': 1413904, 'time_iter': 15.1827, 'accuracy': 0.9675, 'precision': 0.7166, 'recall': 0.2175, 'f1': 0.3337, 'auc': 0.8319}
val: {'epoch': 42, 'loss': 0.0808, 'lr': 0.001, 'params': 1413904, 'time_iter': 2.7897, 'accuracy': 0.9823, 'precision': 0.6818, 'recall': 0.1852, 'f1': 0.2913, 'auc': 0.8085}
train: {'epoch': 42, 'eta': 878263.5082, 'loss': 0.1141, 'lr': 0.001, 'params': 1413904, 'time_iter': 15.1201, 'accuracy': 0.9678, 'precision': 0.7094, 'recall': 0.2378, 'f1': 0.3562, 'auc': 0.8378}
val: {'epoch': 43, 'loss': 0.0862, 'lr': 0.001, 'params': 1413904, 'time_iter': 2.929, 'accuracy': 0.9825, 'precision': 0.7647, 'recall': 0.1605, 'f1': 0.2653, 'auc': 0.799}
train: {'epoch': 43, 'eta': 862645.1849, 'loss': 0.1141, 'lr': 0.001, 'params': 1413904, 'time_iter': 14.8134, 'accuracy': 0.9686, 'precision': 0.7463, 'recall': 0.2459, 'f1': 0.37, 'auc': 0.8344}
val: {'epoch': 44, 'loss': 0.0881, 'lr': 0.001, 'params': 1413904, 'time_iter': 2.8191, 'accuracy': 0.9823, 'precision': 0.6667, 'recall': 0.1975, 'f1': 0.3048, 'auc': 0.7833}
train: {'epoch': 44, 'eta': 847483.8164, 'loss': 0.1129, 'lr': 0.001, 'params': 1413904, 'time_iter': 15.1635, 'accuracy': 0.968, 'precision': 0.732, 'recall': 0.2305, 'f1': 0.3506, 'auc': 0.8432}
val: {'epoch': 45, 'loss': 0.0847, 'lr': 0.001, 'params': 1413904, 'time_iter': 2.922, 'accuracy': 0.9818, 'precision': 0.6071, 'recall': 0.2099, 'f1': 0.3119, 'auc': 0.7766}
train: {'epoch': 45, 'eta': 831924.7698, 'loss': 0.1126, 'lr': 0.001, 'params': 1413904, 'time_iter': 14.8502, 'accuracy': 0.9685, 'precision': 0.7299, 'recall': 0.25, 'f1': 0.3724, 'auc': 0.8432}
val: {'epoch': 46, 'loss': 0.0892, 'lr': 0.001, 'params': 1413904, 'time_iter': 2.8098, 'accuracy': 0.9791, 'precision': 0.4468, 'recall': 0.2593, 'f1': 0.3281, 'auc': 0.7646}
train: {'epoch': 46, 'eta': 816116.0751, 'loss': 0.1125, 'lr': 0.001, 'params': 1413904, 'time_iter': 14.6248, 'accuracy': 0.9683, 'precision': 0.7241, 'recall': 0.2492, 'f1': 0.3708, 'auc': 0.8429}
val: {'epoch': 47, 'loss': 0.0875, 'lr': 0.001, 'params': 1413904, 'time_iter': 2.6747, 'accuracy': 0.9815, 'precision': 0.6, 'recall': 0.1852, 'f1': 0.283, 'auc': 0.7946}
train: {'epoch': 47, 'eta': 800588.5429, 'loss': 0.1119, 'lr': 0.001, 'params': 1413904, 'time_iter': 14.8486, 'accuracy': 0.9689, 'precision': 0.743, 'recall': 0.2581, 'f1': 0.3831, 'auc': 0.8432}
val: {'epoch': 48, 'loss': 0.0811, 'lr': 0.001, 'params': 1413904, 'time_iter': 2.8139, 'accuracy': 0.9815, 'precision': 0.5862, 'recall': 0.2099, 'f1': 0.3091, 'auc': 0.8052}
train: {'epoch': 48, 'eta': 785218.3543, 'loss': 0.1128, 'lr': 0.001, 'params': 1413904, 'time_iter': 14.9861, 'accuracy': 0.968, 'precision': 0.7133, 'recall': 0.2443, 'f1': 0.364, 'auc': 0.843}
val: {'epoch': 49, 'loss': 0.0894, 'lr': 0.001, 'params': 1413904, 'time_iter': 2.7355, 'accuracy': 0.9825, 'precision': 0.68, 'recall': 0.2099, 'f1': 0.3208, 'auc': 0.7858}
train: {'epoch': 49, 'eta': 769616.7996, 'loss': 0.1116, 'lr': 0.001, 'params': 1413904, 'time_iter': 14.7632, 'accuracy': 0.9688, 'precision': 0.74, 'recall': 0.2565, 'f1': 0.381, 'auc': 0.8489}
val: {'epoch': 50, 'loss': 0.0831, 'lr': 0.001, 'params': 1413904, 'time_iter': 2.8484, 'accuracy': 0.9813, 'precision': 0.5526, 'recall': 0.2593, 'f1': 0.3529, 'auc': 0.8044}
train: {'epoch': 50, 'eta': 754374.1362, 'loss': 0.1123, 'lr': 0.001, 'params': 1413904, 'time_iter': 15.1099, 'accuracy': 0.9685, 'precision': 0.7366, 'recall': 0.2451, 'f1': 0.3678, 'auc': 0.8455}
val: {'epoch': 51, 'loss': 0.0809, 'lr': 0.001, 'params': 1413904, 'time_iter': 2.7096, 'accuracy': 0.9832, 'precision': 0.7143, 'recall': 0.2469, 'f1': 0.367, 'auc': 0.8215}
train: {'epoch': 51, 'eta': 738802.0914, 'loss': 0.1111, 'lr': 0.001, 'params': 1413904, 'time_iter': 14.7755, 'accuracy': 0.9688, 'precision': 0.7308, 'recall': 0.2622, 'f1': 0.3859, 'auc': 0.8461}
val: {'epoch': 52, 'loss': 0.0849, 'lr': 0.001, 'params': 1413904, 'time_iter': 2.8254, 'accuracy': 0.9837, 'precision': 0.7692, 'recall': 0.2469, 'f1': 0.3738, 'auc': 0.7809}
train: {'epoch': 52, 'eta': 723227.5416, 'loss': 0.1114, 'lr': 0.001, 'params': 1413904, 'time_iter': 14.7576, 'accuracy': 0.9687, 'precision': 0.7302, 'recall': 0.2614, 'f1': 0.3849, 'auc': 0.8479}
val: {'epoch': 53, 'loss': 0.0917, 'lr': 0.001, 'params': 1413904, 'time_iter': 2.7536, 'accuracy': 0.982, 'precision': 0.7692, 'recall': 0.1235, 'f1': 0.2128, 'auc': 0.7568}
train: {'epoch': 53, 'eta': 707819.0662, 'loss': 0.1095, 'lr': 0.001, 'params': 1413904, 'time_iter': 14.9306, 'accuracy': 0.969, 'precision': 0.742, 'recall': 0.2638, 'f1': 0.3892, 'auc': 0.8524}
val: {'epoch': 54, 'loss': 0.0888, 'lr': 0.001, 'params': 1413904, 'time_iter': 2.8396, 'accuracy': 0.9813, 'precision': 0.5714, 'recall': 0.1975, 'f1': 0.2936, 'auc': 0.7785}
train: {'epoch': 54, 'eta': 692390.109, 'loss': 0.1102, 'lr': 0.001, 'params': 1413904, 'time_iter': 14.9043, 'accuracy': 0.9686, 'precision': 0.7137, 'recall': 0.2711, 'f1': 0.3929, 'auc': 0.8492}
val: {'epoch': 55, 'loss': 0.0844, 'lr': 0.001, 'params': 1413904, 'time_iter': 2.7658, 'accuracy': 0.9825, 'precision': 0.7647, 'recall': 0.1605, 'f1': 0.2653, 'auc': 0.7989}
train: {'epoch': 55, 'eta': 677162.0604, 'loss': 0.1104, 'lr': 0.001, 'params': 1413904, 'time_iter': 15.1487, 'accuracy': 0.9685, 'precision': 0.7215, 'recall': 0.2565, 'f1': 0.3784, 'auc': 0.8518}
val: {'epoch': 56, 'loss': 0.0843, 'lr': 0.001, 'params': 1413904, 'time_iter': 2.894, 'accuracy': 0.9825, 'precision': 0.6957, 'recall': 0.1975, 'f1': 0.3077, 'auc': 0.7799}
train: {'epoch': 56, 'eta': 661767.8563, 'loss': 0.109, 'lr': 0.001, 'params': 1413904, 'time_iter': 14.951, 'accuracy': 0.9693, 'precision': 0.7326, 'recall': 0.2825, 'f1': 0.4077, 'auc': 0.8582}
val: {'epoch': 57, 'loss': 0.0854, 'lr': 0.001, 'params': 1413904, 'time_iter': 2.7876, 'accuracy': 0.9818, 'precision': 0.6, 'recall': 0.2222, 'f1': 0.3243, 'auc': 0.7849}
train: {'epoch': 57, 'eta': 646509.6526, 'loss': 0.1085, 'lr': 0.001, 'params': 1413904, 'time_iter': 15.133, 'accuracy': 0.9697, 'precision': 0.7554, 'recall': 0.2833, 'f1': 0.412, 'auc': 0.8552}
val: {'epoch': 58, 'loss': 0.0792, 'lr': 0.001, 'params': 1413904, 'time_iter': 2.8871, 'accuracy': 0.9815, 'precision': 0.5806, 'recall': 0.2222, 'f1': 0.3214, 'auc': 0.8058}
train: {'epoch': 58, 'eta': 631216.9714, 'loss': 0.1083, 'lr': 0.001, 'params': 1413904, 'time_iter': 15.0997, 'accuracy': 0.9692, 'precision': 0.7198, 'recall': 0.2898, 'f1': 0.4132, 'auc': 0.8619}
val: {'epoch': 59, 'loss': 0.0824, 'lr': 0.001, 'params': 1413904, 'time_iter': 2.8016, 'accuracy': 0.982, 'precision': 0.5946, 'recall': 0.2716, 'f1': 0.3729, 'auc': 0.7963}
train: {'epoch': 59, 'eta': 615916.0229, 'loss': 0.1096, 'lr': 0.001, 'params': 1413904, 'time_iter': 15.0995, 'accuracy': 0.9691, 'precision': 0.7373, 'recall': 0.2711, 'f1': 0.3964, 'auc': 0.8518}
val: {'epoch': 60, 'loss': 0.0828, 'lr': 0.001, 'params': 1413904, 'time_iter': 2.9248, 'accuracy': 0.981, 'precision': 0.5455, 'recall': 0.2222, 'f1': 0.3158, 'auc': 0.8057}
train: {'epoch': 60, 'eta': 600541.8304, 'loss': 0.1077, 'lr': 0.001, 'params': 1413904, 'time_iter': 15.0, 'accuracy': 0.9695, 'precision': 0.7291, 'recall': 0.2971, 'f1': 0.4221, 'auc': 0.8596}
val: {'epoch': 61, 'loss': 0.0866, 'lr': 0.001, 'params': 1413904, 'time_iter': 2.7483, 'accuracy': 0.9815, 'precision': 0.6316, 'recall': 0.1481, 'f1': 0.24, 'auc': 0.7851}
train: {'epoch': 61, 'eta': 585484.9318, 'loss': 0.1087, 'lr': 0.001, 'params': 1413904, 'time_iter': 15.5062, 'accuracy': 0.9698, 'precision': 0.7593, 'recall': 0.2817, 'f1': 0.4109, 'auc': 0.8598}
val: {'epoch': 62, 'loss': 0.0889, 'lr': 0.001, 'params': 1413904, 'time_iter': 2.9639, 'accuracy': 0.9791, 'precision': 0.4359, 'recall': 0.2099, 'f1': 0.2833, 'auc': 0.7801}
train: {'epoch': 62, 'eta': 570099.5074, 'loss': 0.1078, 'lr': 0.001, 'params': 1413904, 'time_iter': 15.0098, 'accuracy': 0.9698, 'precision': 0.7537, 'recall': 0.2881, 'f1': 0.4169, 'auc': 0.8577}
val: {'epoch': 63, 'loss': 0.0891, 'lr': 0.001, 'params': 1413904, 'time_iter': 2.8037, 'accuracy': 0.9813, 'precision': 0.5769, 'recall': 0.1852, 'f1': 0.2804, 'auc': 0.7718}
train: {'epoch': 63, 'eta': 554934.7908, 'loss': 0.1078, 'lr': 0.001, 'params': 1413904, 'time_iter': 15.3943, 'accuracy': 0.9687, 'precision': 0.7146, 'recall': 0.2744, 'f1': 0.3965, 'auc': 0.8594}
val: {'epoch': 64, 'loss': 0.0874, 'lr': 0.001, 'params': 1413904, 'time_iter': 2.9677, 'accuracy': 0.9793, 'precision': 0.4412, 'recall': 0.1852, 'f1': 0.2609, 'auc': 0.8185}
train: {'epoch': 64, 'eta': 539445.0519, 'loss': 0.1067, 'lr': 0.001, 'params': 1413904, 'time_iter': 14.8453, 'accuracy': 0.9699, 'precision': 0.7454, 'recall': 0.2971, 'f1': 0.4248, 'auc': 0.8623}
val: {'epoch': 65, 'loss': 0.0915, 'lr': 0.001, 'params': 1413904, 'time_iter': 2.6961, 'accuracy': 0.9808, 'precision': 0.5833, 'recall': 0.0864, 'f1': 0.1505, 'auc': 0.7887}
train: {'epoch': 65, 'eta': 524082.5864, 'loss': 0.1062, 'lr': 0.001, 'params': 1413904, 'time_iter': 15.0731, 'accuracy': 0.9699, 'precision': 0.7495, 'recall': 0.2938, 'f1': 0.4222, 'auc': 0.8635}
val: {'epoch': 66, 'loss': 0.0879, 'lr': 0.001, 'params': 1413904, 'time_iter': 2.9072, 'accuracy': 0.9825, 'precision': 0.7368, 'recall': 0.1728, 'f1': 0.28, 'auc': 0.7459}
train: {'epoch': 66, 'eta': 508629.0549, 'loss': 0.1067, 'lr': 0.001, 'params': 1413904, 'time_iter': 14.9022, 'accuracy': 0.9695, 'precision': 0.7289, 'recall': 0.2946, 'f1': 0.4197, 'auc': 0.8637}
val: {'epoch': 67, 'loss': 0.0866, 'lr': 0.001, 'params': 1413904, 'time_iter': 2.7438, 'accuracy': 0.982, 'precision': 0.6296, 'recall': 0.2099, 'f1': 0.3148, 'auc': 0.7897}
train: {'epoch': 67, 'eta': 493069.6412, 'loss': 0.1063, 'lr': 0.001, 'params': 1413904, 'time_iter': 14.6763, 'accuracy': 0.9696, 'precision': 0.7348, 'recall': 0.2946, 'f1': 0.4206, 'auc': 0.8662}
val: {'epoch': 68, 'loss': 0.0892, 'lr': 0.001, 'params': 1413904, 'time_iter': 2.9589, 'accuracy': 0.9818, 'precision': 0.5789, 'recall': 0.2716, 'f1': 0.3697, 'auc': 0.7701}
train: {'epoch': 68, 'eta': 477545.5506, 'loss': 0.1062, 'lr': 0.001, 'params': 1413904, 'time_iter': 14.724, 'accuracy': 0.97, 'precision': 0.7515, 'recall': 0.2971, 'f1': 0.4258, 'auc': 0.868}
val: {'epoch': 69, 'loss': 0.0986, 'lr': 0.001, 'params': 1413904, 'time_iter': 2.7262, 'accuracy': 0.9801, 'precision': 0.48, 'recall': 0.1481, 'f1': 0.2264, 'auc': 0.7498}
train: {'epoch': 69, 'eta': 462308.9619, 'loss': 0.1046, 'lr': 0.001, 'params': 1413904, 'time_iter': 15.3517, 'accuracy': 0.9703, 'precision': 0.7602, 'recall': 0.3011, 'f1': 0.4314, 'auc': 0.8717}
val: {'epoch': 70, 'loss': 0.0935, 'lr': 0.001, 'params': 1413904, 'time_iter': 2.6674, 'accuracy': 0.9813, 'precision': 0.6667, 'recall': 0.0988, 'f1': 0.172, 'auc': 0.7484}
train: {'epoch': 70, 'eta': 447061.4932, 'loss': 0.105, 'lr': 0.001, 'params': 1413904, 'time_iter': 15.3634, 'accuracy': 0.9705, 'precision': 0.761, 'recall': 0.3076, 'f1': 0.4382, 'auc': 0.8712}
val: {'epoch': 71, 'loss': 0.088, 'lr': 0.001, 'params': 1413904, 'time_iter': 2.7297, 'accuracy': 0.9825, 'precision': 0.6667, 'recall': 0.2222, 'f1': 0.3333, 'auc': 0.8019}
train: {'epoch': 71, 'eta': 431640.5452, 'loss': 0.105, 'lr': 0.001, 'params': 1413904, 'time_iter': 14.9689, 'accuracy': 0.9704, 'precision': 0.7676, 'recall': 0.3003, 'f1': 0.4317, 'auc': 0.8705}
val: {'epoch': 72, 'loss': 0.0821, 'lr': 0.001, 'params': 1413904, 'time_iter': 2.6792, 'accuracy': 0.982, 'precision': 0.6667, 'recall': 0.1728, 'f1': 0.2745, 'auc': 0.8029}
train: {'epoch': 72, 'eta': 416249.0607, 'loss': 0.104, 'lr': 0.001, 'params': 1413904, 'time_iter': 15.045, 'accuracy': 0.9709, 'precision': 0.7838, 'recall': 0.306, 'f1': 0.4402, 'auc': 0.8708}
val: {'epoch': 73, 'loss': 0.0863, 'lr': 0.001, 'params': 1413904, 'time_iter': 2.7583, 'accuracy': 0.9818, 'precision': 0.6071, 'recall': 0.2099, 'f1': 0.3119, 'auc': 0.7901}
train: {'epoch': 73, 'eta': 400839.0375, 'loss': 0.1033, 'lr': 0.001, 'params': 1413904, 'time_iter': 15.0004, 'accuracy': 0.9708, 'precision': 0.7606, 'recall': 0.3198, 'f1': 0.4503, 'auc': 0.8766}
val: {'epoch': 74, 'loss': 0.085, 'lr': 0.001, 'params': 1413904, 'time_iter': 2.6572, 'accuracy': 0.982, 'precision': 0.6667, 'recall': 0.1728, 'f1': 0.2745, 'auc': 0.8176}
train: {'epoch': 74, 'eta': 385529.6231, 'loss': 0.1038, 'lr': 0.001, 'params': 1413904, 'time_iter': 15.2957, 'accuracy': 0.9705, 'precision': 0.7471, 'recall': 0.319, 'f1': 0.4471, 'auc': 0.8703}
val: {'epoch': 75, 'loss': 0.0876, 'lr': 0.001, 'params': 1413904, 'time_iter': 2.8159, 'accuracy': 0.9823, 'precision': 0.6333, 'recall': 0.2346, 'f1': 0.3423, 'auc': 0.7605}
train: {'epoch': 75, 'eta': 370152.9076, 'loss': 0.1041, 'lr': 0.001, 'params': 1413904, 'time_iter': 15.1234, 'accuracy': 0.9701, 'precision': 0.7426, 'recall': 0.3068, 'f1': 0.4342, 'auc': 0.8738}
val: {'epoch': 76, 'loss': 0.0931, 'lr': 0.001, 'params': 1413904, 'time_iter': 2.7569, 'accuracy': 0.9813, 'precision': 0.5667, 'recall': 0.2099, 'f1': 0.3063, 'auc': 0.7991}
train: {'epoch': 76, 'eta': 354743.0766, 'loss': 0.103, 'lr': 0.001, 'params': 1413904, 'time_iter': 15.0313, 'accuracy': 0.9711, 'precision': 0.7804, 'recall': 0.3174, 'f1': 0.4512, 'auc': 0.8751}
val: {'epoch': 77, 'loss': 0.0874, 'lr': 0.001, 'params': 1413904, 'time_iter': 2.8344, 'accuracy': 0.9825, 'precision': 0.6957, 'recall': 0.1975, 'f1': 0.3077, 'auc': 0.7767}
train: {'epoch': 77, 'eta': 339227.9805, 'loss': 0.1031, 'lr': 0.001, 'params': 1413904, 'time_iter': 14.6737, 'accuracy': 0.9702, 'precision': 0.7561, 'recall': 0.3019, 'f1': 0.4316, 'auc': 0.8786}
val: {'epoch': 78, 'loss': 0.0907, 'lr': 0.001, 'params': 1413904, 'time_iter': 2.7981, 'accuracy': 0.9827, 'precision': 0.75, 'recall': 0.1852, 'f1': 0.297, 'auc': 0.7852}
train: {'epoch': 78, 'eta': 323852.7667, 'loss': 0.103, 'lr': 0.001, 'params': 1413904, 'time_iter': 15.1466, 'accuracy': 0.9707, 'precision': 0.7548, 'recall': 0.3222, 'f1': 0.4516, 'auc': 0.8759}
val: {'epoch': 79, 'loss': 0.0885, 'lr': 0.001, 'params': 1413904, 'time_iter': 2.8463, 'accuracy': 0.981, 'precision': 0.5517, 'recall': 0.1975, 'f1': 0.2909, 'auc': 0.7622}
train: {'epoch': 79, 'eta': 308334.9238, 'loss': 0.1029, 'lr': 0.001, 'params': 1413904, 'time_iter': 14.6127, 'accuracy': 0.9708, 'precision': 0.7689, 'recall': 0.3133, 'f1': 0.4452, 'auc': 0.8788}
val: {'epoch': 80, 'loss': 0.0881, 'lr': 0.001, 'params': 1413904, 'time_iter': 2.7691, 'accuracy': 0.982, 'precision': 0.6522, 'recall': 0.1852, 'f1': 0.2885, 'auc': 0.7891}
train: {'epoch': 80, 'eta': 292913.7136, 'loss': 0.1024, 'lr': 0.001, 'params': 1413904, 'time_iter': 14.9638, 'accuracy': 0.971, 'precision': 0.7653, 'recall': 0.3255, 'f1': 0.4567, 'auc': 0.8761}
val: {'epoch': 81, 'loss': 0.0874, 'lr': 0.001, 'params': 1413904, 'time_iter': 2.8912, 'accuracy': 0.9815, 'precision': 0.6, 'recall': 0.1852, 'f1': 0.283, 'auc': 0.802}
train: {'epoch': 81, 'eta': 277510.9403, 'loss': 0.1016, 'lr': 0.001, 'params': 1413904, 'time_iter': 15.0429, 'accuracy': 0.9708, 'precision': 0.7561, 'recall': 0.3247, 'f1': 0.4543, 'auc': 0.8787}
val: {'epoch': 82, 'loss': 0.0972, 'lr': 0.001, 'params': 1413904, 'time_iter': 2.7871, 'accuracy': 0.982, 'precision': 0.7333, 'recall': 0.1358, 'f1': 0.2292, 'auc': 0.7736}
train: {'epoch': 82, 'eta': 262119.8786, 'loss': 0.1015, 'lr': 0.001, 'params': 1413904, 'time_iter': 15.1071, 'accuracy': 0.9707, 'precision': 0.7602, 'recall': 0.3166, 'f1': 0.447, 'auc': 0.8779}
val: {'epoch': 83, 'loss': 0.0843, 'lr': 0.001, 'params': 1413904, 'time_iter': 2.9967, 'accuracy': 0.9818, 'precision': 0.6071, 'recall': 0.2099, 'f1': 0.3119, 'auc': 0.8282}
train: {'epoch': 83, 'eta': 246712.0413, 'loss': 0.1019, 'lr': 0.001, 'params': 1413904, 'time_iter': 15.0403, 'accuracy': 0.9703, 'precision': 0.7576, 'recall': 0.3044, 'f1': 0.4343, 'auc': 0.8832}
val: {'epoch': 84, 'loss': 0.0849, 'lr': 0.001, 'params': 1413904, 'time_iter': 2.8078, 'accuracy': 0.9815, 'precision': 0.6087, 'recall': 0.1728, 'f1': 0.2692, 'auc': 0.7897}
train: {'epoch': 84, 'eta': 231315.8127, 'loss': 0.1021, 'lr': 0.001, 'params': 1413904, 'time_iter': 15.1131, 'accuracy': 0.9702, 'precision': 0.739, 'recall': 0.3149, 'f1': 0.4417, 'auc': 0.8791}
val: {'epoch': 85, 'loss': 0.0875, 'lr': 0.001, 'params': 1413904, 'time_iter': 2.9747, 'accuracy': 0.981, 'precision': 0.5652, 'recall': 0.1605, 'f1': 0.25, 'auc': 0.8302}
train: {'epoch': 85, 'eta': 215901.9504, 'loss': 0.1019, 'lr': 0.001, 'params': 1413904, 'time_iter': 15.0294, 'accuracy': 0.9705, 'precision': 0.7642, 'recall': 0.3052, 'f1': 0.4362, 'auc': 0.8814}
val: {'epoch': 86, 'loss': 0.0971, 'lr': 0.001, 'params': 1413904, 'time_iter': 2.7783, 'accuracy': 0.981, 'precision': 0.5882, 'recall': 0.1235, 'f1': 0.2041, 'auc': 0.7732}
train: {'epoch': 86, 'eta': 200445.3664, 'loss': 0.1003, 'lr': 0.001, 'params': 1413904, 'time_iter': 14.7592, 'accuracy': 0.9713, 'precision': 0.7671, 'recall': 0.3369, 'f1': 0.4681, 'auc': 0.8839}
val: {'epoch': 87, 'loss': 0.0888, 'lr': 0.001, 'params': 1413904, 'time_iter': 2.6617, 'accuracy': 0.9827, 'precision': 0.8125, 'recall': 0.1605, 'f1': 0.268, 'auc': 0.7905}
train: {'epoch': 87, 'eta': 185108.9802, 'loss': 0.1019, 'lr': 0.001, 'params': 1413904, 'time_iter': 15.5722, 'accuracy': 0.9708, 'precision': 0.7596, 'recall': 0.3206, 'f1': 0.4509, 'auc': 0.8819}
val: {'epoch': 88, 'loss': 0.0941, 'lr': 0.001, 'params': 1413904, 'time_iter': 2.7955, 'accuracy': 0.982, 'precision': 0.6842, 'recall': 0.1605, 'f1': 0.26, 'auc': 0.7783}
train: {'epoch': 88, 'eta': 169687.0252, 'loss': 0.1012, 'lr': 0.001, 'params': 1413904, 'time_iter': 15.0208, 'accuracy': 0.9711, 'precision': 0.7666, 'recall': 0.3279, 'f1': 0.4594, 'auc': 0.8823}
val: {'epoch': 89, 'loss': 0.0919, 'lr': 0.001, 'params': 1413904, 'time_iter': 2.7994, 'accuracy': 0.9825, 'precision': 0.7368, 'recall': 0.1728, 'f1': 0.28, 'auc': 0.7865}
train: {'epoch': 89, 'eta': 154254.2418, 'loss': 0.1001, 'lr': 0.001, 'params': 1413904, 'time_iter': 14.9328, 'accuracy': 0.9717, 'precision': 0.7852, 'recall': 0.3352, 'f1': 0.4699, 'auc': 0.8839}
val: {'epoch': 90, 'loss': 0.0893, 'lr': 0.001, 'params': 1413904, 'time_iter': 2.8265, 'accuracy': 0.9818, 'precision': 0.625, 'recall': 0.1852, 'f1': 0.2857, 'auc': 0.7833}
train: {'epoch': 90, 'eta': 138828.8198, 'loss': 0.0996, 'lr': 0.001, 'params': 1413904, 'time_iter': 14.9907, 'accuracy': 0.971, 'precision': 0.7593, 'recall': 0.3304, 'f1': 0.4604, 'auc': 0.8864}
val: {'epoch': 91, 'loss': 0.1001, 'lr': 0.001, 'params': 1413904, 'time_iter': 2.7668, 'accuracy': 0.983, 'precision': 0.8667, 'recall': 0.1605, 'f1': 0.2708, 'auc': 0.7416}
train: {'epoch': 91, 'eta': 123402.058, 'loss': 0.0999, 'lr': 0.001, 'params': 1413904, 'time_iter': 14.9757, 'accuracy': 0.9719, 'precision': 0.7854, 'recall': 0.3417, 'f1': 0.4762, 'auc': 0.8837}
val: {'epoch': 92, 'loss': 0.0886, 'lr': 0.001, 'params': 1413904, 'time_iter': 2.8886, 'accuracy': 0.9818, 'precision': 0.6364, 'recall': 0.1728, 'f1': 0.2718, 'auc': 0.8041}
train: {'epoch': 92, 'eta': 107950.9258, 'loss': 0.1004, 'lr': 0.001, 'params': 1413904, 'time_iter': 14.6565, 'accuracy': 0.9712, 'precision': 0.7634, 'recall': 0.3352, 'f1': 0.4659, 'auc': 0.8841}
val: {'epoch': 93, 'loss': 0.0849, 'lr': 0.001, 'params': 1413904, 'time_iter': 2.7712, 'accuracy': 0.9815, 'precision': 0.5862, 'recall': 0.2099, 'f1': 0.3091, 'auc': 0.8208}
train: {'epoch': 93, 'eta': 92532.1167, 'loss': 0.0987, 'lr': 0.001, 'params': 1413904, 'time_iter': 15.0288, 'accuracy': 0.9717, 'precision': 0.7768, 'recall': 0.3417, 'f1': 0.4746, 'auc': 0.8912}
val: {'epoch': 94, 'loss': 0.0854, 'lr': 0.001, 'params': 1413904, 'time_iter': 2.9344, 'accuracy': 0.9813, 'precision': 0.5833, 'recall': 0.1728, 'f1': 0.2667, 'auc': 0.7996}
train: {'epoch': 94, 'eta': 77091.8945, 'loss': 0.0987, 'lr': 0.001, 'params': 1413904, 'time_iter': 14.6513, 'accuracy': 0.9712, 'precision': 0.7572, 'recall': 0.3417, 'f1': 0.4709, 'auc': 0.8898}
val: {'epoch': 95, 'loss': 0.0914, 'lr': 0.001, 'params': 1413904, 'time_iter': 2.7603, 'accuracy': 0.9823, 'precision': 0.7, 'recall': 0.1728, 'f1': 0.2772, 'auc': 0.8066}
train: {'epoch': 95, 'eta': 61692.4118, 'loss': 0.0977, 'lr': 0.001, 'params': 1413904, 'time_iter': 15.4246, 'accuracy': 0.9718, 'precision': 0.7798, 'recall': 0.345, 'f1': 0.4783, 'auc': 0.8909}
val: {'epoch': 96, 'loss': 0.0895, 'lr': 0.001, 'params': 1413904, 'time_iter': 2.9231, 'accuracy': 0.9805, 'precision': 0.52, 'recall': 0.1605, 'f1': 0.2453, 'auc': 0.8182}
train: {'epoch': 96, 'eta': 46265.527, 'loss': 0.0983, 'lr': 0.001, 'params': 1413904, 'time_iter': 14.8696, 'accuracy': 0.9712, 'precision': 0.7554, 'recall': 0.3409, 'f1': 0.4698, 'auc': 0.8936}
val: {'epoch': 97, 'loss': 0.1031, 'lr': 0.001, 'params': 1413904, 'time_iter': 2.7824, 'accuracy': 0.9818, 'precision': 0.7143, 'recall': 0.1235, 'f1': 0.2105, 'auc': 0.7578}
train: {'epoch': 97, 'eta': 30844.6512, 'loss': 0.0971, 'lr': 0.001, 'params': 1413904, 'time_iter': 15.0332, 'accuracy': 0.9719, 'precision': 0.7827, 'recall': 0.345, 'f1': 0.4789, 'auc': 0.8954}
val: {'epoch': 98, 'loss': 0.0923, 'lr': 0.001, 'params': 1413904, 'time_iter': 2.7226, 'accuracy': 0.982, 'precision': 0.64, 'recall': 0.1975, 'f1': 0.3019, 'auc': 0.7791}
train: {'epoch': 98, 'eta': 15420.314, 'loss': 0.0973, 'lr': 0.001, 'params': 1413904, 'time_iter': 14.7941, 'accuracy': 0.9715, 'precision': 0.7611, 'recall': 0.349, 'f1': 0.4786, 'auc': 0.8936}
val: {'epoch': 99, 'loss': 0.0992, 'lr': 0.001, 'params': 1413904, 'time_iter': 2.7729, 'accuracy': 0.9805, 'precision': 0.5152, 'recall': 0.2099, 'f1': 0.2982, 'auc': 0.744}
train: {'epoch': 99, 'eta': 0.0, 'loss': 0.0965, 'lr': 0.001, 'params': 1413904, 'time_iter': 14.8171, 'accuracy': 0.9726, 'precision': 0.7912, 'recall': 0.3628, 'f1': 0.4975, 'auc': 0.8958}
test: {'epoch': 99, 'loss': 0.1582, 'lr': 0.001, 'params': 1413904, 'time_iter': 2.5792, 'accuracy': 0.9696, 'precision': 0.561, 'recall': 0.1769, 'f1': 0.269, 'auc': 0.7285}
test: {'epoch': 85, 'loss': 0.1437, 'lr': 0.001, 'params': 1413904, 'time_iter': 2.6044, 'accuracy': 0.9708, 'precision': 0.625, 'recall': 0.1923, 'f1': 0.2941, 'auc': 0.7749}
