GraphGymModule(
  (model): DilatedGNNModel(
    (encoder): FeatureEncoder(
      (node_encoder): AtomEncoder(
        (atom_embedding_list): ModuleList(
          (0): Embedding(119, 300)
          (1): Embedding(4, 300)
          (2): Embedding(12, 300)
          (3): Embedding(12, 300)
          (4): Embedding(10, 300)
          (5): Embedding(6, 300)
          (6): Embedding(6, 300)
          (7): Embedding(2, 300)
          (8): Embedding(2, 300)
        )
      )
      (edge_encoder): BondEncoder(
        (bond_embedding_list): ModuleList(
          (0): Embedding(5, 300)
          (1): Embedding(6, 300)
          (2): Embedding(2, 300)
        )
      )
    )
    (mp): GNNDilatedEdgesFeatureStage(
      (classic_layers): ModuleList(
        (0): GeneralLayer(
          (layer): EGINConv(
            (model): GINEConv(nn=Sequential(
              (0): Linear(300, 300, bias=True)
              (1): ReLU()
              (2): Linear(300, 300, bias=True)
            ))
          )
          (post_layer): Sequential(
            (0): BatchNorm1d(300, eps=1e-05, momentum=0.1, affine=True, track_running_stats=True)
            (1): Dropout(p=0.5, inplace=False)
            (2): ReLU()
          )
        )
        (1): GeneralLayer(
          (layer): EGINConv(
            (model): GINEConv(nn=Sequential(
              (0): Linear(300, 300, bias=True)
              (1): ReLU()
              (2): Linear(300, 300, bias=True)
            ))
          )
          (post_layer): Sequential(
            (0): BatchNorm1d(300, eps=1e-05, momentum=0.1, affine=True, track_running_stats=True)
            (1): Dropout(p=0.5, inplace=False)
            (2): ReLU()
          )
        )
        (2): GeneralLayer(
          (layer): EGINConv(
            (model): GINEConv(nn=Sequential(
              (0): Linear(300, 300, bias=True)
              (1): ReLU()
              (2): Linear(300, 300, bias=True)
            ))
          )
          (post_layer): Sequential(
            (0): BatchNorm1d(300, eps=1e-05, momentum=0.1, affine=True, track_running_stats=True)
            (1): Dropout(p=0.5, inplace=False)
            (2): ReLU()
          )
        )
      )
      (dilated_layers): ModuleList(
        (0): DilatedGeneralLayer(
          (layer): EGINConv(
            (model): GINEConv(nn=Sequential(
              (0): Linear(300, 300, bias=True)
              (1): ReLU()
              (2): Linear(300, 300, bias=True)
            ))
          )
          (post_layer): Sequential(
            (0): BatchNorm1d(300, eps=1e-05, momentum=0.1, affine=True, track_running_stats=True)
            (1): Dropout(p=0.5, inplace=False)
            (2): ReLU()
          )
          (gem): GeM(p=3.0000, eps=1e-06)
        )
        (1): DilatedGeneralLayer(
          (layer): EGINConv(
            (model): GINEConv(nn=Sequential(
              (0): Linear(300, 300, bias=True)
              (1): ReLU()
              (2): Linear(300, 300, bias=True)
            ))
          )
          (post_layer): Sequential(
            (0): BatchNorm1d(300, eps=1e-05, momentum=0.1, affine=True, track_running_stats=True)
            (1): Dropout(p=0.5, inplace=False)
            (2): ReLU()
          )
          (gem): GeM(p=3.0000, eps=1e-06)
        )
      )
      (act): ReLU()
    )
    (post_mp): GNNGraphHead(
      (layer_post_mp): MLP(
        (model): Sequential(
          (0): Linear(
            (model): Linear(600, 1, bias=True)
          )
        )
      )
    )
  )
)
accelerator: cuda
benchmark: False
bn:
  eps: 1e-05
  mom: 0.1
cfg_dest: config.yaml
custom_metrics: []
dataset:
  cache_load: False
  cache_save: False
  dir: ./datasets
  edge_dim: 300
  edge_encoder: True
  edge_encoder_bn: False
  edge_encoder_name: Bond
  edge_message_ratio: 0.8
  edge_negative_sampling_ratio: 1.0
  edge_train_mode: all
  encoder: True
  encoder_bn: True
  encoder_dim: 128
  encoder_name: db
  fast_loader: False
  format: OGB
  label_column: none
  label_table: none
  location: local
  name: ogbg-molhiv
  node_encoder: True
  node_encoder_bn: False
  node_encoder_name: Atom
  remove_feature: False
  resample_disjoint: False
  resample_negative: False
  shuffle_split: True
  split: [0.8, 0.1, 0.1]
  split_mode: random
  task: graph
  task_type: classification
  to_undirected: False
  transductive: False
  transform: none
  tu_simple: True
devices: 1
gnn:
  act: relu
  act_on_last_layer_mp: True
  agg: none
  att_final_linear: False
  att_final_linear_bn: False
  att_heads: 1
  batchnorm: True
  clear_feature: True
  dim_inner: 300
  dropout: 0.5
  head: graph
  keep_edge: 0.5
  l2norm: True
  layer_type: eginconv
  layers_k1: 3
  layers_k2: 2
  layers_mp: 5
  layers_post_mp: 1
  layers_pre_mp: 0
  msg_direction: single
  normalize_adj: False
  self_msg: concat
  skip_every: 1
  stage_type: dilated_stage
  use_edge_features: True
gpu_mem: False
mem:
  inplace: False
metric_agg: argmax
metric_best: auc
model:
  edge_decoding: dot
  graph_pooling: mean
  loss_fun: cross_entropy
  match_upper: True
  size_average: mean
  thresh: 0.5
  type: dilated_gnn
num_threads: 6
num_workers: 16
optim:
  base_lr: 0.001
  lr_decay: 0.1
  max_epoch: 100
  momentum: 0.9
  optimizer: adam
  scheduler: none
  steps: [30, 60, 90]
  weight_decay: 0.0
out_dir: results_experiments/ogbg_molhiv_baseline_grid_comparison/ogbg_molhiv_baseline-type=dilated_gnn-stage_type=dilated_stage-layer_type=eginconv-layers_k1=3-layers_k2=2-act_on_last_layer_mp=True
params: 1413905
print: both
round: 4
run_dir: results_experiments/ogbg_molhiv_baseline_grid_comparison/ogbg_molhiv_baseline-type=dilated_gnn-stage_type=dilated_stage-layer_type=eginconv-layers_k1=3-layers_k2=2-act_on_last_layer_mp=True/4
seed: 5
share:
  dim_in: 9
  dim_out: 2
  num_splits: 3
tensorboard_agg: True
tensorboard_each_run: False
train:
  auto_resume: False
  batch_size: 32
  ckpt_clean: True
  ckpt_period: 100
  enable_ckpt: True
  epoch_resume: -1
  eval_period: 1
  iter_per_epoch: 32
  neighbor_sizes: [20, 15, 10, 5]
  node_per_graph: 32
  radius: extend
  sample_node: False
  sampler: full_batch
  skip_train_eval: False
  walk_length: 4
val:
  node_per_graph: 32
  radius: extend
  sample_node: False
  sampler: full_batch
view_emb: False
Num parameters: 1413905
val: {'epoch': 0, 'loss': 0.6884, 'lr': 0.001, 'params': 1413905, 'time_iter': 1.4378, 'accuracy': 0.9844, 'precision': 0.0, 'recall': 0.0, 'f1': 0.0, 'auc': 0.2222}
val: {'epoch': 0, 'loss': 0.0916, 'lr': 0.001, 'params': 1413905, 'time_iter': 3.1456, 'accuracy': 0.9803, 'precision': 0.0, 'recall': 0.0, 'f1': 0.0, 'auc': 0.6948}
train: {'epoch': 0, 'eta': 1525879.6155, 'loss': 0.1773, 'lr': 0.001, 'params': 1413905, 'time_iter': 14.9785, 'accuracy': 0.9625, 'precision': 0.2, 'recall': 0.0008, 'f1': 0.0016, 'auc': 0.597}
val: {'epoch': 1, 'loss': 0.0926, 'lr': 0.001, 'params': 1413905, 'time_iter': 2.6023, 'accuracy': 0.9803, 'precision': 0.0, 'recall': 0.0, 'f1': 0.0, 'auc': 0.6721}
train: {'epoch': 1, 'eta': 1562660.2763, 'loss': 0.1503, 'lr': 0.001, 'params': 1413905, 'time_iter': 16.0137, 'accuracy': 0.9626, 'precision': 0.0, 'recall': 0.0, 'f1': 0.0, 'auc': 0.6556}
val: {'epoch': 2, 'loss': 0.0925, 'lr': 0.001, 'params': 1413905, 'time_iter': 2.9264, 'accuracy': 0.9803, 'precision': 0.0, 'recall': 0.0, 'f1': 0.0, 'auc': 0.6679}
train: {'epoch': 2, 'eta': 1539652.9438, 'loss': 0.1496, 'lr': 0.001, 'params': 1413905, 'time_iter': 15.2839, 'accuracy': 0.9626, 'precision': 0.0, 'recall': 0.0, 'f1': 0.0, 'auc': 0.6576}
val: {'epoch': 3, 'loss': 0.093, 'lr': 0.001, 'params': 1413905, 'time_iter': 2.6615, 'accuracy': 0.9813, 'precision': 1.0, 'recall': 0.0494, 'f1': 0.0941, 'auc': 0.6899}
train: {'epoch': 3, 'eta': 1516846.0865, 'loss': 0.1483, 'lr': 0.001, 'params': 1413905, 'time_iter': 15.1446, 'accuracy': 0.9626, 'precision': 0.5714, 'recall': 0.0032, 'f1': 0.0065, 'auc': 0.6756}
val: {'epoch': 4, 'loss': 0.0903, 'lr': 0.001, 'params': 1413905, 'time_iter': 3.1031, 'accuracy': 0.9813, 'precision': 1.0, 'recall': 0.0494, 'f1': 0.0941, 'auc': 0.6897}
train: {'epoch': 4, 'eta': 1505186.3831, 'loss': 0.1475, 'lr': 0.001, 'params': 1413905, 'time_iter': 15.567, 'accuracy': 0.9629, 'precision': 0.9333, 'recall': 0.0114, 'f1': 0.0225, 'auc': 0.6786}
val: {'epoch': 5, 'loss': 0.0907, 'lr': 0.001, 'params': 1413905, 'time_iter': 2.8654, 'accuracy': 0.981, 'precision': 0.8, 'recall': 0.0494, 'f1': 0.093, 'auc': 0.6555}
train: {'epoch': 5, 'eta': 1485086.115, 'loss': 0.147, 'lr': 0.001, 'params': 1413905, 'time_iter': 15.1335, 'accuracy': 0.9627, 'precision': 0.8, 'recall': 0.0065, 'f1': 0.0129, 'auc': 0.6886}
val: {'epoch': 6, 'loss': 0.0908, 'lr': 0.001, 'params': 1413905, 'time_iter': 2.7505, 'accuracy': 0.9813, 'precision': 1.0, 'recall': 0.0494, 'f1': 0.0941, 'auc': 0.6915}
train: {'epoch': 6, 'eta': 1479189.0948, 'loss': 0.1471, 'lr': 0.001, 'params': 1413905, 'time_iter': 16.0778, 'accuracy': 0.9625, 'precision': 0.0, 'recall': 0.0, 'f1': 0.0, 'auc': 0.6898}
val: {'epoch': 7, 'loss': 0.09, 'lr': 0.001, 'params': 1413905, 'time_iter': 2.9365, 'accuracy': 0.9813, 'precision': 1.0, 'recall': 0.0494, 'f1': 0.0941, 'auc': 0.6892}
train: {'epoch': 7, 'eta': 1469221.4172, 'loss': 0.146, 'lr': 0.001, 'params': 1413905, 'time_iter': 15.9588, 'accuracy': 0.9627, 'precision': 0.6667, 'recall': 0.0081, 'f1': 0.016, 'auc': 0.699}
val: {'epoch': 8, 'loss': 0.0895, 'lr': 0.001, 'params': 1413905, 'time_iter': 2.598, 'accuracy': 0.9813, 'precision': 1.0, 'recall': 0.0494, 'f1': 0.0941, 'auc': 0.7038}
train: {'epoch': 8, 'eta': 1455138.7532, 'loss': 0.1459, 'lr': 0.001, 'params': 1413905, 'time_iter': 15.7011, 'accuracy': 0.9628, 'precision': 0.7647, 'recall': 0.0106, 'f1': 0.0208, 'auc': 0.6944}
val: {'epoch': 9, 'loss': 0.0902, 'lr': 0.001, 'params': 1413905, 'time_iter': 2.7256, 'accuracy': 0.981, 'precision': 0.8, 'recall': 0.0494, 'f1': 0.093, 'auc': 0.6852}
train: {'epoch': 9, 'eta': 1440282.991, 'loss': 0.1458, 'lr': 0.001, 'params': 1413905, 'time_iter': 15.6624, 'accuracy': 0.9627, 'precision': 0.6429, 'recall': 0.0073, 'f1': 0.0144, 'auc': 0.6984}
val: {'epoch': 10, 'loss': 0.0894, 'lr': 0.001, 'params': 1413905, 'time_iter': 2.9803, 'accuracy': 0.9805, 'precision': 0.5714, 'recall': 0.0494, 'f1': 0.0909, 'auc': 0.6868}
train: {'epoch': 10, 'eta': 1422846.6688, 'loss': 0.145, 'lr': 0.001, 'params': 1413905, 'time_iter': 15.38, 'accuracy': 0.963, 'precision': 0.7353, 'recall': 0.0203, 'f1': 0.0395, 'auc': 0.7046}
val: {'epoch': 11, 'loss': 0.0903, 'lr': 0.001, 'params': 1413905, 'time_iter': 2.9248, 'accuracy': 0.9803, 'precision': 0.5, 'recall': 0.0617, 'f1': 0.1099, 'auc': 0.697}
train: {'epoch': 11, 'eta': 1405410.4065, 'loss': 0.1443, 'lr': 0.001, 'params': 1413905, 'time_iter': 15.3444, 'accuracy': 0.9631, 'precision': 0.6939, 'recall': 0.0276, 'f1': 0.0531, 'auc': 0.7057}
val: {'epoch': 12, 'loss': 0.0877, 'lr': 0.001, 'params': 1413905, 'time_iter': 2.9618, 'accuracy': 0.9808, 'precision': 0.6, 'recall': 0.0741, 'f1': 0.1319, 'auc': 0.7077}
train: {'epoch': 12, 'eta': 1388901.2771, 'loss': 0.1429, 'lr': 0.001, 'params': 1413905, 'time_iter': 15.4423, 'accuracy': 0.9631, 'precision': 0.6324, 'recall': 0.0349, 'f1': 0.0662, 'auc': 0.7151}
val: {'epoch': 13, 'loss': 0.0906, 'lr': 0.001, 'params': 1413905, 'time_iter': 2.6441, 'accuracy': 0.9801, 'precision': 0.4444, 'recall': 0.0494, 'f1': 0.0889, 'auc': 0.6925}
train: {'epoch': 13, 'eta': 1372867.1257, 'loss': 0.1425, 'lr': 0.001, 'params': 1413905, 'time_iter': 15.5034, 'accuracy': 0.9631, 'precision': 0.65, 'recall': 0.0317, 'f1': 0.0604, 'auc': 0.7206}
val: {'epoch': 14, 'loss': 0.0901, 'lr': 0.001, 'params': 1413905, 'time_iter': 2.7145, 'accuracy': 0.981, 'precision': 0.6667, 'recall': 0.0741, 'f1': 0.1333, 'auc': 0.712}
train: {'epoch': 14, 'eta': 1356298.7504, 'loss': 0.1414, 'lr': 0.001, 'params': 1413905, 'time_iter': 15.41, 'accuracy': 0.9632, 'precision': 0.6852, 'recall': 0.03, 'f1': 0.0575, 'auc': 0.7282}
val: {'epoch': 15, 'loss': 0.0884, 'lr': 0.001, 'params': 1413905, 'time_iter': 3.5907, 'accuracy': 0.981, 'precision': 0.6154, 'recall': 0.0988, 'f1': 0.1702, 'auc': 0.7306}
train: {'epoch': 15, 'eta': 1340911.9715, 'loss': 0.1407, 'lr': 0.001, 'params': 1413905, 'time_iter': 15.6122, 'accuracy': 0.9632, 'precision': 0.6528, 'recall': 0.0381, 'f1': 0.0721, 'auc': 0.7325}
val: {'epoch': 16, 'loss': 0.0862, 'lr': 0.001, 'params': 1413905, 'time_iter': 2.8246, 'accuracy': 0.9815, 'precision': 0.7778, 'recall': 0.0864, 'f1': 0.1556, 'auc': 0.74}
train: {'epoch': 16, 'eta': 1326783.7036, 'loss': 0.1389, 'lr': 0.001, 'params': 1413905, 'time_iter': 15.8786, 'accuracy': 0.964, 'precision': 0.7353, 'recall': 0.0609, 'f1': 0.1124, 'auc': 0.739}
val: {'epoch': 17, 'loss': 0.086, 'lr': 0.001, 'params': 1413905, 'time_iter': 2.7729, 'accuracy': 0.9813, 'precision': 0.6667, 'recall': 0.0988, 'f1': 0.172, 'auc': 0.7379}
train: {'epoch': 17, 'eta': 1313778.4763, 'loss': 0.1377, 'lr': 0.001, 'params': 1413905, 'time_iter': 16.1706, 'accuracy': 0.9636, 'precision': 0.7059, 'recall': 0.0487, 'f1': 0.0911, 'auc': 0.7484}
val: {'epoch': 18, 'loss': 0.0954, 'lr': 0.001, 'params': 1413905, 'time_iter': 2.663, 'accuracy': 0.981, 'precision': 0.8, 'recall': 0.0494, 'f1': 0.093, 'auc': 0.7244}
train: {'epoch': 18, 'eta': 1297316.0135, 'loss': 0.136, 'lr': 0.001, 'params': 1413905, 'time_iter': 15.4697, 'accuracy': 0.964, 'precision': 0.7094, 'recall': 0.0674, 'f1': 0.1231, 'auc': 0.755}
val: {'epoch': 19, 'loss': 0.0845, 'lr': 0.001, 'params': 1413905, 'time_iter': 2.7384, 'accuracy': 0.9818, 'precision': 0.8, 'recall': 0.0988, 'f1': 0.1758, 'auc': 0.7744}
train: {'epoch': 19, 'eta': 1280612.7756, 'loss': 0.1353, 'lr': 0.001, 'params': 1413905, 'time_iter': 15.398, 'accuracy': 0.9641, 'precision': 0.6947, 'recall': 0.0739, 'f1': 0.1335, 'auc': 0.759}
val: {'epoch': 20, 'loss': 0.0861, 'lr': 0.001, 'params': 1413905, 'time_iter': 3.5021, 'accuracy': 0.9818, 'precision': 0.8, 'recall': 0.0988, 'f1': 0.1758, 'auc': 0.7608}
train: {'epoch': 20, 'eta': 1263147.3576, 'loss': 0.1348, 'lr': 0.001, 'params': 1413905, 'time_iter': 15.1799, 'accuracy': 0.9642, 'precision': 0.719, 'recall': 0.0706, 'f1': 0.1286, 'auc': 0.7591}
val: {'epoch': 21, 'loss': 0.0852, 'lr': 0.001, 'params': 1413905, 'time_iter': 2.7467, 'accuracy': 0.9815, 'precision': 0.6923, 'recall': 0.1111, 'f1': 0.1915, 'auc': 0.7445}
train: {'epoch': 21, 'eta': 1246899.7106, 'loss': 0.1338, 'lr': 0.001, 'params': 1413905, 'time_iter': 15.4677, 'accuracy': 0.964, 'precision': 0.6929, 'recall': 0.0714, 'f1': 0.1295, 'auc': 0.7686}
val: {'epoch': 22, 'loss': 0.0874, 'lr': 0.001, 'params': 1413905, 'time_iter': 2.8702, 'accuracy': 0.9808, 'precision': 0.6667, 'recall': 0.0494, 'f1': 0.092, 'auc': 0.7543}
train: {'epoch': 22, 'eta': 1231282.2717, 'loss': 0.1322, 'lr': 0.001, 'params': 1413905, 'time_iter': 15.6423, 'accuracy': 0.964, 'precision': 0.6899, 'recall': 0.0722, 'f1': 0.1308, 'auc': 0.7761}
val: {'epoch': 23, 'loss': 0.0832, 'lr': 0.001, 'params': 1413905, 'time_iter': 2.7118, 'accuracy': 0.9815, 'precision': 0.6667, 'recall': 0.1235, 'f1': 0.2083, 'auc': 0.7633}
train: {'epoch': 23, 'eta': 1215287.2, 'loss': 0.132, 'lr': 0.001, 'params': 1413905, 'time_iter': 15.5387, 'accuracy': 0.9644, 'precision': 0.7067, 'recall': 0.086, 'f1': 0.1534, 'auc': 0.7762}
val: {'epoch': 24, 'loss': 0.0871, 'lr': 0.001, 'params': 1413905, 'time_iter': 2.7486, 'accuracy': 0.9798, 'precision': 0.4583, 'recall': 0.1358, 'f1': 0.2095, 'auc': 0.7491}
train: {'epoch': 24, 'eta': 1199251.4921, 'loss': 0.1305, 'lr': 0.001, 'params': 1413905, 'time_iter': 15.5254, 'accuracy': 0.9645, 'precision': 0.7203, 'recall': 0.0836, 'f1': 0.1498, 'auc': 0.7834}
val: {'epoch': 25, 'loss': 0.0829, 'lr': 0.001, 'params': 1413905, 'time_iter': 3.1269, 'accuracy': 0.981, 'precision': 0.5789, 'recall': 0.1358, 'f1': 0.22, 'auc': 0.7759}
train: {'epoch': 25, 'eta': 1182705.9596, 'loss': 0.1308, 'lr': 0.001, 'params': 1413905, 'time_iter': 15.3497, 'accuracy': 0.9646, 'precision': 0.7171, 'recall': 0.0885, 'f1': 0.1575, 'auc': 0.7824}
val: {'epoch': 26, 'loss': 0.082, 'lr': 0.001, 'params': 1413905, 'time_iter': 2.76, 'accuracy': 0.9808, 'precision': 0.5556, 'recall': 0.1235, 'f1': 0.202, 'auc': 0.7713}
train: {'epoch': 26, 'eta': 1166795.1926, 'loss': 0.1298, 'lr': 0.001, 'params': 1413905, 'time_iter': 15.5579, 'accuracy': 0.9646, 'precision': 0.6932, 'recall': 0.099, 'f1': 0.1733, 'auc': 0.7822}
val: {'epoch': 27, 'loss': 0.0841, 'lr': 0.001, 'params': 1413905, 'time_iter': 2.9321, 'accuracy': 0.982, 'precision': 0.7692, 'recall': 0.1235, 'f1': 0.2128, 'auc': 0.7542}
train: {'epoch': 27, 'eta': 1150369.6262, 'loss': 0.1287, 'lr': 0.001, 'params': 1413905, 'time_iter': 15.366, 'accuracy': 0.965, 'precision': 0.7158, 'recall': 0.1104, 'f1': 0.1913, 'auc': 0.7908}
val: {'epoch': 28, 'loss': 0.1557, 'lr': 0.001, 'params': 1413905, 'time_iter': 2.6754, 'accuracy': 0.9536, 'precision': 0.1474, 'recall': 0.284, 'f1': 0.1941, 'auc': 0.7271}
train: {'epoch': 28, 'eta': 1134619.4553, 'loss': 0.1279, 'lr': 0.001, 'params': 1413905, 'time_iter': 15.6172, 'accuracy': 0.9644, 'precision': 0.6805, 'recall': 0.0933, 'f1': 0.1642, 'auc': 0.7952}
val: {'epoch': 29, 'loss': 0.084, 'lr': 0.001, 'params': 1413905, 'time_iter': 2.7381, 'accuracy': 0.9815, 'precision': 0.6471, 'recall': 0.1358, 'f1': 0.2245, 'auc': 0.75}
train: {'epoch': 29, 'eta': 1118731.396, 'loss': 0.1266, 'lr': 0.001, 'params': 1413905, 'time_iter': 15.5687, 'accuracy': 0.9651, 'precision': 0.7225, 'recall': 0.112, 'f1': 0.194, 'auc': 0.8004}
val: {'epoch': 30, 'loss': 0.0827, 'lr': 0.001, 'params': 1413905, 'time_iter': 3.2228, 'accuracy': 0.9818, 'precision': 0.8, 'recall': 0.0988, 'f1': 0.1758, 'auc': 0.7761}
train: {'epoch': 30, 'eta': 1101745.8892, 'loss': 0.1263, 'lr': 0.001, 'params': 1413905, 'time_iter': 15.0933, 'accuracy': 0.9653, 'precision': 0.7394, 'recall': 0.1128, 'f1': 0.1958, 'auc': 0.7989}
val: {'epoch': 31, 'loss': 0.086, 'lr': 0.001, 'params': 1413905, 'time_iter': 2.7212, 'accuracy': 0.9813, 'precision': 0.6667, 'recall': 0.0988, 'f1': 0.172, 'auc': 0.7778}
train: {'epoch': 31, 'eta': 1085084.935, 'loss': 0.1258, 'lr': 0.001, 'params': 1413905, 'time_iter': 15.2001, 'accuracy': 0.9651, 'precision': 0.7114, 'recall': 0.1161, 'f1': 0.1996, 'auc': 0.8014}
val: {'epoch': 32, 'loss': 0.0866, 'lr': 0.001, 'params': 1413905, 'time_iter': 2.8218, 'accuracy': 0.9813, 'precision': 0.7, 'recall': 0.0864, 'f1': 0.1538, 'auc': 0.7852}
train: {'epoch': 32, 'eta': 1068887.5353, 'loss': 0.1262, 'lr': 0.001, 'params': 1413905, 'time_iter': 15.3924, 'accuracy': 0.9649, 'precision': 0.701, 'recall': 0.1104, 'f1': 0.1907, 'auc': 0.8023}
val: {'epoch': 33, 'loss': 0.0799, 'lr': 0.001, 'params': 1413905, 'time_iter': 2.6786, 'accuracy': 0.9818, 'precision': 0.6875, 'recall': 0.1358, 'f1': 0.2268, 'auc': 0.7691}
train: {'epoch': 33, 'eta': 1053355.4071, 'loss': 0.1243, 'lr': 0.001, 'params': 1413905, 'time_iter': 15.7149, 'accuracy': 0.9655, 'precision': 0.7076, 'recall': 0.1356, 'f1': 0.2275, 'auc': 0.8042}
val: {'epoch': 34, 'loss': 0.0802, 'lr': 0.001, 'params': 1413905, 'time_iter': 2.8574, 'accuracy': 0.9818, 'precision': 0.6875, 'recall': 0.1358, 'f1': 0.2268, 'auc': 0.7887}
train: {'epoch': 34, 'eta': 1036978.3131, 'loss': 0.1249, 'lr': 0.001, 'params': 1413905, 'time_iter': 15.2918, 'accuracy': 0.9656, 'precision': 0.724, 'recall': 0.1299, 'f1': 0.2202, 'auc': 0.802}
val: {'epoch': 35, 'loss': 0.0821, 'lr': 0.001, 'params': 1413905, 'time_iter': 2.9949, 'accuracy': 0.9808, 'precision': 0.5556, 'recall': 0.1235, 'f1': 0.202, 'auc': 0.7769}
train: {'epoch': 35, 'eta': 1020704.8895, 'loss': 0.1236, 'lr': 0.001, 'params': 1413905, 'time_iter': 15.329, 'accuracy': 0.9656, 'precision': 0.7315, 'recall': 0.1282, 'f1': 0.2182, 'auc': 0.8057}
val: {'epoch': 36, 'loss': 0.0803, 'lr': 0.001, 'params': 1413905, 'time_iter': 2.7144, 'accuracy': 0.982, 'precision': 0.7333, 'recall': 0.1358, 'f1': 0.2292, 'auc': 0.7868}
train: {'epoch': 36, 'eta': 1004570.4596, 'loss': 0.1224, 'lr': 0.001, 'params': 1413905, 'time_iter': 15.3929, 'accuracy': 0.9666, 'precision': 0.7608, 'recall': 0.1575, 'f1': 0.2609, 'auc': 0.8094}
val: {'epoch': 37, 'loss': 0.0764, 'lr': 0.001, 'params': 1413905, 'time_iter': 2.7137, 'accuracy': 0.9815, 'precision': 0.6, 'recall': 0.1852, 'f1': 0.283, 'auc': 0.8056}
train: {'epoch': 37, 'eta': 987557.4248, 'loss': 0.1216, 'lr': 0.001, 'params': 1413905, 'time_iter': 14.8604, 'accuracy': 0.966, 'precision': 0.7137, 'recall': 0.1518, 'f1': 0.2503, 'auc': 0.8119}
val: {'epoch': 38, 'loss': 0.079, 'lr': 0.001, 'params': 1413905, 'time_iter': 2.7335, 'accuracy': 0.9808, 'precision': 0.5556, 'recall': 0.1235, 'f1': 0.202, 'auc': 0.7882}
train: {'epoch': 38, 'eta': 971740.0543, 'loss': 0.1215, 'lr': 0.001, 'params': 1413905, 'time_iter': 15.5484, 'accuracy': 0.966, 'precision': 0.7192, 'recall': 0.1518, 'f1': 0.2507, 'auc': 0.8131}
val: {'epoch': 39, 'loss': 0.0776, 'lr': 0.001, 'params': 1413905, 'time_iter': 2.8232, 'accuracy': 0.9803, 'precision': 0.5, 'recall': 0.1481, 'f1': 0.2286, 'auc': 0.8095}
train: {'epoch': 39, 'eta': 955800.4755, 'loss': 0.1206, 'lr': 0.001, 'params': 1413905, 'time_iter': 15.4751, 'accuracy': 0.9658, 'precision': 0.6963, 'recall': 0.1526, 'f1': 0.2503, 'auc': 0.8203}
val: {'epoch': 40, 'loss': 0.0867, 'lr': 0.001, 'params': 1413905, 'time_iter': 2.5834, 'accuracy': 0.9808, 'precision': 0.625, 'recall': 0.0617, 'f1': 0.1124, 'auc': 0.7735}
train: {'epoch': 40, 'eta': 939459.0152, 'loss': 0.1194, 'lr': 0.001, 'params': 1413905, 'time_iter': 15.2032, 'accuracy': 0.9664, 'precision': 0.7218, 'recall': 0.1664, 'f1': 0.2704, 'auc': 0.8224}
val: {'epoch': 41, 'loss': 0.0758, 'lr': 0.001, 'params': 1413905, 'time_iter': 2.8487, 'accuracy': 0.9815, 'precision': 0.5806, 'recall': 0.2222, 'f1': 0.3214, 'auc': 0.7946}
train: {'epoch': 41, 'eta': 923282.8424, 'loss': 0.1194, 'lr': 0.001, 'params': 1413905, 'time_iter': 15.2961, 'accuracy': 0.9668, 'precision': 0.7545, 'recall': 0.1696, 'f1': 0.277, 'auc': 0.82}
val: {'epoch': 42, 'loss': 0.074, 'lr': 0.001, 'params': 1413905, 'time_iter': 2.8664, 'accuracy': 0.9825, 'precision': 0.68, 'recall': 0.2099, 'f1': 0.3208, 'auc': 0.8171}
train: {'epoch': 42, 'eta': 907361.9291, 'loss': 0.1184, 'lr': 0.001, 'params': 1413905, 'time_iter': 15.4684, 'accuracy': 0.9662, 'precision': 0.6961, 'recall': 0.1729, 'f1': 0.277, 'auc': 0.824}
val: {'epoch': 43, 'loss': 0.0825, 'lr': 0.001, 'params': 1413905, 'time_iter': 2.6082, 'accuracy': 0.9815, 'precision': 0.6316, 'recall': 0.1481, 'f1': 0.24, 'auc': 0.7926}
train: {'epoch': 43, 'eta': 891408.7892, 'loss': 0.1176, 'lr': 0.001, 'params': 1413905, 'time_iter': 15.4436, 'accuracy': 0.9668, 'precision': 0.7309, 'recall': 0.1786, 'f1': 0.287, 'auc': 0.8277}
val: {'epoch': 44, 'loss': 0.0755, 'lr': 0.001, 'params': 1413905, 'time_iter': 2.751, 'accuracy': 0.983, 'precision': 0.72, 'recall': 0.2222, 'f1': 0.3396, 'auc': 0.8044}
train: {'epoch': 44, 'eta': 875131.2098, 'loss': 0.1169, 'lr': 0.001, 'params': 1413905, 'time_iter': 15.1835, 'accuracy': 0.9669, 'precision': 0.7233, 'recall': 0.1867, 'f1': 0.2968, 'auc': 0.8263}
val: {'epoch': 45, 'loss': 0.0778, 'lr': 0.001, 'params': 1413905, 'time_iter': 3.0957, 'accuracy': 0.983, 'precision': 0.7391, 'recall': 0.2099, 'f1': 0.3269, 'auc': 0.7994}
train: {'epoch': 45, 'eta': 859382.7696, 'loss': 0.1167, 'lr': 0.001, 'params': 1413905, 'time_iter': 15.598, 'accuracy': 0.9667, 'precision': 0.7188, 'recall': 0.1826, 'f1': 0.2913, 'auc': 0.8281}
val: {'epoch': 46, 'loss': 0.0821, 'lr': 0.001, 'params': 1413905, 'time_iter': 2.7197, 'accuracy': 0.981, 'precision': 0.5789, 'recall': 0.1358, 'f1': 0.22, 'auc': 0.8149}
train: {'epoch': 46, 'eta': 844199.1743, 'loss': 0.1172, 'lr': 0.001, 'params': 1413905, 'time_iter': 16.0959, 'accuracy': 0.9664, 'precision': 0.7, 'recall': 0.1818, 'f1': 0.2887, 'auc': 0.831}
val: {'epoch': 47, 'loss': 0.0776, 'lr': 0.001, 'params': 1413905, 'time_iter': 2.8919, 'accuracy': 0.9815, 'precision': 0.619, 'recall': 0.1605, 'f1': 0.2549, 'auc': 0.8249}
train: {'epoch': 47, 'eta': 828276.5285, 'loss': 0.1169, 'lr': 0.001, 'params': 1413905, 'time_iter': 15.4844, 'accuracy': 0.9673, 'precision': 0.737, 'recall': 0.1956, 'f1': 0.3092, 'auc': 0.825}
val: {'epoch': 48, 'loss': 0.078, 'lr': 0.001, 'params': 1413905, 'time_iter': 2.645, 'accuracy': 0.9827, 'precision': 0.8125, 'recall': 0.1605, 'f1': 0.268, 'auc': 0.8057}
train: {'epoch': 48, 'eta': 812363.2467, 'loss': 0.1155, 'lr': 0.001, 'params': 1413905, 'time_iter': 15.4936, 'accuracy': 0.9671, 'precision': 0.7232, 'recall': 0.1972, 'f1': 0.3099, 'auc': 0.8333}
val: {'epoch': 49, 'loss': 0.076, 'lr': 0.001, 'params': 1413905, 'time_iter': 2.7686, 'accuracy': 0.9808, 'precision': 0.5227, 'recall': 0.284, 'f1': 0.368, 'auc': 0.8119}
train: {'epoch': 49, 'eta': 796472.9423, 'loss': 0.1158, 'lr': 0.001, 'params': 1413905, 'time_iter': 15.5171, 'accuracy': 0.9671, 'precision': 0.7242, 'recall': 0.194, 'f1': 0.306, 'auc': 0.833}
val: {'epoch': 50, 'loss': 0.0766, 'lr': 0.001, 'params': 1413905, 'time_iter': 3.5056, 'accuracy': 0.982, 'precision': 0.6667, 'recall': 0.1728, 'f1': 0.2745, 'auc': 0.8223}
train: {'epoch': 50, 'eta': 780645.8427, 'loss': 0.1145, 'lr': 0.001, 'params': 1413905, 'time_iter': 15.5841, 'accuracy': 0.9674, 'precision': 0.7381, 'recall': 0.2013, 'f1': 0.3163, 'auc': 0.8342}
val: {'epoch': 51, 'loss': 0.0802, 'lr': 0.001, 'params': 1413905, 'time_iter': 2.7143, 'accuracy': 0.9827, 'precision': 0.6786, 'recall': 0.2346, 'f1': 0.3486, 'auc': 0.8049}
train: {'epoch': 51, 'eta': 765140.2435, 'loss': 0.1135, 'lr': 0.001, 'params': 1413905, 'time_iter': 15.931, 'accuracy': 0.9678, 'precision': 0.7537, 'recall': 0.2086, 'f1': 0.3268, 'auc': 0.8422}
val: {'epoch': 52, 'loss': 0.0802, 'lr': 0.001, 'params': 1413905, 'time_iter': 2.8838, 'accuracy': 0.9818, 'precision': 0.75, 'recall': 0.1111, 'f1': 0.1935, 'auc': 0.8267}
train: {'epoch': 52, 'eta': 748960.5872, 'loss': 0.1133, 'lr': 0.001, 'params': 1413905, 'time_iter': 15.229, 'accuracy': 0.9678, 'precision': 0.7377, 'recall': 0.2192, 'f1': 0.3379, 'auc': 0.8402}
val: {'epoch': 53, 'loss': 0.081, 'lr': 0.001, 'params': 1413905, 'time_iter': 2.5816, 'accuracy': 0.9825, 'precision': 0.8462, 'recall': 0.1358, 'f1': 0.234, 'auc': 0.8188}
train: {'epoch': 53, 'eta': 733246.1849, 'loss': 0.1133, 'lr': 0.001, 'params': 1413905, 'time_iter': 15.7383, 'accuracy': 0.9675, 'precision': 0.7095, 'recall': 0.224, 'f1': 0.3405, 'auc': 0.8356}
val: {'epoch': 54, 'loss': 0.0888, 'lr': 0.001, 'params': 1413905, 'time_iter': 2.7476, 'accuracy': 0.982, 'precision': 0.8889, 'recall': 0.0988, 'f1': 0.1778, 'auc': 0.8081}
train: {'epoch': 54, 'eta': 717258.4345, 'loss': 0.1136, 'lr': 0.001, 'params': 1413905, 'time_iter': 15.4343, 'accuracy': 0.9683, 'precision': 0.7624, 'recall': 0.224, 'f1': 0.3463, 'auc': 0.8387}
val: {'epoch': 55, 'loss': 0.0851, 'lr': 0.001, 'params': 1413905, 'time_iter': 3.1201, 'accuracy': 0.982, 'precision': 0.7059, 'recall': 0.1481, 'f1': 0.2449, 'auc': 0.803}
train: {'epoch': 55, 'eta': 701499.328, 'loss': 0.1124, 'lr': 0.001, 'params': 1413905, 'time_iter': 15.7125, 'accuracy': 0.9678, 'precision': 0.7224, 'recall': 0.2281, 'f1': 0.3467, 'auc': 0.8428}
val: {'epoch': 56, 'loss': 0.0764, 'lr': 0.001, 'params': 1413905, 'time_iter': 2.7047, 'accuracy': 0.9823, 'precision': 0.6818, 'recall': 0.1852, 'f1': 0.2913, 'auc': 0.8115}
train: {'epoch': 56, 'eta': 685939.0876, 'loss': 0.1126, 'lr': 0.001, 'params': 1413905, 'time_iter': 15.9871, 'accuracy': 0.9687, 'precision': 0.7636, 'recall': 0.2386, 'f1': 0.3636, 'auc': 0.8396}
val: {'epoch': 57, 'loss': 0.0833, 'lr': 0.001, 'params': 1413905, 'time_iter': 2.9353, 'accuracy': 0.9823, 'precision': 0.7222, 'recall': 0.1605, 'f1': 0.2626, 'auc': 0.7964}
train: {'epoch': 57, 'eta': 670045.6923, 'loss': 0.1116, 'lr': 0.001, 'params': 1413905, 'time_iter': 15.5812, 'accuracy': 0.9684, 'precision': 0.7442, 'recall': 0.2362, 'f1': 0.3586, 'auc': 0.8463}
val: {'epoch': 58, 'loss': 0.0793, 'lr': 0.001, 'params': 1413905, 'time_iter': 2.6377, 'accuracy': 0.982, 'precision': 0.6842, 'recall': 0.1605, 'f1': 0.26, 'auc': 0.829}
train: {'epoch': 58, 'eta': 654165.8093, 'loss': 0.1113, 'lr': 0.001, 'params': 1413905, 'time_iter': 15.6068, 'accuracy': 0.9688, 'precision': 0.7537, 'recall': 0.2459, 'f1': 0.3709, 'auc': 0.8452}
val: {'epoch': 59, 'loss': 0.0839, 'lr': 0.001, 'params': 1413905, 'time_iter': 2.7332, 'accuracy': 0.9827, 'precision': 0.8125, 'recall': 0.1605, 'f1': 0.268, 'auc': 0.8249}
train: {'epoch': 59, 'eta': 638144.2583, 'loss': 0.111, 'lr': 0.001, 'params': 1413905, 'time_iter': 15.409, 'accuracy': 0.9684, 'precision': 0.7264, 'recall': 0.25, 'f1': 0.372, 'auc': 0.8512}
val: {'epoch': 60, 'loss': 0.0767, 'lr': 0.001, 'params': 1413905, 'time_iter': 3.9442, 'accuracy': 0.9823, 'precision': 0.625, 'recall': 0.2469, 'f1': 0.354, 'auc': 0.828}
train: {'epoch': 60, 'eta': 622050.9425, 'loss': 0.11, 'lr': 0.001, 'params': 1413905, 'time_iter': 15.2916, 'accuracy': 0.9687, 'precision': 0.741, 'recall': 0.2508, 'f1': 0.3748, 'auc': 0.8515}
val: {'epoch': 61, 'loss': 0.0901, 'lr': 0.001, 'params': 1413905, 'time_iter': 2.6503, 'accuracy': 0.9815, 'precision': 0.6316, 'recall': 0.1481, 'f1': 0.24, 'auc': 0.8235}
train: {'epoch': 61, 'eta': 606215.2066, 'loss': 0.1108, 'lr': 0.001, 'params': 1413905, 'time_iter': 15.6817, 'accuracy': 0.9685, 'precision': 0.7419, 'recall': 0.2427, 'f1': 0.3657, 'auc': 0.8491}
val: {'epoch': 62, 'loss': 0.0808, 'lr': 0.001, 'params': 1413905, 'time_iter': 2.7949, 'accuracy': 0.9796, 'precision': 0.4727, 'recall': 0.321, 'f1': 0.3824, 'auc': 0.8181}
train: {'epoch': 62, 'eta': 590189.4991, 'loss': 0.1098, 'lr': 0.001, 'params': 1413905, 'time_iter': 15.3832, 'accuracy': 0.9686, 'precision': 0.7309, 'recall': 0.2557, 'f1': 0.3788, 'auc': 0.8515}
val: {'epoch': 63, 'loss': 0.0789, 'lr': 0.001, 'params': 1413905, 'time_iter': 2.6914, 'accuracy': 0.9832, 'precision': 0.7727, 'recall': 0.2099, 'f1': 0.3301, 'auc': 0.8291}
train: {'epoch': 63, 'eta': 574132.6218, 'loss': 0.1099, 'lr': 0.001, 'params': 1413905, 'time_iter': 15.3187, 'accuracy': 0.9692, 'precision': 0.7582, 'recall': 0.2622, 'f1': 0.3896, 'auc': 0.8493}
val: {'epoch': 64, 'loss': 0.0823, 'lr': 0.001, 'params': 1413905, 'time_iter': 2.9265, 'accuracy': 0.9813, 'precision': 0.5909, 'recall': 0.1605, 'f1': 0.2524, 'auc': 0.8313}
train: {'epoch': 64, 'eta': 558103.371, 'loss': 0.1093, 'lr': 0.001, 'params': 1413905, 'time_iter': 15.3523, 'accuracy': 0.9686, 'precision': 0.7281, 'recall': 0.2565, 'f1': 0.3794, 'auc': 0.8516}
val: {'epoch': 65, 'loss': 0.083, 'lr': 0.001, 'params': 1413905, 'time_iter': 2.6583, 'accuracy': 0.9815, 'precision': 0.6087, 'recall': 0.1728, 'f1': 0.2692, 'auc': 0.8378}
train: {'epoch': 65, 'eta': 542319.472, 'loss': 0.1083, 'lr': 0.001, 'params': 1413905, 'time_iter': 15.8019, 'accuracy': 0.9693, 'precision': 0.7434, 'recall': 0.2752, 'f1': 0.4017, 'auc': 0.8581}
val: {'epoch': 66, 'loss': 0.08, 'lr': 0.001, 'params': 1413905, 'time_iter': 2.81, 'accuracy': 0.9813, 'precision': 0.6111, 'recall': 0.1358, 'f1': 0.2222, 'auc': 0.8297}
train: {'epoch': 66, 'eta': 526133.8592, 'loss': 0.1093, 'lr': 0.001, 'params': 1413905, 'time_iter': 15.0373, 'accuracy': 0.9689, 'precision': 0.7386, 'recall': 0.2638, 'f1': 0.3888, 'auc': 0.854}
val: {'epoch': 67, 'loss': 0.0797, 'lr': 0.001, 'params': 1413905, 'time_iter': 2.8258, 'accuracy': 0.982, 'precision': 0.64, 'recall': 0.1975, 'f1': 0.3019, 'auc': 0.8405}
train: {'epoch': 67, 'eta': 509999.3316, 'loss': 0.1087, 'lr': 0.001, 'params': 1413905, 'time_iter': 15.0995, 'accuracy': 0.9688, 'precision': 0.7429, 'recall': 0.2557, 'f1': 0.3804, 'auc': 0.858}
val: {'epoch': 68, 'loss': 0.0841, 'lr': 0.001, 'params': 1413905, 'time_iter': 2.6821, 'accuracy': 0.982, 'precision': 0.7692, 'recall': 0.1235, 'f1': 0.2128, 'auc': 0.8466}
train: {'epoch': 68, 'eta': 494046.5745, 'loss': 0.1081, 'lr': 0.001, 'params': 1413905, 'time_iter': 15.4553, 'accuracy': 0.9689, 'precision': 0.737, 'recall': 0.2638, 'f1': 0.3885, 'auc': 0.8568}
val: {'epoch': 69, 'loss': 0.0778, 'lr': 0.001, 'params': 1413905, 'time_iter': 2.8065, 'accuracy': 0.981, 'precision': 0.5405, 'recall': 0.2469, 'f1': 0.339, 'auc': 0.829}
train: {'epoch': 69, 'eta': 478137.4018, 'loss': 0.1071, 'lr': 0.001, 'params': 1413905, 'time_iter': 15.5509, 'accuracy': 0.9693, 'precision': 0.7558, 'recall': 0.2662, 'f1': 0.3938, 'auc': 0.8597}
val: {'epoch': 70, 'loss': 0.0799, 'lr': 0.001, 'params': 1413905, 'time_iter': 2.5632, 'accuracy': 0.982, 'precision': 0.6296, 'recall': 0.2099, 'f1': 0.3148, 'auc': 0.8364}
train: {'epoch': 70, 'eta': 462199.5197, 'loss': 0.1072, 'lr': 0.001, 'params': 1413905, 'time_iter': 15.4888, 'accuracy': 0.9698, 'precision': 0.7667, 'recall': 0.28, 'f1': 0.4102, 'auc': 0.862}
val: {'epoch': 71, 'loss': 0.0832, 'lr': 0.001, 'params': 1413905, 'time_iter': 2.8353, 'accuracy': 0.9825, 'precision': 0.7647, 'recall': 0.1605, 'f1': 0.2653, 'auc': 0.8441}
train: {'epoch': 71, 'eta': 446271.4579, 'loss': 0.1062, 'lr': 0.001, 'params': 1413905, 'time_iter': 15.5134, 'accuracy': 0.9696, 'precision': 0.7489, 'recall': 0.2833, 'f1': 0.4111, 'auc': 0.8641}
val: {'epoch': 72, 'loss': 0.0803, 'lr': 0.001, 'params': 1413905, 'time_iter': 2.9384, 'accuracy': 0.9825, 'precision': 0.6364, 'recall': 0.2593, 'f1': 0.3684, 'auc': 0.8302}
train: {'epoch': 72, 'eta': 430317.8606, 'loss': 0.1063, 'lr': 0.001, 'params': 1413905, 'time_iter': 15.4488, 'accuracy': 0.9691, 'precision': 0.7269, 'recall': 0.2808, 'f1': 0.4052, 'auc': 0.8692}
val: {'epoch': 73, 'loss': 0.0818, 'lr': 0.001, 'params': 1413905, 'time_iter': 2.6673, 'accuracy': 0.983, 'precision': 0.72, 'recall': 0.2222, 'f1': 0.3396, 'auc': 0.8236}
train: {'epoch': 73, 'eta': 414600.6753, 'loss': 0.1062, 'lr': 0.001, 'params': 1413905, 'time_iter': 16.0985, 'accuracy': 0.97, 'precision': 0.7542, 'recall': 0.2938, 'f1': 0.4229, 'auc': 0.8597}
val: {'epoch': 74, 'loss': 0.0771, 'lr': 0.001, 'params': 1413905, 'time_iter': 2.7901, 'accuracy': 0.982, 'precision': 0.6296, 'recall': 0.2099, 'f1': 0.3148, 'auc': 0.8364}
train: {'epoch': 74, 'eta': 398584.8783, 'loss': 0.1055, 'lr': 0.001, 'params': 1413905, 'time_iter': 15.2938, 'accuracy': 0.9701, 'precision': 0.7562, 'recall': 0.2971, 'f1': 0.4266, 'auc': 0.8644}
val: {'epoch': 75, 'loss': 0.0812, 'lr': 0.001, 'params': 1413905, 'time_iter': 2.6341, 'accuracy': 0.9818, 'precision': 0.65, 'recall': 0.1605, 'f1': 0.2574, 'auc': 0.8237}
train: {'epoch': 75, 'eta': 382668.4438, 'loss': 0.1056, 'lr': 0.001, 'params': 1413905, 'time_iter': 15.577, 'accuracy': 0.9696, 'precision': 0.7453, 'recall': 0.2873, 'f1': 0.4148, 'auc': 0.8672}
val: {'epoch': 76, 'loss': 0.0794, 'lr': 0.001, 'params': 1413905, 'time_iter': 2.898, 'accuracy': 0.982, 'precision': 0.6667, 'recall': 0.1728, 'f1': 0.2745, 'auc': 0.8326}
train: {'epoch': 76, 'eta': 366781.0297, 'loss': 0.1053, 'lr': 0.001, 'params': 1413905, 'time_iter': 15.6809, 'accuracy': 0.9702, 'precision': 0.7577, 'recall': 0.2995, 'f1': 0.4293, 'auc': 0.8698}
val: {'epoch': 77, 'loss': 0.0843, 'lr': 0.001, 'params': 1413905, 'time_iter': 2.8728, 'accuracy': 0.9823, 'precision': 0.7222, 'recall': 0.1605, 'f1': 0.2626, 'auc': 0.8341}
train: {'epoch': 77, 'eta': 350893.4239, 'loss': 0.1049, 'lr': 0.001, 'params': 1413905, 'time_iter': 15.7022, 'accuracy': 0.9701, 'precision': 0.7451, 'recall': 0.306, 'f1': 0.4338, 'auc': 0.8656}
val: {'epoch': 78, 'loss': 0.0818, 'lr': 0.001, 'params': 1413905, 'time_iter': 2.7057, 'accuracy': 0.9827, 'precision': 0.7778, 'recall': 0.1728, 'f1': 0.2828, 'auc': 0.8446}
train: {'epoch': 78, 'eta': 334985.8386, 'loss': 0.1046, 'lr': 0.001, 'params': 1413905, 'time_iter': 15.6542, 'accuracy': 0.9701, 'precision': 0.7526, 'recall': 0.2987, 'f1': 0.4277, 'auc': 0.8688}
val: {'epoch': 79, 'loss': 0.0777, 'lr': 0.001, 'params': 1413905, 'time_iter': 2.8435, 'accuracy': 0.9813, 'precision': 0.5769, 'recall': 0.1852, 'f1': 0.2804, 'auc': 0.8456}
train: {'epoch': 79, 'eta': 318954.1144, 'loss': 0.1039, 'lr': 0.001, 'params': 1413905, 'time_iter': 15.1911, 'accuracy': 0.9707, 'precision': 0.7528, 'recall': 0.3239, 'f1': 0.4529, 'auc': 0.8709}
val: {'epoch': 80, 'loss': 0.0815, 'lr': 0.001, 'params': 1413905, 'time_iter': 2.6209, 'accuracy': 0.9818, 'precision': 0.6667, 'recall': 0.1481, 'f1': 0.2424, 'auc': 0.8385}
train: {'epoch': 80, 'eta': 303012.4175, 'loss': 0.1035, 'lr': 0.001, 'params': 1413905, 'time_iter': 15.5232, 'accuracy': 0.9704, 'precision': 0.7505, 'recall': 0.3149, 'f1': 0.4437, 'auc': 0.8714}
val: {'epoch': 81, 'loss': 0.0834, 'lr': 0.001, 'params': 1413905, 'time_iter': 2.7212, 'accuracy': 0.982, 'precision': 0.6296, 'recall': 0.2099, 'f1': 0.3148, 'auc': 0.8232}
train: {'epoch': 81, 'eta': 287015.0237, 'loss': 0.1034, 'lr': 0.001, 'params': 1413905, 'time_iter': 15.28, 'accuracy': 0.9701, 'precision': 0.7431, 'recall': 0.3076, 'f1': 0.4351, 'auc': 0.877}
val: {'epoch': 82, 'loss': 0.0864, 'lr': 0.001, 'params': 1413905, 'time_iter': 2.9911, 'accuracy': 0.9813, 'precision': 0.5833, 'recall': 0.1728, 'f1': 0.2667, 'auc': 0.8457}
train: {'epoch': 82, 'eta': 271071.6673, 'loss': 0.1031, 'lr': 0.001, 'params': 1413905, 'time_iter': 15.505, 'accuracy': 0.97, 'precision': 0.7392, 'recall': 0.306, 'f1': 0.4328, 'auc': 0.8757}
val: {'epoch': 83, 'loss': 0.0876, 'lr': 0.001, 'params': 1413905, 'time_iter': 2.7545, 'accuracy': 0.9813, 'precision': 0.5909, 'recall': 0.1605, 'f1': 0.2524, 'auc': 0.8234}
train: {'epoch': 83, 'eta': 255058.3561, 'loss': 0.1029, 'lr': 0.001, 'params': 1413905, 'time_iter': 15.1495, 'accuracy': 0.9707, 'precision': 0.7665, 'recall': 0.3117, 'f1': 0.4432, 'auc': 0.873}
val: {'epoch': 84, 'loss': 0.0791, 'lr': 0.001, 'params': 1413905, 'time_iter': 2.8286, 'accuracy': 0.9818, 'precision': 0.6, 'recall': 0.2222, 'f1': 0.3243, 'auc': 0.8399}
train: {'epoch': 84, 'eta': 239065.4422, 'loss': 0.1031, 'lr': 0.001, 'params': 1413905, 'time_iter': 15.2068, 'accuracy': 0.971, 'precision': 0.7689, 'recall': 0.3214, 'f1': 0.4533, 'auc': 0.87}
val: {'epoch': 85, 'loss': 0.0816, 'lr': 0.001, 'params': 1413905, 'time_iter': 2.5585, 'accuracy': 0.9818, 'precision': 0.6071, 'recall': 0.2099, 'f1': 0.3119, 'auc': 0.8397}
train: {'epoch': 85, 'eta': 223105.4616, 'loss': 0.1033, 'lr': 0.001, 'params': 1413905, 'time_iter': 15.3555, 'accuracy': 0.9701, 'precision': 0.7485, 'recall': 0.3044, 'f1': 0.4328, 'auc': 0.8735}
val: {'epoch': 86, 'loss': 0.0826, 'lr': 0.001, 'params': 1413905, 'time_iter': 2.7891, 'accuracy': 0.9827, 'precision': 0.6786, 'recall': 0.2346, 'f1': 0.3486, 'auc': 0.8324}
train: {'epoch': 86, 'eta': 207121.2879, 'loss': 0.1018, 'lr': 0.001, 'params': 1413905, 'time_iter': 15.1744, 'accuracy': 0.9706, 'precision': 0.7533, 'recall': 0.3198, 'f1': 0.449, 'auc': 0.8792}
val: {'epoch': 87, 'loss': 0.083, 'lr': 0.001, 'params': 1413905, 'time_iter': 2.8586, 'accuracy': 0.9803, 'precision': 0.5, 'recall': 0.1605, 'f1': 0.243, 'auc': 0.8373}
train: {'epoch': 87, 'eta': 191177.2155, 'loss': 0.1019, 'lr': 0.001, 'params': 1413905, 'time_iter': 15.4003, 'accuracy': 0.9707, 'precision': 0.745, 'recall': 0.3295, 'f1': 0.4569, 'auc': 0.876}
val: {'epoch': 88, 'loss': 0.0812, 'lr': 0.001, 'params': 1413905, 'time_iter': 2.8194, 'accuracy': 0.9827, 'precision': 0.6667, 'recall': 0.2469, 'f1': 0.3604, 'auc': 0.8422}
train: {'epoch': 88, 'eta': 175287.7083, 'loss': 0.102, 'lr': 0.001, 'params': 1413905, 'time_iter': 15.8121, 'accuracy': 0.9705, 'precision': 0.7505, 'recall': 0.3198, 'f1': 0.4485, 'auc': 0.8777}
val: {'epoch': 89, 'loss': 0.0795, 'lr': 0.001, 'params': 1413905, 'time_iter': 2.8268, 'accuracy': 0.983, 'precision': 0.72, 'recall': 0.2222, 'f1': 0.3396, 'auc': 0.8355}
train: {'epoch': 89, 'eta': 159399.181, 'loss': 0.1018, 'lr': 0.001, 'params': 1413905, 'time_iter': 15.8948, 'accuracy': 0.9706, 'precision': 0.7449, 'recall': 0.3271, 'f1': 0.4546, 'auc': 0.8788}
val: {'epoch': 90, 'loss': 0.0828, 'lr': 0.001, 'params': 1413905, 'time_iter': 2.6325, 'accuracy': 0.9818, 'precision': 0.6071, 'recall': 0.2099, 'f1': 0.3119, 'auc': 0.8376}
train: {'epoch': 90, 'eta': 143501.0847, 'loss': 0.1018, 'lr': 0.001, 'params': 1413905, 'time_iter': 15.9016, 'accuracy': 0.9715, 'precision': 0.7834, 'recall': 0.3287, 'f1': 0.4631, 'auc': 0.8768}
val: {'epoch': 91, 'loss': 0.0843, 'lr': 0.001, 'params': 1413905, 'time_iter': 2.8309, 'accuracy': 0.981, 'precision': 0.5556, 'recall': 0.1852, 'f1': 0.2778, 'auc': 0.8276}
train: {'epoch': 91, 'eta': 127569.7725, 'loss': 0.1017, 'lr': 0.001, 'params': 1413905, 'time_iter': 15.6433, 'accuracy': 0.9702, 'precision': 0.7255, 'recall': 0.3304, 'f1': 0.454, 'auc': 0.8799}
val: {'epoch': 92, 'loss': 0.0799, 'lr': 0.001, 'params': 1413905, 'time_iter': 2.7844, 'accuracy': 0.9832, 'precision': 0.7143, 'recall': 0.2469, 'f1': 0.367, 'auc': 0.8453}
train: {'epoch': 92, 'eta': 111637.4145, 'loss': 0.1018, 'lr': 0.001, 'params': 1413905, 'time_iter': 15.6758, 'accuracy': 0.9713, 'precision': 0.7677, 'recall': 0.3352, 'f1': 0.4667, 'auc': 0.8782}
val: {'epoch': 93, 'loss': 0.0817, 'lr': 0.001, 'params': 1413905, 'time_iter': 2.746, 'accuracy': 0.9815, 'precision': 0.5641, 'recall': 0.2716, 'f1': 0.3667, 'auc': 0.8284}
train: {'epoch': 93, 'eta': 95696.7841, 'loss': 0.1005, 'lr': 0.001, 'params': 1413905, 'time_iter': 15.614, 'accuracy': 0.9709, 'precision': 0.7523, 'recall': 0.3304, 'f1': 0.4591, 'auc': 0.8831}
val: {'epoch': 94, 'loss': 0.0821, 'lr': 0.001, 'params': 1413905, 'time_iter': 2.8865, 'accuracy': 0.9815, 'precision': 0.5806, 'recall': 0.2222, 'f1': 0.3214, 'auc': 0.8402}
train: {'epoch': 94, 'eta': 79759.3931, 'loss': 0.1004, 'lr': 0.001, 'params': 1413905, 'time_iter': 15.7229, 'accuracy': 0.971, 'precision': 0.7478, 'recall': 0.3393, 'f1': 0.4668, 'auc': 0.8829}
val: {'epoch': 95, 'loss': 0.0796, 'lr': 0.001, 'params': 1413905, 'time_iter': 3.206, 'accuracy': 0.9823, 'precision': 0.6333, 'recall': 0.2346, 'f1': 0.3423, 'auc': 0.8286}
train: {'epoch': 95, 'eta': 63814.1001, 'loss': 0.1001, 'lr': 0.001, 'params': 1413905, 'time_iter': 15.6559, 'accuracy': 0.9714, 'precision': 0.774, 'recall': 0.3336, 'f1': 0.4663, 'auc': 0.8803}
val: {'epoch': 96, 'loss': 0.0823, 'lr': 0.001, 'params': 1413905, 'time_iter': 2.9453, 'accuracy': 0.9827, 'precision': 0.7778, 'recall': 0.1728, 'f1': 0.2828, 'auc': 0.8393}
train: {'epoch': 96, 'eta': 47847.742, 'loss': 0.1004, 'lr': 0.001, 'params': 1413905, 'time_iter': 15.1007, 'accuracy': 0.9714, 'precision': 0.7616, 'recall': 0.345, 'f1': 0.4749, 'auc': 0.883}
val: {'epoch': 97, 'loss': 0.0811, 'lr': 0.001, 'params': 1413905, 'time_iter': 2.899, 'accuracy': 0.9823, 'precision': 0.6538, 'recall': 0.2099, 'f1': 0.3178, 'auc': 0.8544}
train: {'epoch': 97, 'eta': 31897.8812, 'loss': 0.0995, 'lr': 0.001, 'params': 1413905, 'time_iter': 15.4705, 'accuracy': 0.9717, 'precision': 0.7768, 'recall': 0.3417, 'f1': 0.4746, 'auc': 0.8845}
val: {'epoch': 98, 'loss': 0.0773, 'lr': 0.001, 'params': 1413905, 'time_iter': 2.6637, 'accuracy': 0.9827, 'precision': 0.6786, 'recall': 0.2346, 'f1': 0.3486, 'auc': 0.8494}
train: {'epoch': 98, 'eta': 15955.1119, 'loss': 0.0998, 'lr': 0.001, 'params': 1413905, 'time_iter': 16.0932, 'accuracy': 0.9713, 'precision': 0.759, 'recall': 0.3425, 'f1': 0.472, 'auc': 0.8837}
val: {'epoch': 99, 'loss': 0.086, 'lr': 0.001, 'params': 1413905, 'time_iter': 2.8894, 'accuracy': 0.9825, 'precision': 0.7143, 'recall': 0.1852, 'f1': 0.2941, 'auc': 0.8396}
train: {'epoch': 99, 'eta': 0.0, 'loss': 0.1001, 'lr': 0.001, 'params': 1413905, 'time_iter': 15.5959, 'accuracy': 0.9716, 'precision': 0.7633, 'recall': 0.3482, 'f1': 0.4783, 'auc': 0.882}
test: {'epoch': 99, 'loss': 0.1561, 'lr': 0.001, 'params': 1413905, 'time_iter': 2.5784, 'accuracy': 0.9686, 'precision': 0.5152, 'recall': 0.1308, 'f1': 0.2086, 'auc': 0.7911}
test: {'epoch': 97, 'loss': 0.1545, 'lr': 0.001, 'params': 1413905, 'time_iter': 2.6853, 'accuracy': 0.9669, 'precision': 0.3125, 'recall': 0.0385, 'f1': 0.0685, 'auc': 0.7823}
