GraphGymModule(
  (model): DilatedGNNModel(
    (encoder): FeatureEncoder(
      (node_encoder): AtomEncoder(
        (atom_embedding_list): ModuleList(
          (0): Embedding(119, 300)
          (1): Embedding(4, 300)
          (2): Embedding(12, 300)
          (3): Embedding(12, 300)
          (4): Embedding(10, 300)
          (5): Embedding(6, 300)
          (6): Embedding(6, 300)
          (7): Embedding(2, 300)
          (8): Embedding(2, 300)
        )
      )
      (edge_encoder): BondEncoder(
        (bond_embedding_list): ModuleList(
          (0): Embedding(5, 300)
          (1): Embedding(6, 300)
          (2): Embedding(2, 300)
        )
      )
    )
    (mp): GNNDilatedStage(
      (classic_layers): ModuleList(
        (0): GeneralLayer(
          (layer): EGINConv(
            (model): GINEConv(nn=Sequential(
              (0): Linear(300, 300, bias=True)
              (1): ReLU()
              (2): Linear(300, 300, bias=True)
            ))
          )
          (post_layer): Sequential(
            (0): BatchNorm1d(300, eps=1e-05, momentum=0.1, affine=True, track_running_stats=True)
            (1): Dropout(p=0.5, inplace=False)
            (2): ReLU()
          )
        )
        (1): GeneralLayer(
          (layer): EGINConv(
            (model): GINEConv(nn=Sequential(
              (0): Linear(300, 300, bias=True)
              (1): ReLU()
              (2): Linear(300, 300, bias=True)
            ))
          )
          (post_layer): Sequential(
            (0): BatchNorm1d(300, eps=1e-05, momentum=0.1, affine=True, track_running_stats=True)
            (1): Dropout(p=0.5, inplace=False)
            (2): ReLU()
          )
        )
        (2): GeneralLayer(
          (layer): EGINConv(
            (model): GINEConv(nn=Sequential(
              (0): Linear(300, 300, bias=True)
              (1): ReLU()
              (2): Linear(300, 300, bias=True)
            ))
          )
          (post_layer): Sequential(
            (0): BatchNorm1d(300, eps=1e-05, momentum=0.1, affine=True, track_running_stats=True)
            (1): Dropout(p=0.5, inplace=False)
            (2): ReLU()
          )
        )
      )
      (dilated_layers): ModuleList(
        (0): DilatedGeneralLayer(
          (layer): EGINConv(
            (model): GINEConv(nn=Sequential(
              (0): Linear(300, 300, bias=True)
              (1): ReLU()
              (2): Linear(300, 300, bias=True)
            ))
          )
          (post_layer): Sequential(
            (0): BatchNorm1d(300, eps=1e-05, momentum=0.1, affine=True, track_running_stats=True)
            (1): Dropout(p=0.5, inplace=False)
            (2): ReLU()
          )
          (gem): GeM(p=3.0000, eps=1e-06)
        )
        (1): DilatedGeneralLayer(
          (layer): EGINConv(
            (model): GINEConv(nn=Sequential(
              (0): Linear(300, 300, bias=True)
              (1): ReLU()
              (2): Linear(300, 300, bias=True)
            ))
          )
          (post_layer): Sequential(
            (0): BatchNorm1d(300, eps=1e-05, momentum=0.1, affine=True, track_running_stats=True)
            (1): Dropout(p=0.5, inplace=False)
            (2): ReLU()
          )
          (gem): GeM(p=3.0000, eps=1e-06)
        )
        (2): DilatedGeneralLayer(
          (layer): EGINConv(
            (model): GINEConv(nn=Sequential(
              (0): Linear(300, 300, bias=True)
              (1): ReLU()
              (2): Linear(300, 300, bias=True)
            ))
          )
          (post_layer): Sequential(
            (0): BatchNorm1d(300, eps=1e-05, momentum=0.1, affine=True, track_running_stats=True)
            (1): Dropout(p=0.5, inplace=False)
            (2): ReLU()
          )
          (gem): GeM(p=3.0000, eps=1e-06)
        )
      )
      (act): ReLU()
    )
    (post_mp): GNNGraphHead(
      (layer_post_mp): MLP(
        (model): Sequential(
          (0): Linear(
            (model): Linear(300, 1, bias=True)
          )
        )
      )
    )
  )
)
accelerator: cuda
benchmark: False
bn:
  eps: 1e-05
  mom: 0.1
cfg_dest: config.yaml
custom_metrics: []
dataset:
  cache_load: False
  cache_save: False
  dir: ./datasets
  edge_dim: 300
  edge_encoder: True
  edge_encoder_bn: False
  edge_encoder_name: Bond
  edge_message_ratio: 0.8
  edge_negative_sampling_ratio: 1.0
  edge_train_mode: all
  encoder: True
  encoder_bn: True
  encoder_dim: 128
  encoder_name: db
  fast_loader: False
  format: OGB
  label_column: none
  label_table: none
  location: local
  name: ogbg-molhiv
  node_encoder: True
  node_encoder_bn: False
  node_encoder_name: Atom
  remove_feature: False
  resample_disjoint: False
  resample_negative: False
  shuffle_split: True
  split: [0.8, 0.1, 0.1]
  split_mode: random
  task: graph
  task_type: classification
  to_undirected: False
  transductive: False
  transform: none
  tu_simple: True
devices: 1
gnn:
  act: relu
  act_on_last_layer_mp: False
  agg: none
  att_final_linear: False
  att_final_linear_bn: False
  att_heads: 1
  batchnorm: True
  clear_feature: True
  dilated_path_join: none
  dim_inner: 300
  dropout: 0.5
  head: graph
  keep_edge: 0.5
  l2norm: True
  layer_type: eginconv
  layers_k1: 3
  layers_k2: 3
  layers_mp: 5
  layers_post_mp: 1
  layers_pre_mp: 0
  learn_alpha_residual_connection: False
  msg_direction: single
  normalize_adj: False
  self_msg: concat
  skip_every: 1
  stage_type: stack
  use_edge_features: True
gpu_mem: False
mem:
  inplace: False
metric_agg: argmax
metric_best: auc
model:
  edge_decoding: dot
  graph_pooling: mean
  loss_fun: cross_entropy
  match_upper: True
  size_average: mean
  thresh: 0.5
  type: dilated_gnn
num_threads: 6
num_workers: 16
optim:
  base_lr: 0.001
  lr_decay: 0.1
  max_epoch: 100
  momentum: 0.9
  optimizer: adam
  scheduler: none
  steps: [30, 60, 90]
  weight_decay: 0.0
out_dir: results_experiments/ogbg_molhiv_baseline_grid_design/ogbg_molhiv_baseline-type=dilated_gnn-layer_type=eginconv-layers_k1=3-layers_k2=3-dilated_path_join=none-learn_alpha_residual_connection=False
print: both
round: 4
run_dir: results_experiments/ogbg_molhiv_baseline_grid_design/ogbg_molhiv_baseline-type=dilated_gnn-layer_type=eginconv-layers_k1=3-layers_k2=3-dilated_path_join=none-learn_alpha_residual_connection=False/0
seed: 1
share:
  dim_in: 9
  dim_out: 2
  num_splits: 3
tensorboard_agg: True
tensorboard_each_run: False
train:
  auto_resume: False
  batch_size: 32
  ckpt_clean: True
  ckpt_period: 100
  enable_ckpt: True
  epoch_resume: -1
  eval_period: 1
  iter_per_epoch: 32
  neighbor_sizes: [20, 15, 10, 5]
  node_per_graph: 32
  radius: extend
  sample_node: False
  sampler: full_batch
  skip_train_eval: False
  walk_length: 4
val:
  node_per_graph: 32
  radius: extend
  sample_node: False
  sampler: full_batch
view_emb: False
Num parameters: 1685104
val: {'epoch': 0, 'loss': 0.667, 'lr': 0.001, 'params': 1685104, 'time_iter': 2.4702, 'accuracy': 0.9844, 'precision': 0.0, 'recall': 0.0, 'f1': 0.0, 'auc': 0.3968}
val: {'epoch': 0, 'loss': 0.0953, 'lr': 0.001, 'params': 1685104, 'time_iter': 5.0645, 'accuracy': 0.9803, 'precision': 0.0, 'recall': 0.0, 'f1': 0.0, 'auc': 0.6314}
train: {'epoch': 0, 'eta': 2487555.276, 'loss': 0.1754, 'lr': 0.001, 'params': 1685104, 'time_iter': 24.4187, 'accuracy': 0.9621, 'precision': 0.0588, 'recall': 0.0008, 'f1': 0.0016, 'auc': 0.6081}
val: {'epoch': 1, 'loss': 0.0948, 'lr': 0.001, 'params': 1685104, 'time_iter': 4.7994, 'accuracy': 0.9803, 'precision': 0.0, 'recall': 0.0, 'f1': 0.0, 'auc': 0.6354}
train: {'epoch': 1, 'eta': 2535489.7217, 'loss': 0.1525, 'lr': 0.001, 'params': 1685104, 'time_iter': 25.8677, 'accuracy': 0.9626, 'precision': 0.0, 'recall': 0.0, 'f1': 0.0, 'auc': 0.5954}
val: {'epoch': 2, 'loss': 0.0935, 'lr': 0.001, 'params': 1685104, 'time_iter': 4.56, 'accuracy': 0.9803, 'precision': 0.0, 'recall': 0.0, 'f1': 0.0, 'auc': 0.6459}
train: {'epoch': 2, 'eta': 2502814.5971, 'loss': 0.1521, 'lr': 0.001, 'params': 1685104, 'time_iter': 24.9387, 'accuracy': 0.9626, 'precision': 0.0, 'recall': 0.0, 'f1': 0.0, 'auc': 0.6044}
val: {'epoch': 3, 'loss': 0.0939, 'lr': 0.001, 'params': 1685104, 'time_iter': 5.0553, 'accuracy': 0.9803, 'precision': 0.0, 'recall': 0.0, 'f1': 0.0, 'auc': 0.6592}
train: {'epoch': 3, 'eta': 2505463.9632, 'loss': 0.1512, 'lr': 0.001, 'params': 1685104, 'time_iter': 26.2271, 'accuracy': 0.9626, 'precision': 0.0, 'recall': 0.0, 'f1': 0.0, 'auc': 0.6031}
val: {'epoch': 4, 'loss': 0.0929, 'lr': 0.001, 'params': 1685104, 'time_iter': 4.7138, 'accuracy': 0.9803, 'precision': 0.0, 'recall': 0.0, 'f1': 0.0, 'auc': 0.6615}
train: {'epoch': 4, 'eta': 2478120.7289, 'loss': 0.1512, 'lr': 0.001, 'params': 1685104, 'time_iter': 25.2994, 'accuracy': 0.9626, 'precision': 0.6, 'recall': 0.0024, 'f1': 0.0049, 'auc': 0.6021}
val: {'epoch': 5, 'loss': 0.0947, 'lr': 0.001, 'params': 1685104, 'time_iter': 4.8773, 'accuracy': 0.9803, 'precision': 0.0, 'recall': 0.0, 'f1': 0.0, 'auc': 0.6438}
train: {'epoch': 5, 'eta': 2435381.8999, 'loss': 0.1511, 'lr': 0.001, 'params': 1685104, 'time_iter': 24.3173, 'accuracy': 0.9626, 'precision': 0.0, 'recall': 0.0, 'f1': 0.0, 'auc': 0.6138}
val: {'epoch': 6, 'loss': 0.0943, 'lr': 0.001, 'params': 1685104, 'time_iter': 5.0011, 'accuracy': 0.9803, 'precision': 0.0, 'recall': 0.0, 'f1': 0.0, 'auc': 0.6539}
train: {'epoch': 6, 'eta': 2411434.3239, 'loss': 0.1516, 'lr': 0.001, 'params': 1685104, 'time_iter': 25.3216, 'accuracy': 0.9626, 'precision': 0.0, 'recall': 0.0, 'f1': 0.0, 'auc': 0.6078}
val: {'epoch': 7, 'loss': 0.0954, 'lr': 0.001, 'params': 1685104, 'time_iter': 5.2352, 'accuracy': 0.9803, 'precision': 0.0, 'recall': 0.0, 'f1': 0.0, 'auc': 0.6539}
train: {'epoch': 7, 'eta': 2386319.2355, 'loss': 0.151, 'lr': 0.001, 'params': 1685104, 'time_iter': 25.2675, 'accuracy': 0.9626, 'precision': 0.0, 'recall': 0.0, 'f1': 0.0, 'auc': 0.6377}
val: {'epoch': 8, 'loss': 0.0926, 'lr': 0.001, 'params': 1685104, 'time_iter': 4.5848, 'accuracy': 0.9803, 'precision': 0.0, 'recall': 0.0, 'f1': 0.0, 'auc': 0.6626}
train: {'epoch': 8, 'eta': 2362788.5202, 'loss': 0.1504, 'lr': 0.001, 'params': 1685104, 'time_iter': 25.4386, 'accuracy': 0.9626, 'precision': 0.0, 'recall': 0.0, 'f1': 0.0, 'auc': 0.6535}
val: {'epoch': 9, 'loss': 0.0963, 'lr': 0.001, 'params': 1685104, 'time_iter': 4.7178, 'accuracy': 0.9803, 'precision': 0.0, 'recall': 0.0, 'f1': 0.0, 'auc': 0.6655}
train: {'epoch': 9, 'eta': 2331911.8804, 'loss': 0.1502, 'lr': 0.001, 'params': 1685104, 'time_iter': 24.7026, 'accuracy': 0.9626, 'precision': 0.0, 'recall': 0.0, 'f1': 0.0, 'auc': 0.6572}
val: {'epoch': 10, 'loss': 0.0958, 'lr': 0.001, 'params': 1685104, 'time_iter': 4.8967, 'accuracy': 0.9803, 'precision': 0.5, 'recall': 0.0617, 'f1': 0.1099, 'auc': 0.6535}
train: {'epoch': 10, 'eta': 2308569.1432, 'loss': 0.1501, 'lr': 0.001, 'params': 1685104, 'time_iter': 25.4883, 'accuracy': 0.9625, 'precision': 0.0, 'recall': 0.0, 'f1': 0.0, 'auc': 0.6647}
val: {'epoch': 11, 'loss': 0.0977, 'lr': 0.001, 'params': 1685104, 'time_iter': 4.1665, 'accuracy': 0.9803, 'precision': 0.0, 'recall': 0.0, 'f1': 0.0, 'auc': 0.6556}
train: {'epoch': 11, 'eta': 2280853.7322, 'loss': 0.1493, 'lr': 0.001, 'params': 1685104, 'time_iter': 24.9725, 'accuracy': 0.9623, 'precision': 0.2143, 'recall': 0.0024, 'f1': 0.0048, 'auc': 0.6676}
val: {'epoch': 12, 'loss': 0.0947, 'lr': 0.001, 'params': 1685104, 'time_iter': 4.5604, 'accuracy': 0.9798, 'precision': 0.375, 'recall': 0.037, 'f1': 0.0674, 'auc': 0.6594}
train: {'epoch': 12, 'eta': 2254918.825, 'loss': 0.1489, 'lr': 0.001, 'params': 1685104, 'time_iter': 25.186, 'accuracy': 0.9624, 'precision': 0.4074, 'recall': 0.0089, 'f1': 0.0175, 'auc': 0.6701}
val: {'epoch': 13, 'loss': 0.0923, 'lr': 0.001, 'params': 1685104, 'time_iter': 4.6097, 'accuracy': 0.9793, 'precision': 0.3, 'recall': 0.037, 'f1': 0.0659, 'auc': 0.6762}
train: {'epoch': 13, 'eta': 2228343.379, 'loss': 0.1486, 'lr': 0.001, 'params': 1685104, 'time_iter': 25.0842, 'accuracy': 0.9623, 'precision': 0.3182, 'recall': 0.0057, 'f1': 0.0112, 'auc': 0.6749}
val: {'epoch': 14, 'loss': 0.0923, 'lr': 0.001, 'params': 1685104, 'time_iter': 5.1598, 'accuracy': 0.9776, 'precision': 0.2381, 'recall': 0.0617, 'f1': 0.098, 'auc': 0.6797}
train: {'epoch': 14, 'eta': 2200627.2958, 'loss': 0.1486, 'lr': 0.001, 'params': 1685104, 'time_iter': 24.8712, 'accuracy': 0.9623, 'precision': 0.3902, 'recall': 0.013, 'f1': 0.0251, 'auc': 0.6722}
val: {'epoch': 15, 'loss': 0.0937, 'lr': 0.001, 'params': 1685104, 'time_iter': 4.8431, 'accuracy': 0.9786, 'precision': 0.2941, 'recall': 0.0617, 'f1': 0.102, 'auc': 0.6603}
train: {'epoch': 15, 'eta': 2172884.9411, 'loss': 0.1482, 'lr': 0.001, 'params': 1685104, 'time_iter': 24.8172, 'accuracy': 0.9623, 'precision': 0.4286, 'recall': 0.0219, 'f1': 0.0417, 'auc': 0.674}
val: {'epoch': 16, 'loss': 0.0934, 'lr': 0.001, 'params': 1685104, 'time_iter': 5.3176, 'accuracy': 0.9781, 'precision': 0.2, 'recall': 0.037, 'f1': 0.0625, 'auc': 0.6558}
train: {'epoch': 16, 'eta': 2146092.6694, 'loss': 0.1478, 'lr': 0.001, 'params': 1685104, 'time_iter': 24.9546, 'accuracy': 0.9628, 'precision': 0.5493, 'recall': 0.0317, 'f1': 0.0599, 'auc': 0.6738}
val: {'epoch': 17, 'loss': 0.0952, 'lr': 0.001, 'params': 1685104, 'time_iter': 4.9192, 'accuracy': 0.9788, 'precision': 0.2857, 'recall': 0.0494, 'f1': 0.0842, 'auc': 0.6477}
train: {'epoch': 17, 'eta': 2115470.1707, 'loss': 0.1479, 'lr': 0.001, 'params': 1685104, 'time_iter': 24.1111, 'accuracy': 0.9631, 'precision': 0.6406, 'recall': 0.0333, 'f1': 0.0633, 'auc': 0.6654}
val: {'epoch': 18, 'loss': 0.0936, 'lr': 0.001, 'params': 1685104, 'time_iter': 4.2248, 'accuracy': 0.9796, 'precision': 0.4118, 'recall': 0.0864, 'f1': 0.1429, 'auc': 0.6737}
train: {'epoch': 18, 'eta': 2088491.6755, 'loss': 0.1474, 'lr': 0.001, 'params': 1685104, 'time_iter': 24.8023, 'accuracy': 0.9634, 'precision': 0.6495, 'recall': 0.0511, 'f1': 0.0948, 'auc': 0.6693}
val: {'epoch': 19, 'loss': 0.0948, 'lr': 0.001, 'params': 1685104, 'time_iter': 4.8571, 'accuracy': 0.9774, 'precision': 0.2692, 'recall': 0.0864, 'f1': 0.1308, 'auc': 0.6657}
train: {'epoch': 19, 'eta': 2063236.3782, 'loss': 0.1468, 'lr': 0.001, 'params': 1685104, 'time_iter': 25.1856, 'accuracy': 0.963, 'precision': 0.5648, 'recall': 0.0495, 'f1': 0.091, 'auc': 0.6798}
val: {'epoch': 20, 'loss': 0.0961, 'lr': 0.001, 'params': 1685104, 'time_iter': 4.9799, 'accuracy': 0.9796, 'precision': 0.4118, 'recall': 0.0864, 'f1': 0.1429, 'auc': 0.6586}
train: {'epoch': 20, 'eta': 2039490.9104, 'loss': 0.1465, 'lr': 0.001, 'params': 1685104, 'time_iter': 25.5919, 'accuracy': 0.9633, 'precision': 0.6055, 'recall': 0.0536, 'f1': 0.0984, 'auc': 0.6767}
val: {'epoch': 21, 'loss': 0.0968, 'lr': 0.001, 'params': 1685104, 'time_iter': 4.8955, 'accuracy': 0.9801, 'precision': 0.4667, 'recall': 0.0864, 'f1': 0.1458, 'auc': 0.6723}
train: {'epoch': 21, 'eta': 2009953.4092, 'loss': 0.1454, 'lr': 0.001, 'params': 1685104, 'time_iter': 24.0688, 'accuracy': 0.9637, 'precision': 0.6484, 'recall': 0.0674, 'f1': 0.1221, 'auc': 0.681}
val: {'epoch': 22, 'loss': 0.0957, 'lr': 0.001, 'params': 1685104, 'time_iter': 4.9737, 'accuracy': 0.9788, 'precision': 0.35, 'recall': 0.0864, 'f1': 0.1386, 'auc': 0.6726}
train: {'epoch': 22, 'eta': 1983119.4242, 'loss': 0.1455, 'lr': 0.001, 'params': 1685104, 'time_iter': 24.7332, 'accuracy': 0.9635, 'precision': 0.6202, 'recall': 0.0649, 'f1': 0.1176, 'auc': 0.6836}
val: {'epoch': 23, 'loss': 0.0962, 'lr': 0.001, 'params': 1685104, 'time_iter': 4.9574, 'accuracy': 0.9784, 'precision': 0.3333, 'recall': 0.0988, 'f1': 0.1524, 'auc': 0.6749}
train: {'epoch': 23, 'eta': 1961057.2158, 'loss': 0.1444, 'lr': 0.001, 'params': 1685104, 'time_iter': 26.1622, 'accuracy': 0.9632, 'precision': 0.5887, 'recall': 0.0593, 'f1': 0.1077, 'auc': 0.6929}
val: {'epoch': 24, 'loss': 0.0971, 'lr': 0.001, 'params': 1685104, 'time_iter': 5.0638, 'accuracy': 0.9791, 'precision': 0.3684, 'recall': 0.0864, 'f1': 0.14, 'auc': 0.6913}
train: {'epoch': 24, 'eta': 1934545.4838, 'loss': 0.1435, 'lr': 0.001, 'params': 1685104, 'time_iter': 24.8467, 'accuracy': 0.9637, 'precision': 0.6331, 'recall': 0.0714, 'f1': 0.1284, 'auc': 0.7029}
val: {'epoch': 25, 'loss': 0.0973, 'lr': 0.001, 'params': 1685104, 'time_iter': 5.1744, 'accuracy': 0.9784, 'precision': 0.3333, 'recall': 0.0988, 'f1': 0.1524, 'auc': 0.705}
train: {'epoch': 25, 'eta': 1908866.296, 'loss': 0.1427, 'lr': 0.001, 'params': 1685104, 'time_iter': 25.1062, 'accuracy': 0.9638, 'precision': 0.6408, 'recall': 0.0739, 'f1': 0.1325, 'auc': 0.7068}
val: {'epoch': 26, 'loss': 0.0973, 'lr': 0.001, 'params': 1685104, 'time_iter': 4.6817, 'accuracy': 0.9791, 'precision': 0.3684, 'recall': 0.0864, 'f1': 0.14, 'auc': 0.7044}
train: {'epoch': 26, 'eta': 1882637.2349, 'loss': 0.1408, 'lr': 0.001, 'params': 1685104, 'time_iter': 24.9127, 'accuracy': 0.9637, 'precision': 0.6196, 'recall': 0.082, 'f1': 0.1448, 'auc': 0.7295}
val: {'epoch': 27, 'loss': 0.0943, 'lr': 0.001, 'params': 1685104, 'time_iter': 4.3999, 'accuracy': 0.9798, 'precision': 0.4375, 'recall': 0.0864, 'f1': 0.1443, 'auc': 0.7346}
train: {'epoch': 27, 'eta': 1855319.44, 'loss': 0.1399, 'lr': 0.001, 'params': 1685104, 'time_iter': 24.4852, 'accuracy': 0.9641, 'precision': 0.6477, 'recall': 0.0925, 'f1': 0.1619, 'auc': 0.7359}
val: {'epoch': 28, 'loss': 0.0934, 'lr': 0.001, 'params': 1685104, 'time_iter': 5.2218, 'accuracy': 0.9784, 'precision': 0.3182, 'recall': 0.0864, 'f1': 0.1359, 'auc': 0.7452}
train: {'epoch': 28, 'eta': 1829330.8934, 'loss': 0.1396, 'lr': 0.001, 'params': 1685104, 'time_iter': 24.9547, 'accuracy': 0.9637, 'precision': 0.6043, 'recall': 0.0917, 'f1': 0.1593, 'auc': 0.7342}
val: {'epoch': 29, 'loss': 0.0948, 'lr': 0.001, 'params': 1685104, 'time_iter': 4.7039, 'accuracy': 0.9781, 'precision': 0.32, 'recall': 0.0988, 'f1': 0.1509, 'auc': 0.726}
train: {'epoch': 29, 'eta': 1803296.7243, 'loss': 0.1386, 'lr': 0.001, 'params': 1685104, 'time_iter': 24.9271, 'accuracy': 0.9642, 'precision': 0.6532, 'recall': 0.0917, 'f1': 0.1609, 'auc': 0.7429}
val: {'epoch': 30, 'loss': 0.0912, 'lr': 0.001, 'params': 1685104, 'time_iter': 5.5121, 'accuracy': 0.9791, 'precision': 0.3684, 'recall': 0.0864, 'f1': 0.14, 'auc': 0.7409}
train: {'epoch': 30, 'eta': 1776641.4906, 'loss': 0.1382, 'lr': 0.001, 'params': 1685104, 'time_iter': 24.6451, 'accuracy': 0.9642, 'precision': 0.6387, 'recall': 0.099, 'f1': 0.1715, 'auc': 0.7425}
val: {'epoch': 31, 'loss': 0.0923, 'lr': 0.001, 'params': 1685104, 'time_iter': 4.8504, 'accuracy': 0.9801, 'precision': 0.4615, 'recall': 0.0741, 'f1': 0.1277, 'auc': 0.7532}
train: {'epoch': 31, 'eta': 1750242.0306, 'loss': 0.138, 'lr': 0.001, 'params': 1685104, 'time_iter': 24.725, 'accuracy': 0.9639, 'precision': 0.625, 'recall': 0.0893, 'f1': 0.1562, 'auc': 0.7477}
val: {'epoch': 32, 'loss': 0.0926, 'lr': 0.001, 'params': 1685104, 'time_iter': 4.8263, 'accuracy': 0.9803, 'precision': 0.5, 'recall': 0.0864, 'f1': 0.1474, 'auc': 0.7454}
train: {'epoch': 32, 'eta': 1724688.0342, 'loss': 0.137, 'lr': 0.001, 'params': 1685104, 'time_iter': 25.1019, 'accuracy': 0.9644, 'precision': 0.6667, 'recall': 0.099, 'f1': 0.1724, 'auc': 0.7516}
val: {'epoch': 33, 'loss': 0.0944, 'lr': 0.001, 'params': 1685104, 'time_iter': 5.0625, 'accuracy': 0.9801, 'precision': 0.4615, 'recall': 0.0741, 'f1': 0.1277, 'auc': 0.7383}
train: {'epoch': 33, 'eta': 1698086.9366, 'loss': 0.136, 'lr': 0.001, 'params': 1685104, 'time_iter': 24.5859, 'accuracy': 0.9647, 'precision': 0.6859, 'recall': 0.1063, 'f1': 0.1841, 'auc': 0.7583}
val: {'epoch': 34, 'loss': 0.0953, 'lr': 0.001, 'params': 1685104, 'time_iter': 5.2106, 'accuracy': 0.9801, 'precision': 0.4615, 'recall': 0.0741, 'f1': 0.1277, 'auc': 0.7251}
train: {'epoch': 34, 'eta': 1670580.6294, 'loss': 0.1355, 'lr': 0.001, 'params': 1685104, 'time_iter': 24.0732, 'accuracy': 0.9648, 'precision': 0.6812, 'recall': 0.1144, 'f1': 0.196, 'auc': 0.7636}
val: {'epoch': 35, 'loss': 0.0923, 'lr': 0.001, 'params': 1685104, 'time_iter': 5.1316, 'accuracy': 0.9803, 'precision': 0.5, 'recall': 0.0741, 'f1': 0.129, 'auc': 0.7625}
train: {'epoch': 35, 'eta': 1645247.5313, 'loss': 0.1356, 'lr': 0.001, 'params': 1685104, 'time_iter': 25.1782, 'accuracy': 0.9647, 'precision': 0.6786, 'recall': 0.108, 'f1': 0.1863, 'auc': 0.7645}
val: {'epoch': 36, 'loss': 0.0927, 'lr': 0.001, 'params': 1685104, 'time_iter': 5.1835, 'accuracy': 0.9793, 'precision': 0.375, 'recall': 0.0741, 'f1': 0.1237, 'auc': 0.7642}
train: {'epoch': 36, 'eta': 1619052.2587, 'loss': 0.1349, 'lr': 0.001, 'params': 1685104, 'time_iter': 24.7038, 'accuracy': 0.9647, 'precision': 0.6751, 'recall': 0.108, 'f1': 0.1861, 'auc': 0.767}
val: {'epoch': 37, 'loss': 0.0961, 'lr': 0.001, 'params': 1685104, 'time_iter': 4.9556, 'accuracy': 0.9805, 'precision': 0.5385, 'recall': 0.0864, 'f1': 0.1489, 'auc': 0.738}
train: {'epoch': 37, 'eta': 1593346.8047, 'loss': 0.1345, 'lr': 0.001, 'params': 1685104, 'time_iter': 24.9713, 'accuracy': 0.9646, 'precision': 0.6828, 'recall': 0.1031, 'f1': 0.1791, 'auc': 0.7663}
val: {'epoch': 38, 'loss': 0.0903, 'lr': 0.001, 'params': 1685104, 'time_iter': 5.1688, 'accuracy': 0.9796, 'precision': 0.4211, 'recall': 0.0988, 'f1': 0.16, 'auc': 0.7668}
train: {'epoch': 38, 'eta': 1566921.6291, 'loss': 0.1339, 'lr': 0.001, 'params': 1685104, 'time_iter': 24.5238, 'accuracy': 0.9648, 'precision': 0.6829, 'recall': 0.1136, 'f1': 0.1949, 'auc': 0.771}
val: {'epoch': 39, 'loss': 0.0895, 'lr': 0.001, 'params': 1685104, 'time_iter': 5.0557, 'accuracy': 0.9803, 'precision': 0.5, 'recall': 0.0864, 'f1': 0.1474, 'auc': 0.7582}
train: {'epoch': 39, 'eta': 1540258.963, 'loss': 0.133, 'lr': 0.001, 'params': 1685104, 'time_iter': 24.3313, 'accuracy': 0.965, 'precision': 0.68, 'recall': 0.1242, 'f1': 0.21, 'auc': 0.7741}
val: {'epoch': 40, 'loss': 0.0951, 'lr': 0.001, 'params': 1685104, 'time_iter': 4.5629, 'accuracy': 0.9791, 'precision': 0.381, 'recall': 0.0988, 'f1': 0.1569, 'auc': 0.7481}
train: {'epoch': 40, 'eta': 1514802.4352, 'loss': 0.1334, 'lr': 0.001, 'params': 1685104, 'time_iter': 25.0923, 'accuracy': 0.9647, 'precision': 0.6751, 'recall': 0.108, 'f1': 0.1861, 'auc': 0.7698}
val: {'epoch': 41, 'loss': 0.0913, 'lr': 0.001, 'params': 1685104, 'time_iter': 4.659, 'accuracy': 0.9793, 'precision': 0.3889, 'recall': 0.0864, 'f1': 0.1414, 'auc': 0.7569}
train: {'epoch': 41, 'eta': 1489267.5703, 'loss': 0.1321, 'lr': 0.001, 'params': 1685104, 'time_iter': 25.0494, 'accuracy': 0.9653, 'precision': 0.7004, 'recall': 0.1291, 'f1': 0.218, 'auc': 0.7784}
val: {'epoch': 42, 'loss': 0.091, 'lr': 0.001, 'params': 1685104, 'time_iter': 4.7086, 'accuracy': 0.9808, 'precision': 0.5714, 'recall': 0.0988, 'f1': 0.1684, 'auc': 0.7461}
train: {'epoch': 42, 'eta': 1461521.5281, 'loss': 0.132, 'lr': 0.001, 'params': 1685104, 'time_iter': 23.4365, 'accuracy': 0.9647, 'precision': 0.6802, 'recall': 0.1088, 'f1': 0.1875, 'auc': 0.7811}
val: {'epoch': 43, 'loss': 0.0942, 'lr': 0.001, 'params': 1685104, 'time_iter': 4.9135, 'accuracy': 0.9803, 'precision': 0.5, 'recall': 0.0864, 'f1': 0.1474, 'auc': 0.7256}
train: {'epoch': 43, 'eta': 1436610.277, 'loss': 0.1324, 'lr': 0.001, 'params': 1685104, 'time_iter': 25.4751, 'accuracy': 0.9654, 'precision': 0.7183, 'recall': 0.1242, 'f1': 0.2118, 'auc': 0.7751}
val: {'epoch': 44, 'loss': 0.0923, 'lr': 0.001, 'params': 1685104, 'time_iter': 4.5603, 'accuracy': 0.9793, 'precision': 0.3889, 'recall': 0.0864, 'f1': 0.1414, 'auc': 0.7553}
train: {'epoch': 44, 'eta': 1411848.0955, 'loss': 0.1312, 'lr': 0.001, 'params': 1685104, 'time_iter': 25.6397, 'accuracy': 0.965, 'precision': 0.6884, 'recall': 0.1201, 'f1': 0.2046, 'auc': 0.783}
val: {'epoch': 45, 'loss': 0.0921, 'lr': 0.001, 'params': 1685104, 'time_iter': 4.7555, 'accuracy': 0.9801, 'precision': 0.4706, 'recall': 0.0988, 'f1': 0.1633, 'auc': 0.765}
train: {'epoch': 45, 'eta': 1385828.7278, 'loss': 0.1309, 'lr': 0.001, 'params': 1685104, 'time_iter': 24.6573, 'accuracy': 0.9649, 'precision': 0.6776, 'recall': 0.1177, 'f1': 0.2006, 'auc': 0.7846}
val: {'epoch': 46, 'loss': 0.0916, 'lr': 0.001, 'params': 1685104, 'time_iter': 4.4627, 'accuracy': 0.9796, 'precision': 0.4118, 'recall': 0.0864, 'f1': 0.1429, 'auc': 0.7511}
train: {'epoch': 46, 'eta': 1360043.3637, 'loss': 0.1308, 'lr': 0.001, 'params': 1685104, 'time_iter': 24.8352, 'accuracy': 0.9653, 'precision': 0.7022, 'recall': 0.1282, 'f1': 0.2169, 'auc': 0.7832}
val: {'epoch': 47, 'loss': 0.0959, 'lr': 0.001, 'params': 1685104, 'time_iter': 4.9875, 'accuracy': 0.9808, 'precision': 0.6, 'recall': 0.0741, 'f1': 0.1319, 'auc': 0.7444}
train: {'epoch': 47, 'eta': 1334007.9924, 'loss': 0.1296, 'lr': 0.001, 'params': 1685104, 'time_iter': 24.6023, 'accuracy': 0.9655, 'precision': 0.7082, 'recall': 0.1339, 'f1': 0.2253, 'auc': 0.7904}
val: {'epoch': 48, 'loss': 0.0955, 'lr': 0.001, 'params': 1685104, 'time_iter': 5.7123, 'accuracy': 0.9793, 'precision': 0.4, 'recall': 0.0988, 'f1': 0.1584, 'auc': 0.7586}
train: {'epoch': 48, 'eta': 1308795.8795, 'loss': 0.1288, 'lr': 0.001, 'params': 1685104, 'time_iter': 25.3436, 'accuracy': 0.9654, 'precision': 0.6983, 'recall': 0.1315, 'f1': 0.2213, 'auc': 0.793}
val: {'epoch': 49, 'loss': 0.093, 'lr': 0.001, 'params': 1685104, 'time_iter': 4.5391, 'accuracy': 0.9803, 'precision': 0.5, 'recall': 0.0864, 'f1': 0.1474, 'auc': 0.743}
train: {'epoch': 49, 'eta': 1282892.442, 'loss': 0.1291, 'lr': 0.001, 'params': 1685104, 'time_iter': 24.7054, 'accuracy': 0.9654, 'precision': 0.7056, 'recall': 0.1323, 'f1': 0.2228, 'auc': 0.7941}
val: {'epoch': 50, 'loss': 0.0981, 'lr': 0.001, 'params': 1685104, 'time_iter': 4.7198, 'accuracy': 0.9784, 'precision': 0.3333, 'recall': 0.0988, 'f1': 0.1524, 'auc': 0.754}
train: {'epoch': 50, 'eta': 1256847.9861, 'loss': 0.1281, 'lr': 0.001, 'params': 1685104, 'time_iter': 24.5437, 'accuracy': 0.9654, 'precision': 0.6983, 'recall': 0.1315, 'f1': 0.2213, 'auc': 0.795}
val: {'epoch': 51, 'loss': 0.0951, 'lr': 0.001, 'params': 1685104, 'time_iter': 5.0143, 'accuracy': 0.9798, 'precision': 0.4375, 'recall': 0.0864, 'f1': 0.1443, 'auc': 0.7506}
train: {'epoch': 51, 'eta': 1231939.0804, 'loss': 0.1284, 'lr': 0.001, 'params': 1685104, 'time_iter': 25.7073, 'accuracy': 0.9655, 'precision': 0.6992, 'recall': 0.1396, 'f1': 0.2327, 'auc': 0.7949}
val: {'epoch': 52, 'loss': 0.096, 'lr': 0.001, 'params': 1685104, 'time_iter': 4.2911, 'accuracy': 0.9805, 'precision': 0.5455, 'recall': 0.0741, 'f1': 0.1304, 'auc': 0.7382}
train: {'epoch': 52, 'eta': 1206212.312, 'loss': 0.1276, 'lr': 0.001, 'params': 1685104, 'time_iter': 24.8748, 'accuracy': 0.9658, 'precision': 0.7421, 'recall': 0.1331, 'f1': 0.2257, 'auc': 0.7975}
val: {'epoch': 53, 'loss': 0.0921, 'lr': 0.001, 'params': 1685104, 'time_iter': 5.2753, 'accuracy': 0.9808, 'precision': 0.5833, 'recall': 0.0864, 'f1': 0.1505, 'auc': 0.7571}
train: {'epoch': 53, 'eta': 1180791.8524, 'loss': 0.1278, 'lr': 0.001, 'params': 1685104, 'time_iter': 25.2188, 'accuracy': 0.966, 'precision': 0.7393, 'recall': 0.1404, 'f1': 0.236, 'auc': 0.7946}
val: {'epoch': 54, 'loss': 0.0969, 'lr': 0.001, 'params': 1685104, 'time_iter': 5.2468, 'accuracy': 0.9796, 'precision': 0.4118, 'recall': 0.0864, 'f1': 0.1429, 'auc': 0.7417}
train: {'epoch': 54, 'eta': 1154940.017, 'loss': 0.1275, 'lr': 0.001, 'params': 1685104, 'time_iter': 24.7292, 'accuracy': 0.966, 'precision': 0.7373, 'recall': 0.1412, 'f1': 0.2371, 'auc': 0.8006}
val: {'epoch': 55, 'loss': 0.0903, 'lr': 0.001, 'params': 1685104, 'time_iter': 4.7105, 'accuracy': 0.9805, 'precision': 0.5385, 'recall': 0.0864, 'f1': 0.1489, 'auc': 0.7595}
train: {'epoch': 55, 'eta': 1129262.2236, 'loss': 0.1256, 'lr': 0.001, 'params': 1685104, 'time_iter': 24.9266, 'accuracy': 0.966, 'precision': 0.7314, 'recall': 0.1437, 'f1': 0.2402, 'auc': 0.8047}
val: {'epoch': 56, 'loss': 0.0902, 'lr': 0.001, 'params': 1685104, 'time_iter': 4.5541, 'accuracy': 0.9803, 'precision': 0.5, 'recall': 0.0864, 'f1': 0.1474, 'auc': 0.7626}
train: {'epoch': 56, 'eta': 1103944.0888, 'loss': 0.127, 'lr': 0.001, 'params': 1685104, 'time_iter': 25.3886, 'accuracy': 0.9657, 'precision': 0.6962, 'recall': 0.1469, 'f1': 0.2426, 'auc': 0.7999}
val: {'epoch': 57, 'loss': 0.0938, 'lr': 0.001, 'params': 1685104, 'time_iter': 4.7317, 'accuracy': 0.9808, 'precision': 0.5833, 'recall': 0.0864, 'f1': 0.1505, 'auc': 0.7535}
train: {'epoch': 57, 'eta': 1077927.4301, 'loss': 0.1263, 'lr': 0.001, 'params': 1685104, 'time_iter': 24.4885, 'accuracy': 0.9662, 'precision': 0.7469, 'recall': 0.1485, 'f1': 0.2478, 'auc': 0.8036}
val: {'epoch': 58, 'loss': 0.0929, 'lr': 0.001, 'params': 1685104, 'time_iter': 4.641, 'accuracy': 0.9808, 'precision': 0.5833, 'recall': 0.0864, 'f1': 0.1505, 'auc': 0.7382}
train: {'epoch': 58, 'eta': 1053034.1876, 'loss': 0.1247, 'lr': 0.001, 'params': 1685104, 'time_iter': 26.0208, 'accuracy': 0.9663, 'precision': 0.7441, 'recall': 0.1534, 'f1': 0.2544, 'auc': 0.8087}
val: {'epoch': 59, 'loss': 0.093, 'lr': 0.001, 'params': 1685104, 'time_iter': 5.2216, 'accuracy': 0.9791, 'precision': 0.381, 'recall': 0.0988, 'f1': 0.1569, 'auc': 0.7458}
train: {'epoch': 59, 'eta': 1027251.9918, 'loss': 0.125, 'lr': 0.001, 'params': 1685104, 'time_iter': 24.8164, 'accuracy': 0.966, 'precision': 0.7192, 'recall': 0.1518, 'f1': 0.2507, 'auc': 0.8068}
val: {'epoch': 60, 'loss': 0.0957, 'lr': 0.001, 'params': 1685104, 'time_iter': 5.5517, 'accuracy': 0.9813, 'precision': 0.8333, 'recall': 0.0617, 'f1': 0.1149, 'auc': 0.7656}
train: {'epoch': 60, 'eta': 1001312.945, 'loss': 0.1251, 'lr': 0.001, 'params': 1685104, 'time_iter': 24.5658, 'accuracy': 0.9655, 'precision': 0.6805, 'recall': 0.1469, 'f1': 0.2417, 'auc': 0.8057}
val: {'epoch': 61, 'loss': 0.0943, 'lr': 0.001, 'params': 1685104, 'time_iter': 4.9221, 'accuracy': 0.9813, 'precision': 0.7, 'recall': 0.0864, 'f1': 0.1538, 'auc': 0.7503}
train: {'epoch': 61, 'eta': 975654.027, 'loss': 0.1237, 'lr': 0.001, 'params': 1685104, 'time_iter': 24.9761, 'accuracy': 0.9662, 'precision': 0.7273, 'recall': 0.1558, 'f1': 0.2567, 'auc': 0.8139}
val: {'epoch': 62, 'loss': 0.0926, 'lr': 0.001, 'params': 1685104, 'time_iter': 4.6306, 'accuracy': 0.9803, 'precision': 0.5, 'recall': 0.0864, 'f1': 0.1474, 'auc': 0.7679}
train: {'epoch': 62, 'eta': 950133.6353, 'loss': 0.1225, 'lr': 0.001, 'params': 1685104, 'time_iter': 25.2075, 'accuracy': 0.9662, 'precision': 0.7153, 'recall': 0.1631, 'f1': 0.2657, 'auc': 0.8162}
val: {'epoch': 63, 'loss': 0.0961, 'lr': 0.001, 'params': 1685104, 'time_iter': 4.7645, 'accuracy': 0.9805, 'precision': 0.6667, 'recall': 0.0247, 'f1': 0.0476, 'auc': 0.7661}
train: {'epoch': 63, 'eta': 924351.4756, 'loss': 0.1231, 'lr': 0.001, 'params': 1685104, 'time_iter': 24.7778, 'accuracy': 0.9656, 'precision': 0.688, 'recall': 0.1485, 'f1': 0.2443, 'auc': 0.8161}
val: {'epoch': 64, 'loss': 0.0977, 'lr': 0.001, 'params': 1685104, 'time_iter': 4.8131, 'accuracy': 0.9805, 'precision': 0.5385, 'recall': 0.0864, 'f1': 0.1489, 'auc': 0.7345}
train: {'epoch': 64, 'eta': 898792.4354, 'loss': 0.1241, 'lr': 0.001, 'params': 1685104, 'time_iter': 25.1647, 'accuracy': 0.966, 'precision': 0.7065, 'recall': 0.1583, 'f1': 0.2586, 'auc': 0.8081}
val: {'epoch': 65, 'loss': 0.0962, 'lr': 0.001, 'params': 1685104, 'time_iter': 4.7603, 'accuracy': 0.9808, 'precision': 0.6, 'recall': 0.0741, 'f1': 0.1319, 'auc': 0.7485}
train: {'epoch': 65, 'eta': 873253.2443, 'loss': 0.1232, 'lr': 0.001, 'params': 1685104, 'time_iter': 25.2213, 'accuracy': 0.966, 'precision': 0.7255, 'recall': 0.1502, 'f1': 0.2488, 'auc': 0.813}
val: {'epoch': 66, 'loss': 0.0985, 'lr': 0.001, 'params': 1685104, 'time_iter': 4.4479, 'accuracy': 0.9793, 'precision': 0.3889, 'recall': 0.0864, 'f1': 0.1414, 'auc': 0.7565}
train: {'epoch': 66, 'eta': 847458.4367, 'loss': 0.1223, 'lr': 0.001, 'params': 1685104, 'time_iter': 24.7413, 'accuracy': 0.9663, 'precision': 0.7269, 'recall': 0.1599, 'f1': 0.2621, 'auc': 0.8176}
val: {'epoch': 67, 'loss': 0.0979, 'lr': 0.001, 'params': 1685104, 'time_iter': 4.4822, 'accuracy': 0.9801, 'precision': 0.4615, 'recall': 0.0741, 'f1': 0.1277, 'auc': 0.7542}
train: {'epoch': 67, 'eta': 821381.7064, 'loss': 0.122, 'lr': 0.001, 'params': 1685104, 'time_iter': 24.1387, 'accuracy': 0.9663, 'precision': 0.7253, 'recall': 0.1607, 'f1': 0.2631, 'auc': 0.8198}
val: {'epoch': 68, 'loss': 0.092, 'lr': 0.001, 'params': 1685104, 'time_iter': 4.4189, 'accuracy': 0.9786, 'precision': 0.3478, 'recall': 0.0988, 'f1': 0.1538, 'auc': 0.766}
train: {'epoch': 68, 'eta': 795264.9505, 'loss': 0.122, 'lr': 0.001, 'params': 1685104, 'time_iter': 23.9745, 'accuracy': 0.9663, 'precision': 0.7253, 'recall': 0.1607, 'f1': 0.2631, 'auc': 0.8195}
val: {'epoch': 69, 'loss': 0.0945, 'lr': 0.001, 'params': 1685104, 'time_iter': 4.4336, 'accuracy': 0.981, 'precision': 0.6667, 'recall': 0.0741, 'f1': 0.1333, 'auc': 0.744}
train: {'epoch': 69, 'eta': 769363.6698, 'loss': 0.1223, 'lr': 0.001, 'params': 1685104, 'time_iter': 24.3693, 'accuracy': 0.9664, 'precision': 0.7138, 'recall': 0.1721, 'f1': 0.2773, 'auc': 0.817}
val: {'epoch': 70, 'loss': 0.0935, 'lr': 0.001, 'params': 1685104, 'time_iter': 4.6427, 'accuracy': 0.9801, 'precision': 0.4667, 'recall': 0.0864, 'f1': 0.1458, 'auc': 0.7603}
train: {'epoch': 70, 'eta': 743538.2839, 'loss': 0.1207, 'lr': 0.001, 'params': 1685104, 'time_iter': 24.4946, 'accuracy': 0.966, 'precision': 0.7154, 'recall': 0.155, 'f1': 0.2548, 'auc': 0.8239}
val: {'epoch': 71, 'loss': 0.0951, 'lr': 0.001, 'params': 1685104, 'time_iter': 4.5899, 'accuracy': 0.981, 'precision': 0.6667, 'recall': 0.0741, 'f1': 0.1333, 'auc': 0.7741}
train: {'epoch': 71, 'eta': 717824.9638, 'loss': 0.122, 'lr': 0.001, 'params': 1685104, 'time_iter': 24.7316, 'accuracy': 0.9658, 'precision': 0.6989, 'recall': 0.1526, 'f1': 0.2505, 'auc': 0.8191}
val: {'epoch': 72, 'loss': 0.0973, 'lr': 0.001, 'params': 1685104, 'time_iter': 4.5413, 'accuracy': 0.9808, 'precision': 0.5625, 'recall': 0.1111, 'f1': 0.1856, 'auc': 0.7442}
train: {'epoch': 72, 'eta': 691844.7575, 'loss': 0.1204, 'lr': 0.001, 'params': 1685104, 'time_iter': 24.0113, 'accuracy': 0.9664, 'precision': 0.7207, 'recall': 0.1696, 'f1': 0.2746, 'auc': 0.824}
val: {'epoch': 73, 'loss': 0.0956, 'lr': 0.001, 'params': 1685104, 'time_iter': 5.1458, 'accuracy': 0.981, 'precision': 0.6364, 'recall': 0.0864, 'f1': 0.1522, 'auc': 0.7615}
train: {'epoch': 73, 'eta': 666343.9923, 'loss': 0.1196, 'lr': 0.001, 'params': 1685104, 'time_iter': 25.2423, 'accuracy': 0.9666, 'precision': 0.7295, 'recall': 0.1729, 'f1': 0.2795, 'auc': 0.8255}
val: {'epoch': 74, 'loss': 0.0937, 'lr': 0.001, 'params': 1685104, 'time_iter': 4.5284, 'accuracy': 0.9798, 'precision': 0.4444, 'recall': 0.0988, 'f1': 0.1616, 'auc': 0.7457}
train: {'epoch': 74, 'eta': 640545.1324, 'loss': 0.1193, 'lr': 0.001, 'params': 1685104, 'time_iter': 24.41, 'accuracy': 0.9664, 'precision': 0.7076, 'recall': 0.1729, 'f1': 0.2779, 'auc': 0.8271}
val: {'epoch': 75, 'loss': 0.0991, 'lr': 0.001, 'params': 1685104, 'time_iter': 5.1645, 'accuracy': 0.9788, 'precision': 0.35, 'recall': 0.0864, 'f1': 0.1386, 'auc': 0.7423}
train: {'epoch': 75, 'eta': 615082.8255, 'loss': 0.1191, 'lr': 0.001, 'params': 1685104, 'time_iter': 25.3906, 'accuracy': 0.9667, 'precision': 0.7212, 'recall': 0.1826, 'f1': 0.2915, 'auc': 0.8261}
val: {'epoch': 76, 'loss': 0.0956, 'lr': 0.001, 'params': 1685104, 'time_iter': 5.1121, 'accuracy': 0.9798, 'precision': 0.4375, 'recall': 0.0864, 'f1': 0.1443, 'auc': 0.7522}
train: {'epoch': 76, 'eta': 589325.5705, 'loss': 0.1185, 'lr': 0.001, 'params': 1685104, 'time_iter': 24.4871, 'accuracy': 0.9662, 'precision': 0.7023, 'recall': 0.1705, 'f1': 0.2743, 'auc': 0.8276}
val: {'epoch': 77, 'loss': 0.092, 'lr': 0.001, 'params': 1685104, 'time_iter': 4.7126, 'accuracy': 0.9803, 'precision': 0.5, 'recall': 0.0741, 'f1': 0.129, 'auc': 0.7787}
train: {'epoch': 77, 'eta': 563622.6697, 'loss': 0.1184, 'lr': 0.001, 'params': 1685104, 'time_iter': 24.6249, 'accuracy': 0.9667, 'precision': 0.7157, 'recall': 0.1818, 'f1': 0.29, 'auc': 0.8302}
val: {'epoch': 78, 'loss': 0.0901, 'lr': 0.001, 'params': 1685104, 'time_iter': 4.828, 'accuracy': 0.9805, 'precision': 0.5385, 'recall': 0.0864, 'f1': 0.1489, 'auc': 0.7626}
train: {'epoch': 78, 'eta': 537830.2441, 'loss': 0.1183, 'lr': 0.001, 'params': 1685104, 'time_iter': 24.2639, 'accuracy': 0.9674, 'precision': 0.7516, 'recall': 0.194, 'f1': 0.3084, 'auc': 0.8297}
val: {'epoch': 79, 'loss': 0.0943, 'lr': 0.001, 'params': 1685104, 'time_iter': 4.7885, 'accuracy': 0.981, 'precision': 0.6364, 'recall': 0.0864, 'f1': 0.1522, 'auc': 0.7669}
train: {'epoch': 79, 'eta': 512170.8213, 'loss': 0.1174, 'lr': 0.001, 'params': 1685104, 'time_iter': 24.7008, 'accuracy': 0.9677, 'precision': 0.7577, 'recall': 0.2005, 'f1': 0.3171, 'auc': 0.8314}
val: {'epoch': 80, 'loss': 0.0971, 'lr': 0.001, 'params': 1685104, 'time_iter': 4.9418, 'accuracy': 0.9803, 'precision': 0.5, 'recall': 0.0741, 'f1': 0.129, 'auc': 0.7591}
train: {'epoch': 80, 'eta': 486348.3423, 'loss': 0.1171, 'lr': 0.001, 'params': 1685104, 'time_iter': 24.0005, 'accuracy': 0.9675, 'precision': 0.7485, 'recall': 0.2005, 'f1': 0.3163, 'auc': 0.8331}
val: {'epoch': 81, 'loss': 0.1008, 'lr': 0.001, 'params': 1685104, 'time_iter': 4.6672, 'accuracy': 0.9808, 'precision': 0.5833, 'recall': 0.0864, 'f1': 0.1505, 'auc': 0.7383}
train: {'epoch': 81, 'eta': 460791.9817, 'loss': 0.1176, 'lr': 0.001, 'params': 1685104, 'time_iter': 25.057, 'accuracy': 0.9674, 'precision': 0.7409, 'recall': 0.1972, 'f1': 0.3115, 'auc': 0.8291}
val: {'epoch': 82, 'loss': 0.0963, 'lr': 0.001, 'params': 1685104, 'time_iter': 4.521, 'accuracy': 0.9805, 'precision': 0.5714, 'recall': 0.0494, 'f1': 0.0909, 'auc': 0.7422}
train: {'epoch': 82, 'eta': 434927.9473, 'loss': 0.1176, 'lr': 0.001, 'params': 1685104, 'time_iter': 23.6232, 'accuracy': 0.9672, 'precision': 0.7325, 'recall': 0.1956, 'f1': 0.3088, 'auc': 0.8328}
val: {'epoch': 83, 'loss': 0.0931, 'lr': 0.001, 'params': 1685104, 'time_iter': 4.8506, 'accuracy': 0.981, 'precision': 0.6364, 'recall': 0.0864, 'f1': 0.1522, 'auc': 0.77}
train: {'epoch': 83, 'eta': 409263.2102, 'loss': 0.1171, 'lr': 0.001, 'params': 1685104, 'time_iter': 24.451, 'accuracy': 0.9671, 'precision': 0.7312, 'recall': 0.1899, 'f1': 0.3015, 'auc': 0.8355}
val: {'epoch': 84, 'loss': 0.0975, 'lr': 0.001, 'params': 1685104, 'time_iter': 4.78, 'accuracy': 0.9801, 'precision': 0.4615, 'recall': 0.0741, 'f1': 0.1277, 'auc': 0.7653}
train: {'epoch': 84, 'eta': 383916.7872, 'loss': 0.1166, 'lr': 0.001, 'params': 1685104, 'time_iter': 26.1386, 'accuracy': 0.9673, 'precision': 0.7461, 'recall': 0.1932, 'f1': 0.3069, 'auc': 0.8369}
val: {'epoch': 85, 'loss': 0.0975, 'lr': 0.001, 'params': 1685104, 'time_iter': 4.7526, 'accuracy': 0.9815, 'precision': 0.6923, 'recall': 0.1111, 'f1': 0.1915, 'auc': 0.7641}
train: {'epoch': 85, 'eta': 358357.7953, 'loss': 0.1162, 'lr': 0.001, 'params': 1685104, 'time_iter': 25.0848, 'accuracy': 0.9672, 'precision': 0.723, 'recall': 0.2013, 'f1': 0.3149, 'auc': 0.8374}
val: {'epoch': 86, 'loss': 0.1042, 'lr': 0.001, 'params': 1685104, 'time_iter': 4.7415, 'accuracy': 0.9803, 'precision': 0.5, 'recall': 0.0864, 'f1': 0.1474, 'auc': 0.7356}
train: {'epoch': 86, 'eta': 332606.1005, 'loss': 0.1166, 'lr': 0.001, 'params': 1685104, 'time_iter': 23.8694, 'accuracy': 0.9673, 'precision': 0.7321, 'recall': 0.1997, 'f1': 0.3138, 'auc': 0.8332}
val: {'epoch': 87, 'loss': 0.0963, 'lr': 0.001, 'params': 1685104, 'time_iter': 4.5014, 'accuracy': 0.9801, 'precision': 0.4706, 'recall': 0.0988, 'f1': 0.1633, 'auc': 0.7408}
train: {'epoch': 87, 'eta': 307085.749, 'loss': 0.1165, 'lr': 0.001, 'params': 1685104, 'time_iter': 25.3254, 'accuracy': 0.9671, 'precision': 0.7329, 'recall': 0.1916, 'f1': 0.3037, 'auc': 0.8359}
val: {'epoch': 88, 'loss': 0.1031, 'lr': 0.001, 'params': 1685104, 'time_iter': 4.6468, 'accuracy': 0.9808, 'precision': 0.5714, 'recall': 0.0988, 'f1': 0.1684, 'auc': 0.7378}
train: {'epoch': 88, 'eta': 281399.5602, 'loss': 0.1155, 'lr': 0.001, 'params': 1685104, 'time_iter': 24.1167, 'accuracy': 0.9674, 'precision': 0.7416, 'recall': 0.1981, 'f1': 0.3126, 'auc': 0.8392}
val: {'epoch': 89, 'loss': 0.1003, 'lr': 0.001, 'params': 1685104, 'time_iter': 4.7349, 'accuracy': 0.9796, 'precision': 0.4348, 'recall': 0.1235, 'f1': 0.1923, 'auc': 0.7414}
train: {'epoch': 89, 'eta': 255762.8211, 'loss': 0.1149, 'lr': 0.001, 'params': 1685104, 'time_iter': 24.3801, 'accuracy': 0.9677, 'precision': 0.7576, 'recall': 0.2029, 'f1': 0.3201, 'auc': 0.8425}
val: {'epoch': 90, 'loss': 0.0967, 'lr': 0.001, 'params': 1685104, 'time_iter': 4.7975, 'accuracy': 0.981, 'precision': 0.6364, 'recall': 0.0864, 'f1': 0.1522, 'auc': 0.7706}
train: {'epoch': 90, 'eta': 230144.8485, 'loss': 0.1157, 'lr': 0.001, 'params': 1685104, 'time_iter': 24.4458, 'accuracy': 0.9676, 'precision': 0.7313, 'recall': 0.2143, 'f1': 0.3315, 'auc': 0.8391}
val: {'epoch': 91, 'loss': 0.0965, 'lr': 0.001, 'params': 1685104, 'time_iter': 4.7579, 'accuracy': 0.9808, 'precision': 0.6, 'recall': 0.0741, 'f1': 0.1319, 'auc': 0.7535}
train: {'epoch': 91, 'eta': 204536.2964, 'loss': 0.115, 'lr': 0.001, 'params': 1685104, 'time_iter': 24.4386, 'accuracy': 0.9674, 'precision': 0.7218, 'recall': 0.2127, 'f1': 0.3285, 'auc': 0.8433}
val: {'epoch': 92, 'loss': 0.0962, 'lr': 0.001, 'params': 1685104, 'time_iter': 4.4828, 'accuracy': 0.9808, 'precision': 0.5833, 'recall': 0.0864, 'f1': 0.1505, 'auc': 0.7757}
train: {'epoch': 92, 'eta': 178979.8101, 'loss': 0.1142, 'lr': 0.001, 'params': 1685104, 'time_iter': 24.9827, 'accuracy': 0.9681, 'precision': 0.763, 'recall': 0.2143, 'f1': 0.3346, 'auc': 0.8434}
val: {'epoch': 93, 'loss': 0.0969, 'lr': 0.001, 'params': 1685104, 'time_iter': 5.1208, 'accuracy': 0.981, 'precision': 0.6364, 'recall': 0.0864, 'f1': 0.1522, 'auc': 0.7679}
train: {'epoch': 93, 'eta': 153444.6334, 'loss': 0.1139, 'lr': 0.001, 'params': 1685104, 'time_iter': 25.356, 'accuracy': 0.9678, 'precision': 0.7478, 'recall': 0.2094, 'f1': 0.3272, 'auc': 0.8467}
val: {'epoch': 94, 'loss': 0.0974, 'lr': 0.001, 'params': 1685104, 'time_iter': 4.6945, 'accuracy': 0.9818, 'precision': 0.7143, 'recall': 0.1235, 'f1': 0.2105, 'auc': 0.7607}
train: {'epoch': 94, 'eta': 127839.2186, 'loss': 0.113, 'lr': 0.001, 'params': 1685104, 'time_iter': 24.2752, 'accuracy': 0.9676, 'precision': 0.7406, 'recall': 0.2086, 'f1': 0.3255, 'auc': 0.8508}
val: {'epoch': 95, 'loss': 0.0955, 'lr': 0.001, 'params': 1685104, 'time_iter': 5.0492, 'accuracy': 0.9808, 'precision': 0.6, 'recall': 0.0741, 'f1': 0.1319, 'auc': 0.7765}
train: {'epoch': 95, 'eta': 102265.2396, 'loss': 0.1131, 'lr': 0.001, 'params': 1685104, 'time_iter': 24.7042, 'accuracy': 0.9682, 'precision': 0.7634, 'recall': 0.22, 'f1': 0.3415, 'auc': 0.848}
val: {'epoch': 96, 'loss': 0.1037, 'lr': 0.001, 'params': 1685104, 'time_iter': 4.4013, 'accuracy': 0.9815, 'precision': 0.7778, 'recall': 0.0864, 'f1': 0.1556, 'auc': 0.749}
train: {'epoch': 96, 'eta': 76687.6521, 'loss': 0.1129, 'lr': 0.001, 'params': 1685104, 'time_iter': 24.4914, 'accuracy': 0.9676, 'precision': 0.7263, 'recall': 0.2175, 'f1': 0.3348, 'auc': 0.8498}
val: {'epoch': 97, 'loss': 0.0991, 'lr': 0.001, 'params': 1685104, 'time_iter': 5.283, 'accuracy': 0.9813, 'precision': 0.75, 'recall': 0.0741, 'f1': 0.1348, 'auc': 0.7674}
train: {'epoch': 97, 'eta': 51116.9586, 'loss': 0.1122, 'lr': 0.001, 'params': 1685104, 'time_iter': 24.4544, 'accuracy': 0.9684, 'precision': 0.7797, 'recall': 0.2183, 'f1': 0.3412, 'auc': 0.854}
val: {'epoch': 98, 'loss': 0.0998, 'lr': 0.001, 'params': 1685104, 'time_iter': 5.3642, 'accuracy': 0.982, 'precision': 0.8182, 'recall': 0.1111, 'f1': 0.1957, 'auc': 0.7387}
train: {'epoch': 98, 'eta': 25566.9177, 'loss': 0.1118, 'lr': 0.001, 'params': 1685104, 'time_iter': 25.65, 'accuracy': 0.9682, 'precision': 0.7473, 'recall': 0.2281, 'f1': 0.3495, 'auc': 0.8553}
val: {'epoch': 99, 'loss': 0.1029, 'lr': 0.001, 'params': 1685104, 'time_iter': 5.3999, 'accuracy': 0.9803, 'precision': 0.5, 'recall': 0.0494, 'f1': 0.0899, 'auc': 0.7479}
train: {'epoch': 99, 'eta': 0.0, 'loss': 0.1117, 'lr': 0.001, 'params': 1685104, 'time_iter': 24.124, 'accuracy': 0.9694, 'precision': 0.8104, 'recall': 0.2394, 'f1': 0.3697, 'auc': 0.8523}
test: {'epoch': 99, 'loss': 0.1703, 'lr': 0.001, 'params': 1685104, 'time_iter': 4.0367, 'accuracy': 0.9708, 'precision': 0.7273, 'recall': 0.1231, 'f1': 0.2105, 'auc': 0.7061}
test: {'epoch': 77, 'loss': 0.1538, 'lr': 0.001, 'params': 1685104, 'time_iter': 4.3259, 'accuracy': 0.9701, 'precision': 0.6842, 'recall': 0.1, 'f1': 0.1745, 'auc': 0.7034}
