GraphGymModule(
  (model): DilatedGNNModel(
    (encoder): FeatureEncoder(
      (node_encoder): AtomEncoder(
        (atom_embedding_list): ModuleList(
          (0): Embedding(119, 300)
          (1): Embedding(4, 300)
          (2): Embedding(12, 300)
          (3): Embedding(12, 300)
          (4): Embedding(10, 300)
          (5): Embedding(6, 300)
          (6): Embedding(6, 300)
          (7): Embedding(2, 300)
          (8): Embedding(2, 300)
        )
      )
      (edge_encoder): BondEncoder(
        (bond_embedding_list): ModuleList(
          (0): Embedding(5, 300)
          (1): Embedding(6, 300)
          (2): Embedding(2, 300)
        )
      )
    )
    (mp): GNNDilatedStage(
      (classic_layers): ModuleList(
        (0): GeneralLayer(
          (layer): EGINConv(
            (model): GINEConv(nn=Sequential(
              (0): Linear(300, 300, bias=True)
              (1): ReLU()
              (2): Linear(300, 300, bias=True)
            ))
          )
          (post_layer): Sequential(
            (0): BatchNorm1d(300, eps=1e-05, momentum=0.1, affine=True, track_running_stats=True)
            (1): Dropout(p=0.5, inplace=False)
            (2): ReLU()
          )
        )
        (1): GeneralLayer(
          (layer): EGINConv(
            (model): GINEConv(nn=Sequential(
              (0): Linear(300, 300, bias=True)
              (1): ReLU()
              (2): Linear(300, 300, bias=True)
            ))
          )
          (post_layer): Sequential(
            (0): BatchNorm1d(300, eps=1e-05, momentum=0.1, affine=True, track_running_stats=True)
            (1): Dropout(p=0.5, inplace=False)
            (2): ReLU()
          )
        )
      )
      (dilated_layers): ModuleList(
        (0): DilatedGeneralLayer(
          (layer): EGINConv(
            (model): GINEConv(nn=Sequential(
              (0): Linear(300, 300, bias=True)
              (1): ReLU()
              (2): Linear(300, 300, bias=True)
            ))
          )
          (post_layer): Sequential(
            (0): BatchNorm1d(300, eps=1e-05, momentum=0.1, affine=True, track_running_stats=True)
            (1): Dropout(p=0.5, inplace=False)
            (2): ReLU()
          )
          (gem): GeM(p=3.0000, eps=1e-06)
        )
        (1): DilatedGeneralLayer(
          (layer): EGINConv(
            (model): GINEConv(nn=Sequential(
              (0): Linear(300, 300, bias=True)
              (1): ReLU()
              (2): Linear(300, 300, bias=True)
            ))
          )
          (post_layer): Sequential(
            (0): BatchNorm1d(300, eps=1e-05, momentum=0.1, affine=True, track_running_stats=True)
            (1): Dropout(p=0.5, inplace=False)
            (2): ReLU()
          )
          (gem): GeM(p=3.0000, eps=1e-06)
        )
      )
      (act): ReLU()
    )
    (post_mp): GNNGraphHead(
      (layer_post_mp): MLP(
        (model): Sequential(
          (0): Linear(
            (model): Linear(300, 1, bias=True)
          )
        )
      )
    )
  )
)
accelerator: cuda
benchmark: False
bn:
  eps: 1e-05
  mom: 0.1
cfg_dest: config.yaml
custom_metrics: []
dataset:
  cache_load: False
  cache_save: False
  dir: ./datasets
  edge_dim: 300
  edge_encoder: True
  edge_encoder_bn: False
  edge_encoder_name: Bond
  edge_message_ratio: 0.8
  edge_negative_sampling_ratio: 1.0
  edge_train_mode: all
  encoder: True
  encoder_bn: True
  encoder_dim: 128
  encoder_name: db
  fast_loader: False
  format: OGB
  label_column: none
  label_table: none
  location: local
  name: ogbg-molhiv
  node_encoder: True
  node_encoder_bn: False
  node_encoder_name: Atom
  remove_feature: False
  resample_disjoint: False
  resample_negative: False
  shuffle_split: True
  split: [0.8, 0.1, 0.1]
  split_mode: random
  task: graph
  task_type: classification
  to_undirected: False
  transductive: False
  transform: none
  tu_simple: True
devices: 1
gnn:
  act: relu
  act_on_last_layer_mp: False
  agg: none
  att_final_linear: False
  att_final_linear_bn: False
  att_heads: 1
  batchnorm: True
  clear_feature: True
  dilated_path_join: add
  dim_inner: 300
  dropout: 0.5
  head: graph
  keep_edge: 0.5
  l2norm: True
  layer_type: eginconv
  layers_k1: 2
  layers_k2: 2
  layers_mp: 5
  layers_post_mp: 1
  layers_pre_mp: 0
  learn_alpha_residual_connection: True
  msg_direction: single
  normalize_adj: False
  self_msg: concat
  skip_every: 1
  stage_type: stack
  use_edge_features: True
gpu_mem: False
mem:
  inplace: False
metric_agg: argmax
metric_best: auc
model:
  edge_decoding: dot
  graph_pooling: mean
  loss_fun: cross_entropy
  match_upper: True
  size_average: mean
  thresh: 0.5
  type: dilated_gnn
num_threads: 6
num_workers: 16
optim:
  base_lr: 0.001
  lr_decay: 0.1
  max_epoch: 100
  momentum: 0.9
  optimizer: adam
  scheduler: none
  steps: [30, 60, 90]
  weight_decay: 0.0
out_dir: results_experiments/ogbg_molhiv_baseline_grid_design/ogbg_molhiv_baseline-type=dilated_gnn-layer_type=eginconv-layers_k1=2-layers_k2=2-dilated_path_join=add-learn_alpha_residual_connection=True
params: 1142105
print: both
round: 4
run_dir: results_experiments/ogbg_molhiv_baseline_grid_design/ogbg_molhiv_baseline-type=dilated_gnn-layer_type=eginconv-layers_k1=2-layers_k2=2-dilated_path_join=add-learn_alpha_residual_connection=True/3
seed: 4
share:
  dim_in: 9
  dim_out: 2
  num_splits: 3
tensorboard_agg: True
tensorboard_each_run: False
train:
  auto_resume: False
  batch_size: 32
  ckpt_clean: True
  ckpt_period: 100
  enable_ckpt: True
  epoch_resume: -1
  eval_period: 1
  iter_per_epoch: 32
  neighbor_sizes: [20, 15, 10, 5]
  node_per_graph: 32
  radius: extend
  sample_node: False
  sampler: full_batch
  skip_train_eval: False
  walk_length: 4
val:
  node_per_graph: 32
  radius: extend
  sample_node: False
  sampler: full_batch
view_emb: False
Num parameters: 1142105
val: {'epoch': 0, 'loss': 0.6583, 'lr': 0.001, 'params': 1142105, 'time_iter': 0.7526, 'accuracy': 0.9844, 'precision': 0.0, 'recall': 0.0, 'f1': 0.0, 'auc': 0.5873}
val: {'epoch': 0, 'loss': 0.0931, 'lr': 0.001, 'params': 1142105, 'time_iter': 2.1351, 'accuracy': 0.9803, 'precision': 0.0, 'recall': 0.0, 'f1': 0.0, 'auc': 0.7008}
train: {'epoch': 0, 'eta': 1217577.9327, 'loss': 0.1765, 'lr': 0.001, 'params': 1142105, 'time_iter': 11.9522, 'accuracy': 0.9624, 'precision': 0.0, 'recall': 0.0, 'f1': 0.0, 'auc': 0.5958}
val: {'epoch': 1, 'loss': 0.0897, 'lr': 0.001, 'params': 1142105, 'time_iter': 2.2148, 'accuracy': 0.9803, 'precision': 0.0, 'recall': 0.0, 'f1': 0.0, 'auc': 0.7262}
train: {'epoch': 1, 'eta': 1193738.8095, 'loss': 0.1491, 'lr': 0.001, 'params': 1142105, 'time_iter': 11.7233, 'accuracy': 0.9626, 'precision': 0.0, 'recall': 0.0, 'f1': 0.0, 'auc': 0.6758}
val: {'epoch': 2, 'loss': 0.087, 'lr': 0.001, 'params': 1142105, 'time_iter': 2.3535, 'accuracy': 0.9803, 'precision': 0.0, 'recall': 0.0, 'f1': 0.0, 'auc': 0.7472}
train: {'epoch': 2, 'eta': 1183081.7139, 'loss': 0.1459, 'lr': 0.001, 'params': 1142105, 'time_iter': 11.8835, 'accuracy': 0.9626, 'precision': 0.0, 'recall': 0.0, 'f1': 0.0, 'auc': 0.7035}
val: {'epoch': 3, 'loss': 0.0969, 'lr': 0.001, 'params': 1142105, 'time_iter': 2.1579, 'accuracy': 0.9803, 'precision': 0.0, 'recall': 0.0, 'f1': 0.0, 'auc': 0.655}
train: {'epoch': 3, 'eta': 1176992.007, 'loss': 0.145, 'lr': 0.001, 'params': 1142105, 'time_iter': 12.1003, 'accuracy': 0.9626, 'precision': 1.0, 'recall': 0.0016, 'f1': 0.0032, 'auc': 0.7043}
val: {'epoch': 4, 'loss': 0.0879, 'lr': 0.001, 'params': 1142105, 'time_iter': 2.2048, 'accuracy': 0.981, 'precision': 0.7143, 'recall': 0.0617, 'f1': 0.1136, 'auc': 0.7077}
train: {'epoch': 4, 'eta': 1160595.0904, 'loss': 0.1418, 'lr': 0.001, 'params': 1142105, 'time_iter': 11.7032, 'accuracy': 0.9629, 'precision': 0.6857, 'recall': 0.0195, 'f1': 0.0379, 'auc': 0.7288}
val: {'epoch': 5, 'loss': 0.096, 'lr': 0.001, 'params': 1142105, 'time_iter': 2.3553, 'accuracy': 0.9803, 'precision': 0.0, 'recall': 0.0, 'f1': 0.0, 'auc': 0.7772}
train: {'epoch': 5, 'eta': 1148616.9106, 'loss': 0.1384, 'lr': 0.001, 'params': 1142105, 'time_iter': 11.8873, 'accuracy': 0.9634, 'precision': 0.7121, 'recall': 0.0381, 'f1': 0.0724, 'auc': 0.7485}
val: {'epoch': 6, 'loss': 0.096, 'lr': 0.001, 'params': 1142105, 'time_iter': 2.1583, 'accuracy': 0.9757, 'precision': 0.2889, 'recall': 0.1605, 'f1': 0.2063, 'auc': 0.754}
train: {'epoch': 6, 'eta': 1138650.1359, 'loss': 0.1357, 'lr': 0.001, 'params': 1142105, 'time_iter': 12.0397, 'accuracy': 0.9636, 'precision': 0.6957, 'recall': 0.0519, 'f1': 0.0967, 'auc': 0.7636}
val: {'epoch': 7, 'loss': 0.0773, 'lr': 0.001, 'params': 1142105, 'time_iter': 2.2393, 'accuracy': 0.981, 'precision': 0.5714, 'recall': 0.1481, 'f1': 0.2353, 'auc': 0.7955}
train: {'epoch': 7, 'eta': 1122961.2644, 'loss': 0.1335, 'lr': 0.001, 'params': 1142105, 'time_iter': 11.6073, 'accuracy': 0.9638, 'precision': 0.6694, 'recall': 0.0674, 'f1': 0.1224, 'auc': 0.7727}
val: {'epoch': 8, 'loss': 0.0822, 'lr': 0.001, 'params': 1142105, 'time_iter': 2.3778, 'accuracy': 0.9818, 'precision': 0.75, 'recall': 0.1111, 'f1': 0.1935, 'auc': 0.7537}
train: {'epoch': 8, 'eta': 1108968.8549, 'loss': 0.1314, 'lr': 0.001, 'params': 1142105, 'time_iter': 11.6904, 'accuracy': 0.964, 'precision': 0.6739, 'recall': 0.0755, 'f1': 0.1358, 'auc': 0.7786}
val: {'epoch': 9, 'loss': 0.0824, 'lr': 0.001, 'params': 1142105, 'time_iter': 2.1109, 'accuracy': 0.981, 'precision': 0.5294, 'recall': 0.3333, 'f1': 0.4091, 'auc': 0.7728}
train: {'epoch': 9, 'eta': 1094949.555, 'loss': 0.1306, 'lr': 0.001, 'params': 1142105, 'time_iter': 11.6451, 'accuracy': 0.9637, 'precision': 0.6275, 'recall': 0.0779, 'f1': 0.1386, 'auc': 0.7794}
val: {'epoch': 10, 'loss': 0.0826, 'lr': 0.001, 'params': 1142105, 'time_iter': 2.3419, 'accuracy': 0.9796, 'precision': 0.4571, 'recall': 0.1975, 'f1': 0.2759, 'auc': 0.7384}
train: {'epoch': 10, 'eta': 1082353.8993, 'loss': 0.1293, 'lr': 0.001, 'params': 1142105, 'time_iter': 11.7716, 'accuracy': 0.9642, 'precision': 0.641, 'recall': 0.1015, 'f1': 0.1752, 'auc': 0.7854}
val: {'epoch': 11, 'loss': 0.0806, 'lr': 0.001, 'params': 1142105, 'time_iter': 2.157, 'accuracy': 0.9803, 'precision': 0.5, 'recall': 0.1975, 'f1': 0.2832, 'auc': 0.763}
train: {'epoch': 11, 'eta': 1070161.2204, 'loss': 0.1278, 'lr': 0.001, 'params': 1142105, 'time_iter': 11.8144, 'accuracy': 0.964, 'precision': 0.6129, 'recall': 0.108, 'f1': 0.1836, 'auc': 0.7913}
val: {'epoch': 12, 'loss': 0.0764, 'lr': 0.001, 'params': 1142105, 'time_iter': 2.1795, 'accuracy': 0.981, 'precision': 0.56, 'recall': 0.1728, 'f1': 0.2642, 'auc': 0.7947}
train: {'epoch': 12, 'eta': 1057246.5089, 'loss': 0.1265, 'lr': 0.001, 'params': 1142105, 'time_iter': 11.7087, 'accuracy': 0.9645, 'precision': 0.6455, 'recall': 0.1153, 'f1': 0.1956, 'auc': 0.8004}
val: {'epoch': 13, 'loss': 0.0796, 'lr': 0.001, 'params': 1142105, 'time_iter': 2.3213, 'accuracy': 0.981, 'precision': 0.5714, 'recall': 0.1481, 'f1': 0.2353, 'auc': 0.7753}
train: {'epoch': 13, 'eta': 1043731.3457, 'loss': 0.1253, 'lr': 0.001, 'params': 1142105, 'time_iter': 11.5942, 'accuracy': 0.9647, 'precision': 0.6452, 'recall': 0.1299, 'f1': 0.2162, 'auc': 0.8055}
val: {'epoch': 14, 'loss': 0.0832, 'lr': 0.001, 'params': 1142105, 'time_iter': 2.1969, 'accuracy': 0.9805, 'precision': 0.5238, 'recall': 0.1358, 'f1': 0.2157, 'auc': 0.791}
train: {'epoch': 14, 'eta': 1032800.4252, 'loss': 0.1237, 'lr': 0.001, 'params': 1142105, 'time_iter': 12.0011, 'accuracy': 0.965, 'precision': 0.6462, 'recall': 0.1453, 'f1': 0.2372, 'auc': 0.8095}
val: {'epoch': 15, 'loss': 0.0778, 'lr': 0.001, 'params': 1142105, 'time_iter': 2.1689, 'accuracy': 0.9798, 'precision': 0.4688, 'recall': 0.1852, 'f1': 0.2655, 'auc': 0.7784}
train: {'epoch': 15, 'eta': 1020326.9252, 'loss': 0.1235, 'lr': 0.001, 'params': 1142105, 'time_iter': 11.7484, 'accuracy': 0.9655, 'precision': 0.6777, 'recall': 0.1502, 'f1': 0.2458, 'auc': 0.8095}
val: {'epoch': 16, 'loss': 0.0885, 'lr': 0.001, 'params': 1142105, 'time_iter': 2.2969, 'accuracy': 0.9769, 'precision': 0.325, 'recall': 0.1605, 'f1': 0.2149, 'auc': 0.7704}
train: {'epoch': 16, 'eta': 1009240.2686, 'loss': 0.1229, 'lr': 0.001, 'params': 1142105, 'time_iter': 12.0154, 'accuracy': 0.965, 'precision': 0.6496, 'recall': 0.1445, 'f1': 0.2364, 'auc': 0.813}
val: {'epoch': 17, 'loss': 0.0845, 'lr': 0.001, 'params': 1142105, 'time_iter': 2.1075, 'accuracy': 0.9808, 'precision': 0.5833, 'recall': 0.0864, 'f1': 0.1505, 'auc': 0.7713}
train: {'epoch': 17, 'eta': 997178.8876, 'loss': 0.1216, 'lr': 0.001, 'params': 1142105, 'time_iter': 11.8378, 'accuracy': 0.9653, 'precision': 0.6529, 'recall': 0.1542, 'f1': 0.2495, 'auc': 0.8191}
val: {'epoch': 18, 'loss': 0.0886, 'lr': 0.001, 'params': 1142105, 'time_iter': 2.2073, 'accuracy': 0.9769, 'precision': 0.3793, 'recall': 0.2716, 'f1': 0.3165, 'auc': 0.7672}
train: {'epoch': 18, 'eta': 984319.072, 'loss': 0.1211, 'lr': 0.001, 'params': 1142105, 'time_iter': 11.6586, 'accuracy': 0.9653, 'precision': 0.6463, 'recall': 0.1631, 'f1': 0.2605, 'auc': 0.8158}
val: {'epoch': 19, 'loss': 0.0866, 'lr': 0.001, 'params': 1142105, 'time_iter': 2.3921, 'accuracy': 0.9813, 'precision': 0.6667, 'recall': 0.0988, 'f1': 0.172, 'auc': 0.7524}
train: {'epoch': 19, 'eta': 972425.7579, 'loss': 0.1202, 'lr': 0.001, 'params': 1142105, 'time_iter': 11.8725, 'accuracy': 0.9653, 'precision': 0.6398, 'recall': 0.1672, 'f1': 0.2651, 'auc': 0.8202}
val: {'epoch': 20, 'loss': 0.0799, 'lr': 0.001, 'params': 1142105, 'time_iter': 2.1258, 'accuracy': 0.9805, 'precision': 0.5172, 'recall': 0.1852, 'f1': 0.2727, 'auc': 0.7701}
train: {'epoch': 20, 'eta': 961226.4585, 'loss': 0.1184, 'lr': 0.001, 'params': 1142105, 'time_iter': 12.0597, 'accuracy': 0.966, 'precision': 0.6771, 'recall': 0.1753, 'f1': 0.2785, 'auc': 0.8283}
val: {'epoch': 21, 'loss': 0.0898, 'lr': 0.001, 'params': 1142105, 'time_iter': 2.2505, 'accuracy': 0.981, 'precision': 0.7143, 'recall': 0.0617, 'f1': 0.1136, 'auc': 0.7215}
train: {'epoch': 21, 'eta': 948991.5623, 'loss': 0.1176, 'lr': 0.001, 'params': 1142105, 'time_iter': 11.806, 'accuracy': 0.9666, 'precision': 0.6803, 'recall': 0.2021, 'f1': 0.3116, 'auc': 0.8267}
val: {'epoch': 22, 'loss': 0.085, 'lr': 0.001, 'params': 1142105, 'time_iter': 2.3922, 'accuracy': 0.981, 'precision': 0.6, 'recall': 0.1111, 'f1': 0.1875, 'auc': 0.7764}
train: {'epoch': 22, 'eta': 936506.0714, 'loss': 0.1182, 'lr': 0.001, 'params': 1142105, 'time_iter': 11.7311, 'accuracy': 0.9662, 'precision': 0.6765, 'recall': 0.1867, 'f1': 0.2926, 'auc': 0.8289}
val: {'epoch': 23, 'loss': 0.0777, 'lr': 0.001, 'params': 1142105, 'time_iter': 2.1497, 'accuracy': 0.9818, 'precision': 0.65, 'recall': 0.1605, 'f1': 0.2574, 'auc': 0.7994}
train: {'epoch': 23, 'eta': 925610.4506, 'loss': 0.117, 'lr': 0.001, 'params': 1142105, 'time_iter': 12.2084, 'accuracy': 0.9665, 'precision': 0.6693, 'recall': 0.207, 'f1': 0.3162, 'auc': 0.8294}
val: {'epoch': 24, 'loss': 0.0811, 'lr': 0.001, 'params': 1142105, 'time_iter': 2.2424, 'accuracy': 0.9796, 'precision': 0.4615, 'recall': 0.2222, 'f1': 0.3, 'auc': 0.7949}
train: {'epoch': 24, 'eta': 912512.7977, 'loss': 0.1163, 'lr': 0.001, 'params': 1142105, 'time_iter': 11.5383, 'accuracy': 0.9664, 'precision': 0.6809, 'recall': 0.194, 'f1': 0.302, 'auc': 0.8336}
val: {'epoch': 25, 'loss': 0.0902, 'lr': 0.001, 'params': 1142105, 'time_iter': 2.3597, 'accuracy': 0.9771, 'precision': 0.3774, 'recall': 0.2469, 'f1': 0.2985, 'auc': 0.7325}
train: {'epoch': 25, 'eta': 900098.0874, 'loss': 0.1165, 'lr': 0.001, 'params': 1142105, 'time_iter': 11.7393, 'accuracy': 0.9673, 'precision': 0.7071, 'recall': 0.2175, 'f1': 0.3327, 'auc': 0.8309}
val: {'epoch': 26, 'loss': 0.0841, 'lr': 0.001, 'params': 1142105, 'time_iter': 2.1464, 'accuracy': 0.9798, 'precision': 0.4667, 'recall': 0.1728, 'f1': 0.2523, 'auc': 0.7851}
train: {'epoch': 26, 'eta': 888428.1947, 'loss': 0.1159, 'lr': 0.001, 'params': 1142105, 'time_iter': 11.9981, 'accuracy': 0.9671, 'precision': 0.7, 'recall': 0.2102, 'f1': 0.3233, 'auc': 0.8357}
val: {'epoch': 27, 'loss': 0.081, 'lr': 0.001, 'params': 1142105, 'time_iter': 2.2564, 'accuracy': 0.9813, 'precision': 0.625, 'recall': 0.1235, 'f1': 0.2062, 'auc': 0.7992}
train: {'epoch': 27, 'eta': 875735.3851, 'loss': 0.1158, 'lr': 0.001, 'params': 1142105, 'time_iter': 11.6298, 'accuracy': 0.9672, 'precision': 0.7104, 'recall': 0.211, 'f1': 0.3254, 'auc': 0.8351}
val: {'epoch': 28, 'loss': 0.0957, 'lr': 0.001, 'params': 1142105, 'time_iter': 2.374, 'accuracy': 0.974, 'precision': 0.3194, 'recall': 0.284, 'f1': 0.3007, 'auc': 0.7797}
train: {'epoch': 28, 'eta': 863752.6418, 'loss': 0.1145, 'lr': 0.001, 'params': 1142105, 'time_iter': 11.8918, 'accuracy': 0.9667, 'precision': 0.6726, 'recall': 0.2135, 'f1': 0.3241, 'auc': 0.8392}
val: {'epoch': 29, 'loss': 0.093, 'lr': 0.001, 'params': 1142105, 'time_iter': 2.1765, 'accuracy': 0.9796, 'precision': 0.0, 'recall': 0.0, 'f1': 0.0, 'auc': 0.7587}
train: {'epoch': 29, 'eta': 850981.1291, 'loss': 0.1138, 'lr': 0.001, 'params': 1142105, 'time_iter': 11.5703, 'accuracy': 0.9677, 'precision': 0.7059, 'recall': 0.2338, 'f1': 0.3512, 'auc': 0.8408}
val: {'epoch': 30, 'loss': 0.0806, 'lr': 0.001, 'params': 1142105, 'time_iter': 2.3032, 'accuracy': 0.9808, 'precision': 0.525, 'recall': 0.2593, 'f1': 0.3471, 'auc': 0.7979}
train: {'epoch': 30, 'eta': 838831.707, 'loss': 0.1127, 'lr': 0.001, 'params': 1142105, 'time_iter': 11.8175, 'accuracy': 0.968, 'precision': 0.7243, 'recall': 0.2346, 'f1': 0.3544, 'auc': 0.849}
val: {'epoch': 31, 'loss': 0.078, 'lr': 0.001, 'params': 1142105, 'time_iter': 2.1388, 'accuracy': 0.981, 'precision': 0.5556, 'recall': 0.1852, 'f1': 0.2778, 'auc': 0.8138}
train: {'epoch': 31, 'eta': 826437.8707, 'loss': 0.1116, 'lr': 0.001, 'params': 1142105, 'time_iter': 11.706, 'accuracy': 0.9685, 'precision': 0.7283, 'recall': 0.2524, 'f1': 0.3749, 'auc': 0.8448}
val: {'epoch': 32, 'loss': 0.0732, 'lr': 0.001, 'params': 1142105, 'time_iter': 2.1923, 'accuracy': 0.9825, 'precision': 0.6667, 'recall': 0.2222, 'f1': 0.3333, 'auc': 0.8072}
train: {'epoch': 32, 'eta': 814526.9462, 'loss': 0.112, 'lr': 0.001, 'params': 1142105, 'time_iter': 11.9271, 'accuracy': 0.9678, 'precision': 0.7048, 'recall': 0.2403, 'f1': 0.3584, 'auc': 0.8464}
val: {'epoch': 33, 'loss': 0.0835, 'lr': 0.001, 'params': 1142105, 'time_iter': 2.2908, 'accuracy': 0.9808, 'precision': 0.6667, 'recall': 0.0494, 'f1': 0.092, 'auc': 0.7715}
train: {'epoch': 33, 'eta': 802216.0165, 'loss': 0.1121, 'lr': 0.001, 'params': 1142105, 'time_iter': 11.7375, 'accuracy': 0.9683, 'precision': 0.7262, 'recall': 0.2476, 'f1': 0.3692, 'auc': 0.8462}
val: {'epoch': 34, 'loss': 0.0808, 'lr': 0.001, 'params': 1142105, 'time_iter': 2.1849, 'accuracy': 0.9823, 'precision': 0.75, 'recall': 0.1481, 'f1': 0.2474, 'auc': 0.7706}
train: {'epoch': 34, 'eta': 790383.9588, 'loss': 0.1113, 'lr': 0.001, 'params': 1142105, 'time_iter': 11.9811, 'accuracy': 0.9682, 'precision': 0.724, 'recall': 0.2427, 'f1': 0.3635, 'auc': 0.8491}
val: {'epoch': 35, 'loss': 0.0789, 'lr': 0.001, 'params': 1142105, 'time_iter': 2.2375, 'accuracy': 0.981, 'precision': 0.5714, 'recall': 0.1481, 'f1': 0.2353, 'auc': 0.8038}
train: {'epoch': 35, 'eta': 778895.0284, 'loss': 0.1105, 'lr': 0.001, 'params': 1142105, 'time_iter': 12.1838, 'accuracy': 0.9694, 'precision': 0.7517, 'recall': 0.2727, 'f1': 0.4002, 'auc': 0.8508}
val: {'epoch': 36, 'loss': 0.0715, 'lr': 0.001, 'params': 1142105, 'time_iter': 2.3609, 'accuracy': 0.9815, 'precision': 0.5806, 'recall': 0.2222, 'f1': 0.3214, 'auc': 0.8402}
train: {'epoch': 36, 'eta': 766717.6753, 'loss': 0.1103, 'lr': 0.001, 'params': 1142105, 'time_iter': 11.8232, 'accuracy': 0.9683, 'precision': 0.7203, 'recall': 0.2508, 'f1': 0.3721, 'auc': 0.8596}
val: {'epoch': 37, 'loss': 0.0762, 'lr': 0.001, 'params': 1142105, 'time_iter': 2.1826, 'accuracy': 0.9803, 'precision': 0.5, 'recall': 0.1852, 'f1': 0.2703, 'auc': 0.8336}
train: {'epoch': 37, 'eta': 755236.8308, 'loss': 0.11, 'lr': 0.001, 'params': 1142105, 'time_iter': 12.2377, 'accuracy': 0.9688, 'precision': 0.7253, 'recall': 0.2679, 'f1': 0.3912, 'auc': 0.8521}
val: {'epoch': 38, 'loss': 0.0818, 'lr': 0.001, 'params': 1142105, 'time_iter': 2.2141, 'accuracy': 0.9796, 'precision': 0.4545, 'recall': 0.1852, 'f1': 0.2632, 'auc': 0.798}
train: {'epoch': 38, 'eta': 742739.654, 'loss': 0.1096, 'lr': 0.001, 'params': 1142105, 'time_iter': 11.6416, 'accuracy': 0.9687, 'precision': 0.7261, 'recall': 0.2646, 'f1': 0.3879, 'auc': 0.8574}
val: {'epoch': 39, 'loss': 0.077, 'lr': 0.001, 'params': 1142105, 'time_iter': 2.4092, 'accuracy': 0.9815, 'precision': 0.5926, 'recall': 0.1975, 'f1': 0.2963, 'auc': 0.8348}
train: {'epoch': 39, 'eta': 730940.9473, 'loss': 0.1081, 'lr': 0.001, 'params': 1142105, 'time_iter': 12.0774, 'accuracy': 0.9693, 'precision': 0.7413, 'recall': 0.2768, 'f1': 0.4031, 'auc': 0.8558}
val: {'epoch': 40, 'loss': 0.0792, 'lr': 0.001, 'params': 1142105, 'time_iter': 2.1799, 'accuracy': 0.9815, 'precision': 0.5926, 'recall': 0.1975, 'f1': 0.2963, 'auc': 0.8017}
train: {'epoch': 40, 'eta': 718881.8954, 'loss': 0.1084, 'lr': 0.001, 'params': 1142105, 'time_iter': 11.9223, 'accuracy': 0.9684, 'precision': 0.7096, 'recall': 0.2638, 'f1': 0.3846, 'auc': 0.859}
val: {'epoch': 41, 'loss': 0.0765, 'lr': 0.001, 'params': 1142105, 'time_iter': 2.2316, 'accuracy': 0.9801, 'precision': 0.4884, 'recall': 0.2593, 'f1': 0.3387, 'auc': 0.8157}
train: {'epoch': 41, 'eta': 706624.8, 'loss': 0.1078, 'lr': 0.001, 'params': 1142105, 'time_iter': 11.7899, 'accuracy': 0.9694, 'precision': 0.7325, 'recall': 0.289, 'f1': 0.4144, 'auc': 0.861}
val: {'epoch': 42, 'loss': 0.0775, 'lr': 0.001, 'params': 1142105, 'time_iter': 2.1499, 'accuracy': 0.9815, 'precision': 0.5806, 'recall': 0.2222, 'f1': 0.3214, 'auc': 0.8284}
train: {'epoch': 42, 'eta': 694357.4696, 'loss': 0.1067, 'lr': 0.001, 'params': 1142105, 'time_iter': 11.7781, 'accuracy': 0.97, 'precision': 0.7542, 'recall': 0.2938, 'f1': 0.4229, 'auc': 0.863}
val: {'epoch': 43, 'loss': 0.0843, 'lr': 0.001, 'params': 1142105, 'time_iter': 2.1447, 'accuracy': 0.9815, 'precision': 0.6316, 'recall': 0.1481, 'f1': 0.24, 'auc': 0.8072}
train: {'epoch': 43, 'eta': 681899.1973, 'loss': 0.1056, 'lr': 0.001, 'params': 1142105, 'time_iter': 11.6272, 'accuracy': 0.9696, 'precision': 0.7363, 'recall': 0.2946, 'f1': 0.4209, 'auc': 0.8709}
val: {'epoch': 44, 'loss': 0.0785, 'lr': 0.001, 'params': 1142105, 'time_iter': 2.2233, 'accuracy': 0.982, 'precision': 0.7333, 'recall': 0.1358, 'f1': 0.2292, 'auc': 0.8008}
train: {'epoch': 44, 'eta': 669368.1858, 'loss': 0.1074, 'lr': 0.001, 'params': 1142105, 'time_iter': 11.5519, 'accuracy': 0.9695, 'precision': 0.7411, 'recall': 0.2857, 'f1': 0.4124, 'auc': 0.8635}
val: {'epoch': 45, 'loss': 0.0813, 'lr': 0.001, 'params': 1142105, 'time_iter': 2.1673, 'accuracy': 0.9796, 'precision': 0.4571, 'recall': 0.1975, 'f1': 0.2759, 'auc': 0.8123}
train: {'epoch': 45, 'eta': 657276.726, 'loss': 0.1054, 'lr': 0.001, 'params': 1142105, 'time_iter': 11.8926, 'accuracy': 0.9699, 'precision': 0.7459, 'recall': 0.2979, 'f1': 0.4258, 'auc': 0.8698}
val: {'epoch': 46, 'loss': 0.0833, 'lr': 0.001, 'params': 1142105, 'time_iter': 2.169, 'accuracy': 0.9815, 'precision': 0.6, 'recall': 0.1852, 'f1': 0.283, 'auc': 0.7672}
train: {'epoch': 46, 'eta': 644983.9302, 'loss': 0.1049, 'lr': 0.001, 'params': 1142105, 'time_iter': 11.7245, 'accuracy': 0.9698, 'precision': 0.7353, 'recall': 0.3044, 'f1': 0.4305, 'auc': 0.8745}
val: {'epoch': 47, 'loss': 0.0757, 'lr': 0.001, 'params': 1142105, 'time_iter': 2.2692, 'accuracy': 0.9825, 'precision': 0.6552, 'recall': 0.2346, 'f1': 0.3455, 'auc': 0.8281}
train: {'epoch': 47, 'eta': 632545.7883, 'loss': 0.1052, 'lr': 0.001, 'params': 1142105, 'time_iter': 11.5856, 'accuracy': 0.9696, 'precision': 0.7339, 'recall': 0.2955, 'f1': 0.4213, 'auc': 0.8716}
val: {'epoch': 48, 'loss': 0.0818, 'lr': 0.001, 'params': 1142105, 'time_iter': 2.1188, 'accuracy': 0.982, 'precision': 0.64, 'recall': 0.1975, 'f1': 0.3019, 'auc': 0.7977}
train: {'epoch': 48, 'eta': 620408.861, 'loss': 0.1057, 'lr': 0.001, 'params': 1142105, 'time_iter': 11.8471, 'accuracy': 0.9701, 'precision': 0.7536, 'recall': 0.3003, 'f1': 0.4295, 'auc': 0.8657}
val: {'epoch': 49, 'loss': 0.0768, 'lr': 0.001, 'params': 1142105, 'time_iter': 2.1759, 'accuracy': 0.9818, 'precision': 0.5938, 'recall': 0.2346, 'f1': 0.3363, 'auc': 0.8327}
train: {'epoch': 49, 'eta': 608061.6101, 'loss': 0.1041, 'lr': 0.001, 'params': 1142105, 'time_iter': 11.6448, 'accuracy': 0.97, 'precision': 0.746, 'recall': 0.3003, 'f1': 0.4282, 'auc': 0.8772}
val: {'epoch': 50, 'loss': 0.076, 'lr': 0.001, 'params': 1142105, 'time_iter': 2.3128, 'accuracy': 0.9815, 'precision': 0.6, 'recall': 0.1852, 'f1': 0.283, 'auc': 0.8302}
train: {'epoch': 50, 'eta': 595806.8155, 'loss': 0.1045, 'lr': 0.001, 'params': 1142105, 'time_iter': 11.7239, 'accuracy': 0.9702, 'precision': 0.7495, 'recall': 0.3084, 'f1': 0.437, 'auc': 0.8722}
val: {'epoch': 51, 'loss': 0.0822, 'lr': 0.001, 'params': 1142105, 'time_iter': 2.2014, 'accuracy': 0.982, 'precision': 0.6842, 'recall': 0.1605, 'f1': 0.26, 'auc': 0.785}
train: {'epoch': 51, 'eta': 583806.2529, 'loss': 0.1038, 'lr': 0.001, 'params': 1142105, 'time_iter': 11.9838, 'accuracy': 0.9704, 'precision': 0.7535, 'recall': 0.3101, 'f1': 0.4393, 'auc': 0.8741}
val: {'epoch': 52, 'loss': 0.0803, 'lr': 0.001, 'params': 1142105, 'time_iter': 2.2089, 'accuracy': 0.982, 'precision': 0.7059, 'recall': 0.1481, 'f1': 0.2449, 'auc': 0.8199}
train: {'epoch': 52, 'eta': 571251.1901, 'loss': 0.1023, 'lr': 0.001, 'params': 1142105, 'time_iter': 11.3898, 'accuracy': 0.9707, 'precision': 0.7582, 'recall': 0.3206, 'f1': 0.4507, 'auc': 0.8796}
val: {'epoch': 53, 'loss': 0.0818, 'lr': 0.001, 'params': 1142105, 'time_iter': 2.3159, 'accuracy': 0.9835, 'precision': 0.7826, 'recall': 0.2222, 'f1': 0.3462, 'auc': 0.8106}
train: {'epoch': 53, 'eta': 558876.9617, 'loss': 0.1021, 'lr': 0.001, 'params': 1142105, 'time_iter': 11.5608, 'accuracy': 0.9708, 'precision': 0.7595, 'recall': 0.3231, 'f1': 0.4533, 'auc': 0.8797}
val: {'epoch': 54, 'loss': 0.0818, 'lr': 0.001, 'params': 1142105, 'time_iter': 2.1246, 'accuracy': 0.9825, 'precision': 0.68, 'recall': 0.2099, 'f1': 0.3208, 'auc': 0.8185}
train: {'epoch': 54, 'eta': 546843.518, 'loss': 0.1009, 'lr': 0.001, 'params': 1142105, 'time_iter': 11.9449, 'accuracy': 0.9707, 'precision': 0.7567, 'recall': 0.3206, 'f1': 0.4504, 'auc': 0.8879}
val: {'epoch': 55, 'loss': 0.0793, 'lr': 0.001, 'params': 1142105, 'time_iter': 2.2252, 'accuracy': 0.982, 'precision': 0.6842, 'recall': 0.1605, 'f1': 0.26, 'auc': 0.8338}
train: {'epoch': 55, 'eta': 534706.9706, 'loss': 0.1019, 'lr': 0.001, 'params': 1142105, 'time_iter': 11.8288, 'accuracy': 0.9701, 'precision': 0.7327, 'recall': 0.3182, 'f1': 0.4437, 'auc': 0.8817}
val: {'epoch': 56, 'loss': 0.0807, 'lr': 0.001, 'params': 1142105, 'time_iter': 2.3393, 'accuracy': 0.982, 'precision': 0.6667, 'recall': 0.1728, 'f1': 0.2745, 'auc': 0.8195}
train: {'epoch': 56, 'eta': 522605.6497, 'loss': 0.1006, 'lr': 0.001, 'params': 1142105, 'time_iter': 11.8758, 'accuracy': 0.9709, 'precision': 0.7509, 'recall': 0.3328, 'f1': 0.4612, 'auc': 0.885}
val: {'epoch': 57, 'loss': 0.0728, 'lr': 0.001, 'params': 1142105, 'time_iter': 2.1534, 'accuracy': 0.9818, 'precision': 0.575, 'recall': 0.284, 'f1': 0.3802, 'auc': 0.8401}
train: {'epoch': 57, 'eta': 510534.983, 'loss': 0.1021, 'lr': 0.001, 'params': 1142105, 'time_iter': 11.9224, 'accuracy': 0.9708, 'precision': 0.7646, 'recall': 0.319, 'f1': 0.4502, 'auc': 0.8806}
val: {'epoch': 58, 'loss': 0.08, 'lr': 0.001, 'params': 1142105, 'time_iter': 2.2337, 'accuracy': 0.9805, 'precision': 0.5128, 'recall': 0.2469, 'f1': 0.3333, 'auc': 0.8268}
train: {'epoch': 58, 'eta': 498217.417, 'loss': 0.0994, 'lr': 0.001, 'params': 1142105, 'time_iter': 11.5865, 'accuracy': 0.9712, 'precision': 0.77, 'recall': 0.3287, 'f1': 0.4608, 'auc': 0.8895}
val: {'epoch': 59, 'loss': 0.0757, 'lr': 0.001, 'params': 1142105, 'time_iter': 2.3902, 'accuracy': 0.9827, 'precision': 0.7083, 'recall': 0.2099, 'f1': 0.3238, 'auc': 0.8234}
train: {'epoch': 59, 'eta': 486205.6186, 'loss': 0.0992, 'lr': 0.001, 'params': 1142105, 'time_iter': 12.013, 'accuracy': 0.9713, 'precision': 0.7651, 'recall': 0.3385, 'f1': 0.4693, 'auc': 0.8906}
val: {'epoch': 60, 'loss': 0.0796, 'lr': 0.001, 'params': 1142105, 'time_iter': 2.1603, 'accuracy': 0.983, 'precision': 0.7391, 'recall': 0.2099, 'f1': 0.3269, 'auc': 0.8181}
train: {'epoch': 60, 'eta': 473892.5354, 'loss': 0.0989, 'lr': 0.001, 'params': 1142105, 'time_iter': 11.5725, 'accuracy': 0.9706, 'precision': 0.7454, 'recall': 0.3279, 'f1': 0.4555, 'auc': 0.8919}
val: {'epoch': 61, 'loss': 0.0781, 'lr': 0.001, 'params': 1142105, 'time_iter': 2.2693, 'accuracy': 0.9815, 'precision': 0.561, 'recall': 0.284, 'f1': 0.377, 'auc': 0.8273}
train: {'epoch': 61, 'eta': 461610.7305, 'loss': 0.0987, 'lr': 0.001, 'params': 1142105, 'time_iter': 11.6014, 'accuracy': 0.9707, 'precision': 0.7572, 'recall': 0.3214, 'f1': 0.4513, 'auc': 0.8911}
val: {'epoch': 62, 'loss': 0.0806, 'lr': 0.001, 'params': 1142105, 'time_iter': 2.1308, 'accuracy': 0.983, 'precision': 0.7895, 'recall': 0.1852, 'f1': 0.3, 'auc': 0.8127}
train: {'epoch': 62, 'eta': 449435.9205, 'loss': 0.0988, 'lr': 0.001, 'params': 1142105, 'time_iter': 11.7604, 'accuracy': 0.9711, 'precision': 0.7478, 'recall': 0.3442, 'f1': 0.4714, 'auc': 0.8911}
val: {'epoch': 63, 'loss': 0.0824, 'lr': 0.001, 'params': 1142105, 'time_iter': 2.2019, 'accuracy': 0.9771, 'precision': 0.386, 'recall': 0.2716, 'f1': 0.3188, 'auc': 0.8321}
train: {'epoch': 63, 'eta': 437169.4933, 'loss': 0.0972, 'lr': 0.001, 'params': 1142105, 'time_iter': 11.5981, 'accuracy': 0.9712, 'precision': 0.7591, 'recall': 0.3377, 'f1': 0.4674, 'auc': 0.8964}
val: {'epoch': 64, 'loss': 0.0867, 'lr': 0.001, 'params': 1142105, 'time_iter': 2.2458, 'accuracy': 0.982, 'precision': 0.6296, 'recall': 0.2099, 'f1': 0.3148, 'auc': 0.7586}
train: {'epoch': 64, 'eta': 425008.6986, 'loss': 0.097, 'lr': 0.001, 'params': 1142105, 'time_iter': 11.7703, 'accuracy': 0.9711, 'precision': 0.7448, 'recall': 0.3458, 'f1': 0.4723, 'auc': 0.8987}
val: {'epoch': 65, 'loss': 0.0872, 'lr': 0.001, 'params': 1142105, 'time_iter': 2.1814, 'accuracy': 0.9823, 'precision': 0.6667, 'recall': 0.1975, 'f1': 0.3048, 'auc': 0.7897}
train: {'epoch': 65, 'eta': 412852.2281, 'loss': 0.0977, 'lr': 0.001, 'params': 1142105, 'time_iter': 11.7757, 'accuracy': 0.9718, 'precision': 0.7691, 'recall': 0.3515, 'f1': 0.4825, 'auc': 0.8921}
val: {'epoch': 66, 'loss': 0.0832, 'lr': 0.001, 'params': 1142105, 'time_iter': 2.1983, 'accuracy': 0.9825, 'precision': 0.7143, 'recall': 0.1852, 'f1': 0.2941, 'auc': 0.7816}
train: {'epoch': 66, 'eta': 400561.8154, 'loss': 0.0959, 'lr': 0.001, 'params': 1142105, 'time_iter': 11.5091, 'accuracy': 0.9714, 'precision': 0.7622, 'recall': 0.3433, 'f1': 0.4734, 'auc': 0.9006}
val: {'epoch': 67, 'loss': 0.0842, 'lr': 0.001, 'params': 1142105, 'time_iter': 2.288, 'accuracy': 0.9823, 'precision': 0.8333, 'recall': 0.1235, 'f1': 0.2151, 'auc': 0.7882}
train: {'epoch': 67, 'eta': 388297.0406, 'loss': 0.0964, 'lr': 0.001, 'params': 1142105, 'time_iter': 11.5348, 'accuracy': 0.9715, 'precision': 0.7611, 'recall': 0.349, 'f1': 0.4786, 'auc': 0.8984}
val: {'epoch': 68, 'loss': 0.0799, 'lr': 0.001, 'params': 1142105, 'time_iter': 2.1654, 'accuracy': 0.9827, 'precision': 0.8125, 'recall': 0.1605, 'f1': 0.268, 'auc': 0.8137}
train: {'epoch': 68, 'eta': 376189.3665, 'loss': 0.0964, 'lr': 0.001, 'params': 1142105, 'time_iter': 11.8499, 'accuracy': 0.9718, 'precision': 0.7705, 'recall': 0.3515, 'f1': 0.4827, 'auc': 0.9002}
val: {'epoch': 69, 'loss': 0.0786, 'lr': 0.001, 'params': 1142105, 'time_iter': 2.2247, 'accuracy': 0.9825, 'precision': 0.68, 'recall': 0.2099, 'f1': 0.3208, 'auc': 0.8196}
train: {'epoch': 69, 'eta': 363994.7471, 'loss': 0.0954, 'lr': 0.001, 'params': 1142105, 'time_iter': 11.6583, 'accuracy': 0.9718, 'precision': 0.7701, 'recall': 0.3506, 'f1': 0.4819, 'auc': 0.9018}
val: {'epoch': 70, 'loss': 0.0776, 'lr': 0.001, 'params': 1142105, 'time_iter': 2.3948, 'accuracy': 0.9827, 'precision': 0.75, 'recall': 0.1852, 'f1': 0.297, 'auc': 0.8328}
train: {'epoch': 70, 'eta': 351883.8572, 'loss': 0.0953, 'lr': 0.001, 'params': 1142105, 'time_iter': 11.8442, 'accuracy': 0.9712, 'precision': 0.7522, 'recall': 0.345, 'f1': 0.473, 'auc': 0.9022}
val: {'epoch': 71, 'loss': 0.0831, 'lr': 0.001, 'params': 1142105, 'time_iter': 2.1256, 'accuracy': 0.9825, 'precision': 0.8, 'recall': 0.1481, 'f1': 0.25, 'auc': 0.8042}
train: {'epoch': 71, 'eta': 339850.3446, 'loss': 0.0947, 'lr': 0.001, 'params': 1142105, 'time_iter': 12.0429, 'accuracy': 0.9723, 'precision': 0.7833, 'recall': 0.358, 'f1': 0.4914, 'auc': 0.9041}
val: {'epoch': 72, 'loss': 0.082, 'lr': 0.001, 'params': 1142105, 'time_iter': 2.2131, 'accuracy': 0.9832, 'precision': 0.9286, 'recall': 0.1605, 'f1': 0.2737, 'auc': 0.8455}
train: {'epoch': 72, 'eta': 327720.577, 'loss': 0.095, 'lr': 0.001, 'params': 1142105, 'time_iter': 11.8158, 'accuracy': 0.9722, 'precision': 0.7795, 'recall': 0.3588, 'f1': 0.4914, 'auc': 0.9027}
val: {'epoch': 73, 'loss': 0.0874, 'lr': 0.001, 'params': 1142105, 'time_iter': 2.3954, 'accuracy': 0.984, 'precision': 0.8, 'recall': 0.2469, 'f1': 0.3774, 'auc': 0.8031}
train: {'epoch': 73, 'eta': 315587.0767, 'loss': 0.0939, 'lr': 0.001, 'params': 1142105, 'time_iter': 11.8076, 'accuracy': 0.9722, 'precision': 0.7751, 'recall': 0.3636, 'f1': 0.495, 'auc': 0.9045}
val: {'epoch': 74, 'loss': 0.0822, 'lr': 0.001, 'params': 1142105, 'time_iter': 2.1706, 'accuracy': 0.9832, 'precision': 0.875, 'recall': 0.1728, 'f1': 0.2887, 'auc': 0.8268}
train: {'epoch': 74, 'eta': 303406.217, 'loss': 0.0939, 'lr': 0.001, 'params': 1142105, 'time_iter': 11.6708, 'accuracy': 0.9716, 'precision': 0.7534, 'recall': 0.3571, 'f1': 0.4846, 'auc': 0.907}
val: {'epoch': 75, 'loss': 0.0838, 'lr': 0.001, 'params': 1142105, 'time_iter': 2.2621, 'accuracy': 0.9827, 'precision': 0.7778, 'recall': 0.1728, 'f1': 0.2828, 'auc': 0.8181}
train: {'epoch': 75, 'eta': 291211.3153, 'loss': 0.0944, 'lr': 0.001, 'params': 1142105, 'time_iter': 11.6137, 'accuracy': 0.9723, 'precision': 0.7749, 'recall': 0.3661, 'f1': 0.4972, 'auc': 0.903}
val: {'epoch': 76, 'loss': 0.0826, 'lr': 0.001, 'params': 1142105, 'time_iter': 2.1457, 'accuracy': 0.9823, 'precision': 0.6818, 'recall': 0.1852, 'f1': 0.2913, 'auc': 0.8205}
train: {'epoch': 76, 'eta': 279085.3633, 'loss': 0.0937, 'lr': 0.001, 'params': 1142105, 'time_iter': 11.8174, 'accuracy': 0.9721, 'precision': 0.7688, 'recall': 0.3644, 'f1': 0.4945, 'auc': 0.9053}
val: {'epoch': 77, 'loss': 0.0848, 'lr': 0.001, 'params': 1142105, 'time_iter': 2.1299, 'accuracy': 0.9827, 'precision': 0.8125, 'recall': 0.1605, 'f1': 0.268, 'auc': 0.8072}
train: {'epoch': 77, 'eta': 267018.892, 'loss': 0.0924, 'lr': 0.001, 'params': 1142105, 'time_iter': 12.0253, 'accuracy': 0.9718, 'precision': 0.7639, 'recall': 0.3571, 'f1': 0.4867, 'auc': 0.9107}
val: {'epoch': 78, 'loss': 0.0855, 'lr': 0.001, 'params': 1142105, 'time_iter': 2.2754, 'accuracy': 0.983, 'precision': 0.7895, 'recall': 0.1852, 'f1': 0.3, 'auc': 0.8145}
train: {'epoch': 78, 'eta': 254873.2954, 'loss': 0.0925, 'lr': 0.001, 'params': 1142105, 'time_iter': 11.7645, 'accuracy': 0.9726, 'precision': 0.7849, 'recall': 0.3701, 'f1': 0.503, 'auc': 0.9112}
val: {'epoch': 79, 'loss': 0.0959, 'lr': 0.001, 'params': 1142105, 'time_iter': 2.1097, 'accuracy': 0.9813, 'precision': 0.5714, 'recall': 0.1975, 'f1': 0.2936, 'auc': 0.7875}
train: {'epoch': 79, 'eta': 242715.1221, 'loss': 0.0926, 'lr': 0.001, 'params': 1142105, 'time_iter': 11.7118, 'accuracy': 0.9726, 'precision': 0.7804, 'recall': 0.375, 'f1': 0.5066, 'auc': 0.9089}
val: {'epoch': 80, 'loss': 0.0826, 'lr': 0.001, 'params': 1142105, 'time_iter': 2.1885, 'accuracy': 0.9825, 'precision': 0.7647, 'recall': 0.1605, 'f1': 0.2653, 'auc': 0.819}
train: {'epoch': 80, 'eta': 230598.4937, 'loss': 0.092, 'lr': 0.001, 'params': 1142105, 'time_iter': 11.873, 'accuracy': 0.9723, 'precision': 0.7618, 'recall': 0.3791, 'f1': 0.5062, 'auc': 0.9108}
val: {'epoch': 81, 'loss': 0.0913, 'lr': 0.001, 'params': 1142105, 'time_iter': 2.3201, 'accuracy': 0.9827, 'precision': 0.8125, 'recall': 0.1605, 'f1': 0.268, 'auc': 0.789}
train: {'epoch': 81, 'eta': 218458.2209, 'loss': 0.0924, 'lr': 0.001, 'params': 1142105, 'time_iter': 11.7792, 'accuracy': 0.9726, 'precision': 0.7822, 'recall': 0.3701, 'f1': 0.5025, 'auc': 0.912}
val: {'epoch': 82, 'loss': 0.0833, 'lr': 0.001, 'params': 1142105, 'time_iter': 2.14, 'accuracy': 0.9827, 'precision': 0.7273, 'recall': 0.1975, 'f1': 0.3107, 'auc': 0.813}
train: {'epoch': 82, 'eta': 206314.2853, 'loss': 0.0912, 'lr': 0.001, 'params': 1142105, 'time_iter': 11.7596, 'accuracy': 0.9729, 'precision': 0.7756, 'recall': 0.3872, 'f1': 0.5165, 'auc': 0.9134}
val: {'epoch': 83, 'loss': 0.0889, 'lr': 0.001, 'params': 1142105, 'time_iter': 2.2462, 'accuracy': 0.9823, 'precision': 0.75, 'recall': 0.1481, 'f1': 0.2474, 'auc': 0.8164}
train: {'epoch': 83, 'eta': 194108.4638, 'loss': 0.0903, 'lr': 0.001, 'params': 1142105, 'time_iter': 11.4386, 'accuracy': 0.9725, 'precision': 0.7697, 'recall': 0.3799, 'f1': 0.5087, 'auc': 0.9161}
val: {'epoch': 84, 'loss': 0.0877, 'lr': 0.001, 'params': 1142105, 'time_iter': 2.3531, 'accuracy': 0.9835, 'precision': 0.8421, 'recall': 0.1975, 'f1': 0.32, 'auc': 0.7978}
train: {'epoch': 84, 'eta': 181982.4035, 'loss': 0.0909, 'lr': 0.001, 'params': 1142105, 'time_iter': 11.8214, 'accuracy': 0.9727, 'precision': 0.7756, 'recall': 0.3815, 'f1': 0.5114, 'auc': 0.9149}
val: {'epoch': 85, 'loss': 0.0824, 'lr': 0.001, 'params': 1142105, 'time_iter': 2.1443, 'accuracy': 0.9827, 'precision': 0.8125, 'recall': 0.1605, 'f1': 0.268, 'auc': 0.8143}
train: {'epoch': 85, 'eta': 169878.6755, 'loss': 0.0901, 'lr': 0.001, 'params': 1142105, 'time_iter': 11.96, 'accuracy': 0.9728, 'precision': 0.7798, 'recall': 0.3823, 'f1': 0.5131, 'auc': 0.9142}
val: {'epoch': 86, 'loss': 0.0835, 'lr': 0.001, 'params': 1142105, 'time_iter': 2.2346, 'accuracy': 0.983, 'precision': 0.8235, 'recall': 0.1728, 'f1': 0.2857, 'auc': 0.8023}
train: {'epoch': 86, 'eta': 157722.5535, 'loss': 0.0897, 'lr': 0.001, 'params': 1142105, 'time_iter': 11.6496, 'accuracy': 0.9728, 'precision': 0.7819, 'recall': 0.3782, 'f1': 0.5098, 'auc': 0.9187}
val: {'epoch': 87, 'loss': 0.0827, 'lr': 0.001, 'params': 1142105, 'time_iter': 2.3821, 'accuracy': 0.983, 'precision': 0.7895, 'recall': 0.1852, 'f1': 0.3, 'auc': 0.8099}
train: {'epoch': 87, 'eta': 145599.9636, 'loss': 0.0894, 'lr': 0.001, 'params': 1142105, 'time_iter': 11.8612, 'accuracy': 0.9733, 'precision': 0.781, 'recall': 0.3994, 'f1': 0.5285, 'auc': 0.916}
val: {'epoch': 88, 'loss': 0.0879, 'lr': 0.001, 'params': 1142105, 'time_iter': 2.1606, 'accuracy': 0.9825, 'precision': 0.6667, 'recall': 0.2222, 'f1': 0.3333, 'auc': 0.7884}
train: {'epoch': 88, 'eta': 133477.6124, 'loss': 0.0878, 'lr': 0.001, 'params': 1142105, 'time_iter': 11.8777, 'accuracy': 0.9736, 'precision': 0.7856, 'recall': 0.4075, 'f1': 0.5366, 'auc': 0.9225}
val: {'epoch': 89, 'loss': 0.0866, 'lr': 0.001, 'params': 1142105, 'time_iter': 2.3233, 'accuracy': 0.983, 'precision': 0.7391, 'recall': 0.2099, 'f1': 0.3269, 'auc': 0.8099}
train: {'epoch': 89, 'eta': 121342.048, 'loss': 0.088, 'lr': 0.001, 'params': 1142105, 'time_iter': 11.7815, 'accuracy': 0.9737, 'precision': 0.8023, 'recall': 0.3953, 'f1': 0.5296, 'auc': 0.9204}
val: {'epoch': 90, 'loss': 0.0934, 'lr': 0.001, 'params': 1142105, 'time_iter': 2.1403, 'accuracy': 0.9823, 'precision': 0.75, 'recall': 0.1481, 'f1': 0.2474, 'auc': 0.8005}
train: {'epoch': 90, 'eta': 109202.1258, 'loss': 0.0878, 'lr': 0.001, 'params': 1142105, 'time_iter': 11.7361, 'accuracy': 0.9739, 'precision': 0.7897, 'recall': 0.4115, 'f1': 0.5411, 'auc': 0.9217}
val: {'epoch': 91, 'loss': 0.085, 'lr': 0.001, 'params': 1142105, 'time_iter': 2.192, 'accuracy': 0.9832, 'precision': 0.8, 'recall': 0.1975, 'f1': 0.3168, 'auc': 0.8087}
train: {'epoch': 91, 'eta': 97064.5241, 'loss': 0.0877, 'lr': 0.001, 'params': 1142105, 'time_iter': 11.7465, 'accuracy': 0.973, 'precision': 0.7663, 'recall': 0.4018, 'f1': 0.5272, 'auc': 0.9215}
val: {'epoch': 92, 'loss': 0.0847, 'lr': 0.001, 'params': 1142105, 'time_iter': 2.2868, 'accuracy': 0.9835, 'precision': 0.8095, 'recall': 0.2099, 'f1': 0.3333, 'auc': 0.8079}
train: {'epoch': 92, 'eta': 84929.4596, 'loss': 0.0865, 'lr': 0.001, 'params': 1142105, 'time_iter': 11.7653, 'accuracy': 0.9733, 'precision': 0.7848, 'recall': 0.3937, 'f1': 0.5243, 'auc': 0.9254}
val: {'epoch': 93, 'loss': 0.0903, 'lr': 0.001, 'params': 1142105, 'time_iter': 2.1313, 'accuracy': 0.9827, 'precision': 0.7273, 'recall': 0.1975, 'f1': 0.3107, 'auc': 0.7802}
train: {'epoch': 93, 'eta': 72816.0331, 'loss': 0.0869, 'lr': 0.001, 'params': 1142105, 'time_iter': 12.0855, 'accuracy': 0.9736, 'precision': 0.7837, 'recall': 0.4058, 'f1': 0.5348, 'auc': 0.9243}
val: {'epoch': 94, 'loss': 0.0886, 'lr': 0.001, 'params': 1142105, 'time_iter': 2.2296, 'accuracy': 0.982, 'precision': 0.6667, 'recall': 0.1728, 'f1': 0.2745, 'auc': 0.814}
train: {'epoch': 94, 'eta': 60674.1875, 'loss': 0.0855, 'lr': 0.001, 'params': 1142105, 'time_iter': 11.6861, 'accuracy': 0.9737, 'precision': 0.7886, 'recall': 0.4058, 'f1': 0.5359, 'auc': 0.9273}
val: {'epoch': 95, 'loss': 0.0922, 'lr': 0.001, 'params': 1142105, 'time_iter': 2.3321, 'accuracy': 0.9837, 'precision': 0.85, 'recall': 0.2099, 'f1': 0.3366, 'auc': 0.7917}
train: {'epoch': 95, 'eta': 48538.6025, 'loss': 0.0863, 'lr': 0.001, 'params': 1142105, 'time_iter': 11.7754, 'accuracy': 0.974, 'precision': 0.7892, 'recall': 0.4164, 'f1': 0.5452, 'auc': 0.9247}
val: {'epoch': 96, 'loss': 0.0922, 'lr': 0.001, 'params': 1142105, 'time_iter': 2.1403, 'accuracy': 0.9837, 'precision': 0.85, 'recall': 0.2099, 'f1': 0.3366, 'auc': 0.7954}
train: {'epoch': 96, 'eta': 36418.0152, 'loss': 0.0848, 'lr': 0.001, 'params': 1142105, 'time_iter': 12.2346, 'accuracy': 0.9737, 'precision': 0.7788, 'recall': 0.4172, 'f1': 0.5433, 'auc': 0.9304}
val: {'epoch': 97, 'loss': 0.0965, 'lr': 0.001, 'params': 1142105, 'time_iter': 2.2293, 'accuracy': 0.9818, 'precision': 0.8, 'recall': 0.0988, 'f1': 0.1758, 'auc': 0.8093}
train: {'epoch': 97, 'eta': 24278.4933, 'loss': 0.0861, 'lr': 0.001, 'params': 1142105, 'time_iter': 11.7885, 'accuracy': 0.9741, 'precision': 0.7935, 'recall': 0.418, 'f1': 0.5476, 'auc': 0.9255}
val: {'epoch': 98, 'loss': 0.0917, 'lr': 0.001, 'params': 1142105, 'time_iter': 2.384, 'accuracy': 0.9818, 'precision': 0.6364, 'recall': 0.1728, 'f1': 0.2718, 'auc': 0.8061}
train: {'epoch': 98, 'eta': 12139.9309, 'loss': 0.0861, 'lr': 0.001, 'params': 1142105, 'time_iter': 11.863, 'accuracy': 0.9739, 'precision': 0.7886, 'recall': 0.4148, 'f1': 0.5436, 'auc': 0.9255}
val: {'epoch': 99, 'loss': 0.0939, 'lr': 0.001, 'params': 1142105, 'time_iter': 2.1614, 'accuracy': 0.9823, 'precision': 0.6667, 'recall': 0.1975, 'f1': 0.3048, 'auc': 0.8114}
train: {'epoch': 99, 'eta': 0.0, 'loss': 0.0843, 'lr': 0.001, 'params': 1142105, 'time_iter': 11.5758, 'accuracy': 0.9738, 'precision': 0.7921, 'recall': 0.4083, 'f1': 0.5388, 'auc': 0.9312}
test: {'epoch': 99, 'loss': 0.1623, 'lr': 0.001, 'params': 1142105, 'time_iter': 1.9319, 'accuracy': 0.9701, 'precision': 0.6667, 'recall': 0.1077, 'f1': 0.1854, 'auc': 0.756}
test: {'epoch': 72, 'loss': 0.155, 'lr': 0.001, 'params': 1142105, 'time_iter': 1.9416, 'accuracy': 0.9677, 'precision': 0.0, 'recall': 0.0, 'f1': 0.0, 'auc': 0.7722}
