GraphGymModule(
  (model): GNN(
    (encoder): FeatureEncoder(
      (node_encoder): AtomEncoder(
        (atom_embedding_list): ModuleList(
          (0): Embedding(119, 300)
          (1): Embedding(4, 300)
          (2): Embedding(12, 300)
          (3): Embedding(12, 300)
          (4): Embedding(10, 300)
          (5): Embedding(6, 300)
          (6): Embedding(6, 300)
          (7): Embedding(2, 300)
          (8): Embedding(2, 300)
        )
      )
      (edge_encoder): BondEncoder(
        (bond_embedding_list): ModuleList(
          (0): Embedding(5, 300)
          (1): Embedding(6, 300)
          (2): Embedding(2, 300)
        )
      )
    )
    (mp): GNNStackStage(
      (layer0): GeneralLayer(
        (layer): EGINConv(
          (model): GINEConv(nn=Sequential(
            (0): Linear(300, 300, bias=True)
            (1): ReLU()
            (2): Linear(300, 300, bias=True)
          ))
        )
        (post_layer): Sequential(
          (0): BatchNorm1d(300, eps=1e-05, momentum=0.1, affine=True, track_running_stats=True)
          (1): Dropout(p=0.5, inplace=False)
          (2): ReLU()
        )
      )
      (layer1): GeneralLayer(
        (layer): EGINConv(
          (model): GINEConv(nn=Sequential(
            (0): Linear(300, 300, bias=True)
            (1): ReLU()
            (2): Linear(300, 300, bias=True)
          ))
        )
        (post_layer): Sequential(
          (0): BatchNorm1d(300, eps=1e-05, momentum=0.1, affine=True, track_running_stats=True)
          (1): Dropout(p=0.5, inplace=False)
          (2): ReLU()
        )
      )
      (layer2): GeneralLayer(
        (layer): EGINConv(
          (model): GINEConv(nn=Sequential(
            (0): Linear(300, 300, bias=True)
            (1): ReLU()
            (2): Linear(300, 300, bias=True)
          ))
        )
        (post_layer): Sequential(
          (0): BatchNorm1d(300, eps=1e-05, momentum=0.1, affine=True, track_running_stats=True)
          (1): Dropout(p=0.5, inplace=False)
          (2): ReLU()
        )
      )
      (layer3): GeneralLayer(
        (layer): EGINConv(
          (model): GINEConv(nn=Sequential(
            (0): Linear(300, 300, bias=True)
            (1): ReLU()
            (2): Linear(300, 300, bias=True)
          ))
        )
        (post_layer): Sequential(
          (0): BatchNorm1d(300, eps=1e-05, momentum=0.1, affine=True, track_running_stats=True)
          (1): Dropout(p=0.5, inplace=False)
          (2): ReLU()
        )
      )
      (layer4): GeneralLayer(
        (layer): EGINConv(
          (model): GINEConv(nn=Sequential(
            (0): Linear(300, 300, bias=True)
            (1): ReLU()
            (2): Linear(300, 300, bias=True)
          ))
        )
        (post_layer): Sequential(
          (0): BatchNorm1d(300, eps=1e-05, momentum=0.1, affine=True, track_running_stats=True)
          (1): Dropout(p=0.5, inplace=False)
        )
      )
    )
    (post_mp): GNNGraphHead(
      (layer_post_mp): MLP(
        (model): Sequential(
          (0): Linear(
            (model): Linear(300, 1, bias=True)
          )
        )
      )
    )
  )
)
accelerator: cuda
benchmark: False
bn:
  eps: 1e-05
  mom: 0.1
cfg_dest: config.yaml
custom_metrics: []
dataset:
  cache_load: False
  cache_save: False
  dir: ./datasets
  edge_dim: 300
  edge_encoder: True
  edge_encoder_bn: False
  edge_encoder_name: Bond
  edge_message_ratio: 0.8
  edge_negative_sampling_ratio: 1.0
  edge_train_mode: all
  encoder: True
  encoder_bn: True
  encoder_dim: 128
  encoder_name: db
  fast_loader: False
  format: OGB
  label_column: none
  label_table: none
  location: local
  name: ogbg-molhiv
  node_encoder: True
  node_encoder_bn: False
  node_encoder_name: Atom
  remove_feature: False
  resample_disjoint: False
  resample_negative: False
  shuffle_split: True
  split: [0.8, 0.1, 0.1]
  split_mode: random
  task: graph
  task_type: classification
  to_undirected: False
  transductive: False
  transform: none
  tu_simple: True
devices: 1
gnn:
  act: relu
  act_on_last_layer_mp: False
  agg: none
  att_final_linear: False
  att_final_linear_bn: False
  att_heads: 1
  batchnorm: True
  clear_feature: True
  dim_inner: 300
  dropout: 0.5
  head: graph
  keep_edge: 0.5
  l2norm: True
  layer_type: eginconv
  layers_k1: 3
  layers_k2: 3
  layers_mp: 5
  layers_post_mp: 1
  layers_pre_mp: 0
  msg_direction: single
  normalize_adj: False
  self_msg: concat
  skip_every: 1
  stage_type: standard_stage
  use_edge_features: True
gpu_mem: False
mem:
  inplace: False
metric_agg: argmax
metric_best: auc
model:
  edge_decoding: dot
  graph_pooling: mean
  loss_fun: cross_entropy
  match_upper: True
  size_average: mean
  thresh: 0.5
  type: standard_gnn
num_threads: 6
num_workers: 16
optim:
  base_lr: 0.001
  lr_decay: 0.1
  max_epoch: 100
  momentum: 0.9
  optimizer: adam
  scheduler: none
  steps: [30, 60, 90]
  weight_decay: 0.0
out_dir: results_experiments/ogbg_molhiv_baseline_grid_comparison/ogbg_molhiv_baseline-type=standard_gnn-stage_type=standard_stage-layer_type=eginconv-act_on_last_layer_mp=False
print: both
round: 4
run_dir: results_experiments/ogbg_molhiv_baseline_grid_comparison/ogbg_molhiv_baseline-type=standard_gnn-stage_type=standard_stage-layer_type=eginconv-act_on_last_layer_mp=False/0
seed: 1
share:
  dim_in: 9
  dim_out: 2
  num_splits: 3
tensorboard_agg: True
tensorboard_each_run: False
train:
  auto_resume: False
  batch_size: 32
  ckpt_clean: True
  ckpt_period: 100
  enable_ckpt: True
  epoch_resume: -1
  eval_period: 1
  iter_per_epoch: 32
  neighbor_sizes: [20, 15, 10, 5]
  node_per_graph: 32
  radius: extend
  sample_node: False
  sampler: full_batch
  skip_train_eval: False
  walk_length: 4
val:
  node_per_graph: 32
  radius: extend
  sample_node: False
  sampler: full_batch
view_emb: False
Num parameters: 1413601
val: {'epoch': 0, 'loss': 0.7061, 'lr': 0.001, 'params': 1413601, 'time_iter': 1.7538, 'accuracy': 0.0156, 'precision': 0.0156, 'recall': 1.0, 'f1': 0.0308, 'auc': 0.4603}
val: {'epoch': 0, 'loss': 0.1939, 'lr': 0.001, 'params': 1413601, 'time_iter': 1.0716, 'accuracy': 0.9803, 'precision': 0.0, 'recall': 0.0, 'f1': 0.0, 'auc': 0.5939}
train: {'epoch': 0, 'eta': 1249761.5325, 'loss': 0.1953, 'lr': 0.001, 'params': 1413601, 'time_iter': 12.2681, 'accuracy': 0.9577, 'precision': 0.0292, 'recall': 0.0041, 'f1': 0.0071, 'auc': 0.4972}
val: {'epoch': 1, 'loss': 0.3708, 'lr': 0.001, 'params': 1413601, 'time_iter': 1.0268, 'accuracy': 0.9803, 'precision': 0.0, 'recall': 0.0, 'f1': 0.0, 'auc': 0.5886}
train: {'epoch': 1, 'eta': 1249819.6703, 'loss': 0.1598, 'lr': 0.001, 'params': 1413601, 'time_iter': 12.5196, 'accuracy': 0.9626, 'precision': 0.0, 'recall': 0.0, 'f1': 0.0, 'auc': 0.5283}
val: {'epoch': 2, 'loss': 0.2569, 'lr': 0.001, 'params': 1413601, 'time_iter': 1.1063, 'accuracy': 0.9803, 'precision': 0.0, 'recall': 0.0, 'f1': 0.0, 'auc': 0.6012}
train: {'epoch': 2, 'eta': 1243428.8, 'loss': 0.16, 'lr': 0.001, 'params': 1413601, 'time_iter': 12.5851, 'accuracy': 0.9625, 'precision': 0.0, 'recall': 0.0, 'f1': 0.0, 'auc': 0.5371}
val: {'epoch': 3, 'loss': 0.1037, 'lr': 0.001, 'params': 1413601, 'time_iter': 1.0243, 'accuracy': 0.9803, 'precision': 0.0, 'recall': 0.0, 'f1': 0.0, 'auc': 0.6063}
train: {'epoch': 3, 'eta': 1222876.4082, 'loss': 0.1597, 'lr': 0.001, 'params': 1413601, 'time_iter': 12.1444, 'accuracy': 0.9626, 'precision': 0.0, 'recall': 0.0, 'f1': 0.0, 'auc': 0.5232}
val: {'epoch': 4, 'loss': 0.0995, 'lr': 0.001, 'params': 1413601, 'time_iter': 1.0593, 'accuracy': 0.9803, 'precision': 0.0, 'recall': 0.0, 'f1': 0.0, 'auc': 0.6093}
train: {'epoch': 4, 'eta': 1210346.4165, 'loss': 0.1596, 'lr': 0.001, 'params': 1413601, 'time_iter': 12.39, 'accuracy': 0.9626, 'precision': 0.0, 'recall': 0.0, 'f1': 0.0, 'auc': 0.533}
val: {'epoch': 5, 'loss': 0.0962, 'lr': 0.001, 'params': 1413601, 'time_iter': 1.0414, 'accuracy': 0.9803, 'precision': 0.0, 'recall': 0.0, 'f1': 0.0, 'auc': 0.6285}
train: {'epoch': 5, 'eta': 1194028.7679, 'loss': 0.1596, 'lr': 0.001, 'params': 1413601, 'time_iter': 12.1595, 'accuracy': 0.9626, 'precision': 0.0, 'recall': 0.0, 'f1': 0.0, 'auc': 0.5263}
val: {'epoch': 6, 'loss': 0.0972, 'lr': 0.001, 'params': 1413601, 'time_iter': 1.0836, 'accuracy': 0.9803, 'precision': 0.0, 'recall': 0.0, 'f1': 0.0, 'auc': 0.6407}
train: {'epoch': 6, 'eta': 1177380.8569, 'loss': 0.1595, 'lr': 0.001, 'params': 1413601, 'time_iter': 12.0558, 'accuracy': 0.9626, 'precision': 0.0, 'recall': 0.0, 'f1': 0.0, 'auc': 0.5399}
val: {'epoch': 7, 'loss': 0.0978, 'lr': 0.001, 'params': 1413601, 'time_iter': 1.0581, 'accuracy': 0.9803, 'precision': 0.0, 'recall': 0.0, 'f1': 0.0, 'auc': 0.583}
train: {'epoch': 7, 'eta': 1161764.4104, 'loss': 0.1595, 'lr': 0.001, 'params': 1413601, 'time_iter': 12.0534, 'accuracy': 0.9626, 'precision': 0.0, 'recall': 0.0, 'f1': 0.0, 'auc': 0.5394}
val: {'epoch': 8, 'loss': 0.0982, 'lr': 0.001, 'params': 1413601, 'time_iter': 1.0547, 'accuracy': 0.9803, 'precision': 0.0, 'recall': 0.0, 'f1': 0.0, 'auc': 0.6056}
train: {'epoch': 8, 'eta': 1147855.3076, 'loss': 0.1596, 'lr': 0.001, 'params': 1413601, 'time_iter': 12.1488, 'accuracy': 0.9626, 'precision': 0.0, 'recall': 0.0, 'f1': 0.0, 'auc': 0.5274}
val: {'epoch': 9, 'loss': 0.0973, 'lr': 0.001, 'params': 1413601, 'time_iter': 1.079, 'accuracy': 0.9803, 'precision': 0.0, 'recall': 0.0, 'f1': 0.0, 'auc': 0.6443}
train: {'epoch': 9, 'eta': 1134429.0932, 'loss': 0.1596, 'lr': 0.001, 'params': 1413601, 'time_iter': 12.1706, 'accuracy': 0.9626, 'precision': 0.0, 'recall': 0.0, 'f1': 0.0, 'auc': 0.5349}
val: {'epoch': 10, 'loss': 0.0964, 'lr': 0.001, 'params': 1413601, 'time_iter': 1.0857, 'accuracy': 0.9803, 'precision': 0.0, 'recall': 0.0, 'f1': 0.0, 'auc': 0.613}
train: {'epoch': 10, 'eta': 1121527.8389, 'loss': 0.1595, 'lr': 0.001, 'params': 1413601, 'time_iter': 12.2139, 'accuracy': 0.9626, 'precision': 0.0, 'recall': 0.0, 'f1': 0.0, 'auc': 0.5344}
val: {'epoch': 11, 'loss': 0.1002, 'lr': 0.001, 'params': 1413601, 'time_iter': 1.1198, 'accuracy': 0.9803, 'precision': 0.0, 'recall': 0.0, 'f1': 0.0, 'auc': 0.6376}
train: {'epoch': 11, 'eta': 1111233.7012, 'loss': 0.1596, 'lr': 0.001, 'params': 1413601, 'time_iter': 12.5521, 'accuracy': 0.9626, 'precision': 0.0, 'recall': 0.0, 'f1': 0.0, 'auc': 0.5327}
val: {'epoch': 12, 'loss': 0.0973, 'lr': 0.001, 'params': 1413601, 'time_iter': 1.0846, 'accuracy': 0.9803, 'precision': 0.0, 'recall': 0.0, 'f1': 0.0, 'auc': 0.6473}
train: {'epoch': 12, 'eta': 1101203.1519, 'loss': 0.1596, 'lr': 0.001, 'params': 1413601, 'time_iter': 12.6489, 'accuracy': 0.9626, 'precision': 0.0, 'recall': 0.0, 'f1': 0.0, 'auc': 0.5296}
val: {'epoch': 13, 'loss': 0.0993, 'lr': 0.001, 'params': 1413601, 'time_iter': 1.0921, 'accuracy': 0.9803, 'precision': 0.0, 'recall': 0.0, 'f1': 0.0, 'auc': 0.6168}
train: {'epoch': 13, 'eta': 1088687.0919, 'loss': 0.1595, 'lr': 0.001, 'params': 1413601, 'time_iter': 12.3232, 'accuracy': 0.9626, 'precision': 0.0, 'recall': 0.0, 'f1': 0.0, 'auc': 0.5362}
val: {'epoch': 14, 'loss': 0.098, 'lr': 0.001, 'params': 1413601, 'time_iter': 1.0922, 'accuracy': 0.9803, 'precision': 0.0, 'recall': 0.0, 'f1': 0.0, 'auc': 0.579}
train: {'epoch': 14, 'eta': 1075198.4962, 'loss': 0.1596, 'lr': 0.001, 'params': 1413601, 'time_iter': 12.1601, 'accuracy': 0.9626, 'precision': 0.0, 'recall': 0.0, 'f1': 0.0, 'auc': 0.5315}
val: {'epoch': 15, 'loss': 0.0974, 'lr': 0.001, 'params': 1413601, 'time_iter': 1.0676, 'accuracy': 0.9803, 'precision': 0.0, 'recall': 0.0, 'f1': 0.0, 'auc': 0.6597}
train: {'epoch': 15, 'eta': 1063238.7431, 'loss': 0.1595, 'lr': 0.001, 'params': 1413601, 'time_iter': 12.4206, 'accuracy': 0.9626, 'precision': 0.0, 'recall': 0.0, 'f1': 0.0, 'auc': 0.5353}
val: {'epoch': 16, 'loss': 0.0974, 'lr': 0.001, 'params': 1413601, 'time_iter': 1.0687, 'accuracy': 0.9803, 'precision': 0.0, 'recall': 0.0, 'f1': 0.0, 'auc': 0.629}
train: {'epoch': 16, 'eta': 1053425.2599, 'loss': 0.1596, 'lr': 0.001, 'params': 1413601, 'time_iter': 12.867, 'accuracy': 0.9626, 'precision': 0.0, 'recall': 0.0, 'f1': 0.0, 'auc': 0.5318}
val: {'epoch': 17, 'loss': 0.0962, 'lr': 0.001, 'params': 1413601, 'time_iter': 1.0776, 'accuracy': 0.9803, 'precision': 0.0, 'recall': 0.0, 'f1': 0.0, 'auc': 0.5547}
train: {'epoch': 17, 'eta': 1040356.5852, 'loss': 0.1596, 'lr': 0.001, 'params': 1413601, 'time_iter': 12.2538, 'accuracy': 0.9626, 'precision': 0.0, 'recall': 0.0, 'f1': 0.0, 'auc': 0.5331}
val: {'epoch': 18, 'loss': 0.1003, 'lr': 0.001, 'params': 1413601, 'time_iter': 1.0831, 'accuracy': 0.9803, 'precision': 0.0, 'recall': 0.0, 'f1': 0.0, 'auc': 0.6225}
train: {'epoch': 18, 'eta': 1027980.7916, 'loss': 0.1597, 'lr': 0.001, 'params': 1413601, 'time_iter': 12.4007, 'accuracy': 0.9626, 'precision': 0.0, 'recall': 0.0, 'f1': 0.0, 'auc': 0.5198}
val: {'epoch': 19, 'loss': 0.1004, 'lr': 0.001, 'params': 1413601, 'time_iter': 1.0915, 'accuracy': 0.9803, 'precision': 0.0, 'recall': 0.0, 'f1': 0.0, 'auc': 0.6032}
train: {'epoch': 19, 'eta': 1015694.2042, 'loss': 0.1596, 'lr': 0.001, 'params': 1413601, 'time_iter': 12.4317, 'accuracy': 0.9626, 'precision': 0.0, 'recall': 0.0, 'f1': 0.0, 'auc': 0.5305}
val: {'epoch': 20, 'loss': 0.0983, 'lr': 0.001, 'params': 1413601, 'time_iter': 1.0722, 'accuracy': 0.9803, 'precision': 0.0, 'recall': 0.0, 'f1': 0.0, 'auc': 0.6222}
train: {'epoch': 20, 'eta': 1003358.2973, 'loss': 0.1596, 'lr': 0.001, 'params': 1413601, 'time_iter': 12.4314, 'accuracy': 0.9626, 'precision': 0.0, 'recall': 0.0, 'f1': 0.0, 'auc': 0.5302}
val: {'epoch': 21, 'loss': 0.0968, 'lr': 0.001, 'params': 1413601, 'time_iter': 1.0407, 'accuracy': 0.9803, 'precision': 0.0, 'recall': 0.0, 'f1': 0.0, 'auc': 0.6067}
train: {'epoch': 21, 'eta': 991551.8184, 'loss': 0.1623, 'lr': 0.001, 'params': 1413601, 'time_iter': 12.5879, 'accuracy': 0.9622, 'precision': 0.0, 'recall': 0.0, 'f1': 0.0, 'auc': 0.5549}
val: {'epoch': 22, 'loss': 0.0996, 'lr': 0.001, 'params': 1413601, 'time_iter': 1.0491, 'accuracy': 0.9803, 'precision': 0.0, 'recall': 0.0, 'f1': 0.0, 'auc': 0.5722}
train: {'epoch': 22, 'eta': 978982.0156, 'loss': 0.1579, 'lr': 0.001, 'params': 1413601, 'time_iter': 12.3953, 'accuracy': 0.9626, 'precision': 0.0, 'recall': 0.0, 'f1': 0.0, 'auc': 0.5924}
val: {'epoch': 23, 'loss': 0.0979, 'lr': 0.001, 'params': 1413601, 'time_iter': 1.1014, 'accuracy': 0.9803, 'precision': 0.0, 'recall': 0.0, 'f1': 0.0, 'auc': 0.5823}
train: {'epoch': 23, 'eta': 965481.9841, 'loss': 0.1574, 'lr': 0.001, 'params': 1413601, 'time_iter': 12.1145, 'accuracy': 0.9626, 'precision': 0.0, 'recall': 0.0, 'f1': 0.0, 'auc': 0.6025}
val: {'epoch': 24, 'loss': 1.1295, 'lr': 0.001, 'params': 1413601, 'time_iter': 1.0768, 'accuracy': 0.4172, 'precision': 0.0187, 'recall': 0.5556, 'f1': 0.0362, 'auc': 0.5294}
train: {'epoch': 24, 'eta': 953797.9992, 'loss': 0.1562, 'lr': 0.001, 'params': 1413601, 'time_iter': 12.676, 'accuracy': 0.9626, 'precision': 0.0, 'recall': 0.0, 'f1': 0.0, 'auc': 0.6305}
val: {'epoch': 25, 'loss': 0.1355, 'lr': 0.001, 'params': 1413601, 'time_iter': 1.0845, 'accuracy': 0.9793, 'precision': 0.0, 'recall': 0.0, 'f1': 0.0, 'auc': 0.5803}
train: {'epoch': 25, 'eta': 941864.8586, 'loss': 0.1556, 'lr': 0.001, 'params': 1413601, 'time_iter': 12.6267, 'accuracy': 0.9626, 'precision': 0.0, 'recall': 0.0, 'f1': 0.0, 'auc': 0.6409}
val: {'epoch': 26, 'loss': 0.0968, 'lr': 0.001, 'params': 1413601, 'time_iter': 1.0535, 'accuracy': 0.9803, 'precision': 0.0, 'recall': 0.0, 'f1': 0.0, 'auc': 0.6211}
train: {'epoch': 26, 'eta': 930067.2795, 'loss': 0.1553, 'lr': 0.001, 'params': 1413601, 'time_iter': 12.7036, 'accuracy': 0.9626, 'precision': 0.0, 'recall': 0.0, 'f1': 0.0, 'auc': 0.6436}
val: {'epoch': 27, 'loss': 0.0932, 'lr': 0.001, 'params': 1413601, 'time_iter': 1.0784, 'accuracy': 0.9803, 'precision': 0.0, 'recall': 0.0, 'f1': 0.0, 'auc': 0.6662}
train: {'epoch': 27, 'eta': 917449.1885, 'loss': 0.1551, 'lr': 0.001, 'params': 1413601, 'time_iter': 12.4279, 'accuracy': 0.9625, 'precision': 0.0, 'recall': 0.0, 'f1': 0.0, 'auc': 0.6463}
val: {'epoch': 28, 'loss': 0.0939, 'lr': 0.001, 'params': 1413601, 'time_iter': 1.0766, 'accuracy': 0.9801, 'precision': 0.0, 'recall': 0.0, 'f1': 0.0, 'auc': 0.6568}
train: {'epoch': 28, 'eta': 905337.8576, 'loss': 0.1547, 'lr': 0.001, 'params': 1413601, 'time_iter': 12.6337, 'accuracy': 0.9625, 'precision': 0.0, 'recall': 0.0, 'f1': 0.0, 'auc': 0.6504}
val: {'epoch': 29, 'loss': 0.0945, 'lr': 0.001, 'params': 1413601, 'time_iter': 1.1032, 'accuracy': 0.9801, 'precision': 0.0, 'recall': 0.0, 'f1': 0.0, 'auc': 0.6577}
train: {'epoch': 29, 'eta': 892257.4014, 'loss': 0.1543, 'lr': 0.001, 'params': 1413601, 'time_iter': 12.2548, 'accuracy': 0.9625, 'precision': 0.0, 'recall': 0.0, 'f1': 0.0, 'auc': 0.66}
val: {'epoch': 30, 'loss': 0.0938, 'lr': 0.001, 'params': 1413601, 'time_iter': 1.0937, 'accuracy': 0.9798, 'precision': 0.0, 'recall': 0.0, 'f1': 0.0, 'auc': 0.6508}
train: {'epoch': 30, 'eta': 880043.4436, 'loss': 0.1538, 'lr': 0.001, 'params': 1413601, 'time_iter': 12.6198, 'accuracy': 0.9626, 'precision': 0.0, 'recall': 0.0, 'f1': 0.0, 'auc': 0.6638}
val: {'epoch': 31, 'loss': 0.0944, 'lr': 0.001, 'params': 1413601, 'time_iter': 1.101, 'accuracy': 0.9798, 'precision': 0.0, 'recall': 0.0, 'f1': 0.0, 'auc': 0.6602}
train: {'epoch': 31, 'eta': 866945.4633, 'loss': 0.1535, 'lr': 0.001, 'params': 1413601, 'time_iter': 12.2376, 'accuracy': 0.9625, 'precision': 0.0, 'recall': 0.0, 'f1': 0.0, 'auc': 0.6662}
val: {'epoch': 32, 'loss': 0.0941, 'lr': 0.001, 'params': 1413601, 'time_iter': 1.0593, 'accuracy': 0.9798, 'precision': 0.0, 'recall': 0.0, 'f1': 0.0, 'auc': 0.658}
train: {'epoch': 32, 'eta': 853864.4045, 'loss': 0.1543, 'lr': 0.001, 'params': 1413601, 'time_iter': 12.231, 'accuracy': 0.9626, 'precision': 0.0, 'recall': 0.0, 'f1': 0.0, 'auc': 0.6574}
val: {'epoch': 33, 'loss': 0.093, 'lr': 0.001, 'params': 1413601, 'time_iter': 1.0832, 'accuracy': 0.9801, 'precision': 0.0, 'recall': 0.0, 'f1': 0.0, 'auc': 0.6576}
train: {'epoch': 33, 'eta': 840586.8851, 'loss': 0.1532, 'lr': 0.001, 'params': 1413601, 'time_iter': 12.1181, 'accuracy': 0.9625, 'precision': 0.0, 'recall': 0.0, 'f1': 0.0, 'auc': 0.6747}
val: {'epoch': 34, 'loss': 0.0934, 'lr': 0.001, 'params': 1413601, 'time_iter': 1.0234, 'accuracy': 0.9801, 'precision': 0.0, 'recall': 0.0, 'f1': 0.0, 'auc': 0.6594}
train: {'epoch': 34, 'eta': 827336.519, 'loss': 0.1528, 'lr': 0.001, 'params': 1413601, 'time_iter': 12.1082, 'accuracy': 0.9626, 'precision': 0.0, 'recall': 0.0, 'f1': 0.0, 'auc': 0.6816}
val: {'epoch': 35, 'loss': 0.0945, 'lr': 0.001, 'params': 1413601, 'time_iter': 1.1503, 'accuracy': 0.9803, 'precision': 0.0, 'recall': 0.0, 'f1': 0.0, 'auc': 0.6345}
train: {'epoch': 35, 'eta': 813809.4463, 'loss': 0.1545, 'lr': 0.001, 'params': 1413601, 'time_iter': 11.9329, 'accuracy': 0.9624, 'precision': 0.0, 'recall': 0.0, 'f1': 0.0, 'auc': 0.6581}
val: {'epoch': 36, 'loss': 0.094, 'lr': 0.001, 'params': 1413601, 'time_iter': 1.0977, 'accuracy': 0.9798, 'precision': 0.0, 'recall': 0.0, 'f1': 0.0, 'auc': 0.6525}
train: {'epoch': 36, 'eta': 800904.6094, 'loss': 0.1533, 'lr': 0.001, 'params': 1413601, 'time_iter': 12.2495, 'accuracy': 0.9626, 'precision': 0.0, 'recall': 0.0, 'f1': 0.0, 'auc': 0.6718}
val: {'epoch': 37, 'loss': 0.0937, 'lr': 0.001, 'params': 1413601, 'time_iter': 1.1119, 'accuracy': 0.9801, 'precision': 0.0, 'recall': 0.0, 'f1': 0.0, 'auc': 0.6471}
train: {'epoch': 37, 'eta': 787906.8462, 'loss': 0.1535, 'lr': 0.001, 'params': 1413601, 'time_iter': 12.1847, 'accuracy': 0.9625, 'precision': 0.0, 'recall': 0.0, 'f1': 0.0, 'auc': 0.6693}
val: {'epoch': 38, 'loss': 0.0926, 'lr': 0.001, 'params': 1413601, 'time_iter': 1.0873, 'accuracy': 0.9803, 'precision': 0.0, 'recall': 0.0, 'f1': 0.0, 'auc': 0.655}
train: {'epoch': 38, 'eta': 775522.8057, 'loss': 0.1533, 'lr': 0.001, 'params': 1413601, 'time_iter': 12.5514, 'accuracy': 0.9625, 'precision': 0.0, 'recall': 0.0, 'f1': 0.0, 'auc': 0.6746}
val: {'epoch': 39, 'loss': 0.0943, 'lr': 0.001, 'params': 1413601, 'time_iter': 1.0824, 'accuracy': 0.9798, 'precision': 0.0, 'recall': 0.0, 'f1': 0.0, 'auc': 0.6566}
train: {'epoch': 39, 'eta': 763215.6918, 'loss': 0.1524, 'lr': 0.001, 'params': 1413601, 'time_iter': 12.6185, 'accuracy': 0.9625, 'precision': 0.0, 'recall': 0.0, 'f1': 0.0, 'auc': 0.6817}
val: {'epoch': 40, 'loss': 0.1015, 'lr': 0.001, 'params': 1413601, 'time_iter': 1.1129, 'accuracy': 0.9796, 'precision': 0.0, 'recall': 0.0, 'f1': 0.0, 'auc': 0.6272}
train: {'epoch': 40, 'eta': 750961.0822, 'loss': 0.1523, 'lr': 0.001, 'params': 1413601, 'time_iter': 12.6762, 'accuracy': 0.9625, 'precision': 0.0, 'recall': 0.0, 'f1': 0.0, 'auc': 0.6848}
val: {'epoch': 41, 'loss': 0.0947, 'lr': 0.001, 'params': 1413601, 'time_iter': 1.0792, 'accuracy': 0.9798, 'precision': 0.0, 'recall': 0.0, 'f1': 0.0, 'auc': 0.649}
train: {'epoch': 41, 'eta': 738418.7357, 'loss': 0.1532, 'lr': 0.001, 'params': 1413601, 'time_iter': 12.5002, 'accuracy': 0.9625, 'precision': 0.0, 'recall': 0.0, 'f1': 0.0, 'auc': 0.6715}
val: {'epoch': 42, 'loss': 0.0962, 'lr': 0.001, 'params': 1413601, 'time_iter': 1.06, 'accuracy': 0.9803, 'precision': 0.0, 'recall': 0.0, 'f1': 0.0, 'auc': 0.6555}
train: {'epoch': 42, 'eta': 725794.7239, 'loss': 0.1519, 'lr': 0.001, 'params': 1413601, 'time_iter': 12.4513, 'accuracy': 0.9625, 'precision': 0.0, 'recall': 0.0, 'f1': 0.0, 'auc': 0.6869}
val: {'epoch': 43, 'loss': 0.0918, 'lr': 0.001, 'params': 1413601, 'time_iter': 1.2317, 'accuracy': 0.9798, 'precision': 0.0, 'recall': 0.0, 'f1': 0.0, 'auc': 0.6922}
train: {'epoch': 43, 'eta': 713003.9319, 'loss': 0.151, 'lr': 0.001, 'params': 1413601, 'time_iter': 12.3304, 'accuracy': 0.9625, 'precision': 0.0, 'recall': 0.0, 'f1': 0.0, 'auc': 0.6904}
val: {'epoch': 44, 'loss': 0.0904, 'lr': 0.001, 'params': 1413601, 'time_iter': 1.0567, 'accuracy': 0.9801, 'precision': 0.0, 'recall': 0.0, 'f1': 0.0, 'auc': 0.6985}
train: {'epoch': 44, 'eta': 700459.1501, 'loss': 0.1509, 'lr': 0.001, 'params': 1413601, 'time_iter': 12.5224, 'accuracy': 0.9625, 'precision': 0.0, 'recall': 0.0, 'f1': 0.0, 'auc': 0.6896}
val: {'epoch': 45, 'loss': 0.0885, 'lr': 0.001, 'params': 1413601, 'time_iter': 1.1219, 'accuracy': 0.9803, 'precision': 0.0, 'recall': 0.0, 'f1': 0.0, 'auc': 0.7386}
train: {'epoch': 45, 'eta': 687657.3628, 'loss': 0.1495, 'lr': 0.001, 'params': 1413601, 'time_iter': 12.3219, 'accuracy': 0.9625, 'precision': 0.0, 'recall': 0.0, 'f1': 0.0, 'auc': 0.6951}
val: {'epoch': 46, 'loss': 0.0879, 'lr': 0.001, 'params': 1413601, 'time_iter': 1.1357, 'accuracy': 0.9801, 'precision': 0.0, 'recall': 0.0, 'f1': 0.0, 'auc': 0.7504}
train: {'epoch': 46, 'eta': 674886.7586, 'loss': 0.1483, 'lr': 0.001, 'params': 1413601, 'time_iter': 12.3443, 'accuracy': 0.9624, 'precision': 0.0, 'recall': 0.0, 'f1': 0.0, 'auc': 0.7031}
val: {'epoch': 47, 'loss': 0.0938, 'lr': 0.001, 'params': 1413601, 'time_iter': 1.0382, 'accuracy': 0.9796, 'precision': 0.0, 'recall': 0.0, 'f1': 0.0, 'auc': 0.6901}
train: {'epoch': 47, 'eta': 662047.2644, 'loss': 0.1479, 'lr': 0.001, 'params': 1413601, 'time_iter': 12.2799, 'accuracy': 0.9624, 'precision': 0.0, 'recall': 0.0, 'f1': 0.0, 'auc': 0.7039}
val: {'epoch': 48, 'loss': 0.0908, 'lr': 0.001, 'params': 1413601, 'time_iter': 1.0813, 'accuracy': 0.9805, 'precision': 0.6667, 'recall': 0.0247, 'f1': 0.0476, 'auc': 0.6782}
train: {'epoch': 48, 'eta': 649144.126, 'loss': 0.1471, 'lr': 0.001, 'params': 1413601, 'time_iter': 12.2128, 'accuracy': 0.9624, 'precision': 0.0, 'recall': 0.0, 'f1': 0.0, 'auc': 0.7104}
val: {'epoch': 49, 'loss': 0.0847, 'lr': 0.001, 'params': 1413601, 'time_iter': 1.1041, 'accuracy': 0.9813, 'precision': 0.6429, 'recall': 0.1111, 'f1': 0.1895, 'auc': 0.7496}
train: {'epoch': 49, 'eta': 636290.8661, 'loss': 0.1462, 'lr': 0.001, 'params': 1413601, 'time_iter': 12.2482, 'accuracy': 0.9626, 'precision': 0.0, 'recall': 0.0, 'f1': 0.0, 'auc': 0.7118}
val: {'epoch': 50, 'loss': 0.0867, 'lr': 0.001, 'params': 1413601, 'time_iter': 1.0941, 'accuracy': 0.9815, 'precision': 0.8571, 'recall': 0.0741, 'f1': 0.1364, 'auc': 0.7408}
train: {'epoch': 50, 'eta': 623708.2259, 'loss': 0.146, 'lr': 0.001, 'params': 1413601, 'time_iter': 12.512, 'accuracy': 0.9625, 'precision': 0.0, 'recall': 0.0, 'f1': 0.0, 'auc': 0.7107}
val: {'epoch': 51, 'loss': 0.0914, 'lr': 0.001, 'params': 1413601, 'time_iter': 1.0661, 'accuracy': 0.9813, 'precision': 0.8333, 'recall': 0.0617, 'f1': 0.1149, 'auc': 0.7164}
train: {'epoch': 51, 'eta': 611279.748, 'loss': 0.1447, 'lr': 0.001, 'params': 1413601, 'time_iter': 12.6861, 'accuracy': 0.9623, 'precision': 0.0909, 'recall': 0.0008, 'f1': 0.0016, 'auc': 0.7178}
val: {'epoch': 52, 'loss': 0.0903, 'lr': 0.001, 'params': 1413601, 'time_iter': 1.0894, 'accuracy': 0.9808, 'precision': 0.5833, 'recall': 0.0864, 'f1': 0.1505, 'auc': 0.7368}
train: {'epoch': 52, 'eta': 598484.1559, 'loss': 0.1451, 'lr': 0.001, 'params': 1413601, 'time_iter': 12.3097, 'accuracy': 0.9624, 'precision': 0.25, 'recall': 0.0024, 'f1': 0.0048, 'auc': 0.7183}
val: {'epoch': 53, 'loss': 0.0819, 'lr': 0.001, 'params': 1413601, 'time_iter': 1.0929, 'accuracy': 0.9803, 'precision': 0.5, 'recall': 0.0247, 'f1': 0.0471, 'auc': 0.7535}
train: {'epoch': 53, 'eta': 585702.4243, 'loss': 0.1437, 'lr': 0.001, 'params': 1413601, 'time_iter': 12.32, 'accuracy': 0.9623, 'precision': 0.1, 'recall': 0.0008, 'f1': 0.0016, 'auc': 0.727}
val: {'epoch': 54, 'loss': 0.083, 'lr': 0.001, 'params': 1413601, 'time_iter': 1.066, 'accuracy': 0.9808, 'precision': 0.6667, 'recall': 0.0494, 'f1': 0.092, 'auc': 0.7355}
train: {'epoch': 54, 'eta': 573243.7665, 'loss': 0.143, 'lr': 0.001, 'params': 1413601, 'time_iter': 12.6993, 'accuracy': 0.9623, 'precision': 0.3158, 'recall': 0.0049, 'f1': 0.0096, 'auc': 0.727}
val: {'epoch': 55, 'loss': 0.0828, 'lr': 0.001, 'params': 1413601, 'time_iter': 1.0776, 'accuracy': 0.982, 'precision': 0.8182, 'recall': 0.1111, 'f1': 0.1957, 'auc': 0.7539}
train: {'epoch': 55, 'eta': 560764.6937, 'loss': 0.1423, 'lr': 0.001, 'params': 1413601, 'time_iter': 12.7009, 'accuracy': 0.9624, 'precision': 0.375, 'recall': 0.0073, 'f1': 0.0143, 'auc': 0.7297}
val: {'epoch': 56, 'loss': 0.081, 'lr': 0.001, 'params': 1413601, 'time_iter': 1.0603, 'accuracy': 0.9815, 'precision': 0.7778, 'recall': 0.0864, 'f1': 0.1556, 'auc': 0.7632}
train: {'epoch': 56, 'eta': 547926.372, 'loss': 0.1409, 'lr': 0.001, 'params': 1413601, 'time_iter': 12.2648, 'accuracy': 0.9626, 'precision': 0.5, 'recall': 0.013, 'f1': 0.0253, 'auc': 0.7382}
val: {'epoch': 57, 'loss': 0.0995, 'lr': 0.001, 'params': 1413601, 'time_iter': 1.0785, 'accuracy': 0.9752, 'precision': 0.322, 'recall': 0.2346, 'f1': 0.2714, 'auc': 0.7264}
train: {'epoch': 57, 'eta': 535106.3473, 'loss': 0.1397, 'lr': 0.001, 'params': 1413601, 'time_iter': 12.2793, 'accuracy': 0.9628, 'precision': 0.5778, 'recall': 0.0211, 'f1': 0.0407, 'auc': 0.7401}
val: {'epoch': 58, 'loss': 0.1478, 'lr': 0.001, 'params': 1413601, 'time_iter': 1.0885, 'accuracy': 0.9606, 'precision': 0.1538, 'recall': 0.2222, 'f1': 0.1818, 'auc': 0.7116}
train: {'epoch': 58, 'eta': 522480.1557, 'loss': 0.1404, 'lr': 0.001, 'params': 1413601, 'time_iter': 12.5416, 'accuracy': 0.9627, 'precision': 0.54, 'recall': 0.0219, 'f1': 0.0421, 'auc': 0.7363}
val: {'epoch': 59, 'loss': 0.0936, 'lr': 0.001, 'params': 1413601, 'time_iter': 1.0524, 'accuracy': 0.9796, 'precision': 0.4717, 'recall': 0.3086, 'f1': 0.3731, 'auc': 0.7486}
train: {'epoch': 59, 'eta': 510015.567, 'loss': 0.1395, 'lr': 0.001, 'params': 1413601, 'time_iter': 12.7907, 'accuracy': 0.9627, 'precision': 0.5484, 'recall': 0.0276, 'f1': 0.0526, 'auc': 0.7416}
val: {'epoch': 60, 'loss': 0.0799, 'lr': 0.001, 'params': 1413601, 'time_iter': 1.079, 'accuracy': 0.9835, 'precision': 0.7407, 'recall': 0.2469, 'f1': 0.3704, 'auc': 0.7408}
train: {'epoch': 60, 'eta': 497344.7581, 'loss': 0.1386, 'lr': 0.001, 'params': 1413601, 'time_iter': 12.512, 'accuracy': 0.9627, 'precision': 0.5417, 'recall': 0.0317, 'f1': 0.0598, 'auc': 0.7458}
val: {'epoch': 61, 'loss': 0.0786, 'lr': 0.001, 'params': 1413601, 'time_iter': 1.0227, 'accuracy': 0.9825, 'precision': 1.0, 'recall': 0.1111, 'f1': 0.2, 'auc': 0.7641}
train: {'epoch': 61, 'eta': 484559.0687, 'loss': 0.1377, 'lr': 0.001, 'params': 1413601, 'time_iter': 12.3403, 'accuracy': 0.9629, 'precision': 0.5641, 'recall': 0.0357, 'f1': 0.0672, 'auc': 0.7543}
val: {'epoch': 62, 'loss': 0.095, 'lr': 0.001, 'params': 1413601, 'time_iter': 1.0672, 'accuracy': 0.9786, 'precision': 0.4186, 'recall': 0.2222, 'f1': 0.2903, 'auc': 0.7671}
train: {'epoch': 62, 'eta': 471741.0527, 'loss': 0.1373, 'lr': 0.001, 'params': 1413601, 'time_iter': 12.2822, 'accuracy': 0.9629, 'precision': 0.5641, 'recall': 0.0357, 'f1': 0.0672, 'auc': 0.7518}
val: {'epoch': 63, 'loss': 0.1007, 'lr': 0.001, 'params': 1413601, 'time_iter': 1.0561, 'accuracy': 0.973, 'precision': 0.3077, 'recall': 0.2963, 'f1': 0.3019, 'auc': 0.7793}
train: {'epoch': 63, 'eta': 459201.2559, 'loss': 0.1364, 'lr': 0.001, 'params': 1413601, 'time_iter': 12.7532, 'accuracy': 0.963, 'precision': 0.5862, 'recall': 0.0414, 'f1': 0.0773, 'auc': 0.7538}
val: {'epoch': 64, 'loss': 0.2452, 'lr': 0.001, 'params': 1413601, 'time_iter': 1.1097, 'accuracy': 0.902, 'precision': 0.0829, 'recall': 0.3951, 'f1': 0.137, 'auc': 0.6866}
train: {'epoch': 64, 'eta': 446471.9025, 'loss': 0.1366, 'lr': 0.001, 'params': 1413601, 'time_iter': 12.4435, 'accuracy': 0.9628, 'precision': 0.5417, 'recall': 0.0422, 'f1': 0.0783, 'auc': 0.7578}
val: {'epoch': 65, 'loss': 0.0807, 'lr': 0.001, 'params': 1413601, 'time_iter': 1.1116, 'accuracy': 0.9825, 'precision': 0.68, 'recall': 0.2099, 'f1': 0.3208, 'auc': 0.762}
train: {'epoch': 65, 'eta': 433743.0128, 'loss': 0.138, 'lr': 0.001, 'params': 1413601, 'time_iter': 12.4486, 'accuracy': 0.9629, 'precision': 0.5747, 'recall': 0.0406, 'f1': 0.0758, 'auc': 0.7465}
val: {'epoch': 66, 'loss': 0.0953, 'lr': 0.001, 'params': 1413601, 'time_iter': 1.0696, 'accuracy': 0.9769, 'precision': 0.36, 'recall': 0.2222, 'f1': 0.2748, 'auc': 0.745}
train: {'epoch': 66, 'eta': 420912.0628, 'loss': 0.1349, 'lr': 0.001, 'params': 1413601, 'time_iter': 12.252, 'accuracy': 0.9628, 'precision': 0.5333, 'recall': 0.0455, 'f1': 0.0838, 'auc': 0.759}
val: {'epoch': 67, 'loss': 0.0852, 'lr': 0.001, 'params': 1413601, 'time_iter': 1.0962, 'accuracy': 0.9793, 'precision': 0.4545, 'recall': 0.2469, 'f1': 0.32, 'auc': 0.771}
train: {'epoch': 67, 'eta': 408248.5357, 'loss': 0.1351, 'lr': 0.001, 'params': 1413601, 'time_iter': 12.5842, 'accuracy': 0.9626, 'precision': 0.513, 'recall': 0.0479, 'f1': 0.0876, 'auc': 0.7626}
val: {'epoch': 68, 'loss': 0.0879, 'lr': 0.001, 'params': 1413601, 'time_iter': 1.1187, 'accuracy': 0.9784, 'precision': 0.4355, 'recall': 0.3333, 'f1': 0.3776, 'auc': 0.7731}
train: {'epoch': 68, 'eta': 395389.8712, 'loss': 0.1337, 'lr': 0.001, 'params': 1413601, 'time_iter': 12.18, 'accuracy': 0.9629, 'precision': 0.5481, 'recall': 0.0601, 'f1': 0.1083, 'auc': 0.7669}
val: {'epoch': 69, 'loss': 0.0874, 'lr': 0.001, 'params': 1413601, 'time_iter': 1.0632, 'accuracy': 0.9805, 'precision': 0.5085, 'recall': 0.3704, 'f1': 0.4286, 'auc': 0.7787}
train: {'epoch': 69, 'eta': 382575.4424, 'loss': 0.1333, 'lr': 0.001, 'params': 1413601, 'time_iter': 12.2592, 'accuracy': 0.9627, 'precision': 0.5246, 'recall': 0.0519, 'f1': 0.0945, 'auc': 0.7696}
val: {'epoch': 70, 'loss': 0.1408, 'lr': 0.001, 'params': 1413601, 'time_iter': 1.1543, 'accuracy': 0.9589, 'precision': 0.2105, 'recall': 0.3951, 'f1': 0.2747, 'auc': 0.7567}
train: {'epoch': 70, 'eta': 369749.5688, 'loss': 0.1331, 'lr': 0.001, 'params': 1413601, 'time_iter': 12.2186, 'accuracy': 0.9627, 'precision': 0.5234, 'recall': 0.0544, 'f1': 0.0985, 'auc': 0.7704}
val: {'epoch': 71, 'loss': 0.0863, 'lr': 0.001, 'params': 1413601, 'time_iter': 1.0771, 'accuracy': 0.9805, 'precision': 0.5088, 'recall': 0.358, 'f1': 0.4203, 'auc': 0.7739}
train: {'epoch': 71, 'eta': 357034.8188, 'loss': 0.1324, 'lr': 0.001, 'params': 1413601, 'time_iter': 12.4787, 'accuracy': 0.9633, 'precision': 0.6048, 'recall': 0.0609, 'f1': 0.1106, 'auc': 0.7707}
val: {'epoch': 72, 'loss': 0.0832, 'lr': 0.001, 'params': 1413601, 'time_iter': 1.0449, 'accuracy': 0.982, 'precision': 0.5854, 'recall': 0.2963, 'f1': 0.3934, 'auc': 0.7637}
train: {'epoch': 72, 'eta': 344294.7223, 'loss': 0.1328, 'lr': 0.001, 'params': 1413601, 'time_iter': 12.4212, 'accuracy': 0.9624, 'precision': 0.4851, 'recall': 0.0528, 'f1': 0.0952, 'auc': 0.7716}
val: {'epoch': 73, 'loss': 0.0836, 'lr': 0.001, 'params': 1413601, 'time_iter': 1.0417, 'accuracy': 0.9815, 'precision': 0.549, 'recall': 0.3457, 'f1': 0.4242, 'auc': 0.7634}
train: {'epoch': 73, 'eta': 331494.0768, 'loss': 0.1321, 'lr': 0.001, 'params': 1413601, 'time_iter': 12.2568, 'accuracy': 0.9633, 'precision': 0.5865, 'recall': 0.0633, 'f1': 0.1143, 'auc': 0.7734}
val: {'epoch': 74, 'loss': 0.1433, 'lr': 0.001, 'params': 1413601, 'time_iter': 1.4545, 'accuracy': 0.956, 'precision': 0.1711, 'recall': 0.321, 'f1': 0.2232, 'auc': 0.7191}
train: {'epoch': 74, 'eta': 318735.4678, 'loss': 0.1314, 'lr': 0.001, 'params': 1413601, 'time_iter': 12.3647, 'accuracy': 0.9634, 'precision': 0.6, 'recall': 0.0706, 'f1': 0.1264, 'auc': 0.7774}
val: {'epoch': 75, 'loss': 0.0798, 'lr': 0.001, 'params': 1413601, 'time_iter': 1.0914, 'accuracy': 0.9815, 'precision': 0.5714, 'recall': 0.2469, 'f1': 0.3448, 'auc': 0.7426}
train: {'epoch': 75, 'eta': 306116.3074, 'loss': 0.1311, 'lr': 0.001, 'params': 1413601, 'time_iter': 12.791, 'accuracy': 0.9633, 'precision': 0.5833, 'recall': 0.0682, 'f1': 0.1221, 'auc': 0.7771}
val: {'epoch': 76, 'loss': 0.0795, 'lr': 0.001, 'params': 1413601, 'time_iter': 1.0722, 'accuracy': 0.9825, 'precision': 0.6154, 'recall': 0.2963, 'f1': 0.4, 'auc': 0.7737}
train: {'epoch': 76, 'eta': 293353.4269, 'loss': 0.1311, 'lr': 0.001, 'params': 1413601, 'time_iter': 12.3692, 'accuracy': 0.9627, 'precision': 0.5148, 'recall': 0.0706, 'f1': 0.1242, 'auc': 0.7826}
val: {'epoch': 77, 'loss': 0.1097, 'lr': 0.001, 'params': 1413601, 'time_iter': 1.0831, 'accuracy': 0.9725, 'precision': 0.3333, 'recall': 0.3951, 'f1': 0.3616, 'auc': 0.748}
train: {'epoch': 77, 'eta': 280612.5869, 'loss': 0.1295, 'lr': 0.001, 'params': 1413601, 'time_iter': 12.4421, 'accuracy': 0.9632, 'precision': 0.5632, 'recall': 0.0795, 'f1': 0.1394, 'auc': 0.782}
val: {'epoch': 78, 'loss': 0.3949, 'lr': 0.001, 'params': 1413601, 'time_iter': 1.1803, 'accuracy': 0.8269, 'precision': 0.0575, 'recall': 0.5062, 'f1': 0.1033, 'auc': 0.7416}
train: {'epoch': 78, 'eta': 267898.0492, 'loss': 0.1297, 'lr': 0.001, 'params': 1413601, 'time_iter': 12.544, 'accuracy': 0.9631, 'precision': 0.5543, 'recall': 0.0787, 'f1': 0.1379, 'auc': 0.7863}
val: {'epoch': 79, 'loss': 0.1109, 'lr': 0.001, 'params': 1413601, 'time_iter': 1.0547, 'accuracy': 0.9711, 'precision': 0.2683, 'recall': 0.2716, 'f1': 0.2699, 'auc': 0.7355}
train: {'epoch': 79, 'eta': 255180.7544, 'loss': 0.13, 'lr': 0.001, 'params': 1413601, 'time_iter': 12.5521, 'accuracy': 0.9633, 'precision': 0.5723, 'recall': 0.0771, 'f1': 0.1359, 'auc': 0.787}
val: {'epoch': 80, 'loss': 0.1851, 'lr': 0.001, 'params': 1413601, 'time_iter': 1.1198, 'accuracy': 0.937, 'precision': 0.1352, 'recall': 0.4074, 'f1': 0.2031, 'auc': 0.7281}
train: {'epoch': 80, 'eta': 242461.9125, 'loss': 0.1284, 'lr': 0.001, 'params': 1413601, 'time_iter': 12.566, 'accuracy': 0.9632, 'precision': 0.5561, 'recall': 0.0844, 'f1': 0.1466, 'auc': 0.7889}
val: {'epoch': 81, 'loss': 0.0875, 'lr': 0.001, 'params': 1413601, 'time_iter': 1.0533, 'accuracy': 0.9801, 'precision': 0.4912, 'recall': 0.3457, 'f1': 0.4058, 'auc': 0.7521}
train: {'epoch': 81, 'eta': 229729.2988, 'loss': 0.1288, 'lr': 0.001, 'params': 1413601, 'time_iter': 12.5279, 'accuracy': 0.9633, 'precision': 0.5596, 'recall': 0.0877, 'f1': 0.1516, 'auc': 0.7844}
val: {'epoch': 82, 'loss': 0.0878, 'lr': 0.001, 'params': 1413601, 'time_iter': 1.0892, 'accuracy': 0.9771, 'precision': 0.4085, 'recall': 0.358, 'f1': 0.3816, 'auc': 0.7732}
train: {'epoch': 82, 'eta': 216929.3156, 'loss': 0.1291, 'lr': 0.001, 'params': 1413601, 'time_iter': 12.2263, 'accuracy': 0.9635, 'precision': 0.5806, 'recall': 0.0877, 'f1': 0.1523, 'auc': 0.7879}
val: {'epoch': 83, 'loss': 0.0848, 'lr': 0.001, 'params': 1413601, 'time_iter': 1.0488, 'accuracy': 0.9805, 'precision': 0.52, 'recall': 0.1605, 'f1': 0.2453, 'auc': 0.729}
train: {'epoch': 83, 'eta': 204147.6785, 'loss': 0.1278, 'lr': 0.001, 'params': 1413601, 'time_iter': 12.2933, 'accuracy': 0.9633, 'precision': 0.5691, 'recall': 0.0836, 'f1': 0.1458, 'auc': 0.7929}
val: {'epoch': 84, 'loss': 0.0892, 'lr': 0.001, 'params': 1413601, 'time_iter': 1.0687, 'accuracy': 0.9786, 'precision': 0.4493, 'recall': 0.3827, 'f1': 0.4133, 'auc': 0.7754}
train: {'epoch': 84, 'eta': 191412.515, 'loss': 0.1279, 'lr': 0.001, 'params': 1413601, 'time_iter': 12.5322, 'accuracy': 0.9636, 'precision': 0.5918, 'recall': 0.0942, 'f1': 0.1625, 'auc': 0.7895}
val: {'epoch': 85, 'loss': 0.2006, 'lr': 0.001, 'params': 1413601, 'time_iter': 1.1095, 'accuracy': 0.9307, 'precision': 0.1331, 'recall': 0.4568, 'f1': 0.2061, 'auc': 0.7407}
train: {'epoch': 85, 'eta': 178600.8346, 'loss': 0.1286, 'lr': 0.001, 'params': 1413601, 'time_iter': 12.0977, 'accuracy': 0.9632, 'precision': 0.545, 'recall': 0.0982, 'f1': 0.1664, 'auc': 0.7895}
val: {'epoch': 86, 'loss': 0.2361, 'lr': 0.001, 'params': 1413601, 'time_iter': 1.1176, 'accuracy': 0.9271, 'precision': 0.1158, 'recall': 0.4074, 'f1': 0.1803, 'auc': 0.7274}
train: {'epoch': 86, 'eta': 165889.0688, 'loss': 0.1257, 'lr': 0.001, 'params': 1413601, 'time_iter': 12.6932, 'accuracy': 0.9636, 'precision': 0.5811, 'recall': 0.1047, 'f1': 0.1774, 'auc': 0.8015}
val: {'epoch': 87, 'loss': 0.1029, 'lr': 0.001, 'params': 1413601, 'time_iter': 1.0415, 'accuracy': 0.9723, 'precision': 0.3146, 'recall': 0.3457, 'f1': 0.3294, 'auc': 0.7696}
train: {'epoch': 87, 'eta': 153162.4196, 'loss': 0.1261, 'lr': 0.001, 'params': 1413601, 'time_iter': 12.6437, 'accuracy': 0.9643, 'precision': 0.6301, 'recall': 0.112, 'f1': 0.1902, 'auc': 0.7996}
val: {'epoch': 88, 'loss': 0.0835, 'lr': 0.001, 'params': 1413601, 'time_iter': 1.0435, 'accuracy': 0.9803, 'precision': 0.5, 'recall': 0.2963, 'f1': 0.3721, 'auc': 0.7761}
train: {'epoch': 88, 'eta': 140374.7382, 'loss': 0.1271, 'lr': 0.001, 'params': 1413601, 'time_iter': 12.214, 'accuracy': 0.9635, 'precision': 0.5756, 'recall': 0.0958, 'f1': 0.1642, 'auc': 0.7991}
val: {'epoch': 89, 'loss': 0.0877, 'lr': 0.001, 'params': 1413601, 'time_iter': 1.0752, 'accuracy': 0.9779, 'precision': 0.4219, 'recall': 0.3333, 'f1': 0.3724, 'auc': 0.7744}
train: {'epoch': 89, 'eta': 127576.0415, 'loss': 0.1256, 'lr': 0.001, 'params': 1413601, 'time_iter': 12.075, 'accuracy': 0.9635, 'precision': 0.5701, 'recall': 0.099, 'f1': 0.1687, 'auc': 0.8024}
val: {'epoch': 90, 'loss': 0.0847, 'lr': 0.001, 'params': 1413601, 'time_iter': 1.1229, 'accuracy': 0.9788, 'precision': 0.4545, 'recall': 0.3704, 'f1': 0.4082, 'auc': 0.7929}
train: {'epoch': 90, 'eta': 114852.724, 'loss': 0.1243, 'lr': 0.001, 'params': 1413601, 'time_iter': 12.735, 'accuracy': 0.9638, 'precision': 0.5872, 'recall': 0.112, 'f1': 0.1881, 'auc': 0.8034}
val: {'epoch': 91, 'loss': 0.1107, 'lr': 0.001, 'params': 1413601, 'time_iter': 1.0818, 'accuracy': 0.9696, 'precision': 0.2843, 'recall': 0.358, 'f1': 0.3169, 'auc': 0.7665}
train: {'epoch': 91, 'eta': 102086.3296, 'loss': 0.1253, 'lr': 0.001, 'params': 1413601, 'time_iter': 12.3461, 'accuracy': 0.9645, 'precision': 0.6255, 'recall': 0.1274, 'f1': 0.2117, 'auc': 0.7992}
val: {'epoch': 92, 'loss': 0.0944, 'lr': 0.001, 'params': 1413601, 'time_iter': 1.0771, 'accuracy': 0.9769, 'precision': 0.3906, 'recall': 0.3086, 'f1': 0.3448, 'auc': 0.7369}
train: {'epoch': 92, 'eta': 89352.1924, 'loss': 0.1269, 'lr': 0.001, 'params': 1413601, 'time_iter': 12.7453, 'accuracy': 0.9637, 'precision': 0.5812, 'recall': 0.1104, 'f1': 0.1855, 'auc': 0.8004}
val: {'epoch': 93, 'loss': 0.1564, 'lr': 0.001, 'params': 1413601, 'time_iter': 1.0694, 'accuracy': 0.9514, 'precision': 0.1917, 'recall': 0.4568, 'f1': 0.2701, 'auc': 0.7476}
train: {'epoch': 93, 'eta': 76601.9818, 'loss': 0.1253, 'lr': 0.001, 'params': 1413601, 'time_iter': 12.6239, 'accuracy': 0.9645, 'precision': 0.6307, 'recall': 0.1234, 'f1': 0.2064, 'auc': 0.8009}
val: {'epoch': 94, 'loss': 0.0785, 'lr': 0.001, 'params': 1413601, 'time_iter': 1.3688, 'accuracy': 0.9832, 'precision': 0.6875, 'recall': 0.2716, 'f1': 0.3894, 'auc': 0.7909}
train: {'epoch': 94, 'eta': 63842.8836, 'loss': 0.1245, 'lr': 0.001, 'params': 1413601, 'time_iter': 12.553, 'accuracy': 0.9642, 'precision': 0.618, 'recall': 0.1169, 'f1': 0.1966, 'auc': 0.8043}
val: {'epoch': 95, 'loss': 0.1026, 'lr': 0.001, 'params': 1413601, 'time_iter': 1.1423, 'accuracy': 0.9737, 'precision': 0.3548, 'recall': 0.4074, 'f1': 0.3793, 'auc': 0.7534}
train: {'epoch': 95, 'eta': 51078.2027, 'loss': 0.1234, 'lr': 0.001, 'params': 1413601, 'time_iter': 12.4996, 'accuracy': 0.9642, 'precision': 0.6038, 'recall': 0.1274, 'f1': 0.2105, 'auc': 0.8074}
val: {'epoch': 96, 'loss': 0.0947, 'lr': 0.001, 'params': 1413601, 'time_iter': 1.0963, 'accuracy': 0.9769, 'precision': 0.4028, 'recall': 0.358, 'f1': 0.3791, 'auc': 0.7579}
train: {'epoch': 96, 'eta': 38307.0129, 'loss': 0.1245, 'lr': 0.001, 'params': 1413601, 'time_iter': 12.3582, 'accuracy': 0.9646, 'precision': 0.6293, 'recall': 0.1323, 'f1': 0.2186, 'auc': 0.8056}
val: {'epoch': 97, 'loss': 0.0984, 'lr': 0.001, 'params': 1413601, 'time_iter': 1.0643, 'accuracy': 0.9747, 'precision': 0.3506, 'recall': 0.3333, 'f1': 0.3418, 'auc': 0.764}
train: {'epoch': 97, 'eta': 25536.8582, 'loss': 0.1234, 'lr': 0.001, 'params': 1413601, 'time_iter': 12.3544, 'accuracy': 0.9638, 'precision': 0.5772, 'recall': 0.1274, 'f1': 0.2088, 'auc': 0.8052}
val: {'epoch': 98, 'loss': 0.0888, 'lr': 0.001, 'params': 1413601, 'time_iter': 1.1712, 'accuracy': 0.9776, 'precision': 0.4154, 'recall': 0.3333, 'f1': 0.3699, 'auc': 0.7655}
train: {'epoch': 98, 'eta': 12766.6177, 'loss': 0.1241, 'lr': 0.001, 'params': 1413601, 'time_iter': 12.2343, 'accuracy': 0.9634, 'precision': 0.5534, 'recall': 0.1136, 'f1': 0.1886, 'auc': 0.8079}
val: {'epoch': 99, 'loss': 0.0861, 'lr': 0.001, 'params': 1413601, 'time_iter': 1.0756, 'accuracy': 0.9798, 'precision': 0.4722, 'recall': 0.2099, 'f1': 0.2906, 'auc': 0.7333}
train: {'epoch': 99, 'eta': 0.0, 'loss': 0.122, 'lr': 0.001, 'params': 1413601, 'time_iter': 12.2879, 'accuracy': 0.9643, 'precision': 0.609, 'recall': 0.1315, 'f1': 0.2163, 'auc': 0.8182}
test: {'epoch': 99, 'loss': 0.1447, 'lr': 0.001, 'params': 1413601, 'time_iter': 1.0424, 'accuracy': 0.9621, 'precision': 0.0357, 'recall': 0.0077, 'f1': 0.0127, 'auc': 0.7568}
test: {'epoch': 90, 'loss': 0.1457, 'lr': 0.001, 'params': 1413601, 'time_iter': 1.0632, 'accuracy': 0.9628, 'precision': 0.3647, 'recall': 0.2385, 'f1': 0.2884, 'auc': 0.7581}
