GraphGymModule(
  (model): DilatedGNNModel(
    (encoder): FeatureEncoder(
      (node_encoder): AtomEncoder(
        (atom_embedding_list): ModuleList(
          (0): Embedding(119, 300)
          (1): Embedding(4, 300)
          (2): Embedding(12, 300)
          (3): Embedding(12, 300)
          (4): Embedding(10, 300)
          (5): Embedding(6, 300)
          (6): Embedding(6, 300)
          (7): Embedding(2, 300)
          (8): Embedding(2, 300)
        )
      )
      (edge_encoder): BondEncoder(
        (bond_embedding_list): ModuleList(
          (0): Embedding(5, 300)
          (1): Embedding(6, 300)
          (2): Embedding(2, 300)
        )
      )
    )
    (mp): GNNDilatedStage(
      (classic_layers): ModuleList(
        (0): GeneralLayer(
          (layer): EGINConv(
            (model): GINEConv(nn=Sequential(
              (0): Linear(300, 300, bias=True)
              (1): ReLU()
              (2): Linear(300, 300, bias=True)
            ))
          )
          (post_layer): Sequential(
            (0): BatchNorm1d(300, eps=1e-05, momentum=0.1, affine=True, track_running_stats=True)
            (1): Dropout(p=0.5, inplace=False)
            (2): ReLU()
          )
        )
        (1): GeneralLayer(
          (layer): EGINConv(
            (model): GINEConv(nn=Sequential(
              (0): Linear(300, 300, bias=True)
              (1): ReLU()
              (2): Linear(300, 300, bias=True)
            ))
          )
          (post_layer): Sequential(
            (0): BatchNorm1d(300, eps=1e-05, momentum=0.1, affine=True, track_running_stats=True)
            (1): Dropout(p=0.5, inplace=False)
            (2): ReLU()
          )
        )
      )
      (dilated_layers): ModuleList(
        (0): DilatedGeneralLayer(
          (layer): EGINConv(
            (model): GINEConv(nn=Sequential(
              (0): Linear(300, 300, bias=True)
              (1): ReLU()
              (2): Linear(300, 300, bias=True)
            ))
          )
          (post_layer): Sequential(
            (0): BatchNorm1d(300, eps=1e-05, momentum=0.1, affine=True, track_running_stats=True)
            (1): Dropout(p=0.5, inplace=False)
            (2): ReLU()
          )
          (gem): GeM(p=3.0000, eps=1e-06)
        )
      )
      (act): ReLU()
    )
    (post_mp): GNNGraphHead(
      (layer_post_mp): MLP(
        (model): Sequential(
          (0): Linear(
            (model): Linear(300, 1, bias=True)
          )
        )
      )
    )
  )
)
accelerator: cuda
benchmark: False
bn:
  eps: 1e-05
  mom: 0.1
cfg_dest: config.yaml
custom_metrics: []
dataset:
  cache_load: False
  cache_save: False
  dir: ./datasets
  edge_dim: 300
  edge_encoder: True
  edge_encoder_bn: False
  edge_encoder_name: Bond
  edge_message_ratio: 0.8
  edge_negative_sampling_ratio: 1.0
  edge_train_mode: all
  encoder: True
  encoder_bn: True
  encoder_dim: 128
  encoder_name: db
  fast_loader: False
  format: OGB
  label_column: none
  label_table: none
  location: local
  name: ogbg-molhiv
  node_encoder: True
  node_encoder_bn: False
  node_encoder_name: Atom
  remove_feature: False
  resample_disjoint: False
  resample_negative: False
  shuffle_split: True
  split: [0.8, 0.1, 0.1]
  split_mode: random
  task: graph
  task_type: classification
  to_undirected: False
  transductive: False
  transform: none
  tu_simple: True
devices: 1
gnn:
  act: relu
  act_on_last_layer_mp: False
  agg: none
  att_final_linear: False
  att_final_linear_bn: False
  att_heads: 1
  batchnorm: True
  clear_feature: True
  dilated_path_join: add
  dim_inner: 300
  dropout: 0.5
  head: graph
  keep_edge: 0.5
  l2norm: True
  layer_type: eginconv
  layers_k1: 2
  layers_k2: 1
  layers_mp: 5
  layers_post_mp: 1
  layers_pre_mp: 0
  learn_alpha_residual_connection: True
  msg_direction: single
  normalize_adj: False
  self_msg: concat
  skip_every: 1
  stage_type: stack
  use_edge_features: True
gpu_mem: False
mem:
  inplace: False
metric_agg: argmax
metric_best: auc
model:
  edge_decoding: dot
  graph_pooling: mean
  loss_fun: cross_entropy
  match_upper: True
  size_average: mean
  thresh: 0.5
  type: dilated_gnn
num_threads: 6
num_workers: 16
optim:
  base_lr: 0.001
  lr_decay: 0.1
  max_epoch: 100
  momentum: 0.9
  optimizer: adam
  scheduler: none
  steps: [30, 60, 90]
  weight_decay: 0.0
out_dir: results_experiments/ogbg_molhiv_baseline_grid_design/ogbg_molhiv_baseline-type=dilated_gnn-layer_type=eginconv-layers_k1=2-layers_k2=1-dilated_path_join=add-learn_alpha_residual_connection=True
print: both
round: 4
run_dir: results_experiments/ogbg_molhiv_baseline_grid_design/ogbg_molhiv_baseline-type=dilated_gnn-layer_type=eginconv-layers_k1=2-layers_k2=1-dilated_path_join=add-learn_alpha_residual_connection=True/0
seed: 1
share:
  dim_in: 9
  dim_out: 2
  num_splits: 3
tensorboard_agg: True
tensorboard_each_run: False
train:
  auto_resume: False
  batch_size: 32
  ckpt_clean: True
  ckpt_period: 100
  enable_ckpt: True
  epoch_resume: -1
  eval_period: 1
  iter_per_epoch: 32
  neighbor_sizes: [20, 15, 10, 5]
  node_per_graph: 32
  radius: extend
  sample_node: False
  sampler: full_batch
  skip_train_eval: False
  walk_length: 4
val:
  node_per_graph: 32
  radius: extend
  sample_node: False
  sampler: full_batch
view_emb: False
Num parameters: 870603
val: {'epoch': 0, 'loss': 0.7072, 'lr': 0.001, 'params': 870603, 'time_iter': 2.2204, 'accuracy': 0.0156, 'precision': 0.0156, 'recall': 1.0, 'f1': 0.0308, 'auc': 0.0794}
val: {'epoch': 0, 'loss': 0.0975, 'lr': 0.001, 'params': 870603, 'time_iter': 2.3798, 'accuracy': 0.9803, 'precision': 0.0, 'recall': 0.0, 'f1': 0.0, 'auc': 0.5852}
train: {'epoch': 0, 'eta': 1574461.3792, 'loss': 0.1857, 'lr': 0.001, 'params': 870603, 'time_iter': 15.4554, 'accuracy': 0.9606, 'precision': 0.0435, 'recall': 0.0024, 'f1': 0.0046, 'auc': 0.5436}
val: {'epoch': 1, 'loss': 0.0982, 'lr': 0.001, 'params': 870603, 'time_iter': 2.3023, 'accuracy': 0.9803, 'precision': 0.0, 'recall': 0.0, 'f1': 0.0, 'auc': 0.5525}
train: {'epoch': 1, 'eta': 1545799.142, 'loss': 0.1548, 'lr': 0.001, 'params': 870603, 'time_iter': 15.2024, 'accuracy': 0.9626, 'precision': 0.0, 'recall': 0.0, 'f1': 0.0, 'auc': 0.6522}
val: {'epoch': 2, 'loss': 0.0986, 'lr': 0.001, 'params': 870603, 'time_iter': 2.5464, 'accuracy': 0.9803, 'precision': 0.0, 'recall': 0.0, 'f1': 0.0, 'auc': 0.619}
train: {'epoch': 2, 'eta': 1533339.1145, 'loss': 0.1545, 'lr': 0.001, 'params': 870603, 'time_iter': 15.4285, 'accuracy': 0.9626, 'precision': 0.0, 'recall': 0.0, 'f1': 0.0, 'auc': 0.6453}
val: {'epoch': 3, 'loss': 0.0909, 'lr': 0.001, 'params': 870603, 'time_iter': 2.532, 'accuracy': 0.9803, 'precision': 0.0, 'recall': 0.0, 'f1': 0.0, 'auc': 0.6855}
train: {'epoch': 3, 'eta': 1521643.134, 'loss': 0.148, 'lr': 0.001, 'params': 870603, 'time_iter': 15.5286, 'accuracy': 0.9626, 'precision': 0.0, 'recall': 0.0, 'f1': 0.0, 'auc': 0.7129}
val: {'epoch': 4, 'loss': 0.0907, 'lr': 0.001, 'params': 870603, 'time_iter': 2.5418, 'accuracy': 0.9803, 'precision': 0.0, 'recall': 0.0, 'f1': 0.0, 'auc': 0.7329}
train: {'epoch': 4, 'eta': 1501129.8035, 'loss': 0.1447, 'lr': 0.001, 'params': 870603, 'time_iter': 15.1652, 'accuracy': 0.9625, 'precision': 0.0, 'recall': 0.0, 'f1': 0.0, 'auc': 0.7289}
val: {'epoch': 5, 'loss': 0.0821, 'lr': 0.001, 'params': 870603, 'time_iter': 2.5488, 'accuracy': 0.9815, 'precision': 0.7778, 'recall': 0.0864, 'f1': 0.1556, 'auc': 0.7582}
train: {'epoch': 5, 'eta': 1480237.0281, 'loss': 0.1413, 'lr': 0.001, 'params': 870603, 'time_iter': 15.0402, 'accuracy': 0.9625, 'precision': 0.2, 'recall': 0.0008, 'f1': 0.0016, 'auc': 0.7456}
val: {'epoch': 6, 'loss': 0.0814, 'lr': 0.001, 'params': 870603, 'time_iter': 2.9404, 'accuracy': 0.9815, 'precision': 0.7778, 'recall': 0.0864, 'f1': 0.1556, 'auc': 0.7775}
train: {'epoch': 6, 'eta': 1463972.1324, 'loss': 0.1384, 'lr': 0.001, 'params': 870603, 'time_iter': 15.2655, 'accuracy': 0.9624, 'precision': 0.25, 'recall': 0.0024, 'f1': 0.0048, 'auc': 0.7592}
val: {'epoch': 7, 'loss': 0.0898, 'lr': 0.001, 'params': 870603, 'time_iter': 2.5137, 'accuracy': 0.9808, 'precision': 0.6667, 'recall': 0.0494, 'f1': 0.092, 'auc': 0.7133}
train: {'epoch': 7, 'eta': 1459327.1411, 'loss': 0.1366, 'lr': 0.001, 'params': 870603, 'time_iter': 16.2357, 'accuracy': 0.9624, 'precision': 0.4, 'recall': 0.0081, 'f1': 0.0159, 'auc': 0.7673}
val: {'epoch': 8, 'loss': 0.0879, 'lr': 0.001, 'params': 870603, 'time_iter': 2.4151, 'accuracy': 0.9803, 'precision': 0.5, 'recall': 0.0617, 'f1': 0.1099, 'auc': 0.7667}
train: {'epoch': 8, 'eta': 1440161.3954, 'loss': 0.1357, 'lr': 0.001, 'params': 870603, 'time_iter': 15.0977, 'accuracy': 0.9624, 'precision': 0.4231, 'recall': 0.0089, 'f1': 0.0175, 'auc': 0.7664}
val: {'epoch': 9, 'loss': 0.0833, 'lr': 0.001, 'params': 870603, 'time_iter': 2.5592, 'accuracy': 0.9805, 'precision': 0.5238, 'recall': 0.1358, 'f1': 0.2157, 'auc': 0.7877}
train: {'epoch': 9, 'eta': 1421947.6524, 'loss': 0.1336, 'lr': 0.001, 'params': 870603, 'time_iter': 15.1221, 'accuracy': 0.9625, 'precision': 0.4833, 'recall': 0.0235, 'f1': 0.0449, 'auc': 0.7761}
val: {'epoch': 10, 'loss': 0.0826, 'lr': 0.001, 'params': 870603, 'time_iter': 2.4075, 'accuracy': 0.981, 'precision': 0.6667, 'recall': 0.0741, 'f1': 0.1333, 'auc': 0.809}
train: {'epoch': 10, 'eta': 1406155.975, 'loss': 0.1331, 'lr': 0.001, 'params': 870603, 'time_iter': 15.3551, 'accuracy': 0.9626, 'precision': 0.5181, 'recall': 0.0349, 'f1': 0.0654, 'auc': 0.778}
val: {'epoch': 11, 'loss': 0.0822, 'lr': 0.001, 'params': 870603, 'time_iter': 2.5892, 'accuracy': 0.981, 'precision': 0.6364, 'recall': 0.0864, 'f1': 0.1522, 'auc': 0.7898}
train: {'epoch': 11, 'eta': 1390828.0136, 'loss': 0.1328, 'lr': 0.001, 'params': 870603, 'time_iter': 15.4167, 'accuracy': 0.9635, 'precision': 0.6535, 'recall': 0.0536, 'f1': 0.099, 'auc': 0.7762}
val: {'epoch': 12, 'loss': 0.0814, 'lr': 0.001, 'params': 870603, 'time_iter': 2.4999, 'accuracy': 0.9803, 'precision': 0.5, 'recall': 0.1111, 'f1': 0.1818, 'auc': 0.7945}
train: {'epoch': 12, 'eta': 1373057.1149, 'loss': 0.1301, 'lr': 0.001, 'params': 870603, 'time_iter': 15.0739, 'accuracy': 0.9629, 'precision': 0.5588, 'recall': 0.0463, 'f1': 0.0855, 'auc': 0.7894}
val: {'epoch': 13, 'loss': 0.0839, 'lr': 0.001, 'params': 870603, 'time_iter': 3.2381, 'accuracy': 0.9815, 'precision': 0.7273, 'recall': 0.0988, 'f1': 0.1739, 'auc': 0.8007}
train: {'epoch': 13, 'eta': 1358928.2527, 'loss': 0.1298, 'lr': 0.001, 'params': 870603, 'time_iter': 15.5991, 'accuracy': 0.9631, 'precision': 0.5704, 'recall': 0.0625, 'f1': 0.1127, 'auc': 0.7852}
val: {'epoch': 14, 'loss': 0.0831, 'lr': 0.001, 'params': 870603, 'time_iter': 2.4729, 'accuracy': 0.9796, 'precision': 0.44, 'recall': 0.1358, 'f1': 0.2075, 'auc': 0.7997}
train: {'epoch': 14, 'eta': 1346870.2832, 'loss': 0.1273, 'lr': 0.001, 'params': 870603, 'time_iter': 15.9982, 'accuracy': 0.9637, 'precision': 0.6196, 'recall': 0.082, 'f1': 0.1448, 'auc': 0.793}
val: {'epoch': 15, 'loss': 0.0794, 'lr': 0.001, 'params': 870603, 'time_iter': 2.5523, 'accuracy': 0.9818, 'precision': 0.6667, 'recall': 0.1481, 'f1': 0.2424, 'auc': 0.8018}
train: {'epoch': 15, 'eta': 1331023.9127, 'loss': 0.1271, 'lr': 0.001, 'params': 870603, 'time_iter': 15.3988, 'accuracy': 0.9634, 'precision': 0.5818, 'recall': 0.0779, 'f1': 0.1374, 'auc': 0.7991}
val: {'epoch': 16, 'loss': 0.0825, 'lr': 0.001, 'params': 870603, 'time_iter': 2.7061, 'accuracy': 0.9808, 'precision': 0.5556, 'recall': 0.1235, 'f1': 0.202, 'auc': 0.8046}
train: {'epoch': 16, 'eta': 1313541.5962, 'loss': 0.1263, 'lr': 0.001, 'params': 870603, 'time_iter': 15.0732, 'accuracy': 0.9633, 'precision': 0.5676, 'recall': 0.0852, 'f1': 0.1482, 'auc': 0.7954}
val: {'epoch': 17, 'loss': 0.0861, 'lr': 0.001, 'params': 870603, 'time_iter': 2.4349, 'accuracy': 0.9798, 'precision': 0.45, 'recall': 0.1111, 'f1': 0.1782, 'auc': 0.7953}
train: {'epoch': 17, 'eta': 1298853.086, 'loss': 0.1255, 'lr': 0.001, 'params': 870603, 'time_iter': 15.6224, 'accuracy': 0.9638, 'precision': 0.6073, 'recall': 0.0942, 'f1': 0.163, 'auc': 0.8033}
val: {'epoch': 18, 'loss': 0.0952, 'lr': 0.001, 'params': 870603, 'time_iter': 2.4631, 'accuracy': 0.9752, 'precision': 0.2439, 'recall': 0.1235, 'f1': 0.1639, 'auc': 0.7757}
train: {'epoch': 18, 'eta': 1282230.1432, 'loss': 0.1238, 'lr': 0.001, 'params': 870603, 'time_iter': 15.2147, 'accuracy': 0.9643, 'precision': 0.6313, 'recall': 0.1112, 'f1': 0.1891, 'auc': 0.8064}
val: {'epoch': 19, 'loss': 0.0791, 'lr': 0.001, 'params': 870603, 'time_iter': 2.4078, 'accuracy': 0.981, 'precision': 0.5882, 'recall': 0.1235, 'f1': 0.2041, 'auc': 0.814}
train: {'epoch': 19, 'eta': 1264991.1053, 'loss': 0.1232, 'lr': 0.001, 'params': 870603, 'time_iter': 15.0415, 'accuracy': 0.9641, 'precision': 0.6123, 'recall': 0.1128, 'f1': 0.1905, 'auc': 0.808}
val: {'epoch': 20, 'loss': 0.0803, 'lr': 0.001, 'params': 870603, 'time_iter': 3.085, 'accuracy': 0.982, 'precision': 0.7059, 'recall': 0.1481, 'f1': 0.2449, 'auc': 0.7949}
train: {'epoch': 20, 'eta': 1249683.1944, 'loss': 0.1221, 'lr': 0.001, 'params': 870603, 'time_iter': 15.4971, 'accuracy': 0.9651, 'precision': 0.6828, 'recall': 0.1258, 'f1': 0.2125, 'auc': 0.8105}
val: {'epoch': 21, 'loss': 0.0792, 'lr': 0.001, 'params': 870603, 'time_iter': 2.6512, 'accuracy': 0.9798, 'precision': 0.4583, 'recall': 0.1358, 'f1': 0.2095, 'auc': 0.808}
train: {'epoch': 21, 'eta': 1231967.7048, 'loss': 0.1219, 'lr': 0.001, 'params': 870603, 'time_iter': 14.8531, 'accuracy': 0.9651, 'precision': 0.664, 'recall': 0.1364, 'f1': 0.2263, 'auc': 0.8106}
val: {'epoch': 22, 'loss': 0.0866, 'lr': 0.001, 'params': 870603, 'time_iter': 2.4817, 'accuracy': 0.9784, 'precision': 0.3182, 'recall': 0.0864, 'f1': 0.1359, 'auc': 0.7967}
train: {'epoch': 22, 'eta': 1215272.1528, 'loss': 0.121, 'lr': 0.001, 'params': 870603, 'time_iter': 15.0878, 'accuracy': 0.9652, 'precision': 0.6536, 'recall': 0.1485, 'f1': 0.2421, 'auc': 0.8146}
val: {'epoch': 23, 'loss': 0.082, 'lr': 0.001, 'params': 870603, 'time_iter': 3.0505, 'accuracy': 0.9803, 'precision': 0.5, 'recall': 0.2222, 'f1': 0.3077, 'auc': 0.7912}
train: {'epoch': 23, 'eta': 1198503.266, 'loss': 0.12, 'lr': 0.001, 'params': 870603, 'time_iter': 15.0353, 'accuracy': 0.966, 'precision': 0.6944, 'recall': 0.1623, 'f1': 0.2632, 'auc': 0.8156}
val: {'epoch': 24, 'loss': 0.088, 'lr': 0.001, 'params': 870603, 'time_iter': 2.5285, 'accuracy': 0.9803, 'precision': 0.5, 'recall': 0.1605, 'f1': 0.243, 'auc': 0.7997}
train: {'epoch': 24, 'eta': 1183427.0161, 'loss': 0.1194, 'lr': 0.001, 'params': 870603, 'time_iter': 15.55, 'accuracy': 0.9654, 'precision': 0.6575, 'recall': 0.1558, 'f1': 0.252, 'auc': 0.8211}
val: {'epoch': 25, 'loss': 0.082, 'lr': 0.001, 'params': 870603, 'time_iter': 2.4332, 'accuracy': 0.9818, 'precision': 0.625, 'recall': 0.1852, 'f1': 0.2857, 'auc': 0.7824}
train: {'epoch': 25, 'eta': 1167420.3785, 'loss': 0.1192, 'lr': 0.001, 'params': 870603, 'time_iter': 15.2566, 'accuracy': 0.9656, 'precision': 0.6656, 'recall': 0.1615, 'f1': 0.26, 'auc': 0.8197}
val: {'epoch': 26, 'loss': 0.0804, 'lr': 0.001, 'params': 870603, 'time_iter': 2.7944, 'accuracy': 0.9825, 'precision': 0.7143, 'recall': 0.1852, 'f1': 0.2941, 'auc': 0.7969}
train: {'epoch': 26, 'eta': 1151853.1765, 'loss': 0.1181, 'lr': 0.001, 'params': 870603, 'time_iter': 15.4064, 'accuracy': 0.9654, 'precision': 0.6467, 'recall': 0.1664, 'f1': 0.2647, 'auc': 0.8261}
val: {'epoch': 27, 'loss': 0.0867, 'lr': 0.001, 'params': 870603, 'time_iter': 2.4124, 'accuracy': 0.9805, 'precision': 1.0, 'recall': 0.0123, 'f1': 0.0244, 'auc': 0.7948}
train: {'epoch': 27, 'eta': 1136563.8753, 'loss': 0.1174, 'lr': 0.001, 'params': 870603, 'time_iter': 15.5191, 'accuracy': 0.9664, 'precision': 0.6957, 'recall': 0.1818, 'f1': 0.2883, 'auc': 0.8234}
val: {'epoch': 28, 'loss': 0.0777, 'lr': 0.001, 'params': 870603, 'time_iter': 2.4604, 'accuracy': 0.9798, 'precision': 0.4667, 'recall': 0.1728, 'f1': 0.2523, 'auc': 0.8072}
train: {'epoch': 28, 'eta': 1119925.2602, 'loss': 0.1167, 'lr': 0.001, 'params': 870603, 'time_iter': 15.0021, 'accuracy': 0.9668, 'precision': 0.7038, 'recall': 0.1948, 'f1': 0.3051, 'auc': 0.8305}
val: {'epoch': 29, 'loss': 0.0825, 'lr': 0.001, 'params': 870603, 'time_iter': 2.4516, 'accuracy': 0.9823, 'precision': 0.8333, 'recall': 0.1235, 'f1': 0.2151, 'auc': 0.788}
train: {'epoch': 29, 'eta': 1103154.1686, 'loss': 0.1159, 'lr': 0.001, 'params': 870603, 'time_iter': 14.9136, 'accuracy': 0.9664, 'precision': 0.6905, 'recall': 0.1883, 'f1': 0.2959, 'auc': 0.8332}
val: {'epoch': 30, 'loss': 0.0806, 'lr': 0.001, 'params': 870603, 'time_iter': 3.254, 'accuracy': 0.9827, 'precision': 0.8571, 'recall': 0.1481, 'f1': 0.2526, 'auc': 0.7928}
train: {'epoch': 30, 'eta': 1087386.8785, 'loss': 0.1157, 'lr': 0.001, 'params': 870603, 'time_iter': 15.3117, 'accuracy': 0.9666, 'precision': 0.6774, 'recall': 0.2045, 'f1': 0.3142, 'auc': 0.8306}
val: {'epoch': 31, 'loss': 0.0804, 'lr': 0.001, 'params': 870603, 'time_iter': 2.688, 'accuracy': 0.9825, 'precision': 0.7143, 'recall': 0.1852, 'f1': 0.2941, 'auc': 0.7889}
train: {'epoch': 31, 'eta': 1071389.1893, 'loss': 0.1147, 'lr': 0.001, 'params': 870603, 'time_iter': 15.206, 'accuracy': 0.9671, 'precision': 0.6974, 'recall': 0.2151, 'f1': 0.3288, 'auc': 0.835}
val: {'epoch': 32, 'loss': 0.0776, 'lr': 0.001, 'params': 870603, 'time_iter': 2.5215, 'accuracy': 0.9803, 'precision': 0.5, 'recall': 0.2099, 'f1': 0.2957, 'auc': 0.8053}
train: {'epoch': 32, 'eta': 1056250.8042, 'loss': 0.1138, 'lr': 0.001, 'params': 870603, 'time_iter': 15.6072, 'accuracy': 0.9676, 'precision': 0.7188, 'recall': 0.22, 'f1': 0.3369, 'auc': 0.8381}
val: {'epoch': 33, 'loss': 0.0812, 'lr': 0.001, 'params': 870603, 'time_iter': 3.2177, 'accuracy': 0.9813, 'precision': 0.5833, 'recall': 0.1728, 'f1': 0.2667, 'auc': 0.8038}
train: {'epoch': 33, 'eta': 1040375.3413, 'loss': 0.1131, 'lr': 0.001, 'params': 870603, 'time_iter': 15.2653, 'accuracy': 0.9675, 'precision': 0.7077, 'recall': 0.224, 'f1': 0.3403, 'auc': 0.8403}
val: {'epoch': 34, 'loss': 0.0827, 'lr': 0.001, 'params': 870603, 'time_iter': 2.4191, 'accuracy': 0.9825, 'precision': 0.7647, 'recall': 0.1605, 'f1': 0.2653, 'auc': 0.8096}
train: {'epoch': 34, 'eta': 1024473.2925, 'loss': 0.1134, 'lr': 0.001, 'params': 870603, 'time_iter': 15.2464, 'accuracy': 0.9673, 'precision': 0.6919, 'recall': 0.2297, 'f1': 0.3449, 'auc': 0.8418}
val: {'epoch': 35, 'loss': 0.0831, 'lr': 0.001, 'params': 870603, 'time_iter': 2.5877, 'accuracy': 0.9803, 'precision': 0.5, 'recall': 0.2469, 'f1': 0.3306, 'auc': 0.7981}
train: {'epoch': 35, 'eta': 1008233.442, 'loss': 0.1118, 'lr': 0.001, 'params': 870603, 'time_iter': 15.0552, 'accuracy': 0.9675, 'precision': 0.7015, 'recall': 0.2289, 'f1': 0.3452, 'auc': 0.8491}
val: {'epoch': 36, 'loss': 0.0815, 'lr': 0.001, 'params': 870603, 'time_iter': 2.5438, 'accuracy': 0.9796, 'precision': 0.4595, 'recall': 0.2099, 'f1': 0.2881, 'auc': 0.8143}
train: {'epoch': 36, 'eta': 991926.7238, 'loss': 0.111, 'lr': 0.001, 'params': 870603, 'time_iter': 14.994, 'accuracy': 0.9684, 'precision': 0.7314, 'recall': 0.2476, 'f1': 0.3699, 'auc': 0.8486}
val: {'epoch': 37, 'loss': 0.0781, 'lr': 0.001, 'params': 870603, 'time_iter': 2.4798, 'accuracy': 0.9808, 'precision': 0.5312, 'recall': 0.2099, 'f1': 0.3009, 'auc': 0.7927}
train: {'epoch': 37, 'eta': 976008.4269, 'loss': 0.1108, 'lr': 0.001, 'params': 870603, 'time_iter': 15.1978, 'accuracy': 0.9678, 'precision': 0.6963, 'recall': 0.2476, 'f1': 0.3653, 'auc': 0.8513}
val: {'epoch': 38, 'loss': 0.0784, 'lr': 0.001, 'params': 870603, 'time_iter': 2.6008, 'accuracy': 0.9823, 'precision': 0.75, 'recall': 0.1481, 'f1': 0.2474, 'auc': 0.8037}
train: {'epoch': 38, 'eta': 959976.1077, 'loss': 0.1115, 'lr': 0.001, 'params': 870603, 'time_iter': 15.1181, 'accuracy': 0.968, 'precision': 0.7139, 'recall': 0.2411, 'f1': 0.3604, 'auc': 0.8486}
val: {'epoch': 39, 'loss': 0.0892, 'lr': 0.001, 'params': 870603, 'time_iter': 2.6431, 'accuracy': 0.9781, 'precision': 0.2857, 'recall': 0.0741, 'f1': 0.1176, 'auc': 0.7809}
train: {'epoch': 39, 'eta': 944124.3626, 'loss': 0.1095, 'lr': 0.001, 'params': 870603, 'time_iter': 15.2197, 'accuracy': 0.9681, 'precision': 0.7081, 'recall': 0.2541, 'f1': 0.374, 'auc': 0.8534}
val: {'epoch': 40, 'loss': 0.0849, 'lr': 0.001, 'params': 870603, 'time_iter': 3.1624, 'accuracy': 0.9803, 'precision': 0.5, 'recall': 0.037, 'f1': 0.069, 'auc': 0.8051}
train: {'epoch': 40, 'eta': 927885.9769, 'loss': 0.1093, 'lr': 0.001, 'params': 870603, 'time_iter': 14.9523, 'accuracy': 0.9688, 'precision': 0.7367, 'recall': 0.2589, 'f1': 0.3832, 'auc': 0.8546}
val: {'epoch': 41, 'loss': 0.083, 'lr': 0.001, 'params': 870603, 'time_iter': 2.6526, 'accuracy': 0.981, 'precision': 0.7143, 'recall': 0.0617, 'f1': 0.1136, 'auc': 0.8105}
train: {'epoch': 41, 'eta': 912327.8129, 'loss': 0.1095, 'lr': 0.001, 'params': 870603, 'time_iter': 15.4024, 'accuracy': 0.9684, 'precision': 0.7078, 'recall': 0.2654, 'f1': 0.3861, 'auc': 0.8542}
val: {'epoch': 42, 'loss': 0.0821, 'lr': 0.001, 'params': 870603, 'time_iter': 2.382, 'accuracy': 0.9801, 'precision': 0.4, 'recall': 0.0247, 'f1': 0.0465, 'auc': 0.788}
train: {'epoch': 42, 'eta': 897105.7761, 'loss': 0.1087, 'lr': 0.001, 'params': 870603, 'time_iter': 15.6587, 'accuracy': 0.9682, 'precision': 0.6972, 'recall': 0.2654, 'f1': 0.3845, 'auc': 0.856}
val: {'epoch': 43, 'loss': 0.074, 'lr': 0.001, 'params': 870603, 'time_iter': 2.6366, 'accuracy': 0.9825, 'precision': 0.6667, 'recall': 0.2222, 'f1': 0.3333, 'auc': 0.836}
train: {'epoch': 43, 'eta': 881702.1561, 'loss': 0.1076, 'lr': 0.001, 'params': 870603, 'time_iter': 15.551, 'accuracy': 0.9691, 'precision': 0.7343, 'recall': 0.276, 'f1': 0.4012, 'auc': 0.8571}
val: {'epoch': 44, 'loss': 0.0742, 'lr': 0.001, 'params': 870603, 'time_iter': 2.5342, 'accuracy': 0.983, 'precision': 0.6774, 'recall': 0.2593, 'f1': 0.375, 'auc': 0.827}
train: {'epoch': 44, 'eta': 866170.5776, 'loss': 0.1078, 'lr': 0.001, 'params': 870603, 'time_iter': 15.4704, 'accuracy': 0.9691, 'precision': 0.7443, 'recall': 0.267, 'f1': 0.3931, 'auc': 0.8625}
val: {'epoch': 45, 'loss': 0.0802, 'lr': 0.001, 'params': 870603, 'time_iter': 2.6297, 'accuracy': 0.982, 'precision': 0.6207, 'recall': 0.2222, 'f1': 0.3273, 'auc': 0.8048}
train: {'epoch': 45, 'eta': 850111.2758, 'loss': 0.1063, 'lr': 0.001, 'params': 870603, 'time_iter': 15.0475, 'accuracy': 0.9687, 'precision': 0.7149, 'recall': 0.2727, 'f1': 0.3948, 'auc': 0.8673}
val: {'epoch': 46, 'loss': 0.0826, 'lr': 0.001, 'params': 870603, 'time_iter': 2.4891, 'accuracy': 0.981, 'precision': 1.0, 'recall': 0.037, 'f1': 0.0714, 'auc': 0.8027}
train: {'epoch': 46, 'eta': 834290.3213, 'loss': 0.1063, 'lr': 0.001, 'params': 870603, 'time_iter': 15.2318, 'accuracy': 0.9691, 'precision': 0.7131, 'recall': 0.2906, 'f1': 0.4129, 'auc': 0.8656}
val: {'epoch': 47, 'loss': 0.0775, 'lr': 0.001, 'params': 870603, 'time_iter': 2.9092, 'accuracy': 0.9823, 'precision': 0.6111, 'recall': 0.2716, 'f1': 0.3761, 'auc': 0.8002}
train: {'epoch': 47, 'eta': 818859.6402, 'loss': 0.1058, 'lr': 0.001, 'params': 870603, 'time_iter': 15.5764, 'accuracy': 0.9691, 'precision': 0.7213, 'recall': 0.2857, 'f1': 0.4093, 'auc': 0.8665}
val: {'epoch': 48, 'loss': 0.0853, 'lr': 0.001, 'params': 870603, 'time_iter': 2.4715, 'accuracy': 0.9805, 'precision': 0.5385, 'recall': 0.0864, 'f1': 0.1489, 'auc': 0.8054}
train: {'epoch': 48, 'eta': 803628.6268, 'loss': 0.1059, 'lr': 0.001, 'params': 870603, 'time_iter': 15.7856, 'accuracy': 0.9705, 'precision': 0.7673, 'recall': 0.3052, 'f1': 0.4367, 'auc': 0.8681}
val: {'epoch': 49, 'loss': 0.085, 'lr': 0.001, 'params': 870603, 'time_iter': 2.4848, 'accuracy': 0.9808, 'precision': 0.6, 'recall': 0.0741, 'f1': 0.1319, 'auc': 0.8116}
train: {'epoch': 49, 'eta': 787670.6867, 'loss': 0.1044, 'lr': 0.001, 'params': 870603, 'time_iter': 15.1185, 'accuracy': 0.9692, 'precision': 0.73, 'recall': 0.2808, 'f1': 0.4056, 'auc': 0.8721}
val: {'epoch': 50, 'loss': 0.0838, 'lr': 0.001, 'params': 870603, 'time_iter': 2.8031, 'accuracy': 0.9818, 'precision': 0.6875, 'recall': 0.1358, 'f1': 0.2268, 'auc': 0.7943}
train: {'epoch': 50, 'eta': 771819.1654, 'loss': 0.1066, 'lr': 0.001, 'params': 870603, 'time_iter': 15.2102, 'accuracy': 0.9688, 'precision': 0.717, 'recall': 0.2776, 'f1': 0.4002, 'auc': 0.8651}
val: {'epoch': 51, 'loss': 0.0794, 'lr': 0.001, 'params': 870603, 'time_iter': 2.4711, 'accuracy': 0.981, 'precision': 0.5652, 'recall': 0.1605, 'f1': 0.25, 'auc': 0.8146}
train: {'epoch': 51, 'eta': 756057.2076, 'loss': 0.1059, 'lr': 0.001, 'params': 870603, 'time_iter': 15.2964, 'accuracy': 0.9698, 'precision': 0.7479, 'recall': 0.2914, 'f1': 0.4194, 'auc': 0.8701}
val: {'epoch': 52, 'loss': 0.0771, 'lr': 0.001, 'params': 870603, 'time_iter': 2.427, 'accuracy': 0.9827, 'precision': 0.75, 'recall': 0.1852, 'f1': 0.297, 'auc': 0.8229}
train: {'epoch': 52, 'eta': 739947.7596, 'loss': 0.1041, 'lr': 0.001, 'params': 870603, 'time_iter': 14.9147, 'accuracy': 0.9703, 'precision': 0.7405, 'recall': 0.3174, 'f1': 0.4443, 'auc': 0.8737}
val: {'epoch': 53, 'loss': 0.0839, 'lr': 0.001, 'params': 870603, 'time_iter': 2.4912, 'accuracy': 0.9803, 'precision': 0.5, 'recall': 0.1235, 'f1': 0.198, 'auc': 0.798}
train: {'epoch': 53, 'eta': 724168.628, 'loss': 0.104, 'lr': 0.001, 'params': 870603, 'time_iter': 15.2593, 'accuracy': 0.9695, 'precision': 0.7271, 'recall': 0.2963, 'f1': 0.421, 'auc': 0.8743}
val: {'epoch': 54, 'loss': 0.0763, 'lr': 0.001, 'params': 870603, 'time_iter': 3.0201, 'accuracy': 0.9827, 'precision': 0.6562, 'recall': 0.2593, 'f1': 0.3717, 'auc': 0.8147}
train: {'epoch': 54, 'eta': 708196.4099, 'loss': 0.1022, 'lr': 0.001, 'params': 870603, 'time_iter': 15.0266, 'accuracy': 0.9707, 'precision': 0.7557, 'recall': 0.3214, 'f1': 0.451, 'auc': 0.8808}
val: {'epoch': 55, 'loss': 0.0824, 'lr': 0.001, 'params': 870603, 'time_iter': 2.3812, 'accuracy': 0.9813, 'precision': 0.6, 'recall': 0.1481, 'f1': 0.2376, 'auc': 0.805}
train: {'epoch': 55, 'eta': 692313.3302, 'loss': 0.1025, 'lr': 0.001, 'params': 870603, 'time_iter': 15.1144, 'accuracy': 0.9703, 'precision': 0.7433, 'recall': 0.3174, 'f1': 0.4448, 'auc': 0.8772}
val: {'epoch': 56, 'loss': 0.0789, 'lr': 0.001, 'params': 870603, 'time_iter': 2.766, 'accuracy': 0.984, 'precision': 1.0, 'recall': 0.1852, 'f1': 0.3125, 'auc': 0.8058}
train: {'epoch': 56, 'eta': 676343.1923, 'loss': 0.1029, 'lr': 0.001, 'params': 870603, 'time_iter': 14.9873, 'accuracy': 0.9693, 'precision': 0.7191, 'recall': 0.2971, 'f1': 0.4204, 'auc': 0.8796}
val: {'epoch': 57, 'loss': 0.0867, 'lr': 0.001, 'params': 870603, 'time_iter': 2.5526, 'accuracy': 0.9813, 'precision': 0.6429, 'recall': 0.1111, 'f1': 0.1895, 'auc': 0.7899}
train: {'epoch': 57, 'eta': 660734.7767, 'loss': 0.1026, 'lr': 0.001, 'params': 870603, 'time_iter': 15.4473, 'accuracy': 0.9703, 'precision': 0.754, 'recall': 0.3084, 'f1': 0.4378, 'auc': 0.8792}
val: {'epoch': 58, 'loss': 0.0771, 'lr': 0.001, 'params': 870603, 'time_iter': 2.5765, 'accuracy': 0.9835, 'precision': 0.8095, 'recall': 0.2099, 'f1': 0.3333, 'auc': 0.8152}
train: {'epoch': 58, 'eta': 645364.8153, 'loss': 0.1004, 'lr': 0.001, 'params': 870603, 'time_iter': 15.7944, 'accuracy': 0.9714, 'precision': 0.7843, 'recall': 0.3247, 'f1': 0.4592, 'auc': 0.8818}
val: {'epoch': 59, 'loss': 0.0842, 'lr': 0.001, 'params': 870603, 'time_iter': 2.5553, 'accuracy': 0.9823, 'precision': 0.7857, 'recall': 0.1358, 'f1': 0.2316, 'auc': 0.8066}
train: {'epoch': 59, 'eta': 629707.203, 'loss': 0.1016, 'lr': 0.001, 'params': 870603, 'time_iter': 15.418, 'accuracy': 0.971, 'precision': 0.7643, 'recall': 0.3263, 'f1': 0.4573, 'auc': 0.8779}
val: {'epoch': 60, 'loss': 0.0879, 'lr': 0.001, 'params': 870603, 'time_iter': 2.8151, 'accuracy': 0.9786, 'precision': 0.3704, 'recall': 0.1235, 'f1': 0.1852, 'auc': 0.804}
train: {'epoch': 60, 'eta': 614056.6289, 'loss': 0.1008, 'lr': 0.001, 'params': 870603, 'time_iter': 15.439, 'accuracy': 0.9708, 'precision': 0.7542, 'recall': 0.3263, 'f1': 0.4555, 'auc': 0.8829}
val: {'epoch': 61, 'loss': 0.0784, 'lr': 0.001, 'params': 870603, 'time_iter': 2.8294, 'accuracy': 0.9832, 'precision': 0.7143, 'recall': 0.2469, 'f1': 0.367, 'auc': 0.8119}
train: {'epoch': 61, 'eta': 598392.6319, 'loss': 0.1011, 'lr': 0.001, 'params': 870603, 'time_iter': 15.4298, 'accuracy': 0.9704, 'precision': 0.7376, 'recall': 0.3263, 'f1': 0.4524, 'auc': 0.8838}
val: {'epoch': 62, 'loss': 0.0774, 'lr': 0.001, 'params': 870603, 'time_iter': 2.5423, 'accuracy': 0.984, 'precision': 0.8571, 'recall': 0.2222, 'f1': 0.3529, 'auc': 0.8039}
train: {'epoch': 62, 'eta': 582556.8623, 'loss': 0.1004, 'lr': 0.001, 'params': 870603, 'time_iter': 15.1568, 'accuracy': 0.9708, 'precision': 0.7477, 'recall': 0.332, 'f1': 0.4598, 'auc': 0.8838}
val: {'epoch': 63, 'loss': 0.0748, 'lr': 0.001, 'params': 870603, 'time_iter': 2.5784, 'accuracy': 0.9835, 'precision': 0.7407, 'recall': 0.2469, 'f1': 0.3704, 'auc': 0.8201}
train: {'epoch': 63, 'eta': 566757.3124, 'loss': 0.1004, 'lr': 0.001, 'params': 870603, 'time_iter': 15.2064, 'accuracy': 0.971, 'precision': 0.7482, 'recall': 0.3401, 'f1': 0.4676, 'auc': 0.8865}
val: {'epoch': 64, 'loss': 0.0841, 'lr': 0.001, 'params': 870603, 'time_iter': 2.7436, 'accuracy': 0.9832, 'precision': 0.75, 'recall': 0.2222, 'f1': 0.3429, 'auc': 0.7974}
train: {'epoch': 64, 'eta': 551332.7996, 'loss': 0.0995, 'lr': 0.001, 'params': 870603, 'time_iter': 15.8748, 'accuracy': 0.9707, 'precision': 0.7405, 'recall': 0.3336, 'f1': 0.46, 'auc': 0.8896}
val: {'epoch': 65, 'loss': 0.0828, 'lr': 0.001, 'params': 870603, 'time_iter': 2.5892, 'accuracy': 0.9818, 'precision': 0.875, 'recall': 0.0864, 'f1': 0.1573, 'auc': 0.8054}
train: {'epoch': 65, 'eta': 535859.4436, 'loss': 0.0987, 'lr': 0.001, 'params': 870603, 'time_iter': 15.8348, 'accuracy': 0.9712, 'precision': 0.7531, 'recall': 0.3417, 'f1': 0.4701, 'auc': 0.8911}
val: {'epoch': 66, 'loss': 0.077, 'lr': 0.001, 'params': 870603, 'time_iter': 2.6461, 'accuracy': 0.9832, 'precision': 0.8333, 'recall': 0.1852, 'f1': 0.303, 'auc': 0.8283}
train: {'epoch': 66, 'eta': 520029.2174, 'loss': 0.0988, 'lr': 0.001, 'params': 870603, 'time_iter': 15.179, 'accuracy': 0.9706, 'precision': 0.7413, 'recall': 0.3304, 'f1': 0.457, 'auc': 0.8922}
val: {'epoch': 67, 'loss': 0.0821, 'lr': 0.001, 'params': 870603, 'time_iter': 2.6134, 'accuracy': 0.9827, 'precision': 0.8571, 'recall': 0.1481, 'f1': 0.2526, 'auc': 0.8306}
train: {'epoch': 67, 'eta': 504142.3834, 'loss': 0.0983, 'lr': 0.001, 'params': 870603, 'time_iter': 15.0492, 'accuracy': 0.9714, 'precision': 0.7589, 'recall': 0.345, 'f1': 0.4743, 'auc': 0.8932}
val: {'epoch': 68, 'loss': 0.0784, 'lr': 0.001, 'params': 870603, 'time_iter': 2.711, 'accuracy': 0.9815, 'precision': 0.6471, 'recall': 0.1358, 'f1': 0.2245, 'auc': 0.8354}
train: {'epoch': 68, 'eta': 488335.7985, 'loss': 0.0975, 'lr': 0.001, 'params': 870603, 'time_iter': 15.1977, 'accuracy': 0.9716, 'precision': 0.7647, 'recall': 0.3482, 'f1': 0.4785, 'auc': 0.8968}
val: {'epoch': 69, 'loss': 0.0799, 'lr': 0.001, 'params': 870603, 'time_iter': 2.5768, 'accuracy': 0.9818, 'precision': 0.8, 'recall': 0.0988, 'f1': 0.1758, 'auc': 0.806}
train: {'epoch': 69, 'eta': 472511.7752, 'loss': 0.0981, 'lr': 0.001, 'params': 870603, 'time_iter': 15.1472, 'accuracy': 0.9712, 'precision': 0.7518, 'recall': 0.3442, 'f1': 0.4722, 'auc': 0.8926}
val: {'epoch': 70, 'loss': 0.0821, 'lr': 0.001, 'params': 870603, 'time_iter': 2.645, 'accuracy': 0.9818, 'precision': 0.65, 'recall': 0.1605, 'f1': 0.2574, 'auc': 0.8027}
train: {'epoch': 70, 'eta': 456978.7765, 'loss': 0.0969, 'lr': 0.001, 'params': 870603, 'time_iter': 15.8237, 'accuracy': 0.9717, 'precision': 0.7622, 'recall': 0.3563, 'f1': 0.4856, 'auc': 0.8976}
val: {'epoch': 71, 'loss': 0.0805, 'lr': 0.001, 'params': 870603, 'time_iter': 2.5352, 'accuracy': 0.9818, 'precision': 0.6071, 'recall': 0.2099, 'f1': 0.3119, 'auc': 0.8192}
train: {'epoch': 71, 'eta': 441496.7022, 'loss': 0.0961, 'lr': 0.001, 'params': 870603, 'time_iter': 16.003, 'accuracy': 0.9723, 'precision': 0.7764, 'recall': 0.3636, 'f1': 0.4953, 'auc': 0.8969}
val: {'epoch': 72, 'loss': 0.0852, 'lr': 0.001, 'params': 870603, 'time_iter': 2.4968, 'accuracy': 0.9815, 'precision': 0.6, 'recall': 0.1852, 'f1': 0.283, 'auc': 0.8097}
train: {'epoch': 72, 'eta': 425619.7244, 'loss': 0.0955, 'lr': 0.001, 'params': 870603, 'time_iter': 15.0363, 'accuracy': 0.9722, 'precision': 0.7715, 'recall': 0.3644, 'f1': 0.495, 'auc': 0.8986}
val: {'epoch': 73, 'loss': 0.0808, 'lr': 0.001, 'params': 870603, 'time_iter': 2.4874, 'accuracy': 0.9818, 'precision': 0.6875, 'recall': 0.1358, 'f1': 0.2268, 'auc': 0.8292}
train: {'epoch': 73, 'eta': 409723.4571, 'loss': 0.0961, 'lr': 0.001, 'params': 870603, 'time_iter': 14.9527, 'accuracy': 0.9718, 'precision': 0.7607, 'recall': 0.3612, 'f1': 0.4898, 'auc': 0.9015}
val: {'epoch': 74, 'loss': 0.0819, 'lr': 0.001, 'params': 870603, 'time_iter': 3.3491, 'accuracy': 0.9837, 'precision': 0.8182, 'recall': 0.2222, 'f1': 0.3495, 'auc': 0.8197}
train: {'epoch': 74, 'eta': 393855.002, 'loss': 0.0959, 'lr': 0.001, 'params': 870603, 'time_iter': 14.9942, 'accuracy': 0.9719, 'precision': 0.7706, 'recall': 0.3571, 'f1': 0.4881, 'auc': 0.8986}
val: {'epoch': 75, 'loss': 0.0813, 'lr': 0.001, 'params': 870603, 'time_iter': 2.5507, 'accuracy': 0.9832, 'precision': 0.7727, 'recall': 0.2099, 'f1': 0.3301, 'auc': 0.8141}
train: {'epoch': 75, 'eta': 378198.5881, 'loss': 0.0952, 'lr': 0.001, 'params': 870603, 'time_iter': 15.6111, 'accuracy': 0.9716, 'precision': 0.7574, 'recall': 0.3547, 'f1': 0.4831, 'auc': 0.9043}
val: {'epoch': 76, 'loss': 0.0814, 'lr': 0.001, 'params': 870603, 'time_iter': 2.5151, 'accuracy': 0.9837, 'precision': 0.85, 'recall': 0.2099, 'f1': 0.3366, 'auc': 0.8061}
train: {'epoch': 76, 'eta': 362291.7114, 'loss': 0.0947, 'lr': 0.001, 'params': 870603, 'time_iter': 14.8307, 'accuracy': 0.9715, 'precision': 0.7583, 'recall': 0.3515, 'f1': 0.4803, 'auc': 0.905}
val: {'epoch': 77, 'loss': 0.0846, 'lr': 0.001, 'params': 870603, 'time_iter': 2.6421, 'accuracy': 0.9827, 'precision': 0.7778, 'recall': 0.1728, 'f1': 0.2828, 'auc': 0.8064}
train: {'epoch': 77, 'eta': 346522.4942, 'loss': 0.0942, 'lr': 0.001, 'params': 870603, 'time_iter': 15.2479, 'accuracy': 0.9722, 'precision': 0.7633, 'recall': 0.3718, 'f1': 0.5, 'auc': 0.9073}
val: {'epoch': 78, 'loss': 0.0819, 'lr': 0.001, 'params': 870603, 'time_iter': 2.4314, 'accuracy': 0.9827, 'precision': 0.8571, 'recall': 0.1481, 'f1': 0.2526, 'auc': 0.8104}
train: {'epoch': 78, 'eta': 330738.6406, 'loss': 0.0937, 'lr': 0.001, 'params': 870603, 'time_iter': 15.1871, 'accuracy': 0.972, 'precision': 0.7649, 'recall': 0.3644, 'f1': 0.4937, 'auc': 0.9035}
val: {'epoch': 79, 'loss': 0.0857, 'lr': 0.001, 'params': 870603, 'time_iter': 2.4794, 'accuracy': 0.9832, 'precision': 0.8, 'recall': 0.1975, 'f1': 0.3168, 'auc': 0.8361}
train: {'epoch': 79, 'eta': 315024.8748, 'loss': 0.0965, 'lr': 0.001, 'params': 870603, 'time_iter': 15.4443, 'accuracy': 0.9715, 'precision': 0.7517, 'recall': 0.3563, 'f1': 0.4835, 'auc': 0.8994}
val: {'epoch': 80, 'loss': 0.083, 'lr': 0.001, 'params': 870603, 'time_iter': 2.4037, 'accuracy': 0.9827, 'precision': 0.7778, 'recall': 0.1728, 'f1': 0.2828, 'auc': 0.811}
train: {'epoch': 80, 'eta': 299283.3515, 'loss': 0.0942, 'lr': 0.001, 'params': 870603, 'time_iter': 15.3476, 'accuracy': 0.9724, 'precision': 0.7807, 'recall': 0.3669, 'f1': 0.4992, 'auc': 0.9045}
val: {'epoch': 81, 'loss': 0.0869, 'lr': 0.001, 'params': 870603, 'time_iter': 3.505, 'accuracy': 0.9823, 'precision': 0.7, 'recall': 0.1728, 'f1': 0.2772, 'auc': 0.8111}
train: {'epoch': 81, 'eta': 283519.8117, 'loss': 0.0932, 'lr': 0.001, 'params': 870603, 'time_iter': 15.2557, 'accuracy': 0.9717, 'precision': 0.7612, 'recall': 0.3571, 'f1': 0.4862, 'auc': 0.9069}
val: {'epoch': 82, 'loss': 0.0868, 'lr': 0.001, 'params': 870603, 'time_iter': 2.575, 'accuracy': 0.9818, 'precision': 0.75, 'recall': 0.1111, 'f1': 0.1935, 'auc': 0.8193}
train: {'epoch': 82, 'eta': 267790.6656, 'loss': 0.0929, 'lr': 0.001, 'params': 870603, 'time_iter': 15.4114, 'accuracy': 0.9718, 'precision': 0.7538, 'recall': 0.3653, 'f1': 0.4921, 'auc': 0.9092}
val: {'epoch': 83, 'loss': 0.0913, 'lr': 0.001, 'params': 870603, 'time_iter': 2.5561, 'accuracy': 0.982, 'precision': 0.8889, 'recall': 0.0988, 'f1': 0.1778, 'auc': 0.8116}
train: {'epoch': 83, 'eta': 252026.0248, 'loss': 0.0923, 'lr': 0.001, 'params': 870603, 'time_iter': 15.246, 'accuracy': 0.9728, 'precision': 0.7841, 'recall': 0.3774, 'f1': 0.5096, 'auc': 0.9102}
val: {'epoch': 84, 'loss': 0.0864, 'lr': 0.001, 'params': 870603, 'time_iter': 2.7912, 'accuracy': 0.9835, 'precision': 0.8824, 'recall': 0.1852, 'f1': 0.3061, 'auc': 0.8175}
train: {'epoch': 84, 'eta': 236316.3402, 'loss': 0.0925, 'lr': 0.001, 'params': 870603, 'time_iter': 15.5387, 'accuracy': 0.9725, 'precision': 0.773, 'recall': 0.3758, 'f1': 0.5057, 'auc': 0.9111}
val: {'epoch': 85, 'loss': 0.0793, 'lr': 0.001, 'params': 870603, 'time_iter': 2.6278, 'accuracy': 0.9832, 'precision': 0.7727, 'recall': 0.2099, 'f1': 0.3301, 'auc': 0.805}
train: {'epoch': 85, 'eta': 220646.2377, 'loss': 0.0924, 'lr': 0.001, 'params': 870603, 'time_iter': 15.8138, 'accuracy': 0.9727, 'precision': 0.777, 'recall': 0.3791, 'f1': 0.5095, 'auc': 0.912}
val: {'epoch': 86, 'loss': 0.0813, 'lr': 0.001, 'params': 870603, 'time_iter': 2.4996, 'accuracy': 0.9835, 'precision': 0.8421, 'recall': 0.1975, 'f1': 0.32, 'auc': 0.8267}
train: {'epoch': 86, 'eta': 204847.6824, 'loss': 0.0919, 'lr': 0.001, 'params': 870603, 'time_iter': 15.0684, 'accuracy': 0.9722, 'precision': 0.7646, 'recall': 0.3718, 'f1': 0.5003, 'auc': 0.913}
val: {'epoch': 87, 'loss': 0.0842, 'lr': 0.001, 'params': 870603, 'time_iter': 2.7115, 'accuracy': 0.9832, 'precision': 0.8333, 'recall': 0.1852, 'f1': 0.303, 'auc': 0.8035}
train: {'epoch': 87, 'eta': 189097.1392, 'loss': 0.0923, 'lr': 0.001, 'params': 870603, 'time_iter': 15.3631, 'accuracy': 0.9726, 'precision': 0.7776, 'recall': 0.3774, 'f1': 0.5082, 'auc': 0.914}
val: {'epoch': 88, 'loss': 0.0875, 'lr': 0.001, 'params': 870603, 'time_iter': 2.6889, 'accuracy': 0.9823, 'precision': 0.7222, 'recall': 0.1605, 'f1': 0.2626, 'auc': 0.7982}
train: {'epoch': 88, 'eta': 173354.8908, 'loss': 0.0912, 'lr': 0.001, 'params': 870603, 'time_iter': 15.4386, 'accuracy': 0.9727, 'precision': 0.7681, 'recall': 0.3872, 'f1': 0.5148, 'auc': 0.9142}
val: {'epoch': 89, 'loss': 0.0902, 'lr': 0.001, 'params': 870603, 'time_iter': 2.5819, 'accuracy': 0.9827, 'precision': 0.7778, 'recall': 0.1728, 'f1': 0.2828, 'auc': 0.7992}
train: {'epoch': 89, 'eta': 157592.8964, 'loss': 0.0908, 'lr': 0.001, 'params': 870603, 'time_iter': 15.2939, 'accuracy': 0.9733, 'precision': 0.7876, 'recall': 0.3912, 'f1': 0.5228, 'auc': 0.9152}
val: {'epoch': 90, 'loss': 0.0907, 'lr': 0.001, 'params': 870603, 'time_iter': 2.5396, 'accuracy': 0.9823, 'precision': 0.75, 'recall': 0.1481, 'f1': 0.2474, 'auc': 0.8096}
train: {'epoch': 90, 'eta': 141842.5017, 'loss': 0.0901, 'lr': 0.001, 'params': 870603, 'time_iter': 15.4026, 'accuracy': 0.9727, 'precision': 0.7761, 'recall': 0.3799, 'f1': 0.5101, 'auc': 0.9198}
val: {'epoch': 91, 'loss': 0.0876, 'lr': 0.001, 'params': 870603, 'time_iter': 3.3984, 'accuracy': 0.9835, 'precision': 0.8824, 'recall': 0.1852, 'f1': 0.3061, 'auc': 0.8187}
train: {'epoch': 91, 'eta': 126055.3542, 'loss': 0.0891, 'lr': 0.001, 'params': 870603, 'time_iter': 15.0158, 'accuracy': 0.9736, 'precision': 0.7871, 'recall': 0.405, 'f1': 0.5348, 'auc': 0.9187}
val: {'epoch': 92, 'loss': 0.0839, 'lr': 0.001, 'params': 870603, 'time_iter': 2.8075, 'accuracy': 0.9837, 'precision': 0.8889, 'recall': 0.1975, 'f1': 0.3232, 'auc': 0.8051}
train: {'epoch': 92, 'eta': 110333.7017, 'loss': 0.0888, 'lr': 0.001, 'params': 870603, 'time_iter': 15.7682, 'accuracy': 0.9735, 'precision': 0.7834, 'recall': 0.405, 'f1': 0.534, 'auc': 0.92}
val: {'epoch': 93, 'loss': 0.0844, 'lr': 0.001, 'params': 870603, 'time_iter': 2.5228, 'accuracy': 0.9808, 'precision': 0.5263, 'recall': 0.2469, 'f1': 0.3361, 'auc': 0.8192}
train: {'epoch': 93, 'eta': 94533.9899, 'loss': 0.0891, 'lr': 0.001, 'params': 870603, 'time_iter': 14.7429, 'accuracy': 0.9729, 'precision': 0.7729, 'recall': 0.3896, 'f1': 0.5181, 'auc': 0.9207}
val: {'epoch': 94, 'loss': 0.086, 'lr': 0.001, 'params': 870603, 'time_iter': 2.7971, 'accuracy': 0.9832, 'precision': 0.8, 'recall': 0.1975, 'f1': 0.3168, 'auc': 0.8117}
train: {'epoch': 94, 'eta': 78757.2532, 'loss': 0.0888, 'lr': 0.001, 'params': 870603, 'time_iter': 14.9225, 'accuracy': 0.9729, 'precision': 0.7702, 'recall': 0.3945, 'f1': 0.5217, 'auc': 0.921}
val: {'epoch': 95, 'loss': 0.0912, 'lr': 0.001, 'params': 870603, 'time_iter': 2.3783, 'accuracy': 0.982, 'precision': 1.0, 'recall': 0.0864, 'f1': 0.1591, 'auc': 0.8065}
train: {'epoch': 95, 'eta': 63008.9152, 'loss': 0.0885, 'lr': 0.001, 'params': 870603, 'time_iter': 15.3801, 'accuracy': 0.973, 'precision': 0.7671, 'recall': 0.401, 'f1': 0.5267, 'auc': 0.923}
val: {'epoch': 96, 'loss': 0.0861, 'lr': 0.001, 'params': 870603, 'time_iter': 2.5642, 'accuracy': 0.9832, 'precision': 0.875, 'recall': 0.1728, 'f1': 0.2887, 'auc': 0.8169}
train: {'epoch': 96, 'eta': 47246.0719, 'loss': 0.0889, 'lr': 0.001, 'params': 870603, 'time_iter': 14.9748, 'accuracy': 0.973, 'precision': 0.7765, 'recall': 0.392, 'f1': 0.521, 'auc': 0.9224}
val: {'epoch': 97, 'loss': 0.0858, 'lr': 0.001, 'params': 870603, 'time_iter': 2.5636, 'accuracy': 0.983, 'precision': 0.7391, 'recall': 0.2099, 'f1': 0.3269, 'auc': 0.813}
train: {'epoch': 97, 'eta': 31489.6255, 'loss': 0.088, 'lr': 0.001, 'params': 870603, 'time_iter': 14.9355, 'accuracy': 0.9733, 'precision': 0.7762, 'recall': 0.4026, 'f1': 0.5302, 'auc': 0.9239}
val: {'epoch': 98, 'loss': 0.0876, 'lr': 0.001, 'params': 870603, 'time_iter': 3.3447, 'accuracy': 0.9818, 'precision': 0.6364, 'recall': 0.1728, 'f1': 0.2718, 'auc': 0.805}
train: {'epoch': 98, 'eta': 15742.1622, 'loss': 0.0882, 'lr': 0.001, 'params': 870603, 'time_iter': 15.0461, 'accuracy': 0.9729, 'precision': 0.7712, 'recall': 0.3912, 'f1': 0.5191, 'auc': 0.923}
val: {'epoch': 99, 'loss': 0.0911, 'lr': 0.001, 'params': 870603, 'time_iter': 2.5234, 'accuracy': 0.9827, 'precision': 0.7273, 'recall': 0.1975, 'f1': 0.3107, 'auc': 0.8088}
train: {'epoch': 99, 'eta': 0.0, 'loss': 0.0871, 'lr': 0.001, 'params': 870603, 'time_iter': 14.8712, 'accuracy': 0.9735, 'precision': 0.7816, 'recall': 0.4067, 'f1': 0.535, 'auc': 0.9272}
test: {'epoch': 99, 'loss': 0.1708, 'lr': 0.001, 'params': 870603, 'time_iter': 2.2527, 'accuracy': 0.9677, 'precision': 0.4211, 'recall': 0.0615, 'f1': 0.1074, 'auc': 0.7507}
test: {'epoch': 79, 'loss': 0.1564, 'lr': 0.001, 'params': 870603, 'time_iter': 2.1866, 'accuracy': 0.9684, 'precision': 0.5, 'recall': 0.0462, 'f1': 0.0845, 'auc': 0.7734}
