GraphGymModule(
  (model): DilatedGNNModel(
    (encoder): FeatureEncoder(
      (node_encoder): AtomEncoder(
        (atom_embedding_list): ModuleList(
          (0): Embedding(119, 300)
          (1): Embedding(4, 300)
          (2): Embedding(12, 300)
          (3): Embedding(12, 300)
          (4): Embedding(10, 300)
          (5): Embedding(6, 300)
          (6): Embedding(6, 300)
          (7): Embedding(2, 300)
          (8): Embedding(2, 300)
        )
      )
      (edge_encoder): BondEncoder(
        (bond_embedding_list): ModuleList(
          (0): Embedding(5, 300)
          (1): Embedding(6, 300)
          (2): Embedding(2, 300)
        )
      )
    )
    (mp): GNNDilatedStage(
      (classic_layers): ModuleList(
        (0): GeneralLayer(
          (layer): EGINConv(
            (model): GINEConv(nn=Sequential(
              (0): Linear(300, 300, bias=True)
              (1): ReLU()
              (2): Linear(300, 300, bias=True)
            ))
          )
          (post_layer): Sequential(
            (0): BatchNorm1d(300, eps=1e-05, momentum=0.1, affine=True, track_running_stats=True)
            (1): Dropout(p=0.5, inplace=False)
            (2): ReLU()
          )
        )
        (1): GeneralLayer(
          (layer): EGINConv(
            (model): GINEConv(nn=Sequential(
              (0): Linear(300, 300, bias=True)
              (1): ReLU()
              (2): Linear(300, 300, bias=True)
            ))
          )
          (post_layer): Sequential(
            (0): BatchNorm1d(300, eps=1e-05, momentum=0.1, affine=True, track_running_stats=True)
            (1): Dropout(p=0.5, inplace=False)
            (2): ReLU()
          )
        )
      )
      (dilated_layers): ModuleList(
        (0): DilatedGeneralLayer(
          (layer): EGINConv(
            (model): GINEConv(nn=Sequential(
              (0): Linear(300, 300, bias=True)
              (1): ReLU()
              (2): Linear(300, 300, bias=True)
            ))
          )
          (post_layer): Sequential(
            (0): BatchNorm1d(300, eps=1e-05, momentum=0.1, affine=True, track_running_stats=True)
            (1): Dropout(p=0.5, inplace=False)
            (2): ReLU()
          )
          (gem): GeM(p=3.0000, eps=1e-06)
        )
      )
      (act): ReLU()
    )
    (post_mp): GNNGraphHead(
      (layer_post_mp): MLP(
        (model): Sequential(
          (0): Linear(
            (model): Linear(300, 1, bias=True)
          )
        )
      )
    )
  )
)
accelerator: cuda
benchmark: False
bn:
  eps: 1e-05
  mom: 0.1
cfg_dest: config.yaml
custom_metrics: []
dataset:
  cache_load: False
  cache_save: False
  dir: ./datasets
  edge_dim: 300
  edge_encoder: True
  edge_encoder_bn: False
  edge_encoder_name: Bond
  edge_message_ratio: 0.8
  edge_negative_sampling_ratio: 1.0
  edge_train_mode: all
  encoder: True
  encoder_bn: True
  encoder_dim: 128
  encoder_name: db
  fast_loader: False
  format: OGB
  label_column: none
  label_table: none
  location: local
  name: ogbg-molhiv
  node_encoder: True
  node_encoder_bn: False
  node_encoder_name: Atom
  remove_feature: False
  resample_disjoint: False
  resample_negative: False
  shuffle_split: True
  split: [0.8, 0.1, 0.1]
  split_mode: random
  task: graph
  task_type: classification
  to_undirected: False
  transductive: False
  transform: none
  tu_simple: True
devices: 1
gnn:
  act: relu
  act_on_last_layer_mp: False
  agg: none
  att_final_linear: False
  att_final_linear_bn: False
  att_heads: 1
  batchnorm: True
  clear_feature: True
  dilated_path_join: add
  dim_inner: 300
  dropout: 0.5
  head: graph
  keep_edge: 0.5
  l2norm: True
  layer_type: eginconv
  layers_k1: 2
  layers_k2: 1
  layers_mp: 5
  layers_post_mp: 1
  layers_pre_mp: 0
  learn_alpha_residual_connection: True
  msg_direction: single
  normalize_adj: False
  self_msg: concat
  skip_every: 1
  stage_type: stack
  use_edge_features: True
gpu_mem: False
mem:
  inplace: False
metric_agg: argmax
metric_best: auc
model:
  edge_decoding: dot
  graph_pooling: mean
  loss_fun: cross_entropy
  match_upper: True
  size_average: mean
  thresh: 0.5
  type: dilated_gnn
num_threads: 6
num_workers: 16
optim:
  base_lr: 0.001
  lr_decay: 0.1
  max_epoch: 100
  momentum: 0.9
  optimizer: adam
  scheduler: none
  steps: [30, 60, 90]
  weight_decay: 0.0
out_dir: results_experiments/ogbg_molhiv_baseline_grid_design/ogbg_molhiv_baseline-type=dilated_gnn-layer_type=eginconv-layers_k1=2-layers_k2=1-dilated_path_join=add-learn_alpha_residual_connection=True
params: 870603
print: both
round: 4
run_dir: results_experiments/ogbg_molhiv_baseline_grid_design/ogbg_molhiv_baseline-type=dilated_gnn-layer_type=eginconv-layers_k1=2-layers_k2=1-dilated_path_join=add-learn_alpha_residual_connection=True/8
seed: 9
share:
  dim_in: 9
  dim_out: 2
  num_splits: 3
tensorboard_agg: True
tensorboard_each_run: False
train:
  auto_resume: False
  batch_size: 32
  ckpt_clean: True
  ckpt_period: 100
  enable_ckpt: True
  epoch_resume: -1
  eval_period: 1
  iter_per_epoch: 32
  neighbor_sizes: [20, 15, 10, 5]
  node_per_graph: 32
  radius: extend
  sample_node: False
  sampler: full_batch
  skip_train_eval: False
  walk_length: 4
val:
  node_per_graph: 32
  radius: extend
  sample_node: False
  sampler: full_batch
view_emb: False
Num parameters: 870603
val: {'epoch': 0, 'loss': 0.6758, 'lr': 0.001, 'params': 870603, 'time_iter': 1.1289, 'accuracy': 0.9844, 'precision': 0.0, 'recall': 0.0, 'f1': 0.0, 'auc': 0.8254}
val: {'epoch': 0, 'loss': 0.0975, 'lr': 0.001, 'params': 870603, 'time_iter': 2.761, 'accuracy': 0.9803, 'precision': 0.0, 'recall': 0.0, 'f1': 0.0, 'auc': 0.5266}
train: {'epoch': 0, 'eta': 1627975.7075, 'loss': 0.1829, 'lr': 0.001, 'params': 870603, 'time_iter': 15.9808, 'accuracy': 0.9626, 'precision': 0.0, 'recall': 0.0, 'f1': 0.0, 'auc': 0.5652}
val: {'epoch': 1, 'loss': 0.093, 'lr': 0.001, 'params': 870603, 'time_iter': 2.6113, 'accuracy': 0.9803, 'precision': 0.0, 'recall': 0.0, 'f1': 0.0, 'auc': 0.6343}
train: {'epoch': 1, 'eta': 1621271.0002, 'loss': 0.1545, 'lr': 0.001, 'params': 870603, 'time_iter': 16.1739, 'accuracy': 0.9626, 'precision': 0.0, 'recall': 0.0, 'f1': 0.0, 'auc': 0.6543}
val: {'epoch': 2, 'loss': 0.0896, 'lr': 0.001, 'params': 870603, 'time_iter': 2.4624, 'accuracy': 0.9803, 'precision': 0.0, 'recall': 0.0, 'f1': 0.0, 'auc': 0.7092}
train: {'epoch': 2, 'eta': 1597396.0436, 'loss': 0.1516, 'lr': 0.001, 'params': 870603, 'time_iter': 15.857, 'accuracy': 0.9626, 'precision': 0.0, 'recall': 0.0, 'f1': 0.0, 'auc': 0.6735}
val: {'epoch': 3, 'loss': 0.0959, 'lr': 0.001, 'params': 870603, 'time_iter': 2.6753, 'accuracy': 0.9803, 'precision': 0.0, 'recall': 0.0, 'f1': 0.0, 'auc': 0.6235}
train: {'epoch': 3, 'eta': 1571760.7726, 'loss': 0.1478, 'lr': 0.001, 'params': 870603, 'time_iter': 15.6327, 'accuracy': 0.9625, 'precision': 0.0, 'recall': 0.0, 'f1': 0.0, 'auc': 0.7081}
val: {'epoch': 4, 'loss': 0.0905, 'lr': 0.001, 'params': 870603, 'time_iter': 3.4464, 'accuracy': 0.9793, 'precision': 0.3, 'recall': 0.037, 'f1': 0.0659, 'auc': 0.7212}
train: {'epoch': 4, 'eta': 1555615.285, 'loss': 0.1429, 'lr': 0.001, 'params': 870603, 'time_iter': 15.9227, 'accuracy': 0.9625, 'precision': 0.3333, 'recall': 0.0008, 'f1': 0.0016, 'auc': 0.7357}
val: {'epoch': 5, 'loss': 0.0837, 'lr': 0.001, 'params': 870603, 'time_iter': 2.5931, 'accuracy': 0.9808, 'precision': 0.5625, 'recall': 0.1111, 'f1': 0.1856, 'auc': 0.7625}
train: {'epoch': 5, 'eta': 1536784.0643, 'loss': 0.1395, 'lr': 0.001, 'params': 870603, 'time_iter': 15.761, 'accuracy': 0.9623, 'precision': 0.1111, 'recall': 0.0008, 'f1': 0.0016, 'auc': 0.7498}
val: {'epoch': 6, 'loss': 0.0753, 'lr': 0.001, 'params': 870603, 'time_iter': 2.4783, 'accuracy': 0.9823, 'precision': 0.9, 'recall': 0.1111, 'f1': 0.1978, 'auc': 0.8031}
train: {'epoch': 6, 'eta': 1518132.8306, 'loss': 0.1375, 'lr': 0.001, 'params': 870603, 'time_iter': 15.7196, 'accuracy': 0.9626, 'precision': 0.5, 'recall': 0.0162, 'f1': 0.0314, 'auc': 0.7565}
val: {'epoch': 7, 'loss': 0.0814, 'lr': 0.001, 'params': 870603, 'time_iter': 2.983, 'accuracy': 0.9813, 'precision': 0.6111, 'recall': 0.1358, 'f1': 0.2222, 'auc': 0.7647}
train: {'epoch': 7, 'eta': 1501211.8464, 'loss': 0.1343, 'lr': 0.001, 'params': 870603, 'time_iter': 15.8135, 'accuracy': 0.9628, 'precision': 0.569, 'recall': 0.0268, 'f1': 0.0512, 'auc': 0.7669}
val: {'epoch': 8, 'loss': 0.0835, 'lr': 0.001, 'params': 870603, 'time_iter': 2.4807, 'accuracy': 0.9818, 'precision': 0.7143, 'recall': 0.1235, 'f1': 0.2105, 'auc': 0.7715}
train: {'epoch': 8, 'eta': 1486422.3836, 'loss': 0.1328, 'lr': 0.001, 'params': 870603, 'time_iter': 16.0045, 'accuracy': 0.9624, 'precision': 0.4713, 'recall': 0.0333, 'f1': 0.0622, 'auc': 0.7762}
val: {'epoch': 9, 'loss': 0.0767, 'lr': 0.001, 'params': 870603, 'time_iter': 2.6368, 'accuracy': 0.981, 'precision': 0.5789, 'recall': 0.1358, 'f1': 0.22, 'auc': 0.7794}
train: {'epoch': 9, 'eta': 1470080.8575, 'loss': 0.1318, 'lr': 0.001, 'params': 870603, 'time_iter': 15.8732, 'accuracy': 0.9628, 'precision': 0.531, 'recall': 0.0487, 'f1': 0.0892, 'auc': 0.7786}
val: {'epoch': 10, 'loss': 0.0775, 'lr': 0.001, 'params': 870603, 'time_iter': 2.5241, 'accuracy': 0.9805, 'precision': 0.5263, 'recall': 0.1235, 'f1': 0.2, 'auc': 0.7892}
train: {'epoch': 10, 'eta': 1452012.0038, 'loss': 0.1296, 'lr': 0.001, 'params': 870603, 'time_iter': 15.6655, 'accuracy': 0.9632, 'precision': 0.5846, 'recall': 0.0617, 'f1': 0.1116, 'auc': 0.7854}
val: {'epoch': 11, 'loss': 0.0737, 'lr': 0.001, 'params': 870603, 'time_iter': 2.513, 'accuracy': 0.9827, 'precision': 0.7778, 'recall': 0.1728, 'f1': 0.2828, 'auc': 0.8104}
train: {'epoch': 11, 'eta': 1440171.1442, 'loss': 0.1287, 'lr': 0.001, 'params': 870603, 'time_iter': 16.4478, 'accuracy': 0.9633, 'precision': 0.5789, 'recall': 0.0714, 'f1': 0.1272, 'auc': 0.7924}
val: {'epoch': 12, 'loss': 0.0754, 'lr': 0.001, 'params': 870603, 'time_iter': 2.7865, 'accuracy': 0.9813, 'precision': 0.6, 'recall': 0.1481, 'f1': 0.2376, 'auc': 0.8071}
train: {'epoch': 12, 'eta': 1425966.3837, 'loss': 0.1273, 'lr': 0.001, 'params': 870603, 'time_iter': 16.2181, 'accuracy': 0.9635, 'precision': 0.5963, 'recall': 0.0779, 'f1': 0.1378, 'auc': 0.7951}
val: {'epoch': 13, 'loss': 0.0758, 'lr': 0.001, 'params': 870603, 'time_iter': 2.4984, 'accuracy': 0.9818, 'precision': 0.6364, 'recall': 0.1728, 'f1': 0.2718, 'auc': 0.8096}
train: {'epoch': 13, 'eta': 1412292.4382, 'loss': 0.126, 'lr': 0.001, 'params': 870603, 'time_iter': 16.3582, 'accuracy': 0.964, 'precision': 0.6278, 'recall': 0.0917, 'f1': 0.1601, 'auc': 0.801}
val: {'epoch': 14, 'loss': 0.0764, 'lr': 0.001, 'params': 870603, 'time_iter': 3.1111, 'accuracy': 0.982, 'precision': 0.6522, 'recall': 0.1852, 'f1': 0.2885, 'auc': 0.7814}
train: {'epoch': 14, 'eta': 1398141.8019, 'loss': 0.1261, 'lr': 0.001, 'params': 870603, 'time_iter': 16.3487, 'accuracy': 0.9642, 'precision': 0.635, 'recall': 0.1031, 'f1': 0.1774, 'auc': 0.7964}
val: {'epoch': 15, 'loss': 0.0739, 'lr': 0.001, 'params': 870603, 'time_iter': 2.4885, 'accuracy': 0.9818, 'precision': 0.7143, 'recall': 0.1235, 'f1': 0.2105, 'auc': 0.8048}
train: {'epoch': 15, 'eta': 1384680.0193, 'loss': 0.1245, 'lr': 0.001, 'params': 870603, 'time_iter': 16.5381, 'accuracy': 0.964, 'precision': 0.6062, 'recall': 0.1112, 'f1': 0.1879, 'auc': 0.8103}
val: {'epoch': 16, 'loss': 0.0753, 'lr': 0.001, 'params': 870603, 'time_iter': 2.4819, 'accuracy': 0.9823, 'precision': 0.6333, 'recall': 0.2346, 'f1': 0.3423, 'auc': 0.7752}
train: {'epoch': 16, 'eta': 1368248.2229, 'loss': 0.1234, 'lr': 0.001, 'params': 870603, 'time_iter': 16.0302, 'accuracy': 0.9646, 'precision': 0.6463, 'recall': 0.1201, 'f1': 0.2026, 'auc': 0.8085}
val: {'epoch': 17, 'loss': 0.074, 'lr': 0.001, 'params': 870603, 'time_iter': 2.7499, 'accuracy': 0.9805, 'precision': 0.5128, 'recall': 0.2469, 'f1': 0.3333, 'auc': 0.8015}
train: {'epoch': 17, 'eta': 1351589.1443, 'loss': 0.1229, 'lr': 0.001, 'params': 870603, 'time_iter': 15.9832, 'accuracy': 0.9648, 'precision': 0.6516, 'recall': 0.1291, 'f1': 0.2154, 'auc': 0.811}
val: {'epoch': 18, 'loss': 0.0771, 'lr': 0.001, 'params': 870603, 'time_iter': 2.6837, 'accuracy': 0.982, 'precision': 0.7692, 'recall': 0.1235, 'f1': 0.2128, 'auc': 0.7941}
train: {'epoch': 18, 'eta': 1338513.0342, 'loss': 0.1213, 'lr': 0.001, 'params': 870603, 'time_iter': 16.7948, 'accuracy': 0.9659, 'precision': 0.7083, 'recall': 0.1518, 'f1': 0.25, 'auc': 0.8207}
val: {'epoch': 19, 'loss': 0.0758, 'lr': 0.001, 'params': 870603, 'time_iter': 2.5417, 'accuracy': 0.982, 'precision': 0.6522, 'recall': 0.1852, 'f1': 0.2885, 'auc': 0.803}
train: {'epoch': 19, 'eta': 1322042.9143, 'loss': 0.1206, 'lr': 0.001, 'params': 870603, 'time_iter': 16.0724, 'accuracy': 0.9654, 'precision': 0.6728, 'recall': 0.1485, 'f1': 0.2434, 'auc': 0.8163}
val: {'epoch': 20, 'loss': 0.0725, 'lr': 0.001, 'params': 870603, 'time_iter': 2.6164, 'accuracy': 0.9825, 'precision': 0.6957, 'recall': 0.1975, 'f1': 0.3077, 'auc': 0.8049}
train: {'epoch': 20, 'eta': 1306003.3172, 'loss': 0.1185, 'lr': 0.001, 'params': 870603, 'time_iter': 16.1853, 'accuracy': 0.9663, 'precision': 0.6892, 'recall': 0.1818, 'f1': 0.2877, 'auc': 0.8224}
val: {'epoch': 21, 'loss': 0.0759, 'lr': 0.001, 'params': 870603, 'time_iter': 2.9265, 'accuracy': 0.9808, 'precision': 0.5208, 'recall': 0.3086, 'f1': 0.3876, 'auc': 0.7981}
train: {'epoch': 21, 'eta': 1290894.6836, 'loss': 0.1198, 'lr': 0.001, 'params': 870603, 'time_iter': 16.4558, 'accuracy': 0.9654, 'precision': 0.6498, 'recall': 0.1672, 'f1': 0.266, 'auc': 0.8241}
val: {'epoch': 22, 'loss': 0.0736, 'lr': 0.001, 'params': 870603, 'time_iter': 2.4478, 'accuracy': 0.9823, 'precision': 0.6333, 'recall': 0.2346, 'f1': 0.3423, 'auc': 0.7953}
train: {'epoch': 22, 'eta': 1277000.5311, 'loss': 0.1182, 'lr': 0.001, 'params': 870603, 'time_iter': 16.8544, 'accuracy': 0.9663, 'precision': 0.6836, 'recall': 0.1859, 'f1': 0.2923, 'auc': 0.824}
val: {'epoch': 23, 'loss': 0.0746, 'lr': 0.001, 'params': 870603, 'time_iter': 2.5374, 'accuracy': 0.9832, 'precision': 0.7727, 'recall': 0.2099, 'f1': 0.3301, 'auc': 0.8112}
train: {'epoch': 23, 'eta': 1259910.4929, 'loss': 0.1176, 'lr': 0.001, 'params': 870603, 'time_iter': 15.9619, 'accuracy': 0.9669, 'precision': 0.7178, 'recall': 0.1899, 'f1': 0.3004, 'auc': 0.8263}
val: {'epoch': 24, 'loss': 0.0857, 'lr': 0.001, 'params': 870603, 'time_iter': 2.5959, 'accuracy': 0.9793, 'precision': 0.4697, 'recall': 0.3827, 'f1': 0.4218, 'auc': 0.8049}
train: {'epoch': 24, 'eta': 1243681.3496, 'loss': 0.1167, 'lr': 0.001, 'params': 870603, 'time_iter': 16.2235, 'accuracy': 0.9669, 'precision': 0.7093, 'recall': 0.1981, 'f1': 0.3096, 'auc': 0.8315}
val: {'epoch': 25, 'loss': 0.0771, 'lr': 0.001, 'params': 870603, 'time_iter': 2.6086, 'accuracy': 0.9835, 'precision': 0.7407, 'recall': 0.2469, 'f1': 0.3704, 'auc': 0.7995}
train: {'epoch': 25, 'eta': 1227559.1978, 'loss': 0.1158, 'lr': 0.001, 'params': 870603, 'time_iter': 16.2722, 'accuracy': 0.9669, 'precision': 0.7003, 'recall': 0.2029, 'f1': 0.3147, 'auc': 0.8388}
val: {'epoch': 26, 'loss': 0.076, 'lr': 0.001, 'params': 870603, 'time_iter': 2.7187, 'accuracy': 0.9832, 'precision': 0.7727, 'recall': 0.2099, 'f1': 0.3301, 'auc': 0.8025}
train: {'epoch': 26, 'eta': 1211053.0835, 'loss': 0.1154, 'lr': 0.001, 'params': 870603, 'time_iter': 16.1508, 'accuracy': 0.9665, 'precision': 0.6748, 'recall': 0.2021, 'f1': 0.3111, 'auc': 0.8363}
val: {'epoch': 27, 'loss': 0.0742, 'lr': 0.001, 'params': 870603, 'time_iter': 2.6536, 'accuracy': 0.9825, 'precision': 0.6667, 'recall': 0.2222, 'f1': 0.3333, 'auc': 0.8163}
train: {'epoch': 27, 'eta': 1194901.6945, 'loss': 0.1136, 'lr': 0.001, 'params': 870603, 'time_iter': 16.2879, 'accuracy': 0.9673, 'precision': 0.7067, 'recall': 0.2151, 'f1': 0.3298, 'auc': 0.8396}
val: {'epoch': 28, 'loss': 0.0772, 'lr': 0.001, 'params': 870603, 'time_iter': 3.0846, 'accuracy': 0.9813, 'precision': 0.5769, 'recall': 0.1852, 'f1': 0.2804, 'auc': 0.8114}
train: {'epoch': 28, 'eta': 1179314.1443, 'loss': 0.1134, 'lr': 0.001, 'params': 870603, 'time_iter': 16.5284, 'accuracy': 0.9678, 'precision': 0.7355, 'recall': 0.2167, 'f1': 0.3348, 'auc': 0.8385}
val: {'epoch': 29, 'loss': 0.0762, 'lr': 0.001, 'params': 870603, 'time_iter': 2.4703, 'accuracy': 0.981, 'precision': 0.5366, 'recall': 0.2716, 'f1': 0.3607, 'auc': 0.805}
train: {'epoch': 29, 'eta': 1163676.687, 'loss': 0.1133, 'lr': 0.001, 'params': 870603, 'time_iter': 16.547, 'accuracy': 0.9673, 'precision': 0.7013, 'recall': 0.2192, 'f1': 0.334, 'auc': 0.8411}
val: {'epoch': 30, 'loss': 0.0753, 'lr': 0.001, 'params': 870603, 'time_iter': 2.7035, 'accuracy': 0.9827, 'precision': 0.6923, 'recall': 0.2222, 'f1': 0.3364, 'auc': 0.8185}
train: {'epoch': 30, 'eta': 1147091.6303, 'loss': 0.1135, 'lr': 0.001, 'params': 870603, 'time_iter': 16.1724, 'accuracy': 0.9674, 'precision': 0.7007, 'recall': 0.2281, 'f1': 0.3442, 'auc': 0.8428}
val: {'epoch': 31, 'loss': 0.0823, 'lr': 0.001, 'params': 870603, 'time_iter': 2.6744, 'accuracy': 0.9813, 'precision': 0.5625, 'recall': 0.2222, 'f1': 0.3186, 'auc': 0.8062}
train: {'epoch': 31, 'eta': 1130254.1637, 'loss': 0.1116, 'lr': 0.001, 'params': 870603, 'time_iter': 16.0586, 'accuracy': 0.9678, 'precision': 0.7165, 'recall': 0.2297, 'f1': 0.3479, 'auc': 0.8533}
val: {'epoch': 32, 'loss': 0.0734, 'lr': 0.001, 'params': 870603, 'time_iter': 2.5884, 'accuracy': 0.9825, 'precision': 0.6452, 'recall': 0.2469, 'f1': 0.3571, 'auc': 0.806}
train: {'epoch': 32, 'eta': 1113296.6622, 'loss': 0.1114, 'lr': 0.001, 'params': 870603, 'time_iter': 15.9921, 'accuracy': 0.9675, 'precision': 0.7012, 'recall': 0.2305, 'f1': 0.347, 'auc': 0.8486}
val: {'epoch': 33, 'loss': 0.0742, 'lr': 0.001, 'params': 870603, 'time_iter': 2.6999, 'accuracy': 0.9827, 'precision': 0.625, 'recall': 0.3086, 'f1': 0.4132, 'auc': 0.8127}
train: {'epoch': 33, 'eta': 1096293.7694, 'loss': 0.1118, 'lr': 0.001, 'params': 870603, 'time_iter': 15.9546, 'accuracy': 0.968, 'precision': 0.7178, 'recall': 0.2394, 'f1': 0.3591, 'auc': 0.85}
val: {'epoch': 34, 'loss': 0.0768, 'lr': 0.001, 'params': 870603, 'time_iter': 2.5962, 'accuracy': 0.982, 'precision': 0.7059, 'recall': 0.1481, 'f1': 0.2449, 'auc': 0.8161}
train: {'epoch': 34, 'eta': 1079150.6369, 'loss': 0.1109, 'lr': 0.001, 'params': 870603, 'time_iter': 15.8637, 'accuracy': 0.9681, 'precision': 0.731, 'recall': 0.2338, 'f1': 0.3542, 'auc': 0.8498}
val: {'epoch': 35, 'loss': 0.0809, 'lr': 0.001, 'params': 870603, 'time_iter': 2.9827, 'accuracy': 0.9823, 'precision': 0.6429, 'recall': 0.2222, 'f1': 0.3303, 'auc': 0.8213}
train: {'epoch': 35, 'eta': 1061840.9497, 'loss': 0.1099, 'lr': 0.001, 'params': 870603, 'time_iter': 15.7477, 'accuracy': 0.9679, 'precision': 0.7167, 'recall': 0.2362, 'f1': 0.3553, 'auc': 0.8558}
val: {'epoch': 36, 'loss': 0.0794, 'lr': 0.001, 'params': 870603, 'time_iter': 2.6118, 'accuracy': 0.982, 'precision': 0.7333, 'recall': 0.1358, 'f1': 0.2292, 'auc': 0.8086}
train: {'epoch': 36, 'eta': 1044554.4153, 'loss': 0.1088, 'lr': 0.001, 'params': 870603, 'time_iter': 15.7269, 'accuracy': 0.9688, 'precision': 0.7287, 'recall': 0.2638, 'f1': 0.3874, 'auc': 0.8578}
val: {'epoch': 37, 'loss': 0.0738, 'lr': 0.001, 'params': 870603, 'time_iter': 2.6097, 'accuracy': 0.983, 'precision': 0.6897, 'recall': 0.2469, 'f1': 0.3636, 'auc': 0.8305}
train: {'epoch': 37, 'eta': 1027418.7116, 'loss': 0.1087, 'lr': 0.001, 'params': 870603, 'time_iter': 15.7821, 'accuracy': 0.9685, 'precision': 0.7327, 'recall': 0.2492, 'f1': 0.3719, 'auc': 0.8584}
val: {'epoch': 38, 'loss': 0.0733, 'lr': 0.001, 'params': 870603, 'time_iter': 2.8182, 'accuracy': 0.9827, 'precision': 0.6786, 'recall': 0.2346, 'f1': 0.3486, 'auc': 0.8005}
train: {'epoch': 38, 'eta': 1010483.2969, 'loss': 0.108, 'lr': 0.001, 'params': 870603, 'time_iter': 15.878, 'accuracy': 0.9685, 'precision': 0.7285, 'recall': 0.2549, 'f1': 0.3776, 'auc': 0.8621}
val: {'epoch': 39, 'loss': 0.0799, 'lr': 0.001, 'params': 870603, 'time_iter': 2.4479, 'accuracy': 0.9815, 'precision': 0.6667, 'recall': 0.1235, 'f1': 0.2083, 'auc': 0.8042}
train: {'epoch': 39, 'eta': 993944.5497, 'loss': 0.1067, 'lr': 0.001, 'params': 870603, 'time_iter': 16.1156, 'accuracy': 0.9686, 'precision': 0.7106, 'recall': 0.2711, 'f1': 0.3925, 'auc': 0.867}
val: {'epoch': 40, 'loss': 0.0782, 'lr': 0.001, 'params': 870603, 'time_iter': 2.6206, 'accuracy': 0.9818, 'precision': 0.6071, 'recall': 0.2099, 'f1': 0.3119, 'auc': 0.8137}
train: {'epoch': 40, 'eta': 976505.5174, 'loss': 0.1065, 'lr': 0.001, 'params': 870603, 'time_iter': 15.5091, 'accuracy': 0.969, 'precision': 0.7284, 'recall': 0.2744, 'f1': 0.3986, 'auc': 0.8604}
val: {'epoch': 41, 'loss': 0.0795, 'lr': 0.001, 'params': 870603, 'time_iter': 2.5972, 'accuracy': 0.9827, 'precision': 0.6667, 'recall': 0.2469, 'f1': 0.3604, 'auc': 0.8018}
train: {'epoch': 41, 'eta': 959012.9035, 'loss': 0.1061, 'lr': 0.001, 'params': 870603, 'time_iter': 15.4218, 'accuracy': 0.969, 'precision': 0.7193, 'recall': 0.2808, 'f1': 0.404, 'auc': 0.8665}
val: {'epoch': 42, 'loss': 0.0746, 'lr': 0.001, 'params': 870603, 'time_iter': 2.8559, 'accuracy': 0.982, 'precision': 0.6129, 'recall': 0.2346, 'f1': 0.3393, 'auc': 0.8252}
train: {'epoch': 42, 'eta': 942382.8717, 'loss': 0.1056, 'lr': 0.001, 'params': 870603, 'time_iter': 15.9988, 'accuracy': 0.969, 'precision': 0.7294, 'recall': 0.2735, 'f1': 0.3979, 'auc': 0.8686}
val: {'epoch': 43, 'loss': 0.0832, 'lr': 0.001, 'params': 870603, 'time_iter': 2.5374, 'accuracy': 0.9825, 'precision': 0.8, 'recall': 0.1481, 'f1': 0.25, 'auc': 0.7992}
train: {'epoch': 43, 'eta': 926387.4433, 'loss': 0.1055, 'lr': 0.001, 'params': 870603, 'time_iter': 16.4776, 'accuracy': 0.9698, 'precision': 0.7516, 'recall': 0.2873, 'f1': 0.4157, 'auc': 0.8671}
val: {'epoch': 44, 'loss': 0.0787, 'lr': 0.001, 'params': 870603, 'time_iter': 2.6396, 'accuracy': 0.9813, 'precision': 0.5588, 'recall': 0.2346, 'f1': 0.3304, 'auc': 0.8199}
train: {'epoch': 44, 'eta': 909827.7054, 'loss': 0.1054, 'lr': 0.001, 'params': 870603, 'time_iter': 16.0628, 'accuracy': 0.9692, 'precision': 0.7258, 'recall': 0.2857, 'f1': 0.41, 'auc': 0.8697}
val: {'epoch': 45, 'loss': 0.0765, 'lr': 0.001, 'params': 870603, 'time_iter': 3.0359, 'accuracy': 0.9815, 'precision': 0.5714, 'recall': 0.2469, 'f1': 0.3448, 'auc': 0.8275}
train: {'epoch': 45, 'eta': 893112.8256, 'loss': 0.1045, 'lr': 0.001, 'params': 870603, 'time_iter': 15.9333, 'accuracy': 0.9702, 'precision': 0.752, 'recall': 0.3028, 'f1': 0.4317, 'auc': 0.868}
val: {'epoch': 46, 'loss': 0.078, 'lr': 0.001, 'params': 870603, 'time_iter': 2.5406, 'accuracy': 0.982, 'precision': 0.5854, 'recall': 0.2963, 'f1': 0.3934, 'auc': 0.8068}
train: {'epoch': 46, 'eta': 876860.925, 'loss': 0.104, 'lr': 0.001, 'params': 870603, 'time_iter': 16.3205, 'accuracy': 0.9695, 'precision': 0.7248, 'recall': 0.2971, 'f1': 0.4214, 'auc': 0.8707}
val: {'epoch': 47, 'loss': 0.0818, 'lr': 0.001, 'params': 870603, 'time_iter': 2.7274, 'accuracy': 0.9805, 'precision': 0.5116, 'recall': 0.2716, 'f1': 0.3548, 'auc': 0.8072}
train: {'epoch': 47, 'eta': 859963.9253, 'loss': 0.1043, 'lr': 0.001, 'params': 870603, 'time_iter': 15.7621, 'accuracy': 0.9696, 'precision': 0.7348, 'recall': 0.2946, 'f1': 0.4206, 'auc': 0.8688}
val: {'epoch': 48, 'loss': 0.0772, 'lr': 0.001, 'params': 870603, 'time_iter': 2.5923, 'accuracy': 0.9825, 'precision': 0.6957, 'recall': 0.1975, 'f1': 0.3077, 'auc': 0.814}
train: {'epoch': 48, 'eta': 843124.5996, 'loss': 0.1036, 'lr': 0.001, 'params': 870603, 'time_iter': 15.7901, 'accuracy': 0.9691, 'precision': 0.7091, 'recall': 0.2987, 'f1': 0.4203, 'auc': 0.8754}
val: {'epoch': 49, 'loss': 0.0782, 'lr': 0.001, 'params': 870603, 'time_iter': 2.7146, 'accuracy': 0.9823, 'precision': 0.6176, 'recall': 0.2593, 'f1': 0.3652, 'auc': 0.8202}
train: {'epoch': 49, 'eta': 826236.0211, 'loss': 0.1027, 'lr': 0.001, 'params': 870603, 'time_iter': 15.7193, 'accuracy': 0.9701, 'precision': 0.7455, 'recall': 0.3044, 'f1': 0.4323, 'auc': 0.8749}
val: {'epoch': 50, 'loss': 0.0743, 'lr': 0.001, 'params': 870603, 'time_iter': 2.6822, 'accuracy': 0.9825, 'precision': 0.7143, 'recall': 0.1852, 'f1': 0.2941, 'auc': 0.8199}
train: {'epoch': 50, 'eta': 809365.6336, 'loss': 0.1027, 'lr': 0.001, 'params': 870603, 'time_iter': 15.7094, 'accuracy': 0.9703, 'precision': 0.752, 'recall': 0.3076, 'f1': 0.4366, 'auc': 0.8783}
val: {'epoch': 51, 'loss': 0.0766, 'lr': 0.001, 'params': 870603, 'time_iter': 2.5123, 'accuracy': 0.9823, 'precision': 0.625, 'recall': 0.2469, 'f1': 0.354, 'auc': 0.826}
train: {'epoch': 51, 'eta': 792770.5871, 'loss': 0.102, 'lr': 0.001, 'params': 870603, 'time_iter': 15.9707, 'accuracy': 0.9708, 'precision': 0.7616, 'recall': 0.319, 'f1': 0.4497, 'auc': 0.8785}
val: {'epoch': 52, 'loss': 0.0807, 'lr': 0.001, 'params': 870603, 'time_iter': 3.6667, 'accuracy': 0.9827, 'precision': 0.7083, 'recall': 0.2099, 'f1': 0.3238, 'auc': 0.826}
train: {'epoch': 52, 'eta': 776398.8559, 'loss': 0.1027, 'lr': 0.001, 'params': 870603, 'time_iter': 16.2087, 'accuracy': 0.9699, 'precision': 0.7345, 'recall': 0.3076, 'f1': 0.4336, 'auc': 0.8778}
val: {'epoch': 53, 'loss': 0.0788, 'lr': 0.001, 'params': 870603, 'time_iter': 2.4911, 'accuracy': 0.9813, 'precision': 0.5526, 'recall': 0.2593, 'f1': 0.3529, 'auc': 0.8099}
train: {'epoch': 53, 'eta': 760333.5211, 'loss': 0.1016, 'lr': 0.001, 'params': 870603, 'time_iter': 16.5713, 'accuracy': 0.9707, 'precision': 0.7577, 'recall': 0.3198, 'f1': 0.4498, 'auc': 0.8832}
val: {'epoch': 54, 'loss': 0.0793, 'lr': 0.001, 'params': 870603, 'time_iter': 2.6292, 'accuracy': 0.983, 'precision': 0.7037, 'recall': 0.2346, 'f1': 0.3519, 'auc': 0.8099}
train: {'epoch': 54, 'eta': 743667.237, 'loss': 0.1013, 'lr': 0.001, 'params': 870603, 'time_iter': 15.9001, 'accuracy': 0.9701, 'precision': 0.7263, 'recall': 0.3231, 'f1': 0.4472, 'auc': 0.8828}
val: {'epoch': 55, 'loss': 0.0807, 'lr': 0.001, 'params': 870603, 'time_iter': 2.7852, 'accuracy': 0.9835, 'precision': 0.8421, 'recall': 0.1975, 'f1': 0.32, 'auc': 0.8328}
train: {'epoch': 55, 'eta': 727384.6957, 'loss': 0.0997, 'lr': 0.001, 'params': 870603, 'time_iter': 16.3612, 'accuracy': 0.9701, 'precision': 0.7301, 'recall': 0.3206, 'f1': 0.4456, 'auc': 0.8888}
val: {'epoch': 56, 'loss': 0.0812, 'lr': 0.001, 'params': 870603, 'time_iter': 2.5627, 'accuracy': 0.982, 'precision': 0.64, 'recall': 0.1975, 'f1': 0.3019, 'auc': 0.8134}
train: {'epoch': 56, 'eta': 711036.3131, 'loss': 0.0994, 'lr': 0.001, 'params': 870603, 'time_iter': 16.3014, 'accuracy': 0.9709, 'precision': 0.7561, 'recall': 0.3295, 'f1': 0.459, 'auc': 0.8876}
val: {'epoch': 57, 'loss': 0.0818, 'lr': 0.001, 'params': 870603, 'time_iter': 2.5703, 'accuracy': 0.9823, 'precision': 0.625, 'recall': 0.2469, 'f1': 0.354, 'auc': 0.8172}
train: {'epoch': 57, 'eta': 694349.8901, 'loss': 0.1004, 'lr': 0.001, 'params': 870603, 'time_iter': 15.8675, 'accuracy': 0.9708, 'precision': 0.7514, 'recall': 0.3287, 'f1': 0.4574, 'auc': 0.8843}
val: {'epoch': 58, 'loss': 0.0804, 'lr': 0.001, 'params': 870603, 'time_iter': 2.6399, 'accuracy': 0.9815, 'precision': 0.5758, 'recall': 0.2346, 'f1': 0.3333, 'auc': 0.8018}
train: {'epoch': 58, 'eta': 677661.653, 'loss': 0.0997, 'lr': 0.001, 'params': 870603, 'time_iter': 15.8479, 'accuracy': 0.9707, 'precision': 0.7441, 'recall': 0.3304, 'f1': 0.4576, 'auc': 0.8867}
val: {'epoch': 59, 'loss': 0.077, 'lr': 0.001, 'params': 870603, 'time_iter': 3.0251, 'accuracy': 0.9823, 'precision': 0.6053, 'recall': 0.284, 'f1': 0.3866, 'auc': 0.8229}
train: {'epoch': 59, 'eta': 660962.3785, 'loss': 0.0994, 'lr': 0.001, 'params': 870603, 'time_iter': 15.8133, 'accuracy': 0.9709, 'precision': 0.7528, 'recall': 0.3312, 'f1': 0.46, 'auc': 0.8911}
val: {'epoch': 60, 'loss': 0.0824, 'lr': 0.001, 'params': 870603, 'time_iter': 2.5388, 'accuracy': 0.9823, 'precision': 0.6538, 'recall': 0.2099, 'f1': 0.3178, 'auc': 0.8105}
train: {'epoch': 60, 'eta': 644648.7914, 'loss': 0.0991, 'lr': 0.001, 'params': 870603, 'time_iter': 16.3783, 'accuracy': 0.9708, 'precision': 0.7407, 'recall': 0.3385, 'f1': 0.4646, 'auc': 0.89}
val: {'epoch': 61, 'loss': 0.0803, 'lr': 0.001, 'params': 870603, 'time_iter': 2.6377, 'accuracy': 0.9823, 'precision': 0.7222, 'recall': 0.1605, 'f1': 0.2626, 'auc': 0.8079}
train: {'epoch': 61, 'eta': 627992.8695, 'loss': 0.0988, 'lr': 0.001, 'params': 870603, 'time_iter': 15.8631, 'accuracy': 0.9709, 'precision': 0.7438, 'recall': 0.3393, 'f1': 0.466, 'auc': 0.8919}
val: {'epoch': 62, 'loss': 0.0828, 'lr': 0.001, 'params': 870603, 'time_iter': 3.1171, 'accuracy': 0.9825, 'precision': 0.8462, 'recall': 0.1358, 'f1': 0.234, 'auc': 0.8105}
train: {'epoch': 62, 'eta': 611339.8213, 'loss': 0.0986, 'lr': 0.001, 'params': 870603, 'time_iter': 15.8504, 'accuracy': 0.9709, 'precision': 0.7495, 'recall': 0.3328, 'f1': 0.4609, 'auc': 0.8922}
val: {'epoch': 63, 'loss': 0.0834, 'lr': 0.001, 'params': 870603, 'time_iter': 2.5288, 'accuracy': 0.9827, 'precision': 0.8125, 'recall': 0.1605, 'f1': 0.268, 'auc': 0.8186}
train: {'epoch': 63, 'eta': 594874.2094, 'loss': 0.0982, 'lr': 0.001, 'params': 870603, 'time_iter': 16.1557, 'accuracy': 0.9709, 'precision': 0.7477, 'recall': 0.3369, 'f1': 0.4645, 'auc': 0.8966}
val: {'epoch': 64, 'loss': 0.0823, 'lr': 0.001, 'params': 870603, 'time_iter': 2.6486, 'accuracy': 0.982, 'precision': 0.6129, 'recall': 0.2346, 'f1': 0.3393, 'auc': 0.8163}
train: {'epoch': 64, 'eta': 578087.7193, 'loss': 0.0973, 'lr': 0.001, 'params': 870603, 'time_iter': 15.5854, 'accuracy': 0.9714, 'precision': 0.7562, 'recall': 0.3474, 'f1': 0.4761, 'auc': 0.8944}
val: {'epoch': 65, 'loss': 0.0846, 'lr': 0.001, 'params': 870603, 'time_iter': 2.5253, 'accuracy': 0.982, 'precision': 0.7059, 'recall': 0.1481, 'f1': 0.2449, 'auc': 0.8217}
train: {'epoch': 65, 'eta': 561553.8577, 'loss': 0.0969, 'lr': 0.001, 'params': 870603, 'time_iter': 16.0191, 'accuracy': 0.9712, 'precision': 0.7522, 'recall': 0.345, 'f1': 0.473, 'auc': 0.8947}
val: {'epoch': 66, 'loss': 0.0974, 'lr': 0.001, 'params': 870603, 'time_iter': 2.5314, 'accuracy': 0.9813, 'precision': 0.8333, 'recall': 0.0617, 'f1': 0.1149, 'auc': 0.8254}
train: {'epoch': 66, 'eta': 545190.3793, 'loss': 0.0963, 'lr': 0.001, 'params': 870603, 'time_iter': 16.3523, 'accuracy': 0.9716, 'precision': 0.7628, 'recall': 0.3498, 'f1': 0.4797, 'auc': 0.8963}
val: {'epoch': 67, 'loss': 0.0853, 'lr': 0.001, 'params': 870603, 'time_iter': 2.6349, 'accuracy': 0.983, 'precision': 0.7895, 'recall': 0.1852, 'f1': 0.3, 'auc': 0.8055}
train: {'epoch': 67, 'eta': 528642.1978, 'loss': 0.0976, 'lr': 0.001, 'params': 870603, 'time_iter': 15.999, 'accuracy': 0.9708, 'precision': 0.7357, 'recall': 0.3433, 'f1': 0.4682, 'auc': 0.8972}
val: {'epoch': 68, 'loss': 0.0853, 'lr': 0.001, 'params': 870603, 'time_iter': 2.7652, 'accuracy': 0.9825, 'precision': 0.7368, 'recall': 0.1728, 'f1': 0.28, 'auc': 0.8192}
train: {'epoch': 68, 'eta': 511966.8396, 'loss': 0.0968, 'lr': 0.001, 'params': 870603, 'time_iter': 15.7186, 'accuracy': 0.9717, 'precision': 0.7673, 'recall': 0.3506, 'f1': 0.4813, 'auc': 0.8966}
val: {'epoch': 69, 'loss': 0.0815, 'lr': 0.001, 'params': 870603, 'time_iter': 3.079, 'accuracy': 0.9832, 'precision': 0.8333, 'recall': 0.1852, 'f1': 0.303, 'auc': 0.832}
train: {'epoch': 69, 'eta': 495153.306, 'loss': 0.0951, 'lr': 0.001, 'params': 870603, 'time_iter': 15.3728, 'accuracy': 0.9722, 'precision': 0.7737, 'recall': 0.3636, 'f1': 0.4948, 'auc': 0.9002}
val: {'epoch': 70, 'loss': 0.0822, 'lr': 0.001, 'params': 870603, 'time_iter': 2.5063, 'accuracy': 0.982, 'precision': 0.6129, 'recall': 0.2346, 'f1': 0.3393, 'auc': 0.8293}
train: {'epoch': 70, 'eta': 478814.7078, 'loss': 0.0967, 'lr': 0.001, 'params': 870603, 'time_iter': 16.4361, 'accuracy': 0.971, 'precision': 0.738, 'recall': 0.3498, 'f1': 0.4747, 'auc': 0.8992}
val: {'epoch': 71, 'loss': 0.0814, 'lr': 0.001, 'params': 870603, 'time_iter': 2.699, 'accuracy': 0.9823, 'precision': 0.7, 'recall': 0.1728, 'f1': 0.2772, 'auc': 0.8239}
train: {'epoch': 71, 'eta': 462212.0971, 'loss': 0.094, 'lr': 0.001, 'params': 870603, 'time_iter': 15.8162, 'accuracy': 0.9718, 'precision': 0.7563, 'recall': 0.3628, 'f1': 0.4904, 'auc': 0.9051}
val: {'epoch': 72, 'loss': 0.0841, 'lr': 0.001, 'params': 870603, 'time_iter': 2.9973, 'accuracy': 0.9827, 'precision': 0.7778, 'recall': 0.1728, 'f1': 0.2828, 'auc': 0.8208}
train: {'epoch': 72, 'eta': 445632.7222, 'loss': 0.096, 'lr': 0.001, 'params': 870603, 'time_iter': 15.8537, 'accuracy': 0.972, 'precision': 0.7631, 'recall': 0.3661, 'f1': 0.4948, 'auc': 0.9029}
val: {'epoch': 73, 'loss': 0.0833, 'lr': 0.001, 'params': 870603, 'time_iter': 2.7022, 'accuracy': 0.982, 'precision': 0.6296, 'recall': 0.2099, 'f1': 0.3148, 'auc': 0.8055}
train: {'epoch': 73, 'eta': 429168.3498, 'loss': 0.0944, 'lr': 0.001, 'params': 870603, 'time_iter': 16.1519, 'accuracy': 0.9723, 'precision': 0.7875, 'recall': 0.358, 'f1': 0.4922, 'auc': 0.9047}
val: {'epoch': 74, 'loss': 0.0881, 'lr': 0.001, 'params': 870603, 'time_iter': 2.5443, 'accuracy': 0.9825, 'precision': 0.7647, 'recall': 0.1605, 'f1': 0.2653, 'auc': 0.811}
train: {'epoch': 74, 'eta': 412761.5662, 'loss': 0.0947, 'lr': 0.001, 'params': 870603, 'time_iter': 16.3319, 'accuracy': 0.9725, 'precision': 0.7699, 'recall': 0.3774, 'f1': 0.5065, 'auc': 0.9038}
val: {'epoch': 75, 'loss': 0.0861, 'lr': 0.001, 'params': 870603, 'time_iter': 2.5973, 'accuracy': 0.9818, 'precision': 0.625, 'recall': 0.1852, 'f1': 0.2857, 'auc': 0.8093}
train: {'epoch': 75, 'eta': 396157.2658, 'loss': 0.0936, 'lr': 0.001, 'params': 870603, 'time_iter': 15.7564, 'accuracy': 0.9718, 'precision': 0.7563, 'recall': 0.3628, 'f1': 0.4904, 'auc': 0.9095}
val: {'epoch': 76, 'loss': 0.086, 'lr': 0.001, 'params': 870603, 'time_iter': 3.1922, 'accuracy': 0.983, 'precision': 0.7391, 'recall': 0.2099, 'f1': 0.3269, 'auc': 0.7889}
train: {'epoch': 76, 'eta': 379614.3746, 'loss': 0.0924, 'lr': 0.001, 'params': 870603, 'time_iter': 15.9231, 'accuracy': 0.9726, 'precision': 0.775, 'recall': 0.3774, 'f1': 0.5076, 'auc': 0.9108}
val: {'epoch': 77, 'loss': 0.0847, 'lr': 0.001, 'params': 870603, 'time_iter': 2.8212, 'accuracy': 0.9827, 'precision': 0.75, 'recall': 0.1852, 'f1': 0.297, 'auc': 0.8247}
train: {'epoch': 77, 'eta': 363216.8428, 'loss': 0.0939, 'lr': 0.001, 'params': 870603, 'time_iter': 16.41, 'accuracy': 0.9721, 'precision': 0.7621, 'recall': 0.3718, 'f1': 0.4997, 'auc': 0.9085}
val: {'epoch': 78, 'loss': 0.087, 'lr': 0.001, 'params': 870603, 'time_iter': 2.5971, 'accuracy': 0.9825, 'precision': 0.8462, 'recall': 0.1358, 'f1': 0.234, 'auc': 0.8255}
train: {'epoch': 78, 'eta': 346625.9322, 'loss': 0.0932, 'lr': 0.001, 'params': 870603, 'time_iter': 15.7482, 'accuracy': 0.9726, 'precision': 0.7765, 'recall': 0.375, 'f1': 0.5057, 'auc': 0.9069}
val: {'epoch': 79, 'loss': 0.0848, 'lr': 0.001, 'params': 870603, 'time_iter': 2.8882, 'accuracy': 0.9837, 'precision': 0.8182, 'recall': 0.2222, 'f1': 0.3495, 'auc': 0.8227}
train: {'epoch': 79, 'eta': 330051.2736, 'loss': 0.0913, 'lr': 0.001, 'params': 870603, 'time_iter': 15.7739, 'accuracy': 0.9731, 'precision': 0.7744, 'recall': 0.3985, 'f1': 0.5263, 'auc': 0.9114}
val: {'epoch': 80, 'loss': 0.0886, 'lr': 0.001, 'params': 870603, 'time_iter': 2.6106, 'accuracy': 0.9823, 'precision': 0.6429, 'recall': 0.2222, 'f1': 0.3303, 'auc': 0.8044}
train: {'epoch': 80, 'eta': 313544.5794, 'loss': 0.0934, 'lr': 0.001, 'params': 870603, 'time_iter': 16.0204, 'accuracy': 0.9721, 'precision': 0.7586, 'recall': 0.375, 'f1': 0.5019, 'auc': 0.9061}
val: {'epoch': 81, 'loss': 0.0857, 'lr': 0.001, 'params': 870603, 'time_iter': 2.6655, 'accuracy': 0.9825, 'precision': 0.68, 'recall': 0.2099, 'f1': 0.3208, 'auc': 0.8085}
train: {'epoch': 81, 'eta': 297018.0619, 'loss': 0.0925, 'lr': 0.001, 'params': 870603, 'time_iter': 15.9303, 'accuracy': 0.9731, 'precision': 0.7874, 'recall': 0.3847, 'f1': 0.5169, 'auc': 0.9125}
val: {'epoch': 82, 'loss': 0.0852, 'lr': 0.001, 'params': 870603, 'time_iter': 2.7953, 'accuracy': 0.9825, 'precision': 0.7368, 'recall': 0.1728, 'f1': 0.28, 'auc': 0.8028}
train: {'epoch': 82, 'eta': 280487.4229, 'loss': 0.0923, 'lr': 0.001, 'params': 870603, 'time_iter': 15.8953, 'accuracy': 0.9722, 'precision': 0.7611, 'recall': 0.375, 'f1': 0.5024, 'auc': 0.9132}
val: {'epoch': 83, 'loss': 0.0882, 'lr': 0.001, 'params': 870603, 'time_iter': 2.6664, 'accuracy': 0.9827, 'precision': 0.6923, 'recall': 0.2222, 'f1': 0.3364, 'auc': 0.7992}
train: {'epoch': 83, 'eta': 263949.7512, 'loss': 0.0923, 'lr': 0.001, 'params': 870603, 'time_iter': 15.8383, 'accuracy': 0.9723, 'precision': 0.7726, 'recall': 0.3669, 'f1': 0.4975, 'auc': 0.9139}
val: {'epoch': 84, 'loss': 0.0813, 'lr': 0.001, 'params': 870603, 'time_iter': 2.4944, 'accuracy': 0.9818, 'precision': 0.625, 'recall': 0.1852, 'f1': 0.2857, 'auc': 0.8026}
train: {'epoch': 84, 'eta': 247407.9792, 'loss': 0.0917, 'lr': 0.001, 'params': 870603, 'time_iter': 15.7846, 'accuracy': 0.9725, 'precision': 0.7579, 'recall': 0.3912, 'f1': 0.5161, 'auc': 0.9119}
val: {'epoch': 85, 'loss': 0.0938, 'lr': 0.001, 'params': 870603, 'time_iter': 2.4806, 'accuracy': 0.9808, 'precision': 0.5714, 'recall': 0.0988, 'f1': 0.1684, 'auc': 0.8051}
train: {'epoch': 85, 'eta': 230874.8422, 'loss': 0.0887, 'lr': 0.001, 'params': 870603, 'time_iter': 15.7946, 'accuracy': 0.9733, 'precision': 0.7795, 'recall': 0.4018, 'f1': 0.5303, 'auc': 0.92}
val: {'epoch': 86, 'loss': 0.0812, 'lr': 0.001, 'params': 870603, 'time_iter': 3.0881, 'accuracy': 0.9832, 'precision': 0.7308, 'recall': 0.2346, 'f1': 0.3551, 'auc': 0.8155}
train: {'epoch': 86, 'eta': 214427.4354, 'loss': 0.0905, 'lr': 0.001, 'params': 870603, 'time_iter': 16.3102, 'accuracy': 0.9725, 'precision': 0.7761, 'recall': 0.3742, 'f1': 0.5049, 'auc': 0.9189}
val: {'epoch': 87, 'loss': 0.087, 'lr': 0.001, 'params': 870603, 'time_iter': 2.6148, 'accuracy': 0.9813, 'precision': 0.5667, 'recall': 0.2099, 'f1': 0.3063, 'auc': 0.8133}
train: {'epoch': 87, 'eta': 197981.8102, 'loss': 0.0907, 'lr': 0.001, 'params': 870603, 'time_iter': 16.3773, 'accuracy': 0.9728, 'precision': 0.7745, 'recall': 0.3847, 'f1': 0.5141, 'auc': 0.9153}
val: {'epoch': 88, 'loss': 0.0944, 'lr': 0.001, 'params': 870603, 'time_iter': 2.49, 'accuracy': 0.9815, 'precision': 0.6667, 'recall': 0.1235, 'f1': 0.2083, 'auc': 0.8197}
train: {'epoch': 88, 'eta': 181517.3184, 'loss': 0.0898, 'lr': 0.001, 'params': 870603, 'time_iter': 16.3008, 'accuracy': 0.9729, 'precision': 0.7754, 'recall': 0.3896, 'f1': 0.5186, 'auc': 0.9194}
val: {'epoch': 89, 'loss': 0.0871, 'lr': 0.001, 'params': 870603, 'time_iter': 2.9235, 'accuracy': 0.983, 'precision': 0.72, 'recall': 0.2222, 'f1': 0.3396, 'auc': 0.7958}
train: {'epoch': 89, 'eta': 164984.8489, 'loss': 0.0895, 'lr': 0.001, 'params': 870603, 'time_iter': 15.7663, 'accuracy': 0.9727, 'precision': 0.7634, 'recall': 0.3929, 'f1': 0.5188, 'auc': 0.9206}
val: {'epoch': 90, 'loss': 0.0913, 'lr': 0.001, 'params': 870603, 'time_iter': 2.6277, 'accuracy': 0.9835, 'precision': 0.8421, 'recall': 0.1975, 'f1': 0.32, 'auc': 0.8257}
train: {'epoch': 90, 'eta': 148480.055, 'loss': 0.0896, 'lr': 0.001, 'params': 870603, 'time_iter': 15.9715, 'accuracy': 0.9733, 'precision': 0.7858, 'recall': 0.3961, 'f1': 0.5267, 'auc': 0.9192}
val: {'epoch': 91, 'loss': 0.0934, 'lr': 0.001, 'params': 870603, 'time_iter': 2.5435, 'accuracy': 0.9813, 'precision': 0.5769, 'recall': 0.1852, 'f1': 0.2804, 'auc': 0.8037}
train: {'epoch': 91, 'eta': 131962.3093, 'loss': 0.0881, 'lr': 0.001, 'params': 870603, 'time_iter': 15.8097, 'accuracy': 0.9734, 'precision': 0.7793, 'recall': 0.4042, 'f1': 0.5323, 'auc': 0.923}
val: {'epoch': 92, 'loss': 0.0961, 'lr': 0.001, 'params': 870603, 'time_iter': 2.5481, 'accuracy': 0.9805, 'precision': 0.5238, 'recall': 0.1358, 'f1': 0.2157, 'auc': 0.7949}
train: {'epoch': 92, 'eta': 115433.9689, 'loss': 0.0891, 'lr': 0.001, 'params': 870603, 'time_iter': 15.6037, 'accuracy': 0.9729, 'precision': 0.7648, 'recall': 0.3985, 'f1': 0.524, 'auc': 0.9217}
val: {'epoch': 93, 'loss': 0.0942, 'lr': 0.001, 'params': 870603, 'time_iter': 3.9062, 'accuracy': 0.9825, 'precision': 0.7368, 'recall': 0.1728, 'f1': 0.28, 'auc': 0.8088}
train: {'epoch': 93, 'eta': 98928.3265, 'loss': 0.088, 'lr': 0.001, 'params': 870603, 'time_iter': 15.7963, 'accuracy': 0.9731, 'precision': 0.767, 'recall': 0.4034, 'f1': 0.5287, 'auc': 0.925}
val: {'epoch': 94, 'loss': 0.0887, 'lr': 0.001, 'params': 870603, 'time_iter': 2.4852, 'accuracy': 0.982, 'precision': 0.6296, 'recall': 0.2099, 'f1': 0.3148, 'auc': 0.8191}
train: {'epoch': 94, 'eta': 82465.3835, 'loss': 0.0873, 'lr': 0.001, 'params': 870603, 'time_iter': 16.487, 'accuracy': 0.9734, 'precision': 0.7797, 'recall': 0.405, 'f1': 0.5331, 'auc': 0.9257}
val: {'epoch': 95, 'loss': 0.0981, 'lr': 0.001, 'params': 870603, 'time_iter': 2.6299, 'accuracy': 0.9827, 'precision': 0.8125, 'recall': 0.1605, 'f1': 0.268, 'auc': 0.8016}
train: {'epoch': 95, 'eta': 65976.2113, 'loss': 0.0875, 'lr': 0.001, 'params': 870603, 'time_iter': 16.1193, 'accuracy': 0.9737, 'precision': 0.7927, 'recall': 0.4034, 'f1': 0.5347, 'auc': 0.9242}
val: {'epoch': 96, 'loss': 0.0938, 'lr': 0.001, 'params': 870603, 'time_iter': 2.5426, 'accuracy': 0.9827, 'precision': 0.9167, 'recall': 0.1358, 'f1': 0.2366, 'auc': 0.8054}
train: {'epoch': 96, 'eta': 49484.4797, 'loss': 0.0856, 'lr': 0.001, 'params': 870603, 'time_iter': 16.1021, 'accuracy': 0.9737, 'precision': 0.7759, 'recall': 0.4188, 'f1': 0.544, 'auc': 0.9279}
val: {'epoch': 97, 'loss': 0.0874, 'lr': 0.001, 'params': 870603, 'time_iter': 2.4776, 'accuracy': 0.9825, 'precision': 0.6957, 'recall': 0.1975, 'f1': 0.3077, 'auc': 0.8126}
train: {'epoch': 97, 'eta': 32990.9827, 'loss': 0.0865, 'lr': 0.001, 'params': 870603, 'time_iter': 16.0933, 'accuracy': 0.9736, 'precision': 0.7742, 'recall': 0.4148, 'f1': 0.5402, 'auc': 0.9261}
val: {'epoch': 98, 'loss': 0.0983, 'lr': 0.001, 'params': 870603, 'time_iter': 2.6455, 'accuracy': 0.9825, 'precision': 0.8, 'recall': 0.1481, 'f1': 0.25, 'auc': 0.8152}
train: {'epoch': 98, 'eta': 16494.6919, 'loss': 0.0862, 'lr': 0.001, 'params': 870603, 'time_iter': 15.9537, 'accuracy': 0.9738, 'precision': 0.7834, 'recall': 0.414, 'f1': 0.5417, 'auc': 0.9301}
val: {'epoch': 99, 'loss': 0.0888, 'lr': 0.001, 'params': 870603, 'time_iter': 2.5389, 'accuracy': 0.9823, 'precision': 0.6333, 'recall': 0.2346, 'f1': 0.3423, 'auc': 0.8032}
train: {'epoch': 99, 'eta': 0.0, 'loss': 0.0866, 'lr': 0.001, 'params': 870603, 'time_iter': 15.825, 'accuracy': 0.9743, 'precision': 0.7957, 'recall': 0.4205, 'f1': 0.5502, 'auc': 0.9267}
test: {'epoch': 99, 'loss': 0.156, 'lr': 0.001, 'params': 870603, 'time_iter': 2.3093, 'accuracy': 0.9703, 'precision': 0.6538, 'recall': 0.1308, 'f1': 0.2179, 'auc': 0.7666}
test: {'epoch': 55, 'loss': 0.1498, 'lr': 0.001, 'params': 870603, 'time_iter': 2.3286, 'accuracy': 0.9686, 'precision': 0.6667, 'recall': 0.0154, 'f1': 0.0301, 'auc': 0.7676}
