GraphGymModule(
  (model): DilatedGNNModel(
    (encoder): FeatureEncoder(
      (node_encoder): AtomEncoder(
        (atom_embedding_list): ModuleList(
          (0): Embedding(119, 300)
          (1): Embedding(4, 300)
          (2): Embedding(12, 300)
          (3): Embedding(12, 300)
          (4): Embedding(10, 300)
          (5): Embedding(6, 300)
          (6): Embedding(6, 300)
          (7): Embedding(2, 300)
          (8): Embedding(2, 300)
        )
      )
      (edge_encoder): BondEncoder(
        (bond_embedding_list): ModuleList(
          (0): Embedding(5, 300)
          (1): Embedding(6, 300)
          (2): Embedding(2, 300)
        )
      )
    )
    (mp): GNNDilatedStage(
      (classic_layers): ModuleList(
        (0): GeneralLayer(
          (layer): EGATConv(
            (model): GATConv(300, 300, heads=1)
          )
          (post_layer): Sequential(
            (0): BatchNorm1d(300, eps=1e-05, momentum=0.1, affine=True, track_running_stats=True)
            (1): Dropout(p=0.5, inplace=False)
            (2): ReLU()
          )
        )
      )
      (dilated_layers): ModuleList(
        (0): DilatedGeneralLayer(
          (layer): EGATConv(
            (model): GATConv(300, 300, heads=1)
          )
          (post_layer): Sequential(
            (0): BatchNorm1d(300, eps=1e-05, momentum=0.1, affine=True, track_running_stats=True)
            (1): Dropout(p=0.5, inplace=False)
            (2): ReLU()
          )
          (gem): GeM(p=3.0000, eps=1e-06)
        )
        (1): DilatedGeneralLayer(
          (layer): EGATConv(
            (model): GATConv(300, 300, heads=1)
          )
          (post_layer): Sequential(
            (0): BatchNorm1d(300, eps=1e-05, momentum=0.1, affine=True, track_running_stats=True)
            (1): Dropout(p=0.5, inplace=False)
            (2): ReLU()
          )
          (gem): GeM(p=3.0000, eps=1e-06)
        )
      )
      (act): ReLU()
    )
    (post_mp): GNNGraphHead(
      (layer_post_mp): MLP(
        (model): Sequential(
          (0): Linear(
            (model): Linear(300, 1, bias=True)
          )
        )
      )
    )
  )
)
accelerator: cuda
benchmark: False
bn:
  eps: 1e-05
  mom: 0.1
cfg_dest: config.yaml
custom_metrics: []
dataset:
  cache_load: False
  cache_save: False
  dir: ./datasets
  edge_dim: 300
  edge_encoder: True
  edge_encoder_bn: False
  edge_encoder_name: Bond
  edge_message_ratio: 0.8
  edge_negative_sampling_ratio: 1.0
  edge_train_mode: all
  encoder: True
  encoder_bn: True
  encoder_dim: 128
  encoder_name: db
  fast_loader: False
  format: OGB
  label_column: none
  label_table: none
  location: local
  name: ogbg-molhiv
  node_encoder: True
  node_encoder_bn: False
  node_encoder_name: Atom
  remove_feature: False
  resample_disjoint: False
  resample_negative: False
  shuffle_split: True
  split: [0.8, 0.1, 0.1]
  split_mode: random
  task: graph
  task_type: classification
  to_undirected: False
  transductive: False
  transform: none
  tu_simple: True
devices: 1
gnn:
  act: relu
  act_on_last_layer_mp: False
  agg: none
  att_final_linear: False
  att_final_linear_bn: False
  att_heads: 1
  batchnorm: True
  clear_feature: True
  dilated_path_join: none
  dim_inner: 300
  dropout: 0.5
  head: graph
  keep_edge: 0.5
  l2norm: True
  layer_type: egatconv
  layers_k1: 1
  layers_k2: 2
  layers_mp: 5
  layers_post_mp: 1
  layers_pre_mp: 0
  learn_alpha_residual_connection: True
  msg_direction: single
  normalize_adj: False
  self_msg: concat
  skip_every: 1
  stage_type: stack
  use_edge_features: True
gpu_mem: False
mem:
  inplace: False
metric_agg: argmax
metric_best: auc
model:
  edge_decoding: dot
  graph_pooling: mean
  loss_fun: cross_entropy
  match_upper: True
  size_average: mean
  thresh: 0.5
  type: dilated_gnn
num_threads: 6
num_workers: 16
optim:
  base_lr: 0.001
  lr_decay: 0.1
  max_epoch: 100
  momentum: 0.9
  optimizer: adam
  scheduler: none
  steps: [30, 60, 90]
  weight_decay: 0.0
out_dir: results_experiments/ogbg_molhiv_baseline_grid_design/ogbg_molhiv_baseline-type=dilated_gnn-layer_type=egatconv-layers_k1=1-layers_k2=2-dilated_path_join=none-learn_alpha_residual_connection=True
params: 600605
print: both
round: 4
run_dir: results_experiments/ogbg_molhiv_baseline_grid_design/ogbg_molhiv_baseline-type=dilated_gnn-layer_type=egatconv-layers_k1=1-layers_k2=2-dilated_path_join=none-learn_alpha_residual_connection=True/7
seed: 8
share:
  dim_in: 9
  dim_out: 2
  num_splits: 3
tensorboard_agg: True
tensorboard_each_run: False
train:
  auto_resume: False
  batch_size: 32
  ckpt_clean: True
  ckpt_period: 100
  enable_ckpt: True
  epoch_resume: -1
  eval_period: 1
  iter_per_epoch: 32
  neighbor_sizes: [20, 15, 10, 5]
  node_per_graph: 32
  radius: extend
  sample_node: False
  sampler: full_batch
  skip_train_eval: False
  walk_length: 4
val:
  node_per_graph: 32
  radius: extend
  sample_node: False
  sampler: full_batch
view_emb: False
Num parameters: 600605
val: {'epoch': 0, 'loss': 0.6825, 'lr': 0.001, 'params': 600605, 'time_iter': 1.8937, 'accuracy': 0.9844, 'precision': 0.0, 'recall': 0.0, 'f1': 0.0, 'auc': 0.1746}
val: {'epoch': 0, 'loss': 0.1051, 'lr': 0.001, 'params': 600605, 'time_iter': 3.8701, 'accuracy': 0.9803, 'precision': 0.0, 'recall': 0.0, 'f1': 0.0, 'auc': 0.4156}
train: {'epoch': 0, 'eta': 2152507.273, 'loss': 0.2178, 'lr': 0.001, 'params': 600605, 'time_iter': 21.1297, 'accuracy': 0.9587, 'precision': 0.0154, 'recall': 0.0016, 'f1': 0.0029, 'auc': 0.511}
val: {'epoch': 1, 'loss': 0.0996, 'lr': 0.001, 'params': 600605, 'time_iter': 3.5523, 'accuracy': 0.9803, 'precision': 0.0, 'recall': 0.0, 'f1': 0.0, 'auc': 0.5045}
train: {'epoch': 1, 'eta': 2076770.5178, 'loss': 0.1599, 'lr': 0.001, 'params': 600605, 'time_iter': 20.0589, 'accuracy': 0.9626, 'precision': 0.0, 'recall': 0.0, 'f1': 0.0, 'auc': 0.5511}
val: {'epoch': 2, 'loss': 0.1022, 'lr': 0.001, 'params': 600605, 'time_iter': 4.043, 'accuracy': 0.9803, 'precision': 0.0, 'recall': 0.0, 'f1': 0.0, 'auc': 0.5959}
train: {'epoch': 2, 'eta': 2054588.1264, 'loss': 0.1569, 'lr': 0.001, 'params': 600605, 'time_iter': 20.5645, 'accuracy': 0.9626, 'precision': 0.0, 'recall': 0.0, 'f1': 0.0, 'auc': 0.6162}
val: {'epoch': 3, 'loss': 0.1015, 'lr': 0.001, 'params': 600605, 'time_iter': 3.3903, 'accuracy': 0.9803, 'precision': 0.0, 'recall': 0.0, 'f1': 0.0, 'auc': 0.5909}
train: {'epoch': 3, 'eta': 2053458.3269, 'loss': 0.1557, 'lr': 0.001, 'params': 600605, 'time_iter': 21.3963, 'accuracy': 0.9626, 'precision': 0.0, 'recall': 0.0, 'f1': 0.0, 'auc': 0.6389}
val: {'epoch': 4, 'loss': 0.1046, 'lr': 0.001, 'params': 600605, 'time_iter': 3.8589, 'accuracy': 0.9803, 'precision': 0.0, 'recall': 0.0, 'f1': 0.0, 'auc': 0.5643}
train: {'epoch': 4, 'eta': 2036849.4488, 'loss': 0.1544, 'lr': 0.001, 'params': 600605, 'time_iter': 21.0319, 'accuracy': 0.9626, 'precision': 0.0, 'recall': 0.0, 'f1': 0.0, 'auc': 0.6568}
val: {'epoch': 5, 'loss': 0.1015, 'lr': 0.001, 'params': 600605, 'time_iter': 3.5417, 'accuracy': 0.9803, 'precision': 0.0, 'recall': 0.0, 'f1': 0.0, 'auc': 0.6241}
train: {'epoch': 5, 'eta': 2010465.0312, 'loss': 0.1525, 'lr': 0.001, 'params': 600605, 'time_iter': 20.5296, 'accuracy': 0.9626, 'precision': 0.0, 'recall': 0.0, 'f1': 0.0, 'auc': 0.663}
val: {'epoch': 6, 'loss': 0.0978, 'lr': 0.001, 'params': 600605, 'time_iter': 3.5466, 'accuracy': 0.9803, 'precision': 0.0, 'recall': 0.0, 'f1': 0.0, 'auc': 0.608}
train: {'epoch': 6, 'eta': 1980332.5589, 'loss': 0.151, 'lr': 0.001, 'params': 600605, 'time_iter': 20.1455, 'accuracy': 0.9626, 'precision': 0.0, 'recall': 0.0, 'f1': 0.0, 'auc': 0.68}
val: {'epoch': 7, 'loss': 0.0973, 'lr': 0.001, 'params': 600605, 'time_iter': 3.4591, 'accuracy': 0.9803, 'precision': 0.0, 'recall': 0.0, 'f1': 0.0, 'auc': 0.6536}
train: {'epoch': 7, 'eta': 1961961.1335, 'loss': 0.1506, 'lr': 0.001, 'params': 600605, 'time_iter': 20.9407, 'accuracy': 0.9626, 'precision': 0.0, 'recall': 0.0, 'f1': 0.0, 'auc': 0.6787}
val: {'epoch': 8, 'loss': 0.0964, 'lr': 0.001, 'params': 600605, 'time_iter': 3.5534, 'accuracy': 0.9803, 'precision': 0.0, 'recall': 0.0, 'f1': 0.0, 'auc': 0.6189}
train: {'epoch': 8, 'eta': 1940088.3644, 'loss': 0.1514, 'lr': 0.001, 'params': 600605, 'time_iter': 20.6721, 'accuracy': 0.9626, 'precision': 0.0, 'recall': 0.0, 'f1': 0.0, 'auc': 0.671}
val: {'epoch': 9, 'loss': 0.1013, 'lr': 0.001, 'params': 600605, 'time_iter': 3.586, 'accuracy': 0.9803, 'precision': 0.0, 'recall': 0.0, 'f1': 0.0, 'auc': 0.6148}
train: {'epoch': 9, 'eta': 1914357.1264, 'loss': 0.1507, 'lr': 0.001, 'params': 600605, 'time_iter': 20.2424, 'accuracy': 0.9626, 'precision': 0.0, 'recall': 0.0, 'f1': 0.0, 'auc': 0.6748}
val: {'epoch': 10, 'loss': 0.1058, 'lr': 0.001, 'params': 600605, 'time_iter': 3.4932, 'accuracy': 0.9803, 'precision': 0.0, 'recall': 0.0, 'f1': 0.0, 'auc': 0.5978}
train: {'epoch': 10, 'eta': 1894588.5346, 'loss': 0.1522, 'lr': 0.001, 'params': 600605, 'time_iter': 20.8516, 'accuracy': 0.9626, 'precision': 0.0, 'recall': 0.0, 'f1': 0.0, 'auc': 0.6628}
val: {'epoch': 11, 'loss': 0.1017, 'lr': 0.001, 'params': 600605, 'time_iter': 3.7876, 'accuracy': 0.9803, 'precision': 0.0, 'recall': 0.0, 'f1': 0.0, 'auc': 0.6096}
train: {'epoch': 11, 'eta': 1872560.959, 'loss': 0.1524, 'lr': 0.001, 'params': 600605, 'time_iter': 20.5895, 'accuracy': 0.9626, 'precision': 0.0, 'recall': 0.0, 'f1': 0.0, 'auc': 0.6666}
val: {'epoch': 12, 'loss': 0.102, 'lr': 0.001, 'params': 600605, 'time_iter': 3.3945, 'accuracy': 0.9803, 'precision': 0.0, 'recall': 0.0, 'f1': 0.0, 'auc': 0.6137}
train: {'epoch': 12, 'eta': 1850152.004, 'loss': 0.1493, 'lr': 0.001, 'params': 600605, 'time_iter': 20.5153, 'accuracy': 0.9626, 'precision': 0.0, 'recall': 0.0, 'f1': 0.0, 'auc': 0.6854}
val: {'epoch': 13, 'loss': 0.0988, 'lr': 0.001, 'params': 600605, 'time_iter': 3.9812, 'accuracy': 0.9803, 'precision': 0.0, 'recall': 0.0, 'f1': 0.0, 'auc': 0.6217}
train: {'epoch': 13, 'eta': 1827510.2706, 'loss': 0.1526, 'lr': 0.001, 'params': 600605, 'time_iter': 20.4492, 'accuracy': 0.9626, 'precision': 0.0, 'recall': 0.0, 'f1': 0.0, 'auc': 0.647}
val: {'epoch': 14, 'loss': 0.0945, 'lr': 0.001, 'params': 600605, 'time_iter': 3.7881, 'accuracy': 0.9803, 'precision': 0.0, 'recall': 0.0, 'f1': 0.0, 'auc': 0.6775}
train: {'epoch': 14, 'eta': 1805205.8443, 'loss': 0.1521, 'lr': 0.001, 'params': 600605, 'time_iter': 20.4704, 'accuracy': 0.9626, 'precision': 0.0, 'recall': 0.0, 'f1': 0.0, 'auc': 0.6614}
val: {'epoch': 15, 'loss': 0.0963, 'lr': 0.001, 'params': 600605, 'time_iter': 3.375, 'accuracy': 0.9803, 'precision': 0.0, 'recall': 0.0, 'f1': 0.0, 'auc': 0.6728}
train: {'epoch': 15, 'eta': 1784134.6482, 'loss': 0.1515, 'lr': 0.001, 'params': 600605, 'time_iter': 20.67, 'accuracy': 0.9626, 'precision': 0.0, 'recall': 0.0, 'f1': 0.0, 'auc': 0.6661}
val: {'epoch': 16, 'loss': 0.0968, 'lr': 0.001, 'params': 600605, 'time_iter': 3.6079, 'accuracy': 0.9803, 'precision': 0.0, 'recall': 0.0, 'f1': 0.0, 'auc': 0.6638}
train: {'epoch': 16, 'eta': 1764050.3598, 'loss': 0.1493, 'lr': 0.001, 'params': 600605, 'time_iter': 20.8711, 'accuracy': 0.9626, 'precision': 0.0, 'recall': 0.0, 'f1': 0.0, 'auc': 0.6871}
val: {'epoch': 17, 'loss': 0.0954, 'lr': 0.001, 'params': 600605, 'time_iter': 3.6311, 'accuracy': 0.9803, 'precision': 0.0, 'recall': 0.0, 'f1': 0.0, 'auc': 0.7095}
train: {'epoch': 17, 'eta': 1742065.7773, 'loss': 0.1481, 'lr': 0.001, 'params': 600605, 'time_iter': 20.4987, 'accuracy': 0.9626, 'precision': 0.0, 'recall': 0.0, 'f1': 0.0, 'auc': 0.6966}
val: {'epoch': 18, 'loss': 0.1004, 'lr': 0.001, 'params': 600605, 'time_iter': 3.8388, 'accuracy': 0.9803, 'precision': 0.0, 'recall': 0.0, 'f1': 0.0, 'auc': 0.5831}
train: {'epoch': 18, 'eta': 1721561.6118, 'loss': 0.149, 'lr': 0.001, 'params': 600605, 'time_iter': 20.8148, 'accuracy': 0.9626, 'precision': 0.0, 'recall': 0.0, 'f1': 0.0, 'auc': 0.6828}
val: {'epoch': 19, 'loss': 0.1029, 'lr': 0.001, 'params': 600605, 'time_iter': 3.6673, 'accuracy': 0.9803, 'precision': 0.0, 'recall': 0.0, 'f1': 0.0, 'auc': 0.6347}
train: {'epoch': 19, 'eta': 1699710.2828, 'loss': 0.1483, 'lr': 0.001, 'params': 600605, 'time_iter': 20.5097, 'accuracy': 0.9626, 'precision': 0.0, 'recall': 0.0, 'f1': 0.0, 'auc': 0.6862}
val: {'epoch': 20, 'loss': 0.0996, 'lr': 0.001, 'params': 600605, 'time_iter': 3.5865, 'accuracy': 0.9803, 'precision': 0.0, 'recall': 0.0, 'f1': 0.0, 'auc': 0.6258}
train: {'epoch': 20, 'eta': 1678949.6387, 'loss': 0.1495, 'lr': 0.001, 'params': 600605, 'time_iter': 20.7731, 'accuracy': 0.9625, 'precision': 0.3333, 'recall': 0.0008, 'f1': 0.0016, 'auc': 0.6658}
val: {'epoch': 21, 'loss': 0.0978, 'lr': 0.001, 'params': 600605, 'time_iter': 3.8787, 'accuracy': 0.9801, 'precision': 0.0, 'recall': 0.0, 'f1': 0.0, 'auc': 0.6067}
train: {'epoch': 21, 'eta': 1658675.0129, 'loss': 0.1485, 'lr': 0.001, 'params': 600605, 'time_iter': 20.9216, 'accuracy': 0.9625, 'precision': 0.2, 'recall': 0.0008, 'f1': 0.0016, 'auc': 0.6798}
val: {'epoch': 22, 'loss': 0.0989, 'lr': 0.001, 'params': 600605, 'time_iter': 3.6046, 'accuracy': 0.9798, 'precision': 0.0, 'recall': 0.0, 'f1': 0.0, 'auc': 0.6443}
train: {'epoch': 22, 'eta': 1637283.9724, 'loss': 0.1478, 'lr': 0.001, 'params': 600605, 'time_iter': 20.6292, 'accuracy': 0.9624, 'precision': 0.3333, 'recall': 0.0032, 'f1': 0.0064, 'auc': 0.6878}
val: {'epoch': 23, 'loss': 0.1032, 'lr': 0.001, 'params': 600605, 'time_iter': 3.4759, 'accuracy': 0.9805, 'precision': 1.0, 'recall': 0.0123, 'f1': 0.0244, 'auc': 0.5972}
train: {'epoch': 23, 'eta': 1616521.2492, 'loss': 0.1495, 'lr': 0.001, 'params': 600605, 'time_iter': 20.8178, 'accuracy': 0.9626, 'precision': 0.5385, 'recall': 0.0057, 'f1': 0.0112, 'auc': 0.6713}
val: {'epoch': 24, 'loss': 0.1009, 'lr': 0.001, 'params': 600605, 'time_iter': 3.6482, 'accuracy': 0.9801, 'precision': 0.3333, 'recall': 0.0123, 'f1': 0.0238, 'auc': 0.7013}
train: {'epoch': 24, 'eta': 1594133.2922, 'loss': 0.1496, 'lr': 0.001, 'params': 600605, 'time_iter': 20.3084, 'accuracy': 0.9626, 'precision': 0.5714, 'recall': 0.0065, 'f1': 0.0128, 'auc': 0.6672}
val: {'epoch': 25, 'loss': 0.1045, 'lr': 0.001, 'params': 600605, 'time_iter': 3.7581, 'accuracy': 0.9798, 'precision': 0.0, 'recall': 0.0, 'f1': 0.0, 'auc': 0.6378}
train: {'epoch': 25, 'eta': 1570800.4346, 'loss': 0.1497, 'lr': 0.001, 'params': 600605, 'time_iter': 19.9466, 'accuracy': 0.9626, 'precision': 0.5, 'recall': 0.0024, 'f1': 0.0048, 'auc': 0.6671}
val: {'epoch': 26, 'loss': 0.1042, 'lr': 0.001, 'params': 600605, 'time_iter': 3.7813, 'accuracy': 0.9801, 'precision': 0.0, 'recall': 0.0, 'f1': 0.0, 'auc': 0.6563}
train: {'epoch': 26, 'eta': 1548304.4716, 'loss': 0.1471, 'lr': 0.001, 'params': 600605, 'time_iter': 20.1727, 'accuracy': 0.9625, 'precision': 0.4444, 'recall': 0.0032, 'f1': 0.0064, 'auc': 0.6917}
val: {'epoch': 27, 'loss': 0.103, 'lr': 0.001, 'params': 600605, 'time_iter': 3.3865, 'accuracy': 0.9801, 'precision': 0.3333, 'recall': 0.0123, 'f1': 0.0238, 'auc': 0.7006}
train: {'epoch': 27, 'eta': 1528354.7158, 'loss': 0.1462, 'lr': 0.001, 'params': 600605, 'time_iter': 21.0881, 'accuracy': 0.9625, 'precision': 0.4, 'recall': 0.0032, 'f1': 0.0064, 'auc': 0.6977}
val: {'epoch': 28, 'loss': 0.0994, 'lr': 0.001, 'params': 600605, 'time_iter': 3.7801, 'accuracy': 0.9798, 'precision': 0.0, 'recall': 0.0, 'f1': 0.0, 'auc': 0.7375}
train: {'epoch': 28, 'eta': 1508485.3983, 'loss': 0.1458, 'lr': 0.001, 'params': 600605, 'time_iter': 21.1679, 'accuracy': 0.9624, 'precision': 0.25, 'recall': 0.0024, 'f1': 0.0048, 'auc': 0.7035}
val: {'epoch': 29, 'loss': 0.1017, 'lr': 0.001, 'params': 600605, 'time_iter': 3.482, 'accuracy': 0.9803, 'precision': 0.0, 'recall': 0.0, 'f1': 0.0, 'auc': 0.6681}
train: {'epoch': 29, 'eta': 1486688.4884, 'loss': 0.1482, 'lr': 0.001, 'params': 600605, 'time_iter': 20.4182, 'accuracy': 0.9625, 'precision': 0.2, 'recall': 0.0008, 'f1': 0.0016, 'auc': 0.696}
val: {'epoch': 30, 'loss': 0.1014, 'lr': 0.001, 'params': 600605, 'time_iter': 3.5425, 'accuracy': 0.9798, 'precision': 0.25, 'recall': 0.0123, 'f1': 0.0235, 'auc': 0.7038}
train: {'epoch': 30, 'eta': 1465486.1265, 'loss': 0.147, 'lr': 0.001, 'params': 600605, 'time_iter': 20.6556, 'accuracy': 0.9623, 'precision': 0.2941, 'recall': 0.0041, 'f1': 0.008, 'auc': 0.701}
val: {'epoch': 31, 'loss': 0.0991, 'lr': 0.001, 'params': 600605, 'time_iter': 3.3385, 'accuracy': 0.9803, 'precision': 0.5, 'recall': 0.0123, 'f1': 0.0241, 'auc': 0.7076}
train: {'epoch': 31, 'eta': 1444228.9035, 'loss': 0.1459, 'lr': 0.001, 'params': 600605, 'time_iter': 20.632, 'accuracy': 0.9621, 'precision': 0.15, 'recall': 0.0024, 'f1': 0.0048, 'auc': 0.7138}
val: {'epoch': 32, 'loss': 0.0992, 'lr': 0.001, 'params': 600605, 'time_iter': 3.8927, 'accuracy': 0.9803, 'precision': 0.5, 'recall': 0.0123, 'f1': 0.0241, 'auc': 0.715}
train: {'epoch': 32, 'eta': 1421948.2407, 'loss': 0.1443, 'lr': 0.001, 'params': 600605, 'time_iter': 20.1413, 'accuracy': 0.9623, 'precision': 0.36, 'recall': 0.0073, 'f1': 0.0143, 'auc': 0.7213}
val: {'epoch': 33, 'loss': 0.1038, 'lr': 0.001, 'params': 600605, 'time_iter': 3.4504, 'accuracy': 0.9801, 'precision': 0.3333, 'recall': 0.0123, 'f1': 0.0238, 'auc': 0.7001}
train: {'epoch': 33, 'eta': 1400826.6637, 'loss': 0.1447, 'lr': 0.001, 'params': 600605, 'time_iter': 20.6758, 'accuracy': 0.9622, 'precision': 0.28, 'recall': 0.0057, 'f1': 0.0111, 'auc': 0.7243}
val: {'epoch': 34, 'loss': 0.0984, 'lr': 0.001, 'params': 600605, 'time_iter': 4.1192, 'accuracy': 0.9801, 'precision': 0.0, 'recall': 0.0, 'f1': 0.0, 'auc': 0.702}
train: {'epoch': 34, 'eta': 1378400.2318, 'loss': 0.1455, 'lr': 0.001, 'params': 600605, 'time_iter': 19.9976, 'accuracy': 0.9623, 'precision': 0.2632, 'recall': 0.0041, 'f1': 0.008, 'auc': 0.7132}
val: {'epoch': 35, 'loss': 0.1023, 'lr': 0.001, 'params': 600605, 'time_iter': 3.6475, 'accuracy': 0.9801, 'precision': 0.0, 'recall': 0.0, 'f1': 0.0, 'auc': 0.6764}
train: {'epoch': 35, 'eta': 1355604.2153, 'loss': 0.1449, 'lr': 0.001, 'params': 600605, 'time_iter': 19.7394, 'accuracy': 0.9622, 'precision': 0.2759, 'recall': 0.0065, 'f1': 0.0127, 'auc': 0.7165}
val: {'epoch': 36, 'loss': 0.1013, 'lr': 0.001, 'params': 600605, 'time_iter': 3.8497, 'accuracy': 0.9803, 'precision': 0.0, 'recall': 0.0, 'f1': 0.0, 'auc': 0.6687}
train: {'epoch': 36, 'eta': 1333687.4238, 'loss': 0.1446, 'lr': 0.001, 'params': 600605, 'time_iter': 20.1646, 'accuracy': 0.9621, 'precision': 0.2647, 'recall': 0.0073, 'f1': 0.0142, 'auc': 0.7209}
val: {'epoch': 37, 'loss': 0.0998, 'lr': 0.001, 'params': 600605, 'time_iter': 3.6175, 'accuracy': 0.9803, 'precision': 0.0, 'recall': 0.0, 'f1': 0.0, 'auc': 0.6721}
train: {'epoch': 37, 'eta': 1312345.1213, 'loss': 0.1459, 'lr': 0.001, 'params': 600605, 'time_iter': 20.4702, 'accuracy': 0.9619, 'precision': 0.1429, 'recall': 0.0032, 'f1': 0.0063, 'auc': 0.7098}
val: {'epoch': 38, 'loss': 0.1043, 'lr': 0.001, 'params': 600605, 'time_iter': 4.0028, 'accuracy': 0.9801, 'precision': 0.0, 'recall': 0.0, 'f1': 0.0, 'auc': 0.7145}
train: {'epoch': 38, 'eta': 1290322.6205, 'loss': 0.1444, 'lr': 0.001, 'params': 600605, 'time_iter': 20.0387, 'accuracy': 0.9616, 'precision': 0.1837, 'recall': 0.0073, 'f1': 0.0141, 'auc': 0.7231}
val: {'epoch': 39, 'loss': 0.0978, 'lr': 0.001, 'params': 600605, 'time_iter': 3.3791, 'accuracy': 0.9801, 'precision': 0.0, 'recall': 0.0, 'f1': 0.0, 'auc': 0.7332}
train: {'epoch': 39, 'eta': 1268995.248, 'loss': 0.1459, 'lr': 0.001, 'params': 600605, 'time_iter': 20.4436, 'accuracy': 0.9623, 'precision': 0.0833, 'recall': 0.0008, 'f1': 0.0016, 'auc': 0.7062}
val: {'epoch': 40, 'loss': 0.1006, 'lr': 0.001, 'params': 600605, 'time_iter': 3.9473, 'accuracy': 0.9803, 'precision': 0.0, 'recall': 0.0, 'f1': 0.0, 'auc': 0.7366}
train: {'epoch': 40, 'eta': 1247229.4394, 'loss': 0.1451, 'lr': 0.001, 'params': 600605, 'time_iter': 20.1379, 'accuracy': 0.9621, 'precision': 0.2308, 'recall': 0.0049, 'f1': 0.0095, 'auc': 0.7026}
val: {'epoch': 41, 'loss': 0.1012, 'lr': 0.001, 'params': 600605, 'time_iter': 3.8776, 'accuracy': 0.9803, 'precision': 0.0, 'recall': 0.0, 'f1': 0.0, 'auc': 0.7307}
train: {'epoch': 41, 'eta': 1225954.1894, 'loss': 0.1442, 'lr': 0.001, 'params': 600605, 'time_iter': 20.4482, 'accuracy': 0.962, 'precision': 0.2703, 'recall': 0.0081, 'f1': 0.0158, 'auc': 0.7154}
val: {'epoch': 42, 'loss': 0.1049, 'lr': 0.001, 'params': 600605, 'time_iter': 3.9231, 'accuracy': 0.9803, 'precision': 0.0, 'recall': 0.0, 'f1': 0.0, 'auc': 0.7096}
train: {'epoch': 42, 'eta': 1203261.8371, 'loss': 0.1457, 'lr': 0.001, 'params': 600605, 'time_iter': 19.4013, 'accuracy': 0.9623, 'precision': 0.2308, 'recall': 0.0024, 'f1': 0.0048, 'auc': 0.7099}
val: {'epoch': 43, 'loss': 0.1016, 'lr': 0.001, 'params': 600605, 'time_iter': 3.7144, 'accuracy': 0.9798, 'precision': 0.25, 'recall': 0.0123, 'f1': 0.0235, 'auc': 0.7402}
train: {'epoch': 43, 'eta': 1181753.2625, 'loss': 0.1441, 'lr': 0.001, 'params': 600605, 'time_iter': 20.2105, 'accuracy': 0.9624, 'precision': 0.381, 'recall': 0.0065, 'f1': 0.0128, 'auc': 0.719}
val: {'epoch': 44, 'loss': 0.1031, 'lr': 0.001, 'params': 600605, 'time_iter': 3.878, 'accuracy': 0.9801, 'precision': 0.0, 'recall': 0.0, 'f1': 0.0, 'auc': 0.7247}
train: {'epoch': 44, 'eta': 1159727.3456, 'loss': 0.1439, 'lr': 0.001, 'params': 600605, 'time_iter': 19.774, 'accuracy': 0.9621, 'precision': 0.25, 'recall': 0.0057, 'f1': 0.0111, 'auc': 0.7215}
val: {'epoch': 45, 'loss': 0.105, 'lr': 0.001, 'params': 600605, 'time_iter': 3.2024, 'accuracy': 0.9798, 'precision': 0.0, 'recall': 0.0, 'f1': 0.0, 'auc': 0.713}
train: {'epoch': 45, 'eta': 1138685.758, 'loss': 0.143, 'lr': 0.001, 'params': 600605, 'time_iter': 20.5284, 'accuracy': 0.9623, 'precision': 0.3793, 'recall': 0.0089, 'f1': 0.0174, 'auc': 0.7253}
val: {'epoch': 46, 'loss': 0.1011, 'lr': 0.001, 'params': 600605, 'time_iter': 3.1521, 'accuracy': 0.9803, 'precision': 0.5, 'recall': 0.0123, 'f1': 0.0241, 'auc': 0.7226}
train: {'epoch': 46, 'eta': 1116649.3545, 'loss': 0.1428, 'lr': 0.001, 'params': 600605, 'time_iter': 19.6741, 'accuracy': 0.9622, 'precision': 0.3226, 'recall': 0.0081, 'f1': 0.0158, 'auc': 0.7261}
val: {'epoch': 47, 'loss': 0.1035, 'lr': 0.001, 'params': 600605, 'time_iter': 3.5009, 'accuracy': 0.9803, 'precision': 0.0, 'recall': 0.0, 'f1': 0.0, 'auc': 0.7478}
train: {'epoch': 47, 'eta': 1094831.7535, 'loss': 0.1434, 'lr': 0.001, 'params': 600605, 'time_iter': 19.8034, 'accuracy': 0.9624, 'precision': 0.4118, 'recall': 0.0114, 'f1': 0.0221, 'auc': 0.7246}
val: {'epoch': 48, 'loss': 0.1028, 'lr': 0.001, 'params': 600605, 'time_iter': 3.8752, 'accuracy': 0.9803, 'precision': 0.5, 'recall': 0.0494, 'f1': 0.0899, 'auc': 0.7176}
train: {'epoch': 48, 'eta': 1072824.7737, 'loss': 0.1444, 'lr': 0.001, 'params': 600605, 'time_iter': 19.5717, 'accuracy': 0.9619, 'precision': 0.2439, 'recall': 0.0081, 'f1': 0.0157, 'auc': 0.7185}
val: {'epoch': 49, 'loss': 0.1067, 'lr': 0.001, 'params': 600605, 'time_iter': 4.4585, 'accuracy': 0.9803, 'precision': 0.0, 'recall': 0.0, 'f1': 0.0, 'auc': 0.6907}
train: {'epoch': 49, 'eta': 1051389.1638, 'loss': 0.1453, 'lr': 0.001, 'params': 600605, 'time_iter': 20.0544, 'accuracy': 0.9621, 'precision': 0.3333, 'recall': 0.0122, 'f1': 0.0235, 'auc': 0.7067}
val: {'epoch': 50, 'loss': 0.1053, 'lr': 0.001, 'params': 600605, 'time_iter': 3.6417, 'accuracy': 0.9803, 'precision': 0.0, 'recall': 0.0, 'f1': 0.0, 'auc': 0.6812}
train: {'epoch': 50, 'eta': 1029635.3281, 'loss': 0.146, 'lr': 0.001, 'params': 600605, 'time_iter': 19.7008, 'accuracy': 0.9622, 'precision': 0.2593, 'recall': 0.0057, 'f1': 0.0111, 'auc': 0.7028}
val: {'epoch': 51, 'loss': 0.1059, 'lr': 0.001, 'params': 600605, 'time_iter': 4.0194, 'accuracy': 0.981, 'precision': 1.0, 'recall': 0.037, 'f1': 0.0714, 'auc': 0.6817}
train: {'epoch': 51, 'eta': 1007832.6663, 'loss': 0.1449, 'lr': 0.001, 'params': 600605, 'time_iter': 19.5894, 'accuracy': 0.9622, 'precision': 0.3429, 'recall': 0.0097, 'f1': 0.0189, 'auc': 0.711}
val: {'epoch': 52, 'loss': 0.1094, 'lr': 0.001, 'params': 600605, 'time_iter': 3.6832, 'accuracy': 0.9803, 'precision': 0.5, 'recall': 0.0123, 'f1': 0.0241, 'auc': 0.6697}
train: {'epoch': 52, 'eta': 987833.5644, 'loss': 0.1446, 'lr': 0.001, 'params': 600605, 'time_iter': 21.4978, 'accuracy': 0.9623, 'precision': 0.3913, 'recall': 0.0146, 'f1': 0.0282, 'auc': 0.7061}
val: {'epoch': 53, 'loss': 0.1081, 'lr': 0.001, 'params': 600605, 'time_iter': 4.0559, 'accuracy': 0.981, 'precision': 1.0, 'recall': 0.037, 'f1': 0.0714, 'auc': 0.7018}
train: {'epoch': 53, 'eta': 965813.9432, 'loss': 0.1434, 'lr': 0.001, 'params': 600605, 'time_iter': 19.2824, 'accuracy': 0.9622, 'precision': 0.375, 'recall': 0.0146, 'f1': 0.0281, 'auc': 0.7194}
val: {'epoch': 54, 'loss': 0.1081, 'lr': 0.001, 'params': 600605, 'time_iter': 3.3603, 'accuracy': 0.981, 'precision': 1.0, 'recall': 0.037, 'f1': 0.0714, 'auc': 0.6682}
train: {'epoch': 54, 'eta': 944909.8838, 'loss': 0.1448, 'lr': 0.001, 'params': 600605, 'time_iter': 20.5134, 'accuracy': 0.962, 'precision': 0.3273, 'recall': 0.0146, 'f1': 0.028, 'auc': 0.7107}
val: {'epoch': 55, 'loss': 0.1077, 'lr': 0.001, 'params': 600605, 'time_iter': 3.9492, 'accuracy': 0.9808, 'precision': 1.0, 'recall': 0.0247, 'f1': 0.0482, 'auc': 0.6793}
train: {'epoch': 55, 'eta': 923252.2967, 'loss': 0.1431, 'lr': 0.001, 'params': 600605, 'time_iter': 19.5904, 'accuracy': 0.9623, 'precision': 0.4182, 'recall': 0.0187, 'f1': 0.0357, 'auc': 0.7251}
val: {'epoch': 56, 'loss': 0.1067, 'lr': 0.001, 'params': 600605, 'time_iter': 3.4196, 'accuracy': 0.9805, 'precision': 1.0, 'recall': 0.0123, 'f1': 0.0244, 'auc': 0.6812}
train: {'epoch': 56, 'eta': 901826.3908, 'loss': 0.1426, 'lr': 0.001, 'params': 600605, 'time_iter': 19.8211, 'accuracy': 0.9623, 'precision': 0.3958, 'recall': 0.0154, 'f1': 0.0297, 'auc': 0.7305}
val: {'epoch': 57, 'loss': 0.1093, 'lr': 0.001, 'params': 600605, 'time_iter': 3.9123, 'accuracy': 0.981, 'precision': 1.0, 'recall': 0.037, 'f1': 0.0714, 'auc': 0.6852}
train: {'epoch': 57, 'eta': 880368.5616, 'loss': 0.1428, 'lr': 0.001, 'params': 600605, 'time_iter': 19.7306, 'accuracy': 0.9624, 'precision': 0.4464, 'recall': 0.0203, 'f1': 0.0388, 'auc': 0.726}
val: {'epoch': 58, 'loss': 0.1083, 'lr': 0.001, 'params': 600605, 'time_iter': 3.8032, 'accuracy': 0.9803, 'precision': 0.0, 'recall': 0.0, 'f1': 0.0, 'auc': 0.6718}
train: {'epoch': 58, 'eta': 859188.5186, 'loss': 0.1427, 'lr': 0.001, 'params': 600605, 'time_iter': 20.0643, 'accuracy': 0.9624, 'precision': 0.4419, 'recall': 0.0154, 'f1': 0.0298, 'auc': 0.7275}
val: {'epoch': 59, 'loss': 0.1127, 'lr': 0.001, 'params': 600605, 'time_iter': 4.02, 'accuracy': 0.9803, 'precision': 0.0, 'recall': 0.0, 'f1': 0.0, 'auc': 0.6993}
train: {'epoch': 59, 'eta': 837771.4146, 'loss': 0.1453, 'lr': 0.001, 'params': 600605, 'time_iter': 19.6928, 'accuracy': 0.9621, 'precision': 0.3469, 'recall': 0.0138, 'f1': 0.0265, 'auc': 0.7144}
val: {'epoch': 60, 'loss': 0.1107, 'lr': 0.001, 'params': 600605, 'time_iter': 3.57, 'accuracy': 0.9803, 'precision': 0.0, 'recall': 0.0, 'f1': 0.0, 'auc': 0.691}
train: {'epoch': 60, 'eta': 816104.3681, 'loss': 0.1432, 'lr': 0.001, 'params': 600605, 'time_iter': 19.2554, 'accuracy': 0.9623, 'precision': 0.4, 'recall': 0.0162, 'f1': 0.0312, 'auc': 0.7306}
val: {'epoch': 61, 'loss': 0.1094, 'lr': 0.001, 'params': 600605, 'time_iter': 3.6306, 'accuracy': 0.9803, 'precision': 0.0, 'recall': 0.0, 'f1': 0.0, 'auc': 0.6907}
train: {'epoch': 61, 'eta': 794811.5971, 'loss': 0.1428, 'lr': 0.001, 'params': 600605, 'time_iter': 19.7541, 'accuracy': 0.9619, 'precision': 0.3438, 'recall': 0.0179, 'f1': 0.034, 'auc': 0.7318}
val: {'epoch': 62, 'loss': 0.1085, 'lr': 0.001, 'params': 600605, 'time_iter': 4.2047, 'accuracy': 0.9803, 'precision': 0.0, 'recall': 0.0, 'f1': 0.0, 'auc': 0.6699}
train: {'epoch': 62, 'eta': 773612.6743, 'loss': 0.1426, 'lr': 0.001, 'params': 600605, 'time_iter': 19.8586, 'accuracy': 0.9625, 'precision': 0.4634, 'recall': 0.0154, 'f1': 0.0299, 'auc': 0.7295}
val: {'epoch': 63, 'loss': 0.1141, 'lr': 0.001, 'params': 600605, 'time_iter': 3.8416, 'accuracy': 0.9803, 'precision': 0.0, 'recall': 0.0, 'f1': 0.0, 'auc': 0.6797}
train: {'epoch': 63, 'eta': 752478.1733, 'loss': 0.144, 'lr': 0.001, 'params': 600605, 'time_iter': 19.9287, 'accuracy': 0.9624, 'precision': 0.4474, 'recall': 0.0138, 'f1': 0.0268, 'auc': 0.7182}
val: {'epoch': 64, 'loss': 0.1087, 'lr': 0.001, 'params': 600605, 'time_iter': 4.1042, 'accuracy': 0.9803, 'precision': 0.0, 'recall': 0.0, 'f1': 0.0, 'auc': 0.6951}
train: {'epoch': 64, 'eta': 731514.4827, 'loss': 0.1442, 'lr': 0.001, 'params': 600605, 'time_iter': 20.2021, 'accuracy': 0.9624, 'precision': 0.46, 'recall': 0.0187, 'f1': 0.0359, 'auc': 0.7111}
val: {'epoch': 65, 'loss': 0.1167, 'lr': 0.001, 'params': 600605, 'time_iter': 3.5571, 'accuracy': 0.9803, 'precision': 0.0, 'recall': 0.0, 'f1': 0.0, 'auc': 0.6465}
train: {'epoch': 65, 'eta': 710678.6594, 'loss': 0.1446, 'lr': 0.001, 'params': 600605, 'time_iter': 20.4332, 'accuracy': 0.9622, 'precision': 0.3922, 'recall': 0.0162, 'f1': 0.0312, 'auc': 0.7126}
val: {'epoch': 66, 'loss': 0.1102, 'lr': 0.001, 'params': 600605, 'time_iter': 4.4116, 'accuracy': 0.9803, 'precision': 0.0, 'recall': 0.0, 'f1': 0.0, 'auc': 0.6996}
train: {'epoch': 66, 'eta': 689800.9947, 'loss': 0.1471, 'lr': 0.001, 'params': 600605, 'time_iter': 20.3619, 'accuracy': 0.9626, 'precision': 0.5, 'recall': 0.013, 'f1': 0.0253, 'auc': 0.6946}
val: {'epoch': 67, 'loss': 0.112, 'lr': 0.001, 'params': 600605, 'time_iter': 3.2386, 'accuracy': 0.9803, 'precision': 0.0, 'recall': 0.0, 'f1': 0.0, 'auc': 0.6578}
train: {'epoch': 67, 'eta': 669210.1637, 'loss': 0.1462, 'lr': 0.001, 'params': 600605, 'time_iter': 20.9587, 'accuracy': 0.9622, 'precision': 0.3514, 'recall': 0.0106, 'f1': 0.0205, 'auc': 0.7049}
val: {'epoch': 68, 'loss': 0.1111, 'lr': 0.001, 'params': 600605, 'time_iter': 4.0968, 'accuracy': 0.9803, 'precision': 0.0, 'recall': 0.0, 'f1': 0.0, 'auc': 0.69}
train: {'epoch': 68, 'eta': 648496.0048, 'loss': 0.1449, 'lr': 0.001, 'params': 600605, 'time_iter': 20.7532, 'accuracy': 0.9623, 'precision': 0.4167, 'recall': 0.0162, 'f1': 0.0312, 'auc': 0.7099}
val: {'epoch': 69, 'loss': 0.1177, 'lr': 0.001, 'params': 600605, 'time_iter': 3.8902, 'accuracy': 0.9803, 'precision': 0.0, 'recall': 0.0, 'f1': 0.0, 'auc': 0.6642}
train: {'epoch': 69, 'eta': 627830.1426, 'loss': 0.1444, 'lr': 0.001, 'params': 600605, 'time_iter': 20.9042, 'accuracy': 0.9623, 'precision': 0.4426, 'recall': 0.0219, 'f1': 0.0418, 'auc': 0.7157}
val: {'epoch': 70, 'loss': 0.1175, 'lr': 0.001, 'params': 600605, 'time_iter': 4.1679, 'accuracy': 0.9803, 'precision': 0.0, 'recall': 0.0, 'f1': 0.0, 'auc': 0.6654}
train: {'epoch': 70, 'eta': 606894.9696, 'loss': 0.1455, 'lr': 0.001, 'params': 600605, 'time_iter': 20.32, 'accuracy': 0.9622, 'precision': 0.4068, 'recall': 0.0195, 'f1': 0.0372, 'auc': 0.7107}
val: {'epoch': 71, 'loss': 0.117, 'lr': 0.001, 'params': 600605, 'time_iter': 3.2804, 'accuracy': 0.9803, 'precision': 0.0, 'recall': 0.0, 'f1': 0.0, 'auc': 0.6585}
train: {'epoch': 71, 'eta': 586126.965, 'loss': 0.1466, 'lr': 0.001, 'params': 600605, 'time_iter': 20.736, 'accuracy': 0.9629, 'precision': 0.6275, 'recall': 0.026, 'f1': 0.0499, 'auc': 0.7048}
val: {'epoch': 72, 'loss': 0.1118, 'lr': 0.001, 'params': 600605, 'time_iter': 3.4776, 'accuracy': 0.9803, 'precision': 0.0, 'recall': 0.0, 'f1': 0.0, 'auc': 0.7051}
train: {'epoch': 72, 'eta': 565158.1452, 'loss': 0.1442, 'lr': 0.001, 'params': 600605, 'time_iter': 20.2493, 'accuracy': 0.9625, 'precision': 0.4902, 'recall': 0.0203, 'f1': 0.039, 'auc': 0.7183}
val: {'epoch': 73, 'loss': 0.1103, 'lr': 0.001, 'params': 600605, 'time_iter': 3.6902, 'accuracy': 0.9801, 'precision': 0.0, 'recall': 0.0, 'f1': 0.0, 'auc': 0.7087}
train: {'epoch': 73, 'eta': 544451.4901, 'loss': 0.1433, 'lr': 0.001, 'params': 600605, 'time_iter': 20.9646, 'accuracy': 0.9625, 'precision': 0.4915, 'recall': 0.0235, 'f1': 0.0449, 'auc': 0.7195}
val: {'epoch': 74, 'loss': 0.1163, 'lr': 0.001, 'params': 600605, 'time_iter': 3.6242, 'accuracy': 0.9803, 'precision': 0.0, 'recall': 0.0, 'f1': 0.0, 'auc': 0.6517}
train: {'epoch': 74, 'eta': 523477.7109, 'loss': 0.1439, 'lr': 0.001, 'params': 600605, 'time_iter': 20.2531, 'accuracy': 0.9626, 'precision': 0.5, 'recall': 0.026, 'f1': 0.0494, 'auc': 0.7157}
val: {'epoch': 75, 'loss': 0.1212, 'lr': 0.001, 'params': 600605, 'time_iter': 3.6177, 'accuracy': 0.9803, 'precision': 0.0, 'recall': 0.0, 'f1': 0.0, 'auc': 0.6909}
train: {'epoch': 75, 'eta': 502427.9099, 'loss': 0.1436, 'lr': 0.001, 'params': 600605, 'time_iter': 20.0083, 'accuracy': 0.9624, 'precision': 0.4576, 'recall': 0.0219, 'f1': 0.0418, 'auc': 0.7244}
val: {'epoch': 76, 'loss': 0.1094, 'lr': 0.001, 'params': 600605, 'time_iter': 4.0576, 'accuracy': 0.9803, 'precision': 0.0, 'recall': 0.0, 'f1': 0.0, 'auc': 0.6946}
train: {'epoch': 76, 'eta': 481320.2532, 'loss': 0.1446, 'lr': 0.001, 'params': 600605, 'time_iter': 19.7811, 'accuracy': 0.9625, 'precision': 0.4833, 'recall': 0.0235, 'f1': 0.0449, 'auc': 0.7225}
val: {'epoch': 77, 'loss': 0.1144, 'lr': 0.001, 'params': 600605, 'time_iter': 3.3801, 'accuracy': 0.9798, 'precision': 0.0, 'recall': 0.0, 'f1': 0.0, 'auc': 0.6568}
train: {'epoch': 77, 'eta': 460550.596, 'loss': 0.144, 'lr': 0.001, 'params': 600605, 'time_iter': 20.8792, 'accuracy': 0.9627, 'precision': 0.5395, 'recall': 0.0333, 'f1': 0.0627, 'auc': 0.7144}
val: {'epoch': 78, 'loss': 0.1128, 'lr': 0.001, 'params': 600605, 'time_iter': 3.2742, 'accuracy': 0.9803, 'precision': 0.0, 'recall': 0.0, 'f1': 0.0, 'auc': 0.7204}
train: {'epoch': 78, 'eta': 439567.1878, 'loss': 0.1425, 'lr': 0.001, 'params': 600605, 'time_iter': 20.1639, 'accuracy': 0.9627, 'precision': 0.5352, 'recall': 0.0308, 'f1': 0.0583, 'auc': 0.7242}
val: {'epoch': 79, 'loss': 0.1165, 'lr': 0.001, 'params': 600605, 'time_iter': 3.5308, 'accuracy': 0.9803, 'precision': 0.0, 'recall': 0.0, 'f1': 0.0, 'auc': 0.6727}
train: {'epoch': 79, 'eta': 418728.7193, 'loss': 0.1432, 'lr': 0.001, 'params': 600605, 'time_iter': 20.7045, 'accuracy': 0.9627, 'precision': 0.5312, 'recall': 0.0276, 'f1': 0.0525, 'auc': 0.7218}
val: {'epoch': 80, 'loss': 0.116, 'lr': 0.001, 'params': 600605, 'time_iter': 3.7614, 'accuracy': 0.9803, 'precision': 0.0, 'recall': 0.0, 'f1': 0.0, 'auc': 0.6798}
train: {'epoch': 80, 'eta': 397898.5927, 'loss': 0.143, 'lr': 0.001, 'params': 600605, 'time_iter': 20.7868, 'accuracy': 0.9628, 'precision': 0.5529, 'recall': 0.0381, 'f1': 0.0714, 'auc': 0.7233}
val: {'epoch': 81, 'loss': 0.1152, 'lr': 0.001, 'params': 600605, 'time_iter': 3.54, 'accuracy': 0.9803, 'precision': 0.0, 'recall': 0.0, 'f1': 0.0, 'auc': 0.6852}
train: {'epoch': 81, 'eta': 377007.4728, 'loss': 0.1431, 'lr': 0.001, 'params': 600605, 'time_iter': 20.5772, 'accuracy': 0.9627, 'precision': 0.5319, 'recall': 0.0406, 'f1': 0.0754, 'auc': 0.7198}
val: {'epoch': 82, 'loss': 0.1188, 'lr': 0.001, 'params': 600605, 'time_iter': 3.4586, 'accuracy': 0.9803, 'precision': 0.0, 'recall': 0.0, 'f1': 0.0, 'auc': 0.6871}
train: {'epoch': 82, 'eta': 355912.9744, 'loss': 0.1422, 'lr': 0.001, 'params': 600605, 'time_iter': 19.6446, 'accuracy': 0.9626, 'precision': 0.5098, 'recall': 0.0422, 'f1': 0.078, 'auc': 0.7263}
val: {'epoch': 83, 'loss': 0.1199, 'lr': 0.001, 'params': 600605, 'time_iter': 4.4436, 'accuracy': 0.9803, 'precision': 0.0, 'recall': 0.0, 'f1': 0.0, 'auc': 0.6551}
train: {'epoch': 83, 'eta': 334951.5488, 'loss': 0.1459, 'lr': 0.001, 'params': 600605, 'time_iter': 20.2166, 'accuracy': 0.9619, 'precision': 0.3625, 'recall': 0.0235, 'f1': 0.0442, 'auc': 0.7119}
val: {'epoch': 84, 'loss': 0.1173, 'lr': 0.001, 'params': 600605, 'time_iter': 3.6574, 'accuracy': 0.9803, 'precision': 0.0, 'recall': 0.0, 'f1': 0.0, 'auc': 0.6777}
train: {'epoch': 84, 'eta': 314094.7011, 'loss': 0.1439, 'lr': 0.001, 'params': 600605, 'time_iter': 20.772, 'accuracy': 0.9622, 'precision': 0.4304, 'recall': 0.0276, 'f1': 0.0519, 'auc': 0.7177}
val: {'epoch': 85, 'loss': 0.1268, 'lr': 0.001, 'params': 600605, 'time_iter': 4.2381, 'accuracy': 0.9803, 'precision': 0.0, 'recall': 0.0, 'f1': 0.0, 'auc': 0.6598}
train: {'epoch': 85, 'eta': 293155.804, 'loss': 0.1446, 'lr': 0.001, 'params': 600605, 'time_iter': 20.354, 'accuracy': 0.962, 'precision': 0.3651, 'recall': 0.0187, 'f1': 0.0355, 'auc': 0.7245}
val: {'epoch': 86, 'loss': 0.1237, 'lr': 0.001, 'params': 600605, 'time_iter': 3.5478, 'accuracy': 0.9803, 'precision': 0.0, 'recall': 0.0, 'f1': 0.0, 'auc': 0.6614}
train: {'epoch': 86, 'eta': 272159.8047, 'loss': 0.1439, 'lr': 0.001, 'params': 600605, 'time_iter': 19.9834, 'accuracy': 0.9626, 'precision': 0.5176, 'recall': 0.0357, 'f1': 0.0668, 'auc': 0.721}
val: {'epoch': 87, 'loss': 0.1219, 'lr': 0.001, 'params': 600605, 'time_iter': 3.7376, 'accuracy': 0.9803, 'precision': 0.0, 'recall': 0.0, 'f1': 0.0, 'auc': 0.661}
train: {'epoch': 87, 'eta': 251147.4304, 'loss': 0.143, 'lr': 0.001, 'params': 600605, 'time_iter': 19.7966, 'accuracy': 0.9626, 'precision': 0.5, 'recall': 0.0308, 'f1': 0.0581, 'auc': 0.725}
val: {'epoch': 88, 'loss': 0.1213, 'lr': 0.001, 'params': 600605, 'time_iter': 3.717, 'accuracy': 0.9803, 'precision': 0.0, 'recall': 0.0, 'f1': 0.0, 'auc': 0.6833}
train: {'epoch': 88, 'eta': 230312.6702, 'loss': 0.1428, 'lr': 0.001, 'params': 600605, 'time_iter': 21.0797, 'accuracy': 0.9625, 'precision': 0.4848, 'recall': 0.039, 'f1': 0.0721, 'auc': 0.7232}
val: {'epoch': 89, 'loss': 0.1243, 'lr': 0.001, 'params': 600605, 'time_iter': 4.2007, 'accuracy': 0.9803, 'precision': 0.0, 'recall': 0.0, 'f1': 0.0, 'auc': 0.6992}
train: {'epoch': 89, 'eta': 209356.4256, 'loss': 0.142, 'lr': 0.001, 'params': 600605, 'time_iter': 20.1836, 'accuracy': 0.9628, 'precision': 0.5385, 'recall': 0.0511, 'f1': 0.0934, 'auc': 0.7261}
val: {'epoch': 90, 'loss': 0.1248, 'lr': 0.001, 'params': 600605, 'time_iter': 3.3298, 'accuracy': 0.9803, 'precision': 0.0, 'recall': 0.0, 'f1': 0.0, 'auc': 0.6469}
train: {'epoch': 90, 'eta': 188451.4149, 'loss': 0.1417, 'lr': 0.001, 'params': 600605, 'time_iter': 20.6466, 'accuracy': 0.9627, 'precision': 0.5214, 'recall': 0.0495, 'f1': 0.0904, 'auc': 0.7279}
val: {'epoch': 91, 'loss': 0.1246, 'lr': 0.001, 'params': 600605, 'time_iter': 4.4684, 'accuracy': 0.9803, 'precision': 0.5, 'recall': 0.0123, 'f1': 0.0241, 'auc': 0.6814}
train: {'epoch': 91, 'eta': 167558.0421, 'loss': 0.1416, 'lr': 0.001, 'params': 600605, 'time_iter': 20.8594, 'accuracy': 0.9622, 'precision': 0.4421, 'recall': 0.0341, 'f1': 0.0633, 'auc': 0.7353}
val: {'epoch': 92, 'loss': 0.1174, 'lr': 0.001, 'params': 600605, 'time_iter': 3.0906, 'accuracy': 0.9805, 'precision': 1.0, 'recall': 0.0123, 'f1': 0.0244, 'auc': 0.6655}
train: {'epoch': 92, 'eta': 146665.8343, 'loss': 0.1422, 'lr': 0.001, 'params': 600605, 'time_iter': 21.0329, 'accuracy': 0.9626, 'precision': 0.5, 'recall': 0.0373, 'f1': 0.0695, 'auc': 0.7296}
val: {'epoch': 93, 'loss': 0.1157, 'lr': 0.001, 'params': 600605, 'time_iter': 3.7419, 'accuracy': 0.9801, 'precision': 0.0, 'recall': 0.0, 'f1': 0.0, 'auc': 0.6955}
train: {'epoch': 93, 'eta': 125704.4342, 'loss': 0.143, 'lr': 0.001, 'params': 600605, 'time_iter': 20.2226, 'accuracy': 0.9627, 'precision': 0.5221, 'recall': 0.0479, 'f1': 0.0877, 'auc': 0.7162}
val: {'epoch': 94, 'loss': 0.1414, 'lr': 0.001, 'params': 600605, 'time_iter': 3.4893, 'accuracy': 0.9803, 'precision': 0.0, 'recall': 0.0, 'f1': 0.0, 'auc': 0.6055}
train: {'epoch': 94, 'eta': 104776.3484, 'loss': 0.1448, 'lr': 0.001, 'params': 600605, 'time_iter': 20.7786, 'accuracy': 0.9622, 'precision': 0.4435, 'recall': 0.0414, 'f1': 0.0757, 'auc': 0.7077}
val: {'epoch': 95, 'loss': 0.1331, 'lr': 0.001, 'params': 600605, 'time_iter': 3.8332, 'accuracy': 0.9803, 'precision': 0.0, 'recall': 0.0, 'f1': 0.0, 'auc': 0.6182}
train: {'epoch': 95, 'eta': 83853.969, 'loss': 0.1473, 'lr': 0.001, 'params': 600605, 'time_iter': 21.1318, 'accuracy': 0.962, 'precision': 0.35, 'recall': 0.017, 'f1': 0.0325, 'auc': 0.6978}
val: {'epoch': 96, 'loss': 0.1266, 'lr': 0.001, 'params': 600605, 'time_iter': 3.4286, 'accuracy': 0.9803, 'precision': 0.0, 'recall': 0.0, 'f1': 0.0, 'auc': 0.655}
train: {'epoch': 96, 'eta': 62906.256, 'loss': 0.1457, 'lr': 0.001, 'params': 600605, 'time_iter': 20.8685, 'accuracy': 0.9618, 'precision': 0.3, 'recall': 0.0146, 'f1': 0.0279, 'auc': 0.7108}
val: {'epoch': 97, 'loss': 0.1298, 'lr': 0.001, 'params': 600605, 'time_iter': 4.0532, 'accuracy': 0.9803, 'precision': 0.0, 'recall': 0.0, 'f1': 0.0, 'auc': 0.6507}
train: {'epoch': 97, 'eta': 41937.8925, 'loss': 0.1451, 'lr': 0.001, 'params': 600605, 'time_iter': 20.3963, 'accuracy': 0.9617, 'precision': 0.2586, 'recall': 0.0122, 'f1': 0.0233, 'auc': 0.7185}
val: {'epoch': 98, 'loss': 0.1251, 'lr': 0.001, 'params': 600605, 'time_iter': 3.7457, 'accuracy': 0.9803, 'precision': 0.0, 'recall': 0.0, 'f1': 0.0, 'auc': 0.6518}
train: {'epoch': 98, 'eta': 20968.4607, 'loss': 0.1445, 'lr': 0.001, 'params': 600605, 'time_iter': 20.3313, 'accuracy': 0.9621, 'precision': 0.3939, 'recall': 0.0211, 'f1': 0.0401, 'auc': 0.717}
val: {'epoch': 99, 'loss': 0.1209, 'lr': 0.001, 'params': 600605, 'time_iter': 4.4587, 'accuracy': 0.9803, 'precision': 0.0, 'recall': 0.0, 'f1': 0.0, 'auc': 0.6482}
train: {'epoch': 99, 'eta': 0.0, 'loss': 0.1436, 'lr': 0.001, 'params': 600605, 'time_iter': 20.4384, 'accuracy': 0.9621, 'precision': 0.4146, 'recall': 0.0276, 'f1': 0.0518, 'auc': 0.7217}
test: {'epoch': 99, 'loss': 0.192, 'lr': 0.001, 'params': 600605, 'time_iter': 3.1513, 'accuracy': 0.9684, 'precision': 0.0, 'recall': 0.0, 'f1': 0.0, 'auc': 0.6596}
test: {'epoch': 47, 'loss': 0.1638, 'lr': 0.001, 'params': 600605, 'time_iter': 3.5883, 'accuracy': 0.9681, 'precision': 0.0, 'recall': 0.0, 'f1': 0.0, 'auc': 0.707}
