GraphGymModule(
  (model): DilatedGNNModel(
    (encoder): FeatureEncoder(
      (node_encoder): AtomEncoder(
        (atom_embedding_list): ModuleList(
          (0): Embedding(119, 300)
          (1): Embedding(4, 300)
          (2): Embedding(12, 300)
          (3): Embedding(12, 300)
          (4): Embedding(10, 300)
          (5): Embedding(6, 300)
          (6): Embedding(6, 300)
          (7): Embedding(2, 300)
          (8): Embedding(2, 300)
        )
      )
      (edge_encoder): BondEncoder(
        (bond_embedding_list): ModuleList(
          (0): Embedding(5, 300)
          (1): Embedding(6, 300)
          (2): Embedding(2, 300)
        )
      )
    )
    (mp): GNNDilatedEdgesFeatureStage(
      (classic_layers): ModuleList(
        (0): GeneralLayer(
          (layer): EGATConv(
            (model): GATConv(300, 300, heads=1)
          )
          (post_layer): Sequential(
            (0): BatchNorm1d(300, eps=1e-05, momentum=0.1, affine=True, track_running_stats=True)
            (1): Dropout(p=0.5, inplace=False)
            (2): ReLU()
          )
        )
      )
      (dilated_layers): ModuleList(
        (0): DilatedGeneralLayer(
          (layer): EGATConv(
            (model): GATConv(300, 300, heads=1)
          )
          (post_layer): Sequential(
            (0): BatchNorm1d(300, eps=1e-05, momentum=0.1, affine=True, track_running_stats=True)
            (1): Dropout(p=0.5, inplace=False)
            (2): ReLU()
          )
          (gem): GeM(p=3.0000, eps=1e-06)
        )
      )
      (act): ReLU()
    )
    (post_mp): GNNGraphHead(
      (layer_post_mp): MLP(
        (model): Sequential(
          (0): Linear(
            (model): Linear(600, 1, bias=True)
          )
        )
      )
    )
  )
)
accelerator: cuda
benchmark: False
bn:
  eps: 1e-05
  mom: 0.1
cfg_dest: config.yaml
custom_metrics: []
dataset:
  cache_load: False
  cache_save: False
  dir: ./datasets
  edge_dim: 300
  edge_encoder: True
  edge_encoder_bn: False
  edge_encoder_name: Bond
  edge_message_ratio: 0.8
  edge_negative_sampling_ratio: 1.0
  edge_train_mode: all
  encoder: True
  encoder_bn: True
  encoder_dim: 128
  encoder_name: db
  fast_loader: False
  format: OGB
  label_column: none
  label_table: none
  location: local
  name: ogbg-molhiv
  node_encoder: True
  node_encoder_bn: False
  node_encoder_name: Atom
  remove_feature: False
  resample_disjoint: False
  resample_negative: False
  shuffle_split: True
  split: [0.8, 0.1, 0.1]
  split_mode: random
  task: graph
  task_type: classification
  to_undirected: False
  transductive: False
  transform: none
  tu_simple: True
devices: 1
gnn:
  act: relu
  act_on_last_layer_mp: True
  agg: none
  att_final_linear: False
  att_final_linear_bn: False
  att_heads: 1
  batchnorm: True
  clear_feature: True
  dim_inner: 300
  dropout: 0.5
  head: graph
  keep_edge: 0.5
  l2norm: True
  layer_type: egatconv
  layers_k1: 1
  layers_k2: 1
  layers_mp: 5
  layers_post_mp: 1
  layers_pre_mp: 0
  msg_direction: single
  normalize_adj: False
  self_msg: concat
  skip_every: 1
  stage_type: dilated_stage
  use_edge_features: True
gpu_mem: False
mem:
  inplace: False
metric_agg: argmax
metric_best: auc
model:
  edge_decoding: dot
  graph_pooling: mean
  loss_fun: cross_entropy
  match_upper: True
  size_average: mean
  thresh: 0.5
  type: dilated_gnn
num_threads: 6
num_workers: 16
optim:
  base_lr: 0.001
  lr_decay: 0.1
  max_epoch: 100
  momentum: 0.9
  optimizer: adam
  scheduler: none
  steps: [30, 60, 90]
  weight_decay: 0.0
out_dir: results_experiments/ogbg_molhiv_baseline_grid_comparison/ogbg_molhiv_baseline-type=dilated_gnn-stage_type=dilated_stage-layer_type=egatconv-layers_k1=1-layers_k2=1-act_on_last_layer_mp=True
params: 419403
print: both
round: 4
run_dir: results_experiments/ogbg_molhiv_baseline_grid_comparison/ogbg_molhiv_baseline-type=dilated_gnn-stage_type=dilated_stage-layer_type=egatconv-layers_k1=1-layers_k2=1-act_on_last_layer_mp=True/5
seed: 6
share:
  dim_in: 9
  dim_out: 2
  num_splits: 3
tensorboard_agg: True
tensorboard_each_run: False
train:
  auto_resume: False
  batch_size: 32
  ckpt_clean: True
  ckpt_period: 100
  enable_ckpt: True
  epoch_resume: -1
  eval_period: 1
  iter_per_epoch: 32
  neighbor_sizes: [20, 15, 10, 5]
  node_per_graph: 32
  radius: extend
  sample_node: False
  sampler: full_batch
  skip_train_eval: False
  walk_length: 4
val:
  node_per_graph: 32
  radius: extend
  sample_node: False
  sampler: full_batch
view_emb: False
Num parameters: 419403
val: {'epoch': 0, 'loss': 0.7124, 'lr': 0.001, 'params': 419403, 'time_iter': 1.1593, 'accuracy': 0.0156, 'precision': 0.0156, 'recall': 1.0, 'f1': 0.0308, 'auc': 0.746}
val: {'epoch': 0, 'loss': 0.0973, 'lr': 0.001, 'params': 419403, 'time_iter': 1.9098, 'accuracy': 0.9803, 'precision': 0.0, 'recall': 0.0, 'f1': 0.0, 'auc': 0.6485}
train: {'epoch': 0, 'eta': 1545830.6748, 'loss': 0.1888, 'lr': 0.001, 'params': 419403, 'time_iter': 15.1744, 'accuracy': 0.9601, 'precision': 0.0652, 'recall': 0.0049, 'f1': 0.0091, 'auc': 0.554}
val: {'epoch': 1, 'loss': 0.098, 'lr': 0.001, 'params': 419403, 'time_iter': 2.3613, 'accuracy': 0.9803, 'precision': 0.0, 'recall': 0.0, 'f1': 0.0, 'auc': 0.6515}
train: {'epoch': 1, 'eta': 1487599.9003, 'loss': 0.1545, 'lr': 0.001, 'params': 419403, 'time_iter': 14.3292, 'accuracy': 0.9626, 'precision': 0.0, 'recall': 0.0, 'f1': 0.0, 'auc': 0.6559}
val: {'epoch': 2, 'loss': 0.0984, 'lr': 0.001, 'params': 419403, 'time_iter': 2.1113, 'accuracy': 0.9803, 'precision': 0.0, 'recall': 0.0, 'f1': 0.0, 'auc': 0.6665}
train: {'epoch': 2, 'eta': 1483310.2851, 'loss': 0.1526, 'lr': 0.001, 'params': 419403, 'time_iter': 15.0791, 'accuracy': 0.9626, 'precision': 0.0, 'recall': 0.0, 'f1': 0.0, 'auc': 0.6732}
val: {'epoch': 3, 'loss': 0.096, 'lr': 0.001, 'params': 419403, 'time_iter': 3.1279, 'accuracy': 0.9803, 'precision': 0.0, 'recall': 0.0, 'f1': 0.0, 'auc': 0.6851}
train: {'epoch': 3, 'eta': 1472820.3842, 'loss': 0.1504, 'lr': 0.001, 'params': 419403, 'time_iter': 15.0553, 'accuracy': 0.9625, 'precision': 0.0, 'recall': 0.0, 'f1': 0.0, 'auc': 0.6909}
val: {'epoch': 4, 'loss': 0.0991, 'lr': 0.001, 'params': 419403, 'time_iter': 1.9915, 'accuracy': 0.9803, 'precision': 0.0, 'recall': 0.0, 'f1': 0.0, 'auc': 0.6785}
train: {'epoch': 4, 'eta': 1451939.428, 'loss': 0.1493, 'lr': 0.001, 'params': 419403, 'time_iter': 14.6262, 'accuracy': 0.9626, 'precision': 0.0, 'recall': 0.0, 'f1': 0.0, 'auc': 0.6954}
val: {'epoch': 5, 'loss': 0.0977, 'lr': 0.001, 'params': 419403, 'time_iter': 2.1995, 'accuracy': 0.9803, 'precision': 0.0, 'recall': 0.0, 'f1': 0.0, 'auc': 0.6822}
train: {'epoch': 5, 'eta': 1447451.2781, 'loss': 0.1498, 'lr': 0.001, 'params': 419403, 'time_iter': 15.5225, 'accuracy': 0.9626, 'precision': 0.0, 'recall': 0.0, 'f1': 0.0, 'auc': 0.7004}
val: {'epoch': 6, 'loss': 0.0977, 'lr': 0.001, 'params': 419403, 'time_iter': 2.1702, 'accuracy': 0.9803, 'precision': 0.0, 'recall': 0.0, 'f1': 0.0, 'auc': 0.6804}
train: {'epoch': 6, 'eta': 1440241.6124, 'loss': 0.1486, 'lr': 0.001, 'params': 419403, 'time_iter': 15.5634, 'accuracy': 0.9625, 'precision': 0.0, 'recall': 0.0, 'f1': 0.0, 'auc': 0.7111}
val: {'epoch': 7, 'loss': 0.0954, 'lr': 0.001, 'params': 419403, 'time_iter': 1.9788, 'accuracy': 0.9803, 'precision': 0.0, 'recall': 0.0, 'f1': 0.0, 'auc': 0.6954}
train: {'epoch': 7, 'eta': 1427780.0633, 'loss': 0.1475, 'lr': 0.001, 'params': 419403, 'time_iter': 15.3056, 'accuracy': 0.9625, 'precision': 0.0, 'recall': 0.0, 'f1': 0.0, 'auc': 0.7174}
val: {'epoch': 8, 'loss': 0.095, 'lr': 0.001, 'params': 419403, 'time_iter': 1.9637, 'accuracy': 0.9803, 'precision': 0.0, 'recall': 0.0, 'f1': 0.0, 'auc': 0.6817}
train: {'epoch': 8, 'eta': 1415504.3227, 'loss': 0.1464, 'lr': 0.001, 'params': 419403, 'time_iter': 15.3937, 'accuracy': 0.9625, 'precision': 0.0, 'recall': 0.0, 'f1': 0.0, 'auc': 0.7239}
val: {'epoch': 9, 'loss': 0.0953, 'lr': 0.001, 'params': 419403, 'time_iter': 2.3169, 'accuracy': 0.9803, 'precision': 0.0, 'recall': 0.0, 'f1': 0.0, 'auc': 0.7153}
train: {'epoch': 9, 'eta': 1400775.1247, 'loss': 0.1451, 'lr': 0.001, 'params': 419403, 'time_iter': 15.2058, 'accuracy': 0.9625, 'precision': 0.0, 'recall': 0.0, 'f1': 0.0, 'auc': 0.7293}
val: {'epoch': 10, 'loss': 0.0928, 'lr': 0.001, 'params': 419403, 'time_iter': 1.9104, 'accuracy': 0.9803, 'precision': 0.0, 'recall': 0.0, 'f1': 0.0, 'auc': 0.725}
train: {'epoch': 10, 'eta': 1386472.0449, 'loss': 0.1445, 'lr': 0.001, 'params': 419403, 'time_iter': 15.277, 'accuracy': 0.9625, 'precision': 0.0, 'recall': 0.0, 'f1': 0.0, 'auc': 0.7332}
val: {'epoch': 11, 'loss': 0.0932, 'lr': 0.001, 'params': 419403, 'time_iter': 1.8888, 'accuracy': 0.9803, 'precision': 0.0, 'recall': 0.0, 'f1': 0.0, 'auc': 0.7369}
train: {'epoch': 11, 'eta': 1370336.7456, 'loss': 0.1442, 'lr': 0.001, 'params': 419403, 'time_iter': 15.0655, 'accuracy': 0.9625, 'precision': 0.2, 'recall': 0.0008, 'f1': 0.0016, 'auc': 0.7352}
val: {'epoch': 12, 'loss': 0.0947, 'lr': 0.001, 'params': 419403, 'time_iter': 2.0704, 'accuracy': 0.9801, 'precision': 0.0, 'recall': 0.0, 'f1': 0.0, 'auc': 0.7512}
train: {'epoch': 12, 'eta': 1356593.0045, 'loss': 0.1435, 'lr': 0.001, 'params': 419403, 'time_iter': 15.3986, 'accuracy': 0.9624, 'precision': 0.1667, 'recall': 0.0008, 'f1': 0.0016, 'auc': 0.7349}
val: {'epoch': 13, 'loss': 0.0967, 'lr': 0.001, 'params': 419403, 'time_iter': 2.6806, 'accuracy': 0.9803, 'precision': 0.0, 'recall': 0.0, 'f1': 0.0, 'auc': 0.7507}
train: {'epoch': 13, 'eta': 1340695.3261, 'loss': 0.1438, 'lr': 0.001, 'params': 419403, 'time_iter': 15.1054, 'accuracy': 0.9623, 'precision': 0.1538, 'recall': 0.0016, 'f1': 0.0032, 'auc': 0.7329}
val: {'epoch': 14, 'loss': 0.0935, 'lr': 0.001, 'params': 419403, 'time_iter': 2.1985, 'accuracy': 0.9801, 'precision': 0.0, 'recall': 0.0, 'f1': 0.0, 'auc': 0.7675}
train: {'epoch': 14, 'eta': 1328084.7571, 'loss': 0.1432, 'lr': 0.001, 'params': 419403, 'time_iter': 15.661, 'accuracy': 0.9623, 'precision': 0.1111, 'recall': 0.0008, 'f1': 0.0016, 'auc': 0.7356}
val: {'epoch': 15, 'loss': 0.0918, 'lr': 0.001, 'params': 419403, 'time_iter': 2.2755, 'accuracy': 0.9798, 'precision': 0.0, 'recall': 0.0, 'f1': 0.0, 'auc': 0.7576}
train: {'epoch': 15, 'eta': 1314340.9212, 'loss': 0.1443, 'lr': 0.001, 'params': 419403, 'time_iter': 15.5323, 'accuracy': 0.9623, 'precision': 0.2667, 'recall': 0.0032, 'f1': 0.0064, 'auc': 0.7313}
val: {'epoch': 16, 'loss': 0.095, 'lr': 0.001, 'params': 419403, 'time_iter': 2.0303, 'accuracy': 0.9803, 'precision': 0.0, 'recall': 0.0, 'f1': 0.0, 'auc': 0.7484}
train: {'epoch': 16, 'eta': 1297157.5353, 'loss': 0.1439, 'lr': 0.001, 'params': 419403, 'time_iter': 14.9001, 'accuracy': 0.9624, 'precision': 0.3684, 'recall': 0.0057, 'f1': 0.0112, 'auc': 0.7327}
val: {'epoch': 17, 'loss': 0.1012, 'lr': 0.001, 'params': 419403, 'time_iter': 1.9944, 'accuracy': 0.9803, 'precision': 0.0, 'recall': 0.0, 'f1': 0.0, 'auc': 0.6899}
train: {'epoch': 17, 'eta': 1281867.4851, 'loss': 0.1467, 'lr': 0.001, 'params': 419403, 'time_iter': 15.2601, 'accuracy': 0.9623, 'precision': 0.1111, 'recall': 0.0008, 'f1': 0.0016, 'auc': 0.7187}
val: {'epoch': 18, 'loss': 0.1003, 'lr': 0.001, 'params': 419403, 'time_iter': 2.1225, 'accuracy': 0.9803, 'precision': 0.0, 'recall': 0.0, 'f1': 0.0, 'auc': 0.7546}
train: {'epoch': 18, 'eta': 1266100.6538, 'loss': 0.1462, 'lr': 0.001, 'params': 419403, 'time_iter': 15.1613, 'accuracy': 0.9625, 'precision': 0.0, 'recall': 0.0, 'f1': 0.0, 'auc': 0.7259}
val: {'epoch': 19, 'loss': 0.1049, 'lr': 0.001, 'params': 419403, 'time_iter': 2.1194, 'accuracy': 0.9803, 'precision': 0.0, 'recall': 0.0, 'f1': 0.0, 'auc': 0.7191}
train: {'epoch': 19, 'eta': 1250386.3941, 'loss': 0.1477, 'lr': 0.001, 'params': 419403, 'time_iter': 15.1701, 'accuracy': 0.9625, 'precision': 0.0, 'recall': 0.0, 'f1': 0.0, 'auc': 0.7111}
val: {'epoch': 20, 'loss': 0.1, 'lr': 0.001, 'params': 419403, 'time_iter': 2.2752, 'accuracy': 0.9801, 'precision': 0.0, 'recall': 0.0, 'f1': 0.0, 'auc': 0.7222}
train: {'epoch': 20, 'eta': 1234815.6058, 'loss': 0.1466, 'lr': 0.001, 'params': 419403, 'time_iter': 15.2046, 'accuracy': 0.9624, 'precision': 0.1667, 'recall': 0.0008, 'f1': 0.0016, 'auc': 0.721}
val: {'epoch': 21, 'loss': 0.1039, 'lr': 0.001, 'params': 419403, 'time_iter': 2.0014, 'accuracy': 0.9803, 'precision': 0.0, 'recall': 0.0, 'f1': 0.0, 'auc': 0.7393}
train: {'epoch': 21, 'eta': 1221301.485, 'loss': 0.1473, 'lr': 0.001, 'params': 419403, 'time_iter': 15.7702, 'accuracy': 0.9622, 'precision': 0.0769, 'recall': 0.0008, 'f1': 0.0016, 'auc': 0.7154}
val: {'epoch': 22, 'loss': 0.1014, 'lr': 0.001, 'params': 419403, 'time_iter': 2.1657, 'accuracy': 0.9803, 'precision': 0.0, 'recall': 0.0, 'f1': 0.0, 'auc': 0.7357}
train: {'epoch': 22, 'eta': 1205734.3111, 'loss': 0.147, 'lr': 0.001, 'params': 419403, 'time_iter': 15.2427, 'accuracy': 0.9624, 'precision': 0.0, 'recall': 0.0, 'f1': 0.0, 'auc': 0.723}
val: {'epoch': 23, 'loss': 0.1012, 'lr': 0.001, 'params': 419403, 'time_iter': 2.1918, 'accuracy': 0.9803, 'precision': 0.0, 'recall': 0.0, 'f1': 0.0, 'auc': 0.738}
train: {'epoch': 23, 'eta': 1191353.1932, 'loss': 0.1468, 'lr': 0.001, 'params': 419403, 'time_iter': 15.6097, 'accuracy': 0.9624, 'precision': 0.1429, 'recall': 0.0008, 'f1': 0.0016, 'auc': 0.7202}
val: {'epoch': 24, 'loss': 0.1004, 'lr': 0.001, 'params': 419403, 'time_iter': 1.8568, 'accuracy': 0.9803, 'precision': 0.0, 'recall': 0.0, 'f1': 0.0, 'auc': 0.7346}
train: {'epoch': 24, 'eta': 1173720.6137, 'loss': 0.1459, 'lr': 0.001, 'params': 419403, 'time_iter': 14.6, 'accuracy': 0.9624, 'precision': 0.25, 'recall': 0.0016, 'f1': 0.0032, 'auc': 0.7263}
val: {'epoch': 25, 'loss': 0.099, 'lr': 0.001, 'params': 419403, 'time_iter': 2.0542, 'accuracy': 0.9803, 'precision': 0.0, 'recall': 0.0, 'f1': 0.0, 'auc': 0.7053}
train: {'epoch': 25, 'eta': 1158293.5382, 'loss': 0.1455, 'lr': 0.001, 'params': 419403, 'time_iter': 15.2845, 'accuracy': 0.9625, 'precision': 0.3333, 'recall': 0.0016, 'f1': 0.0032, 'auc': 0.7292}
val: {'epoch': 26, 'loss': 0.1017, 'lr': 0.001, 'params': 419403, 'time_iter': 2.0701, 'accuracy': 0.9803, 'precision': 0.0, 'recall': 0.0, 'f1': 0.0, 'auc': 0.7161}
train: {'epoch': 26, 'eta': 1142013.094, 'loss': 0.1451, 'lr': 0.001, 'params': 419403, 'time_iter': 14.9858, 'accuracy': 0.9625, 'precision': 0.4545, 'recall': 0.0041, 'f1': 0.008, 'auc': 0.7257}
val: {'epoch': 27, 'loss': 0.0989, 'lr': 0.001, 'params': 419403, 'time_iter': 2.048, 'accuracy': 0.9803, 'precision': 0.0, 'recall': 0.0, 'f1': 0.0, 'auc': 0.7257}
train: {'epoch': 27, 'eta': 1125122.2367, 'loss': 0.1446, 'lr': 0.001, 'params': 419403, 'time_iter': 14.7319, 'accuracy': 0.9625, 'precision': 0.3333, 'recall': 0.0024, 'f1': 0.0048, 'auc': 0.7279}
val: {'epoch': 28, 'loss': 0.0969, 'lr': 0.001, 'params': 419403, 'time_iter': 2.0802, 'accuracy': 0.9803, 'precision': 0.0, 'recall': 0.0, 'f1': 0.0, 'auc': 0.746}
train: {'epoch': 28, 'eta': 1108356.6008, 'loss': 0.1446, 'lr': 0.001, 'params': 419403, 'time_iter': 14.7342, 'accuracy': 0.9624, 'precision': 0.2, 'recall': 0.0016, 'f1': 0.0032, 'auc': 0.7307}
val: {'epoch': 29, 'loss': 0.0938, 'lr': 0.001, 'params': 419403, 'time_iter': 1.9594, 'accuracy': 0.9803, 'precision': 0.0, 'recall': 0.0, 'f1': 0.0, 'auc': 0.7292}
train: {'epoch': 29, 'eta': 1094021.5378, 'loss': 0.144, 'lr': 0.001, 'params': 419403, 'time_iter': 15.702, 'accuracy': 0.9623, 'precision': 0.1667, 'recall': 0.0016, 'f1': 0.0032, 'auc': 0.7328}
val: {'epoch': 30, 'loss': 0.0996, 'lr': 0.001, 'params': 419403, 'time_iter': 2.4302, 'accuracy': 0.9801, 'precision': 0.0, 'recall': 0.0, 'f1': 0.0, 'auc': 0.7548}
train: {'epoch': 30, 'eta': 1078870.4511, 'loss': 0.143, 'lr': 0.001, 'params': 419403, 'time_iter': 15.397, 'accuracy': 0.9623, 'precision': 0.1429, 'recall': 0.0016, 'f1': 0.0032, 'auc': 0.7391}
val: {'epoch': 31, 'loss': 0.099, 'lr': 0.001, 'params': 419403, 'time_iter': 1.9655, 'accuracy': 0.9801, 'precision': 0.0, 'recall': 0.0, 'f1': 0.0, 'auc': 0.753}
train: {'epoch': 31, 'eta': 1065648.2078, 'loss': 0.1439, 'lr': 0.001, 'params': 419403, 'time_iter': 16.2989, 'accuracy': 0.9622, 'precision': 0.0769, 'recall': 0.0008, 'f1': 0.0016, 'auc': 0.7348}
val: {'epoch': 32, 'loss': 0.1016, 'lr': 0.001, 'params': 419403, 'time_iter': 2.0372, 'accuracy': 0.9801, 'precision': 0.0, 'recall': 0.0, 'f1': 0.0, 'auc': 0.7221}
train: {'epoch': 32, 'eta': 1050324.8103, 'loss': 0.1441, 'lr': 0.001, 'params': 419403, 'time_iter': 15.3962, 'accuracy': 0.9624, 'precision': 0.2727, 'recall': 0.0024, 'f1': 0.0048, 'auc': 0.7349}
val: {'epoch': 33, 'loss': 0.0982, 'lr': 0.001, 'params': 419403, 'time_iter': 2.0402, 'accuracy': 0.9801, 'precision': 0.0, 'recall': 0.0, 'f1': 0.0, 'auc': 0.7424}
train: {'epoch': 33, 'eta': 1033759.1816, 'loss': 0.1443, 'lr': 0.001, 'params': 419403, 'time_iter': 14.7896, 'accuracy': 0.9623, 'precision': 0.2143, 'recall': 0.0024, 'f1': 0.0048, 'auc': 0.7283}
val: {'epoch': 34, 'loss': 0.0939, 'lr': 0.001, 'params': 419403, 'time_iter': 2.2162, 'accuracy': 0.9803, 'precision': 0.0, 'recall': 0.0, 'f1': 0.0, 'auc': 0.743}
train: {'epoch': 34, 'eta': 1017473.7606, 'loss': 0.1441, 'lr': 0.001, 'params': 419403, 'time_iter': 14.8959, 'accuracy': 0.9623, 'precision': 0.1875, 'recall': 0.0024, 'f1': 0.0048, 'auc': 0.7306}
val: {'epoch': 35, 'loss': 0.0994, 'lr': 0.001, 'params': 419403, 'time_iter': 1.9522, 'accuracy': 0.9803, 'precision': 0.0, 'recall': 0.0, 'f1': 0.0, 'auc': 0.7074}
train: {'epoch': 35, 'eta': 1002564.6775, 'loss': 0.1447, 'lr': 0.001, 'params': 419403, 'time_iter': 15.6192, 'accuracy': 0.9622, 'precision': 0.125, 'recall': 0.0016, 'f1': 0.0032, 'auc': 0.7292}
val: {'epoch': 36, 'loss': 0.0978, 'lr': 0.001, 'params': 419403, 'time_iter': 2.023, 'accuracy': 0.9801, 'precision': 0.0, 'recall': 0.0, 'f1': 0.0, 'auc': 0.7319}
train: {'epoch': 36, 'eta': 986309.7458, 'loss': 0.1452, 'lr': 0.001, 'params': 419403, 'time_iter': 14.8869, 'accuracy': 0.9621, 'precision': 0.1739, 'recall': 0.0032, 'f1': 0.0064, 'auc': 0.7264}
val: {'epoch': 37, 'loss': 0.0992, 'lr': 0.001, 'params': 419403, 'time_iter': 2.5277, 'accuracy': 0.9801, 'precision': 0.0, 'recall': 0.0, 'f1': 0.0, 'auc': 0.7358}
train: {'epoch': 37, 'eta': 970808.1534, 'loss': 0.146, 'lr': 0.001, 'params': 419403, 'time_iter': 15.3063, 'accuracy': 0.962, 'precision': 0.2703, 'recall': 0.0081, 'f1': 0.0158, 'auc': 0.7193}
val: {'epoch': 38, 'loss': 0.0986, 'lr': 0.001, 'params': 419403, 'time_iter': 2.0501, 'accuracy': 0.9801, 'precision': 0.0, 'recall': 0.0, 'f1': 0.0, 'auc': 0.7438}
train: {'epoch': 38, 'eta': 956526.1661, 'loss': 0.1462, 'lr': 0.001, 'params': 419403, 'time_iter': 16.072, 'accuracy': 0.9624, 'precision': 0.2, 'recall': 0.0016, 'f1': 0.0032, 'auc': 0.7219}
val: {'epoch': 39, 'loss': 0.0957, 'lr': 0.001, 'params': 419403, 'time_iter': 2.0577, 'accuracy': 0.9801, 'precision': 0.0, 'recall': 0.0, 'f1': 0.0, 'auc': 0.7734}
train: {'epoch': 39, 'eta': 940400.5947, 'loss': 0.1453, 'lr': 0.001, 'params': 419403, 'time_iter': 14.9506, 'accuracy': 0.9619, 'precision': 0.2, 'recall': 0.0057, 'f1': 0.011, 'auc': 0.7249}
val: {'epoch': 40, 'loss': 0.0938, 'lr': 0.001, 'params': 419403, 'time_iter': 2.2415, 'accuracy': 0.9798, 'precision': 0.25, 'recall': 0.0123, 'f1': 0.0235, 'auc': 0.7651}
train: {'epoch': 40, 'eta': 925731.311, 'loss': 0.1443, 'lr': 0.001, 'params': 419403, 'time_iter': 15.9097, 'accuracy': 0.9623, 'precision': 0.3704, 'recall': 0.0081, 'f1': 0.0159, 'auc': 0.7299}
val: {'epoch': 41, 'loss': 0.1025, 'lr': 0.001, 'params': 419403, 'time_iter': 2.1193, 'accuracy': 0.9803, 'precision': 0.0, 'recall': 0.0, 'f1': 0.0, 'auc': 0.7234}
train: {'epoch': 41, 'eta': 909667.1943, 'loss': 0.1442, 'lr': 0.001, 'params': 419403, 'time_iter': 14.9851, 'accuracy': 0.9621, 'precision': 0.2727, 'recall': 0.0073, 'f1': 0.0142, 'auc': 0.7306}
val: {'epoch': 42, 'loss': 0.1004, 'lr': 0.001, 'params': 419403, 'time_iter': 2.2211, 'accuracy': 0.9798, 'precision': 0.0, 'recall': 0.0, 'f1': 0.0, 'auc': 0.7591}
train: {'epoch': 42, 'eta': 893290.158, 'loss': 0.1441, 'lr': 0.001, 'params': 419403, 'time_iter': 14.7338, 'accuracy': 0.9621, 'precision': 0.3077, 'recall': 0.0097, 'f1': 0.0189, 'auc': 0.7366}
val: {'epoch': 43, 'loss': 0.0954, 'lr': 0.001, 'params': 419403, 'time_iter': 1.8505, 'accuracy': 0.9798, 'precision': 0.0, 'recall': 0.0, 'f1': 0.0, 'auc': 0.7607}
train: {'epoch': 43, 'eta': 876768.7073, 'loss': 0.1435, 'lr': 0.001, 'params': 419403, 'time_iter': 14.5813, 'accuracy': 0.962, 'precision': 0.3061, 'recall': 0.0122, 'f1': 0.0234, 'auc': 0.7401}
val: {'epoch': 44, 'loss': 0.0959, 'lr': 0.001, 'params': 419403, 'time_iter': 3.1547, 'accuracy': 0.9798, 'precision': 0.0, 'recall': 0.0, 'f1': 0.0, 'auc': 0.7704}
train: {'epoch': 44, 'eta': 861542.9282, 'loss': 0.1432, 'lr': 0.001, 'params': 419403, 'time_iter': 15.5579, 'accuracy': 0.9619, 'precision': 0.2653, 'recall': 0.0106, 'f1': 0.0203, 'auc': 0.7405}
val: {'epoch': 45, 'loss': 0.0979, 'lr': 0.001, 'params': 419403, 'time_iter': 2.0234, 'accuracy': 0.9796, 'precision': 0.0, 'recall': 0.0, 'f1': 0.0, 'auc': 0.7709}
train: {'epoch': 45, 'eta': 845610.9896, 'loss': 0.1445, 'lr': 0.001, 'params': 419403, 'time_iter': 15.0015, 'accuracy': 0.9623, 'precision': 0.2917, 'recall': 0.0057, 'f1': 0.0111, 'auc': 0.7333}
val: {'epoch': 46, 'loss': 0.1002, 'lr': 0.001, 'params': 419403, 'time_iter': 2.0647, 'accuracy': 0.9798, 'precision': 0.0, 'recall': 0.0, 'f1': 0.0, 'auc': 0.7698}
train: {'epoch': 46, 'eta': 829986.2043, 'loss': 0.1436, 'lr': 0.001, 'params': 419403, 'time_iter': 15.248, 'accuracy': 0.9623, 'precision': 0.3548, 'recall': 0.0089, 'f1': 0.0174, 'auc': 0.7414}
val: {'epoch': 47, 'loss': 0.1013, 'lr': 0.001, 'params': 419403, 'time_iter': 2.2727, 'accuracy': 0.9798, 'precision': 0.0, 'recall': 0.0, 'f1': 0.0, 'auc': 0.7652}
train: {'epoch': 47, 'eta': 814163.0524, 'loss': 0.1434, 'lr': 0.001, 'params': 419403, 'time_iter': 15.0725, 'accuracy': 0.9623, 'precision': 0.2353, 'recall': 0.0032, 'f1': 0.0064, 'auc': 0.739}
val: {'epoch': 48, 'loss': 0.0996, 'lr': 0.001, 'params': 419403, 'time_iter': 2.0993, 'accuracy': 0.9801, 'precision': 0.0, 'recall': 0.0, 'f1': 0.0, 'auc': 0.7586}
train: {'epoch': 48, 'eta': 798504.8441, 'loss': 0.1428, 'lr': 0.001, 'params': 419403, 'time_iter': 15.2146, 'accuracy': 0.9622, 'precision': 0.2593, 'recall': 0.0057, 'f1': 0.0111, 'auc': 0.7393}
val: {'epoch': 49, 'loss': 0.1004, 'lr': 0.001, 'params': 419403, 'time_iter': 2.1185, 'accuracy': 0.9796, 'precision': 0.0, 'recall': 0.0, 'f1': 0.0, 'auc': 0.7782}
train: {'epoch': 49, 'eta': 782864.9352, 'loss': 0.1421, 'lr': 0.001, 'params': 419403, 'time_iter': 15.2323, 'accuracy': 0.9621, 'precision': 0.2581, 'recall': 0.0065, 'f1': 0.0127, 'auc': 0.744}
val: {'epoch': 50, 'loss': 0.0987, 'lr': 0.001, 'params': 419403, 'time_iter': 2.0212, 'accuracy': 0.9798, 'precision': 0.0, 'recall': 0.0, 'f1': 0.0, 'auc': 0.7764}
train: {'epoch': 50, 'eta': 767040.5536, 'loss': 0.1419, 'lr': 0.001, 'params': 419403, 'time_iter': 15.047, 'accuracy': 0.9623, 'precision': 0.3793, 'recall': 0.0089, 'f1': 0.0174, 'auc': 0.7473}
val: {'epoch': 51, 'loss': 0.107, 'lr': 0.001, 'params': 419403, 'time_iter': 2.0854, 'accuracy': 0.9798, 'precision': 0.0, 'recall': 0.0, 'f1': 0.0, 'auc': 0.7362}
train: {'epoch': 51, 'eta': 751738.6478, 'loss': 0.1412, 'lr': 0.001, 'params': 419403, 'time_iter': 15.5833, 'accuracy': 0.9622, 'precision': 0.3514, 'recall': 0.0106, 'f1': 0.0205, 'auc': 0.7515}
val: {'epoch': 52, 'loss': 0.0995, 'lr': 0.001, 'params': 419403, 'time_iter': 2.1096, 'accuracy': 0.9798, 'precision': 0.0, 'recall': 0.0, 'f1': 0.0, 'auc': 0.7377}
train: {'epoch': 52, 'eta': 736189.4826, 'loss': 0.1414, 'lr': 0.001, 'params': 419403, 'time_iter': 15.3426, 'accuracy': 0.962, 'precision': 0.2286, 'recall': 0.0065, 'f1': 0.0126, 'auc': 0.7464}
val: {'epoch': 53, 'loss': 0.1004, 'lr': 0.001, 'params': 419403, 'time_iter': 1.9938, 'accuracy': 0.9801, 'precision': 0.0, 'recall': 0.0, 'f1': 0.0, 'auc': 0.7614}
train: {'epoch': 53, 'eta': 720753.9249, 'loss': 0.1412, 'lr': 0.001, 'params': 419403, 'time_iter': 15.4823, 'accuracy': 0.962, 'precision': 0.2955, 'recall': 0.0106, 'f1': 0.0204, 'auc': 0.7508}
val: {'epoch': 54, 'loss': 0.1069, 'lr': 0.001, 'params': 419403, 'time_iter': 2.6036, 'accuracy': 0.9798, 'precision': 0.0, 'recall': 0.0, 'f1': 0.0, 'auc': 0.7493}
train: {'epoch': 54, 'eta': 705155.5241, 'loss': 0.1413, 'lr': 0.001, 'params': 419403, 'time_iter': 15.3103, 'accuracy': 0.9618, 'precision': 0.1622, 'recall': 0.0049, 'f1': 0.0095, 'auc': 0.7526}
val: {'epoch': 55, 'loss': 0.1014, 'lr': 0.001, 'params': 419403, 'time_iter': 2.1139, 'accuracy': 0.9796, 'precision': 0.0, 'recall': 0.0, 'f1': 0.0, 'auc': 0.7607}
train: {'epoch': 55, 'eta': 689638.3855, 'loss': 0.1411, 'lr': 0.001, 'params': 419403, 'time_iter': 15.4177, 'accuracy': 0.962, 'precision': 0.1724, 'recall': 0.0041, 'f1': 0.0079, 'auc': 0.751}
val: {'epoch': 56, 'loss': 0.1036, 'lr': 0.001, 'params': 419403, 'time_iter': 1.9974, 'accuracy': 0.9793, 'precision': 0.0, 'recall': 0.0, 'f1': 0.0, 'auc': 0.7407}
train: {'epoch': 56, 'eta': 673716.4764, 'loss': 0.1422, 'lr': 0.001, 'params': 419403, 'time_iter': 14.912, 'accuracy': 0.9617, 'precision': 0.1143, 'recall': 0.0032, 'f1': 0.0063, 'auc': 0.7465}
val: {'epoch': 57, 'loss': 0.1073, 'lr': 0.001, 'params': 419403, 'time_iter': 2.3077, 'accuracy': 0.9796, 'precision': 0.0, 'recall': 0.0, 'f1': 0.0, 'auc': 0.7581}
train: {'epoch': 57, 'eta': 657924.4514, 'loss': 0.1415, 'lr': 0.001, 'params': 419403, 'time_iter': 15.0596, 'accuracy': 0.962, 'precision': 0.1481, 'recall': 0.0032, 'f1': 0.0064, 'auc': 0.7527}
val: {'epoch': 58, 'loss': 0.1032, 'lr': 0.001, 'params': 419403, 'time_iter': 1.9743, 'accuracy': 0.9798, 'precision': 0.0, 'recall': 0.0, 'f1': 0.0, 'auc': 0.7605}
train: {'epoch': 58, 'eta': 642038.8744, 'loss': 0.1417, 'lr': 0.001, 'params': 419403, 'time_iter': 14.9147, 'accuracy': 0.9621, 'precision': 0.2222, 'recall': 0.0049, 'f1': 0.0095, 'auc': 0.7502}
val: {'epoch': 59, 'loss': 0.1028, 'lr': 0.001, 'params': 419403, 'time_iter': 2.2908, 'accuracy': 0.9798, 'precision': 0.0, 'recall': 0.0, 'f1': 0.0, 'auc': 0.7379}
train: {'epoch': 59, 'eta': 626584.0254, 'loss': 0.1417, 'lr': 0.001, 'params': 419403, 'time_iter': 15.5165, 'accuracy': 0.9623, 'precision': 0.2778, 'recall': 0.0041, 'f1': 0.008, 'auc': 0.7496}
val: {'epoch': 60, 'loss': 0.1036, 'lr': 0.001, 'params': 419403, 'time_iter': 2.2928, 'accuracy': 0.9798, 'precision': 0.0, 'recall': 0.0, 'f1': 0.0, 'auc': 0.7425}
train: {'epoch': 60, 'eta': 611006.0932, 'loss': 0.1426, 'lr': 0.001, 'params': 419403, 'time_iter': 15.3549, 'accuracy': 0.9621, 'precision': 0.25, 'recall': 0.0057, 'f1': 0.0111, 'auc': 0.7428}
val: {'epoch': 61, 'loss': 0.1067, 'lr': 0.001, 'params': 419403, 'time_iter': 2.0713, 'accuracy': 0.9798, 'precision': 0.0, 'recall': 0.0, 'f1': 0.0, 'auc': 0.7165}
train: {'epoch': 61, 'eta': 595188.149, 'loss': 0.1449, 'lr': 0.001, 'params': 419403, 'time_iter': 14.9857, 'accuracy': 0.9618, 'precision': 0.125, 'recall': 0.0032, 'f1': 0.0063, 'auc': 0.7291}
val: {'epoch': 62, 'loss': 0.1051, 'lr': 0.001, 'params': 419403, 'time_iter': 1.981, 'accuracy': 0.9798, 'precision': 0.0, 'recall': 0.0, 'f1': 0.0, 'auc': 0.7409}
train: {'epoch': 62, 'eta': 579383.2248, 'loss': 0.1437, 'lr': 0.001, 'params': 419403, 'time_iter': 14.9863, 'accuracy': 0.9621, 'precision': 0.1667, 'recall': 0.0032, 'f1': 0.0064, 'auc': 0.7346}
val: {'epoch': 63, 'loss': 0.1031, 'lr': 0.001, 'params': 419403, 'time_iter': 1.9571, 'accuracy': 0.9798, 'precision': 0.0, 'recall': 0.0, 'f1': 0.0, 'auc': 0.7523}
train: {'epoch': 63, 'eta': 563528.3872, 'loss': 0.1423, 'lr': 0.001, 'params': 419403, 'time_iter': 14.8794, 'accuracy': 0.9616, 'precision': 0.1429, 'recall': 0.0049, 'f1': 0.0094, 'auc': 0.7452}
val: {'epoch': 64, 'loss': 0.1002, 'lr': 0.001, 'params': 419403, 'time_iter': 2.7146, 'accuracy': 0.9798, 'precision': 0.0, 'recall': 0.0, 'f1': 0.0, 'auc': 0.7719}
train: {'epoch': 64, 'eta': 547869.2064, 'loss': 0.1413, 'lr': 0.001, 'params': 419403, 'time_iter': 15.2023, 'accuracy': 0.962, 'precision': 0.2, 'recall': 0.0049, 'f1': 0.0095, 'auc': 0.7517}
val: {'epoch': 65, 'loss': 0.1019, 'lr': 0.001, 'params': 419403, 'time_iter': 2.0854, 'accuracy': 0.9801, 'precision': 0.0, 'recall': 0.0, 'f1': 0.0, 'auc': 0.7549}
train: {'epoch': 65, 'eta': 532231.4451, 'loss': 0.1417, 'lr': 0.001, 'params': 419403, 'time_iter': 15.2418, 'accuracy': 0.962, 'precision': 0.25, 'recall': 0.0073, 'f1': 0.0142, 'auc': 0.747}
val: {'epoch': 66, 'loss': 0.1054, 'lr': 0.001, 'params': 419403, 'time_iter': 2.0951, 'accuracy': 0.9801, 'precision': 0.0, 'recall': 0.0, 'f1': 0.0, 'auc': 0.7295}
train: {'epoch': 66, 'eta': 516400.7657, 'loss': 0.1414, 'lr': 0.001, 'params': 419403, 'time_iter': 14.8638, 'accuracy': 0.9618, 'precision': 0.1905, 'recall': 0.0065, 'f1': 0.0126, 'auc': 0.7486}
val: {'epoch': 67, 'loss': 0.1068, 'lr': 0.001, 'params': 419403, 'time_iter': 2.1814, 'accuracy': 0.9801, 'precision': 0.0, 'recall': 0.0, 'f1': 0.0, 'auc': 0.7567}
train: {'epoch': 67, 'eta': 500559.0755, 'loss': 0.1417, 'lr': 0.001, 'params': 419403, 'time_iter': 14.8085, 'accuracy': 0.962, 'precision': 0.2121, 'recall': 0.0057, 'f1': 0.0111, 'auc': 0.7438}
val: {'epoch': 68, 'loss': 0.1008, 'lr': 0.001, 'params': 419403, 'time_iter': 2.1817, 'accuracy': 0.9801, 'precision': 0.0, 'recall': 0.0, 'f1': 0.0, 'auc': 0.7645}
train: {'epoch': 68, 'eta': 484887.1397, 'loss': 0.141, 'lr': 0.001, 'params': 419403, 'time_iter': 15.1379, 'accuracy': 0.9619, 'precision': 0.2439, 'recall': 0.0081, 'f1': 0.0157, 'auc': 0.7529}
val: {'epoch': 69, 'loss': 0.103, 'lr': 0.001, 'params': 419403, 'time_iter': 2.0289, 'accuracy': 0.9798, 'precision': 0.0, 'recall': 0.0, 'f1': 0.0, 'auc': 0.7635}
train: {'epoch': 69, 'eta': 469189.2992, 'loss': 0.141, 'lr': 0.001, 'params': 419403, 'time_iter': 15.073, 'accuracy': 0.9616, 'precision': 0.1837, 'recall': 0.0073, 'f1': 0.0141, 'auc': 0.7498}
val: {'epoch': 70, 'loss': 0.1055, 'lr': 0.001, 'params': 419403, 'time_iter': 2.0242, 'accuracy': 0.9798, 'precision': 0.0, 'recall': 0.0, 'f1': 0.0, 'auc': 0.7468}
train: {'epoch': 70, 'eta': 453543.5021, 'loss': 0.1417, 'lr': 0.001, 'params': 419403, 'time_iter': 15.1842, 'accuracy': 0.9619, 'precision': 0.25, 'recall': 0.0089, 'f1': 0.0172, 'auc': 0.7474}
val: {'epoch': 71, 'loss': 0.1047, 'lr': 0.001, 'params': 419403, 'time_iter': 2.0111, 'accuracy': 0.9801, 'precision': 0.0, 'recall': 0.0, 'f1': 0.0, 'auc': 0.7612}
train: {'epoch': 71, 'eta': 437737.8047, 'loss': 0.1412, 'lr': 0.001, 'params': 419403, 'time_iter': 14.7832, 'accuracy': 0.9618, 'precision': 0.2391, 'recall': 0.0089, 'f1': 0.0172, 'auc': 0.7491}
val: {'epoch': 72, 'loss': 0.1004, 'lr': 0.001, 'params': 419403, 'time_iter': 2.0626, 'accuracy': 0.9798, 'precision': 0.0, 'recall': 0.0, 'f1': 0.0, 'auc': 0.7569}
train: {'epoch': 72, 'eta': 422125.4025, 'loss': 0.1407, 'lr': 0.001, 'params': 419403, 'time_iter': 15.2483, 'accuracy': 0.9619, 'precision': 0.2105, 'recall': 0.0065, 'f1': 0.0126, 'auc': 0.7509}
val: {'epoch': 73, 'loss': 0.1051, 'lr': 0.001, 'params': 419403, 'time_iter': 2.0719, 'accuracy': 0.9801, 'precision': 0.0, 'recall': 0.0, 'f1': 0.0, 'auc': 0.7518}
train: {'epoch': 73, 'eta': 406431.2467, 'loss': 0.1409, 'lr': 0.001, 'params': 419403, 'time_iter': 15.028, 'accuracy': 0.9618, 'precision': 0.2093, 'recall': 0.0073, 'f1': 0.0141, 'auc': 0.7505}
val: {'epoch': 74, 'loss': 0.1023, 'lr': 0.001, 'params': 419403, 'time_iter': 2.518, 'accuracy': 0.9796, 'precision': 0.0, 'recall': 0.0, 'f1': 0.0, 'auc': 0.7372}
train: {'epoch': 74, 'eta': 390684.5721, 'loss': 0.1406, 'lr': 0.001, 'params': 419403, 'time_iter': 14.857, 'accuracy': 0.9619, 'precision': 0.2308, 'recall': 0.0073, 'f1': 0.0142, 'auc': 0.7563}
val: {'epoch': 75, 'loss': 0.1, 'lr': 0.001, 'params': 419403, 'time_iter': 2.1409, 'accuracy': 0.9796, 'precision': 0.0, 'recall': 0.0, 'f1': 0.0, 'auc': 0.761}
train: {'epoch': 75, 'eta': 375200.9076, 'loss': 0.14, 'lr': 0.001, 'params': 419403, 'time_iter': 15.6292, 'accuracy': 0.9621, 'precision': 0.3404, 'recall': 0.013, 'f1': 0.025, 'auc': 0.7568}
val: {'epoch': 76, 'loss': 0.1033, 'lr': 0.001, 'params': 419403, 'time_iter': 1.9454, 'accuracy': 0.9798, 'precision': 0.0, 'recall': 0.0, 'f1': 0.0, 'auc': 0.7519}
train: {'epoch': 76, 'eta': 359492.6803, 'loss': 0.1402, 'lr': 0.001, 'params': 419403, 'time_iter': 14.9492, 'accuracy': 0.9616, 'precision': 0.2182, 'recall': 0.0097, 'f1': 0.0186, 'auc': 0.7595}
val: {'epoch': 77, 'loss': 0.1121, 'lr': 0.001, 'params': 419403, 'time_iter': 2.0278, 'accuracy': 0.9796, 'precision': 0.0, 'recall': 0.0, 'f1': 0.0, 'auc': 0.7283}
train: {'epoch': 77, 'eta': 343820.2477, 'loss': 0.1396, 'lr': 0.001, 'params': 419403, 'time_iter': 15.0438, 'accuracy': 0.9619, 'precision': 0.3, 'recall': 0.0122, 'f1': 0.0234, 'auc': 0.7619}
val: {'epoch': 78, 'loss': 0.1088, 'lr': 0.001, 'params': 419403, 'time_iter': 2.068, 'accuracy': 0.9796, 'precision': 0.0, 'recall': 0.0, 'f1': 0.0, 'auc': 0.701}
train: {'epoch': 78, 'eta': 328263.6932, 'loss': 0.1399, 'lr': 0.001, 'params': 419403, 'time_iter': 15.4497, 'accuracy': 0.9619, 'precision': 0.2558, 'recall': 0.0089, 'f1': 0.0173, 'auc': 0.76}
val: {'epoch': 79, 'loss': 0.0982, 'lr': 0.001, 'params': 419403, 'time_iter': 1.9535, 'accuracy': 0.9796, 'precision': 0.0, 'recall': 0.0, 'f1': 0.0, 'auc': 0.7409}
train: {'epoch': 79, 'eta': 312529.8955, 'loss': 0.1413, 'lr': 0.001, 'params': 419403, 'time_iter': 14.7938, 'accuracy': 0.9619, 'precision': 0.2727, 'recall': 0.0097, 'f1': 0.0188, 'auc': 0.7514}
val: {'epoch': 80, 'loss': 0.1045, 'lr': 0.001, 'params': 419403, 'time_iter': 2.1596, 'accuracy': 0.9796, 'precision': 0.0, 'recall': 0.0, 'f1': 0.0, 'auc': 0.7432}
train: {'epoch': 80, 'eta': 296956.7166, 'loss': 0.1407, 'lr': 0.001, 'params': 419403, 'time_iter': 15.407, 'accuracy': 0.9618, 'precision': 0.2143, 'recall': 0.0073, 'f1': 0.0141, 'auc': 0.7599}
val: {'epoch': 81, 'loss': 0.108, 'lr': 0.001, 'params': 419403, 'time_iter': 2.9525, 'accuracy': 0.9801, 'precision': 0.0, 'recall': 0.0, 'f1': 0.0, 'auc': 0.6986}
train: {'epoch': 81, 'eta': 281442.2204, 'loss': 0.1418, 'lr': 0.001, 'params': 419403, 'time_iter': 15.6971, 'accuracy': 0.9618, 'precision': 0.2, 'recall': 0.0065, 'f1': 0.0126, 'auc': 0.7543}
val: {'epoch': 82, 'loss': 0.1066, 'lr': 0.001, 'params': 419403, 'time_iter': 2.0706, 'accuracy': 0.9803, 'precision': 0.0, 'recall': 0.0, 'f1': 0.0, 'auc': 0.7341}
train: {'epoch': 82, 'eta': 265828.5809, 'loss': 0.1411, 'lr': 0.001, 'params': 419403, 'time_iter': 15.2996, 'accuracy': 0.9618, 'precision': 0.1905, 'recall': 0.0065, 'f1': 0.0126, 'auc': 0.7576}
val: {'epoch': 83, 'loss': 0.1051, 'lr': 0.001, 'params': 419403, 'time_iter': 2.0458, 'accuracy': 0.9798, 'precision': 0.0, 'recall': 0.0, 'f1': 0.0, 'auc': 0.7018}
train: {'epoch': 83, 'eta': 250149.8296, 'loss': 0.1412, 'lr': 0.001, 'params': 419403, 'time_iter': 14.9831, 'accuracy': 0.9621, 'precision': 0.2083, 'recall': 0.0041, 'f1': 0.008, 'auc': 0.7554}
val: {'epoch': 84, 'loss': 0.1018, 'lr': 0.001, 'params': 419403, 'time_iter': 2.0631, 'accuracy': 0.9801, 'precision': 0.0, 'recall': 0.0, 'f1': 0.0, 'auc': 0.7235}
train: {'epoch': 84, 'eta': 234452.2164, 'loss': 0.1405, 'lr': 0.001, 'params': 419403, 'time_iter': 14.8454, 'accuracy': 0.9621, 'precision': 0.1923, 'recall': 0.0041, 'f1': 0.0079, 'auc': 0.7562}
val: {'epoch': 85, 'loss': 0.1077, 'lr': 0.001, 'params': 419403, 'time_iter': 1.8725, 'accuracy': 0.9801, 'precision': 0.0, 'recall': 0.0, 'f1': 0.0, 'auc': 0.7154}
train: {'epoch': 85, 'eta': 218851.3729, 'loss': 0.1419, 'lr': 0.001, 'params': 419403, 'time_iter': 15.3646, 'accuracy': 0.9621, 'precision': 0.25, 'recall': 0.0057, 'f1': 0.0111, 'auc': 0.7493}
val: {'epoch': 86, 'loss': 0.1021, 'lr': 0.001, 'params': 419403, 'time_iter': 2.1374, 'accuracy': 0.9801, 'precision': 0.0, 'recall': 0.0, 'f1': 0.0, 'auc': 0.7379}
train: {'epoch': 86, 'eta': 203203.7422, 'loss': 0.1409, 'lr': 0.001, 'params': 419403, 'time_iter': 15.0916, 'accuracy': 0.9621, 'precision': 0.2812, 'recall': 0.0073, 'f1': 0.0142, 'auc': 0.7531}
val: {'epoch': 87, 'loss': 0.1044, 'lr': 0.001, 'params': 419403, 'time_iter': 2.1683, 'accuracy': 0.9803, 'precision': 0.0, 'recall': 0.0, 'f1': 0.0, 'auc': 0.7368}
train: {'epoch': 87, 'eta': 187548.3105, 'loss': 0.141, 'lr': 0.001, 'params': 419403, 'time_iter': 15.0168, 'accuracy': 0.9621, 'precision': 0.2973, 'recall': 0.0089, 'f1': 0.0173, 'auc': 0.7519}
val: {'epoch': 88, 'loss': 0.1037, 'lr': 0.001, 'params': 419403, 'time_iter': 2.5844, 'accuracy': 0.9803, 'precision': 0.0, 'recall': 0.0, 'f1': 0.0, 'auc': 0.7503}
train: {'epoch': 88, 'eta': 171867.4701, 'loss': 0.141, 'lr': 0.001, 'params': 419403, 'time_iter': 14.7811, 'accuracy': 0.9618, 'precision': 0.1622, 'recall': 0.0049, 'f1': 0.0095, 'auc': 0.7541}
val: {'epoch': 89, 'loss': 0.1026, 'lr': 0.001, 'params': 419403, 'time_iter': 2.1098, 'accuracy': 0.9803, 'precision': 0.0, 'recall': 0.0, 'f1': 0.0, 'auc': 0.7513}
train: {'epoch': 89, 'eta': 156182.2681, 'loss': 0.1403, 'lr': 0.001, 'params': 419403, 'time_iter': 14.6514, 'accuracy': 0.9622, 'precision': 0.2692, 'recall': 0.0057, 'f1': 0.0111, 'auc': 0.7566}
val: {'epoch': 90, 'loss': 0.0986, 'lr': 0.001, 'params': 419403, 'time_iter': 2.0703, 'accuracy': 0.9805, 'precision': 1.0, 'recall': 0.0123, 'f1': 0.0244, 'auc': 0.7418}
train: {'epoch': 90, 'eta': 140533.9562, 'loss': 0.1395, 'lr': 0.001, 'params': 419403, 'time_iter': 14.8824, 'accuracy': 0.9622, 'precision': 0.3333, 'recall': 0.0089, 'f1': 0.0174, 'auc': 0.7586}
val: {'epoch': 91, 'loss': 0.0963, 'lr': 0.001, 'params': 419403, 'time_iter': 2.4801, 'accuracy': 0.9808, 'precision': 1.0, 'recall': 0.0247, 'f1': 0.0482, 'auc': 0.7516}
train: {'epoch': 91, 'eta': 124916.702, 'loss': 0.1394, 'lr': 0.001, 'params': 419403, 'time_iter': 15.1483, 'accuracy': 0.9615, 'precision': 0.2034, 'recall': 0.0097, 'f1': 0.0186, 'auc': 0.7608}
val: {'epoch': 92, 'loss': 0.0999, 'lr': 0.001, 'params': 419403, 'time_iter': 1.917, 'accuracy': 0.9801, 'precision': 0.0, 'recall': 0.0, 'f1': 0.0, 'auc': 0.7583}
train: {'epoch': 92, 'eta': 109327.0462, 'loss': 0.1388, 'lr': 0.001, 'params': 419403, 'time_iter': 15.4964, 'accuracy': 0.9623, 'precision': 0.3871, 'recall': 0.0097, 'f1': 0.019, 'auc': 0.7631}
val: {'epoch': 93, 'loss': 0.1011, 'lr': 0.001, 'params': 419403, 'time_iter': 1.9655, 'accuracy': 0.9803, 'precision': 0.0, 'recall': 0.0, 'f1': 0.0, 'auc': 0.7661}
train: {'epoch': 93, 'eta': 93703.5922, 'loss': 0.1387, 'lr': 0.001, 'params': 419403, 'time_iter': 15.0972, 'accuracy': 0.9623, 'precision': 0.3824, 'recall': 0.0106, 'f1': 0.0205, 'auc': 0.76}
val: {'epoch': 94, 'loss': 0.0977, 'lr': 0.001, 'params': 419403, 'time_iter': 2.0034, 'accuracy': 0.9798, 'precision': 0.0, 'recall': 0.0, 'f1': 0.0, 'auc': 0.7571}
train: {'epoch': 94, 'eta': 78074.9412, 'loss': 0.1381, 'lr': 0.001, 'params': 419403, 'time_iter': 14.9669, 'accuracy': 0.9623, 'precision': 0.3077, 'recall': 0.0065, 'f1': 0.0127, 'auc': 0.7618}
val: {'epoch': 95, 'loss': 0.1007, 'lr': 0.001, 'params': 419403, 'time_iter': 1.8165, 'accuracy': 0.9803, 'precision': 0.0, 'recall': 0.0, 'f1': 0.0, 'auc': 0.7451}
train: {'epoch': 95, 'eta': 62454.9045, 'loss': 0.1378, 'lr': 0.001, 'params': 419403, 'time_iter': 15.0572, 'accuracy': 0.9623, 'precision': 0.3636, 'recall': 0.0097, 'f1': 0.019, 'auc': 0.7646}
val: {'epoch': 96, 'loss': 0.0986, 'lr': 0.001, 'params': 419403, 'time_iter': 1.9426, 'accuracy': 0.9803, 'precision': 0.0, 'recall': 0.0, 'f1': 0.0, 'auc': 0.7652}
train: {'epoch': 96, 'eta': 46848.6076, 'loss': 0.1379, 'lr': 0.001, 'params': 419403, 'time_iter': 15.4071, 'accuracy': 0.9621, 'precision': 0.2778, 'recall': 0.0081, 'f1': 0.0158, 'auc': 0.7636}
val: {'epoch': 97, 'loss': 0.1115, 'lr': 0.001, 'params': 419403, 'time_iter': 2.0375, 'accuracy': 0.9803, 'precision': 0.0, 'recall': 0.0, 'f1': 0.0, 'auc': 0.7097}
train: {'epoch': 97, 'eta': 31230.7068, 'loss': 0.1392, 'lr': 0.001, 'params': 419403, 'time_iter': 15.0952, 'accuracy': 0.9622, 'precision': 0.3421, 'recall': 0.0106, 'f1': 0.0205, 'auc': 0.7597}
val: {'epoch': 98, 'loss': 0.1045, 'lr': 0.001, 'params': 419403, 'time_iter': 2.4908, 'accuracy': 0.9803, 'precision': 0.0, 'recall': 0.0, 'f1': 0.0, 'auc': 0.7321}
train: {'epoch': 98, 'eta': 15611.9287, 'loss': 0.1409, 'lr': 0.001, 'params': 419403, 'time_iter': 14.8458, 'accuracy': 0.9624, 'precision': 0.3929, 'recall': 0.0089, 'f1': 0.0175, 'auc': 0.7503}
val: {'epoch': 99, 'loss': 0.1088, 'lr': 0.001, 'params': 419403, 'time_iter': 2.0595, 'accuracy': 0.9803, 'precision': 0.0, 'recall': 0.0, 'f1': 0.0, 'auc': 0.7326}
train: {'epoch': 99, 'eta': 0.0, 'loss': 0.1426, 'lr': 0.001, 'params': 419403, 'time_iter': 15.1136, 'accuracy': 0.9622, 'precision': 0.2903, 'recall': 0.0073, 'f1': 0.0143, 'auc': 0.7442}
test: {'epoch': 99, 'loss': 0.1772, 'lr': 0.001, 'params': 419403, 'time_iter': 1.8064, 'accuracy': 0.9684, 'precision': 0.0, 'recall': 0.0, 'f1': 0.0, 'auc': 0.7024}
test: {'epoch': 49, 'loss': 0.1627, 'lr': 0.001, 'params': 419403, 'time_iter': 1.6453, 'accuracy': 0.9679, 'precision': 0.0, 'recall': 0.0, 'f1': 0.0, 'auc': 0.733}
