GraphGymModule(
  (model): DilatedGNNModel(
    (encoder): FeatureEncoder(
      (node_encoder): AtomEncoder(
        (atom_embedding_list): ModuleList(
          (0): Embedding(119, 300)
          (1): Embedding(4, 300)
          (2): Embedding(12, 300)
          (3): Embedding(12, 300)
          (4): Embedding(10, 300)
          (5): Embedding(6, 300)
          (6): Embedding(6, 300)
          (7): Embedding(2, 300)
          (8): Embedding(2, 300)
        )
      )
      (edge_encoder): BondEncoder(
        (bond_embedding_list): ModuleList(
          (0): Embedding(5, 300)
          (1): Embedding(6, 300)
          (2): Embedding(2, 300)
        )
      )
    )
    (mp): GNNDilatedStage(
      (classic_layers): ModuleList(
        (0): GeneralLayer(
          (layer): EGINConv(
            (model): GINEConv(nn=Sequential(
              (0): Linear(300, 300, bias=True)
              (1): ReLU()
              (2): Linear(300, 300, bias=True)
            ))
          )
          (post_layer): Sequential(
            (0): BatchNorm1d(300, eps=1e-05, momentum=0.1, affine=True, track_running_stats=True)
            (1): Dropout(p=0.5, inplace=False)
            (2): ReLU()
          )
        )
      )
      (dilated_layers): ModuleList(
        (0): DilatedGeneralLayer(
          (layer): EGINConv(
            (model): GINEConv(nn=Sequential(
              (0): Linear(300, 300, bias=True)
              (1): ReLU()
              (2): Linear(300, 300, bias=True)
            ))
          )
          (post_layer): Sequential(
            (0): BatchNorm1d(300, eps=1e-05, momentum=0.1, affine=True, track_running_stats=True)
            (1): Dropout(p=0.5, inplace=False)
            (2): ReLU()
          )
          (gem): GeM(p=3.0000, eps=1e-06)
        )
        (1): DilatedGeneralLayer(
          (layer): EGINConv(
            (model): GINEConv(nn=Sequential(
              (0): Linear(300, 300, bias=True)
              (1): ReLU()
              (2): Linear(300, 300, bias=True)
            ))
          )
          (post_layer): Sequential(
            (0): BatchNorm1d(300, eps=1e-05, momentum=0.1, affine=True, track_running_stats=True)
            (1): Dropout(p=0.5, inplace=False)
            (2): ReLU()
          )
          (gem): GeM(p=3.0000, eps=1e-06)
        )
      )
      (act): ReLU()
    )
    (post_mp): GNNGraphHead(
      (layer_post_mp): MLP(
        (model): Sequential(
          (0): Linear(
            (model): Linear(300, 1, bias=True)
          )
        )
      )
    )
  )
)
accelerator: cuda
benchmark: False
bn:
  eps: 1e-05
  mom: 0.1
cfg_dest: config.yaml
custom_metrics: []
dataset:
  cache_load: False
  cache_save: False
  dir: ./datasets
  edge_dim: 300
  edge_encoder: True
  edge_encoder_bn: False
  edge_encoder_name: Bond
  edge_message_ratio: 0.8
  edge_negative_sampling_ratio: 1.0
  edge_train_mode: all
  encoder: True
  encoder_bn: True
  encoder_dim: 128
  encoder_name: db
  fast_loader: False
  format: OGB
  label_column: none
  label_table: none
  location: local
  name: ogbg-molhiv
  node_encoder: True
  node_encoder_bn: False
  node_encoder_name: Atom
  remove_feature: False
  resample_disjoint: False
  resample_negative: False
  shuffle_split: True
  split: [0.8, 0.1, 0.1]
  split_mode: random
  task: graph
  task_type: classification
  to_undirected: False
  transductive: False
  transform: none
  tu_simple: True
devices: 1
gnn:
  act: relu
  act_on_last_layer_mp: False
  agg: none
  att_final_linear: False
  att_final_linear_bn: False
  att_heads: 1
  batchnorm: True
  clear_feature: True
  dilated_path_join: none
  dim_inner: 300
  dropout: 0.5
  head: graph
  keep_edge: 0.5
  l2norm: True
  layer_type: eginconv
  layers_k1: 1
  layers_k2: 2
  layers_mp: 5
  layers_post_mp: 1
  layers_pre_mp: 0
  learn_alpha_residual_connection: False
  msg_direction: single
  normalize_adj: False
  self_msg: concat
  skip_every: 1
  stage_type: stack
  use_edge_features: True
gpu_mem: False
mem:
  inplace: False
metric_agg: argmax
metric_best: auc
model:
  edge_decoding: dot
  graph_pooling: mean
  loss_fun: cross_entropy
  match_upper: True
  size_average: mean
  thresh: 0.5
  type: dilated_gnn
num_threads: 6
num_workers: 16
optim:
  base_lr: 0.001
  lr_decay: 0.1
  max_epoch: 100
  momentum: 0.9
  optimizer: adam
  scheduler: none
  steps: [30, 60, 90]
  weight_decay: 0.0
out_dir: results_experiments/ogbg_molhiv_baseline_grid_design/ogbg_molhiv_baseline-type=dilated_gnn-layer_type=eginconv-layers_k1=1-layers_k2=2-dilated_path_join=none-learn_alpha_residual_connection=False
params: 870603
print: both
round: 4
run_dir: results_experiments/ogbg_molhiv_baseline_grid_design/ogbg_molhiv_baseline-type=dilated_gnn-layer_type=eginconv-layers_k1=1-layers_k2=2-dilated_path_join=none-learn_alpha_residual_connection=False/5
seed: 6
share:
  dim_in: 9
  dim_out: 2
  num_splits: 3
tensorboard_agg: True
tensorboard_each_run: False
train:
  auto_resume: False
  batch_size: 32
  ckpt_clean: True
  ckpt_period: 100
  enable_ckpt: True
  epoch_resume: -1
  eval_period: 1
  iter_per_epoch: 32
  neighbor_sizes: [20, 15, 10, 5]
  node_per_graph: 32
  radius: extend
  sample_node: False
  sampler: full_batch
  skip_train_eval: False
  walk_length: 4
val:
  node_per_graph: 32
  radius: extend
  sample_node: False
  sampler: full_batch
view_emb: False
Num parameters: 870603
val: {'epoch': 0, 'loss': 0.6353, 'lr': 0.001, 'params': 870603, 'time_iter': 1.1915, 'accuracy': 0.9844, 'precision': 0.0, 'recall': 0.0, 'f1': 0.0, 'auc': 0.3175}
val: {'epoch': 0, 'loss': 0.1006, 'lr': 0.001, 'params': 870603, 'time_iter': 3.2225, 'accuracy': 0.9803, 'precision': 0.0, 'recall': 0.0, 'f1': 0.0, 'auc': 0.5629}
train: {'epoch': 0, 'eta': 1805546.773, 'loss': 0.181, 'lr': 0.001, 'params': 870603, 'time_iter': 17.7239, 'accuracy': 0.9618, 'precision': 0.0385, 'recall': 0.0008, 'f1': 0.0016, 'auc': 0.5632}
val: {'epoch': 1, 'loss': 0.0965, 'lr': 0.001, 'params': 870603, 'time_iter': 3.1584, 'accuracy': 0.9803, 'precision': 0.0, 'recall': 0.0, 'f1': 0.0, 'auc': 0.6259}
train: {'epoch': 1, 'eta': 1757038.9488, 'loss': 0.1571, 'lr': 0.001, 'params': 870603, 'time_iter': 17.1235, 'accuracy': 0.9626, 'precision': 0.0, 'recall': 0.0, 'f1': 0.0, 'auc': 0.6175}
val: {'epoch': 2, 'loss': 0.0915, 'lr': 0.001, 'params': 870603, 'time_iter': 4.0109, 'accuracy': 0.9803, 'precision': 0.0, 'recall': 0.0, 'f1': 0.0, 'auc': 0.6939}
train: {'epoch': 2, 'eta': 1735861.5962, 'loss': 0.1518, 'lr': 0.001, 'params': 870603, 'time_iter': 17.326, 'accuracy': 0.9626, 'precision': 0.0, 'recall': 0.0, 'f1': 0.0, 'auc': 0.682}
val: {'epoch': 3, 'loss': 0.0821, 'lr': 0.001, 'params': 870603, 'time_iter': 3.0642, 'accuracy': 0.9805, 'precision': 1.0, 'recall': 0.0123, 'f1': 0.0244, 'auc': 0.7597}
train: {'epoch': 3, 'eta': 1719950.9628, 'loss': 0.1463, 'lr': 0.001, 'params': 870603, 'time_iter': 17.4715, 'accuracy': 0.9626, 'precision': 0.0, 'recall': 0.0, 'f1': 0.0, 'auc': 0.7174}
val: {'epoch': 4, 'loss': 0.0865, 'lr': 0.001, 'params': 870603, 'time_iter': 3.4558, 'accuracy': 0.9805, 'precision': 1.0, 'recall': 0.0123, 'f1': 0.0244, 'auc': 0.7451}
train: {'epoch': 4, 'eta': 1703322.3318, 'loss': 0.1426, 'lr': 0.001, 'params': 870603, 'time_iter': 17.4771, 'accuracy': 0.9626, 'precision': 0.75, 'recall': 0.0024, 'f1': 0.0049, 'auc': 0.7334}
val: {'epoch': 5, 'loss': 0.0775, 'lr': 0.001, 'params': 870603, 'time_iter': 3.2316, 'accuracy': 0.9825, 'precision': 0.8, 'recall': 0.1481, 'f1': 0.25, 'auc': 0.7982}
train: {'epoch': 5, 'eta': 1684115.1599, 'loss': 0.1383, 'lr': 0.001, 'params': 870603, 'time_iter': 17.3452, 'accuracy': 0.9626, 'precision': 0.5625, 'recall': 0.0073, 'f1': 0.0144, 'auc': 0.7517}
val: {'epoch': 6, 'loss': 0.0791, 'lr': 0.001, 'params': 870603, 'time_iter': 3.0514, 'accuracy': 0.981, 'precision': 0.5556, 'recall': 0.1852, 'f1': 0.2778, 'auc': 0.7976}
train: {'epoch': 6, 'eta': 1659272.0227, 'loss': 0.1351, 'lr': 0.001, 'params': 870603, 'time_iter': 16.9045, 'accuracy': 0.9627, 'precision': 0.5397, 'recall': 0.0276, 'f1': 0.0525, 'auc': 0.7699}
val: {'epoch': 7, 'loss': 0.0802, 'lr': 0.001, 'params': 870603, 'time_iter': 3.3017, 'accuracy': 0.9827, 'precision': 0.6316, 'recall': 0.2963, 'f1': 0.4034, 'auc': 0.7734}
train: {'epoch': 7, 'eta': 1641086.3812, 'loss': 0.1321, 'lr': 0.001, 'params': 870603, 'time_iter': 17.3097, 'accuracy': 0.9626, 'precision': 0.5096, 'recall': 0.043, 'f1': 0.0793, 'auc': 0.7827}
val: {'epoch': 8, 'loss': 0.0762, 'lr': 0.001, 'params': 870603, 'time_iter': 3.0268, 'accuracy': 0.9818, 'precision': 0.6154, 'recall': 0.1975, 'f1': 0.2991, 'auc': 0.7832}
train: {'epoch': 8, 'eta': 1622360.2659, 'loss': 0.1314, 'lr': 0.001, 'params': 870603, 'time_iter': 17.2498, 'accuracy': 0.963, 'precision': 0.5635, 'recall': 0.0576, 'f1': 0.1046, 'auc': 0.7843}
val: {'epoch': 9, 'loss': 0.0831, 'lr': 0.001, 'params': 870603, 'time_iter': 3.0921, 'accuracy': 0.9793, 'precision': 0.46, 'recall': 0.284, 'f1': 0.3511, 'auc': 0.7822}
train: {'epoch': 9, 'eta': 1601739.7896, 'loss': 0.1285, 'lr': 0.001, 'params': 870603, 'time_iter': 17.0242, 'accuracy': 0.9637, 'precision': 0.6234, 'recall': 0.0779, 'f1': 0.1385, 'auc': 0.7935}
val: {'epoch': 10, 'loss': 0.0781, 'lr': 0.001, 'params': 870603, 'time_iter': 3.3692, 'accuracy': 0.982, 'precision': 0.6, 'recall': 0.2593, 'f1': 0.3621, 'auc': 0.7702}
train: {'epoch': 10, 'eta': 1581860.2817, 'loss': 0.1269, 'lr': 0.001, 'params': 870603, 'time_iter': 17.0454, 'accuracy': 0.9636, 'precision': 0.5813, 'recall': 0.0958, 'f1': 0.1645, 'auc': 0.7995}
val: {'epoch': 11, 'loss': 0.1031, 'lr': 0.001, 'params': 870603, 'time_iter': 3.1193, 'accuracy': 0.9699, 'precision': 0.3097, 'recall': 0.4321, 'f1': 0.3608, 'auc': 0.7742}
train: {'epoch': 11, 'eta': 1568692.3554, 'loss': 0.1243, 'lr': 0.001, 'params': 870603, 'time_iter': 17.8832, 'accuracy': 0.9645, 'precision': 0.6337, 'recall': 0.125, 'f1': 0.2088, 'auc': 0.8107}
val: {'epoch': 12, 'loss': 0.0802, 'lr': 0.001, 'params': 870603, 'time_iter': 3.3066, 'accuracy': 0.9808, 'precision': 0.5556, 'recall': 0.1235, 'f1': 0.202, 'auc': 0.7805}
train: {'epoch': 12, 'eta': 1551915.2652, 'loss': 0.1238, 'lr': 0.001, 'params': 870603, 'time_iter': 17.476, 'accuracy': 0.9648, 'precision': 0.6457, 'recall': 0.1331, 'f1': 0.2207, 'auc': 0.8058}
val: {'epoch': 13, 'loss': 0.0922, 'lr': 0.001, 'params': 870603, 'time_iter': 3.6102, 'accuracy': 0.9728, 'precision': 0.3434, 'recall': 0.4198, 'f1': 0.3778, 'auc': 0.8048}
train: {'epoch': 13, 'eta': 1538934.0162, 'loss': 0.1222, 'lr': 0.001, 'params': 870603, 'time_iter': 18.1037, 'accuracy': 0.9652, 'precision': 0.6559, 'recall': 0.1485, 'f1': 0.2422, 'auc': 0.8052}
val: {'epoch': 14, 'loss': 0.0785, 'lr': 0.001, 'params': 870603, 'time_iter': 3.0639, 'accuracy': 0.9818, 'precision': 0.5625, 'recall': 0.3333, 'f1': 0.4186, 'auc': 0.7823}
train: {'epoch': 14, 'eta': 1523976.9094, 'loss': 0.1211, 'lr': 0.001, 'params': 870603, 'time_iter': 17.894, 'accuracy': 0.9657, 'precision': 0.6806, 'recall': 0.1591, 'f1': 0.2579, 'auc': 0.8149}
val: {'epoch': 15, 'loss': 0.0717, 'lr': 0.001, 'params': 870603, 'time_iter': 2.9803, 'accuracy': 0.983, 'precision': 0.6667, 'recall': 0.2716, 'f1': 0.386, 'auc': 0.8053}
train: {'epoch': 15, 'eta': 1503085.9404, 'loss': 0.1204, 'lr': 0.001, 'params': 870603, 'time_iter': 16.8756, 'accuracy': 0.9652, 'precision': 0.6341, 'recall': 0.1688, 'f1': 0.2667, 'auc': 0.8189}
val: {'epoch': 16, 'loss': 0.0751, 'lr': 0.001, 'params': 870603, 'time_iter': 3.6328, 'accuracy': 0.9823, 'precision': 0.7, 'recall': 0.1728, 'f1': 0.2772, 'auc': 0.7877}
train: {'epoch': 16, 'eta': 1484542.8489, 'loss': 0.1195, 'lr': 0.001, 'params': 870603, 'time_iter': 17.2604, 'accuracy': 0.9656, 'precision': 0.6452, 'recall': 0.1786, 'f1': 0.2797, 'auc': 0.8222}
val: {'epoch': 17, 'loss': 0.0779, 'lr': 0.001, 'params': 870603, 'time_iter': 3.1513, 'accuracy': 0.9801, 'precision': 0.4906, 'recall': 0.321, 'f1': 0.3881, 'auc': 0.7877}
train: {'epoch': 17, 'eta': 1467332.2076, 'loss': 0.1188, 'lr': 0.001, 'params': 870603, 'time_iter': 17.5261, 'accuracy': 0.9662, 'precision': 0.6921, 'recall': 0.1769, 'f1': 0.2818, 'auc': 0.8244}
val: {'epoch': 18, 'loss': 0.0798, 'lr': 0.001, 'params': 870603, 'time_iter': 3.1431, 'accuracy': 0.9815, 'precision': 0.549, 'recall': 0.3457, 'f1': 0.4242, 'auc': 0.7805}
train: {'epoch': 18, 'eta': 1448800.2428, 'loss': 0.1174, 'lr': 0.001, 'params': 870603, 'time_iter': 17.2446, 'accuracy': 0.9669, 'precision': 0.6957, 'recall': 0.2078, 'f1': 0.32, 'auc': 0.827}
val: {'epoch': 19, 'loss': 0.0752, 'lr': 0.001, 'params': 870603, 'time_iter': 4.135, 'accuracy': 0.983, 'precision': 0.6667, 'recall': 0.2716, 'f1': 0.386, 'auc': 0.7941}
train: {'epoch': 19, 'eta': 1432873.7457, 'loss': 0.1171, 'lr': 0.001, 'params': 870603, 'time_iter': 17.8585, 'accuracy': 0.9669, 'precision': 0.6909, 'recall': 0.2086, 'f1': 0.3204, 'auc': 0.8316}
val: {'epoch': 20, 'loss': 0.0777, 'lr': 0.001, 'params': 870603, 'time_iter': 3.1679, 'accuracy': 0.981, 'precision': 0.5283, 'recall': 0.3457, 'f1': 0.4179, 'auc': 0.7885}
train: {'epoch': 20, 'eta': 1417025.0173, 'loss': 0.1157, 'lr': 0.001, 'params': 870603, 'time_iter': 17.9389, 'accuracy': 0.967, 'precision': 0.6921, 'recall': 0.2135, 'f1': 0.3263, 'auc': 0.8354}
val: {'epoch': 21, 'loss': 0.0744, 'lr': 0.001, 'params': 870603, 'time_iter': 3.1942, 'accuracy': 0.982, 'precision': 0.5897, 'recall': 0.284, 'f1': 0.3833, 'auc': 0.7857}
train: {'epoch': 21, 'eta': 1397439.974, 'loss': 0.1134, 'lr': 0.001, 'params': 870603, 'time_iter': 16.9798, 'accuracy': 0.9678, 'precision': 0.7139, 'recall': 0.233, 'f1': 0.3513, 'auc': 0.8404}
val: {'epoch': 22, 'loss': 0.0775, 'lr': 0.001, 'params': 870603, 'time_iter': 3.1392, 'accuracy': 0.9813, 'precision': 0.537, 'recall': 0.358, 'f1': 0.4296, 'auc': 0.7848}
train: {'epoch': 22, 'eta': 1378843.3093, 'loss': 0.113, 'lr': 0.001, 'params': 870603, 'time_iter': 17.2134, 'accuracy': 0.9674, 'precision': 0.7059, 'recall': 0.224, 'f1': 0.3401, 'auc': 0.8455}
val: {'epoch': 23, 'loss': 0.0732, 'lr': 0.001, 'params': 870603, 'time_iter': 3.0563, 'accuracy': 0.9827, 'precision': 0.6389, 'recall': 0.284, 'f1': 0.3932, 'auc': 0.7997}
train: {'epoch': 23, 'eta': 1359271.9398, 'loss': 0.1133, 'lr': 0.001, 'params': 870603, 'time_iter': 16.8916, 'accuracy': 0.9674, 'precision': 0.6906, 'recall': 0.2338, 'f1': 0.3493, 'auc': 0.8423}
val: {'epoch': 24, 'loss': 0.0815, 'lr': 0.001, 'params': 870603, 'time_iter': 3.2631, 'accuracy': 0.9791, 'precision': 0.449, 'recall': 0.2716, 'f1': 0.3385, 'auc': 0.7936}
train: {'epoch': 24, 'eta': 1342794.5019, 'loss': 0.1112, 'lr': 0.001, 'params': 870603, 'time_iter': 17.8371, 'accuracy': 0.9685, 'precision': 0.7275, 'recall': 0.2557, 'f1': 0.3784, 'auc': 0.8466}
val: {'epoch': 25, 'loss': 0.0788, 'lr': 0.001, 'params': 870603, 'time_iter': 3.2682, 'accuracy': 0.9796, 'precision': 0.4681, 'recall': 0.2716, 'f1': 0.3438, 'auc': 0.7864}
train: {'epoch': 25, 'eta': 1323303.4339, 'loss': 0.1114, 'lr': 0.001, 'params': 870603, 'time_iter': 16.8574, 'accuracy': 0.9686, 'precision': 0.7273, 'recall': 0.2597, 'f1': 0.3828, 'auc': 0.8461}
val: {'epoch': 26, 'loss': 0.0761, 'lr': 0.001, 'params': 870603, 'time_iter': 2.9986, 'accuracy': 0.9805, 'precision': 0.5106, 'recall': 0.2963, 'f1': 0.375, 'auc': 0.8002}
train: {'epoch': 26, 'eta': 1303903.9049, 'loss': 0.1097, 'lr': 0.001, 'params': 870603, 'time_iter': 16.8332, 'accuracy': 0.9687, 'precision': 0.719, 'recall': 0.2679, 'f1': 0.3903, 'auc': 0.8531}
val: {'epoch': 27, 'loss': 0.0754, 'lr': 0.001, 'params': 870603, 'time_iter': 3.4183, 'accuracy': 0.9813, 'precision': 0.5435, 'recall': 0.3086, 'f1': 0.3937, 'auc': 0.7774}
train: {'epoch': 27, 'eta': 1285324.6065, 'loss': 0.1096, 'lr': 0.001, 'params': 870603, 'time_iter': 17.0871, 'accuracy': 0.9686, 'precision': 0.7089, 'recall': 0.2727, 'f1': 0.3939, 'auc': 0.8563}
val: {'epoch': 28, 'loss': 0.0727, 'lr': 0.001, 'params': 870603, 'time_iter': 3.1217, 'accuracy': 0.9832, 'precision': 0.6579, 'recall': 0.3086, 'f1': 0.4202, 'auc': 0.7994}
train: {'epoch': 28, 'eta': 1267811.7009, 'loss': 0.1081, 'lr': 0.001, 'params': 870603, 'time_iter': 17.4831, 'accuracy': 0.9686, 'precision': 0.7187, 'recall': 0.2654, 'f1': 0.3877, 'auc': 0.8598}
val: {'epoch': 29, 'loss': 0.0731, 'lr': 0.001, 'params': 870603, 'time_iter': 3.0721, 'accuracy': 0.9813, 'precision': 0.5476, 'recall': 0.284, 'f1': 0.374, 'auc': 0.8168}
train: {'epoch': 29, 'eta': 1249182.7722, 'loss': 0.108, 'lr': 0.001, 'params': 870603, 'time_iter': 17.0315, 'accuracy': 0.9688, 'precision': 0.7066, 'recall': 0.2873, 'f1': 0.4085, 'auc': 0.8561}
val: {'epoch': 30, 'loss': 0.0731, 'lr': 0.001, 'params': 870603, 'time_iter': 3.5362, 'accuracy': 0.9827, 'precision': 0.6562, 'recall': 0.2593, 'f1': 0.3717, 'auc': 0.8249}
train: {'epoch': 30, 'eta': 1232200.665, 'loss': 0.1065, 'lr': 0.001, 'params': 870603, 'time_iter': 17.7195, 'accuracy': 0.9689, 'precision': 0.7146, 'recall': 0.2825, 'f1': 0.4049, 'auc': 0.865}
val: {'epoch': 31, 'loss': 0.0781, 'lr': 0.001, 'params': 870603, 'time_iter': 2.9852, 'accuracy': 0.9813, 'precision': 0.5435, 'recall': 0.3086, 'f1': 0.3937, 'auc': 0.7981}
train: {'epoch': 31, 'eta': 1215357.1255, 'loss': 0.1055, 'lr': 0.001, 'params': 870603, 'time_iter': 17.8186, 'accuracy': 0.9699, 'precision': 0.7363, 'recall': 0.306, 'f1': 0.4323, 'auc': 0.8669}
val: {'epoch': 32, 'loss': 0.0752, 'lr': 0.001, 'params': 870603, 'time_iter': 3.4109, 'accuracy': 0.984, 'precision': 0.7586, 'recall': 0.2716, 'f1': 0.4, 'auc': 0.8066}
train: {'epoch': 32, 'eta': 1196827.9522, 'loss': 0.105, 'lr': 0.001, 'params': 870603, 'time_iter': 17.0551, 'accuracy': 0.9691, 'precision': 0.7166, 'recall': 0.2914, 'f1': 0.4143, 'auc': 0.8695}
val: {'epoch': 33, 'loss': 0.0747, 'lr': 0.001, 'params': 870603, 'time_iter': 3.1394, 'accuracy': 0.9818, 'precision': 0.7143, 'recall': 0.1235, 'f1': 0.2105, 'auc': 0.8285}
train: {'epoch': 33, 'eta': 1178731.2178, 'loss': 0.1043, 'lr': 0.001, 'params': 870603, 'time_iter': 17.2427, 'accuracy': 0.9695, 'precision': 0.7201, 'recall': 0.3028, 'f1': 0.4263, 'auc': 0.8719}
val: {'epoch': 34, 'loss': 0.0794, 'lr': 0.001, 'params': 870603, 'time_iter': 2.941, 'accuracy': 0.9784, 'precision': 0.4375, 'recall': 0.3457, 'f1': 0.3862, 'auc': 0.8083}
train: {'epoch': 34, 'eta': 1160032.3039, 'loss': 0.1038, 'lr': 0.001, 'params': 870603, 'time_iter': 16.917, 'accuracy': 0.9705, 'precision': 0.7505, 'recall': 0.3174, 'f1': 0.4461, 'auc': 0.8734}
val: {'epoch': 35, 'loss': 0.0739, 'lr': 0.001, 'params': 870603, 'time_iter': 3.1551, 'accuracy': 0.9827, 'precision': 0.6786, 'recall': 0.2346, 'f1': 0.3486, 'auc': 0.825}
train: {'epoch': 35, 'eta': 1141196.0254, 'loss': 0.1036, 'lr': 0.001, 'params': 870603, 'time_iter': 16.8027, 'accuracy': 0.9707, 'precision': 0.7592, 'recall': 0.3174, 'f1': 0.4476, 'auc': 0.8738}
val: {'epoch': 36, 'loss': 0.0779, 'lr': 0.001, 'params': 870603, 'time_iter': 3.2451, 'accuracy': 0.9791, 'precision': 0.4242, 'recall': 0.1728, 'f1': 0.2456, 'auc': 0.8197}
train: {'epoch': 36, 'eta': 1123361.7245, 'loss': 0.1036, 'lr': 0.001, 'params': 870603, 'time_iter': 17.3269, 'accuracy': 0.9704, 'precision': 0.7524, 'recall': 0.3133, 'f1': 0.4424, 'auc': 0.8736}
val: {'epoch': 37, 'loss': 0.0826, 'lr': 0.001, 'params': 870603, 'time_iter': 3.0026, 'accuracy': 0.9803, 'precision': 0.5, 'recall': 0.1235, 'f1': 0.198, 'auc': 0.783}
train: {'epoch': 37, 'eta': 1104970.5947, 'loss': 0.1029, 'lr': 0.001, 'params': 870603, 'time_iter': 16.9951, 'accuracy': 0.9705, 'precision': 0.7386, 'recall': 0.3279, 'f1': 0.4542, 'auc': 0.879}
val: {'epoch': 38, 'loss': 0.0724, 'lr': 0.001, 'params': 870603, 'time_iter': 3.5107, 'accuracy': 0.9823, 'precision': 0.6176, 'recall': 0.2593, 'f1': 0.3652, 'auc': 0.8081}
train: {'epoch': 38, 'eta': 1086977.9103, 'loss': 0.1014, 'lr': 0.001, 'params': 870603, 'time_iter': 17.2138, 'accuracy': 0.9711, 'precision': 0.7593, 'recall': 0.3328, 'f1': 0.4628, 'auc': 0.8791}
val: {'epoch': 39, 'loss': 0.0764, 'lr': 0.001, 'params': 870603, 'time_iter': 3.0863, 'accuracy': 0.9825, 'precision': 0.6957, 'recall': 0.1975, 'f1': 0.3077, 'auc': 0.8301}
train: {'epoch': 39, 'eta': 1069610.5316, 'loss': 0.1012, 'lr': 0.001, 'params': 870603, 'time_iter': 17.6099, 'accuracy': 0.9708, 'precision': 0.7428, 'recall': 0.3352, 'f1': 0.462, 'auc': 0.8834}
val: {'epoch': 40, 'loss': 0.0759, 'lr': 0.001, 'params': 870603, 'time_iter': 3.1193, 'accuracy': 0.9825, 'precision': 0.6216, 'recall': 0.284, 'f1': 0.3898, 'auc': 0.8329}
train: {'epoch': 40, 'eta': 1051959.2544, 'loss': 0.0994, 'lr': 0.001, 'params': 870603, 'time_iter': 17.443, 'accuracy': 0.9718, 'precision': 0.7634, 'recall': 0.3588, 'f1': 0.4881, 'auc': 0.8841}
val: {'epoch': 41, 'loss': 0.0754, 'lr': 0.001, 'params': 870603, 'time_iter': 3.738, 'accuracy': 0.9827, 'precision': 0.5862, 'recall': 0.4198, 'f1': 0.4892, 'auc': 0.8179}
train: {'epoch': 41, 'eta': 1034279.7529, 'loss': 0.1001, 'lr': 0.001, 'params': 870603, 'time_iter': 17.4331, 'accuracy': 0.9715, 'precision': 0.7698, 'recall': 0.3393, 'f1': 0.471, 'auc': 0.8876}
val: {'epoch': 42, 'loss': 0.0772, 'lr': 0.001, 'params': 870603, 'time_iter': 3.1931, 'accuracy': 0.9818, 'precision': 0.6154, 'recall': 0.1975, 'f1': 0.2991, 'auc': 0.8304}
train: {'epoch': 42, 'eta': 1016120.9895, 'loss': 0.0981, 'lr': 0.001, 'params': 870603, 'time_iter': 17.0906, 'accuracy': 0.9721, 'precision': 0.7778, 'recall': 0.358, 'f1': 0.4903, 'auc': 0.8888}
val: {'epoch': 43, 'loss': 0.0789, 'lr': 0.001, 'params': 870603, 'time_iter': 3.1637, 'accuracy': 0.9803, 'precision': 0.5, 'recall': 0.2469, 'f1': 0.3306, 'auc': 0.832}
train: {'epoch': 43, 'eta': 998399.1648, 'loss': 0.0981, 'lr': 0.001, 'params': 870603, 'time_iter': 17.4043, 'accuracy': 0.9717, 'precision': 0.7627, 'recall': 0.3547, 'f1': 0.4842, 'auc': 0.8933}
val: {'epoch': 44, 'loss': 0.0787, 'lr': 0.001, 'params': 870603, 'time_iter': 3.2315, 'accuracy': 0.9808, 'precision': 0.5227, 'recall': 0.284, 'f1': 0.368, 'auc': 0.8204}
train: {'epoch': 44, 'eta': 980277.332, 'loss': 0.0981, 'lr': 0.001, 'params': 870603, 'time_iter': 17.0929, 'accuracy': 0.9716, 'precision': 0.7492, 'recall': 0.3612, 'f1': 0.4874, 'auc': 0.8918}
val: {'epoch': 45, 'loss': 0.0796, 'lr': 0.001, 'params': 870603, 'time_iter': 3.2842, 'accuracy': 0.9805, 'precision': 0.5152, 'recall': 0.2099, 'f1': 0.2982, 'auc': 0.8214}
train: {'epoch': 45, 'eta': 962044.3294, 'loss': 0.0974, 'lr': 0.001, 'params': 870603, 'time_iter': 16.9817, 'accuracy': 0.9719, 'precision': 0.7638, 'recall': 0.3596, 'f1': 0.489, 'auc': 0.8963}
val: {'epoch': 46, 'loss': 0.0809, 'lr': 0.001, 'params': 870603, 'time_iter': 3.453, 'accuracy': 0.9798, 'precision': 0.4821, 'recall': 0.3333, 'f1': 0.3942, 'auc': 0.8157}
train: {'epoch': 46, 'eta': 944311.2189, 'loss': 0.0956, 'lr': 0.001, 'params': 870603, 'time_iter': 17.3847, 'accuracy': 0.9727, 'precision': 0.7825, 'recall': 0.3766, 'f1': 0.5085, 'auc': 0.9016}
val: {'epoch': 47, 'loss': 0.0776, 'lr': 0.001, 'params': 870603, 'time_iter': 3.0449, 'accuracy': 0.9808, 'precision': 0.5227, 'recall': 0.284, 'f1': 0.368, 'auc': 0.8282}
train: {'epoch': 47, 'eta': 926099.8055, 'loss': 0.0943, 'lr': 0.001, 'params': 870603, 'time_iter': 16.9614, 'accuracy': 0.9725, 'precision': 0.7654, 'recall': 0.3839, 'f1': 0.5114, 'auc': 0.9038}
val: {'epoch': 48, 'loss': 0.0859, 'lr': 0.001, 'params': 870603, 'time_iter': 3.2266, 'accuracy': 0.9769, 'precision': 0.3793, 'recall': 0.2716, 'f1': 0.3165, 'auc': 0.8183}
train: {'epoch': 48, 'eta': 908294.9168, 'loss': 0.094, 'lr': 0.001, 'params': 870603, 'time_iter': 17.3121, 'accuracy': 0.9728, 'precision': 0.7745, 'recall': 0.3847, 'f1': 0.5141, 'auc': 0.9036}
val: {'epoch': 49, 'loss': 0.0761, 'lr': 0.001, 'params': 870603, 'time_iter': 3.3264, 'accuracy': 0.9805, 'precision': 0.5102, 'recall': 0.3086, 'f1': 0.3846, 'auc': 0.8294}
train: {'epoch': 49, 'eta': 890602.8272, 'loss': 0.0934, 'lr': 0.001, 'params': 870603, 'time_iter': 17.4221, 'accuracy': 0.9724, 'precision': 0.774, 'recall': 0.3726, 'f1': 0.503, 'auc': 0.9081}
val: {'epoch': 50, 'loss': 0.0832, 'lr': 0.001, 'params': 870603, 'time_iter': 3.1254, 'accuracy': 0.9793, 'precision': 0.4167, 'recall': 0.1235, 'f1': 0.1905, 'auc': 0.8269}
train: {'epoch': 50, 'eta': 872537.2864, 'loss': 0.0945, 'lr': 0.001, 'params': 870603, 'time_iter': 17.0537, 'accuracy': 0.9723, 'precision': 0.7635, 'recall': 0.3774, 'f1': 0.5052, 'auc': 0.9024}
val: {'epoch': 51, 'loss': 0.0869, 'lr': 0.001, 'params': 870603, 'time_iter': 3.1276, 'accuracy': 0.9791, 'precision': 0.4545, 'recall': 0.3086, 'f1': 0.3676, 'auc': 0.7935}
train: {'epoch': 51, 'eta': 854611.6442, 'loss': 0.0949, 'lr': 0.001, 'params': 870603, 'time_iter': 17.18, 'accuracy': 0.9728, 'precision': 0.7754, 'recall': 0.3839, 'f1': 0.5136, 'auc': 0.9046}
val: {'epoch': 52, 'loss': 0.0827, 'lr': 0.001, 'params': 870603, 'time_iter': 3.7417, 'accuracy': 0.9793, 'precision': 0.4643, 'recall': 0.321, 'f1': 0.3796, 'auc': 0.8144}
train: {'epoch': 52, 'eta': 836694.3769, 'loss': 0.0917, 'lr': 0.001, 'params': 870603, 'time_iter': 17.179, 'accuracy': 0.9729, 'precision': 0.7778, 'recall': 0.3864, 'f1': 0.5163, 'auc': 0.9123}
val: {'epoch': 53, 'loss': 0.0834, 'lr': 0.001, 'params': 870603, 'time_iter': 3.0976, 'accuracy': 0.9793, 'precision': 0.4615, 'recall': 0.2963, 'f1': 0.3609, 'auc': 0.8184}
train: {'epoch': 53, 'eta': 819169.5719, 'loss': 0.092, 'lr': 0.001, 'params': 870603, 'time_iter': 17.6165, 'accuracy': 0.9731, 'precision': 0.7755, 'recall': 0.3953, 'f1': 0.5237, 'auc': 0.911}
val: {'epoch': 54, 'loss': 0.0817, 'lr': 0.001, 'params': 870603, 'time_iter': 3.1747, 'accuracy': 0.9808, 'precision': 0.525, 'recall': 0.2593, 'f1': 0.3471, 'auc': 0.8173}
train: {'epoch': 54, 'eta': 801015.3828, 'loss': 0.0911, 'lr': 0.001, 'params': 870603, 'time_iter': 16.895, 'accuracy': 0.9731, 'precision': 0.7741, 'recall': 0.3977, 'f1': 0.5255, 'auc': 0.9154}
val: {'epoch': 55, 'loss': 0.0936, 'lr': 0.001, 'params': 870603, 'time_iter': 4.0062, 'accuracy': 0.9805, 'precision': 0.5385, 'recall': 0.0864, 'f1': 0.1489, 'auc': 0.8155}
train: {'epoch': 55, 'eta': 783212.8344, 'loss': 0.0903, 'lr': 0.001, 'params': 870603, 'time_iter': 17.296, 'accuracy': 0.973, 'precision': 0.7734, 'recall': 0.3961, 'f1': 0.5239, 'auc': 0.9137}
val: {'epoch': 56, 'loss': 0.084, 'lr': 0.001, 'params': 870603, 'time_iter': 2.852, 'accuracy': 0.9798, 'precision': 0.4737, 'recall': 0.2222, 'f1': 0.3025, 'auc': 0.8321}
train: {'epoch': 56, 'eta': 765427.0245, 'loss': 0.0899, 'lr': 0.001, 'params': 870603, 'time_iter': 17.3173, 'accuracy': 0.9732, 'precision': 0.7817, 'recall': 0.3953, 'f1': 0.5251, 'auc': 0.9207}
val: {'epoch': 57, 'loss': 0.08, 'lr': 0.001, 'params': 870603, 'time_iter': 3.1364, 'accuracy': 0.9818, 'precision': 0.5882, 'recall': 0.2469, 'f1': 0.3478, 'auc': 0.8162}
train: {'epoch': 57, 'eta': 747477.3702, 'loss': 0.0888, 'lr': 0.001, 'params': 870603, 'time_iter': 17.099, 'accuracy': 0.9743, 'precision': 0.8041, 'recall': 0.4164, 'f1': 0.5487, 'auc': 0.9211}
val: {'epoch': 58, 'loss': 0.0826, 'lr': 0.001, 'params': 870603, 'time_iter': 3.1845, 'accuracy': 0.981, 'precision': 0.5283, 'recall': 0.3457, 'f1': 0.4179, 'auc': 0.814}
train: {'epoch': 58, 'eta': 729591.2248, 'loss': 0.0885, 'lr': 0.001, 'params': 870603, 'time_iter': 17.171, 'accuracy': 0.9728, 'precision': 0.7553, 'recall': 0.4058, 'f1': 0.528, 'auc': 0.9229}
val: {'epoch': 59, 'loss': 0.0832, 'lr': 0.001, 'params': 870603, 'time_iter': 3.0661, 'accuracy': 0.9805, 'precision': 0.5161, 'recall': 0.1975, 'f1': 0.2857, 'auc': 0.8155}
train: {'epoch': 59, 'eta': 711554.2513, 'loss': 0.0878, 'lr': 0.001, 'params': 870603, 'time_iter': 16.9405, 'accuracy': 0.974, 'precision': 0.7904, 'recall': 0.4164, 'f1': 0.5455, 'auc': 0.9227}
val: {'epoch': 60, 'loss': 0.0836, 'lr': 0.001, 'params': 870603, 'time_iter': 3.4247, 'accuracy': 0.9793, 'precision': 0.4565, 'recall': 0.2593, 'f1': 0.3307, 'auc': 0.8192}
train: {'epoch': 60, 'eta': 693606.3878, 'loss': 0.0871, 'lr': 0.001, 'params': 870603, 'time_iter': 17.0458, 'accuracy': 0.9733, 'precision': 0.7706, 'recall': 0.4091, 'f1': 0.5345, 'auc': 0.926}
val: {'epoch': 61, 'loss': 0.084, 'lr': 0.001, 'params': 870603, 'time_iter': 3.1173, 'accuracy': 0.981, 'precision': 0.5484, 'recall': 0.2099, 'f1': 0.3036, 'auc': 0.8338}
train: {'epoch': 61, 'eta': 675825.8803, 'loss': 0.0861, 'lr': 0.001, 'params': 870603, 'time_iter': 17.2903, 'accuracy': 0.9743, 'precision': 0.7835, 'recall': 0.4318, 'f1': 0.5568, 'auc': 0.926}
val: {'epoch': 62, 'loss': 0.091, 'lr': 0.001, 'params': 870603, 'time_iter': 3.032, 'accuracy': 0.9801, 'precision': 0.4848, 'recall': 0.1975, 'f1': 0.2807, 'auc': 0.8098}
train: {'epoch': 62, 'eta': 657727.5452, 'loss': 0.0843, 'lr': 0.001, 'params': 870603, 'time_iter': 16.765, 'accuracy': 0.974, 'precision': 0.7814, 'recall': 0.4237, 'f1': 0.5495, 'auc': 0.9286}
val: {'epoch': 63, 'loss': 0.0825, 'lr': 0.001, 'params': 870603, 'time_iter': 3.3286, 'accuracy': 0.9801, 'precision': 0.4828, 'recall': 0.1728, 'f1': 0.2545, 'auc': 0.8268}
train: {'epoch': 63, 'eta': 639905.105, 'loss': 0.0852, 'lr': 0.001, 'params': 870603, 'time_iter': 17.1959, 'accuracy': 0.9739, 'precision': 0.7657, 'recall': 0.4351, 'f1': 0.5549, 'auc': 0.9291}
val: {'epoch': 64, 'loss': 0.0858, 'lr': 0.001, 'params': 870603, 'time_iter': 3.0368, 'accuracy': 0.9781, 'precision': 0.3953, 'recall': 0.2099, 'f1': 0.2742, 'auc': 0.8254}
train: {'epoch': 64, 'eta': 622234.0692, 'loss': 0.0859, 'lr': 0.001, 'params': 870603, 'time_iter': 17.4621, 'accuracy': 0.9733, 'precision': 0.7698, 'recall': 0.4099, 'f1': 0.535, 'auc': 0.9297}
val: {'epoch': 65, 'loss': 0.0873, 'lr': 0.001, 'params': 870603, 'time_iter': 3.2257, 'accuracy': 0.9781, 'precision': 0.4151, 'recall': 0.2716, 'f1': 0.3284, 'auc': 0.8153}
train: {'epoch': 65, 'eta': 604365.3467, 'loss': 0.0845, 'lr': 0.001, 'params': 870603, 'time_iter': 17.1062, 'accuracy': 0.9738, 'precision': 0.7693, 'recall': 0.4278, 'f1': 0.5498, 'auc': 0.9325}
val: {'epoch': 66, 'loss': 0.0942, 'lr': 0.001, 'params': 870603, 'time_iter': 4.0415, 'accuracy': 0.9798, 'precision': 0.4737, 'recall': 0.2222, 'f1': 0.3025, 'auc': 0.8147}
train: {'epoch': 66, 'eta': 586663.6059, 'loss': 0.0839, 'lr': 0.001, 'params': 870603, 'time_iter': 17.4199, 'accuracy': 0.9743, 'precision': 0.7887, 'recall': 0.4302, 'f1': 0.5567, 'auc': 0.9316}
val: {'epoch': 67, 'loss': 0.0899, 'lr': 0.001, 'params': 870603, 'time_iter': 3.0512, 'accuracy': 0.9798, 'precision': 0.4667, 'recall': 0.1728, 'f1': 0.2523, 'auc': 0.8213}
train: {'epoch': 67, 'eta': 569231.506, 'loss': 0.0832, 'lr': 0.001, 'params': 870603, 'time_iter': 17.9903, 'accuracy': 0.9745, 'precision': 0.7889, 'recall': 0.4367, 'f1': 0.5622, 'auc': 0.9359}
val: {'epoch': 68, 'loss': 0.0849, 'lr': 0.001, 'params': 870603, 'time_iter': 3.1386, 'accuracy': 0.9803, 'precision': 0.5, 'recall': 0.284, 'f1': 0.3622, 'auc': 0.8261}
train: {'epoch': 68, 'eta': 551346.2334, 'loss': 0.0819, 'lr': 0.001, 'params': 870603, 'time_iter': 17.0778, 'accuracy': 0.9753, 'precision': 0.7983, 'recall': 0.4562, 'f1': 0.5806, 'auc': 0.9361}
val: {'epoch': 69, 'loss': 0.0876, 'lr': 0.001, 'params': 870603, 'time_iter': 3.6372, 'accuracy': 0.9813, 'precision': 0.55, 'recall': 0.2716, 'f1': 0.3636, 'auc': 0.8097}
train: {'epoch': 69, 'eta': 533571.1684, 'loss': 0.0804, 'lr': 0.001, 'params': 870603, 'time_iter': 17.3075, 'accuracy': 0.9746, 'precision': 0.7856, 'recall': 0.4432, 'f1': 0.5667, 'auc': 0.9413}
val: {'epoch': 70, 'loss': 0.0882, 'lr': 0.001, 'params': 870603, 'time_iter': 3.0295, 'accuracy': 0.9796, 'precision': 0.4615, 'recall': 0.2222, 'f1': 0.3, 'auc': 0.8343}
train: {'epoch': 70, 'eta': 515681.7589, 'loss': 0.0809, 'lr': 0.001, 'params': 870603, 'time_iter': 17.0377, 'accuracy': 0.9743, 'precision': 0.773, 'recall': 0.4424, 'f1': 0.5627, 'auc': 0.9422}
val: {'epoch': 71, 'loss': 0.0877, 'lr': 0.001, 'params': 870603, 'time_iter': 3.4649, 'accuracy': 0.9801, 'precision': 0.4857, 'recall': 0.2099, 'f1': 0.2931, 'auc': 0.821}
train: {'epoch': 71, 'eta': 497840.8632, 'loss': 0.0802, 'lr': 0.001, 'params': 870603, 'time_iter': 17.1341, 'accuracy': 0.9755, 'precision': 0.8049, 'recall': 0.4554, 'f1': 0.5816, 'auc': 0.9422}
val: {'epoch': 72, 'loss': 0.0971, 'lr': 0.001, 'params': 870603, 'time_iter': 3.046, 'accuracy': 0.9801, 'precision': 0.4872, 'recall': 0.2346, 'f1': 0.3167, 'auc': 0.8215}
train: {'epoch': 72, 'eta': 480050.6445, 'loss': 0.0782, 'lr': 0.001, 'params': 870603, 'time_iter': 17.2522, 'accuracy': 0.975, 'precision': 0.7901, 'recall': 0.4521, 'f1': 0.5751, 'auc': 0.9441}
val: {'epoch': 73, 'loss': 0.0997, 'lr': 0.001, 'params': 870603, 'time_iter': 3.2782, 'accuracy': 0.9805, 'precision': 0.5217, 'recall': 0.1481, 'f1': 0.2308, 'auc': 0.7924}
train: {'epoch': 73, 'eta': 462229.2863, 'loss': 0.0799, 'lr': 0.001, 'params': 870603, 'time_iter': 17.1632, 'accuracy': 0.9754, 'precision': 0.8006, 'recall': 0.4562, 'f1': 0.5812, 'auc': 0.9415}
val: {'epoch': 74, 'loss': 0.0919, 'lr': 0.001, 'params': 870603, 'time_iter': 3.2101, 'accuracy': 0.9813, 'precision': 0.5667, 'recall': 0.2099, 'f1': 0.3063, 'auc': 0.8182}
train: {'epoch': 74, 'eta': 444387.1222, 'loss': 0.0784, 'lr': 0.001, 'params': 870603, 'time_iter': 17.0901, 'accuracy': 0.975, 'precision': 0.7887, 'recall': 0.4545, 'f1': 0.5767, 'auc': 0.9465}
val: {'epoch': 75, 'loss': 0.0957, 'lr': 0.001, 'params': 870603, 'time_iter': 3.2172, 'accuracy': 0.9803, 'precision': 0.5, 'recall': 0.1852, 'f1': 0.2703, 'auc': 0.802}
train: {'epoch': 75, 'eta': 426658.4681, 'loss': 0.0779, 'lr': 0.001, 'params': 870603, 'time_iter': 17.4186, 'accuracy': 0.9749, 'precision': 0.7728, 'recall': 0.4667, 'f1': 0.582, 'auc': 0.9487}
val: {'epoch': 76, 'loss': 0.0883, 'lr': 0.001, 'params': 870603, 'time_iter': 3.1194, 'accuracy': 0.9813, 'precision': 0.5556, 'recall': 0.2469, 'f1': 0.3419, 'auc': 0.8226}
train: {'epoch': 76, 'eta': 408742.4226, 'loss': 0.0766, 'lr': 0.001, 'params': 870603, 'time_iter': 16.8255, 'accuracy': 0.9761, 'precision': 0.8117, 'recall': 0.4724, 'f1': 0.5972, 'auc': 0.949}
val: {'epoch': 77, 'loss': 0.0966, 'lr': 0.001, 'params': 870603, 'time_iter': 3.5884, 'accuracy': 0.9796, 'precision': 0.4516, 'recall': 0.1728, 'f1': 0.25, 'auc': 0.8163}
train: {'epoch': 77, 'eta': 390976.0617, 'loss': 0.0774, 'lr': 0.001, 'params': 870603, 'time_iter': 17.288, 'accuracy': 0.9757, 'precision': 0.7967, 'recall': 0.4708, 'f1': 0.5918, 'auc': 0.9472}
val: {'epoch': 78, 'loss': 0.0938, 'lr': 0.001, 'params': 870603, 'time_iter': 3.1599, 'accuracy': 0.9786, 'precision': 0.4286, 'recall': 0.2593, 'f1': 0.3231, 'auc': 0.8171}
train: {'epoch': 78, 'eta': 373205.9569, 'loss': 0.0764, 'lr': 0.001, 'params': 870603, 'time_iter': 17.2764, 'accuracy': 0.9757, 'precision': 0.7986, 'recall': 0.47, 'f1': 0.5917, 'auc': 0.9495}
val: {'epoch': 79, 'loss': 0.0965, 'lr': 0.001, 'params': 870603, 'time_iter': 3.0915, 'accuracy': 0.9801, 'precision': 0.4828, 'recall': 0.1728, 'f1': 0.2545, 'auc': 0.8133}
train: {'epoch': 79, 'eta': 355384.0871, 'loss': 0.0762, 'lr': 0.001, 'params': 870603, 'time_iter': 17.0759, 'accuracy': 0.9757, 'precision': 0.8028, 'recall': 0.4659, 'f1': 0.5896, 'auc': 0.9512}
val: {'epoch': 80, 'loss': 0.1001, 'lr': 0.001, 'params': 870603, 'time_iter': 3.668, 'accuracy': 0.9808, 'precision': 0.5333, 'recall': 0.1975, 'f1': 0.2883, 'auc': 0.8115}
train: {'epoch': 80, 'eta': 337664.8829, 'loss': 0.0745, 'lr': 0.001, 'params': 870603, 'time_iter': 17.4756, 'accuracy': 0.9761, 'precision': 0.8035, 'recall': 0.4781, 'f1': 0.5995, 'auc': 0.9518}
val: {'epoch': 81, 'loss': 0.0955, 'lr': 0.001, 'params': 870603, 'time_iter': 2.8911, 'accuracy': 0.9805, 'precision': 0.5161, 'recall': 0.1975, 'f1': 0.2857, 'auc': 0.813}
train: {'epoch': 81, 'eta': 319984.5213, 'loss': 0.0748, 'lr': 0.001, 'params': 870603, 'time_iter': 17.6759, 'accuracy': 0.9766, 'precision': 0.7992, 'recall': 0.5008, 'f1': 0.6158, 'auc': 0.9513}
val: {'epoch': 82, 'loss': 0.101, 'lr': 0.001, 'params': 870603, 'time_iter': 3.3533, 'accuracy': 0.9784, 'precision': 0.413, 'recall': 0.2346, 'f1': 0.2992, 'auc': 0.8176}
train: {'epoch': 82, 'eta': 302166.801, 'loss': 0.0733, 'lr': 0.001, 'params': 870603, 'time_iter': 17.0823, 'accuracy': 0.9763, 'precision': 0.8024, 'recall': 0.4878, 'f1': 0.6068, 'auc': 0.9543}
val: {'epoch': 83, 'loss': 0.1041, 'lr': 0.001, 'params': 870603, 'time_iter': 3.9244, 'accuracy': 0.9793, 'precision': 0.4333, 'recall': 0.1605, 'f1': 0.2342, 'auc': 0.8043}
train: {'epoch': 83, 'eta': 284388.4264, 'loss': 0.0728, 'lr': 0.001, 'params': 870603, 'time_iter': 17.2539, 'accuracy': 0.9765, 'precision': 0.8095, 'recall': 0.4862, 'f1': 0.6075, 'auc': 0.9575}
val: {'epoch': 84, 'loss': 0.1008, 'lr': 0.001, 'params': 870603, 'time_iter': 3.156, 'accuracy': 0.9788, 'precision': 0.4348, 'recall': 0.2469, 'f1': 0.315, 'auc': 0.8032}
train: {'epoch': 84, 'eta': 266571.385, 'loss': 0.0729, 'lr': 0.001, 'params': 870603, 'time_iter': 17.0378, 'accuracy': 0.9764, 'precision': 0.8138, 'recall': 0.4789, 'f1': 0.603, 'auc': 0.9563}
val: {'epoch': 85, 'loss': 0.1, 'lr': 0.001, 'params': 870603, 'time_iter': 3.5108, 'accuracy': 0.9798, 'precision': 0.4706, 'recall': 0.1975, 'f1': 0.2783, 'auc': 0.7953}
train: {'epoch': 85, 'eta': 248745.6262, 'loss': 0.0724, 'lr': 0.001, 'params': 870603, 'time_iter': 16.9462, 'accuracy': 0.9765, 'precision': 0.8026, 'recall': 0.4951, 'f1': 0.6124, 'auc': 0.9565}
val: {'epoch': 86, 'loss': 0.1088, 'lr': 0.001, 'params': 870603, 'time_iter': 3.0777, 'accuracy': 0.9796, 'precision': 0.4444, 'recall': 0.1481, 'f1': 0.2222, 'auc': 0.7986}
train: {'epoch': 86, 'eta': 230997.6324, 'loss': 0.0719, 'lr': 0.001, 'params': 870603, 'time_iter': 17.394, 'accuracy': 0.9769, 'precision': 0.8087, 'recall': 0.5008, 'f1': 0.6185, 'auc': 0.9577}
val: {'epoch': 87, 'loss': 0.1042, 'lr': 0.001, 'params': 870603, 'time_iter': 3.02, 'accuracy': 0.9803, 'precision': 0.5, 'recall': 0.1605, 'f1': 0.243, 'auc': 0.8109}
train: {'epoch': 87, 'eta': 213170.7852, 'loss': 0.071, 'lr': 0.001, 'params': 870603, 'time_iter': 16.8564, 'accuracy': 0.9767, 'precision': 0.8021, 'recall': 0.5, 'f1': 0.616, 'auc': 0.9607}
val: {'epoch': 88, 'loss': 0.1048, 'lr': 0.001, 'params': 870603, 'time_iter': 3.4946, 'accuracy': 0.9803, 'precision': 0.5, 'recall': 0.2346, 'f1': 0.3193, 'auc': 0.805}
train: {'epoch': 88, 'eta': 195420.8993, 'loss': 0.07, 'lr': 0.001, 'params': 870603, 'time_iter': 17.3764, 'accuracy': 0.977, 'precision': 0.8086, 'recall': 0.5041, 'f1': 0.621, 'auc': 0.962}
val: {'epoch': 89, 'loss': 0.1033, 'lr': 0.001, 'params': 870603, 'time_iter': 3.032, 'accuracy': 0.9791, 'precision': 0.4468, 'recall': 0.2593, 'f1': 0.3281, 'auc': 0.8094}
train: {'epoch': 89, 'eta': 177710.6058, 'loss': 0.0703, 'lr': 0.001, 'params': 870603, 'time_iter': 17.748, 'accuracy': 0.9771, 'precision': 0.8015, 'recall': 0.5146, 'f1': 0.6268, 'auc': 0.9595}
val: {'epoch': 90, 'loss': 0.0983, 'lr': 0.001, 'params': 870603, 'time_iter': 3.237, 'accuracy': 0.9801, 'precision': 0.4848, 'recall': 0.1975, 'f1': 0.2807, 'auc': 0.8267}
train: {'epoch': 90, 'eta': 159931.693, 'loss': 0.0694, 'lr': 0.001, 'params': 870603, 'time_iter': 17.1931, 'accuracy': 0.9771, 'precision': 0.8038, 'recall': 0.5122, 'f1': 0.6257, 'auc': 0.9611}
val: {'epoch': 91, 'loss': 0.1003, 'lr': 0.001, 'params': 870603, 'time_iter': 3.4358, 'accuracy': 0.9808, 'precision': 0.5312, 'recall': 0.2099, 'f1': 0.3009, 'auc': 0.813}
train: {'epoch': 91, 'eta': 142161.3059, 'loss': 0.0674, 'lr': 0.001, 'params': 870603, 'time_iter': 17.2672, 'accuracy': 0.9773, 'precision': 0.8074, 'recall': 0.517, 'f1': 0.6304, 'auc': 0.9654}
val: {'epoch': 92, 'loss': 0.1045, 'lr': 0.001, 'params': 870603, 'time_iter': 2.9818, 'accuracy': 0.9788, 'precision': 0.4167, 'recall': 0.1852, 'f1': 0.2564, 'auc': 0.7938}
train: {'epoch': 92, 'eta': 124442.5026, 'loss': 0.0683, 'lr': 0.001, 'params': 870603, 'time_iter': 17.9325, 'accuracy': 0.978, 'precision': 0.8141, 'recall': 0.5333, 'f1': 0.6444, 'auc': 0.9631}
val: {'epoch': 93, 'loss': 0.111, 'lr': 0.001, 'params': 870603, 'time_iter': 3.2312, 'accuracy': 0.9776, 'precision': 0.3514, 'recall': 0.1605, 'f1': 0.2203, 'auc': 0.8068}
train: {'epoch': 93, 'eta': 106692.7695, 'loss': 0.0676, 'lr': 0.001, 'params': 870603, 'time_iter': 17.6992, 'accuracy': 0.9776, 'precision': 0.8153, 'recall': 0.5195, 'f1': 0.6346, 'auc': 0.9657}
val: {'epoch': 94, 'loss': 0.1013, 'lr': 0.001, 'params': 870603, 'time_iter': 3.4013, 'accuracy': 0.9803, 'precision': 0.5, 'recall': 0.1728, 'f1': 0.2569, 'auc': 0.8241}
train: {'epoch': 94, 'eta': 88916.4435, 'loss': 0.0669, 'lr': 0.001, 'params': 870603, 'time_iter': 17.3881, 'accuracy': 0.9777, 'precision': 0.8219, 'recall': 0.517, 'f1': 0.6348, 'auc': 0.9652}
val: {'epoch': 95, 'loss': 0.1023, 'lr': 0.001, 'params': 870603, 'time_iter': 3.1216, 'accuracy': 0.9801, 'precision': 0.4906, 'recall': 0.321, 'f1': 0.3881, 'auc': 0.8265}
train: {'epoch': 95, 'eta': 71120.3684, 'loss': 0.0669, 'lr': 0.001, 'params': 870603, 'time_iter': 16.9839, 'accuracy': 0.9775, 'precision': 0.7998, 'recall': 0.5317, 'f1': 0.6387, 'auc': 0.9661}
val: {'epoch': 96, 'loss': 0.1124, 'lr': 0.001, 'params': 870603, 'time_iter': 3.4391, 'accuracy': 0.9803, 'precision': 0.5, 'recall': 0.2099, 'f1': 0.2957, 'auc': 0.8047}
train: {'epoch': 96, 'eta': 53334.8754, 'loss': 0.0656, 'lr': 0.001, 'params': 870603, 'time_iter': 17.1093, 'accuracy': 0.9771, 'precision': 0.792, 'recall': 0.5284, 'f1': 0.6339, 'auc': 0.9682}
val: {'epoch': 97, 'loss': 0.1139, 'lr': 0.001, 'params': 870603, 'time_iter': 2.8996, 'accuracy': 0.9803, 'precision': 0.5, 'recall': 0.1975, 'f1': 0.2832, 'auc': 0.7971}
train: {'epoch': 97, 'eta': 35560.1099, 'loss': 0.0662, 'lr': 0.001, 'params': 870603, 'time_iter': 17.4452, 'accuracy': 0.9772, 'precision': 0.797, 'recall': 0.526, 'f1': 0.6337, 'auc': 0.9659}
val: {'epoch': 98, 'loss': 0.1061, 'lr': 0.001, 'params': 870603, 'time_iter': 2.9092, 'accuracy': 0.9801, 'precision': 0.4872, 'recall': 0.2346, 'f1': 0.3167, 'auc': 0.8066}
train: {'epoch': 98, 'eta': 17776.0796, 'loss': 0.0656, 'lr': 0.001, 'params': 870603, 'time_iter': 16.8965, 'accuracy': 0.9778, 'precision': 0.8076, 'recall': 0.5349, 'f1': 0.6436, 'auc': 0.9679}
val: {'epoch': 99, 'loss': 0.1157, 'lr': 0.001, 'params': 870603, 'time_iter': 3.3341, 'accuracy': 0.9798, 'precision': 0.4667, 'recall': 0.1728, 'f1': 0.2523, 'auc': 0.7982}
train: {'epoch': 99, 'eta': 0.0, 'loss': 0.065, 'lr': 0.001, 'params': 870603, 'time_iter': 17.0537, 'accuracy': 0.9784, 'precision': 0.822, 'recall': 0.5398, 'f1': 0.6516, 'auc': 0.9673}
test: {'epoch': 99, 'loss': 0.2228, 'lr': 0.001, 'params': 870603, 'time_iter': 3.0179, 'accuracy': 0.9657, 'precision': 0.1333, 'recall': 0.0154, 'f1': 0.0276, 'auc': 0.7285}
test: {'epoch': 70, 'loss': 0.1585, 'lr': 0.001, 'params': 870603, 'time_iter': 2.911, 'accuracy': 0.9703, 'precision': 0.5588, 'recall': 0.2923, 'f1': 0.3838, 'auc': 0.778}
