GraphGymModule(
  (model): DilatedGNNModel(
    (encoder): FeatureEncoder(
      (node_encoder): AtomEncoder(
        (atom_embedding_list): ModuleList(
          (0): Embedding(119, 300)
          (1): Embedding(4, 300)
          (2): Embedding(12, 300)
          (3): Embedding(12, 300)
          (4): Embedding(10, 300)
          (5): Embedding(6, 300)
          (6): Embedding(6, 300)
          (7): Embedding(2, 300)
          (8): Embedding(2, 300)
        )
      )
      (edge_encoder): BondEncoder(
        (bond_embedding_list): ModuleList(
          (0): Embedding(5, 300)
          (1): Embedding(6, 300)
          (2): Embedding(2, 300)
        )
      )
    )
    (mp): GNNDilatedStage(
      (classic_layers): ModuleList(
        (0): GeneralLayer(
          (layer): EGATConv(
            (model): GATConv(300, 300, heads=1)
          )
          (post_layer): Sequential(
            (0): BatchNorm1d(300, eps=1e-05, momentum=0.1, affine=True, track_running_stats=True)
            (1): Dropout(p=0.5, inplace=False)
            (2): ReLU()
          )
        )
        (1): GeneralLayer(
          (layer): EGATConv(
            (model): GATConv(300, 300, heads=1)
          )
          (post_layer): Sequential(
            (0): BatchNorm1d(300, eps=1e-05, momentum=0.1, affine=True, track_running_stats=True)
            (1): Dropout(p=0.5, inplace=False)
            (2): ReLU()
          )
        )
        (2): GeneralLayer(
          (layer): EGATConv(
            (model): GATConv(300, 300, heads=1)
          )
          (post_layer): Sequential(
            (0): BatchNorm1d(300, eps=1e-05, momentum=0.1, affine=True, track_running_stats=True)
            (1): Dropout(p=0.5, inplace=False)
            (2): ReLU()
          )
        )
      )
      (dilated_layers): ModuleList(
        (0): DilatedGeneralLayer(
          (layer): EGATConv(
            (model): GATConv(300, 300, heads=1)
          )
          (post_layer): Sequential(
            (0): BatchNorm1d(300, eps=1e-05, momentum=0.1, affine=True, track_running_stats=True)
            (1): Dropout(p=0.5, inplace=False)
            (2): ReLU()
          )
          (gem): GeM(p=3.0000, eps=1e-06)
        )
        (1): DilatedGeneralLayer(
          (layer): EGATConv(
            (model): GATConv(300, 300, heads=1)
          )
          (post_layer): Sequential(
            (0): BatchNorm1d(300, eps=1e-05, momentum=0.1, affine=True, track_running_stats=True)
            (1): Dropout(p=0.5, inplace=False)
            (2): ReLU()
          )
          (gem): GeM(p=3.0000, eps=1e-06)
        )
      )
      (act): ReLU()
    )
    (post_mp): GNNGraphHead(
      (layer_post_mp): MLP(
        (model): Sequential(
          (0): Linear(
            (model): Linear(600, 1, bias=True)
          )
        )
      )
    )
  )
)
accelerator: cuda
benchmark: False
bn:
  eps: 1e-05
  mom: 0.1
cfg_dest: config.yaml
custom_metrics: []
dataset:
  cache_load: False
  cache_save: False
  dir: ./datasets
  edge_dim: 300
  edge_encoder: True
  edge_encoder_bn: False
  edge_encoder_name: Bond
  edge_message_ratio: 0.8
  edge_negative_sampling_ratio: 1.0
  edge_train_mode: all
  encoder: True
  encoder_bn: True
  encoder_dim: 128
  encoder_name: db
  fast_loader: False
  format: OGB
  label_column: none
  label_table: none
  location: local
  name: ogbg-molhiv
  node_encoder: True
  node_encoder_bn: False
  node_encoder_name: Atom
  remove_feature: False
  resample_disjoint: False
  resample_negative: False
  shuffle_split: True
  split: [0.8, 0.1, 0.1]
  split_mode: random
  task: graph
  task_type: classification
  to_undirected: False
  transductive: False
  transform: none
  tu_simple: True
devices: 1
gnn:
  act: relu
  act_on_last_layer_mp: False
  agg: none
  att_final_linear: False
  att_final_linear_bn: False
  att_heads: 1
  batchnorm: True
  clear_feature: True
  dilated_path_join: concat
  dim_inner: 300
  dropout: 0.5
  head: graph
  keep_edge: 0.5
  l2norm: True
  layer_type: egatconv
  layers_k1: 3
  layers_k2: 2
  layers_mp: 5
  layers_post_mp: 1
  layers_pre_mp: 0
  learn_alpha_residual_connection: True
  msg_direction: single
  normalize_adj: False
  self_msg: concat
  skip_every: 1
  stage_type: stack
  use_edge_features: True
gpu_mem: False
mem:
  inplace: False
metric_agg: argmax
metric_best: auc
model:
  edge_decoding: dot
  graph_pooling: mean
  loss_fun: cross_entropy
  match_upper: True
  size_average: mean
  thresh: 0.5
  type: dilated_gnn
num_threads: 6
num_workers: 16
optim:
  base_lr: 0.001
  lr_decay: 0.1
  max_epoch: 100
  momentum: 0.9
  optimizer: adam
  scheduler: none
  steps: [30, 60, 90]
  weight_decay: 0.0
out_dir: results_experiments/ogbg_molhiv_baseline_grid_design/ogbg_molhiv_baseline-type=dilated_gnn-layer_type=egatconv-layers_k1=3-layers_k2=2-dilated_path_join=concat-learn_alpha_residual_connection=True
params: 963905
print: both
round: 4
run_dir: results_experiments/ogbg_molhiv_baseline_grid_design/ogbg_molhiv_baseline-type=dilated_gnn-layer_type=egatconv-layers_k1=3-layers_k2=2-dilated_path_join=concat-learn_alpha_residual_connection=True/6
seed: 7
share:
  dim_in: 9
  dim_out: 2
  num_splits: 3
tensorboard_agg: True
tensorboard_each_run: False
train:
  auto_resume: False
  batch_size: 32
  ckpt_clean: True
  ckpt_period: 100
  enable_ckpt: True
  epoch_resume: -1
  eval_period: 1
  iter_per_epoch: 32
  neighbor_sizes: [20, 15, 10, 5]
  node_per_graph: 32
  radius: extend
  sample_node: False
  sampler: full_batch
  skip_train_eval: False
  walk_length: 4
val:
  node_per_graph: 32
  radius: extend
  sample_node: False
  sampler: full_batch
view_emb: False
Num parameters: 963905
val: {'epoch': 0, 'loss': 0.6959, 'lr': 0.001, 'params': 963905, 'time_iter': 1.04, 'accuracy': 0.0781, 'precision': 0.0167, 'recall': 1.0, 'f1': 0.0328, 'auc': 0.5397}
val: {'epoch': 0, 'loss': 0.0982, 'lr': 0.001, 'params': 963905, 'time_iter': 2.6889, 'accuracy': 0.9803, 'precision': 0.0, 'recall': 0.0, 'f1': 0.0, 'auc': 0.6427}
train: {'epoch': 0, 'eta': 1864106.1417, 'loss': 0.1871, 'lr': 0.001, 'params': 963905, 'time_iter': 18.2987, 'accuracy': 0.9624, 'precision': 0.0, 'recall': 0.0, 'f1': 0.0, 'auc': 0.583}
val: {'epoch': 1, 'loss': 0.099, 'lr': 0.001, 'params': 963905, 'time_iter': 3.0036, 'accuracy': 0.9803, 'precision': 0.0, 'recall': 0.0, 'f1': 0.0, 'auc': 0.6442}
train: {'epoch': 1, 'eta': 1840385.2712, 'loss': 0.1526, 'lr': 0.001, 'params': 963905, 'time_iter': 18.2017, 'accuracy': 0.9626, 'precision': 0.0, 'recall': 0.0, 'f1': 0.0, 'auc': 0.6599}
val: {'epoch': 2, 'loss': 0.1014, 'lr': 0.001, 'params': 963905, 'time_iter': 2.7453, 'accuracy': 0.9803, 'precision': 0.0, 'recall': 0.0, 'f1': 0.0, 'auc': 0.6404}
train: {'epoch': 2, 'eta': 1827969.3176, 'loss': 0.1502, 'lr': 0.001, 'params': 963905, 'time_iter': 18.4414, 'accuracy': 0.9626, 'precision': 0.0, 'recall': 0.0, 'f1': 0.0, 'auc': 0.6784}
val: {'epoch': 3, 'loss': 0.0968, 'lr': 0.001, 'params': 963905, 'time_iter': 2.6123, 'accuracy': 0.9803, 'precision': 0.0, 'recall': 0.0, 'f1': 0.0, 'auc': 0.6574}
train: {'epoch': 3, 'eta': 1811779.1172, 'loss': 0.1488, 'lr': 0.001, 'params': 963905, 'time_iter': 18.4214, 'accuracy': 0.9626, 'precision': 0.0, 'recall': 0.0, 'f1': 0.0, 'auc': 0.6851}
val: {'epoch': 4, 'loss': 0.1017, 'lr': 0.001, 'params': 963905, 'time_iter': 2.7671, 'accuracy': 0.9803, 'precision': 0.0, 'recall': 0.0, 'f1': 0.0, 'auc': 0.6296}
train: {'epoch': 4, 'eta': 1790359.8106, 'loss': 0.1477, 'lr': 0.001, 'params': 963905, 'time_iter': 18.2106, 'accuracy': 0.9626, 'precision': 0.0, 'recall': 0.0, 'f1': 0.0, 'auc': 0.6935}
val: {'epoch': 5, 'loss': 0.0972, 'lr': 0.001, 'params': 963905, 'time_iter': 2.6697, 'accuracy': 0.9803, 'precision': 0.0, 'recall': 0.0, 'f1': 0.0, 'auc': 0.6943}
train: {'epoch': 5, 'eta': 1775253.1236, 'loss': 0.1449, 'lr': 0.001, 'params': 963905, 'time_iter': 18.5467, 'accuracy': 0.9626, 'precision': 1.0, 'recall': 0.0008, 'f1': 0.0016, 'auc': 0.7076}
val: {'epoch': 6, 'loss': 0.0957, 'lr': 0.001, 'params': 963905, 'time_iter': 2.681, 'accuracy': 0.9803, 'precision': 0.0, 'recall': 0.0, 'f1': 0.0, 'auc': 0.6557}
train: {'epoch': 6, 'eta': 1757811.3189, 'loss': 0.1453, 'lr': 0.001, 'params': 963905, 'time_iter': 18.459, 'accuracy': 0.9625, 'precision': 0.2857, 'recall': 0.0016, 'f1': 0.0032, 'auc': 0.7045}
val: {'epoch': 7, 'loss': 0.1016, 'lr': 0.001, 'params': 963905, 'time_iter': 2.6499, 'accuracy': 0.9805, 'precision': 1.0, 'recall': 0.0123, 'f1': 0.0244, 'auc': 0.6761}
train: {'epoch': 7, 'eta': 1733367.6001, 'loss': 0.1423, 'lr': 0.001, 'params': 963905, 'time_iter': 17.9001, 'accuracy': 0.9628, 'precision': 0.6957, 'recall': 0.013, 'f1': 0.0255, 'auc': 0.7177}
val: {'epoch': 8, 'loss': 0.1044, 'lr': 0.001, 'params': 963905, 'time_iter': 2.8039, 'accuracy': 0.9803, 'precision': 0.0, 'recall': 0.0, 'f1': 0.0, 'auc': 0.6648}
train: {'epoch': 8, 'eta': 1711104.7725, 'loss': 0.1418, 'lr': 0.001, 'params': 963905, 'time_iter': 17.9811, 'accuracy': 0.9627, 'precision': 0.6111, 'recall': 0.0089, 'f1': 0.0176, 'auc': 0.7244}
val: {'epoch': 9, 'loss': 0.1027, 'lr': 0.001, 'params': 963905, 'time_iter': 2.6414, 'accuracy': 0.9813, 'precision': 1.0, 'recall': 0.0494, 'f1': 0.0941, 'auc': 0.6839}
train: {'epoch': 9, 'eta': 1690438.6468, 'loss': 0.1412, 'lr': 0.001, 'params': 963905, 'time_iter': 18.0723, 'accuracy': 0.9627, 'precision': 0.5588, 'recall': 0.0154, 'f1': 0.03, 'auc': 0.7213}
val: {'epoch': 10, 'loss': 0.1011, 'lr': 0.001, 'params': 963905, 'time_iter': 2.9292, 'accuracy': 0.9805, 'precision': 1.0, 'recall': 0.0123, 'f1': 0.0244, 'auc': 0.6471}
train: {'epoch': 10, 'eta': 1673014.5456, 'loss': 0.1413, 'lr': 0.001, 'params': 963905, 'time_iter': 18.4165, 'accuracy': 0.963, 'precision': 0.6458, 'recall': 0.0252, 'f1': 0.0484, 'auc': 0.7223}
val: {'epoch': 11, 'loss': 0.1077, 'lr': 0.001, 'params': 963905, 'time_iter': 2.8023, 'accuracy': 0.981, 'precision': 1.0, 'recall': 0.037, 'f1': 0.0714, 'auc': 0.6879}
train: {'epoch': 11, 'eta': 1656748.585, 'loss': 0.1389, 'lr': 0.001, 'params': 963905, 'time_iter': 18.6037, 'accuracy': 0.9629, 'precision': 0.561, 'recall': 0.0373, 'f1': 0.07, 'auc': 0.74}
val: {'epoch': 12, 'loss': 0.1071, 'lr': 0.001, 'params': 963905, 'time_iter': 2.569, 'accuracy': 0.9813, 'precision': 0.8333, 'recall': 0.0617, 'f1': 0.1149, 'auc': 0.6581}
train: {'epoch': 12, 'eta': 1638431.7662, 'loss': 0.1378, 'lr': 0.001, 'params': 963905, 'time_iter': 18.3701, 'accuracy': 0.963, 'precision': 0.5875, 'recall': 0.0381, 'f1': 0.0716, 'auc': 0.7413}
val: {'epoch': 13, 'loss': 0.1069, 'lr': 0.001, 'params': 963905, 'time_iter': 2.9422, 'accuracy': 0.9808, 'precision': 1.0, 'recall': 0.0247, 'f1': 0.0482, 'auc': 0.6764}
train: {'epoch': 13, 'eta': 1622583.4817, 'loss': 0.1382, 'lr': 0.001, 'params': 963905, 'time_iter': 18.7739, 'accuracy': 0.9627, 'precision': 0.5222, 'recall': 0.0381, 'f1': 0.0711, 'auc': 0.7428}
val: {'epoch': 14, 'loss': 0.1072, 'lr': 0.001, 'params': 963905, 'time_iter': 2.5941, 'accuracy': 0.9813, 'precision': 1.0, 'recall': 0.0494, 'f1': 0.0941, 'auc': 0.6832}
train: {'epoch': 14, 'eta': 1602440.9062, 'loss': 0.139, 'lr': 0.001, 'params': 963905, 'time_iter': 18.1168, 'accuracy': 0.963, 'precision': 0.6061, 'recall': 0.0325, 'f1': 0.0616, 'auc': 0.7343}
val: {'epoch': 15, 'loss': 0.1155, 'lr': 0.001, 'params': 963905, 'time_iter': 2.7518, 'accuracy': 0.9803, 'precision': 0.0, 'recall': 0.0, 'f1': 0.0, 'auc': 0.6408}
train: {'epoch': 15, 'eta': 1584443.4731, 'loss': 0.138, 'lr': 0.001, 'params': 963905, 'time_iter': 18.4792, 'accuracy': 0.9632, 'precision': 0.6235, 'recall': 0.043, 'f1': 0.0805, 'auc': 0.7423}
val: {'epoch': 16, 'loss': 0.1045, 'lr': 0.001, 'params': 963905, 'time_iter': 2.6639, 'accuracy': 0.9808, 'precision': 1.0, 'recall': 0.0247, 'f1': 0.0482, 'auc': 0.7115}
train: {'epoch': 16, 'eta': 1565227.4607, 'loss': 0.1364, 'lr': 0.001, 'params': 963905, 'time_iter': 18.2604, 'accuracy': 0.9636, 'precision': 0.6882, 'recall': 0.0519, 'f1': 0.0966, 'auc': 0.7435}
val: {'epoch': 17, 'loss': 0.1088, 'lr': 0.001, 'params': 963905, 'time_iter': 2.7365, 'accuracy': 0.9805, 'precision': 1.0, 'recall': 0.0123, 'f1': 0.0244, 'auc': 0.6757}
train: {'epoch': 17, 'eta': 1546597.4833, 'loss': 0.1348, 'lr': 0.001, 'params': 963905, 'time_iter': 18.3754, 'accuracy': 0.964, 'precision': 0.6885, 'recall': 0.0682, 'f1': 0.1241, 'auc': 0.7505}
val: {'epoch': 18, 'loss': 0.1209, 'lr': 0.001, 'params': 963905, 'time_iter': 2.7503, 'accuracy': 0.9803, 'precision': 0.0, 'recall': 0.0, 'f1': 0.0, 'auc': 0.6881}
train: {'epoch': 18, 'eta': 1526710.3965, 'loss': 0.134, 'lr': 0.001, 'params': 963905, 'time_iter': 18.0955, 'accuracy': 0.964, 'precision': 0.6949, 'recall': 0.0666, 'f1': 0.1215, 'auc': 0.7602}
val: {'epoch': 19, 'loss': 0.1202, 'lr': 0.001, 'params': 963905, 'time_iter': 3.1815, 'accuracy': 0.9803, 'precision': 0.0, 'recall': 0.0, 'f1': 0.0, 'auc': 0.6703}
train: {'epoch': 19, 'eta': 1507427.0092, 'loss': 0.1333, 'lr': 0.001, 'params': 963905, 'time_iter': 18.2114, 'accuracy': 0.9637, 'precision': 0.6397, 'recall': 0.0706, 'f1': 0.1272, 'auc': 0.7623}
val: {'epoch': 20, 'loss': 0.1191, 'lr': 0.001, 'params': 963905, 'time_iter': 2.7858, 'accuracy': 0.9803, 'precision': 0.0, 'recall': 0.0, 'f1': 0.0, 'auc': 0.7266}
train: {'epoch': 20, 'eta': 1489997.969, 'loss': 0.1323, 'lr': 0.001, 'params': 963905, 'time_iter': 18.677, 'accuracy': 0.9643, 'precision': 0.6859, 'recall': 0.0869, 'f1': 0.1542, 'auc': 0.7634}
val: {'epoch': 21, 'loss': 0.1223, 'lr': 0.001, 'params': 963905, 'time_iter': 2.5855, 'accuracy': 0.9803, 'precision': 0.0, 'recall': 0.0, 'f1': 0.0, 'auc': 0.7398}
train: {'epoch': 21, 'eta': 1471072.301, 'loss': 0.1321, 'lr': 0.001, 'params': 963905, 'time_iter': 18.3114, 'accuracy': 0.964, 'precision': 0.6348, 'recall': 0.0917, 'f1': 0.1603, 'auc': 0.7688}
val: {'epoch': 22, 'loss': 0.113, 'lr': 0.001, 'params': 963905, 'time_iter': 2.803, 'accuracy': 0.9803, 'precision': 0.0, 'recall': 0.0, 'f1': 0.0, 'auc': 0.7511}
train: {'epoch': 22, 'eta': 1452390.9848, 'loss': 0.1321, 'lr': 0.001, 'params': 963905, 'time_iter': 18.3802, 'accuracy': 0.9638, 'precision': 0.6124, 'recall': 0.0885, 'f1': 0.1546, 'auc': 0.765}
val: {'epoch': 23, 'loss': 0.1186, 'lr': 0.001, 'params': 963905, 'time_iter': 2.6251, 'accuracy': 0.9803, 'precision': 0.0, 'recall': 0.0, 'f1': 0.0, 'auc': 0.675}
train: {'epoch': 23, 'eta': 1434019.3384, 'loss': 0.132, 'lr': 0.001, 'params': 963905, 'time_iter': 18.4812, 'accuracy': 0.9637, 'precision': 0.592, 'recall': 0.0966, 'f1': 0.1661, 'auc': 0.7697}
val: {'epoch': 24, 'loss': 0.1134, 'lr': 0.001, 'params': 963905, 'time_iter': 2.7523, 'accuracy': 0.9805, 'precision': 1.0, 'recall': 0.0123, 'f1': 0.0244, 'auc': 0.7019}
train: {'epoch': 24, 'eta': 1415184.0112, 'loss': 0.1313, 'lr': 0.001, 'params': 963905, 'time_iter': 18.3477, 'accuracy': 0.9641, 'precision': 0.6168, 'recall': 0.1071, 'f1': 0.1826, 'auc': 0.7686}
val: {'epoch': 25, 'loss': 0.1286, 'lr': 0.001, 'params': 963905, 'time_iter': 2.6785, 'accuracy': 0.9803, 'precision': 0.0, 'recall': 0.0, 'f1': 0.0, 'auc': 0.6957}
train: {'epoch': 25, 'eta': 1396232.5456, 'loss': 0.1311, 'lr': 0.001, 'params': 963905, 'time_iter': 18.3092, 'accuracy': 0.9639, 'precision': 0.6077, 'recall': 0.1031, 'f1': 0.1763, 'auc': 0.7685}
val: {'epoch': 26, 'loss': 0.1213, 'lr': 0.001, 'params': 963905, 'time_iter': 3.179, 'accuracy': 0.9803, 'precision': 0.0, 'recall': 0.0, 'f1': 0.0, 'auc': 0.6166}
train: {'epoch': 26, 'eta': 1377344.2696, 'loss': 0.1303, 'lr': 0.001, 'params': 963905, 'time_iter': 18.329, 'accuracy': 0.9639, 'precision': 0.6114, 'recall': 0.0958, 'f1': 0.1656, 'auc': 0.778}
val: {'epoch': 27, 'loss': 0.1235, 'lr': 0.001, 'params': 963905, 'time_iter': 2.7668, 'accuracy': 0.9803, 'precision': 0.0, 'recall': 0.0, 'f1': 0.0, 'auc': 0.6277}
train: {'epoch': 27, 'eta': 1358659.744, 'loss': 0.1315, 'lr': 0.001, 'params': 963905, 'time_iter': 18.4052, 'accuracy': 0.9639, 'precision': 0.623, 'recall': 0.0925, 'f1': 0.1611, 'auc': 0.7749}
val: {'epoch': 28, 'loss': 0.1268, 'lr': 0.001, 'params': 963905, 'time_iter': 3.1088, 'accuracy': 0.9803, 'precision': 0.0, 'recall': 0.0, 'f1': 0.0, 'auc': 0.5808}
train: {'epoch': 28, 'eta': 1339657.3697, 'loss': 0.1302, 'lr': 0.001, 'params': 963905, 'time_iter': 18.286, 'accuracy': 0.9643, 'precision': 0.6429, 'recall': 0.1023, 'f1': 0.1765, 'auc': 0.7788}
val: {'epoch': 29, 'loss': 0.1306, 'lr': 0.001, 'params': 963905, 'time_iter': 2.763, 'accuracy': 0.9803, 'precision': 0.0, 'recall': 0.0, 'f1': 0.0, 'auc': 0.5921}
train: {'epoch': 29, 'eta': 1320464.3773, 'loss': 0.13, 'lr': 0.001, 'params': 963905, 'time_iter': 18.2015, 'accuracy': 0.9642, 'precision': 0.6286, 'recall': 0.1071, 'f1': 0.1831, 'auc': 0.7752}
val: {'epoch': 30, 'loss': 0.1328, 'lr': 0.001, 'params': 963905, 'time_iter': 2.6795, 'accuracy': 0.9803, 'precision': 0.0, 'recall': 0.0, 'f1': 0.0, 'auc': 0.6264}
train: {'epoch': 30, 'eta': 1301242.0668, 'loss': 0.1291, 'lr': 0.001, 'params': 963905, 'time_iter': 18.1756, 'accuracy': 0.965, 'precision': 0.682, 'recall': 0.1201, 'f1': 0.2043, 'auc': 0.7759}
val: {'epoch': 31, 'loss': 0.129, 'lr': 0.001, 'params': 963905, 'time_iter': 2.8435, 'accuracy': 0.9803, 'precision': 0.0, 'recall': 0.0, 'f1': 0.0, 'auc': 0.5831}
train: {'epoch': 31, 'eta': 1281829.6771, 'loss': 0.131, 'lr': 0.001, 'params': 963905, 'time_iter': 18.0738, 'accuracy': 0.9643, 'precision': 0.6284, 'recall': 0.1112, 'f1': 0.189, 'auc': 0.7712}
val: {'epoch': 32, 'loss': 0.1326, 'lr': 0.001, 'params': 963905, 'time_iter': 2.6824, 'accuracy': 0.9803, 'precision': 0.0, 'recall': 0.0, 'f1': 0.0, 'auc': 0.5481}
train: {'epoch': 32, 'eta': 1263119.332, 'loss': 0.1284, 'lr': 0.001, 'params': 963905, 'time_iter': 18.3862, 'accuracy': 0.965, 'precision': 0.6561, 'recall': 0.1347, 'f1': 0.2236, 'auc': 0.7768}
val: {'epoch': 33, 'loss': 0.1315, 'lr': 0.001, 'params': 963905, 'time_iter': 3.1751, 'accuracy': 0.9803, 'precision': 0.0, 'recall': 0.0, 'f1': 0.0, 'auc': 0.5201}
train: {'epoch': 33, 'eta': 1243823.8521, 'loss': 0.1284, 'lr': 0.001, 'params': 963905, 'time_iter': 18.0995, 'accuracy': 0.9647, 'precision': 0.6392, 'recall': 0.1323, 'f1': 0.2192, 'auc': 0.7773}
val: {'epoch': 34, 'loss': 0.1353, 'lr': 0.001, 'params': 963905, 'time_iter': 2.7537, 'accuracy': 0.9803, 'precision': 0.0, 'recall': 0.0, 'f1': 0.0, 'auc': 0.5249}
train: {'epoch': 34, 'eta': 1225742.3328, 'loss': 0.1275, 'lr': 0.001, 'params': 963905, 'time_iter': 18.7146, 'accuracy': 0.9645, 'precision': 0.6285, 'recall': 0.1291, 'f1': 0.2141, 'auc': 0.7841}
val: {'epoch': 35, 'loss': 0.1356, 'lr': 0.001, 'params': 963905, 'time_iter': 3.3944, 'accuracy': 0.9803, 'precision': 0.0, 'recall': 0.0, 'f1': 0.0, 'auc': 0.5597}
train: {'epoch': 35, 'eta': 1206287.9893, 'loss': 0.1274, 'lr': 0.001, 'params': 963905, 'time_iter': 17.9999, 'accuracy': 0.965, 'precision': 0.6588, 'recall': 0.1364, 'f1': 0.226, 'auc': 0.7814}
val: {'epoch': 36, 'loss': 0.1373, 'lr': 0.001, 'params': 963905, 'time_iter': 2.7163, 'accuracy': 0.9803, 'precision': 0.0, 'recall': 0.0, 'f1': 0.0, 'auc': 0.5159}
train: {'epoch': 36, 'eta': 1187103.9904, 'loss': 0.1265, 'lr': 0.001, 'params': 963905, 'time_iter': 18.1254, 'accuracy': 0.9644, 'precision': 0.6071, 'recall': 0.138, 'f1': 0.2249, 'auc': 0.7913}
val: {'epoch': 37, 'loss': 0.1331, 'lr': 0.001, 'params': 963905, 'time_iter': 2.6039, 'accuracy': 0.9803, 'precision': 0.0, 'recall': 0.0, 'f1': 0.0, 'auc': 0.5316}
train: {'epoch': 37, 'eta': 1167853.5437, 'loss': 0.1269, 'lr': 0.001, 'params': 963905, 'time_iter': 18.0691, 'accuracy': 0.9652, 'precision': 0.6605, 'recall': 0.1453, 'f1': 0.2382, 'auc': 0.7857}
val: {'epoch': 38, 'loss': 0.1325, 'lr': 0.001, 'params': 963905, 'time_iter': 2.886, 'accuracy': 0.9803, 'precision': 0.0, 'recall': 0.0, 'f1': 0.0, 'auc': 0.6688}
train: {'epoch': 38, 'eta': 1148874.5084, 'loss': 0.1272, 'lr': 0.001, 'params': 963905, 'time_iter': 18.2168, 'accuracy': 0.9642, 'precision': 0.6078, 'recall': 0.1258, 'f1': 0.2085, 'auc': 0.7886}
val: {'epoch': 39, 'loss': 0.1279, 'lr': 0.001, 'params': 963905, 'time_iter': 2.6099, 'accuracy': 0.9803, 'precision': 0.0, 'recall': 0.0, 'f1': 0.0, 'auc': 0.5503}
train: {'epoch': 39, 'eta': 1130279.6235, 'loss': 0.1278, 'lr': 0.001, 'params': 963905, 'time_iter': 18.4581, 'accuracy': 0.9645, 'precision': 0.624, 'recall': 0.1307, 'f1': 0.2161, 'auc': 0.7883}
val: {'epoch': 40, 'loss': 0.1299, 'lr': 0.001, 'params': 963905, 'time_iter': 2.7231, 'accuracy': 0.9803, 'precision': 0.0, 'recall': 0.0, 'f1': 0.0, 'auc': 0.5765}
train: {'epoch': 40, 'eta': 1111336.1651, 'loss': 0.1271, 'lr': 0.001, 'params': 963905, 'time_iter': 18.2359, 'accuracy': 0.965, 'precision': 0.6653, 'recall': 0.1307, 'f1': 0.2185, 'auc': 0.7868}
val: {'epoch': 41, 'loss': 0.1265, 'lr': 0.001, 'params': 963905, 'time_iter': 2.6712, 'accuracy': 0.9803, 'precision': 0.0, 'recall': 0.0, 'f1': 0.0, 'auc': 0.5283}
train: {'epoch': 41, 'eta': 1092502.7456, 'loss': 0.1277, 'lr': 0.001, 'params': 963905, 'time_iter': 18.3073, 'accuracy': 0.9643, 'precision': 0.6135, 'recall': 0.125, 'f1': 0.2077, 'auc': 0.787}
val: {'epoch': 42, 'loss': 0.1337, 'lr': 0.001, 'params': 963905, 'time_iter': 3.0532, 'accuracy': 0.9803, 'precision': 0.0, 'recall': 0.0, 'f1': 0.0, 'auc': 0.5358}
train: {'epoch': 42, 'eta': 1073651.8677, 'loss': 0.1355, 'lr': 0.001, 'params': 963905, 'time_iter': 18.2947, 'accuracy': 0.964, 'precision': 0.64, 'recall': 0.0909, 'f1': 0.1592, 'auc': 0.7515}
val: {'epoch': 43, 'loss': 0.1277, 'lr': 0.001, 'params': 963905, 'time_iter': 2.8477, 'accuracy': 0.9803, 'precision': 0.0, 'recall': 0.0, 'f1': 0.0, 'auc': 0.541}
train: {'epoch': 43, 'eta': 1055702.7375, 'loss': 0.131, 'lr': 0.001, 'params': 963905, 'time_iter': 18.9823, 'accuracy': 0.9645, 'precision': 0.6452, 'recall': 0.1136, 'f1': 0.1932, 'auc': 0.7698}
val: {'epoch': 44, 'loss': 0.1303, 'lr': 0.001, 'params': 963905, 'time_iter': 2.6633, 'accuracy': 0.9803, 'precision': 0.0, 'recall': 0.0, 'f1': 0.0, 'auc': 0.5542}
train: {'epoch': 44, 'eta': 1036715.018, 'loss': 0.1327, 'lr': 0.001, 'params': 963905, 'time_iter': 18.2125, 'accuracy': 0.9642, 'precision': 0.648, 'recall': 0.0942, 'f1': 0.1644, 'auc': 0.7617}
val: {'epoch': 45, 'loss': 0.1322, 'lr': 0.001, 'params': 963905, 'time_iter': 2.7612, 'accuracy': 0.9803, 'precision': 0.0, 'recall': 0.0, 'f1': 0.0, 'auc': 0.5113}
train: {'epoch': 45, 'eta': 1017971.0858, 'loss': 0.1287, 'lr': 0.001, 'params': 963905, 'time_iter': 18.4054, 'accuracy': 0.9643, 'precision': 0.625, 'recall': 0.1136, 'f1': 0.1923, 'auc': 0.7828}
val: {'epoch': 46, 'loss': 0.1322, 'lr': 0.001, 'params': 963905, 'time_iter': 2.6871, 'accuracy': 0.9803, 'precision': 0.0, 'recall': 0.0, 'f1': 0.0, 'auc': 0.4988}
train: {'epoch': 46, 'eta': 998976.1036, 'loss': 0.1325, 'lr': 0.001, 'params': 963905, 'time_iter': 18.1962, 'accuracy': 0.9641, 'precision': 0.6321, 'recall': 0.099, 'f1': 0.1712, 'auc': 0.7664}
val: {'epoch': 47, 'loss': 0.1399, 'lr': 0.001, 'params': 963905, 'time_iter': 2.9389, 'accuracy': 0.9803, 'precision': 0.0, 'recall': 0.0, 'f1': 0.0, 'auc': 0.4853}
train: {'epoch': 47, 'eta': 980212.5452, 'loss': 0.1289, 'lr': 0.001, 'params': 963905, 'time_iter': 18.3937, 'accuracy': 0.9649, 'precision': 0.6548, 'recall': 0.1339, 'f1': 0.2224, 'auc': 0.7778}
val: {'epoch': 48, 'loss': 0.1349, 'lr': 0.001, 'params': 963905, 'time_iter': 2.7666, 'accuracy': 0.9803, 'precision': 0.0, 'recall': 0.0, 'f1': 0.0, 'auc': 0.5678}
train: {'epoch': 48, 'eta': 961451.6422, 'loss': 0.1351, 'lr': 0.001, 'params': 963905, 'time_iter': 18.4024, 'accuracy': 0.9643, 'precision': 0.6903, 'recall': 0.0869, 'f1': 0.1543, 'auc': 0.7562}
val: {'epoch': 49, 'loss': 0.1285, 'lr': 0.001, 'params': 963905, 'time_iter': 2.607, 'accuracy': 0.9803, 'precision': 0.0, 'recall': 0.0, 'f1': 0.0, 'auc': 0.4765}
train: {'epoch': 49, 'eta': 942508.2704, 'loss': 0.1368, 'lr': 0.001, 'params': 963905, 'time_iter': 18.2319, 'accuracy': 0.9644, 'precision': 0.6918, 'recall': 0.0893, 'f1': 0.1582, 'auc': 0.7423}
val: {'epoch': 50, 'loss': 0.1311, 'lr': 0.001, 'params': 963905, 'time_iter': 2.6645, 'accuracy': 0.9803, 'precision': 0.0, 'recall': 0.0, 'f1': 0.0, 'auc': 0.613}
train: {'epoch': 50, 'eta': 923499.8782, 'loss': 0.1337, 'lr': 0.001, 'params': 963905, 'time_iter': 18.1589, 'accuracy': 0.9646, 'precision': 0.6667, 'recall': 0.1104, 'f1': 0.1894, 'auc': 0.7598}
val: {'epoch': 51, 'loss': 0.1335, 'lr': 0.001, 'params': 963905, 'time_iter': 2.5946, 'accuracy': 0.9803, 'precision': 0.0, 'recall': 0.0, 'f1': 0.0, 'auc': 0.5703}
train: {'epoch': 51, 'eta': 904595.0166, 'loss': 0.1322, 'lr': 0.001, 'params': 963905, 'time_iter': 18.2548, 'accuracy': 0.9649, 'precision': 0.6842, 'recall': 0.1161, 'f1': 0.1985, 'auc': 0.7706}
val: {'epoch': 52, 'loss': 0.1377, 'lr': 0.001, 'params': 963905, 'time_iter': 2.7714, 'accuracy': 0.9803, 'precision': 0.0, 'recall': 0.0, 'f1': 0.0, 'auc': 0.6062}
train: {'epoch': 52, 'eta': 885653.6758, 'loss': 0.129, 'lr': 0.001, 'params': 963905, 'time_iter': 18.2098, 'accuracy': 0.9645, 'precision': 0.6569, 'recall': 0.1088, 'f1': 0.1866, 'auc': 0.7811}
val: {'epoch': 53, 'loss': 0.1428, 'lr': 0.001, 'params': 963905, 'time_iter': 2.7058, 'accuracy': 0.9803, 'precision': 0.0, 'recall': 0.0, 'f1': 0.0, 'auc': 0.5526}
train: {'epoch': 53, 'eta': 866796.8621, 'loss': 0.1273, 'lr': 0.001, 'params': 963905, 'time_iter': 18.2977, 'accuracy': 0.9652, 'precision': 0.7005, 'recall': 0.1234, 'f1': 0.2098, 'auc': 0.7892}
val: {'epoch': 54, 'loss': 0.1411, 'lr': 0.001, 'params': 963905, 'time_iter': 2.9484, 'accuracy': 0.9803, 'precision': 0.0, 'recall': 0.0, 'f1': 0.0, 'auc': 0.5019}
train: {'epoch': 54, 'eta': 847779.2323, 'loss': 0.1307, 'lr': 0.001, 'params': 963905, 'time_iter': 18.1054, 'accuracy': 0.9644, 'precision': 0.6344, 'recall': 0.1169, 'f1': 0.1974, 'auc': 0.7718}
val: {'epoch': 55, 'loss': 0.1411, 'lr': 0.001, 'params': 963905, 'time_iter': 2.7849, 'accuracy': 0.9803, 'precision': 0.0, 'recall': 0.0, 'f1': 0.0, 'auc': 0.5049}
train: {'epoch': 55, 'eta': 829227.9467, 'loss': 0.1316, 'lr': 0.001, 'params': 963905, 'time_iter': 18.6651, 'accuracy': 0.9648, 'precision': 0.6667, 'recall': 0.1201, 'f1': 0.2036, 'auc': 0.7732}
val: {'epoch': 56, 'loss': 0.1428, 'lr': 0.001, 'params': 963905, 'time_iter': 3.165, 'accuracy': 0.9803, 'precision': 0.0, 'recall': 0.0, 'f1': 0.0, 'auc': 0.561}
train: {'epoch': 56, 'eta': 810152.1907, 'loss': 0.1295, 'lr': 0.001, 'params': 963905, 'time_iter': 18.0191, 'accuracy': 0.9648, 'precision': 0.6569, 'recall': 0.1274, 'f1': 0.2135, 'auc': 0.7735}
val: {'epoch': 57, 'loss': 0.1455, 'lr': 0.001, 'params': 963905, 'time_iter': 2.7438, 'accuracy': 0.9803, 'precision': 0.0, 'recall': 0.0, 'f1': 0.0, 'auc': 0.4692}
train: {'epoch': 57, 'eta': 791245.1311, 'loss': 0.1287, 'lr': 0.001, 'params': 963905, 'time_iter': 18.2208, 'accuracy': 0.9647, 'precision': 0.6353, 'recall': 0.1315, 'f1': 0.2179, 'auc': 0.7814}
val: {'epoch': 58, 'loss': 0.142, 'lr': 0.001, 'params': 963905, 'time_iter': 2.568, 'accuracy': 0.9803, 'precision': 0.0, 'recall': 0.0, 'f1': 0.0, 'auc': 0.4768}
train: {'epoch': 58, 'eta': 772523.23, 'loss': 0.1271, 'lr': 0.001, 'params': 963905, 'time_iter': 18.4722, 'accuracy': 0.9645, 'precision': 0.634, 'recall': 0.1209, 'f1': 0.2031, 'auc': 0.7928}
val: {'epoch': 59, 'loss': 0.1496, 'lr': 0.001, 'params': 963905, 'time_iter': 2.7872, 'accuracy': 0.9803, 'precision': 0.0, 'recall': 0.0, 'f1': 0.0, 'auc': 0.4801}
train: {'epoch': 59, 'eta': 753592.2148, 'loss': 0.1278, 'lr': 0.001, 'params': 963905, 'time_iter': 18.1813, 'accuracy': 0.965, 'precision': 0.6541, 'recall': 0.1412, 'f1': 0.2323, 'auc': 0.7905}
val: {'epoch': 60, 'loss': 0.15, 'lr': 0.001, 'params': 963905, 'time_iter': 2.5799, 'accuracy': 0.9803, 'precision': 0.0, 'recall': 0.0, 'f1': 0.0, 'auc': 0.5401}
train: {'epoch': 60, 'eta': 734755.1553, 'loss': 0.1258, 'lr': 0.001, 'params': 963905, 'time_iter': 18.313, 'accuracy': 0.9648, 'precision': 0.648, 'recall': 0.1315, 'f1': 0.2186, 'auc': 0.7909}
val: {'epoch': 61, 'loss': 0.1441, 'lr': 0.001, 'params': 963905, 'time_iter': 2.7377, 'accuracy': 0.9803, 'precision': 0.0, 'recall': 0.0, 'f1': 0.0, 'auc': 0.6149}
train: {'epoch': 61, 'eta': 715808.5889, 'loss': 0.132, 'lr': 0.001, 'params': 963905, 'time_iter': 18.1397, 'accuracy': 0.9638, 'precision': 0.5901, 'recall': 0.1063, 'f1': 0.1802, 'auc': 0.7704}
val: {'epoch': 62, 'loss': 0.1408, 'lr': 0.001, 'params': 963905, 'time_iter': 2.6408, 'accuracy': 0.9803, 'precision': 0.0, 'recall': 0.0, 'f1': 0.0, 'auc': 0.6019}
train: {'epoch': 62, 'eta': 696906.4876, 'loss': 0.1297, 'lr': 0.001, 'params': 963905, 'time_iter': 18.1986, 'accuracy': 0.9647, 'precision': 0.652, 'recall': 0.1201, 'f1': 0.2029, 'auc': 0.779}
val: {'epoch': 63, 'loss': 0.1398, 'lr': 0.001, 'params': 963905, 'time_iter': 2.8831, 'accuracy': 0.9803, 'precision': 0.0, 'recall': 0.0, 'f1': 0.0, 'auc': 0.6389}
train: {'epoch': 63, 'eta': 677975.3065, 'loss': 0.1279, 'lr': 0.001, 'params': 963905, 'time_iter': 18.1388, 'accuracy': 0.9648, 'precision': 0.6637, 'recall': 0.1218, 'f1': 0.2058, 'auc': 0.7851}
val: {'epoch': 64, 'loss': 0.1464, 'lr': 0.001, 'params': 963905, 'time_iter': 2.7287, 'accuracy': 0.9803, 'precision': 0.0, 'recall': 0.0, 'f1': 0.0, 'auc': 0.6182}
train: {'epoch': 64, 'eta': 659234.2274, 'loss': 0.1274, 'lr': 0.001, 'params': 963905, 'time_iter': 18.4672, 'accuracy': 0.9648, 'precision': 0.6502, 'recall': 0.1282, 'f1': 0.2142, 'auc': 0.7901}
val: {'epoch': 65, 'loss': 0.1448, 'lr': 0.001, 'params': 963905, 'time_iter': 2.9958, 'accuracy': 0.9803, 'precision': 0.0, 'recall': 0.0, 'f1': 0.0, 'auc': 0.6204}
train: {'epoch': 65, 'eta': 640277.7403, 'loss': 0.127, 'lr': 0.001, 'params': 963905, 'time_iter': 18.0758, 'accuracy': 0.9654, 'precision': 0.6797, 'recall': 0.1412, 'f1': 0.2339, 'auc': 0.7888}
val: {'epoch': 66, 'loss': 0.1439, 'lr': 0.001, 'params': 963905, 'time_iter': 2.6656, 'accuracy': 0.9803, 'precision': 0.0, 'recall': 0.0, 'f1': 0.0, 'auc': 0.5683}
train: {'epoch': 66, 'eta': 621558.0174, 'loss': 0.1289, 'lr': 0.001, 'params': 963905, 'time_iter': 18.5219, 'accuracy': 0.965, 'precision': 0.6753, 'recall': 0.1266, 'f1': 0.2133, 'auc': 0.7838}
val: {'epoch': 67, 'loss': 0.141, 'lr': 0.001, 'params': 963905, 'time_iter': 2.6288, 'accuracy': 0.9803, 'precision': 0.0, 'recall': 0.0, 'f1': 0.0, 'auc': 0.5982}
train: {'epoch': 67, 'eta': 602618.1378, 'loss': 0.1282, 'lr': 0.001, 'params': 963905, 'time_iter': 18.0879, 'accuracy': 0.9649, 'precision': 0.6573, 'recall': 0.1323, 'f1': 0.2203, 'auc': 0.7822}
val: {'epoch': 68, 'loss': 0.145, 'lr': 0.001, 'params': 963905, 'time_iter': 2.8616, 'accuracy': 0.9803, 'precision': 0.0, 'recall': 0.0, 'f1': 0.0, 'auc': 0.5947}
train: {'epoch': 68, 'eta': 583669.2218, 'loss': 0.1278, 'lr': 0.001, 'params': 963905, 'time_iter': 18.0478, 'accuracy': 0.9653, 'precision': 0.6888, 'recall': 0.1347, 'f1': 0.2254, 'auc': 0.7923}
val: {'epoch': 69, 'loss': 0.1457, 'lr': 0.001, 'params': 963905, 'time_iter': 2.596, 'accuracy': 0.9803, 'precision': 0.0, 'recall': 0.0, 'f1': 0.0, 'auc': 0.6017}
train: {'epoch': 69, 'eta': 564912.3006, 'loss': 0.1266, 'lr': 0.001, 'params': 963905, 'time_iter': 18.4587, 'accuracy': 0.9649, 'precision': 0.6489, 'recall': 0.138, 'f1': 0.2276, 'auc': 0.7944}
val: {'epoch': 70, 'loss': 0.1469, 'lr': 0.001, 'params': 963905, 'time_iter': 2.945, 'accuracy': 0.9803, 'precision': 0.0, 'recall': 0.0, 'f1': 0.0, 'auc': 0.5894}
train: {'epoch': 70, 'eta': 546083.7849, 'loss': 0.1258, 'lr': 0.001, 'params': 963905, 'time_iter': 18.3042, 'accuracy': 0.965, 'precision': 0.6614, 'recall': 0.1347, 'f1': 0.2239, 'auc': 0.7958}
val: {'epoch': 71, 'loss': 0.1481, 'lr': 0.001, 'params': 963905, 'time_iter': 2.6893, 'accuracy': 0.9803, 'precision': 0.0, 'recall': 0.0, 'f1': 0.0, 'auc': 0.4552}
train: {'epoch': 71, 'eta': 527229.2415, 'loss': 0.1248, 'lr': 0.001, 'params': 963905, 'time_iter': 18.2396, 'accuracy': 0.9652, 'precision': 0.6493, 'recall': 0.1518, 'f1': 0.2461, 'auc': 0.7976}
val: {'epoch': 72, 'loss': 0.1541, 'lr': 0.001, 'params': 963905, 'time_iter': 2.9033, 'accuracy': 0.9803, 'precision': 0.0, 'recall': 0.0, 'f1': 0.0, 'auc': 0.4801}
train: {'epoch': 72, 'eta': 508369.595, 'loss': 0.1246, 'lr': 0.001, 'params': 963905, 'time_iter': 18.22, 'accuracy': 0.9654, 'precision': 0.6533, 'recall': 0.1591, 'f1': 0.2559, 'auc': 0.7969}
val: {'epoch': 73, 'loss': 0.1437, 'lr': 0.001, 'params': 963905, 'time_iter': 2.7831, 'accuracy': 0.9803, 'precision': 0.0, 'recall': 0.0, 'f1': 0.0, 'auc': 0.5123}
train: {'epoch': 73, 'eta': 489652.239, 'loss': 0.124, 'lr': 0.001, 'params': 963905, 'time_iter': 18.6053, 'accuracy': 0.9654, 'precision': 0.6568, 'recall': 0.1615, 'f1': 0.2593, 'auc': 0.7968}
val: {'epoch': 74, 'loss': 0.1436, 'lr': 0.001, 'params': 963905, 'time_iter': 2.9756, 'accuracy': 0.9803, 'precision': 0.0, 'recall': 0.0, 'f1': 0.0, 'auc': 0.4661}
train: {'epoch': 74, 'eta': 470767.9585, 'loss': 0.1222, 'lr': 0.001, 'params': 963905, 'time_iter': 18.1519, 'accuracy': 0.9659, 'precision': 0.6608, 'recall': 0.1818, 'f1': 0.2852, 'auc': 0.8027}
val: {'epoch': 75, 'loss': 0.1491, 'lr': 0.001, 'params': 963905, 'time_iter': 2.6909, 'accuracy': 0.9803, 'precision': 0.0, 'recall': 0.0, 'f1': 0.0, 'auc': 0.538}
train: {'epoch': 75, 'eta': 451860.6157, 'loss': 0.122, 'lr': 0.001, 'params': 963905, 'time_iter': 18.0642, 'accuracy': 0.9652, 'precision': 0.633, 'recall': 0.168, 'f1': 0.2656, 'auc': 0.8104}
val: {'epoch': 76, 'loss': 0.1498, 'lr': 0.001, 'params': 963905, 'time_iter': 2.6389, 'accuracy': 0.9803, 'precision': 0.0, 'recall': 0.0, 'f1': 0.0, 'auc': 0.5444}
train: {'epoch': 76, 'eta': 433157.6087, 'loss': 0.1217, 'lr': 0.001, 'params': 963905, 'time_iter': 18.702, 'accuracy': 0.9659, 'precision': 0.6719, 'recall': 0.1729, 'f1': 0.275, 'auc': 0.8042}
val: {'epoch': 77, 'loss': 0.1545, 'lr': 0.001, 'params': 963905, 'time_iter': 2.7833, 'accuracy': 0.9803, 'precision': 0.0, 'recall': 0.0, 'f1': 0.0, 'auc': 0.5361}
train: {'epoch': 77, 'eta': 414262.628, 'loss': 0.1218, 'lr': 0.001, 'params': 963905, 'time_iter': 18.0884, 'accuracy': 0.9655, 'precision': 0.6511, 'recall': 0.1696, 'f1': 0.2692, 'auc': 0.8132}
val: {'epoch': 78, 'loss': 0.1472, 'lr': 0.001, 'params': 963905, 'time_iter': 2.5986, 'accuracy': 0.9803, 'precision': 0.0, 'recall': 0.0, 'f1': 0.0, 'auc': 0.5456}
train: {'epoch': 78, 'eta': 395444.1126, 'loss': 0.1236, 'lr': 0.001, 'params': 963905, 'time_iter': 18.3419, 'accuracy': 0.965, 'precision': 0.6379, 'recall': 0.1502, 'f1': 0.2431, 'auc': 0.8005}
val: {'epoch': 79, 'loss': 0.1476, 'lr': 0.001, 'params': 963905, 'time_iter': 3.1632, 'accuracy': 0.9803, 'precision': 0.0, 'recall': 0.0, 'f1': 0.0, 'auc': 0.5335}
train: {'epoch': 79, 'eta': 376638.5711, 'loss': 0.1245, 'lr': 0.001, 'params': 963905, 'time_iter': 18.3977, 'accuracy': 0.9655, 'precision': 0.6548, 'recall': 0.1648, 'f1': 0.2633, 'auc': 0.7959}
val: {'epoch': 80, 'loss': 0.1493, 'lr': 0.001, 'params': 963905, 'time_iter': 2.7691, 'accuracy': 0.9803, 'precision': 0.0, 'recall': 0.0, 'f1': 0.0, 'auc': 0.5039}
train: {'epoch': 80, 'eta': 357912.798, 'loss': 0.1239, 'lr': 0.001, 'params': 963905, 'time_iter': 18.741, 'accuracy': 0.9648, 'precision': 0.6263, 'recall': 0.151, 'f1': 0.2433, 'auc': 0.8051}
val: {'epoch': 81, 'loss': 0.1517, 'lr': 0.001, 'params': 963905, 'time_iter': 2.5523, 'accuracy': 0.9803, 'precision': 0.0, 'recall': 0.0, 'f1': 0.0, 'auc': 0.4807}
train: {'epoch': 81, 'eta': 339154.2204, 'loss': 0.1219, 'lr': 0.001, 'params': 963905, 'time_iter': 18.6561, 'accuracy': 0.9658, 'precision': 0.6577, 'recall': 0.1794, 'f1': 0.2819, 'auc': 0.809}
val: {'epoch': 82, 'loss': 0.1492, 'lr': 0.001, 'params': 963905, 'time_iter': 2.7796, 'accuracy': 0.9803, 'precision': 0.0, 'recall': 0.0, 'f1': 0.0, 'auc': 0.5075}
train: {'epoch': 82, 'eta': 320226.3757, 'loss': 0.1221, 'lr': 0.001, 'params': 963905, 'time_iter': 17.9031, 'accuracy': 0.9658, 'precision': 0.6646, 'recall': 0.1753, 'f1': 0.2775, 'auc': 0.8103}
val: {'epoch': 83, 'loss': 0.1557, 'lr': 0.001, 'params': 963905, 'time_iter': 2.638, 'accuracy': 0.9803, 'precision': 0.0, 'recall': 0.0, 'f1': 0.0, 'auc': 0.4927}
train: {'epoch': 83, 'eta': 301349.3324, 'loss': 0.1218, 'lr': 0.001, 'params': 963905, 'time_iter': 18.1009, 'accuracy': 0.9662, 'precision': 0.6817, 'recall': 0.1843, 'f1': 0.2901, 'auc': 0.8115}
val: {'epoch': 84, 'loss': 0.1522, 'lr': 0.001, 'params': 963905, 'time_iter': 2.7459, 'accuracy': 0.9803, 'precision': 0.0, 'recall': 0.0, 'f1': 0.0, 'auc': 0.4861}
train: {'epoch': 84, 'eta': 282487.8621, 'loss': 0.1217, 'lr': 0.001, 'params': 963905, 'time_iter': 18.1541, 'accuracy': 0.9654, 'precision': 0.6418, 'recall': 0.1745, 'f1': 0.2744, 'auc': 0.8117}
val: {'epoch': 85, 'loss': 0.1523, 'lr': 0.001, 'params': 963905, 'time_iter': 2.6557, 'accuracy': 0.9803, 'precision': 0.0, 'recall': 0.0, 'f1': 0.0, 'auc': 0.4808}
train: {'epoch': 85, 'eta': 263690.5262, 'loss': 0.1217, 'lr': 0.001, 'params': 963905, 'time_iter': 18.5118, 'accuracy': 0.9656, 'precision': 0.6623, 'recall': 0.164, 'f1': 0.2628, 'auc': 0.8127}
val: {'epoch': 86, 'loss': 0.1668, 'lr': 0.001, 'params': 963905, 'time_iter': 2.8533, 'accuracy': 0.9803, 'precision': 0.0, 'recall': 0.0, 'f1': 0.0, 'auc': 0.4644}
train: {'epoch': 86, 'eta': 244834.1923, 'loss': 0.1216, 'lr': 0.001, 'params': 963905, 'time_iter': 18.1657, 'accuracy': 0.966, 'precision': 0.6748, 'recall': 0.1802, 'f1': 0.2844, 'auc': 0.8086}
val: {'epoch': 87, 'loss': 0.1554, 'lr': 0.001, 'params': 963905, 'time_iter': 2.8905, 'accuracy': 0.9803, 'precision': 0.0, 'recall': 0.0, 'f1': 0.0, 'auc': 0.4474}
train: {'epoch': 87, 'eta': 226116.906, 'loss': 0.1206, 'lr': 0.001, 'params': 963905, 'time_iter': 19.1301, 'accuracy': 0.9657, 'precision': 0.652, 'recall': 0.181, 'f1': 0.2834, 'auc': 0.8141}
val: {'epoch': 88, 'loss': 0.1591, 'lr': 0.001, 'params': 963905, 'time_iter': 2.6582, 'accuracy': 0.9803, 'precision': 0.0, 'recall': 0.0, 'f1': 0.0, 'auc': 0.4614}
train: {'epoch': 88, 'eta': 207283.3641, 'loss': 0.1214, 'lr': 0.001, 'params': 963905, 'time_iter': 18.387, 'accuracy': 0.9654, 'precision': 0.6369, 'recall': 0.1794, 'f1': 0.2799, 'auc': 0.8114}
val: {'epoch': 89, 'loss': 0.1587, 'lr': 0.001, 'params': 963905, 'time_iter': 2.7057, 'accuracy': 0.9803, 'precision': 0.0, 'recall': 0.0, 'f1': 0.0, 'auc': 0.5028}
train: {'epoch': 89, 'eta': 188441.5134, 'loss': 0.1211, 'lr': 0.001, 'params': 963905, 'time_iter': 18.3312, 'accuracy': 0.9658, 'precision': 0.6677, 'recall': 0.1729, 'f1': 0.2747, 'auc': 0.8157}
val: {'epoch': 90, 'loss': 0.1541, 'lr': 0.001, 'params': 963905, 'time_iter': 2.618, 'accuracy': 0.9803, 'precision': 0.0, 'recall': 0.0, 'f1': 0.0, 'auc': 0.5288}
train: {'epoch': 90, 'eta': 169647.0703, 'loss': 0.1227, 'lr': 0.001, 'params': 963905, 'time_iter': 18.8015, 'accuracy': 0.9662, 'precision': 0.6787, 'recall': 0.1834, 'f1': 0.2888, 'auc': 0.7995}
val: {'epoch': 91, 'loss': 0.1584, 'lr': 0.001, 'params': 963905, 'time_iter': 2.9001, 'accuracy': 0.9803, 'precision': 0.0, 'recall': 0.0, 'f1': 0.0, 'auc': 0.4554}
train: {'epoch': 91, 'eta': 150807.2719, 'loss': 0.1225, 'lr': 0.001, 'params': 963905, 'time_iter': 18.4288, 'accuracy': 0.966, 'precision': 0.676, 'recall': 0.1761, 'f1': 0.2795, 'auc': 0.805}
val: {'epoch': 92, 'loss': 0.1572, 'lr': 0.001, 'params': 963905, 'time_iter': 2.651, 'accuracy': 0.9803, 'precision': 0.0, 'recall': 0.0, 'f1': 0.0, 'auc': 0.4876}
train: {'epoch': 92, 'eta': 131957.3775, 'loss': 0.1211, 'lr': 0.001, 'params': 963905, 'time_iter': 18.3327, 'accuracy': 0.9661, 'precision': 0.6726, 'recall': 0.1851, 'f1': 0.2903, 'auc': 0.8081}
val: {'epoch': 93, 'loss': 0.1515, 'lr': 0.001, 'params': 963905, 'time_iter': 2.8239, 'accuracy': 0.9803, 'precision': 0.0, 'recall': 0.0, 'f1': 0.0, 'auc': 0.4988}
train: {'epoch': 93, 'eta': 113099.6866, 'loss': 0.1213, 'lr': 0.001, 'params': 963905, 'time_iter': 18.2187, 'accuracy': 0.9659, 'precision': 0.6718, 'recall': 0.1761, 'f1': 0.2791, 'auc': 0.8104}
val: {'epoch': 94, 'loss': 0.1488, 'lr': 0.001, 'params': 963905, 'time_iter': 2.6673, 'accuracy': 0.9803, 'precision': 0.0, 'recall': 0.0, 'f1': 0.0, 'auc': 0.5248}
train: {'epoch': 94, 'eta': 94254.0257, 'loss': 0.1242, 'lr': 0.001, 'params': 963905, 'time_iter': 18.3979, 'accuracy': 0.9656, 'precision': 0.6701, 'recall': 0.1599, 'f1': 0.2582, 'auc': 0.8031}
val: {'epoch': 95, 'loss': 0.146, 'lr': 0.001, 'params': 963905, 'time_iter': 2.836, 'accuracy': 0.9803, 'precision': 0.0, 'recall': 0.0, 'f1': 0.0, 'auc': 0.5486}
train: {'epoch': 95, 'eta': 75403.9313, 'loss': 0.1242, 'lr': 0.001, 'params': 963905, 'time_iter': 18.3361, 'accuracy': 0.9656, 'precision': 0.6749, 'recall': 0.155, 'f1': 0.2521, 'auc': 0.8027}
val: {'epoch': 96, 'loss': 0.143, 'lr': 0.001, 'params': 963905, 'time_iter': 2.8612, 'accuracy': 0.9803, 'precision': 0.0, 'recall': 0.0, 'f1': 0.0, 'auc': 0.4713}
train: {'epoch': 96, 'eta': 56579.2645, 'loss': 0.1249, 'lr': 0.001, 'params': 963905, 'time_iter': 19.1466, 'accuracy': 0.9658, 'precision': 0.6879, 'recall': 0.1575, 'f1': 0.2563, 'auc': 0.7985}
val: {'epoch': 97, 'loss': 0.136, 'lr': 0.001, 'params': 963905, 'time_iter': 2.9592, 'accuracy': 0.9803, 'precision': 0.0, 'recall': 0.0, 'f1': 0.0, 'auc': 0.51}
train: {'epoch': 97, 'eta': 37712.6033, 'loss': 0.1291, 'lr': 0.001, 'params': 963905, 'time_iter': 17.9994, 'accuracy': 0.965, 'precision': 0.6767, 'recall': 0.1274, 'f1': 0.2145, 'auc': 0.783}
val: {'epoch': 98, 'loss': 0.1505, 'lr': 0.001, 'params': 963905, 'time_iter': 2.7035, 'accuracy': 0.9803, 'precision': 0.0, 'recall': 0.0, 'f1': 0.0, 'auc': 0.4937}
train: {'epoch': 98, 'eta': 18853.253, 'loss': 0.1295, 'lr': 0.001, 'params': 963905, 'time_iter': 18.0316, 'accuracy': 0.9656, 'precision': 0.7095, 'recall': 0.1388, 'f1': 0.2322, 'auc': 0.7796}
val: {'epoch': 99, 'loss': 0.1387, 'lr': 0.001, 'params': 963905, 'time_iter': 2.6336, 'accuracy': 0.9803, 'precision': 0.0, 'recall': 0.0, 'f1': 0.0, 'auc': 0.5127}
train: {'epoch': 99, 'eta': 0.0, 'loss': 0.1289, 'lr': 0.001, 'params': 963905, 'time_iter': 18.1027, 'accuracy': 0.9648, 'precision': 0.6652, 'recall': 0.1209, 'f1': 0.2047, 'auc': 0.784}
test: {'epoch': 99, 'loss': 0.2214, 'lr': 0.001, 'params': 963905, 'time_iter': 2.2824, 'accuracy': 0.9684, 'precision': 0.0, 'recall': 0.0, 'f1': 0.0, 'auc': 0.481}
test: {'epoch': 22, 'loss': 0.1803, 'lr': 0.001, 'params': 963905, 'time_iter': 2.299, 'accuracy': 0.9684, 'precision': 0.0, 'recall': 0.0, 'f1': 0.0, 'auc': 0.7349}
