GraphGymModule(
  (model): DilatedGNNModel(
    (encoder): FeatureEncoder(
      (node_encoder): AtomEncoder(
        (atom_embedding_list): ModuleList(
          (0): Embedding(119, 300)
          (1): Embedding(4, 300)
          (2): Embedding(12, 300)
          (3): Embedding(12, 300)
          (4): Embedding(10, 300)
          (5): Embedding(6, 300)
          (6): Embedding(6, 300)
          (7): Embedding(2, 300)
          (8): Embedding(2, 300)
        )
      )
      (edge_encoder): BondEncoder(
        (bond_embedding_list): ModuleList(
          (0): Embedding(5, 300)
          (1): Embedding(6, 300)
          (2): Embedding(2, 300)
        )
      )
    )
    (mp): GNNDilatedStage(
      (classic_layers): ModuleList(
        (0): GeneralLayer(
          (layer): EGINConv(
            (model): GINEConv(nn=Sequential(
              (0): Linear(300, 300, bias=True)
              (1): ReLU()
              (2): Linear(300, 300, bias=True)
            ))
          )
          (post_layer): Sequential(
            (0): BatchNorm1d(300, eps=1e-05, momentum=0.1, affine=True, track_running_stats=True)
            (1): Dropout(p=0.5, inplace=False)
            (2): ReLU()
          )
        )
        (1): GeneralLayer(
          (layer): EGINConv(
            (model): GINEConv(nn=Sequential(
              (0): Linear(300, 300, bias=True)
              (1): ReLU()
              (2): Linear(300, 300, bias=True)
            ))
          )
          (post_layer): Sequential(
            (0): BatchNorm1d(300, eps=1e-05, momentum=0.1, affine=True, track_running_stats=True)
            (1): Dropout(p=0.5, inplace=False)
            (2): ReLU()
          )
        )
        (2): GeneralLayer(
          (layer): EGINConv(
            (model): GINEConv(nn=Sequential(
              (0): Linear(300, 300, bias=True)
              (1): ReLU()
              (2): Linear(300, 300, bias=True)
            ))
          )
          (post_layer): Sequential(
            (0): BatchNorm1d(300, eps=1e-05, momentum=0.1, affine=True, track_running_stats=True)
            (1): Dropout(p=0.5, inplace=False)
            (2): ReLU()
          )
        )
      )
      (dilated_layers): ModuleList(
        (0): DilatedGeneralLayer(
          (layer): EGINConv(
            (model): GINEConv(nn=Sequential(
              (0): Linear(300, 300, bias=True)
              (1): ReLU()
              (2): Linear(300, 300, bias=True)
            ))
          )
          (post_layer): Sequential(
            (0): BatchNorm1d(300, eps=1e-05, momentum=0.1, affine=True, track_running_stats=True)
            (1): Dropout(p=0.5, inplace=False)
            (2): ReLU()
          )
          (gem): GeM(p=3.0000, eps=1e-06)
        )
      )
      (act): ReLU()
    )
    (post_mp): GNNGraphHead(
      (layer_post_mp): MLP(
        (model): Sequential(
          (0): Linear(
            (model): Linear(600, 1, bias=True)
          )
        )
      )
    )
  )
)
accelerator: cuda
benchmark: False
bn:
  eps: 1e-05
  mom: 0.1
cfg_dest: config.yaml
custom_metrics: []
dataset:
  cache_load: False
  cache_save: False
  dir: ./datasets
  edge_dim: 300
  edge_encoder: True
  edge_encoder_bn: False
  edge_encoder_name: Bond
  edge_message_ratio: 0.8
  edge_negative_sampling_ratio: 1.0
  edge_train_mode: all
  encoder: True
  encoder_bn: True
  encoder_dim: 128
  encoder_name: db
  fast_loader: False
  format: OGB
  label_column: none
  label_table: none
  location: local
  name: ogbg-molhiv
  node_encoder: True
  node_encoder_bn: False
  node_encoder_name: Atom
  remove_feature: False
  resample_disjoint: False
  resample_negative: False
  shuffle_split: True
  split: [0.8, 0.1, 0.1]
  split_mode: random
  task: graph
  task_type: classification
  to_undirected: False
  transductive: False
  transform: none
  tu_simple: True
devices: 1
gnn:
  act: relu
  act_on_last_layer_mp: False
  agg: none
  att_final_linear: False
  att_final_linear_bn: False
  att_heads: 1
  batchnorm: True
  clear_feature: True
  dilated_path_join: concat
  dim_inner: 300
  dropout: 0.5
  head: graph
  keep_edge: 0.5
  l2norm: True
  layer_type: eginconv
  layers_k1: 3
  layers_k2: 1
  layers_mp: 5
  layers_post_mp: 1
  layers_pre_mp: 0
  learn_alpha_residual_connection: False
  msg_direction: single
  normalize_adj: False
  self_msg: concat
  skip_every: 1
  stage_type: stack
  use_edge_features: True
gpu_mem: False
mem:
  inplace: False
metric_agg: argmax
metric_best: auc
model:
  edge_decoding: dot
  graph_pooling: mean
  loss_fun: cross_entropy
  match_upper: True
  size_average: mean
  thresh: 0.5
  type: dilated_gnn
num_threads: 6
num_workers: 16
optim:
  base_lr: 0.001
  lr_decay: 0.1
  max_epoch: 100
  momentum: 0.9
  optimizer: adam
  scheduler: none
  steps: [30, 60, 90]
  weight_decay: 0.0
out_dir: results_experiments/ogbg_molhiv_baseline_grid_design/ogbg_molhiv_baseline-type=dilated_gnn-layer_type=eginconv-layers_k1=3-layers_k2=1-dilated_path_join=concat-learn_alpha_residual_connection=False
params: 1142402
print: both
round: 4
run_dir: results_experiments/ogbg_molhiv_baseline_grid_design/ogbg_molhiv_baseline-type=dilated_gnn-layer_type=eginconv-layers_k1=3-layers_k2=1-dilated_path_join=concat-learn_alpha_residual_connection=False/8
seed: 9
share:
  dim_in: 9
  dim_out: 2
  num_splits: 3
tensorboard_agg: True
tensorboard_each_run: False
train:
  auto_resume: False
  batch_size: 32
  ckpt_clean: True
  ckpt_period: 100
  enable_ckpt: True
  epoch_resume: -1
  eval_period: 1
  iter_per_epoch: 32
  neighbor_sizes: [20, 15, 10, 5]
  node_per_graph: 32
  radius: extend
  sample_node: False
  sampler: full_batch
  skip_train_eval: False
  walk_length: 4
val:
  node_per_graph: 32
  radius: extend
  sample_node: False
  sampler: full_batch
view_emb: False
Num parameters: 1142402
val: {'epoch': 0, 'loss': 0.7074, 'lr': 0.001, 'params': 1142402, 'time_iter': 0.7787, 'accuracy': 0.0156, 'precision': 0.0156, 'recall': 1.0, 'f1': 0.0308, 'auc': 0.7143}
val: {'epoch': 0, 'loss': 0.0988, 'lr': 0.001, 'params': 1142402, 'time_iter': 2.1531, 'accuracy': 0.9803, 'precision': 0.0, 'recall': 0.0, 'f1': 0.0, 'auc': 0.5877}
train: {'epoch': 0, 'eta': 1268142.8678, 'loss': 0.178, 'lr': 0.001, 'params': 1142402, 'time_iter': 12.4485, 'accuracy': 0.9612, 'precision': 0.0577, 'recall': 0.0024, 'f1': 0.0047, 'auc': 0.5418}
val: {'epoch': 1, 'loss': 0.0962, 'lr': 0.001, 'params': 1142402, 'time_iter': 1.979, 'accuracy': 0.9803, 'precision': 0.0, 'recall': 0.0, 'f1': 0.0, 'auc': 0.6096}
train: {'epoch': 1, 'eta': 1293062.8962, 'loss': 0.1574, 'lr': 0.001, 'params': 1142402, 'time_iter': 13.1968, 'accuracy': 0.9626, 'precision': 0.0, 'recall': 0.0, 'f1': 0.0, 'auc': 0.608}
val: {'epoch': 2, 'loss': 0.0982, 'lr': 0.001, 'params': 1142402, 'time_iter': 2.1141, 'accuracy': 0.9803, 'precision': 0.0, 'recall': 0.0, 'f1': 0.0, 'auc': 0.6457}
train: {'epoch': 2, 'eta': 1288420.9096, 'loss': 0.1555, 'lr': 0.001, 'params': 1142402, 'time_iter': 13.0797, 'accuracy': 0.9626, 'precision': 0.0, 'recall': 0.0, 'f1': 0.0, 'auc': 0.6444}
val: {'epoch': 3, 'loss': 0.0909, 'lr': 0.001, 'params': 1142402, 'time_iter': 1.9615, 'accuracy': 0.9803, 'precision': 0.0, 'recall': 0.0, 'f1': 0.0, 'auc': 0.6782}
train: {'epoch': 3, 'eta': 1286466.4258, 'loss': 0.1525, 'lr': 0.001, 'params': 1142402, 'time_iter': 13.3671, 'accuracy': 0.9626, 'precision': 0.0, 'recall': 0.0, 'f1': 0.0, 'auc': 0.676}
val: {'epoch': 4, 'loss': 0.0926, 'lr': 0.001, 'params': 1142402, 'time_iter': 2.3918, 'accuracy': 0.9803, 'precision': 0.0, 'recall': 0.0, 'f1': 0.0, 'auc': 0.6667}
train: {'epoch': 4, 'eta': 1274805.0216, 'loss': 0.1496, 'lr': 0.001, 'params': 1142402, 'time_iter': 13.112, 'accuracy': 0.9626, 'precision': 0.0, 'recall': 0.0, 'f1': 0.0, 'auc': 0.7032}
val: {'epoch': 5, 'loss': 0.0922, 'lr': 0.001, 'params': 1142402, 'time_iter': 2.014, 'accuracy': 0.9803, 'precision': 0.0, 'recall': 0.0, 'f1': 0.0, 'auc': 0.7041}
train: {'epoch': 5, 'eta': 1265487.9267, 'loss': 0.1478, 'lr': 0.001, 'params': 1142402, 'time_iter': 13.2953, 'accuracy': 0.9626, 'precision': 0.0, 'recall': 0.0, 'f1': 0.0, 'auc': 0.7165}
val: {'epoch': 6, 'loss': 0.0911, 'lr': 0.001, 'params': 1142402, 'time_iter': 1.9847, 'accuracy': 0.9801, 'precision': 0.0, 'recall': 0.0, 'f1': 0.0, 'auc': 0.7096}
train: {'epoch': 6, 'eta': 1252195.5585, 'loss': 0.146, 'lr': 0.001, 'params': 1142402, 'time_iter': 13.0957, 'accuracy': 0.9625, 'precision': 0.0, 'recall': 0.0, 'f1': 0.0, 'auc': 0.7265}
val: {'epoch': 7, 'loss': 0.0923, 'lr': 0.001, 'params': 1142402, 'time_iter': 2.2265, 'accuracy': 0.9801, 'precision': 0.0, 'recall': 0.0, 'f1': 0.0, 'auc': 0.6996}
train: {'epoch': 7, 'eta': 1234270.2082, 'loss': 0.1444, 'lr': 0.001, 'params': 1142402, 'time_iter': 12.708, 'accuracy': 0.9625, 'precision': 0.0, 'recall': 0.0, 'f1': 0.0, 'auc': 0.7363}
val: {'epoch': 8, 'loss': 0.0926, 'lr': 0.001, 'params': 1142402, 'time_iter': 2.013, 'accuracy': 0.9813, 'precision': 0.75, 'recall': 0.0741, 'f1': 0.1348, 'auc': 0.7067}
train: {'epoch': 8, 'eta': 1219976.0433, 'loss': 0.1435, 'lr': 0.001, 'params': 1142402, 'time_iter': 12.9535, 'accuracy': 0.9624, 'precision': 0.1667, 'recall': 0.0008, 'f1': 0.0016, 'auc': 0.7425}
val: {'epoch': 9, 'loss': 0.0908, 'lr': 0.001, 'params': 1142402, 'time_iter': 1.9855, 'accuracy': 0.9805, 'precision': 0.6, 'recall': 0.037, 'f1': 0.0698, 'auc': 0.7349}
train: {'epoch': 9, 'eta': 1204635.1327, 'loss': 0.1426, 'lr': 0.001, 'params': 1142402, 'time_iter': 12.8196, 'accuracy': 0.9623, 'precision': 0.1818, 'recall': 0.0016, 'f1': 0.0032, 'auc': 0.7443}
val: {'epoch': 10, 'loss': 0.091, 'lr': 0.001, 'params': 1142402, 'time_iter': 2.0501, 'accuracy': 0.9805, 'precision': 0.5385, 'recall': 0.0864, 'f1': 0.1489, 'auc': 0.7295}
train: {'epoch': 10, 'eta': 1190695.6302, 'loss': 0.1408, 'lr': 0.001, 'params': 1142402, 'time_iter': 12.941, 'accuracy': 0.9625, 'precision': 0.4545, 'recall': 0.0041, 'f1': 0.008, 'auc': 0.7521}
val: {'epoch': 11, 'loss': 0.0883, 'lr': 0.001, 'params': 1142402, 'time_iter': 2.297, 'accuracy': 0.9779, 'precision': 0.2222, 'recall': 0.0494, 'f1': 0.0808, 'auc': 0.766}
train: {'epoch': 11, 'eta': 1177176.5188, 'loss': 0.1395, 'lr': 0.001, 'params': 1142402, 'time_iter': 12.9829, 'accuracy': 0.9626, 'precision': 0.5238, 'recall': 0.0089, 'f1': 0.0176, 'auc': 0.757}
val: {'epoch': 12, 'loss': 0.0873, 'lr': 0.001, 'params': 1142402, 'time_iter': 1.9952, 'accuracy': 0.9813, 'precision': 1.0, 'recall': 0.0494, 'f1': 0.0941, 'auc': 0.7613}
train: {'epoch': 12, 'eta': 1163577.2601, 'loss': 0.1386, 'lr': 0.001, 'params': 1142402, 'time_iter': 12.9677, 'accuracy': 0.9628, 'precision': 0.6538, 'recall': 0.0138, 'f1': 0.027, 'auc': 0.7632}
val: {'epoch': 13, 'loss': 0.0894, 'lr': 0.001, 'params': 1142402, 'time_iter': 1.9523, 'accuracy': 0.981, 'precision': 0.8, 'recall': 0.0494, 'f1': 0.093, 'auc': 0.7639}
train: {'epoch': 13, 'eta': 1151858.1619, 'loss': 0.1368, 'lr': 0.001, 'params': 1142402, 'time_iter': 13.2594, 'accuracy': 0.9627, 'precision': 0.5588, 'recall': 0.0154, 'f1': 0.03, 'auc': 0.7728}
val: {'epoch': 14, 'loss': 0.0833, 'lr': 0.001, 'params': 1142402, 'time_iter': 2.495, 'accuracy': 0.9803, 'precision': 0.5, 'recall': 0.0988, 'f1': 0.1649, 'auc': 0.78}
train: {'epoch': 14, 'eta': 1139073.0921, 'loss': 0.1359, 'lr': 0.001, 'params': 1142402, 'time_iter': 13.1206, 'accuracy': 0.9631, 'precision': 0.6735, 'recall': 0.0268, 'f1': 0.0515, 'auc': 0.7728}
val: {'epoch': 15, 'loss': 0.0839, 'lr': 0.001, 'params': 1142402, 'time_iter': 2.0327, 'accuracy': 0.9815, 'precision': 0.7273, 'recall': 0.0988, 'f1': 0.1739, 'auc': 0.7933}
train: {'epoch': 15, 'eta': 1125966.711, 'loss': 0.1339, 'lr': 0.001, 'params': 1142402, 'time_iter': 13.0777, 'accuracy': 0.9629, 'precision': 0.5862, 'recall': 0.0276, 'f1': 0.0527, 'auc': 0.7794}
val: {'epoch': 16, 'loss': 0.0982, 'lr': 0.001, 'params': 1142402, 'time_iter': 1.9904, 'accuracy': 0.9798, 'precision': 0.375, 'recall': 0.037, 'f1': 0.0674, 'auc': 0.753}
train: {'epoch': 16, 'eta': 1112188.6707, 'loss': 0.1325, 'lr': 0.001, 'params': 1142402, 'time_iter': 12.9522, 'accuracy': 0.9631, 'precision': 0.6047, 'recall': 0.0422, 'f1': 0.0789, 'auc': 0.7827}
val: {'epoch': 17, 'loss': 0.0806, 'lr': 0.001, 'params': 1142402, 'time_iter': 2.1187, 'accuracy': 0.9801, 'precision': 0.4762, 'recall': 0.1235, 'f1': 0.1961, 'auc': 0.7949}
train: {'epoch': 17, 'eta': 1099862.4597, 'loss': 0.132, 'lr': 0.001, 'params': 1142402, 'time_iter': 13.2513, 'accuracy': 0.9635, 'precision': 0.66, 'recall': 0.0536, 'f1': 0.0991, 'auc': 0.7841}
val: {'epoch': 18, 'loss': 0.0765, 'lr': 0.001, 'params': 1142402, 'time_iter': 2.0559, 'accuracy': 0.9803, 'precision': 0.5, 'recall': 0.1481, 'f1': 0.2286, 'auc': 0.8184}
train: {'epoch': 18, 'eta': 1086573.4794, 'loss': 0.1291, 'lr': 0.001, 'params': 1142402, 'time_iter': 13.0632, 'accuracy': 0.9637, 'precision': 0.6612, 'recall': 0.0649, 'f1': 0.1183, 'auc': 0.7984}
val: {'epoch': 19, 'loss': 0.0782, 'lr': 0.001, 'params': 1142402, 'time_iter': 1.9664, 'accuracy': 0.9808, 'precision': 0.55, 'recall': 0.1358, 'f1': 0.2178, 'auc': 0.8159}
train: {'epoch': 19, 'eta': 1072668.4985, 'loss': 0.1286, 'lr': 0.001, 'params': 1142402, 'time_iter': 12.9173, 'accuracy': 0.9641, 'precision': 0.6884, 'recall': 0.0771, 'f1': 0.1387, 'auc': 0.7984}
val: {'epoch': 20, 'loss': 0.0788, 'lr': 0.001, 'params': 1142402, 'time_iter': 2.0681, 'accuracy': 0.9803, 'precision': 0.5, 'recall': 0.1235, 'f1': 0.198, 'auc': 0.8205}
train: {'epoch': 20, 'eta': 1058455.6609, 'loss': 0.1267, 'lr': 0.001, 'params': 1142402, 'time_iter': 12.8226, 'accuracy': 0.9644, 'precision': 0.7103, 'recall': 0.0836, 'f1': 0.1496, 'auc': 0.8069}
val: {'epoch': 21, 'loss': 0.0777, 'lr': 0.001, 'params': 1142402, 'time_iter': 2.3971, 'accuracy': 0.981, 'precision': 0.6154, 'recall': 0.0988, 'f1': 0.1702, 'auc': 0.8191}
train: {'epoch': 21, 'eta': 1045656.2959, 'loss': 0.1259, 'lr': 0.001, 'params': 1142402, 'time_iter': 13.1847, 'accuracy': 0.9646, 'precision': 0.6897, 'recall': 0.0974, 'f1': 0.1707, 'auc': 0.8113}
val: {'epoch': 22, 'loss': 0.079, 'lr': 0.001, 'params': 1142402, 'time_iter': 2.0262, 'accuracy': 0.9803, 'precision': 0.5, 'recall': 0.1728, 'f1': 0.2569, 'auc': 0.8074}
train: {'epoch': 22, 'eta': 1032873.8039, 'loss': 0.1251, 'lr': 0.001, 'params': 1142402, 'time_iter': 13.209, 'accuracy': 0.9649, 'precision': 0.7175, 'recall': 0.1031, 'f1': 0.1803, 'auc': 0.8141}
val: {'epoch': 23, 'loss': 0.0771, 'lr': 0.001, 'params': 1142402, 'time_iter': 2.0485, 'accuracy': 0.9818, 'precision': 0.6154, 'recall': 0.1975, 'f1': 0.2991, 'auc': 0.8119}
train: {'epoch': 23, 'eta': 1019002.1147, 'loss': 0.1233, 'lr': 0.001, 'params': 1142402, 'time_iter': 12.8954, 'accuracy': 0.9654, 'precision': 0.717, 'recall': 0.1234, 'f1': 0.2105, 'auc': 0.8181}
val: {'epoch': 24, 'loss': 0.1118, 'lr': 0.001, 'params': 1142402, 'time_iter': 2.1837, 'accuracy': 0.9762, 'precision': 0.16, 'recall': 0.0494, 'f1': 0.0755, 'auc': 0.7865}
train: {'epoch': 24, 'eta': 1005404.2496, 'loss': 0.1224, 'lr': 0.001, 'params': 1142402, 'time_iter': 12.9685, 'accuracy': 0.9657, 'precision': 0.7453, 'recall': 0.1282, 'f1': 0.2188, 'auc': 0.8186}
val: {'epoch': 25, 'loss': 0.0869, 'lr': 0.001, 'params': 1142402, 'time_iter': 2.0087, 'accuracy': 0.9805, 'precision': 0.5333, 'recall': 0.0988, 'f1': 0.1667, 'auc': 0.8208}
train: {'epoch': 25, 'eta': 991566.8061, 'loss': 0.1212, 'lr': 0.001, 'params': 1142402, 'time_iter': 12.8801, 'accuracy': 0.965, 'precision': 0.6872, 'recall': 0.1177, 'f1': 0.201, 'auc': 0.8264}
val: {'epoch': 26, 'loss': 0.0815, 'lr': 0.001, 'params': 1142402, 'time_iter': 1.9735, 'accuracy': 0.9805, 'precision': 0.52, 'recall': 0.1605, 'f1': 0.2453, 'auc': 0.8165}
train: {'epoch': 26, 'eta': 978293.7745, 'loss': 0.1197, 'lr': 0.001, 'params': 1142402, 'time_iter': 13.0674, 'accuracy': 0.9654, 'precision': 0.6838, 'recall': 0.1404, 'f1': 0.233, 'auc': 0.8347}
val: {'epoch': 27, 'loss': 0.0833, 'lr': 0.001, 'params': 1142402, 'time_iter': 2.1422, 'accuracy': 0.9796, 'precision': 0.44, 'recall': 0.1358, 'f1': 0.2075, 'auc': 0.8015}
train: {'epoch': 27, 'eta': 964276.2364, 'loss': 0.1195, 'lr': 0.001, 'params': 1142402, 'time_iter': 12.7907, 'accuracy': 0.9657, 'precision': 0.694, 'recall': 0.151, 'f1': 0.248, 'auc': 0.8259}
val: {'epoch': 28, 'loss': 0.0785, 'lr': 0.001, 'params': 1142402, 'time_iter': 2.3902, 'accuracy': 0.982, 'precision': 0.6522, 'recall': 0.1852, 'f1': 0.2885, 'auc': 0.8022}
train: {'epoch': 28, 'eta': 950435.4741, 'loss': 0.1184, 'lr': 0.001, 'params': 1142402, 'time_iter': 12.8374, 'accuracy': 0.9664, 'precision': 0.7361, 'recall': 0.1607, 'f1': 0.2638, 'auc': 0.8372}
val: {'epoch': 29, 'loss': 0.0815, 'lr': 0.001, 'params': 1142402, 'time_iter': 2.1092, 'accuracy': 0.9827, 'precision': 1.0, 'recall': 0.1235, 'f1': 0.2198, 'auc': 0.8182}
train: {'epoch': 29, 'eta': 936930.7519, 'loss': 0.1173, 'lr': 0.001, 'params': 1142402, 'time_iter': 12.9599, 'accuracy': 0.966, 'precision': 0.7029, 'recall': 0.1575, 'f1': 0.2573, 'auc': 0.8386}
val: {'epoch': 30, 'loss': 0.0822, 'lr': 0.001, 'params': 1142402, 'time_iter': 2.0656, 'accuracy': 0.981, 'precision': 0.5517, 'recall': 0.1975, 'f1': 0.2909, 'auc': 0.7966}
train: {'epoch': 30, 'eta': 923625.1095, 'loss': 0.1177, 'lr': 0.001, 'params': 1142402, 'time_iter': 13.042, 'accuracy': 0.9663, 'precision': 0.7061, 'recall': 0.1696, 'f1': 0.2736, 'auc': 0.8351}
val: {'epoch': 31, 'loss': 0.0829, 'lr': 0.001, 'params': 1142402, 'time_iter': 2.2094, 'accuracy': 0.9825, 'precision': 0.6667, 'recall': 0.2222, 'f1': 0.3333, 'auc': 0.7882}
train: {'epoch': 31, 'eta': 909958.9877, 'loss': 0.1166, 'lr': 0.001, 'params': 1142402, 'time_iter': 12.8805, 'accuracy': 0.9667, 'precision': 0.7354, 'recall': 0.1737, 'f1': 0.281, 'auc': 0.8426}
val: {'epoch': 32, 'loss': 0.0771, 'lr': 0.001, 'params': 1142402, 'time_iter': 1.9498, 'accuracy': 0.9827, 'precision': 0.7778, 'recall': 0.1728, 'f1': 0.2828, 'auc': 0.8043}
train: {'epoch': 32, 'eta': 897267.6728, 'loss': 0.1158, 'lr': 0.001, 'params': 1142402, 'time_iter': 13.3351, 'accuracy': 0.9667, 'precision': 0.7304, 'recall': 0.1737, 'f1': 0.2807, 'auc': 0.8434}
val: {'epoch': 33, 'loss': 0.0783, 'lr': 0.001, 'params': 1142402, 'time_iter': 1.9571, 'accuracy': 0.9823, 'precision': 0.7, 'recall': 0.1728, 'f1': 0.2772, 'auc': 0.8228}
train: {'epoch': 33, 'eta': 883551.0853, 'loss': 0.1152, 'lr': 0.001, 'params': 1142402, 'time_iter': 12.8522, 'accuracy': 0.967, 'precision': 0.7355, 'recall': 0.1851, 'f1': 0.2957, 'auc': 0.8446}
val: {'epoch': 34, 'loss': 0.0902, 'lr': 0.001, 'params': 1142402, 'time_iter': 2.14, 'accuracy': 0.981, 'precision': 1.0, 'recall': 0.037, 'f1': 0.0714, 'auc': 0.8084}
train: {'epoch': 34, 'eta': 870370.7989, 'loss': 0.1146, 'lr': 0.001, 'params': 1142402, 'time_iter': 13.1181, 'accuracy': 0.9673, 'precision': 0.7445, 'recall': 0.194, 'f1': 0.3078, 'auc': 0.846}
val: {'epoch': 35, 'loss': 0.0961, 'lr': 0.001, 'params': 1142402, 'time_iter': 2.0568, 'accuracy': 0.981, 'precision': 1.0, 'recall': 0.037, 'f1': 0.0714, 'auc': 0.7824}
train: {'epoch': 35, 'eta': 857219.332, 'loss': 0.1128, 'lr': 0.001, 'params': 1142402, 'time_iter': 13.1435, 'accuracy': 0.9674, 'precision': 0.7373, 'recall': 0.2005, 'f1': 0.3153, 'auc': 0.85}
val: {'epoch': 36, 'loss': 0.0811, 'lr': 0.001, 'params': 1142402, 'time_iter': 1.9778, 'accuracy': 0.9832, 'precision': 0.875, 'recall': 0.1728, 'f1': 0.2887, 'auc': 0.8074}
train: {'epoch': 36, 'eta': 844047.374, 'loss': 0.1132, 'lr': 0.001, 'params': 1142402, 'time_iter': 13.1433, 'accuracy': 0.9674, 'precision': 0.732, 'recall': 0.2062, 'f1': 0.3217, 'auc': 0.8475}
val: {'epoch': 37, 'loss': 0.0796, 'lr': 0.001, 'params': 1142402, 'time_iter': 1.9836, 'accuracy': 0.9813, 'precision': 0.5909, 'recall': 0.1605, 'f1': 0.2524, 'auc': 0.8035}
train: {'epoch': 37, 'eta': 830601.3058, 'loss': 0.1123, 'lr': 0.001, 'params': 1142402, 'time_iter': 12.9911, 'accuracy': 0.9675, 'precision': 0.7404, 'recall': 0.2037, 'f1': 0.3195, 'auc': 0.8516}
val: {'epoch': 38, 'loss': 0.0813, 'lr': 0.001, 'params': 1142402, 'time_iter': 2.5287, 'accuracy': 0.983, 'precision': 0.6897, 'recall': 0.2469, 'f1': 0.3636, 'auc': 0.8038}
train: {'epoch': 38, 'eta': 816477.2545, 'loss': 0.1118, 'lr': 0.001, 'params': 1142402, 'time_iter': 12.5674, 'accuracy': 0.9679, 'precision': 0.7346, 'recall': 0.2224, 'f1': 0.3414, 'auc': 0.8551}
val: {'epoch': 39, 'loss': 0.0808, 'lr': 0.001, 'params': 1142402, 'time_iter': 2.0146, 'accuracy': 0.9825, 'precision': 0.6552, 'recall': 0.2346, 'f1': 0.3455, 'auc': 0.7955}
train: {'epoch': 39, 'eta': 803017.4467, 'loss': 0.1115, 'lr': 0.001, 'params': 1142402, 'time_iter': 12.9591, 'accuracy': 0.968, 'precision': 0.7528, 'recall': 0.2175, 'f1': 0.3375, 'auc': 0.8566}
val: {'epoch': 40, 'loss': 0.0788, 'lr': 0.001, 'params': 1142402, 'time_iter': 2.0381, 'accuracy': 0.982, 'precision': 0.6207, 'recall': 0.2222, 'f1': 0.3273, 'auc': 0.8039}
train: {'epoch': 40, 'eta': 789232.3509, 'loss': 0.1094, 'lr': 0.001, 'params': 1142402, 'time_iter': 12.7353, 'accuracy': 0.9686, 'precision': 0.7604, 'recall': 0.237, 'f1': 0.3614, 'auc': 0.8615}
val: {'epoch': 41, 'loss': 0.0803, 'lr': 0.001, 'params': 1142402, 'time_iter': 2.1174, 'accuracy': 0.982, 'precision': 0.8182, 'recall': 0.1111, 'f1': 0.1957, 'auc': 0.8026}
train: {'epoch': 41, 'eta': 775557.5097, 'loss': 0.1091, 'lr': 0.001, 'params': 1142402, 'time_iter': 12.7901, 'accuracy': 0.9691, 'precision': 0.7673, 'recall': 0.2516, 'f1': 0.379, 'auc': 0.8641}
val: {'epoch': 42, 'loss': 0.0818, 'lr': 0.001, 'params': 1142402, 'time_iter': 1.9538, 'accuracy': 0.982, 'precision': 0.6296, 'recall': 0.2099, 'f1': 0.3148, 'auc': 0.7896}
train: {'epoch': 42, 'eta': 761713.8563, 'loss': 0.108, 'lr': 0.001, 'params': 1142402, 'time_iter': 12.6488, 'accuracy': 0.9688, 'precision': 0.7476, 'recall': 0.25, 'f1': 0.3747, 'auc': 0.8665}
val: {'epoch': 43, 'loss': 0.0855, 'lr': 0.001, 'params': 1142402, 'time_iter': 2.0425, 'accuracy': 0.9825, 'precision': 1.0, 'recall': 0.1111, 'f1': 0.2, 'auc': 0.7751}
train: {'epoch': 43, 'eta': 748258.0879, 'loss': 0.1094, 'lr': 0.001, 'params': 1142402, 'time_iter': 12.9163, 'accuracy': 0.9691, 'precision': 0.7597, 'recall': 0.2541, 'f1': 0.3808, 'auc': 0.8625}
val: {'epoch': 44, 'loss': 0.0841, 'lr': 0.001, 'params': 1142402, 'time_iter': 2.1753, 'accuracy': 0.982, 'precision': 0.6, 'recall': 0.2593, 'f1': 0.3621, 'auc': 0.7961}
train: {'epoch': 44, 'eta': 734261.7533, 'loss': 0.1057, 'lr': 0.001, 'params': 1142402, 'time_iter': 12.4806, 'accuracy': 0.9689, 'precision': 0.7593, 'recall': 0.2484, 'f1': 0.3743, 'auc': 0.8763}
val: {'epoch': 45, 'loss': 0.0836, 'lr': 0.001, 'params': 1142402, 'time_iter': 1.9547, 'accuracy': 0.9825, 'precision': 0.7368, 'recall': 0.1728, 'f1': 0.28, 'auc': 0.7833}
train: {'epoch': 45, 'eta': 720781.9292, 'loss': 0.1067, 'lr': 0.001, 'params': 1142402, 'time_iter': 12.8667, 'accuracy': 0.9693, 'precision': 0.7546, 'recall': 0.267, 'f1': 0.3945, 'auc': 0.8699}
val: {'epoch': 46, 'loss': 0.0812, 'lr': 0.001, 'params': 1142402, 'time_iter': 2.0506, 'accuracy': 0.9827, 'precision': 0.7273, 'recall': 0.1975, 'f1': 0.3107, 'auc': 0.7908}
train: {'epoch': 46, 'eta': 707184.7182, 'loss': 0.106, 'lr': 0.001, 'params': 1142402, 'time_iter': 12.7567, 'accuracy': 0.969, 'precision': 0.7573, 'recall': 0.2532, 'f1': 0.3796, 'auc': 0.8731}
val: {'epoch': 47, 'loss': 0.0821, 'lr': 0.001, 'params': 1142402, 'time_iter': 2.0551, 'accuracy': 0.9818, 'precision': 0.6875, 'recall': 0.1358, 'f1': 0.2268, 'auc': 0.7945}
train: {'epoch': 47, 'eta': 693906.2602, 'loss': 0.1056, 'lr': 0.001, 'params': 1142402, 'time_iter': 13.0251, 'accuracy': 0.9696, 'precision': 0.771, 'recall': 0.2679, 'f1': 0.3976, 'auc': 0.8728}
val: {'epoch': 48, 'loss': 0.0788, 'lr': 0.001, 'params': 1142402, 'time_iter': 2.3274, 'accuracy': 0.9827, 'precision': 0.6786, 'recall': 0.2346, 'f1': 0.3486, 'auc': 0.799}
train: {'epoch': 48, 'eta': 680936.5284, 'loss': 0.1045, 'lr': 0.001, 'params': 1142402, 'time_iter': 13.3181, 'accuracy': 0.9697, 'precision': 0.7594, 'recall': 0.2792, 'f1': 0.4083, 'auc': 0.8783}
val: {'epoch': 49, 'loss': 0.0773, 'lr': 0.001, 'params': 1142402, 'time_iter': 2.0129, 'accuracy': 0.983, 'precision': 0.6774, 'recall': 0.2593, 'f1': 0.375, 'auc': 0.8111}
train: {'epoch': 49, 'eta': 667857.9433, 'loss': 0.104, 'lr': 0.001, 'params': 1142402, 'time_iter': 13.2408, 'accuracy': 0.9695, 'precision': 0.7585, 'recall': 0.2703, 'f1': 0.3986, 'auc': 0.8808}
val: {'epoch': 50, 'loss': 0.0807, 'lr': 0.001, 'params': 1142402, 'time_iter': 2.0477, 'accuracy': 0.982, 'precision': 0.64, 'recall': 0.1975, 'f1': 0.3019, 'auc': 0.8036}
train: {'epoch': 50, 'eta': 654487.8149, 'loss': 0.104, 'lr': 0.001, 'params': 1142402, 'time_iter': 12.9676, 'accuracy': 0.9698, 'precision': 0.7554, 'recall': 0.2857, 'f1': 0.4146, 'auc': 0.8795}
val: {'epoch': 51, 'loss': 0.0832, 'lr': 0.001, 'params': 1142402, 'time_iter': 2.1789, 'accuracy': 0.9837, 'precision': 0.8182, 'recall': 0.2222, 'f1': 0.3495, 'auc': 0.8104}
train: {'epoch': 51, 'eta': 641457.651, 'loss': 0.1028, 'lr': 0.001, 'params': 1142402, 'time_iter': 13.3244, 'accuracy': 0.97, 'precision': 0.7675, 'recall': 0.2841, 'f1': 0.4147, 'auc': 0.8833}
val: {'epoch': 52, 'loss': 0.0841, 'lr': 0.001, 'params': 1142402, 'time_iter': 2.0376, 'accuracy': 0.9832, 'precision': 0.8, 'recall': 0.1975, 'f1': 0.3168, 'auc': 0.767}
train: {'epoch': 52, 'eta': 627929.3503, 'loss': 0.1035, 'lr': 0.001, 'params': 1142402, 'time_iter': 12.8067, 'accuracy': 0.9698, 'precision': 0.7581, 'recall': 0.2849, 'f1': 0.4142, 'auc': 0.8865}
val: {'epoch': 53, 'loss': 0.0791, 'lr': 0.001, 'params': 1142402, 'time_iter': 1.9854, 'accuracy': 0.9844, 'precision': 1.0, 'recall': 0.2099, 'f1': 0.3469, 'auc': 0.8011}
train: {'epoch': 53, 'eta': 614511.3901, 'loss': 0.1024, 'lr': 0.001, 'params': 1142402, 'time_iter': 12.9178, 'accuracy': 0.9698, 'precision': 0.7633, 'recall': 0.28, 'f1': 0.4097, 'auc': 0.8834}
val: {'epoch': 54, 'loss': 0.0778, 'lr': 0.001, 'params': 1142402, 'time_iter': 2.0945, 'accuracy': 0.9837, 'precision': 0.8182, 'recall': 0.2222, 'f1': 0.3495, 'auc': 0.8079}
train: {'epoch': 54, 'eta': 601192.5473, 'loss': 0.1013, 'lr': 0.001, 'params': 1142402, 'time_iter': 13.0301, 'accuracy': 0.9706, 'precision': 0.7782, 'recall': 0.3019, 'f1': 0.4351, 'auc': 0.8882}
val: {'epoch': 55, 'loss': 0.0803, 'lr': 0.001, 'params': 1142402, 'time_iter': 2.6404, 'accuracy': 0.9825, 'precision': 0.6667, 'recall': 0.2222, 'f1': 0.3333, 'auc': 0.8105}
train: {'epoch': 55, 'eta': 588067.7451, 'loss': 0.1005, 'lr': 0.001, 'params': 1142402, 'time_iter': 13.274, 'accuracy': 0.9699, 'precision': 0.7485, 'recall': 0.2946, 'f1': 0.4228, 'auc': 0.893}
val: {'epoch': 56, 'loss': 0.0807, 'lr': 0.001, 'params': 1142402, 'time_iter': 2.0355, 'accuracy': 0.982, 'precision': 0.6296, 'recall': 0.2099, 'f1': 0.3148, 'auc': 0.7987}
train: {'epoch': 56, 'eta': 574634.1702, 'loss': 0.0999, 'lr': 0.001, 'params': 1142402, 'time_iter': 12.9004, 'accuracy': 0.9702, 'precision': 0.7525, 'recall': 0.306, 'f1': 0.4351, 'auc': 0.893}
val: {'epoch': 57, 'loss': 0.0793, 'lr': 0.001, 'params': 1142402, 'time_iter': 2.0201, 'accuracy': 0.9835, 'precision': 0.7826, 'recall': 0.2222, 'f1': 0.3462, 'auc': 0.8134}
train: {'epoch': 57, 'eta': 561227.2536, 'loss': 0.0996, 'lr': 0.001, 'params': 1142402, 'time_iter': 12.9288, 'accuracy': 0.9709, 'precision': 0.7767, 'recall': 0.3133, 'f1': 0.4465, 'auc': 0.8931}
val: {'epoch': 58, 'loss': 0.0882, 'lr': 0.001, 'params': 1142402, 'time_iter': 2.2875, 'accuracy': 0.983, 'precision': 0.9231, 'recall': 0.1481, 'f1': 0.2553, 'auc': 0.7909}
train: {'epoch': 58, 'eta': 548022.068, 'loss': 0.0988, 'lr': 0.001, 'params': 1142402, 'time_iter': 13.206, 'accuracy': 0.9709, 'precision': 0.7714, 'recall': 0.3149, 'f1': 0.4473, 'auc': 0.8945}
val: {'epoch': 59, 'loss': 0.0824, 'lr': 0.001, 'params': 1142402, 'time_iter': 2.054, 'accuracy': 0.9823, 'precision': 0.8333, 'recall': 0.1235, 'f1': 0.2151, 'auc': 0.8019}
train: {'epoch': 59, 'eta': 534670.0861, 'loss': 0.0989, 'lr': 0.001, 'params': 1142402, 'time_iter': 13.0107, 'accuracy': 0.9712, 'precision': 0.7767, 'recall': 0.3247, 'f1': 0.4579, 'auc': 0.8947}
val: {'epoch': 60, 'loss': 0.0834, 'lr': 0.001, 'params': 1142402, 'time_iter': 2.066, 'accuracy': 0.9832, 'precision': 0.7, 'recall': 0.2593, 'f1': 0.3784, 'auc': 0.7927}
train: {'epoch': 60, 'eta': 521254.5773, 'loss': 0.0978, 'lr': 0.001, 'params': 1142402, 'time_iter': 12.9159, 'accuracy': 0.9713, 'precision': 0.7819, 'recall': 0.3231, 'f1': 0.4572, 'auc': 0.8957}
val: {'epoch': 61, 'loss': 0.0863, 'lr': 0.001, 'params': 1142402, 'time_iter': 2.1069, 'accuracy': 0.982, 'precision': 0.7692, 'recall': 0.1235, 'f1': 0.2128, 'auc': 0.7824}
train: {'epoch': 61, 'eta': 508085.2867, 'loss': 0.097, 'lr': 0.001, 'params': 1142402, 'time_iter': 13.2999, 'accuracy': 0.9712, 'precision': 0.7735, 'recall': 0.3271, 'f1': 0.4598, 'auc': 0.903}
val: {'epoch': 62, 'loss': 0.0789, 'lr': 0.001, 'params': 1142402, 'time_iter': 2.0095, 'accuracy': 0.9837, 'precision': 0.8889, 'recall': 0.1975, 'f1': 0.3232, 'auc': 0.7946}
train: {'epoch': 62, 'eta': 494607.82, 'loss': 0.0964, 'lr': 0.001, 'params': 1142402, 'time_iter': 12.8171, 'accuracy': 0.9712, 'precision': 0.78, 'recall': 0.3222, 'f1': 0.4561, 'auc': 0.9037}
val: {'epoch': 63, 'loss': 0.0829, 'lr': 0.001, 'params': 1142402, 'time_iter': 1.9639, 'accuracy': 0.9827, 'precision': 0.6923, 'recall': 0.2222, 'f1': 0.3364, 'auc': 0.8052}
train: {'epoch': 63, 'eta': 481054.4891, 'loss': 0.0957, 'lr': 0.001, 'params': 1142402, 'time_iter': 12.6705, 'accuracy': 0.9714, 'precision': 0.772, 'recall': 0.3352, 'f1': 0.4675, 'auc': 0.9045}
val: {'epoch': 64, 'loss': 0.0822, 'lr': 0.001, 'params': 1142402, 'time_iter': 2.007, 'accuracy': 0.9825, 'precision': 0.6667, 'recall': 0.2222, 'f1': 0.3333, 'auc': 0.8139}
train: {'epoch': 64, 'eta': 467693.9256, 'loss': 0.0952, 'lr': 0.001, 'params': 1142402, 'time_iter': 12.9897, 'accuracy': 0.9713, 'precision': 0.7661, 'recall': 0.3377, 'f1': 0.4687, 'auc': 0.9062}
val: {'epoch': 65, 'loss': 0.0922, 'lr': 0.001, 'params': 1142402, 'time_iter': 2.3538, 'accuracy': 0.9823, 'precision': 1.0, 'recall': 0.0988, 'f1': 0.1798, 'auc': 0.7969}
train: {'epoch': 65, 'eta': 454462.9576, 'loss': 0.0946, 'lr': 0.001, 'params': 1142402, 'time_iter': 13.2346, 'accuracy': 0.9714, 'precision': 0.7694, 'recall': 0.3385, 'f1': 0.4701, 'auc': 0.9096}
val: {'epoch': 66, 'loss': 0.0935, 'lr': 0.001, 'params': 1142402, 'time_iter': 2.0009, 'accuracy': 0.9818, 'precision': 0.875, 'recall': 0.0864, 'f1': 0.1573, 'auc': 0.782}
train: {'epoch': 66, 'eta': 441236.5945, 'loss': 0.0944, 'lr': 0.001, 'params': 1142402, 'time_iter': 13.2665, 'accuracy': 0.972, 'precision': 0.7788, 'recall': 0.3515, 'f1': 0.4843, 'auc': 0.9084}
val: {'epoch': 67, 'loss': 0.0857, 'lr': 0.001, 'params': 1142402, 'time_iter': 1.9652, 'accuracy': 0.9825, 'precision': 0.6286, 'recall': 0.2716, 'f1': 0.3793, 'auc': 0.7886}
train: {'epoch': 67, 'eta': 427987.4578, 'loss': 0.0931, 'lr': 0.001, 'params': 1142402, 'time_iter': 13.2452, 'accuracy': 0.9721, 'precision': 0.7897, 'recall': 0.3474, 'f1': 0.4825, 'auc': 0.9126}
val: {'epoch': 68, 'loss': 0.0888, 'lr': 0.001, 'params': 1142402, 'time_iter': 2.2284, 'accuracy': 0.9818, 'precision': 0.6875, 'recall': 0.1358, 'f1': 0.2268, 'auc': 0.7711}
train: {'epoch': 68, 'eta': 414639.2875, 'loss': 0.0931, 'lr': 0.001, 'params': 1142402, 'time_iter': 13.0549, 'accuracy': 0.9724, 'precision': 0.7945, 'recall': 0.3547, 'f1': 0.4905, 'auc': 0.9118}
val: {'epoch': 69, 'loss': 0.0846, 'lr': 0.001, 'params': 1142402, 'time_iter': 2.0365, 'accuracy': 0.983, 'precision': 0.7037, 'recall': 0.2346, 'f1': 0.3519, 'auc': 0.7961}
train: {'epoch': 69, 'eta': 401293.3621, 'loss': 0.0927, 'lr': 0.001, 'params': 1142402, 'time_iter': 13.0655, 'accuracy': 0.9716, 'precision': 0.7606, 'recall': 0.3506, 'f1': 0.48, 'auc': 0.9155}
val: {'epoch': 70, 'loss': 0.0854, 'lr': 0.001, 'params': 1142402, 'time_iter': 2.0186, 'accuracy': 0.9835, 'precision': 0.7826, 'recall': 0.2222, 'f1': 0.3462, 'auc': 0.7884}
train: {'epoch': 70, 'eta': 387905.2986, 'loss': 0.0911, 'lr': 0.001, 'params': 1142402, 'time_iter': 12.9718, 'accuracy': 0.9723, 'precision': 0.7823, 'recall': 0.3588, 'f1': 0.4919, 'auc': 0.9194}
val: {'epoch': 71, 'loss': 0.0875, 'lr': 0.001, 'params': 1142402, 'time_iter': 2.0716, 'accuracy': 0.983, 'precision': 0.7619, 'recall': 0.1975, 'f1': 0.3137, 'auc': 0.8041}
train: {'epoch': 71, 'eta': 374615.1509, 'loss': 0.092, 'lr': 0.001, 'params': 1142402, 'time_iter': 13.2137, 'accuracy': 0.9722, 'precision': 0.7724, 'recall': 0.3636, 'f1': 0.4945, 'auc': 0.9151}
val: {'epoch': 72, 'loss': 0.0822, 'lr': 0.001, 'params': 1142402, 'time_iter': 2.6081, 'accuracy': 0.9825, 'precision': 0.7647, 'recall': 0.1605, 'f1': 0.2653, 'auc': 0.8087}
train: {'epoch': 72, 'eta': 361207.9771, 'loss': 0.0905, 'lr': 0.001, 'params': 1142402, 'time_iter': 12.9283, 'accuracy': 0.9725, 'precision': 0.7837, 'recall': 0.3677, 'f1': 0.5006, 'auc': 0.9209}
val: {'epoch': 73, 'loss': 0.0937, 'lr': 0.001, 'params': 1142402, 'time_iter': 1.9692, 'accuracy': 0.9827, 'precision': 0.8125, 'recall': 0.1605, 'f1': 0.268, 'auc': 0.7838}
train: {'epoch': 73, 'eta': 348052.698, 'loss': 0.0903, 'lr': 0.001, 'params': 1142402, 'time_iter': 13.6173, 'accuracy': 0.9732, 'precision': 0.7953, 'recall': 0.3815, 'f1': 0.5156, 'auc': 0.9206}
val: {'epoch': 74, 'loss': 0.0831, 'lr': 0.001, 'params': 1142402, 'time_iter': 2.056, 'accuracy': 0.9837, 'precision': 0.8889, 'recall': 0.1975, 'f1': 0.3232, 'auc': 0.8039}
train: {'epoch': 74, 'eta': 334680.8991, 'loss': 0.0901, 'lr': 0.001, 'params': 1142402, 'time_iter': 13.0526, 'accuracy': 0.9728, 'precision': 0.7877, 'recall': 0.3734, 'f1': 0.5066, 'auc': 0.9218}
val: {'epoch': 75, 'loss': 0.0845, 'lr': 0.001, 'params': 1142402, 'time_iter': 2.1752, 'accuracy': 0.983, 'precision': 0.7391, 'recall': 0.2099, 'f1': 0.3269, 'auc': 0.812}
train: {'epoch': 75, 'eta': 321314.5704, 'loss': 0.0893, 'lr': 0.001, 'params': 1142402, 'time_iter': 13.0743, 'accuracy': 0.9723, 'precision': 0.772, 'recall': 0.3709, 'f1': 0.5011, 'auc': 0.9228}
val: {'epoch': 76, 'loss': 0.0931, 'lr': 0.001, 'params': 1142402, 'time_iter': 2.0567, 'accuracy': 0.9823, 'precision': 0.9, 'recall': 0.1111, 'f1': 0.1978, 'auc': 0.8006}
train: {'epoch': 76, 'eta': 307914.2858, 'loss': 0.0887, 'lr': 0.001, 'params': 1142402, 'time_iter': 12.9712, 'accuracy': 0.9728, 'precision': 0.7822, 'recall': 0.3791, 'f1': 0.5107, 'auc': 0.9242}
val: {'epoch': 77, 'loss': 0.0875, 'lr': 0.001, 'params': 1142402, 'time_iter': 1.943, 'accuracy': 0.984, 'precision': 0.8261, 'recall': 0.2346, 'f1': 0.3654, 'auc': 0.8113}
train: {'epoch': 77, 'eta': 294533.2507, 'loss': 0.0877, 'lr': 0.001, 'params': 1142402, 'time_iter': 13.0328, 'accuracy': 0.9733, 'precision': 0.8014, 'recall': 0.3831, 'f1': 0.5184, 'auc': 0.9277}
val: {'epoch': 78, 'loss': 0.0907, 'lr': 0.001, 'params': 1142402, 'time_iter': 2.0808, 'accuracy': 0.983, 'precision': 0.7895, 'recall': 0.1852, 'f1': 0.3, 'auc': 0.8007}
train: {'epoch': 78, 'eta': 281117.7374, 'loss': 0.0882, 'lr': 0.001, 'params': 1142402, 'time_iter': 12.9095, 'accuracy': 0.9727, 'precision': 0.786, 'recall': 0.3726, 'f1': 0.5055, 'auc': 0.9259}
val: {'epoch': 79, 'loss': 0.0835, 'lr': 0.001, 'params': 1142402, 'time_iter': 2.4033, 'accuracy': 0.9808, 'precision': 0.5333, 'recall': 0.1975, 'f1': 0.2883, 'auc': 0.8182}
train: {'epoch': 79, 'eta': 267750.7139, 'loss': 0.0872, 'lr': 0.001, 'params': 1142402, 'time_iter': 13.0852, 'accuracy': 0.9729, 'precision': 0.7783, 'recall': 0.3847, 'f1': 0.5149, 'auc': 0.9263}
val: {'epoch': 80, 'loss': 0.0959, 'lr': 0.001, 'params': 1142402, 'time_iter': 1.9693, 'accuracy': 0.9827, 'precision': 0.9167, 'recall': 0.1358, 'f1': 0.2366, 'auc': 0.8083}
train: {'epoch': 80, 'eta': 254391.7317, 'loss': 0.0858, 'lr': 0.001, 'params': 1142402, 'time_iter': 13.1285, 'accuracy': 0.9732, 'precision': 0.7814, 'recall': 0.3945, 'f1': 0.5243, 'auc': 0.9306}
val: {'epoch': 81, 'loss': 0.0847, 'lr': 0.001, 'params': 1142402, 'time_iter': 1.9829, 'accuracy': 0.9835, 'precision': 0.7826, 'recall': 0.2222, 'f1': 0.3462, 'auc': 0.8062}
train: {'epoch': 81, 'eta': 241043.4472, 'loss': 0.0864, 'lr': 0.001, 'params': 1142402, 'time_iter': 13.1921, 'accuracy': 0.9733, 'precision': 0.7877, 'recall': 0.3945, 'f1': 0.5257, 'auc': 0.9289}
val: {'epoch': 82, 'loss': 0.0901, 'lr': 0.001, 'params': 1142402, 'time_iter': 2.1747, 'accuracy': 0.9832, 'precision': 1.0, 'recall': 0.1481, 'f1': 0.2581, 'auc': 0.8125}
train: {'epoch': 82, 'eta': 227598.6628, 'loss': 0.0851, 'lr': 0.001, 'params': 1142402, 'time_iter': 12.7601, 'accuracy': 0.9737, 'precision': 0.789, 'recall': 0.4067, 'f1': 0.5367, 'auc': 0.9321}
val: {'epoch': 83, 'loss': 0.0917, 'lr': 0.001, 'params': 1142402, 'time_iter': 1.9908, 'accuracy': 0.9825, 'precision': 0.7143, 'recall': 0.1852, 'f1': 0.2941, 'auc': 0.8127}
train: {'epoch': 83, 'eta': 214138.9617, 'loss': 0.0843, 'lr': 0.001, 'params': 1142402, 'time_iter': 12.6458, 'accuracy': 0.9733, 'precision': 0.7857, 'recall': 0.3929, 'f1': 0.5238, 'auc': 0.9341}
val: {'epoch': 84, 'loss': 0.0945, 'lr': 0.001, 'params': 1142402, 'time_iter': 2.0752, 'accuracy': 0.982, 'precision': 0.8889, 'recall': 0.0988, 'f1': 0.1778, 'auc': 0.7892}
train: {'epoch': 84, 'eta': 200758.3636, 'loss': 0.0848, 'lr': 0.001, 'params': 1142402, 'time_iter': 13.0235, 'accuracy': 0.9736, 'precision': 0.7935, 'recall': 0.3994, 'f1': 0.5313, 'auc': 0.9317}
val: {'epoch': 85, 'loss': 0.0938, 'lr': 0.001, 'params': 1142402, 'time_iter': 2.1143, 'accuracy': 0.9832, 'precision': 0.8, 'recall': 0.1975, 'f1': 0.3168, 'auc': 0.8165}
train: {'epoch': 85, 'eta': 187415.4075, 'loss': 0.083, 'lr': 0.001, 'params': 1142402, 'time_iter': 13.2511, 'accuracy': 0.9743, 'precision': 0.8012, 'recall': 0.4188, 'f1': 0.5501, 'auc': 0.9368}
val: {'epoch': 86, 'loss': 0.0917, 'lr': 0.001, 'params': 1142402, 'time_iter': 1.9481, 'accuracy': 0.9823, 'precision': 0.7857, 'recall': 0.1358, 'f1': 0.2316, 'auc': 0.8129}
train: {'epoch': 86, 'eta': 174007.4156, 'loss': 0.0839, 'lr': 0.001, 'params': 1142402, 'time_iter': 12.8718, 'accuracy': 0.9737, 'precision': 0.7836, 'recall': 0.4115, 'f1': 0.5396, 'auc': 0.9366}
val: {'epoch': 87, 'loss': 0.0935, 'lr': 0.001, 'params': 1142402, 'time_iter': 2.1107, 'accuracy': 0.9825, 'precision': 0.7368, 'recall': 0.1728, 'f1': 0.28, 'auc': 0.8059}
train: {'epoch': 87, 'eta': 160588.6815, 'loss': 0.0828, 'lr': 0.001, 'params': 1142402, 'time_iter': 12.7689, 'accuracy': 0.9741, 'precision': 0.792, 'recall': 0.4172, 'f1': 0.5465, 'auc': 0.9381}
val: {'epoch': 88, 'loss': 0.0961, 'lr': 0.001, 'params': 1142402, 'time_iter': 2.0113, 'accuracy': 0.983, 'precision': 0.9231, 'recall': 0.1481, 'f1': 0.2553, 'auc': 0.8049}
train: {'epoch': 88, 'eta': 147204.8601, 'loss': 0.0821, 'lr': 0.001, 'params': 1142402, 'time_iter': 12.994, 'accuracy': 0.9736, 'precision': 0.7853, 'recall': 0.4067, 'f1': 0.5358, 'auc': 0.9421}
val: {'epoch': 89, 'loss': 0.0916, 'lr': 0.001, 'params': 1142402, 'time_iter': 2.5489, 'accuracy': 0.983, 'precision': 0.7037, 'recall': 0.2346, 'f1': 0.3519, 'auc': 0.8052}
train: {'epoch': 89, 'eta': 133829.3361, 'loss': 0.0816, 'lr': 0.001, 'params': 1142402, 'time_iter': 13.064, 'accuracy': 0.9747, 'precision': 0.8093, 'recall': 0.4237, 'f1': 0.5562, 'auc': 0.9398}
val: {'epoch': 90, 'loss': 0.0943, 'lr': 0.001, 'params': 1142402, 'time_iter': 2.0303, 'accuracy': 0.982, 'precision': 0.6842, 'recall': 0.1605, 'f1': 0.26, 'auc': 0.8102}
train: {'epoch': 90, 'eta': 120459.1507, 'loss': 0.0808, 'lr': 0.001, 'params': 1142402, 'time_iter': 13.131, 'accuracy': 0.9749, 'precision': 0.8101, 'recall': 0.4294, 'f1': 0.5613, 'auc': 0.9422}
val: {'epoch': 91, 'loss': 0.0924, 'lr': 0.001, 'params': 1142402, 'time_iter': 1.9335, 'accuracy': 0.9818, 'precision': 0.65, 'recall': 0.1605, 'f1': 0.2574, 'auc': 0.8141}
train: {'epoch': 91, 'eta': 107061.5447, 'loss': 0.0815, 'lr': 0.001, 'params': 1142402, 'time_iter': 12.859, 'accuracy': 0.9734, 'precision': 0.7705, 'recall': 0.4115, 'f1': 0.5365, 'auc': 0.9441}
val: {'epoch': 92, 'loss': 0.0882, 'lr': 0.001, 'params': 1142402, 'time_iter': 2.1925, 'accuracy': 0.9823, 'precision': 0.6538, 'recall': 0.2099, 'f1': 0.3178, 'auc': 0.8204}
train: {'epoch': 92, 'eta': 93672.9008, 'loss': 0.0814, 'lr': 0.001, 'params': 1142402, 'time_iter': 12.9287, 'accuracy': 0.9743, 'precision': 0.7872, 'recall': 0.4294, 'f1': 0.5557, 'auc': 0.9419}
val: {'epoch': 93, 'loss': 0.0965, 'lr': 0.001, 'params': 1142402, 'time_iter': 1.9631, 'accuracy': 0.9805, 'precision': 0.5238, 'recall': 0.1358, 'f1': 0.2157, 'auc': 0.8022}
train: {'epoch': 93, 'eta': 80291.4505, 'loss': 0.0786, 'lr': 0.001, 'params': 1142402, 'time_iter': 13.0107, 'accuracy': 0.9743, 'precision': 0.7922, 'recall': 0.4269, 'f1': 0.5549, 'auc': 0.9485}
val: {'epoch': 94, 'loss': 0.0938, 'lr': 0.001, 'params': 1142402, 'time_iter': 1.95, 'accuracy': 0.983, 'precision': 0.7037, 'recall': 0.2346, 'f1': 0.3519, 'auc': 0.8063}
train: {'epoch': 94, 'eta': 66902.5491, 'loss': 0.0802, 'lr': 0.001, 'params': 1142402, 'time_iter': 12.8756, 'accuracy': 0.9746, 'precision': 0.7946, 'recall': 0.4334, 'f1': 0.5609, 'auc': 0.9431}
val: {'epoch': 95, 'loss': 0.0945, 'lr': 0.001, 'params': 1142402, 'time_iter': 2.0385, 'accuracy': 0.9835, 'precision': 0.7826, 'recall': 0.2222, 'f1': 0.3462, 'auc': 0.8037}
train: {'epoch': 95, 'eta': 53522.7011, 'loss': 0.0797, 'lr': 0.001, 'params': 1142402, 'time_iter': 13.0188, 'accuracy': 0.9741, 'precision': 0.7794, 'recall': 0.4302, 'f1': 0.5544, 'auc': 0.9478}
val: {'epoch': 96, 'loss': 0.104, 'lr': 0.001, 'params': 1142402, 'time_iter': 2.3189, 'accuracy': 0.9818, 'precision': 0.7143, 'recall': 0.1235, 'f1': 0.2105, 'auc': 0.7996}
train: {'epoch': 96, 'eta': 40131.9701, 'loss': 0.0806, 'lr': 0.001, 'params': 1142402, 'time_iter': 12.6876, 'accuracy': 0.9743, 'precision': 0.793, 'recall': 0.4229, 'f1': 0.5516, 'auc': 0.9446}
val: {'epoch': 97, 'loss': 0.091, 'lr': 0.001, 'params': 1142402, 'time_iter': 1.9708, 'accuracy': 0.9827, 'precision': 0.7273, 'recall': 0.1975, 'f1': 0.3107, 'auc': 0.816}
train: {'epoch': 97, 'eta': 26762.7778, 'loss': 0.0785, 'lr': 0.001, 'params': 1142402, 'time_iter': 13.3875, 'accuracy': 0.9751, 'precision': 0.8047, 'recall': 0.4416, 'f1': 0.5702, 'auc': 0.9514}
val: {'epoch': 98, 'loss': 0.0928, 'lr': 0.001, 'params': 1142402, 'time_iter': 2.0115, 'accuracy': 0.9815, 'precision': 0.6, 'recall': 0.1852, 'f1': 0.283, 'auc': 0.7999}
train: {'epoch': 98, 'eta': 13376.2924, 'loss': 0.078, 'lr': 0.001, 'params': 1142402, 'time_iter': 12.5139, 'accuracy': 0.9753, 'precision': 0.798, 'recall': 0.4554, 'f1': 0.5798, 'auc': 0.9497}
val: {'epoch': 99, 'loss': 0.0991, 'lr': 0.001, 'params': 1142402, 'time_iter': 2.2447, 'accuracy': 0.983, 'precision': 0.7391, 'recall': 0.2099, 'f1': 0.3269, 'auc': 0.7965}
train: {'epoch': 99, 'eta': 0.0, 'loss': 0.0772, 'lr': 0.001, 'params': 1142402, 'time_iter': 12.6562, 'accuracy': 0.9747, 'precision': 0.7879, 'recall': 0.4432, 'f1': 0.5673, 'auc': 0.9519}
test: {'epoch': 99, 'loss': 0.1708, 'lr': 0.001, 'params': 1142402, 'time_iter': 1.9579, 'accuracy': 0.9716, 'precision': 0.6512, 'recall': 0.2154, 'f1': 0.3237, 'auc': 0.7426}
test: {'epoch': 33, 'loss': 0.1301, 'lr': 0.001, 'params': 1142402, 'time_iter': 1.9494, 'accuracy': 0.9703, 'precision': 0.6667, 'recall': 0.1231, 'f1': 0.2078, 'auc': 0.7697}
