GraphGymModule(
  (model): DilatedGNNModel(
    (encoder): FeatureEncoder(
      (node_encoder): AtomEncoder(
        (atom_embedding_list): ModuleList(
          (0): Embedding(119, 300)
          (1): Embedding(4, 300)
          (2): Embedding(12, 300)
          (3): Embedding(12, 300)
          (4): Embedding(10, 300)
          (5): Embedding(6, 300)
          (6): Embedding(6, 300)
          (7): Embedding(2, 300)
          (8): Embedding(2, 300)
        )
      )
      (edge_encoder): BondEncoder(
        (bond_embedding_list): ModuleList(
          (0): Embedding(5, 300)
          (1): Embedding(6, 300)
          (2): Embedding(2, 300)
        )
      )
    )
    (mp): GNNDilatedStage(
      (classic_layers): ModuleList(
        (0): GeneralLayer(
          (layer): EGINConv(
            (model): GINEConv(nn=Sequential(
              (0): Linear(300, 300, bias=True)
              (1): ReLU()
              (2): Linear(300, 300, bias=True)
            ))
          )
          (post_layer): Sequential(
            (0): BatchNorm1d(300, eps=1e-05, momentum=0.1, affine=True, track_running_stats=True)
            (1): Dropout(p=0.5, inplace=False)
            (2): ReLU()
          )
        )
        (1): GeneralLayer(
          (layer): EGINConv(
            (model): GINEConv(nn=Sequential(
              (0): Linear(300, 300, bias=True)
              (1): ReLU()
              (2): Linear(300, 300, bias=True)
            ))
          )
          (post_layer): Sequential(
            (0): BatchNorm1d(300, eps=1e-05, momentum=0.1, affine=True, track_running_stats=True)
            (1): Dropout(p=0.5, inplace=False)
            (2): ReLU()
          )
        )
        (2): GeneralLayer(
          (layer): EGINConv(
            (model): GINEConv(nn=Sequential(
              (0): Linear(300, 300, bias=True)
              (1): ReLU()
              (2): Linear(300, 300, bias=True)
            ))
          )
          (post_layer): Sequential(
            (0): BatchNorm1d(300, eps=1e-05, momentum=0.1, affine=True, track_running_stats=True)
            (1): Dropout(p=0.5, inplace=False)
            (2): ReLU()
          )
        )
      )
      (dilated_layers): ModuleList(
        (0): DilatedGeneralLayer(
          (layer): EGINConv(
            (model): GINEConv(nn=Sequential(
              (0): Linear(300, 300, bias=True)
              (1): ReLU()
              (2): Linear(300, 300, bias=True)
            ))
          )
          (post_layer): Sequential(
            (0): BatchNorm1d(300, eps=1e-05, momentum=0.1, affine=True, track_running_stats=True)
            (1): Dropout(p=0.5, inplace=False)
            (2): ReLU()
          )
          (gem): GeM(p=3.0000, eps=1e-06)
        )
      )
      (act): ReLU()
    )
    (post_mp): GNNGraphHead(
      (layer_post_mp): MLP(
        (model): Sequential(
          (0): Linear(
            (model): Linear(300, 1, bias=True)
          )
        )
      )
    )
  )
)
accelerator: cuda
benchmark: False
bn:
  eps: 1e-05
  mom: 0.1
cfg_dest: config.yaml
custom_metrics: []
dataset:
  cache_load: False
  cache_save: False
  dir: ./datasets
  edge_dim: 300
  edge_encoder: True
  edge_encoder_bn: False
  edge_encoder_name: Bond
  edge_message_ratio: 0.8
  edge_negative_sampling_ratio: 1.0
  edge_train_mode: all
  encoder: True
  encoder_bn: True
  encoder_dim: 128
  encoder_name: db
  fast_loader: False
  format: OGB
  label_column: none
  label_table: none
  location: local
  name: ogbg-molhiv
  node_encoder: True
  node_encoder_bn: False
  node_encoder_name: Atom
  remove_feature: False
  resample_disjoint: False
  resample_negative: False
  shuffle_split: True
  split: [0.8, 0.1, 0.1]
  split_mode: random
  task: graph
  task_type: classification
  to_undirected: False
  transductive: False
  transform: none
  tu_simple: True
devices: 1
gnn:
  act: relu
  act_on_last_layer_mp: False
  agg: none
  att_final_linear: False
  att_final_linear_bn: False
  att_heads: 1
  batchnorm: True
  clear_feature: True
  dilated_path_join: add
  dim_inner: 300
  dropout: 0.5
  head: graph
  keep_edge: 0.5
  l2norm: True
  layer_type: eginconv
  layers_k1: 3
  layers_k2: 1
  layers_mp: 5
  layers_post_mp: 1
  layers_pre_mp: 0
  learn_alpha_residual_connection: False
  msg_direction: single
  normalize_adj: False
  self_msg: concat
  skip_every: 1
  stage_type: stack
  use_edge_features: True
gpu_mem: False
mem:
  inplace: False
metric_agg: argmax
metric_best: auc
model:
  edge_decoding: dot
  graph_pooling: mean
  loss_fun: cross_entropy
  match_upper: True
  size_average: mean
  thresh: 0.5
  type: dilated_gnn
num_threads: 6
num_workers: 16
optim:
  base_lr: 0.001
  lr_decay: 0.1
  max_epoch: 100
  momentum: 0.9
  optimizer: adam
  scheduler: none
  steps: [30, 60, 90]
  weight_decay: 0.0
out_dir: results_experiments/ogbg_molhiv_baseline_grid_design/ogbg_molhiv_baseline-type=dilated_gnn-layer_type=eginconv-layers_k1=3-layers_k2=1-dilated_path_join=add-learn_alpha_residual_connection=False
params: 1142102
print: both
round: 4
run_dir: results_experiments/ogbg_molhiv_baseline_grid_design/ogbg_molhiv_baseline-type=dilated_gnn-layer_type=eginconv-layers_k1=3-layers_k2=1-dilated_path_join=add-learn_alpha_residual_connection=False/1
seed: 2
share:
  dim_in: 9
  dim_out: 2
  num_splits: 3
tensorboard_agg: True
tensorboard_each_run: False
train:
  auto_resume: False
  batch_size: 32
  ckpt_clean: True
  ckpt_period: 100
  enable_ckpt: True
  epoch_resume: -1
  eval_period: 1
  iter_per_epoch: 32
  neighbor_sizes: [20, 15, 10, 5]
  node_per_graph: 32
  radius: extend
  sample_node: False
  sampler: full_batch
  skip_train_eval: False
  walk_length: 4
val:
  node_per_graph: 32
  radius: extend
  sample_node: False
  sampler: full_batch
view_emb: False
Num parameters: 1142102
val: {'epoch': 0, 'loss': 0.7072, 'lr': 0.001, 'params': 1142102, 'time_iter': 0.9461, 'accuracy': 0.0156, 'precision': 0.0156, 'recall': 1.0, 'f1': 0.0308, 'auc': 0.3333}
val: {'epoch': 0, 'loss': 0.0968, 'lr': 0.001, 'params': 1142102, 'time_iter': 2.3946, 'accuracy': 0.9803, 'precision': 0.0, 'recall': 0.0, 'f1': 0.0, 'auc': 0.5921}
train: {'epoch': 0, 'eta': 1274118.2769, 'loss': 0.1744, 'lr': 0.001, 'params': 1142102, 'time_iter': 12.5072, 'accuracy': 0.9607, 'precision': 0.0441, 'recall': 0.0024, 'f1': 0.0046, 'auc': 0.5664}
val: {'epoch': 1, 'loss': 0.0929, 'lr': 0.001, 'params': 1142102, 'time_iter': 1.865, 'accuracy': 0.9803, 'precision': 0.0, 'recall': 0.0, 'f1': 0.0, 'auc': 0.6695}
train: {'epoch': 1, 'eta': 1254803.7807, 'loss': 0.1553, 'lr': 0.001, 'params': 1142102, 'time_iter': 12.3794, 'accuracy': 0.9626, 'precision': 0.0, 'recall': 0.0, 'f1': 0.0, 'auc': 0.6421}
val: {'epoch': 2, 'loss': 0.0923, 'lr': 0.001, 'params': 1142102, 'time_iter': 1.9432, 'accuracy': 0.9803, 'precision': 0.0, 'recall': 0.0, 'f1': 0.0, 'auc': 0.6875}
train: {'epoch': 2, 'eta': 1228918.9997, 'loss': 0.1503, 'lr': 0.001, 'params': 1142102, 'time_iter': 12.0501, 'accuracy': 0.9626, 'precision': 0.0, 'recall': 0.0, 'f1': 0.0, 'auc': 0.6988}
val: {'epoch': 3, 'loss': 0.0985, 'lr': 0.001, 'params': 1142102, 'time_iter': 2.043, 'accuracy': 0.9803, 'precision': 0.0, 'recall': 0.0, 'f1': 0.0, 'auc': 0.7045}
train: {'epoch': 3, 'eta': 1214124.2781, 'loss': 0.1471, 'lr': 0.001, 'params': 1142102, 'time_iter': 12.2261, 'accuracy': 0.9625, 'precision': 0.0, 'recall': 0.0, 'f1': 0.0, 'auc': 0.7152}
val: {'epoch': 4, 'loss': 0.1268, 'lr': 0.001, 'params': 1142102, 'time_iter': 1.9887, 'accuracy': 0.9774, 'precision': 0.3125, 'recall': 0.1235, 'f1': 0.177, 'auc': 0.7129}
train: {'epoch': 4, 'eta': 1197856.2683, 'loss': 0.143, 'lr': 0.001, 'params': 1142102, 'time_iter': 12.1055, 'accuracy': 0.9626, 'precision': 0.6667, 'recall': 0.0016, 'f1': 0.0032, 'auc': 0.739}
val: {'epoch': 5, 'loss': 0.0961, 'lr': 0.001, 'params': 1142102, 'time_iter': 1.9365, 'accuracy': 0.9803, 'precision': 0.5, 'recall': 0.0988, 'f1': 0.1649, 'auc': 0.7402}
train: {'epoch': 5, 'eta': 1187484.0682, 'loss': 0.1414, 'lr': 0.001, 'params': 1142102, 'time_iter': 12.3924, 'accuracy': 0.9626, 'precision': 0.5625, 'recall': 0.0073, 'f1': 0.0144, 'auc': 0.7393}
val: {'epoch': 6, 'loss': 0.083, 'lr': 0.001, 'params': 1142102, 'time_iter': 1.9968, 'accuracy': 0.9803, 'precision': 0.5, 'recall': 0.2099, 'f1': 0.2957, 'auc': 0.784}
train: {'epoch': 6, 'eta': 1180385.1367, 'loss': 0.138, 'lr': 0.001, 'params': 1142102, 'time_iter': 12.6816, 'accuracy': 0.9627, 'precision': 0.561, 'recall': 0.0187, 'f1': 0.0361, 'auc': 0.7577}
val: {'epoch': 7, 'loss': 0.0809, 'lr': 0.001, 'params': 1142102, 'time_iter': 2.2731, 'accuracy': 0.9803, 'precision': 0.5, 'recall': 0.0988, 'f1': 0.1649, 'auc': 0.7695}
train: {'epoch': 7, 'eta': 1163984.2636, 'loss': 0.1365, 'lr': 0.001, 'params': 1142102, 'time_iter': 12.0212, 'accuracy': 0.9627, 'precision': 0.5536, 'recall': 0.0252, 'f1': 0.0481, 'auc': 0.7654}
val: {'epoch': 8, 'loss': 0.094, 'lr': 0.001, 'params': 1142102, 'time_iter': 1.9817, 'accuracy': 0.9735, 'precision': 0.2308, 'recall': 0.1481, 'f1': 0.1805, 'auc': 0.7583}
train: {'epoch': 8, 'eta': 1154606.6368, 'loss': 0.1344, 'lr': 0.001, 'params': 1142102, 'time_iter': 12.6101, 'accuracy': 0.9629, 'precision': 0.573, 'recall': 0.0414, 'f1': 0.0772, 'auc': 0.768}
val: {'epoch': 9, 'loss': 0.0817, 'lr': 0.001, 'params': 1142102, 'time_iter': 2.0556, 'accuracy': 0.9784, 'precision': 0.413, 'recall': 0.2346, 'f1': 0.2992, 'auc': 0.7946}
train: {'epoch': 9, 'eta': 1143216.9017, 'loss': 0.1337, 'lr': 0.001, 'params': 1142102, 'time_iter': 12.4706, 'accuracy': 0.9629, 'precision': 0.5536, 'recall': 0.0503, 'f1': 0.0923, 'auc': 0.7714}
val: {'epoch': 10, 'loss': 0.0849, 'lr': 0.001, 'params': 1142102, 'time_iter': 2.1249, 'accuracy': 0.9774, 'precision': 0.38, 'recall': 0.2346, 'f1': 0.2901, 'auc': 0.7786}
train: {'epoch': 10, 'eta': 1130727.745, 'loss': 0.1318, 'lr': 0.001, 'params': 1142102, 'time_iter': 12.37, 'accuracy': 0.9631, 'precision': 0.5703, 'recall': 0.0593, 'f1': 0.1074, 'auc': 0.782}
val: {'epoch': 11, 'loss': 0.0841, 'lr': 0.001, 'params': 1142102, 'time_iter': 1.9539, 'accuracy': 0.9791, 'precision': 0.4359, 'recall': 0.2099, 'f1': 0.2833, 'auc': 0.7798}
train: {'epoch': 11, 'eta': 1118396.2775, 'loss': 0.132, 'lr': 0.001, 'params': 1142102, 'time_iter': 12.3962, 'accuracy': 0.963, 'precision': 0.553, 'recall': 0.0593, 'f1': 0.107, 'auc': 0.7846}
val: {'epoch': 12, 'loss': 0.0955, 'lr': 0.001, 'params': 1142102, 'time_iter': 1.9878, 'accuracy': 0.9728, 'precision': 0.3086, 'recall': 0.3086, 'f1': 0.3086, 'auc': 0.7831}
train: {'epoch': 12, 'eta': 1103290.0086, 'loss': 0.1306, 'lr': 0.001, 'params': 1142102, 'time_iter': 12.0028, 'accuracy': 0.9628, 'precision': 0.5256, 'recall': 0.0666, 'f1': 0.1182, 'auc': 0.7857}
val: {'epoch': 13, 'loss': 0.0786, 'lr': 0.001, 'params': 1142102, 'time_iter': 2.1448, 'accuracy': 0.9815, 'precision': 0.5926, 'recall': 0.1975, 'f1': 0.2963, 'auc': 0.7921}
train: {'epoch': 13, 'eta': 1093343.1085, 'loss': 0.1286, 'lr': 0.001, 'params': 1142102, 'time_iter': 12.7567, 'accuracy': 0.9634, 'precision': 0.5761, 'recall': 0.086, 'f1': 0.1497, 'auc': 0.79}
val: {'epoch': 14, 'loss': 0.0902, 'lr': 0.001, 'params': 1142102, 'time_iter': 1.9945, 'accuracy': 0.9757, 'precision': 0.3797, 'recall': 0.3704, 'f1': 0.375, 'auc': 0.7925}
train: {'epoch': 14, 'eta': 1080939.5519, 'loss': 0.1283, 'lr': 0.001, 'params': 1142102, 'time_iter': 12.4081, 'accuracy': 0.9638, 'precision': 0.6129, 'recall': 0.0925, 'f1': 0.1608, 'auc': 0.7928}
val: {'epoch': 15, 'loss': 0.1181, 'lr': 0.001, 'params': 1142102, 'time_iter': 1.9373, 'accuracy': 0.9609, 'precision': 0.2468, 'recall': 0.4815, 'f1': 0.3264, 'auc': 0.7885}
train: {'epoch': 15, 'eta': 1067953.5994, 'loss': 0.127, 'lr': 0.001, 'params': 1142102, 'time_iter': 12.3087, 'accuracy': 0.9635, 'precision': 0.5735, 'recall': 0.0982, 'f1': 0.1677, 'auc': 0.7957}
val: {'epoch': 16, 'loss': 0.0884, 'lr': 0.001, 'params': 1142102, 'time_iter': 1.9928, 'accuracy': 0.9771, 'precision': 0.3898, 'recall': 0.284, 'f1': 0.3286, 'auc': 0.7743}
train: {'epoch': 16, 'eta': 1056120.4979, 'loss': 0.1271, 'lr': 0.001, 'params': 1142102, 'time_iter': 12.5307, 'accuracy': 0.9641, 'precision': 0.6186, 'recall': 0.108, 'f1': 0.1838, 'auc': 0.798}
val: {'epoch': 17, 'loss': 0.0785, 'lr': 0.001, 'params': 1142102, 'time_iter': 2.1883, 'accuracy': 0.981, 'precision': 0.5556, 'recall': 0.1852, 'f1': 0.2778, 'auc': 0.789}
train: {'epoch': 17, 'eta': 1042672.8959, 'loss': 0.1256, 'lr': 0.001, 'params': 1142102, 'time_iter': 12.2114, 'accuracy': 0.9636, 'precision': 0.5685, 'recall': 0.1144, 'f1': 0.1905, 'auc': 0.7975}
val: {'epoch': 18, 'loss': 0.1327, 'lr': 0.001, 'params': 1142102, 'time_iter': 1.9996, 'accuracy': 0.957, 'precision': 0.2209, 'recall': 0.4691, 'f1': 0.3004, 'auc': 0.7996}
train: {'epoch': 18, 'eta': 1031257.1508, 'loss': 0.1251, 'lr': 0.001, 'params': 1142102, 'time_iter': 12.6535, 'accuracy': 0.964, 'precision': 0.6034, 'recall': 0.1161, 'f1': 0.1947, 'auc': 0.8048}
val: {'epoch': 19, 'loss': 0.0787, 'lr': 0.001, 'params': 1142102, 'time_iter': 1.9379, 'accuracy': 0.9801, 'precision': 0.4906, 'recall': 0.321, 'f1': 0.3881, 'auc': 0.8026}
train: {'epoch': 19, 'eta': 1019980.1805, 'loss': 0.1238, 'lr': 0.001, 'params': 1142102, 'time_iter': 12.7262, 'accuracy': 0.9643, 'precision': 0.6059, 'recall': 0.1323, 'f1': 0.2172, 'auc': 0.8073}
val: {'epoch': 20, 'loss': 0.0803, 'lr': 0.001, 'params': 1142102, 'time_iter': 2.1421, 'accuracy': 0.9793, 'precision': 0.4375, 'recall': 0.1728, 'f1': 0.2478, 'auc': 0.7725}
train: {'epoch': 20, 'eta': 1007328.4526, 'loss': 0.1233, 'lr': 0.001, 'params': 1142102, 'time_iter': 12.4158, 'accuracy': 0.9644, 'precision': 0.6111, 'recall': 0.1339, 'f1': 0.2197, 'auc': 0.8098}
val: {'epoch': 21, 'loss': 0.0801, 'lr': 0.001, 'params': 1142102, 'time_iter': 1.949, 'accuracy': 0.9805, 'precision': 0.5111, 'recall': 0.284, 'f1': 0.3651, 'auc': 0.8076}
train: {'epoch': 21, 'eta': 995282.4291, 'loss': 0.1234, 'lr': 0.001, 'params': 1142102, 'time_iter': 12.5849, 'accuracy': 0.9645, 'precision': 0.6143, 'recall': 0.1396, 'f1': 0.2275, 'auc': 0.8058}
val: {'epoch': 22, 'loss': 0.1257, 'lr': 0.001, 'params': 1142102, 'time_iter': 1.9901, 'accuracy': 0.9587, 'precision': 0.2201, 'recall': 0.4321, 'f1': 0.2917, 'auc': 0.7837}
train: {'epoch': 22, 'eta': 982231.4571, 'loss': 0.1231, 'lr': 0.001, 'params': 1142102, 'time_iter': 12.316, 'accuracy': 0.965, 'precision': 0.6491, 'recall': 0.1396, 'f1': 0.2298, 'auc': 0.8078}
val: {'epoch': 23, 'loss': 0.0754, 'lr': 0.001, 'params': 1142102, 'time_iter': 2.081, 'accuracy': 0.9823, 'precision': 0.587, 'recall': 0.3333, 'f1': 0.4252, 'auc': 0.8107}
train: {'epoch': 23, 'eta': 969137.6416, 'loss': 0.1214, 'lr': 0.001, 'params': 1142102, 'time_iter': 12.2932, 'accuracy': 0.9651, 'precision': 0.6543, 'recall': 0.1429, 'f1': 0.2345, 'auc': 0.816}
val: {'epoch': 24, 'loss': 0.0779, 'lr': 0.001, 'params': 1142102, 'time_iter': 2.7453, 'accuracy': 0.9796, 'precision': 0.4681, 'recall': 0.2716, 'f1': 0.3438, 'auc': 0.7943}
train: {'epoch': 24, 'eta': 956046.3945, 'loss': 0.1203, 'lr': 0.001, 'params': 1142102, 'time_iter': 12.2825, 'accuracy': 0.9651, 'precision': 0.6349, 'recall': 0.1623, 'f1': 0.2586, 'auc': 0.8218}
val: {'epoch': 25, 'loss': 0.0875, 'lr': 0.001, 'params': 1142102, 'time_iter': 1.9345, 'accuracy': 0.9769, 'precision': 0.4054, 'recall': 0.3704, 'f1': 0.3871, 'auc': 0.8114}
train: {'epoch': 25, 'eta': 941973.696, 'loss': 0.12, 'lr': 0.001, 'params': 1142102, 'time_iter': 11.9355, 'accuracy': 0.9655, 'precision': 0.6511, 'recall': 0.1696, 'f1': 0.2692, 'auc': 0.8188}
val: {'epoch': 26, 'loss': 0.0832, 'lr': 0.001, 'params': 1142102, 'time_iter': 2.0237, 'accuracy': 0.9793, 'precision': 0.4615, 'recall': 0.2963, 'f1': 0.3609, 'auc': 0.7765}
train: {'epoch': 26, 'eta': 929334.8849, 'loss': 0.1201, 'lr': 0.001, 'params': 1142102, 'time_iter': 12.4032, 'accuracy': 0.9659, 'precision': 0.673, 'recall': 0.1721, 'f1': 0.2741, 'auc': 0.8223}
val: {'epoch': 27, 'loss': 0.092, 'lr': 0.001, 'params': 1142102, 'time_iter': 2.1592, 'accuracy': 0.975, 'precision': 0.3429, 'recall': 0.2963, 'f1': 0.3179, 'auc': 0.7981}
train: {'epoch': 27, 'eta': 916226.8087, 'loss': 0.1185, 'lr': 0.001, 'params': 1142102, 'time_iter': 12.2292, 'accuracy': 0.9659, 'precision': 0.6589, 'recall': 0.1834, 'f1': 0.287, 'auc': 0.8264}
val: {'epoch': 28, 'loss': 0.0791, 'lr': 0.001, 'params': 1142102, 'time_iter': 1.9735, 'accuracy': 0.9801, 'precision': 0.4889, 'recall': 0.2716, 'f1': 0.3492, 'auc': 0.8083}
train: {'epoch': 28, 'eta': 903505.3984, 'loss': 0.1186, 'lr': 0.001, 'params': 1142102, 'time_iter': 12.3683, 'accuracy': 0.9659, 'precision': 0.6637, 'recall': 0.181, 'f1': 0.2844, 'auc': 0.826}
val: {'epoch': 29, 'loss': 0.0786, 'lr': 0.001, 'params': 1142102, 'time_iter': 2.0137, 'accuracy': 0.9815, 'precision': 0.549, 'recall': 0.3457, 'f1': 0.4242, 'auc': 0.7977}
train: {'epoch': 29, 'eta': 890519.3034, 'loss': 0.1184, 'lr': 0.001, 'params': 1142102, 'time_iter': 12.2582, 'accuracy': 0.9659, 'precision': 0.6599, 'recall': 0.1843, 'f1': 0.2881, 'auc': 0.8319}
val: {'epoch': 30, 'loss': 0.1049, 'lr': 0.001, 'params': 1142102, 'time_iter': 2.1006, 'accuracy': 0.9672, 'precision': 0.2589, 'recall': 0.358, 'f1': 0.3005, 'auc': 0.803}
train: {'epoch': 30, 'eta': 876864.0198, 'loss': 0.1169, 'lr': 0.001, 'params': 1142102, 'time_iter': 11.9556, 'accuracy': 0.9665, 'precision': 0.6748, 'recall': 0.2021, 'f1': 0.3111, 'auc': 0.8331}
val: {'epoch': 31, 'loss': 0.0879, 'lr': 0.001, 'params': 1142102, 'time_iter': 1.9109, 'accuracy': 0.9776, 'precision': 0.383, 'recall': 0.2222, 'f1': 0.2812, 'auc': 0.7845}
train: {'epoch': 31, 'eta': 863820.8545, 'loss': 0.1168, 'lr': 0.001, 'params': 1142102, 'time_iter': 12.1968, 'accuracy': 0.9661, 'precision': 0.6746, 'recall': 0.1851, 'f1': 0.2904, 'auc': 0.8332}
val: {'epoch': 32, 'loss': 0.0818, 'lr': 0.001, 'params': 1142102, 'time_iter': 2.0114, 'accuracy': 0.9786, 'precision': 0.3793, 'recall': 0.1358, 'f1': 0.2, 'auc': 0.8013}
train: {'epoch': 32, 'eta': 850313.204, 'loss': 0.1166, 'lr': 0.001, 'params': 1142102, 'time_iter': 11.9602, 'accuracy': 0.967, 'precision': 0.7059, 'recall': 0.2045, 'f1': 0.3172, 'auc': 0.8327}
val: {'epoch': 33, 'loss': 0.1039, 'lr': 0.001, 'params': 1142102, 'time_iter': 1.9063, 'accuracy': 0.9699, 'precision': 0.3063, 'recall': 0.4198, 'f1': 0.3542, 'auc': 0.798}
train: {'epoch': 33, 'eta': 837720.7254, 'loss': 0.1156, 'lr': 0.001, 'params': 1142102, 'time_iter': 12.383, 'accuracy': 0.9671, 'precision': 0.7005, 'recall': 0.2127, 'f1': 0.3263, 'auc': 0.835}
val: {'epoch': 34, 'loss': 0.0788, 'lr': 0.001, 'params': 1142102, 'time_iter': 2.3047, 'accuracy': 0.9788, 'precision': 0.4464, 'recall': 0.3086, 'f1': 0.365, 'auc': 0.8058}
train: {'epoch': 34, 'eta': 825123.2934, 'loss': 0.1155, 'lr': 0.001, 'params': 1142102, 'time_iter': 12.3849, 'accuracy': 0.967, 'precision': 0.6861, 'recall': 0.22, 'f1': 0.3331, 'auc': 0.8358}
val: {'epoch': 35, 'loss': 0.0818, 'lr': 0.001, 'params': 1142102, 'time_iter': 1.9767, 'accuracy': 0.9801, 'precision': 0.4918, 'recall': 0.3704, 'f1': 0.4225, 'auc': 0.7909}
train: {'epoch': 35, 'eta': 812987.0766, 'loss': 0.1144, 'lr': 0.001, 'params': 1142102, 'time_iter': 12.6415, 'accuracy': 0.9675, 'precision': 0.7106, 'recall': 0.2232, 'f1': 0.3397, 'auc': 0.8384}
val: {'epoch': 36, 'loss': 0.079, 'lr': 0.001, 'params': 1142102, 'time_iter': 1.9318, 'accuracy': 0.982, 'precision': 0.5854, 'recall': 0.2963, 'f1': 0.3934, 'auc': 0.7986}
train: {'epoch': 36, 'eta': 800880.7103, 'loss': 0.1138, 'lr': 0.001, 'params': 1142102, 'time_iter': 12.6854, 'accuracy': 0.9679, 'precision': 0.7273, 'recall': 0.2273, 'f1': 0.3463, 'auc': 0.8391}
val: {'epoch': 37, 'loss': 0.0789, 'lr': 0.001, 'params': 1142102, 'time_iter': 2.1196, 'accuracy': 0.9815, 'precision': 0.5472, 'recall': 0.358, 'f1': 0.4328, 'auc': 0.7974}
train: {'epoch': 37, 'eta': 788461.5758, 'loss': 0.1133, 'lr': 0.001, 'params': 1142102, 'time_iter': 12.5288, 'accuracy': 0.9672, 'precision': 0.691, 'recall': 0.2232, 'f1': 0.3374, 'auc': 0.8446}
val: {'epoch': 38, 'loss': 0.0772, 'lr': 0.001, 'params': 1142102, 'time_iter': 1.9584, 'accuracy': 0.9823, 'precision': 0.5769, 'recall': 0.3704, 'f1': 0.4511, 'auc': 0.798}
train: {'epoch': 38, 'eta': 775860.0561, 'loss': 0.1126, 'lr': 0.001, 'params': 1142102, 'time_iter': 12.4305, 'accuracy': 0.9675, 'precision': 0.6964, 'recall': 0.2346, 'f1': 0.3509, 'auc': 0.8459}
val: {'epoch': 39, 'loss': 0.0787, 'lr': 0.001, 'params': 1142102, 'time_iter': 1.9866, 'accuracy': 0.9815, 'precision': 0.5806, 'recall': 0.2222, 'f1': 0.3214, 'auc': 0.8043}
train: {'epoch': 39, 'eta': 763409.3248, 'loss': 0.1127, 'lr': 0.001, 'params': 1142102, 'time_iter': 12.5344, 'accuracy': 0.9678, 'precision': 0.7026, 'recall': 0.2435, 'f1': 0.3617, 'auc': 0.8448}
val: {'epoch': 40, 'loss': 0.0815, 'lr': 0.001, 'params': 1142102, 'time_iter': 2.0615, 'accuracy': 0.9798, 'precision': 0.4821, 'recall': 0.3333, 'f1': 0.3942, 'auc': 0.7929}
train: {'epoch': 40, 'eta': 750746.8552, 'loss': 0.113, 'lr': 0.001, 'params': 1142102, 'time_iter': 12.4061, 'accuracy': 0.9674, 'precision': 0.6899, 'recall': 0.233, 'f1': 0.3483, 'auc': 0.8429}
val: {'epoch': 41, 'loss': 0.0796, 'lr': 0.001, 'params': 1142102, 'time_iter': 2.2503, 'accuracy': 0.9805, 'precision': 0.5106, 'recall': 0.2963, 'f1': 0.375, 'auc': 0.7861}
train: {'epoch': 41, 'eta': 738307.5378, 'loss': 0.1114, 'lr': 0.001, 'params': 1142102, 'time_iter': 12.5666, 'accuracy': 0.968, 'precision': 0.7099, 'recall': 0.2443, 'f1': 0.3635, 'auc': 0.8525}
val: {'epoch': 42, 'loss': 0.0823, 'lr': 0.001, 'params': 1142102, 'time_iter': 1.9444, 'accuracy': 0.9808, 'precision': 0.55, 'recall': 0.1358, 'f1': 0.2178, 'auc': 0.7997}
train: {'epoch': 42, 'eta': 726003.0365, 'loss': 0.1122, 'lr': 0.001, 'params': 1142102, 'time_iter': 12.6822, 'accuracy': 0.9673, 'precision': 0.691, 'recall': 0.2305, 'f1': 0.3457, 'auc': 0.8484}
val: {'epoch': 43, 'loss': 0.0875, 'lr': 0.001, 'params': 1142102, 'time_iter': 1.9979, 'accuracy': 0.9771, 'precision': 0.411, 'recall': 0.3704, 'f1': 0.3896, 'auc': 0.7763}
train: {'epoch': 43, 'eta': 713429.2804, 'loss': 0.1103, 'lr': 0.001, 'params': 1142102, 'time_iter': 12.5025, 'accuracy': 0.9681, 'precision': 0.7056, 'recall': 0.2549, 'f1': 0.3745, 'auc': 0.8573}
val: {'epoch': 44, 'loss': 0.0836, 'lr': 0.001, 'params': 1142102, 'time_iter': 2.1336, 'accuracy': 0.981, 'precision': 0.5273, 'recall': 0.358, 'f1': 0.4265, 'auc': 0.7777}
train: {'epoch': 44, 'eta': 700860.5532, 'loss': 0.1106, 'lr': 0.001, 'params': 1142102, 'time_iter': 12.5168, 'accuracy': 0.9681, 'precision': 0.7113, 'recall': 0.25, 'f1': 0.37, 'auc': 0.8554}
val: {'epoch': 45, 'loss': 0.0951, 'lr': 0.001, 'params': 1142102, 'time_iter': 1.9843, 'accuracy': 0.9757, 'precision': 0.3061, 'recall': 0.1852, 'f1': 0.2308, 'auc': 0.7633}
train: {'epoch': 45, 'eta': 688140.0081, 'loss': 0.1098, 'lr': 0.001, 'params': 1142102, 'time_iter': 12.4023, 'accuracy': 0.9686, 'precision': 0.7236, 'recall': 0.2614, 'f1': 0.384, 'auc': 0.8547}
val: {'epoch': 46, 'loss': 0.0801, 'lr': 0.001, 'params': 1142102, 'time_iter': 2.0101, 'accuracy': 0.9823, 'precision': 0.7, 'recall': 0.1728, 'f1': 0.2772, 'auc': 0.797}
train: {'epoch': 46, 'eta': 675593.8284, 'loss': 0.1094, 'lr': 0.001, 'params': 1142102, 'time_iter': 12.5541, 'accuracy': 0.9684, 'precision': 0.7146, 'recall': 0.2581, 'f1': 0.3792, 'auc': 0.8587}
val: {'epoch': 47, 'loss': 0.0822, 'lr': 0.001, 'params': 1142102, 'time_iter': 2.0916, 'accuracy': 0.9774, 'precision': 0.3571, 'recall': 0.1852, 'f1': 0.2439, 'auc': 0.7949}
train: {'epoch': 47, 'eta': 662879.6979, 'loss': 0.1085, 'lr': 0.001, 'params': 1142102, 'time_iter': 12.4173, 'accuracy': 0.9685, 'precision': 0.7137, 'recall': 0.267, 'f1': 0.3887, 'auc': 0.8623}
val: {'epoch': 48, 'loss': 0.0805, 'lr': 0.001, 'params': 1142102, 'time_iter': 2.5493, 'accuracy': 0.982, 'precision': 0.6296, 'recall': 0.2099, 'f1': 0.3148, 'auc': 0.7963}
train: {'epoch': 48, 'eta': 650459.9747, 'loss': 0.1092, 'lr': 0.001, 'params': 1142102, 'time_iter': 12.6946, 'accuracy': 0.969, 'precision': 0.7477, 'recall': 0.2597, 'f1': 0.3855, 'auc': 0.8635}
val: {'epoch': 49, 'loss': 0.0901, 'lr': 0.001, 'params': 1142102, 'time_iter': 1.9557, 'accuracy': 0.9752, 'precision': 0.322, 'recall': 0.2346, 'f1': 0.2714, 'auc': 0.7863}
train: {'epoch': 49, 'eta': 637868.4579, 'loss': 0.1065, 'lr': 0.001, 'params': 1142102, 'time_iter': 12.5527, 'accuracy': 0.9698, 'precision': 0.749, 'recall': 0.2906, 'f1': 0.4187, 'auc': 0.8673}
val: {'epoch': 50, 'loss': 0.0776, 'lr': 0.001, 'params': 1142102, 'time_iter': 1.9072, 'accuracy': 0.9796, 'precision': 0.4681, 'recall': 0.2716, 'f1': 0.3438, 'auc': 0.8047}
train: {'epoch': 50, 'eta': 624803.9563, 'loss': 0.1065, 'lr': 0.001, 'params': 1142102, 'time_iter': 12.0872, 'accuracy': 0.9689, 'precision': 0.7431, 'recall': 0.2606, 'f1': 0.3858, 'auc': 0.8676}
val: {'epoch': 51, 'loss': 0.0859, 'lr': 0.001, 'params': 1142102, 'time_iter': 2.2016, 'accuracy': 0.9767, 'precision': 0.3913, 'recall': 0.3333, 'f1': 0.36, 'auc': 0.7975}
train: {'epoch': 51, 'eta': 611866.8234, 'loss': 0.1059, 'lr': 0.001, 'params': 1142102, 'time_iter': 12.1959, 'accuracy': 0.9691, 'precision': 0.7333, 'recall': 0.2768, 'f1': 0.4019, 'auc': 0.8689}
val: {'epoch': 52, 'loss': 0.0904, 'lr': 0.001, 'params': 1142102, 'time_iter': 1.9183, 'accuracy': 0.975, 'precision': 0.3472, 'recall': 0.3086, 'f1': 0.3268, 'auc': 0.7927}
train: {'epoch': 52, 'eta': 599115.4894, 'loss': 0.1068, 'lr': 0.001, 'params': 1142102, 'time_iter': 12.3835, 'accuracy': 0.9696, 'precision': 0.7411, 'recall': 0.2881, 'f1': 0.415, 'auc': 0.866}
val: {'epoch': 53, 'loss': 0.0786, 'lr': 0.001, 'params': 1142102, 'time_iter': 1.9675, 'accuracy': 0.9813, 'precision': 0.5625, 'recall': 0.2222, 'f1': 0.3186, 'auc': 0.7918}
train: {'epoch': 53, 'eta': 586024.4519, 'loss': 0.1075, 'lr': 0.001, 'params': 1142102, 'time_iter': 11.9956, 'accuracy': 0.9685, 'precision': 0.7076, 'recall': 0.2711, 'f1': 0.392, 'auc': 0.8675}
val: {'epoch': 54, 'loss': 0.0842, 'lr': 0.001, 'params': 1142102, 'time_iter': 2.023, 'accuracy': 0.9779, 'precision': 0.4306, 'recall': 0.3827, 'f1': 0.4052, 'auc': 0.8005}
train: {'epoch': 54, 'eta': 573319.1005, 'loss': 0.1054, 'lr': 0.001, 'params': 1142102, 'time_iter': 12.4214, 'accuracy': 0.9689, 'precision': 0.7209, 'recall': 0.2768, 'f1': 0.4, 'auc': 0.8727}
val: {'epoch': 55, 'loss': 0.0897, 'lr': 0.001, 'params': 1142102, 'time_iter': 1.9425, 'accuracy': 0.9754, 'precision': 0.3485, 'recall': 0.284, 'f1': 0.3129, 'auc': 0.7926}
train: {'epoch': 55, 'eta': 560590.5622, 'loss': 0.1045, 'lr': 0.001, 'params': 1142102, 'time_iter': 12.3961, 'accuracy': 0.97, 'precision': 0.7411, 'recall': 0.3044, 'f1': 0.4315, 'auc': 0.8718}
val: {'epoch': 56, 'loss': 0.0947, 'lr': 0.001, 'params': 1142102, 'time_iter': 1.93, 'accuracy': 0.974, 'precision': 0.3289, 'recall': 0.3086, 'f1': 0.3185, 'auc': 0.8034}
train: {'epoch': 56, 'eta': 547592.2231, 'loss': 0.1041, 'lr': 0.001, 'params': 1142102, 'time_iter': 12.0497, 'accuracy': 0.9704, 'precision': 0.7457, 'recall': 0.3166, 'f1': 0.4444, 'auc': 0.8748}
val: {'epoch': 57, 'loss': 0.0824, 'lr': 0.001, 'params': 1142102, 'time_iter': 1.9906, 'accuracy': 0.9798, 'precision': 0.475, 'recall': 0.2346, 'f1': 0.314, 'auc': 0.7943}
train: {'epoch': 57, 'eta': 534472.726, 'loss': 0.1043, 'lr': 0.001, 'params': 1142102, 'time_iter': 11.8594, 'accuracy': 0.9695, 'precision': 0.7258, 'recall': 0.2987, 'f1': 0.4232, 'auc': 0.8769}
val: {'epoch': 58, 'loss': 0.0944, 'lr': 0.001, 'params': 1142102, 'time_iter': 2.4121, 'accuracy': 0.9735, 'precision': 0.325, 'recall': 0.321, 'f1': 0.323, 'auc': 0.7887}
train: {'epoch': 58, 'eta': 521619.4637, 'loss': 0.103, 'lr': 0.001, 'params': 1142102, 'time_iter': 12.1883, 'accuracy': 0.9702, 'precision': 0.7495, 'recall': 0.3084, 'f1': 0.437, 'auc': 0.8784}
val: {'epoch': 59, 'loss': 0.091, 'lr': 0.001, 'params': 1142102, 'time_iter': 1.9387, 'accuracy': 0.9771, 'precision': 0.4, 'recall': 0.321, 'f1': 0.3562, 'auc': 0.7916}
train: {'epoch': 59, 'eta': 508944.9037, 'loss': 0.1036, 'lr': 0.001, 'params': 1142102, 'time_iter': 12.4336, 'accuracy': 0.9694, 'precision': 0.7196, 'recall': 0.2979, 'f1': 0.4214, 'auc': 0.8812}
val: {'epoch': 60, 'loss': 0.0857, 'lr': 0.001, 'params': 1142102, 'time_iter': 1.9129, 'accuracy': 0.9786, 'precision': 0.4146, 'recall': 0.2099, 'f1': 0.2787, 'auc': 0.7854}
train: {'epoch': 60, 'eta': 496330.8194, 'loss': 0.103, 'lr': 0.001, 'params': 1142102, 'time_iter': 12.5315, 'accuracy': 0.9705, 'precision': 0.7583, 'recall': 0.3133, 'f1': 0.4434, 'auc': 0.8793}
val: {'epoch': 61, 'loss': 0.0816, 'lr': 0.001, 'params': 1142102, 'time_iter': 2.1607, 'accuracy': 0.9762, 'precision': 0.3607, 'recall': 0.2716, 'f1': 0.3099, 'auc': 0.8222}
train: {'epoch': 61, 'eta': 483437.2513, 'loss': 0.1034, 'lr': 0.001, 'params': 1142102, 'time_iter': 12.1028, 'accuracy': 0.9695, 'precision': 0.725, 'recall': 0.2995, 'f1': 0.4239, 'auc': 0.8773}
val: {'epoch': 62, 'loss': 0.0839, 'lr': 0.001, 'params': 1142102, 'time_iter': 1.9071, 'accuracy': 0.9803, 'precision': 0.5, 'recall': 0.284, 'f1': 0.3622, 'auc': 0.7683}
train: {'epoch': 62, 'eta': 470719.3444, 'loss': 0.102, 'lr': 0.001, 'params': 1142102, 'time_iter': 12.3703, 'accuracy': 0.9705, 'precision': 0.7579, 'recall': 0.3125, 'f1': 0.4425, 'auc': 0.8834}
val: {'epoch': 63, 'loss': 0.0884, 'lr': 0.001, 'params': 1142102, 'time_iter': 2.0123, 'accuracy': 0.9788, 'precision': 0.4625, 'recall': 0.4568, 'f1': 0.4596, 'auc': 0.8027}
train: {'epoch': 63, 'eta': 458176.0006, 'loss': 0.1013, 'lr': 0.001, 'params': 1142102, 'time_iter': 12.6725, 'accuracy': 0.9711, 'precision': 0.7823, 'recall': 0.3149, 'f1': 0.4491, 'auc': 0.8822}
val: {'epoch': 64, 'loss': 0.0819, 'lr': 0.001, 'params': 1142102, 'time_iter': 1.9755, 'accuracy': 0.9791, 'precision': 0.439, 'recall': 0.2222, 'f1': 0.2951, 'auc': 0.8052}
train: {'epoch': 64, 'eta': 445542.2077, 'loss': 0.102, 'lr': 0.001, 'params': 1142102, 'time_iter': 12.5368, 'accuracy': 0.9703, 'precision': 0.7379, 'recall': 0.3222, 'f1': 0.4486, 'auc': 0.8855}
val: {'epoch': 65, 'loss': 0.0798, 'lr': 0.001, 'params': 1142102, 'time_iter': 2.383, 'accuracy': 0.982, 'precision': 0.64, 'recall': 0.1975, 'f1': 0.3019, 'auc': 0.8062}
train: {'epoch': 65, 'eta': 433018.0466, 'loss': 0.1004, 'lr': 0.001, 'params': 1142102, 'time_iter': 12.7589, 'accuracy': 0.9706, 'precision': 0.7505, 'recall': 0.3222, 'f1': 0.4509, 'auc': 0.8864}
val: {'epoch': 66, 'loss': 0.0972, 'lr': 0.001, 'params': 1142102, 'time_iter': 1.9286, 'accuracy': 0.9735, 'precision': 0.3478, 'recall': 0.3951, 'f1': 0.3699, 'auc': 0.8046}
train: {'epoch': 66, 'eta': 420516.7483, 'loss': 0.1004, 'lr': 0.001, 'params': 1142102, 'time_iter': 12.8396, 'accuracy': 0.971, 'precision': 0.7593, 'recall': 0.3304, 'f1': 0.4604, 'auc': 0.888}
val: {'epoch': 67, 'loss': 0.0837, 'lr': 0.001, 'params': 1142102, 'time_iter': 1.9295, 'accuracy': 0.9793, 'precision': 0.46, 'recall': 0.284, 'f1': 0.3511, 'auc': 0.8102}
train: {'epoch': 67, 'eta': 407832.7506, 'loss': 0.1001, 'lr': 0.001, 'params': 1142102, 'time_iter': 12.5055, 'accuracy': 0.9708, 'precision': 0.7538, 'recall': 0.3255, 'f1': 0.4546, 'auc': 0.8883}
val: {'epoch': 68, 'loss': 0.0844, 'lr': 0.001, 'params': 1142102, 'time_iter': 2.1558, 'accuracy': 0.9784, 'precision': 0.4394, 'recall': 0.358, 'f1': 0.3946, 'auc': 0.8156}
train: {'epoch': 68, 'eta': 395154.7101, 'loss': 0.0995, 'lr': 0.001, 'params': 1142102, 'time_iter': 12.5299, 'accuracy': 0.9709, 'precision': 0.7634, 'recall': 0.3247, 'f1': 0.4556, 'auc': 0.8901}
val: {'epoch': 69, 'loss': 0.0826, 'lr': 0.001, 'params': 1142102, 'time_iter': 1.9873, 'accuracy': 0.9803, 'precision': 0.5, 'recall': 0.2593, 'f1': 0.3415, 'auc': 0.8}
train: {'epoch': 69, 'eta': 382355.3585, 'loss': 0.0986, 'lr': 0.001, 'params': 1142102, 'time_iter': 12.2688, 'accuracy': 0.9712, 'precision': 0.7531, 'recall': 0.3417, 'f1': 0.4701, 'auc': 0.8933}
val: {'epoch': 70, 'loss': 0.08, 'lr': 0.001, 'params': 1142102, 'time_iter': 1.9442, 'accuracy': 0.9803, 'precision': 0.5, 'recall': 0.2469, 'f1': 0.3306, 'auc': 0.7956}
train: {'epoch': 70, 'eta': 369641.024, 'loss': 0.0994, 'lr': 0.001, 'params': 1142102, 'time_iter': 12.4594, 'accuracy': 0.9703, 'precision': 0.7457, 'recall': 0.3141, 'f1': 0.442, 'auc': 0.8939}
val: {'epoch': 71, 'loss': 0.0805, 'lr': 0.001, 'params': 1142102, 'time_iter': 2.1401, 'accuracy': 0.9788, 'precision': 0.44, 'recall': 0.2716, 'f1': 0.3359, 'auc': 0.8168}
train: {'epoch': 71, 'eta': 356886.2715, 'loss': 0.0986, 'lr': 0.001, 'params': 1142102, 'time_iter': 12.3658, 'accuracy': 0.9707, 'precision': 0.7436, 'recall': 0.332, 'f1': 0.459, 'auc': 0.8933}
val: {'epoch': 72, 'loss': 0.0871, 'lr': 0.001, 'params': 1142102, 'time_iter': 2.3961, 'accuracy': 0.9808, 'precision': 0.5294, 'recall': 0.2222, 'f1': 0.313, 'auc': 0.7975}
train: {'epoch': 72, 'eta': 344227.9551, 'loss': 0.0984, 'lr': 0.001, 'params': 1142102, 'time_iter': 12.617, 'accuracy': 0.9713, 'precision': 0.7553, 'recall': 0.3458, 'f1': 0.4744, 'auc': 0.8928}
val: {'epoch': 73, 'loss': 0.0976, 'lr': 0.001, 'params': 1142102, 'time_iter': 1.9958, 'accuracy': 0.9713, 'precision': 0.3168, 'recall': 0.3951, 'f1': 0.3516, 'auc': 0.8155}
train: {'epoch': 73, 'eta': 331550.4418, 'loss': 0.0981, 'lr': 0.001, 'params': 1142102, 'time_iter': 12.5881, 'accuracy': 0.9716, 'precision': 0.7749, 'recall': 0.3409, 'f1': 0.4735, 'auc': 0.8946}
val: {'epoch': 74, 'loss': 0.0863, 'lr': 0.001, 'params': 1142102, 'time_iter': 1.9554, 'accuracy': 0.9791, 'precision': 0.4444, 'recall': 0.2469, 'f1': 0.3175, 'auc': 0.8053}
train: {'epoch': 74, 'eta': 318896.9384, 'loss': 0.0977, 'lr': 0.001, 'params': 1142102, 'time_iter': 12.6795, 'accuracy': 0.9712, 'precision': 0.755, 'recall': 0.3401, 'f1': 0.4689, 'auc': 0.8991}
val: {'epoch': 75, 'loss': 0.0869, 'lr': 0.001, 'params': 1142102, 'time_iter': 2.2692, 'accuracy': 0.9798, 'precision': 0.475, 'recall': 0.2346, 'f1': 0.314, 'auc': 0.7908}
train: {'epoch': 75, 'eta': 306181.2919, 'loss': 0.0977, 'lr': 0.001, 'params': 1142102, 'time_iter': 12.5202, 'accuracy': 0.9716, 'precision': 0.777, 'recall': 0.3393, 'f1': 0.4723, 'auc': 0.8962}
val: {'epoch': 76, 'loss': 0.0824, 'lr': 0.001, 'params': 1142102, 'time_iter': 2.0383, 'accuracy': 0.9791, 'precision': 0.4528, 'recall': 0.2963, 'f1': 0.3582, 'auc': 0.8009}
train: {'epoch': 76, 'eta': 293495.0768, 'loss': 0.0978, 'lr': 0.001, 'params': 1142102, 'time_iter': 12.6301, 'accuracy': 0.9711, 'precision': 0.7642, 'recall': 0.3287, 'f1': 0.4597, 'auc': 0.8966}
val: {'epoch': 77, 'loss': 0.094, 'lr': 0.001, 'params': 1142102, 'time_iter': 1.9895, 'accuracy': 0.982, 'precision': 0.7692, 'recall': 0.1235, 'f1': 0.2128, 'auc': 0.8074}
train: {'epoch': 77, 'eta': 280692.2314, 'loss': 0.0964, 'lr': 0.001, 'params': 1142102, 'time_iter': 12.2557, 'accuracy': 0.9719, 'precision': 0.7732, 'recall': 0.3515, 'f1': 0.4833, 'auc': 0.9015}
val: {'epoch': 78, 'loss': 0.083, 'lr': 0.001, 'params': 1142102, 'time_iter': 2.1047, 'accuracy': 0.9813, 'precision': 0.5769, 'recall': 0.1852, 'f1': 0.2804, 'auc': 0.8174}
train: {'epoch': 78, 'eta': 267918.8938, 'loss': 0.096, 'lr': 0.001, 'params': 1142102, 'time_iter': 12.3458, 'accuracy': 0.9713, 'precision': 0.7509, 'recall': 0.3498, 'f1': 0.4773, 'auc': 0.9048}
val: {'epoch': 79, 'loss': 0.0859, 'lr': 0.001, 'params': 1142102, 'time_iter': 1.9692, 'accuracy': 0.981, 'precision': 0.5714, 'recall': 0.1481, 'f1': 0.2353, 'auc': 0.7961}
train: {'epoch': 79, 'eta': 255188.8235, 'loss': 0.0944, 'lr': 0.001, 'params': 1142102, 'time_iter': 12.5072, 'accuracy': 0.9717, 'precision': 0.7599, 'recall': 0.3571, 'f1': 0.4859, 'auc': 0.9059}
val: {'epoch': 80, 'loss': 0.0855, 'lr': 0.001, 'params': 1142102, 'time_iter': 1.8908, 'accuracy': 0.9801, 'precision': 0.4884, 'recall': 0.2593, 'f1': 0.3387, 'auc': 0.8053}
train: {'epoch': 80, 'eta': 242446.0387, 'loss': 0.0965, 'lr': 0.001, 'params': 1142102, 'time_iter': 12.4689, 'accuracy': 0.971, 'precision': 0.7478, 'recall': 0.3417, 'f1': 0.4691, 'auc': 0.9004}
val: {'epoch': 81, 'loss': 0.0877, 'lr': 0.001, 'params': 1142102, 'time_iter': 2.0185, 'accuracy': 0.9776, 'precision': 0.4035, 'recall': 0.284, 'f1': 0.3333, 'auc': 0.795}
train: {'epoch': 81, 'eta': 229685.2848, 'loss': 0.0954, 'lr': 0.001, 'params': 1142102, 'time_iter': 12.3988, 'accuracy': 0.9719, 'precision': 0.7675, 'recall': 0.3563, 'f1': 0.4867, 'auc': 0.9042}
val: {'epoch': 82, 'loss': 0.0923, 'lr': 0.001, 'params': 1142102, 'time_iter': 2.1669, 'accuracy': 0.9786, 'precision': 0.4222, 'recall': 0.2346, 'f1': 0.3016, 'auc': 0.8102}
train: {'epoch': 82, 'eta': 216925.6282, 'loss': 0.0938, 'lr': 0.001, 'params': 1142102, 'time_iter': 12.4037, 'accuracy': 0.9723, 'precision': 0.7815, 'recall': 0.3628, 'f1': 0.4956, 'auc': 0.9081}
val: {'epoch': 83, 'loss': 0.093, 'lr': 0.001, 'params': 1142102, 'time_iter': 1.8975, 'accuracy': 0.9784, 'precision': 0.4231, 'recall': 0.2716, 'f1': 0.3308, 'auc': 0.8009}
train: {'epoch': 83, 'eta': 204268.9234, 'loss': 0.0938, 'lr': 0.001, 'params': 1142102, 'time_iter': 12.9294, 'accuracy': 0.9725, 'precision': 0.7894, 'recall': 0.362, 'f1': 0.4964, 'auc': 0.9087}
val: {'epoch': 84, 'loss': 0.0889, 'lr': 0.001, 'params': 1142102, 'time_iter': 1.9401, 'accuracy': 0.9786, 'precision': 0.434, 'recall': 0.284, 'f1': 0.3433, 'auc': 0.8237}
train: {'epoch': 84, 'eta': 191554.5623, 'loss': 0.0936, 'lr': 0.001, 'params': 1142102, 'time_iter': 12.6958, 'accuracy': 0.9723, 'precision': 0.7793, 'recall': 0.3612, 'f1': 0.4936, 'auc': 0.9111}
val: {'epoch': 85, 'loss': 0.0858, 'lr': 0.001, 'params': 1142102, 'time_iter': 2.0797, 'accuracy': 0.9825, 'precision': 0.6957, 'recall': 0.1975, 'f1': 0.3077, 'auc': 0.8068}
train: {'epoch': 85, 'eta': 178803.0465, 'loss': 0.0934, 'lr': 0.001, 'params': 1142102, 'time_iter': 12.5226, 'accuracy': 0.972, 'precision': 0.7558, 'recall': 0.3718, 'f1': 0.4984, 'auc': 0.9104}
val: {'epoch': 86, 'loss': 0.0937, 'lr': 0.001, 'params': 1142102, 'time_iter': 1.9195, 'accuracy': 0.9786, 'precision': 0.4103, 'recall': 0.1975, 'f1': 0.2667, 'auc': 0.7936}
train: {'epoch': 86, 'eta': 166084.6705, 'loss': 0.0933, 'lr': 0.001, 'params': 1142102, 'time_iter': 12.7582, 'accuracy': 0.9718, 'precision': 0.758, 'recall': 0.3636, 'f1': 0.4915, 'auc': 0.9122}
val: {'epoch': 87, 'loss': 0.0866, 'lr': 0.001, 'params': 1142102, 'time_iter': 2.1001, 'accuracy': 0.981, 'precision': 0.5385, 'recall': 0.2593, 'f1': 0.35, 'auc': 0.8114}
train: {'epoch': 87, 'eta': 153271.1902, 'loss': 0.0929, 'lr': 0.001, 'params': 1142102, 'time_iter': 12.1468, 'accuracy': 0.9728, 'precision': 0.7761, 'recall': 0.3856, 'f1': 0.5152, 'auc': 0.911}
val: {'epoch': 88, 'loss': 0.1064, 'lr': 0.001, 'params': 1142102, 'time_iter': 1.9748, 'accuracy': 0.9699, 'precision': 0.2688, 'recall': 0.3086, 'f1': 0.2874, 'auc': 0.8079}
train: {'epoch': 88, 'eta': 140505.0508, 'loss': 0.0916, 'lr': 0.001, 'params': 1142102, 'time_iter': 12.4634, 'accuracy': 0.9726, 'precision': 0.7704, 'recall': 0.3839, 'f1': 0.5125, 'auc': 0.9169}
val: {'epoch': 89, 'loss': 0.0857, 'lr': 0.001, 'params': 1142102, 'time_iter': 2.2305, 'accuracy': 0.9818, 'precision': 0.6071, 'recall': 0.2099, 'f1': 0.3119, 'auc': 0.8116}
train: {'epoch': 89, 'eta': 127748.2218, 'loss': 0.0913, 'lr': 0.001, 'params': 1142102, 'time_iter': 12.5563, 'accuracy': 0.9721, 'precision': 0.7643, 'recall': 0.3685, 'f1': 0.4973, 'auc': 0.9186}
val: {'epoch': 90, 'loss': 0.0927, 'lr': 0.001, 'params': 1142102, 'time_iter': 1.898, 'accuracy': 0.982, 'precision': 0.7059, 'recall': 0.1481, 'f1': 0.2449, 'auc': 0.8128}
train: {'epoch': 90, 'eta': 114973.1409, 'loss': 0.0904, 'lr': 0.001, 'params': 1142102, 'time_iter': 12.4123, 'accuracy': 0.9723, 'precision': 0.764, 'recall': 0.3758, 'f1': 0.5038, 'auc': 0.9185}
val: {'epoch': 91, 'loss': 0.0923, 'lr': 0.001, 'params': 1142102, 'time_iter': 1.9673, 'accuracy': 0.9771, 'precision': 0.3725, 'recall': 0.2346, 'f1': 0.2879, 'auc': 0.8179}
train: {'epoch': 91, 'eta': 102211.265, 'loss': 0.091, 'lr': 0.001, 'params': 1142102, 'time_iter': 12.5591, 'accuracy': 0.9728, 'precision': 0.7819, 'recall': 0.3782, 'f1': 0.5098, 'auc': 0.915}
val: {'epoch': 92, 'loss': 0.0843, 'lr': 0.001, 'params': 1142102, 'time_iter': 2.0918, 'accuracy': 0.981, 'precision': 0.5366, 'recall': 0.2716, 'f1': 0.3607, 'auc': 0.8257}
train: {'epoch': 92, 'eta': 89433.5171, 'loss': 0.091, 'lr': 0.001, 'params': 1142102, 'time_iter': 12.399, 'accuracy': 0.9724, 'precision': 0.7761, 'recall': 0.3685, 'f1': 0.4997, 'auc': 0.9148}
val: {'epoch': 93, 'loss': 0.0851, 'lr': 0.001, 'params': 1142102, 'time_iter': 1.9201, 'accuracy': 0.9823, 'precision': 0.6053, 'recall': 0.284, 'f1': 0.3866, 'auc': 0.804}
train: {'epoch': 93, 'eta': 76683.5098, 'loss': 0.0895, 'lr': 0.001, 'params': 1142102, 'time_iter': 12.8152, 'accuracy': 0.9721, 'precision': 0.7578, 'recall': 0.3758, 'f1': 0.5024, 'auc': 0.9209}
val: {'epoch': 94, 'loss': 0.0844, 'lr': 0.001, 'params': 1142102, 'time_iter': 1.9293, 'accuracy': 0.9813, 'precision': 0.5556, 'recall': 0.2469, 'f1': 0.3419, 'auc': 0.8195}
train: {'epoch': 94, 'eta': 63916.6271, 'loss': 0.0909, 'lr': 0.001, 'params': 1142102, 'time_iter': 12.6734, 'accuracy': 0.9723, 'precision': 0.7544, 'recall': 0.3864, 'f1': 0.511, 'auc': 0.9174}
val: {'epoch': 95, 'loss': 0.0787, 'lr': 0.001, 'params': 1142102, 'time_iter': 1.9896, 'accuracy': 0.9815, 'precision': 0.5676, 'recall': 0.2593, 'f1': 0.3559, 'auc': 0.8292}
train: {'epoch': 95, 'eta': 51143.9887, 'loss': 0.0887, 'lr': 0.001, 'params': 1142102, 'time_iter': 12.6723, 'accuracy': 0.9733, 'precision': 0.7818, 'recall': 0.3985, 'f1': 0.528, 'auc': 0.9222}
val: {'epoch': 96, 'loss': 0.0862, 'lr': 0.001, 'params': 1142102, 'time_iter': 2.3078, 'accuracy': 0.9818, 'precision': 0.5882, 'recall': 0.2469, 'f1': 0.3478, 'auc': 0.8191}
train: {'epoch': 96, 'eta': 38371.617, 'loss': 0.0889, 'lr': 0.001, 'params': 1142102, 'time_iter': 12.8538, 'accuracy': 0.973, 'precision': 0.7701, 'recall': 0.3969, 'f1': 0.5238, 'auc': 0.9233}
val: {'epoch': 97, 'loss': 0.0926, 'lr': 0.001, 'params': 1142102, 'time_iter': 1.9552, 'accuracy': 0.9798, 'precision': 0.4737, 'recall': 0.2222, 'f1': 0.3025, 'auc': 0.8062}
train: {'epoch': 97, 'eta': 25586.0951, 'loss': 0.0882, 'lr': 0.001, 'params': 1142102, 'time_iter': 12.669, 'accuracy': 0.9736, 'precision': 0.7951, 'recall': 0.3969, 'f1': 0.5295, 'auc': 0.9232}
val: {'epoch': 98, 'loss': 0.0875, 'lr': 0.001, 'params': 1142102, 'time_iter': 1.9248, 'accuracy': 0.9813, 'precision': 0.5667, 'recall': 0.2099, 'f1': 0.3063, 'auc': 0.8063}
train: {'epoch': 98, 'eta': 12793.7126, 'loss': 0.09, 'lr': 0.001, 'params': 1142102, 'time_iter': 12.4965, 'accuracy': 0.9729, 'precision': 0.7769, 'recall': 0.3872, 'f1': 0.5168, 'auc': 0.9202}
val: {'epoch': 99, 'loss': 0.0895, 'lr': 0.001, 'params': 1142102, 'time_iter': 2.0196, 'accuracy': 0.9803, 'precision': 0.5, 'recall': 0.284, 'f1': 0.3622, 'auc': 0.8033}
train: {'epoch': 99, 'eta': 0.0, 'loss': 0.0869, 'lr': 0.001, 'params': 1142102, 'time_iter': 12.3066, 'accuracy': 0.9738, 'precision': 0.7946, 'recall': 0.405, 'f1': 0.5366, 'auc': 0.9275}
test: {'epoch': 99, 'loss': 0.1515, 'lr': 0.001, 'params': 1142102, 'time_iter': 1.9214, 'accuracy': 0.9711, 'precision': 0.6078, 'recall': 0.2385, 'f1': 0.3425, 'auc': 0.7816}
test: {'epoch': 95, 'loss': 0.1407, 'lr': 0.001, 'params': 1142102, 'time_iter': 1.8443, 'accuracy': 0.972, 'precision': 0.6923, 'recall': 0.2077, 'f1': 0.3195, 'auc': 0.772}
