GraphGymModule(
  (model): DilatedGNNModel(
    (encoder): FeatureEncoder(
      (node_encoder): AtomEncoder(
        (atom_embedding_list): ModuleList(
          (0): Embedding(119, 300)
          (1): Embedding(4, 300)
          (2): Embedding(12, 300)
          (3): Embedding(12, 300)
          (4): Embedding(10, 300)
          (5): Embedding(6, 300)
          (6): Embedding(6, 300)
          (7): Embedding(2, 300)
          (8): Embedding(2, 300)
        )
      )
      (edge_encoder): BondEncoder(
        (bond_embedding_list): ModuleList(
          (0): Embedding(5, 300)
          (1): Embedding(6, 300)
          (2): Embedding(2, 300)
        )
      )
    )
    (mp): GNNDilatedStage(
      (classic_layers): ModuleList(
        (0): GeneralLayer(
          (layer): EGATConv(
            (model): GATConv(300, 300, heads=1)
          )
          (post_layer): Sequential(
            (0): BatchNorm1d(300, eps=1e-05, momentum=0.1, affine=True, track_running_stats=True)
            (1): Dropout(p=0.5, inplace=False)
            (2): ReLU()
          )
        )
        (1): GeneralLayer(
          (layer): EGATConv(
            (model): GATConv(300, 300, heads=1)
          )
          (post_layer): Sequential(
            (0): BatchNorm1d(300, eps=1e-05, momentum=0.1, affine=True, track_running_stats=True)
            (1): Dropout(p=0.5, inplace=False)
            (2): ReLU()
          )
        )
      )
      (dilated_layers): ModuleList(
        (0): DilatedGeneralLayer(
          (layer): EGATConv(
            (model): GATConv(300, 300, heads=1)
          )
          (post_layer): Sequential(
            (0): BatchNorm1d(300, eps=1e-05, momentum=0.1, affine=True, track_running_stats=True)
            (1): Dropout(p=0.5, inplace=False)
            (2): ReLU()
          )
          (gem): GeM(p=3.0000, eps=1e-06)
        )
      )
      (act): ReLU()
    )
    (post_mp): GNNGraphHead(
      (layer_post_mp): MLP(
        (model): Sequential(
          (0): Linear(
            (model): Linear(300, 1, bias=True)
          )
        )
      )
    )
  )
)
accelerator: cuda
benchmark: False
bn:
  eps: 1e-05
  mom: 0.1
cfg_dest: config.yaml
custom_metrics: []
dataset:
  cache_load: False
  cache_save: False
  dir: ./datasets
  edge_dim: 300
  edge_encoder: True
  edge_encoder_bn: False
  edge_encoder_name: Bond
  edge_message_ratio: 0.8
  edge_negative_sampling_ratio: 1.0
  edge_train_mode: all
  encoder: True
  encoder_bn: True
  encoder_dim: 128
  encoder_name: db
  fast_loader: False
  format: OGB
  label_column: none
  label_table: none
  location: local
  name: ogbg-molhiv
  node_encoder: True
  node_encoder_bn: False
  node_encoder_name: Atom
  remove_feature: False
  resample_disjoint: False
  resample_negative: False
  shuffle_split: True
  split: [0.8, 0.1, 0.1]
  split_mode: random
  task: graph
  task_type: classification
  to_undirected: False
  transductive: False
  transform: none
  tu_simple: True
devices: 1
gnn:
  act: relu
  act_on_last_layer_mp: False
  agg: none
  att_final_linear: False
  att_final_linear_bn: False
  att_heads: 1
  batchnorm: True
  clear_feature: True
  dilated_path_join: add
  dim_inner: 300
  dropout: 0.5
  head: graph
  keep_edge: 0.5
  l2norm: True
  layer_type: egatconv
  layers_k1: 2
  layers_k2: 1
  layers_mp: 5
  layers_post_mp: 1
  layers_pre_mp: 0
  learn_alpha_residual_connection: False
  msg_direction: single
  normalize_adj: False
  self_msg: concat
  skip_every: 1
  stage_type: stack
  use_edge_features: True
gpu_mem: False
mem:
  inplace: False
metric_agg: argmax
metric_best: auc
model:
  edge_decoding: dot
  graph_pooling: mean
  loss_fun: cross_entropy
  match_upper: True
  size_average: mean
  thresh: 0.5
  type: dilated_gnn
num_threads: 6
num_workers: 16
optim:
  base_lr: 0.001
  lr_decay: 0.1
  max_epoch: 100
  momentum: 0.9
  optimizer: adam
  scheduler: none
  steps: [30, 60, 90]
  weight_decay: 0.0
out_dir: results_experiments/ogbg_molhiv_baseline_grid_design/ogbg_molhiv_baseline-type=dilated_gnn-layer_type=egatconv-layers_k1=2-layers_k2=1-dilated_path_join=add-learn_alpha_residual_connection=False
params: 600602
print: both
round: 4
run_dir: results_experiments/ogbg_molhiv_baseline_grid_design/ogbg_molhiv_baseline-type=dilated_gnn-layer_type=egatconv-layers_k1=2-layers_k2=1-dilated_path_join=add-learn_alpha_residual_connection=False/1
seed: 2
share:
  dim_in: 9
  dim_out: 2
  num_splits: 3
tensorboard_agg: True
tensorboard_each_run: False
train:
  auto_resume: False
  batch_size: 32
  ckpt_clean: True
  ckpt_period: 100
  enable_ckpt: True
  epoch_resume: -1
  eval_period: 1
  iter_per_epoch: 32
  neighbor_sizes: [20, 15, 10, 5]
  node_per_graph: 32
  radius: extend
  sample_node: False
  sampler: full_batch
  skip_train_eval: False
  walk_length: 4
val:
  node_per_graph: 32
  radius: extend
  sample_node: False
  sampler: full_batch
view_emb: False
Num parameters: 600602
val: {'epoch': 0, 'loss': 0.746, 'lr': 0.001, 'params': 600602, 'time_iter': 0.7171, 'accuracy': 0.0156, 'precision': 0.0156, 'recall': 1.0, 'f1': 0.0308, 'auc': 0.8889}
val: {'epoch': 0, 'loss': 0.0998, 'lr': 0.001, 'params': 600602, 'time_iter': 1.6263, 'accuracy': 0.9803, 'precision': 0.0, 'recall': 0.0, 'f1': 0.0, 'auc': 0.6685}
train: {'epoch': 0, 'eta': 1350404.7921, 'loss': 0.1799, 'lr': 0.001, 'params': 600602, 'time_iter': 13.256, 'accuracy': 0.9592, 'precision': 0.0172, 'recall': 0.0016, 'f1': 0.003, 'auc': 0.5479}
val: {'epoch': 1, 'loss': 0.1, 'lr': 0.001, 'params': 600602, 'time_iter': 1.6388, 'accuracy': 0.9803, 'precision': 0.0, 'recall': 0.0, 'f1': 0.0, 'auc': 0.7091}
train: {'epoch': 1, 'eta': 1334540.8351, 'loss': 0.1517, 'lr': 0.001, 'params': 600602, 'time_iter': 13.2119, 'accuracy': 0.9626, 'precision': 0.0, 'recall': 0.0, 'f1': 0.0, 'auc': 0.6775}
val: {'epoch': 2, 'loss': 0.0996, 'lr': 0.001, 'params': 600602, 'time_iter': 1.7949, 'accuracy': 0.9803, 'precision': 0.0, 'recall': 0.0, 'f1': 0.0, 'auc': 0.6869}
train: {'epoch': 2, 'eta': 1319599.6635, 'loss': 0.1487, 'lr': 0.001, 'params': 600602, 'time_iter': 13.1942, 'accuracy': 0.9626, 'precision': 0.0, 'recall': 0.0, 'f1': 0.0, 'auc': 0.7007}
val: {'epoch': 3, 'loss': 0.1002, 'lr': 0.001, 'params': 600602, 'time_iter': 1.6115, 'accuracy': 0.9803, 'precision': 0.0, 'recall': 0.0, 'f1': 0.0, 'auc': 0.6804}
train: {'epoch': 3, 'eta': 1302500.7764, 'loss': 0.1469, 'lr': 0.001, 'params': 600602, 'time_iter': 13.0792, 'accuracy': 0.9626, 'precision': 0.5, 'recall': 0.0008, 'f1': 0.0016, 'auc': 0.7135}
val: {'epoch': 4, 'loss': 0.0977, 'lr': 0.001, 'params': 600602, 'time_iter': 1.6336, 'accuracy': 0.9803, 'precision': 0.0, 'recall': 0.0, 'f1': 0.0, 'auc': 0.6664}
train: {'epoch': 4, 'eta': 1286855.8653, 'loss': 0.1468, 'lr': 0.001, 'params': 600602, 'time_iter': 13.0791, 'accuracy': 0.9625, 'precision': 0.4, 'recall': 0.0016, 'f1': 0.0032, 'auc': 0.7122}
val: {'epoch': 5, 'loss': 0.0935, 'lr': 0.001, 'params': 600602, 'time_iter': 1.7203, 'accuracy': 0.9801, 'precision': 0.0, 'recall': 0.0, 'f1': 0.0, 'auc': 0.7175}
train: {'epoch': 5, 'eta': 1271191.6777, 'loss': 0.1464, 'lr': 0.001, 'params': 600602, 'time_iter': 13.0327, 'accuracy': 0.9625, 'precision': 0.0, 'recall': 0.0, 'f1': 0.0, 'auc': 0.7156}
val: {'epoch': 6, 'loss': 0.0944, 'lr': 0.001, 'params': 600602, 'time_iter': 1.6114, 'accuracy': 0.9801, 'precision': 0.0, 'recall': 0.0, 'f1': 0.0, 'auc': 0.7336}
train: {'epoch': 6, 'eta': 1256174.7291, 'loss': 0.1448, 'lr': 0.001, 'params': 600602, 'time_iter': 13.0329, 'accuracy': 0.9623, 'precision': 0.1, 'recall': 0.0008, 'f1': 0.0016, 'auc': 0.7214}
val: {'epoch': 7, 'loss': 0.0955, 'lr': 0.001, 'params': 600602, 'time_iter': 1.6292, 'accuracy': 0.9803, 'precision': 0.0, 'recall': 0.0, 'f1': 0.0, 'auc': 0.7123}
train: {'epoch': 7, 'eta': 1242440.3707, 'loss': 0.1451, 'lr': 0.001, 'params': 600602, 'time_iter': 13.1074, 'accuracy': 0.9623, 'precision': 0.1818, 'recall': 0.0016, 'f1': 0.0032, 'auc': 0.7238}
val: {'epoch': 8, 'loss': 0.0972, 'lr': 0.001, 'params': 600602, 'time_iter': 1.6115, 'accuracy': 0.9803, 'precision': 0.0, 'recall': 0.0, 'f1': 0.0, 'auc': 0.7138}
train: {'epoch': 8, 'eta': 1228542.7688, 'loss': 0.1445, 'lr': 0.001, 'params': 600602, 'time_iter': 13.0864, 'accuracy': 0.9622, 'precision': 0.2692, 'recall': 0.0057, 'f1': 0.0111, 'auc': 0.7294}
val: {'epoch': 9, 'loss': 0.0993, 'lr': 0.001, 'params': 600602, 'time_iter': 1.6219, 'accuracy': 0.9801, 'precision': 0.0, 'recall': 0.0, 'f1': 0.0, 'auc': 0.7255}
train: {'epoch': 9, 'eta': 1214684.9769, 'loss': 0.1457, 'lr': 0.001, 'params': 600602, 'time_iter': 13.0814, 'accuracy': 0.9624, 'precision': 0.375, 'recall': 0.0049, 'f1': 0.0096, 'auc': 0.7183}
val: {'epoch': 10, 'loss': 0.1017, 'lr': 0.001, 'params': 600602, 'time_iter': 1.7739, 'accuracy': 0.9798, 'precision': 0.0, 'recall': 0.0, 'f1': 0.0, 'auc': 0.7056}
train: {'epoch': 10, 'eta': 1201441.5481, 'loss': 0.1452, 'lr': 0.001, 'params': 600602, 'time_iter': 13.1465, 'accuracy': 0.9626, 'precision': 0.5, 'recall': 0.0049, 'f1': 0.0096, 'auc': 0.7172}
val: {'epoch': 11, 'loss': 0.1006, 'lr': 0.001, 'params': 600602, 'time_iter': 1.6254, 'accuracy': 0.9801, 'precision': 0.0, 'recall': 0.0, 'f1': 0.0, 'auc': 0.7224}
train: {'epoch': 11, 'eta': 1188074.7297, 'loss': 0.1451, 'lr': 0.001, 'params': 600602, 'time_iter': 13.1365, 'accuracy': 0.9625, 'precision': 0.4, 'recall': 0.0032, 'f1': 0.0064, 'auc': 0.723}
val: {'epoch': 12, 'loss': 0.0991, 'lr': 0.001, 'params': 600602, 'time_iter': 1.8722, 'accuracy': 0.9796, 'precision': 0.0, 'recall': 0.0, 'f1': 0.0, 'auc': 0.7284}
train: {'epoch': 12, 'eta': 1174565.5695, 'loss': 0.1435, 'lr': 0.001, 'params': 600602, 'time_iter': 13.1192, 'accuracy': 0.9621, 'precision': 0.1111, 'recall': 0.0016, 'f1': 0.0032, 'auc': 0.7333}
val: {'epoch': 13, 'loss': 0.1049, 'lr': 0.001, 'params': 600602, 'time_iter': 1.6654, 'accuracy': 0.9803, 'precision': 0.0, 'recall': 0.0, 'f1': 0.0, 'auc': 0.71}
train: {'epoch': 13, 'eta': 1160464.0489, 'loss': 0.1424, 'lr': 0.001, 'params': 600602, 'time_iter': 13.0252, 'accuracy': 0.9625, 'precision': 0.4706, 'recall': 0.0065, 'f1': 0.0128, 'auc': 0.7425}
val: {'epoch': 14, 'loss': 0.1064, 'lr': 0.001, 'params': 600602, 'time_iter': 1.6272, 'accuracy': 0.9801, 'precision': 0.0, 'recall': 0.0, 'f1': 0.0, 'auc': 0.7187}
train: {'epoch': 14, 'eta': 1147453.235, 'loss': 0.1432, 'lr': 0.001, 'params': 600602, 'time_iter': 13.1963, 'accuracy': 0.9621, 'precision': 0.2222, 'recall': 0.0049, 'f1': 0.0095, 'auc': 0.7351}
val: {'epoch': 15, 'loss': 0.1006, 'lr': 0.001, 'params': 600602, 'time_iter': 1.8042, 'accuracy': 0.9801, 'precision': 0.3333, 'recall': 0.0123, 'f1': 0.0238, 'auc': 0.7347}
train: {'epoch': 15, 'eta': 1132738.8015, 'loss': 0.142, 'lr': 0.001, 'params': 600602, 'time_iter': 12.8941, 'accuracy': 0.9622, 'precision': 0.2692, 'recall': 0.0057, 'f1': 0.0111, 'auc': 0.7391}
val: {'epoch': 16, 'loss': 0.0983, 'lr': 0.001, 'params': 600602, 'time_iter': 1.65, 'accuracy': 0.9805, 'precision': 1.0, 'recall': 0.0123, 'f1': 0.0244, 'auc': 0.7509}
train: {'epoch': 16, 'eta': 1118462.2075, 'loss': 0.1425, 'lr': 0.001, 'params': 600602, 'time_iter': 12.9474, 'accuracy': 0.9621, 'precision': 0.3095, 'recall': 0.0106, 'f1': 0.0204, 'auc': 0.7344}
val: {'epoch': 17, 'loss': 0.0986, 'lr': 0.001, 'params': 600602, 'time_iter': 1.5662, 'accuracy': 0.9803, 'precision': 0.5, 'recall': 0.0123, 'f1': 0.0241, 'auc': 0.7498}
train: {'epoch': 17, 'eta': 1104969.3672, 'loss': 0.1401, 'lr': 0.001, 'params': 600602, 'time_iter': 13.092, 'accuracy': 0.9618, 'precision': 0.2969, 'recall': 0.0154, 'f1': 0.0293, 'auc': 0.7495}
val: {'epoch': 18, 'loss': 0.0919, 'lr': 0.001, 'params': 600602, 'time_iter': 1.6588, 'accuracy': 0.981, 'precision': 0.8, 'recall': 0.0494, 'f1': 0.093, 'auc': 0.7412}
train: {'epoch': 18, 'eta': 1091264.0356, 'loss': 0.1404, 'lr': 0.001, 'params': 600602, 'time_iter': 13.043, 'accuracy': 0.962, 'precision': 0.3836, 'recall': 0.0227, 'f1': 0.0429, 'auc': 0.7425}
val: {'epoch': 19, 'loss': 0.102, 'lr': 0.001, 'params': 600602, 'time_iter': 1.6109, 'accuracy': 0.9801, 'precision': 0.4286, 'recall': 0.037, 'f1': 0.0682, 'auc': 0.7139}
train: {'epoch': 19, 'eta': 1078545.6345, 'loss': 0.1389, 'lr': 0.001, 'params': 600602, 'time_iter': 13.2759, 'accuracy': 0.9619, 'precision': 0.359, 'recall': 0.0227, 'f1': 0.0427, 'auc': 0.7531}
val: {'epoch': 20, 'loss': 0.1009, 'lr': 0.001, 'params': 600602, 'time_iter': 1.6465, 'accuracy': 0.9801, 'precision': 0.4286, 'recall': 0.037, 'f1': 0.0682, 'auc': 0.7345}
train: {'epoch': 20, 'eta': 1064749.4863, 'loss': 0.1424, 'lr': 0.001, 'params': 600602, 'time_iter': 13.0207, 'accuracy': 0.9621, 'precision': 0.4, 'recall': 0.0227, 'f1': 0.043, 'auc': 0.7364}
val: {'epoch': 21, 'loss': 0.1001, 'lr': 0.001, 'params': 600602, 'time_iter': 1.6501, 'accuracy': 0.9798, 'precision': 0.375, 'recall': 0.037, 'f1': 0.0674, 'auc': 0.7399}
train: {'epoch': 21, 'eta': 1050783.7951, 'loss': 0.1392, 'lr': 0.001, 'params': 600602, 'time_iter': 12.9643, 'accuracy': 0.962, 'precision': 0.3933, 'recall': 0.0284, 'f1': 0.053, 'auc': 0.7528}
val: {'epoch': 22, 'loss': 0.0989, 'lr': 0.001, 'params': 600602, 'time_iter': 1.5428, 'accuracy': 0.9803, 'precision': 0.5, 'recall': 0.0247, 'f1': 0.0471, 'auc': 0.725}
train: {'epoch': 22, 'eta': 1037520.5057, 'loss': 0.1392, 'lr': 0.001, 'params': 600602, 'time_iter': 13.1524, 'accuracy': 0.9617, 'precision': 0.3592, 'recall': 0.03, 'f1': 0.0554, 'auc': 0.7508}
val: {'epoch': 23, 'loss': 0.1042, 'lr': 0.001, 'params': 600602, 'time_iter': 1.6235, 'accuracy': 0.9801, 'precision': 0.0, 'recall': 0.0, 'f1': 0.0, 'auc': 0.736}
train: {'epoch': 23, 'eta': 1024245.5038, 'loss': 0.1412, 'lr': 0.001, 'params': 600602, 'time_iter': 13.1557, 'accuracy': 0.9621, 'precision': 0.4026, 'recall': 0.0252, 'f1': 0.0474, 'auc': 0.7389}
val: {'epoch': 24, 'loss': 0.1065, 'lr': 0.001, 'params': 600602, 'time_iter': 1.6045, 'accuracy': 0.9801, 'precision': 0.0, 'recall': 0.0, 'f1': 0.0, 'auc': 0.7237}
train: {'epoch': 24, 'eta': 1010730.9374, 'loss': 0.1419, 'lr': 0.001, 'params': 600602, 'time_iter': 13.0849, 'accuracy': 0.9619, 'precision': 0.3659, 'recall': 0.0244, 'f1': 0.0457, 'auc': 0.7392}
val: {'epoch': 25, 'loss': 0.1066, 'lr': 0.001, 'params': 600602, 'time_iter': 1.7884, 'accuracy': 0.9805, 'precision': 1.0, 'recall': 0.0123, 'f1': 0.0244, 'auc': 0.7383}
train: {'epoch': 25, 'eta': 997417.9368, 'loss': 0.1412, 'lr': 0.001, 'params': 600602, 'time_iter': 13.1524, 'accuracy': 0.9622, 'precision': 0.4154, 'recall': 0.0219, 'f1': 0.0416, 'auc': 0.7413}
val: {'epoch': 26, 'loss': 0.1039, 'lr': 0.001, 'params': 600602, 'time_iter': 1.6516, 'accuracy': 0.9803, 'precision': 0.0, 'recall': 0.0, 'f1': 0.0, 'auc': 0.7203}
train: {'epoch': 26, 'eta': 983436.4055, 'loss': 0.1399, 'lr': 0.001, 'params': 600602, 'time_iter': 12.918, 'accuracy': 0.9624, 'precision': 0.4634, 'recall': 0.0308, 'f1': 0.0578, 'auc': 0.7477}
val: {'epoch': 27, 'loss': 0.107, 'lr': 0.001, 'params': 600602, 'time_iter': 1.6566, 'accuracy': 0.9803, 'precision': 0.0, 'recall': 0.0, 'f1': 0.0, 'auc': 0.7308}
train: {'epoch': 27, 'eta': 969957.2854, 'loss': 0.1412, 'lr': 0.001, 'params': 600602, 'time_iter': 13.0893, 'accuracy': 0.962, 'precision': 0.3803, 'recall': 0.0219, 'f1': 0.0414, 'auc': 0.7431}
val: {'epoch': 28, 'loss': 0.106, 'lr': 0.001, 'params': 600602, 'time_iter': 1.8208, 'accuracy': 0.9801, 'precision': 0.0, 'recall': 0.0, 'f1': 0.0, 'auc': 0.7403}
train: {'epoch': 28, 'eta': 956570.8013, 'loss': 0.141, 'lr': 0.001, 'params': 600602, 'time_iter': 13.1258, 'accuracy': 0.9621, 'precision': 0.4125, 'recall': 0.0268, 'f1': 0.0503, 'auc': 0.745}
val: {'epoch': 29, 'loss': 0.11, 'lr': 0.001, 'params': 600602, 'time_iter': 1.6112, 'accuracy': 0.9803, 'precision': 0.0, 'recall': 0.0, 'f1': 0.0, 'auc': 0.7288}
train: {'epoch': 29, 'eta': 944057.2351, 'loss': 0.1407, 'lr': 0.001, 'params': 600602, 'time_iter': 13.4927, 'accuracy': 0.962, 'precision': 0.3902, 'recall': 0.026, 'f1': 0.0487, 'auc': 0.7421}
val: {'epoch': 30, 'loss': 0.1089, 'lr': 0.001, 'params': 600602, 'time_iter': 1.643, 'accuracy': 0.9803, 'precision': 0.0, 'recall': 0.0, 'f1': 0.0, 'auc': 0.7102}
train: {'epoch': 30, 'eta': 930260.4027, 'loss': 0.143, 'lr': 0.001, 'params': 600602, 'time_iter': 12.971, 'accuracy': 0.962, 'precision': 0.2632, 'recall': 0.0081, 'f1': 0.0157, 'auc': 0.7355}
val: {'epoch': 31, 'loss': 0.1092, 'lr': 0.001, 'params': 600602, 'time_iter': 1.7391, 'accuracy': 0.9803, 'precision': 0.0, 'recall': 0.0, 'f1': 0.0, 'auc': 0.7468}
train: {'epoch': 31, 'eta': 916651.1036, 'loss': 0.1425, 'lr': 0.001, 'params': 600602, 'time_iter': 13.0439, 'accuracy': 0.9626, 'precision': 0.5, 'recall': 0.0073, 'f1': 0.0144, 'auc': 0.7354}
val: {'epoch': 32, 'loss': 0.108, 'lr': 0.001, 'params': 600602, 'time_iter': 1.642, 'accuracy': 0.9803, 'precision': 0.0, 'recall': 0.0, 'f1': 0.0, 'auc': 0.7281}
train: {'epoch': 32, 'eta': 903155.5959, 'loss': 0.1414, 'lr': 0.001, 'params': 600602, 'time_iter': 13.0929, 'accuracy': 0.9624, 'precision': 0.3929, 'recall': 0.0089, 'f1': 0.0175, 'auc': 0.7437}
val: {'epoch': 33, 'loss': 0.1072, 'lr': 0.001, 'params': 600602, 'time_iter': 1.6779, 'accuracy': 0.9803, 'precision': 0.0, 'recall': 0.0, 'f1': 0.0, 'auc': 0.757}
train: {'epoch': 33, 'eta': 889757.0878, 'loss': 0.1417, 'lr': 0.001, 'params': 600602, 'time_iter': 13.1408, 'accuracy': 0.9622, 'precision': 0.3429, 'recall': 0.0097, 'f1': 0.0189, 'auc': 0.7438}
val: {'epoch': 34, 'loss': 0.1062, 'lr': 0.001, 'params': 600602, 'time_iter': 1.7893, 'accuracy': 0.9803, 'precision': 0.0, 'recall': 0.0, 'f1': 0.0, 'auc': 0.7444}
train: {'epoch': 34, 'eta': 876269.668, 'loss': 0.1409, 'lr': 0.001, 'params': 600602, 'time_iter': 13.098, 'accuracy': 0.9619, 'precision': 0.2727, 'recall': 0.0097, 'f1': 0.0188, 'auc': 0.7413}
val: {'epoch': 35, 'loss': 0.1067, 'lr': 0.001, 'params': 600602, 'time_iter': 1.6457, 'accuracy': 0.9803, 'precision': 0.0, 'recall': 0.0, 'f1': 0.0, 'auc': 0.7525}
train: {'epoch': 35, 'eta': 862850.052, 'loss': 0.1397, 'lr': 0.001, 'params': 600602, 'time_iter': 13.1347, 'accuracy': 0.9621, 'precision': 0.3684, 'recall': 0.017, 'f1': 0.0326, 'auc': 0.7512}
val: {'epoch': 36, 'loss': 0.1107, 'lr': 0.001, 'params': 600602, 'time_iter': 1.6201, 'accuracy': 0.9803, 'precision': 0.0, 'recall': 0.0, 'f1': 0.0, 'auc': 0.7699}
train: {'epoch': 36, 'eta': 849260.8517, 'loss': 0.1395, 'lr': 0.001, 'params': 600602, 'time_iter': 13.0409, 'accuracy': 0.9621, 'precision': 0.3881, 'recall': 0.0211, 'f1': 0.04, 'auc': 0.7517}
val: {'epoch': 37, 'loss': 0.1112, 'lr': 0.001, 'params': 600602, 'time_iter': 1.7134, 'accuracy': 0.9803, 'precision': 0.0, 'recall': 0.0, 'f1': 0.0, 'auc': 0.7416}
train: {'epoch': 37, 'eta': 836072.8426, 'loss': 0.1389, 'lr': 0.001, 'params': 600602, 'time_iter': 13.2745, 'accuracy': 0.9623, 'precision': 0.4, 'recall': 0.0162, 'f1': 0.0312, 'auc': 0.7529}
val: {'epoch': 38, 'loss': 0.1138, 'lr': 0.001, 'params': 600602, 'time_iter': 1.631, 'accuracy': 0.9801, 'precision': 0.0, 'recall': 0.0, 'f1': 0.0, 'auc': 0.73}
train: {'epoch': 38, 'eta': 822657.579, 'loss': 0.1386, 'lr': 0.001, 'params': 600602, 'time_iter': 13.1484, 'accuracy': 0.9622, 'precision': 0.4127, 'recall': 0.0211, 'f1': 0.0402, 'auc': 0.7487}
val: {'epoch': 39, 'loss': 0.1121, 'lr': 0.001, 'params': 600602, 'time_iter': 1.6157, 'accuracy': 0.9803, 'precision': 0.0, 'recall': 0.0, 'f1': 0.0, 'auc': 0.7298}
train: {'epoch': 39, 'eta': 809156.668, 'loss': 0.1388, 'lr': 0.001, 'params': 600602, 'time_iter': 13.0966, 'accuracy': 0.9619, 'precision': 0.3529, 'recall': 0.0195, 'f1': 0.0369, 'auc': 0.755}
val: {'epoch': 40, 'loss': 0.1114, 'lr': 0.001, 'params': 600602, 'time_iter': 1.7185, 'accuracy': 0.9803, 'precision': 0.0, 'recall': 0.0, 'f1': 0.0, 'auc': 0.7444}
train: {'epoch': 40, 'eta': 795442.0217, 'loss': 0.1388, 'lr': 0.001, 'params': 600602, 'time_iter': 12.9514, 'accuracy': 0.962, 'precision': 0.35, 'recall': 0.017, 'f1': 0.0325, 'auc': 0.7567}
val: {'epoch': 41, 'loss': 0.1123, 'lr': 0.001, 'params': 600602, 'time_iter': 1.592, 'accuracy': 0.9803, 'precision': 0.0, 'recall': 0.0, 'f1': 0.0, 'auc': 0.7641}
train: {'epoch': 41, 'eta': 782003.16, 'loss': 0.1423, 'lr': 0.001, 'params': 600602, 'time_iter': 13.1325, 'accuracy': 0.962, 'precision': 0.3265, 'recall': 0.013, 'f1': 0.025, 'auc': 0.7315}
val: {'epoch': 42, 'loss': 0.115, 'lr': 0.001, 'params': 600602, 'time_iter': 1.6189, 'accuracy': 0.9803, 'precision': 0.0, 'recall': 0.0, 'f1': 0.0, 'auc': 0.7415}
train: {'epoch': 42, 'eta': 768582.4573, 'loss': 0.1399, 'lr': 0.001, 'params': 600602, 'time_iter': 13.1484, 'accuracy': 0.9625, 'precision': 0.4912, 'recall': 0.0227, 'f1': 0.0434, 'auc': 0.7368}
val: {'epoch': 43, 'loss': 0.1112, 'lr': 0.001, 'params': 600602, 'time_iter': 1.6119, 'accuracy': 0.9803, 'precision': 0.0, 'recall': 0.0, 'f1': 0.0, 'auc': 0.7442}
train: {'epoch': 43, 'eta': 755069.7708, 'loss': 0.1415, 'lr': 0.001, 'params': 600602, 'time_iter': 13.0819, 'accuracy': 0.9628, 'precision': 0.5522, 'recall': 0.03, 'f1': 0.057, 'auc': 0.735}
val: {'epoch': 44, 'loss': 0.1145, 'lr': 0.001, 'params': 600602, 'time_iter': 1.8873, 'accuracy': 0.9803, 'precision': 0.0, 'recall': 0.0, 'f1': 0.0, 'auc': 0.7595}
train: {'epoch': 44, 'eta': 741447.8639, 'loss': 0.1395, 'lr': 0.001, 'params': 600602, 'time_iter': 12.9933, 'accuracy': 0.9626, 'precision': 0.5, 'recall': 0.0284, 'f1': 0.0538, 'auc': 0.7437}
val: {'epoch': 45, 'loss': 0.1051, 'lr': 0.001, 'params': 600602, 'time_iter': 1.6359, 'accuracy': 0.9798, 'precision': 0.0, 'recall': 0.0, 'f1': 0.0, 'auc': 0.7735}
train: {'epoch': 45, 'eta': 727972.3884, 'loss': 0.1373, 'lr': 0.001, 'params': 600602, 'time_iter': 13.1054, 'accuracy': 0.9627, 'precision': 0.5333, 'recall': 0.039, 'f1': 0.0726, 'auc': 0.7517}
val: {'epoch': 46, 'loss': 0.1176, 'lr': 0.001, 'params': 600602, 'time_iter': 1.6086, 'accuracy': 0.9798, 'precision': 0.0, 'recall': 0.0, 'f1': 0.0, 'auc': 0.7782}
train: {'epoch': 46, 'eta': 714358.4242, 'loss': 0.138, 'lr': 0.001, 'params': 600602, 'time_iter': 12.9864, 'accuracy': 0.9623, 'precision': 0.4324, 'recall': 0.026, 'f1': 0.049, 'auc': 0.7522}
val: {'epoch': 47, 'loss': 0.1181, 'lr': 0.001, 'params': 600602, 'time_iter': 1.849, 'accuracy': 0.9803, 'precision': 0.0, 'recall': 0.0, 'f1': 0.0, 'auc': 0.7735}
train: {'epoch': 47, 'eta': 700874.0847, 'loss': 0.1363, 'lr': 0.001, 'params': 600602, 'time_iter': 13.0933, 'accuracy': 0.9628, 'precision': 0.5413, 'recall': 0.0479, 'f1': 0.088, 'auc': 0.7569}
val: {'epoch': 48, 'loss': 0.1224, 'lr': 0.001, 'params': 600602, 'time_iter': 1.6409, 'accuracy': 0.9801, 'precision': 0.0, 'recall': 0.0, 'f1': 0.0, 'auc': 0.7235}
train: {'epoch': 48, 'eta': 687756.1578, 'loss': 0.1391, 'lr': 0.001, 'params': 600602, 'time_iter': 13.435, 'accuracy': 0.9622, 'precision': 0.425, 'recall': 0.0276, 'f1': 0.0518, 'auc': 0.7499}
val: {'epoch': 49, 'loss': 0.1108, 'lr': 0.001, 'params': 600602, 'time_iter': 1.65, 'accuracy': 0.9803, 'precision': 0.0, 'recall': 0.0, 'f1': 0.0, 'auc': 0.7732}
train: {'epoch': 49, 'eta': 674144.108, 'loss': 0.1375, 'lr': 0.001, 'params': 600602, 'time_iter': 12.9823, 'accuracy': 0.9626, 'precision': 0.5062, 'recall': 0.0333, 'f1': 0.0625, 'auc': 0.7507}
val: {'epoch': 50, 'loss': 0.1092, 'lr': 0.001, 'params': 600602, 'time_iter': 1.7345, 'accuracy': 0.9803, 'precision': 0.0, 'recall': 0.0, 'f1': 0.0, 'auc': 0.7833}
train: {'epoch': 50, 'eta': 660577.424, 'loss': 0.1363, 'lr': 0.001, 'params': 600602, 'time_iter': 13.0181, 'accuracy': 0.9625, 'precision': 0.4854, 'recall': 0.0406, 'f1': 0.0749, 'auc': 0.7598}
val: {'epoch': 51, 'loss': 0.1126, 'lr': 0.001, 'params': 600602, 'time_iter': 1.6235, 'accuracy': 0.9801, 'precision': 0.0, 'recall': 0.0, 'f1': 0.0, 'auc': 0.7292}
train: {'epoch': 51, 'eta': 647157.4455, 'loss': 0.1388, 'lr': 0.001, 'params': 600602, 'time_iter': 13.1657, 'accuracy': 0.9626, 'precision': 0.5116, 'recall': 0.0357, 'f1': 0.0668, 'auc': 0.7453}
val: {'epoch': 52, 'loss': 0.1101, 'lr': 0.001, 'params': 600602, 'time_iter': 1.6357, 'accuracy': 0.9801, 'precision': 0.0, 'recall': 0.0, 'f1': 0.0, 'auc': 0.763}
train: {'epoch': 52, 'eta': 633499.7426, 'loss': 0.1385, 'lr': 0.001, 'params': 600602, 'time_iter': 12.9104, 'accuracy': 0.9627, 'precision': 0.5248, 'recall': 0.043, 'f1': 0.0795, 'auc': 0.7514}
val: {'epoch': 53, 'loss': 0.1117, 'lr': 0.001, 'params': 600602, 'time_iter': 1.7846, 'accuracy': 0.9803, 'precision': 0.0, 'recall': 0.0, 'f1': 0.0, 'auc': 0.7501}
train: {'epoch': 53, 'eta': 620075.3798, 'loss': 0.1393, 'lr': 0.001, 'params': 600602, 'time_iter': 13.1609, 'accuracy': 0.9622, 'precision': 0.4301, 'recall': 0.0325, 'f1': 0.0604, 'auc': 0.7517}
val: {'epoch': 54, 'loss': 0.1083, 'lr': 0.001, 'params': 600602, 'time_iter': 1.6164, 'accuracy': 0.9808, 'precision': 1.0, 'recall': 0.0247, 'f1': 0.0482, 'auc': 0.7569}
train: {'epoch': 54, 'eta': 606677.5844, 'loss': 0.1373, 'lr': 0.001, 'params': 600602, 'time_iter': 13.1975, 'accuracy': 0.9622, 'precision': 0.4476, 'recall': 0.0381, 'f1': 0.0703, 'auc': 0.7594}
val: {'epoch': 55, 'loss': 0.1241, 'lr': 0.001, 'params': 600602, 'time_iter': 1.5931, 'accuracy': 0.9803, 'precision': 0.0, 'recall': 0.0, 'f1': 0.0, 'auc': 0.7101}
train: {'epoch': 55, 'eta': 593227.1568, 'loss': 0.1377, 'lr': 0.001, 'params': 600602, 'time_iter': 13.1405, 'accuracy': 0.9621, 'precision': 0.431, 'recall': 0.0406, 'f1': 0.0742, 'auc': 0.759}
val: {'epoch': 56, 'loss': 0.1276, 'lr': 0.001, 'params': 600602, 'time_iter': 1.7706, 'accuracy': 0.9803, 'precision': 0.0, 'recall': 0.0, 'f1': 0.0, 'auc': 0.6851}
train: {'epoch': 56, 'eta': 579813.2534, 'loss': 0.1365, 'lr': 0.001, 'params': 600602, 'time_iter': 13.1907, 'accuracy': 0.9627, 'precision': 0.5278, 'recall': 0.0463, 'f1': 0.0851, 'auc': 0.7594}
val: {'epoch': 57, 'loss': 0.1236, 'lr': 0.001, 'params': 600602, 'time_iter': 1.6216, 'accuracy': 0.9803, 'precision': 0.0, 'recall': 0.0, 'f1': 0.0, 'auc': 0.7242}
train: {'epoch': 57, 'eta': 566349.3278, 'loss': 0.1353, 'lr': 0.001, 'params': 600602, 'time_iter': 13.131, 'accuracy': 0.9628, 'precision': 0.5345, 'recall': 0.0503, 'f1': 0.092, 'auc': 0.7626}
val: {'epoch': 58, 'loss': 0.1239, 'lr': 0.001, 'params': 600602, 'time_iter': 1.665, 'accuracy': 0.9803, 'precision': 0.0, 'recall': 0.0, 'f1': 0.0, 'auc': 0.7551}
train: {'epoch': 58, 'eta': 552839.8638, 'loss': 0.1353, 'lr': 0.001, 'params': 600602, 'time_iter': 13.0696, 'accuracy': 0.9628, 'precision': 0.536, 'recall': 0.0544, 'f1': 0.0987, 'auc': 0.768}
val: {'epoch': 59, 'loss': 0.1239, 'lr': 0.001, 'params': 600602, 'time_iter': 1.6847, 'accuracy': 0.9803, 'precision': 0.0, 'recall': 0.0, 'f1': 0.0, 'auc': 0.7251}
train: {'epoch': 59, 'eta': 539233.5612, 'loss': 0.1355, 'lr': 0.001, 'params': 600602, 'time_iter': 12.9255, 'accuracy': 0.9629, 'precision': 0.5504, 'recall': 0.0576, 'f1': 0.1043, 'auc': 0.7745}
val: {'epoch': 60, 'loss': 0.1279, 'lr': 0.001, 'params': 600602, 'time_iter': 1.6207, 'accuracy': 0.9803, 'precision': 0.0, 'recall': 0.0, 'f1': 0.0, 'auc': 0.7473}
train: {'epoch': 60, 'eta': 525783.5796, 'loss': 0.1346, 'lr': 0.001, 'params': 600602, 'time_iter': 13.1478, 'accuracy': 0.9628, 'precision': 0.5278, 'recall': 0.0617, 'f1': 0.1105, 'auc': 0.7752}
val: {'epoch': 61, 'loss': 0.1193, 'lr': 0.001, 'params': 600602, 'time_iter': 1.6039, 'accuracy': 0.9803, 'precision': 0.0, 'recall': 0.0, 'f1': 0.0, 'auc': 0.7299}
train: {'epoch': 61, 'eta': 512233.6323, 'loss': 0.1343, 'lr': 0.001, 'params': 600602, 'time_iter': 12.9934, 'accuracy': 0.9629, 'precision': 0.5433, 'recall': 0.056, 'f1': 0.1015, 'auc': 0.7734}
val: {'epoch': 62, 'loss': 0.1252, 'lr': 0.001, 'params': 600602, 'time_iter': 1.6501, 'accuracy': 0.9803, 'precision': 0.0, 'recall': 0.0, 'f1': 0.0, 'auc': 0.7459}
train: {'epoch': 62, 'eta': 498809.6581, 'loss': 0.1337, 'lr': 0.001, 'params': 600602, 'time_iter': 13.1924, 'accuracy': 0.9626, 'precision': 0.5, 'recall': 0.0552, 'f1': 0.0994, 'auc': 0.7767}
val: {'epoch': 63, 'loss': 0.1266, 'lr': 0.001, 'params': 600602, 'time_iter': 1.609, 'accuracy': 0.9803, 'precision': 0.0, 'recall': 0.0, 'f1': 0.0, 'auc': 0.7695}
train: {'epoch': 63, 'eta': 485340.0486, 'loss': 0.1325, 'lr': 0.001, 'params': 600602, 'time_iter': 13.1217, 'accuracy': 0.9625, 'precision': 0.4928, 'recall': 0.0552, 'f1': 0.0993, 'auc': 0.7838}
val: {'epoch': 64, 'loss': 0.132, 'lr': 0.001, 'params': 600602, 'time_iter': 1.6036, 'accuracy': 0.9803, 'precision': 0.0, 'recall': 0.0, 'f1': 0.0, 'auc': 0.693}
train: {'epoch': 64, 'eta': 471779.5063, 'loss': 0.1339, 'lr': 0.001, 'params': 600602, 'time_iter': 12.9594, 'accuracy': 0.9624, 'precision': 0.4818, 'recall': 0.0536, 'f1': 0.0964, 'auc': 0.7769}
val: {'epoch': 65, 'loss': 0.1318, 'lr': 0.001, 'params': 600602, 'time_iter': 1.6434, 'accuracy': 0.9803, 'precision': 0.0, 'recall': 0.0, 'f1': 0.0, 'auc': 0.7136}
train: {'epoch': 65, 'eta': 458309.2553, 'loss': 0.1333, 'lr': 0.001, 'params': 600602, 'time_iter': 13.1168, 'accuracy': 0.9628, 'precision': 0.5259, 'recall': 0.0576, 'f1': 0.1039, 'auc': 0.7801}
val: {'epoch': 66, 'loss': 0.1297, 'lr': 0.001, 'params': 600602, 'time_iter': 1.8044, 'accuracy': 0.9803, 'precision': 0.0, 'recall': 0.0, 'f1': 0.0, 'auc': 0.7416}
train: {'epoch': 66, 'eta': 444826.5722, 'loss': 0.1335, 'lr': 0.001, 'params': 600602, 'time_iter': 13.0939, 'accuracy': 0.9631, 'precision': 0.5752, 'recall': 0.0528, 'f1': 0.0967, 'auc': 0.78}
val: {'epoch': 67, 'loss': 0.1335, 'lr': 0.001, 'params': 600602, 'time_iter': 1.6229, 'accuracy': 0.9803, 'precision': 0.0, 'recall': 0.0, 'f1': 0.0, 'auc': 0.7528}
train: {'epoch': 67, 'eta': 431421.8591, 'loss': 0.1317, 'lr': 0.001, 'params': 600602, 'time_iter': 13.2543, 'accuracy': 0.9628, 'precision': 0.5238, 'recall': 0.0625, 'f1': 0.1117, 'auc': 0.7854}
val: {'epoch': 68, 'loss': 0.1328, 'lr': 0.001, 'params': 600602, 'time_iter': 1.599, 'accuracy': 0.9803, 'precision': 0.0, 'recall': 0.0, 'f1': 0.0, 'auc': 0.7646}
train: {'epoch': 68, 'eta': 417951.4959, 'loss': 0.1329, 'lr': 0.001, 'params': 600602, 'time_iter': 13.127, 'accuracy': 0.9631, 'precision': 0.5586, 'recall': 0.0657, 'f1': 0.1176, 'auc': 0.7839}
val: {'epoch': 69, 'loss': 0.1353, 'lr': 0.001, 'params': 600602, 'time_iter': 1.7992, 'accuracy': 0.9803, 'precision': 0.0, 'recall': 0.0, 'f1': 0.0, 'auc': 0.7339}
train: {'epoch': 69, 'eta': 404529.2771, 'loss': 0.1332, 'lr': 0.001, 'params': 600602, 'time_iter': 13.2386, 'accuracy': 0.9629, 'precision': 0.5352, 'recall': 0.0617, 'f1': 0.1106, 'auc': 0.7792}
val: {'epoch': 70, 'loss': 0.1289, 'lr': 0.001, 'params': 600602, 'time_iter': 1.6263, 'accuracy': 0.9803, 'precision': 0.0, 'recall': 0.0, 'f1': 0.0, 'auc': 0.7576}
train: {'epoch': 70, 'eta': 391006.8374, 'loss': 0.1326, 'lr': 0.001, 'params': 600602, 'time_iter': 13.0136, 'accuracy': 0.9629, 'precision': 0.5436, 'recall': 0.0657, 'f1': 0.1173, 'auc': 0.7846}
val: {'epoch': 71, 'loss': 0.132, 'lr': 0.001, 'params': 600602, 'time_iter': 1.5953, 'accuracy': 0.9803, 'precision': 0.0, 'recall': 0.0, 'f1': 0.0, 'auc': 0.7011}
train: {'epoch': 71, 'eta': 377504.2416, 'loss': 0.1316, 'lr': 0.001, 'params': 600602, 'time_iter': 13.054, 'accuracy': 0.9637, 'precision': 0.6135, 'recall': 0.0812, 'f1': 0.1434, 'auc': 0.7843}
val: {'epoch': 72, 'loss': 0.1353, 'lr': 0.001, 'params': 600602, 'time_iter': 1.7191, 'accuracy': 0.9803, 'precision': 0.0, 'recall': 0.0, 'f1': 0.0, 'auc': 0.7213}
train: {'epoch': 72, 'eta': 364016.4578, 'loss': 0.1335, 'lr': 0.001, 'params': 600602, 'time_iter': 13.0879, 'accuracy': 0.9631, 'precision': 0.5608, 'recall': 0.0674, 'f1': 0.1203, 'auc': 0.7718}
val: {'epoch': 73, 'loss': 0.1309, 'lr': 0.001, 'params': 600602, 'time_iter': 1.6716, 'accuracy': 0.9803, 'precision': 0.0, 'recall': 0.0, 'f1': 0.0, 'auc': 0.7589}
train: {'epoch': 73, 'eta': 350504.9487, 'loss': 0.1323, 'lr': 0.001, 'params': 600602, 'time_iter': 13.0208, 'accuracy': 0.9633, 'precision': 0.5779, 'recall': 0.0722, 'f1': 0.1284, 'auc': 0.7798}
val: {'epoch': 74, 'loss': 0.1294, 'lr': 0.001, 'params': 600602, 'time_iter': 1.6424, 'accuracy': 0.9805, 'precision': 1.0, 'recall': 0.0123, 'f1': 0.0244, 'auc': 0.738}
train: {'epoch': 74, 'eta': 337006.0768, 'loss': 0.1323, 'lr': 0.001, 'params': 600602, 'time_iter': 13.0488, 'accuracy': 0.9632, 'precision': 0.5821, 'recall': 0.0633, 'f1': 0.1142, 'auc': 0.7822}
val: {'epoch': 75, 'loss': 0.1303, 'lr': 0.001, 'params': 600602, 'time_iter': 1.6426, 'accuracy': 0.9805, 'precision': 1.0, 'recall': 0.0123, 'f1': 0.0244, 'auc': 0.7413}
train: {'epoch': 75, 'eta': 323522.8857, 'loss': 0.1332, 'lr': 0.001, 'params': 600602, 'time_iter': 13.0913, 'accuracy': 0.9631, 'precision': 0.557, 'recall': 0.0674, 'f1': 0.1202, 'auc': 0.7777}
val: {'epoch': 76, 'loss': 0.1357, 'lr': 0.001, 'params': 600602, 'time_iter': 1.6275, 'accuracy': 0.9803, 'precision': 0.0, 'recall': 0.0, 'f1': 0.0, 'auc': 0.7436}
train: {'epoch': 76, 'eta': 310082.7447, 'loss': 0.1344, 'lr': 0.001, 'params': 600602, 'time_iter': 13.2303, 'accuracy': 0.963, 'precision': 0.5556, 'recall': 0.0649, 'f1': 0.1163, 'auc': 0.7754}
val: {'epoch': 77, 'loss': 0.1355, 'lr': 0.001, 'params': 600602, 'time_iter': 1.6659, 'accuracy': 0.9803, 'precision': 0.0, 'recall': 0.0, 'f1': 0.0, 'auc': 0.7223}
train: {'epoch': 77, 'eta': 296615.7273, 'loss': 0.1319, 'lr': 0.001, 'params': 600602, 'time_iter': 13.153, 'accuracy': 0.9632, 'precision': 0.5734, 'recall': 0.0666, 'f1': 0.1193, 'auc': 0.7897}
val: {'epoch': 78, 'loss': 0.1297, 'lr': 0.001, 'params': 600602, 'time_iter': 1.6493, 'accuracy': 0.9803, 'precision': 0.0, 'recall': 0.0, 'f1': 0.0, 'auc': 0.7649}
train: {'epoch': 78, 'eta': 283107.7842, 'loss': 0.1315, 'lr': 0.001, 'params': 600602, 'time_iter': 13.0097, 'accuracy': 0.9633, 'precision': 0.5926, 'recall': 0.0649, 'f1': 0.117, 'auc': 0.7902}
val: {'epoch': 79, 'loss': 0.1396, 'lr': 0.001, 'params': 600602, 'time_iter': 1.6374, 'accuracy': 0.9803, 'precision': 0.0, 'recall': 0.0, 'f1': 0.0, 'auc': 0.7407}
train: {'epoch': 79, 'eta': 269609.1286, 'loss': 0.1304, 'lr': 0.001, 'params': 600602, 'time_iter': 13.034, 'accuracy': 0.9634, 'precision': 0.5935, 'recall': 0.0747, 'f1': 0.1327, 'auc': 0.7922}
val: {'epoch': 80, 'loss': 0.1375, 'lr': 0.001, 'params': 600602, 'time_iter': 1.6479, 'accuracy': 0.9803, 'precision': 0.0, 'recall': 0.0, 'f1': 0.0, 'auc': 0.743}
train: {'epoch': 80, 'eta': 256164.2098, 'loss': 0.1316, 'lr': 0.001, 'params': 600602, 'time_iter': 13.2478, 'accuracy': 0.9635, 'precision': 0.5904, 'recall': 0.0795, 'f1': 0.1402, 'auc': 0.7872}
val: {'epoch': 81, 'loss': 0.1279, 'lr': 0.001, 'params': 600602, 'time_iter': 1.5985, 'accuracy': 0.9803, 'precision': 0.0, 'recall': 0.0, 'f1': 0.0, 'auc': 0.7625}
train: {'epoch': 81, 'eta': 242676.4974, 'loss': 0.1304, 'lr': 0.001, 'params': 600602, 'time_iter': 13.0785, 'accuracy': 0.9637, 'precision': 0.6095, 'recall': 0.0836, 'f1': 0.147, 'auc': 0.7933}
val: {'epoch': 82, 'loss': 0.1341, 'lr': 0.001, 'params': 600602, 'time_iter': 1.8357, 'accuracy': 0.9805, 'precision': 1.0, 'recall': 0.0123, 'f1': 0.0244, 'auc': 0.7436}
train: {'epoch': 82, 'eta': 229156.8637, 'loss': 0.1303, 'lr': 0.001, 'params': 600602, 'time_iter': 12.9236, 'accuracy': 0.9632, 'precision': 0.5663, 'recall': 0.0763, 'f1': 0.1345, 'auc': 0.7913}
val: {'epoch': 83, 'loss': 0.135, 'lr': 0.001, 'params': 600602, 'time_iter': 1.6661, 'accuracy': 0.9803, 'precision': 0.0, 'recall': 0.0, 'f1': 0.0, 'auc': 0.7567}
train: {'epoch': 83, 'eta': 215707.4881, 'loss': 0.1299, 'lr': 0.001, 'params': 600602, 'time_iter': 13.2552, 'accuracy': 0.9633, 'precision': 0.5654, 'recall': 0.0877, 'f1': 0.1518, 'auc': 0.7948}
val: {'epoch': 84, 'loss': 0.1315, 'lr': 0.001, 'params': 600602, 'time_iter': 1.5854, 'accuracy': 0.9803, 'precision': 0.0, 'recall': 0.0, 'f1': 0.0, 'auc': 0.7649}
train: {'epoch': 84, 'eta': 202208.9437, 'loss': 0.1285, 'lr': 0.001, 'params': 600602, 'time_iter': 13.0091, 'accuracy': 0.9638, 'precision': 0.6031, 'recall': 0.095, 'f1': 0.1641, 'auc': 0.799}
val: {'epoch': 85, 'loss': 0.1359, 'lr': 0.001, 'params': 600602, 'time_iter': 1.7531, 'accuracy': 0.9803, 'precision': 0.0, 'recall': 0.0, 'f1': 0.0, 'auc': 0.7411}
train: {'epoch': 85, 'eta': 188709.9996, 'loss': 0.1287, 'lr': 0.001, 'params': 600602, 'time_iter': 12.9911, 'accuracy': 0.9636, 'precision': 0.5978, 'recall': 0.0893, 'f1': 0.1554, 'auc': 0.7972}
val: {'epoch': 86, 'loss': 0.1346, 'lr': 0.001, 'params': 600602, 'time_iter': 1.6012, 'accuracy': 0.9803, 'precision': 0.0, 'recall': 0.0, 'f1': 0.0, 'auc': 0.73}
train: {'epoch': 86, 'eta': 175224.6965, 'loss': 0.1284, 'lr': 0.001, 'params': 600602, 'time_iter': 13.0603, 'accuracy': 0.9635, 'precision': 0.5708, 'recall': 0.0982, 'f1': 0.1676, 'auc': 0.7986}
val: {'epoch': 87, 'loss': 0.138, 'lr': 0.001, 'params': 600602, 'time_iter': 1.5934, 'accuracy': 0.9803, 'precision': 0.0, 'recall': 0.0, 'f1': 0.0, 'auc': 0.7561}
train: {'epoch': 87, 'eta': 161737.0683, 'loss': 0.1277, 'lr': 0.001, 'params': 600602, 'time_iter': 13.0362, 'accuracy': 0.9631, 'precision': 0.5437, 'recall': 0.0909, 'f1': 0.1558, 'auc': 0.8028}
val: {'epoch': 88, 'loss': 0.1378, 'lr': 0.001, 'params': 600602, 'time_iter': 1.7565, 'accuracy': 0.9805, 'precision': 1.0, 'recall': 0.0123, 'f1': 0.0244, 'auc': 0.7325}
train: {'epoch': 88, 'eta': 148237.9104, 'loss': 0.1279, 'lr': 0.001, 'params': 600602, 'time_iter': 12.9326, 'accuracy': 0.9637, 'precision': 0.5941, 'recall': 0.0974, 'f1': 0.1674, 'auc': 0.8044}
val: {'epoch': 89, 'loss': 0.1384, 'lr': 0.001, 'params': 600602, 'time_iter': 1.6831, 'accuracy': 0.9805, 'precision': 1.0, 'recall': 0.0123, 'f1': 0.0244, 'auc': 0.7407}
train: {'epoch': 89, 'eta': 134734.165, 'loss': 0.1287, 'lr': 0.001, 'params': 600602, 'time_iter': 12.8552, 'accuracy': 0.9639, 'precision': 0.6146, 'recall': 0.0958, 'f1': 0.1657, 'auc': 0.7966}
val: {'epoch': 90, 'loss': 0.1315, 'lr': 0.001, 'params': 600602, 'time_iter': 1.6443, 'accuracy': 0.9805, 'precision': 1.0, 'recall': 0.0123, 'f1': 0.0244, 'auc': 0.7652}
train: {'epoch': 90, 'eta': 121253.549, 'loss': 0.1281, 'lr': 0.001, 'params': 600602, 'time_iter': 13.023, 'accuracy': 0.9637, 'precision': 0.5885, 'recall': 0.0998, 'f1': 0.1707, 'auc': 0.7991}
val: {'epoch': 91, 'loss': 0.1311, 'lr': 0.001, 'params': 600602, 'time_iter': 1.6906, 'accuracy': 0.9803, 'precision': 0.0, 'recall': 0.0, 'f1': 0.0, 'auc': 0.7556}
train: {'epoch': 91, 'eta': 107774.5643, 'loss': 0.1282, 'lr': 0.001, 'params': 600602, 'time_iter': 13.0218, 'accuracy': 0.9637, 'precision': 0.5877, 'recall': 0.1006, 'f1': 0.1719, 'auc': 0.8025}
val: {'epoch': 92, 'loss': 0.1311, 'lr': 0.001, 'params': 600602, 'time_iter': 1.6067, 'accuracy': 0.9803, 'precision': 0.0, 'recall': 0.0, 'f1': 0.0, 'auc': 0.7683}
train: {'epoch': 92, 'eta': 94297.5573, 'loss': 0.1292, 'lr': 0.001, 'params': 600602, 'time_iter': 13.0252, 'accuracy': 0.9638, 'precision': 0.6031, 'recall': 0.095, 'f1': 0.1641, 'auc': 0.7959}
val: {'epoch': 93, 'loss': 0.1349, 'lr': 0.001, 'params': 600602, 'time_iter': 1.6101, 'accuracy': 0.9803, 'precision': 0.0, 'recall': 0.0, 'f1': 0.0, 'auc': 0.7634}
train: {'epoch': 93, 'eta': 80819.9557, 'loss': 0.128, 'lr': 0.001, 'params': 600602, 'time_iter': 12.9921, 'accuracy': 0.9636, 'precision': 0.5833, 'recall': 0.0966, 'f1': 0.1657, 'auc': 0.8029}
val: {'epoch': 94, 'loss': 0.1291, 'lr': 0.001, 'params': 600602, 'time_iter': 1.6314, 'accuracy': 0.981, 'precision': 1.0, 'recall': 0.037, 'f1': 0.0714, 'auc': 0.7529}
train: {'epoch': 94, 'eta': 67352.2232, 'loss': 0.1271, 'lr': 0.001, 'params': 600602, 'time_iter': 13.1321, 'accuracy': 0.964, 'precision': 0.615, 'recall': 0.1063, 'f1': 0.1813, 'auc': 0.8049}
val: {'epoch': 95, 'loss': 0.1383, 'lr': 0.001, 'params': 600602, 'time_iter': 1.57, 'accuracy': 0.9803, 'precision': 0.0, 'recall': 0.0, 'f1': 0.0, 'auc': 0.7579}
train: {'epoch': 95, 'eta': 53879.5388, 'loss': 0.1261, 'lr': 0.001, 'params': 600602, 'time_iter': 13.0386, 'accuracy': 0.964, 'precision': 0.6063, 'recall': 0.1088, 'f1': 0.1844, 'auc': 0.8097}
val: {'epoch': 96, 'loss': 0.1395, 'lr': 0.001, 'params': 600602, 'time_iter': 1.5778, 'accuracy': 0.9803, 'precision': 0.0, 'recall': 0.0, 'f1': 0.0, 'auc': 0.7551}
train: {'epoch': 96, 'eta': 40412.7587, 'loss': 0.1264, 'lr': 0.001, 'params': 600602, 'time_iter': 13.1878, 'accuracy': 0.9642, 'precision': 0.6316, 'recall': 0.1071, 'f1': 0.1832, 'auc': 0.8064}
val: {'epoch': 97, 'loss': 0.1359, 'lr': 0.001, 'params': 600602, 'time_iter': 1.5842, 'accuracy': 0.9803, 'precision': 0.0, 'recall': 0.0, 'f1': 0.0, 'auc': 0.7637}
train: {'epoch': 97, 'eta': 26942.0816, 'loss': 0.1273, 'lr': 0.001, 'params': 600602, 'time_iter': 13.1028, 'accuracy': 0.9642, 'precision': 0.6387, 'recall': 0.099, 'f1': 0.1715, 'auc': 0.796}
val: {'epoch': 98, 'loss': 0.1404, 'lr': 0.001, 'params': 600602, 'time_iter': 1.8184, 'accuracy': 0.9803, 'precision': 0.0, 'recall': 0.0, 'f1': 0.0, 'auc': 0.7593}
train: {'epoch': 98, 'eta': 13468.8157, 'loss': 0.1262, 'lr': 0.001, 'params': 600602, 'time_iter': 12.8773, 'accuracy': 0.9644, 'precision': 0.6316, 'recall': 0.1169, 'f1': 0.1973, 'auc': 0.8022}
val: {'epoch': 99, 'loss': 0.1347, 'lr': 0.001, 'params': 600602, 'time_iter': 1.5963, 'accuracy': 0.9803, 'precision': 0.0, 'recall': 0.0, 'f1': 0.0, 'auc': 0.7672}
train: {'epoch': 99, 'eta': 0.0, 'loss': 0.1255, 'lr': 0.001, 'params': 600602, 'time_iter': 13.3585, 'accuracy': 0.9648, 'precision': 0.6567, 'recall': 0.1242, 'f1': 0.2089, 'auc': 0.8036}
test: {'epoch': 99, 'loss': 0.2361, 'lr': 0.001, 'params': 600602, 'time_iter': 1.4809, 'accuracy': 0.9684, 'precision': 0.0, 'recall': 0.0, 'f1': 0.0, 'auc': 0.6863}
test: {'epoch': 50, 'loss': 0.1876, 'lr': 0.001, 'params': 600602, 'time_iter': 1.4381, 'accuracy': 0.9681, 'precision': 0.0, 'recall': 0.0, 'f1': 0.0, 'auc': 0.6522}
