GraphGymModule(
  (model): DilatedGNNModel(
    (encoder): FeatureEncoder(
      (node_encoder): AtomEncoder(
        (atom_embedding_list): ModuleList(
          (0): Embedding(119, 300)
          (1): Embedding(4, 300)
          (2): Embedding(12, 300)
          (3): Embedding(12, 300)
          (4): Embedding(10, 300)
          (5): Embedding(6, 300)
          (6): Embedding(6, 300)
          (7): Embedding(2, 300)
          (8): Embedding(2, 300)
        )
      )
      (edge_encoder): BondEncoder(
        (bond_embedding_list): ModuleList(
          (0): Embedding(5, 300)
          (1): Embedding(6, 300)
          (2): Embedding(2, 300)
        )
      )
    )
    (mp): GNNDilatedEdgesFeatureStage(
      (classic_layers): ModuleList(
        (0): GeneralLayer(
          (layer): EGINConv(
            (model): GINEConv(nn=Sequential(
              (0): Linear(300, 300, bias=True)
              (1): ReLU()
              (2): Linear(300, 300, bias=True)
            ))
          )
          (post_layer): Sequential(
            (0): BatchNorm1d(300, eps=1e-05, momentum=0.1, affine=True, track_running_stats=True)
            (1): Dropout(p=0.5, inplace=False)
            (2): ReLU()
          )
        )
        (1): GeneralLayer(
          (layer): EGINConv(
            (model): GINEConv(nn=Sequential(
              (0): Linear(300, 300, bias=True)
              (1): ReLU()
              (2): Linear(300, 300, bias=True)
            ))
          )
          (post_layer): Sequential(
            (0): BatchNorm1d(300, eps=1e-05, momentum=0.1, affine=True, track_running_stats=True)
            (1): Dropout(p=0.5, inplace=False)
            (2): ReLU()
          )
        )
      )
      (dilated_layers): ModuleList(
        (0): DilatedGeneralLayer(
          (layer): EGINConv(
            (model): GINEConv(nn=Sequential(
              (0): Linear(300, 300, bias=True)
              (1): ReLU()
              (2): Linear(300, 300, bias=True)
            ))
          )
          (post_layer): Sequential(
            (0): BatchNorm1d(300, eps=1e-05, momentum=0.1, affine=True, track_running_stats=True)
            (1): Dropout(p=0.5, inplace=False)
            (2): ReLU()
          )
          (gem): GeM(p=3.0000, eps=1e-06)
        )
        (1): DilatedGeneralLayer(
          (layer): EGINConv(
            (model): GINEConv(nn=Sequential(
              (0): Linear(300, 300, bias=True)
              (1): ReLU()
              (2): Linear(300, 300, bias=True)
            ))
          )
          (post_layer): Sequential(
            (0): BatchNorm1d(300, eps=1e-05, momentum=0.1, affine=True, track_running_stats=True)
            (1): Dropout(p=0.5, inplace=False)
            (2): ReLU()
          )
          (gem): GeM(p=3.0000, eps=1e-06)
        )
      )
      (act): ReLU()
    )
    (post_mp): GNNGraphHead(
      (layer_post_mp): MLP(
        (model): Sequential(
          (0): Linear(
            (model): Linear(600, 1, bias=True)
          )
        )
      )
    )
  )
)
accelerator: cuda
benchmark: False
bn:
  eps: 1e-05
  mom: 0.1
cfg_dest: config.yaml
custom_metrics: []
dataset:
  cache_load: False
  cache_save: False
  dir: ./datasets
  edge_dim: 300
  edge_encoder: True
  edge_encoder_bn: False
  edge_encoder_name: Bond
  edge_message_ratio: 0.8
  edge_negative_sampling_ratio: 1.0
  edge_train_mode: all
  encoder: True
  encoder_bn: True
  encoder_dim: 128
  encoder_name: db
  fast_loader: False
  format: OGB
  label_column: none
  label_table: none
  location: local
  name: ogbg-molhiv
  node_encoder: True
  node_encoder_bn: False
  node_encoder_name: Atom
  remove_feature: False
  resample_disjoint: False
  resample_negative: False
  shuffle_split: True
  split: [0.8, 0.1, 0.1]
  split_mode: random
  task: graph
  task_type: classification
  to_undirected: False
  transductive: False
  transform: none
  tu_simple: True
devices: 1
gnn:
  act: relu
  act_on_last_layer_mp: True
  agg: none
  att_final_linear: False
  att_final_linear_bn: False
  att_heads: 1
  batchnorm: True
  clear_feature: True
  dim_inner: 300
  dropout: 0.5
  head: graph
  keep_edge: 0.5
  l2norm: True
  layer_type: eginconv
  layers_k1: 2
  layers_k2: 2
  layers_mp: 5
  layers_post_mp: 1
  layers_pre_mp: 0
  msg_direction: single
  normalize_adj: False
  self_msg: concat
  skip_every: 1
  stage_type: dilated_stage
  use_edge_features: True
gpu_mem: False
mem:
  inplace: False
metric_agg: argmax
metric_best: auc
model:
  edge_decoding: dot
  graph_pooling: mean
  loss_fun: cross_entropy
  match_upper: True
  size_average: mean
  thresh: 0.5
  type: dilated_gnn
num_threads: 6
num_workers: 16
optim:
  base_lr: 0.001
  lr_decay: 0.1
  max_epoch: 100
  momentum: 0.9
  optimizer: adam
  scheduler: none
  steps: [30, 60, 90]
  weight_decay: 0.0
out_dir: results_experiments/ogbg_molhiv_baseline_grid_comparison/ogbg_molhiv_baseline-type=dilated_gnn-stage_type=dilated_stage-layer_type=eginconv-layers_k1=2-layers_k2=2-act_on_last_layer_mp=True
params: 1142405
print: both
round: 4
run_dir: results_experiments/ogbg_molhiv_baseline_grid_comparison/ogbg_molhiv_baseline-type=dilated_gnn-stage_type=dilated_stage-layer_type=eginconv-layers_k1=2-layers_k2=2-act_on_last_layer_mp=True/2
seed: 3
share:
  dim_in: 9
  dim_out: 2
  num_splits: 3
tensorboard_agg: True
tensorboard_each_run: False
train:
  auto_resume: False
  batch_size: 32
  ckpt_clean: True
  ckpt_period: 100
  enable_ckpt: True
  epoch_resume: -1
  eval_period: 1
  iter_per_epoch: 32
  neighbor_sizes: [20, 15, 10, 5]
  node_per_graph: 32
  radius: extend
  sample_node: False
  sampler: full_batch
  skip_train_eval: False
  walk_length: 4
val:
  node_per_graph: 32
  radius: extend
  sample_node: False
  sampler: full_batch
view_emb: False
Num parameters: 1142405
val: {'epoch': 0, 'loss': 0.713, 'lr': 0.001, 'params': 1142405, 'time_iter': 1.2015, 'accuracy': 0.0156, 'precision': 0.0156, 'recall': 1.0, 'f1': 0.0308, 'auc': 0.8571}
val: {'epoch': 0, 'loss': 0.0931, 'lr': 0.001, 'params': 1142405, 'time_iter': 2.9446, 'accuracy': 0.9803, 'precision': 0.0, 'recall': 0.0, 'f1': 0.0, 'auc': 0.6863}
train: {'epoch': 0, 'eta': 1481347.9373, 'loss': 0.1819, 'lr': 0.001, 'params': 1142405, 'time_iter': 14.5414, 'accuracy': 0.9616, 'precision': 0.122, 'recall': 0.0041, 'f1': 0.0079, 'auc': 0.593}
val: {'epoch': 1, 'loss': 0.092, 'lr': 0.001, 'params': 1142405, 'time_iter': 2.6684, 'accuracy': 0.9803, 'precision': 0.0, 'recall': 0.0, 'f1': 0.0, 'auc': 0.6765}
train: {'epoch': 1, 'eta': 1480986.9865, 'loss': 0.1511, 'lr': 0.001, 'params': 1142405, 'time_iter': 14.831, 'accuracy': 0.9626, 'precision': 0.0, 'recall': 0.0, 'f1': 0.0, 'auc': 0.6566}
val: {'epoch': 2, 'loss': 0.0944, 'lr': 0.001, 'params': 1142405, 'time_iter': 2.7069, 'accuracy': 0.9803, 'precision': 0.0, 'recall': 0.0, 'f1': 0.0, 'auc': 0.6557}
train: {'epoch': 2, 'eta': 1454903.0133, 'loss': 0.1471, 'lr': 0.001, 'params': 1142405, 'time_iter': 14.3564, 'accuracy': 0.9626, 'precision': 0.0, 'recall': 0.0, 'f1': 0.0, 'auc': 0.6964}
val: {'epoch': 3, 'loss': 0.0915, 'lr': 0.001, 'params': 1142405, 'time_iter': 3.2676, 'accuracy': 0.9803, 'precision': 0.0, 'recall': 0.0, 'f1': 0.0, 'auc': 0.6729}
train: {'epoch': 3, 'eta': 1451691.6749, 'loss': 0.1447, 'lr': 0.001, 'params': 1142405, 'time_iter': 15.0536, 'accuracy': 0.9626, 'precision': 0.0, 'recall': 0.0, 'f1': 0.0, 'auc': 0.7062}
val: {'epoch': 4, 'loss': 0.0946, 'lr': 0.001, 'params': 1142405, 'time_iter': 2.6762, 'accuracy': 0.9808, 'precision': 1.0, 'recall': 0.0247, 'f1': 0.0482, 'auc': 0.6531}
train: {'epoch': 4, 'eta': 1437949.4098, 'loss': 0.1431, 'lr': 0.001, 'params': 1142405, 'time_iter': 14.7662, 'accuracy': 0.9626, 'precision': 0.0, 'recall': 0.0, 'f1': 0.0, 'auc': 0.7171}
val: {'epoch': 5, 'loss': 0.0914, 'lr': 0.001, 'params': 1142405, 'time_iter': 2.7784, 'accuracy': 0.9808, 'precision': 1.0, 'recall': 0.0247, 'f1': 0.0482, 'auc': 0.7061}
train: {'epoch': 5, 'eta': 1419269.3358, 'loss': 0.1422, 'lr': 0.001, 'params': 1142405, 'time_iter': 14.4899, 'accuracy': 0.9626, 'precision': 0.6, 'recall': 0.0073, 'f1': 0.0144, 'auc': 0.7217}
val: {'epoch': 6, 'loss': 0.1112, 'lr': 0.001, 'params': 1142405, 'time_iter': 2.6746, 'accuracy': 0.974, 'precision': 0.1176, 'recall': 0.0494, 'f1': 0.0696, 'auc': 0.6148}
train: {'epoch': 6, 'eta': 1399775.8063, 'loss': 0.1403, 'lr': 0.001, 'params': 1142405, 'time_iter': 14.3516, 'accuracy': 0.9631, 'precision': 0.6441, 'recall': 0.0308, 'f1': 0.0589, 'auc': 0.7349}
val: {'epoch': 7, 'loss': 0.0996, 'lr': 0.001, 'params': 1142405, 'time_iter': 2.7948, 'accuracy': 0.9803, 'precision': 0.0, 'recall': 0.0, 'f1': 0.0, 'auc': 0.6226}
train: {'epoch': 7, 'eta': 1384812.2507, 'loss': 0.1384, 'lr': 0.001, 'params': 1142405, 'time_iter': 14.6346, 'accuracy': 0.9636, 'precision': 0.6854, 'recall': 0.0495, 'f1': 0.0924, 'auc': 0.7438}
val: {'epoch': 8, 'loss': 0.1004, 'lr': 0.001, 'params': 1142405, 'time_iter': 2.9346, 'accuracy': 0.9786, 'precision': 0.3478, 'recall': 0.0988, 'f1': 0.1538, 'auc': 0.6583}
train: {'epoch': 8, 'eta': 1372370.3789, 'loss': 0.1358, 'lr': 0.001, 'params': 1142405, 'time_iter': 14.879, 'accuracy': 0.9637, 'precision': 0.6512, 'recall': 0.0682, 'f1': 0.1234, 'auc': 0.7576}
val: {'epoch': 9, 'loss': 0.099, 'lr': 0.001, 'params': 1142405, 'time_iter': 2.6069, 'accuracy': 0.9757, 'precision': 0.2979, 'recall': 0.1728, 'f1': 0.2188, 'auc': 0.7249}
train: {'epoch': 9, 'eta': 1358873.191, 'loss': 0.135, 'lr': 0.001, 'params': 1142405, 'time_iter': 14.827, 'accuracy': 0.964, 'precision': 0.6643, 'recall': 0.0771, 'f1': 0.1382, 'auc': 0.7614}
val: {'epoch': 10, 'loss': 0.0963, 'lr': 0.001, 'params': 1142405, 'time_iter': 2.7934, 'accuracy': 0.981, 'precision': 0.6364, 'recall': 0.0864, 'f1': 0.1522, 'auc': 0.7079}
train: {'epoch': 10, 'eta': 1345317.4169, 'loss': 0.1347, 'lr': 0.001, 'params': 1142405, 'time_iter': 14.8584, 'accuracy': 0.9644, 'precision': 0.7123, 'recall': 0.0844, 'f1': 0.1509, 'auc': 0.761}
val: {'epoch': 11, 'loss': 0.0842, 'lr': 0.001, 'params': 1142405, 'time_iter': 3.3758, 'accuracy': 0.9805, 'precision': 0.52, 'recall': 0.1605, 'f1': 0.2453, 'auc': 0.7769}
train: {'epoch': 11, 'eta': 1330447.7644, 'loss': 0.132, 'lr': 0.001, 'params': 1142405, 'time_iter': 14.7226, 'accuracy': 0.9647, 'precision': 0.6927, 'recall': 0.1006, 'f1': 0.1758, 'auc': 0.7744}
val: {'epoch': 12, 'loss': 0.0887, 'lr': 0.001, 'params': 1142405, 'time_iter': 2.7515, 'accuracy': 0.9813, 'precision': 0.6667, 'recall': 0.0988, 'f1': 0.172, 'auc': 0.7607}
train: {'epoch': 12, 'eta': 1313420.8022, 'loss': 0.1306, 'lr': 0.001, 'params': 1142405, 'time_iter': 14.4155, 'accuracy': 0.9648, 'precision': 0.6698, 'recall': 0.1169, 'f1': 0.199, 'auc': 0.7831}
val: {'epoch': 13, 'loss': 0.0817, 'lr': 0.001, 'params': 1142405, 'time_iter': 2.823, 'accuracy': 0.9813, 'precision': 0.7, 'recall': 0.0864, 'f1': 0.1538, 'auc': 0.7999}
train: {'epoch': 13, 'eta': 1296901.7442, 'loss': 0.1288, 'lr': 0.001, 'params': 1142405, 'time_iter': 14.4463, 'accuracy': 0.9646, 'precision': 0.6683, 'recall': 0.1096, 'f1': 0.1883, 'auc': 0.7912}
val: {'epoch': 14, 'loss': 0.0941, 'lr': 0.001, 'params': 1142405, 'time_iter': 2.6541, 'accuracy': 0.9818, 'precision': 0.7143, 'recall': 0.1235, 'f1': 0.2105, 'auc': 0.7213}
train: {'epoch': 14, 'eta': 1280796.2038, 'loss': 0.1286, 'lr': 0.001, 'params': 1142405, 'time_iter': 14.4794, 'accuracy': 0.9648, 'precision': 0.6637, 'recall': 0.1201, 'f1': 0.2034, 'auc': 0.7916}
val: {'epoch': 15, 'loss': 0.0887, 'lr': 0.001, 'params': 1142405, 'time_iter': 2.9265, 'accuracy': 0.9808, 'precision': 0.5625, 'recall': 0.1111, 'f1': 0.1856, 'auc': 0.7209}
train: {'epoch': 15, 'eta': 1264286.6568, 'loss': 0.1282, 'lr': 0.001, 'params': 1142405, 'time_iter': 14.3767, 'accuracy': 0.9651, 'precision': 0.6795, 'recall': 0.1291, 'f1': 0.2169, 'auc': 0.7915}
val: {'epoch': 16, 'loss': 0.0893, 'lr': 0.001, 'params': 1142405, 'time_iter': 2.9385, 'accuracy': 0.9818, 'precision': 0.8, 'recall': 0.0988, 'f1': 0.1758, 'auc': 0.8021}
train: {'epoch': 16, 'eta': 1251224.1716, 'loss': 0.127, 'lr': 0.001, 'params': 1142405, 'time_iter': 15.0227, 'accuracy': 0.9649, 'precision': 0.6696, 'recall': 0.125, 'f1': 0.2107, 'auc': 0.797}
val: {'epoch': 17, 'loss': 0.0844, 'lr': 0.001, 'params': 1142405, 'time_iter': 2.715, 'accuracy': 0.9808, 'precision': 0.5714, 'recall': 0.0988, 'f1': 0.1684, 'auc': 0.7891}
train: {'epoch': 17, 'eta': 1236001.3557, 'loss': 0.1257, 'lr': 0.001, 'params': 1142405, 'time_iter': 14.6186, 'accuracy': 0.9657, 'precision': 0.6861, 'recall': 0.1526, 'f1': 0.2497, 'auc': 0.8025}
val: {'epoch': 18, 'loss': 0.091, 'lr': 0.001, 'params': 1142405, 'time_iter': 2.7881, 'accuracy': 0.981, 'precision': 0.6154, 'recall': 0.0988, 'f1': 0.1702, 'auc': 0.737}
train: {'epoch': 18, 'eta': 1220643.5538, 'loss': 0.1246, 'lr': 0.001, 'params': 1142405, 'time_iter': 14.5835, 'accuracy': 0.9654, 'precision': 0.6691, 'recall': 0.151, 'f1': 0.2464, 'auc': 0.8048}
val: {'epoch': 19, 'loss': 0.086, 'lr': 0.001, 'params': 1142405, 'time_iter': 2.9387, 'accuracy': 0.9803, 'precision': 0.5, 'recall': 0.1235, 'f1': 0.198, 'auc': 0.7878}
train: {'epoch': 19, 'eta': 1205869.456, 'loss': 0.1238, 'lr': 0.001, 'params': 1142405, 'time_iter': 14.7168, 'accuracy': 0.9655, 'precision': 0.6846, 'recall': 0.1445, 'f1': 0.2386, 'auc': 0.8107}
val: {'epoch': 20, 'loss': 0.0838, 'lr': 0.001, 'params': 1142405, 'time_iter': 2.6845, 'accuracy': 0.9813, 'precision': 0.6111, 'recall': 0.1358, 'f1': 0.2222, 'auc': 0.7468}
train: {'epoch': 20, 'eta': 1190267.6921, 'loss': 0.123, 'lr': 0.001, 'params': 1142405, 'time_iter': 14.5121, 'accuracy': 0.9655, 'precision': 0.6713, 'recall': 0.1558, 'f1': 0.253, 'auc': 0.8147}
val: {'epoch': 21, 'loss': 0.0856, 'lr': 0.001, 'params': 1142405, 'time_iter': 2.8876, 'accuracy': 0.9808, 'precision': 0.5556, 'recall': 0.1235, 'f1': 0.202, 'auc': 0.7669}
train: {'epoch': 21, 'eta': 1173604.3555, 'loss': 0.1224, 'lr': 0.001, 'params': 1142405, 'time_iter': 14.2044, 'accuracy': 0.966, 'precision': 0.6962, 'recall': 0.1656, 'f1': 0.2675, 'auc': 0.8136}
val: {'epoch': 22, 'loss': 0.0862, 'lr': 0.001, 'params': 1142405, 'time_iter': 2.5769, 'accuracy': 0.9815, 'precision': 0.7273, 'recall': 0.0988, 'f1': 0.1739, 'auc': 0.7534}
train: {'epoch': 22, 'eta': 1160034.6194, 'loss': 0.1212, 'lr': 0.001, 'params': 1142405, 'time_iter': 15.0508, 'accuracy': 0.9655, 'precision': 0.6589, 'recall': 0.1615, 'f1': 0.2595, 'auc': 0.8189}
val: {'epoch': 23, 'loss': 0.0879, 'lr': 0.001, 'params': 1142405, 'time_iter': 2.7869, 'accuracy': 0.982, 'precision': 0.7692, 'recall': 0.1235, 'f1': 0.2128, 'auc': 0.7702}
train: {'epoch': 23, 'eta': 1146545.1196, 'loss': 0.121, 'lr': 0.001, 'params': 1142405, 'time_iter': 15.1244, 'accuracy': 0.9659, 'precision': 0.6708, 'recall': 0.1753, 'f1': 0.278, 'auc': 0.8171}
val: {'epoch': 24, 'loss': 0.0927, 'lr': 0.001, 'params': 1142405, 'time_iter': 2.9352, 'accuracy': 0.9805, 'precision': 0.5333, 'recall': 0.0988, 'f1': 0.1667, 'auc': 0.7459}
train: {'epoch': 24, 'eta': 1131682.4088, 'loss': 0.1205, 'lr': 0.001, 'params': 1142405, 'time_iter': 14.7333, 'accuracy': 0.9657, 'precision': 0.6793, 'recall': 0.1599, 'f1': 0.2589, 'auc': 0.8207}
val: {'epoch': 25, 'loss': 0.0859, 'lr': 0.001, 'params': 1142405, 'time_iter': 2.7246, 'accuracy': 0.9825, 'precision': 0.7647, 'recall': 0.1605, 'f1': 0.2653, 'auc': 0.7407}
train: {'epoch': 25, 'eta': 1118072.0698, 'loss': 0.1185, 'lr': 0.001, 'params': 1142405, 'time_iter': 15.1688, 'accuracy': 0.9665, 'precision': 0.7009, 'recall': 0.1826, 'f1': 0.2898, 'auc': 0.8233}
val: {'epoch': 26, 'loss': 0.0864, 'lr': 0.001, 'params': 1142405, 'time_iter': 2.88, 'accuracy': 0.9813, 'precision': 0.6111, 'recall': 0.1358, 'f1': 0.2222, 'auc': 0.7393}
train: {'epoch': 26, 'eta': 1103608.655, 'loss': 0.1191, 'lr': 0.001, 'params': 1142405, 'time_iter': 14.9153, 'accuracy': 0.9662, 'precision': 0.6854, 'recall': 0.1786, 'f1': 0.2833, 'auc': 0.8284}
val: {'epoch': 27, 'loss': 0.086, 'lr': 0.001, 'params': 1142405, 'time_iter': 2.6488, 'accuracy': 0.9813, 'precision': 0.5909, 'recall': 0.1605, 'f1': 0.2524, 'auc': 0.7734}
train: {'epoch': 27, 'eta': 1089550.1647, 'loss': 0.1177, 'lr': 0.001, 'params': 1142405, 'time_iter': 15.0923, 'accuracy': 0.9662, 'precision': 0.6818, 'recall': 0.1826, 'f1': 0.2881, 'auc': 0.828}
val: {'epoch': 28, 'loss': 0.0927, 'lr': 0.001, 'params': 1142405, 'time_iter': 2.7249, 'accuracy': 0.9808, 'precision': 0.6667, 'recall': 0.0494, 'f1': 0.092, 'auc': 0.7588}
train: {'epoch': 28, 'eta': 1075397.1279, 'loss': 0.1167, 'lr': 0.001, 'params': 1142405, 'time_iter': 15.095, 'accuracy': 0.9664, 'precision': 0.6779, 'recall': 0.1964, 'f1': 0.3046, 'auc': 0.8358}
val: {'epoch': 29, 'loss': 0.0864, 'lr': 0.001, 'params': 1142405, 'time_iter': 2.8128, 'accuracy': 0.9813, 'precision': 0.6111, 'recall': 0.1358, 'f1': 0.2222, 'auc': 0.7566}
train: {'epoch': 29, 'eta': 1061176.6976, 'loss': 0.1157, 'lr': 0.001, 'params': 1142405, 'time_iter': 15.1052, 'accuracy': 0.9672, 'precision': 0.7159, 'recall': 0.2045, 'f1': 0.3182, 'auc': 0.8387}
val: {'epoch': 30, 'loss': 0.0846, 'lr': 0.001, 'params': 1142405, 'time_iter': 2.7052, 'accuracy': 0.9823, 'precision': 1.0, 'recall': 0.0988, 'f1': 0.1798, 'auc': 0.7749}
train: {'epoch': 30, 'eta': 1047951.4303, 'loss': 0.1162, 'lr': 0.001, 'params': 1142405, 'time_iter': 15.577, 'accuracy': 0.9671, 'precision': 0.7188, 'recall': 0.2013, 'f1': 0.3145, 'auc': 0.8363}
val: {'epoch': 31, 'loss': 0.0851, 'lr': 0.001, 'params': 1142405, 'time_iter': 2.6699, 'accuracy': 0.9825, 'precision': 0.7368, 'recall': 0.1728, 'f1': 0.28, 'auc': 0.7739}
train: {'epoch': 31, 'eta': 1032749.4387, 'loss': 0.1138, 'lr': 0.001, 'params': 1142405, 'time_iter': 14.7531, 'accuracy': 0.9673, 'precision': 0.7089, 'recall': 0.2135, 'f1': 0.3281, 'auc': 0.8423}
val: {'epoch': 32, 'loss': 0.0857, 'lr': 0.001, 'params': 1142405, 'time_iter': 2.7088, 'accuracy': 0.9823, 'precision': 0.6818, 'recall': 0.1852, 'f1': 0.2913, 'auc': 0.7512}
train: {'epoch': 32, 'eta': 1017493.3685, 'loss': 0.1134, 'lr': 0.001, 'params': 1142405, 'time_iter': 14.7266, 'accuracy': 0.9678, 'precision': 0.7357, 'recall': 0.2192, 'f1': 0.3377, 'auc': 0.8442}
val: {'epoch': 33, 'loss': 0.0831, 'lr': 0.001, 'params': 1142405, 'time_iter': 2.7735, 'accuracy': 0.9827, 'precision': 0.8125, 'recall': 0.1605, 'f1': 0.268, 'auc': 0.7938}
train: {'epoch': 33, 'eta': 1001555.0838, 'loss': 0.1135, 'lr': 0.001, 'params': 1142405, 'time_iter': 14.3821, 'accuracy': 0.9671, 'precision': 0.7016, 'recall': 0.2119, 'f1': 0.3254, 'auc': 0.8444}
val: {'epoch': 34, 'loss': 0.0876, 'lr': 0.001, 'params': 1142405, 'time_iter': 2.8575, 'accuracy': 0.9832, 'precision': 0.8333, 'recall': 0.1852, 'f1': 0.303, 'auc': 0.7916}
train: {'epoch': 34, 'eta': 986238.2013, 'loss': 0.1118, 'lr': 0.001, 'params': 1142405, 'time_iter': 14.6732, 'accuracy': 0.9685, 'precision': 0.7614, 'recall': 0.2305, 'f1': 0.3539, 'auc': 0.8514}
val: {'epoch': 35, 'loss': 0.0836, 'lr': 0.001, 'params': 1142405, 'time_iter': 2.674, 'accuracy': 0.983, 'precision': 0.7391, 'recall': 0.2099, 'f1': 0.3269, 'auc': 0.7876}
train: {'epoch': 35, 'eta': 971592.3053, 'loss': 0.1123, 'lr': 0.001, 'params': 1142405, 'time_iter': 15.0334, 'accuracy': 0.9681, 'precision': 0.7244, 'recall': 0.2411, 'f1': 0.3618, 'auc': 0.8502}
val: {'epoch': 36, 'loss': 0.0863, 'lr': 0.001, 'params': 1142405, 'time_iter': 2.8416, 'accuracy': 0.9825, 'precision': 0.6667, 'recall': 0.2222, 'f1': 0.3333, 'auc': 0.7613}
train: {'epoch': 36, 'eta': 956297.6326, 'loss': 0.1104, 'lr': 0.001, 'params': 1142405, 'time_iter': 14.6885, 'accuracy': 0.9689, 'precision': 0.7568, 'recall': 0.25, 'f1': 0.3758, 'auc': 0.8551}
val: {'epoch': 37, 'loss': 0.0866, 'lr': 0.001, 'params': 1142405, 'time_iter': 3.1599, 'accuracy': 0.9823, 'precision': 0.6667, 'recall': 0.1975, 'f1': 0.3048, 'auc': 0.7612}
train: {'epoch': 37, 'eta': 941319.7764, 'loss': 0.1109, 'lr': 0.001, 'params': 1142405, 'time_iter': 14.8715, 'accuracy': 0.9684, 'precision': 0.7301, 'recall': 0.2459, 'f1': 0.3679, 'auc': 0.8533}
val: {'epoch': 38, 'loss': 0.0869, 'lr': 0.001, 'params': 1142405, 'time_iter': 2.6346, 'accuracy': 0.9805, 'precision': 0.5172, 'recall': 0.1852, 'f1': 0.2727, 'auc': 0.7645}
train: {'epoch': 38, 'eta': 927553.396, 'loss': 0.1087, 'lr': 0.001, 'params': 1142405, 'time_iter': 15.6346, 'accuracy': 0.9685, 'precision': 0.7279, 'recall': 0.2541, 'f1': 0.3767, 'auc': 0.8632}
val: {'epoch': 39, 'loss': 0.0866, 'lr': 0.001, 'params': 1142405, 'time_iter': 2.8068, 'accuracy': 0.982, 'precision': 0.7059, 'recall': 0.1481, 'f1': 0.2449, 'auc': 0.7699}
train: {'epoch': 39, 'eta': 912846.9557, 'loss': 0.1089, 'lr': 0.001, 'params': 1142405, 'time_iter': 15.1008, 'accuracy': 0.9688, 'precision': 0.7339, 'recall': 0.2597, 'f1': 0.3837, 'auc': 0.8577}
val: {'epoch': 40, 'loss': 0.0868, 'lr': 0.001, 'params': 1142405, 'time_iter': 2.6518, 'accuracy': 0.9823, 'precision': 0.75, 'recall': 0.1481, 'f1': 0.2474, 'auc': 0.7742}
train: {'epoch': 40, 'eta': 897233.1397, 'loss': 0.1087, 'lr': 0.001, 'params': 1142405, 'time_iter': 14.5154, 'accuracy': 0.9688, 'precision': 0.744, 'recall': 0.2524, 'f1': 0.377, 'auc': 0.8567}
val: {'epoch': 41, 'loss': 0.0869, 'lr': 0.001, 'params': 1142405, 'time_iter': 2.8482, 'accuracy': 0.9818, 'precision': 0.65, 'recall': 0.1605, 'f1': 0.2574, 'auc': 0.7702}
train: {'epoch': 41, 'eta': 883102.294, 'loss': 0.1076, 'lr': 0.001, 'params': 1142405, 'time_iter': 15.5363, 'accuracy': 0.9695, 'precision': 0.7551, 'recall': 0.2727, 'f1': 0.4007, 'auc': 0.8665}
val: {'epoch': 42, 'loss': 0.086, 'lr': 0.001, 'params': 1142405, 'time_iter': 2.9979, 'accuracy': 0.9827, 'precision': 0.75, 'recall': 0.1852, 'f1': 0.297, 'auc': 0.7874}
train: {'epoch': 42, 'eta': 868277.3422, 'loss': 0.107, 'lr': 0.001, 'params': 1142405, 'time_iter': 15.0907, 'accuracy': 0.9692, 'precision': 0.7434, 'recall': 0.2727, 'f1': 0.399, 'auc': 0.8666}
val: {'epoch': 43, 'loss': 0.0841, 'lr': 0.001, 'params': 1142405, 'time_iter': 2.6538, 'accuracy': 0.983, 'precision': 0.8667, 'recall': 0.1605, 'f1': 0.2708, 'auc': 0.7857}
train: {'epoch': 43, 'eta': 853634.7889, 'loss': 0.1067, 'lr': 0.001, 'params': 1142405, 'time_iter': 15.2544, 'accuracy': 0.9696, 'precision': 0.7613, 'recall': 0.2744, 'f1': 0.4033, 'auc': 0.8666}
val: {'epoch': 44, 'loss': 0.0834, 'lr': 0.001, 'params': 1142405, 'time_iter': 2.7716, 'accuracy': 0.9827, 'precision': 0.75, 'recall': 0.1852, 'f1': 0.297, 'auc': 0.8219}
train: {'epoch': 44, 'eta': 838930.9369, 'loss': 0.1064, 'lr': 0.001, 'params': 1142405, 'time_iter': 15.2429, 'accuracy': 0.9696, 'precision': 0.7484, 'recall': 0.2825, 'f1': 0.4101, 'auc': 0.8715}
val: {'epoch': 45, 'loss': 0.0896, 'lr': 0.001, 'params': 1142405, 'time_iter': 3.2658, 'accuracy': 0.9818, 'precision': 0.875, 'recall': 0.0864, 'f1': 0.1573, 'auc': 0.7985}
train: {'epoch': 45, 'eta': 824260.4425, 'loss': 0.1064, 'lr': 0.001, 'params': 1142405, 'time_iter': 15.3059, 'accuracy': 0.9691, 'precision': 0.7358, 'recall': 0.2735, 'f1': 0.3988, 'auc': 0.8705}
val: {'epoch': 46, 'loss': 0.0812, 'lr': 0.001, 'params': 1142405, 'time_iter': 2.6873, 'accuracy': 0.9823, 'precision': 0.6818, 'recall': 0.1852, 'f1': 0.2913, 'auc': 0.7912}
train: {'epoch': 46, 'eta': 808459.8882, 'loss': 0.1055, 'lr': 0.001, 'params': 1142405, 'time_iter': 14.3716, 'accuracy': 0.9699, 'precision': 0.7648, 'recall': 0.2825, 'f1': 0.4126, 'auc': 0.8712}
val: {'epoch': 47, 'loss': 0.0835, 'lr': 0.001, 'params': 1142405, 'time_iter': 2.832, 'accuracy': 0.9825, 'precision': 0.7647, 'recall': 0.1605, 'f1': 0.2653, 'auc': 0.7936}
train: {'epoch': 47, 'eta': 792692.043, 'loss': 0.1042, 'lr': 0.001, 'params': 1142405, 'time_iter': 14.3631, 'accuracy': 0.9699, 'precision': 0.7485, 'recall': 0.2971, 'f1': 0.4253, 'auc': 0.8746}
val: {'epoch': 48, 'loss': 0.0826, 'lr': 0.001, 'params': 1142405, 'time_iter': 2.6733, 'accuracy': 0.9818, 'precision': 0.625, 'recall': 0.1852, 'f1': 0.2857, 'auc': 0.7839}
train: {'epoch': 48, 'eta': 777393.0425, 'loss': 0.1049, 'lr': 0.001, 'params': 1142405, 'time_iter': 14.7632, 'accuracy': 0.9695, 'precision': 0.74, 'recall': 0.2841, 'f1': 0.4106, 'auc': 0.8755}
val: {'epoch': 49, 'loss': 0.0871, 'lr': 0.001, 'params': 1142405, 'time_iter': 2.7919, 'accuracy': 0.9823, 'precision': 0.75, 'recall': 0.1481, 'f1': 0.2474, 'auc': 0.7615}
train: {'epoch': 49, 'eta': 761807.9662, 'loss': 0.1039, 'lr': 0.001, 'params': 1142405, 'time_iter': 14.481, 'accuracy': 0.9701, 'precision': 0.7633, 'recall': 0.2906, 'f1': 0.4209, 'auc': 0.8784}
val: {'epoch': 50, 'loss': 0.0833, 'lr': 0.001, 'params': 1142405, 'time_iter': 3.3193, 'accuracy': 0.984, 'precision': 0.8261, 'recall': 0.2346, 'f1': 0.3654, 'auc': 0.7814}
train: {'epoch': 50, 'eta': 746587.0779, 'loss': 0.1033, 'lr': 0.001, 'params': 1142405, 'time_iter': 14.8222, 'accuracy': 0.9696, 'precision': 0.726, 'recall': 0.3011, 'f1': 0.4257, 'auc': 0.8773}
val: {'epoch': 51, 'loss': 0.0911, 'lr': 0.001, 'params': 1142405, 'time_iter': 2.6499, 'accuracy': 0.9825, 'precision': 0.6957, 'recall': 0.1975, 'f1': 0.3077, 'auc': 0.7572}
train: {'epoch': 51, 'eta': 731377.894, 'loss': 0.1024, 'lr': 0.001, 'params': 1142405, 'time_iter': 14.8358, 'accuracy': 0.9703, 'precision': 0.7591, 'recall': 0.3044, 'f1': 0.4345, 'auc': 0.8806}
val: {'epoch': 52, 'loss': 0.0837, 'lr': 0.001, 'params': 1142405, 'time_iter': 2.8801, 'accuracy': 0.9832, 'precision': 0.9286, 'recall': 0.1605, 'f1': 0.2737, 'auc': 0.7785}
train: {'epoch': 52, 'eta': 716460.9767, 'loss': 0.1035, 'lr': 0.001, 'params': 1142405, 'time_iter': 15.1584, 'accuracy': 0.9705, 'precision': 0.7635, 'recall': 0.3093, 'f1': 0.4402, 'auc': 0.877}
val: {'epoch': 53, 'loss': 0.0844, 'lr': 0.001, 'params': 1142405, 'time_iter': 2.7046, 'accuracy': 0.9823, 'precision': 0.7, 'recall': 0.1728, 'f1': 0.2772, 'auc': 0.802}
train: {'epoch': 53, 'eta': 701277.7607, 'loss': 0.1023, 'lr': 0.001, 'params': 1142405, 'time_iter': 14.8834, 'accuracy': 0.9695, 'precision': 0.7291, 'recall': 0.2971, 'f1': 0.4221, 'auc': 0.8837}
val: {'epoch': 54, 'loss': 0.0892, 'lr': 0.001, 'params': 1142405, 'time_iter': 2.8058, 'accuracy': 0.982, 'precision': 0.6667, 'recall': 0.1728, 'f1': 0.2745, 'auc': 0.7666}
train: {'epoch': 54, 'eta': 686263.7135, 'loss': 0.1007, 'lr': 0.001, 'params': 1142405, 'time_iter': 15.09, 'accuracy': 0.9706, 'precision': 0.7737, 'recall': 0.3052, 'f1': 0.4377, 'auc': 0.8852}
val: {'epoch': 55, 'loss': 0.0842, 'lr': 0.001, 'params': 1142405, 'time_iter': 3.0447, 'accuracy': 0.9837, 'precision': 0.8182, 'recall': 0.2222, 'f1': 0.3495, 'auc': 0.8191}
train: {'epoch': 55, 'eta': 671328.608, 'loss': 0.1003, 'lr': 0.001, 'params': 1142405, 'time_iter': 15.2104, 'accuracy': 0.9706, 'precision': 0.7533, 'recall': 0.3198, 'f1': 0.449, 'auc': 0.8908}
val: {'epoch': 56, 'loss': 0.0855, 'lr': 0.001, 'params': 1142405, 'time_iter': 2.5804, 'accuracy': 0.9825, 'precision': 0.8, 'recall': 0.1481, 'f1': 0.25, 'auc': 0.7965}
train: {'epoch': 56, 'eta': 656361.2818, 'loss': 0.1002, 'lr': 0.001, 'params': 1142405, 'time_iter': 15.2012, 'accuracy': 0.9705, 'precision': 0.7495, 'recall': 0.3206, 'f1': 0.4491, 'auc': 0.8871}
val: {'epoch': 57, 'loss': 0.0902, 'lr': 0.001, 'params': 1142405, 'time_iter': 2.8027, 'accuracy': 0.9805, 'precision': 0.5714, 'recall': 0.0494, 'f1': 0.0909, 'auc': 0.7439}
train: {'epoch': 57, 'eta': 641488.4478, 'loss': 0.0992, 'lr': 0.001, 'params': 1142405, 'time_iter': 15.3593, 'accuracy': 0.9712, 'precision': 0.7791, 'recall': 0.3206, 'f1': 0.4543, 'auc': 0.8866}
val: {'epoch': 58, 'loss': 0.0903, 'lr': 0.001, 'params': 1142405, 'time_iter': 2.672, 'accuracy': 0.9825, 'precision': 0.8, 'recall': 0.1481, 'f1': 0.25, 'auc': 0.7631}
train: {'epoch': 58, 'eta': 626495.3563, 'loss': 0.0985, 'lr': 0.001, 'params': 1142405, 'time_iter': 15.2353, 'accuracy': 0.9711, 'precision': 0.7656, 'recall': 0.3287, 'f1': 0.46, 'auc': 0.8929}
val: {'epoch': 59, 'loss': 0.0817, 'lr': 0.001, 'params': 1142405, 'time_iter': 2.7164, 'accuracy': 0.982, 'precision': 0.6129, 'recall': 0.2346, 'f1': 0.3393, 'auc': 0.8099}
train: {'epoch': 59, 'eta': 611160.2902, 'loss': 0.0979, 'lr': 0.001, 'params': 1142405, 'time_iter': 14.77, 'accuracy': 0.9711, 'precision': 0.7602, 'recall': 0.332, 'f1': 0.4621, 'auc': 0.8954}
val: {'epoch': 60, 'loss': 0.0873, 'lr': 0.001, 'params': 1142405, 'time_iter': 2.8127, 'accuracy': 0.9832, 'precision': 0.7727, 'recall': 0.2099, 'f1': 0.3301, 'auc': 0.7662}
train: {'epoch': 60, 'eta': 595862.5359, 'loss': 0.0972, 'lr': 0.001, 'params': 1142405, 'time_iter': 14.8199, 'accuracy': 0.9716, 'precision': 0.7833, 'recall': 0.3344, 'f1': 0.4687, 'auc': 0.8954}
val: {'epoch': 61, 'loss': 0.0946, 'lr': 0.001, 'params': 1142405, 'time_iter': 2.6001, 'accuracy': 0.981, 'precision': 0.6, 'recall': 0.1111, 'f1': 0.1875, 'auc': 0.7537}
train: {'epoch': 61, 'eta': 580487.8582, 'loss': 0.0973, 'lr': 0.001, 'params': 1142405, 'time_iter': 14.6955, 'accuracy': 0.9714, 'precision': 0.7655, 'recall': 0.3417, 'f1': 0.4725, 'auc': 0.8971}
val: {'epoch': 62, 'loss': 0.0921, 'lr': 0.001, 'params': 1142405, 'time_iter': 2.8462, 'accuracy': 0.9808, 'precision': 0.6, 'recall': 0.0741, 'f1': 0.1319, 'auc': 0.7383}
train: {'epoch': 62, 'eta': 564940.9086, 'loss': 0.0979, 'lr': 0.001, 'params': 1142405, 'time_iter': 14.3971, 'accuracy': 0.9713, 'precision': 0.7713, 'recall': 0.3312, 'f1': 0.4634, 'auc': 0.8957}
val: {'epoch': 63, 'loss': 0.093, 'lr': 0.001, 'params': 1142405, 'time_iter': 3.0501, 'accuracy': 0.9813, 'precision': 0.5909, 'recall': 0.1605, 'f1': 0.2524, 'auc': 0.758}
train: {'epoch': 63, 'eta': 549522.9565, 'loss': 0.097, 'lr': 0.001, 'params': 1142405, 'time_iter': 14.5805, 'accuracy': 0.9715, 'precision': 0.7668, 'recall': 0.3417, 'f1': 0.4728, 'auc': 0.899}
val: {'epoch': 64, 'loss': 0.0916, 'lr': 0.001, 'params': 1142405, 'time_iter': 2.721, 'accuracy': 0.9808, 'precision': 0.5357, 'recall': 0.1852, 'f1': 0.2752, 'auc': 0.7419}
train: {'epoch': 64, 'eta': 533871.9198, 'loss': 0.0951, 'lr': 0.001, 'params': 1142405, 'time_iter': 14.1368, 'accuracy': 0.9715, 'precision': 0.7629, 'recall': 0.3474, 'f1': 0.4774, 'auc': 0.9057}
val: {'epoch': 65, 'loss': 0.0884, 'lr': 0.001, 'params': 1142405, 'time_iter': 2.8703, 'accuracy': 0.9808, 'precision': 0.5455, 'recall': 0.1481, 'f1': 0.233, 'auc': 0.7949}
train: {'epoch': 65, 'eta': 518372.8354, 'loss': 0.0966, 'lr': 0.001, 'params': 1142405, 'time_iter': 14.3603, 'accuracy': 0.9715, 'precision': 0.7673, 'recall': 0.3425, 'f1': 0.4736, 'auc': 0.9}
val: {'epoch': 66, 'loss': 0.0907, 'lr': 0.001, 'params': 1142405, 'time_iter': 2.5844, 'accuracy': 0.9813, 'precision': 0.5833, 'recall': 0.1728, 'f1': 0.2667, 'auc': 0.7814}
train: {'epoch': 66, 'eta': 503098.8431, 'loss': 0.0945, 'lr': 0.001, 'params': 1142405, 'time_iter': 14.7619, 'accuracy': 0.9717, 'precision': 0.7702, 'recall': 0.3482, 'f1': 0.4796, 'auc': 0.9073}
val: {'epoch': 67, 'loss': 0.0839, 'lr': 0.001, 'params': 1142405, 'time_iter': 2.7917, 'accuracy': 0.983, 'precision': 0.7391, 'recall': 0.2099, 'f1': 0.3269, 'auc': 0.792}
train: {'epoch': 67, 'eta': 487698.7598, 'loss': 0.0953, 'lr': 0.001, 'params': 1142405, 'time_iter': 14.4964, 'accuracy': 0.9721, 'precision': 0.7807, 'recall': 0.3555, 'f1': 0.4886, 'auc': 0.9043}
val: {'epoch': 68, 'loss': 0.0859, 'lr': 0.001, 'params': 1142405, 'time_iter': 3.2645, 'accuracy': 0.982, 'precision': 0.7692, 'recall': 0.1235, 'f1': 0.2128, 'auc': 0.8075}
train: {'epoch': 68, 'eta': 472414.8908, 'loss': 0.094, 'lr': 0.001, 'params': 1142405, 'time_iter': 14.7174, 'accuracy': 0.9724, 'precision': 0.7978, 'recall': 0.3523, 'f1': 0.4887, 'auc': 0.9058}
val: {'epoch': 69, 'loss': 0.0853, 'lr': 0.001, 'params': 1142405, 'time_iter': 2.6378, 'accuracy': 0.983, 'precision': 0.7391, 'recall': 0.2099, 'f1': 0.3269, 'auc': 0.7963}
train: {'epoch': 69, 'eta': 457304.474, 'loss': 0.0948, 'lr': 0.001, 'params': 1142405, 'time_iter': 15.1017, 'accuracy': 0.9712, 'precision': 0.7568, 'recall': 0.3385, 'f1': 0.4678, 'auc': 0.9036}
val: {'epoch': 70, 'loss': 0.0852, 'lr': 0.001, 'params': 1142405, 'time_iter': 2.7918, 'accuracy': 0.9818, 'precision': 0.6071, 'recall': 0.2099, 'f1': 0.3119, 'auc': 0.7737}
train: {'epoch': 70, 'eta': 442064.361, 'loss': 0.0931, 'lr': 0.001, 'params': 1142405, 'time_iter': 14.8219, 'accuracy': 0.9728, 'precision': 0.7996, 'recall': 0.3661, 'f1': 0.5022, 'auc': 0.908}
val: {'epoch': 71, 'loss': 0.0918, 'lr': 0.001, 'params': 1142405, 'time_iter': 2.6103, 'accuracy': 0.9815, 'precision': 0.5926, 'recall': 0.1975, 'f1': 0.2963, 'auc': 0.773}
train: {'epoch': 71, 'eta': 426762.644, 'loss': 0.0929, 'lr': 0.001, 'params': 1142405, 'time_iter': 14.6688, 'accuracy': 0.9727, 'precision': 0.785, 'recall': 0.3734, 'f1': 0.5061, 'auc': 0.9114}
val: {'epoch': 72, 'loss': 0.0905, 'lr': 0.001, 'params': 1142405, 'time_iter': 2.5906, 'accuracy': 0.9827, 'precision': 0.9167, 'recall': 0.1358, 'f1': 0.2366, 'auc': 0.7476}
train: {'epoch': 72, 'eta': 411460.7631, 'loss': 0.0928, 'lr': 0.001, 'params': 1142405, 'time_iter': 14.6534, 'accuracy': 0.9725, 'precision': 0.7887, 'recall': 0.3636, 'f1': 0.4978, 'auc': 0.911}
val: {'epoch': 73, 'loss': 0.0822, 'lr': 0.001, 'params': 1142405, 'time_iter': 2.8588, 'accuracy': 0.9827, 'precision': 0.75, 'recall': 0.1852, 'f1': 0.297, 'auc': 0.8042}
train: {'epoch': 73, 'eta': 396115.1905, 'loss': 0.0932, 'lr': 0.001, 'params': 1142405, 'time_iter': 14.5158, 'accuracy': 0.9726, 'precision': 0.7885, 'recall': 0.3661, 'f1': 0.5, 'auc': 0.9097}
val: {'epoch': 74, 'loss': 0.0884, 'lr': 0.001, 'params': 1142405, 'time_iter': 2.6218, 'accuracy': 0.982, 'precision': 0.7059, 'recall': 0.1481, 'f1': 0.2449, 'auc': 0.7882}
train: {'epoch': 74, 'eta': 380917.8047, 'loss': 0.0922, 'lr': 0.001, 'params': 1142405, 'time_iter': 14.9161, 'accuracy': 0.9723, 'precision': 0.7681, 'recall': 0.3709, 'f1': 0.5003, 'auc': 0.9115}
val: {'epoch': 75, 'loss': 0.1048, 'lr': 0.001, 'params': 1142405, 'time_iter': 2.7414, 'accuracy': 0.9805, 'precision': 0.5714, 'recall': 0.0494, 'f1': 0.0909, 'auc': 0.7659}
train: {'epoch': 75, 'eta': 365744.5196, 'loss': 0.0911, 'lr': 0.001, 'params': 1142405, 'time_iter': 15.0025, 'accuracy': 0.9722, 'precision': 0.7696, 'recall': 0.3661, 'f1': 0.4961, 'auc': 0.915}
val: {'epoch': 76, 'loss': 0.092, 'lr': 0.001, 'params': 1142405, 'time_iter': 3.0115, 'accuracy': 0.9818, 'precision': 0.6364, 'recall': 0.1728, 'f1': 0.2718, 'auc': 0.8015}
train: {'epoch': 76, 'eta': 350404.3973, 'loss': 0.0912, 'lr': 0.001, 'params': 1142405, 'time_iter': 14.482, 'accuracy': 0.9725, 'precision': 0.7804, 'recall': 0.3693, 'f1': 0.5014, 'auc': 0.9187}
val: {'epoch': 77, 'loss': 0.0872, 'lr': 0.001, 'params': 1142405, 'time_iter': 2.6584, 'accuracy': 0.9827, 'precision': 0.6923, 'recall': 0.2222, 'f1': 0.3364, 'auc': 0.7754}
train: {'epoch': 77, 'eta': 335436.5543, 'loss': 0.0902, 'lr': 0.001, 'params': 1142405, 'time_iter': 15.726, 'accuracy': 0.973, 'precision': 0.7882, 'recall': 0.3807, 'f1': 0.5134, 'auc': 0.9182}
val: {'epoch': 78, 'loss': 0.0915, 'lr': 0.001, 'params': 1142405, 'time_iter': 2.8241, 'accuracy': 0.9813, 'precision': 0.625, 'recall': 0.1235, 'f1': 0.2062, 'auc': 0.7827}
train: {'epoch': 78, 'eta': 320299.4852, 'loss': 0.0903, 'lr': 0.001, 'params': 1142405, 'time_iter': 15.2197, 'accuracy': 0.9725, 'precision': 0.777, 'recall': 0.3734, 'f1': 0.5044, 'auc': 0.9196}
val: {'epoch': 79, 'loss': 0.095, 'lr': 0.001, 'params': 1142405, 'time_iter': 2.7049, 'accuracy': 0.9801, 'precision': 0.4706, 'recall': 0.0988, 'f1': 0.1633, 'auc': 0.796}
train: {'epoch': 79, 'eta': 305129.6389, 'loss': 0.0903, 'lr': 0.001, 'params': 1142405, 'time_iter': 15.1432, 'accuracy': 0.9726, 'precision': 0.7765, 'recall': 0.375, 'f1': 0.5057, 'auc': 0.9171}
val: {'epoch': 80, 'loss': 0.0969, 'lr': 0.001, 'params': 1142405, 'time_iter': 2.8462, 'accuracy': 0.981, 'precision': 0.6154, 'recall': 0.0988, 'f1': 0.1702, 'auc': 0.7861}
train: {'epoch': 80, 'eta': 289903.2849, 'loss': 0.0893, 'lr': 0.001, 'params': 1142405, 'time_iter': 14.9513, 'accuracy': 0.9726, 'precision': 0.7748, 'recall': 0.3799, 'f1': 0.5098, 'auc': 0.9222}
val: {'epoch': 81, 'loss': 0.0988, 'lr': 0.001, 'params': 1142405, 'time_iter': 2.9082, 'accuracy': 0.9805, 'precision': 0.5385, 'recall': 0.0864, 'f1': 0.1489, 'auc': 0.7706}
train: {'epoch': 81, 'eta': 274659.402, 'loss': 0.0888, 'lr': 0.001, 'params': 1142405, 'time_iter': 14.8909, 'accuracy': 0.973, 'precision': 0.7718, 'recall': 0.3953, 'f1': 0.5228, 'auc': 0.9206}
val: {'epoch': 82, 'loss': 0.1003, 'lr': 0.001, 'params': 1142405, 'time_iter': 2.643, 'accuracy': 0.9813, 'precision': 0.625, 'recall': 0.1235, 'f1': 0.2062, 'auc': 0.7304}
train: {'epoch': 82, 'eta': 259519.9305, 'loss': 0.0888, 'lr': 0.001, 'params': 1142405, 'time_iter': 15.3953, 'accuracy': 0.9723, 'precision': 0.7666, 'recall': 0.3758, 'f1': 0.5044, 'auc': 0.9242}
val: {'epoch': 83, 'loss': 0.0978, 'lr': 0.001, 'params': 1142405, 'time_iter': 2.6532, 'accuracy': 0.9813, 'precision': 0.6667, 'recall': 0.0988, 'f1': 0.172, 'auc': 0.773}
train: {'epoch': 83, 'eta': 244297.9244, 'loss': 0.087, 'lr': 0.001, 'params': 1142405, 'time_iter': 15.0595, 'accuracy': 0.9736, 'precision': 0.7883, 'recall': 0.405, 'f1': 0.5351, 'auc': 0.9259}
val: {'epoch': 84, 'loss': 0.1084, 'lr': 0.001, 'params': 1142405, 'time_iter': 2.6016, 'accuracy': 0.9803, 'precision': 0.5, 'recall': 0.0864, 'f1': 0.1474, 'auc': 0.7393}
train: {'epoch': 84, 'eta': 228981.1848, 'loss': 0.0878, 'lr': 0.001, 'params': 1142405, 'time_iter': 14.5733, 'accuracy': 0.9727, 'precision': 0.7699, 'recall': 0.3856, 'f1': 0.5138, 'auc': 0.9276}
val: {'epoch': 85, 'loss': 0.0963, 'lr': 0.001, 'params': 1142405, 'time_iter': 2.723, 'accuracy': 0.9835, 'precision': 0.8824, 'recall': 0.1852, 'f1': 0.3061, 'auc': 0.7477}
train: {'epoch': 85, 'eta': 213677.2855, 'loss': 0.0868, 'lr': 0.001, 'params': 1142405, 'time_iter': 14.6054, 'accuracy': 0.9733, 'precision': 0.7895, 'recall': 0.3896, 'f1': 0.5217, 'auc': 0.9276}
val: {'epoch': 86, 'loss': 0.1044, 'lr': 0.001, 'params': 1142405, 'time_iter': 3.1114, 'accuracy': 0.9793, 'precision': 0.4231, 'recall': 0.1358, 'f1': 0.2056, 'auc': 0.7513}
train: {'epoch': 86, 'eta': 198337.9186, 'loss': 0.0865, 'lr': 0.001, 'params': 1142405, 'time_iter': 14.3337, 'accuracy': 0.9733, 'precision': 0.7824, 'recall': 0.3969, 'f1': 0.5267, 'auc': 0.9273}
val: {'epoch': 87, 'loss': 0.0985, 'lr': 0.001, 'params': 1142405, 'time_iter': 2.6629, 'accuracy': 0.9815, 'precision': 0.6923, 'recall': 0.1111, 'f1': 0.1915, 'auc': 0.763}
train: {'epoch': 87, 'eta': 183037.1824, 'loss': 0.0877, 'lr': 0.001, 'params': 1142405, 'time_iter': 14.5134, 'accuracy': 0.9729, 'precision': 0.7737, 'recall': 0.3912, 'f1': 0.5197, 'auc': 0.9265}
val: {'epoch': 88, 'loss': 0.1065, 'lr': 0.001, 'params': 1142405, 'time_iter': 2.7848, 'accuracy': 0.9813, 'precision': 0.6429, 'recall': 0.1111, 'f1': 0.1895, 'auc': 0.7342}
train: {'epoch': 88, 'eta': 167759.2145, 'loss': 0.0847, 'lr': 0.001, 'params': 1142405, 'time_iter': 14.6277, 'accuracy': 0.9736, 'precision': 0.7917, 'recall': 0.401, 'f1': 0.5323, 'auc': 0.9327}
val: {'epoch': 89, 'loss': 0.1067, 'lr': 0.001, 'params': 1142405, 'time_iter': 3.0489, 'accuracy': 0.9815, 'precision': 0.7778, 'recall': 0.0864, 'f1': 0.1556, 'auc': 0.7544}
train: {'epoch': 89, 'eta': 152524.9111, 'loss': 0.0856, 'lr': 0.001, 'params': 1142405, 'time_iter': 14.9656, 'accuracy': 0.9736, 'precision': 0.7858, 'recall': 0.405, 'f1': 0.5345, 'auc': 0.9304}
val: {'epoch': 90, 'loss': 0.1102, 'lr': 0.001, 'params': 1142405, 'time_iter': 2.5919, 'accuracy': 0.9805, 'precision': 0.5333, 'recall': 0.0988, 'f1': 0.1667, 'auc': 0.7226}
train: {'epoch': 90, 'eta': 137303.9555, 'loss': 0.0854, 'lr': 0.001, 'params': 1142405, 'time_iter': 15.1325, 'accuracy': 0.9744, 'precision': 0.7964, 'recall': 0.4253, 'f1': 0.5545, 'auc': 0.929}
val: {'epoch': 91, 'loss': 0.1125, 'lr': 0.001, 'params': 1142405, 'time_iter': 2.7567, 'accuracy': 0.9805, 'precision': 0.5385, 'recall': 0.0864, 'f1': 0.1489, 'auc': 0.7148}
train: {'epoch': 91, 'eta': 122018.2842, 'loss': 0.0852, 'lr': 0.001, 'params': 1142405, 'time_iter': 14.4944, 'accuracy': 0.9742, 'precision': 0.7927, 'recall': 0.4221, 'f1': 0.5508, 'auc': 0.9293}
val: {'epoch': 92, 'loss': 0.1121, 'lr': 0.001, 'params': 1142405, 'time_iter': 2.607, 'accuracy': 0.9813, 'precision': 0.6111, 'recall': 0.1358, 'f1': 0.2222, 'auc': 0.7162}
train: {'epoch': 92, 'eta': 106788.2163, 'loss': 0.0838, 'lr': 0.001, 'params': 1142405, 'time_iter': 15.1093, 'accuracy': 0.9739, 'precision': 0.7827, 'recall': 0.418, 'f1': 0.545, 'auc': 0.9367}
val: {'epoch': 93, 'loss': 0.1121, 'lr': 0.001, 'params': 1142405, 'time_iter': 2.7989, 'accuracy': 0.9805, 'precision': 0.5455, 'recall': 0.0741, 'f1': 0.1304, 'auc': 0.7185}
train: {'epoch': 93, 'eta': 91516.9644, 'loss': 0.0836, 'lr': 0.001, 'params': 1142405, 'time_iter': 14.5851, 'accuracy': 0.974, 'precision': 0.7947, 'recall': 0.4115, 'f1': 0.5422, 'auc': 0.9354}
val: {'epoch': 94, 'loss': 0.104, 'lr': 0.001, 'params': 1142405, 'time_iter': 2.7544, 'accuracy': 0.9818, 'precision': 0.7143, 'recall': 0.1235, 'f1': 0.2105, 'auc': 0.7629}
train: {'epoch': 94, 'eta': 76257.4308, 'loss': 0.0836, 'lr': 0.001, 'params': 1142405, 'time_iter': 14.6991, 'accuracy': 0.9747, 'precision': 0.8067, 'recall': 0.4269, 'f1': 0.5584, 'auc': 0.9328}
val: {'epoch': 95, 'loss': 0.1041, 'lr': 0.001, 'params': 1142405, 'time_iter': 2.6886, 'accuracy': 0.983, 'precision': 0.8667, 'recall': 0.1605, 'f1': 0.2708, 'auc': 0.7557}
train: {'epoch': 95, 'eta': 61027.4012, 'loss': 0.0825, 'lr': 0.001, 'params': 1142405, 'time_iter': 15.3221, 'accuracy': 0.9744, 'precision': 0.7839, 'recall': 0.4359, 'f1': 0.5603, 'auc': 0.9357}
val: {'epoch': 96, 'loss': 0.117, 'lr': 0.001, 'params': 1142405, 'time_iter': 3.0357, 'accuracy': 0.9818, 'precision': 0.6875, 'recall': 0.1358, 'f1': 0.2268, 'auc': 0.697}
train: {'epoch': 96, 'eta': 45771.8072, 'loss': 0.0836, 'lr': 0.001, 'params': 1142405, 'time_iter': 14.8663, 'accuracy': 0.9736, 'precision': 0.7749, 'recall': 0.4164, 'f1': 0.5417, 'auc': 0.9348}
val: {'epoch': 97, 'loss': 0.1092, 'lr': 0.001, 'params': 1142405, 'time_iter': 3.162, 'accuracy': 0.9818, 'precision': 0.625, 'recall': 0.1852, 'f1': 0.2857, 'auc': 0.7257}
train: {'epoch': 97, 'eta': 30509.5757, 'loss': 0.0822, 'lr': 0.001, 'params': 1142405, 'time_iter': 14.591, 'accuracy': 0.9745, 'precision': 0.7979, 'recall': 0.4261, 'f1': 0.5556, 'auc': 0.937}
val: {'epoch': 98, 'loss': 0.1033, 'lr': 0.001, 'params': 1142405, 'time_iter': 2.6785, 'accuracy': 0.9832, 'precision': 0.7727, 'recall': 0.2099, 'f1': 0.3301, 'auc': 0.7196}
train: {'epoch': 98, 'eta': 15254.2079, 'loss': 0.0812, 'lr': 0.001, 'params': 1142405, 'time_iter': 14.7691, 'accuracy': 0.9747, 'precision': 0.7927, 'recall': 0.4407, 'f1': 0.5665, 'auc': 0.9409}
val: {'epoch': 99, 'loss': 0.1125, 'lr': 0.001, 'params': 1142405, 'time_iter': 2.8167, 'accuracy': 0.982, 'precision': 0.7333, 'recall': 0.1358, 'f1': 0.2292, 'auc': 0.7465}
train: {'epoch': 99, 'eta': 0.0, 'loss': 0.0819, 'lr': 0.001, 'params': 1142405, 'time_iter': 15.1325, 'accuracy': 0.9748, 'precision': 0.7905, 'recall': 0.444, 'f1': 0.5686, 'auc': 0.9389}
test: {'epoch': 99, 'loss': 0.1915, 'lr': 0.001, 'params': 1142405, 'time_iter': 2.6778, 'accuracy': 0.9684, 'precision': 0.5, 'recall': 0.0615, 'f1': 0.1096, 'auc': 0.727}
test: {'epoch': 44, 'loss': 0.146, 'lr': 0.001, 'params': 1142405, 'time_iter': 2.7233, 'accuracy': 0.9711, 'precision': 0.7619, 'recall': 0.1231, 'f1': 0.2119, 'auc': 0.7324}
