GraphGymModule(
  (model): DilatedGNNModel(
    (encoder): FeatureEncoder(
      (node_encoder): AtomEncoder(
        (atom_embedding_list): ModuleList(
          (0): Embedding(119, 300)
          (1): Embedding(4, 300)
          (2): Embedding(12, 300)
          (3): Embedding(12, 300)
          (4): Embedding(10, 300)
          (5): Embedding(6, 300)
          (6): Embedding(6, 300)
          (7): Embedding(2, 300)
          (8): Embedding(2, 300)
        )
      )
      (edge_encoder): BondEncoder(
        (bond_embedding_list): ModuleList(
          (0): Embedding(5, 300)
          (1): Embedding(6, 300)
          (2): Embedding(2, 300)
        )
      )
    )
    (mp): GNNDilatedStage(
      (classic_layers): ModuleList(
        (0): GeneralLayer(
          (layer): EGINConv(
            (model): GINEConv(nn=Sequential(
              (0): Linear(300, 300, bias=True)
              (1): ReLU()
              (2): Linear(300, 300, bias=True)
            ))
          )
          (post_layer): Sequential(
            (0): BatchNorm1d(300, eps=1e-05, momentum=0.1, affine=True, track_running_stats=True)
            (1): Dropout(p=0.5, inplace=False)
            (2): ReLU()
          )
        )
        (1): GeneralLayer(
          (layer): EGINConv(
            (model): GINEConv(nn=Sequential(
              (0): Linear(300, 300, bias=True)
              (1): ReLU()
              (2): Linear(300, 300, bias=True)
            ))
          )
          (post_layer): Sequential(
            (0): BatchNorm1d(300, eps=1e-05, momentum=0.1, affine=True, track_running_stats=True)
            (1): Dropout(p=0.5, inplace=False)
            (2): ReLU()
          )
        )
      )
      (dilated_layers): ModuleList(
        (0): DilatedGeneralLayer(
          (layer): EGINConv(
            (model): GINEConv(nn=Sequential(
              (0): Linear(300, 300, bias=True)
              (1): ReLU()
              (2): Linear(300, 300, bias=True)
            ))
          )
          (post_layer): Sequential(
            (0): BatchNorm1d(300, eps=1e-05, momentum=0.1, affine=True, track_running_stats=True)
            (1): Dropout(p=0.5, inplace=False)
            (2): ReLU()
          )
          (gem): GeM(p=3.0000, eps=1e-06)
        )
      )
      (act): ReLU()
    )
    (post_mp): GNNGraphHead(
      (layer_post_mp): MLP(
        (model): Sequential(
          (0): Linear(
            (model): Linear(600, 1, bias=True)
          )
        )
      )
    )
  )
)
accelerator: cuda
benchmark: False
bn:
  eps: 1e-05
  mom: 0.1
cfg_dest: config.yaml
custom_metrics: []
dataset:
  cache_load: False
  cache_save: False
  dir: ./datasets
  edge_dim: 300
  edge_encoder: True
  edge_encoder_bn: False
  edge_encoder_name: Bond
  edge_message_ratio: 0.8
  edge_negative_sampling_ratio: 1.0
  edge_train_mode: all
  encoder: True
  encoder_bn: True
  encoder_dim: 128
  encoder_name: db
  fast_loader: False
  format: OGB
  label_column: none
  label_table: none
  location: local
  name: ogbg-molhiv
  node_encoder: True
  node_encoder_bn: False
  node_encoder_name: Atom
  remove_feature: False
  resample_disjoint: False
  resample_negative: False
  shuffle_split: True
  split: [0.8, 0.1, 0.1]
  split_mode: random
  task: graph
  task_type: classification
  to_undirected: False
  transductive: False
  transform: none
  tu_simple: True
devices: 1
gnn:
  act: relu
  act_on_last_layer_mp: False
  agg: none
  att_final_linear: False
  att_final_linear_bn: False
  att_heads: 1
  batchnorm: True
  clear_feature: True
  dilated_path_join: concat
  dim_inner: 300
  dropout: 0.5
  head: graph
  keep_edge: 0.5
  l2norm: True
  layer_type: eginconv
  layers_k1: 2
  layers_k2: 1
  layers_mp: 5
  layers_post_mp: 1
  layers_pre_mp: 0
  learn_alpha_residual_connection: True
  msg_direction: single
  normalize_adj: False
  self_msg: concat
  skip_every: 1
  stage_type: stack
  use_edge_features: True
gpu_mem: False
mem:
  inplace: False
metric_agg: argmax
metric_best: auc
model:
  edge_decoding: dot
  graph_pooling: mean
  loss_fun: cross_entropy
  match_upper: True
  size_average: mean
  thresh: 0.5
  type: dilated_gnn
num_threads: 6
num_workers: 16
optim:
  base_lr: 0.001
  lr_decay: 0.1
  max_epoch: 100
  momentum: 0.9
  optimizer: adam
  scheduler: none
  steps: [30, 60, 90]
  weight_decay: 0.0
out_dir: results_experiments/ogbg_molhiv_baseline_grid_design/ogbg_molhiv_baseline-type=dilated_gnn-layer_type=eginconv-layers_k1=2-layers_k2=1-dilated_path_join=concat-learn_alpha_residual_connection=True
params: 870903
print: both
round: 4
run_dir: results_experiments/ogbg_molhiv_baseline_grid_design/ogbg_molhiv_baseline-type=dilated_gnn-layer_type=eginconv-layers_k1=2-layers_k2=1-dilated_path_join=concat-learn_alpha_residual_connection=True/9
seed: 10
share:
  dim_in: 9
  dim_out: 2
  num_splits: 3
tensorboard_agg: True
tensorboard_each_run: False
train:
  auto_resume: False
  batch_size: 32
  ckpt_clean: True
  ckpt_period: 100
  enable_ckpt: True
  epoch_resume: -1
  eval_period: 1
  iter_per_epoch: 32
  neighbor_sizes: [20, 15, 10, 5]
  node_per_graph: 32
  radius: extend
  sample_node: False
  sampler: full_batch
  skip_train_eval: False
  walk_length: 4
val:
  node_per_graph: 32
  radius: extend
  sample_node: False
  sampler: full_batch
view_emb: False
Num parameters: 870903
val: {'epoch': 0, 'loss': 0.6858, 'lr': 0.001, 'params': 870903, 'time_iter': 0.9501, 'accuracy': 0.9844, 'precision': 0.0, 'recall': 0.0, 'f1': 0.0, 'auc': 0.9524}
val: {'epoch': 0, 'loss': 0.0988, 'lr': 0.001, 'params': 870903, 'time_iter': 2.1421, 'accuracy': 0.9803, 'precision': 0.0, 'recall': 0.0, 'f1': 0.0, 'auc': 0.543}
train: {'epoch': 0, 'eta': 1331741.9715, 'loss': 0.1853, 'lr': 0.001, 'params': 870903, 'time_iter': 13.0728, 'accuracy': 0.9619, 'precision': 0.0435, 'recall': 0.0008, 'f1': 0.0016, 'auc': 0.5446}
val: {'epoch': 1, 'loss': 0.0957, 'lr': 0.001, 'params': 870903, 'time_iter': 2.1393, 'accuracy': 0.9803, 'precision': 0.0, 'recall': 0.0, 'f1': 0.0, 'auc': 0.6376}
train: {'epoch': 1, 'eta': 1309922.3547, 'loss': 0.1556, 'lr': 0.001, 'params': 870903, 'time_iter': 12.9069, 'accuracy': 0.9626, 'precision': 0.0, 'recall': 0.0, 'f1': 0.0, 'auc': 0.632}
val: {'epoch': 2, 'loss': 0.089, 'lr': 0.001, 'params': 870903, 'time_iter': 2.1658, 'accuracy': 0.9803, 'precision': 0.0, 'recall': 0.0, 'f1': 0.0, 'auc': 0.7027}
train: {'epoch': 2, 'eta': 1296637.7464, 'loss': 0.1516, 'lr': 0.001, 'params': 870903, 'time_iter': 12.9923, 'accuracy': 0.9626, 'precision': 0.0, 'recall': 0.0, 'f1': 0.0, 'auc': 0.6757}
val: {'epoch': 3, 'loss': 0.0904, 'lr': 0.001, 'params': 870903, 'time_iter': 2.5199, 'accuracy': 0.9803, 'precision': 0.0, 'recall': 0.0, 'f1': 0.0, 'auc': 0.6999}
train: {'epoch': 3, 'eta': 1281608.5005, 'loss': 0.1476, 'lr': 0.001, 'params': 870903, 'time_iter': 12.9234, 'accuracy': 0.9626, 'precision': 0.0, 'recall': 0.0, 'f1': 0.0, 'auc': 0.7062}
val: {'epoch': 4, 'loss': 0.0861, 'lr': 0.001, 'params': 870903, 'time_iter': 2.0944, 'accuracy': 0.9803, 'precision': 0.0, 'recall': 0.0, 'f1': 0.0, 'auc': 0.7444}
train: {'epoch': 4, 'eta': 1276788.6161, 'loss': 0.1449, 'lr': 0.001, 'params': 870903, 'time_iter': 13.4102, 'accuracy': 0.9625, 'precision': 0.0, 'recall': 0.0, 'f1': 0.0, 'auc': 0.7226}
val: {'epoch': 5, 'loss': 0.0877, 'lr': 0.001, 'params': 870903, 'time_iter': 2.0509, 'accuracy': 0.9805, 'precision': 1.0, 'recall': 0.0123, 'f1': 0.0244, 'auc': 0.7494}
train: {'epoch': 5, 'eta': 1258644.5582, 'loss': 0.1418, 'lr': 0.001, 'params': 870903, 'time_iter': 12.7693, 'accuracy': 0.9625, 'precision': 0.0, 'recall': 0.0, 'f1': 0.0, 'auc': 0.7396}
val: {'epoch': 6, 'loss': 0.0849, 'lr': 0.001, 'params': 870903, 'time_iter': 2.2428, 'accuracy': 0.9805, 'precision': 1.0, 'recall': 0.0123, 'f1': 0.0244, 'auc': 0.7488}
train: {'epoch': 6, 'eta': 1244193.6407, 'loss': 0.1401, 'lr': 0.001, 'params': 870903, 'time_iter': 12.9349, 'accuracy': 0.9625, 'precision': 0.25, 'recall': 0.0008, 'f1': 0.0016, 'auc': 0.7486}
val: {'epoch': 7, 'loss': 0.0861, 'lr': 0.001, 'params': 870903, 'time_iter': 2.1689, 'accuracy': 0.9808, 'precision': 0.6, 'recall': 0.0741, 'f1': 0.1319, 'auc': 0.7482}
train: {'epoch': 7, 'eta': 1228600.322, 'loss': 0.1373, 'lr': 0.001, 'params': 870903, 'time_iter': 12.8142, 'accuracy': 0.9626, 'precision': 0.5263, 'recall': 0.0081, 'f1': 0.016, 'auc': 0.7651}
val: {'epoch': 8, 'loss': 0.0858, 'lr': 0.001, 'params': 870903, 'time_iter': 2.2264, 'accuracy': 0.9815, 'precision': 0.8571, 'recall': 0.0741, 'f1': 0.1364, 'auc': 0.7778}
train: {'epoch': 8, 'eta': 1215911.9402, 'loss': 0.136, 'lr': 0.001, 'params': 870903, 'time_iter': 13.042, 'accuracy': 0.9623, 'precision': 0.3333, 'recall': 0.0057, 'f1': 0.0112, 'auc': 0.7687}
val: {'epoch': 9, 'loss': 0.0922, 'lr': 0.001, 'params': 870903, 'time_iter': 2.1545, 'accuracy': 0.9769, 'precision': 0.25, 'recall': 0.0864, 'f1': 0.1284, 'auc': 0.7568}
train: {'epoch': 9, 'eta': 1202672.3196, 'loss': 0.1347, 'lr': 0.001, 'params': 870903, 'time_iter': 12.9983, 'accuracy': 0.9624, 'precision': 0.4194, 'recall': 0.0106, 'f1': 0.0206, 'auc': 0.7772}
val: {'epoch': 10, 'loss': 0.0796, 'lr': 0.001, 'params': 870903, 'time_iter': 2.6742, 'accuracy': 0.9818, 'precision': 0.8, 'recall': 0.0988, 'f1': 0.1758, 'auc': 0.7891}
train: {'epoch': 10, 'eta': 1189220.1495, 'loss': 0.1339, 'lr': 0.001, 'params': 870903, 'time_iter': 12.9757, 'accuracy': 0.9626, 'precision': 0.5294, 'recall': 0.0219, 'f1': 0.0421, 'auc': 0.7778}
val: {'epoch': 11, 'loss': 0.0832, 'lr': 0.001, 'params': 870903, 'time_iter': 2.1534, 'accuracy': 0.9805, 'precision': 0.5263, 'recall': 0.1235, 'f1': 0.2, 'auc': 0.7777}
train: {'epoch': 11, 'eta': 1172916.6555, 'loss': 0.1319, 'lr': 0.001, 'params': 870903, 'time_iter': 12.5956, 'accuracy': 0.9625, 'precision': 0.4938, 'recall': 0.0325, 'f1': 0.0609, 'auc': 0.7867}
val: {'epoch': 12, 'loss': 0.0799, 'lr': 0.001, 'params': 870903, 'time_iter': 2.1431, 'accuracy': 0.9823, 'precision': 0.9, 'recall': 0.1111, 'f1': 0.1978, 'auc': 0.787}
train: {'epoch': 12, 'eta': 1160083.5512, 'loss': 0.1303, 'lr': 0.001, 'params': 870903, 'time_iter': 13.0249, 'accuracy': 0.9627, 'precision': 0.5238, 'recall': 0.0357, 'f1': 0.0669, 'auc': 0.7908}
val: {'epoch': 13, 'loss': 0.0817, 'lr': 0.001, 'params': 870903, 'time_iter': 2.3748, 'accuracy': 0.9808, 'precision': 0.5714, 'recall': 0.0988, 'f1': 0.1684, 'auc': 0.7963}
train: {'epoch': 13, 'eta': 1147333.5309, 'loss': 0.1303, 'lr': 0.001, 'params': 870903, 'time_iter': 13.0509, 'accuracy': 0.9623, 'precision': 0.4643, 'recall': 0.0422, 'f1': 0.0774, 'auc': 0.7954}
val: {'epoch': 14, 'loss': 0.0804, 'lr': 0.001, 'params': 870903, 'time_iter': 2.1423, 'accuracy': 0.9808, 'precision': 0.6667, 'recall': 0.0494, 'f1': 0.092, 'auc': 0.808}
train: {'epoch': 14, 'eta': 1135072.7301, 'loss': 0.1276, 'lr': 0.001, 'params': 870903, 'time_iter': 13.1504, 'accuracy': 0.9629, 'precision': 0.5512, 'recall': 0.0568, 'f1': 0.103, 'auc': 0.8026}
val: {'epoch': 15, 'loss': 0.0792, 'lr': 0.001, 'params': 870903, 'time_iter': 2.12, 'accuracy': 0.9823, 'precision': 1.0, 'recall': 0.0988, 'f1': 0.1798, 'auc': 0.8101}
train: {'epoch': 15, 'eta': 1120990.1925, 'loss': 0.1277, 'lr': 0.001, 'params': 870903, 'time_iter': 12.8426, 'accuracy': 0.9628, 'precision': 0.5304, 'recall': 0.0495, 'f1': 0.0906, 'auc': 0.8056}
val: {'epoch': 16, 'loss': 0.0799, 'lr': 0.001, 'params': 870903, 'time_iter': 2.1442, 'accuracy': 0.9798, 'precision': 0.4583, 'recall': 0.1358, 'f1': 0.2095, 'auc': 0.8058}
train: {'epoch': 16, 'eta': 1108591.3101, 'loss': 0.1254, 'lr': 0.001, 'params': 870903, 'time_iter': 13.1574, 'accuracy': 0.9639, 'precision': 0.6398, 'recall': 0.0836, 'f1': 0.1479, 'auc': 0.8078}
val: {'epoch': 17, 'loss': 0.08, 'lr': 0.001, 'params': 870903, 'time_iter': 2.104, 'accuracy': 0.9808, 'precision': 0.5833, 'recall': 0.0864, 'f1': 0.1505, 'auc': 0.7962}
train: {'epoch': 17, 'eta': 1095606.4173, 'loss': 0.1258, 'lr': 0.001, 'params': 870903, 'time_iter': 13.0594, 'accuracy': 0.9634, 'precision': 0.5854, 'recall': 0.0779, 'f1': 0.1375, 'auc': 0.8063}
val: {'epoch': 18, 'loss': 0.0897, 'lr': 0.001, 'params': 870903, 'time_iter': 2.0856, 'accuracy': 0.9796, 'precision': 0.2857, 'recall': 0.0247, 'f1': 0.0455, 'auc': 0.7884}
train: {'epoch': 18, 'eta': 1082255.6023, 'loss': 0.1237, 'lr': 0.001, 'params': 870903, 'time_iter': 12.9868, 'accuracy': 0.9636, 'precision': 0.6011, 'recall': 0.0869, 'f1': 0.1518, 'auc': 0.8117}
val: {'epoch': 19, 'loss': 0.0764, 'lr': 0.001, 'params': 870903, 'time_iter': 2.0682, 'accuracy': 0.981, 'precision': 0.5789, 'recall': 0.1358, 'f1': 0.22, 'auc': 0.7932}
train: {'epoch': 19, 'eta': 1068237.5411, 'loss': 0.1243, 'lr': 0.001, 'params': 870903, 'time_iter': 12.825, 'accuracy': 0.9632, 'precision': 0.5495, 'recall': 0.0901, 'f1': 0.1548, 'auc': 0.8121}
val: {'epoch': 20, 'loss': 0.0774, 'lr': 0.001, 'params': 870903, 'time_iter': 2.3471, 'accuracy': 0.9813, 'precision': 0.7, 'recall': 0.0864, 'f1': 0.1538, 'auc': 0.8046}
train: {'epoch': 20, 'eta': 1054880.4487, 'loss': 0.1231, 'lr': 0.001, 'params': 870903, 'time_iter': 12.9756, 'accuracy': 0.9637, 'precision': 0.5853, 'recall': 0.1031, 'f1': 0.1753, 'auc': 0.8188}
val: {'epoch': 21, 'loss': 0.0768, 'lr': 0.001, 'params': 870903, 'time_iter': 2.142, 'accuracy': 0.9796, 'precision': 0.4211, 'recall': 0.0988, 'f1': 0.16, 'auc': 0.8115}
train: {'epoch': 21, 'eta': 1043281.0708, 'loss': 0.1217, 'lr': 0.001, 'params': 870903, 'time_iter': 13.4572, 'accuracy': 0.9641, 'precision': 0.6, 'recall': 0.1266, 'f1': 0.2091, 'auc': 0.8188}
val: {'epoch': 22, 'loss': 0.0728, 'lr': 0.001, 'params': 870903, 'time_iter': 2.1548, 'accuracy': 0.9818, 'precision': 0.6667, 'recall': 0.1481, 'f1': 0.2424, 'auc': 0.8209}
train: {'epoch': 22, 'eta': 1029182.4607, 'loss': 0.1212, 'lr': 0.001, 'params': 870903, 'time_iter': 12.7885, 'accuracy': 0.9642, 'precision': 0.6134, 'recall': 0.1185, 'f1': 0.1986, 'auc': 0.8194}
val: {'epoch': 23, 'loss': 0.076, 'lr': 0.001, 'params': 870903, 'time_iter': 2.2541, 'accuracy': 0.9818, 'precision': 0.7143, 'recall': 0.1235, 'f1': 0.2105, 'auc': 0.8078}
train: {'epoch': 23, 'eta': 1015638.7736, 'loss': 0.1209, 'lr': 0.001, 'params': 870903, 'time_iter': 12.9348, 'accuracy': 0.9643, 'precision': 0.6111, 'recall': 0.125, 'f1': 0.2075, 'auc': 0.8258}
val: {'epoch': 24, 'loss': 0.0812, 'lr': 0.001, 'params': 870903, 'time_iter': 2.1316, 'accuracy': 0.9801, 'precision': 0.4286, 'recall': 0.037, 'f1': 0.0682, 'auc': 0.7897}
train: {'epoch': 24, 'eta': 1002276.2655, 'loss': 0.1203, 'lr': 0.001, 'params': 870903, 'time_iter': 12.9874, 'accuracy': 0.9645, 'precision': 0.6199, 'recall': 0.1364, 'f1': 0.2236, 'auc': 0.8226}
val: {'epoch': 25, 'loss': 0.0797, 'lr': 0.001, 'params': 870903, 'time_iter': 2.1334, 'accuracy': 0.9803, 'precision': 0.5, 'recall': 0.2099, 'f1': 0.2957, 'auc': 0.7907}
train: {'epoch': 25, 'eta': 988227.597, 'loss': 0.1193, 'lr': 0.001, 'params': 870903, 'time_iter': 12.7532, 'accuracy': 0.9644, 'precision': 0.6049, 'recall': 0.1404, 'f1': 0.2279, 'auc': 0.8308}
val: {'epoch': 26, 'loss': 0.079, 'lr': 0.001, 'params': 870903, 'time_iter': 2.1561, 'accuracy': 0.9808, 'precision': 0.5385, 'recall': 0.1728, 'f1': 0.2617, 'auc': 0.7913}
train: {'epoch': 26, 'eta': 975012.315, 'loss': 0.119, 'lr': 0.001, 'params': 870903, 'time_iter': 13.0281, 'accuracy': 0.965, 'precision': 0.6357, 'recall': 0.1502, 'f1': 0.2429, 'auc': 0.8319}
val: {'epoch': 27, 'loss': 0.0898, 'lr': 0.001, 'params': 870903, 'time_iter': 2.1527, 'accuracy': 0.9803, 'precision': 0.0, 'recall': 0.0, 'f1': 0.0, 'auc': 0.778}
train: {'epoch': 27, 'eta': 962022.1193, 'loss': 0.1174, 'lr': 0.001, 'params': 870903, 'time_iter': 13.1183, 'accuracy': 0.9654, 'precision': 0.6566, 'recall': 0.1583, 'f1': 0.2551, 'auc': 0.8327}
val: {'epoch': 28, 'loss': 0.0894, 'lr': 0.001, 'params': 870903, 'time_iter': 2.1281, 'accuracy': 0.981, 'precision': 1.0, 'recall': 0.037, 'f1': 0.0714, 'auc': 0.8089}
train: {'epoch': 28, 'eta': 948246.6601, 'loss': 0.1182, 'lr': 0.001, 'params': 870903, 'time_iter': 12.8205, 'accuracy': 0.9653, 'precision': 0.6553, 'recall': 0.1558, 'f1': 0.2518, 'auc': 0.8322}
val: {'epoch': 29, 'loss': 0.0832, 'lr': 0.001, 'params': 870903, 'time_iter': 2.1138, 'accuracy': 0.9781, 'precision': 0.3636, 'recall': 0.1481, 'f1': 0.2105, 'auc': 0.7963}
train: {'epoch': 29, 'eta': 934678.3524, 'loss': 0.1169, 'lr': 0.001, 'params': 870903, 'time_iter': 12.8906, 'accuracy': 0.9649, 'precision': 0.6211, 'recall': 0.1623, 'f1': 0.2574, 'auc': 0.8347}
val: {'epoch': 30, 'loss': 0.0758, 'lr': 0.001, 'params': 870903, 'time_iter': 2.5915, 'accuracy': 0.9805, 'precision': 0.52, 'recall': 0.1605, 'f1': 0.2453, 'auc': 0.8118}
train: {'epoch': 30, 'eta': 920834.4029, 'loss': 0.1159, 'lr': 0.001, 'params': 870903, 'time_iter': 12.7617, 'accuracy': 0.9659, 'precision': 0.6647, 'recall': 0.1786, 'f1': 0.2815, 'auc': 0.84}
val: {'epoch': 31, 'loss': 0.0823, 'lr': 0.001, 'params': 870903, 'time_iter': 2.1652, 'accuracy': 0.981, 'precision': 1.0, 'recall': 0.037, 'f1': 0.0714, 'auc': 0.8021}
train: {'epoch': 31, 'eta': 907851.6308, 'loss': 0.1155, 'lr': 0.001, 'params': 870903, 'time_iter': 13.1352, 'accuracy': 0.9659, 'precision': 0.6581, 'recall': 0.1875, 'f1': 0.2919, 'auc': 0.8382}
val: {'epoch': 32, 'loss': 0.0764, 'lr': 0.001, 'params': 870903, 'time_iter': 2.0753, 'accuracy': 0.9813, 'precision': 0.625, 'recall': 0.1235, 'f1': 0.2062, 'auc': 0.8201}
train: {'epoch': 32, 'eta': 894307.8667, 'loss': 0.1151, 'lr': 0.001, 'params': 870903, 'time_iter': 12.8821, 'accuracy': 0.9657, 'precision': 0.65, 'recall': 0.1794, 'f1': 0.2812, 'auc': 0.8442}
val: {'epoch': 33, 'loss': 0.077, 'lr': 0.001, 'params': 870903, 'time_iter': 2.2623, 'accuracy': 0.9805, 'precision': 0.5294, 'recall': 0.1111, 'f1': 0.1837, 'auc': 0.8244}
train: {'epoch': 33, 'eta': 881031.7132, 'loss': 0.1139, 'lr': 0.001, 'params': 870903, 'time_iter': 13.0076, 'accuracy': 0.9667, 'precision': 0.6866, 'recall': 0.2045, 'f1': 0.3152, 'auc': 0.8437}
val: {'epoch': 34, 'loss': 0.0842, 'lr': 0.001, 'params': 870903, 'time_iter': 2.0714, 'accuracy': 0.9805, 'precision': 0.5556, 'recall': 0.0617, 'f1': 0.1111, 'auc': 0.7921}
train: {'epoch': 34, 'eta': 867485.9468, 'loss': 0.1138, 'lr': 0.001, 'params': 870903, 'time_iter': 12.8698, 'accuracy': 0.9663, 'precision': 0.6694, 'recall': 0.1989, 'f1': 0.3066, 'auc': 0.8437}
val: {'epoch': 35, 'loss': 0.083, 'lr': 0.001, 'params': 870903, 'time_iter': 2.1349, 'accuracy': 0.9808, 'precision': 0.6, 'recall': 0.0741, 'f1': 0.1319, 'auc': 0.8057}
train: {'epoch': 35, 'eta': 854142.6925, 'loss': 0.1136, 'lr': 0.001, 'params': 870903, 'time_iter': 12.9713, 'accuracy': 0.9665, 'precision': 0.6804, 'recall': 0.2005, 'f1': 0.3097, 'auc': 0.845}
val: {'epoch': 36, 'loss': 0.0759, 'lr': 0.001, 'params': 870903, 'time_iter': 2.1377, 'accuracy': 0.9818, 'precision': 0.6364, 'recall': 0.1728, 'f1': 0.2718, 'auc': 0.8099}
train: {'epoch': 36, 'eta': 840771.3963, 'loss': 0.1136, 'lr': 0.001, 'params': 870903, 'time_iter': 12.9554, 'accuracy': 0.9657, 'precision': 0.6356, 'recall': 0.194, 'f1': 0.2973, 'auc': 0.8492}
val: {'epoch': 37, 'loss': 0.0775, 'lr': 0.001, 'params': 870903, 'time_iter': 2.3925, 'accuracy': 0.9803, 'precision': 0.5, 'recall': 0.0123, 'f1': 0.0241, 'auc': 0.8125}
train: {'epoch': 37, 'eta': 827694.8765, 'loss': 0.1126, 'lr': 0.001, 'params': 870903, 'time_iter': 13.1297, 'accuracy': 0.967, 'precision': 0.6764, 'recall': 0.2256, 'f1': 0.3384, 'auc': 0.8468}
val: {'epoch': 38, 'loss': 0.082, 'lr': 0.001, 'params': 870903, 'time_iter': 2.0705, 'accuracy': 0.9801, 'precision': 0.4706, 'recall': 0.0988, 'f1': 0.1633, 'auc': 0.7974}
train: {'epoch': 38, 'eta': 814915.3679, 'loss': 0.1119, 'lr': 0.001, 'params': 870903, 'time_iter': 13.3281, 'accuracy': 0.9673, 'precision': 0.6904, 'recall': 0.2281, 'f1': 0.3429, 'auc': 0.8498}
val: {'epoch': 39, 'loss': 0.0817, 'lr': 0.001, 'params': 870903, 'time_iter': 2.0712, 'accuracy': 0.981, 'precision': 0.6667, 'recall': 0.0741, 'f1': 0.1333, 'auc': 0.8159}
train: {'epoch': 39, 'eta': 801133.3268, 'loss': 0.1108, 'lr': 0.001, 'params': 870903, 'time_iter': 12.7089, 'accuracy': 0.9666, 'precision': 0.665, 'recall': 0.2175, 'f1': 0.3278, 'auc': 0.8554}
val: {'epoch': 40, 'loss': 0.081, 'lr': 0.001, 'params': 870903, 'time_iter': 2.31, 'accuracy': 0.9815, 'precision': 0.6471, 'recall': 0.1358, 'f1': 0.2245, 'auc': 0.8055}
train: {'epoch': 40, 'eta': 787389.617, 'loss': 0.1109, 'lr': 0.001, 'params': 870903, 'time_iter': 12.7115, 'accuracy': 0.9673, 'precision': 0.6867, 'recall': 0.2313, 'f1': 0.3461, 'auc': 0.8525}
val: {'epoch': 41, 'loss': 0.08, 'lr': 0.001, 'params': 870903, 'time_iter': 2.0624, 'accuracy': 0.9818, 'precision': 0.875, 'recall': 0.0864, 'f1': 0.1573, 'auc': 0.8048}
train: {'epoch': 41, 'eta': 774032.6397, 'loss': 0.1102, 'lr': 0.001, 'params': 870903, 'time_iter': 12.9615, 'accuracy': 0.9672, 'precision': 0.6833, 'recall': 0.233, 'f1': 0.3475, 'auc': 0.8595}
val: {'epoch': 42, 'loss': 0.0803, 'lr': 0.001, 'params': 870903, 'time_iter': 2.0942, 'accuracy': 0.9813, 'precision': 0.75, 'recall': 0.0741, 'f1': 0.1348, 'auc': 0.7972}
train: {'epoch': 42, 'eta': 760913.199, 'loss': 0.1104, 'lr': 0.001, 'params': 870903, 'time_iter': 13.1349, 'accuracy': 0.9678, 'precision': 0.6984, 'recall': 0.2443, 'f1': 0.362, 'auc': 0.8556}
val: {'epoch': 43, 'loss': 0.0814, 'lr': 0.001, 'params': 870903, 'time_iter': 2.2065, 'accuracy': 0.9798, 'precision': 0.3333, 'recall': 0.0247, 'f1': 0.046, 'auc': 0.8128}
train: {'epoch': 43, 'eta': 747670.4169, 'loss': 0.1095, 'lr': 0.001, 'params': 870903, 'time_iter': 13.0545, 'accuracy': 0.9682, 'precision': 0.714, 'recall': 0.2532, 'f1': 0.3739, 'auc': 0.8586}
val: {'epoch': 44, 'loss': 0.0799, 'lr': 0.001, 'params': 870903, 'time_iter': 2.8664, 'accuracy': 0.9818, 'precision': 0.75, 'recall': 0.1111, 'f1': 0.1935, 'auc': 0.8227}
train: {'epoch': 44, 'eta': 734211.2027, 'loss': 0.1092, 'lr': 0.001, 'params': 870903, 'time_iter': 12.8891, 'accuracy': 0.9671, 'precision': 0.6667, 'recall': 0.2419, 'f1': 0.355, 'auc': 0.8594}
val: {'epoch': 45, 'loss': 0.0755, 'lr': 0.001, 'params': 870903, 'time_iter': 2.1145, 'accuracy': 0.983, 'precision': 0.7895, 'recall': 0.1852, 'f1': 0.3, 'auc': 0.8204}
train: {'epoch': 45, 'eta': 720878.2589, 'loss': 0.1084, 'lr': 0.001, 'params': 870903, 'time_iter': 12.9866, 'accuracy': 0.9679, 'precision': 0.7007, 'recall': 0.2508, 'f1': 0.3694, 'auc': 0.8628}
val: {'epoch': 46, 'loss': 0.0768, 'lr': 0.001, 'params': 870903, 'time_iter': 2.0993, 'accuracy': 0.982, 'precision': 0.6667, 'recall': 0.1728, 'f1': 0.2745, 'auc': 0.82}
train: {'epoch': 46, 'eta': 707612.6738, 'loss': 0.1081, 'lr': 0.001, 'params': 870903, 'time_iter': 13.0458, 'accuracy': 0.9678, 'precision': 0.6904, 'recall': 0.2516, 'f1': 0.3688, 'auc': 0.8618}
val: {'epoch': 47, 'loss': 0.0758, 'lr': 0.001, 'params': 870903, 'time_iter': 2.2764, 'accuracy': 0.9823, 'precision': 0.75, 'recall': 0.1481, 'f1': 0.2474, 'auc': 0.821}
train: {'epoch': 47, 'eta': 694239.8943, 'loss': 0.1083, 'lr': 0.001, 'params': 870903, 'time_iter': 12.9555, 'accuracy': 0.9674, 'precision': 0.674, 'recall': 0.25, 'f1': 0.3647, 'auc': 0.8625}
val: {'epoch': 48, 'loss': 0.0841, 'lr': 0.001, 'params': 870903, 'time_iter': 2.0911, 'accuracy': 0.9835, 'precision': 1.0, 'recall': 0.1605, 'f1': 0.2766, 'auc': 0.7939}
train: {'epoch': 48, 'eta': 680890.783, 'loss': 0.1063, 'lr': 0.001, 'params': 870903, 'time_iter': 12.9761, 'accuracy': 0.9687, 'precision': 0.7164, 'recall': 0.2727, 'f1': 0.3951, 'auc': 0.8677}
val: {'epoch': 49, 'loss': 0.0794, 'lr': 0.001, 'params': 870903, 'time_iter': 2.2013, 'accuracy': 0.9818, 'precision': 0.6154, 'recall': 0.1975, 'f1': 0.2991, 'auc': 0.8124}
train: {'epoch': 49, 'eta': 667456.0209, 'loss': 0.1061, 'lr': 0.001, 'params': 870903, 'time_iter': 12.8929, 'accuracy': 0.9687, 'precision': 0.7171, 'recall': 0.2695, 'f1': 0.3917, 'auc': 0.8723}
val: {'epoch': 50, 'loss': 0.0805, 'lr': 0.001, 'params': 870903, 'time_iter': 2.243, 'accuracy': 0.9823, 'precision': 0.6667, 'recall': 0.1975, 'f1': 0.3048, 'auc': 0.7832}
train: {'epoch': 50, 'eta': 653902.5678, 'loss': 0.1062, 'lr': 0.001, 'params': 870903, 'time_iter': 12.7662, 'accuracy': 0.9688, 'precision': 0.7146, 'recall': 0.2784, 'f1': 0.4007, 'auc': 0.8699}
val: {'epoch': 51, 'loss': 0.0781, 'lr': 0.001, 'params': 870903, 'time_iter': 2.1361, 'accuracy': 0.9815, 'precision': 0.6667, 'recall': 0.1235, 'f1': 0.2083, 'auc': 0.8078}
train: {'epoch': 51, 'eta': 640495.5487, 'loss': 0.1061, 'lr': 0.001, 'params': 870903, 'time_iter': 12.9035, 'accuracy': 0.9688, 'precision': 0.7143, 'recall': 0.28, 'f1': 0.4023, 'auc': 0.8677}
val: {'epoch': 52, 'loss': 0.0776, 'lr': 0.001, 'params': 870903, 'time_iter': 2.1711, 'accuracy': 0.9813, 'precision': 0.6429, 'recall': 0.1111, 'f1': 0.1895, 'auc': 0.8142}
train: {'epoch': 52, 'eta': 627187.0715, 'loss': 0.1066, 'lr': 0.001, 'params': 870903, 'time_iter': 13.0061, 'accuracy': 0.9684, 'precision': 0.7023, 'recall': 0.2719, 'f1': 0.392, 'auc': 0.8682}
val: {'epoch': 53, 'loss': 0.0743, 'lr': 0.001, 'params': 870903, 'time_iter': 2.1496, 'accuracy': 0.9808, 'precision': 0.5263, 'recall': 0.2469, 'f1': 0.3361, 'auc': 0.8119}
train: {'epoch': 53, 'eta': 613673.5159, 'loss': 0.1059, 'lr': 0.001, 'params': 870903, 'time_iter': 12.7754, 'accuracy': 0.9687, 'precision': 0.7192, 'recall': 0.2703, 'f1': 0.3929, 'auc': 0.8688}
val: {'epoch': 54, 'loss': 0.0963, 'lr': 0.001, 'params': 870903, 'time_iter': 2.61, 'accuracy': 0.9803, 'precision': 0.0, 'recall': 0.0, 'f1': 0.0, 'auc': 0.7656}
train: {'epoch': 54, 'eta': 600293.7456, 'loss': 0.1042, 'lr': 0.001, 'params': 870903, 'time_iter': 12.9184, 'accuracy': 0.9691, 'precision': 0.7211, 'recall': 0.2833, 'f1': 0.4068, 'auc': 0.877}
val: {'epoch': 55, 'loss': 0.0794, 'lr': 0.001, 'params': 870903, 'time_iter': 2.0329, 'accuracy': 0.9808, 'precision': 0.525, 'recall': 0.2593, 'f1': 0.3471, 'auc': 0.8124}
train: {'epoch': 55, 'eta': 587198.1116, 'loss': 0.105, 'lr': 0.001, 'params': 870903, 'time_iter': 13.266, 'accuracy': 0.969, 'precision': 0.7255, 'recall': 0.2768, 'f1': 0.4007, 'auc': 0.8748}
val: {'epoch': 56, 'loss': 0.0826, 'lr': 0.001, 'params': 870903, 'time_iter': 2.087, 'accuracy': 0.9818, 'precision': 0.8, 'recall': 0.0988, 'f1': 0.1758, 'auc': 0.81}
train: {'epoch': 56, 'eta': 573903.7068, 'loss': 0.1042, 'lr': 0.001, 'params': 870903, 'time_iter': 13.035, 'accuracy': 0.9695, 'precision': 0.7365, 'recall': 0.2881, 'f1': 0.4142, 'auc': 0.8767}
val: {'epoch': 57, 'loss': 0.0838, 'lr': 0.001, 'params': 870903, 'time_iter': 2.3325, 'accuracy': 0.9808, 'precision': 0.75, 'recall': 0.037, 'f1': 0.0706, 'auc': 0.8077}
train: {'epoch': 57, 'eta': 560362.6796, 'loss': 0.1039, 'lr': 0.001, 'params': 870903, 'time_iter': 12.7095, 'accuracy': 0.9701, 'precision': 0.7588, 'recall': 0.2963, 'f1': 0.4262, 'auc': 0.8744}
val: {'epoch': 58, 'loss': 0.0903, 'lr': 0.001, 'params': 870903, 'time_iter': 2.1694, 'accuracy': 0.9805, 'precision': 0.5556, 'recall': 0.0617, 'f1': 0.1111, 'auc': 0.786}
train: {'epoch': 58, 'eta': 546978.5768, 'loss': 0.1034, 'lr': 0.001, 'params': 870903, 'time_iter': 12.907, 'accuracy': 0.9692, 'precision': 0.7118, 'recall': 0.2987, 'f1': 0.4208, 'auc': 0.8804}
val: {'epoch': 59, 'loss': 0.0785, 'lr': 0.001, 'params': 870903, 'time_iter': 2.0603, 'accuracy': 0.9832, 'precision': 0.9286, 'recall': 0.1605, 'f1': 0.2737, 'auc': 0.8065}
train: {'epoch': 59, 'eta': 533512.1167, 'loss': 0.103, 'lr': 0.001, 'params': 870903, 'time_iter': 12.782, 'accuracy': 0.9697, 'precision': 0.7349, 'recall': 0.2971, 'f1': 0.4231, 'auc': 0.8792}
val: {'epoch': 60, 'loss': 0.0903, 'lr': 0.001, 'params': 870903, 'time_iter': 2.0594, 'accuracy': 0.9808, 'precision': 0.75, 'recall': 0.037, 'f1': 0.0706, 'auc': 0.8031}
train: {'epoch': 60, 'eta': 519973.5092, 'loss': 0.1028, 'lr': 0.001, 'params': 870903, 'time_iter': 12.6567, 'accuracy': 0.97, 'precision': 0.7333, 'recall': 0.3125, 'f1': 0.4382, 'auc': 0.8824}
val: {'epoch': 61, 'loss': 0.0745, 'lr': 0.001, 'params': 870903, 'time_iter': 2.4653, 'accuracy': 0.983, 'precision': 0.8235, 'recall': 0.1728, 'f1': 0.2857, 'auc': 0.8299}
train: {'epoch': 61, 'eta': 506426.2776, 'loss': 0.103, 'lr': 0.001, 'params': 870903, 'time_iter': 12.6167, 'accuracy': 0.9693, 'precision': 0.7194, 'recall': 0.2955, 'f1': 0.4189, 'auc': 0.8807}
val: {'epoch': 62, 'loss': 0.0775, 'lr': 0.001, 'params': 870903, 'time_iter': 2.0508, 'accuracy': 0.982, 'precision': 0.7692, 'recall': 0.1235, 'f1': 0.2128, 'auc': 0.8236}
train: {'epoch': 62, 'eta': 492849.4986, 'loss': 0.1017, 'lr': 0.001, 'params': 870903, 'time_iter': 12.5381, 'accuracy': 0.9696, 'precision': 0.7278, 'recall': 0.2995, 'f1': 0.4244, 'auc': 0.8853}
val: {'epoch': 63, 'loss': 0.0815, 'lr': 0.001, 'params': 870903, 'time_iter': 2.0983, 'accuracy': 0.9793, 'precision': 0.4565, 'recall': 0.2593, 'f1': 0.3307, 'auc': 0.8072}
train: {'epoch': 63, 'eta': 479464.9748, 'loss': 0.1014, 'lr': 0.001, 'params': 870903, 'time_iter': 12.8338, 'accuracy': 0.9707, 'precision': 0.7572, 'recall': 0.3214, 'f1': 0.4513, 'auc': 0.8848}
val: {'epoch': 64, 'loss': 0.08, 'lr': 0.001, 'params': 870903, 'time_iter': 2.3617, 'accuracy': 0.9818, 'precision': 1.0, 'recall': 0.0741, 'f1': 0.1379, 'auc': 0.8244}
train: {'epoch': 64, 'eta': 466004.4781, 'loss': 0.1015, 'lr': 0.001, 'params': 870903, 'time_iter': 12.6868, 'accuracy': 0.9708, 'precision': 0.7542, 'recall': 0.3263, 'f1': 0.4555, 'auc': 0.8885}
val: {'epoch': 65, 'loss': 0.0836, 'lr': 0.001, 'params': 870903, 'time_iter': 2.0787, 'accuracy': 0.9813, 'precision': 0.6667, 'recall': 0.0988, 'f1': 0.172, 'auc': 0.7926}
train: {'epoch': 65, 'eta': 452722.6783, 'loss': 0.1009, 'lr': 0.001, 'params': 870903, 'time_iter': 13.0007, 'accuracy': 0.9701, 'precision': 0.7322, 'recall': 0.3174, 'f1': 0.4428, 'auc': 0.8836}
val: {'epoch': 66, 'loss': 0.0815, 'lr': 0.001, 'params': 870903, 'time_iter': 2.0388, 'accuracy': 0.9813, 'precision': 0.6429, 'recall': 0.1111, 'f1': 0.1895, 'auc': 0.8164}
train: {'epoch': 66, 'eta': 439324.2335, 'loss': 0.1005, 'lr': 0.001, 'params': 870903, 'time_iter': 12.7762, 'accuracy': 0.9707, 'precision': 0.7505, 'recall': 0.3271, 'f1': 0.4556, 'auc': 0.8882}
val: {'epoch': 67, 'loss': 0.0874, 'lr': 0.001, 'params': 870903, 'time_iter': 2.1468, 'accuracy': 0.981, 'precision': 0.7143, 'recall': 0.0617, 'f1': 0.1136, 'auc': 0.7796}
train: {'epoch': 67, 'eta': 425833.4083, 'loss': 0.0997, 'lr': 0.001, 'params': 870903, 'time_iter': 12.5701, 'accuracy': 0.9705, 'precision': 0.7476, 'recall': 0.3222, 'f1': 0.4504, 'auc': 0.8897}
val: {'epoch': 68, 'loss': 0.0914, 'lr': 0.001, 'params': 870903, 'time_iter': 2.0879, 'accuracy': 0.9813, 'precision': 0.8333, 'recall': 0.0617, 'f1': 0.1149, 'auc': 0.7828}
train: {'epoch': 68, 'eta': 412434.776, 'loss': 0.0998, 'lr': 0.001, 'params': 870903, 'time_iter': 12.7347, 'accuracy': 0.9703, 'precision': 0.7419, 'recall': 0.3174, 'f1': 0.4446, 'auc': 0.8926}
val: {'epoch': 69, 'loss': 0.0791, 'lr': 0.001, 'params': 870903, 'time_iter': 2.0604, 'accuracy': 0.9808, 'precision': 0.5417, 'recall': 0.1605, 'f1': 0.2476, 'auc': 0.8089}
train: {'epoch': 69, 'eta': 399124.1581, 'loss': 0.1004, 'lr': 0.001, 'params': 870903, 'time_iter': 12.9152, 'accuracy': 0.9703, 'precision': 0.7396, 'recall': 0.3182, 'f1': 0.4449, 'auc': 0.8899}
val: {'epoch': 70, 'loss': 0.0832, 'lr': 0.001, 'params': 870903, 'time_iter': 2.115, 'accuracy': 0.982, 'precision': 0.8182, 'recall': 0.1111, 'f1': 0.1957, 'auc': 0.8084}
train: {'epoch': 70, 'eta': 385673.8497, 'loss': 0.1, 'lr': 0.001, 'params': 870903, 'time_iter': 12.5814, 'accuracy': 0.9706, 'precision': 0.7345, 'recall': 0.3369, 'f1': 0.4619, 'auc': 0.8897}
val: {'epoch': 71, 'loss': 0.0848, 'lr': 0.001, 'params': 870903, 'time_iter': 2.5815, 'accuracy': 0.9818, 'precision': 0.875, 'recall': 0.0864, 'f1': 0.1573, 'auc': 0.8163}
train: {'epoch': 71, 'eta': 372288.1951, 'loss': 0.0988, 'lr': 0.001, 'params': 870903, 'time_iter': 12.708, 'accuracy': 0.9705, 'precision': 0.744, 'recall': 0.3255, 'f1': 0.4529, 'auc': 0.8959}
val: {'epoch': 72, 'loss': 0.0787, 'lr': 0.001, 'params': 870903, 'time_iter': 2.0233, 'accuracy': 0.9818, 'precision': 0.65, 'recall': 0.1605, 'f1': 0.2574, 'auc': 0.8144}
train: {'epoch': 72, 'eta': 358975.6299, 'loss': 0.0989, 'lr': 0.001, 'params': 870903, 'time_iter': 12.8778, 'accuracy': 0.9709, 'precision': 0.7416, 'recall': 0.3401, 'f1': 0.4663, 'auc': 0.8936}
val: {'epoch': 73, 'loss': 0.0814, 'lr': 0.001, 'params': 870903, 'time_iter': 2.0849, 'accuracy': 0.9825, 'precision': 0.7647, 'recall': 0.1605, 'f1': 0.2653, 'auc': 0.8149}
train: {'epoch': 73, 'eta': 345543.0471, 'loss': 0.0984, 'lr': 0.001, 'params': 870903, 'time_iter': 12.5412, 'accuracy': 0.9711, 'precision': 0.7491, 'recall': 0.3417, 'f1': 0.4693, 'auc': 0.896}
val: {'epoch': 74, 'loss': 0.091, 'lr': 0.001, 'params': 870903, 'time_iter': 2.1484, 'accuracy': 0.9818, 'precision': 1.0, 'recall': 0.0741, 'f1': 0.1379, 'auc': 0.8102}
train: {'epoch': 74, 'eta': 332159.8477, 'loss': 0.0986, 'lr': 0.001, 'params': 870903, 'time_iter': 12.6442, 'accuracy': 0.9707, 'precision': 0.7307, 'recall': 0.3458, 'f1': 0.4694, 'auc': 0.8978}
val: {'epoch': 75, 'loss': 0.0866, 'lr': 0.001, 'params': 870903, 'time_iter': 2.0425, 'accuracy': 0.9813, 'precision': 0.75, 'recall': 0.0741, 'f1': 0.1348, 'auc': 0.8099}
train: {'epoch': 75, 'eta': 318845.5257, 'loss': 0.0982, 'lr': 0.001, 'params': 870903, 'time_iter': 12.826, 'accuracy': 0.9709, 'precision': 0.7446, 'recall': 0.3385, 'f1': 0.4654, 'auc': 0.8969}
val: {'epoch': 76, 'loss': 0.0826, 'lr': 0.001, 'params': 870903, 'time_iter': 2.1375, 'accuracy': 0.9825, 'precision': 0.9091, 'recall': 0.1235, 'f1': 0.2174, 'auc': 0.8061}
train: {'epoch': 76, 'eta': 305503.8503, 'loss': 0.0969, 'lr': 0.001, 'params': 870903, 'time_iter': 12.7272, 'accuracy': 0.9711, 'precision': 0.7574, 'recall': 0.3344, 'f1': 0.464, 'auc': 0.8985}
val: {'epoch': 77, 'loss': 0.092, 'lr': 0.001, 'params': 870903, 'time_iter': 2.0631, 'accuracy': 0.9825, 'precision': 0.9091, 'recall': 0.1235, 'f1': 0.2174, 'auc': 0.7899}
train: {'epoch': 77, 'eta': 292223.6126, 'loss': 0.0974, 'lr': 0.001, 'params': 870903, 'time_iter': 12.9172, 'accuracy': 0.9711, 'precision': 0.755, 'recall': 0.3377, 'f1': 0.4666, 'auc': 0.9003}
val: {'epoch': 78, 'loss': 0.0834, 'lr': 0.001, 'params': 870903, 'time_iter': 2.2648, 'accuracy': 0.9818, 'precision': 0.65, 'recall': 0.1605, 'f1': 0.2574, 'auc': 0.7903}
train: {'epoch': 78, 'eta': 278864.3635, 'loss': 0.0969, 'lr': 0.001, 'params': 870903, 'time_iter': 12.6294, 'accuracy': 0.9705, 'precision': 0.7251, 'recall': 0.3425, 'f1': 0.4653, 'auc': 0.9026}
val: {'epoch': 79, 'loss': 0.0802, 'lr': 0.001, 'params': 870903, 'time_iter': 2.0295, 'accuracy': 0.9825, 'precision': 0.68, 'recall': 0.2099, 'f1': 0.3208, 'auc': 0.7965}
train: {'epoch': 79, 'eta': 265578.7743, 'loss': 0.0963, 'lr': 0.001, 'params': 870903, 'time_iter': 12.8804, 'accuracy': 0.9712, 'precision': 0.7465, 'recall': 0.349, 'f1': 0.4757, 'auc': 0.9034}
val: {'epoch': 80, 'loss': 0.0834, 'lr': 0.001, 'params': 870903, 'time_iter': 2.1015, 'accuracy': 0.982, 'precision': 0.7059, 'recall': 0.1481, 'f1': 0.2449, 'auc': 0.7974}
train: {'epoch': 80, 'eta': 252218.981, 'loss': 0.0968, 'lr': 0.001, 'params': 870903, 'time_iter': 12.5697, 'accuracy': 0.9709, 'precision': 0.7523, 'recall': 0.3304, 'f1': 0.4591, 'auc': 0.9004}
val: {'epoch': 81, 'loss': 0.0865, 'lr': 0.001, 'params': 870903, 'time_iter': 2.3414, 'accuracy': 0.9796, 'precision': 0.3636, 'recall': 0.0494, 'f1': 0.087, 'auc': 0.7872}
train: {'epoch': 81, 'eta': 238971.6677, 'loss': 0.0959, 'lr': 0.001, 'params': 870903, 'time_iter': 13.0217, 'accuracy': 0.9719, 'precision': 0.7611, 'recall': 0.362, 'f1': 0.4906, 'auc': 0.8999}
val: {'epoch': 82, 'loss': 0.0815, 'lr': 0.001, 'params': 870903, 'time_iter': 2.076, 'accuracy': 0.9805, 'precision': 0.5455, 'recall': 0.0741, 'f1': 0.1304, 'auc': 0.8076}
train: {'epoch': 82, 'eta': 225679.5999, 'loss': 0.0957, 'lr': 0.001, 'params': 870903, 'time_iter': 12.8268, 'accuracy': 0.9719, 'precision': 0.7646, 'recall': 0.3612, 'f1': 0.4906, 'auc': 0.9051}
val: {'epoch': 83, 'loss': 0.0884, 'lr': 0.001, 'params': 870903, 'time_iter': 2.0666, 'accuracy': 0.9815, 'precision': 0.7273, 'recall': 0.0988, 'f1': 0.1739, 'auc': 0.7953}
train: {'epoch': 83, 'eta': 212358.4189, 'loss': 0.0946, 'lr': 0.001, 'params': 870903, 'time_iter': 12.6669, 'accuracy': 0.9714, 'precision': 0.7437, 'recall': 0.3604, 'f1': 0.4855, 'auc': 0.9093}
val: {'epoch': 84, 'loss': 0.094, 'lr': 0.001, 'params': 870903, 'time_iter': 2.0702, 'accuracy': 0.9815, 'precision': 0.7778, 'recall': 0.0864, 'f1': 0.1556, 'auc': 0.7819}
train: {'epoch': 84, 'eta': 199071.936, 'loss': 0.0938, 'lr': 0.001, 'params': 870903, 'time_iter': 12.8208, 'accuracy': 0.9712, 'precision': 0.7436, 'recall': 0.3531, 'f1': 0.4788, 'auc': 0.9107}
val: {'epoch': 85, 'loss': 0.0865, 'lr': 0.001, 'params': 870903, 'time_iter': 2.9576, 'accuracy': 0.9805, 'precision': 0.5385, 'recall': 0.0864, 'f1': 0.1489, 'auc': 0.8056}
train: {'epoch': 85, 'eta': 185782.6321, 'loss': 0.0945, 'lr': 0.001, 'params': 870903, 'time_iter': 12.7909, 'accuracy': 0.9719, 'precision': 0.7725, 'recall': 0.3555, 'f1': 0.4869, 'auc': 0.9088}
val: {'epoch': 86, 'loss': 0.088, 'lr': 0.001, 'params': 870903, 'time_iter': 2.0562, 'accuracy': 0.9818, 'precision': 0.7143, 'recall': 0.1235, 'f1': 0.2105, 'auc': 0.7919}
train: {'epoch': 86, 'eta': 172484.8701, 'loss': 0.0954, 'lr': 0.001, 'params': 870903, 'time_iter': 12.7169, 'accuracy': 0.9713, 'precision': 0.7478, 'recall': 0.3515, 'f1': 0.4782, 'auc': 0.9066}
val: {'epoch': 87, 'loss': 0.0914, 'lr': 0.001, 'params': 870903, 'time_iter': 2.1035, 'accuracy': 0.9808, 'precision': 0.5625, 'recall': 0.1111, 'f1': 0.1856, 'auc': 0.7834}
train: {'epoch': 87, 'eta': 159191.429, 'loss': 0.0949, 'lr': 0.001, 'params': 870903, 'time_iter': 12.7133, 'accuracy': 0.9712, 'precision': 0.7402, 'recall': 0.3539, 'f1': 0.4789, 'auc': 0.9098}
val: {'epoch': 88, 'loss': 0.0837, 'lr': 0.001, 'params': 870903, 'time_iter': 2.3831, 'accuracy': 0.9842, 'precision': 0.8636, 'recall': 0.2346, 'f1': 0.3689, 'auc': 0.8074}
train: {'epoch': 88, 'eta': 145910.5052, 'loss': 0.0923, 'lr': 0.001, 'params': 870903, 'time_iter': 12.7744, 'accuracy': 0.972, 'precision': 0.7636, 'recall': 0.3644, 'f1': 0.4934, 'auc': 0.9118}
val: {'epoch': 89, 'loss': 0.0839, 'lr': 0.001, 'params': 870903, 'time_iter': 2.1048, 'accuracy': 0.982, 'precision': 0.7692, 'recall': 0.1235, 'f1': 0.2128, 'auc': 0.8178}
train: {'epoch': 89, 'eta': 132626.8729, 'loss': 0.0924, 'lr': 0.001, 'params': 870903, 'time_iter': 12.7242, 'accuracy': 0.9727, 'precision': 0.772, 'recall': 0.3847, 'f1': 0.5135, 'auc': 0.9157}
val: {'epoch': 90, 'loss': 0.0866, 'lr': 0.001, 'params': 870903, 'time_iter': 2.0319, 'accuracy': 0.981, 'precision': 0.6154, 'recall': 0.0988, 'f1': 0.1702, 'auc': 0.8183}
train: {'epoch': 90, 'eta': 119348.5239, 'loss': 0.0932, 'lr': 0.001, 'params': 870903, 'time_iter': 12.735, 'accuracy': 0.9719, 'precision': 0.7559, 'recall': 0.3669, 'f1': 0.494, 'auc': 0.9118}
val: {'epoch': 91, 'loss': 0.0856, 'lr': 0.001, 'params': 870903, 'time_iter': 2.2042, 'accuracy': 0.983, 'precision': 0.8667, 'recall': 0.1605, 'f1': 0.2708, 'auc': 0.8098}
train: {'epoch': 91, 'eta': 106067.8766, 'loss': 0.0922, 'lr': 0.001, 'params': 870903, 'time_iter': 12.6671, 'accuracy': 0.9721, 'precision': 0.7516, 'recall': 0.3807, 'f1': 0.5054, 'auc': 0.9151}
val: {'epoch': 92, 'loss': 0.0864, 'lr': 0.001, 'params': 870903, 'time_iter': 2.0874, 'accuracy': 0.9818, 'precision': 0.6875, 'recall': 0.1358, 'f1': 0.2268, 'auc': 0.7992}
train: {'epoch': 92, 'eta': 92793.9305, 'loss': 0.0916, 'lr': 0.001, 'params': 870903, 'time_iter': 12.6852, 'accuracy': 0.9721, 'precision': 0.7561, 'recall': 0.3774, 'f1': 0.5035, 'auc': 0.9176}
val: {'epoch': 93, 'loss': 0.0858, 'lr': 0.001, 'params': 870903, 'time_iter': 2.1415, 'accuracy': 0.9803, 'precision': 0.5, 'recall': 0.0988, 'f1': 0.1649, 'auc': 0.8091}
train: {'epoch': 93, 'eta': 79514.3671, 'loss': 0.0922, 'lr': 0.001, 'params': 870903, 'time_iter': 12.5281, 'accuracy': 0.9716, 'precision': 0.7504, 'recall': 0.3612, 'f1': 0.4877, 'auc': 0.9172}
val: {'epoch': 94, 'loss': 0.0955, 'lr': 0.001, 'params': 870903, 'time_iter': 2.0906, 'accuracy': 0.9815, 'precision': 0.7778, 'recall': 0.0864, 'f1': 0.1556, 'auc': 0.7921}
train: {'epoch': 94, 'eta': 66240.3457, 'loss': 0.0935, 'lr': 0.001, 'params': 870903, 'time_iter': 12.4796, 'accuracy': 0.9711, 'precision': 0.7307, 'recall': 0.3612, 'f1': 0.4834, 'auc': 0.9153}
val: {'epoch': 95, 'loss': 0.0881, 'lr': 0.001, 'params': 870903, 'time_iter': 2.3008, 'accuracy': 0.9805, 'precision': 0.5714, 'recall': 0.0494, 'f1': 0.0909, 'auc': 0.8099}
train: {'epoch': 95, 'eta': 52977.1531, 'loss': 0.0903, 'lr': 0.001, 'params': 870903, 'time_iter': 12.522, 'accuracy': 0.9723, 'precision': 0.7588, 'recall': 0.3831, 'f1': 0.5092, 'auc': 0.9211}
val: {'epoch': 96, 'loss': 0.0983, 'lr': 0.001, 'params': 870903, 'time_iter': 2.065, 'accuracy': 0.981, 'precision': 0.8, 'recall': 0.0494, 'f1': 0.093, 'auc': 0.8083}
train: {'epoch': 96, 'eta': 39747.4895, 'loss': 0.0905, 'lr': 0.001, 'params': 870903, 'time_iter': 13.3306, 'accuracy': 0.972, 'precision': 0.7496, 'recall': 0.3791, 'f1': 0.5035, 'auc': 0.9205}
val: {'epoch': 97, 'loss': 0.0841, 'lr': 0.001, 'params': 870903, 'time_iter': 2.0919, 'accuracy': 0.9823, 'precision': 0.8333, 'recall': 0.1235, 'f1': 0.2151, 'auc': 0.8075}
train: {'epoch': 97, 'eta': 26493.4681, 'loss': 0.0919, 'lr': 0.001, 'params': 870903, 'time_iter': 12.6444, 'accuracy': 0.9725, 'precision': 0.7763, 'recall': 0.3718, 'f1': 0.5027, 'auc': 0.9176}
val: {'epoch': 98, 'loss': 0.0851, 'lr': 0.001, 'params': 870903, 'time_iter': 2.1552, 'accuracy': 0.9815, 'precision': 0.619, 'recall': 0.1605, 'f1': 0.2549, 'auc': 0.8078}
train: {'epoch': 98, 'eta': 13244.2056, 'loss': 0.0897, 'lr': 0.001, 'params': 870903, 'time_iter': 12.6301, 'accuracy': 0.9725, 'precision': 0.7702, 'recall': 0.3782, 'f1': 0.5073, 'auc': 0.9215}
val: {'epoch': 99, 'loss': 0.0949, 'lr': 0.001, 'params': 870903, 'time_iter': 2.0636, 'accuracy': 0.9805, 'precision': 0.5714, 'recall': 0.0494, 'f1': 0.0909, 'auc': 0.7951}
train: {'epoch': 99, 'eta': 0.0, 'loss': 0.0912, 'lr': 0.001, 'params': 870903, 'time_iter': 12.6767, 'accuracy': 0.9717, 'precision': 0.7397, 'recall': 0.3782, 'f1': 0.5005, 'auc': 0.919}
test: {'epoch': 99, 'loss': 0.175, 'lr': 0.001, 'params': 870903, 'time_iter': 1.837, 'accuracy': 0.9669, 'precision': 0.125, 'recall': 0.0077, 'f1': 0.0145, 'auc': 0.7453}
test: {'epoch': 61, 'loss': 0.1383, 'lr': 0.001, 'params': 870903, 'time_iter': 1.8829, 'accuracy': 0.9684, 'precision': 0.5, 'recall': 0.0538, 'f1': 0.0972, 'auc': 0.7887}
Results aggregated across runs saved in results_experiments/ogbg_molhiv_baseline_grid_design/ogbg_molhiv_baseline-type=dilated_gnn-layer_type=eginconv-layers_k1=2-layers_k2=1-dilated_path_join=concat-learn_alpha_residual_connection=True/agg
