GraphGymModule(
  (model): DilatedGNNModel(
    (encoder): FeatureEncoder(
      (node_encoder): AtomEncoder(
        (atom_embedding_list): ModuleList(
          (0): Embedding(119, 300)
          (1): Embedding(4, 300)
          (2): Embedding(12, 300)
          (3): Embedding(12, 300)
          (4): Embedding(10, 300)
          (5): Embedding(6, 300)
          (6): Embedding(6, 300)
          (7): Embedding(2, 300)
          (8): Embedding(2, 300)
        )
      )
      (edge_encoder): BondEncoder(
        (bond_embedding_list): ModuleList(
          (0): Embedding(5, 300)
          (1): Embedding(6, 300)
          (2): Embedding(2, 300)
        )
      )
    )
    (mp): GNNDilatedStage(
      (classic_layers): ModuleList(
        (0): GeneralLayer(
          (layer): EGINConv(
            (model): GINEConv(nn=Sequential(
              (0): Linear(300, 300, bias=True)
              (1): ReLU()
              (2): Linear(300, 300, bias=True)
            ))
          )
          (post_layer): Sequential(
            (0): BatchNorm1d(300, eps=1e-05, momentum=0.1, affine=True, track_running_stats=True)
            (1): Dropout(p=0.5, inplace=False)
            (2): ReLU()
          )
        )
        (1): GeneralLayer(
          (layer): EGINConv(
            (model): GINEConv(nn=Sequential(
              (0): Linear(300, 300, bias=True)
              (1): ReLU()
              (2): Linear(300, 300, bias=True)
            ))
          )
          (post_layer): Sequential(
            (0): BatchNorm1d(300, eps=1e-05, momentum=0.1, affine=True, track_running_stats=True)
            (1): Dropout(p=0.5, inplace=False)
            (2): ReLU()
          )
        )
        (2): GeneralLayer(
          (layer): EGINConv(
            (model): GINEConv(nn=Sequential(
              (0): Linear(300, 300, bias=True)
              (1): ReLU()
              (2): Linear(300, 300, bias=True)
            ))
          )
          (post_layer): Sequential(
            (0): BatchNorm1d(300, eps=1e-05, momentum=0.1, affine=True, track_running_stats=True)
            (1): Dropout(p=0.5, inplace=False)
            (2): ReLU()
          )
        )
      )
      (dilated_layers): ModuleList(
        (0): DilatedGeneralLayer(
          (layer): EGINConv(
            (model): GINEConv(nn=Sequential(
              (0): Linear(300, 300, bias=True)
              (1): ReLU()
              (2): Linear(300, 300, bias=True)
            ))
          )
          (post_layer): Sequential(
            (0): BatchNorm1d(300, eps=1e-05, momentum=0.1, affine=True, track_running_stats=True)
            (1): Dropout(p=0.5, inplace=False)
            (2): ReLU()
          )
          (gem): GeM(p=3.0000, eps=1e-06)
        )
        (1): DilatedGeneralLayer(
          (layer): EGINConv(
            (model): GINEConv(nn=Sequential(
              (0): Linear(300, 300, bias=True)
              (1): ReLU()
              (2): Linear(300, 300, bias=True)
            ))
          )
          (post_layer): Sequential(
            (0): BatchNorm1d(300, eps=1e-05, momentum=0.1, affine=True, track_running_stats=True)
            (1): Dropout(p=0.5, inplace=False)
            (2): ReLU()
          )
          (gem): GeM(p=3.0000, eps=1e-06)
        )
      )
      (act): ReLU()
    )
    (post_mp): GNNGraphHead(
      (layer_post_mp): MLP(
        (model): Sequential(
          (0): Linear(
            (model): Linear(300, 1, bias=True)
          )
        )
      )
    )
  )
)
accelerator: cuda
benchmark: False
bn:
  eps: 1e-05
  mom: 0.1
cfg_dest: config.yaml
custom_metrics: []
dataset:
  cache_load: False
  cache_save: False
  dir: ./datasets
  edge_dim: 300
  edge_encoder: True
  edge_encoder_bn: False
  edge_encoder_name: Bond
  edge_message_ratio: 0.8
  edge_negative_sampling_ratio: 1.0
  edge_train_mode: all
  encoder: True
  encoder_bn: True
  encoder_dim: 128
  encoder_name: db
  fast_loader: False
  format: OGB
  label_column: none
  label_table: none
  location: local
  name: ogbg-molhiv
  node_encoder: True
  node_encoder_bn: False
  node_encoder_name: Atom
  remove_feature: False
  resample_disjoint: False
  resample_negative: False
  shuffle_split: True
  split: [0.8, 0.1, 0.1]
  split_mode: random
  task: graph
  task_type: classification
  to_undirected: False
  transductive: False
  transform: none
  tu_simple: True
devices: 1
gnn:
  act: relu
  act_on_last_layer_mp: False
  agg: none
  att_final_linear: False
  att_final_linear_bn: False
  att_heads: 1
  batchnorm: True
  clear_feature: True
  dilated_path_join: add
  dim_inner: 300
  dropout: 0.5
  head: graph
  keep_edge: 0.5
  l2norm: True
  layer_type: eginconv
  layers_k1: 3
  layers_k2: 2
  layers_mp: 5
  layers_post_mp: 1
  layers_pre_mp: 0
  learn_alpha_residual_connection: True
  msg_direction: single
  normalize_adj: False
  self_msg: concat
  skip_every: 1
  stage_type: stack
  use_edge_features: True
gpu_mem: False
mem:
  inplace: False
metric_agg: argmax
metric_best: auc
model:
  edge_decoding: dot
  graph_pooling: mean
  loss_fun: cross_entropy
  match_upper: True
  size_average: mean
  thresh: 0.5
  type: dilated_gnn
num_threads: 6
num_workers: 16
optim:
  base_lr: 0.001
  lr_decay: 0.1
  max_epoch: 100
  momentum: 0.9
  optimizer: adam
  scheduler: none
  steps: [30, 60, 90]
  weight_decay: 0.0
out_dir: results_experiments/ogbg_molhiv_baseline_grid_design/ogbg_molhiv_baseline-type=dilated_gnn-layer_type=eginconv-layers_k1=3-layers_k2=2-dilated_path_join=add-learn_alpha_residual_connection=True
params: 1413605
print: both
round: 4
run_dir: results_experiments/ogbg_molhiv_baseline_grid_design/ogbg_molhiv_baseline-type=dilated_gnn-layer_type=eginconv-layers_k1=3-layers_k2=2-dilated_path_join=add-learn_alpha_residual_connection=True/8
seed: 9
share:
  dim_in: 9
  dim_out: 2
  num_splits: 3
tensorboard_agg: True
tensorboard_each_run: False
train:
  auto_resume: False
  batch_size: 32
  ckpt_clean: True
  ckpt_period: 100
  enable_ckpt: True
  epoch_resume: -1
  eval_period: 1
  iter_per_epoch: 32
  neighbor_sizes: [20, 15, 10, 5]
  node_per_graph: 32
  radius: extend
  sample_node: False
  sampler: full_batch
  skip_train_eval: False
  walk_length: 4
val:
  node_per_graph: 32
  radius: extend
  sample_node: False
  sampler: full_batch
view_emb: False
Num parameters: 1413605
val: {'epoch': 0, 'loss': 0.7015, 'lr': 0.001, 'params': 1413605, 'time_iter': 0.8922, 'accuracy': 0.0156, 'precision': 0.0156, 'recall': 1.0, 'f1': 0.0308, 'auc': 0.7619}
val: {'epoch': 0, 'loss': 0.0916, 'lr': 0.001, 'params': 1413605, 'time_iter': 2.9304, 'accuracy': 0.9803, 'precision': 0.0, 'recall': 0.0, 'f1': 0.0, 'auc': 0.6618}
train: {'epoch': 0, 'eta': 1555428.9244, 'loss': 0.1766, 'lr': 0.001, 'params': 1413605, 'time_iter': 15.2686, 'accuracy': 0.9614, 'precision': 0.0, 'recall': 0.0, 'f1': 0.0, 'auc': 0.5985}
val: {'epoch': 1, 'loss': 0.0918, 'lr': 0.001, 'params': 1413605, 'time_iter': 2.579, 'accuracy': 0.9803, 'precision': 0.0, 'recall': 0.0, 'f1': 0.0, 'auc': 0.6591}
train: {'epoch': 1, 'eta': 1496556.7998, 'loss': 0.151, 'lr': 0.001, 'params': 1413605, 'time_iter': 14.4126, 'accuracy': 0.9626, 'precision': 0.0, 'recall': 0.0, 'f1': 0.0, 'auc': 0.6478}
val: {'epoch': 2, 'loss': 0.093, 'lr': 0.001, 'params': 1413605, 'time_iter': 2.5862, 'accuracy': 0.9803, 'precision': 0.0, 'recall': 0.0, 'f1': 0.0, 'auc': 0.6708}
train: {'epoch': 2, 'eta': 1493921.3392, 'loss': 0.1497, 'lr': 0.001, 'params': 1413605, 'time_iter': 15.2204, 'accuracy': 0.9626, 'precision': 0.0, 'recall': 0.0, 'f1': 0.0, 'auc': 0.6555}
val: {'epoch': 3, 'loss': 0.0922, 'lr': 0.001, 'params': 1413605, 'time_iter': 2.5054, 'accuracy': 0.981, 'precision': 1.0, 'recall': 0.037, 'f1': 0.0714, 'auc': 0.6885}
train: {'epoch': 3, 'eta': 1477291.3171, 'loss': 0.1478, 'lr': 0.001, 'params': 1413605, 'time_iter': 14.9174, 'accuracy': 0.9626, 'precision': 0.8, 'recall': 0.0032, 'f1': 0.0065, 'auc': 0.6804}
val: {'epoch': 4, 'loss': 0.0929, 'lr': 0.001, 'params': 1413605, 'time_iter': 2.7114, 'accuracy': 0.981, 'precision': 1.0, 'recall': 0.037, 'f1': 0.0714, 'auc': 0.7001}
train: {'epoch': 4, 'eta': 1450234.2003, 'loss': 0.1467, 'lr': 0.001, 'params': 1413605, 'time_iter': 14.3579, 'accuracy': 0.9625, 'precision': 0.4737, 'recall': 0.0073, 'f1': 0.0144, 'auc': 0.6926}
val: {'epoch': 5, 'loss': 0.0945, 'lr': 0.001, 'params': 1413605, 'time_iter': 3.4754, 'accuracy': 0.981, 'precision': 1.0, 'recall': 0.037, 'f1': 0.0714, 'auc': 0.6859}
train: {'epoch': 5, 'eta': 1424389.0768, 'loss': 0.1461, 'lr': 0.001, 'params': 1413605, 'time_iter': 14.1791, 'accuracy': 0.9623, 'precision': 0.3571, 'recall': 0.0081, 'f1': 0.0159, 'auc': 0.6954}
val: {'epoch': 6, 'loss': 0.0907, 'lr': 0.001, 'params': 1413605, 'time_iter': 2.573, 'accuracy': 0.9801, 'precision': 0.4545, 'recall': 0.0617, 'f1': 0.1087, 'auc': 0.6998}
train: {'epoch': 6, 'eta': 1410958.6941, 'loss': 0.1454, 'lr': 0.001, 'params': 1413605, 'time_iter': 14.852, 'accuracy': 0.9629, 'precision': 0.6078, 'recall': 0.0252, 'f1': 0.0483, 'auc': 0.6956}
val: {'epoch': 7, 'loss': 0.0934, 'lr': 0.001, 'params': 1413605, 'time_iter': 2.5915, 'accuracy': 0.9796, 'precision': 0.4118, 'recall': 0.0864, 'f1': 0.1429, 'auc': 0.6907}
train: {'epoch': 7, 'eta': 1392984.1216, 'loss': 0.1447, 'lr': 0.001, 'params': 1413605, 'time_iter': 14.5072, 'accuracy': 0.9633, 'precision': 0.6949, 'recall': 0.0333, 'f1': 0.0635, 'auc': 0.7007}
val: {'epoch': 8, 'loss': 0.0916, 'lr': 0.001, 'params': 1413605, 'time_iter': 2.5365, 'accuracy': 0.9793, 'precision': 0.3889, 'recall': 0.0864, 'f1': 0.1414, 'auc': 0.706}
train: {'epoch': 8, 'eta': 1375189.4267, 'loss': 0.1434, 'lr': 0.001, 'params': 1413605, 'time_iter': 14.4594, 'accuracy': 0.9635, 'precision': 0.6923, 'recall': 0.0438, 'f1': 0.0824, 'auc': 0.7099}
val: {'epoch': 9, 'loss': 0.0909, 'lr': 0.001, 'params': 1413605, 'time_iter': 2.6654, 'accuracy': 0.9796, 'precision': 0.4211, 'recall': 0.0988, 'f1': 0.16, 'auc': 0.6918}
train: {'epoch': 9, 'eta': 1359887.5118, 'loss': 0.1433, 'lr': 0.001, 'params': 1413605, 'time_iter': 14.6656, 'accuracy': 0.9637, 'precision': 0.7111, 'recall': 0.0519, 'f1': 0.0968, 'auc': 0.7076}
val: {'epoch': 10, 'loss': 0.0916, 'lr': 0.001, 'params': 1413605, 'time_iter': 2.8083, 'accuracy': 0.9793, 'precision': 0.3571, 'recall': 0.0617, 'f1': 0.1053, 'auc': 0.6971}
train: {'epoch': 10, 'eta': 1344645.0223, 'loss': 0.1424, 'lr': 0.001, 'params': 1413605, 'time_iter': 14.6681, 'accuracy': 0.9636, 'precision': 0.6698, 'recall': 0.0576, 'f1': 0.1061, 'auc': 0.7146}
val: {'epoch': 11, 'loss': 0.0929, 'lr': 0.001, 'params': 1413605, 'time_iter': 2.616, 'accuracy': 0.9793, 'precision': 0.4091, 'recall': 0.1111, 'f1': 0.1748, 'auc': 0.6817}
train: {'epoch': 11, 'eta': 1331628.7407, 'loss': 0.1422, 'lr': 0.001, 'params': 1413605, 'time_iter': 14.9598, 'accuracy': 0.9637, 'precision': 0.6827, 'recall': 0.0576, 'f1': 0.1063, 'auc': 0.7166}
val: {'epoch': 12, 'loss': 0.0929, 'lr': 0.001, 'params': 1413605, 'time_iter': 2.619, 'accuracy': 0.9801, 'precision': 0.4615, 'recall': 0.0741, 'f1': 0.1277, 'auc': 0.6774}
train: {'epoch': 12, 'eta': 1316121.4968, 'loss': 0.1414, 'lr': 0.001, 'params': 1413605, 'time_iter': 14.6512, 'accuracy': 0.9637, 'precision': 0.6512, 'recall': 0.0682, 'f1': 0.1234, 'auc': 0.7184}
val: {'epoch': 13, 'loss': 0.097, 'lr': 0.001, 'params': 1413605, 'time_iter': 2.4473, 'accuracy': 0.9788, 'precision': 0.3333, 'recall': 0.0741, 'f1': 0.1212, 'auc': 0.6955}
train: {'epoch': 13, 'eta': 1299240.5103, 'loss': 0.1413, 'lr': 0.001, 'params': 1413605, 'time_iter': 14.4241, 'accuracy': 0.9637, 'precision': 0.6667, 'recall': 0.0601, 'f1': 0.1102, 'auc': 0.7179}
val: {'epoch': 14, 'loss': 0.0944, 'lr': 0.001, 'params': 1413605, 'time_iter': 2.6385, 'accuracy': 0.9786, 'precision': 0.36, 'recall': 0.1111, 'f1': 0.1698, 'auc': 0.6962}
train: {'epoch': 14, 'eta': 1281804.3154, 'loss': 0.1407, 'lr': 0.001, 'params': 1413605, 'time_iter': 14.2823, 'accuracy': 0.9641, 'precision': 0.6953, 'recall': 0.0722, 'f1': 0.1309, 'auc': 0.7195}
val: {'epoch': 15, 'loss': 0.0933, 'lr': 0.001, 'params': 1413605, 'time_iter': 2.6661, 'accuracy': 0.9798, 'precision': 0.4375, 'recall': 0.0864, 'f1': 0.1443, 'auc': 0.6688}
train: {'epoch': 15, 'eta': 1268014.4288, 'loss': 0.1414, 'lr': 0.001, 'params': 1413605, 'time_iter': 14.8939, 'accuracy': 0.964, 'precision': 0.6815, 'recall': 0.0747, 'f1': 0.1346, 'auc': 0.7185}
val: {'epoch': 16, 'loss': 0.0958, 'lr': 0.001, 'params': 1413605, 'time_iter': 2.5799, 'accuracy': 0.9788, 'precision': 0.3333, 'recall': 0.0741, 'f1': 0.1212, 'auc': 0.6744}
train: {'epoch': 16, 'eta': 1253240.6066, 'loss': 0.1405, 'lr': 0.001, 'params': 1413605, 'time_iter': 14.734, 'accuracy': 0.9643, 'precision': 0.6944, 'recall': 0.0812, 'f1': 0.1453, 'auc': 0.7206}
val: {'epoch': 17, 'loss': 0.1053, 'lr': 0.001, 'params': 1413605, 'time_iter': 2.5249, 'accuracy': 0.9716, 'precision': 0.14, 'recall': 0.0864, 'f1': 0.1069, 'auc': 0.6784}
train: {'epoch': 17, 'eta': 1237046.4221, 'loss': 0.1407, 'lr': 0.001, 'params': 1413605, 'time_iter': 14.4402, 'accuracy': 0.964, 'precision': 0.6513, 'recall': 0.0804, 'f1': 0.1431, 'auc': 0.7193}
val: {'epoch': 18, 'loss': 0.0934, 'lr': 0.001, 'params': 1413605, 'time_iter': 3.0461, 'accuracy': 0.9793, 'precision': 0.375, 'recall': 0.0741, 'f1': 0.1237, 'auc': 0.6893}
train: {'epoch': 18, 'eta': 1221053.9487, 'loss': 0.1402, 'lr': 0.001, 'params': 1413605, 'time_iter': 14.4541, 'accuracy': 0.9642, 'precision': 0.6978, 'recall': 0.0787, 'f1': 0.1415, 'auc': 0.7207}
val: {'epoch': 19, 'loss': 0.0983, 'lr': 0.001, 'params': 1413605, 'time_iter': 2.6646, 'accuracy': 0.9776, 'precision': 0.3103, 'recall': 0.1111, 'f1': 0.1636, 'auc': 0.6783}
train: {'epoch': 19, 'eta': 1206679.2196, 'loss': 0.1399, 'lr': 0.001, 'params': 1413605, 'time_iter': 14.82, 'accuracy': 0.9644, 'precision': 0.7113, 'recall': 0.082, 'f1': 0.147, 'auc': 0.7287}
val: {'epoch': 20, 'loss': 0.0963, 'lr': 0.001, 'params': 1413605, 'time_iter': 2.7133, 'accuracy': 0.9784, 'precision': 0.3182, 'recall': 0.0864, 'f1': 0.1359, 'auc': 0.6863}
train: {'epoch': 20, 'eta': 1192780.8243, 'loss': 0.1393, 'lr': 0.001, 'params': 1413605, 'time_iter': 14.9645, 'accuracy': 0.9645, 'precision': 0.7044, 'recall': 0.0909, 'f1': 0.161, 'auc': 0.7324}
val: {'epoch': 21, 'loss': 0.0958, 'lr': 0.001, 'params': 1413605, 'time_iter': 2.5149, 'accuracy': 0.9796, 'precision': 0.4118, 'recall': 0.0864, 'f1': 0.1429, 'auc': 0.6852}
train: {'epoch': 21, 'eta': 1176324.033, 'loss': 0.1395, 'lr': 0.001, 'params': 1413605, 'time_iter': 14.3007, 'accuracy': 0.9642, 'precision': 0.6687, 'recall': 0.0885, 'f1': 0.1563, 'auc': 0.7267}
val: {'epoch': 22, 'loss': 0.0935, 'lr': 0.001, 'params': 1413605, 'time_iter': 2.5649, 'accuracy': 0.9791, 'precision': 0.4, 'recall': 0.1235, 'f1': 0.1887, 'auc': 0.6985}
train: {'epoch': 22, 'eta': 1161049.007, 'loss': 0.1382, 'lr': 0.001, 'params': 1413605, 'time_iter': 14.5998, 'accuracy': 0.965, 'precision': 0.731, 'recall': 0.1015, 'f1': 0.1782, 'auc': 0.736}
val: {'epoch': 23, 'loss': 0.0968, 'lr': 0.001, 'params': 1413605, 'time_iter': 2.9902, 'accuracy': 0.9788, 'precision': 0.3929, 'recall': 0.1358, 'f1': 0.2018, 'auc': 0.6883}
train: {'epoch': 23, 'eta': 1144862.4781, 'loss': 0.1371, 'lr': 0.001, 'params': 1413605, 'time_iter': 14.3136, 'accuracy': 0.9645, 'precision': 0.6821, 'recall': 0.0958, 'f1': 0.168, 'auc': 0.7461}
val: {'epoch': 24, 'loss': 0.092, 'lr': 0.001, 'params': 1413605, 'time_iter': 2.5596, 'accuracy': 0.9786, 'precision': 0.36, 'recall': 0.1111, 'f1': 0.1698, 'auc': 0.7224}
train: {'epoch': 24, 'eta': 1130144.4533, 'loss': 0.1375, 'lr': 0.001, 'params': 1413605, 'time_iter': 14.7515, 'accuracy': 0.9643, 'precision': 0.6726, 'recall': 0.0917, 'f1': 0.1614, 'auc': 0.7443}
val: {'epoch': 25, 'loss': 0.0917, 'lr': 0.001, 'params': 1413605, 'time_iter': 2.6355, 'accuracy': 0.9786, 'precision': 0.36, 'recall': 0.1111, 'f1': 0.1698, 'auc': 0.7269}
train: {'epoch': 25, 'eta': 1115056.061, 'loss': 0.1366, 'lr': 0.001, 'params': 1413605, 'time_iter': 14.6372, 'accuracy': 0.9649, 'precision': 0.7349, 'recall': 0.099, 'f1': 0.1745, 'auc': 0.7466}
val: {'epoch': 26, 'loss': 0.0955, 'lr': 0.001, 'params': 1413605, 'time_iter': 2.4901, 'accuracy': 0.9796, 'precision': 0.4118, 'recall': 0.0864, 'f1': 0.1429, 'auc': 0.7211}
train: {'epoch': 26, 'eta': 1099111.5695, 'loss': 0.1359, 'lr': 0.001, 'params': 1413605, 'time_iter': 14.3287, 'accuracy': 0.9646, 'precision': 0.7006, 'recall': 0.095, 'f1': 0.1673, 'auc': 0.7531}
val: {'epoch': 27, 'loss': 0.0907, 'lr': 0.001, 'params': 1413605, 'time_iter': 2.5979, 'accuracy': 0.9791, 'precision': 0.3913, 'recall': 0.1111, 'f1': 0.1731, 'auc': 0.7407}
train: {'epoch': 27, 'eta': 1084990.2222, 'loss': 0.136, 'lr': 0.001, 'params': 1413605, 'time_iter': 14.9853, 'accuracy': 0.9645, 'precision': 0.6758, 'recall': 0.0998, 'f1': 0.174, 'auc': 0.753}
val: {'epoch': 28, 'loss': 0.0949, 'lr': 0.001, 'params': 1413605, 'time_iter': 2.7502, 'accuracy': 0.9801, 'precision': 0.4667, 'recall': 0.0864, 'f1': 0.1458, 'auc': 0.6976}
train: {'epoch': 28, 'eta': 1070451.8268, 'loss': 0.1357, 'lr': 0.001, 'params': 1413605, 'time_iter': 14.8554, 'accuracy': 0.9645, 'precision': 0.6758, 'recall': 0.0998, 'f1': 0.174, 'auc': 0.7579}
val: {'epoch': 29, 'loss': 0.094, 'lr': 0.001, 'params': 1413605, 'time_iter': 2.6813, 'accuracy': 0.9769, 'precision': 0.2812, 'recall': 0.1111, 'f1': 0.1593, 'auc': 0.7216}
train: {'epoch': 29, 'eta': 1055508.7214, 'loss': 0.1349, 'lr': 0.001, 'params': 1413605, 'time_iter': 14.7076, 'accuracy': 0.9651, 'precision': 0.7219, 'recall': 0.1096, 'f1': 0.1903, 'auc': 0.7616}
val: {'epoch': 30, 'loss': 0.0928, 'lr': 0.001, 'params': 1413605, 'time_iter': 2.6208, 'accuracy': 0.9786, 'precision': 0.36, 'recall': 0.1111, 'f1': 0.1698, 'auc': 0.7374}
train: {'epoch': 30, 'eta': 1040475.0772, 'loss': 0.1349, 'lr': 0.001, 'params': 1413605, 'time_iter': 14.6734, 'accuracy': 0.9649, 'precision': 0.7016, 'recall': 0.1088, 'f1': 0.1883, 'auc': 0.7628}
val: {'epoch': 31, 'loss': 0.094, 'lr': 0.001, 'params': 1413605, 'time_iter': 2.5565, 'accuracy': 0.9781, 'precision': 0.3333, 'recall': 0.1111, 'f1': 0.1667, 'auc': 0.739}
train: {'epoch': 31, 'eta': 1026026.7226, 'loss': 0.1335, 'lr': 0.001, 'params': 1413605, 'time_iter': 14.9429, 'accuracy': 0.9651, 'precision': 0.7202, 'recall': 0.1128, 'f1': 0.1951, 'auc': 0.7708}
val: {'epoch': 32, 'loss': 0.0921, 'lr': 0.001, 'params': 1413605, 'time_iter': 2.5399, 'accuracy': 0.9779, 'precision': 0.3214, 'recall': 0.1111, 'f1': 0.1651, 'auc': 0.722}
train: {'epoch': 32, 'eta': 1011160.0761, 'loss': 0.1331, 'lr': 0.001, 'params': 1413605, 'time_iter': 14.7696, 'accuracy': 0.965, 'precision': 0.7092, 'recall': 0.1128, 'f1': 0.1947, 'auc': 0.7737}
val: {'epoch': 33, 'loss': 0.0912, 'lr': 0.001, 'params': 1413605, 'time_iter': 2.7525, 'accuracy': 0.9774, 'precision': 0.3125, 'recall': 0.1235, 'f1': 0.177, 'auc': 0.7555}
train: {'epoch': 33, 'eta': 995859.0892, 'loss': 0.1326, 'lr': 0.001, 'params': 1413605, 'time_iter': 14.562, 'accuracy': 0.9654, 'precision': 0.7411, 'recall': 0.1185, 'f1': 0.2043, 'auc': 0.7746}
val: {'epoch': 34, 'loss': 0.0874, 'lr': 0.001, 'params': 1413605, 'time_iter': 2.5272, 'accuracy': 0.9805, 'precision': 0.5385, 'recall': 0.0864, 'f1': 0.1489, 'auc': 0.7462}
train: {'epoch': 34, 'eta': 981865.188, 'loss': 0.132, 'lr': 0.001, 'params': 1413605, 'time_iter': 15.2365, 'accuracy': 0.9649, 'precision': 0.6822, 'recall': 0.1185, 'f1': 0.2019, 'auc': 0.7813}
val: {'epoch': 35, 'loss': 0.0929, 'lr': 0.001, 'params': 1413605, 'time_iter': 2.5606, 'accuracy': 0.9771, 'precision': 0.3243, 'recall': 0.1481, 'f1': 0.2034, 'auc': 0.7519}
train: {'epoch': 35, 'eta': 966575.8972, 'loss': 0.1314, 'lr': 0.001, 'params': 1413605, 'time_iter': 14.5795, 'accuracy': 0.9654, 'precision': 0.7273, 'recall': 0.1234, 'f1': 0.211, 'auc': 0.7825}
val: {'epoch': 36, 'loss': 0.0962, 'lr': 0.001, 'params': 1413605, 'time_iter': 3.2133, 'accuracy': 0.9752, 'precision': 0.2439, 'recall': 0.1235, 'f1': 0.1639, 'auc': 0.7649}
train: {'epoch': 36, 'eta': 951385.7963, 'loss': 0.1311, 'lr': 0.001, 'params': 1413605, 'time_iter': 14.6273, 'accuracy': 0.9654, 'precision': 0.719, 'recall': 0.1226, 'f1': 0.2094, 'auc': 0.7831}
val: {'epoch': 37, 'loss': 0.0896, 'lr': 0.001, 'params': 1413605, 'time_iter': 2.6221, 'accuracy': 0.9793, 'precision': 0.4, 'recall': 0.0988, 'f1': 0.1584, 'auc': 0.7532}
train: {'epoch': 37, 'eta': 936297.4269, 'loss': 0.1296, 'lr': 0.001, 'params': 1413605, 'time_iter': 14.6835, 'accuracy': 0.9653, 'precision': 0.7163, 'recall': 0.1209, 'f1': 0.2069, 'auc': 0.7942}
val: {'epoch': 38, 'loss': 0.0853, 'lr': 0.001, 'params': 1413605, 'time_iter': 3.007, 'accuracy': 0.9796, 'precision': 0.4211, 'recall': 0.0988, 'f1': 0.16, 'auc': 0.7645}
train: {'epoch': 38, 'eta': 921198.3374, 'loss': 0.1302, 'lr': 0.001, 'params': 1413605, 'time_iter': 14.6775, 'accuracy': 0.9653, 'precision': 0.7022, 'recall': 0.1282, 'f1': 0.2169, 'auc': 0.787}
val: {'epoch': 39, 'loss': 0.0909, 'lr': 0.001, 'params': 1413605, 'time_iter': 2.5732, 'accuracy': 0.9781, 'precision': 0.3448, 'recall': 0.1235, 'f1': 0.1818, 'auc': 0.7575}
train: {'epoch': 39, 'eta': 906445.6899, 'loss': 0.1278, 'lr': 0.001, 'params': 1413605, 'time_iter': 14.9021, 'accuracy': 0.9657, 'precision': 0.7277, 'recall': 0.1323, 'f1': 0.2239, 'auc': 0.7991}
val: {'epoch': 40, 'loss': 0.0926, 'lr': 0.001, 'params': 1413605, 'time_iter': 2.6812, 'accuracy': 0.9796, 'precision': 0.4348, 'recall': 0.1235, 'f1': 0.1923, 'auc': 0.7424}
train: {'epoch': 40, 'eta': 891716.3403, 'loss': 0.1283, 'lr': 0.001, 'params': 1413605, 'time_iter': 14.937, 'accuracy': 0.9652, 'precision': 0.7037, 'recall': 0.1234, 'f1': 0.2099, 'auc': 0.7965}
val: {'epoch': 41, 'loss': 0.0891, 'lr': 0.001, 'params': 1413605, 'time_iter': 2.8666, 'accuracy': 0.9801, 'precision': 0.4737, 'recall': 0.1111, 'f1': 0.18, 'auc': 0.7677}
train: {'epoch': 41, 'eta': 876127.5935, 'loss': 0.1276, 'lr': 0.001, 'params': 1413605, 'time_iter': 14.3537, 'accuracy': 0.9652, 'precision': 0.6986, 'recall': 0.1242, 'f1': 0.2109, 'auc': 0.7996}
val: {'epoch': 42, 'loss': 0.1046, 'lr': 0.001, 'params': 1413605, 'time_iter': 2.6108, 'accuracy': 0.9759, 'precision': 0.25, 'recall': 0.1111, 'f1': 0.1538, 'auc': 0.6716}
train: {'epoch': 42, 'eta': 860958.6166, 'loss': 0.1264, 'lr': 0.001, 'params': 1413605, 'time_iter': 14.6335, 'accuracy': 0.9656, 'precision': 0.7181, 'recall': 0.1323, 'f1': 0.2234, 'auc': 0.8054}
val: {'epoch': 43, 'loss': 0.0895, 'lr': 0.001, 'params': 1413605, 'time_iter': 2.6168, 'accuracy': 0.9796, 'precision': 0.4211, 'recall': 0.0988, 'f1': 0.16, 'auc': 0.7776}
train: {'epoch': 43, 'eta': 845412.0016, 'loss': 0.1266, 'lr': 0.001, 'params': 1413605, 'time_iter': 14.3413, 'accuracy': 0.9654, 'precision': 0.7056, 'recall': 0.1323, 'f1': 0.2228, 'auc': 0.8008}
val: {'epoch': 44, 'loss': 0.0874, 'lr': 0.001, 'params': 1413605, 'time_iter': 2.5603, 'accuracy': 0.9788, 'precision': 0.3846, 'recall': 0.1235, 'f1': 0.1869, 'auc': 0.7711}
train: {'epoch': 44, 'eta': 830434.9319, 'loss': 0.1276, 'lr': 0.001, 'params': 1413605, 'time_iter': 14.7663, 'accuracy': 0.9651, 'precision': 0.7053, 'recall': 0.1185, 'f1': 0.2029, 'auc': 0.8013}
val: {'epoch': 45, 'loss': 0.0859, 'lr': 0.001, 'params': 1413605, 'time_iter': 2.6522, 'accuracy': 0.9798, 'precision': 0.4545, 'recall': 0.1235, 'f1': 0.1942, 'auc': 0.7893}
train: {'epoch': 45, 'eta': 815152.113, 'loss': 0.1261, 'lr': 0.001, 'params': 1413605, 'time_iter': 14.521, 'accuracy': 0.9656, 'precision': 0.7089, 'recall': 0.1364, 'f1': 0.2287, 'auc': 0.8048}
val: {'epoch': 46, 'loss': 0.0876, 'lr': 0.001, 'params': 1413605, 'time_iter': 2.8073, 'accuracy': 0.9796, 'precision': 0.4348, 'recall': 0.1235, 'f1': 0.1923, 'auc': 0.7635}
train: {'epoch': 46, 'eta': 799530.5154, 'loss': 0.126, 'lr': 0.001, 'params': 1413605, 'time_iter': 14.2165, 'accuracy': 0.9658, 'precision': 0.7488, 'recall': 0.1307, 'f1': 0.2225, 'auc': 0.8031}
val: {'epoch': 47, 'loss': 0.0866, 'lr': 0.001, 'params': 1413605, 'time_iter': 2.5367, 'accuracy': 0.9791, 'precision': 0.3913, 'recall': 0.1111, 'f1': 0.1731, 'auc': 0.7838}
train: {'epoch': 47, 'eta': 784784.0304, 'loss': 0.1245, 'lr': 0.001, 'params': 1413605, 'time_iter': 14.9644, 'accuracy': 0.9656, 'precision': 0.72, 'recall': 0.1315, 'f1': 0.2224, 'auc': 0.8109}
val: {'epoch': 48, 'loss': 0.0913, 'lr': 0.001, 'params': 1413605, 'time_iter': 2.8484, 'accuracy': 0.9788, 'precision': 0.375, 'recall': 0.1111, 'f1': 0.1714, 'auc': 0.7607}
train: {'epoch': 48, 'eta': 769584.0084, 'loss': 0.1242, 'lr': 0.001, 'params': 1413605, 'time_iter': 14.5658, 'accuracy': 0.9658, 'precision': 0.7208, 'recall': 0.1404, 'f1': 0.2351, 'auc': 0.8107}
val: {'epoch': 49, 'loss': 0.087, 'lr': 0.001, 'params': 1413605, 'time_iter': 2.503, 'accuracy': 0.9793, 'precision': 0.4091, 'recall': 0.1111, 'f1': 0.1748, 'auc': 0.7721}
train: {'epoch': 49, 'eta': 754780.1558, 'loss': 0.124, 'lr': 0.001, 'params': 1413605, 'time_iter': 14.9426, 'accuracy': 0.9654, 'precision': 0.6992, 'recall': 0.1339, 'f1': 0.2248, 'auc': 0.8154}
val: {'epoch': 50, 'loss': 0.0922, 'lr': 0.001, 'params': 1413605, 'time_iter': 2.6545, 'accuracy': 0.9798, 'precision': 0.4545, 'recall': 0.1235, 'f1': 0.1942, 'auc': 0.7686}
train: {'epoch': 50, 'eta': 739533.4105, 'loss': 0.1232, 'lr': 0.001, 'params': 1413605, 'time_iter': 14.5173, 'accuracy': 0.966, 'precision': 0.7446, 'recall': 0.1396, 'f1': 0.2351, 'auc': 0.8166}
val: {'epoch': 51, 'loss': 0.089, 'lr': 0.001, 'params': 1413605, 'time_iter': 2.7043, 'accuracy': 0.982, 'precision': 1.0, 'recall': 0.0864, 'f1': 0.1591, 'auc': 0.7687}
train: {'epoch': 51, 'eta': 724224.6786, 'loss': 0.1227, 'lr': 0.001, 'params': 1413605, 'time_iter': 14.4395, 'accuracy': 0.9658, 'precision': 0.7288, 'recall': 0.1396, 'f1': 0.2343, 'auc': 0.817}
val: {'epoch': 52, 'loss': 0.092, 'lr': 0.001, 'params': 1413605, 'time_iter': 2.5389, 'accuracy': 0.9801, 'precision': 0.4737, 'recall': 0.1111, 'f1': 0.18, 'auc': 0.7573}
train: {'epoch': 52, 'eta': 709656.463, 'loss': 0.1219, 'lr': 0.001, 'params': 1413605, 'time_iter': 15.2324, 'accuracy': 0.966, 'precision': 0.7154, 'recall': 0.151, 'f1': 0.2493, 'auc': 0.8202}
val: {'epoch': 53, 'loss': 0.0881, 'lr': 0.001, 'params': 1413605, 'time_iter': 2.7097, 'accuracy': 0.9805, 'precision': 0.5238, 'recall': 0.1358, 'f1': 0.2157, 'auc': 0.7933}
train: {'epoch': 53, 'eta': 694746.8643, 'loss': 0.1217, 'lr': 0.001, 'params': 1413605, 'time_iter': 14.8897, 'accuracy': 0.966, 'precision': 0.7244, 'recall': 0.1494, 'f1': 0.2476, 'auc': 0.8181}
val: {'epoch': 54, 'loss': 0.0868, 'lr': 0.001, 'params': 1413605, 'time_iter': 2.5745, 'accuracy': 0.9796, 'precision': 0.4348, 'recall': 0.1235, 'f1': 0.1923, 'auc': 0.7645}
train: {'epoch': 54, 'eta': 679600.4678, 'loss': 0.1212, 'lr': 0.001, 'params': 1413605, 'time_iter': 14.6262, 'accuracy': 0.9661, 'precision': 0.7266, 'recall': 0.151, 'f1': 0.25, 'auc': 0.8185}
val: {'epoch': 55, 'loss': 0.092, 'lr': 0.001, 'params': 1413605, 'time_iter': 2.5567, 'accuracy': 0.9798, 'precision': 0.4545, 'recall': 0.1235, 'f1': 0.1942, 'auc': 0.7679}
train: {'epoch': 55, 'eta': 664432.4407, 'loss': 0.1206, 'lr': 0.001, 'params': 1413605, 'time_iter': 14.5952, 'accuracy': 0.9667, 'precision': 0.7402, 'recall': 0.1688, 'f1': 0.275, 'auc': 0.8235}
val: {'epoch': 56, 'loss': 0.089, 'lr': 0.001, 'params': 1413605, 'time_iter': 2.8545, 'accuracy': 0.9793, 'precision': 0.4167, 'recall': 0.1235, 'f1': 0.1905, 'auc': 0.7757}
train: {'epoch': 56, 'eta': 648845.6014, 'loss': 0.12, 'lr': 0.001, 'params': 1413605, 'time_iter': 14.0489, 'accuracy': 0.9664, 'precision': 0.7286, 'recall': 0.1656, 'f1': 0.2698, 'auc': 0.8224}
val: {'epoch': 57, 'loss': 0.0869, 'lr': 0.001, 'params': 1413605, 'time_iter': 2.3955, 'accuracy': 0.9803, 'precision': 0.5, 'recall': 0.1235, 'f1': 0.198, 'auc': 0.7602}
train: {'epoch': 57, 'eta': 633848.9054, 'loss': 0.1205, 'lr': 0.001, 'params': 1413605, 'time_iter': 14.7886, 'accuracy': 0.9656, 'precision': 0.6748, 'recall': 0.1567, 'f1': 0.2543, 'auc': 0.8242}
val: {'epoch': 58, 'loss': 0.0871, 'lr': 0.001, 'params': 1413605, 'time_iter': 2.8049, 'accuracy': 0.9808, 'precision': 0.5714, 'recall': 0.0988, 'f1': 0.1684, 'auc': 0.7781}
train: {'epoch': 58, 'eta': 618724.5092, 'loss': 0.1197, 'lr': 0.001, 'params': 1413605, 'time_iter': 14.6205, 'accuracy': 0.9663, 'precision': 0.7253, 'recall': 0.1607, 'f1': 0.2631, 'auc': 0.8259}
val: {'epoch': 59, 'loss': 0.0876, 'lr': 0.001, 'params': 1413605, 'time_iter': 2.5077, 'accuracy': 0.9813, 'precision': 0.6111, 'recall': 0.1358, 'f1': 0.2222, 'auc': 0.7751}
train: {'epoch': 59, 'eta': 603795.3022, 'loss': 0.118, 'lr': 0.001, 'params': 1413605, 'time_iter': 14.9012, 'accuracy': 0.9667, 'precision': 0.7518, 'recall': 0.1672, 'f1': 0.2736, 'auc': 0.8325}
val: {'epoch': 60, 'loss': 0.102, 'lr': 0.001, 'params': 1413605, 'time_iter': 2.707, 'accuracy': 0.9718, 'precision': 0.2308, 'recall': 0.1852, 'f1': 0.2055, 'auc': 0.7538}
train: {'epoch': 60, 'eta': 588619.2639, 'loss': 0.1183, 'lr': 0.001, 'params': 1413605, 'time_iter': 14.5461, 'accuracy': 0.9665, 'precision': 0.7216, 'recall': 0.1705, 'f1': 0.2758, 'auc': 0.8291}
val: {'epoch': 61, 'loss': 0.0833, 'lr': 0.001, 'params': 1413605, 'time_iter': 2.5926, 'accuracy': 0.9805, 'precision': 0.5238, 'recall': 0.1358, 'f1': 0.2157, 'auc': 0.79}
train: {'epoch': 61, 'eta': 573651.8618, 'loss': 0.1171, 'lr': 0.001, 'params': 1413605, 'time_iter': 14.8663, 'accuracy': 0.9672, 'precision': 0.7516, 'recall': 0.1867, 'f1': 0.2991, 'auc': 0.8331}
val: {'epoch': 62, 'loss': 0.0878, 'lr': 0.001, 'params': 1413605, 'time_iter': 2.5678, 'accuracy': 0.9805, 'precision': 0.5263, 'recall': 0.1235, 'f1': 0.2, 'auc': 0.7631}
train: {'epoch': 62, 'eta': 558623.9277, 'loss': 0.1173, 'lr': 0.001, 'params': 1413605, 'time_iter': 14.7835, 'accuracy': 0.9668, 'precision': 0.7238, 'recall': 0.1851, 'f1': 0.2948, 'auc': 0.8322}
val: {'epoch': 63, 'loss': 0.0961, 'lr': 0.001, 'params': 1413605, 'time_iter': 2.7636, 'accuracy': 0.9771, 'precision': 0.3243, 'recall': 0.1481, 'f1': 0.2034, 'auc': 0.7373}
train: {'epoch': 63, 'eta': 543455.4546, 'loss': 0.117, 'lr': 0.001, 'params': 1413605, 'time_iter': 14.5506, 'accuracy': 0.967, 'precision': 0.734, 'recall': 0.1859, 'f1': 0.2966, 'auc': 0.8334}
val: {'epoch': 64, 'loss': 0.0825, 'lr': 0.001, 'params': 1413605, 'time_iter': 2.6602, 'accuracy': 0.9803, 'precision': 0.5, 'recall': 0.1852, 'f1': 0.2703, 'auc': 0.7843}
train: {'epoch': 64, 'eta': 528164.1353, 'loss': 0.1169, 'lr': 0.001, 'params': 1413605, 'time_iter': 14.318, 'accuracy': 0.9671, 'precision': 0.7483, 'recall': 0.1834, 'f1': 0.2947, 'auc': 0.835}
val: {'epoch': 65, 'loss': 0.0975, 'lr': 0.001, 'params': 1413605, 'time_iter': 2.5763, 'accuracy': 0.9769, 'precision': 0.325, 'recall': 0.1605, 'f1': 0.2149, 'auc': 0.7432}
train: {'epoch': 65, 'eta': 513222.4648, 'loss': 0.1171, 'lr': 0.001, 'params': 1413605, 'time_iter': 14.9457, 'accuracy': 0.9666, 'precision': 0.703, 'recall': 0.1883, 'f1': 0.2971, 'auc': 0.834}
val: {'epoch': 66, 'loss': 0.0848, 'lr': 0.001, 'params': 1413605, 'time_iter': 2.6369, 'accuracy': 0.9801, 'precision': 0.4815, 'recall': 0.1605, 'f1': 0.2407, 'auc': 0.7716}
train: {'epoch': 66, 'eta': 497955.5581, 'loss': 0.1155, 'lr': 0.001, 'params': 1413605, 'time_iter': 14.3297, 'accuracy': 0.967, 'precision': 0.7362, 'recall': 0.1834, 'f1': 0.2937, 'auc': 0.8408}
val: {'epoch': 67, 'loss': 0.088, 'lr': 0.001, 'params': 1413605, 'time_iter': 2.5234, 'accuracy': 0.9813, 'precision': 0.625, 'recall': 0.1235, 'f1': 0.2062, 'auc': 0.7834}
train: {'epoch': 67, 'eta': 483103.842, 'loss': 0.1148, 'lr': 0.001, 'params': 1413605, 'time_iter': 15.1555, 'accuracy': 0.9672, 'precision': 0.7391, 'recall': 0.1932, 'f1': 0.3063, 'auc': 0.8412}
val: {'epoch': 68, 'loss': 0.0899, 'lr': 0.001, 'params': 1413605, 'time_iter': 2.6975, 'accuracy': 0.9808, 'precision': 0.55, 'recall': 0.1358, 'f1': 0.2178, 'auc': 0.7528}
train: {'epoch': 68, 'eta': 468097.8618, 'loss': 0.1156, 'lr': 0.001, 'params': 1413605, 'time_iter': 14.8684, 'accuracy': 0.9672, 'precision': 0.7289, 'recall': 0.1964, 'f1': 0.3095, 'auc': 0.8389}
val: {'epoch': 69, 'loss': 0.0886, 'lr': 0.001, 'params': 1413605, 'time_iter': 2.7196, 'accuracy': 0.9793, 'precision': 0.4231, 'recall': 0.1358, 'f1': 0.2056, 'auc': 0.7727}
train: {'epoch': 69, 'eta': 452943.7663, 'loss': 0.1141, 'lr': 0.001, 'params': 1413605, 'time_iter': 14.5516, 'accuracy': 0.9676, 'precision': 0.7594, 'recall': 0.1972, 'f1': 0.3131, 'auc': 0.8436}
val: {'epoch': 70, 'loss': 0.0859, 'lr': 0.001, 'params': 1413605, 'time_iter': 2.5519, 'accuracy': 0.9803, 'precision': 0.5, 'recall': 0.1235, 'f1': 0.198, 'auc': 0.7636}
train: {'epoch': 70, 'eta': 437820.6446, 'loss': 0.1142, 'lr': 0.001, 'params': 1413605, 'time_iter': 14.6131, 'accuracy': 0.9675, 'precision': 0.7265, 'recall': 0.2135, 'f1': 0.33, 'auc': 0.8423}
val: {'epoch': 71, 'loss': 0.088, 'lr': 0.001, 'params': 1413605, 'time_iter': 2.6465, 'accuracy': 0.981, 'precision': 0.56, 'recall': 0.1728, 'f1': 0.2642, 'auc': 0.7669}
train: {'epoch': 71, 'eta': 422647.8548, 'loss': 0.114, 'lr': 0.001, 'params': 1413605, 'time_iter': 14.483, 'accuracy': 0.9674, 'precision': 0.7403, 'recall': 0.2013, 'f1': 0.3165, 'auc': 0.8412}
val: {'epoch': 72, 'loss': 0.0873, 'lr': 0.001, 'params': 1413605, 'time_iter': 2.529, 'accuracy': 0.981, 'precision': 0.6154, 'recall': 0.0988, 'f1': 0.1702, 'auc': 0.7671}
train: {'epoch': 72, 'eta': 407537.4711, 'loss': 0.1136, 'lr': 0.001, 'params': 1413605, 'time_iter': 14.6276, 'accuracy': 0.9678, 'precision': 0.7537, 'recall': 0.2086, 'f1': 0.3268, 'auc': 0.8452}
val: {'epoch': 73, 'loss': 0.0905, 'lr': 0.001, 'params': 1413605, 'time_iter': 2.6491, 'accuracy': 0.9808, 'precision': 0.5385, 'recall': 0.1728, 'f1': 0.2617, 'auc': 0.7481}
train: {'epoch': 73, 'eta': 392337.9736, 'loss': 0.1123, 'lr': 0.001, 'params': 1413605, 'time_iter': 14.3767, 'accuracy': 0.9677, 'precision': 0.7407, 'recall': 0.211, 'f1': 0.3285, 'auc': 0.8501}
val: {'epoch': 74, 'loss': 0.088, 'lr': 0.001, 'params': 1413605, 'time_iter': 2.7005, 'accuracy': 0.9815, 'precision': 0.6316, 'recall': 0.1481, 'f1': 0.24, 'auc': 0.7691}
train: {'epoch': 74, 'eta': 377270.9372, 'loss': 0.1118, 'lr': 0.001, 'params': 1413605, 'time_iter': 14.7314, 'accuracy': 0.9679, 'precision': 0.7397, 'recall': 0.2192, 'f1': 0.3381, 'auc': 0.851}
val: {'epoch': 75, 'loss': 0.0873, 'lr': 0.001, 'params': 1413605, 'time_iter': 2.5401, 'accuracy': 0.9808, 'precision': 0.5333, 'recall': 0.1975, 'f1': 0.2883, 'auc': 0.7642}
train: {'epoch': 75, 'eta': 362103.4685, 'loss': 0.1123, 'lr': 0.001, 'params': 1413605, 'time_iter': 14.4297, 'accuracy': 0.9682, 'precision': 0.7548, 'recall': 0.2224, 'f1': 0.3436, 'auc': 0.85}
val: {'epoch': 76, 'loss': 0.0923, 'lr': 0.001, 'params': 1413605, 'time_iter': 2.7219, 'accuracy': 0.9791, 'precision': 0.4359, 'recall': 0.2099, 'f1': 0.2833, 'auc': 0.746}
train: {'epoch': 76, 'eta': 346855.3501, 'loss': 0.1115, 'lr': 0.001, 'params': 1413605, 'time_iter': 14.1403, 'accuracy': 0.9678, 'precision': 0.7402, 'recall': 0.2151, 'f1': 0.3333, 'auc': 0.8514}
val: {'epoch': 77, 'loss': 0.0943, 'lr': 0.001, 'params': 1413605, 'time_iter': 2.8489, 'accuracy': 0.9793, 'precision': 0.4167, 'recall': 0.1235, 'f1': 0.1905, 'auc': 0.7554}
train: {'epoch': 77, 'eta': 331738.4761, 'loss': 0.1113, 'lr': 0.001, 'params': 1413605, 'time_iter': 14.5309, 'accuracy': 0.968, 'precision': 0.7432, 'recall': 0.2208, 'f1': 0.3404, 'auc': 0.8536}
val: {'epoch': 78, 'loss': 0.0918, 'lr': 0.001, 'params': 1413605, 'time_iter': 2.6413, 'accuracy': 0.9808, 'precision': 0.5385, 'recall': 0.1728, 'f1': 0.2617, 'auc': 0.7671}
train: {'epoch': 78, 'eta': 316713.7413, 'loss': 0.1104, 'lr': 0.001, 'params': 1413605, 'time_iter': 14.8525, 'accuracy': 0.9683, 'precision': 0.7513, 'recall': 0.2281, 'f1': 0.3499, 'auc': 0.8565}
val: {'epoch': 79, 'loss': 0.0879, 'lr': 0.001, 'params': 1413605, 'time_iter': 2.6951, 'accuracy': 0.9815, 'precision': 0.6087, 'recall': 0.1728, 'f1': 0.2692, 'auc': 0.7591}
train: {'epoch': 79, 'eta': 301717.9862, 'loss': 0.1111, 'lr': 0.001, 'params': 1413605, 'time_iter': 14.9903, 'accuracy': 0.9683, 'precision': 0.7386, 'recall': 0.2362, 'f1': 0.3579, 'auc': 0.853}
val: {'epoch': 80, 'loss': 0.0939, 'lr': 0.001, 'params': 1413605, 'time_iter': 2.6247, 'accuracy': 0.9801, 'precision': 0.4737, 'recall': 0.1111, 'f1': 0.18, 'auc': 0.7891}
train: {'epoch': 80, 'eta': 286615.6729, 'loss': 0.1115, 'lr': 0.001, 'params': 1413605, 'time_iter': 14.5927, 'accuracy': 0.9678, 'precision': 0.7186, 'recall': 0.2321, 'f1': 0.3509, 'auc': 0.8544}
val: {'epoch': 81, 'loss': 0.0851, 'lr': 0.001, 'params': 1413605, 'time_iter': 2.6024, 'accuracy': 0.9813, 'precision': 0.6111, 'recall': 0.1358, 'f1': 0.2222, 'auc': 0.7812}
train: {'epoch': 81, 'eta': 271500.651, 'loss': 0.1102, 'lr': 0.001, 'params': 1413605, 'time_iter': 14.5271, 'accuracy': 0.9683, 'precision': 0.7392, 'recall': 0.237, 'f1': 0.3589, 'auc': 0.8565}
val: {'epoch': 82, 'loss': 0.0908, 'lr': 0.001, 'params': 1413605, 'time_iter': 2.8707, 'accuracy': 0.9803, 'precision': 0.5, 'recall': 0.1481, 'f1': 0.2286, 'auc': 0.7694}
train: {'epoch': 82, 'eta': 256409.2149, 'loss': 0.109, 'lr': 0.001, 'params': 1413605, 'time_iter': 14.62, 'accuracy': 0.9692, 'precision': 0.7829, 'recall': 0.2459, 'f1': 0.3743, 'auc': 0.8592}
val: {'epoch': 83, 'loss': 0.0919, 'lr': 0.001, 'params': 1413605, 'time_iter': 2.7436, 'accuracy': 0.9805, 'precision': 0.5217, 'recall': 0.1481, 'f1': 0.2308, 'auc': 0.7658}
train: {'epoch': 83, 'eta': 241351.0439, 'loss': 0.1091, 'lr': 0.001, 'params': 1413605, 'time_iter': 14.784, 'accuracy': 0.9685, 'precision': 0.7389, 'recall': 0.2435, 'f1': 0.3663, 'auc': 0.8593}
val: {'epoch': 84, 'loss': 0.0912, 'lr': 0.001, 'params': 1413605, 'time_iter': 2.5658, 'accuracy': 0.9815, 'precision': 0.6316, 'recall': 0.1481, 'f1': 0.24, 'auc': 0.7558}
train: {'epoch': 84, 'eta': 226243.2188, 'loss': 0.1085, 'lr': 0.001, 'params': 1413605, 'time_iter': 14.5305, 'accuracy': 0.9687, 'precision': 0.7371, 'recall': 0.2549, 'f1': 0.3788, 'auc': 0.8628}
val: {'epoch': 85, 'loss': 0.0877, 'lr': 0.001, 'params': 1413605, 'time_iter': 2.6095, 'accuracy': 0.9813, 'precision': 0.5909, 'recall': 0.1605, 'f1': 0.2524, 'auc': 0.7736}
train: {'epoch': 85, 'eta': 211160.2019, 'loss': 0.1082, 'lr': 0.001, 'params': 1413605, 'time_iter': 14.657, 'accuracy': 0.9685, 'precision': 0.7449, 'recall': 0.2394, 'f1': 0.3624, 'auc': 0.8639}
val: {'epoch': 86, 'loss': 0.0913, 'lr': 0.001, 'params': 1413605, 'time_iter': 3.0749, 'accuracy': 0.9798, 'precision': 0.4706, 'recall': 0.1975, 'f1': 0.2783, 'auc': 0.7572}
train: {'epoch': 86, 'eta': 196087.4177, 'loss': 0.1077, 'lr': 0.001, 'params': 1413605, 'time_iter': 14.7234, 'accuracy': 0.9688, 'precision': 0.7412, 'recall': 0.2557, 'f1': 0.3802, 'auc': 0.8657}
val: {'epoch': 87, 'loss': 0.0887, 'lr': 0.001, 'params': 1413605, 'time_iter': 2.7777, 'accuracy': 0.9815, 'precision': 0.6471, 'recall': 0.1358, 'f1': 0.2245, 'auc': 0.7908}
train: {'epoch': 87, 'eta': 180954.2612, 'loss': 0.1081, 'lr': 0.001, 'params': 1413605, 'time_iter': 14.3057, 'accuracy': 0.9689, 'precision': 0.7524, 'recall': 0.2541, 'f1': 0.3799, 'auc': 0.8632}
val: {'epoch': 88, 'loss': 0.0874, 'lr': 0.001, 'params': 1413605, 'time_iter': 2.4758, 'accuracy': 0.9815, 'precision': 0.6087, 'recall': 0.1728, 'f1': 0.2692, 'auc': 0.7791}
train: {'epoch': 88, 'eta': 165871.4347, 'loss': 0.1074, 'lr': 0.001, 'params': 1413605, 'time_iter': 14.6286, 'accuracy': 0.9688, 'precision': 0.7452, 'recall': 0.2541, 'f1': 0.3789, 'auc': 0.8641}
val: {'epoch': 89, 'loss': 0.0873, 'lr': 0.001, 'params': 1413605, 'time_iter': 2.5686, 'accuracy': 0.9803, 'precision': 0.5, 'recall': 0.1975, 'f1': 0.2832, 'auc': 0.7915}
train: {'epoch': 89, 'eta': 150779.4345, 'loss': 0.1078, 'lr': 0.001, 'params': 1413605, 'time_iter': 14.5425, 'accuracy': 0.9687, 'precision': 0.7281, 'recall': 0.263, 'f1': 0.3864, 'auc': 0.8617}
val: {'epoch': 90, 'loss': 0.088, 'lr': 0.001, 'params': 1413605, 'time_iter': 2.8508, 'accuracy': 0.9803, 'precision': 0.5, 'recall': 0.1481, 'f1': 0.2286, 'auc': 0.7904}
train: {'epoch': 90, 'eta': 135716.7646, 'loss': 0.1064, 'lr': 0.001, 'params': 1413605, 'time_iter': 14.8031, 'accuracy': 0.969, 'precision': 0.7304, 'recall': 0.2727, 'f1': 0.3972, 'auc': 0.8711}
val: {'epoch': 91, 'loss': 0.088, 'lr': 0.001, 'params': 1413605, 'time_iter': 2.5361, 'accuracy': 0.9813, 'precision': 0.5769, 'recall': 0.1852, 'f1': 0.2804, 'auc': 0.7882}
train: {'epoch': 91, 'eta': 120622.0358, 'loss': 0.106, 'lr': 0.001, 'params': 1413605, 'time_iter': 14.486, 'accuracy': 0.9691, 'precision': 0.7541, 'recall': 0.2614, 'f1': 0.3882, 'auc': 0.8722}
val: {'epoch': 92, 'loss': 0.0928, 'lr': 0.001, 'params': 1413605, 'time_iter': 2.5573, 'accuracy': 0.981, 'precision': 0.5789, 'recall': 0.1358, 'f1': 0.22, 'auc': 0.7578}
train: {'epoch': 92, 'eta': 105565.9123, 'loss': 0.1063, 'lr': 0.001, 'params': 1413605, 'time_iter': 14.9321, 'accuracy': 0.9691, 'precision': 0.7306, 'recall': 0.2752, 'f1': 0.3998, 'auc': 0.8714}
val: {'epoch': 93, 'loss': 0.0886, 'lr': 0.001, 'params': 1413605, 'time_iter': 2.4887, 'accuracy': 0.9818, 'precision': 0.6875, 'recall': 0.1358, 'f1': 0.2268, 'auc': 0.7728}
train: {'epoch': 93, 'eta': 90485.9999, 'loss': 0.1064, 'lr': 0.001, 'params': 1413605, 'time_iter': 14.67, 'accuracy': 0.9701, 'precision': 0.7857, 'recall': 0.2768, 'f1': 0.4094, 'auc': 0.8687}
val: {'epoch': 94, 'loss': 0.0906, 'lr': 0.001, 'params': 1413605, 'time_iter': 2.5634, 'accuracy': 0.9818, 'precision': 0.6364, 'recall': 0.1728, 'f1': 0.2718, 'auc': 0.7476}
train: {'epoch': 94, 'eta': 75424.7572, 'loss': 0.1057, 'lr': 0.001, 'params': 1413605, 'time_iter': 15.0208, 'accuracy': 0.9698, 'precision': 0.7559, 'recall': 0.2841, 'f1': 0.413, 'auc': 0.8716}
val: {'epoch': 95, 'loss': 0.0867, 'lr': 0.001, 'params': 1413605, 'time_iter': 2.7369, 'accuracy': 0.9823, 'precision': 0.6818, 'recall': 0.1852, 'f1': 0.2913, 'auc': 0.7643}
train: {'epoch': 95, 'eta': 60340.9116, 'loss': 0.1064, 'lr': 0.001, 'params': 1413605, 'time_iter': 14.6856, 'accuracy': 0.9691, 'precision': 0.7416, 'recall': 0.2679, 'f1': 0.3936, 'auc': 0.8678}
val: {'epoch': 96, 'loss': 0.0906, 'lr': 0.001, 'params': 1413605, 'time_iter': 2.6268, 'accuracy': 0.9815, 'precision': 0.6471, 'recall': 0.1358, 'f1': 0.2245, 'auc': 0.7602}
train: {'epoch': 96, 'eta': 45242.5858, 'loss': 0.104, 'lr': 0.001, 'params': 1413605, 'time_iter': 14.2485, 'accuracy': 0.9701, 'precision': 0.7738, 'recall': 0.2833, 'f1': 0.4147, 'auc': 0.8768}
val: {'epoch': 97, 'loss': 0.0909, 'lr': 0.001, 'params': 1413605, 'time_iter': 2.5957, 'accuracy': 0.9818, 'precision': 0.6154, 'recall': 0.1975, 'f1': 0.2991, 'auc': 0.7646}
train: {'epoch': 97, 'eta': 30162.6877, 'loss': 0.1039, 'lr': 0.001, 'params': 1413605, 'time_iter': 14.7017, 'accuracy': 0.9698, 'precision': 0.7633, 'recall': 0.28, 'f1': 0.4097, 'auc': 0.8763}
val: {'epoch': 98, 'loss': 0.0904, 'lr': 0.001, 'params': 1413605, 'time_iter': 2.8791, 'accuracy': 0.9815, 'precision': 0.5862, 'recall': 0.2099, 'f1': 0.3091, 'auc': 0.7764}
train: {'epoch': 98, 'eta': 15078.8364, 'loss': 0.104, 'lr': 0.001, 'params': 1413605, 'time_iter': 14.4151, 'accuracy': 0.9697, 'precision': 0.7417, 'recall': 0.2914, 'f1': 0.4184, 'auc': 0.8763}
val: {'epoch': 99, 'loss': 0.0897, 'lr': 0.001, 'params': 1413605, 'time_iter': 2.5265, 'accuracy': 0.9825, 'precision': 0.6957, 'recall': 0.1975, 'f1': 0.3077, 'auc': 0.7604}
train: {'epoch': 99, 'eta': 0.0, 'loss': 0.1041, 'lr': 0.001, 'params': 1413605, 'time_iter': 14.1247, 'accuracy': 0.97, 'precision': 0.7579, 'recall': 0.2922, 'f1': 0.4218, 'auc': 0.876}
test: {'epoch': 99, 'loss': 0.1447, 'lr': 0.001, 'params': 1413605, 'time_iter': 2.2989, 'accuracy': 0.9686, 'precision': 0.5128, 'recall': 0.1538, 'f1': 0.2367, 'auc': 0.7609}
test: {'epoch': 53, 'loss': 0.135, 'lr': 0.001, 'params': 1413605, 'time_iter': 2.2956, 'accuracy': 0.9716, 'precision': 0.6585, 'recall': 0.2077, 'f1': 0.3158, 'auc': 0.761}
