GraphGymModule(
  (model): DilatedGNNModel(
    (encoder): FeatureEncoder(
      (node_encoder): AtomEncoder(
        (atom_embedding_list): ModuleList(
          (0): Embedding(119, 300)
          (1): Embedding(4, 300)
          (2): Embedding(12, 300)
          (3): Embedding(12, 300)
          (4): Embedding(10, 300)
          (5): Embedding(6, 300)
          (6): Embedding(6, 300)
          (7): Embedding(2, 300)
          (8): Embedding(2, 300)
        )
      )
      (edge_encoder): BondEncoder(
        (bond_embedding_list): ModuleList(
          (0): Embedding(5, 300)
          (1): Embedding(6, 300)
          (2): Embedding(2, 300)
        )
      )
    )
    (mp): GNNDilatedStage(
      (classic_layers): ModuleList(
        (0): GeneralLayer(
          (layer): EGINConv(
            (model): GINEConv(nn=Sequential(
              (0): Linear(300, 300, bias=True)
              (1): ReLU()
              (2): Linear(300, 300, bias=True)
            ))
          )
          (post_layer): Sequential(
            (0): BatchNorm1d(300, eps=1e-05, momentum=0.1, affine=True, track_running_stats=True)
            (1): Dropout(p=0.5, inplace=False)
            (2): ReLU()
          )
        )
        (1): GeneralLayer(
          (layer): EGINConv(
            (model): GINEConv(nn=Sequential(
              (0): Linear(300, 300, bias=True)
              (1): ReLU()
              (2): Linear(300, 300, bias=True)
            ))
          )
          (post_layer): Sequential(
            (0): BatchNorm1d(300, eps=1e-05, momentum=0.1, affine=True, track_running_stats=True)
            (1): Dropout(p=0.5, inplace=False)
            (2): ReLU()
          )
        )
      )
      (dilated_layers): ModuleList(
        (0): DilatedGeneralLayer(
          (layer): EGINConv(
            (model): GINEConv(nn=Sequential(
              (0): Linear(300, 300, bias=True)
              (1): ReLU()
              (2): Linear(300, 300, bias=True)
            ))
          )
          (post_layer): Sequential(
            (0): BatchNorm1d(300, eps=1e-05, momentum=0.1, affine=True, track_running_stats=True)
            (1): Dropout(p=0.5, inplace=False)
            (2): ReLU()
          )
          (gem): GeM(p=3.0000, eps=1e-06)
        )
      )
      (act): ReLU()
    )
    (post_mp): GNNGraphHead(
      (layer_post_mp): MLP(
        (model): Sequential(
          (0): Linear(
            (model): Linear(300, 1, bias=True)
          )
        )
      )
    )
  )
)
accelerator: cuda
benchmark: False
bn:
  eps: 1e-05
  mom: 0.1
cfg_dest: config.yaml
custom_metrics: []
dataset:
  cache_load: False
  cache_save: False
  dir: ./datasets
  edge_dim: 300
  edge_encoder: True
  edge_encoder_bn: False
  edge_encoder_name: Bond
  edge_message_ratio: 0.8
  edge_negative_sampling_ratio: 1.0
  edge_train_mode: all
  encoder: True
  encoder_bn: True
  encoder_dim: 128
  encoder_name: db
  fast_loader: False
  format: OGB
  label_column: none
  label_table: none
  location: local
  name: ogbg-molhiv
  node_encoder: True
  node_encoder_bn: False
  node_encoder_name: Atom
  remove_feature: False
  resample_disjoint: False
  resample_negative: False
  shuffle_split: True
  split: [0.8, 0.1, 0.1]
  split_mode: random
  task: graph
  task_type: classification
  to_undirected: False
  transductive: False
  transform: none
  tu_simple: True
devices: 1
gnn:
  act: relu
  act_on_last_layer_mp: False
  agg: none
  att_final_linear: False
  att_final_linear_bn: False
  att_heads: 1
  batchnorm: True
  clear_feature: True
  dilated_path_join: add
  dim_inner: 300
  dropout: 0.5
  head: graph
  keep_edge: 0.5
  l2norm: True
  layer_type: eginconv
  layers_k1: 2
  layers_k2: 1
  layers_mp: 5
  layers_post_mp: 1
  layers_pre_mp: 0
  learn_alpha_residual_connection: False
  msg_direction: single
  normalize_adj: False
  self_msg: concat
  skip_every: 1
  stage_type: stack
  use_edge_features: True
gpu_mem: False
mem:
  inplace: False
metric_agg: argmax
metric_best: auc
model:
  edge_decoding: dot
  graph_pooling: mean
  loss_fun: cross_entropy
  match_upper: True
  size_average: mean
  thresh: 0.5
  type: dilated_gnn
num_threads: 6
num_workers: 16
optim:
  base_lr: 0.001
  lr_decay: 0.1
  max_epoch: 100
  momentum: 0.9
  optimizer: adam
  scheduler: none
  steps: [30, 60, 90]
  weight_decay: 0.0
out_dir: results_experiments/ogbg_molhiv_baseline_grid_design/ogbg_molhiv_baseline-type=dilated_gnn-layer_type=eginconv-layers_k1=2-layers_k2=1-dilated_path_join=add-learn_alpha_residual_connection=False
params: 870602
print: both
round: 4
run_dir: results_experiments/ogbg_molhiv_baseline_grid_design/ogbg_molhiv_baseline-type=dilated_gnn-layer_type=eginconv-layers_k1=2-layers_k2=1-dilated_path_join=add-learn_alpha_residual_connection=False/3
seed: 4
share:
  dim_in: 9
  dim_out: 2
  num_splits: 3
tensorboard_agg: True
tensorboard_each_run: False
train:
  auto_resume: False
  batch_size: 32
  ckpt_clean: True
  ckpt_period: 100
  enable_ckpt: True
  epoch_resume: -1
  eval_period: 1
  iter_per_epoch: 32
  neighbor_sizes: [20, 15, 10, 5]
  node_per_graph: 32
  radius: extend
  sample_node: False
  sampler: full_batch
  skip_train_eval: False
  walk_length: 4
val:
  node_per_graph: 32
  radius: extend
  sample_node: False
  sampler: full_batch
view_emb: False
Num parameters: 870602
val: {'epoch': 0, 'loss': 0.6444, 'lr': 0.001, 'params': 870602, 'time_iter': 0.9733, 'accuracy': 0.9844, 'precision': 0.0, 'recall': 0.0, 'f1': 0.0, 'auc': 0.3968}
val: {'epoch': 0, 'loss': 0.0975, 'lr': 0.001, 'params': 870602, 'time_iter': 2.1001, 'accuracy': 0.9803, 'precision': 0.0, 'recall': 0.0, 'f1': 0.0, 'auc': 0.5815}
train: {'epoch': 0, 'eta': 1102579.8859, 'loss': 0.1727, 'lr': 0.001, 'params': 870602, 'time_iter': 10.8233, 'accuracy': 0.9624, 'precision': 0.0, 'recall': 0.0, 'f1': 0.0, 'auc': 0.5614}
val: {'epoch': 1, 'loss': 0.0982, 'lr': 0.001, 'params': 870602, 'time_iter': 1.7768, 'accuracy': 0.9803, 'precision': 0.0, 'recall': 0.0, 'f1': 0.0, 'auc': 0.6424}
train: {'epoch': 1, 'eta': 1118290.2536, 'loss': 0.1556, 'lr': 0.001, 'params': 870602, 'time_iter': 11.3558, 'accuracy': 0.9626, 'precision': 0.0, 'recall': 0.0, 'f1': 0.0, 'auc': 0.6317}
val: {'epoch': 2, 'loss': 0.0927, 'lr': 0.001, 'params': 870602, 'time_iter': 1.8928, 'accuracy': 0.9803, 'precision': 0.0, 'recall': 0.0, 'f1': 0.0, 'auc': 0.6816}
train: {'epoch': 2, 'eta': 1107660.0454, 'loss': 0.1514, 'lr': 0.001, 'params': 870602, 'time_iter': 11.113, 'accuracy': 0.9626, 'precision': 0.0, 'recall': 0.0, 'f1': 0.0, 'auc': 0.6855}
val: {'epoch': 3, 'loss': 0.0878, 'lr': 0.001, 'params': 870602, 'time_iter': 1.8137, 'accuracy': 0.9803, 'precision': 0.0, 'recall': 0.0, 'f1': 0.0, 'auc': 0.707}
train: {'epoch': 3, 'eta': 1094568.8758, 'loss': 0.1488, 'lr': 0.001, 'params': 870602, 'time_iter': 11.0296, 'accuracy': 0.9625, 'precision': 0.0, 'recall': 0.0, 'f1': 0.0, 'auc': 0.6965}
val: {'epoch': 4, 'loss': 0.0991, 'lr': 0.001, 'params': 870602, 'time_iter': 1.8759, 'accuracy': 0.9784, 'precision': 0.3333, 'recall': 0.0988, 'f1': 0.1524, 'auc': 0.6903}
train: {'epoch': 4, 'eta': 1080741.8207, 'loss': 0.1453, 'lr': 0.001, 'params': 870602, 'time_iter': 10.9564, 'accuracy': 0.9626, 'precision': 0.5, 'recall': 0.0008, 'f1': 0.0016, 'auc': 0.7202}
val: {'epoch': 5, 'loss': 0.085, 'lr': 0.001, 'params': 870602, 'time_iter': 1.8973, 'accuracy': 0.9818, 'precision': 0.8, 'recall': 0.0988, 'f1': 0.1758, 'auc': 0.7322}
train: {'epoch': 5, 'eta': 1073504.9873, 'loss': 0.1432, 'lr': 0.001, 'params': 870602, 'time_iter': 11.3124, 'accuracy': 0.9626, 'precision': 0.5, 'recall': 0.0032, 'f1': 0.0065, 'auc': 0.7284}
val: {'epoch': 6, 'loss': 0.0942, 'lr': 0.001, 'params': 870602, 'time_iter': 1.7422, 'accuracy': 0.9764, 'precision': 0.2333, 'recall': 0.0864, 'f1': 0.1261, 'auc': 0.7114}
train: {'epoch': 6, 'eta': 1057124.5835, 'loss': 0.1426, 'lr': 0.001, 'params': 870602, 'time_iter': 10.7356, 'accuracy': 0.9626, 'precision': 0.5625, 'recall': 0.0073, 'f1': 0.0144, 'auc': 0.7325}
val: {'epoch': 7, 'loss': 0.0871, 'lr': 0.001, 'params': 870602, 'time_iter': 2.1863, 'accuracy': 0.9818, 'precision': 0.75, 'recall': 0.1111, 'f1': 0.1935, 'auc': 0.7416}
train: {'epoch': 7, 'eta': 1051915.1866, 'loss': 0.1403, 'lr': 0.001, 'params': 870602, 'time_iter': 11.5669, 'accuracy': 0.9627, 'precision': 0.5938, 'recall': 0.0154, 'f1': 0.0301, 'auc': 0.7418}
val: {'epoch': 8, 'loss': 0.0842, 'lr': 0.001, 'params': 870602, 'time_iter': 1.7384, 'accuracy': 0.982, 'precision': 1.0, 'recall': 0.0864, 'f1': 0.1591, 'auc': 0.7646}
train: {'epoch': 8, 'eta': 1045598.9713, 'loss': 0.1378, 'lr': 0.001, 'params': 870602, 'time_iter': 11.6035, 'accuracy': 0.9628, 'precision': 0.5957, 'recall': 0.0227, 'f1': 0.0438, 'auc': 0.7576}
val: {'epoch': 9, 'loss': 0.0857, 'lr': 0.001, 'params': 870602, 'time_iter': 1.8342, 'accuracy': 0.982, 'precision': 1.0, 'recall': 0.0864, 'f1': 0.1591, 'auc': 0.7721}
train: {'epoch': 9, 'eta': 1036241.3833, 'loss': 0.1361, 'lr': 0.001, 'params': 870602, 'time_iter': 11.3965, 'accuracy': 0.963, 'precision': 0.6094, 'recall': 0.0317, 'f1': 0.0602, 'auc': 0.765}
val: {'epoch': 10, 'loss': 0.0867, 'lr': 0.001, 'params': 870602, 'time_iter': 2.1096, 'accuracy': 0.9815, 'precision': 0.6667, 'recall': 0.1235, 'f1': 0.2083, 'auc': 0.762}
train: {'epoch': 10, 'eta': 1021984.0868, 'loss': 0.1349, 'lr': 0.001, 'params': 870602, 'time_iter': 10.8598, 'accuracy': 0.9629, 'precision': 0.5732, 'recall': 0.0381, 'f1': 0.0715, 'auc': 0.7714}
val: {'epoch': 11, 'loss': 0.1182, 'lr': 0.001, 'params': 870602, 'time_iter': 1.7351, 'accuracy': 0.9679, 'precision': 0.2135, 'recall': 0.2346, 'f1': 0.2235, 'auc': 0.7383}
train: {'epoch': 11, 'eta': 1009088.0367, 'loss': 0.1337, 'lr': 0.001, 'params': 870602, 'time_iter': 10.9721, 'accuracy': 0.9627, 'precision': 0.5288, 'recall': 0.0446, 'f1': 0.0823, 'auc': 0.7764}
val: {'epoch': 12, 'loss': 0.0847, 'lr': 0.001, 'params': 870602, 'time_iter': 2.0957, 'accuracy': 0.981, 'precision': 0.6, 'recall': 0.1111, 'f1': 0.1875, 'auc': 0.764}
train: {'epoch': 12, 'eta': 998081.6904, 'loss': 0.1342, 'lr': 0.001, 'params': 870602, 'time_iter': 11.2106, 'accuracy': 0.9631, 'precision': 0.568, 'recall': 0.0576, 'f1': 0.1046, 'auc': 0.7786}
val: {'epoch': 13, 'loss': 0.0797, 'lr': 0.001, 'params': 870602, 'time_iter': 2.276, 'accuracy': 0.9803, 'precision': 0.5, 'recall': 0.1235, 'f1': 0.198, 'auc': 0.7756}
train: {'epoch': 13, 'eta': 985665.9809, 'loss': 0.1319, 'lr': 0.001, 'params': 870602, 'time_iter': 10.9996, 'accuracy': 0.963, 'precision': 0.56, 'recall': 0.0568, 'f1': 0.1032, 'auc': 0.784}
val: {'epoch': 14, 'loss': 0.0812, 'lr': 0.001, 'params': 870602, 'time_iter': 1.8462, 'accuracy': 0.9805, 'precision': 0.52, 'recall': 0.1605, 'f1': 0.2453, 'auc': 0.7705}
train: {'epoch': 14, 'eta': 976989.6534, 'loss': 0.1306, 'lr': 0.001, 'params': 870602, 'time_iter': 11.6158, 'accuracy': 0.963, 'precision': 0.5443, 'recall': 0.0698, 'f1': 0.1237, 'auc': 0.7851}
val: {'epoch': 15, 'loss': 0.084, 'lr': 0.001, 'params': 870602, 'time_iter': 1.8866, 'accuracy': 0.9815, 'precision': 0.6923, 'recall': 0.1111, 'f1': 0.1915, 'auc': 0.7702}
train: {'epoch': 15, 'eta': 965363.5316, 'loss': 0.1294, 'lr': 0.001, 'params': 870602, 'time_iter': 11.1456, 'accuracy': 0.9633, 'precision': 0.574, 'recall': 0.0787, 'f1': 0.1385, 'auc': 0.7871}
val: {'epoch': 16, 'loss': 0.082, 'lr': 0.001, 'params': 870602, 'time_iter': 1.9603, 'accuracy': 0.9808, 'precision': 0.5625, 'recall': 0.1111, 'f1': 0.1856, 'auc': 0.7765}
train: {'epoch': 16, 'eta': 956048.3292, 'loss': 0.1285, 'lr': 0.001, 'params': 870602, 'time_iter': 11.6019, 'accuracy': 0.9633, 'precision': 0.5648, 'recall': 0.0885, 'f1': 0.153, 'auc': 0.7948}
val: {'epoch': 17, 'loss': 0.0865, 'lr': 0.001, 'params': 870602, 'time_iter': 2.0534, 'accuracy': 0.9803, 'precision': 0.5, 'recall': 0.037, 'f1': 0.069, 'auc': 0.7873}
train: {'epoch': 17, 'eta': 943947.1721, 'loss': 0.1266, 'lr': 0.001, 'params': 870602, 'time_iter': 11.0698, 'accuracy': 0.9636, 'precision': 0.578, 'recall': 0.1023, 'f1': 0.1738, 'auc': 0.8012}
val: {'epoch': 18, 'loss': 0.0807, 'lr': 0.001, 'params': 870602, 'time_iter': 1.9541, 'accuracy': 0.981, 'precision': 0.5714, 'recall': 0.1481, 'f1': 0.2353, 'auc': 0.7959}
train: {'epoch': 18, 'eta': 931968.2966, 'loss': 0.1257, 'lr': 0.001, 'params': 870602, 'time_iter': 11.0806, 'accuracy': 0.9642, 'precision': 0.6396, 'recall': 0.1023, 'f1': 0.1763, 'auc': 0.7984}
val: {'epoch': 19, 'loss': 0.0799, 'lr': 0.001, 'params': 870602, 'time_iter': 1.858, 'accuracy': 0.9803, 'precision': 0.5, 'recall': 0.0247, 'f1': 0.0471, 'auc': 0.7785}
train: {'epoch': 19, 'eta': 920240.4255, 'loss': 0.1247, 'lr': 0.001, 'params': 870602, 'time_iter': 11.1276, 'accuracy': 0.964, 'precision': 0.6, 'recall': 0.1144, 'f1': 0.1922, 'auc': 0.8046}
val: {'epoch': 20, 'loss': 0.0803, 'lr': 0.001, 'params': 870602, 'time_iter': 2.1528, 'accuracy': 0.9805, 'precision': 0.5122, 'recall': 0.2593, 'f1': 0.3443, 'auc': 0.7826}
train: {'epoch': 20, 'eta': 908452.0765, 'loss': 0.1231, 'lr': 0.001, 'params': 870602, 'time_iter': 11.1051, 'accuracy': 0.9647, 'precision': 0.6473, 'recall': 0.1266, 'f1': 0.2118, 'auc': 0.8103}
val: {'epoch': 21, 'loss': 0.0784, 'lr': 0.001, 'params': 870602, 'time_iter': 1.8692, 'accuracy': 0.9805, 'precision': 0.5152, 'recall': 0.2099, 'f1': 0.2982, 'auc': 0.7973}
train: {'epoch': 21, 'eta': 898084.3323, 'loss': 0.1231, 'lr': 0.001, 'params': 870602, 'time_iter': 11.4855, 'accuracy': 0.9648, 'precision': 0.6431, 'recall': 0.1331, 'f1': 0.2206, 'auc': 0.8074}
val: {'epoch': 22, 'loss': 0.0901, 'lr': 0.001, 'params': 870602, 'time_iter': 1.9224, 'accuracy': 0.9793, 'precision': 0.0, 'recall': 0.0, 'f1': 0.0, 'auc': 0.7694}
train: {'epoch': 22, 'eta': 885810.7596, 'loss': 0.1218, 'lr': 0.001, 'params': 870602, 'time_iter': 10.9689, 'accuracy': 0.965, 'precision': 0.6515, 'recall': 0.1396, 'f1': 0.2299, 'auc': 0.8144}
val: {'epoch': 23, 'loss': 0.0799, 'lr': 0.001, 'params': 870602, 'time_iter': 1.9156, 'accuracy': 0.9808, 'precision': 0.5385, 'recall': 0.1728, 'f1': 0.2617, 'auc': 0.7953}
train: {'epoch': 23, 'eta': 874900.1389, 'loss': 0.1208, 'lr': 0.001, 'params': 870602, 'time_iter': 11.3619, 'accuracy': 0.9654, 'precision': 0.6691, 'recall': 0.151, 'f1': 0.2464, 'auc': 0.8155}
val: {'epoch': 24, 'loss': 0.0805, 'lr': 0.001, 'params': 870602, 'time_iter': 1.8638, 'accuracy': 0.9801, 'precision': 0.4878, 'recall': 0.2469, 'f1': 0.3279, 'auc': 0.7882}
train: {'epoch': 24, 'eta': 863255.3977, 'loss': 0.1204, 'lr': 0.001, 'params': 870602, 'time_iter': 11.1444, 'accuracy': 0.965, 'precision': 0.6358, 'recall': 0.1558, 'f1': 0.2503, 'auc': 0.8208}
val: {'epoch': 25, 'loss': 0.0874, 'lr': 0.001, 'params': 870602, 'time_iter': 1.8505, 'accuracy': 0.9786, 'precision': 0.4222, 'recall': 0.2346, 'f1': 0.3016, 'auc': 0.7741}
train: {'epoch': 25, 'eta': 851681.0629, 'loss': 0.1193, 'lr': 0.001, 'params': 870602, 'time_iter': 11.1637, 'accuracy': 0.9657, 'precision': 0.6688, 'recall': 0.1688, 'f1': 0.2696, 'auc': 0.8237}
val: {'epoch': 26, 'loss': 0.0761, 'lr': 0.001, 'params': 870602, 'time_iter': 2.0217, 'accuracy': 0.9808, 'precision': 0.5238, 'recall': 0.2716, 'f1': 0.3577, 'auc': 0.8226}
train: {'epoch': 26, 'eta': 841500.6341, 'loss': 0.1188, 'lr': 0.001, 'params': 870602, 'time_iter': 11.6625, 'accuracy': 0.9664, 'precision': 0.6959, 'recall': 0.1802, 'f1': 0.2863, 'auc': 0.8208}
val: {'epoch': 27, 'loss': 0.0803, 'lr': 0.001, 'params': 870602, 'time_iter': 2.1952, 'accuracy': 0.9818, 'precision': 0.5833, 'recall': 0.2593, 'f1': 0.359, 'auc': 0.783}
train: {'epoch': 27, 'eta': 829557.0737, 'loss': 0.118, 'lr': 0.001, 'params': 870602, 'time_iter': 11.0453, 'accuracy': 0.9664, 'precision': 0.6789, 'recall': 0.1956, 'f1': 0.3037, 'auc': 0.825}
val: {'epoch': 28, 'loss': 0.0805, 'lr': 0.001, 'params': 870602, 'time_iter': 1.9449, 'accuracy': 0.9818, 'precision': 0.5714, 'recall': 0.2963, 'f1': 0.3902, 'auc': 0.7893}
train: {'epoch': 28, 'eta': 819185.9458, 'loss': 0.1167, 'lr': 0.001, 'params': 870602, 'time_iter': 11.6536, 'accuracy': 0.9664, 'precision': 0.6882, 'recall': 0.1899, 'f1': 0.2977, 'auc': 0.8316}
val: {'epoch': 29, 'loss': 0.0843, 'lr': 0.001, 'params': 870602, 'time_iter': 1.9049, 'accuracy': 0.9813, 'precision': 0.5909, 'recall': 0.1605, 'f1': 0.2524, 'auc': 0.776}
train: {'epoch': 29, 'eta': 807206.8582, 'loss': 0.1165, 'lr': 0.001, 'params': 870602, 'time_iter': 11.0289, 'accuracy': 0.9667, 'precision': 0.7003, 'recall': 0.1916, 'f1': 0.3008, 'auc': 0.8312}
val: {'epoch': 30, 'loss': 0.0818, 'lr': 0.001, 'params': 870602, 'time_iter': 1.9791, 'accuracy': 0.9813, 'precision': 0.5435, 'recall': 0.3086, 'f1': 0.3937, 'auc': 0.7761}
train: {'epoch': 30, 'eta': 795459.902, 'loss': 0.1159, 'lr': 0.001, 'params': 870602, 'time_iter': 11.1125, 'accuracy': 0.9664, 'precision': 0.675, 'recall': 0.1972, 'f1': 0.3053, 'auc': 0.8352}
val: {'epoch': 31, 'loss': 0.0819, 'lr': 0.001, 'params': 870602, 'time_iter': 1.9269, 'accuracy': 0.9818, 'precision': 0.5882, 'recall': 0.2469, 'f1': 0.3478, 'auc': 0.7856}
train: {'epoch': 31, 'eta': 784581.0251, 'loss': 0.1151, 'lr': 0.001, 'params': 870602, 'time_iter': 11.5005, 'accuracy': 0.9669, 'precision': 0.6927, 'recall': 0.2086, 'f1': 0.3206, 'auc': 0.8349}
val: {'epoch': 32, 'loss': 0.0801, 'lr': 0.001, 'params': 870602, 'time_iter': 1.8397, 'accuracy': 0.9818, 'precision': 0.6154, 'recall': 0.1975, 'f1': 0.2991, 'auc': 0.7818}
train: {'epoch': 32, 'eta': 772979.8266, 'loss': 0.1149, 'lr': 0.001, 'params': 870602, 'time_iter': 11.1825, 'accuracy': 0.9673, 'precision': 0.7063, 'recall': 0.2167, 'f1': 0.3317, 'auc': 0.8318}
val: {'epoch': 33, 'loss': 0.0787, 'lr': 0.001, 'params': 870602, 'time_iter': 1.8755, 'accuracy': 0.9815, 'precision': 0.5926, 'recall': 0.1975, 'f1': 0.2963, 'auc': 0.7875}
train: {'epoch': 33, 'eta': 761469.7539, 'loss': 0.1141, 'lr': 0.001, 'params': 870602, 'time_iter': 11.2254, 'accuracy': 0.9671, 'precision': 0.6974, 'recall': 0.2151, 'f1': 0.3288, 'auc': 0.835}
val: {'epoch': 34, 'loss': 0.0829, 'lr': 0.001, 'params': 870602, 'time_iter': 2.2102, 'accuracy': 0.9805, 'precision': 0.5122, 'recall': 0.2593, 'f1': 0.3443, 'auc': 0.7722}
train: {'epoch': 34, 'eta': 750597.9796, 'loss': 0.1143, 'lr': 0.001, 'params': 870602, 'time_iter': 11.5606, 'accuracy': 0.9668, 'precision': 0.6873, 'recall': 0.207, 'f1': 0.3182, 'auc': 0.84}
val: {'epoch': 35, 'loss': 0.0766, 'lr': 0.001, 'params': 870602, 'time_iter': 1.799, 'accuracy': 0.9827, 'precision': 0.6316, 'recall': 0.2963, 'f1': 0.4034, 'auc': 0.7894}
train: {'epoch': 35, 'eta': 739337.9704, 'loss': 0.1135, 'lr': 0.001, 'params': 870602, 'time_iter': 11.3795, 'accuracy': 0.9672, 'precision': 0.7051, 'recall': 0.2135, 'f1': 0.3277, 'auc': 0.8413}
val: {'epoch': 36, 'loss': 0.0809, 'lr': 0.001, 'params': 870602, 'time_iter': 1.9076, 'accuracy': 0.982, 'precision': 0.6296, 'recall': 0.2099, 'f1': 0.3148, 'auc': 0.7909}
train: {'epoch': 36, 'eta': 727366.736, 'loss': 0.112, 'lr': 0.001, 'params': 870602, 'time_iter': 10.9874, 'accuracy': 0.968, 'precision': 0.7296, 'recall': 0.2321, 'f1': 0.3522, 'auc': 0.8418}
val: {'epoch': 37, 'loss': 0.0804, 'lr': 0.001, 'params': 870602, 'time_iter': 1.866, 'accuracy': 0.9818, 'precision': 0.5789, 'recall': 0.2716, 'f1': 0.3697, 'auc': 0.7965}
train: {'epoch': 37, 'eta': 716275.7945, 'loss': 0.1121, 'lr': 0.001, 'params': 870602, 'time_iter': 11.4909, 'accuracy': 0.9678, 'precision': 0.715, 'recall': 0.2321, 'f1': 0.3505, 'auc': 0.8427}
val: {'epoch': 38, 'loss': 0.082, 'lr': 0.001, 'params': 870602, 'time_iter': 1.866, 'accuracy': 0.9813, 'precision': 0.5667, 'recall': 0.2099, 'f1': 0.3063, 'auc': 0.8014}
train: {'epoch': 38, 'eta': 705824.6356, 'loss': 0.1119, 'lr': 0.001, 'params': 870602, 'time_iter': 11.9117, 'accuracy': 0.968, 'precision': 0.7243, 'recall': 0.2346, 'f1': 0.3544, 'auc': 0.8431}
val: {'epoch': 39, 'loss': 0.0781, 'lr': 0.001, 'params': 870602, 'time_iter': 1.817, 'accuracy': 0.9818, 'precision': 0.5833, 'recall': 0.2593, 'f1': 0.359, 'auc': 0.8025}
train: {'epoch': 39, 'eta': 694645.7696, 'loss': 0.1113, 'lr': 0.001, 'params': 870602, 'time_iter': 11.4988, 'accuracy': 0.968, 'precision': 0.7143, 'recall': 0.2435, 'f1': 0.3632, 'auc': 0.8499}
val: {'epoch': 40, 'loss': 0.0782, 'lr': 0.001, 'params': 870602, 'time_iter': 1.7908, 'accuracy': 0.9813, 'precision': 0.5833, 'recall': 0.1728, 'f1': 0.2667, 'auc': 0.8045}
train: {'epoch': 40, 'eta': 682679.3165, 'loss': 0.1115, 'lr': 0.001, 'params': 870602, 'time_iter': 10.9884, 'accuracy': 0.9678, 'precision': 0.7045, 'recall': 0.2419, 'f1': 0.3601, 'auc': 0.8471}
val: {'epoch': 41, 'loss': 0.0806, 'lr': 0.001, 'params': 870602, 'time_iter': 2.1514, 'accuracy': 0.9818, 'precision': 0.6, 'recall': 0.2222, 'f1': 0.3243, 'auc': 0.8018}
train: {'epoch': 41, 'eta': 670796.2335, 'loss': 0.1113, 'lr': 0.001, 'params': 870602, 'time_iter': 11.025, 'accuracy': 0.968, 'precision': 0.7116, 'recall': 0.2443, 'f1': 0.3637, 'auc': 0.8452}
val: {'epoch': 42, 'loss': 0.0758, 'lr': 0.001, 'params': 870602, 'time_iter': 1.9028, 'accuracy': 0.9823, 'precision': 0.6053, 'recall': 0.284, 'f1': 0.3866, 'auc': 0.8091}
train: {'epoch': 42, 'eta': 658709.2075, 'loss': 0.11, 'lr': 0.001, 'params': 870602, 'time_iter': 10.8571, 'accuracy': 0.9685, 'precision': 0.7318, 'recall': 0.2524, 'f1': 0.3754, 'auc': 0.8494}
val: {'epoch': 43, 'loss': 0.074, 'lr': 0.001, 'params': 870602, 'time_iter': 1.8049, 'accuracy': 0.984, 'precision': 0.8571, 'recall': 0.2222, 'f1': 0.3529, 'auc': 0.8308}
train: {'epoch': 43, 'eta': 647150.3039, 'loss': 0.1105, 'lr': 0.001, 'params': 870602, 'time_iter': 11.2286, 'accuracy': 0.9679, 'precision': 0.7047, 'recall': 0.2459, 'f1': 0.3646, 'auc': 0.8499}
val: {'epoch': 44, 'loss': 0.0786, 'lr': 0.001, 'params': 870602, 'time_iter': 2.0585, 'accuracy': 0.9818, 'precision': 0.5882, 'recall': 0.2469, 'f1': 0.3478, 'auc': 0.8033}
train: {'epoch': 44, 'eta': 635700.3835, 'loss': 0.1107, 'lr': 0.001, 'params': 870602, 'time_iter': 11.3151, 'accuracy': 0.9681, 'precision': 0.7013, 'recall': 0.2573, 'f1': 0.3765, 'auc': 0.8504}
val: {'epoch': 45, 'loss': 0.0803, 'lr': 0.001, 'params': 870602, 'time_iter': 1.8732, 'accuracy': 0.9827, 'precision': 0.8125, 'recall': 0.1605, 'f1': 0.268, 'auc': 0.8017}
train: {'epoch': 45, 'eta': 624058.9181, 'loss': 0.1095, 'lr': 0.001, 'params': 870602, 'time_iter': 11.1635, 'accuracy': 0.9686, 'precision': 0.7174, 'recall': 0.2679, 'f1': 0.3901, 'auc': 0.8526}
val: {'epoch': 46, 'loss': 0.0784, 'lr': 0.001, 'params': 870602, 'time_iter': 1.9687, 'accuracy': 0.9832, 'precision': 0.6364, 'recall': 0.3457, 'f1': 0.448, 'auc': 0.7961}
train: {'epoch': 46, 'eta': 612448.6867, 'loss': 0.109, 'lr': 0.001, 'params': 870602, 'time_iter': 11.1848, 'accuracy': 0.9692, 'precision': 0.7423, 'recall': 0.2735, 'f1': 0.3998, 'auc': 0.8575}
val: {'epoch': 47, 'loss': 0.0829, 'lr': 0.001, 'params': 870602, 'time_iter': 1.9129, 'accuracy': 0.9815, 'precision': 0.5862, 'recall': 0.2099, 'f1': 0.3091, 'auc': 0.7873}
train: {'epoch': 47, 'eta': 600712.6715, 'loss': 0.1078, 'lr': 0.001, 'params': 870602, 'time_iter': 11.0682, 'accuracy': 0.9691, 'precision': 0.7399, 'recall': 0.2679, 'f1': 0.3933, 'auc': 0.8575}
val: {'epoch': 48, 'loss': 0.0793, 'lr': 0.001, 'params': 870602, 'time_iter': 2.2828, 'accuracy': 0.9827, 'precision': 0.7273, 'recall': 0.1975, 'f1': 0.3107, 'auc': 0.8031}
train: {'epoch': 48, 'eta': 589253.1542, 'loss': 0.109, 'lr': 0.001, 'params': 870602, 'time_iter': 11.3131, 'accuracy': 0.9691, 'precision': 0.7379, 'recall': 0.2719, 'f1': 0.3974, 'auc': 0.8544}
val: {'epoch': 49, 'loss': 0.0821, 'lr': 0.001, 'params': 870602, 'time_iter': 1.7877, 'accuracy': 0.9827, 'precision': 0.6471, 'recall': 0.2716, 'f1': 0.3826, 'auc': 0.8105}
train: {'epoch': 49, 'eta': 577781.8621, 'loss': 0.1082, 'lr': 0.001, 'params': 870602, 'time_iter': 11.3087, 'accuracy': 0.969, 'precision': 0.7371, 'recall': 0.2662, 'f1': 0.3912, 'auc': 0.8575}
val: {'epoch': 50, 'loss': 0.0812, 'lr': 0.001, 'params': 870602, 'time_iter': 1.8873, 'accuracy': 0.9832, 'precision': 0.7143, 'recall': 0.2469, 'f1': 0.367, 'auc': 0.8121}
train: {'epoch': 50, 'eta': 566314.1087, 'loss': 0.1072, 'lr': 0.001, 'params': 870602, 'time_iter': 11.3189, 'accuracy': 0.9691, 'precision': 0.7333, 'recall': 0.2768, 'f1': 0.4019, 'auc': 0.863}
val: {'epoch': 51, 'loss': 0.0838, 'lr': 0.001, 'params': 870602, 'time_iter': 1.9856, 'accuracy': 0.9823, 'precision': 0.6111, 'recall': 0.2716, 'f1': 0.3761, 'auc': 0.8003}
train: {'epoch': 51, 'eta': 554689.6913, 'loss': 0.1062, 'lr': 0.001, 'params': 870602, 'time_iter': 11.1612, 'accuracy': 0.9696, 'precision': 0.7463, 'recall': 0.2841, 'f1': 0.4115, 'auc': 0.8647}
val: {'epoch': 52, 'loss': 0.0773, 'lr': 0.001, 'params': 870602, 'time_iter': 1.7957, 'accuracy': 0.9837, 'precision': 0.7692, 'recall': 0.2469, 'f1': 0.3738, 'auc': 0.8126}
train: {'epoch': 52, 'eta': 543208.3137, 'loss': 0.1074, 'lr': 0.001, 'params': 870602, 'time_iter': 11.3122, 'accuracy': 0.9695, 'precision': 0.7406, 'recall': 0.2873, 'f1': 0.414, 'auc': 0.8627}
val: {'epoch': 53, 'loss': 0.0767, 'lr': 0.001, 'params': 870602, 'time_iter': 1.9967, 'accuracy': 0.9818, 'precision': 0.65, 'recall': 0.1605, 'f1': 0.2574, 'auc': 0.8075}
train: {'epoch': 53, 'eta': 531582.8372, 'loss': 0.1071, 'lr': 0.001, 'params': 870602, 'time_iter': 11.1545, 'accuracy': 0.9688, 'precision': 0.7082, 'recall': 0.2857, 'f1': 0.4072, 'auc': 0.8612}
val: {'epoch': 54, 'loss': 0.0765, 'lr': 0.001, 'params': 870602, 'time_iter': 2.0096, 'accuracy': 0.9825, 'precision': 0.6364, 'recall': 0.2593, 'f1': 0.3684, 'auc': 0.7977}
train: {'epoch': 54, 'eta': 520366.9922, 'loss': 0.1058, 'lr': 0.001, 'params': 870602, 'time_iter': 11.6347, 'accuracy': 0.9698, 'precision': 0.7559, 'recall': 0.2841, 'f1': 0.413, 'auc': 0.8666}
val: {'epoch': 55, 'loss': 0.0843, 'lr': 0.001, 'params': 870602, 'time_iter': 1.9032, 'accuracy': 0.9832, 'precision': 1.0, 'recall': 0.1481, 'f1': 0.2581, 'auc': 0.7797}
train: {'epoch': 55, 'eta': 508848.2796, 'loss': 0.105, 'lr': 0.001, 'params': 870602, 'time_iter': 11.2935, 'accuracy': 0.97, 'precision': 0.751, 'recall': 0.2987, 'f1': 0.4274, 'auc': 0.8689}
val: {'epoch': 56, 'loss': 0.0825, 'lr': 0.001, 'params': 870602, 'time_iter': 1.8024, 'accuracy': 0.982, 'precision': 0.6129, 'recall': 0.2346, 'f1': 0.3393, 'auc': 0.8151}
train: {'epoch': 56, 'eta': 497354.8909, 'loss': 0.1044, 'lr': 0.001, 'params': 870602, 'time_iter': 11.3307, 'accuracy': 0.9701, 'precision': 0.7557, 'recall': 0.2963, 'f1': 0.4257, 'auc': 0.871}
val: {'epoch': 57, 'loss': 0.0817, 'lr': 0.001, 'params': 870602, 'time_iter': 1.9378, 'accuracy': 0.9813, 'precision': 0.5625, 'recall': 0.2222, 'f1': 0.3186, 'auc': 0.8145}
train: {'epoch': 57, 'eta': 486084.7892, 'loss': 0.1055, 'lr': 0.001, 'params': 870602, 'time_iter': 11.6381, 'accuracy': 0.9693, 'precision': 0.7271, 'recall': 0.2898, 'f1': 0.4144, 'auc': 0.8689}
val: {'epoch': 58, 'loss': 0.0772, 'lr': 0.001, 'params': 870602, 'time_iter': 2.1377, 'accuracy': 0.9842, 'precision': 0.7857, 'recall': 0.2716, 'f1': 0.4037, 'auc': 0.8164}
train: {'epoch': 58, 'eta': 474602.5808, 'loss': 0.104, 'lr': 0.001, 'params': 870602, 'time_iter': 11.3749, 'accuracy': 0.9695, 'precision': 0.7267, 'recall': 0.2979, 'f1': 0.4226, 'auc': 0.8768}
val: {'epoch': 59, 'loss': 0.0761, 'lr': 0.001, 'params': 870602, 'time_iter': 1.7167, 'accuracy': 0.982, 'precision': 0.5897, 'recall': 0.284, 'f1': 0.3833, 'auc': 0.8125}
train: {'epoch': 59, 'eta': 463038.8659, 'loss': 0.1042, 'lr': 0.001, 'params': 870602, 'time_iter': 11.2669, 'accuracy': 0.9708, 'precision': 0.7637, 'recall': 0.3174, 'f1': 0.4484, 'auc': 0.8688}
val: {'epoch': 60, 'loss': 0.0816, 'lr': 0.001, 'params': 870602, 'time_iter': 1.7782, 'accuracy': 0.9825, 'precision': 0.6452, 'recall': 0.2469, 'f1': 0.3571, 'auc': 0.8089}
train: {'epoch': 60, 'eta': 451461.9846, 'loss': 0.1041, 'lr': 0.001, 'params': 870602, 'time_iter': 11.2483, 'accuracy': 0.9699, 'precision': 0.7558, 'recall': 0.289, 'f1': 0.4181, 'auc': 0.873}
val: {'epoch': 61, 'loss': 0.0799, 'lr': 0.001, 'params': 870602, 'time_iter': 2.0055, 'accuracy': 0.9815, 'precision': 0.5758, 'recall': 0.2346, 'f1': 0.3333, 'auc': 0.8103}
train: {'epoch': 61, 'eta': 440135.8246, 'loss': 0.1037, 'lr': 0.001, 'params': 870602, 'time_iter': 11.6458, 'accuracy': 0.9701, 'precision': 0.7455, 'recall': 0.3044, 'f1': 0.4323, 'auc': 0.8752}
val: {'epoch': 62, 'loss': 0.0847, 'lr': 0.001, 'params': 870602, 'time_iter': 1.9076, 'accuracy': 0.9827, 'precision': 0.7273, 'recall': 0.1975, 'f1': 0.3107, 'auc': 0.8091}
train: {'epoch': 62, 'eta': 428677.8437, 'loss': 0.1028, 'lr': 0.001, 'params': 870602, 'time_iter': 11.4622, 'accuracy': 0.97, 'precision': 0.7374, 'recall': 0.3076, 'f1': 0.4341, 'auc': 0.879}
val: {'epoch': 63, 'loss': 0.0814, 'lr': 0.001, 'params': 870602, 'time_iter': 1.8442, 'accuracy': 0.9818, 'precision': 0.6154, 'recall': 0.1975, 'f1': 0.2991, 'auc': 0.8033}
train: {'epoch': 63, 'eta': 416984.8705, 'loss': 0.1028, 'lr': 0.001, 'params': 870602, 'time_iter': 11.0744, 'accuracy': 0.9702, 'precision': 0.7446, 'recall': 0.3101, 'f1': 0.4378, 'auc': 0.8787}
val: {'epoch': 64, 'loss': 0.0806, 'lr': 0.001, 'params': 870602, 'time_iter': 1.8809, 'accuracy': 0.982, 'precision': 0.6522, 'recall': 0.1852, 'f1': 0.2885, 'auc': 0.8018}
train: {'epoch': 64, 'eta': 405397.5145, 'loss': 0.1023, 'lr': 0.001, 'params': 870602, 'time_iter': 11.2485, 'accuracy': 0.97, 'precision': 0.7384, 'recall': 0.3093, 'f1': 0.4359, 'auc': 0.8783}
val: {'epoch': 65, 'loss': 0.0788, 'lr': 0.001, 'params': 870602, 'time_iter': 1.9319, 'accuracy': 0.9805, 'precision': 0.5161, 'recall': 0.1975, 'f1': 0.2857, 'auc': 0.8102}
train: {'epoch': 65, 'eta': 393962.4124, 'loss': 0.1011, 'lr': 0.001, 'params': 870602, 'time_iter': 11.535, 'accuracy': 0.9702, 'precision': 0.7409, 'recall': 0.3133, 'f1': 0.4404, 'auc': 0.8826}
val: {'epoch': 66, 'loss': 0.0746, 'lr': 0.001, 'params': 870602, 'time_iter': 1.8551, 'accuracy': 0.983, 'precision': 0.6897, 'recall': 0.2469, 'f1': 0.3636, 'auc': 0.8229}
train: {'epoch': 66, 'eta': 382227.0225, 'loss': 0.1016, 'lr': 0.001, 'params': 870602, 'time_iter': 10.968, 'accuracy': 0.9698, 'precision': 0.7317, 'recall': 0.3076, 'f1': 0.4331, 'auc': 0.8854}
val: {'epoch': 67, 'loss': 0.0826, 'lr': 0.001, 'params': 870602, 'time_iter': 1.7811, 'accuracy': 0.983, 'precision': 0.7895, 'recall': 0.1852, 'f1': 0.3, 'auc': 0.8296}
train: {'epoch': 67, 'eta': 370736.0538, 'loss': 0.1011, 'lr': 0.001, 'params': 870602, 'time_iter': 11.4455, 'accuracy': 0.9715, 'precision': 0.7718, 'recall': 0.3377, 'f1': 0.4698, 'auc': 0.8813}
val: {'epoch': 68, 'loss': 0.077, 'lr': 0.001, 'params': 870602, 'time_iter': 2.1855, 'accuracy': 0.9823, 'precision': 0.6429, 'recall': 0.2222, 'f1': 0.3303, 'auc': 0.8241}
train: {'epoch': 68, 'eta': 359089.5441, 'loss': 0.1005, 'lr': 0.001, 'params': 870602, 'time_iter': 11.127, 'accuracy': 0.9711, 'precision': 0.7592, 'recall': 0.3352, 'f1': 0.4651, 'auc': 0.8868}
val: {'epoch': 69, 'loss': 0.075, 'lr': 0.001, 'params': 870602, 'time_iter': 1.7624, 'accuracy': 0.9827, 'precision': 0.6786, 'recall': 0.2346, 'f1': 0.3486, 'auc': 0.8207}
train: {'epoch': 69, 'eta': 347695.7656, 'loss': 0.1005, 'lr': 0.001, 'params': 870602, 'time_iter': 11.6874, 'accuracy': 0.9707, 'precision': 0.7592, 'recall': 0.3198, 'f1': 0.45, 'auc': 0.8847}
val: {'epoch': 70, 'loss': 0.0807, 'lr': 0.001, 'params': 870602, 'time_iter': 1.8529, 'accuracy': 0.9815, 'precision': 0.5806, 'recall': 0.2222, 'f1': 0.3214, 'auc': 0.807}
train: {'epoch': 70, 'eta': 336043.2101, 'loss': 0.0994, 'lr': 0.001, 'params': 870602, 'time_iter': 11.1141, 'accuracy': 0.9714, 'precision': 0.767, 'recall': 0.3393, 'f1': 0.4705, 'auc': 0.8876}
val: {'epoch': 71, 'loss': 0.084, 'lr': 0.001, 'params': 870602, 'time_iter': 1.9374, 'accuracy': 0.9825, 'precision': 0.7143, 'recall': 0.1852, 'f1': 0.2941, 'auc': 0.8109}
train: {'epoch': 71, 'eta': 324386.0278, 'loss': 0.1002, 'lr': 0.001, 'params': 870602, 'time_iter': 11.0875, 'accuracy': 0.9708, 'precision': 0.7641, 'recall': 0.3182, 'f1': 0.4493, 'auc': 0.8854}
val: {'epoch': 72, 'loss': 0.0784, 'lr': 0.001, 'params': 870602, 'time_iter': 1.8477, 'accuracy': 0.9823, 'precision': 0.6, 'recall': 0.2963, 'f1': 0.3967, 'auc': 0.8154}
train: {'epoch': 72, 'eta': 312734.7096, 'loss': 0.1001, 'lr': 0.001, 'params': 870602, 'time_iter': 11.085, 'accuracy': 0.9707, 'precision': 0.7528, 'recall': 0.3239, 'f1': 0.4529, 'auc': 0.8882}
val: {'epoch': 73, 'loss': 0.0781, 'lr': 0.001, 'params': 870602, 'time_iter': 1.7917, 'accuracy': 0.982, 'precision': 0.6129, 'recall': 0.2346, 'f1': 0.3393, 'auc': 0.811}
train: {'epoch': 73, 'eta': 301364.0181, 'loss': 0.099, 'lr': 0.001, 'params': 870602, 'time_iter': 11.8429, 'accuracy': 0.9712, 'precision': 0.7531, 'recall': 0.3442, 'f1': 0.4724, 'auc': 0.893}
val: {'epoch': 74, 'loss': 0.0855, 'lr': 0.001, 'params': 870602, 'time_iter': 1.9228, 'accuracy': 0.983, 'precision': 0.7895, 'recall': 0.1852, 'f1': 0.3, 'auc': 0.8225}
train: {'epoch': 74, 'eta': 289847.5699, 'loss': 0.0986, 'lr': 0.001, 'params': 870602, 'time_iter': 11.4814, 'accuracy': 0.9705, 'precision': 0.7364, 'recall': 0.3287, 'f1': 0.4545, 'auc': 0.8926}
val: {'epoch': 75, 'loss': 0.0893, 'lr': 0.001, 'params': 870602, 'time_iter': 2.3986, 'accuracy': 0.983, 'precision': 0.8667, 'recall': 0.1605, 'f1': 0.2708, 'auc': 0.8014}
train: {'epoch': 75, 'eta': 278268.5775, 'loss': 0.099, 'lr': 0.001, 'params': 870602, 'time_iter': 11.313, 'accuracy': 0.9714, 'precision': 0.7599, 'recall': 0.3442, 'f1': 0.4737, 'auc': 0.8908}
val: {'epoch': 76, 'loss': 0.0865, 'lr': 0.001, 'params': 870602, 'time_iter': 1.9904, 'accuracy': 0.9835, 'precision': 0.8824, 'recall': 0.1852, 'f1': 0.3061, 'auc': 0.8314}
train: {'epoch': 76, 'eta': 266658.5319, 'loss': 0.0981, 'lr': 0.001, 'params': 870602, 'time_iter': 11.2173, 'accuracy': 0.9717, 'precision': 0.7834, 'recall': 0.3377, 'f1': 0.4719, 'auc': 0.8928}
val: {'epoch': 77, 'loss': 0.0802, 'lr': 0.001, 'params': 870602, 'time_iter': 1.8324, 'accuracy': 0.984, 'precision': 0.8571, 'recall': 0.2222, 'f1': 0.3529, 'auc': 0.8311}
train: {'epoch': 77, 'eta': 255025.7867, 'loss': 0.0976, 'lr': 0.001, 'params': 870602, 'time_iter': 11.1331, 'accuracy': 0.9716, 'precision': 0.7719, 'recall': 0.3433, 'f1': 0.4753, 'auc': 0.8951}
val: {'epoch': 78, 'loss': 0.0834, 'lr': 0.001, 'params': 870602, 'time_iter': 2.0582, 'accuracy': 0.983, 'precision': 0.7895, 'recall': 0.1852, 'f1': 0.3, 'auc': 0.8079}
train: {'epoch': 78, 'eta': 243463.1389, 'loss': 0.0978, 'lr': 0.001, 'params': 870602, 'time_iter': 11.373, 'accuracy': 0.971, 'precision': 0.7478, 'recall': 0.3417, 'f1': 0.4691, 'auc': 0.8954}
val: {'epoch': 79, 'loss': 0.0803, 'lr': 0.001, 'params': 870602, 'time_iter': 1.8193, 'accuracy': 0.9813, 'precision': 0.5526, 'recall': 0.2593, 'f1': 0.3529, 'auc': 0.8006}
train: {'epoch': 79, 'eta': 231880.9242, 'loss': 0.0964, 'lr': 0.001, 'params': 870602, 'time_iter': 11.3105, 'accuracy': 0.972, 'precision': 0.787, 'recall': 0.345, 'f1': 0.4797, 'auc': 0.8998}
val: {'epoch': 80, 'loss': 0.0837, 'lr': 0.001, 'params': 870602, 'time_iter': 1.7495, 'accuracy': 0.9823, 'precision': 0.6111, 'recall': 0.2716, 'f1': 0.3761, 'auc': 0.7971}
train: {'epoch': 80, 'eta': 220309.2693, 'loss': 0.0978, 'lr': 0.001, 'params': 870602, 'time_iter': 11.3601, 'accuracy': 0.9716, 'precision': 0.7684, 'recall': 0.3474, 'f1': 0.4785, 'auc': 0.897}
val: {'epoch': 81, 'loss': 0.0816, 'lr': 0.001, 'params': 870602, 'time_iter': 1.8596, 'accuracy': 0.9827, 'precision': 0.6923, 'recall': 0.2222, 'f1': 0.3364, 'auc': 0.8038}
train: {'epoch': 81, 'eta': 208677.3045, 'loss': 0.0966, 'lr': 0.001, 'params': 870602, 'time_iter': 11.1058, 'accuracy': 0.9718, 'precision': 0.7819, 'recall': 0.3433, 'f1': 0.4772, 'auc': 0.8969}
val: {'epoch': 82, 'loss': 0.0882, 'lr': 0.001, 'params': 870602, 'time_iter': 2.0179, 'accuracy': 0.9832, 'precision': 0.8333, 'recall': 0.1852, 'f1': 0.303, 'auc': 0.7998}
train: {'epoch': 82, 'eta': 197097.0225, 'loss': 0.0953, 'lr': 0.001, 'params': 870602, 'time_iter': 11.3277, 'accuracy': 0.9726, 'precision': 0.7943, 'recall': 0.3636, 'f1': 0.4989, 'auc': 0.9012}
val: {'epoch': 83, 'loss': 0.0813, 'lr': 0.001, 'params': 870602, 'time_iter': 1.822, 'accuracy': 0.9837, 'precision': 0.8889, 'recall': 0.1975, 'f1': 0.3232, 'auc': 0.8167}
train: {'epoch': 83, 'eta': 185450.7115, 'loss': 0.0958, 'lr': 0.001, 'params': 870602, 'time_iter': 11.0, 'accuracy': 0.9717, 'precision': 0.7664, 'recall': 0.3515, 'f1': 0.4819, 'auc': 0.9015}
val: {'epoch': 84, 'loss': 0.0847, 'lr': 0.001, 'params': 870602, 'time_iter': 1.7521, 'accuracy': 0.983, 'precision': 0.7895, 'recall': 0.1852, 'f1': 0.3, 'auc': 0.8066}
train: {'epoch': 84, 'eta': 173871.3415, 'loss': 0.0949, 'lr': 0.001, 'params': 870602, 'time_iter': 11.3262, 'accuracy': 0.9714, 'precision': 0.7491, 'recall': 0.3539, 'f1': 0.4807, 'auc': 0.9074}
val: {'epoch': 85, 'loss': 0.0883, 'lr': 0.001, 'params': 870602, 'time_iter': 1.9225, 'accuracy': 0.983, 'precision': 0.8235, 'recall': 0.1728, 'f1': 0.2857, 'auc': 0.8288}
train: {'epoch': 85, 'eta': 162220.6324, 'loss': 0.0947, 'lr': 0.001, 'params': 870602, 'time_iter': 10.9108, 'accuracy': 0.9721, 'precision': 0.7788, 'recall': 0.3571, 'f1': 0.4897, 'auc': 0.9022}
val: {'epoch': 86, 'loss': 0.0845, 'lr': 0.001, 'params': 870602, 'time_iter': 1.8569, 'accuracy': 0.982, 'precision': 0.64, 'recall': 0.1975, 'f1': 0.3019, 'auc': 0.8224}
train: {'epoch': 86, 'eta': 150623.9352, 'loss': 0.0945, 'lr': 0.001, 'params': 870602, 'time_iter': 11.1988, 'accuracy': 0.972, 'precision': 0.7695, 'recall': 0.3604, 'f1': 0.4909, 'auc': 0.9066}
val: {'epoch': 87, 'loss': 0.0859, 'lr': 0.001, 'params': 870602, 'time_iter': 1.7308, 'accuracy': 0.983, 'precision': 0.7037, 'recall': 0.2346, 'f1': 0.3519, 'auc': 0.8142}
train: {'epoch': 87, 'eta': 138993.6454, 'loss': 0.0936, 'lr': 0.001, 'params': 870602, 'time_iter': 10.9475, 'accuracy': 0.9733, 'precision': 0.7993, 'recall': 0.3815, 'f1': 0.5165, 'auc': 0.9052}
val: {'epoch': 88, 'loss': 0.0844, 'lr': 0.001, 'params': 870602, 'time_iter': 1.8541, 'accuracy': 0.9832, 'precision': 0.8333, 'recall': 0.1852, 'f1': 0.303, 'auc': 0.8167}
train: {'epoch': 88, 'eta': 127386.4335, 'loss': 0.095, 'lr': 0.001, 'params': 870602, 'time_iter': 11.0645, 'accuracy': 0.9718, 'precision': 0.7521, 'recall': 0.3669, 'f1': 0.4932, 'auc': 0.9038}
val: {'epoch': 89, 'loss': 0.0858, 'lr': 0.001, 'params': 870602, 'time_iter': 1.7956, 'accuracy': 0.9827, 'precision': 0.7083, 'recall': 0.2099, 'f1': 0.3238, 'auc': 0.8157}
train: {'epoch': 89, 'eta': 115767.5462, 'loss': 0.094, 'lr': 0.001, 'params': 870602, 'time_iter': 10.9192, 'accuracy': 0.9722, 'precision': 0.7719, 'recall': 0.3653, 'f1': 0.4959, 'auc': 0.9077}
val: {'epoch': 90, 'loss': 0.087, 'lr': 0.001, 'params': 870602, 'time_iter': 1.8976, 'accuracy': 0.9827, 'precision': 0.75, 'recall': 0.1852, 'f1': 0.297, 'auc': 0.8285}
train: {'epoch': 90, 'eta': 104220.9638, 'loss': 0.0945, 'lr': 0.001, 'params': 870602, 'time_iter': 11.547, 'accuracy': 0.9717, 'precision': 0.7645, 'recall': 0.3531, 'f1': 0.4831, 'auc': 0.9092}
val: {'epoch': 91, 'loss': 0.0867, 'lr': 0.001, 'params': 870602, 'time_iter': 1.8372, 'accuracy': 0.982, 'precision': 0.6522, 'recall': 0.1852, 'f1': 0.2885, 'auc': 0.8234}
train: {'epoch': 91, 'eta': 92666.0175, 'loss': 0.0925, 'lr': 0.001, 'params': 870602, 'time_iter': 11.5349, 'accuracy': 0.9723, 'precision': 0.7823, 'recall': 0.3588, 'f1': 0.4919, 'auc': 0.9126}
val: {'epoch': 92, 'loss': 0.0859, 'lr': 0.001, 'params': 870602, 'time_iter': 2.0548, 'accuracy': 0.983, 'precision': 0.7895, 'recall': 0.1852, 'f1': 0.3, 'auc': 0.821}
train: {'epoch': 92, 'eta': 81071.4868, 'loss': 0.0926, 'lr': 0.001, 'params': 870602, 'time_iter': 11.1112, 'accuracy': 0.9723, 'precision': 0.7628, 'recall': 0.3758, 'f1': 0.5035, 'auc': 0.9098}
val: {'epoch': 93, 'loss': 0.0878, 'lr': 0.001, 'params': 870602, 'time_iter': 1.9287, 'accuracy': 0.9832, 'precision': 0.8, 'recall': 0.1975, 'f1': 0.3168, 'auc': 0.8098}
train: {'epoch': 93, 'eta': 69519.7883, 'loss': 0.0918, 'lr': 0.001, 'params': 870602, 'time_iter': 11.7111, 'accuracy': 0.9723, 'precision': 0.7785, 'recall': 0.3653, 'f1': 0.4972, 'auc': 0.9151}
val: {'epoch': 94, 'loss': 0.0916, 'lr': 0.001, 'params': 870602, 'time_iter': 1.748, 'accuracy': 0.9813, 'precision': 0.625, 'recall': 0.1235, 'f1': 0.2062, 'auc': 0.8275}
train: {'epoch': 94, 'eta': 57928.4609, 'loss': 0.0913, 'lr': 0.001, 'params': 870602, 'time_iter': 11.1734, 'accuracy': 0.9728, 'precision': 0.7857, 'recall': 0.375, 'f1': 0.5077, 'auc': 0.9155}
val: {'epoch': 95, 'loss': 0.093, 'lr': 0.001, 'params': 870602, 'time_iter': 2.1986, 'accuracy': 0.9837, 'precision': 0.9375, 'recall': 0.1852, 'f1': 0.3093, 'auc': 0.8251}
train: {'epoch': 95, 'eta': 46345.3202, 'loss': 0.0926, 'lr': 0.001, 'params': 870602, 'time_iter': 11.3187, 'accuracy': 0.9716, 'precision': 0.75, 'recall': 0.3628, 'f1': 0.4891, 'auc': 0.9159}
val: {'epoch': 96, 'loss': 0.0879, 'lr': 0.001, 'params': 870602, 'time_iter': 1.8777, 'accuracy': 0.983, 'precision': 0.7619, 'recall': 0.1975, 'f1': 0.3137, 'auc': 0.8207}
train: {'epoch': 96, 'eta': 34766.615, 'loss': 0.0905, 'lr': 0.001, 'params': 870602, 'time_iter': 11.4994, 'accuracy': 0.9731, 'precision': 0.7868, 'recall': 0.3864, 'f1': 0.5182, 'auc': 0.9177}
val: {'epoch': 97, 'loss': 0.0901, 'lr': 0.001, 'params': 870602, 'time_iter': 1.7832, 'accuracy': 0.9827, 'precision': 0.7778, 'recall': 0.1728, 'f1': 0.2828, 'auc': 0.8178}
train: {'epoch': 97, 'eta': 23173.326, 'loss': 0.0913, 'lr': 0.001, 'params': 870602, 'time_iter': 11.0519, 'accuracy': 0.9724, 'precision': 0.7768, 'recall': 0.3701, 'f1': 0.5014, 'auc': 0.9179}
val: {'epoch': 98, 'loss': 0.0907, 'lr': 0.001, 'params': 870602, 'time_iter': 2.0132, 'accuracy': 0.9837, 'precision': 1.0, 'recall': 0.1728, 'f1': 0.2947, 'auc': 0.8275}
train: {'epoch': 98, 'eta': 11586.456, 'loss': 0.0916, 'lr': 0.001, 'params': 870602, 'time_iter': 11.2402, 'accuracy': 0.9727, 'precision': 0.785, 'recall': 0.3734, 'f1': 0.5061, 'auc': 0.9154}
val: {'epoch': 99, 'loss': 0.0901, 'lr': 0.001, 'params': 870602, 'time_iter': 2.0031, 'accuracy': 0.9813, 'precision': 0.5625, 'recall': 0.2222, 'f1': 0.3186, 'auc': 0.8205}
train: {'epoch': 99, 'eta': 0.0, 'loss': 0.0899, 'lr': 0.001, 'params': 870602, 'time_iter': 11.3893, 'accuracy': 0.9727, 'precision': 0.7783, 'recall': 0.3791, 'f1': 0.5098, 'auc': 0.9211}
test: {'epoch': 99, 'loss': 0.1673, 'lr': 0.001, 'params': 870602, 'time_iter': 1.6927, 'accuracy': 0.9689, 'precision': 0.5263, 'recall': 0.1538, 'f1': 0.2381, 'auc': 0.7453}
test: {'epoch': 76, 'loss': 0.1648, 'lr': 0.001, 'params': 870602, 'time_iter': 1.6605, 'accuracy': 0.9669, 'precision': 0.2, 'recall': 0.0154, 'f1': 0.0286, 'auc': 0.7609}
